0.0,2
0.01,3
0.02,4
0.03,4
0.04,5
0.05,6
0.06,8
0.07,10
0.08,10
0.09,11
0.1,12
0.11,13
0.12,15
0.13,16
0.14,16
0.15,18
0.16,20
0.17,22
0.18,22
0.19,24
0.2,25
0.21,27
0.22,27
0.23,28
0.24,29
0.25,30
0.26,32
0.27,32
0.28,33
0.29,35
0.3,37
0.31,39
0.32,40
0.33,41
0.34,41
0.35,42
0.36,44
0.37,44
0.38,45
0.39,47
0.4,48
0.41,48
0.42,50
0.43,51
0.44,51
0.45,53
0.46,55
0.47,57
0.48,57
0.49,58
0.5,60
0.51,60
0.52,62
0.53,63
0.54,65
0.55,65
0.56,67
0.57,69
0.58,71
0.59,72
0.6,72
0.61,73
0.62,75
0.63,77
0.64,77
0.65,78
0.66,80
0.67,82
0.68,83
0.69,84
0.7,84
0.71,86
0.72,88
0.73,87
0.74,89
0.75,91
0.76,92
0.77,92
0.78,94
0.79,95
0.8,96
0.81,96
0.82,98
0.83,100
0.84,101
0.85,102
0.86,104
0.87,104
0.88,106
0.89,107
0.9,107
0.91,109
0.92,111
0.93,108
0.94,112
0.95,113
0.96,114
0.97,116
0.98,118
0.99,119
1.0,120
1.01,122
1.02,123
1.03,124
1.04,125
1.05,126
1.06,128
1.07,121
1.08,130
1.09,131
1.1,131
1.11,132
1.12,134
1.13,135
1.14,135
1.15,137
1.16,137
1.17,139
1.18,140
1.19,141
1.2,142
1.21,142
1.22,144
1.23,144
1.24,145
1.25,146
1.26,146
1.27,148
1.28,148
1.29,149
1.3,151
1.31,144
1.32,153
1.33,155
1.34,157
1.35,157
1.36,41
1.37,160
1.38,162
1.39,164
1.4,164
1.41,166
1.42,167
1.43,161
1.44,169
1.45,171
1.46,161
1.47,173
1.48,174
1.49,174
1.5,176
1.51,176
1.52,178
1.53,180
1.54,177
1.55,181
1.56,183
1.57,184
1.58,184
1.59,186
1.6,188
1.61,183
1.62,190
1.63,188
1.64,192
1.65,191
1.66,194
1.67,196
1.68,196
1.69,197
1.7,195
1.71,199
1.72,201
1.73,117
1.74,203
1.75,203
1.76,202
1.77,206
1.78,207
1.79,205
1.8,208
1.81,209
1.82,210
1.83,208
1.84,212
1.85,214
1.86,215
1.87,216
1.88,213
1.89,220
1.9,222
1.91,223
1.92,224
1.93,223
1.94,214
1.95,228
1.96,229
1.97,229
1.98,230
1.99,229
2.0,221
2.01,236
2.02,237
2.03,238
2.04,236
2.05,232
2.06,241
2.07,243
2.08,244
2.09,242
2.1,220
2.11,247
2.12,248
2.13,249
2.14,247
2.15,251
2.16,252
2.17,254
2.18,253
2.19,256
2.2,257
2.21,257
2.22,251
2.23,260
2.24,261
2.25,259
2.26,263
2.27,265
2.28,264
2.29,267
2.3,268
2.31,269
2.32,269
2.33,272
2.34,273
2.35,270
2.36,252
2.37,276
2.38,278
2.39,279
2.4,279
2.41,277
2.42,283
2.43,285
2.44,283
2.45,285
2.46,284
2.47,288
2.48,288
2.49,288
2.5,285
2.51,291
2.52,292
2.53,290
2.54,294
2.55,295
2.56,295
2.57,279
2.58,298
2.59,299
2.6,297
2.61,301
2.62,302
2.63,303
2.64,305
2.65,306
2.66,304
2.67,308
2.68,309
2.69,309
2.7,216
2.71,313
2.72,312
2.73,315
2.74,316
2.75,317
2.76,297
2.77,321
2.78,320
2.79,315
2.8,324
2.81,324
2.82,324
2.83,318
2.84,328
2.85,329
2.86,328
2.87,326
2.88,333
2.89,333
2.9,334
2.91,332
2.92,314
2.93,338
2.94,339
2.95,333
2.96,342
2.97,343
2.98,344
2.99,320
3.0,347
3.01,348
3.02,348
3.03,348
3.04,344
3.05,353
3.06,353
3.07,355
3.08,354
3.09,349
3.1,359
3.11,359
3.12,361
3.13,361
3.14,356
3.15,366
3.16,367
3.17,369
3.18,368
3.19,372
3.2,373
3.21,365
3.22,375
3.23,375
3.24,378
3.25,378
3.26,373
3.27,380
3.28,381
3.29,379
3.3,383
3.31,384
3.32,381
3.33,387
3.34,387
3.35,384
3.36,391
3.37,391
3.38,385
3.39,393
3.4,388
3.41,396
3.42,397
3.43,399
3.44,399
3.45,398
3.46,391
3.47,404
3.48,405
3.49,404
3.5,407
3.51,408
3.52,410
3.53,409
3.54,382
3.55,414
3.56,414
3.57,414
3.58,390
3.59,420
3.6,420
3.61,419
3.62,410
3.63,425
3.64,424
3.65,426
3.66,427
3.67,424
3.68,399
3.69,433
3.7,432
3.71,434
3.72,434
3.73,425
3.74,440
3.75,439
3.76,439
3.77,404
3.78,444
3.79,444
3.8,441
3.81,448
3.82,447
3.83,446
3.84,439
3.85,11
3.86,454
3.87,452
3.88,452
3.89,441
3.9,459
3.91,458
3.92,457
3.93,463
3.94,461
3.95,462
3.96,453
3.97,467
3.98,466
3.99,465
4.0,463
4.01,472
4.02,471
4.03,470
4.04,468
4.05,477
4.06,479
4.07,476
4.08,481
4.09,483
4.1,481
4.11,479
4.12,486
4.13,487
4.14,485
4.15,485
4.16,471
4.17,490
4.18,483
4.19,494
4.2,490
4.21,452
4.22,494
4.23,492
4.24,498
4.25,495
4.26,480
4.27,499
4.28,498
4.29,504
4.3,499
4.31,506
4.32,504
4.33,504
4.34,501
4.35,511
4.36,509
4.37,509
4.38,505
4.39,516
4.4,514
4.41,500
4.42,519
4.43,518
4.44,517
4.45,151
4.46,521
4.47,523
4.48,521
4.49,509
4.5,530
4.51,530
4.52,528
4.53,528
4.54,533
4.55,531
4.56,525
4.57,537
4.58,535
4.59,534
4.6,505
4.61,537
4.62,536
4.63,542
4.64,540
4.65,534
4.66,545
4.67,541
4.68,547
4.69,543
4.7,525
4.71,550
4.72,549
4.73,546
4.74,250
4.75,552
4.76,550
4.77,556
4.78,552
4.79,510
4.8,559
4.81,558
4.82,556
4.83,515
4.84,560
4.85,560
4.86,541
4.87,566
4.88,565
4.89,563
4.9,548
4.91,571
4.92,569
4.93,569
4.94,556
4.95,577
4.96,575
4.97,574
4.98,571
4.99,291
5.0,582
5.01,581
5.02,580
5.03,568
5.04,588
5.05,586
5.06,586
5.07,586
5.08,593
5.09,593
5.1,592
5.11,592
5.12,592
5.13,578
5.14,209
5.15,602
5.16,601
5.17,602
5.18,602
5.19,596
5.2,543
5.21,611
5.22,612
5.23,610
5.24,610
5.25,609
5.26,589
5.27,619
5.28,620
5.29,618
5.3,619
5.31,618
5.32,602
5.33,627
5.34,627
5.35,626
5.36,626
5.37,627
5.38,622
5.39,541
5.4,636
5.41,635
5.42,634
5.43,635
5.44,636
5.45,617
5.46,644
5.47,643
5.48,643
5.49,642
5.5,618
5.51,651
5.52,648
5.53,650
5.54,649
5.55,649
5.56,625
5.57,659
5.58,657
5.59,654
5.6,650
5.61,621
5.62,666
5.63,663
5.64,663
5.65,658
5.66,124
5.67,671
5.68,667
5.69,667
5.7,631
5.71,675
5.72,674
5.73,671
5.74,288
5.75,680
5.76,675
5.77,510
5.78,683
5.79,680
5.8,653
5.81,688
5.82,683
5.83,680
5.84,166
5.85,691
5.86,687
5.87,676
5.88,691
5.89,689
5.9,664
5.91,698
5.92,697
5.93,695
5.94,702
5.95,699
5.96,697
5.97,550
5.98,706
5.99,702
6.0,709
6.01,706
6.02,693
6.03,711
6.04,709
6.05,704
6.06,337
6.07,717
6.08,715
6.09,713
6.1,261
6.11,720
6.12,718
6.13,698
6.14,728
6.15,725
6.16,723
6.17,696
6.18,732
6.19,728
6.2,721
6.21,736
6.22,734
6.23,731
6.24,679
6.25,741
6.26,737
6.27,718
6.28,745
6.29,742
6.3,740
6.31,708
6.32,750
6.33,749
6.34,748
6.35,743
6.36,601
6.37,757
6.38,755
6.39,753
6.4,746
6.41,337
6.42,763
6.43,761
6.44,760
6.45,757
6.46,310
6.47,771
6.48,769
6.49,770
6.5,768
6.51,747
6.52,779
6.53,775
6.54,775
6.55,774
6.56,740
6.57,785
6.58,782
6.59,781
6.6,780
6.61,746
6.62,792
6.63,789
6.64,789
6.65,773
6.66,525
6.67,797
6.68,795
6.69,793
6.7,788
6.71,471
6.72,804
6.73,803
6.74,802
6.75,797
6.76,811
6.77,808
6.78,806
6.79,790
6.8,817
6.81,812
6.82,794
6.83,814
6.84,803
6.85,195
6.86,818
6.87,815
6.88,777
6.89,824
6.9,819
6.91,811
6.92,831
6.93,823
6.94,768
6.95,832
6.96,826
6.97,820
6.98,650
6.99,836
7.0,832
7.01,830
7.02,823
7.03,791
7.04,844
7.05,838
7.06,836
7.07,825
7.08,851
7.09,850
7.1,845
7.11,846
7.12,845
7.13,843
7.14,812
7.15,861
7.16,859
7.17,856
7.18,855
7.19,854
7.2,815
7.21,871
7.22,864
7.23,861
7.24,862
7.25,846
7.26,60
7.27,876
7.28,871
7.29,868
7.3,826
7.31,885
7.32,878
7.33,877
7.34,875
7.35,842
7.36,892
7.37,884
7.38,882
7.39,878
7.4,217
7.41,894
7.42,888
7.43,866
7.44,896
7.45,891
7.46,887
7.47,629
7.48,901
7.49,891
7.5,872
7.51,47
7.52,901
7.53,897
7.54,887
7.55,916
7.56,906
7.57,902
7.58,888
7.59,920
7.6,907
7.61,852
7.62,910
7.63,898
7.64,572
7.65,921
7.66,911
7.67,928
7.68,918
7.69,917
7.7,900
7.71,933
7.72,923
7.73,922
7.74,861
7.75,927
7.76,922
7.77,900
7.78,242
7.79,937
7.8,934
7.81,933
7.82,931
7.83,514
7.84,938
7.85,897
7.86,946
7.87,927
7.88,947
7.89,943
7.9,937
7.91,279
7.92,953
7.93,947
7.94,941
7.95,876
7.96,961
7.97,952
7.98,924
7.99,964
8.0,956
8.01,952
8.02,902
8.03,966
8.04,959
8.05,932
8.06,972
8.07,963
8.08,938
8.09,972
8.1,965
8.11,918
8.12,976
8.13,968
8.14,925
8.15,978
8.16,972
8.17,956
8.18,989
8.19,976
8.2,954
8.21,984
8.22,974
8.23,923
8.24,988
8.25,981
8.26,953
8.27,993
8.28,985
8.29,964
8.3,1003
8.31,992
8.32,979
8.33,1007
8.34,998
8.35,990
8.36,968
8.37,1013
8.38,1002
8.39,999
8.4,976
8.41,602
8.42,1015
8.43,1009
8.44,1009
8.45,1002
8.46,974
8.47,1026
8.48,1019
8.49,1015
8.5,1012
8.51,975
8.52,1019
8.53,954
8.54,1021
8.55,1013
8.56,515
8.57,1028
8.58,1017
8.59,1000
8.6,1034
8.61,1027
8.62,1021
8.63,956
8.64,1039
8.65,1024
8.66,985
8.67,1042
8.68,1035
8.69,1006
8.7,1037
8.71,1024
8.72,1056
8.73,1041
8.74,1034
8.75,979
8.76,1056
8.77,1045
8.78,1042
8.79,1035
8.8,984
8.81,1065
8.82,1058
8.83,1051
8.84,1049
8.85,1042
8.86,978
8.87,1064
8.88,1053
8.89,1050
8.9,995
8.91,1072
8.92,1061
8.93,1055
8.94,898
8.95,1073
8.96,1065
8.97,1057
8.98,1019
8.99,1082
9.0,1071
9.01,1070
9.02,1067
9.03,1056
9.04,999
9.05,1086
9.06,1077
9.07,1072
9.08,1045
9.09,1097
9.1,1083
9.11,1079
9.12,1062
9.13,1101
9.14,1086
9.15,1079
9.16,1017
9.17,1102
9.18,1089
9.19,1073
9.2,1101
9.21,1087
9.22,1073
9.23,370
9.24,1106
9.25,1092
9.26,622
9.27,1102
9.28,1096
9.29,1048
9.3,1105
9.31,1086
9.32,1123
9.33,1107
9.34,1099
9.35,1122
9.36,1108
9.37,1098
9.38,546
9.39,1123
9.4,1113
9.41,1077
9.42,1133
9.43,1119
9.44,1108
9.45,660
9.46,1131
9.47,1114
9.48,818
9.49,1135
9.5,1125
9.51,1068
9.52,1138
9.53,1127
9.54,1067
9.55,1141
9.56,1127
9.57,530
9.58,1136
9.59,1129
9.6,1072
9.61,1146
9.62,1139
9.63,1132
9.64,1076
9.65,1159
9.66,1144
9.67,1132
9.68,1163
9.69,1149
9.7,1142
9.71,1099
9.72,1168
9.73,1153
9.74,1142
9.75,906
9.76,1165
9.77,1154
9.78,1131
9.79,1170
9.8,1157
9.81,1146
9.82,380
9.83,1173
9.84,1166
9.85,1163
9.86,1140
9.87,169
9.88,1167
9.89,1142
9.9,1083
9.91,1190
9.92,1174
9.93,1171
9.94,1149
9.95,1195
9.96,1184
9.97,1178
9.98,1163
9.99,1197
10.0,1182
10.01,1174
10.02,478
10.03,1195
10.04,1186
10.05,1168
10.06,1207
10.07,1191
10.08,1184
10.09,34
10.1,1192
10.11,1115
10.12,1195
10.13,1152
10.14,1206
10.15,1190
10.16,1147
10.17,1216
10.18,1200
10.19,1137
10.2,1204
10.21,1197
10.22,1215
10.23,1202
10.24,1225
10.25,1210
10.26,1201
10.27,1137
10.28,1221
10.29,1204
10.3,1171
10.31,1228
10.32,1215
10.33,1207
10.34,883
10.35,1228
10.36,1217
10.37,1205
10.38,279
10.39,1225
10.4,1220
10.41,1213
10.42,1174
10.43,1248
10.44,1243
10.45,1232
10.46,1231
10.47,1223
10.48,1151
10.49,1257
10.5,1247
10.51,1237
10.52,1228
10.53,609
10.54,1242
10.55,1238
10.56,1230
10.57,1192
10.58,1268
10.59,1248
10.6,1237
10.61,1164
10.62,1261
10.63,1247
10.64,1226
10.65,1275
10.66,1255
10.67,1244
10.68,1181
10.69,1258
10.7,1245
10.71,1281
10.72,1260
10.73,1248
10.74,376
10.75,1262
10.76,1237
10.77,1288
10.78,1267
10.79,1241
10.8,1291
10.81,1269
10.82,1258
10.83,475
10.84,1274
10.85,1220
10.86,1285
10.87,1249
10.88,1299
10.89,1273
10.9,1222
10.91,1298
10.92,1275
10.93,1246
10.94,1305
10.95,1283
10.96,1272
10.97,438
10.98,1287
10.99,1276
11.0,1201
11.01,1304
11.02,1285
11.03,1251
11.04,1316
11.05,1294
11.06,1282
11.07,712
11.08,1303
11.09,1286
11.1,1258
11.11,1320
11.12,1301
11.13,1287
11.14,180
11.15,1310
11.16,1293
11.17,1234
11.18,1319
11.19,1296
11.2,1264
11.21,1335
11.22,1312
11.23,1299
11.24,619
11.25,1328
11.26,1312
11.27,1294
11.28,559
11.29,1320
11.3,1312
11.31,1279
11.32,1346
11.33,1335
11.34,1321
11.35,1309
11.36,1247
11.37,1345
11.38,1330
11.39,1311
11.4,344
11.41,1353
11.42,1334
11.43,1328
11.44,1319
11.45,1257
11.46,1354
11.47,1338
11.48,1326
11.49,1300
11.5,409
11.51,1364
11.52,1347
11.53,1340
11.54,1321
11.55,1378
11.56,1352
11.57,1336
11.58,1332
11.59,1289
11.6,1385
11.61,1374
11.62,1361
11.63,1345
11.64,545
11.65,1359
11.66,1303
11.67,1389
11.68,1367
11.69,1350
11.7,1285
11.71,1382
11.72,1366
11.73,1337
11.74,1403
11.75,1374
11.76,1352
11.77,488
11.78,1385
11.79,1370
11.8,1317
11.81,1402
11.82,1378
11.83,1353
11.84,1413
11.85,1386
11.86,1369
11.87,1248
11.88,1397
11.89,1373
11.9,1308
11.91,1411
11.92,1393
11.93,1375
11.94,1255
11.95,1421
11.96,1398
11.97,1382
11.98,1340
11.99,1432
12.0,1412
12.01,1398
12.02,1366
12.03,204
12.04,1424
12.05,1406
12.06,1387
12.07,899
12.08,1437
12.09,1414
12.1,1396
12.11,1248
12.12,1444
12.13,1419
12.14,1413
12.15,1396
12.16,1256
12.17,1446
12.18,1422
12.19,1413
12.2,1398
12.21,760
12.22,1439
12.23,1423
12.24,1408
12.25,1345
12.26,1451
12.27,1429
12.28,1406
12.29,717
12.3,1448
12.31,1429
12.32,1390
12.33,1466
12.34,1439
12.35,1422
12.36,1300
12.37,1441
12.38,1403
12.39,57
12.4,1460
12.41,1439
12.42,1477
12.43,1446
12.44,1429
12.45,1376
12.46,1479
12.47,1451
12.48,1435
12.49,1395
12.5,1455
12.51,1432
12.52,1468
12.53,1439
12.54,1363
12.55,1481
12.56,1460
12.57,1442
12.58,1398
12.59,1494
12.6,1465
12.61,1418
12.62,1484
12.63,1456
12.64,1497
12.65,1469
12.66,1501
12.67,1472
12.68,1431
12.69,1497
12.7,1455
12.71,870
12.72,1494
12.73,1443
12.74,1509
12.75,1493
12.76,1475
12.77,1440
12.78,1512
12.79,1484
12.8,1466
12.81,1394
12.82,1499
12.83,1466
12.84,621
12.85,1498
12.86,1474
12.87,753
12.88,1495
12.89,1475
12.9,594
12.91,1497
12.92,1474
12.93,1520
12.94,1493
12.95,1458
12.96,1526
12.97,1498
12.98,1469
12.99,1534
13.0,1505
13.01,1476
13.02,245
13.03,1511
13.04,1491
13.05,1213
13.06,1519
13.07,1492
13.08,624
13.09,1529
13.1,1507
13.11,1454
13.12,1541
13.13,1509
13.14,1458
13.15,1540
13.16,1515
13.17,1481
13.18,1553
13.19,1525
13.2,1505
13.21,1450
13.22,1549
13.23,1522
13.24,1485
13.25,1562
13.26,1536
13.27,1514
13.28,970
13.29,1549
13.3,1516
13.31,1272
13.32,1539
13.33,1520
13.34,1465
13.35,1563
13.36,1536
13.37,1507
13.38,187
13.39,1553
13.4,1536
13.41,1497
13.42,1578
13.43,1549
13.44,1530
13.45,1472
13.46,1577
13.47,1553
13.48,1533
13.49,1284
13.5,1585
13.51,1558
13.52,1550
13.53,1496
13.54,255
13.55,1582
13.56,1564
13.57,1544
13.58,1002
13.59,1598
13.6,1574
13.61,1564
13.62,1545
13.63,1397
13.64,1596
13.65,1576
13.66,1557
13.67,1497
13.68,1607
13.69,1583
13.7,1564
13.71,1515
13.72,1617
13.73,1586
13.74,1569
13.75,1513
13.76,1620
13.77,1589
13.78,1557
13.79,90
13.8,1596
13.81,1574
13.82,1099
13.83,1621
13.84,1598
13.85,1565
13.86,1633
13.87,1602
13.88,1591
13.89,983
13.9,1607
13.91,1571
13.92,1640
13.93,1613
13.94,1591
13.95,1542
13.96,1635
13.97,1611
13.98,1579
13.99,1648
14.0,1618
14.01,1595
14.02,1091
14.03,1634
14.04,1606
14.05,1567
14.06,1650
14.07,1620
14.08,1583
14.09,1659
14.1,1626
14.11,1600
14.12,1662
14.13,1634
14.14,1616
14.15,1559
14.16,1655
14.17,1623
14.18,1551
14.19,1656
14.2,1627
14.21,1571
14.22,1671
14.23,1639
14.24,1613
14.25,1301
14.26,1659
14.27,1635
14.28,1597
14.29,1680
14.3,1651
14.31,1639
14.32,1601
14.33,1684
14.34,1653
14.35,1633
14.36,1549
14.37,1685
14.38,1659
14.39,1633
14.4,996
14.41,1678
14.42,1653
14.43,1615
14.44,1701
14.45,1668
14.46,1646
14.47,1365
14.48,1690
14.49,1664
14.5,1632
14.51,163
14.52,1685
14.53,1655
14.54,1600
14.55,1702
14.56,1669
14.57,1626
14.58,1714
14.59,1681
14.6,1657
14.61,1400
14.62,1704
14.63,1675
14.64,1655
14.65,1610
14.66,1718
14.67,1668
14.68,1013
14.69,1694
14.7,1658
14.71,391
14.72,1690
14.73,1648
14.74,1698
14.75,1669
14.76,1734
14.77,1691
14.78,1601
14.79,1726
14.8,1696
14.81,1659
14.82,287
14.83,1718
14.84,1689
14.85,1623
14.86,1739
14.87,1705
14.88,1666
14.89,275
14.9,1717
14.91,1690
14.92,615
14.93,1725
14.94,1696
14.95,1064
14.96,1736
14.97,1699
14.98,1225
14.99,1744
15.0,1723
15.01,1703
15.02,1681
15.03,825
15.04,1758
15.05,1731
15.06,1700
15.07,1239
15.08,1758
15.09,1725
15.1,1683
15.11,606
15.12,1762
15.13,1742
15.14,1724
15.15,1689
15.16,686
15.17,1770
15.18,1736
15.19,1695
15.2,809
15.21,1772
15.22,1745
15.23,1717
15.24,1528
15.25,1777
15.26,1743
15.27,1704
15.28,630
15.29,1763
15.3,1746
15.31,1707
15.32,1797
15.33,1767
15.34,1740
15.35,1093
15.36,1777
15.37,1743
15.38,1049
15.39,1786
15.4,1747
15.41,1519
15.42,1775
15.43,1744
15.44,1133
15.45,1805
15.46,1774
15.47,1744
15.48,489
15.49,1788
15.5,1758
15.51,1719
15.52,1819
15.53,1785
15.54,1700
15.55,1810
15.56,1783
15.57,1741
15.58,1826
15.59,1794
15.6,1744
15.61,1830
15.62,1791
15.63,1737
15.64,1822
15.65,1782
15.66,1244
15.67,1807
15.68,1755
15.69,1834
15.7,1792
15.71,1691
15.72,1806
15.73,1751
15.74,1842
15.75,1797
15.76,1681
15.77,1808
15.78,1706
15.79,1810
15.8,1711
15.81,1811
15.82,1757
15.83,1846
15.84,1808
15.85,1747
15.86,1846
15.87,1809
15.88,1750
15.89,1855
15.9,1820
15.91,1763
15.92,179
15.93,1837
15.94,1812
15.95,1756
15.96,1864
15.97,1833
15.98,1802
15.99,1719
16.0,1860
16.01,1825
16.02,1748
16.03,1858
16.04,1812
16.05,1182
16.06,1857
16.07,1816
16.08,1217
16.09,1867
16.1,1838
16.11,1796
16.12,412
16.13,1864
16.14,1839
16.15,1791
16.16,1879
16.17,1850
16.18,1824
16.19,1430
16.2,1877
16.21,1845
16.22,1770
16.23,1885
16.24,1851
16.25,1796
16.26,1896
16.27,1862
16.28,1807
16.29,1477
16.3,1900
16.31,1872
16.32,1849
16.33,1811
16.34,1301
16.35,1902
16.36,1873
16.37,1841
16.38,1537
16.39,1904
16.4,1875
16.41,1817
16.42,479
16.43,1902
16.44,1876
16.45,1817
16.46,40
16.47,1889
16.48,1846
16.49,610
16.5,1910
16.51,1868
16.52,1208
16.53,1904
16.54,1863
16.55,1777
16.56,1925
16.57,1891
16.58,1829
16.59,1938
16.6,1903
16.61,1823
16.62,1904
16.63,1826
16.64,1915
16.65,1651
16.66,1892
16.67,1932
16.68,1826
16.69,1904
16.7,45
16.71,1899
16.72,1442
16.73,1931
16.74,1896
16.75,1828
16.76,1952
16.77,1921
16.78,1888
16.79,1245
16.8,1943
16.81,1909
16.82,1841
16.83,1961
16.84,1924
16.85,1860
16.86,271
16.87,1934
16.88,1902
16.89,1569
16.9,1955
16.91,1925
16.92,1864
16.93,317
16.94,1953
16.95,1922
16.96,1852
16.97,1973
16.98,1941
16.99,1913
17.0,1858
17.01,553
17.02,1963
17.03,1930
17.04,1840
17.05,1978
17.06,1949
17.07,1929
17.08,414
17.09,1959
17.1,1931
17.11,1868
17.12,1990
17.13,1949
17.14,1871
17.15,1989
17.16,1951
17.17,1927
17.18,1857
17.19,1982
17.2,1947
17.21,1873
17.22,1999
17.23,1959
17.24,1886
17.25,2005
17.26,1972
17.27,1904
17.28,2012
17.29,1975
17.3,1896
17.31,1995
17.32,1948
17.33,1805
17.34,2011
17.35,1975
17.36,1903
17.37,2022
17.38,1987
17.39,1932
17.4,410
17.41,1989
17.42,1938
17.43,417
17.44,1993
17.45,1949
17.46,825
17.47,2001
17.48,1952
17.49,801
17.5,2021
17.51,1985
17.52,1904
17.53,2028
17.54,1988
17.55,1917
17.56,2042
17.57,2012
17.58,1976
17.59,1870
17.6,2031
17.61,1994
17.62,1913
17.63,2047
17.64,2011
17.65,1932
17.66,419
17.67,2035
17.68,1990
17.69,1900
17.7,2045
17.71,2004
17.72,1900
17.73,2051
17.74,2010
17.75,1928
17.76,2059
17.77,2012
17.78,1868
17.79,2049
17.8,1987
17.81,519
17.82,2048
17.83,2000
17.84,686
17.85,2050
17.86,2014
17.87,1933
17.88,2075
17.89,2039
17.9,1980
17.91,925
17.92,2064
17.93,2033
17.94,1989
17.95,1026
17.96,2058
17.97,1994
17.98,1215
17.99,2082
18.0,2047
18.01,1980
18.02,482
18.03,2061
18.04,2028
18.05,1927
18.06,2094
18.07,2050
18.08,1983
18.09,2085
18.1,2009
18.11,1932
18.12,2103
18.13,2071
18.14,2034
18.15,1136
18.16,2100
18.17,2062
18.18,1974
18.19,2111
18.2,2066
18.21,1977
18.22,2120
18.23,2075
18.24,1997
18.25,172
18.26,2093
18.27,2052
18.28,1799
18.29,2126
18.3,2091
18.31,2029
18.32,500
18.33,2102
18.34,2059
18.35,1963
18.36,2138
18.37,2107
18.38,2070
18.39,2007
18.4,469
18.41,2124
18.42,2096
18.43,2028
18.44,1976
18.45,2151
18.46,2103
18.47,2053
18.48,1911
18.49,2148
18.5,2119
18.51,2086
18.52,1986
18.53,2161
18.54,2129
18.55,2099
18.56,2016
18.57,2167
18.58,2128
18.59,2080
18.6,1992
18.61,2171
18.62,2144
18.63,2046
18.64,140
18.65,2149
18.66,2121
18.67,2056
18.68,1974
18.69,2175
18.7,2139
18.71,2064
18.72,570
18.73,2154
18.74,2110
18.75,2014
18.76,2191
18.77,2159
18.78,2133
18.79,2042
18.8,2173
18.81,2152
18.82,2111
18.83,1987
18.84,2192
18.85,2159
18.86,2115
18.87,1500
18.88,2193
18.89,2155
18.9,2076
18.91,602
18.92,2188
18.93,2152
18.94,2059
18.95,2198
18.96,2128
18.97,1333
18.98,2200
18.99,2162
19.0,2085
19.01,2217
19.02,2181
19.03,2137
19.04,772
19.05,2199
19.06,2149
19.07,2063
19.08,2225
19.09,2187
19.1,2113
19.11,714
19.12,2216
19.13,2177
19.14,2079
19.15,2240
19.16,2205
19.17,2145
19.18,565
19.19,2210
19.2,2147
19.21,330
19.22,2208
19.23,2124
19.24,1025
19.25,2231
19.26,2173
19.27,2040
19.28,2243
19.29,2203
19.3,2117
19.31,350
19.32,2226
19.33,2182
19.34,2083
19.35,2255
19.36,2212
19.37,2120
19.38,85
19.39,2228
19.4,2185
19.41,1569
19.42,2260
19.43,2220
19.44,2127
19.45,2276
19.46,2233
19.47,2140
19.48,2279
19.49,2239
19.5,2197
19.51,1198
19.52,2276
19.53,2245
19.54,2207
19.55,2116
19.56,2290
19.57,2253
19.58,2223
19.59,2133
19.6,621
19.61,2284
19.62,2251
19.63,2212
19.64,2083
19.65,2301
19.66,2280
19.67,2256
19.68,2223
19.69,2108
19.7,2283
19.71,2212
19.72,2299
19.73,2237
19.74,2145
19.75,2309
19.76,2186
19.77,2315
19.78,2275
19.79,2164
19.8,2317
19.81,2272
19.82,2152
19.83,2320
19.84,2269
19.85,2171
19.86,2323
19.87,2271
19.88,2157
19.89,2313
19.9,2265
19.91,1956
19.92,2315
19.93,2285
19.94,2247
19.95,2158
19.96,2337
19.97,2300
19.98,2256
19.99,2170
20.0,155
20.01,2263
20.02,2344
20.03,2300
20.04,2260
20.05,1995
20.06,2338
20.07,2295
20.08,2214
20.09,1262
20.1,2342
20.11,2299
20.12,2211
20.13,2358
20.14,2315
20.15,2274
20.16,2185
20.17,216
20.18,2342
20.19,2313
20.2,2269
20.21,2050
20.22,2366
20.23,2327
20.24,2289
20.25,2186
20.26,305
20.27,2353
20.28,2320
20.29,2256
20.3,1253
20.31,2366
20.32,2333
20.33,2272
20.34,2201
20.35,2385
20.36,2346
20.37,2302
20.38,2038
20.39,2368
20.4,2331
20.41,2237
20.42,2390
20.43,2337
20.44,2261
20.45,1351
20.46,2361
20.47,2324
20.48,2237
20.49,71
20.5,2358
20.51,2250
20.52,2386
20.53,2307
20.54,467
20.55,2381
20.56,2341
20.57,1619
20.58,2372
20.59,2326
20.6,1910
20.61,2374
20.62,2325
20.63,2399
20.64,2330
20.65,2043
20.66,2393
20.67,2255
20.68,2394
20.69,2345
20.7,1973
20.71,2405
20.72,2355
20.73,2036
20.74,2405
20.75,2341
20.76,1583
20.77,2408
20.78,2363
20.79,2178
20.8,2416
20.81,2372
20.82,2256
20.83,2429
20.84,2374
20.85,2045
20.86,2423
20.87,2374
20.88,2264
20.89,2444
20.9,2394
20.91,2288
20.92,2445
20.93,2403
20.94,2357
20.95,558
20.96,2419
20.97,2365
20.98,1596
20.99,2433
21.0,2378
21.01,2058
21.02,2448
21.03,2414
21.04,2383
21.05,2278
21.06,2462
21.07,2416
21.08,2330
21.09,188
21.1,2421
21.11,2310
21.12,2475
21.13,2422
21.14,2331
21.15,876
21.16,2456
21.17,2415
21.18,2333
21.19,493
21.2,2421
21.21,2321
21.22,2482
21.23,2433
21.24,2392
21.25,1151
21.26,2475
21.27,2431
21.28,2343
21.29,620
21.3,2453
21.31,2429
21.32,2361
21.33,1337
21.34,2485
21.35,2446
21.36,2377
21.37,1151
21.38,2482
21.39,2437
21.4,2359
21.41,1966
21.42,2510
21.43,2463
21.44,2382
21.45,2507
21.46,2459
21.47,1867
21.48,2494
21.49,2445
21.5,2332
21.51,2520
21.52,2472
21.53,2425
21.54,1839
21.55,2514
21.56,2450
21.57,220
21.58,2467
21.59,2339
21.6,2531
21.61,2436
21.62,2533
21.63,2484
21.64,2407
21.65,197
21.66,2487
21.67,2384
21.68,2535
21.69,2470
21.7,2349
21.71,2543
21.72,2488
21.73,2394
21.74,2547
21.75,2498
21.76,2425
21.77,926
21.78,2524
21.79,2481
21.8,2400
21.81,2556
21.82,2511
21.83,2460
21.84,2186
21.85,2548
21.86,2503
21.87,2415
21.88,683
21.89,2533
21.9,2486
21.91,2317
21.92,2556
21.93,2513
21.94,2443
21.95,1038
21.96,2546
21.97,2498
21.98,2418
21.99,2579
22.0,2542
22.01,2504
22.02,2423
22.03,482
22.04,2547
22.05,2501
22.06,2382
22.07,2584
22.08,2533
22.09,2487
22.1,2586
22.11,2514
22.12,2403
22.13,2590
22.14,2545
22.15,2511
22.16,1691
22.17,2571
22.18,2522
22.19,2437
22.2,221
22.21,2558
22.22,2523
22.23,2436
22.24,2608
22.25,2557
22.26,2497
22.27,2611
22.28,2550
22.29,2455
22.3,456
22.31,2578
22.32,2515
22.33,2410
22.34,2615
22.35,2569
22.36,2521
22.37,1988
22.38,2595
22.39,2521
22.4,1135
22.41,2574
22.42,2476
22.43,2577
22.44,2501
22.45,515
22.46,2579
22.47,2472
22.48,2629
22.49,2572
22.5,2505
22.51,2637
22.52,2578
22.53,2478
22.54,2636
22.55,2572
22.56,2476
22.57,2642
22.58,2585
22.59,2494
22.6,197
22.61,2591
22.62,2485
22.63,2649
22.64,2591
22.65,2473
22.66,2649
22.67,2591
22.68,2468
22.69,2656
22.7,2602
22.71,2544
22.72,723
22.73,2611
22.74,2530
22.75,675
22.76,2613
22.77,2549
22.78,937
22.79,2617
22.8,2561
22.81,740
22.82,2624
22.83,2564
22.84,835
22.85,2617
22.86,2532
22.87,96
22.88,2623
22.89,2573
22.9,2019
22.91,2666
22.92,2604
22.93,2462
22.94,2658
22.95,2616
22.96,2532
22.97,2688
22.98,2631
22.99,2522
23.0,549
23.01,2655
23.02,2584
23.03,2240
23.04,2694
23.05,2646
23.06,2614
23.07,2540
23.08,2029
23.09,2704
23.1,2654
23.11,2625
23.12,2543
23.13,1551
23.14,2693
23.15,2649
23.16,2606
23.17,2520
23.18,569
23.19,2692
23.2,2659
23.21,2611
23.22,2501
23.23,471
23.24,2693
23.25,2604
23.26,2725
23.27,2647
23.28,2560
23.29,2709
23.3,2622
23.31,1961
23.32,2706
23.33,2626
23.34,1956
23.35,2710
23.36,2633
23.37,1896
23.38,2709
23.39,2636
23.4,2205
23.41,2727
23.42,2677
23.43,2579
23.44,306
23.45,2693
23.46,2637
23.47,2229
23.48,2746
23.49,2691
23.5,2611
23.51,1616
23.52,2743
23.53,2702
23.54,2665
23.55,2540
23.56,2765
23.57,2713
23.58,2675
23.59,2568
23.6,469
23.61,2733
23.62,2685
23.63,2556
23.64,2776
23.65,2738
23.66,2697
23.67,2597
23.68,2780
23.69,2722
23.7,2670
23.71,1973
23.72,2756
23.73,2693
23.74,2428
23.75,2772
23.76,2706
23.77,2532
23.78,2762
23.79,2696
23.8,2076
23.81,2754
23.82,2692
23.83,2058
23.84,2737
23.85,2679
23.86,2800
23.87,2741
23.88,2351
23.89,2749
23.9,2704
23.91,2536
23.92,2797
23.93,2722
23.94,2577
23.95,2805
23.96,2746
23.97,2647
23.98,282
23.99,2754
24.0,2637
24.01,392
24.02,2763
24.03,2711
24.04,2343
24.05,2817
24.06,2756
24.07,2621
24.08,2821
24.09,2762
24.1,2658
24.11,2811
24.12,2710
24.13,165
24.14,2767
24.15,2649
24.16,2832
24.17,2767
24.18,2674
24.19,548
24.2,2717
24.21,2818
24.22,2670
24.23,2829
24.24,2753
24.25,2618
24.26,2821
24.27,2745
24.28,1178
24.29,2786
24.3,2676
24.31,2843
24.32,2773
24.33,2422
24.34,2822
24.35,2755
24.36,2165
24.37,2814
24.38,2733
24.39,1445
24.4,2803
24.41,2738
24.42,1961
24.43,2821
24.44,2762
24.45,2623
24.46,2852
24.47,2795
24.48,2693
24.49,927
24.5,2824
24.51,2764
24.52,2628
24.53,2867
24.54,2803
24.55,2678
24.56,2869
24.57,2805
24.58,2731
24.59,1521
24.6,2852
24.61,2811
24.62,2757
24.63,2323
24.64,168
24.65,2847
24.66,2800
24.67,2703
24.68,859
24.69,2858
24.7,2822
24.71,2757
24.72,882
24.73,2859
24.74,2827
24.75,2214
24.76,2888
24.77,2829
24.78,2713
24.79,111
24.8,2838
24.81,2783
24.82,2910
24.83,2837
24.84,2717
24.85,2866
24.86,2815
24.87,2701
24.88,1005
24.89,2881
24.9,2763
24.91,232
24.92,2850
24.93,2769
24.94,898
24.95,2867
24.96,2796
24.97,465
24.98,2817
24.99,919
25.0,2860
25.01,2713
25.02,2894
25.03,2802
25.04,2932
25.05,2859
25.06,2702
25.07,2931
25.08,2863
25.09,2781
25.1,838
25.11,2878
25.12,2798
25.13,1712
25.14,2919
25.15,2865
25.16,2714
25.17,2936
25.18,2863
25.19,2782
25.2,528
25.21,2886
25.22,2823
25.23,2128
25.24,2950
25.25,2871
25.26,2801
25.27,2067
25.28,2957
25.29,2892
25.3,2818
25.31,1212
25.32,2925
25.33,2870
25.34,2773
25.35,1659
25.36,2963
25.37,2904
25.38,2861
25.39,2749
25.4,434
25.41,2920
25.42,2855
25.43,2693
25.44,2979
25.45,2913
25.46,2841
25.47,2987
25.48,2919
25.49,2854
25.5,2264
25.51,2949
25.52,2886
25.53,2763
25.54,357
25.55,2944
25.56,2873
25.57,1129
25.58,2949
25.59,2831
25.6,1490
25.61,2963
25.62,2897
25.63,2514
25.64,3005
25.65,2907
25.66,1566
25.67,2938
25.68,2873
25.69,1084
25.7,2971
25.71,2864
25.72,907
25.73,2945
25.74,2829
25.75,3021
25.76,2945
25.77,2787
25.78,3011
25.79,2922
25.8,2326
25.81,2995
25.82,2919
25.83,1986
25.84,2984
25.85,2894
25.86,500
25.87,2965
25.88,2871
25.89,343
25.9,2965
25.91,2820
25.92,3034
25.93,2942
25.94,2073
25.95,2991
25.96,2874
25.97,3043
25.98,2957
25.99,2583
26.0,3007
26.01,2922
26.02,2545
26.03,3036
26.04,2972
26.05,2871
26.06,1249
26.07,3017
26.08,2965
26.09,2820
26.1,3063
26.11,2985
26.12,2913
26.13,1650
26.14,3033
26.15,2974
26.16,2922
26.17,2512
26.18,123
26.19,3022
26.2,2971
26.21,2892
26.22,2275
26.23,200
26.24,3039
26.25,2999
26.26,2941
26.27,2789
26.28,225
26.29,3008
26.3,2876
26.31,1958
26.32,3086
26.33,3022
26.34,2950
26.35,3089
26.36,3019
26.37,2845
26.38,3093
26.39,2927
26.4,3052
26.41,2846
26.42,3095
26.43,3000
26.44,2028
26.45,3038
26.46,2885
26.47,3082
26.48,2966
26.49,1299
26.5,3039
26.51,2970
26.52,1928
26.53,3059
26.54,2971
26.55,1277
26.56,3060
26.57,2939
26.58,29
26.59,3038
26.6,2868
26.61,3116
26.62,3040
26.63,2900
26.64,3120
26.65,3047
26.66,2923
26.67,911
26.68,3089
26.69,3050
26.7,2988
26.71,2405
26.72,3126
26.73,3064
26.74,3015
26.75,2914
26.76,1126
26.77,3114
26.78,3061
26.79,2986
26.8,1940
26.81,3140
26.82,3077
26.83,3047
26.84,2761
26.85,507
26.86,3115
26.87,3075
26.88,3013
26.89,2505
26.9,3157
26.91,3085
26.92,3015
26.93,2636
26.94,247
26.95,3099
26.96,3023
26.97,2290
26.98,3166
26.99,3092
27.0,3022
27.01,1127
27.02,3130
27.03,3041
27.04,2782
27.05,3155
27.06,3073
27.07,2943
27.08,429
27.09,3127
27.1,3060
27.11,1993
27.12,3052
27.13,3143
27.14,3080
27.15,2748
27.16,3192
27.17,3067
27.18,1304
27.19,3138
27.2,3059
27.21,2149
27.22,3116
27.23,2982
27.24,3174
27.25,3080
27.26,2281
27.27,3187
27.28,3120
27.29,3056
27.3,2294
27.31,3204
27.32,3130
27.33,3074
27.34,1274
27.35,3107
27.36,1841
27.37,3176
27.38,3121
27.39,3020
27.4,368
27.41,3141
27.42,3043
27.43,891
27.44,3148
27.45,3061
27.46,59
27.47,3141
27.48,2928
27.49,3225
27.5,3132
27.51,2730
27.52,3205
27.53,3084
27.54,3239
27.55,3090
27.56,3234
27.57,3091
27.58,3236
27.59,3115
27.6,265
27.61,3134
27.62,1020
27.63,3165
27.64,3054
27.65,3249
27.66,3159
27.67,2906
27.68,3242
27.69,3152
27.7,2935
27.71,3251
27.72,3173
27.73,3088
27.74,1183
27.75,3211
27.76,3137
27.77,2196
27.78,3232
27.79,3162
27.8,3078
27.81,1603
27.82,3237
27.83,3166
27.84,2896
27.85,3273
27.86,3206
27.87,3128
27.88,2921
27.89,3279
27.9,3194
27.91,3125
27.92,2507
27.93,91
27.94,3233
27.95,3171
27.96,3101
27.97,2038
27.98,3284
27.99,3215
28.0,3172
28.01,2424
28.02,502
28.03,3248
28.04,3195
28.05,3085
28.06,1034
28.07,3233
28.08,3174
28.09,3058
28.1,1285
28.11,3279
28.12,3217
28.13,3150
28.14,2642
28.15,3307
28.16,3252
28.17,3208
28.18,3146
28.19,3311
28.2,3201
28.21,3075
28.22,253
28.23,3236
28.24,3198
28.25,101
28.26,3241
28.27,3161
28.28,975
28.29,3276
28.3,3196
28.31,2425
28.32,3314
28.33,3244
28.34,3186
28.35,3089
28.36,1378
28.37,3311
28.38,3246
28.39,3142
28.4,3299
28.41,3208
28.42,2469
28.43,3312
28.44,3207
28.45,1253
28.46,3259
28.47,3154
28.48,419
28.49,3263
28.5,3173
28.51,1336
28.52,3308
28.53,3259
28.54,3109
28.55,545
28.56,3313
28.57,3264
28.58,3195
28.59,2906
28.6,465
28.61,3307
28.62,3259
28.63,3169
28.64,2065
28.65,3365
28.66,3314
28.67,3270
28.68,3179
28.69,1658
28.7,3359
28.71,3293
28.72,3257
28.73,3128
28.74,420
28.75,3320
28.76,3238
28.77,2710
28.78,3389
28.79,3296
28.8,3220
28.81,2230
28.82,3361
28.83,3293
28.84,3147
28.85,3397
28.86,3303
28.87,3227
28.88,2079
28.89,3351
28.9,3277
28.91,2538
28.92,3396
28.93,3307
28.94,2873
28.95,3398
28.96,3307
28.97,3169
28.98,916
28.99,3356
29.0,3302
29.01,2876
29.02,3323
29.03,3229
29.04,2082
29.05,3387
29.06,3291
29.07,3198
29.08,3417
29.09,3326
29.1,3225
29.11,822
29.12,3352
29.13,3255
29.14,1961
29.15,3377
29.16,3279
29.17,1837
29.18,3378
29.19,3274
29.2,2041
29.21,3383
29.22,3307
29.23,2836
29.24,3430
29.25,3313
29.26,2686
29.27,3414
29.28,3324
29.29,2306
29.3,3392
29.31,3305
29.32,2598
29.33,3441
29.34,3342
29.35,2895
29.36,3449
29.37,3350
29.38,3064
29.39,3452
29.4,3350
29.41,2915
29.42,3441
29.43,3330
29.44,2599
29.45,3444
29.46,3344
29.47,2935
29.48,3469
29.49,3369
29.5,3263
29.51,454
29.52,3415
29.53,3330
29.54,2869
29.55,3472
29.56,3377
29.57,3262
29.58,3470
29.59,3362
29.6,3014
29.61,24
29.62,3391
29.63,3309
29.64,2568
29.65,3455
29.66,3336
29.67,2265
29.68,3454
29.69,3365
29.7,2789
29.71,3494
29.72,3394
29.73,3265
29.74,1408
29.75,3475
29.76,3405
29.77,3318
29.78,2644
29.79,3510
29.8,3439
29.81,2757
29.82,3497
29.83,3390
29.84,2692
29.85,3503
29.86,3411
29.87,3296
29.88,783
29.89,3438
29.9,3322
29.91,436
29.92,3454
29.93,3362
29.94,2101
29.95,3471
29.96,3396
29.97,2890
29.98,3433
29.99,2852
30.0,3531
30.01,3433
30.02,3295
30.03,492
30.04,3440
30.05,3323
30.06,361
30.07,3428
30.08,2544
30.09,3487
30.1,3397
30.11,2142
30.12,3451
30.13,3359
30.14,1246
30.15,3464
30.16,3365
30.17,2393
30.18,3548
30.19,3418
30.2,3309
30.21,1167
30.22,3459
30.23,3358
30.24,552
30.25,3495
30.26,3348
30.27,1140
30.28,3503
30.29,3391
30.3,2103
30.31,3542
30.32,3447
30.33,3022
30.34,212
30.35,3498
30.36,3400
30.37,1770
30.38,3510
30.39,3420
30.4,2350
30.41,3579
30.42,3485
30.43,3415
30.44,2547
30.45,3581
30.46,3485
30.47,3419
30.48,3003
30.49,3568
30.5,3309
30.51,784
30.52,3539
30.53,3450
30.54,2243
30.55,3587
30.56,3489
30.57,3392
30.58,3610
30.59,3500
30.6,3289
30.61,3600
30.62,3493
30.63,1437
30.64,3505
30.65,3416
30.66,2433
30.67,3542
30.68,2798
30.69,3611
30.7,3518
30.71,3422
30.72,2007
30.73,3515
30.74,3388
30.75,3618
30.76,3510
30.77,3355
30.78,447
30.79,3523
30.8,3425
30.81,613
30.82,3526
30.83,3425
30.84,1130
30.85,3562
30.86,3439
30.87,937
30.88,3526
30.89,3405
30.9,787
30.91,3567
30.92,3489
30.93,2536
30.94,3582
30.95,3447
30.96,2041
30.97,3603
30.98,3494
30.99,2816
31.0,3608
31.01,3501
31.02,2948
31.03,3656
31.04,3539
31.05,3223
31.06,3649
31.07,3540
31.08,3206
31.09,3650
31.1,3526
31.11,2536
31.12,3612
31.13,3489
31.14,1621
31.15,3573
31.16,3450
31.17,567
31.18,3559
31.19,3239
31.2,3677
31.21,3558
31.22,2949
31.23,3657
31.24,3525
31.25,1981
31.26,3616
31.27,3481
31.28,1283
31.29,3601
31.3,3480
31.31,1536
31.32,3590
31.33,3456
31.34,634
31.35,3626
31.36,3557
31.37,3425
31.38,1340
31.39,3633
31.4,3565
31.41,3479
31.42,2675
31.43,3704
31.44,3632
31.45,3583
31.46,3366
31.47,1979
31.48,3691
31.49,3596
31.5,3500
31.51,2224
31.52,3699
31.53,3596
31.54,3337
31.55,173
31.56,3639
31.57,3557
31.58,2961
31.59,3723
31.6,3615
31.61,3572
31.62,3104
31.63,3618
31.64,3515
31.65,1289
31.66,3665
31.67,3581
31.68,2953
31.69,3717
31.7,3598
31.71,2746
31.72,3682
31.73,3558
31.74,1624
31.75,3634
31.76,3513
31.77,637
31.78,3637
31.79,3497
31.8,3749
31.81,3624
31.82,2955
31.83,3735
31.84,3612
31.85,2439
31.86,3741
31.87,3630
31.88,2932
31.89,3708
31.9,3577
31.91,2359
31.92,3730
31.93,3635
31.94,3232
31.95,37
31.96,3670
31.97,3595
31.98,3201
31.99,1057
32.0,3700
32.01,3598
32.02,2533
32.03,3728
32.04,3618
32.05,2827
32.06,3760
32.07,3650
32.08,3201
32.09,3782
32.1,3663
32.11,3528
32.12,749
32.13,3742
32.14,3667
32.15,3583
32.16,2890
32.17,3790
32.18,3694
32.19,3590
32.2,2399
32.21,3753
32.22,3647
32.23,3179
32.24,492
32.25,3715
32.26,3624
32.27,3018
32.28,3801
32.29,3690
32.3,3615
32.31,2868
32.32,3794
32.33,3687
32.34,3590
32.35,2409
32.36,3783
32.37,3681
32.38,2929
32.39,3753
32.4,3601
32.41,2144
32.42,3772
32.43,3599
32.44,1418
32.45,3748
32.46,3650
32.47,3013
32.48,3810
32.49,3698
32.5,3584
32.51,2288
32.52,3817
32.53,3710
32.54,3612
32.55,2561
32.56,3820
32.57,3726
32.58,3655
32.59,3822
32.6,3662
32.61,2958
32.62,3835
32.63,3714
32.64,3142
32.65,87
32.66,3731
32.67,3629
32.68,2517
32.69,3834
32.7,3726
32.71,3276
32.72,3766
32.73,3649
32.74,2656
32.75,3841
32.76,3733
32.77,3612
32.78,3823
32.79,3625
32.8,1238
32.81,3782
32.82,3640
32.83,2014
32.84,3793
32.85,3675
32.86,1721
32.87,3749
32.88,3326
32.89,3838
32.9,3677
32.91,2028
32.92,3783
32.93,3631
32.94,3852
32.95,3680
32.96,1520
32.97,3759
32.98,3288
32.99,3857
33.0,3709
33.01,2253
33.02,3795
33.03,3536
33.04,3883
33.05,3750
33.06,2954
33.07,3860
33.08,3738
33.09,2929
33.1,3851
33.11,3727
33.12,2778
33.13,3862
33.14,3734
33.15,2854
33.16,3879
33.17,3758
33.18,3257
33.19,3898
33.2,3773
33.21,3649
33.22,1102
33.23,3819
33.24,3723
33.25,2565
33.26,3864
33.27,3751
33.28,2953
33.29,3909
33.3,3789
33.31,3657
33.32,1159
33.33,3843
33.34,3736
33.35,2313
33.36,3876
33.37,3792
33.38,3666
33.39,1214
33.4,3850
33.41,3784
33.42,3661
33.43,1352
33.44,3847
33.45,3726
33.46,2692
33.47,381
33.48,3860
33.49,3793
33.5,3679
33.51,2085
33.52,3834
33.53,2481
33.54,3894
33.55,3732
33.56,2909
33.57,3941
33.58,3825
33.59,3749
33.6,3269
33.61,1318
33.62,3905
33.63,3827
33.64,962
33.65,3830
33.66,3444
33.67,3929
33.68,3733
33.69,585
33.7,3866
33.71,3732
33.72,1074
33.73,3875
33.74,3783
33.75,3018
33.76,219
33.77,3847
33.78,3740
33.79,2243
33.8,3925
33.81,3834
33.82,3370
33.83,1017
33.84,3896
33.85,3799
33.86,3117
33.87,1256
33.88,3936
33.89,3851
33.9,3738
33.91,2455
33.92,3939
33.93,3849
33.94,3482
33.95,2101
33.96,3966
33.97,3839
33.98,2880
33.99,485
34.0,3921
34.01,3850
34.02,3433
34.03,1064
34.04,3927
34.05,3831
34.06,2832
34.07,3999
34.08,3883
34.09,3791
34.1,2722
34.11,3992
34.12,3878
34.13,3252
34.14,756
34.15,3921
34.16,3795
34.17,2730
34.18,4000
34.19,3886
34.2,3182
34.21,454
34.22,3936
34.23,3848
34.24,2932
34.25,4015
34.26,3885
34.27,2967
34.28,4005
34.29,3861
34.3,435
34.31,3866
34.32,3248
34.33,334
34.34,3918
34.35,3800
34.36,1256
34.37,3962
34.38,3820
34.39,1810
34.4,3954
34.41,3805
34.42,171
34.43,3917
34.44,3354
34.45,191
34.46,3922
34.47,3759
34.48,4046
34.49,3910
34.5,2994
34.51,3998
34.52,3849
34.53,2081
34.54,3993
34.55,3884
34.56,2785
34.57,4022
34.58,3901
34.59,2714
34.6,4041
34.61,3930
34.62,3772
34.63,813
34.64,3979
34.65,3855
34.66,2388
34.67,4023
34.68,3911
34.69,2886
34.7,4024
34.71,3933
34.72,3405
34.73,200
34.74,3969
34.75,3871
34.76,2093
34.77,4006
34.78,3907
34.79,2984
34.8,380
34.81,3993
34.82,3872
34.83,2747
34.84,4080
34.85,3973
34.86,3875
34.87,2299
34.88,4067
34.89,3971
34.9,3903
34.91,2855
34.92,4079
34.93,3962
34.94,3717
34.95,1608
34.96,4050
34.97,3960
34.98,3834
34.99,2297
35.0,491
35.01,4036
35.02,3969
35.03,3860
35.04,2112
35.05,4074
35.06,3974
35.07,3630
35.08,1166
35.09,4039
35.1,3928
35.11,3241
35.12,756
35.13,4051
35.14,3964
35.15,3866
35.16,4129
35.17,4015
35.18,3934
35.19,3169
35.2,1285
35.21,4070
35.22,2992
35.23,4066
35.24,3954
35.25,2726
35.26,4125
35.27,3995
35.28,2986
35.29,4130
35.3,4017
35.31,3863
35.32,1176
35.33,4070
35.34,3961
35.35,2329
35.36,4073
35.37,3907
35.38,843
35.39,4037
35.4,3552
35.41,4153
35.42,3990
35.43,2363
35.44,4083
35.45,3923
35.46,1359
35.47,4085
35.48,3980
35.49,2930
35.5,4166
35.51,4044
35.52,3929
35.53,2225
35.54,4119
35.55,3991
35.56,2792
35.57,4133
35.58,4000
35.59,2871
35.6,4154
35.61,4051
35.62,3938
35.63,2992
35.64,986
35.65,4135
35.66,4062
35.67,3927
35.68,2914
35.69,903
35.7,4144
35.71,4058
35.72,3942
35.73,2039
35.74,4168
35.75,4074
35.76,3952
35.77,1290
35.78,4117
35.79,4001
35.8,2972
35.81,4202
35.82,4074
35.83,3524
35.84,744
35.85,4124
35.86,3990
35.87,576
35.88,4060
35.89,3153
35.9,4200
35.91,4098
35.92,3967
35.93,4220
35.94,4097
35.95,4002
35.96,2917
35.97,4205
35.98,4058
35.99,2743
36.0,4199
36.01,4057
36.02,3215
36.03,4218
36.04,4071
36.05,3271
36.06,4234
36.07,4084
36.08,2968
36.09,4235
36.1,4099
36.11,3122
36.12,4228
36.13,4087
36.14,2830
36.15,4180
36.16,4038
36.17,2317
36.18,4171
36.19,4000
36.2,1255
36.21,4173
36.22,4001
36.23,626
36.24,4119
36.25,3271
36.26,4227
36.27,4042
36.28,1341
36.29,4134
36.3,3525
36.31,493
36.32,4133
36.33,3464
36.34,756
36.35,4175
36.36,4047
36.37,1961
36.38,4167
36.39,3085
36.4,4105
36.41,4225
36.42,2297
36.43,4027
36.44,4165
36.45,272
36.46,3297
36.47,4108
36.48,4211
36.49,1255
36.52,1285
36.53,4066
36.54,1969
36.55,4198
36.56,1422
36.57,4104
36.58,2859
36.59,4235
36.6,4082
36.61,2186
36.62,4206
36.63,4090
36.64,3140
36.65,820
36.66,4212
36.67,4095
36.68,2961
36.69,403
36.7,4217
36.71,4096
36.72,3193
36.73,4294
36.74,4112
36.75,2974
36.76,4296
36.77,4115
36.78,355
36.79,4113
36.8,3176
36.81,69
36.82,4189
36.83,4049
36.84,4303
36.85,4163
36.86,3068
36.87,4268
36.88,3883
36.89,559
36.9,4195
36.91,3839
36.92,4319
36.93,4153
36.94,3141
36.95,198
36.96,4195
36.97,3825
36.98,406
36.99,4204
37.0,4060
37.01,1435
37.02,4245
37.03,4097
37.04,2264
37.05,4230
37.06,4068
37.07,1216
37.08,4234
37.09,4075
37.1,2301
37.11,4319
37.12,4202
37.13,3688
37.14,1816
37.15,4272
37.16,4091
37.17,2388
37.18,4319
37.19,4194
37.2,3617
37.21,2032
37.22,4332
37.23,4203
37.24,3234
37.25,339
37.26,4249
37.27,4096
37.28,1965
37.29,4334
37.3,4238
37.31,4111
37.32,1422
37.33,4194
37.34,1198
37.35,4248
37.36,3452
37.37,4357
37.38,4151
37.39,2874
37.4,4367
37.41,4207
37.42,1858
37.43,4300
37.44,4180
37.45,2962
37.46,4305
37.47,4122
37.48,2150
37.49,4310
37.5,4167
37.51,2504
37.52,4320
37.53,4190
37.54,2617
37.55,4323
37.56,4186
37.57,2588
37.58,4327
37.59,4176
37.6,2104
37.61,4316
37.62,4153
37.63,1466
37.64,4319
37.65,4108
37.66,465
37.67,4256
37.68,2569
37.69,4328
37.7,4178
37.71,2255
37.72,4325
37.73,4010
37.74,378
37.75,4253
37.76,3103
37.77,4364
37.78,4135
37.79,1274
37.8,4282
37.81,3263
37.82,4392
37.83,4172
37.84,1102
37.85,4288
37.86,3281
37.87,4412
37.88,4221
37.89,2173
37.9,4285
37.91,3200
37.92,4426
37.93,4292
37.94,3892
37.95,448
37.96,4331
37.97,4190
37.98,2174
37.99,4314
38.0,4083
38.01,821
38.02,4356
38.03,4161
38.04,2113
38.05,4387
38.06,4244
38.07,2753
38.08,4362
38.09,3380
38.1,4424
38.11,4242
38.12,2541
38.13,4372
38.14,4227
38.15,2018
38.16,4304
38.17,3664
38.18,1162
38.19,4368
38.2,4225
38.21,2889
38.22,4426
38.23,4222
38.24,1365
38.25,4378
38.26,4177
38.27,1300
38.28,4382
38.29,4196
38.3,2056
38.31,4381
38.32,4207
38.33,1219
38.34,4324
38.35,3291
38.36,807
38.37,4392
38.38,4170
38.39,2039
38.4,4405
38.41,4289
38.42,1713
38.43,4396
38.44,4259
38.45,2773
38.46,4467
38.47,4322
38.48,3402
38.49,4442
38.5,4314
38.51,3132
38.52,4493
38.53,4347
38.54,2364
38.55,4420
38.56,4277
38.57,2558
38.58,4444
38.59,4289
38.6,2447
38.61,4424
38.62,4067
38.63,4458
38.64,4280
38.65,2085
38.66,4417
38.67,4193
38.68,1414
38.69,4423
38.7,4227
38.71,1531
38.72,4379
38.73,3430
38.74,4514
38.75,4339
38.76,2998
38.77,4491
38.78,4356
38.79,2636
38.8,4509
38.81,4376
38.82,3275
38.83,4462
38.84,4316
38.85,2640
38.86,4448
38.87,3117
38.88,4533
38.89,4393
38.9,3309
38.91,4417
38.92,4306
38.93,2980
38.94,4542
38.95,4388
38.96,3280
38.97,4546
38.98,4402
38.99,3203
39.0,882
39.01,4437
39.02,4296
39.03,2640
39.04,4545
39.05,4418
39.06,4250
39.07,2134
39.08,4482
39.09,4311
39.1,2350
39.11,4536
39.12,4409
39.13,2399
39.14,4466
39.15,4349
39.16,3465
39.17,1265
39.18,4484
39.19,4283
39.2,1242
39.21,4403
39.22,4560
39.23,3088
39.24,4362
39.25,4498
39.26,1585
39.27,4252
39.28,4436
39.29,4577
39.3,3156
39.31,4375
39.32,4525
39.33,3255
39.34,4347
39.35,4458
39.36,4559
39.37,3253
39.38,4534
39.39,4359
39.4,1993
39.41,4462
39.42,3314
39.43,231
39.44,4352
39.45,1216
39.46,2284
39.47,4153
39.48,4377
39.49,1838
39.5,4478
39.51,4045
39.52,1180
39.53,4516
39.54,4376
39.55,2916
39.56,4574
39.57,4429
39.58,3243
39.59,4593
39.6,4460
39.61,3880
39.62,592
39.63,4465
39.64,3918
39.65,917
39.66,4516
39.67,4316
39.68,1816
39.69,4531
39.7,4374
39.71,2357
39.72,4539
39.73,4308
39.74,877
39.75,4489
39.76,3554
39.77,4598
39.78,4392
39.79,2230
39.8,4543
39.81,4313
39.82,597
39.83,4480
39.84,3404
39.85,4632
39.86,4438
39.87,2649
39.88,4552
39.89,4359
39.9,2043
39.91,4555
39.92,4340
39.93,1340
39.94,4529
39.95,4133
39.96,723
39.97,4500
39.98,3545
39.99,38
40.0,4475
40.01,3255
40.02,4632
40.03,4478
40.04,3275
40.05,400
40.06,4531
40.07,4335
40.08,1290
40.09,4534
40.1,4324
40.11,4659
40.12,4431
40.13,861
40.14,4439
40.15,1943
40.16,4564
40.17,4359
40.18,2973
40.19,403
40.2,4571
40.21,4440
40.22,3198
40.23,360
40.24,4555
40.25,4386
40.26,2281
40.27,4677
40.28,4580
40.29,4437
40.3,3007
40.31,600
40.32,4604
40.33,4508
40.34,4403
40.35,2916
40.36,4682
40.37,4561
40.38,3131
40.39,4667
40.4,4415
40.41,801
40.42,4615
40.43,4445
40.44,2285
40.45,4620
40.46,4486
40.47,3203
40.48,4677
40.49,4465
40.5,2993
40.51,4694
40.52,4563
40.53,1766
40.54,4533
40.55,3540
40.56,267
40.57,4562
40.58,3269
40.59,4689
40.6,4476
40.61,2204
40.62,4628
40.63,4411
40.64,2802
40.65,97
40.66,4617
40.67,4456
40.68,2917
40.69,929
40.7,4658
40.71,4545
40.72,4166
40.73,2098
40.74,4700
40.75,4573
40.76,4279
40.77,2132
40.78,4704
40.79,4584
40.8,4448
40.81,2190
40.82,4663
40.83,4525
40.84,3386
40.85,588
40.86,4639
40.87,4475
40.88,2622
40.89,82
40.9,4654
40.91,4443
40.92,1976
40.93,4685
40.94,4519
40.95,3026
40.96,533
40.97,4653
40.98,4453
40.99,2216
41.0,4724
41.01,4569
41.02,3352
41.03,44
41.04,4636
41.05,4443
41.06,1976
41.07,4675
41.08,4455
41.09,2190
41.1,4736
41.11,4550
41.12,2049
41.13,4665
41.14,4456
41.15,2243
41.16,4706
41.17,4512
41.18,2314
41.19,4731
41.2,4557
41.21,3058
41.22,4788
41.23,4608
41.24,3038
41.25,4781
41.26,4641
41.27,3975
41.28,1237
41.29,4688
41.3,3455
41.31,143
41.32,4640
41.33,3221
41.34,4768
41.35,4553
41.36,2256
41.37,4748
41.38,4560
41.39,2700
41.4,4762
41.41,4560
41.42,2564
41.43,4773
41.44,4601
41.45,2980
41.46,4751
41.47,4528
41.48,1127
41.49,4730
41.5,4551
41.51,2615
41.52,4766
41.53,4579
41.54,2887
41.55,4813
41.56,4642
41.57,3321
41.58,693
41.59,4734
41.6,4514
41.61,1650
41.62,4753
41.63,4580
41.64,3005
41.65,130
41.66,4699
41.67,4287
41.68,1585
41.69,4760
41.7,4579
41.71,2281
41.72,4804
41.73,4647
41.74,2416
41.75,4839
41.76,4713
41.77,4530
41.78,2215
41.79,4851
41.8,4720
41.81,4569
41.82,2690
41.83,4853
41.84,4710
41.85,4217
41.86,1376
41.87,4779
41.88,4597
41.89,2219
41.9,4785
41.91,4598
41.92,2702
41.93,4829
41.94,4619
41.95,2749
41.96,4816
41.97,4618
41.98,2827
41.99,4826
42.0,4651
42.01,2829
42.02,4816
42.03,4609
42.04,1548
42.05,4784
42.06,4602
42.07,2845
42.08,4845
42.09,4654
42.1,2689
42.11,4810
42.12,4635
42.13,2938
42.14,4880
42.15,4743
42.16,4563
42.17,2593
42.18,4886
42.19,4765
42.2,4637
42.21,3118
42.22,442
42.23,4805
42.24,4622
42.25,2645
42.26,4883
42.27,4781
42.28,4642
42.29,3430
42.3,2120
42.31,4904
42.32,4796
42.33,4648
42.34,3206
42.35,1462
42.36,4865
42.37,4725
42.38,3559
42.39,180
42.4,4798
42.41,4681
42.42,3748
42.43,2049
42.44,4881
42.45,4738
42.46,3475
42.47,448
42.48,4806
42.49,4190
42.5,811
42.51,4803
42.52,3820
42.53,281
42.54,4766
42.55,3172
42.56,4935
42.57,4771
42.58,3270
42.59,4926
42.6,4773
42.61,3409
42.62,1211
42.63,4874
42.64,4648
42.65,2933
42.66,4957
42.67,4828
42.68,4656
42.69,2785
42.7,4968
42.71,4836
42.72,4368
42.73,965
42.74,4883
42.75,4689
42.76,2392
42.77,4917
42.78,4731
42.79,2794
42.8,4901
42.81,4681
42.82,1111
42.83,4884
42.84,4156
42.85,323
42.86,4814
42.87,3825
42.88,204
42.89,4804
42.9,3040
42.91,4934
42.92,4691
42.93,1405
42.94,4851
42.95,3203
42.96,4955
42.97,4712
42.98,2694
42.99,4951
43.0,4736
43.01,3259
43.02,5002
43.03,4774
43.04,2897
43.05,4980
43.06,4771
43.07,2978
43.08,4992
43.09,4867
43.1,4674
43.11,2744
43.12,5011
43.13,4848
43.14,4318
43.15,2242
43.16,4979
43.17,4808
43.18,3712
43.19,5005
43.2,4882
43.21,4721
43.22,2953
43.23,4961
43.24,4539
43.25,2058
43.26,4990
43.27,4866
43.28,3013
43.29,4952
43.3,4699
43.31,2510
43.32,4970
43.33,4732
43.34,2219
43.35,4959
43.36,4610
43.37,647
43.38,4877
43.39,3468
43.4,5055
43.41,4841
43.42,3646
43.43,2187
43.44,5019
43.45,4775
43.46,2818
43.47,5027
43.48,4848
43.49,3198
43.5,4995
43.51,4772
43.52,1331
43.53,4934
43.54,4132
43.55,533
43.56,4904
43.57,3528
43.58,106
43.59,4865
43.6,3135
43.61,5048
43.62,4851
43.63,3005
43.64,5030
43.65,4795
43.66,2597
43.67,5067
43.68,4905
43.69,3906
43.7,5029
43.71,4855
43.72,3244
43.73,5081
43.74,4937
43.75,4527
43.76,1879
43.77,5002
43.78,4781
43.79,2588
43.8,5056
43.81,4851
43.82,3395
43.83,588
43.84,4987
43.85,4401
43.86,961
43.87,4977
43.88,4269
43.89,744
43.9,4965
43.91,4080
43.92,588
43.93,4970
43.94,4311
43.95,873
43.96,4995
43.97,4560
43.98,2234
43.99,5064
44.0,4906
44.01,3601
44.02,647
44.03,4980
44.04,4217
44.05,1971
44.06,5064
44.07,4933
44.08,4272
44.09,2099
44.1,5073
44.11,4899
44.12,3484
44.13,1194
44.14,5052
44.15,4843
44.16,2411
44.17,5099
44.18,4941
44.19,4062
44.2,782
44.21,4892
44.22,3382
44.23,1066
44.24,4979
44.25,3616
44.26,1049
44.27,5004
44.28,4698
44.29,2007
44.3,4984
44.31,4526
44.32,2064
44.33,5075
44.34,4838
44.35,730
44.36,4869
44.37,2938
44.38,5126
44.39,4848
44.4,2808
44.41,5113
44.42,4939
44.43,3388
44.44,5114
44.45,4880
44.46,2847
44.47,5098
44.48,4830
44.49,794
44.5,4965
44.51,3378
44.52,907
44.53,5095
44.54,4961
44.55,4263
44.56,1992
44.57,5110
44.58,4911
44.59,3232
44.6,416
44.61,5054
44.62,4800
44.63,1151
44.64,4917
44.65,3120
44.66,5165
44.67,4964
44.68,3156
44.69,5177
44.7,4970
44.71,3291
44.72,5208
44.73,4969
44.74,3528
44.75,1210
44.76,5101
44.77,4398
44.78,476
44.79,5068
44.8,4740
44.81,1762
44.82,5116
44.83,4847
44.84,2160
44.85,5130
44.86,4852
44.87,2056
44.88,5135
44.89,4926
44.9,3022
44.91,5192
44.92,4962
44.93,2975
44.94,5162
44.95,4897
44.96,1544
44.97,5143
44.98,4896
44.99,2316
45.0,5177
45.01,4976
45.02,3209
45.03,226
45.04,5079
45.05,3638
45.06,5235
45.07,5041
45.08,4183
45.09,1660
45.1,5150
45.11,3315
45.12,178
45.13,5100
45.14,4823
45.15,2616
45.16,5212
45.17,4982
45.18,3484
45.19,904
45.2,5109
45.21,4433
45.22,1695
45.23,5169
45.24,4867
45.25,2055
45.26,5178
45.27,4930
45.28,2056
45.29,5172
45.3,4970
45.31,3179
45.32,149
45.33,5157
45.34,4910
45.35,2265
45.36,5266
45.37,5135
45.38,4930
45.39,2700
45.4,5252
45.41,5138
45.42,4945
45.43,3327
45.44,626
45.45,4944
45.46,2505
45.47,5202
45.48,4985
45.49,3011
45.5,5293
45.51,5188
45.52,4989
45.53,3264
45.54,644
45.55,5217
45.56,4998
45.57,3047
45.58,5204
45.59,4835
45.6,2394
45.61,5259
45.62,5051
45.63,3039
45.64,5302
45.65,5052
45.66,3093
45.67,5280
45.68,5023
45.69,3287
45.7,238
45.71,5130
45.72,3486
45.73,554
45.74,5139
45.75,3332
45.76,5308
45.77,5064
45.78,2979
45.79,5298
45.8,5119
45.81,4009
45.82,1592
45.83,5280
45.84,5061
45.85,3417
45.86,1825
45.87,5273
45.88,5056
45.89,3296
45.9,1000
45.91,5263
45.92,5138
45.93,4976
45.94,3077
45.95,872
45.96,5272
45.97,5032
45.98,3719
45.99,2239
46.0,178
46.01,5261
46.02,5044
46.03,3267
46.04,5346
46.05,5224
46.06,5055
46.07,3476
46.08,1642
46.09,5300
46.1,5100
46.11,3290
46.12,360
46.13,5261
46.14,4731
46.15,2342
46.16,5349
46.17,5088
46.18,3017
46.19,5347
46.2,5184
46.21,4404
46.22,2107
46.23,5321
46.24,5073
46.25,2647
46.26,5357
46.27,5204
46.28,4497
46.29,1339
46.3,5298
46.31,5055
46.32,2985
46.33,5392
46.34,5138
46.35,2962
46.36,5376
46.37,5170
46.38,3642
46.39,5379
46.4,5159
46.41,3306
46.42,5402
46.43,5191
46.44,3266
46.45,5397
46.46,5101
46.47,2454
46.48,5331
46.49,4799
46.5,1584
46.51,5300
46.52,5058
46.53,2121
46.54,5338
46.55,5080
46.56,2321
46.57,5345
46.58,5084
46.59,2413
46.6,5373
46.61,5103
46.62,2468
46.63,5322
46.64,4513
46.65,628
46.66,5233
46.67,3057
46.68,5445
46.69,5258
46.7,3943
46.71,127
46.72,5200
46.73,3155
46.74,5412
46.75,5113
46.76,2055
46.77,5336
46.78,4396
46.79,711
46.8,5278
46.81,3958
46.82,5443
46.83,5152
46.84,3277
46.85,293
46.86,5283
46.87,4306
46.88,1187
46.89,5247
46.9,3226
46.91,466
46.92,5265
46.93,4627
46.94,2360
46.95,5426
46.96,5207
46.97,3692
46.98,952
46.99,5371
47.0,5145
47.01,3022
47.02,5486
47.03,5286
47.04,4484
47.05,5486
47.06,5187
47.07,3088
47.08,5424
47.09,3769
47.1,420
47.11,5329
47.12,4678
47.13,2257
47.14,5430
47.15,5168
47.16,2510
47.17,5446
47.18,5195
47.19,2977
47.2,5445
47.21,5149
47.22,1896
47.23,5371
47.24,3700
47.25,616
47.26,5387
47.27,4741
47.28,1565
47.29,5398
47.3,4827
47.31,1694
47.32,5394
47.33,4500
47.34,880
47.35,5333
47.36,3764
47.37,428
47.38,5338
47.39,4091
47.4,1182
47.41,5454
47.42,5309
47.43,4880
47.44,2866
47.45,5525
47.46,5334
47.47,5025
47.48,2891
47.49,5534
47.5,5342
47.51,4078
47.52,1228
47.53,5439
47.54,5178
47.55,2660
47.56,5533
47.57,5379
47.58,5201
47.59,3707
47.6,2498
47.61,5514
47.62,5251
47.63,2819
47.64,5543
47.65,5369
47.66,4403
47.67,468
47.68,5426
47.69,4699
47.7,2146
47.71,5447
47.72,4824
47.73,1320
47.74,5480
47.75,5184
47.76,1877
47.77,5406
47.78,3284
47.79,351
47.8,5316
47.81,3029
47.82,5479
47.83,4119
47.84,927
47.85,5446
47.86,4675
47.87,1892
47.88,5457
47.89,4635
47.9,1275
47.91,5471
47.92,4865
47.93,2122
47.94,5477
47.95,4739
47.96,2229
47.97,5503
47.98,3307
47.99,425
48.0,5442
48.01,3934
48.02,745
48.03,5463
48.04,3860
48.05,5603
48.06,5245
48.07,767
48.08,5331
48.09,1426
48.1,5345
48.11,2346
48.12,5510
48.13,4681
48.14,1296
48.15,5496
48.16,4836
48.17,2029
48.18,5512
48.19,4964
48.2,1840
48.21,5530
48.22,5211
48.23,2281
48.24,5536
48.25,5258
48.26,1759
48.27,5530
48.28,5016
48.29,1907
48.3,5542
48.31,5272
48.32,2566
48.33,5554
48.34,5302
48.35,2957
48.36,5629
48.37,5375
48.38,2946
48.39,5594
48.4,5317
48.41,2765
48.42,5626
48.43,5492
48.44,5312
48.45,3886
48.46,2034
48.47,5617
48.48,5507
48.49,5295
48.5,3184
48.51,468
48.52,5550
48.53,5353
48.54,4127
48.55,2413
48.56,106
48.57,5576
48.58,5423
48.59,4675
48.6,3009
48.61,958
48.62,5607
48.63,5433
48.64,4396
48.65,2718
48.66,399
48.67,5590
48.68,5325
48.69,2761
48.7,5625
48.71,5474
48.72,4981
48.73,3232
48.74,872
48.75,5474
48.76,3540
48.77,824
48.78,5542
48.79,3984
48.8,610
48.81,5500
48.82,3095
48.83,5695
48.84,5446
48.85,3273
48.86,5670
48.87,5369
48.88,2319
48.89,5617
48.9,5263
48.91,2102
48.92,5499
48.93,2854
48.94,5609
48.95,4649
48.96,559
48.97,5443
48.98,3035
48.99,5700
49.0,5514
49.01,4881
49.02,2800
49.03,5721
49.04,5600
49.05,5356
49.06,3265
49.07,541
49.08,5613
49.09,5419
49.1,3756
49.11,2294
49.12,5725
49.13,5474
49.14,4269
49.15,2128
49.16,5716
49.17,5538
49.18,3423
49.19,1233
49.2,5667
49.21,5484
49.22,4319
49.23,507
49.24,5627
49.25,5217
49.26,3295
49.27,934
49.28,5640
49.29,4966
49.3,1111
49.31,5665
49.32,5404
49.33,3152
49.34,5734
49.35,5419
49.36,3077
49.37,5778
49.38,5482
49.39,3515
49.4,473
49.41,5586
49.42,3334
49.43,5723
49.44,5446
49.45,3263
49.46,551
49.47,5499
49.48,3434
49.49,5769
49.5,5500
49.51,3264
49.52,5788
49.53,5569
49.54,3013
49.55,5768
49.56,5509
49.57,3072
49.58,5767
49.59,5507
49.6,3043
49.61,5734
49.62,5433
49.63,2813
49.64,5780
49.65,5608
49.66,3321
49.67,5693
49.68,3545
49.69,559
49.7,5605
49.71,3925
49.72,512
49.73,5590
49.74,3223
49.75,5784
49.76,5491
49.77,2614
49.78,5711
49.79,4618
49.8,1063
49.81,5677
49.82,4386
49.83,611
49.84,5609
49.85,3591
49.86,5831
49.87,5556
49.88,3132
49.89,5763
49.9,5450
49.91,2353
49.92,5731
49.93,4807
49.94,1542
49.95,5731
49.96,5298
49.97,2134
49.98,5714
49.99,4856
50.0,2215
50.01,5772
50.02,5503
50.03,3044
50.04,5825
50.05,5545
50.06,2993
50.07,5793
50.08,5480
50.09,2785
50.1,5806
50.11,5536
50.12,1108
50.13,5652
50.14,3771
50.15,351
50.16,5663
50.17,4181
50.18,1608
50.19,5769
50.2,5509
50.21,3731
50.22,1989
50.23,5805
50.24,5666
50.25,4857
50.26,2972
50.27,747
50.28,5771
50.29,5561
50.3,4505
50.31,320
50.32,5589
50.33,3266
50.34,5840
50.35,4877
50.36,1039
50.37,5687
50.38,4406
50.39,1283
50.4,5767
50.41,4933
50.42,1600
50.43,5770
50.44,4871
50.45,1725
50.46,5799
50.47,5329
50.48,2594
50.49,5845
50.5,5597
50.51,3309
50.52,5880
50.53,5555
50.54,3012
50.55,5864
50.56,5616
50.57,2814
50.58,5839
50.59,5593
50.6,3246
50.61,5903
50.62,5669
50.63,3063
50.64,5871
50.65,5555
50.66,3045
50.67,5896
50.68,5681
50.69,3773
50.7,513
50.71,5776
50.72,4964
50.73,1633
50.74,5804
50.75,5119
50.76,2560
50.77,5858
50.78,5567
50.79,2997
50.8,5928
50.81,5688
50.82,3312
50.83,5926
50.84,5671
50.85,3294
50.86,5928
50.87,5650
50.88,3348
50.89,5940
50.9,5680
50.91,3479
50.92,380
50.93,5724
50.94,3561
50.95,282
50.96,5802
50.97,4786
50.98,2212
50.99,5888
51.0,5711
51.01,3521
51.02,898
51.03,5822
51.04,5239
51.05,2822
51.06,5831
51.07,4641
51.08,1892
51.09,5885
51.1,5629
51.11,3186
51.12,5980
51.13,5756
51.14,4341
51.15,1410
51.16,5882
51.17,5644
51.18,3205
51.19,5958
51.2,5700
51.21,3169
51.22,5933
51.23,5585
51.24,2794
51.25,5920
51.26,5437
51.27,2970
51.28,5977
51.29,5708
51.3,3443
51.31,6005
51.32,5741
51.33,3454
51.34,5991
51.35,5726
51.36,3353
51.37,5987
51.38,5717
51.39,2989
51.4,5940
51.41,5348
51.42,1434
51.43,5816
51.44,3518
51.45,6003
51.46,5722
51.47,3043
51.48,5993
51.49,5720
51.5,3020
51.51,5963
51.52,5460
51.53,2405
51.54,5916
51.55,5169
51.56,2153
51.57,5884
51.58,4942
51.59,1883
51.6,5899
51.61,4913
51.62,2271
51.63,5931
51.64,5243
51.65,2503
51.66,5963
51.67,5698
51.68,3391
51.69,494
51.7,5921
51.71,5597
51.72,3021
51.73,6029
51.74,5767
51.75,3378
51.76,146
51.77,5824
51.78,4053
51.79,771
51.8,5891
51.81,5106
51.82,2668
51.83,6014
51.84,5729
51.85,3251
51.86,43
51.87,5847
51.88,4681
51.89,1883
51.9,5971
51.91,5710
51.92,3329
51.93,694
51.94,5970
51.95,5483
51.96,2800
51.97,6013
51.98,5686
51.99,2931
52.0,6063
52.01,5822
52.02,3628
52.03,530
52.04,5928
52.05,5205
52.06,2506
52.07,6080
52.08,5884
52.09,4887
52.1,2277
52.11,5991
52.12,5442
52.13,2376
52.14,5986
52.15,4786
52.16,898
52.17,5855
52.18,3897
52.19,592
52.2,5843
52.21,3278
52.22,6070
52.23,5624
52.24,2382
52.25,5999
52.26,5223
52.27,3002
52.28,235
52.29,5941
52.3,5285
52.31,2300
52.32,6093
52.33,5916
52.34,4668
52.35,1987
52.36,6070
52.37,5822
52.38,3744
52.39,912
52.4,6012
52.41,5732
52.42,3646
52.43,1499
52.44,6037
52.45,5530
52.46,3079
52.47,566
52.48,6029
52.49,5637
52.5,3332
52.51,748
52.52,6040
52.53,5797
52.54,3750
52.55,1115
52.56,6014
52.57,5229
52.58,2680
52.59,6094
52.6,5815
52.61,3332
52.62,6161
52.63,5953
52.64,4834
52.65,2056
52.66,6076
52.67,5673
52.68,3270
52.69,224
52.7,5962
52.71,5086
52.72,2591
52.73,6146
52.74,5941
52.75,5029
52.76,2615
52.77,6140
52.78,5902
52.79,3429
52.8,755
52.81,6066
52.82,5098
52.83,2702
52.84,6122
52.85,5510
52.86,2325
52.87,6081
52.88,4942
52.89,2090
52.9,6048
52.91,4699
52.92,1173
52.93,5951
52.94,3209
52.95,6110
52.96,5431
52.97,2252
52.98,6082
52.99,4874
53.0,2338
53.01,6142
53.02,5780
53.03,3039
53.04,6140
53.05,5366
53.06,2615
53.07,6141
53.08,5780
53.09,2991
53.1,6148
53.11,5323
53.12,1544
53.13,6003
53.14,4339
53.15,905
53.16,5978
53.17,3363
53.18,256
53.19,5967
53.2,3443
53.21,6221
53.22,5930
53.23,3411
53.24,6210
53.25,5753
53.26,2776
53.27,6203
53.28,5922
53.29,3263
53.3,273
53.31,6013
53.32,4342
53.33,1301
53.34,6043
53.35,3714
53.36,166
53.37,6021
53.38,4262
53.39,1886
53.4,6128
53.41,4953
53.42,2086
53.43,6132
53.44,4842
53.45,2054
53.46,6149
53.47,5470
53.48,2918
53.49,6230
53.5,5961
53.51,3456
53.52,1073
53.53,6122
53.54,5278
53.55,2690
53.56,6232
53.57,5956
53.58,3984
53.59,2097
53.6,6200
53.61,5879
53.62,3346
53.63,282
53.64,6066
53.65,4482
53.66,1204
53.67,6139
53.68,5264
53.69,2948
53.7,561
53.71,6173
53.72,5499
53.73,3150
53.74,140
53.75,6071
53.76,4764
53.77,2269
53.78,6224
53.79,5990
53.8,4446
53.81,2033
53.82,6207
53.83,5642
53.84,3012
53.85,6279
53.86,6028
53.87,3909
53.88,905
53.89,6147
53.9,5038
53.91,1947
53.92,6196
53.93,4855
53.94,884
53.95,6065
53.96,3218
53.97,6261
53.98,5635
53.99,2358
54.0,6199
54.01,4603
54.02,615
54.03,6049
54.04,3169
54.05,6284
54.06,5713
54.07,2932
54.08,6323
54.09,6116
54.1,5438
54.11,3587
54.12,2085
54.13,6266
54.14,6090
54.15,5157
54.16,3260
54.17,647
54.18,6240
54.19,5849
54.2,3554
54.21,539
54.22,6169
54.23,5643
54.24,3721
54.25,2062
54.26,6281
54.27,5833
54.28,3414
54.29,1198
54.3,6288
54.31,6082
54.32,4354
54.33,2269
54.34,6336
54.35,6103
54.36,4553
54.37,2070
54.38,6264
54.39,5806
54.4,3284
54.41,616
54.42,6249
54.43,5395
54.44,2979
54.45,6370
54.46,6165
54.47,4782
54.48,1931
54.49,6278
54.5,6038
54.51,3415
54.52,474
54.53,6219
54.54,5512
54.55,3262
54.56,889
54.57,6241
54.58,4756
54.59,1793
54.6,6290
54.61,5643
54.62,3027
54.63,6356
54.64,6108
54.65,3451
54.66,6400
54.67,6042
54.68,2976
54.69,6325
54.7,5854
54.71,3058
54.72,6372
54.73,5833
54.74,2904
54.75,6361
54.76,5815
54.77,3090
54.78,6378
54.79,5443
54.8,2782
54.81,6337
54.82,4998
54.83,1798
54.84,6277
54.85,5079
54.86,2202
54.87,6322
54.88,5296
54.89,2257
54.9,6323
54.91,5457
54.92,2303
54.93,6323
54.94,5404
54.95,2460
54.96,6308
54.97,4849
54.98,1988
54.99,6311
55.0,5065
55.01,1958
55.02,6319
55.03,5362
55.04,2294
55.05,6340
55.06,5367
55.07,2189
55.08,6331
55.09,5322
55.1,2524
55.11,6381
55.12,5697
55.13,3028
55.14,6408
55.15,5637
55.16,2496
55.17,6347
55.18,5320
55.19,2345
55.2,6350
55.21,5130
55.22,2132
55.23,6357
55.24,5466
55.25,2733
55.26,6394
55.27,5700
55.28,3123
55.29,6440
55.3,6193
55.31,4361
55.32,2262
55.33,6405
55.34,6217
55.35,5218
55.36,2855
55.37,6468
55.38,6241
55.39,4638
55.4,2361
55.41,6442
55.42,6181
55.43,3722
55.44,1158
55.45,6370
55.46,5525
55.47,3070
55.48,201
55.49,6270
55.5,4825
55.51,2350
55.52,6462
55.53,6223
55.54,4332
55.55,2075
55.56,6402
55.57,5411
55.58,2580
55.59,6419
55.6,5432
55.61,2404
55.62,6425
55.63,5715
55.64,3101
55.65,6520
55.66,6277
55.67,4460
55.68,1675
55.69,6405
55.7,5535
55.71,2988
55.72,6520
55.73,6327
55.74,5627
55.75,3466
55.76,1297
55.77,6474
55.78,6279
55.79,4954
55.8,2670
55.81,6504
55.82,6212
55.83,4585
55.84,2820
55.85,401
55.86,6383
55.87,5269
55.88,2975
55.89,43
55.9,6422
55.91,5667
55.92,3269
55.93,599
55.94,6437
55.95,5656
55.96,3058
55.97,6550
55.98,6337
55.99,5160
56.0,2985
56.01,6551
56.02,6270
56.03,3815
56.04,1224
56.05,6462
56.06,5952
56.07,3766
56.08,2069
56.09,6471
56.1,6192
56.11,3814
56.12,909
56.13,6463
56.14,5192
56.15,2688
56.16,6579
56.17,6402
56.18,4821
56.19,2365
56.2,6547
56.21,6185
56.22,4373
56.23,1973
56.24,6513
56.25,5870
56.26,3208
56.27,6557
56.28,5801
56.29,2895
56.3,6528
56.31,5816
56.32,3285
56.33,302
56.34,6446
56.35,4933
56.36,2135
56.37,6506
56.38,5576
56.39,2492
56.4,6518
56.41,6198
56.42,4347
56.43,1963
56.44,6543
56.45,6009
56.46,3556
56.47,429
56.48,6354
56.49,4789
56.5,2798
56.51,6641
56.52,6438
56.53,5281
56.54,2857
56.55,6627
56.56,6372
56.57,4519
56.58,1178
56.59,6506
56.6,5201
56.61,2378
56.62,6530
56.63,5068
56.64,1266
56.65,6406
56.66,3873
56.67,384
56.68,6343
56.69,3333
56.7,6626
56.71,5658
56.72,2408
56.73,6539
56.74,5525
56.75,2514
56.76,6580
56.77,5787
56.78,2901
56.79,6608
56.8,5860
56.81,3037
56.82,6611
56.83,5767
56.84,2771
56.85,6562
56.86,5330
56.87,1848
56.88,6533
56.89,4582
56.9,914
56.91,6510
56.92,5057
56.93,2571
56.94,6646
56.95,6398
56.96,4725
56.97,1589
56.98,6562
56.99,5904
57.0,4366
57.01,2065
57.02,6592
57.03,5855
57.04,3443
57.05,1929
57.06,6654
57.07,6506
57.08,5587
57.09,2800
57.1,6658
57.11,6408
57.12,4640
57.13,2238
57.14,6625
57.15,5701
57.16,3038
57.17,6690
57.18,6160
57.19,3679
57.2,932
57.21,6525
57.22,4956
57.23,1843
57.24,6560
57.25,4798
57.26,1267
57.27,6550
57.28,4745
57.29,1408
57.3,6593
57.31,5362
57.32,2640
57.33,6679
57.34,6235
57.35,3669
57.36,869
57.37,6582
57.38,5300
57.39,3016
57.4,505
57.41,6585
57.42,5685
57.43,3428
57.44,1747
57.45,6691
57.46,6154
57.47,4653
57.48,2178
57.49,6698
57.5,6479
57.51,4967
57.52,2496
57.53,6712
57.54,6522
57.55,5483
57.56,3355
57.57,1061
57.58,6661
57.59,5889
57.6,3994
57.61,1962
57.62,6672
57.63,6001
57.64,4295
57.65,2146
57.66,6708
57.67,6460
57.68,3838
57.69,1444
57.7,6674
57.71,5828
57.72,3359
57.73,1201
57.74,6658
57.75,5850
57.76,3856
57.77,1143
57.78,6621
57.79,4705
57.8,1993
57.81,6711
57.82,5947
57.83,3471
57.84,782
57.85,6646
57.86,5444
57.87,3026
57.88,6780
57.89,6423
57.9,4020
57.91,1294
57.92,6678
57.93,5473
57.94,2814
57.95,6740
57.96,5521
57.97,1344
57.98,6640
57.99,4369
58.0,639
58.01,6619
58.02,4519
58.03,412
58.04,6244
58.05,3421
58.06,6818
58.07,6232
58.08,3581
58.09,438
58.1,6580
58.11,4448
58.12,749
58.13,6568
58.14,3354
58.15,6775
58.16,5599
58.17,2988
58.18,6791
58.19,6295
58.2,3606
58.21,822
58.22,6686
58.23,5436
58.24,2518
58.25,6740
58.26,5121
58.27,2244
58.28,6734
58.29,5536
58.3,2985
58.31,108
58.32,6664
58.33,5374
58.34,2811
58.35,6807
58.36,6229
58.37,3354
58.38,6849
58.39,6630
58.4,5068
58.41,3005
58.42,6839
58.43,6264
58.44,3538
58.45,441
58.46,6678
58.47,4899
58.48,1871
58.49,6757
58.5,5573
58.51,2794
58.52,6823
58.53,6133
58.54,3774
58.55,713
58.56,6726
58.57,5551
58.58,2609
58.59,6767
58.6,5007
58.61,1030
58.62,6611
58.63,3398
58.64,6863
58.65,5841
58.66,2613
58.67,6758
58.68,5391
58.69,2675
58.7,6827
58.71,5872
58.72,2971
58.73,6844
58.74,6129
58.75,3480
58.76,520
58.77,6578
58.78,3976
58.79,666
58.8,6695
58.81,4857
58.82,1801
58.83,6790
58.84,5502
58.85,3008
58.86,126
58.87,6734
58.88,5377
58.89,2975
58.9,79
58.91,6733
58.92,5394
58.93,2984
58.94,121
58.95,6735
58.96,5260
58.97,2924
58.98,6903
58.99,6469
59.0,4763
59.01,2291
59.02,6869
59.03,6296
59.04,4316
59.05,2108
59.06,6881
59.07,5626
59.08,2082
59.09,6826
59.1,5703
59.11,3068
59.12,6934
59.13,6525
59.14,4521
59.15,2057
59.16,6852
59.17,5600
59.18,3038
59.19,6952
59.2,6649
59.21,4868
59.22,2316
59.23,6905
59.24,6295
59.25,4062
59.26,1372
59.27,6850
59.28,5703
59.29,3066
59.3,6928
59.31,5865
59.32,2989
59.33,6900
59.34,5597
59.35,2268
59.36,6860
59.37,5212
59.38,1626
59.39,6788
59.4,4981
59.41,2332
59.42,6898
59.43,5996
59.44,3287
59.45,6960
59.46,6087
59.47,3053
59.48,6946
59.49,6219
59.5,3140
59.51,6993
59.52,6504
59.53,3345
59.54,6956
59.55,5641
59.56,2373
59.57,6917
59.58,5915
59.59,2958
59.6,6979
59.61,5877
59.62,2346
59.63,6923
59.64,5618
59.65,2637
59.66,6919
59.67,5675
59.68,2962
59.69,6949
59.7,5570
59.71,2341
59.72,6896
59.73,4970
59.74,1012
59.75,6661
59.76,3410
59.77,6999
59.78,5804
59.79,2438
59.8,6910
59.81,4970
59.82,1254
59.83,6860
59.84,4214
59.85,429
59.86,6598
59.87,3960
59.88,552
59.89,6828
59.9,5257
59.91,2726
59.92,7000
59.93,6448
59.94,4473
59.95,1763
59.96,6938
59.97,5766
59.98,3168
59.99,7064
60.0,6781
60.01,4997
60.02,2327
60.03,6981
60.04,6266
60.05,4141
60.06,1805
60.07,6967
60.08,6109
60.09,3683
60.1,1270
60.11,6954
60.12,5850
60.13,3368
60.14,651
60.15,6936
60.16,5668
60.17,3078
60.18,249
60.19,6879
60.2,5378
60.21,2936
60.22,7086
60.23,6779
60.24,4984
60.25,2430
60.26,7036
60.27,6342
60.28,4072
60.29,1185
60.3,6831
60.31,4343
60.32,569
60.33,6641
60.34,3621
60.35,7106
60.36,6220
60.37,3059
60.38,7076
60.39,6343
60.4,3865
60.41,891
60.42,6895
60.43,4877
60.44,1598
60.45,6980
60.46,5401
60.47,2615
60.48,7056
60.49,6208
60.5,3760
60.51,917
60.52,6963
60.53,5290
60.54,2272
60.55,7027
60.56,5905
60.57,3259
60.58,156
60.59,6760
60.6,4746
60.61,1941
60.62,6978
60.63,3488
60.64,7087
60.65,5743
60.66,2636
60.67,7019
60.68,5480
60.69,2579
60.7,7086
60.71,6085
60.72,3291
60.73,21
60.74,6739
60.75,4820
60.76,2083
60.77,6957
60.78,4683
60.79,1668
60.8,7022
60.81,4527
60.82,683
60.83,6881
60.84,4991
60.85,1837
60.86,7043
60.87,5658
60.88,2701
60.89,7102
60.9,6118
60.91,3197
60.92,7114
60.93,5554
60.94,2798
60.95,7108
60.96,5631
60.97,2823
60.98,7132
60.99,6287
61.0,3549
61.01,528
61.02,6907
61.03,5060
61.04,2239
61.05,7084
61.06,5460
61.07,1706
61.08,7068
61.09,5049
61.1,2050
61.11,7056
61.12,5122
61.13,492
61.14,6722
61.15,4502
61.16,1309
61.17,6999
61.18,4973
61.19,886
61.2,6948
61.21,3943
61.22,255
61.23,6336
61.24,2797
61.25,7132
61.26,5760
61.27,2904
61.28,7166
61.29,6161
61.3,3294
61.31,7207
61.32,6236
61.33,3290
61.34,7197
61.35,6274
61.36,3233
61.37,7204
61.38,6306
61.39,3451
61.4,7215
61.41,5655
61.42,2185
61.43,7107
61.44,5485
61.45,2289
61.46,7109
61.47,5218
61.48,2050
61.49,7098
61.5,5133
61.51,205
61.52,6522
61.53,3342
61.54,7218
61.55,6052
61.56,3053
61.57,7194
61.58,5847
61.59,1753
61.6,7009
61.61,4886
61.62,1308
61.63,6737
61.64,3294
61.65,7018
61.66,4559
61.67,805
61.68,6576
61.69,3290
61.7,7217
61.71,5972
61.72,2979
61.73,7140
61.74,5148
61.75,1501
61.76,6916
61.77,4393
61.78,569
61.79,6716
61.8,4088
61.81,510
61.82,6540
61.83,3337
61.84,7225
61.85,5766
61.86,2298
61.87,7146
61.88,5101
61.89,1340
61.9,6799
61.91,4432
61.92,748
61.93,6708
61.94,3788
61.95,7298
61.96,6323
61.97,3331
61.98,7243
61.99,5912
62.0,3065
62.01,7248
62.02,6011
62.03,3049
62.04,7248
62.05,5684
62.06,2624
62.07,7197
62.08,5619
62.09,2504
62.1,7184
62.11,5378
62.12,2071
62.13,7056
62.14,4777
62.15,976
62.16,6803
62.17,3956
62.18,352
62.19,6416
62.2,3305
62.21,7294
62.22,6186
62.23,3154
62.24,7273
62.25,6075
62.26,3001
62.27,7263
62.28,5796
62.29,2896
62.3,7255
62.31,5913
62.32,3046
62.33,7283
62.34,6185
62.35,3291
62.36,7321
62.37,6396
62.38,3475
62.39,193
62.4,6670
62.41,4175
62.42,592
62.43,6797
62.44,4404
62.45,919
62.46,6841
62.47,4564
62.48,1063
62.49,6923
62.5,4878
62.51,1373
62.52,7030
62.53,4788
62.54,1309
62.55,6910
62.56,4640
62.57,1033
62.58,6975
62.59,4976
62.6,1990
62.61,7235
62.62,5393
62.63,2216
62.64,7251
62.65,5679
62.66,2872
62.67,7300
62.68,5882
62.69,3054
62.7,7332
62.71,6225
62.72,3369
62.73,7387
62.74,6562
62.75,3858
62.76,484
62.77,6776
62.78,4358
62.79,617
62.8,6811
62.81,4271
62.82,204
62.83,6570
62.84,3438
62.85,7380
62.86,6272
62.87,3176
62.88,7364
62.89,6008
62.9,3022
62.91,7322
62.92,5626
62.93,2451
62.94,7282
62.95,5472
62.96,2167
62.97,7259
62.98,5104
62.99,1600
63.0,7260
63.01,5249
63.02,2071
63.03,7268
63.04,5330
63.05,2230
63.06,7287
63.07,4953
63.08,1599
63.09,7080
63.1,4987
63.11,1292
63.12,6722
63.13,3446
63.14,7390
63.15,5928
63.16,2521
63.17,7292
63.18,4914
63.19,1772
63.2,7044
63.21,4601
63.22,621
63.23,6644
63.24,3454
63.25,7416
63.26,5991
63.27,2793
63.28,7315
63.29,5381
63.3,2137
63.31,7258
63.32,5010
63.33,1572
63.34,6944
63.35,4531
63.36,867
63.37,6809
63.38,4371
63.39,913
63.4,6920
63.41,4807
63.42,1559
63.43,7100
63.44,5117
63.45,2127
63.46,7320
63.47,5435
63.48,2366
63.49,7355
63.5,5655
63.51,2704
63.52,7379
63.53,5763
63.54,2797
63.55,7382
63.56,5779
63.57,2752
63.58,7380
63.59,5682
63.6,2769
63.61,7390
63.62,5692
63.63,2690
63.64,7382
63.65,5647
63.66,2827
63.67,7426
63.68,6044
63.69,3157
63.7,7470
63.71,6400
63.72,3468
63.73,283
63.74,6726
63.75,4222
63.76,837
63.77,6829
63.78,4435
63.79,909
63.8,6926
63.81,4857
63.82,573
63.83,6726
63.84,3889
63.85,7513
63.86,6373
63.87,3251
63.88,7452
63.89,5790
63.9,2746
63.91,7419
63.92,5658
63.93,2612
63.94,7415
63.95,5650
63.96,2558
63.97,7417
63.98,5607
63.99,2591
64.0,7444
64.01,5928
64.02,3086
64.03,7512
64.04,6575
64.05,4044
64.06,907
64.07,6990
64.08,5135
64.09,2234
64.1,7429
64.11,5814
64.12,3082
64.13,7521
64.14,6504
64.15,3954
64.16,846
64.17,6992
64.18,5153
64.19,2266
64.2,7444
64.21,5788
64.22,3054
64.23,7531
64.24,6412
64.25,3726
64.26,543
64.27,6815
64.28,4703
64.29,1698
64.3,7346
64.31,5560
64.32,2851
64.33,7527
64.34,6420
64.35,3701
64.36,869
64.37,7068
64.38,5219
64.39,2362
64.4,7492
64.41,6083
64.42,3400
64.43,262
64.44,6827
64.45,4684
64.46,1810
64.47,7411
64.48,5622
64.49,2108
64.5,7473
64.51,5737
64.52,2972
64.53,7559
64.54,6344
64.55,3433
64.56,312
64.57,6832
64.58,4564
64.59,1303
64.6,7087
64.61,5180
64.62,2235
64.63,7442
64.64,5324
64.65,2178
64.66,7440
64.67,5478
64.68,2382
64.69,7505
64.7,5698
64.71,2841
64.72,7546
64.73,5910
64.74,3008
64.75,7566
64.76,6045
64.77,3091
64.78,7565
64.79,5659
64.8,2535
64.81,7495
64.82,5191
64.83,2027
64.84,7357
64.85,5111
64.86,2121
64.87,7422
64.88,5470
64.89,2374
64.9,7532
64.91,5722
64.92,2935
64.93,7588
64.94,5943
64.95,2957
64.96,7567
64.97,5803
64.98,2790
64.99,7553
65.0,5805
65.01,2960
65.02,7591
65.03,5941
65.04,3060
65.05,7608
65.06,6166
65.07,3245
65.08,7641
65.09,6335
65.1,3296
65.11,7650
65.12,6365
65.13,3222
65.14,7644
65.15,6328
65.16,3257
65.17,7646
65.18,6337
65.19,3312
65.2,7670
65.21,6525
65.22,3676
65.23,396
65.24,6856
65.25,4590
65.26,1416
65.27,7213
65.28,5443
65.29,2301
65.3,7519
65.31,5746
65.32,2952
65.33,7637
65.34,6025
65.35,3124
65.36,7661
65.37,6156
65.38,3077
65.39,7653
65.4,6194
65.41,3138
65.42,7619
65.43,5828
65.44,2909
65.45,7633
65.46,5887
65.47,2886
65.48,7623
65.49,5793
65.5,2694
65.51,7546
65.52,5562
65.53,2312
65.54,7399
65.55,5105
65.56,1998
65.57,7171
65.58,5059
65.59,1711
65.6,7073
65.61,4946
65.62,1358
65.63,5465
65.64,7437
65.65,2093
65.66,4920
65.67,6948
65.68,583
65.69,3655
65.7,6449
65.71,6702
65.75,7684
65.76,3779
65.77,7393
65.78,5013
65.79,1303
65.8,6879
65.81,4216
65.82,380
65.83,6492
65.84,3276
65.85,7585
65.86,5531
65.87,2124
65.88,7112
65.89,4548
65.9,768
65.91,6848
65.92,3945
65.93,7742
65.94,6273
65.95,3144
65.96,7694
65.97,5281
65.98,1320
65.99,6909
66.0,4630
66.01,505
66.02,6663
66.03,3273
66.04,6790
66.05,3158
66.06,7726
66.07,6235
66.08,2880
66.09,7620
66.1,5697
66.11,2784
66.12,7502
66.13,3466
66.14,6668
66.15,3275
66.16,7741
66.17,5642
66.18,2592
66.19,7579
66.2,5445
66.21,7757
66.22,3545
66.23,5744
66.24,1266
66.25,6527
66.26,2950
66.27,6997
66.28,2846
66.29,7616
66.3,5568
66.31,2234
66.32,6961
66.33,2906
66.34,5827
66.35,918
66.36,6739
66.37,3458
66.38,7744
66.39,3234
66.4,6862
66.41,3477
66.42,7746
66.43,5708
66.44,1376
66.45,6571
66.46,3156
66.47,7621
66.48,2818
66.49,7150
66.5,4571
66.51,7820
66.52,6080
66.53,2467
66.54,7247
66.55,4186
66.56,140
66.57,6378
66.58,3068
66.59,7502
66.6,4820
66.61,621
66.62,6650
66.63,3347
66.64,7757
66.65,5827
66.66,2332
66.67,7059
66.68,4255
66.69,7824
66.7,5373
66.71,1498
66.72,6963
66.73,3880
66.74,7819
66.75,6067
66.76,2771
66.77,7509
66.78,5132
66.79,1299
66.8,6990
66.81,4490
66.82,564
66.83,6689
66.84,3517
66.85,7845
66.86,6259
66.87,2906
66.88,7609
66.89,5506
66.9,2124
66.91,7225
66.92,5016
66.93,923
66.94,6815
66.95,3810
66.96,7867
66.97,6326
66.98,3191
66.99,7786
67.0,6222
67.01,3123
67.02,7787
67.03,6016
67.04,2937
67.05,7654
67.06,5703
67.07,2397
67.08,7573
67.09,5677
67.1,2636
67.11,7634
67.12,5761
67.13,2650
67.14,7596
67.15,5716
67.16,2420
67.17,7464
67.18,5091
67.19,750
67.2,6591
67.21,3390
67.22,7817
67.23,6089
67.24,3024
67.25,7644
67.26,5624
67.27,1436
67.28,6917
67.29,4148
67.3,339
67.31,5860
67.32,2485
67.33,7396
67.34,5016
67.35,7898
67.36,6351
67.37,3268
67.38,7669
67.39,5126
67.4,1772
67.41,7090
67.42,4526
67.43,7911
67.44,6353
67.45,2948
67.46,7647
67.47,4592
67.48,841
67.49,6458
67.5,3288
67.51,7680
67.52,5728
67.53,1841
67.54,6955
67.55,4084
67.56,106
67.57,6050
67.58,2848
67.59,7642
67.6,5470
67.61,1320
67.62,6559
67.63,3258
67.64,7800
67.65,5331
67.66,1683
67.67,7079
67.68,4504
67.69,218
67.7,6182
67.71,2651
67.72,7411
67.73,5068
67.74,257
67.75,6419
67.76,3103
67.77,7669
67.78,5167
67.79,1386
67.8,6931
67.81,3788
67.82,7793
67.83,5691
67.84,2234
67.85,7083
67.86,3908
67.87,7428
67.88,4804
67.89,515
67.9,6731
67.91,3355
67.92,7733
67.93,5321
67.94,1317
67.95,6838
67.96,3528
67.97,7647
67.98,5266
67.99,480
68.0,6863
68.01,3865
68.02,7739
68.03,5719
68.04,1314
68.05,6821
68.06,3697
68.07,7828
68.08,5971
68.09,2394
68.1,6947
68.11,4136
68.12,8008
68.13,6349
68.14,3093
68.15,7670
68.16,5558
68.17,2094
68.18,7048
68.19,3198
68.2,7671
68.21,5557
68.22,1714
68.23,6976
68.24,4040
68.25,8019
68.26,6370
68.27,3018
68.28,7664
68.29,4313
68.3,7828
68.31,5834
68.32,2121
68.33,7066
68.34,4177
68.35,225
68.36,6543
