0.0,22951
0.01,22924
0.02,22915
0.03,22888
0.04,22857
0.05,22827
0.06,22811
0.07,22788
0.08,22782
0.09,22745
0.1,22712
0.11,22675
0.12,22654
0.13,22648
0.14,22613
0.15,22612
0.16,22590
0.17,22567
0.18,22565
0.19,22550
0.2,22527
0.21,22502
0.22,22473
0.23,22447
0.24,22413
0.25,22392
0.26,22372
0.27,22343
0.28,22314
0.29,22285
0.3,22262
0.31,22232
0.32,22231
0.35,22229
0.36,22211
0.37,22201
0.38,22163
0.39,22146
0.41,22113
0.42,22104
0.43,22096
0.44,22086
0.45,22072
0.46,22041
0.47,22018
0.48,22012
0.49,22008
0.5,21986
0.51,21964
0.52,21963
0.53,21933
0.54,21928
0.56,21914
0.57,21882
0.58,21865
0.6,21834
0.61,21809
0.62,21801
0.63,21787
0.64,21758
0.65,21752
0.67,21738
0.68,21713
0.7,21687
0.71,21651
0.72,21645
0.73,21614
0.74,21607
0.79,21604
0.8,21596
0.81,21589
0.83,21576
0.84,21568
0.85,21561
0.86,21557
0.87,21549
0.89,21535
0.9,21523
0.91,21516
0.92,21503
0.93,21491
0.94,21481
0.95,21457
0.96,21439
0.98,21433
0.99,21419
1.0,21397
1.01,21375
1.02,21358
1.03,21335
1.04,21329
1.05,21328
1.11,21324
1.12,21293
1.13,21256
1.14,21236
1.15,21222
1.16,21204
1.17,21182
1.18,21163
1.2,21146
1.21,21121
1.22,21103
1.23,21070
1.24,21047
1.25,21031
1.26,21007
1.27,20976
1.28,20967
1.31,20958
1.32,20950
1.33,20946
1.34,20927
1.35,20909
1.36,20891
1.37,20867
1.38,20845
1.39,20832
1.4,20807
1.41,20784
1.42,20783
1.43,20774
1.44,20770
1.45,20768
1.46,20739
1.47,20707
1.48,20706
1.49,20687
1.5,20662
1.51,20642
1.52,20639
1.57,20631
1.58,20618
1.59,20586
1.6,20563
1.61,20560
1.62,20555
1.63,20543
1.64,20511
1.65,20486
1.66,20455
1.67,20445
1.68,20436
1.69,20421
1.71,20395
1.72,20389
1.73,20383
1.74,20358
1.75,20331
1.76,20317
1.77,20293
1.78,20269
1.79,20239
1.8,20219
1.81,20199
1.82,20180
1.83,20166
1.84,20149
1.85,20125
1.86,20123
1.88,20099
1.89,20096
1.9,20068
1.91,20043
1.92,20023
1.93,20011
1.95,20002
1.96,19976
1.97,19953
1.98,19944
1.99,19921
2.0,19903
2.01,19879
2.02,19877
2.03,19856
2.04,19840
2.05,19834
2.06,19831
2.07,19808
2.08,19807
2.09,19791
2.1,19765
2.11,19739
2.12,19711
2.13,19700
2.14,19680
2.15,19662
2.16,19661
2.19,19649
2.21,19635
2.24,19628
2.25,19625
2.26,19598
2.27,19584
2.28,19575
2.29,19544
2.3,19525
2.31,19513
2.32,19503
2.34,19500
2.35,19476
2.36,19465
2.37,19459
2.38,19449
2.39,19445
2.42,19420
2.43,19416
2.46,19394
2.47,19389
2.49,19377
2.5,19365
2.51,19341
2.52,19321
2.53,19309
2.54,19282
2.56,19259
2.57,19251
2.58,19242
2.59,19229
2.6,19215
2.61,19192
2.62,19173
2.63,19145
2.64,19142
2.65,19130
2.66,19129
2.67,19123
2.68,19105
2.69,19081
2.7,19071
2.71,19050
2.72,19038
2.73,19028
2.74,19012
2.75,18999
2.76,18986
2.77,18971
2.78,18961
2.79,18934
2.8,18916
2.81,18915
2.84,18910
2.85,18883
2.86,18864
2.88,18857
2.89,18856
2.9,18831
2.91,18818
2.92,18809
2.93,18799
2.94,18781
2.95,18760
2.96,18732
2.97,18713
2.98,18698
2.99,18674
3.0,18644
3.01,18625
3.02,18598
3.03,18571
3.04,18556
3.05,18535
3.06,18521
3.07,18507
3.08,18480
3.09,18464
3.1,18445
3.12,18433
3.13,18417
3.14,18398
3.15,18379
3.16,18358
3.17,18351
3.18,18330
3.19,18294
3.2,18273
3.21,18268
3.22,18255
3.23,18244
3.24,18238
3.25,18232
3.26,18212
3.27,18186
3.28,18164
3.29,18153
3.3,18126
3.31,18100
3.32,18091
3.33,18080
3.34,18078
3.36,18070
3.37,18065
3.38,18040
3.44,18019
3.45,18006
3.46,17985
3.47,17977
3.51,17960
3.52,17932
3.53,17915
3.54,17891
3.55,17879
3.56,17851
3.57,17831
3.58,17799
3.59,17772
3.6,17752
3.61,17733
3.62,17713
3.63,17700
3.64,17695
3.65,17674
3.68,17672
3.69,17668
3.7,17665
3.71,17648
3.73,17641
3.74,17628
3.75,17619
3.76,17615
3.77,17599
3.78,17584
3.79,17561
3.8,17536
3.81,17524
3.82,17522
3.83,17505
3.84,17489
3.85,17485
3.86,17483
3.88,17472
3.89,17465
3.9,17462
3.91,17449
3.92,17445
3.93,17424
3.94,17418
3.96,17416
3.97,17402
3.98,17398
3.99,17395
4.0,17393
4.02,17391
4.03,17372
4.04,17353
4.15,17351
4.16,17337
4.18,17323
4.19,17312
4.22,17301
4.23,17294
4.24,17258
4.25,17251
4.26,17246
4.27,17245
4.28,17236
4.29,17228
4.32,17219
4.33,17210
4.38,17207
4.39,17195
4.4,17163
4.43,17156
4.44,17138
4.45,17130
4.46,17120
4.47,17109
4.48,17108
4.49,17106
4.5,17091
4.51,17078
4.52,17066
4.53,17060
4.54,17045
4.55,17023
4.56,17008
4.57,16971
4.58,16957
4.59,16938
4.6,16936
4.61,16925
4.62,16905
4.63,16897
4.64,16890
4.67,16886
4.68,16872
4.69,16863
4.7,16843
4.71,16829
4.72,16825
4.73,16823
4.75,16811
4.76,16807
4.78,16798
4.79,16764
4.8,16759
4.81,16746
4.82,16724
4.83,16708
4.84,16686
4.85,16680
4.86,16660
4.87,16645
4.88,16622
4.89,16610
4.9,16606
4.99,16604
5.0,16600
5.01,16586
5.02,16555
5.03,16545
5.04,16533
5.05,16508
5.06,16493
5.07,16472
5.08,16461
5.09,16456
5.1,16446
5.12,16434
5.15,16418
5.16,16398
5.17,16373
5.18,16369
5.19,16359
5.21,16357
5.22,16348
5.23,16324
5.24,16309
5.25,16282
5.26,16256
5.27,16239
5.28,16215
5.29,16203
5.3,16184
5.31,16157
5.32,16152
5.33,16144
5.34,16135
5.35,16117
5.36,16101
5.37,16087
5.38,16086
5.39,16071
5.4,16063
5.41,16058
5.42,16049
5.43,16037
5.44,16023
5.45,16018
5.46,16004
5.47,15982
5.48,15974
5.49,15966
5.5,15950
5.51,15930
5.52,15908
5.53,15899
5.54,15881
5.55,15876
5.56,15865
5.57,15842
5.61,15828
5.62,15816
5.64,15815
5.65,15811
5.66,15801
5.67,15785
5.68,15765
5.69,15743
5.7,15736
5.71,15716
5.72,15708
5.73,15696
5.74,15682
5.75,15672
5.76,15666
5.82,15660
5.83,15644
5.84,15641
5.85,15635
5.86,15629
5.87,15628
5.88,15623
5.9,15618
5.91,15611
6.21,15606
6.22,15602
6.24,15599
6.26,15593
6.27,15591
6.28,15581
6.29,15575
6.32,15566
6.33,15548
6.34,15520
6.35,15519
6.36,15511
6.37,15501
6.39,15497
6.4,15493
6.41,15482
6.42,15466
6.43,15450
6.44,15444
6.45,15443
6.46,15430
6.47,15413
6.48,15411
6.49,15398
6.5,15391
6.51,15381
6.52,15360
6.53,15355
6.54,15351
6.55,15341
6.56,15325
6.57,15322
6.58,15321
6.6,15314
6.61,15286
6.62,15272
6.63,15259
6.64,15245
6.65,15238
6.66,15225
6.67,15200
6.69,15188
6.7,15167
6.71,15138
6.72,15133
6.73,15122
6.75,15117
6.76,15084
6.77,15069
6.78,15052
6.79,15042
6.8,15004
6.81,14995
7.01,14981
7.02,14962
7.03,14957
7.04,14938
7.05,14918
7.06,14905
7.07,14894
7.08,14879
7.09,14851
7.1,14829
7.11,14812
7.12,14797
7.13,14789
7.14,14787
7.15,14772
7.16,14766
7.17,14749
7.18,14739
7.19,14736
7.2,14723
7.23,14710
7.24,14694
7.25,14682
7.26,14665
7.28,14661
7.29,14660
7.3,14657
7.31,14647
7.32,14645
7.33,14634
7.34,14632
7.35,14618
7.36,14607
7.37,14583
7.38,14568
7.39,14548
7.41,14546
7.42,14535
7.43,14523
7.44,14504
7.45,14493
7.46,14477
7.47,14457
7.48,14454
7.53,14438
7.54,14418
7.55,14409
7.56,14405
7.57,14402
7.58,14391
7.59,14379
7.6,14369
7.62,14359
7.63,14356
7.64,14349
7.65,14339
7.66,14320
7.67,14300
7.68,14297
7.71,14295
7.73,14283
7.74,14254
7.75,14243
7.76,14232
7.77,14215
7.78,14208
7.79,14195
7.8,14178
7.81,14173
7.82,14168
7.83,14153
7.84,14135
7.85,14129
7.86,14117
7.87,14115
7.91,14105
7.92,14090
7.93,14084
7.94,14079
7.95,14075
7.96,14060
8.21,14051
8.22,14031
8.23,14018
8.24,14012
8.25,13997
8.26,13987
8.28,13976
8.29,13956
8.3,13950
8.31,13946
8.33,13944
8.35,13938
8.36,13922
8.37,13906
8.38,13899
8.39,13889
8.4,13886
8.41,13874
8.42,13843
8.43,13832
8.44,13814
8.45,13805
8.46,13794
8.47,13789
8.48,13784
8.49,13776
8.52,13765
8.53,13754
8.54,13741
8.55,13737
8.56,13726
8.57,13717
8.58,13709
8.59,13700
8.6,13687
8.61,13680
8.62,13663
8.63,13662
8.64,13652
8.65,13640
8.66,13639
8.75,13607
8.76,13598
8.77,13584
8.78,13564
8.79,13558
8.8,13550
8.82,13533
8.84,13529
8.85,13516
8.87,13505
8.88,13495
8.89,13489
8.9,13474
8.92,13461
8.93,13441
8.94,13432
8.95,13425
8.96,13410
8.97,13395
8.98,13381
8.99,13365
9.0,13350
9.01,13336
9.02,13315
9.03,13307
9.04,13289
9.05,13277
9.06,13249
9.07,13235
9.08,13208
9.09,13203
9.1,13197
9.11,13188
9.12,13178
9.13,13168
9.14,13155
9.15,13144
9.16,13143
9.17,13120
9.18,13112
9.19,13103
9.21,13093
9.22,13085
9.23,13073
9.25,13058
9.26,13053
9.27,13041
9.28,13023
9.29,13012
9.3,12991
9.31,12985
9.32,12975
9.33,12963
9.34,12961
9.35,12949
9.36,12943
9.37,12939
9.38,12929
9.39,12914
9.4,12900
9.41,12892
9.43,12885
9.44,12884
9.45,12870
9.46,12856
9.47,12855
9.48,12839
9.49,12824
9.5,12807
9.51,12789
9.52,12780
9.53,12766
9.54,12761
9.55,12742
9.56,12725
9.57,12713
9.58,12709
9.59,12695
9.6,12693
9.62,12691
9.63,12672
9.64,12667
9.65,12650
9.66,12622
9.67,12616
9.68,12608
9.69,12598
9.7,12592
9.71,12587
9.72,12575
9.73,12564
9.74,12557
9.75,12547
9.76,12543
9.77,12521
9.78,12514
9.79,12511
9.8,12505
9.81,12484
9.82,12472
9.83,12469
9.84,12463
9.85,12447
9.86,12422
9.88,12413
9.89,12395
9.9,12381
9.91,12369
9.92,12361
9.93,12353
9.94,12340
9.95,12329
9.96,12318
9.97,12298
9.98,12285
9.99,12270
10.0,12266
10.01,12259
10.02,12252
10.03,12248
10.04,12242
10.05,12226
10.06,12224
10.07,12222
10.08,12211
10.09,12203
10.1,12195
10.11,12172
10.12,12162
10.13,12148
10.14,12137
10.15,12123
10.16,12122
10.17,12107
10.18,12103
10.19,12083
10.2,12081
10.21,12070
10.23,12059
10.24,12058
10.25,12047
10.26,12041
10.27,12039
10.28,12008
10.29,12001
10.3,11993
10.31,11985
10.34,11975
10.35,11968
10.36,11956
10.37,11953
10.38,11943
10.39,11926
10.41,11907
10.42,11901
10.43,11884
10.44,11867
10.45,11859
10.46,11855
10.47,11852
10.48,11837
10.54,11818
10.55,11815
10.58,11809
10.6,11795
10.61,11787
10.62,11780
10.64,11769
10.65,11755
10.66,11730
10.67,11722
10.68,11711
10.69,11707
10.7,11695
10.71,11685
10.72,11684
10.73,11683
10.75,11682
10.76,11667
10.77,11660
10.78,11656
10.79,11648
10.8,11625
10.81,11607
10.82,11594
10.83,11586
10.84,11576
10.85,11565
10.86,11550
10.87,11546
10.88,11538
10.89,11531
10.9,11527
10.91,11526
10.94,11509
10.95,11503
10.96,11497
10.97,11491
10.98,11484
10.99,11481
11.01,11479
11.02,11461
11.03,11439
11.04,11422
11.06,11415
11.08,11410
11.09,11402
11.1,11380
11.11,11378
11.12,11361
11.13,11354
11.17,11347
11.18,11324
11.19,11308
11.2,11301
11.21,11292
11.22,11286
11.23,11276
11.25,11273
11.26,11265
11.27,11254
11.28,11239
11.29,11226
11.56,11222
11.59,11212
11.6,11209
11.7,11207
11.71,11201
11.72,11194
11.74,11190
11.75,11184
11.77,11183
11.78,11173
11.79,11166
11.81,11158
11.82,11145
11.83,11136
11.84,11125
11.85,11114
11.86,11086
11.87,11075
11.88,11061
11.89,11043
11.9,11024
11.91,11015
11.92,10995
11.93,10979
11.94,10977
11.95,10971
11.96,10958
11.97,10955
12.01,10936
12.02,10933
12.03,10927
12.04,10914
12.05,10898
12.06,10889
12.07,10885
12.08,10868
12.09,10860
12.1,10855
12.11,10848
12.12,10838
12.13,10829
12.14,10817
12.15,10814
12.22,10811
12.23,10798
12.24,10785
12.25,10774
12.26,10767
12.27,10761
12.28,10753
12.32,10738
12.33,10728
12.34,10726
12.35,10717
12.36,10709
12.37,10704
12.38,10678
12.39,10670
12.4,10661
12.41,10655
12.42,10653
12.43,10647
12.44,10639
12.45,10618
12.46,10601
12.47,10590
12.48,10570
12.49,10566
12.5,10558
12.51,10553
12.52,10542
12.54,10539
12.55,10537
12.56,10530
12.57,10510
12.58,10504
12.59,10494
12.61,10485
12.62,10484
12.63,10482
12.64,10469
12.65,10460
12.69,10450
12.7,10431
12.71,10408
12.72,10405
12.73,10394
12.74,10380
12.75,10373
12.77,10371
12.78,10369
12.79,10363
12.8,10352
12.81,10346
12.82,10336
12.83,10325
12.84,10317
12.85,10310
12.86,10304
12.87,10298
12.91,10296
12.92,10295
12.93,10282
12.94,10274
12.95,10268
12.96,10262
12.97,10248
12.98,10244
13.02,10239
13.03,10222
13.04,10221
13.05,10203
13.06,10195
13.07,10192
13.12,10185
13.13,10181
13.14,10157
13.15,10150
13.21,10148
13.24,10143
13.25,10141
13.26,10118
13.27,10117
13.29,10113
13.3,10108
13.31,10100
13.32,10099
13.33,10090
13.35,10080
13.36,10077
13.37,10068
13.41,10064
13.42,10050
13.43,10025
13.44,10020
13.45,10012
13.46,10007
13.49,10000
13.5,9992
13.51,9989
13.52,9983
13.53,9971
13.54,9967
13.55,9962
13.56,9954
13.57,9944
13.58,9931
13.59,9925
13.6,9907
13.61,9902
13.62,9896
13.63,9894
13.64,9889
13.65,9884
13.66,9858
13.67,9846
13.68,9839
13.69,9835
13.7,9826
13.71,9809
13.72,9799
13.73,9795
13.74,9779
13.75,9776
13.76,9766
13.77,9762
13.87,9756
13.88,9744
13.89,9737
13.9,9733
13.91,9726
13.92,9712
13.93,9709
13.94,9700
13.95,9696
13.96,9687
13.97,9678
13.98,9675
14.02,9666
14.03,9658
14.04,9651
14.05,9649
14.06,9639
14.07,9627
14.08,9618
14.09,9613
14.1,9607
14.11,9593
14.13,9590
14.14,9588
14.15,9578
14.17,9577
14.18,9569
14.19,9564
14.2,9560
14.21,9555
14.22,9548
14.23,9537
14.24,9522
14.25,9507
14.26,9499
14.27,9495
14.28,9486
14.29,9469
14.3,9454
14.31,9434
14.32,9426
14.33,9411
14.34,9407
14.35,9399
14.36,9397
14.37,9376
14.38,9359
14.39,9357
14.4,9350
14.41,9339
14.42,9328
14.43,9312
14.44,9297
14.45,9282
14.46,9281
14.47,9272
14.48,9259
14.49,9252
14.5,9249
14.66,9247
14.67,9230
14.7,9225
14.71,9213
14.72,9210
14.74,9187
14.75,9185
14.76,9176
14.77,9174
14.79,9170
14.8,9160
14.81,9158
14.82,9149
14.83,9145
14.84,9143
14.85,9134
14.86,9127
14.87,9113
14.88,9107
14.89,9090
14.9,9089
14.91,9088
14.92,9083
14.93,9079
14.94,9068
14.95,9064
14.97,9058
14.98,9052
14.99,9045
15.0,9039
15.01,9031
15.02,9013
15.03,9004
15.04,8997
15.06,8995
15.07,8993
15.08,8991
15.09,8988
15.1,8977
15.11,8968
15.12,8955
15.13,8947
15.14,8944
15.15,8933
15.16,8920
15.17,8916
15.18,8912
15.19,8906
15.2,8900
15.21,8889
15.22,8886
15.23,8879
15.24,8874
15.25,8870
15.26,8862
15.27,8855
15.28,8851
15.29,8841
15.3,8826
15.31,8812
15.32,8801
15.33,8795
15.36,8782
15.37,8776
15.38,8770
15.39,8758
15.4,8753
15.41,8748
15.42,8744
15.44,8732
15.45,8725
15.46,8708
15.47,8706
15.48,8697
15.49,8694
15.51,8691
15.52,8690
15.54,8680
15.55,8674
15.56,8663
15.6,8654
15.61,8635
15.62,8629
15.63,8622
15.64,8603
15.65,8596
15.89,8592
15.9,8590
15.91,8587
15.92,8566
15.93,8559
15.94,8544
15.95,8542
15.96,8541
16.01,8532
16.02,8519
16.03,8506
16.04,8482
16.05,8459
16.06,8446
16.07,8431
16.08,8427
16.09,8421
16.1,8417
16.11,8393
16.43,8388
16.44,8377
16.47,8371
16.48,8370
16.49,8362
16.51,8351
16.54,8349
16.55,8341
16.56,8331
16.57,8325
16.59,8310
16.6,8300
16.61,8286
16.62,8277
16.63,8272
16.64,8262
16.65,8255
16.67,8252
16.68,8248
16.69,8237
16.7,8227
16.71,8218
16.72,8217
16.84,8211
16.89,8196
16.9,8186
16.91,8176
16.92,8168
16.93,8161
16.94,8151
16.98,8148
17.0,8141
17.01,8130
17.02,8117
17.05,8109
17.06,8105
17.07,8097
17.08,8089
17.09,8081
17.1,8079
17.11,8073
17.12,8065
17.13,8061
17.14,8060
17.15,8056
17.16,8048
17.17,8047
17.2,8042
17.21,8036
17.22,8031
17.24,8019
17.25,8017
17.26,8006
17.27,7995
17.28,7986
17.29,7983
17.31,7976
17.32,7966
17.33,7960
17.34,7949
17.35,7939
17.39,7925
17.4,7911
17.41,7895
17.42,7887
17.43,7879
17.44,7866
17.45,7859
17.46,7856
17.47,7841
17.48,7838
17.49,7824
17.5,7821
17.51,7814
17.53,7799
17.54,7786
17.55,7783
17.62,7778
17.64,7767
17.65,7762
17.66,7757
17.67,7756
17.68,7751
17.69,7747
17.7,7741
17.71,7733
17.72,7730
17.73,7711
17.74,7701
17.75,7688
17.76,7684
17.77,7669
17.78,7659
17.79,7656
17.81,7630
17.82,7629
17.83,7628
17.84,7626
17.85,7615
17.86,7598
17.87,7593
17.88,7590
17.89,7576
17.9,7567
17.91,7556
17.92,7550
17.94,7536
17.95,7528
17.96,7514
17.97,7513
17.98,7511
17.99,7495
18.0,7486
18.01,7477
18.03,7464
18.04,7462
18.05,7459
18.06,7447
18.07,7442
18.08,7436
18.09,7429
18.12,7421
18.13,7420
18.16,7417
18.17,7415
18.18,7397
18.2,7392
18.21,7391
18.22,7386
18.24,7375
18.25,7363
18.26,7361
18.27,7360
18.29,7354
18.32,7346
18.33,7344
18.39,7341
18.4,7334
18.41,7324
18.42,7323
18.43,7309
18.44,7302
18.46,7301
18.47,7299
18.48,7294
18.49,7281
18.5,7277
18.51,7275
18.52,7266
18.56,7265
18.57,7262
18.6,7256
18.61,7250
18.63,7244
18.64,7241
18.65,7229
18.66,7221
18.67,7201
18.68,7191
18.69,7188
18.7,7176
18.71,7171
18.72,7169
18.77,7163
18.78,7160
18.79,7151
18.8,7137
18.81,7136
18.82,7133
18.83,7126
18.84,7118
18.85,7113
18.86,7112
18.89,7109
18.9,7105
18.94,7099
18.95,7091
18.96,7075
18.97,7062
18.98,7057
18.99,7044
19.0,7034
19.01,7029
19.02,7020
19.03,7011
19.06,7007
19.07,7004
19.08,7000
19.09,6991
19.1,6983
19.11,6971
19.12,6968
19.13,6962
19.14,6958
19.15,6953
19.16,6951
19.17,6938
19.18,6929
19.19,6927
19.2,6920
19.26,6915
19.27,6905
19.28,6894
19.29,6887
19.3,6882
19.31,6876
19.32,6871
19.34,6863
19.35,6859
19.38,6847
19.39,6839
19.4,6831
19.41,6823
19.42,6821
19.43,6817
19.44,6813
19.45,6804
19.46,6799
19.47,6797
19.56,6794
19.57,6790
19.59,6787
19.6,6780
19.61,6761
19.62,6756
19.63,6750
19.66,6746
19.67,6744
19.68,6738
19.7,6729
19.71,6720
19.72,6712
19.73,6709
19.74,6693
19.9,6690
19.92,6687
19.93,6681
19.94,6664
19.95,6661
19.96,6659
19.97,6655
19.98,6638
19.99,6628
20.0,6622
20.01,6616
20.02,6614
20.18,6609
20.19,6598
20.2,6591
20.21,6589
20.22,6582
20.27,6580
20.28,6576
20.29,6572
20.31,6566
20.32,6563
20.34,6553
20.35,6552
20.36,6543
20.37,6538
20.38,6535
20.39,6529
20.4,6520
20.41,6514
20.42,6508
20.43,6506
20.44,6500
20.6,6497
20.61,6490
20.62,6482
20.63,6467
20.67,6454
20.68,6447
20.69,6446
20.71,6435
20.72,6433
20.81,6425
20.82,6412
20.83,6407
20.84,6401
20.85,6396
20.86,6391
20.87,6389
20.88,6388
20.89,6381
20.9,6376
20.91,6370
20.92,6368
20.93,6365
20.94,6362
20.95,6358
20.96,6352
20.97,6335
20.98,6330
20.99,6324
21.0,6320
21.01,6319
21.02,6311
21.03,6310
21.05,6305
21.06,6292
21.07,6283
21.08,6278
21.09,6275
21.1,6262
21.11,6259
21.13,6253
21.14,6236
21.16,6235
21.17,6224
21.18,6217
21.21,6209
21.22,6206
21.23,6197
21.24,6193
21.25,6190
21.26,6185
21.28,6183
21.31,6181
21.32,6165
21.33,6161
21.34,6154
21.35,6153
21.36,6152
21.37,6147
21.4,6144
21.41,6133
21.42,6123
21.43,6117
21.44,6113
21.45,6107
21.46,6105
21.47,6102
21.48,6097
21.49,6093
21.5,6088
21.51,6081
21.52,6079
21.55,6078
21.56,6074
21.6,6071
21.61,6061
21.64,6057
21.66,6056
21.67,6048
21.68,6044
21.69,6041
21.7,6037
21.71,6036
21.75,6034
21.76,6029
21.83,6020
21.84,6015
21.85,6010
21.86,6007
21.87,6000
21.88,5993
21.89,5990
21.9,5985
21.91,5978
21.92,5972
21.93,5971
21.94,5965
21.95,5957
21.96,5949
21.97,5932
21.98,5928
21.99,5927
22.03,5920
22.04,5910
22.05,5902
22.06,5897
22.07,5887
22.08,5881
22.09,5874
22.11,5868
22.12,5865
22.13,5863
22.14,5857
22.15,5854
22.16,5848
22.17,5843
22.18,5839
22.19,5838
22.25,5836
22.31,5833
22.33,5829
22.34,5822
22.35,5814
22.37,5810
22.38,5802
22.39,5797
22.4,5792
22.41,5790
22.42,5788
22.43,5784
22.49,5777
22.5,5774
22.51,5767
22.52,5762
22.53,5753
22.54,5751
22.55,5750
22.58,5745
22.59,5743
22.6,5742
22.62,5738
22.64,5734
22.65,5733
22.66,5730
22.67,5724
22.68,5722
22.69,5715
22.7,5713
22.71,5710
22.72,5709
22.73,5699
22.74,5698
22.75,5694
22.76,5693
22.81,5691
22.82,5680
22.85,5678
22.86,5676
22.87,5673
22.88,5670
22.89,5668
22.9,5665
22.91,5663
22.92,5658
23.0,5656
23.01,5655
23.02,5651
23.03,5645
23.04,5635
23.05,5634
23.06,5633
23.07,5629
23.08,5626
23.09,5623
23.1,5621
23.11,5619
23.17,5614
23.18,5606
23.2,5601
23.21,5600
23.23,5592
23.24,5585
23.25,5581
23.26,5576
23.28,5574
23.29,5569
23.3,5564
23.32,5552
23.34,5551
23.35,5548
23.37,5546
23.38,5538
23.39,5536
23.46,5531
23.47,5528
23.48,5527
23.5,5526
23.51,5525
23.53,5524
23.54,5517
23.56,5513
23.57,5505
23.58,5502
23.59,5496
23.6,5489
23.61,5485
23.62,5483
23.64,5481
23.66,5477
23.67,5474
23.68,5473
23.69,5464
23.7,5459
23.71,5456
23.73,5450
23.74,5449
23.75,5445
23.77,5434
23.78,5431
23.8,5430
23.81,5428
23.82,5422
23.83,5418
23.84,5417
23.87,5410
23.88,5406
23.91,5405
23.93,5400
23.94,5392
23.95,5386
23.96,5385
23.97,5381
23.98,5373
23.99,5369
24.01,5366
24.02,5363
24.03,5358
24.04,5356
24.08,5355
24.09,5351
24.1,5342
24.11,5337
24.12,5330
24.13,5329
24.16,5328
24.17,5323
24.18,5314
24.19,5306
24.21,5305
24.22,5296
24.23,5291
24.24,5288
24.25,5285
24.26,5283
24.27,5282
24.51,5281
24.52,5279
24.53,5278
24.54,5271
24.55,5267
24.56,5263
24.57,5256
24.6,5254
24.62,5251
24.63,5246
24.64,5244
24.65,5240
24.66,5238
24.67,5236
24.7,5235
24.71,5232
24.72,5230
24.76,5228
24.77,5223
24.78,5222
24.95,5221
24.97,5217
24.98,5215
24.99,5213
25.21,5212
25.22,5206
25.23,5204
25.24,5197
25.25,5194
25.27,5192
25.28,5185
25.29,5182
25.3,5180
25.31,5177
25.32,5171
25.33,5166
25.37,5162
25.39,5157
25.41,5152
25.49,5149
25.5,5147
25.51,5145
25.52,5144
25.54,5139
25.55,5136
25.56,5128
25.57,5124
25.61,5118
25.62,5116
25.63,5113
25.64,5110
25.65,5102
25.66,5096
25.67,5095
25.68,5088
25.7,5084
25.71,5081
25.72,5080
25.73,5078
25.74,5072
25.75,5063
25.77,5057
25.78,5053
25.79,5047
25.8,5046
25.81,5044
25.82,5043
25.83,5040
25.84,5036
25.85,5033
25.86,5028
25.87,5026
25.89,5020
25.9,5013
25.92,5012
25.93,5010
25.94,5004
25.95,5002
25.96,4998
25.97,4995
25.98,4993
26.04,4991
26.05,4989
26.06,4986
26.07,4979
26.08,4975
26.09,4972
26.1,4968
26.12,4965
26.26,4961
26.3,4958
26.31,4950
26.32,4949
26.36,4943
26.37,4936
26.38,4934
26.39,4933
26.4,4930
26.41,4929
26.43,4925
26.44,4921
26.45,4920
26.46,4919
26.47,4916
26.48,4915
26.49,4914
26.51,4911
26.53,4906
26.54,4901
26.75,4899
26.78,4888
26.79,4882
26.8,4881
26.81,4879
26.84,4878
26.85,4874
26.86,4872
26.87,4865
26.88,4863
26.89,4857
26.9,4856
26.91,4854
27.04,4849
27.05,4842
27.06,4837
27.07,4834
27.08,4828
27.09,4822
27.1,4817
27.11,4811
27.13,4807
27.14,4803
27.15,4801
27.16,4799
27.19,4795
27.2,4789
27.21,4783
27.22,4782
27.27,4781
27.28,4780
27.29,4775
27.3,4771
27.31,4767
27.33,4763
27.34,4758
27.35,4754
27.37,4752
27.38,4750
27.4,4748
27.41,4743
27.42,4738
27.43,4737
27.44,4732
27.45,4729
27.46,4728
27.47,4725
27.48,4723
27.55,4722
27.56,4720
27.57,4717
27.59,4716
27.64,4711
27.65,4710
27.67,4705
27.68,4704
27.69,4702
27.7,4697
27.71,4696
27.72,4691
27.73,4689
27.74,4684
27.75,4682
27.77,4678
27.78,4674
27.82,4672
27.83,4671
27.85,4670
27.86,4668
27.87,4658
27.89,4657
27.9,4650
27.91,4647
27.92,4642
27.93,4638
27.94,4634
27.96,4633
27.97,4628
27.98,4625
28.0,4621
28.02,4617
28.03,4616
28.05,4614
28.06,4612
28.07,4609
28.08,4608
28.09,4603
28.12,4601
28.14,4600
28.15,4592
28.19,4590
28.22,4580
28.23,4579
28.24,4576
28.25,4575
28.28,4574
28.32,4570
28.33,4566
28.36,4560
28.37,4555
28.38,4554
28.39,4551
28.4,4542
28.43,4538
28.44,4537
28.46,4534
28.5,4530
28.51,4522
28.52,4518
28.53,4517
28.54,4515
28.55,4512
28.56,4509
28.57,4507
28.58,4504
28.59,4497
28.6,4492
28.61,4489
28.62,4488
28.63,4487
28.65,4481
28.66,4480
28.68,4479
28.69,4476
28.7,4468
28.71,4466
28.72,4460
28.73,4458
28.97,4457
28.99,4456
29.0,4455
29.03,4454
29.04,4453
29.06,4450
29.07,4447
29.08,4445
29.09,4444
29.1,4442
29.11,4437
29.12,4432
29.13,4428
29.14,4426
29.15,4423
29.19,4421
29.2,4415
29.21,4414
29.22,4410
29.23,4407
29.25,4405
29.26,4399
29.28,4398
29.29,4395
29.3,4394
29.31,4391
29.32,4389
29.33,4387
29.34,4386
29.4,4385
29.41,4384
29.42,4382
29.44,4380
29.57,4379
29.58,4378
29.59,4373
29.6,4370
29.61,4366
29.62,4361
29.63,4358
29.65,4357
29.66,4355
29.67,4350
29.7,4346
29.71,4343
29.72,4340
29.73,4337
29.74,4335
29.75,4333
29.76,4332
29.77,4328
29.78,4326
29.8,4324
29.81,4323
29.83,4321
29.84,4319
29.85,4315
29.86,4314
29.87,4312
29.89,4306
29.9,4305
29.91,4304
29.92,4301
29.93,4299
29.94,4297
29.95,4293
29.96,4289
29.97,4288
29.98,4286
29.99,4283
30.0,4281
30.02,4280
30.05,4276
30.06,4272
30.07,4269
30.1,4267
30.11,4265
30.12,4261
30.13,4258
30.14,4256
30.15,4255
30.16,4253
30.18,4251
30.19,4250
30.2,4249
30.21,4247
30.22,4245
30.23,4238
30.25,4235
30.26,4231
30.27,4230
30.28,4229
30.29,4225
30.34,4223
30.35,4222
30.38,4220
30.39,4218
30.42,4214
30.43,4209
30.44,4207
30.45,4206
30.47,4204
30.5,4201
30.51,4198
30.52,4197
30.55,4193
30.56,4192
30.57,4190
30.58,4189
30.62,4185
30.67,4182
30.71,4181
30.72,4180
30.75,4177
30.76,4169
30.77,4166
30.78,4164
30.8,4163
30.81,4161
30.82,4160
30.84,4159
30.85,4156
30.88,4155
30.89,4153
30.91,4152
30.92,4151
30.97,4150
30.98,4147
30.99,4145
31.01,4144
31.02,4142
31.04,4140
31.05,4137
31.06,4136
31.1,4135
31.11,4133
31.12,4132
31.13,4131
31.14,4128
31.16,4126
31.18,4123
31.19,4121
31.2,4120
31.21,4115
31.42,4114
31.44,4111
31.45,4109
31.46,4107
31.47,4104
31.48,4103
31.49,4101
31.5,4100
31.51,4095
31.52,4091
31.53,4089
31.54,4086
31.56,4083
31.57,4082
31.58,4078
31.59,4075
31.61,4073
31.62,4071
31.64,4070
31.65,4068
31.66,4063
31.67,4059
31.7,4056
31.72,4054
31.73,4053
31.74,4052
31.75,4050
31.76,4049
31.85,4047
31.86,4046
31.87,4045
31.89,4044
31.9,4043
31.91,4037
31.92,4035
31.93,4033
31.94,4031
31.95,4029
32.15,4025
32.16,4021
32.17,4019
32.18,4016
32.19,4014
32.24,4013
32.25,4011
32.26,4008
32.27,4005
32.28,4004
32.3,4000
32.31,3997
32.46,3996
32.53,3995
32.54,3993
32.57,3992
32.58,3991
32.6,3989
32.61,3986
32.63,3983
32.64,3980
32.71,3979
32.74,3977
32.75,3976
32.76,3971
32.77,3969
32.78,3968
32.79,3964
32.8,3961
32.82,3960
32.88,3959
32.89,3957
32.91,3956
32.95,3955
32.96,3954
32.97,3953
33.02,3952
33.04,3950
33.05,3946
33.07,3944
33.1,3942
33.13,3941
33.15,3938
33.18,3937
33.19,3935
33.2,3933
33.21,3931
33.22,3929
33.23,3928
33.39,3924
33.4,3922
33.41,3921
33.42,3918
33.43,3917
33.44,3916
33.45,3913
33.48,3912
33.49,3910
33.51,3909
33.53,3907
33.54,3903
33.56,3898
33.57,3896
33.58,3890
33.59,3888
33.6,3887
33.85,3886
33.87,3885
33.9,3883
33.91,3882
33.92,3881
33.96,3880
34.06,3874
34.08,3873
34.09,3871
34.12,3866
34.15,3863
34.16,3861
34.19,3860
34.2,3857
34.21,3856
34.22,3854
34.25,3853
34.26,3852
34.29,3849
34.3,3848
34.32,3844
34.33,3843
34.37,3842
34.45,3839
34.46,3838
34.47,3835
34.48,3831
34.49,3830
34.54,3829
34.55,3827
34.59,3826
34.6,3825
34.62,3822
34.63,3817
34.68,3816
34.69,3815
34.75,3812
34.77,3811
34.78,3810
34.79,3809
34.8,3808
34.85,3803
34.86,3801
34.87,3798
34.88,3797
34.89,3796
34.9,3795
34.95,3794
34.96,3792
34.99,3789
35.01,3787
35.02,3786
35.03,3785
35.05,3782
35.06,3781
35.07,3779
35.08,3777
35.1,3776
35.17,3774
35.18,3771
35.2,3770
35.21,3769
35.23,3768
35.24,3767
35.33,3766
35.34,3765
35.35,3763
35.36,3762
35.37,3761
35.43,3755
35.44,3754
35.51,3752
35.52,3751
35.53,3750
35.54,3748
35.55,3746
35.56,3745
35.57,3744
35.64,3742
35.66,3741
35.67,3740
35.68,3739
35.69,3734
35.7,3733
35.71,3732
35.74,3731
35.76,3729
35.77,3727
35.78,3725
35.79,3723
35.86,3722
35.87,3719
35.88,3718
35.89,3717
35.9,3715
35.91,3714
35.92,3713
35.96,3712
35.97,3710
35.98,3708
36.02,3707
36.04,3706
36.05,3705
36.07,3703
36.16,3700
36.17,3699
36.18,3698
36.19,3694
36.2,3692
36.21,3691
36.23,3687
36.24,3685
36.26,3681
36.28,3680
36.29,3678
36.32,3677
36.33,3675
36.35,3673
36.41,3671
36.43,3670
36.45,3668
36.46,3665
36.5,3664
36.51,3663
36.54,3662
36.55,3661
36.58,3660
36.61,3659
36.62,3658
36.63,3657
36.65,3656
36.66,3654
36.67,3651
36.71,3650
36.73,3649
36.74,3648
36.76,3646
36.78,3645
36.8,3644
36.82,3641
36.83,3640
36.88,3637
36.89,3636
36.9,3635
36.93,3634
37.07,3632
37.08,3631
37.13,3629
37.14,3627
37.16,3626
37.28,3625
37.31,3624
37.32,3622
37.34,3620
37.35,3619
37.36,3618
37.38,3617
37.39,3616
37.4,3614
37.41,3613
37.44,3612
37.46,3611
37.48,3609
37.54,3608
37.65,3605
37.66,3604
37.78,3602
37.79,3601
37.8,3600
37.81,3599
37.83,3598
37.88,3596
37.89,3595
37.91,3594
37.92,3592
37.93,3591
37.97,3589
38.01,3587
38.04,3586
38.07,3584
38.08,3583
38.11,3581
38.13,3580
38.14,3577
38.18,3576
38.19,3575
38.2,3574
38.23,3573
38.24,3572
38.25,3571
38.26,3570
38.28,3568
38.29,3567
38.32,3566
38.35,3565
38.39,3564
38.4,3563
38.49,3561
38.52,3560
38.53,3559
38.56,3558
38.59,3556
38.6,3555
38.61,3554
38.7,3553
38.74,3551
38.77,3549
38.78,3548
38.8,3546
38.82,3545
38.83,3543
38.84,3542
38.95,3541
38.97,3540
39.02,3539
39.04,3538
39.07,3535
39.1,3534
39.14,3533
39.15,3532
39.18,3531
39.22,3529
39.23,3528
39.25,3527
39.28,3526
39.29,3525
39.31,3524
39.34,3522
39.36,3521
39.37,3520
39.51,3519
39.52,3518
39.54,3514
39.72,3513
39.73,3511
39.76,3510
39.79,3509
39.85,3508
39.93,3505
39.94,3504
39.96,3503
39.97,3501
39.98,3500
40.03,3499
40.08,3498
40.11,3497
40.12,3495
40.14,3494
40.15,3493
40.17,3491
40.2,3490
40.21,3489
40.22,3488
40.29,3486
40.3,3485
40.31,3483
40.32,3482
40.33,3481
40.35,3479
40.4,3478
40.44,3477
40.63,3476
40.67,3475
40.7,3473
40.74,3471
40.85,3470
40.88,3469
40.91,3468
40.94,3467
40.96,3466
40.97,3463
41.01,3462
41.12,3461
41.32,3460
41.38,3459
41.4,3458
41.44,3457
41.59,3456
41.6,3455
41.62,3454
41.63,3452
41.64,3451
41.7,3449
41.72,3448
42.02,3447
42.03,3445
42.09,3444
42.12,3443
42.16,3441
42.17,3439
42.31,3438
42.33,3437
42.36,3436
42.38,3435
42.48,3434
42.82,3433
42.83,3432
42.99,3431
43.1,3430
43.12,3429
43.13,3428
43.14,3427
43.15,3426
43.24,3425
43.27,3424
43.32,3423
43.34,3422
43.37,3421
43.5,3420
43.57,3419
43.69,3418
43.76,3417
43.83,3416
43.85,3415
43.86,3414
43.94,3413
43.99,3411
44.0,3409
44.27,3408
44.4,3407
44.42,3406
44.44,3405
44.51,3404
44.62,3403
44.71,3402
44.72,3401
44.76,3399
44.78,3398
44.88,3397
44.89,3396
45.24,3395
45.25,3394
45.31,3393
45.64,3392
45.69,3390
45.71,3389
45.79,3388
45.85,3387
45.87,3386
45.9,3385
45.94,3382
45.97,3381
46.14,3380
46.2,3379
46.27,3378
46.39,3377
46.44,3376
46.53,3375
46.61,3374
46.86,3373
46.87,3372
46.93,3371
46.97,3370
47.1,3369
47.21,3368
47.23,3367
47.74,3366
47.91,3365
47.92,3364
47.95,3363
48.02,3362
48.03,3361
48.23,3360
48.3,3359
48.38,3358
48.47,3357
48.61,3356
48.64,3355
48.66,3354
48.8,3353
49.07,3352
49.09,3350
49.96,3349
49.98,3348
50.5,3347
50.53,3346
50.61,3345
51.21,3344
51.24,3343
51.53,3342
51.67,3341
51.68,3340
51.82,3339
51.85,3338
52.08,3337
52.46,3336
52.71,3335
52.93,3334
53.02,3333
53.16,3332
54.37,3331
55.64,3330
55.83,3329
55.91,3328
55.95,3327
56.9,3326
58.25,3325
58.34,3324
61.26,3323
62.55,3322
62.88,3321
62.89,3320
63.11,3319
64.96,3318
65.53,3317
65.92,3316
66.25,3315
66.85,3314
67.02,3313
68.92,3312
69.49,3311
71.16,3310
71.34,3309
73.02,3308
73.65,3307
75.95,3306
84.86,3305
138.69,3304
