0.0,1019
0.01,1008
0.02,996
0.03,985
0.04,974
0.05,963
0.06,953
0.07,942
0.08,931
0.09,920
0.1,911
0.11,905
0.12,898
0.13,891
0.14,881
0.15,872
0.16,866
0.17,861
0.18,853
0.19,846
0.2,841
0.21,834
0.22,829
0.23,825
0.24,819
0.25,812
0.26,808
0.27,803
0.28,799
0.29,797
0.3,795
0.31,790
0.32,786
0.33,782
0.34,780
0.35,776
0.36,776
0.37,773
0.38,771
0.39,769
0.4,769
0.41,767
0.42,765
0.43,765
0.44,764
0.45,763
0.46,762
0.47,760
0.48,758
0.49,757
0.5,756
0.51,756
0.52,753
0.53,751
0.54,750
0.55,749
0.56,749
0.57,749
0.58,748
0.59,748
0.6,747
0.61,747
0.62,747
0.63,747
0.64,747
0.65,747
0.66,746
0.67,746
0.68,745
0.69,745
0.7,745
0.71,745
0.72,745
0.73,745
0.74,745
0.75,745
0.76,745
0.77,744
0.78,744
0.79,744
0.8,744
0.81,744
0.82,744
0.83,744
0.84,744
0.85,744
0.86,744
