0.00, 1024
0.0004069805145263672,1024
0.00045108795166015625,1023
0.0004961490631103516,1022
0.0005459785461425781,1021
0.0005888938903808594,1020
0.0006079673767089844,1019
0.0007290840148925781,1018
0.0007789134979248047,1017
0.0008370876312255859,1016
0.000885009765625,1015
0.0009357929229736328,1014
0.0010380744934082031,1013
0.0010731220245361328,1012
0.0010869503021240234,1011
0.0011179447174072266,1010
0.0011849403381347656,1009
0.001397848129272461,1008
0.0014178752899169922,1007
0.0014579296112060547,1006
0.00150299072265625,1005
0.0015337467193603516,1004
0.0015749931335449219,1003
0.001605987548828125,1002
0.0016329288482666016,1001
0.0017390251159667969,1000
0.00179290771484375,999
0.0018291473388671875,998
0.0019021034240722656,997
0.0019409656524658203,996
0.0020210742950439453,995
0.002090930938720703,994
0.0022308826446533203,993
0.002368927001953125,992
0.0025031566619873047,991
0.002525806427001953,990
0.0026149749755859375,989
0.002649068832397461,988
0.0026619434356689453,987
0.002727031707763672,986
0.0027790069580078125,985
0.002810955047607422,984
0.002928018569946289,983
0.0030760765075683594,982
0.0031409263610839844,981
0.003180980682373047,980
0.003306865692138672,979
0.0033597946166992188,978
0.0035271644592285156,977
0.003607034683227539,976
0.0036618709564208984,975
0.003701925277709961,974
0.003756999969482422,973
0.0038089752197265625,972
0.00420689582824707,971
0.004306793212890625,970
0.004542827606201172,969
0.004803895950317383,968
0.004865884780883789,967
0.00488591194152832,966
0.005011796951293945,965
0.005142927169799805,964
0.0051708221435546875,963
0.005205869674682617,962
0.0052509307861328125,961
0.005778074264526367,960
0.005806922912597656,959
0.005853891372680664,958
0.00589299201965332,957
0.0061647891998291016,956
0.006204843521118164,955
0.006239891052246094,954
0.006299018859863281,953
0.00634312629699707,952
0.006351947784423828,951
0.006596088409423828,950
0.006621837615966797,949
0.007111072540283203,948
0.007158041000366211,947
0.007277011871337891,946
0.007306814193725586,945
0.007403850555419922,944
0.007441997528076172,943
0.007465839385986328,942
0.007548093795776367,941
0.007815837860107422,940
0.00793600082397461,939
0.007982015609741211,938
0.008250951766967773,937
0.008378982543945312,936
0.00863790512084961,935
0.008871078491210938,934
0.009020090103149414,933
0.009040117263793945,932
0.009235858917236328,931
0.009465932846069336,930
0.009745121002197266,929
0.009769916534423828,928
0.01014399528503418,927
0.010179996490478516,926
0.010370016098022461,925
0.010510921478271484,924
0.010773897171020508,923
0.01081395149230957,922
0.011082887649536133,921
0.011168956756591797,920
0.011322021484375,919
0.01135396957397461,918
0.01139974594116211,917
0.01194906234741211,916
0.011973142623901367,915
0.012037992477416992,914
0.01207590103149414,913
0.012109994888305664,912
0.01221609115600586,911
0.012512922286987305,910
0.012730121612548828,909
0.013151884078979492,908
0.013303041458129883,907
0.013339996337890625,906
0.013582944869995117,905
0.013607025146484375,904
0.013640880584716797,903
0.013818025588989258,902
0.013966083526611328,901
0.01418304443359375,900
0.014215946197509766,899
0.014329910278320312,898
0.014716148376464844,897
0.014876842498779297,896
0.015259981155395508,895
0.015292167663574219,894
0.015514135360717773,893
0.015644073486328125,892
0.015839815139770508,891
0.015904903411865234,890
0.01680612564086914,889
0.017154932022094727,888
0.017188072204589844,887
0.017622947692871094,886
0.01806783676147461,885
0.018192052841186523,884
0.018465042114257812,883
0.018555164337158203,882
0.018666982650756836,881
0.018702030181884766,880
0.019026756286621094,879
0.019250869750976562,878
0.01948094367980957,877
0.01960587501525879,876
0.019767045974731445,875
0.01998615264892578,874
0.020341873168945312,873
0.020473957061767578,872
0.02157902717590332,871
0.02174210548400879,870
0.022494792938232422,869
0.023413896560668945,868
0.023463964462280273,867
0.02392101287841797,866
0.024135828018188477,865
0.02491307258605957,864
0.02622675895690918,863
0.027013063430786133,862
0.02881598472595215,861
0.029095888137817383,860
0.02939581871032715,859
0.030035972595214844,858
0.030061960220336914,857
0.03041696548461914,856
0.030440807342529297,855
0.030831098556518555,854
0.030987977981567383,853
0.031223058700561523,852
0.03292679786682129,851
0.03303790092468262,850
0.03307700157165527,849
0.03313493728637695,848
0.03600716590881348,847
0.03604912757873535,846
0.03623485565185547,845
0.03642892837524414,844
0.0377960205078125,843
0.0384669303894043,842
0.03901100158691406,841
0.03918290138244629,840
0.0411219596862793,839
0.04122114181518555,838
0.04214811325073242,837
0.042919158935546875,836
0.043303728103637695,835
0.04333686828613281,834
0.044580936431884766,833
0.04459691047668457,832
0.045288801193237305,831
0.04610705375671387,830
0.04752779006958008,829
0.04823017120361328,828
0.048539161682128906,827
0.049942970275878906,826
0.05096006393432617,825
0.053227901458740234,824
0.05517101287841797,823
0.05576586723327637,822
0.05643200874328613,821
0.05717301368713379,820
0.05849099159240723,819
0.05961489677429199,818
0.05964303016662598,817
0.06052803993225098,816
0.062065839767456055,815
0.06284403800964355,814
0.06296491622924805,813
0.06309700012207031,812
0.06343603134155273,811
0.06392097473144531,810
0.06429100036621094,809
0.06482291221618652,808
0.06760787963867188,807
0.06774091720581055,806
0.06854796409606934,805
0.06868505477905273,804
0.0700840950012207,803
0.0704188346862793,802
0.07358193397521973,801
0.07362079620361328,800
0.07431173324584961,799
0.07704901695251465,798
0.0798189640045166,797
0.07986593246459961,796
0.08040285110473633,795
0.08305597305297852,794
0.08518290519714355,793
0.08553886413574219,792
0.08741593360900879,791
0.08860993385314941,790
0.08864784240722656,789
0.08926510810852051,788
0.08972311019897461,787
0.08976101875305176,786
0.09021496772766113,785
0.09031891822814941,784
0.09425592422485352,783
0.09573793411254883,782
0.09902405738830566,781
0.09917402267456055,780
0.10158205032348633,779
0.10366678237915039,778
0.10386872291564941,777
0.10582184791564941,776
0.10594987869262695,775
0.10633993148803711,774
0.10848879814147949,773
0.10890793800354004,772
0.11072993278503418,771
0.1144559383392334,770
0.11691474914550781,769
0.12143993377685547,768
0.13127493858337402,767
0.1351759433746338,766
0.14106202125549316,765
0.14257407188415527,764
0.14854907989501953,763
0.15215778350830078,762
0.15373516082763672,761
0.15702295303344727,760
0.16281795501708984,759
0.16610097885131836,758
0.16704392433166504,757
0.16829800605773926,756
0.17456793785095215,755
0.18166899681091309,754
0.1857919692993164,753
0.2002580165863037,752
0.2029879093170166,751
0.21220088005065918,750
0.21472787857055664,749
0.22185111045837402,748
0.2219679355621338,747
0.25212883949279785,746
0.2945399284362793,745
0.29975104331970215,744
0.3021049499511719,743
0.32999181747436523,742
0.34047603607177734,741
0.3526298999786377,740
0.36337780952453613,739
0.3818831443786621,738
0.38346314430236816,737
0.4151930809020996,736
0.41927194595336914,735
0.47551989555358887,734
0.477139949798584,733
0.4794631004333496,732
0.4969508647918701,731
0.504694938659668,730
0.5276699066162109,729
0.5431327819824219,728
0.706697940826416,727
0.8204247951507568,726
0.8214199542999268,725
0.8615808486938477,724
0.8858950138092041,723
0.9842469692230225,722
1.1537740230560303,721
1.1773970127105713,720
1.337096929550171,719
1.5522668361663818,718
1.772428035736084,717
2.034273862838745,716
2.2159950733184814,715
2.2439348697662354,714
3.160325050354004,713
3.2143001556396484,712
4.616708040237427,711
5.839112758636475,710
5.95592999458313,709
15.43904709815979,708
18.28610610961914,707
23.01747989654541,706
23.08330488204956,705
56.45014810562134,704
296.78723096847534,703
