0.0,12
0.01,30
0.02,52
0.03,80
0.04,106
0.05,41
0.06,60
0.07,105
0.08,118
0.09,101
0.1,22
0.11,245
0.12,264
0.13,282
0.14,273
0.15,267
0.16,263
0.17,54
0.18,363
0.19,311
0.2,134
0.21,413
0.22,348
0.23,459
0.24,389
0.25,78
0.26,469
0.27,402
0.28,546
0.29,499
0.3,368
0.31,584
0.32,391
0.33,592
0.34,379
0.35,624
0.36,332
0.37,654
0.38,296
0.39,660
0.4,286
0.41,652
0.42,142
0.43,711
0.44,167
0.45,615
0.46,35
0.47,591
0.48,843
0.49,327
0.5,856
0.51,420
0.52,897
0.53,466
0.54,921
0.55,364
0.56,720
0.57,114
0.58,543
0.59,979
0.6,1018
