0.0,1076
0.01,1016
0.02,969
0.03,937
0.04,906
0.05,888
0.06,868
0.07,843
0.08,828
0.09,811
0.1,786
0.11,770
0.12,752
0.13,741
0.14,736
0.15,721
0.16,712
0.17,702
0.18,693
0.19,688
0.2,680
0.21,675
0.22,670
0.23,665
0.24,661
0.25,659
0.26,656
0.27,654
0.28,652
0.29,650
0.3,648
0.31,644
0.32,641
0.33,639
0.34,638
0.35,635
0.36,634
0.37,634
0.38,634
0.39,633
0.4,632
0.41,629
0.42,627
0.43,624
0.44,624
0.45,623
0.46,622
0.47,620
0.48,619
0.49,618
0.5,617
0.51,616
0.52,616
0.53,613
0.54,612
0.55,612
0.56,612
0.57,611
0.58,611
0.59,610
0.6,610
0.61,610
0.62,610
0.63,609
0.64,609
0.65,609
0.66,608
0.67,608
0.68,608
0.69,607
0.7,607
0.71,606
0.72,606
0.73,606
0.74,606
0.75,606
0.76,605
0.77,605
0.78,605
0.79,605
0.8,605
0.81,604
0.82,604
0.83,604
0.84,604
0.85,603
0.86,603
0.87,603
0.88,602
0.89,602
0.9,602
0.91,602
0.92,602
0.93,602
0.94,602
0.95,602
0.96,602
0.97,602
0.98,602
0.99,601
1.0,601
1.01,601
1.02,601
1.03,601
1.04,601
1.05,601
1.06,601
1.07,601
1.08,601
1.09,601
1.1,601
1.11,601
1.12,600
1.13,600
1.14,600
1.15,600
1.16,600
1.17,600
1.18,600
1.19,600
1.2,600
1.21,600
1.22,600
1.23,600
1.24,600
1.25,600
1.26,600
1.27,600
1.28,599
1.29,599
1.3,598
1.31,598
1.32,598
1.33,598
1.34,598
1.35,598
1.36,598
1.37,598
1.38,597
1.39,597
1.4,597
1.41,597
1.42,597
1.43,597
1.44,597
1.45,597
1.46,597
1.47,597
1.48,597
1.49,597
1.5,597
1.51,597
1.52,597
1.53,597
1.54,597
1.55,597
1.56,597
1.57,597
1.58,597
1.59,597
1.6,597
1.61,597
1.62,597
1.63,597
1.64,597
1.65,597
1.66,597
1.67,597
1.68,597
1.69,597
1.7,597
1.71,597
1.72,597
1.73,597
1.74,597
1.75,597
1.76,597
1.77,597
1.78,597
1.79,597
1.8,597
1.81,597
1.82,597
1.83,597
1.84,597
1.85,597
1.86,597
1.87,597
1.88,597
1.89,597
1.9,597
1.91,597
1.92,597
1.93,597
1.94,597
1.95,597
1.96,597
1.97,597
1.98,597
1.99,597
2.0,597
2.01,597
2.02,597
2.03,597
2.04,597
2.05,597
2.06,597
2.07,597
2.08,597
2.09,597
2.1,597
2.11,597
2.12,597
2.13,597
2.14,597
2.15,597
2.16,597
2.17,597
2.18,597
2.19,597
2.2,597
2.21,597
2.22,596
2.23,596
2.24,596
2.25,596
2.26,596
2.27,596
2.28,596
2.29,596
2.3,596
2.31,596
2.32,596
2.33,596
2.34,596
2.35,595
2.36,595
2.37,595
2.38,595
2.39,595
2.4,595
2.41,595
2.42,595
2.43,595
2.44,595
2.45,595
2.46,595
2.47,595
2.48,595
2.49,595
2.5,595
2.51,595
2.52,595
2.53,595
2.54,595
2.55,595
2.56,595
2.57,595
2.58,595
2.59,595
2.6,595
2.61,595
2.62,595
2.63,595
2.64,595
2.65,595
2.66,595
2.67,595
2.68,595
2.69,595
2.7,595
2.71,595
2.72,595
2.73,595
2.74,595
2.75,595
2.76,595
2.77,595
2.78,595
2.79,595
2.8,595
2.81,595
2.82,595
2.83,595
2.84,595
2.85,595
2.86,595
2.87,595
2.88,595
2.89,595
2.9,595
2.91,595
2.92,595
2.93,595
2.94,595
2.95,595
2.96,595
2.97,595
2.98,595
2.99,595
3.0,595
3.01,595
3.02,595
3.03,595
3.04,595
3.05,595
3.06,595
3.07,595
3.08,595
3.09,595
3.1,595
3.11,595
3.12,595
3.13,595
3.14,595
3.15,595
3.16,595
3.17,595
3.18,595
3.19,595
3.2,595
3.21,595
3.22,595
3.23,595
3.24,595
3.25,595
3.26,595
3.27,595
3.28,595
3.29,595
3.3,595
3.31,595
3.32,595
3.33,595
3.34,595
3.35,595
3.36,595
3.37,595
3.38,595
3.39,595
3.4,595
3.41,595
3.42,595
3.43,595
3.44,595
3.45,595
3.46,595
3.47,595
3.48,595
3.49,595
3.5,595
3.51,595
3.52,595
3.53,595
3.54,595
3.55,595
3.56,595
3.57,595
3.58,595
3.59,595
3.6,595
3.61,595
3.62,595
3.63,595
3.64,595
3.65,595
3.66,595
3.67,595
3.68,595
3.69,595
3.7,595
3.71,595
3.72,595
3.73,595
3.74,595
3.75,595
3.76,595
3.77,595
3.78,595
3.79,595
3.8,595
3.81,595
3.82,595
3.83,595
3.84,595
3.85,595
3.86,594
