0.0,1130
0.01,1123
0.02,1117
0.03,1110
0.04,1103
0.05,1096
0.06,1089
0.07,1082
0.08,1075
0.09,1068
0.1,1061
0.11,1054
0.12,1048
0.13,1041
0.14,1034
0.15,1027
0.16,1020
0.17,1013
0.18,1006
0.19,999
0.2,992
0.21,985
0.22,979
0.23,972
0.24,966
0.25,959
0.26,952
0.27,945
0.28,938
0.29,931
0.3,925
0.31,919
0.32,914
0.33,909
0.34,902
0.35,895
0.36,889
0.37,883
0.38,877
0.39,871
0.4,865
0.41,861
0.42,855
0.43,848
0.44,841
0.45,834
0.46,827
0.47,821
0.48,815
0.49,812
0.5,806
0.51,801
0.52,795
0.53,789
0.54,784
0.55,781
0.56,776
0.57,771
0.58,766
0.59,763
0.6,758
0.61,753
0.62,749
0.63,743
0.64,739
0.65,732
0.66,727
0.67,724
0.68,721
0.69,716
0.7,711
0.71,708
0.72,705
0.73,701
0.74,697
0.75,694
0.76,691
0.77,687
0.78,681
0.79,679
0.8,676
0.81,673
0.82,670
0.83,668
0.84,666
0.85,665
0.86,662
0.87,662
0.88,661
0.89,658
0.9,657
0.91,657
0.92,656
0.93,651
0.94,650
0.95,648
0.96,646
0.97,645
0.98,644
0.99,644
1.0,643
1.01,641
1.02,640
1.03,640
1.04,638
1.05,636
1.06,635
1.07,634
1.08,634
1.09,633
1.1,632
1.11,632
1.12,631
1.13,631
1.14,628
1.15,628
1.16,627
1.17,626
1.18,626
1.19,626
1.2,624
1.21,624
1.22,623
1.23,623
1.24,622
1.25,622
1.26,621
1.27,620
1.28,618
1.29,618
1.3,618
1.31,618
1.32,617
1.33,616
1.34,616
1.35,616
1.36,616
1.37,616
1.38,616
1.39,616
1.4,616
1.41,616
1.42,616
1.43,616
1.44,616
1.45,616
1.46,616
1.47,616
1.48,616
1.49,615
1.5,615
1.51,615
1.52,615
1.53,615
1.54,615
1.55,615
1.56,615
1.57,615
1.58,615
