0.0,1080
0.01,1031
0.02,981
0.03,954
0.04,925
0.05,898
0.06,887
0.07,866
0.08,850
0.09,838
0.1,820
0.11,801
0.12,783
0.13,770
0.14,752
0.15,742
0.16,740
0.17,732
0.18,720
0.19,713
0.2,705
0.21,701
0.22,693
0.23,691
0.24,685
0.25,678
0.26,675
0.27,671
0.28,668
0.29,664
0.3,661
0.31,659
0.32,658
0.33,656
0.34,654
0.35,654
0.36,652
0.37,650
0.38,648
0.39,647
0.4,644
0.41,642
0.42,641
0.43,639
0.44,638
0.45,638
0.46,635
0.47,634
0.48,634
0.49,634
0.5,634
0.51,634
0.52,633
0.53,632
0.54,630
0.55,628
0.56,627
0.57,624
0.58,624
0.59,623
0.6,623
0.61,623
0.62,622
0.63,620
0.64,619
0.65,619
0.66,618
0.67,617
0.68,617
0.69,616
0.7,616
0.71,613
0.72,613
0.73,612
0.74,612
0.75,612
0.76,612
0.77,612
0.78,611
0.79,611
0.8,611
0.81,610
0.82,610
0.83,610
0.84,610
0.85,610
0.86,609
0.87,609
0.88,609
0.89,609
0.9,609
0.91,608
0.92,608
0.93,608
0.94,608
0.95,607
0.96,607
0.97,607
0.98,606
0.99,606
1.0,606
1.01,606
1.02,606
1.03,606
1.04,606
1.05,605
1.06,605
1.07,605
1.08,605
1.09,605
1.1,605
1.11,605
1.12,604
1.13,604
1.14,604
1.15,604
1.16,604
1.17,604
1.18,603
1.19,603
1.2,603
1.21,603
1.22,602
1.23,602
1.24,602
1.25,602
1.26,602
1.27,602
1.28,602
1.29,602
1.3,602
1.31,602
1.32,602
1.33,602
1.34,602
1.35,602
1.36,602
1.37,602
1.38,601
1.39,601
1.4,601
1.41,601
1.42,601
1.43,601
1.44,601
1.45,601
1.46,601
1.47,601
1.48,601
1.49,601
1.5,601
1.51,601
1.52,601
1.53,601
1.54,601
1.55,601
1.56,601
1.57,600
1.58,600
1.59,600
1.6,600
1.61,600
1.62,600
1.63,600
1.64,600
1.65,600
1.66,600
1.67,600
1.68,600
1.69,600
1.7,600
1.71,600
1.72,600
1.73,600
1.74,600
1.75,600
1.76,600
1.77,600
1.78,600
1.79,600
1.8,599
1.81,599
1.82,599
1.83,598
1.84,598
1.85,598
1.86,598
1.87,598
1.88,598
1.89,598
1.9,598
1.91,598
1.92,598
1.93,598
1.94,597
1.95,597
1.96,597
1.97,597
1.98,597
1.99,597
2.0,597
2.01,597
2.02,597
2.03,597
2.04,597
2.05,597
2.06,597
2.07,597
2.08,597
2.09,597
2.1,597
2.11,597
2.12,597
2.13,597
2.14,597
2.15,597
2.16,597
2.17,597
2.18,597
2.19,597
2.2,597
2.21,597
2.22,597
2.23,597
2.24,597
2.25,597
2.26,597
2.27,597
2.28,597
2.29,597
2.3,597
2.31,597
2.32,597
2.33,597
2.34,597
2.35,597
2.36,597
2.37,597
2.38,597
2.39,597
2.4,597
2.41,597
2.42,597
2.43,597
2.44,597
2.45,597
2.46,597
2.47,597
2.48,597
2.49,597
2.5,597
2.51,597
2.52,597
2.53,597
2.54,597
2.55,597
2.56,597
2.57,597
2.58,597
2.59,597
2.6,597
2.61,597
2.62,597
2.63,597
2.64,597
2.65,597
2.66,597
2.67,597
2.68,597
2.69,597
2.7,597
2.71,597
2.72,597
2.73,597
2.74,597
2.75,597
2.76,597
2.77,597
2.78,597
2.79,597
2.8,597
2.81,597
2.82,597
2.83,597
2.84,597
2.85,597
2.86,597
2.87,597
2.88,597
2.89,597
2.9,597
2.91,597
2.92,597
2.93,597
2.94,597
2.95,597
2.96,597
2.97,597
2.98,597
2.99,597
3.0,597
3.01,597
3.02,597
3.03,597
3.04,597
3.05,597
3.06,597
3.07,597
3.08,597
3.09,597
3.1,597
3.11,597
3.12,597
3.13,597
3.14,597
3.15,597
3.16,596
3.17,596
3.18,596
3.19,596
3.2,596
3.21,596
3.22,596
3.23,596
3.24,596
3.25,596
3.26,596
3.27,596
3.28,596
3.29,596
3.3,596
3.31,596
3.32,596
3.33,596
3.34,596
3.35,595
3.36,595
3.37,595
3.38,595
3.39,595
3.4,595
3.41,595
3.42,595
3.43,595
3.44,595
3.45,595
3.46,595
3.47,595
3.48,595
3.49,595
3.5,595
3.51,595
3.52,595
3.53,595
3.54,595
3.55,595
3.56,595
3.57,595
3.58,595
3.59,595
3.6,595
3.61,595
3.62,595
3.63,595
3.64,595
3.65,595
3.66,595
3.67,595
3.68,595
3.69,595
3.7,595
3.71,595
3.72,595
3.73,595
3.74,595
3.75,595
3.76,595
3.77,595
3.78,595
3.79,595
3.8,595
3.81,595
3.82,595
3.83,595
3.84,595
3.85,595
3.86,595
3.87,595
3.88,595
3.89,595
3.9,595
3.91,595
3.92,595
3.93,595
3.94,595
3.95,595
3.96,595
3.97,595
3.98,595
3.99,595
4.0,595
4.01,595
4.02,595
4.03,595
4.04,595
4.05,595
4.06,595
4.07,595
4.08,595
4.09,595
4.1,595
4.11,595
4.12,595
4.13,595
4.14,595
4.15,595
4.16,595
4.17,595
4.18,595
4.19,595
4.2,595
4.21,595
4.22,595
4.23,595
4.24,595
4.25,595
4.26,595
4.27,595
4.28,595
4.29,595
4.3,595
4.31,595
4.32,595
4.33,595
4.34,595
4.35,595
4.36,595
4.37,595
4.38,595
4.39,595
4.4,595
4.41,595
4.42,595
4.43,595
4.44,595
4.45,595
4.46,595
4.47,595
4.48,595
4.49,595
4.5,595
4.51,595
4.52,595
4.53,595
4.54,595
4.55,595
4.56,595
4.57,595
4.58,595
4.59,595
4.6,595
4.61,595
4.62,595
4.63,595
4.64,595
4.65,595
4.66,595
4.67,595
4.68,595
4.69,595
4.7,595
4.71,595
4.72,595
4.73,595
4.74,595
4.75,595
4.76,595
4.77,595
4.78,595
4.79,595
4.8,595
4.81,595
4.82,595
4.83,595
4.84,595
4.85,595
4.86,595
4.87,595
4.88,595
4.89,595
4.9,595
4.91,595
4.92,595
4.93,595
4.94,595
4.95,595
4.96,595
4.97,595
4.98,595
4.99,595
5.0,595
5.01,595
5.02,595
5.03,595
5.04,595
5.05,595
5.06,595
5.07,595
5.08,595
5.09,595
5.1,595
5.11,595
5.12,595
5.13,595
5.14,595
5.15,595
5.16,595
5.17,595
5.18,595
5.19,595
5.2,595
5.21,595
5.22,595
5.23,595
5.24,595
5.25,595
5.26,595
5.27,595
5.28,595
5.29,595
5.3,595
5.31,595
5.32,595
5.33,595
5.34,595
5.35,595
5.36,595
5.37,595
5.38,595
5.39,595
5.4,595
5.41,595
5.42,595
5.43,595
5.44,595
5.45,595
5.46,595
5.47,595
5.48,595
5.49,595
5.5,595
5.51,594
