0.00, 115
6.794929504394531e-05,115
8.797645568847656e-05,114
9.584426879882812e-05,113
0.00010704994201660156,112
0.00011682510375976562,111
0.0001430511474609375,110
0.00017499923706054688,109
0.00018715858459472656,108
0.00019407272338867188,107
0.00020194053649902344,106
0.0003120899200439453,105
0.0004398822784423828,104
0.0004909038543701172,103
0.0007138252258300781,102
0.0007221698760986328,101
0.0010149478912353516,100
0.0010709762573242188,99
0.0010790824890136719,98
0.0016901493072509766,97
0.006430864334106445,96
0.009128093719482422,95
0.041055917739868164,94
