0.0,8361
0.01,8359
0.02,8358
0.03,8356
0.04,8354
0.05,8352
0.06,8351
0.07,8349
0.08,8347
0.09,8346
0.1,8344
0.11,8342
0.12,8340
0.13,8339
0.14,8337
0.15,8335
0.16,8333
0.17,8332
0.18,8330
0.19,8328
0.2,8327
0.21,8325
0.22,8323
0.23,8321
0.24,8320
0.25,8318
0.26,8316
0.27,8314
0.28,8313
0.29,8311
0.3,8309
0.31,8307
0.32,8306
0.33,8304
0.34,8302
0.35,8301
0.36,8299
0.37,8297
0.38,8295
0.39,8294
0.4,8292
0.41,8290
0.42,8288
0.43,8287
0.44,8285
0.45,8283
0.46,8281
0.47,8280
0.48,8278
0.49,8276
0.5,8274
0.51,8273
0.52,8271
0.53,8269
0.54,8268
0.55,8266
0.56,8264
0.57,8262
0.58,8261
0.59,8259
0.6,8257
0.61,8255
0.62,8254
0.63,8252
0.64,8250
0.65,8248
0.66,8247
0.67,8245
0.68,8243
0.69,8242
0.7,8240
0.71,8238
0.72,8236
0.73,8235
0.74,8233
0.75,8231
0.76,8229
0.77,8228
0.78,8226
0.79,8224
0.8,8222
0.81,8221
0.82,8219
0.83,8217
0.84,8216
0.85,8214
0.86,8212
0.87,8210
0.88,8209
0.89,8207
0.9,8205
0.91,8203
0.92,8202
0.93,8200
0.94,8198
0.95,8196
0.96,8195
0.97,8193
0.98,8191
0.99,8189
1.0,8188
1.01,8186
1.02,8184
1.03,8183
1.04,8181
1.05,8179
1.06,8177
1.07,8176
1.08,8174
1.09,8172
1.1,8170
1.11,8169
1.12,8167
1.13,8165
1.14,8163
1.15,8162
1.16,8160
1.17,8158
1.18,8157
1.19,8155
1.2,8153
1.21,8151
1.22,8150
1.23,8148
1.24,8146
1.25,8144
1.26,8143
1.27,8141
1.28,8139
1.29,8137
1.3,8136
1.31,8134
1.32,8132
1.33,8131
1.34,8129
1.35,8127
1.36,8125
1.37,8124
1.38,8122
1.39,8120
1.4,8118
1.41,8117
1.42,8115
1.43,8113
1.44,8111
1.45,8110
1.46,8108
1.47,8106
1.48,8104
1.49,8103
1.5,8101
1.51,8099
1.52,8098
1.53,8096
1.54,8094
1.55,8092
1.56,8091
1.57,8089
1.58,8087
1.59,8085
1.6,8084
1.61,8082
1.62,8080
1.63,8078
1.64,8077
1.65,8075
1.66,8073
1.67,8072
1.68,8070
1.69,8068
1.7,8066
1.71,8065
1.72,8063
1.73,8061
1.74,8059
1.75,8058
1.76,8056
1.77,8054
1.78,8052
1.79,8051
1.8,8049
1.81,8047
1.82,8045
1.83,8044
1.84,8042
1.85,8040
1.86,8039
1.87,8037
1.88,8035
1.89,8033
1.9,8032
1.91,8030
1.92,8028
1.93,8026
1.94,8025
1.95,8023
1.96,8021
1.97,8019
1.98,8018
1.99,8016
2.0,8014
2.01,8013
2.02,8011
2.03,8009
2.04,8007
2.05,8006
2.06,8004
2.07,8002
2.08,8000
2.09,7999
2.1,7997
2.11,7995
2.12,7993
2.13,7992
2.14,7990
2.15,7988
2.16,7987
2.17,7985
2.18,7983
2.19,7981
2.2,7980
2.21,7978
2.22,7976
2.23,7974
2.24,7973
2.25,7971
2.26,7969
2.27,7967
2.28,7966
2.29,7964
2.3,7962
2.31,7960
2.32,7959
2.33,7957
2.34,7955
2.35,7954
2.36,7952
2.37,7950
2.38,7948
2.39,7947
2.4,7945
2.41,7943
2.42,7941
2.43,7940
2.44,7938
2.45,7936
2.46,7934
2.47,7933
2.48,7931
2.49,7929
2.5,7927
2.51,7926
2.52,7924
2.53,7922
2.54,7921
2.55,7919
2.56,7917
2.57,7915
2.58,7914
2.59,7912
2.6,7910
2.61,7908
2.62,7907
2.63,7905
2.64,7903
2.65,7901
2.66,7900
2.67,7898
2.68,7896
2.69,7895
2.7,7893
2.71,7891
2.72,7889
2.73,7888
2.74,7886
2.75,7884
2.76,7882
2.77,7881
2.78,7879
2.79,7877
2.8,7875
2.81,7874
2.82,7872
2.83,7870
2.84,7868
2.85,7867
2.86,7865
2.87,7863
2.88,7862
2.89,7860
2.9,7858
2.91,7856
2.92,7855
2.93,7853
2.94,7851
2.95,7849
2.96,7848
2.97,7846
2.98,7844
2.99,7842
3.0,7841
3.01,7839
3.02,7837
3.03,7835
3.04,7834
3.05,7832
3.06,7830
3.07,7829
3.08,7827
3.09,7825
3.1,7823
3.11,7822
3.12,7820
3.13,7818
3.14,7816
3.15,7815
3.16,7813
3.17,7811
3.18,7809
3.19,7808
3.2,7806
3.21,7804
3.22,7803
3.23,7801
3.24,7799
3.25,7797
3.26,7796
3.27,7794
3.28,7792
3.29,7790
3.3,7789
3.31,7787
3.32,7785
3.33,7783
3.34,7782
3.35,7780
3.36,7778
3.37,7777
3.38,7775
3.39,7773
3.4,7771
3.41,7770
3.42,7768
3.43,7766
3.44,7764
3.45,7763
3.46,7761
3.47,7759
3.48,7757
3.49,7756
3.5,7754
3.51,7752
3.52,7751
3.53,7749
3.54,7747
3.55,7745
3.56,7744
3.57,7742
3.58,7740
3.59,7738
3.6,7737
3.61,7735
3.62,7733
3.63,7732
3.64,7730
3.65,7728
3.66,7726
3.67,7725
3.68,7723
3.69,7721
3.7,7719
3.71,7718
3.72,7716
3.73,7714
3.74,7712
3.75,7711
3.76,7709
3.77,7707
3.78,7706
3.79,7704
3.8,7702
3.81,7700
3.82,7699
3.83,7697
3.84,7695
3.85,7693
3.86,7692
3.87,7690
3.88,7688
3.89,7686
3.9,7685
3.91,7683
3.92,7681
3.93,7679
3.94,7678
3.95,7676
3.96,7674
3.97,7673
3.98,7671
3.99,7669
4.0,7667
4.01,7666
4.02,7664
4.03,7662
4.04,7660
4.05,7659
4.06,7657
4.07,7655
4.08,7653
4.09,7652
4.1,7650
4.11,7648
4.12,7646
4.13,7645
4.14,7643
4.15,7641
4.16,7640
4.17,7638
4.18,7636
4.19,7634
4.2,7633
4.21,7631
4.22,7629
4.23,7627
4.24,7626
4.25,7624
4.26,7622
4.27,7620
4.28,7619
4.29,7617
4.3,7615
4.31,7613
4.32,7612
4.33,7610
4.34,7609
4.35,7607
4.36,7605
4.37,7604
4.38,7602
4.39,7600
4.4,7599
4.41,7597
4.42,7595
4.43,7593
4.44,7592
4.45,7590
4.46,7588
4.47,7587
4.48,7585
4.49,7583
4.5,7581
4.51,7580
4.52,7578
4.53,7576
4.54,7575
4.55,7573
4.57,7572
4.58,7570
4.59,7568
4.6,7567
4.61,7565
4.62,7563
4.63,7562
4.64,7560
4.65,7558
4.66,7556
4.67,7555
4.68,7553
4.69,7551
4.7,7549
4.71,7548
4.72,7546
4.73,7544
4.74,7544
4.75,7542
4.76,7540
4.77,7538
4.78,7537
4.79,7535
4.8,7533
4.81,7532
4.82,7530
4.83,7528
4.84,7526
4.85,7525
4.86,7523
4.87,7521
4.88,7520
4.89,7518
4.9,7516
4.91,7514
4.92,7513
4.93,7511
4.94,7509
4.95,7508
4.96,7506
4.97,7504
4.98,7502
4.99,7501
5.0,7499
5.01,7497
5.02,7496
5.03,7495
5.04,7493
5.05,7491
5.06,7490
5.07,7488
5.08,7486
5.09,7484
5.1,7483
5.11,7481
5.12,7479
5.13,7478
5.14,7476
5.15,7474
5.16,7472
5.17,7471
5.18,7469
5.19,7467
5.2,7466
5.21,7464
5.22,7462
5.23,7460
5.24,7459
5.25,7457
5.26,7455
5.27,7454
5.28,7453
5.29,7451
5.3,7449
5.31,7448
5.32,7446
5.33,7444
5.34,7443
5.35,7441
5.36,7439
5.37,7437
5.38,7436
5.39,7434
5.4,7432
5.41,7431
5.42,7429
5.43,7427
5.44,7425
5.45,7424
5.46,7423
5.47,7421
5.48,7420
5.49,7418
5.5,7416
5.51,7415
5.52,7414
5.53,7412
5.54,7410
5.55,7409
5.56,7407
5.57,7405
5.58,7403
5.59,7402
5.6,7400
5.61,7398
5.62,7398
5.63,7396
5.64,7394
5.65,7392
5.66,7391
5.67,7389
5.68,7387
5.69,7386
5.7,7384
5.71,7382
5.72,7381
5.73,7380
5.74,7378
5.75,7376
5.76,7375
5.77,7373
5.78,7371
5.79,7369
5.8,7368
5.81,7366
5.82,7364
5.83,7363
5.84,7362
5.85,7360
5.86,7358
5.87,7357
5.88,7356
5.89,7354
5.9,7352
5.91,7351
5.92,7349
5.93,7347
5.94,7346
5.95,7344
5.96,7342
5.97,7340
5.98,7339
5.99,7337
6.0,7335
6.01,7334
6.02,7332
6.03,7331
6.04,7329
6.05,7329
6.06,7327
6.07,7325
6.08,7324
6.09,7323
6.1,7321
6.11,7319
6.12,7318
6.13,7316
6.14,7314
6.15,7313
6.16,7311
6.17,7309
6.18,7307
6.19,7306
6.2,7304
6.21,7302
6.22,7301
6.23,7299
6.24,7297
6.25,7295
6.26,7294
6.27,7292
6.28,7290
6.29,7289
6.3,7287
6.31,7285
6.32,7284
6.33,7283
6.34,7282
6.35,7281
6.36,7280
6.37,7278
6.38,7276
6.39,7274
6.4,7274
6.41,7272
6.42,7270
6.43,7269
6.44,7267
6.45,7265
6.46,7263
6.47,7263
6.48,7261
6.49,7259
6.5,7258
6.51,7257
6.52,7255
6.53,7253
6.54,7252
6.55,7250
6.56,7248
6.57,7247
6.58,7245
6.59,7243
6.6,7242
6.61,7242
6.62,7240
6.63,7238
6.64,7237
6.65,7235
6.66,7233
6.67,7232
6.68,7231
6.69,7229
6.7,7227
6.71,7226
6.72,7224
6.73,7223
6.74,7222
6.75,7221
6.76,7220
6.77,7218
6.78,7217
6.79,7215
6.8,7213
6.81,7212
6.82,7211
6.83,7209
6.84,7207
6.85,7206
6.86,7205
6.87,7203
6.88,7202
6.89,7201
6.9,7199
6.91,7197
6.92,7196
6.93,7194
6.94,7192
6.95,7191
6.96,7189
6.97,7187
6.98,7186
6.99,7185
7.0,7183
7.01,7181
7.02,7180
7.03,7180
7.04,7178
7.05,7177
7.06,7176
7.07,7174
7.08,7172
7.09,7171
7.1,7170
7.11,7168
7.12,7166
7.13,7165
7.14,7163
7.15,7161
7.16,7159
7.17,7158
7.18,7156
7.19,7154
7.2,7153
7.21,7151
7.22,7149
7.23,7147
7.24,7146
7.25,7144
7.26,7143
7.27,7142
7.28,7140
7.29,7138
7.3,7136
7.31,7135
7.32,7133
7.33,7131
7.34,7131
7.35,7129
7.36,7128
7.37,7126
7.38,7125
7.39,7123
7.4,7121
7.41,7119
7.42,7118
7.43,7116
7.44,7114
7.45,7113
7.46,7111
7.47,7109
7.48,7107
7.49,7106
7.5,7104
7.51,7102
7.52,7101
7.53,7099
7.54,7097
7.55,7095
7.56,7094
7.57,7092
7.58,7090
7.59,7089
7.6,7087
7.61,7085
7.62,7084
7.63,7083
7.64,7081
7.65,7080
7.66,7079
7.67,7077
7.68,7075
7.69,7073
7.7,7072
7.71,7070
7.72,7068
7.73,7067
7.74,7065
7.75,7063
7.76,7061
7.77,7060
7.78,7058
7.79,7057
7.8,7056
7.81,7054
7.82,7052
7.83,7051
7.84,7050
7.85,7048
7.86,7046
7.87,7045
7.88,7043
7.89,7041
7.9,7039
7.91,7038
7.92,7036
7.93,7034
7.94,7033
7.95,7031
7.96,7030
7.97,7028
7.98,7027
7.99,7025
8.0,7023
8.01,7022
8.02,7020
8.03,7019
8.04,7017
8.05,7016
8.06,7014
8.07,7012
8.08,7011
8.09,7011
8.1,7009
8.11,7008
8.12,7007
8.13,7005
8.14,7004
8.15,7003
8.16,7002
8.17,7001
8.18,6999
8.19,6997
8.2,6996
8.21,6994
8.22,6992
8.23,6991
8.24,6989
8.25,6987
8.26,6985
8.27,6984
8.28,6983
8.29,6981
8.3,6980
8.31,6979
8.32,6979
8.33,6977
8.34,6976
8.35,6974
8.36,6972
8.37,6971
8.38,6969
8.39,6968
8.4,6966
8.41,6965
8.42,6964
8.43,6962
8.44,6961
8.45,6959
8.46,6957
8.47,6955
8.48,6954
8.49,6952
8.5,6951
8.51,6950
8.52,6948
8.53,6946
8.54,6944
8.55,6943
8.56,6941
8.57,6939
8.58,6938
8.59,6936
8.6,6934
8.61,6933
8.62,6932
8.63,6930
8.64,6928
8.65,6927
8.66,6926
8.67,6925
8.68,6923
8.69,6922
8.7,6921
8.71,6919
8.72,6918
8.73,6916
8.74,6914
8.75,6912
8.76,6911
8.77,6909
8.78,6907
8.79,6906
8.8,6904
8.81,6902
8.82,6901
8.83,6900
8.84,6898
8.85,6897
8.86,6896
8.87,6894
8.88,6893
8.89,6893
8.9,6892
8.91,6890
8.92,6888
8.93,6886
8.94,6885
8.95,6884
8.96,6882
8.97,6881
8.98,6881
8.99,6879
9.0,6878
9.01,6877
9.02,6875
9.03,6873
9.04,6872
9.05,6871
9.06,6870
9.07,6869
9.08,6868
9.09,6867
9.1,6865
9.11,6863
9.12,6863
9.13,6861
9.14,6859
9.15,6858
9.16,6857
9.18,6856
9.19,6855
9.2,6853
9.21,6851
9.22,6850
9.23,6849
9.24,6847
9.25,6845
9.26,6843
9.27,6842
9.28,6840
9.29,6838
9.3,6837
9.31,6835
9.32,6834
9.33,6832
9.34,6831
9.35,6829
9.36,6828
9.37,6827
9.38,6825
9.39,6823
9.4,6822
9.41,6821
9.42,6820
9.43,6819
9.44,6818
9.45,6818
9.46,6816
9.47,6814
9.48,6813
9.49,6812
9.5,6810
9.51,6809
9.52,6807
9.53,6805
9.54,6803
9.55,6802
9.56,6801
9.57,6799
9.58,6798
9.59,6796
9.6,6794
9.61,6794
9.62,6793
9.63,6791
9.64,6790
9.65,6789
9.66,6787
9.67,6785
9.68,6783
9.69,6783
9.7,6781
9.71,6779
9.72,6778
9.73,6776
9.74,6774
9.75,6773
9.76,6772
9.77,6770
9.78,6768
9.79,6767
9.8,6765
9.81,6764
9.82,6762
9.83,6761
9.84,6759
9.85,6757
9.86,6756
9.87,6754
9.88,6752
9.89,6751
9.9,6751
9.91,6750
9.92,6749
9.93,6748
9.94,6748
9.95,6746
9.96,6744
9.97,6743
9.98,6741
9.99,6739
10.0,6737
10.01,6736
10.02,6734
10.03,6732
10.04,6731
10.05,6729
10.06,6727
10.07,6725
10.08,6724
10.09,6723
10.1,6721
10.11,6720
10.12,6718
10.13,6716
10.14,6714
10.15,6714
10.16,6712
10.17,6711
10.18,6711
10.19,6711
10.2,6710
10.21,6708
10.22,6707
10.23,6705
10.24,6703
10.25,6702
10.26,6700
10.27,6698
10.28,6696
10.29,6695
10.3,6695
10.31,6693
10.32,6692
10.33,6692
10.34,6691
10.35,6690
10.36,6689
10.37,6688
10.38,6686
10.39,6684
10.4,6683
10.41,6681
10.42,6679
10.43,6678
10.44,6677
10.45,6675
10.46,6673
10.47,6672
10.48,6670
10.49,6669
10.5,6668
10.51,6667
10.52,6665
10.53,6664
10.54,6663
10.55,6661
10.56,6660
10.57,6658
10.58,6658
10.59,6656
10.6,6654
10.61,6653
10.62,6653
10.63,6651
10.64,6649
10.65,6649
10.66,6647
10.67,6645
10.68,6644
10.69,6642
10.7,6640
10.71,6638
10.72,6637
10.73,6635
10.74,6635
10.75,6634
10.76,6633
10.77,6632
10.78,6630
10.79,6629
10.8,6627
10.81,6625
10.82,6623
10.83,6622
10.84,6620
10.85,6619
10.86,6618
10.87,6617
10.88,6615
10.89,6614
10.9,6614
10.91,6613
10.92,6612
10.93,6611
10.94,6609
10.95,6608
10.96,6606
10.97,6605
10.98,6603
10.99,6602
11.0,6601
11.01,6599
11.02,6597
11.03,6595
11.04,6594
11.05,6592
11.06,6590
11.07,6589
11.08,6587
11.09,6585
11.1,6584
11.11,6584
11.12,6584
11.13,6582
11.14,6581
11.15,6580
11.16,6578
11.17,6576
11.18,6575
11.19,6574
11.2,6572
11.21,6570
11.22,6569
11.23,6567
11.24,6565
11.25,6564
11.26,6562
11.27,6561
11.28,6560
11.29,6560
11.3,6559
11.31,6557
11.32,6556
11.33,6556
11.34,6554
11.35,6553
11.36,6551
11.37,6549
11.38,6548
11.39,6547
11.4,6546
11.41,6544
11.42,6543
11.43,6543
11.44,6542
11.45,6540
11.46,6539
11.47,6539
11.48,6538
11.49,6537
11.5,6536
11.51,6536
11.52,6534
11.53,6533
11.54,6533
11.55,6531
11.56,6530
11.57,6530
11.58,6529
11.59,6528
11.6,6528
11.61,6526
11.62,6524
11.63,6522
11.64,6521
11.65,6520
11.66,6518
11.67,6517
11.68,6516
11.69,6515
11.7,6514
11.71,6513
11.72,6511
11.73,6509
11.74,6507
11.75,6506
11.76,6504
11.77,6503
11.78,6503
11.79,6502
11.8,6500
11.81,6498
11.82,6497
11.83,6495
11.84,6493
11.85,6492
11.86,6490
11.87,6490
11.88,6489
11.89,6488
11.9,6486
11.91,6485
11.92,6484
11.93,6482
11.94,6480
11.95,6479
11.96,6478
11.97,6476
11.98,6475
11.99,6474
12.0,6473
12.01,6471
12.02,6470
12.03,6469
12.04,6467
12.05,6466
12.06,6464
12.07,6464
12.08,6463
12.09,6461
12.1,6460
12.11,6458
12.12,6456
12.13,6454
12.14,6454
12.15,6452
12.16,6450
12.17,6450
12.18,6448
12.19,6448
12.2,6447
12.21,6446
12.22,6444
12.23,6443
12.24,6442
12.25,6441
12.26,6440
12.27,6439
12.28,6438
12.29,6436
12.3,6434
12.31,6433
12.32,6431
12.33,6430
12.34,6428
12.35,6427
12.36,6425
12.37,6424
12.38,6423
12.39,6421
12.4,6419
12.41,6419
12.42,6419
12.43,6417
12.44,6416
12.45,6415
12.46,6413
12.47,6413
12.48,6412
12.49,6411
12.5,6410
12.51,6409
12.52,6408
12.53,6406
12.54,6405
12.55,6404
12.56,6403
12.57,6401
12.58,6400
12.59,6399
12.6,6397
12.61,6395
12.62,6394
12.63,6393
12.64,6393
12.65,6391
12.66,6390
12.67,6388
12.68,6386
12.69,6385
12.7,6384
12.71,6383
12.72,6381
12.73,6380
12.74,6380
12.75,6379
12.76,6378
12.77,6376
12.78,6374
12.79,6372
12.8,6372
12.81,6372
12.82,6370
12.83,6370
12.84,6368
12.85,6368
12.86,6366
12.87,6366
12.88,6364
12.89,6362
12.9,6361
12.91,6361
12.92,6359
12.93,6357
12.94,6356
12.95,6354
12.96,6354
12.97,6353
12.98,6353
12.99,6352
13.0,6351
13.01,6350
13.02,6348
13.03,6346
13.04,6345
13.05,6343
13.06,6341
13.07,6341
13.08,6340
13.09,6338
13.1,6338
13.11,6338
13.12,6336
13.13,6335
13.14,6334
13.15,6333
13.16,6332
13.17,6330
13.18,6330
13.19,6328
13.2,6328
13.21,6326
13.22,6325
13.23,6323
13.24,6321
13.25,6320
13.26,6318
13.27,6316
13.28,6315
13.29,6315
13.3,6314
13.31,6313
13.32,6313
13.33,6312
13.34,6312
13.35,6310
13.36,6309
13.37,6309
13.38,6308
13.39,6307
13.4,6305
13.41,6303
13.42,6302
13.43,6301
13.44,6299
13.45,6298
13.46,6297
13.47,6296
13.48,6296
13.49,6294
13.5,6293
13.51,6291
13.52,6290
13.53,6289
13.54,6288
13.55,6286
13.56,6284
13.57,6283
13.58,6281
13.59,6279
13.6,6278
13.61,6276
13.62,6274
13.63,6273
13.64,6272
13.65,6271
13.66,6270
13.67,6269
13.68,6267
13.69,6265
13.7,6264
13.71,6263
13.72,6261
13.73,6259
13.74,6258
13.75,6256
13.76,6254
13.77,6254
13.78,6254
13.79,6254
13.8,6254
13.81,6252
13.82,6250
13.83,6249
13.84,6248
13.85,6247
13.86,6246
13.87,6245
13.88,6244
13.89,6242
13.9,6241
13.91,6239
13.92,6239
13.93,6238
13.94,6237
13.95,6235
13.96,6233
13.97,6232
13.98,6230
13.99,6228
14.0,6227
14.01,6225
14.02,6223
14.03,6223
14.04,6223
14.05,6222
14.06,6220
14.07,6219
14.08,6218
14.09,6217
14.1,6216
14.11,6215
14.12,6214
14.13,6213
14.14,6213
14.15,6211
14.16,6210
14.17,6209
14.18,6207
14.19,6205
14.2,6204
14.21,6203
14.22,6202
14.23,6200
14.24,6199
14.25,6198
14.26,6197
14.27,6195
14.28,6195
14.29,6193
14.3,6191
14.31,6190
14.32,6190
14.33,6190
14.34,6189
14.35,6188
14.36,6188
14.37,6187
14.38,6187
14.39,6186
14.4,6186
14.41,6185
14.42,6184
14.43,6182
14.44,6181
14.45,6180
14.46,6178
14.47,6177
14.48,6175
14.49,6174
14.5,6173
14.51,6172
14.52,6171
14.53,6170
14.54,6168
14.55,6168
14.56,6167
14.57,6166
14.58,6164
14.59,6164
14.6,6163
14.61,6162
14.62,6162
14.63,6160
14.64,6158
14.65,6157
14.66,6156
14.67,6155
14.68,6153
14.69,6152
14.7,6150
14.71,6149
14.72,6149
14.73,6148
14.74,6146
14.75,6144
14.76,6143
14.77,6142
14.78,6140
14.79,6139
14.8,6138
14.81,6137
14.82,6136
14.83,6135
14.84,6133
14.85,6131
14.86,6131
14.87,6131
14.88,6130
14.89,6129
14.9,6128
14.91,6127
14.92,6125
14.93,6123
14.94,6121
14.95,6120
14.96,6118
14.97,6117
14.98,6116
14.99,6114
15.0,6112
15.01,6111
15.02,6109
15.03,6108
15.04,6107
15.05,6106
15.06,6104
15.07,6102
15.08,6101
15.09,6099
15.1,6098
15.11,6097
15.12,6096
15.13,6094
15.14,6092
15.15,6091
15.16,6089
15.17,6087
15.18,6085
15.19,6084
15.2,6082
15.21,6080
15.22,6079
15.23,6078
15.24,6077
15.25,6075
15.26,6074
15.27,6072
15.28,6070
15.29,6069
15.3,6067
15.31,6065
15.32,6064
15.33,6062
15.34,6061
15.35,6059
15.36,6058
15.37,6056
15.38,6054
15.39,6052
15.4,6051
15.41,6049
15.42,6047
15.43,6047
15.44,6045
15.45,6043
15.46,6042
15.47,6040
15.48,6038
15.49,6036
15.5,6035
15.51,6033
15.52,6031
15.53,6030
15.54,6028
15.55,6026
15.56,6025
15.57,6024
15.58,6022
15.59,6021
15.6,6020
15.61,6018
15.62,6016
15.63,6015
15.64,6014
15.65,6012
15.66,6010
15.67,6009
15.68,6007
15.69,6005
15.7,6005
15.71,6003
15.72,6003
15.73,6001
15.74,6000
15.75,5998
15.76,5997
15.77,5996
15.78,5995
15.79,5993
15.8,5991
15.81,5991
15.82,5989
15.83,5988
15.84,5987
15.85,5986
15.86,5984
15.87,5982
15.88,5981
15.89,5979
15.9,5977
15.91,5977
15.92,5975
15.93,5974
15.94,5973
15.95,5972
15.96,5971
15.97,5969
15.98,5968
15.99,5966
16.0,5964
16.01,5963
16.02,5961
16.03,5959
16.04,5957
16.05,5956
16.06,5954
16.07,5952
16.08,5951
16.09,5949
16.1,5947
16.11,5946
16.12,5945
16.13,5943
16.14,5941
16.15,5940
16.16,5939
16.17,5937
16.18,5935
16.19,5934
16.2,5932
16.21,5930
16.22,5929
16.23,5928
16.24,5926
16.25,5925
16.26,5924
16.27,5922
16.28,5920
16.29,5919
16.3,5917
16.31,5915
16.32,5914
16.33,5913
16.34,5911
16.35,5909
16.36,5908
16.37,5906
16.38,5904
16.39,5903
16.4,5901
16.41,5899
16.42,5898
16.43,5896
16.44,5895
16.45,5893
16.46,5892
16.47,5890
16.48,5888
16.49,5887
16.5,5885
16.51,5883
16.52,5882
16.53,5881
16.54,5880
16.55,5880
16.56,5879
16.57,5877
16.58,5876
16.59,5875
16.6,5874
16.61,5872
16.62,5870
16.63,5869
16.64,5868
16.65,5866
16.66,5865
16.67,5863
16.68,5861
16.69,5859
16.7,5859
16.71,5857
16.72,5856
16.73,5856
16.74,5854
16.75,5853
16.76,5852
16.77,5850
16.78,5848
16.79,5846
16.8,5845
16.81,5844
16.82,5843
16.83,5842
16.84,5840
16.85,5838
16.86,5837
16.87,5836
16.88,5834
16.89,5833
16.9,5832
16.91,5830
16.92,5829
16.93,5828
16.94,5826
16.95,5824
16.96,5823
16.97,5822
16.98,5820
16.99,5819
17.0,5818
17.01,5816
17.02,5815
17.03,5815
17.04,5813
17.05,5811
17.06,5810
17.07,5808
17.08,5808
17.09,5806
17.1,5805
17.11,5803
17.12,5801
17.13,5800
17.14,5799
17.15,5797
17.16,5796
17.17,5794
17.18,5792
17.19,5791
17.2,5790
17.21,5788
17.22,5786
17.23,5786
17.24,5784
17.25,5782
17.26,5780
17.27,5779
17.28,5777
17.29,5776
17.3,5775
17.31,5773
17.32,5771
17.33,5770
17.34,5768
17.35,5766
17.36,5764
17.37,5763
17.38,5761
17.39,5760
17.4,5759
17.41,5758
17.42,5756
17.43,5754
17.44,5754
17.45,5752
17.46,5751
17.47,5750
17.48,5748
17.49,5747
17.5,5746
17.51,5745
17.52,5743
17.53,5742
17.54,5741
17.55,5739
17.56,5737
17.57,5736
17.58,5735
17.59,5733
17.6,5732
17.61,5731
17.62,5729
17.63,5727
17.64,5727
17.65,5725
17.66,5724
17.67,5722
17.68,5721
17.69,5720
17.7,5718
17.71,5717
17.72,5715
17.73,5713
17.74,5711
17.75,5710
17.76,5708
17.77,5706
17.78,5705
17.79,5703
17.8,5702
17.81,5701
17.82,5700
17.83,5698
17.84,5696
17.85,5695
17.86,5695
17.87,5694
17.88,5692
17.89,5692
17.9,5690
17.91,5689
17.92,5688
17.93,5687
17.94,5686
17.95,5685
17.96,5684
17.97,5682
17.98,5680
17.99,5679
18.0,5678
18.01,5678
18.02,5677
18.03,5675
18.04,5675
18.05,5674
18.06,5673
18.07,5671
18.08,5670
18.09,5668
18.1,5666
18.11,5665
18.12,5664
18.13,5662
18.14,5661
18.15,5661
18.16,5659
18.17,5658
18.18,5657
18.19,5656
18.2,5655
18.21,5654
18.22,5653
18.23,5652
18.24,5650
18.25,5648
18.26,5647
18.27,5646
18.28,5646
18.29,5644
18.3,5643
18.31,5641
18.32,5639
18.33,5638
18.34,5636
18.35,5634
18.36,5633
18.37,5631
18.38,5630
18.39,5629
18.4,5627
18.41,5626
18.43,5624
18.44,5624
18.45,5622
18.46,5621
18.47,5620
18.48,5619
18.49,5617
18.5,5616
18.51,5615
18.52,5614
18.53,5612
18.54,5611
18.55,5611
18.56,5611
18.57,5611
18.58,5610
18.59,5610
18.6,5608
18.61,5607
18.62,5606
18.63,5604
18.64,5602
18.65,5600
18.66,5599
18.67,5597
18.68,5595
18.69,5594
18.7,5592
18.71,5591
18.72,5590
18.73,5590
18.74,5589
18.75,5587
18.76,5586
18.77,5585
18.78,5584
18.79,5582
18.8,5581
18.81,5579
18.82,5578
18.83,5578
18.84,5576
18.85,5574
18.86,5573
18.87,5571
18.88,5570
18.89,5569
18.9,5568
18.91,5566
18.92,5564
18.93,5563
18.94,5561
18.95,5559
18.96,5557
18.97,5556
18.98,5554
18.99,5554
19.0,5553
19.01,5552
19.02,5551
19.03,5550
19.04,5549
19.05,5548
19.06,5546
19.07,5545
19.08,5544
19.09,5544
19.1,5543
19.11,5542
19.12,5541
19.13,5539
19.14,5538
19.15,5536
19.16,5535
19.17,5533
19.18,5532
19.19,5530
19.2,5528
19.21,5527
19.22,5525
19.23,5523
19.24,5523
19.25,5523
19.26,5522
19.27,5520
19.28,5518
19.29,5517
19.3,5515
19.31,5513
19.32,5512
19.33,5511
19.34,5509
19.35,5508
19.36,5506
19.37,5504
19.38,5502
19.39,5501
19.4,5499
19.41,5497
19.42,5497
19.43,5495
19.44,5494
19.45,5492
19.46,5491
19.47,5489
19.48,5487
19.49,5487
19.5,5486
19.51,5485
19.52,5483
19.53,5482
19.54,5480
19.55,5479
19.56,5478
19.57,5477
19.58,5476
19.59,5474
19.6,5473
19.61,5472
19.62,5471
19.63,5471
19.64,5469
19.65,5468
19.66,5467
19.67,5466
19.68,5464
19.69,5462
19.7,5462
19.71,5462
19.72,5461
19.73,5459
19.74,5459
19.75,5458
19.76,5456
19.77,5454
19.78,5453
19.79,5452
19.8,5450
19.81,5449
19.82,5448
19.83,5446
19.84,5446
19.85,5444
19.86,5443
19.87,5441
19.88,5441
19.89,5441
19.9,5440
19.91,5439
19.92,5439
19.93,5437
19.94,5436
19.95,5435
19.96,5435
19.97,5434
19.98,5432
19.99,5430
20.0,5429
20.01,5428
20.02,5426
20.03,5426
20.04,5424
20.05,5423
20.06,5423
20.07,5422
20.08,5420
20.09,5418
20.1,5418
20.11,5417
20.12,5415
20.13,5414
20.14,5412
20.15,5411
20.16,5409
20.17,5407
20.18,5407
20.19,5407
20.2,5405
20.21,5403
20.22,5402
20.23,5402
20.24,5401
20.25,5401
20.26,5401
20.27,5400
20.28,5400
20.29,5399
20.3,5399
20.31,5398
20.32,5396
20.33,5396
20.34,5394
20.35,5393
20.36,5392
20.37,5391
20.38,5390
20.39,5389
20.4,5388
20.41,5386
20.42,5385
20.43,5383
20.44,5383
20.45,5382
20.46,5381
20.47,5381
20.48,5380
20.49,5379
20.5,5379
20.51,5378
20.52,5377
20.53,5375
20.54,5374
20.55,5373
20.56,5373
20.57,5371
20.58,5370
20.59,5369
20.6,5367
20.61,5366
20.62,5366
20.63,5366
20.64,5365
20.65,5363
20.66,5363
20.67,5361
20.68,5359
20.69,5358
20.7,5357
20.71,5357
20.72,5355
20.73,5355
20.74,5353
20.75,5351
20.76,5350
20.77,5349
20.78,5348
20.79,5346
20.8,5346
20.81,5346
20.82,5344
20.83,5343
20.84,5343
20.85,5342
20.86,5340
20.87,5339
20.88,5339
20.89,5337
20.9,5335
20.91,5335
20.92,5334
20.93,5332
20.94,5331
20.95,5330
20.96,5329
20.97,5328
20.98,5327
20.99,5327
21.0,5326
21.01,5326
21.02,5326
21.03,5324
21.04,5322
21.05,5321
21.06,5319
21.07,5319
21.08,5317
21.09,5316
21.1,5315
21.11,5313
21.12,5313
21.13,5312
21.14,5311
21.15,5310
21.16,5309
21.17,5307
21.18,5306
21.19,5305
21.2,5304
21.21,5302
21.22,5301
21.23,5300
21.24,5299
21.25,5298
21.26,5297
21.27,5295
21.28,5294
21.29,5293
21.3,5293
21.31,5291
21.32,5289
21.33,5288
21.34,5287
21.35,5286
21.36,5285
21.37,5284
21.38,5284
21.39,5284
21.4,5283
21.41,5283
21.42,5282
21.43,5280
21.44,5279
21.45,5278
21.46,5276
21.47,5274
21.48,5273
21.49,5273
21.5,5271
21.51,5270
21.52,5270
21.53,5270
21.54,5269
21.55,5269
21.56,5268
21.57,5268
21.58,5267
21.59,5265
21.6,5265
21.61,5264
21.62,5264
21.63,5263
21.64,5262
21.65,5261
21.66,5259
21.67,5259
21.68,5258
21.69,5257
21.7,5256
21.71,5254
21.72,5253
21.73,5253
21.74,5253
21.75,5252
21.76,5251
21.77,5250
21.78,5249
21.79,5249
21.8,5248
21.81,5246
21.82,5246
21.83,5245
21.84,5244
21.85,5243
21.86,5243
21.87,5242
21.88,5241
21.89,5239
21.9,5238
21.91,5237
21.92,5236
21.93,5236
21.94,5235
21.95,5234
21.96,5234
21.97,5233
21.98,5232
21.99,5231
22.0,5230
22.01,5229
22.02,5227
22.03,5226
22.04,5225
22.05,5225
22.06,5224
22.07,5223
22.08,5222
22.09,5220
22.1,5219
22.11,5219
22.12,5218
22.13,5217
22.14,5215
22.15,5214
22.16,5214
22.17,5212
22.18,5211
22.19,5211
22.2,5209
22.21,5208
22.22,5208
22.23,5207
22.24,5206
22.25,5206
22.26,5205
22.27,5204
22.28,5203
22.29,5202
22.3,5201
22.31,5199
22.32,5198
22.33,5198
22.34,5197
22.35,5195
22.36,5194
22.37,5193
22.38,5191
22.39,5189
22.4,5189
22.41,5187
22.42,5185
22.43,5184
22.44,5184
22.45,5182
22.46,5181
22.47,5181
22.48,5179
22.49,5179
22.5,5178
22.51,5178
22.52,5177
22.53,5175
22.54,5174
22.55,5173
22.56,5171
22.57,5169
22.58,5168
22.59,5167
22.6,5166
22.61,5165
22.62,5164
22.63,5163
22.64,5161
22.65,5160
22.66,5159
22.67,5158
22.68,5157
22.69,5156
22.7,5155
22.71,5155
22.72,5154
22.73,5153
22.74,5153
22.75,5151
22.76,5150
22.77,5149
22.78,5148
22.79,5147
22.8,5146
22.81,5145
22.82,5145
22.83,5145
22.84,5144
22.85,5143
22.86,5142
22.87,5142
22.88,5142
22.89,5141
22.9,5140
22.91,5139
22.92,5138
22.93,5136
22.94,5136
22.95,5134
22.96,5133
22.97,5133
22.98,5133
22.99,5132
23.0,5132
23.02,5131
23.03,5129
23.04,5128
23.05,5126
23.06,5126
23.07,5125
23.08,5123
23.09,5122
23.1,5121
23.11,5121
23.12,5120
23.13,5119
23.14,5118
23.15,5118
23.16,5117
23.17,5115
23.18,5115
23.19,5114
23.2,5114
23.21,5113
23.22,5113
23.23,5111
23.24,5109
23.25,5108
23.26,5107
23.27,5106
23.28,5105
23.29,5104
23.3,5103
23.31,5101
23.32,5100
23.33,5099
23.34,5099
23.35,5098
23.36,5097
23.37,5095
23.38,5094
23.39,5094
23.4,5093
23.41,5092
23.42,5091
23.43,5089
23.44,5087
23.45,5085
23.46,5085
23.47,5085
23.48,5085
23.49,5085
23.5,5085
23.51,5083
23.52,5081
23.53,5081
23.54,5080
23.55,5079
23.56,5079
23.57,5079
23.58,5078
23.59,5076
23.6,5076
23.61,5074
23.62,5074
23.63,5073
23.64,5073
23.65,5073
23.66,5072
23.67,5071
23.68,5070
23.69,5069
23.7,5067
23.71,5067
23.72,5067
23.73,5067
23.74,5066
23.75,5065
23.76,5065
23.77,5064
23.78,5063
23.79,5063
23.8,5062
23.81,5062
23.82,5061
23.83,5060
23.84,5059
23.85,5058
23.86,5058
23.87,5058
23.88,5057
23.89,5056
23.9,5055
23.91,5054
23.92,5052
23.93,5052
23.94,5051
23.95,5050
23.96,5048
23.97,5048
23.98,5046
23.99,5046
24.0,5046
24.01,5045
24.02,5043
24.03,5041
24.04,5041
24.05,5040
24.06,5039
24.07,5038
24.08,5038
24.09,5037
24.1,5036
24.11,5035
24.12,5034
24.13,5034
24.14,5034
24.15,5033
24.16,5032
24.17,5031
24.18,5031
24.19,5030
24.2,5029
24.21,5029
24.22,5028
24.23,5027
24.24,5027
24.25,5026
24.26,5025
24.27,5025
24.28,5025
24.29,5024
24.3,5023
24.31,5023
24.32,5023
24.33,5023
24.34,5023
24.35,5023
24.36,5023
24.37,5023
24.38,5023
24.39,5022
24.4,5020
24.41,5019
24.42,5019
24.43,5018
24.44,5017
24.45,5016
24.46,5016
24.47,5014
24.48,5013
24.49,5011
24.5,5011
24.51,5010
24.52,5008
24.53,5008
24.54,5006
24.55,5005
24.56,5003
24.57,5002
24.58,5002
24.59,5000
24.6,4999
24.61,4999
24.62,4998
24.63,4998
24.64,4997
24.65,4997
24.66,4996
24.67,4995
24.68,4995
24.69,4995
24.7,4994
24.71,4993
24.72,4992
24.73,4991
24.74,4990
24.75,4989
24.76,4989
24.77,4988
24.78,4987
24.79,4987
24.8,4986
24.81,4985
24.82,4983
24.83,4982
24.84,4982
24.85,4982
24.86,4981
24.87,4980
24.88,4979
24.89,4978
24.9,4977
24.91,4975
24.92,4974
24.93,4972
24.94,4971
24.95,4969
24.96,4967
24.97,4966
24.98,4965
24.99,4965
25.0,4963
25.01,4962
25.02,4961
25.03,4960
25.04,4958
25.05,4956
25.06,4955
25.07,4954
25.08,4953
25.09,4952
25.1,4950
25.11,4948
25.12,4947
25.13,4945
25.14,4944
25.15,4943
25.16,4942
25.17,4941
25.18,4940
25.19,4939
25.2,4937
25.21,4936
25.22,4935
25.23,4934
25.24,4932
25.25,4931
25.26,4929
25.27,4927
25.28,4926
25.29,4925
25.3,4924
25.31,4922
25.32,4921
25.33,4919
25.34,4918
25.35,4917
25.36,4915
25.37,4914
25.38,4913
25.39,4912
25.4,4912
25.41,4910
25.42,4909
25.43,4908
25.44,4907
25.45,4906
25.46,4905
25.47,4905
25.48,4904
25.49,4903
25.5,4903
25.51,4902
25.52,4900
25.53,4899
25.54,4898
25.55,4896
25.56,4895
25.57,4894
25.58,4892
25.59,4892
25.6,4891
25.61,4890
25.62,4888
25.63,4887
25.64,4886
25.65,4886
25.66,4884
25.67,4883
25.68,4881
25.69,4880
25.7,4879
25.71,4877
25.72,4875
25.73,4874
25.74,4873
25.75,4872
25.76,4871
25.77,4871
25.78,4870
25.79,4868
25.8,4867
25.81,4866
25.82,4865
25.83,4864
25.84,4863
25.85,4861
25.86,4860
25.87,4860
25.88,4858
25.89,4857
25.9,4856
25.91,4855
25.92,4855
25.93,4853
25.94,4852
25.95,4851
25.96,4850
25.97,4848
25.98,4848
25.99,4847
26.0,4845
26.01,4845
26.02,4843
26.03,4843
26.04,4842
26.05,4841
26.06,4839
26.07,4838
26.08,4838
26.09,4837
26.1,4836
26.11,4835
26.12,4833
26.13,4832
26.14,4830
26.15,4829
26.16,4827
26.17,4826
26.18,4825
26.19,4824
26.2,4822
26.21,4822
26.22,4820
26.23,4819
26.24,4819
26.25,4817
26.26,4816
26.27,4814
26.28,4814
26.29,4812
26.3,4811
26.31,4810
26.32,4809
26.33,4808
26.34,4807
26.35,4807
26.36,4806
26.37,4805
26.38,4804
26.39,4804
26.4,4802
26.41,4801
26.42,4800
26.43,4799
26.44,4798
26.45,4797
26.46,4795
26.47,4794
26.48,4794
26.49,4793
26.5,4792
26.51,4792
26.52,4791
26.53,4789
26.54,4788
26.55,4786
26.56,4784
26.57,4784
26.58,4782
26.59,4782
26.6,4781
26.61,4780
26.62,4779
26.63,4777
26.64,4776
26.65,4774
26.66,4772
26.67,4772
26.68,4772
26.69,4772
26.7,4771
26.71,4770
26.72,4769
26.73,4768
26.74,4767
26.75,4765
26.76,4765
26.77,4765
26.78,4765
26.79,4764
26.8,4762
26.81,4762
26.82,4761
26.83,4759
26.84,4758
26.85,4757
26.86,4755
26.87,4754
26.88,4754
26.89,4752
26.9,4752
26.91,4752
26.92,4751
26.93,4751
26.94,4750
26.95,4748
26.96,4747
26.97,4747
26.98,4745
26.99,4743
27.0,4742
27.01,4740
27.02,4739
27.03,4739
27.04,4737
27.05,4736
27.06,4735
27.07,4734
27.08,4733
27.09,4732
27.1,4731
27.11,4730
27.12,4729
27.13,4728
27.14,4726
27.15,4724
27.16,4722
27.17,4722
27.18,4720
27.19,4718
27.2,4718
27.21,4717
27.22,4716
27.23,4715
27.24,4714
27.25,4714
27.26,4714
27.27,4713
27.28,4713
27.29,4711
27.3,4710
27.31,4709
27.32,4707
27.33,4706
27.34,4705
27.35,4704
27.36,4703
27.37,4702
27.38,4702
27.39,4702
27.4,4702
27.41,4701
27.42,4700
27.43,4700
27.44,4698
27.45,4696
27.46,4696
27.47,4696
27.48,4694
27.49,4694
27.5,4693
27.51,4691
27.52,4691
27.53,4690
27.54,4689
27.55,4688
27.56,4688
27.57,4686
27.58,4684
27.59,4683
27.6,4683
27.61,4683
27.62,4681
27.63,4681
27.64,4681
27.66,4681
27.67,4680
27.68,4679
27.69,4679
27.7,4677
27.71,4676
27.72,4674
27.73,4673
27.74,4672
27.75,4671
27.76,4671
27.77,4670
27.78,4669
27.79,4667
27.8,4667
27.81,4667
27.82,4666
27.83,4666
27.84,4664
27.85,4663
27.86,4663
27.87,4662
27.88,4662
27.89,4661
27.9,4660
27.91,4659
27.92,4658
27.93,4657
27.94,4657
27.95,4656
27.96,4656
27.97,4656
27.98,4655
27.99,4653
28.0,4653
28.01,4651
28.02,4650
28.03,4648
28.04,4648
28.05,4647
28.06,4646
28.07,4645
28.08,4644
28.09,4644
28.1,4643
28.11,4643
28.12,4642
28.13,4641
28.14,4640
28.15,4639
28.16,4638
28.17,4637
28.18,4635
28.19,4635
28.2,4634
28.21,4632
28.22,4631
28.23,4630
28.24,4630
28.25,4629
28.26,4627
28.27,4627
28.28,4627
28.29,4626
28.3,4626
28.31,4626
28.32,4625
28.33,4624
28.34,4622
28.35,4621
28.36,4620
28.37,4618
28.38,4618
28.39,4617
28.4,4615
28.41,4614
28.42,4614
28.43,4614
28.44,4613
28.45,4612
28.46,4611
28.47,4610
28.48,4608
28.49,4606
28.5,4606
28.51,4606
28.52,4604
28.53,4604
28.54,4604
28.55,4602
28.56,4601
28.57,4600
28.58,4599
28.59,4597
28.6,4595
28.61,4594
28.62,4594
28.63,4593
28.64,4593
28.65,4592
28.66,4592
28.67,4591
28.68,4590
28.69,4589
28.7,4589
28.71,4588
28.72,4587
28.73,4587
28.74,4586
28.75,4585
28.76,4584
28.77,4584
28.78,4583
28.79,4581
28.8,4580
28.81,4579
28.82,4578
28.83,4578
28.84,4577
28.85,4576
28.86,4575
28.87,4575
28.88,4574
28.89,4573
28.9,4572
28.91,4571
28.92,4571
28.93,4570
28.94,4570
28.95,4568
28.96,4566
28.97,4565
28.98,4564
28.99,4563
29.0,4562
29.01,4562
29.02,4560
29.03,4560
29.04,4560
29.05,4559
29.06,4558
29.07,4557
29.08,4557
29.09,4557
29.1,4557
29.11,4555
29.12,4554
29.13,4553
29.14,4552
29.15,4551
29.16,4550
29.17,4549
29.18,4548
29.19,4548
29.2,4548
29.21,4548
29.22,4547
29.23,4546
29.24,4545
29.25,4545
29.26,4545
29.27,4544
29.28,4543
29.29,4542
29.3,4540
29.31,4539
29.32,4538
29.33,4537
29.34,4535
29.35,4534
29.36,4533
29.37,4533
29.38,4532
29.39,4531
29.4,4531
29.41,4529
29.42,4529
29.43,4529
29.44,4528
29.45,4528
29.46,4528
29.47,4528
29.48,4527
29.49,4526
29.5,4526
29.51,4525
29.52,4523
29.53,4521
29.54,4521
29.55,4520
29.56,4518
29.57,4517
29.58,4515
29.59,4515
29.6,4514
29.61,4513
29.62,4512
29.63,4511
29.64,4510
29.65,4508
29.66,4508
29.67,4507
29.68,4507
29.69,4506
29.7,4506
29.71,4506
29.72,4505
29.73,4504
29.74,4503
29.75,4503
29.76,4501
29.77,4501
29.78,4499
29.79,4499
29.8,4499
29.81,4498
29.82,4498
29.83,4498
29.84,4497
29.85,4497
29.86,4497
29.87,4497
29.88,4497
29.89,4496
29.9,4496
29.91,4495
29.92,4495
29.93,4494
29.94,4492
29.95,4492
29.96,4491
29.97,4490
29.98,4489
29.99,4489
30.0,4488
30.01,4487
30.02,4487
30.03,4487
30.04,4486
30.05,4486
30.06,4486
30.07,4485
30.08,4484
30.09,4482
30.1,4482
30.11,4482
30.12,4481
30.13,4481
30.14,4480
30.15,4478
30.16,4477
30.17,4475
30.18,4474
30.19,4474
30.2,4473
30.21,4473
30.22,4472
30.23,4472
30.24,4471
30.25,4469
30.26,4469
30.27,4469
30.28,4467
30.29,4466
30.3,4466
30.31,4465
30.32,4464
30.33,4463
30.34,4461
30.35,4461
30.36,4460
30.37,4460
30.38,4459
30.39,4459
30.4,4459
30.41,4457
30.42,4457
30.43,4457
30.44,4457
30.45,4457
30.46,4456
30.47,4454
30.48,4452
30.49,4451
30.5,4450
30.51,4449
30.52,4448
30.53,4446
30.54,4446
30.55,4446
30.56,4446
30.57,4446
30.58,4446
30.59,4445
30.6,4444
30.61,4442
30.62,4441
30.63,4440
30.64,4440
30.65,4439
30.66,4439
30.67,4438
30.68,4437
30.69,4436
30.7,4434
30.71,4433
30.72,4432
30.73,4430
30.74,4429
30.75,4428
30.76,4428
30.77,4427
30.78,4426
30.79,4426
30.8,4426
30.81,4425
30.82,4424
30.83,4424
30.84,4422
30.85,4421
30.86,4421
30.87,4420
30.88,4420
30.89,4418
30.9,4418
30.91,4417
30.92,4417
30.93,4416
30.94,4415
30.95,4415
30.96,4415
30.97,4415
30.98,4414
30.99,4413
31.0,4412
31.01,4412
31.02,4412
31.03,4411
31.04,4411
31.05,4410
31.06,4410
31.07,4409
31.08,4408
31.09,4408
31.1,4408
31.11,4408
31.12,4407
31.13,4407
31.14,4407
31.15,4407
31.16,4407
31.17,4407
31.18,4406
31.19,4405
31.2,4404
31.21,4403
31.22,4403
31.23,4403
31.24,4403
31.25,4403
31.26,4403
31.27,4402
31.28,4401
31.29,4399
31.3,4399
31.31,4398
31.32,4398
31.33,4398
31.34,4397
31.35,4396
31.36,4396
31.37,4395
31.38,4394
31.39,4392
31.4,4392
31.41,4391
31.42,4390
31.43,4389
31.44,4388
31.45,4388
31.46,4388
31.47,4388
31.48,4388
31.49,4387
31.5,4387
31.51,4387
31.52,4387
31.53,4386
31.54,4385
31.55,4384
31.56,4383
31.57,4382
31.58,4381
31.59,4380
31.6,4379
31.61,4379
31.62,4379
31.63,4379
31.64,4379
31.65,4379
31.66,4379
31.67,4379
31.68,4379
31.69,4379
31.7,4377
31.71,4377
31.72,4376
31.73,4376
31.74,4376
31.75,4375
31.76,4375
31.77,4375
31.78,4375
31.79,4375
31.8,4375
31.81,4375
31.82,4375
31.83,4375
31.84,4373
31.85,4373
31.86,4372
31.87,4372
31.88,4371
31.89,4371
31.9,4371
31.91,4370
31.92,4370
31.93,4370
31.94,4369
31.95,4369
31.96,4368
31.97,4367
31.98,4366
31.99,4365
32.0,4365
32.01,4364
32.02,4364
32.03,4364
32.04,4364
32.05,4363
32.06,4362
32.07,4361
32.08,4360
32.09,4358
32.1,4358
32.11,4357
32.12,4356
32.13,4355
32.14,4355
32.15,4354
32.16,4354
32.17,4353
32.18,4352
32.19,4351
32.22,4351
32.23,4350
32.24,4350
32.25,4349
32.26,4348
32.27,4348
32.28,4346
32.29,4344
32.3,4344
32.31,4343
32.32,4342
32.33,4341
32.34,4340
32.35,4340
32.36,4340
32.37,4340
32.38,4339
32.39,4338
32.4,4337
32.41,4336
32.42,4335
32.43,4335
32.44,4333
32.45,4332
32.46,4332
32.47,4332
32.48,4332
32.49,4332
32.5,4331
32.51,4331
32.52,4331
32.53,4330
32.54,4329
32.55,4328
32.56,4327
32.57,4326
32.58,4325
32.59,4323
32.6,4322
32.61,4321
32.62,4321
32.63,4319
32.64,4317
32.65,4316
32.66,4315
32.67,4314
32.68,4313
32.69,4312
32.7,4312
32.71,4311
32.72,4309
32.73,4308
32.74,4308
32.75,4306
32.76,4305
32.77,4305
32.78,4303
32.79,4302
32.8,4301
32.81,4300
32.82,4299
32.83,4299
32.84,4299
32.85,4298
32.86,4296
32.87,4295
32.88,4293
32.89,4293
32.9,4293
32.91,4293
32.92,4293
32.93,4291
32.94,4291
32.95,4289
32.96,4288
32.97,4287
32.98,4287
32.99,4286
33.0,4286
33.01,4286
33.02,4286
33.03,4286
33.04,4285
33.05,4285
33.06,4284
33.07,4284
33.08,4283
33.09,4283
33.1,4282
33.11,4282
33.12,4281
33.13,4280
33.14,4279
33.15,4279
33.16,4279
33.17,4277
33.18,4276
33.19,4276
33.2,4276
33.21,4275
33.22,4275
33.23,4275
33.24,4275
33.25,4275
33.26,4274
33.27,4273
33.28,4272
33.29,4271
33.3,4269
33.31,4269
33.32,4268
33.33,4267
33.34,4266
33.35,4266
33.36,4265
33.37,4264
33.38,4263
33.39,4262
33.4,4262
33.41,4261
33.42,4261
33.43,4260
33.44,4259
33.45,4259
33.46,4258
33.47,4258
33.48,4258
33.49,4257
33.5,4257
33.51,4256
33.52,4255
33.53,4254
33.54,4252
33.55,4252
33.56,4252
33.57,4251
33.58,4251
33.59,4250
33.6,4250
33.61,4250
33.62,4250
33.63,4249
33.64,4248
33.65,4248
33.66,4247
33.67,4246
33.68,4245
33.69,4244
33.7,4244
33.71,4243
33.72,4242
33.73,4240
33.74,4240
33.75,4240
33.76,4239
33.77,4238
33.78,4237
33.79,4236
33.8,4236
33.81,4235
33.82,4235
33.83,4234
33.84,4233
33.85,4232
33.86,4231
33.87,4230
33.88,4230
33.89,4230
33.9,4229
33.91,4229
33.92,4229
33.93,4229
33.94,4229
33.95,4229
33.96,4229
33.97,4229
33.98,4228
33.99,4227
34.0,4226
34.01,4225
34.02,4225
34.03,4224
34.04,4222
34.05,4221
34.06,4221
34.07,4220
34.08,4218
34.09,4218
34.1,4217
34.11,4217
34.12,4216
34.13,4216
34.14,4215
34.15,4215
34.16,4214
34.17,4214
34.18,4214
34.19,4213
34.2,4213
34.21,4212
34.22,4211
34.23,4211
34.24,4210
34.25,4210
34.26,4209
34.27,4209
34.28,4208
34.29,4208
34.3,4208
34.31,4206
34.32,4206
34.33,4206
34.34,4206
34.35,4206
34.36,4205
34.37,4203
34.38,4203
34.39,4202
34.4,4201
34.41,4201
34.42,4201
34.43,4200
34.44,4199
34.45,4198
34.46,4198
34.47,4197
34.48,4196
34.49,4195
34.5,4194
34.51,4194
34.52,4194
34.53,4194
34.54,4194
34.55,4193
34.56,4192
34.57,4191
34.58,4191
34.59,4191
34.6,4191
34.61,4190
34.62,4190
34.63,4190
34.64,4190
34.65,4189
34.66,4188
34.67,4188
34.68,4188
34.69,4188
34.7,4188
34.71,4187
34.72,4186
34.73,4186
34.74,4185
34.75,4183
34.76,4182
34.77,4182
34.78,4181
34.79,4181
34.8,4180
34.81,4180
34.82,4180
34.83,4178
34.84,4177
34.85,4177
34.86,4176
34.87,4176
34.88,4176
34.89,4175
34.9,4174
34.91,4172
34.92,4171
34.93,4171
34.94,4171
34.95,4171
34.96,4171
34.97,4170
34.98,4168
34.99,4168
35.0,4166
35.01,4164
35.02,4164
35.03,4164
35.04,4164
35.05,4162
35.06,4162
35.07,4161
35.08,4161
35.09,4161
35.1,4160
35.11,4159
35.12,4158
35.13,4157
35.14,4157
35.15,4156
35.16,4155
35.17,4155
35.18,4155
35.19,4154
35.2,4154
35.21,4154
35.22,4154
35.23,4154
35.24,4152
35.25,4152
35.26,4152
35.27,4152
35.28,4152
35.29,4150
35.3,4149
35.31,4149
35.32,4149
35.33,4149
35.34,4149
35.35,4149
35.36,4149
35.37,4149
35.38,4148
35.39,4148
35.4,4148
35.41,4148
35.42,4148
35.43,4146
35.44,4145
35.45,4145
35.46,4144
35.47,4144
35.48,4144
35.49,4143
35.5,4143
35.51,4142
35.52,4142
35.53,4141
35.54,4140
35.55,4139
35.56,4139
35.57,4139
35.58,4139
35.59,4138
35.6,4137
35.61,4136
35.62,4135
35.63,4134
35.64,4133
35.65,4132
35.66,4132
35.67,4132
35.68,4131
35.69,4131
35.7,4131
35.71,4131
35.72,4130
35.73,4130
35.74,4129
35.75,4129
35.76,4129
35.77,4128
35.78,4128
35.79,4127
35.8,4127
35.81,4127
35.82,4127
35.83,4126
35.84,4126
35.85,4126
35.86,4126
35.87,4125
35.88,4125
35.89,4124
35.9,4124
35.91,4124
35.92,4124
35.93,4124
35.94,4124
35.95,4124
35.96,4124
35.97,4124
35.98,4124
35.99,4123
36.0,4123
36.01,4122
36.02,4122
36.03,4122
36.04,4121
36.05,4121
36.06,4121
36.07,4121
36.08,4120
36.09,4120
36.1,4120
36.11,4120
36.12,4120
36.13,4119
36.14,4119
36.15,4119
36.16,4118
36.17,4117
36.18,4116
36.19,4116
36.2,4115
36.21,4115
36.22,4115
36.23,4115
36.24,4114
36.25,4113
36.26,4113
36.27,4112
36.28,4111
36.29,4111
36.3,4111
36.31,4111
36.32,4110
36.33,4110
36.34,4110
36.35,4110
36.36,4109
36.37,4109
36.38,4109
36.39,4109
36.4,4108
36.41,4106
36.42,4105
36.43,4105
36.44,4105
36.45,4105
36.46,4105
36.47,4105
36.48,4105
36.49,4105
36.5,4105
36.51,4105
36.52,4104
36.53,4103
36.54,4102
36.55,4101
36.56,4101
36.57,4100
36.58,4099
36.59,4098
36.6,4097
36.61,4097
36.62,4097
36.63,4096
36.64,4096
36.65,4095
36.66,4095
36.67,4094
36.68,4094
36.69,4094
36.7,4094
36.71,4094
36.73,4094
36.74,4092
36.75,4092
36.76,4092
36.77,4091
36.78,4091
36.79,4091
36.8,4091
36.81,4091
36.82,4091
36.83,4091
36.84,4091
36.85,4091
36.86,4090
36.87,4089
36.88,4089
36.89,4089
36.9,4088
36.91,4088
36.92,4088
36.93,4088
36.94,4088
36.95,4088
36.96,4087
36.97,4086
36.98,4086
36.99,4086
37.0,4085
37.01,4084
37.02,4084
37.03,4083
37.04,4083
37.05,4083
37.06,4083
37.07,4082
37.08,4082
37.09,4082
37.1,4082
37.11,4082
37.12,4082
37.13,4081
37.14,4080
37.15,4079
37.16,4079
37.17,4079
37.18,4079
37.19,4079
37.2,4078
37.21,4078
37.22,4078
37.23,4078
37.24,4077
37.25,4077
37.26,4077
37.27,4077
37.28,4077
37.29,4075
37.3,4075
37.31,4074
37.32,4074
37.33,4074
37.34,4073
37.35,4072
37.36,4072
37.37,4071
37.38,4071
37.39,4071
37.4,4070
37.41,4070
37.42,4070
37.43,4070
37.44,4070
37.45,4070
37.46,4070
37.47,4070
37.48,4069
37.49,4069
37.5,4069
37.51,4069
37.52,4068
37.53,4068
37.54,4068
37.55,4068
37.56,4067
37.57,4066
37.58,4066
37.59,4066
37.6,4066
37.61,4066
37.62,4066
37.63,4066
37.64,4066
37.65,4066
37.66,4065
37.67,4065
37.68,4065
37.69,4065
37.7,4065
37.71,4065
37.72,4065
37.73,4064
37.74,4064
37.75,4064
37.76,4064
37.77,4064
37.78,4064
37.79,4064
37.8,4064
37.81,4064
37.82,4063
37.83,4063
37.84,4063
37.85,4063
37.86,4063
37.87,4063
37.88,4063
37.89,4063
37.9,4062
37.91,4062
37.92,4062
37.93,4062
37.94,4062
37.95,4062
37.96,4062
37.97,4062
37.98,4061
37.99,4061
38.0,4061
38.01,4061
38.02,4061
38.03,4061
38.04,4061
38.05,4061
38.06,4061
38.07,4061
38.08,4061
38.09,4060
38.1,4060
38.11,4058
38.12,4058
38.13,4057
38.14,4057
38.15,4057
38.16,4057
38.17,4056
38.18,4056
38.19,4056
38.2,4056
38.21,4056
38.22,4056
38.23,4056
38.24,4056
38.25,4054
38.26,4054
38.27,4053
38.28,4053
38.29,4053
38.3,4053
38.31,4053
38.32,4053
38.33,4053
38.34,4053
38.35,4053
38.36,4052
38.37,4052
38.38,4052
38.39,4052
38.4,4052
38.41,4052
38.42,4052
38.43,4052
38.44,4051
38.45,4051
38.46,4051
38.47,4051
38.48,4050
38.49,4049
38.5,4049
38.51,4048
38.52,4048
38.53,4047
38.54,4047
38.55,4047
38.56,4046
38.57,4046
38.58,4045
38.59,4045
38.6,4045
38.61,4044
38.62,4043
38.63,4042
38.64,4041
38.65,4041
38.66,4041
38.67,4040
38.68,4039
38.69,4038
38.7,4038
38.71,4038
38.72,4036
38.73,4036
38.74,4036
38.75,4036
38.76,4036
38.77,4036
38.78,4036
38.79,4035
38.8,4035
38.81,4035
38.82,4035
38.83,4035
38.84,4035
38.85,4034
38.86,4034
38.87,4034
38.88,4034
38.89,4033
38.9,4033
38.91,4033
38.92,4032
38.93,4031
38.94,4031
38.95,4031
38.96,4031
38.97,4030
38.98,4030
38.99,4030
39.0,4030
39.01,4029
39.02,4029
39.03,4029
39.04,4029
39.05,4029
39.06,4028
39.07,4028
39.08,4028
39.09,4028
39.1,4028
39.11,4028
39.12,4027
39.13,4025
39.14,4025
39.15,4025
39.16,4025
39.17,4024
39.18,4023
39.19,4022
39.2,4021
39.21,4021
39.22,4020
39.23,4020
39.24,4018
39.25,4018
39.26,4018
39.27,4018
39.28,4018
39.29,4018
39.3,4018
39.31,4017
39.32,4017
39.33,4017
39.34,4017
39.35,4017
39.36,4017
39.37,4017
39.38,4017
39.39,4017
39.4,4017
39.41,4017
39.42,4017
39.43,4016
39.44,4016
39.45,4015
39.46,4014
39.47,4013
39.48,4012
39.49,4012
39.5,4012
39.51,4012
39.52,4012
39.53,4011
39.54,4010
39.55,4009
39.56,4009
39.57,4009
39.58,4008
39.59,4008
39.6,4008
39.61,4007
39.62,4007
39.63,4007
39.64,4006
39.65,4005
39.66,4005
39.67,4005
39.68,4005
39.69,4005
39.7,4005
39.71,4005
39.72,4005
39.73,4005
39.74,4005
39.75,4005
39.76,4005
39.77,4004
39.78,4004
39.79,4004
39.8,4004
39.81,4004
39.82,4003
39.83,4003
39.84,4003
39.85,4003
39.86,4003
39.87,4003
39.88,4003
39.89,4002
39.9,4002
39.91,4002
39.92,4000
39.93,3999
39.94,3999
39.95,3999
39.96,3999
39.97,3999
39.98,3999
39.99,3999
40.0,3998
40.01,3997
40.02,3997
40.03,3997
40.04,3995
40.05,3995
40.06,3995
40.07,3995
40.08,3994
40.09,3994
40.1,3994
40.11,3994
40.12,3994
40.13,3994
40.14,3994
40.15,3993
40.16,3993
40.17,3993
40.18,3993
40.19,3992
40.2,3992
40.21,3992
40.22,3992
40.23,3992
40.24,3992
40.25,3992
40.26,3992
40.27,3992
40.28,3991
40.29,3990
40.3,3990
40.31,3990
40.32,3990
40.33,3990
40.34,3990
40.35,3990
40.36,3989
40.37,3989
40.38,3989
40.39,3989
40.4,3989
40.41,3989
40.42,3988
40.43,3988
40.44,3988
40.45,3988
40.46,3988
40.47,3987
40.48,3987
40.49,3987
40.5,3987
40.51,3987
40.52,3987
40.53,3986
40.54,3986
40.55,3986
40.56,3986
40.57,3986
40.58,3986
40.59,3986
40.6,3986
40.61,3985
40.62,3985
40.63,3985
40.64,3985
40.65,3985
40.66,3984
40.67,3983
40.68,3983
40.69,3983
40.7,3982
40.71,3982
40.72,3982
40.73,3982
40.74,3982
40.75,3982
40.76,3982
40.77,3982
40.78,3982
40.79,3982
40.8,3982
40.81,3982
40.82,3982
40.83,3982
40.84,3982
40.85,3982
40.86,3982
40.87,3982
40.88,3982
40.89,3981
40.9,3981
40.91,3981
40.92,3981
40.93,3981
40.94,3981
40.95,3981
40.96,3981
40.97,3981
40.98,3981
40.99,3981
41.0,3981
41.01,3981
41.02,3981
41.03,3981
41.04,3981
41.05,3981
41.06,3981
41.07,3981
41.08,3981
41.09,3981
41.1,3980
41.11,3980
41.12,3980
41.13,3980
41.15,3980
41.16,3979
41.17,3979
41.18,3979
41.19,3979
41.2,3979
41.21,3979
41.22,3979
41.23,3979
41.24,3979
41.25,3979
41.26,3979
41.27,3979
41.28,3979
41.29,3979
41.3,3978
41.31,3978
41.32,3977
41.33,3977
41.34,3977
41.35,3977
41.36,3977
41.37,3977
41.38,3977
41.39,3977
41.4,3977
41.41,3977
41.42,3977
41.43,3977
41.44,3976
41.45,3975
41.46,3975
41.47,3975
41.48,3975
41.49,3975
41.5,3975
41.51,3974
41.52,3974
41.53,3973
41.54,3972
41.55,3972
41.56,3972
41.57,3972
41.58,3972
41.59,3971
41.6,3971
41.61,3971
41.62,3971
41.63,3971
41.64,3971
41.65,3971
41.66,3971
41.67,3971
41.68,3971
41.69,3971
41.7,3970
41.71,3970
41.72,3970
41.73,3970
41.74,3970
41.75,3969
41.76,3969
41.77,3968
41.78,3968
41.79,3968
41.8,3968
41.81,3968
41.82,3968
41.83,3968
41.84,3968
41.85,3968
41.86,3967
41.87,3967
41.88,3967
41.89,3967
41.9,3967
41.91,3967
41.92,3967
41.93,3967
41.94,3967
41.95,3967
41.96,3967
41.97,3966
41.98,3966
41.99,3966
42.0,3966
42.01,3966
42.02,3966
42.03,3966
42.04,3966
42.05,3966
42.06,3966
42.07,3966
42.08,3966
42.09,3966
42.1,3966
42.11,3966
42.12,3966
42.13,3966
42.14,3966
42.15,3966
42.16,3965
42.17,3965
42.18,3965
42.19,3965
42.2,3965
42.21,3965
42.22,3965
42.23,3965
42.24,3965
42.25,3965
42.26,3964
42.27,3963
42.28,3963
42.29,3963
42.3,3963
42.31,3963
42.32,3963
42.33,3963
42.34,3963
42.35,3963
42.36,3962
42.37,3962
42.38,3962
42.39,3962
42.4,3962
42.41,3962
42.42,3962
42.43,3962
42.44,3962
42.45,3962
42.46,3962
42.47,3962
42.48,3962
42.49,3962
42.5,3962
42.51,3962
42.52,3962
42.53,3962
42.54,3962
42.55,3962
42.56,3961
42.57,3961
42.58,3961
42.59,3960
42.6,3959
42.61,3959
42.62,3959
42.63,3959
42.64,3959
42.65,3959
42.66,3958
42.67,3958
42.68,3958
42.69,3958
42.7,3958
42.71,3958
42.72,3958
42.73,3958
42.74,3958
42.75,3958
42.76,3958
42.77,3958
42.78,3958
42.79,3958
42.8,3958
42.81,3958
42.82,3958
42.83,3958
42.84,3958
42.85,3958
42.86,3958
42.87,3958
42.88,3958
42.89,3958
42.9,3958
42.91,3957
42.92,3957
42.93,3957
42.94,3957
42.95,3957
42.96,3957
42.97,3956
42.98,3956
42.99,3955
43.0,3955
43.01,3955
43.02,3955
43.03,3955
43.04,3955
43.05,3955
43.06,3955
43.07,3955
43.08,3954
43.09,3954
43.1,3954
43.11,3954
43.12,3954
43.13,3954
43.14,3954
43.15,3954
43.16,3954
43.17,3953
43.18,3953
43.19,3953
43.2,3953
43.21,3953
43.22,3953
43.23,3953
43.24,3953
43.25,3953
43.26,3953
43.27,3953
43.28,3952
43.29,3952
43.3,3951
43.31,3951
43.32,3951
43.33,3951
43.34,3951
43.35,3951
43.36,3951
43.37,3951
43.38,3951
43.39,3951
43.4,3951
43.41,3951
43.42,3951
43.43,3951
43.44,3951
43.45,3951
43.46,3951
43.47,3951
43.48,3951
43.49,3951
43.5,3951
43.51,3951
43.52,3951
43.53,3951
43.54,3951
43.55,3951
43.56,3951
43.57,3951
43.58,3951
43.59,3951
43.6,3951
43.61,3951
43.62,3951
43.63,3950
43.64,3950
43.65,3950
43.66,3950
43.67,3950
43.68,3950
43.69,3950
43.7,3950
43.71,3950
43.72,3950
43.73,3950
43.74,3950
43.75,3950
43.76,3950
43.77,3950
43.78,3950
43.79,3950
43.8,3950
43.81,3950
43.82,3950
43.83,3950
43.84,3950
43.85,3950
43.86,3950
43.87,3950
43.88,3950
43.89,3950
43.9,3950
43.91,3950
43.92,3950
43.93,3950
43.94,3950
43.95,3950
43.96,3950
43.97,3950
43.98,3950
43.99,3950
44.0,3950
44.01,3950
44.02,3950
44.03,3950
44.04,3950
44.05,3950
44.06,3950
44.07,3950
44.08,3950
44.09,3950
44.1,3950
44.11,3950
44.12,3950
44.13,3950
44.14,3950
44.15,3950
44.16,3950
44.17,3950
44.18,3950
44.19,3950
44.2,3950
44.21,3950
44.22,3950
44.23,3950
44.24,3950
44.25,3950
44.26,3950
44.27,3950
44.28,3950
44.29,3950
44.3,3950
44.31,3950
44.32,3950
44.33,3950
44.34,3950
44.35,3950
44.36,3950
44.37,3950
44.38,3950
44.39,3950
44.4,3950
44.41,3950
44.42,3950
44.43,3950
44.44,3950
44.45,3950
44.46,3950
44.47,3950
44.48,3950
44.49,3950
44.5,3950
44.51,3950
44.52,3950
44.53,3950
44.54,3950
44.55,3950
44.56,3950
44.57,3950
44.58,3950
44.59,3950
44.6,3950
44.61,3950
44.62,3950
44.63,3950
44.64,3950
44.65,3950
44.66,3950
44.67,3950
44.68,3950
44.69,3950
44.7,3950
44.71,3950
44.72,3950
44.73,3950
44.74,3950
44.75,3950
44.76,3950
44.77,3949
44.78,3949
44.79,3949
44.8,3949
44.81,3949
44.82,3949
44.83,3949
44.84,3949
44.85,3949
44.86,3949
44.87,3949
44.88,3949
44.89,3949
44.9,3949
44.91,3949
44.92,3949
44.93,3949
44.94,3949
44.95,3949
44.96,3949
44.97,3949
44.98,3949
44.99,3949
45.0,3949
45.01,3948
45.02,3948
45.03,3948
45.04,3948
45.05,3948
45.06,3948
45.07,3948
45.08,3948
45.09,3947
45.1,3947
45.11,3947
45.12,3947
45.13,3947
45.14,3947
45.15,3947
45.16,3947
45.17,3947
45.18,3947
45.19,3946
45.2,3946
45.21,3946
45.22,3946
45.23,3946
45.24,3946
45.25,3946
45.26,3946
45.27,3945
45.28,3945
45.29,3945
45.3,3945
45.31,3945
45.32,3945
45.33,3945
45.34,3945
45.35,3945
45.36,3945
45.37,3945
45.38,3945
45.39,3945
45.4,3945
45.41,3945
45.42,3945
45.44,3945
45.45,3945
45.46,3945
45.47,3945
45.48,3945
45.49,3945
45.5,3945
45.51,3945
45.52,3945
45.53,3945
45.54,3945
45.55,3945
45.56,3945
45.57,3945
45.58,3945
45.59,3945
45.6,3945
45.61,3944
45.62,3944
45.63,3944
45.64,3944
45.65,3944
45.66,3944
45.67,3944
45.68,3944
45.69,3944
45.7,3944
45.71,3944
45.72,3944
45.73,3944
45.74,3944
45.75,3944
45.76,3944
45.77,3944
45.78,3944
45.79,3944
45.8,3944
45.81,3944
45.82,3944
45.83,3944
45.84,3944
45.85,3944
45.86,3944
45.87,3944
45.88,3944
45.89,3944
45.9,3944
45.91,3944
45.92,3944
45.93,3944
45.94,3944
45.95,3944
45.96,3944
45.97,3944
45.98,3944
45.99,3944
46.0,3944
46.01,3944
46.02,3944
46.03,3944
46.04,3944
46.05,3944
46.06,3944
46.07,3944
46.08,3944
46.09,3944
46.1,3944
46.11,3944
46.12,3944
46.13,3944
46.14,3944
46.15,3944
46.16,3944
46.17,3944
46.18,3944
46.19,3944
46.2,3944
46.21,3944
46.22,3944
46.23,3944
46.24,3944
46.25,3944
46.26,3944
46.27,3944
46.28,3944
46.29,3944
46.3,3944
46.31,3944
46.32,3944
46.33,3944
46.34,3944
46.35,3944
46.36,3944
46.37,3944
46.38,3944
46.39,3944
46.4,3944
46.41,3944
46.42,3944
46.43,3944
46.44,3944
46.45,3944
46.46,3944
46.47,3944
46.48,3944
46.49,3944
46.5,3944
46.51,3944
46.52,3944
46.53,3944
46.54,3944
46.55,3944
46.56,3944
46.57,3944
46.58,3944
46.59,3944
46.6,3944
46.61,3944
46.62,3944
46.63,3944
46.64,3944
46.65,3944
46.66,3944
46.67,3944
46.68,3944
46.69,3944
46.7,3944
46.71,3944
46.72,3944
46.73,3944
46.74,3944
46.75,3944
46.76,3944
46.77,3944
46.78,3944
46.79,3944
46.8,3944
46.81,3944
46.82,3944
46.83,3944
46.84,3944
46.85,3944
46.86,3944
46.87,3944
46.88,3944
46.89,3944
46.9,3944
46.91,3944
46.92,3944
46.93,3944
46.94,3944
46.95,3943
46.96,3943
46.97,3943
46.98,3943
46.99,3943
47.0,3943
47.01,3943
47.02,3943
47.03,3943
47.04,3943
47.05,3943
47.06,3943
47.07,3943
47.08,3943
47.09,3943
47.1,3943
47.11,3943
47.12,3943
47.13,3943
47.14,3943
47.15,3943
47.16,3943
47.17,3943
47.18,3943
47.19,3943
47.2,3943
47.21,3943
47.22,3943
47.23,3943
47.24,3943
47.25,3943
47.26,3943
47.27,3943
47.28,3943
47.29,3943
47.3,3943
47.31,3943
47.32,3943
47.33,3943
47.34,3943
47.35,3943
47.36,3943
47.37,3942
47.38,3942
47.39,3942
47.4,3942
47.41,3942
47.42,3942
47.43,3942
47.44,3942
47.45,3942
47.46,3942
47.47,3942
47.48,3942
47.49,3941
47.5,3941
47.51,3941
47.52,3941
47.53,3941
47.54,3941
47.55,3941
47.56,3941
47.57,3941
47.58,3941
47.59,3941
47.6,3941
47.61,3941
47.62,3941
47.63,3941
47.64,3941
47.65,3941
47.66,3941
47.67,3941
47.68,3941
47.69,3941
47.7,3941
47.71,3941
47.72,3941
47.73,3941
47.74,3941
47.75,3941
47.76,3941
47.77,3941
47.78,3941
47.79,3941
47.8,3941
47.81,3941
47.82,3941
47.83,3941
47.84,3941
47.85,3941
47.86,3941
47.87,3941
47.88,3941
47.89,3941
47.9,3941
47.91,3941
