0.00, 7610
0.0024487972259521484,7610
0.0026907920837402344,7609
0.003016948699951172,7608
0.0031957626342773438,7607
0.0033638477325439453,7606
0.003681659698486328,7605
0.0037229061126708984,7604
0.004013776779174805,7603
0.004138946533203125,7602
0.00432586669921875,7601
0.004454851150512695,7600
0.004648923873901367,7599
0.004740715026855469,7598
0.004961729049682617,7597
0.005326747894287109,7596
0.005408048629760742,7595
0.0055119991302490234,7594
0.00568079948425293,7593
0.006119966506958008,7592
0.006358623504638672,7591
0.006439924240112305,7590
0.006500720977783203,7589
0.006743669509887695,7588
0.006842851638793945,7587
0.0068857669830322266,7586
0.007075786590576172,7585
0.007272005081176758,7584
0.007355928421020508,7583
0.007780790328979492,7582
0.007990837097167969,7581
0.008128643035888672,7580
0.008278846740722656,7579
0.008414983749389648,7578
0.008603811264038086,7577
0.008740901947021484,7576
0.008845806121826172,7575
0.009126901626586914,7574
0.009222984313964844,7573
0.00939178466796875,7572
0.009482860565185547,7571
0.009699821472167969,7570
0.01001286506652832,7569
0.010422706604003906,7568
0.010582685470581055,7567
0.01072382926940918,7566
0.01098489761352539,7565
0.011365890502929688,7564
0.011584758758544922,7563
0.01179194450378418,7562
0.012058734893798828,7561
0.012237787246704102,7560
0.01258707046508789,7559
0.012785911560058594,7558
0.012961864471435547,7557
0.01322174072265625,7556
0.013309001922607422,7555
0.013600826263427734,7554
0.013849735260009766,7553
0.013980865478515625,7552
0.014216899871826172,7551
0.014389753341674805,7550
0.014586925506591797,7549
0.014714717864990234,7548
0.015204906463623047,7547
0.015362739562988281,7546
0.015646934509277344,7545
0.015806913375854492,7544
0.01595592498779297,7543
0.016058921813964844,7542
0.01611495018005371,7541
0.016237735748291016,7540
0.016376733779907227,7539
0.01654982566833496,7538
0.016731977462768555,7537
0.017152070999145508,7536
0.01725172996520996,7535
0.01748371124267578,7534
0.018274784088134766,7533
0.018532752990722656,7532
0.01925182342529297,7531
0.0194246768951416,7530
0.019507884979248047,7529
0.019877910614013672,7528
0.02001476287841797,7527
0.02021479606628418,7526
0.020374774932861328,7525
0.020474910736083984,7524
0.020648956298828125,7523
0.020895957946777344,7522
0.02096271514892578,7521
0.021069765090942383,7520
0.021230697631835938,7519
0.021453857421875,7518
0.021841764450073242,7517
0.022166013717651367,7516
0.02221965789794922,7515
0.0222628116607666,7514
0.022530794143676758,7513
0.022738933563232422,7512
0.02288675308227539,7511
0.023120880126953125,7510
0.02334284782409668,7509
0.023613929748535156,7508
0.023726701736450195,7507
0.023808717727661133,7506
0.023933887481689453,7505
0.024025917053222656,7504
0.024153709411621094,7503
0.024342775344848633,7502
0.02459883689880371,7501
0.02468585968017578,7500
0.024731874465942383,7499
0.024852991104125977,7498
0.024957895278930664,7497
0.025161027908325195,7496
0.025480985641479492,7495
0.02551889419555664,7494
0.025754928588867188,7493
0.02606987953186035,7492
0.02626776695251465,7491
0.026390790939331055,7490
0.026558876037597656,7489
0.026720762252807617,7488
0.02691197395324707,7487
0.0270388126373291,7486
0.02715277671813965,7485
0.027757883071899414,7484
0.02783370018005371,7483
0.027971744537353516,7482
0.028970956802368164,7481
0.029074907302856445,7480
0.029648780822753906,7479
0.02972579002380371,7478
0.029819965362548828,7477
0.02985668182373047,7476
0.029952049255371094,7475
0.030637741088867188,7474
0.03075098991394043,7473
0.031004905700683594,7472
0.031938791275024414,7471
0.03206682205200195,7470
0.03225398063659668,7469
0.03240776062011719,7468
0.03246593475341797,7467
0.03255486488342285,7466
0.032701969146728516,7465
0.03290987014770508,7464
0.03303885459899902,7463
0.03309273719787598,7462
0.033151865005493164,7461
0.03334188461303711,7460
0.03350687026977539,7459
0.03369593620300293,7458
0.03384685516357422,7457
0.03394889831542969,7456
0.03410172462463379,7455
0.03421282768249512,7454
0.03462576866149902,7453
0.034921884536743164,7452
0.03508782386779785,7451
0.035161733627319336,7450
0.03528594970703125,7449
0.03574395179748535,7448
0.035925865173339844,7447
0.0361628532409668,7446
0.03630375862121582,7445
0.03656196594238281,7444
0.03670978546142578,7443
0.03673601150512695,7442
0.03751397132873535,7441
0.037549734115600586,7440
0.03762364387512207,7439
0.03771090507507324,7438
0.037767887115478516,7437
0.03787875175476074,7436
0.0381009578704834,7435
0.038315773010253906,7434
0.0385129451751709,7433
0.0386507511138916,7432
0.039319753646850586,7431
0.03946685791015625,7430
0.039563655853271484,7429
0.03972196578979492,7428
0.03981900215148926,7427
0.03990578651428223,7426
0.04008674621582031,7425
0.04026174545288086,7424
0.040338993072509766,7423
0.04049086570739746,7422
0.04066586494445801,7421
0.040788888931274414,7420
0.0408778190612793,7419
0.04106593132019043,7418
0.04115891456604004,7417
0.041287899017333984,7416
0.041406869888305664,7415
0.041539907455444336,7414
0.04179978370666504,7413
0.04195690155029297,7412
0.0420689582824707,7411
0.04214286804199219,7410
0.04237699508666992,7409
0.04245471954345703,7408
0.04257678985595703,7407
0.04267072677612305,7406
0.04275679588317871,7405
0.04286479949951172,7404
0.042970895767211914,7403
0.043190717697143555,7402
0.04336285591125488,7401
0.04347085952758789,7400
0.043547868728637695,7399
0.0436859130859375,7398
0.043744802474975586,7397
0.04381394386291504,7396
0.043875694274902344,7395
0.044075727462768555,7394
0.044278621673583984,7393
0.04433274269104004,7392
0.04455399513244629,7391
0.04463076591491699,7390
0.04520773887634277,7389
0.045343875885009766,7388
0.04541587829589844,7387
0.04555773735046387,7386
0.04559898376464844,7385
0.04595470428466797,7384
0.046019792556762695,7383
0.04610466957092285,7382
0.046199798583984375,7381
0.04642796516418457,7380
0.046987056732177734,7379
0.047113895416259766,7378
0.04731178283691406,7377
0.04742574691772461,7376
0.047548770904541016,7375
0.04759573936462402,7374
0.04770374298095703,7373
0.04781794548034668,7372
0.04804086685180664,7371
0.050229787826538086,7370
0.050438880920410156,7369
0.050604820251464844,7368
0.05076098442077637,7367
0.051071882247924805,7366
0.05138087272644043,7365
0.05153179168701172,7364
0.05175495147705078,7363
0.05185103416442871,7362
0.051956892013549805,7361
0.05233263969421387,7360
0.05244183540344238,7359
0.05255293846130371,7358
0.05262184143066406,7357
0.05283188819885254,7356
0.053026676177978516,7355
0.05402088165283203,7354
0.05413365364074707,7353
0.0542447566986084,7352
0.05439591407775879,7351
0.05472588539123535,7350
0.05499386787414551,7349
0.0558316707611084,7348
0.05600786209106445,7347
0.05619692802429199,7346
0.05631065368652344,7345
0.05655193328857422,7344
0.056636810302734375,7343
0.056787967681884766,7342
0.056822776794433594,7341
0.05699586868286133,7340
0.05706071853637695,7339
0.05723381042480469,7338
0.05736589431762695,7337
0.05751490592956543,7336
0.05772089958190918,7335
0.05782771110534668,7334
0.05794692039489746,7333
0.05806374549865723,7332
0.058241844177246094,7331
0.058368682861328125,7330
0.05860090255737305,7329
0.05915379524230957,7328
0.05925464630126953,7327
0.059427738189697266,7326
0.059552669525146484,7325
0.059703826904296875,7324
0.05985093116760254,7323
0.0600128173828125,7322
0.06012082099914551,7321
0.060301780700683594,7320
0.060350894927978516,7319
0.06049370765686035,7318
0.06060481071472168,7317
0.06216597557067871,7316
0.06225991249084473,7315
0.06236982345581055,7314
0.06248879432678223,7313
0.06264662742614746,7312
0.06288266181945801,7311
0.06300878524780273,7310
0.06313776969909668,7309
0.06338262557983398,7308
0.06352376937866211,7307
0.06370186805725098,7306
0.0637969970703125,7305
0.06401586532592773,7304
0.06405997276306152,7303
0.06419682502746582,7302
0.06441092491149902,7301
0.06474590301513672,7300
0.06489777565002441,7299
0.06493067741394043,7298
0.06506085395812988,7297
0.06526064872741699,7296
0.06548881530761719,7295
0.06564188003540039,7294
0.06577682495117188,7293
0.06580877304077148,7292
0.06600785255432129,7291
0.06618976593017578,7290
0.06630682945251465,7289
0.0664827823638916,7288
0.06668877601623535,7287
0.06703066825866699,7286
0.06756377220153809,7285
0.06778979301452637,7284
0.06822085380554199,7283
0.0695798397064209,7282
0.07023477554321289,7281
0.07037973403930664,7280
0.07065486907958984,7279
0.07074785232543945,7278
0.07077789306640625,7277
0.07103490829467773,7276
0.07109975814819336,7275
0.07116174697875977,7274
0.0742180347442627,7273
0.0743107795715332,7272
0.07457280158996582,7271
0.07476472854614258,7270
0.07491374015808105,7269
0.07526397705078125,7268
0.07548689842224121,7267
0.0755620002746582,7266
0.07583165168762207,7265
0.07630586624145508,7264
0.07637667655944824,7263
0.07652878761291504,7262
0.07677984237670898,7261
0.07726168632507324,7260
0.07735776901245117,7259
0.0779259204864502,7258
0.07796978950500488,7257
0.07813286781311035,7256
0.07853293418884277,7255
0.07872891426086426,7254
0.07879185676574707,7253
0.07899284362792969,7252
0.07915687561035156,7251
0.0792388916015625,7250
0.07961082458496094,7249
0.08020186424255371,7248
0.08032989501953125,7247
0.08105182647705078,7246
0.08119583129882812,7245
0.08142995834350586,7244
0.0816037654876709,7243
0.08172965049743652,7242
0.08187699317932129,7241
0.0819997787475586,7240
0.08279299736022949,7239
0.08293986320495605,7238
0.08316278457641602,7237
0.08336782455444336,7236
0.0836479663848877,7235
0.08372879028320312,7234
0.0838327407836914,7233
0.08404994010925293,7232
0.08424878120422363,7231
0.08442497253417969,7230
0.08466482162475586,7229
0.08470463752746582,7228
0.0848238468170166,7227
0.08491396903991699,7226
0.08497285842895508,7225
0.08502197265625,7224
0.0851736068725586,7223
0.08522772789001465,7222
0.08537673950195312,7221
0.08562779426574707,7220
0.08572793006896973,7219
0.0858309268951416,7218
0.0859677791595459,7217
0.08618879318237305,7216
0.08670496940612793,7215
0.0869297981262207,7214
0.08712196350097656,7213
0.087371826171875,7212
0.08753180503845215,7211
0.0875699520111084,7210
0.08777785301208496,7209
0.08858084678649902,7208
0.08911371231079102,7207
0.08962273597717285,7206
0.0900888442993164,7205
0.09020376205444336,7204
0.09055495262145996,7203
0.09168481826782227,7202
0.09176778793334961,7201
0.09190988540649414,7200
0.09203481674194336,7199
0.09266090393066406,7198
0.09271502494812012,7197
0.09284377098083496,7196
0.0929868221282959,7195
0.09322690963745117,7194
0.09340381622314453,7193
0.09354400634765625,7192
0.09364199638366699,7191
0.09434175491333008,7190
0.09445667266845703,7189
0.09513664245605469,7188
0.09541773796081543,7187
0.09554100036621094,7186
0.09566783905029297,7185
0.09580087661743164,7184
0.09653568267822266,7183
0.09669375419616699,7182
0.09820294380187988,7181
0.09830880165100098,7180
0.09842896461486816,7179
0.09857892990112305,7178
0.09868693351745605,7177
0.10190486907958984,7176
0.10207080841064453,7175
0.10227680206298828,7174
0.10237383842468262,7173
0.10258889198303223,7172
0.10263681411743164,7171
0.10279679298400879,7170
0.10294198989868164,7169
0.10311675071716309,7168
0.10320782661437988,7167
0.10324883460998535,7166
0.10340094566345215,7165
0.1035909652709961,7164
0.10371088981628418,7163
0.10400581359863281,7162
0.10502386093139648,7161
0.10513687133789062,7160
0.10570192337036133,7159
0.10613775253295898,7158
0.10619497299194336,7157
0.10682082176208496,7156
0.10723876953125,7155
0.10734701156616211,7154
0.10809683799743652,7153
0.10819482803344727,7152
0.1083378791809082,7151
0.108489990234375,7150
0.10861802101135254,7149
0.10960006713867188,7148
0.11039185523986816,7147
0.11086893081665039,7146
0.11100172996520996,7145
0.11108684539794922,7144
0.11134791374206543,7143
0.11145663261413574,7142
0.1115729808807373,7141
0.11173462867736816,7140
0.11185169219970703,7139
0.11205673217773438,7138
0.11209392547607422,7137
0.11211967468261719,7136
0.11221885681152344,7135
0.11225295066833496,7134
0.1123957633972168,7133
0.11251378059387207,7132
0.11265277862548828,7131
0.11286473274230957,7130
0.11299777030944824,7129
0.11307072639465332,7128
0.1141209602355957,7127
0.11467599868774414,7126
0.11480498313903809,7125
0.11501479148864746,7124
0.11507773399353027,7123
0.11523580551147461,7122
0.11584281921386719,7121
0.11587381362915039,7120
0.11604571342468262,7119
0.11629176139831543,7118
0.11642980575561523,7117
0.11661076545715332,7116
0.11674380302429199,7115
0.11680269241333008,7114
0.11723971366882324,7113
0.11752867698669434,7112
0.11766791343688965,7111
0.11788702011108398,7110
0.11796784400939941,7109
0.11809277534484863,7108
0.1181478500366211,7107
0.11937165260314941,7106
0.11973977088928223,7105
0.12059497833251953,7104
0.12062692642211914,7103
0.12072992324829102,7102
0.12088489532470703,7101
0.12093901634216309,7100
0.12117385864257812,7099
0.12124490737915039,7098
0.12134671211242676,7097
0.12205076217651367,7096
0.12219071388244629,7095
0.12441182136535645,7094
0.12460494041442871,7093
0.12469983100891113,7092
0.12524986267089844,7091
0.12653279304504395,7090
0.1266639232635498,7089
0.1267538070678711,7088
0.12691998481750488,7087
0.12702679634094238,7086
0.1271958351135254,7085
0.12745976448059082,7084
0.12753891944885254,7083
0.12832164764404297,7082
0.1287989616394043,7081
0.12883877754211426,7080
0.12892699241638184,7079
0.12903666496276855,7078
0.1291027069091797,7077
0.12919092178344727,7076
0.1294400691986084,7075
0.12960171699523926,7074
0.12974286079406738,7073
0.13314270973205566,7072
0.1333909034729004,7071
0.13372397422790527,7070
0.13396978378295898,7069
0.13429474830627441,7068
0.13433599472045898,7067
0.1343698501586914,7066
0.1345369815826416,7065
0.13527870178222656,7064
0.13575387001037598,7063
0.13588881492614746,7062
0.13595175743103027,7061
0.13611388206481934,7060
0.1366736888885498,7059
0.13677072525024414,7058
0.13730573654174805,7057
0.1373577117919922,7056
0.13751888275146484,7055
0.13765192031860352,7054
0.13776063919067383,7053
0.13786077499389648,7052
0.13799190521240234,7051
0.1380908489227295,7050
0.13821077346801758,7049
0.1382427215576172,7048
0.13839483261108398,7047
0.13854694366455078,7046
0.1387338638305664,7045
0.1388697624206543,7044
0.13894200325012207,7043
0.1390218734741211,7042
0.13914871215820312,7041
0.14104294776916504,7040
0.1411609649658203,7039
0.14127063751220703,7038
0.14140796661376953,7037
0.1415088176727295,7036
0.14183783531188965,7035
0.14206171035766602,7034
0.14210271835327148,7033
0.14230871200561523,7032
0.14234399795532227,7031
0.14254999160766602,7030
0.14268875122070312,7029
0.14283967018127441,7028
0.14292383193969727,7027
0.14301276206970215,7026
0.14370203018188477,7025
0.1439378261566162,7024
0.14409399032592773,7023
0.14456868171691895,7022
0.14478278160095215,7021
0.14492392539978027,7020
0.14585590362548828,7019
0.14592480659484863,7018
0.14606690406799316,7017
0.14617586135864258,7016
0.1476578712463379,7015
0.14769673347473145,7014
0.14779186248779297,7013
0.14787673950195312,7012
0.1484668254852295,7011
0.1498887538909912,7010
0.1499648094177246,7009
0.15004396438598633,7008
0.15026092529296875,7007
0.15034079551696777,7006
0.1508028507232666,7005
0.1509108543395996,7004
0.15099287033081055,7003
0.1511087417602539,7002
0.15154266357421875,7001
0.1537768840789795,7000
0.1543869972229004,6999
0.15446186065673828,6998
0.1545569896697998,6997
0.15475678443908691,6996
0.15482091903686523,6995
0.1550767421722412,6994
0.15577077865600586,6993
0.1564769744873047,6992
0.15657496452331543,6991
0.1566636562347412,6990
0.15680480003356934,6989
0.1569349765777588,6988
0.15707087516784668,6987
0.1571059226989746,6986
0.15802502632141113,6985
0.15816783905029297,6984
0.15824079513549805,6983
0.15843486785888672,6982
0.1586618423461914,6981
0.1591627597808838,6980
0.15999984741210938,6979
0.1607058048248291,6978
0.16077494621276855,6977
0.16086483001708984,6976
0.16107702255249023,6975
0.1611628532409668,6974
0.16133880615234375,6973
0.16159677505493164,6972
0.1617279052734375,6971
0.16185379028320312,6970
0.16195273399353027,6969
0.16207289695739746,6968
0.16293787956237793,6967
0.16354775428771973,6966
0.16381478309631348,6965
0.1642289161682129,6964
0.1643378734588623,6963
0.1645817756652832,6962
0.16498279571533203,6961
0.16554594039916992,6960
0.16565465927124023,6959
0.16574788093566895,6958
0.16591286659240723,6957
0.1659998893737793,6956
0.16792988777160645,6955
0.16798973083496094,6954
0.16817474365234375,6953
0.16867685317993164,6952
0.16884374618530273,6951
0.16890501976013184,6950
0.16899776458740234,6949
0.16912269592285156,6948
0.16921496391296387,6947
0.1692800521850586,6946
0.17060589790344238,6945
0.17155885696411133,6944
0.17163872718811035,6943
0.1727607250213623,6942
0.17357087135314941,6941
0.17362093925476074,6940
0.1737227439880371,6939
0.17385077476501465,6938
0.17435789108276367,6937
0.17450499534606934,6936
0.17459893226623535,6935
0.17589187622070312,6934
0.17597699165344238,6933
0.17841386795043945,6932
0.17851591110229492,6931
0.179351806640625,6930
0.17946767807006836,6929
0.17990875244140625,6928
0.180067777633667,6927
0.18076181411743164,6926
0.18092870712280273,6925
0.18107175827026367,6924
0.18122386932373047,6923
0.1813340187072754,6922
0.18147683143615723,6921
0.18166184425354004,6920
0.18242788314819336,6919
0.18257474899291992,6918
0.1831057071685791,6917
0.18326878547668457,6916
0.18379878997802734,6915
0.18386173248291016,6914
0.18405890464782715,6913
0.1841728687286377,6912
0.18434381484985352,6911
0.18499279022216797,6910
0.18511486053466797,6909
0.18523383140563965,6908
0.1861717700958252,6907
0.1863107681274414,6906
0.18712782859802246,6905
0.18771886825561523,6904
0.18787789344787598,6903
0.18820977210998535,6902
0.1883840560913086,6901
0.1885077953338623,6900
0.1891169548034668,6899
0.19007372856140137,6898
0.19020295143127441,6897
0.19034194946289062,6896
0.19079184532165527,6895
0.19096088409423828,6894
0.19108080863952637,6893
0.19117379188537598,6892
0.19137167930603027,6891
0.19150900840759277,6890
0.19196081161499023,6889
0.19213390350341797,6888
0.19226884841918945,6887
0.19242596626281738,6886
0.19307279586791992,6885
0.1931757926940918,6884
0.19354605674743652,6883
0.19417500495910645,6882
0.19461989402770996,6881
0.19523191452026367,6880
0.1953589916229248,6879
0.19545674324035645,6878
0.19564175605773926,6877
0.19577980041503906,6876
0.1963489055633545,6875
0.19652581214904785,6874
0.19667887687683105,6873
0.19675874710083008,6872
0.19688868522644043,6871
0.19747591018676758,6870
0.1975388526916504,6869
0.19771194458007812,6868
0.19788074493408203,6867
0.19819068908691406,6866
0.19842195510864258,6865
0.19850397109985352,6864
0.19860363006591797,6863
0.19873476028442383,6862
0.19887375831604004,6861
0.19891571998596191,6860
0.19901180267333984,6859
0.1992509365081787,6858
0.19938087463378906,6857
0.1994938850402832,6856
0.19968390464782715,6855
0.19987773895263672,6854
0.19993877410888672,6853
0.2000868320465088,6852
0.20082378387451172,6851
0.20087885856628418,6850
0.20105671882629395,6849
0.20118284225463867,6848
0.20129895210266113,6847
0.2021639347076416,6846
0.20316791534423828,6845
0.20468783378601074,6844
0.20484471321105957,6843
0.20488381385803223,6842
0.20646977424621582,6841
0.20682978630065918,6840
0.20698070526123047,6839
0.20713400840759277,6838
0.20719695091247559,6837
0.20731496810913086,6836
0.20740985870361328,6835
0.20753693580627441,6834
0.20877385139465332,6833
0.20893168449401855,6832
0.21065664291381836,6831
0.21075677871704102,6830
0.21167278289794922,6829
0.21216893196105957,6828
0.21300482749938965,6827
0.2131059169769287,6826
0.213209867477417,6825
0.21456265449523926,6824
0.21462202072143555,6823
0.21795201301574707,6822
0.21806693077087402,6821
0.21812677383422852,6820
0.2181839942932129,6819
0.22090864181518555,6818
0.22101879119873047,6817
0.22118282318115234,6816
0.2220449447631836,6815
0.22251296043395996,6814
0.22262096405029297,6813
0.22272992134094238,6812
0.22357773780822754,6811
0.22370481491088867,6810
0.2237858772277832,6809
0.22507071495056152,6808
0.22520685195922852,6807
0.22555971145629883,6806
0.22621583938598633,6805
0.22686982154846191,6804
0.22727489471435547,6803
0.22733497619628906,6802
0.22739672660827637,6801
0.22745490074157715,6800
0.22758889198303223,6799
0.22777986526489258,6798
0.22838973999023438,6797
0.2285597324371338,6796
0.22879695892333984,6795
0.2289748191833496,6794
0.2290349006652832,6793
0.22921991348266602,6792
0.22948884963989258,6791
0.22960376739501953,6790
0.23041892051696777,6789
0.23051977157592773,6788
0.2308518886566162,6787
0.23306584358215332,6786
0.2331709861755371,6785
0.23371291160583496,6784
0.23381686210632324,6783
0.23392391204833984,6782
0.23407268524169922,6781
0.23550081253051758,6780
0.2362208366394043,6779
0.23633384704589844,6778
0.23784184455871582,6777
0.2379298210144043,6776
0.2380359172821045,6775
0.23810482025146484,6774
0.23832082748413086,6773
0.23850488662719727,6772
0.23896574974060059,6771
0.2390608787536621,6770
0.2391798496246338,6769
0.23946595191955566,6768
0.23958873748779297,6767
0.23970675468444824,6766
0.24001169204711914,6765
0.24085474014282227,6764
0.24149298667907715,6763
0.24163579940795898,6762
0.24166393280029297,6761
0.24227476119995117,6760
0.24256062507629395,6759
0.2436816692352295,6758
0.24380803108215332,6757
0.2439260482788086,6756
0.2440178394317627,6755
0.24502086639404297,6754
0.24506878852844238,6753
0.24524879455566406,6752
0.24532198905944824,6751
0.24562692642211914,6750
0.24644994735717773,6749
0.24647784233093262,6748
0.2469649314880371,6747
0.2473127841949463,6746
0.24746394157409668,6745
0.24750781059265137,6744
0.2479698657989502,6743
0.24937868118286133,6742
0.24959278106689453,6741
0.24984979629516602,6740
0.2511570453643799,6739
0.2512929439544678,6738
0.25134897232055664,6737
0.2514677047729492,6736
0.25285983085632324,6735
0.25298094749450684,6734
0.25311994552612305,6733
0.2533397674560547,6732
0.2551460266113281,6731
0.2552499771118164,6730
0.25534963607788086,6729
0.2559349536895752,6728
0.2566678524017334,6727
0.2567470073699951,6726
0.2576026916503906,6725
0.25783562660217285,6724
0.25798988342285156,6723
0.2580857276916504,6722
0.2581367492675781,6721
0.2586219310760498,6720
0.25870370864868164,6719
0.2590017318725586,6718
0.25905776023864746,6717
0.259185791015625,6716
0.2592458724975586,6715
0.25934290885925293,6714
0.2601888179779053,6713
0.2603168487548828,6712
0.26053667068481445,6711
0.26058387756347656,6710
0.2607438564300537,6709
0.26087284088134766,6708
0.26099681854248047,6707
0.26207780838012695,6706
0.26279664039611816,6705
0.26319384574890137,6704
0.2633206844329834,6703
0.2634458541870117,6702
0.2635457515716553,6701
0.26424193382263184,6700
0.26431989669799805,6699
0.2643709182739258,6698
0.26479077339172363,6697
0.2648618221282959,6696
0.26593995094299316,6695
0.26604485511779785,6694
0.26618385314941406,6693
0.2666187286376953,6692
0.26673388481140137,6691
0.2672269344329834,6690
0.2673327922821045,6689
0.2680668830871582,6688
0.27062296867370605,6687
0.2713186740875244,6686
0.2715919017791748,6685
0.272493839263916,6684
0.27258777618408203,6683
0.27388978004455566,6682
0.27399778366088867,6681
0.27412891387939453,6680
0.275083065032959,6679
0.27539682388305664,6678
0.2756178379058838,6677
0.2757539749145508,6676
0.27582693099975586,6675
0.2759130001068115,6674
0.2759828567504883,6673
0.2760798931121826,6672
0.2761838436126709,6671
0.276599645614624,6670
0.2779519557952881,6669
0.2783188819885254,6668
0.2785518169403076,6667
0.27924680709838867,6666
0.2796287536621094,6665
0.27970004081726074,6664
0.27979278564453125,6663
0.2798738479614258,6662
0.2799968719482422,6661
0.280040979385376,6660
0.2803318500518799,6659
0.2812998294830322,6658
0.28229188919067383,6657
0.28438472747802734,6656
0.28463172912597656,6655
0.28554391860961914,6654
0.28563570976257324,6653
0.28581666946411133,6652
0.2863008975982666,6651
0.2863607406616211,6650
0.28670382499694824,6649
0.28675103187561035,6648
0.28762388229370117,6647
0.2876579761505127,6646
0.2876889705657959,6645
0.28777599334716797,6644
0.28845977783203125,6643
0.28863072395324707,6642
0.2887568473815918,6641
0.29018497467041016,6640
0.29024267196655273,6639
0.2908937931060791,6638
0.2913978099822998,6637
0.2918517589569092,6636
0.2919197082519531,6635
0.2922048568725586,6634
0.2924208641052246,6633
0.29247283935546875,6632
0.29257678985595703,6631
0.2927088737487793,6630
0.2928588390350342,6629
0.2933468818664551,6628
0.2937159538269043,6627
0.2946488857269287,6626
0.29500699043273926,6625
0.2961738109588623,6624
0.29630374908447266,6623
0.29637980461120605,6622
0.2964596748352051,6621
0.2965238094329834,6620
0.2966349124908447,6619
0.2980618476867676,6618
0.29816389083862305,6617
0.29831981658935547,6616
0.29852986335754395,6615
0.2986488342285156,6614
0.2997589111328125,6613
0.299915075302124,6612
0.3004176616668701,6611
0.3010828495025635,6610
0.3021578788757324,6609
0.3022489547729492,6608
0.3025798797607422,6607
0.3026549816131592,6606
0.30269479751586914,6605
0.30289268493652344,6604
0.30298399925231934,6603
0.30308985710144043,6602
0.30437564849853516,6601
0.30445384979248047,6600
0.30487561225891113,6599
0.30495595932006836,6598
0.3050048351287842,6597
0.3058769702911377,6596
0.30602192878723145,6595
0.30646777153015137,6594
0.3069419860839844,6593
0.30705881118774414,6592
0.3071458339691162,6591
0.3072776794433594,6590
0.3073999881744385,6589
0.30910277366638184,6588
0.309161901473999,6587
0.3095078468322754,6586
0.3100917339324951,6585
0.31018686294555664,6584
0.3102736473083496,6583
0.31110405921936035,6582
0.3111898899078369,6581
0.311403751373291,6580
0.31198978424072266,6579
0.31325793266296387,6578
0.31333088874816895,6577
0.3133718967437744,6576
0.3135378360748291,6575
0.31375575065612793,6574
0.314410924911499,6573
0.31453490257263184,6572
0.31493091583251953,6571
0.3153507709503174,6570
0.3158137798309326,6569
0.31665992736816406,6568
0.31668567657470703,6567
0.3167407512664795,6566
0.3168628215789795,6565
0.31827378273010254,6564
0.31839489936828613,6563
0.3193647861480713,6562
0.31946277618408203,6561
0.3195357322692871,6560
0.3203437328338623,6559
0.32054567337036133,6558
0.3217480182647705,6557
0.3217957019805908,6556
0.32188963890075684,6555
0.32248401641845703,6554
0.3234539031982422,6553
0.323577880859375,6552
0.32369279861450195,6551
0.3237628936767578,6550
0.32389092445373535,6549
0.32402896881103516,6548
0.32451581954956055,6547
0.3246338367462158,6546
0.3258349895477295,6545
0.3259918689727783,6544
0.3267526626586914,6543
0.3268318176269531,6542
0.3274407386779785,6541
0.32866787910461426,6540
0.3288257122039795,6539
0.32889604568481445,6538
0.32895374298095703,6537
0.3291656970977783,6536
0.3298008441925049,6535
0.3298797607421875,6534
0.32997894287109375,6533
0.3308238983154297,6532
0.33089780807495117,6531
0.3309760093688965,6530
0.3311178684234619,6529
0.3312418460845947,6528
0.33132386207580566,6527
0.3314669132232666,6526
0.33351683616638184,6525
0.33397769927978516,6524
0.33406901359558105,6523
0.3358018398284912,6522
0.33605480194091797,6521
0.3361537456512451,6520
0.3363487720489502,6519
0.33648180961608887,6518
0.33664369583129883,6517
0.33677077293395996,6516
0.33737683296203613,6515
0.33759593963623047,6514
0.3377268314361572,6513
0.3378329277038574,6512
0.3382689952850342,6511
0.33849072456359863,6510
0.33889102935791016,6509
0.3390688896179199,6508
0.33918166160583496,6507
0.34063005447387695,6506
0.3413577079772949,6505
0.34148383140563965,6504
0.3418698310852051,6503
0.3419327735900879,6502
0.34342098236083984,6501
0.34386277198791504,6500
0.34395289421081543,6499
0.34407973289489746,6498
0.346193790435791,6497
0.34633493423461914,6496
0.3464939594268799,6495
0.3466298580169678,6494
0.3467388153076172,6493
0.3469219207763672,6492
0.3483426570892334,6491
0.3490428924560547,6490
0.3491678237915039,6489
0.34987592697143555,6488
0.3524487018585205,6487
0.3526620864868164,6486
0.3528778553009033,6485
0.3529989719390869,6484
0.3533499240875244,6483
0.3542919158935547,6482
0.3561227321624756,6481
0.35726189613342285,6480
0.35735583305358887,6479
0.35742974281311035,6478
0.3577549457550049,6477
0.35880398750305176,6476
0.3588547706604004,6475
0.35894775390625,6474
0.3615429401397705,6473
0.36167192459106445,6472
0.3620927333831787,6471
0.3648536205291748,6470
0.3650028705596924,6469
0.36516690254211426,6468
0.3653109073638916,6467
0.3658928871154785,6466
0.36681485176086426,6465
0.366955041885376,6464
0.36705589294433594,6463
0.36798787117004395,6462
0.3681049346923828,6461
0.3686189651489258,6460
0.36972880363464355,6459
0.3697957992553711,6458
0.3698577880859375,6457
0.37102389335632324,6456
0.37123894691467285,6455
0.3715846538543701,6454
0.3719496726989746,6453
0.37207984924316406,6452
0.37309885025024414,6451
0.37351393699645996,6450
0.373593807220459,6449
0.3741939067840576,6448
0.3742787837982178,6447
0.3743629455566406,6446
0.3744509220123291,6445
0.3745408058166504,6444
0.3750269412994385,6443
0.3758559226989746,6442
0.3763148784637451,6441
0.37636685371398926,6440
0.37649106979370117,6439
0.37658190727233887,6438
0.3770918846130371,6437
0.38031578063964844,6436
0.38040876388549805,6435
0.38051271438598633,6434
0.38091492652893066,6433
0.38156700134277344,6432
0.38199400901794434,6431
0.38277578353881836,6430
0.3850717544555664,6429
0.3851778507232666,6428
0.3852806091308594,6427
0.3864436149597168,6426
0.3865389823913574,6425
0.38783788681030273,6424
0.38796281814575195,6423
0.3885228633880615,6422
0.3891408443450928,6421
0.38953280448913574,6420
0.38974905014038086,6419
0.389819860458374,6418
0.38996362686157227,6417
0.39040589332580566,6416
0.3919248580932617,6415
0.3924448490142822,6414
0.39253783226013184,6413
0.39612698554992676,6412
0.3962538242340088,6411
0.3964040279388428,6410
0.39668989181518555,6409
0.39681005477905273,6408
0.3968839645385742,6407
0.39736390113830566,6406
0.397479772567749,6405
0.39820384979248047,6404
0.3993077278137207,6403
0.4001188278198242,6402
0.40024399757385254,6401
0.40032386779785156,6400
0.4008758068084717,6399
0.4018268585205078,6398
0.40256786346435547,6397
0.403458833694458,6396
0.40369367599487305,6395
0.40459394454956055,6394
0.4046328067779541,6393
0.40473175048828125,6392
0.4048168659210205,6391
0.40534186363220215,6390
0.4069247245788574,6389
0.40706372261047363,6388
0.4078857898712158,6387
0.40946173667907715,6386
0.40972280502319336,6385
0.41024184226989746,6384
0.41036176681518555,6383
0.41048502922058105,6382
0.41057586669921875,6381
0.41066884994506836,6380
0.41070079803466797,6379
0.4107508659362793,6378
0.41146183013916016,6377
0.41159486770629883,6376
0.41182589530944824,6375
0.4134957790374756,6374
0.41431188583374023,6373
0.4144017696380615,6372
0.4145169258117676,6371
0.41460299491882324,6370
0.4151167869567871,6369
0.41521477699279785,6368
0.4163818359375,6367
0.41686463356018066,6366
0.417726993560791,6365
0.4178507328033447,6364
0.4179558753967285,6363
0.4181478023529053,6362
0.41823577880859375,6361
0.419083833694458,6360
0.4192018508911133,6359
0.4196639060974121,6358
0.41974472999572754,6357
0.42064881324768066,6356
0.4216878414154053,6355
0.42208170890808105,6354
0.4222688674926758,6353
0.42243385314941406,6352
0.4228067398071289,6351
0.4232819080352783,6350
0.4239528179168701,6349
0.42411088943481445,6348
0.4242568016052246,6347
0.424379825592041,6346
0.4246547222137451,6345
0.42485690116882324,6344
0.42517781257629395,6343
0.42583298683166504,6342
0.42594194412231445,6341
0.42603588104248047,6340
0.42679572105407715,6339
0.42693376541137695,6338
0.42815375328063965,6337
0.42821359634399414,6336
0.42839574813842773,6335
0.428433895111084,6334
0.42950892448425293,6333
0.4303708076477051,6332
0.43045997619628906,6331
0.4305727481842041,6330
0.4307248592376709,6329
0.43080663681030273,6328
0.43093395233154297,6327
0.4317288398742676,6326
0.43204188346862793,6325
0.43334197998046875,6324
0.433668851852417,6323
0.43378782272338867,6322
0.436870813369751,6321
0.4369237422943115,6320
0.4381997585296631,6319
0.4390218257904053,6318
0.4391899108886719,6317
0.4411928653717041,6316
0.44246387481689453,6315
0.44346070289611816,6314
0.443605899810791,6313
0.4436769485473633,6312
0.4438347816467285,6311
0.4439377784729004,6310
0.4441838264465332,6309
0.44431591033935547,6308
0.4453446865081787,6307
0.44588494300842285,6306
0.44600772857666016,6305
0.44664978981018066,6304
0.44679880142211914,6303
0.44699597358703613,6302
0.44800686836242676,6301
0.4483788013458252,6300
0.4484407901763916,6299
0.44847989082336426,6298
0.4485797882080078,6297
0.44875192642211914,6296
0.4488499164581299,6295
0.4489717483520508,6294
0.45165586471557617,6293
0.45174574851989746,6292
0.4522550106048584,6291
0.4540748596191406,6290
0.45500802993774414,6289
0.4551248550415039,6288
0.45839381217956543,6287
0.45882391929626465,6286
0.4591817855834961,6285
0.4600539207458496,6284
0.46017003059387207,6283
0.46305179595947266,6282
0.4642057418823242,6281
0.4647397994995117,6280
0.46643590927124023,6279
0.46657681465148926,6278
0.4681689739227295,6277
0.46823787689208984,6276
0.4691898822784424,6275
0.46930885314941406,6274
0.46970295906066895,6273
0.46981096267700195,6272
0.4712069034576416,6271
0.47171783447265625,6270
0.4723238945007324,6269
0.4737999439239502,6268
0.4739089012145996,6267
0.4740109443664551,6266
0.4740748405456543,6265
0.4741978645324707,6264
0.4752528667449951,6263
0.4768178462982178,6262
0.47792577743530273,6261
0.47795891761779785,6260
0.4780607223510742,6259
0.47812676429748535,6258
0.47859692573547363,6257
0.4811427593231201,6256
0.4831528663635254,6255
0.4833338260650635,6254
0.48338890075683594,6253
0.4834728240966797,6252
0.4835968017578125,6251
0.48370981216430664,6250
0.4838278293609619,6249
0.4839518070220947,6248
0.4866917133331299,6247
0.4867227077484131,6246
0.4869058132171631,6245
0.4870178699493408,6244
0.4873788356781006,6243
0.4874439239501953,6242
0.48793601989746094,6241
0.48816800117492676,6240
0.488933801651001,6239
0.4895138740539551,6238
0.49036192893981934,6237
0.4906129837036133,6236
0.49135899543762207,6235
0.49143195152282715,6234
0.4938650131225586,6233
0.4939589500427246,6232
0.4940359592437744,6231
0.4944179058074951,6230
0.4945547580718994,6229
0.495136022567749,6228
0.495255708694458,6227
0.495330810546875,6226
0.4959378242492676,6225
0.49764299392700195,6224
0.497830867767334,6223
0.5017437934875488,6222
0.5035567283630371,6221
0.5035977363586426,6220
0.5040068626403809,6219
0.5058779716491699,6218
0.5075259208679199,6217
0.5084559917449951,6216
0.5086078643798828,6215
0.5087087154388428,6214
0.5087897777557373,6213
0.5121347904205322,6212
0.5135848522186279,6211
0.514246940612793,6210
0.5147867202758789,6209
0.5156228542327881,6208
0.515737771987915,6207
0.5160198211669922,6206
0.5171458721160889,6205
0.5184018611907959,6204
0.5185208320617676,6203
0.5189399719238281,6202
0.5200557708740234,6201
0.5201029777526855,6200
0.5201537609100342,6199
0.5221209526062012,6198
0.5223150253295898,6197
0.5230989456176758,6196
0.5236396789550781,6195
0.5236928462982178,6194
0.52427077293396,6193
0.524573802947998,6192
0.5247077941894531,6191
0.5248568058013916,6190
0.5252277851104736,6189
0.5253229141235352,6188
0.5253758430480957,6187
0.5254268646240234,6186
0.5256986618041992,6185
0.5258028507232666,6184
0.5258948802947998,6183
0.5260570049285889,6182
0.5264608860015869,6181
0.5266008377075195,6180
0.5267817974090576,6179
0.5270588397979736,6178
0.5299258232116699,6177
0.5316107273101807,6176
0.5327157974243164,6175
0.5335588455200195,6174
0.5336828231811523,6173
0.5345637798309326,6172
0.53780198097229,6171
0.5379877090454102,6170
0.5387909412384033,6169
0.5389378070831299,6168
0.5390188694000244,6167
0.5390987396240234,6166
0.5404260158538818,6165
0.5410759449005127,6164
0.5466217994689941,6163
0.5466737747192383,6162
0.5468437671661377,6161
0.5474839210510254,6160
0.5487229824066162,6159
0.5490858554840088,6158
0.5503199100494385,6157
0.5520658493041992,6156
0.5521910190582275,6155
0.5529718399047852,6154
0.55312180519104,6153
0.5580177307128906,6152
0.5584609508514404,6151
0.5586037635803223,6150
0.5587267875671387,6149
0.5587787628173828,6148
0.5588479042053223,6147
0.5590038299560547,6146
0.5591528415679932,6145
0.5602178573608398,6144
0.5615148544311523,6143
0.5633349418640137,6142
0.563744068145752,6141
0.5647509098052979,6140
0.5652248859405518,6139
0.5653209686279297,6138
0.5661876201629639,6137
0.5666918754577637,6136
0.5667858123779297,6135
0.5697817802429199,6134
0.5714588165283203,6133
0.5715978145599365,6132
0.5716538429260254,6131
0.5717859268188477,6130
0.5734877586364746,6129
0.5735888481140137,6128
0.5737028121948242,6127
0.5737857818603516,6126
0.5739536285400391,6125
0.5740339756011963,6124
0.574152946472168,6123
0.5742599964141846,6122
0.5743718147277832,6121
0.575739860534668,6120
0.5758988857269287,6119
0.576422929763794,6118
0.5774857997894287,6117
0.5775518417358398,6116
0.5785338878631592,6115
0.5790417194366455,6114
0.5791428089141846,6113
0.5792210102081299,6112
0.5809128284454346,6111
0.5814018249511719,6110
0.5817217826843262,6109
0.5823686122894287,6108
0.5824809074401855,6107
0.5830469131469727,6106
0.583176851272583,6105
0.5877017974853516,6104
0.5877478122711182,6103
0.587810754776001,6102
0.5883257389068604,6101
0.5887167453765869,6100
0.5888059139251709,6099
0.5895309448242188,6098
0.5911459922790527,6097
0.5912766456604004,6096
0.5914030075073242,6095
0.5923597812652588,6094
0.5933828353881836,6093
0.5934667587280273,6092
0.5935537815093994,6091
0.5949947834014893,6090
0.595613956451416,6089
0.5961699485778809,6088
0.5963108539581299,6087
0.5964608192443848,6086
0.5965776443481445,6085
0.5969278812408447,6084
0.5979599952697754,6083
0.5980439186096191,6082
0.5981268882751465,6081
0.6000967025756836,6080
0.6002998352050781,6079
0.600759744644165,6078
0.6011788845062256,6077
0.6013336181640625,6076
0.6015176773071289,6075
0.6016368865966797,6074
0.6017777919769287,6073
0.6040089130401611,6072
0.604130744934082,6071
0.6049816608428955,6070
0.6054637432098389,6069
0.6062657833099365,6068
0.6063637733459473,6067
0.6073899269104004,6066
0.6085948944091797,6065
0.6091368198394775,6064
0.6092727184295654,6063
0.6096467971801758,6062
0.6117298603057861,6061
0.6118338108062744,6060
0.6122467517852783,6059
0.6139688491821289,6058
0.614081859588623,6057
0.6141977310180664,6056
0.6146979331970215,6055
0.6147987842559814,6054
0.6153347492218018,6053
0.6162209510803223,6052
0.6166098117828369,6051
0.6166727542877197,6050
0.6172468662261963,6049
0.617999792098999,6048
0.622067928314209,6047
0.6222567558288574,6046
0.622551679611206,6045
0.6226837635040283,6044
0.6234228610992432,6043
0.6235477924346924,6042
0.6236617565155029,6041
0.6237127780914307,6040
0.6246626377105713,6039
0.6247570514678955,6038
0.6248719692230225,6037
0.6249606609344482,6036
0.6257810592651367,6035
0.6259310245513916,6034
0.6267588138580322,6033
0.6273808479309082,6032
0.6280577182769775,6031
0.6282057762145996,6030
0.6282949447631836,6029
0.6298258304595947,6028
0.630983829498291,6027
0.6315739154815674,6026
0.6320986747741699,6025
0.6337590217590332,6024
0.6348757743835449,6023
0.6350038051605225,6022
0.6360318660736084,6021
0.6361680030822754,6020
0.6363248825073242,6019
0.6389126777648926,6018
0.6391570568084717,6017
0.6392319202423096,6016
0.6392629146575928,6015
0.6397969722747803,6014
0.6401627063751221,6013
0.6417920589447021,6012
0.6418719291687012,6011
0.641953706741333,6010
0.6425497531890869,6009
0.6426677703857422,6008
0.6429698467254639,6007
0.6431360244750977,6006
0.6434078216552734,6005
0.6437969207763672,6004
0.644568681716919,6003
0.644676923751831,6002
0.644798994064331,6001
0.6459636688232422,6000
0.647296667098999,5999
0.6498796939849854,5998
0.6504268646240234,5997
0.6514036655426025,5996
0.6514997482299805,5995
0.6515588760375977,5994
0.6555018424987793,5993
0.6587100028991699,5992
0.6588077545166016,5991
0.6593408584594727,5990
0.6609599590301514,5989
0.663923978805542,5988
0.6640429496765137,5987
0.6664466857910156,5986
0.6664807796478271,5985
0.6672918796539307,5984
0.6678478717803955,5983
0.6679558753967285,5982
0.6693987846374512,5981
0.6694798469543457,5980
0.6698868274688721,5979
0.6712949275970459,5978
0.6714098453521729,5977
0.6715438365936279,5976
0.6721658706665039,5975
0.6725938320159912,5974
0.6726217269897461,5973
0.6729888916015625,5972
0.6739368438720703,5971
0.6749398708343506,5970
0.6781408786773682,5969
0.67828369140625,5968
0.6794328689575195,5967
0.6805408000946045,5966
0.6806228160858154,5965
0.6807587146759033,5964
0.6808228492736816,5963
0.6839907169342041,5962
0.6851589679718018,5961
0.6853077411651611,5960
0.6861026287078857,5959
0.6868398189544678,5958
0.6869618892669678,5957
0.6873316764831543,5956
0.6878938674926758,5955
0.6892249584197998,5954
0.6900408267974854,5953
0.6922478675842285,5952
0.6923558712005615,5951
0.6924679279327393,5950
0.6925997734069824,5949
0.6927297115325928,5948
0.6930258274078369,5947
0.693389892578125,5946
0.6937379837036133,5945
0.6938488483428955,5944
0.693950891494751,5943
0.6940386295318604,5942
0.6941549777984619,5941
0.6942799091339111,5940
0.6955409049987793,5939
0.6993708610534668,5938
0.7022879123687744,5937
0.7023749351501465,5936
0.7024948596954346,5935
0.7025856971740723,5934
0.7045087814331055,5933
0.7046637535095215,5932
0.704826831817627,5931
0.7055277824401855,5930
0.707190752029419,5929
0.7086348533630371,5928
0.7092888355255127,5927
0.710655927658081,5926
0.7106797695159912,5925
0.7132909297943115,5924
0.7134709358215332,5923
0.7150797843933105,5922
0.7152128219604492,5921
0.7157447338104248,5920
0.7184038162231445,5919
0.7198116779327393,5918
0.7204937934875488,5917
0.7218408584594727,5916
0.7219438552856445,5915
0.7235426902770996,5914
0.728186845779419,5913
0.7282938957214355,5912
0.7284948825836182,5911
0.730841875076294,5910
0.7320079803466797,5909
0.7326667308807373,5908
0.7327659130096436,5907
0.7331128120422363,5906
0.7336227893829346,5905
0.7354156970977783,5904
0.7356879711151123,5903
0.7373299598693848,5902
0.737398624420166,5901
0.7382106781005859,5900
0.7383038997650146,5899
0.7388527393341064,5898
0.7396297454833984,5897
0.74161696434021,5896
0.7431948184967041,5895
0.7435510158538818,5894
0.7437219619750977,5893
0.7451858520507812,5892
0.7458927631378174,5891
0.7460007667541504,5890
0.7469639778137207,5889
0.747072696685791,5888
0.7476649284362793,5887
0.7482378482818604,5886
0.748267650604248,5885
0.7486326694488525,5884
0.7489168643951416,5883
0.7489936351776123,5882
0.7521398067474365,5881
0.7522146701812744,5880
0.7535679340362549,5879
0.7539138793945312,5878
0.7555949687957764,5877
0.756171703338623,5876
0.7561979293823242,5875
0.7586338520050049,5874
0.7592048645019531,5873
0.7612378597259521,5872
0.7615859508514404,5871
0.7617359161376953,5870
0.7618448734283447,5869
0.7648508548736572,5868
0.7649438381195068,5867
0.7651548385620117,5866
0.7652857303619385,5865
0.765413761138916,5864
0.765507698059082,5863
0.7662768363952637,5862
0.7663698196411133,5861
0.766507625579834,5860
0.7669878005981445,5859
0.7738368511199951,5858
0.7738878726959229,5857
0.774223804473877,5856
0.7743330001831055,5855
0.7744519710540771,5854
0.774533748626709,5853
0.7746167182922363,5852
0.7751259803771973,5851
0.7752437591552734,5850
0.7753489017486572,5849
0.7773177623748779,5848
0.7784028053283691,5847
0.7812700271606445,5846
0.7816898822784424,5845
0.784625768661499,5844
0.7856347560882568,5843
0.7871427536010742,5842
0.7872419357299805,5841
0.7873678207397461,5840
0.7878079414367676,5839
0.7879338264465332,5838
0.7880630493164062,5837
0.7881028652191162,5836
0.7888379096984863,5835
0.7890377044677734,5834
0.78985595703125,5833
0.7899746894836426,5832
0.7907898426055908,5831
0.7908468246459961,5830
0.7909619808197021,5829
0.7922146320343018,5828
0.7926559448242188,5827
0.7944948673248291,5826
0.7960789203643799,5825
0.7975339889526367,5824
0.7986388206481934,5823
0.7987368106842041,5822
0.7987987995147705,5821
0.7995789051055908,5820
0.7996368408203125,5819
0.7997927665710449,5818
0.7998878955841064,5817
0.8001279830932617,5816
0.8010399341583252,5815
0.8011317253112793,5814
0.8023817539215088,5813
0.8040177822113037,5812
0.8062117099761963,5811
0.8066456317901611,5810
0.8067588806152344,5809
0.8068397045135498,5808
0.806938886642456,5807
0.8070118427276611,5806
0.80710768699646,5805
0.8071768283843994,5804
0.8072059154510498,5803
0.8076736927032471,5802
0.8081710338592529,5801
0.8088908195495605,5800
0.8107237815856934,5799
0.8118977546691895,5798
0.814795732498169,5797
0.815579891204834,5796
0.8172149658203125,5795
0.8172779083251953,5794
0.8183879852294922,5793
0.8198237419128418,5792
0.8201878070831299,5791
0.8209617137908936,5790
0.8259279727935791,5789
0.8260178565979004,5788
0.8272538185119629,5787
0.8273568153381348,5786
0.8278987407684326,5785
0.8280699253082275,5784
0.8281528949737549,5783
0.8282759189605713,5782
0.8284187316894531,5781
0.8313517570495605,5780
0.8314588069915771,5779
0.8327679634094238,5778
0.8335790634155273,5777
0.8344399929046631,5776
0.8345580101013184,5775
0.8368117809295654,5774
0.8372068405151367,5773
0.8376226425170898,5772
0.8377149105072021,5771
0.8378098011016846,5770
0.8392448425292969,5769
0.8395247459411621,5768
0.8412487506866455,5767
0.8426318168640137,5766
0.8480558395385742,5765
0.8481287956237793,5764
0.848228931427002,5763
0.8487758636474609,5762
0.8488647937774658,5761
0.8496248722076416,5760
0.8497569561004639,5759
0.8501219749450684,5758
0.8511979579925537,5757
0.853057861328125,5756
0.8535058498382568,5755
0.8562717437744141,5754
0.856348991394043,5753
0.8565120697021484,5752
0.8565487861633301,5751
0.8565948009490967,5750
0.8567068576812744,5749
0.8568007946014404,5748
0.8568530082702637,5747
0.8568918704986572,5746
0.858814001083374,5745
0.858961820602417,5744
0.8599388599395752,5743
0.8608899116516113,5742
0.8609869480133057,5741
0.8613817691802979,5740
0.8614048957824707,5739
0.8615078926086426,5738
0.8617379665374756,5737
0.8640797138214111,5736
0.8645577430725098,5735
0.8649947643280029,5734
0.8651168346405029,5733
0.8669519424438477,5732
0.8670616149902344,5731
0.8680248260498047,5730
0.8722958564758301,5729
0.872398853302002,5728
0.8729069232940674,5727
0.8750667572021484,5726
0.8756799697875977,5725
0.8788590431213379,5724
0.878964900970459,5723
0.8808116912841797,5722
0.8816967010498047,5721
0.8822989463806152,5720
0.882624626159668,5719
0.8850219249725342,5718
0.8894288539886475,5717
0.8899526596069336,5716
0.8900468349456787,5715
0.890150785446167,5714
0.8901877403259277,5713
0.8908259868621826,5712
0.8908727169036865,5711
0.8910086154937744,5710
0.8926808834075928,5709
0.8932957649230957,5708
0.8953578472137451,5707
0.895460844039917,5706
0.8966798782348633,5705
0.898148775100708,5704
0.9018299579620361,5703
0.9019978046417236,5702
0.9041507244110107,5701
0.9042239189147949,5700
0.9045047760009766,5699
0.9053089618682861,5698
0.9064428806304932,5697
0.9065008163452148,5696
0.9084057807922363,5695
0.908923864364624,5694
0.9090218544006348,5693
0.9095947742462158,5692
0.9096856117248535,5691
0.9097607135772705,5690
0.9111568927764893,5689
0.9117887020111084,5688
0.9120798110961914,5687
0.9121668338775635,5686
0.9138798713684082,5685
0.9150347709655762,5684
0.9155137538909912,5683
0.9161627292633057,5682
0.9171526432037354,5681
0.9172718524932861,5680
0.9181549549102783,5679
0.9203128814697266,5678
0.9210178852081299,5677
0.9218177795410156,5676
0.9258019924163818,5675
0.9263288974761963,5674
0.9276828765869141,5673
0.9294638633728027,5672
0.9295649528503418,5671
0.9302937984466553,5670
0.9309289455413818,5669
0.9313747882843018,5668
0.931433916091919,5667
0.9345548152923584,5666
0.9353218078613281,5665
0.9382259845733643,5664
0.9383697509765625,5663
0.9387099742889404,5662
0.939316987991333,5661
0.9408090114593506,5660
0.9419968128204346,5659
0.9423139095306396,5658
0.9449527263641357,5657
0.945624828338623,5656
0.9459447860717773,5655
0.9493939876556396,5654
0.9544568061828613,5653
0.9552638530731201,5652
0.9560446739196777,5651
0.9561247825622559,5650
0.956967830657959,5649
0.9582598209381104,5648
0.9586207866668701,5647
0.9587206840515137,5646
0.9587929248809814,5645
0.9588186740875244,5644
0.959122896194458,5643
0.959221601486206,5642
0.9597640037536621,5641
0.9608666896820068,5640
0.9609618186950684,5639
0.9650349617004395,5638
0.966261625289917,5637
0.9679849147796631,5636
0.96803879737854,5635
0.9705407619476318,5634
0.9706330299377441,5633
0.9709548950195312,5632
0.9714038372039795,5631
0.9715399742126465,5630
0.9716248512268066,5629
0.9727628231048584,5628
0.9741718769073486,5627
0.9742679595947266,5626
0.976341962814331,5625
0.9774899482727051,5624
0.9815349578857422,5623
0.9825139045715332,5622
0.9862008094787598,5621
0.9893839359283447,5620
0.9894306659698486,5619
0.9904348850250244,5618
0.9935438632965088,5617
0.9946439266204834,5616
0.994743824005127,5615
0.9997358322143555,5614
1.0007119178771973,5613
1.0009968280792236,5612
1.0010418891906738,5611
1.0016038417816162,5610
1.0019049644470215,5609
1.0025928020477295,5608
1.0072216987609863,5607
1.007295846939087,5606
1.0117347240447998,5605
1.013934850692749,5604
1.014035940170288,5603
1.0145177841186523,5602
1.0145716667175293,5601
1.0146996974945068,5600
1.014737844467163,5599
1.014827013015747,5598
1.0148937702178955,5597
1.016982078552246,5596
1.0191938877105713,5595
1.020183801651001,5594
1.0203218460083008,5593
1.0214059352874756,5592
1.02150297164917,5591
1.0215706825256348,5590
1.0230708122253418,5589
1.0248808860778809,5588
1.0249137878417969,5587
1.02498197555542,5586
1.0251679420471191,5585
1.0263638496398926,5584
1.027296781539917,5583
1.0273480415344238,5582
1.0278208255767822,5581
1.0283799171447754,5580
1.0287790298461914,5579
1.029679775238037,5578
1.0315017700195312,5577
1.0315940380096436,5576
1.0322787761688232,5575
1.0333738327026367,5574
1.0334818363189697,5573
1.0348129272460938,5572
1.035348892211914,5571
1.0386996269226074,5570
1.039247751235962,5569
1.0393328666687012,5568
1.0395846366882324,5567
1.0396387577056885,5566
1.0458879470825195,5565
1.0459377765655518,5564
1.0484848022460938,5563
1.0514917373657227,5562
1.0544657707214355,5561
1.056858777999878,5560
1.0584309101104736,5559
1.0587437152862549,5558
1.0588388442993164,5557
1.0592408180236816,5556
1.0595548152923584,5555
1.061262845993042,5554
1.0624220371246338,5553
1.0624468326568604,5552
1.0668649673461914,5551
1.0668978691101074,5550
1.0678398609161377,5549
1.0714137554168701,5548
1.0717148780822754,5547
1.071753978729248,5546
1.072178840637207,5545
1.0735828876495361,5544
1.0736949443817139,5543
1.0739409923553467,5542
1.0739939212799072,5541
1.076028823852539,5540
1.0769298076629639,5539
1.0774328708648682,5538
1.077523946762085,5537
1.0776898860931396,5536
1.0792818069458008,5535
1.0819499492645264,5534
1.082077980041504,5533
1.0836937427520752,5532
1.0841968059539795,5531
1.0882787704467773,5530
1.0885388851165771,5529
1.089282751083374,5528
1.090552806854248,5527
1.094289779663086,5526
1.0943307876586914,5525
1.094362735748291,5524
1.0963599681854248,5523
1.0987508296966553,5522
1.0988528728485107,5521
1.1004109382629395,5520
1.1024818420410156,5519
1.102564811706543,5518
1.102738857269287,5517
1.1037046909332275,5516
1.1044769287109375,5515
1.1045668125152588,5514
1.1046500205993652,5513
1.104909896850586,5512
1.1067688465118408,5511
1.1072108745574951,5510
1.1101996898651123,5509
1.1107709407806396,5508
1.111665964126587,5507
1.1128928661346436,5506
1.116048812866211,5505
1.120485782623291,5504
1.1205329895019531,5503
1.122046947479248,5502
1.1234476566314697,5501
1.1250519752502441,5500
1.1271166801452637,5499
1.1272740364074707,5498
1.1312777996063232,5497
1.132277011871338,5496
1.133971929550171,5495
1.1340148448944092,5494
1.1344950199127197,5493
1.134807825088501,5492
1.1348817348480225,5491
1.136448621749878,5490
1.1399459838867188,5489
1.1429247856140137,5488
1.1442368030548096,5487
1.1482207775115967,5486
1.148399829864502,5485
1.1484768390655518,5484
1.1486787796020508,5483
1.1508119106292725,5482
1.1509788036346436,5481
1.1530497074127197,5480
1.1538989543914795,5479
1.1539499759674072,5478
1.1629729270935059,5477
1.1648378372192383,5476
1.165238857269287,5475
1.1671957969665527,5474
1.1672818660736084,5473
1.1691327095031738,5472
1.1701219081878662,5471
1.1702988147735596,5470
1.173940896987915,5469
1.1740097999572754,5468
1.1746678352355957,5467
1.180710792541504,5466
1.1807889938354492,5465
1.1812076568603516,5464
1.182431936264038,5463
1.1834628582000732,5462
1.1840929985046387,5461
1.1841328144073486,5460
1.1868107318878174,5459
1.187819004058838,5458
1.189607858657837,5457
1.191133975982666,5456
1.1921789646148682,5455
1.1922717094421387,5454
1.1978759765625,5453
1.1988589763641357,5452
1.199413776397705,5451
1.1995189189910889,5450
1.2013356685638428,5449
1.2035226821899414,5448
1.2038159370422363,5447
1.2064259052276611,5446
1.2091326713562012,5445
1.2093729972839355,5444
1.2094027996063232,5443
1.2103497982025146,5442
1.2105920314788818,5441
1.210683822631836,5440
1.2118148803710938,5439
1.2129547595977783,5438
1.2142689228057861,5437
1.2147867679595947,5436
1.2149357795715332,5435
1.2150347232818604,5434
1.2156918048858643,5433
1.2159686088562012,5432
1.2197399139404297,5431
1.2227909564971924,5430
1.2229797840118408,5429
1.225078821182251,5428
1.232273817062378,5427
1.2327587604522705,5426
1.2381277084350586,5425
1.2406847476959229,5424
1.2422699928283691,5423
1.2447266578674316,5422
1.2450287342071533,5421
1.2486457824707031,5420
1.2557649612426758,5419
1.2563438415527344,5418
1.2576377391815186,5417
1.259077787399292,5416
1.2614829540252686,5415
1.2632458209991455,5414
1.2646658420562744,5413
1.2647266387939453,5412
1.2675600051879883,5411
1.2693099975585938,5410
1.2693958282470703,5409
1.2778048515319824,5408
1.2786507606506348,5407
1.2790248394012451,5406
1.2791519165039062,5405
1.27927565574646,5404
1.2848808765411377,5403
1.284970998764038,5402
1.2850959300994873,5401
1.2860527038574219,5400
1.2876558303833008,5399
1.2879517078399658,5398
1.288036823272705,5397
1.2884087562561035,5396
1.2887990474700928,5395
1.290341854095459,5394
1.2904767990112305,5393
1.2910857200622559,5392
1.2928447723388672,5391
1.2951738834381104,5390
1.2952337265014648,5389
1.2960708141326904,5388
1.3010098934173584,5387
1.3030579090118408,5386
1.3034167289733887,5385
1.305281639099121,5384
1.3059630393981934,5383
1.3073968887329102,5382
1.3074686527252197,5381
1.3100297451019287,5380
1.311877727508545,5379
1.3124909400939941,5378
1.3202717304229736,5377
1.3207087516784668,5376
1.3220067024230957,5375
1.3234939575195312,5374
1.3242108821868896,5373
1.3302669525146484,5372
1.330305814743042,5371
1.3303680419921875,5370
1.3341848850250244,5369
1.3342998027801514,5368
1.3378119468688965,5367
1.339714765548706,5366
1.33980393409729,5365
1.3399717807769775,5364
1.3408949375152588,5363
1.3412449359893799,5362
1.3420867919921875,5361
1.3471770286560059,5360
1.3497910499572754,5359
1.3499579429626465,5358
1.3547368049621582,5357
1.355893611907959,5356
1.3619747161865234,5355
1.3623859882354736,5354
1.362527847290039,5353
1.3645248413085938,5352
1.3650896549224854,5351
1.3676419258117676,5350
1.371586799621582,5349
1.3724348545074463,5348
1.372553825378418,5347
1.372648000717163,5346
1.376067876815796,5345
1.3764808177947998,5344
1.3795819282531738,5343
1.3797597885131836,5342
1.3798677921295166,5341
1.3819499015808105,5340
1.3823268413543701,5339
1.388157844543457,5338
1.3906266689300537,5337
1.3919727802276611,5336
1.39267897605896,5335
1.3937628269195557,5334
1.397439956665039,5333
1.4000389575958252,5332
1.4003047943115234,5331
1.4004387855529785,5330
1.4005887508392334,5329
1.4008758068084717,5328
1.4042308330535889,5327
1.404573917388916,5326
1.4070658683776855,5325
1.4090187549591064,5324
1.409404993057251,5323
1.4095368385314941,5322
1.4095938205718994,5321
1.4226458072662354,5320
1.4231789112091064,5319
1.424189805984497,5318
1.4250929355621338,5317
1.4252378940582275,5316
1.425522804260254,5315
1.4255988597869873,5314
1.4271559715270996,5313
1.4284868240356445,5312
1.4301347732543945,5311
1.4323089122772217,5310
1.4323737621307373,5309
1.4323949813842773,5308
1.4328157901763916,5307
1.4387619495391846,5306
1.4388060569763184,5305
1.4405996799468994,5304
1.4416136741638184,5303
1.4417188167572021,5302
1.4436700344085693,5301
1.4479880332946777,5300
1.448395013809204,5299
1.4488756656646729,5298
1.4496479034423828,5297
1.4542579650878906,5296
1.454610824584961,5295
1.4551949501037598,5294
1.4562108516693115,5293
1.4565119743347168,5292
1.458613634109497,5291
1.45894193649292,5290
1.460160732269287,5289
1.4607627391815186,5288
1.4655249118804932,5287
1.465867042541504,5286
1.467247724533081,5285
1.4673359394073486,5284
1.467472791671753,5283
1.4686899185180664,5282
1.4687907695770264,5281
1.4694478511810303,5280
1.4696247577667236,5279
1.4732589721679688,5278
1.4739317893981934,5277
1.4739809036254883,5276
1.4741058349609375,5275
1.4755206108093262,5274
1.4757497310638428,5273
1.477768898010254,5272
1.4789817333221436,5271
1.4807019233703613,5270
1.4810497760772705,5269
1.4811348915100098,5268
1.4816858768463135,5267
1.4817306995391846,5266
1.4826228618621826,5265
1.4826648235321045,5264
1.4862048625946045,5263
1.4965567588806152,5262
1.4972949028015137,5261
1.4981839656829834,5260
1.4995536804199219,5259
1.499626874923706,5258
1.4997498989105225,5257
1.5001659393310547,5256
1.5003457069396973,5255
1.5006248950958252,5254
1.5007739067077637,5253
1.5012726783752441,5252
1.501579761505127,5251
1.5039570331573486,5250
1.5046348571777344,5249
1.5056369304656982,5248
1.508941888809204,5247
1.5090429782867432,5246
1.5091068744659424,5245
1.5118379592895508,5244
1.516636848449707,5243
1.5175807476043701,5242
1.5209448337554932,5241
1.5230216979980469,5240
1.5269498825073242,5239
1.5271790027618408,5238
1.5291788578033447,5237
1.5295569896697998,5236
1.5300757884979248,5235
1.5319359302520752,5234
1.5332880020141602,5233
1.5340018272399902,5232
1.5377769470214844,5231
1.5386056900024414,5230
1.539200782775879,5229
1.5392978191375732,5228
1.5409858226776123,5227
1.5410559177398682,5226
1.5411348342895508,5225
1.5442886352539062,5224
1.5446438789367676,5223
1.5521798133850098,5222
1.5528028011322021,5221
1.5546109676361084,5220
1.5550317764282227,5219
1.5582048892974854,5218
1.5587918758392334,5217
1.5649149417877197,5216
1.5657999515533447,5215
1.5661609172821045,5214
1.566269874572754,5213
1.5663518905639648,5212
1.5669777393341064,5211
1.5679569244384766,5210
1.5682919025421143,5209
1.56862473487854,5208
1.57108473777771,5207
1.5729749202728271,5206
1.5743937492370605,5205
1.574800968170166,5204
1.5770559310913086,5203
1.5783758163452148,5202
1.578462839126587,5201
1.5793297290802002,5200
1.5802717208862305,5199
1.583305835723877,5198
1.5853798389434814,5197
1.5857489109039307,5196
1.5875217914581299,5195
1.5879309177398682,5194
1.5884380340576172,5193
1.5898528099060059,5192
1.5936808586120605,5191
1.5937297344207764,5190
1.5957098007202148,5189
1.5966968536376953,5188
1.5983717441558838,5187
1.6023926734924316,5186
1.602997064590454,5185
1.6088628768920898,5184
1.6097137928009033,5183
1.610795021057129,5182
1.6139206886291504,5181
1.6156117916107178,5180
1.615891933441162,5179
1.6190919876098633,5178
1.6199796199798584,5177
1.6208758354187012,5176
1.6256639957427979,5175
1.6296508312225342,5174
1.6306240558624268,5173
1.633983850479126,5172
1.6340386867523193,5171
1.6403326988220215,5170
1.6421308517456055,5169
1.642153024673462,5168
1.6434698104858398,5167
1.643568754196167,5166
1.6442387104034424,5165
1.6443238258361816,5164
1.644641637802124,5163
1.644690990447998,5162
1.6450467109680176,5161
1.6455857753753662,5160
1.6471140384674072,5159
1.6493258476257324,5158
1.6508557796478271,5157
1.6509230136871338,5156
1.658782958984375,5155
1.6602427959442139,5154
1.661336898803711,5153
1.6644558906555176,5152
1.666226863861084,5151
1.6663198471069336,5150
1.6663627624511719,5149
1.671860933303833,5148
1.6759140491485596,5147
1.6789677143096924,5146
1.6819629669189453,5145
1.6820728778839111,5144
1.6864268779754639,5143
1.6865208148956299,5142
1.6878626346588135,5141
1.6940248012542725,5140
1.6940767765045166,5139
1.6941478252410889,5138
1.695849895477295,5137
1.6970887184143066,5136
1.700624942779541,5135
1.7006547451019287,5134
1.7010948657989502,5133
1.701244831085205,5132
1.7012848854064941,5131
1.7023797035217285,5130
1.7049908638000488,5129
1.7065749168395996,5128
1.7090449333190918,5127
1.709096908569336,5126
1.7119569778442383,5125
1.7127768993377686,5124
1.7141048908233643,5123
1.7163317203521729,5122
1.7166037559509277,5121
1.717284917831421,5120
1.7173187732696533,5119
1.717404842376709,5118
1.7179226875305176,5117
1.7219116687774658,5116
1.7225987911224365,5115
1.722714900970459,5114
1.7253267765045166,5113
1.726808786392212,5112
1.7268800735473633,5111
1.7275447845458984,5110
1.7275989055633545,5109
1.735382080078125,5108
1.7354497909545898,5107
1.7361018657684326,5106
1.7362077236175537,5105
1.7374398708343506,5104
1.7375507354736328,5103
1.7389178276062012,5102
1.7412669658660889,5101
1.7416949272155762,5100
1.7490558624267578,5099
1.7497408390045166,5098
1.752295970916748,5097
1.7523629665374756,5096
1.7541320323944092,5095
1.7578439712524414,5094
1.7597808837890625,5093
1.760549783706665,5092
1.760629653930664,5091
1.7616729736328125,5090
1.761730670928955,5089
1.762328863143921,5088
1.7638437747955322,5087
1.7652537822723389,5086
1.7675368785858154,5085
1.7679617404937744,5084
1.7692487239837646,5083
1.769547700881958,5082
1.7719018459320068,5081
1.7730109691619873,5080
1.7737407684326172,5079
1.7750499248504639,5078
1.7751288414001465,5077
1.7751948833465576,5076
1.7773778438568115,5075
1.7801549434661865,5074
1.7835557460784912,5073
1.787660837173462,5072
1.7945809364318848,5071
1.7953298091888428,5070
1.7973079681396484,5069
1.79738187789917,5068
1.801879644393921,5067
1.805708646774292,5066
1.8070528507232666,5065
1.8095669746398926,5064
1.8155007362365723,5063
1.8158328533172607,5062
1.8217709064483643,5061
1.8218460083007812,5060
1.8224756717681885,5059
1.825556993484497,5058
1.826556921005249,5057
1.8268296718597412,5056
1.8292968273162842,5055
1.8302438259124756,5054
1.8310778141021729,5053
1.8321428298950195,5052
1.8322389125823975,5051
1.8323798179626465,5050
1.8327758312225342,5049
1.832972764968872,5048
1.8357927799224854,5047
1.8361408710479736,5046
1.838155746459961,5045
1.8467719554901123,5044
1.846864938735962,5043
1.8499557971954346,5042
1.8586628437042236,5041
1.860811710357666,5040
1.8609259128570557,5039
1.8615789413452148,5038
1.8620998859405518,5037
1.864116907119751,5036
1.8647968769073486,5035
1.8737390041351318,5034
1.8769416809082031,5033
1.8790600299835205,5032
1.8808298110961914,5031
1.8823199272155762,5030
1.8823988437652588,5029
1.8838086128234863,5028
1.886430025100708,5027
1.8866429328918457,5026
1.8905918598175049,5025
1.8906629085540771,5024
1.8918726444244385,5023
1.8919687271118164,5022
1.8920178413391113,5021
1.894563913345337,5020
1.8955888748168945,5019
1.8990509510040283,5018
1.899789810180664,5017
1.901782751083374,5016
1.9044969081878662,5015
1.9075846672058105,5014
1.9083547592163086,5013
1.913564920425415,5012
1.9137489795684814,5011
1.9164447784423828,5010
1.916532039642334,5009
1.916576623916626,5008
1.9208028316497803,5007
1.9219818115234375,5006
1.9262726306915283,5005
1.9263527393341064,5004
1.9269578456878662,5003
1.9314539432525635,5002
1.9405648708343506,5001
1.9433488845825195,5000
1.9535198211669922,4999
1.9536347389221191,4998
1.9568748474121094,4997
1.959960699081421,4996
1.9639968872070312,4995
1.964087724685669,4994
1.9657998085021973,4993
1.96610689163208,4992
1.9673957824707031,4991
1.9683337211608887,4990
1.9740097522735596,4989
1.9741237163543701,4988
1.9750738143920898,4987
1.9764747619628906,4986
1.976930856704712,4985
1.9770786762237549,4984
1.9774599075317383,4983
1.9808950424194336,4982
1.9814846515655518,4981
1.98307466506958,4980
1.9836387634277344,4979
1.984752893447876,4978
1.9877829551696777,4977
1.989283800125122,4976
1.9917328357696533,4975
1.9919838905334473,4974
1.9970366954803467,4973
1.997161865234375,4972
2.0001869201660156,4971
2.0035300254821777,4970
2.0035829544067383,4969
2.0039398670196533,4968
2.007519006729126,4967
2.008466958999634,4966
2.013185739517212,4965
2.0140910148620605,4964
2.014821767807007,4963
2.021183967590332,4962
2.0287978649139404,4961
2.028862953186035,4960
2.0291478633880615,4959
2.0291988849639893,4958
2.029254913330078,4957
2.0292909145355225,4956
2.0332508087158203,4955
2.039742946624756,4954
2.039801836013794,4953
2.040958881378174,4952
2.04229474067688,4951
2.0435867309570312,4950
2.0450029373168945,4949
2.045088768005371,4948
2.0467588901519775,4947
2.047945022583008,4946
2.0480668544769287,4945
2.049517869949341,4944
2.0536110401153564,4943
2.053715944290161,4942
2.0555667877197266,4941
2.059609889984131,4940
2.0596628189086914,4939
2.0630548000335693,4938
2.0631117820739746,4937
2.064720869064331,4936
2.071833848953247,4935
2.0723876953125,4934
2.073105812072754,4933
2.0731747150421143,4932
2.0735249519348145,4931
2.0736939907073975,4930
2.079446792602539,4929
2.0811116695404053,4928
2.081723928451538,4927
2.0824546813964844,4926
2.0831387042999268,4925
2.0848848819732666,4924
2.0849769115448,4923
2.093254804611206,4922
2.0957858562469482,4921
2.097327709197998,4920
2.0984530448913574,4919
2.09924578666687,4918
2.0993196964263916,4917
2.1004478931427,4916
2.1007697582244873,4915
2.1019608974456787,4914
2.108987808227539,4913
2.1158080101013184,4912
2.1176228523254395,4911
2.119144916534424,4910
2.1202518939971924,4909
2.1309750080108643,4908
2.133671998977661,4907
2.137807846069336,4906
2.138199806213379,4905
2.139725685119629,4904
2.1398537158966064,4903
2.1399807929992676,4902
2.1490418910980225,4901
2.1495327949523926,4900
2.1525187492370605,4899
2.1532387733459473,4898
2.1533098220825195,4897
2.153395891189575,4896
2.154646635055542,4895
2.154953956604004,4894
2.1550698280334473,4893
2.158127784729004,4892
2.1600887775421143,4891
2.160153865814209,4890
2.16654896736145,4889
2.16687273979187,4888
2.1739909648895264,4887
2.1746268272399902,4886
2.188169002532959,4885
2.1886038780212402,4884
2.1895790100097656,4883
2.189628839492798,4882
2.1994998455047607,4881
2.2002108097076416,4880
2.201192855834961,4879
2.204814910888672,4878
2.204871892929077,4877
2.213167905807495,4876
2.2153728008270264,4875
2.216308832168579,4874
2.2231879234313965,4873
2.224277973175049,4872
2.233869791030884,4871
2.235884666442871,4870
2.2382616996765137,4869
2.2420597076416016,4868
2.246220827102661,4867
2.2480499744415283,4866
2.2483420372009277,4865
2.2552409172058105,4864
2.2554378509521484,4863
2.2577857971191406,4862
2.259105682373047,4861
2.2597739696502686,4860
2.2644119262695312,4859
2.266979694366455,4858
2.267508029937744,4857
2.267889976501465,4856
2.268265962600708,4855
2.268669843673706,4854
2.2695770263671875,4853
2.2972569465637207,4852
2.299124002456665,4851
2.2992289066314697,4850
2.299309730529785,4849
2.299412965774536,4848
2.3109676837921143,4847
2.3110830783843994,4846
2.314419984817505,4845
2.3185176849365234,4844
2.3205788135528564,4843
2.3206517696380615,4842
2.329359769821167,4841
2.3316028118133545,4840
2.333163022994995,4839
2.339672803878784,4838
2.3439717292785645,4837
2.344374656677246,4836
2.345709800720215,4835
2.3517308235168457,4834
2.352301836013794,4833
2.357374906539917,4832
2.3611977100372314,4831
2.3637828826904297,4830
2.3717377185821533,4829
2.371846914291382,4828
2.3727598190307617,4827
2.378124713897705,4826
2.3793857097625732,4825
2.3794608116149902,4824
2.3797037601470947,4823
2.380558729171753,4822
2.38740873336792,4821
2.387535810470581,4820
2.395559787750244,4819
2.4031167030334473,4818
2.405240774154663,4817
2.4057998657226562,4816
2.4088127613067627,4815
2.4254720211029053,4814
2.426865816116333,4813
2.4289588928222656,4812
2.4290308952331543,4811
2.43107271194458,4810
2.4345710277557373,4809
2.435633897781372,4808
2.436494827270508,4807
2.436563014984131,4806
2.4416089057922363,4805
2.4419758319854736,4804
2.4470229148864746,4803
2.4472787380218506,4802
2.449882745742798,4801
2.4502267837524414,4800
2.451133966445923,4799
2.4535038471221924,4798
2.453662872314453,4797
2.457716941833496,4796
2.4592318534851074,4795
2.46262788772583,4794
2.4680347442626953,4793
2.4737918376922607,4792
2.4827518463134766,4791
2.4874320030212402,4790
2.4874658584594727,4789
2.487595796585083,4788
2.4905459880828857,4787
2.4943199157714844,4786
2.4944007396698,4785
2.4991908073425293,4784
2.5016016960144043,4783
2.505521774291992,4782
2.506657838821411,4781
2.506898880004883,4780
2.507359027862549,4779
2.5135560035705566,4778
2.51603102684021,4777
2.516063928604126,4776
2.5163369178771973,4775
2.521232843399048,4774
2.521333694458008,4773
2.5247926712036133,4772
2.529425859451294,4771
2.529604911804199,4770
2.53641676902771,4769
2.552055835723877,4768
2.552950620651245,4767
2.553248643875122,4766
2.554072856903076,4765
2.5547499656677246,4764
2.5557258129119873,4763
2.565652847290039,4762
2.568431854248047,4761
2.57145094871521,4760
2.573503017425537,4759
2.573594808578491,4758
2.5740790367126465,4757
2.5769238471984863,4756
2.576995849609375,4755
2.5773167610168457,4754
2.5831527709960938,4753
2.6042368412017822,4752
2.6066009998321533,4751
2.606729030609131,4750
2.610067844390869,4749
2.611114978790283,4748
2.6131768226623535,4747
2.6190857887268066,4746
2.6204237937927246,4745
2.625182867050171,4744
2.6299216747283936,4743
2.6300148963928223,4742
2.63887882232666,4741
2.638950824737549,4740
2.6404688358306885,4739
2.6430537700653076,4738
2.646671772003174,4737
2.648338794708252,4736
2.6484408378601074,4735
2.653186798095703,4734
2.654005765914917,4733
2.664369821548462,4732
2.6700427532196045,4731
2.670125722885132,4730
2.675724744796753,4729
2.683677911758423,4728
2.684929847717285,4727
2.6891047954559326,4726
2.6897218227386475,4725
2.6932387351989746,4724
2.696781873703003,4723
2.6986348628997803,4722
2.70680570602417,4721
2.7068798542022705,4720
2.7071187496185303,4719
2.7075889110565186,4718
2.7142767906188965,4717
2.7187588214874268,4716
2.718839645385742,4715
2.721583843231201,4714
2.7250428199768066,4713
2.726839780807495,4712
2.739990711212158,4711
2.7417919635772705,4710
2.7422468662261963,4709
2.7473809719085693,4708
2.7520179748535156,4707
2.756126880645752,4706
2.757659912109375,4705
2.7596240043640137,4704
2.765929937362671,4703
2.7709336280822754,4702
2.7723309993743896,4701
2.7744898796081543,4700
2.779484987258911,4699
2.7821907997131348,4698
2.786876916885376,4697
2.7921879291534424,4696
2.792280673980713,4695
2.794459819793701,4694
2.794712781906128,4693
2.8042588233947754,4692
2.804515838623047,4691
2.8046510219573975,4690
2.8053319454193115,4689
2.8105428218841553,4688
2.8116486072540283,4687
2.819105863571167,4686
2.829124927520752,4685
2.8339006900787354,4684
2.835615873336792,4683
2.836864709854126,4682
2.8442749977111816,4681
2.844848871231079,4680
2.849703788757324,4679
2.853060722351074,4678
2.8556768894195557,4677
2.858616828918457,4676
2.8663527965545654,4675
2.86796498298645,4674
2.870767831802368,4673
2.873229742050171,4672
2.878692865371704,4671
2.8851137161254883,4670
2.886704921722412,4669
2.8867688179016113,4668
2.8885488510131836,4667
2.8910417556762695,4666
2.8930928707122803,4665
2.8978068828582764,4664
2.899155855178833,4663
2.900871992111206,4662
2.9061567783355713,4661
2.9081709384918213,4660
2.9086427688598633,4659
2.9088199138641357,4658
2.909538745880127,4657
2.9196767807006836,4656
2.929867744445801,4655
2.931328058242798,4654
2.941466808319092,4653
2.9489638805389404,4652
2.9490668773651123,4651
2.9645869731903076,4650
2.9714457988739014,4649
2.9715828895568848,4648
2.9752657413482666,4647
2.9830169677734375,4646
2.983116865158081,4645
2.987353801727295,4644
2.9881389141082764,4643
2.988407850265503,4642
2.9891719818115234,4641
2.99017071723938,4640
2.990288734436035,4639
2.9969098567962646,4638
3.0135717391967773,4637
3.014045000076294,4636
3.0200767517089844,4635
3.0254878997802734,4634
3.029106855392456,4633
3.0305368900299072,4632
3.0306358337402344,4631
3.0318517684936523,4630
3.0421409606933594,4629
3.0425968170166016,4628
3.043813943862915,4627
3.0515248775482178,4626
3.0560128688812256,4625
3.059457778930664,4624
3.0640530586242676,4623
3.0674450397491455,4622
3.0675508975982666,4621
3.0735018253326416,4620
3.0759990215301514,4619
3.076908826828003,4618
3.0769526958465576,4617
3.0824739933013916,4616
3.0842339992523193,4615
3.0937769412994385,4614
3.1003198623657227,4613
3.1014628410339355,4612
3.1023449897766113,4611
3.1028900146484375,4610
3.103005886077881,4609
3.1041767597198486,4608
3.1045339107513428,4607
3.1058449745178223,4606
3.1073598861694336,4605
3.1090619564056396,4604
3.1103737354278564,4603
3.12518572807312,4602
3.1252307891845703,4601
3.1257359981536865,4600
3.128350019454956,4599
3.1351988315582275,4598
3.1483309268951416,4597
3.1501309871673584,4596
3.152235746383667,4595
3.1572060585021973,4594
3.158433675765991,4593
3.1589088439941406,4592
3.1649959087371826,4591
3.1657769680023193,4590
3.165987730026245,4589
3.17556095123291,4588
3.1758549213409424,4587
3.1886348724365234,4586
3.1941897869110107,4585
3.206437826156616,4584
3.20719575881958,4583
3.2290287017822266,4582
3.229130983352661,4581
3.2347159385681152,4580
3.2421247959136963,4579
3.24216890335083,4578
3.2437729835510254,4577
3.2467598915100098,4576
3.247253894805908,4575
3.248865842819214,4574
3.2575366497039795,4573
3.2587268352508545,4572
3.2618067264556885,4571
3.262752056121826,4570
3.267073631286621,4569
3.267152786254883,4568
3.273906946182251,4567
3.279829978942871,4566
3.2810218334198,4565
3.2883968353271484,4564
3.297508716583252,4563
3.302039861679077,4562
3.3020758628845215,4561
3.309108018875122,4560
3.3115079402923584,4559
3.314915895462036,4558
3.31866192817688,4557
3.328788995742798,4556
3.332528829574585,4555
3.3331148624420166,4554
3.337066888809204,4553
3.3400347232818604,4552
3.3413519859313965,4551
3.345536708831787,4550
3.3495607376098633,4549
3.3496437072753906,4548
3.3546760082244873,4547
3.358294725418091,4546
3.3583788871765137,4545
3.363872766494751,4544
3.3674087524414062,4543
3.3730099201202393,4542
3.373098850250244,4541
3.3947389125823975,4540
3.3948097229003906,4539
3.398617744445801,4538
3.4008798599243164,4537
3.4014546871185303,4536
3.4049017429351807,4535
3.405669927597046,4534
3.408592939376831,4533
3.423632860183716,4532
3.4384026527404785,4531
3.441969871520996,4530
3.4433107376098633,4529
3.448587656021118,4528
3.4487686157226562,4527
3.4545059204101562,4526
3.4849679470062256,4525
3.4873738288879395,4524
3.490736961364746,4523
3.494722843170166,4522
3.500473737716675,4521
3.512882947921753,4520
3.5142128467559814,4519
3.5178797245025635,4518
3.5179498195648193,4517
3.519371747970581,4516
3.5215539932250977,4515
3.5227348804473877,4514
3.52801775932312,4513
3.5350348949432373,4512
3.535144805908203,4511
3.5397520065307617,4510
3.5611369609832764,4509
3.5623350143432617,4508
3.571272850036621,4507
3.572035789489746,4506
3.578535795211792,4505
3.5812878608703613,4504
3.5819966793060303,4503
3.612135887145996,4502
3.612231969833374,4501
3.6220738887786865,4500
3.6259899139404297,4499
3.6271770000457764,4498
3.628269672393799,4497
3.6467058658599854,4496
3.649972915649414,4495
3.6507678031921387,4494
3.6553518772125244,4493
3.6607918739318848,4492
3.666937828063965,4491
3.670658826828003,4490
3.6769967079162598,4489
3.6836140155792236,4488
3.688825845718384,4487
3.6916568279266357,4486
3.6917378902435303,4485
3.6921937465667725,4484
3.6952648162841797,4483
3.697355031967163,4482
3.697429895401001,4481
3.6998517513275146,4480
3.702096939086914,4479
3.7054128646850586,4478
3.713418960571289,4477
3.7172129154205322,4476
3.723026990890503,4475
3.7239248752593994,4474
3.724930763244629,4473
3.7260239124298096,4472
3.730217933654785,4471
3.7342777252197266,4470
3.7368857860565186,4469
3.738384962081909,4468
3.7417657375335693,4467
3.7454898357391357,4466
3.752753973007202,4465
3.7557168006896973,4464
3.7612497806549072,4463
3.7613189220428467,4462
3.7652428150177,4461
3.766556978225708,4460
3.777667760848999,4459
3.779852867126465,4458
3.7863197326660156,4457
3.794487714767456,4456
3.794567823410034,4455
3.7975947856903076,4454
3.8020827770233154,4453
3.8100297451019287,4452
3.810072898864746,4451
3.8336310386657715,4450
3.8351197242736816,4449
3.83516788482666,4448
3.8407328128814697,4447
3.843730926513672,4446
3.8445188999176025,4445
3.8476879596710205,4444
3.860259771347046,4443
3.862104892730713,4442
3.8665590286254883,4441
3.86822772026062,4440
3.8685367107391357,4439
3.869114875793457,4438
3.8718268871307373,4437
3.877746820449829,4436
3.8792457580566406,4435
3.8810577392578125,4434
3.890659809112549,4433
3.8947179317474365,4432
3.8948607444763184,4431
3.8964688777923584,4430
3.9133617877960205,4429
3.9169280529022217,4428
3.9175517559051514,4427
3.924246072769165,4426
3.9262547492980957,4425
3.9271488189697266,4424
3.9590888023376465,4423
3.9612669944763184,4422
3.965068817138672,4421
3.968756914138794,4420
3.9700050354003906,4419
3.9874258041381836,4418
3.996734857559204,4417
3.9981420040130615,4416
4.003344774246216,4415
4.0061118602752686,4414
4.008648872375488,4413
4.008734941482544,4412
4.009488821029663,4411
4.010645866394043,4410
4.015089988708496,4409
4.020421743392944,4408
4.032128810882568,4407
4.032931804656982,4406
4.035494804382324,4405
4.047107696533203,4404
4.051729917526245,4403
4.05270791053772,4402
4.0571839809417725,4401
4.057284832000732,4400
4.064648866653442,4399
4.065439939498901,4398
4.070644855499268,4397
4.072866678237915,4396
4.076356887817383,4395
4.079489707946777,4394
4.082824945449829,4393
4.09026575088501,4392
4.102974891662598,4391
4.103792905807495,4390
4.107619762420654,4389
4.113726854324341,4388
4.115492820739746,4387
4.115604877471924,4386
4.121661901473999,4385
4.122585773468018,4384
4.123432874679565,4383
4.128069877624512,4382
4.13373589515686,4381
4.143496990203857,4380
4.173463821411133,4379
4.18242883682251,4378
4.187516927719116,4377
4.1972737312316895,4376
4.2083399295806885,4375
4.216317892074585,4374
4.22344970703125,4373
4.226960897445679,4372
4.228956937789917,4371
4.234606742858887,4370
4.239146947860718,4369
4.240781784057617,4368
4.246193885803223,4367
4.246238946914673,4366
4.256757736206055,4365
4.258573770523071,4364
4.271140813827515,4363
4.276853799819946,4362
4.2771546840667725,4361
4.27777886390686,4360
4.277892827987671,4359
4.284640789031982,4358
4.292413949966431,4357
4.2947587966918945,4356
4.297736883163452,4355
4.315820693969727,4354
4.33087682723999,4353
4.336819887161255,4352
4.340195894241333,4351
4.346329927444458,4350
4.346449851989746,4349
4.3512797355651855,4348
4.357288837432861,4347
4.357630014419556,4346
4.364239931106567,4345
4.37491774559021,4344
4.396598815917969,4343
4.398490905761719,4342
4.398610830307007,4341
4.412712812423706,4340
4.4127538204193115,4339
4.418461799621582,4338
4.418745756149292,4337
4.428730726242065,4336
4.429154872894287,4335
4.433332920074463,4334
4.4438347816467285,4333
4.444347858428955,4332
4.449331998825073,4331
4.450018882751465,4330
4.4515767097473145,4329
4.452280759811401,4328
4.456202983856201,4327
4.457020998001099,4326
4.464346885681152,4325
4.4685258865356445,4324
4.476406812667847,4323
4.477494716644287,4322
4.483043909072876,4321
4.485854864120483,4320
4.4862189292907715,4319
4.488755941390991,4318
4.489354848861694,4317
4.496310710906982,4316
4.506926774978638,4315
4.510659694671631,4314
4.516207933425903,4313
4.520558834075928,4312
4.539707899093628,4311
4.5643298625946045,4310
4.57013463973999,4309
4.571507930755615,4308
4.571623802185059,4307
4.577942848205566,4306
4.5860936641693115,4305
4.592107057571411,4304
4.593569755554199,4303
4.596881866455078,4302
4.609534025192261,4301
4.609815835952759,4300
4.613584756851196,4299
4.622268915176392,4298
4.625244855880737,4297
4.6409900188446045,4296
4.673414945602417,4295
4.679447650909424,4294
4.703578948974609,4293
4.703883647918701,4292
4.716651678085327,4291
4.718623876571655,4290
4.719767808914185,4289
4.731403827667236,4288
4.731518983840942,4287
4.742417812347412,4286
4.755138874053955,4285
4.756115913391113,4284
4.767138719558716,4283
4.797979831695557,4282
4.798108816146851,4281
4.799425840377808,4280
4.835583925247192,4279
4.840998888015747,4278
4.851154804229736,4277
4.8556177616119385,4276
4.86229681968689,4275
4.8788769245147705,4274
4.879647970199585,4273
4.8897669315338135,4272
4.893111705780029,4271
4.901559829711914,4270
4.912449836730957,4269
4.920959949493408,4268
4.929524898529053,4267
4.930508852005005,4266
4.935735702514648,4265
4.942433834075928,4264
4.948800802230835,4263
4.959443807601929,4262
4.969745874404907,4261
4.988119840621948,4260
5.002435684204102,4259
5.005055904388428,4258
5.011693716049194,4257
5.012595891952515,4256
5.0147387981414795,4255
5.024037837982178,4254
5.039865732192993,4253
5.044010877609253,4252
5.058485746383667,4251
5.064647912979126,4250
5.092779636383057,4249
5.103014945983887,4248
5.116941690444946,4247
5.123514890670776,4246
5.123922824859619,4245
5.127281904220581,4244
5.146975040435791,4243
5.15564489364624,4242
5.163786888122559,4241
5.167145013809204,4240
5.1671998500823975,4239
5.170663833618164,4238
5.172924995422363,4237
5.176411867141724,4236
5.189153671264648,4235
5.192226886749268,4234
5.193932771682739,4233
5.196150779724121,4232
5.197937965393066,4231
5.202892780303955,4230
5.208732843399048,4229
5.22299599647522,4228
5.230818748474121,4227
5.231119871139526,4226
5.239774942398071,4225
5.250372886657715,4224
5.26052188873291,4223
5.271058797836304,4222
5.280300855636597,4221
5.2836549282073975,4220
5.293402910232544,4219
5.313365936279297,4218
5.321770906448364,4217
5.334442853927612,4216
5.3347039222717285,4215
5.346714735031128,4214
5.3520448207855225,4213
5.35405969619751,4212
5.356545686721802,4211
5.364875078201294,4210
5.369456768035889,4209
5.380147933959961,4208
5.424186944961548,4207
5.441341876983643,4206
5.446506023406982,4205
5.460492849349976,4204
5.478935718536377,4203
5.484768629074097,4202
5.490957736968994,4201
5.497783660888672,4200
5.510195016860962,4199
5.5140910148620605,4198
5.525012016296387,4197
5.526603698730469,4196
5.542874813079834,4195
5.562432050704956,4194
5.58458399772644,4193
5.585289001464844,4192
5.62721586227417,4191
5.628941774368286,4190
5.6290247440338135,4189
5.644948959350586,4188
5.662153005599976,4187
5.666697978973389,4186
5.6735029220581055,4185
5.675874710083008,4184
5.676158905029297,4183
5.677464723587036,4182
5.683722019195557,4181
5.685711860656738,4180
5.685760736465454,4179
5.703250885009766,4178
5.735523700714111,4177
5.759394884109497,4176
5.764750719070435,4175
5.7657599449157715,4174
5.774203777313232,4173
5.781933784484863,4172
5.782846927642822,4171
5.791439771652222,4170
5.810428857803345,4169
5.821155786514282,4168
5.835408926010132,4167
5.855029821395874,4166
5.872772932052612,4165
5.881099700927734,4164
5.881917953491211,4163
5.935876846313477,4162
5.943379878997803,4161
5.95953893661499,4160
5.9832000732421875,4159
5.985714912414551,4158
5.985775709152222,4157
5.99748682975769,4156
6.010751962661743,4155
6.014014959335327,4154
6.021187782287598,4153
6.0650036334991455,4152
6.085355758666992,4151
6.087493896484375,4150
6.088462829589844,4149
6.09968376159668,4148
6.11507773399353,4147
6.156307935714722,4146
6.158586740493774,4145
6.158820867538452,4144
6.185313701629639,4143
6.20081090927124,4142
6.224353790283203,4141
6.2277748584747314,4140
6.236681938171387,4139
6.237378835678101,4138
6.26024603843689,4137
6.273473739624023,4136
6.285137891769409,4135
6.290137767791748,4134
6.291414737701416,4133
6.2989137172698975,4132
6.318000793457031,4131
6.327775955200195,4130
6.332623720169067,4129
6.347014904022217,4128
6.348224639892578,4127
6.348297834396362,4126
6.3609397411346436,4125
6.4254889488220215,4124
6.42750883102417,4123
6.4366679191589355,4122
6.475955963134766,4121
6.485672950744629,4120
6.485756874084473,4119
6.510483980178833,4118
6.513073921203613,4117
6.513227701187134,4116
6.51851487159729,4115
6.5238118171691895,4114
6.547230958938599,4113
6.595600843429565,4112
6.607489824295044,4111
6.650439977645874,4110
6.675499677658081,4109
6.694532871246338,4108
6.722738981246948,4107
6.758571624755859,4106
6.774618864059448,4105
6.851106882095337,4104
6.859153985977173,4103
6.866416931152344,4102
6.926636695861816,4101
6.933016777038574,4100
6.976106882095337,4099
6.984686851501465,4098
6.9874467849731445,4097
6.987544775009155,4096
6.994380712509155,4095
7.117945909500122,4094
7.197706937789917,4093
7.234379768371582,4092
7.2415149211883545,4091
7.247262001037598,4090
7.2516679763793945,4089
7.254746913909912,4088
7.280155897140503,4087
7.324169874191284,4086
7.328396797180176,4085
7.37457275390625,4084
7.377640008926392,4083
7.395711898803711,4082
7.402151823043823,4081
7.407500743865967,4080
7.421944856643677,4079
7.4259278774261475,4078
7.4984986782073975,4077
7.498542785644531,4076
7.519934892654419,4075
7.572267770767212,4074
7.599776029586792,4073
7.6024017333984375,4072
7.627222776412964,4071
7.649960994720459,4070
7.664672613143921,4069
7.686450958251953,4068
7.69857382774353,4067
7.717071771621704,4066
7.730106830596924,4065
7.732049942016602,4064
7.735400915145874,4063
7.745743751525879,4062
7.766358852386475,4061
7.7754807472229,4060
7.7763447761535645,4059
7.8005146980285645,4058
7.811003923416138,4057
7.811101913452148,4056
7.8457417488098145,4055
7.864410877227783,4054
7.869021892547607,4053
7.884753942489624,4052
7.9523327350616455,4051
7.957573890686035,4050
7.958658695220947,4049
7.981493711471558,4048
8.01080870628357,4047
8.012868881225586,4046
8.03690481185913,4045
8.04134202003479,4044
8.048674821853638,4043
8.061594724655151,4042
8.078187704086304,4041
8.12044882774353,4040
8.134946823120117,4039
8.138784646987915,4038
8.163514852523804,4037
8.24474287033081,4036
8.25227689743042,4035
8.253860712051392,4034
8.254341840744019,4033
8.260381937026978,4032
8.276780843734741,4031
8.299686908721924,4030
8.330895900726318,4029
8.396555662155151,4028
8.396750688552856,4027
8.465296745300293,4026
8.535063743591309,4025
8.608731746673584,4024
8.621609926223755,4023
8.623437881469727,4022
8.63466763496399,4021
8.672065734863281,4020
8.7687087059021,4019
8.813621044158936,4018
8.83235788345337,4017
8.871103048324585,4016
8.916290760040283,4015
8.92010498046875,4014
8.97452688217163,4013
9.064978837966919,4012
9.072008848190308,4011
9.18919563293457,4010
9.303953886032104,4009
9.322696924209595,4008
9.335212707519531,4007
9.357107877731323,4006
9.386765718460083,4005
9.387435674667358,4004
9.389725923538208,4003
9.404098749160767,4002
9.416965961456299,4001
9.433371782302856,4000
9.644490003585815,3999
9.64995265007019,3998
9.699304819107056,3997
9.714974880218506,3996
9.7205970287323,3995
9.744142770767212,3994
9.810422658920288,3993
9.840298891067505,3992
9.900303840637207,3991
9.904399871826172,3990
9.932599782943726,3989
10.003300905227661,3988
10.088597059249878,3987
10.183835744857788,3986
10.357016801834106,3985
10.410683870315552,3984
10.432983875274658,3983
10.499804973602295,3982
10.559852838516235,3981
10.613872766494751,3980
10.644396781921387,3979
10.69679594039917,3978
10.770976066589355,3977
10.89969778060913,3976
10.911633968353271,3975
10.9287428855896,3974
11.109683990478516,3973
11.302611827850342,3972
11.599616050720215,3971
11.807350635528564,3970
11.86569881439209,3969
11.985270738601685,3968
12.315852642059326,3967
12.324217796325684,3966
12.482722759246826,3965
12.515450716018677,3964
12.715414047241211,3963
12.728734016418457,3962
12.760191917419434,3961
12.771237850189209,3960
13.023764848709106,3959
13.090489864349365,3958
13.351893901824951,3957
13.74559998512268,3956
13.893351793289185,3955
14.153259754180908,3954
14.25020980834961,3953
14.494874715805054,3952
14.610300779342651,3951
14.627039909362793,3950
14.682715892791748,3949
14.727504968643188,3948
14.814704895019531,3947
15.061932802200317,3946
15.136139631271362,3945
15.250537872314453,3944
15.396363019943237,3943
15.501382827758789,3942
15.613472700119019,3941
15.728274822235107,3940
15.983528852462769,3939
16.319546937942505,3938
16.327736854553223,3937
16.641477823257446,3936
16.72643280029297,3935
16.941203832626343,3934
17.174359798431396,3933
18.110748767852783,3932
18.687896728515625,3931
23.86027693748474,3930
24.95447874069214,3929
29.926843881607056,3928
55.786247968673706,3927
