0.0,2
0.01,3
0.02,8
0.03,12
0.04,16
0.05,10
0.06,22
0.07,13
0.08,14
0.09,30
0.1,32
0.11,18
0.12,38
0.13,42
0.14,23
0.15,24
0.16,50
0.17,54
0.18,56
0.19,54
0.2,62
0.21,33
0.22,68
0.23,54
0.24,74
0.25,78
0.26,41
0.27,84
0.28,86
0.29,90
0.3,92
0.31,96
0.32,50
0.33,102
0.34,104
0.35,108
0.36,100
0.37,114
0.38,118
0.39,61
0.4,124
0.41,94
0.42,130
0.43,134
0.44,138
0.45,142
0.46,73
0.47,148
0.48,152
0.49,156
0.5,160
0.51,162
0.52,166
0.53,170
0.54,174
0.55,178
0.56,91
0.57,184
0.58,188
0.59,184
0.6,98
0.61,198
0.62,202
0.63,103
0.64,208
0.65,212
0.66,216
0.67,110
0.68,222
0.69,226
0.7,228
0.71,232
0.72,118
0.73,238
0.74,242
0.75,244
0.76,248
0.77,126
0.78,254
0.79,129
0.8,260
0.81,132
0.82,266
0.83,268
0.84,272
0.85,138
0.86,278
0.87,141
0.88,210
0.89,286
0.9,288
0.91,292
0.92,148
0.93,284
0.94,300
0.95,93
0.96,306
0.97,308
0.98,310
0.99,314
1.0,159
1.01,320
1.02,324
1.03,164
1.04,330
1.05,318
1.06,320
1.07,338
1.08,326
1.09,344
1.1,346
1.11,175
1.12,352
1.13,178
1.14,358
1.15,181
1.16,364
1.17,366
1.18,185
1.19,372
1.2,374
1.21,376
1.22,278
1.23,382
1.24,386
1.25,388
1.26,196
1.27,394
1.28,199
1.29,400
1.3,404
1.31,406
1.32,410
1.33,412
1.34,416
1.35,210
1.36,422
1.37,213
1.38,428
1.39,411
1.4,434
1.41,438
1.42,440
1.43,444
1.44,381
1.45,226
1.46,454
1.47,458
1.48,231
1.49,464
1.5,468
1.51,236
1.52,474
1.53,478
1.54,241
1.55,484
1.56,488
1.57,491
1.58,248
1.59,498
1.6,502
1.61,253
1.62,508
1.63,512
1.64,430
1.65,260
1.66,521
1.67,524
1.68,526
1.69,265
1.7,532
1.71,534
1.72,269
1.73,540
1.74,542
1.75,544
1.76,548
1.77,276
1.78,311
1.79,556
1.8,559
1.81,282
1.82,556
1.83,536
1.84,570
1.85,572
1.86,574
1.87,546
1.88,580
1.89,584
1.9,150
1.91,590
1.92,592
1.93,594
1.94,299
1.95,600
1.96,604
1.97,574
1.98,195
1.99,614
2.0,618
2.01,588
2.02,313
2.03,628
2.04,632
2.05,318
2.06,638
2.07,641
2.08,323
2.09,646
2.1,644
2.11,310
2.12,655
2.13,618
2.14,69
2.15,665
2.16,587
2.17,673
2.18,674
2.19,341
2.2,682
2.21,684
2.22,346
2.23,692
2.24,695
2.25,698
2.26,699
2.27,605
2.28,710
2.29,712
2.3,360
2.31,719
2.32,723
2.33,691
2.34,731
2.35,731
2.36,370
2.37,737
2.38,373
2.39,744
2.4,376
2.41,751
2.42,434
2.43,758
2.44,382
2.45,763
2.46,385
2.47,768
2.48,388
2.49,389
2.5,777
2.51,740
2.52,783
2.53,784
2.54,789
2.55,792
2.56,605
2.57,798
2.58,799
2.59,804
2.6,805
2.61,768
2.62,811
2.63,814
2.64,411
2.65,821
2.66,414
2.67,826
2.68,512
2.69,835
2.7,836
2.71,422
2.72,843
2.73,845
2.74,427
2.75,851
2.76,855
2.77,857
2.78,433
2.79,864
2.8,868
2.81,871
2.82,439
2.83,440
2.84,879
2.85,523
2.86,885
2.87,769
2.88,892
2.89,893
2.9,451
2.91,900
2.92,454
2.93,906
2.94,457
2.95,909
2.96,460
2.97,910
2.98,463
2.99,914
3.0,466
3.01,923
3.02,913
3.03,927
3.04,898
3.05,932
3.06,628
3.07,943
3.08,419
3.09,928
3.1,481
3.11,949
3.12,920
3.13,966
3.14,938
3.15,489
3.16,964
3.17,943
3.18,494
3.19,973
3.2,954
3.21,408
3.22,980
3.23,927
3.24,996
3.25,973
3.26,507
3.27,998
3.28,510
3.29,1010
3.3,982
3.31,515
3.32,247
3.33,1015
3.34,1003
3.35,961
3.36,524
3.37,1036
3.38,1026
3.39,1012
3.4,531
3.41,1056
3.42,1048
3.43,1034
3.44,1024
3.45,540
3.46,1053
3.47,1037
3.48,1064
3.49,546
3.5,1042
3.51,1062
3.52,550
3.53,1050
3.54,72
3.55,1058
3.56,1073
3.57,557
3.58,1076
3.59,1099
3.6,1082
3.61,1113
3.62,737
3.63,1039
3.64,1099
3.65,215
3.66,1088
3.67,571
3.68,1120
3.69,1055
3.7,1127
3.71,1061
3.72,1134
3.73,1088
3.74,1150
3.75,1111
3.76,585
3.77,1142
3.78,1080
3.79,1172
3.8,1141
3.81,593
3.82,494
3.83,1165
3.84,1157
3.85,1138
3.86,612
3.87,513
3.88,1177
3.89,1151
3.9,609
3.91,1214
3.92,1190
3.93,1165
3.94,383
3.95,1211
3.96,1200
3.97,1174
3.98,531
3.99,1210
4.0,1184
4.01,628
4.02,1228
4.03,1196
4.04,633
4.05,1233
4.06,1200
4.07,1271
4.08,1210
4.09,425
4.1,1237
4.11,853
4.12,1258
4.13,1217
4.14,1272
4.15,1028
4.16,1282
4.17,1224
4.18,1288
4.19,767
4.2,1264
4.21,659
4.22,1286
4.23,1218
4.24,1291
4.25,1326
4.26,1073
4.27,1330
4.28,1257
4.29,671
4.3,1263
4.31,1263
4.32,1287
4.33,676
4.34,1298
4.35,1345
4.36,1352
4.37,1278
4.38,1336
4.39,684
4.4,1315
4.41,1331
4.42,1292
4.43,1376
4.44,1183
4.45,1328
4.46,617
4.47,1309
4.48,1341
4.49,698
4.5,1357
4.51,646
4.52,986
4.53,1385
4.54,1329
4.55,30
4.56,1344
4.57,710
4.58,711
4.59,1345
4.6,1344
4.61,1422
4.62,1421
4.63,717
4.64,1392
4.65,1408
4.66,781
4.67,1403
4.68,724
4.69,1374
4.7,1375
4.71,652
4.72,1338
4.73,1438
4.74,1097
4.75,1422
4.76,735
4.77,1426
4.78,1356
4.79,519
4.8,1415
4.81,743
4.82,1454
4.83,1260
4.84,1474
4.85,1419
4.86,751
4.87,1474
4.88,1393
4.89,756
4.9,1433
4.91,1486
4.92,1386
4.93,1478
4.94,763
4.95,1493
4.96,1451
4.97,768
4.98,1482
4.99,771
5.0,500
5.01,1513
5.02,1471
5.03,778
5.04,1522
5.05,1479
5.06,631
5.07,1533
5.08,786
5.09,1508
5.1,789
5.11,1496
5.12,52
5.13,1504
5.14,1554
5.15,1325
5.16,1560
5.17,1108
5.18,1536
5.19,1580
5.2,1369
5.21,1577
5.22,1411
5.23,1563
5.24,1605
5.25,1605
5.26,816
5.27,1590
5.28,1508
5.29,1596
5.3,1395
5.31,1603
5.32,1461
5.33,1609
5.34,1526
5.35,1633
5.36,1570
5.37,83
5.38,1607
5.39,1579
5.4,833
5.41,1646
5.42,1607
5.43,1592
5.44,870
5.45,1672
5.46,1652
5.47,1634
5.48,1610
5.49,849
5.5,1689
5.51,1495
5.52,854
5.53,1677
5.54,1636
5.55,859
5.56,1687
5.57,1643
5.58,858
5.59,1696
5.6,1653
5.61,1734
5.62,1673
5.63,683
5.64,1689
5.65,875
5.66,1692
5.67,194
5.68,1675
5.69,146
5.7,1698
5.71,1752
5.72,885
5.73,1715
5.74,1306
5.75,1744
5.76,852
5.77,892
5.78,1736
5.79,1670
5.8,364
5.81,898
5.82,1678
5.83,1766
5.84,1718
5.85,127
5.86,905
5.87,1692
5.88,1060
5.89,1718
5.9,1810
5.91,1741
5.92,1807
5.93,1745
5.94,5
5.95,1756
5.96,1832
5.97,1757
5.98,1820
5.99,1726
6.0,1814
6.01,1732
6.02,1847
6.03,1789
6.04,931
6.05,1834
6.06,1787
6.07,936
6.08,1795
6.09,1809
6.1,1823
6.11,1850
6.12,1764
6.13,1807
6.14,1832
6.15,720
6.16,947
6.17,1863
6.18,1819
6.19,1852
6.2,1884
6.21,1210
6.22,955
6.23,1841
6.24,1869
6.25,136
6.26,1911
6.27,1838
6.28,1867
6.29,1920
6.3,1852
6.31,1924
6.32,1859
6.33,1936
6.34,1861
6.35,1893
6.36,1912
6.37,1568
6.38,1939
6.39,1877
6.4,1881
6.41,1951
6.42,1895
6.43,621
6.44,1913
6.45,1782
6.46,1956
6.47,1897
6.48,1976
6.49,1907
6.5,1954
6.51,447
6.52,1913
6.53,999
6.54,1934
6.55,474
6.56,1948
6.57,1005
6.58,1938
6.59,649
6.6,1961
6.61,1011
6.62,1989
6.63,1945
6.64,1016
6.65,2004
6.66,1967
6.67,1005
6.68,1970
6.69,1176
6.7,2001
6.71,1973
6.72,1029
6.73,2019
6.74,1877
6.75,2053
6.76,1991
6.77,667
6.78,2021
6.79,1040
6.8,2048
6.81,2000
6.82,2038
6.83,2070
6.84,2013
6.85,2020
6.86,2078
6.87,1982
6.88,2052
6.89,1022
6.9,2053
6.91,1057
6.92,2065
6.93,1060
6.94,2071
6.95,2104
6.96,1474
6.97,2096
6.98,1371
6.99,2093
7.0,2059
7.01,1072
7.02,2135
7.03,2093
7.04,2070
7.05,1079
7.06,2140
7.07,2108
7.08,1443
7.09,191
7.1,2140
7.11,2103
7.12,1406
7.13,371
7.14,2154
7.15,2116
7.16,1771
7.17,1100
7.18,2194
7.19,2157
7.2,2127
7.21,591
7.22,2203
7.23,2186
7.24,2145
7.25,2108
7.26,373
7.27,2167
7.28,1497
7.29,637
7.3,2210
7.31,2167
7.32,1126
7.33,2215
7.34,1776
7.35,2254
7.36,2183
7.37,589
7.38,2199
7.39,1039
7.4,2235
7.41,2194
7.42,2225
7.43,2282
7.44,2207
7.45,2284
7.46,2235
7.47,2292
7.48,1150
7.49,2267
7.5,1469
7.51,2273
7.52,1156
7.53,1596
7.54,2267
7.55,2004
7.56,2309
7.57,2269
7.58,2315
7.59,2124
7.6,2251
7.61,2270
7.62,1170
7.63,2259
7.64,2261
7.65,2290
7.66,2277
7.67,2295
7.68,1177
7.69,1178
7.7,1786
7.71,2302
7.72,1440
7.73,2332
7.74,1240
7.75,2328
7.76,1188
7.77,2323
7.78,1041
7.79,2315
7.8,468
7.81,2311
7.82,2381
7.83,2312
7.84,2396
7.85,1201
7.86,2369
7.87,1748
7.88,2378
7.89,2297
7.9,2410
7.91,2337
7.92,2402
7.93,2059
7.94,2394
7.95,1216
7.96,2378
7.97,559
7.98,2361
7.99,2434
8.0,2370
8.01,1225
8.02,2371
8.03,2420
8.04,664
8.05,2379
8.06,2455
8.07,2390
8.08,531
8.09,2421
8.1,2265
8.11,753
8.12,2452
8.13,2417
8.14,1863
8.15,687
8.16,2413
8.17,2447
8.18,2420
8.19,1234
8.2,2488
8.21,2455
8.22,2432
8.23,1054
8.24,2488
8.25,2444
8.26,645
8.27,2488
8.28,2452
8.29,91
8.3,1271
8.31,2463
8.32,2495
8.33,2542
8.34,1276
8.35,2499
8.36,2543
8.37,1280
8.38,2477
8.39,2483
8.4,288
8.41,2074
8.42,2508
8.43,2542
8.44,2270
8.45,1591
8.46,2535
8.47,2574
8.48,1294
8.49,2118
8.5,2560
8.51,1298
8.52,2540
8.53,931
8.54,2550
8.55,1304
8.56,2556
8.57,2565
8.58,1308
8.59,2527
8.6,2606
8.61,2539
8.62,112
8.63,2547
8.64,588
8.65,2560
8.66,1320
8.67,2602
8.68,2553
8.69,272
8.7,2592
8.71,1358
8.72,2630
8.73,2576
8.74,1227
8.75,2628
8.76,2582
8.77,1338
8.78,2665
8.79,2620
8.8,1750
8.81,2668
8.82,2632
8.83,2606
8.84,1350
8.85,455
8.86,2667
8.87,2130
8.88,1031
8.89,2677
8.9,2632
8.91,1051
8.92,2670
8.93,1365
8.94,2698
8.95,2648
8.96,803
8.97,2692
8.98,1919
8.99,2714
9.0,2508
9.01,2720
9.02,2693
9.03,1381
9.04,2714
9.05,2209
9.06,2718
9.07,2681
9.08,2725
9.09,2770
9.1,2709
9.11,2756
9.12,2707
9.13,2752
9.14,476
9.15,2745
9.16,1669
9.17,2787
9.18,2716
9.19,2720
9.2,2763
9.21,1407
9.22,2777
9.23,1081
9.24,2734
9.25,1067
9.26,2768
9.27,2577
9.28,2762
9.29,2802
9.3,1702
9.31,2749
9.32,406
9.33,2787
9.34,1426
9.35,2819
9.36,2687
9.37,2853
9.38,2780
9.39,2831
9.4,1435
9.41,2811
9.42,2786
9.43,1440
9.44,2791
9.45,1330
9.46,2873
9.47,2831
9.48,2806
9.49,2887
9.5,2898
9.51,454
9.52,51
9.53,1454
9.54,2870
9.55,2390
9.56,2877
9.57,1460
9.58,2860
9.59,314
9.6,2852
9.61,1466
9.62,2896
9.63,1553
9.64,2884
9.65,1472
9.66,2884
9.67,1371
9.68,2884
9.69,210
9.7,2870
9.71,2945
9.72,2880
9.73,263
9.74,2898
9.75,1380
9.76,2914
9.77,1119
9.78,2911
9.79,752
9.8,2910
9.81,433
9.82,2909
9.83,2964
9.84,937
9.85,2940
9.86,1503
9.87,2969
9.88,636
9.89,2951
9.9,3001
9.91,772
9.92,2934
9.93,2998
9.94,1401
9.95,2956
9.96,2997
9.97,2946
9.98,1520
9.99,3016
10.0,2983
10.01,1796
10.02,3041
10.03,2970
10.04,3009
10.05,1531
10.06,2991
10.07,821
10.08,1535
10.09,1724
10.1,2638
10.11,3013
10.12,2
10.13,3013
10.14,1515
10.15,3027
10.16,1546
10.17,3060
10.18,1314
10.19,3043
10.2,1552
10.21,3017
10.22,556
10.23,3029
10.24,536
10.25,3050
10.26,1561
10.27,3074
10.28,1564
10.29,3090
10.3,2181
10.31,3112
10.32,3052
10.33,654
10.34,3089
10.35,1774
10.36,3120
10.37,3068
10.38,599
10.39,3106
10.4,1838
10.41,3141
10.42,3086
10.43,958
10.44,3133
10.45,2995
10.46,3178
10.47,3116
10.48,1596
10.49,3160
10.5,3124
10.51,1562
10.52,3154
10.53,3120
10.54,1606
10.55,3154
10.56,3128
10.57,1156
10.58,3175
10.59,2775
10.6,3228
10.61,3149
10.62,476
10.63,3174
10.64,3005
10.65,3244
10.66,3165
10.67,41
10.68,3175
10.69,1027
10.7,3201
10.71,503
10.72,3185
10.73,392
10.74,3184
10.75,3274
10.76,3190
10.77,3227
10.78,1643
10.79,3206
10.8,213
10.81,3203
10.82,3272
10.83,532
10.84,3236
10.85,869
10.86,3220
10.87,3253
10.88,287
10.89,3228
10.9,648
10.91,3254
10.92,3274
10.93,3311
10.94,2113
10.95,3267
10.96,3310
10.97,769
10.98,1511
10.99,3253
11.0,515
11.01,3260
11.02,3303
11.03,3291
11.04,3292
11.05,3324
11.06,1793
11.07,3301
11.08,3327
11.09,167
11.1,3366
11.11,1910
11.12,3312
11.13,3303
11.14,3339
11.15,2571
11.16,3344
11.17,3277
11.18,3328
11.19,1567
11.2,3323
11.21,448
11.22,3316
11.23,3380
11.24,2963
11.25,3358
11.26,1413
11.27,3340
11.28,3405
11.29,2347
11.3,3374
11.31,665
11.32,3342
11.33,3402
11.34,2334
11.35,3404
11.36,3108
11.37,3408
11.38,1861
11.39,3427
11.4,3371
11.41,1729
11.42,3420
11.43,3376
11.44,1734
11.45,3442
11.46,3386
11.47,3437
11.48,344
11.49,3428
11.5,1731
11.51,3449
11.52,1811
11.53,3479
11.54,3436
11.55,2865
11.56,3489
11.57,3436
11.58,2208
11.59,3485
11.6,3445
11.61,2008
11.62,3506
11.63,3444
11.64,1247
11.65,3446
11.66,3497
11.67,634
11.68,3459
11.69,3520
11.7,3065
11.71,3464
11.72,3479
11.73,751
11.74,474
11.75,2872
11.76,3479
11.77,3525
11.78,3521
11.79,868
11.8,1777
11.81,3498
11.82,758
11.83,3494
11.84,3547
11.85,1641
11.86,3500
11.87,3558
11.88,1797
11.89,3515
11.9,646
11.91,3529
11.92,1089
11.93,3534
11.94,744
11.95,3575
11.96,3191
11.97,65
11.98,3568
11.99,3423
12.0,1008
12.01,3610
12.02,3564
12.03,1821
12.04,3632
12.05,3586
12.06,2451
12.07,3648
12.08,3596
12.09,2469
12.1,3662
12.11,3606
12.12,3544
12.13,1514
12.14,3663
12.15,3630
12.16,1843
12.17,3649
12.18,3602
12.19,778
12.2,3649
12.21,2493
12.22,3665
12.23,3044
12.24,1332
12.25,3687
12.26,3634
12.27,3716
12.28,3634
12.29,231
12.3,3657
12.31,1730
12.32,3660
12.33,476
12.34,3676
12.35,1277
12.36,3697
12.37,472
12.38,1877
12.39,3675
12.4,3756
12.41,3674
12.42,3702
12.43,3764
12.44,3696
12.45,1185
12.46,3715
12.47,1890
12.48,3554
12.49,3694
12.5,3724
12.51,1520
12.52,3704
12.53,3713
12.54,3762
12.55,3759
12.56,1901
12.57,3766
12.58,1839
12.59,3747
12.6,1810
12.61,3754
12.62,818
12.63,3738
12.64,3822
12.65,3740
12.66,221
12.67,3746
12.68,3829
12.69,3752
12.7,171
12.71,3760
12.72,3815
12.73,1996
12.74,3801
12.75,682
12.76,3208
12.77,3801
12.78,3860
12.79,2107
12.8,3831
12.81,1942
12.82,3824
12.83,3821
12.84,3845
12.85,3238
12.86,3862
12.87,3548
12.88,3877
12.89,3470
12.9,3866
12.91,2407
12.92,3857
12.93,2296
12.94,3883
12.95,3781
12.96,3910
12.97,3671
12.98,3888
12.99,3138
13.0,435
13.01,3870
13.02,1732
13.03,3901
13.04,3858
13.05,2035
13.06,3922
13.07,3886
13.08,3267
13.09,871
13.1,3921
13.11,3011
13.12,1359
13.13,3945
13.14,3892
13.15,3976
13.16,483
13.17,3899
13.18,1837
13.19,3951
13.2,3126
13.21,3976
13.22,3912
13.23,55
13.24,2873
13.25,3932
13.26,345
13.27,2227
13.28,3944
13.29,3967
13.3,2011
13.31,3974
13.32,2014
13.33,3981
13.34,2017
13.35,3986
13.36,600
13.37,1962
13.38,3955
13.39,4036
13.4,3498
13.41,4025
13.42,2286
13.43,4024
13.44,2066
13.45,4002
13.46,4060
13.47,2238
13.48,4035
13.49,2074
13.5,4044
13.51,914
13.52,3998
13.53,4052
13.54,3568
13.55,4067
13.56,2807
13.57,4078
13.58,4016
13.59,580
13.6,4043
13.61,1557
13.62,4065
13.63,2374
13.64,4086
13.65,3484
13.66,4120
13.67,4047
13.68,997
13.69,4081
13.7,2395
13.71,4116
13.72,4057
13.73,265
13.74,4079
13.75,1859
13.76,4111
13.77,3103
13.78,4162
13.79,4119
13.8,3928
13.81,364
13.82,4122
13.83,2907
13.84,709
13.85,4149
13.86,3685
13.87,4179
13.88,4129
13.89,2927
13.9,4202
13.91,4135
13.92,1955
13.93,4164
13.94,2344
13.95,4196
13.96,4140
13.97,733
13.98,4148
13.99,248
14.0,4186
14.01,2120
14.02,4203
14.03,4157
14.04,4199
14.05,2475
14.06,4214
14.07,3383
14.08,4174
14.09,4230
14.1,2003
14.11,4229
14.12,4193
14.13,2661
14.14,4192
14.15,4246
14.16,3178
14.17,486
14.18,4250
14.19,646
14.2,3725
14.21,3436
14.22,4285
14.23,4237
14.24,1070
14.25,3135
14.26,4285
14.27,2780
14.28,4279
14.29,2777
14.3,4242
14.31,4276
14.32,4294
14.33,3831
14.34,4295
14.35,2587
14.36,4295
14.37,124
14.38,4072
14.39,4311
14.4,3381
14.41,4330
14.42,3903
14.43,4353
14.44,3915
14.45,4353
14.46,2930
14.47,4316
14.48,411
14.49,4289
14.5,4373
14.51,3998
14.52,4367
14.53,2535
14.54,4330
14.55,103
14.56,3163
14.57,4349
14.58,649
14.59,4292
14.6,4374
14.61,3764
14.62,4399
14.63,4328
14.64,4395
14.65,3950
14.66,4402
14.67,2909
14.68,4394
14.69,4316
14.7,574
14.71,4385
14.72,2589
14.73,4424
14.74,4374
14.75,2228
14.76,4434
14.77,4398
14.78,3062
14.79,379
14.8,4412
14.81,2238
14.82,4446
14.83,2241
14.84,4406
14.85,1775
14.86,4450
14.87,4409
14.88,2249
14.89,4467
14.9,4396
14.91,562
14.92,4447
14.93,2257
14.94,4478
14.95,2260
14.96,4520
14.97,4443
14.98,1380
14.99,4497
15.0,4465
15.01,2983
15.02,95
15.03,4483
15.04,2398
15.05,4489
15.06,547
15.07,4491
15.08,3316
15.09,468
15.1,1592
15.11,4507
15.12,2287
15.13,4536
15.14,2960
15.15,4548
15.16,2741
15.17,4527
15.18,4583
15.19,4504
15.2,4570
15.21,2300
15.22,4528
15.23,152
15.24,4522
15.25,4608
15.26,4161
15.27,4582
15.28,4089
15.29,4620
15.3,4543
15.31,329
15.32,2537
15.33,4571
15.34,2319
15.35,4562
15.36,4625
15.37,1693
15.38,4595
15.39,1311
15.4,4567
15.41,4648
15.42,3873
15.43,4635
15.44,3636
15.45,4644
15.46,3850
15.47,4652
15.48,3813
15.49,4656
15.5,3787
15.51,4662
15.52,3705
15.53,4668
15.54,4174
15.55,4687
15.56,4612
15.57,1751
15.58,4668
15.59,4066
15.6,489
15.61,4650
15.62,3712
15.63,1601
15.64,4694
15.65,4647
15.66,2028
15.67,4691
15.68,3848
15.69,366
15.7,4685
15.71,2616
15.72,4693
15.73,2404
15.74,4745
15.75,4706
15.76,3254
15.77,4745
15.78,2113
15.79,4736
15.8,2603
15.81,4735
15.82,2298
15.83,4739
15.84,812
15.85,4719
15.86,696
15.87,4578
15.88,4745
15.89,2456
15.9,4764
15.91,2809
15.92,4753
15.93,4768
15.94,500
15.95,4734
15.96,28
15.97,3447
15.98,3958
15.99,4774
16.0,1683
16.01,4785
16.02,2267
16.03,3139
16.04,4761
16.05,810
16.06,4774
16.07,608
16.08,3094
16.09,4770
16.1,4849
16.11,3981
16.12,4830
16.13,1703
16.14,4791
16.15,4863
16.16,2951
16.17,4831
16.18,4882
16.19,4875
16.2,3516
16.21,4829
16.22,1260
16.23,4822
16.24,4887
16.25,4608
16.26,4894
16.27,4820
16.28,4897
16.29,3166
16.3,4870
16.31,1198
16.32,4846
16.33,4913
16.34,4269
16.35,4928
16.36,4852
16.37,564
16.38,4856
16.39,4942
16.4,4564
16.41,4943
16.42,4597
16.43,185
16.44,4870
16.45,4944
16.46,3196
16.47,4910
16.48,1741
16.49,4916
16.5,2076
16.51,4949
16.52,4908
16.53,2145
16.54,4956
16.55,4776
16.56,448
16.57,4929
16.58,2110
16.59,4965
16.6,3289
16.61,4994
16.62,4928
16.63,860
16.64,4960
16.65,2357
16.66,4992
16.67,3866
16.68,5026
16.69,4955
16.7,969
16.71,4992
16.72,2751
16.73,5011
16.74,1637
16.75,5019
16.76,4972
16.77,1627
16.78,5025
16.79,3594
16.8,5060
16.81,4989
16.82,5076
16.83,2870
16.84,5060
16.85,5014
16.86,5071
16.87,585
16.88,5009
16.89,79
16.9,561
16.91,935
16.92,5018
16.93,652
16.94,5022
16.95,5099
16.96,2567
16.97,5058
16.98,118
16.99,4602
17.0,5121
17.01,4129
17.02,5127
17.03,4647
17.04,5135
17.05,5054
17.06,5131
17.07,2201
17.08,5111
17.09,5122
17.1,4402
17.11,5102
17.12,2718
17.13,5147
17.14,5108
17.15,2282
17.16,5157
17.17,4699
17.18,474
17.19,5132
17.2,5031
17.21,1807
17.22,5155
17.23,5103
17.24,1044
17.25,5147
17.26,3415
17.27,5191
17.28,5122
17.29,1802
17.3,5167
17.31,4259
17.32,616
17.33,5150
17.34,3044
17.35,429
17.36,5153
17.37,1876
17.38,5174
17.39,3176
17.4,5206
17.41,5159
17.42,2604
17.43,5194
17.44,4407
17.45,5223
17.46,5161
17.47,3491
17.48,736
17.49,5183
17.5,2233
17.51,5191
17.52,2713
17.53,5193
17.54,3204
17.55,5210
17.56,2249
17.57,5182
17.58,5227
17.59,4460
17.6,5206
17.61,290
17.62,4788
17.63,5255
17.64,5177
17.65,5233
17.66,2637
17.67,5218
17.68,2348
17.69,5232
17.7,5270
17.71,1660
17.72,2555
17.73,5243
17.74,4802
17.75,5269
17.76,5247
17.77,2718
17.78,5244
17.79,2685
17.8,5236
17.81,1112
17.82,5203
17.83,5262
17.84,3528
17.85,5247
17.86,5292
17.87,696
17.88,3719
17.89,5228
17.9,5251
17.91,1816
17.92,5225
17.93,459
17.94,4845
17.95,5271
17.96,1381
17.97,5224
17.98,369
17.99,4211
18.0,5287
18.01,2825
18.02,5258
18.03,343
18.04,4073
18.05,5273
18.06,284
18.07,3531
18.08,5271
18.09,118
18.1,3686
18.11,5281
18.12,558
18.13,4315
18.14,5331
18.15,5110
18.16,556
18.17,5279
18.18,1845
18.19,5305
18.2,2164
18.21,5292
18.22,2930
18.23,5315
18.24,2825
18.25,5316
18.26,2578
18.27,5314
18.28,2270
18.29,5313
18.3,2027
18.31,5309
18.32,1360
18.33,5334
18.34,5285
18.35,5321
18.36,5333
18.37,3973
18.38,654
18.39,5338
18.4,5097
18.41,1181
18.42,5336
18.43,4126
18.44,5338
18.45,5379
18.46,3629
18.47,5305
18.48,5369
18.49,4223
18.5,5348
18.51,135
18.52,2917
18.53,5322
18.54,5387
18.55,4869
18.56,5381
18.57,2639
18.58,5331
18.59,5402
18.6,4378
18.61,5329
18.62,5365
18.63,1936
18.64,5341
18.65,5391
18.66,5404
18.67,4125
18.68,5409
18.69,4483
18.7,5393
18.71,468
18.72,3858
18.73,5391
18.74,1437
18.75,5317
18.76,5419
18.77,3980
18.78,5397
18.79,2294
18.8,5407
18.81,4046
18.82,5419
18.83,3897
18.84,5416
18.85,4715
18.86,1268
18.87,5414
18.88,3907
18.89,5451
18.9,5377
18.91,1113
18.92,5405
18.93,1484
18.94,5433
18.95,5383
18.96,1194
18.97,5415
18.98,1619
18.99,5424
19.0,4976
19.01,1156
19.02,5438
19.03,4254
19.04,5426
19.05,2390
19.06,5436
19.07,4929
19.08,1476
19.09,5428
19.1,1686
19.11,5455
19.12,3734
19.13,5474
19.14,3357
19.15,5454
19.16,1396
19.17,5431
19.18,1279
19.19,5435
19.2,482
19.21,4959
19.22,5505
19.23,4674
19.24,5460
19.25,5466
19.26,1380
19.27,5456
19.28,1131
19.29,4546
19.3,5517
19.31,5440
19.32,1152
19.33,5480
19.34,5516
19.35,5497
19.36,5526
19.37,2997
19.38,5521
19.39,1423
19.4,2115
19.41,2676
19.42,5502
19.43,2347
19.44,5474
19.45,370
19.46,5422
19.47,86
19.48,4228
19.49,5528
19.5,2938
19.51,5515
19.52,2077
19.53,5495
19.54,541
19.55,3783
19.56,5523
19.57,2068
19.58,5506
19.59,1047
19.6,5274
19.61,5539
19.62,2459
19.63,5533
19.64,2058
19.65,5507
19.66,5565
19.67,2585
19.68,5506
19.69,5558
19.7,2225
19.71,5546
19.72,2954
19.73,5547
19.74,3397
19.75,5558
19.76,3611
19.77,5559
19.78,3330
19.79,5536
19.8,307
19.81,5124
19.82,331
19.83,5537
19.84,1621
19.85,5556
19.86,3240
19.87,5566
19.88,4832
19.89,5565
19.9,2506
19.91,5594
19.92,4983
19.93,221
19.94,5540
19.95,765
19.96,5552
19.97,1226
19.98,5560
19.99,3155
20.0,5627
20.01,3422
20.02,77
20.03,5560
20.04,2790
20.05,5591
20.06,5633
20.07,5291
20.08,5595
20.09,3299
20.1,5609
20.11,3965
20.12,5577
20.13,5630
20.14,4638
20.15,5623
20.16,5624
20.17,3952
20.18,5637
20.19,3006
20.2,5606
20.21,1549
20.22,5605
20.23,1198
20.24,4720
20.25,5632
20.26,5640
20.27,1065
20.28,5242
20.29,5645
20.3,2042
20.31,5597
20.32,5670
20.33,3545
20.34,5644
20.35,1707
20.36,5605
20.37,360
20.38,5273
20.39,12
20.4,5120
20.41,5694
20.42,4986
20.43,166
20.44,5617
20.45,708
20.46,5633
20.47,3754
20.48,804
20.49,5648
20.5,3068
20.51,5699
20.52,5268
20.53,672
20.54,5633
20.55,1662
20.56,5688
20.57,5649
20.58,849
20.59,5665
20.6,2259
20.61,5691
20.62,4143
20.63,158
20.64,5653
20.65,1051
20.66,4648
20.67,5726
20.68,3956
20.69,5726
20.7,4170
20.71,5736
20.72,4500
20.73,5735
20.74,2860
20.75,5687
20.76,1110
20.77,5036
20.78,5742
20.79,1687
20.8,3213
20.81,5738
20.82,4187
20.83,5741
20.84,2389
20.85,4045
20.86,5692
20.87,1302
20.88,5733
20.89,5767
20.9,5742
20.91,5752
20.92,4177
20.93,5778
20.94,4716
20.95,5708
20.96,776
20.97,5144
20.98,5780
20.99,3401
21.0,5751
21.01,350
21.02,306
21.03,52
21.04,2246
21.05,4055
21.06,5790
21.07,4396
21.08,5777
21.09,4159
21.1,5772
21.11,3495
21.12,5757
21.13,824
21.14,5232
21.15,5792
21.16,3480
21.17,5781
21.18,2376
21.19,5777
21.2,2068
21.21,5757
21.22,643
21.23,4961
21.24,5815
21.25,4743
21.26,5793
21.27,2965
21.28,5792
21.29,2294
21.3,5794
21.31,2957
21.32,5799
21.33,2618
21.34,5788
21.35,2437
21.36,5799
21.37,1704
21.38,5797
21.39,1057
21.4,5788
21.41,1338
21.42,5786
21.43,668
21.44,5481
21.45,325
21.46,4528
21.47,5839
21.48,3222
21.49,5831
21.5,3541
21.51,5834
21.52,3095
21.53,5869
21.54,5803
21.55,2221
21.56,5836
21.57,3322
21.58,5850
21.59,4569
21.6,1467
21.61,5833
21.62,3843
21.63,5823
21.64,3520
21.65,674
21.66,5826
21.67,5854
21.68,986
21.69,2318
21.7,1594
21.71,957
21.72,465
21.73,5897
21.74,2401
21.75,5865
21.76,2696
21.77,5850
21.78,1450
21.79,5834
21.8,982
21.81,5829
21.82,346
21.83,3644
21.84,2525
21.85,3846
21.86,5883
21.87,2186
21.88,5873
21.89,5874
21.9,5877
21.91,2179
21.92,5870
21.93,2679
21.94,5889
21.95,3299
21.96,5900
21.97,5415
21.98,1827
21.99,5897
22.0,3857
22.01,886
22.02,5903
22.03,4007
22.04,5944
22.05,5702
22.06,672
22.07,5890
22.08,2237
22.09,5896
22.1,4477
22.11,907
22.12,5895
22.13,3824
22.14,713
22.15,5918
22.16,3914
22.17,5958
22.18,3943
22.19,805
22.2,5934
22.21,4006
22.22,5964
22.23,4746
22.24,5960
22.25,4791
22.26,5972
22.27,5327
22.28,5978
22.29,4697
22.3,5987
22.31,4065
22.32,5977
22.33,2496
22.34,5961
22.35,3395
22.36,5939
22.37,1665
22.38,3184
22.39,5928
22.4,65
22.41,5169
22.42,694
22.43,5035
22.44,3617
22.45,5934
22.46,2111
22.47,6004
22.48,4257
22.49,4889
22.5,6004
22.51,4867
22.52,6015
22.53,4542
22.54,5329
22.55,5986
22.56,2173
22.57,5953
22.58,6000
22.59,3776
22.6,5995
22.61,2741
22.62,5997
22.63,2617
22.64,5991
22.65,2619
22.66,5982
22.67,1120
22.68,5801
22.69,129
22.7,4901
22.71,6050
22.72,3851
22.73,6005
22.74,475
22.75,3911
22.76,6019
22.77,2076
22.78,5992
22.79,524
22.8,4595
22.81,6033
22.82,3929
22.83,6059
22.84,3786
22.85,6041
22.86,3540
22.87,6036
22.88,1992
22.89,6004
22.9,1129
22.91,6006
22.92,6081
22.93,4432
22.94,6074
22.95,3620
22.96,4925
22.97,1248
22.98,6041
22.99,2483
23.0,6062
23.01,3488
23.02,6065
23.03,4233
23.04,868
23.05,6048
23.06,2727
23.07,6067
23.08,6069
23.09,2092
23.1,5799
23.11,755
23.12,6044
23.13,1087
23.14,6056
23.15,2524
23.16,6087
23.17,6046
23.18,2538
23.19,6102
23.2,5139
23.21,5187
23.22,6115
23.23,4888
23.24,6072
23.25,6095
23.26,910
23.27,1415
23.28,4833
23.29,569
23.3,5457
23.31,6107
23.32,1215
23.33,5578
23.34,572
23.35,2775
23.36,5042
23.37,6136
23.38,3197
23.39,6119
23.4,3152
23.41,6116
23.42,4777
23.43,6114
23.44,508
23.45,5566
23.46,6141
23.47,2293
23.48,6111
23.49,838
23.5,5245
23.51,6153
23.52,2629
23.53,6112
23.54,1331
23.55,5968
23.56,6172
23.57,3183
23.58,6125
23.59,680
23.6,5174
23.61,6174
23.62,3634
23.63,6152
23.64,1880
23.65,6131
23.66,26
23.67,5730
23.68,1529
23.69,6153
23.7,3249
23.71,6178
23.72,6132
23.73,2907
23.74,6204
23.75,6154
23.76,3743
23.77,6175
23.78,4431
23.79,632
23.8,6157
23.81,1971
23.82,6160
23.83,1223
23.84,6165
23.85,3495
23.86,6219
23.87,6157
23.88,429
23.89,5962
23.9,1025
23.91,6164
23.92,1594
23.93,6175
23.94,305
23.95,5217
23.96,6236
23.97,3365
23.98,6212
23.99,3524
24.0,6219
24.01,3303
24.02,6249
24.03,680
24.04,5414
24.05,496
24.06,5537
24.07,6261
24.08,3601
24.09,6218
24.1,874
24.11,4398
24.12,6232
24.13,3640
24.14,3687
24.15,5844
24.16,462
24.17,6202
24.18,2921
24.19,2102
24.2,1790
24.21,4052
24.22,6245
24.23,2953
24.24,6234
24.25,1020
24.26,4476
24.27,6243
24.28,493
24.29,3282
24.3,6256
24.31,2387
24.32,5342
24.33,6260
24.34,2308
24.35,6247
24.36,1731
24.37,6244
24.38,1646
24.39,6247
24.4,1020
24.41,5584
24.42,6299
24.43,4799
24.44,6302
24.45,3310
24.46,6267
24.47,1407
24.48,6271
24.49,1141
24.5,6269
24.51,2059
24.52,6277
24.53,1928
24.54,6270
24.55,968
24.56,6263
24.57,494
24.58,6207
24.59,1125
24.6,6273
24.61,1827
24.62,6307
24.63,4495
24.64,223
24.65,6282
24.66,1842
24.67,6309
24.68,3794
24.69,6351
24.7,6079
24.71,2160
24.72,6327
24.73,2425
24.74,6331
24.75,4993
24.76,728
24.77,6311
24.78,2250
24.79,6336
24.8,4996
24.81,1628
24.82,6340
24.83,3909
24.84,140
24.85,2322
24.86,6356
24.87,6245
24.88,2548
24.89,6383
24.9,6323
24.91,2816
24.92,6385
24.93,6009
24.94,2588
24.95,6367
24.96,733
24.97,5020
24.98,593
24.99,6355
25.0,2117
25.01,2269
25.02,6354
25.03,1467
25.04,6062
25.05,6412
25.06,3095
25.07,6365
25.08,4
25.09,3659
25.1,6392
25.11,2414
25.12,4358
25.13,5699
25.14,6380
25.15,2472
25.16,6402
25.17,2405
25.18,6382
25.19,958
25.2,6380
25.21,490
25.22,6174
25.23,6451
25.24,4619
25.25,6433
25.26,3479
25.27,6425
25.28,3899
25.29,6457
25.3,6076
25.31,3216
25.32,6468
25.33,6253
25.34,2077
25.35,6435
25.36,3491
25.37,6443
25.38,4061
25.39,6475
25.4,5275
25.41,1150
25.42,6453
25.43,5946
25.44,2477
25.45,6478
25.46,3943
25.47,1289
25.48,6451
25.49,3742
25.5,6501
25.51,5763
25.52,576
25.53,5561
25.54,813
25.55,6477
25.56,3907
25.57,6495
25.58,4559
25.59,6487
25.6,4305
25.61,6507
25.62,3414
25.63,6475
25.64,1592
25.65,6483
25.66,2288
25.67,6471
25.68,631
25.69,4522
25.7,6519
25.71,4059
25.72,5087
25.73,6505
25.74,4074
25.75,6539
25.76,3853
25.77,5860
25.78,5680
25.79,6540
25.8,5159
25.81,302
25.82,4687
25.83,6526
25.84,2062
25.85,6507
25.86,6527
25.87,6540
25.88,598
25.89,3992
25.9,5008
25.91,231
25.92,4407
25.93,6552
25.94,3036
25.95,6522
25.96,349
25.97,4308
25.98,6552
25.99,1166
26.0,4379
26.01,6554
26.02,2073
26.03,5928
26.04,300
26.05,4624
26.06,6562
26.07,3047
26.08,6557
26.09,1998
26.1,6553
26.11,1960
26.12,6149
26.13,177
26.14,3686
26.15,6560
26.16,533
26.17,5701
26.18,6615
26.19,4428
26.2,6582
26.21,1886
26.22,6576
26.23,2127
26.24,6571
26.25,1390
26.26,6573
26.27,1319
26.28,6464
26.29,2028
26.3,3760
26.31,6624
26.32,4544
26.33,6632
26.34,4773
26.35,6633
26.36,5167
26.37,998
26.38,6596
26.39,2100
26.4,6617
26.41,3455
26.42,6642
26.43,4800
26.44,6659
26.45,5590
26.46,1781
26.47,6621
26.48,3442
26.49,6660
26.5,5236
26.51,882
26.52,6583
26.53,1638
26.54,6629
26.55,2763
26.56,5010
26.57,6637
26.58,6685
26.59,267
26.6,6134
26.61,6645
26.62,6690
26.63,258
26.64,2278
26.65,6652
26.66,2388
26.67,6044
26.68,6670
26.69,2473
26.7,6653
26.71,6662
26.72,6680
26.73,6691
26.74,1052
26.75,2403
26.76,6660
26.77,6709
26.78,4394
26.79,6710
26.8,3683
26.81,6689
26.82,2156
26.83,3949
26.84,3943
26.85,6715
26.86,4276
26.87,6705
26.88,3277
26.89,6701
26.9,4803
26.91,1222
26.92,6695
26.93,2612
26.94,6714
26.95,4269
26.96,6746
26.97,5621
26.98,1034
26.99,6709
27.0,3878
27.01,6749
27.02,6169
27.03,1892
27.04,6727
27.05,4199
27.06,6760
27.07,6290
27.08,2238
27.09,6736
27.1,3458
27.11,6744
27.12,3507
27.13,6750
27.14,5673
27.15,2077
27.16,6747
27.17,2567
27.18,6738
27.19,2500
27.2,6760
27.21,3032
27.22,6763
27.23,2771
27.24,6766
27.25,3042
27.26,6770
27.27,156
27.28,3868
27.29,6771
27.3,2141
27.31,6786
27.32,245
27.33,4481
27.34,1541
27.35,1716
27.36,6233
27.37,1217
27.38,6354
27.39,2118
27.4,6774
27.41,6769
27.42,3621
27.43,5634
