0.0,7576
0.01,7517
0.02,7464
0.03,7417
0.04,7360
0.05,7312
0.06,7276
0.07,7224
0.08,7200
0.09,7154
0.1,7118
0.11,7096
0.12,7062
0.13,7037
0.14,7011
0.15,6974
0.16,6959
0.17,6922
0.18,6896
0.19,6880
0.2,6857
0.21,6834
0.22,6805
0.23,6782
0.24,6761
0.25,6745
0.26,6722
0.27,6704
0.28,6684
0.29,6663
0.3,6635
0.31,6598
0.32,6580
0.33,6567
0.34,6550
0.35,6532
0.36,6523
0.37,6511
0.38,6495
0.39,6480
0.4,6461
0.41,6445
0.42,6440
0.43,6430
0.44,6414
0.45,6395
0.46,6379
0.47,6356
0.48,6336
0.49,6317
0.5,6300
0.51,6286
0.52,6262
0.53,6251
0.54,6238
0.55,6228
0.56,6212
0.57,6189
0.58,6169
0.59,6158
0.6,6141
0.61,6135
0.62,6118
0.63,6108
0.64,6088
0.65,6070
0.66,6061
0.67,6052
0.68,6041
0.69,6028
0.7,6020
0.71,6009
0.72,5997
0.73,5986
0.74,5977
0.75,5962
0.76,5949
0.77,5928
0.78,5909
0.79,5904
0.8,5888
0.81,5875
0.82,5869
0.83,5864
0.84,5858
0.85,5842
0.86,5835
0.87,5813
0.88,5807
0.89,5791
0.9,5781
0.91,5766
0.92,5761
0.93,5754
0.94,5743
0.95,5730
0.96,5721
0.97,5718
0.98,5708
0.99,5698
1.0,5689
1.01,5680
1.02,5670
1.03,5658
1.04,5643
1.05,5637
1.06,5632
1.07,5622
1.08,5612
1.09,5604
1.1,5593
1.11,5583
1.12,5576
1.13,5561
1.14,5554
1.15,5550
1.16,5540
1.17,5534
1.18,5523
1.19,5510
1.2,5508
1.21,5503
1.22,5488
1.23,5481
1.24,5477
1.25,5469
1.26,5462
1.27,5449
1.28,5439
1.29,5431
1.3,5425
1.31,5418
1.32,5411
1.33,5406
1.34,5400
1.35,5393
1.36,5388
1.37,5385
1.38,5382
1.39,5377
1.4,5368
1.41,5360
1.42,5356
1.43,5351
1.44,5336
1.45,5327
1.46,5323
1.47,5321
1.48,5316
1.49,5311
1.5,5306
1.51,5300
1.52,5292
1.53,5287
1.54,5281
1.55,5272
1.56,5262
1.57,5253
1.58,5245
1.59,5235
1.6,5223
1.61,5219
1.62,5215
1.63,5213
1.64,5209
1.65,5199
1.66,5191
1.67,5184
1.68,5180
1.69,5174
1.7,5170
1.71,5166
1.72,5163
1.73,5159
1.74,5151
1.75,5147
1.76,5140
1.77,5134
1.78,5126
1.79,5114
1.8,5108
1.81,5093
1.82,5080
1.83,5079
1.84,5075
1.85,5072
1.86,5066
1.87,5056
1.88,5044
1.89,5033
1.9,5023
1.91,5020
1.92,5018
1.93,5015
1.94,5010
1.95,5004
1.96,5001
1.97,4998
1.98,4989
1.99,4985
2.0,4980
2.01,4972
2.02,4971
2.03,4964
2.04,4959
2.05,4952
2.06,4938
2.07,4934
2.08,4932
2.09,4925
2.1,4919
2.11,4918
2.12,4917
2.13,4911
2.14,4896
2.15,4894
2.16,4888
2.17,4883
2.18,4878
2.19,4871
2.2,4869
2.21,4868
2.22,4867
2.23,4862
2.24,4859
2.25,4856
2.26,4849
2.27,4846
2.28,4840
2.29,4839
2.3,4832
2.31,4827
2.32,4821
2.33,4817
2.34,4812
2.35,4811
2.36,4806
2.37,4803
2.38,4797
2.39,4794
2.4,4794
2.41,4791
2.42,4790
2.43,4789
2.44,4786
2.45,4784
2.46,4780
2.47,4777
2.48,4775
2.49,4771
2.5,4767
2.51,4762
2.52,4758
2.53,4757
2.54,4752
2.55,4747
2.56,4746
2.57,4741
2.58,4737
2.59,4734
2.6,4727
2.61,4724
2.62,4722
2.63,4717
2.64,4716
2.65,4711
2.66,4706
2.67,4706
2.68,4701
2.69,4699
2.7,4697
2.71,4694
2.72,4692
2.73,4690
2.74,4688
2.75,4685
2.76,4682
2.77,4680
2.78,4679
2.79,4676
2.8,4670
2.81,4670
2.82,4668
2.83,4666
2.84,4665
2.85,4662
2.86,4659
2.87,4658
2.88,4656
2.89,4654
2.9,4650
2.91,4650
2.92,4648
2.93,4640
2.94,4638
2.95,4637
2.96,4636
2.97,4633
2.98,4630
2.99,4621
3.0,4619
3.01,4616
3.02,4613
3.03,4611
3.04,4609
3.05,4609
3.06,4602
3.07,4598
3.08,4596
3.09,4590
3.1,4588
3.11,4581
3.12,4578
3.13,4578
3.14,4576
3.15,4575
3.16,4572
3.17,4568
3.18,4566
3.19,4565
3.2,4563
3.21,4562
3.22,4561
3.23,4559
3.24,4553
3.25,4552
3.26,4550
3.27,4549
3.28,4548
3.29,4546
3.3,4544
3.31,4544
3.32,4541
3.33,4539
3.34,4536
3.35,4535
3.36,4534
3.37,4531
3.38,4528
3.39,4526
3.4,4525
3.41,4523
3.42,4518
3.43,4515
3.44,4511
3.45,4509
3.46,4507
3.47,4504
3.48,4503
3.49,4497
3.5,4495
3.51,4493
3.52,4492
3.53,4491
3.54,4490
3.55,4488
3.56,4487
3.57,4483
3.58,4482
3.59,4481
3.6,4480
3.61,4477
3.62,4477
3.63,4473
3.64,4472
3.65,4471
3.66,4471
3.67,4469
3.68,4467
3.69,4464
3.7,4463
3.71,4462
3.72,4462
3.73,4457
3.74,4453
3.75,4449
3.76,4448
3.77,4448
3.78,4446
3.79,4445
3.8,4444
3.81,4438
3.82,4435
3.83,4431
3.84,4429
3.85,4425
3.86,4424
3.87,4423
3.88,4422
3.89,4418
3.9,4414
3.91,4412
3.92,4411
3.93,4410
3.94,4404
3.95,4403
3.96,4401
3.97,4400
3.98,4398
3.99,4398
4.0,4397
4.01,4397
4.02,4394
4.03,4392
4.04,4391
4.05,4390
4.06,4388
4.07,4384
4.08,4383
4.09,4381
4.1,4377
4.11,4376
4.12,4375
4.13,4373
4.14,4372
4.15,4372
4.16,4372
4.17,4372
4.18,4368
4.19,4368
4.2,4367
4.21,4365
4.22,4364
4.23,4363
4.24,4360
4.25,4354
4.26,4353
4.27,4351
4.28,4350
4.29,4349
4.3,4348
4.31,4346
4.32,4345
4.33,4344
4.34,4342
4.35,4342
4.36,4342
4.37,4342
4.38,4340
4.39,4337
4.4,4336
4.41,4335
4.42,4334
4.43,4332
4.44,4331
4.45,4330
4.46,4330
4.47,4330
4.48,4330
4.49,4330
4.5,4328
4.51,4326
4.52,4322
4.53,4322
4.54,4321
4.55,4316
4.56,4315
4.57,4315
4.58,4313
4.59,4312
4.6,4312
4.61,4309
4.62,4307
4.63,4305
4.64,4304
4.65,4304
4.66,4300
4.67,4299
4.68,4299
4.69,4298
4.7,4296
4.71,4294
4.72,4293
4.73,4293
4.74,4290
4.75,4287
4.76,4287
4.77,4285
4.78,4284
4.79,4284
4.8,4282
4.81,4281
4.82,4278
4.83,4277
4.84,4277
4.85,4276
4.86,4274
4.87,4273
4.88,4273
4.89,4271
4.9,4270
4.91,4270
4.92,4270
4.93,4267
4.94,4265
4.95,4263
4.96,4263
4.97,4260
4.98,4260
4.99,4258
5.0,4254
5.01,4252
5.02,4252
5.03,4250
5.04,4249
5.05,4248
5.06,4248
5.07,4247
5.08,4247
5.09,4245
5.1,4244
5.11,4243
5.12,4243
5.13,4243
5.14,4242
5.15,4240
5.16,4239
5.17,4237
5.18,4235
5.19,4233
5.2,4233
5.21,4232
5.22,4232
5.23,4229
5.24,4228
5.25,4228
5.26,4228
5.27,4228
5.28,4228
5.29,4227
5.3,4226
5.31,4226
5.32,4225
5.33,4225
5.34,4224
5.35,4223
5.36,4222
5.37,4221
5.38,4220
5.39,4219
5.4,4217
5.41,4214
5.42,4213
5.43,4211
5.44,4211
5.45,4210
5.46,4210
5.47,4210
5.48,4210
5.49,4207
5.5,4207
5.51,4207
5.52,4205
5.53,4203
5.54,4202
5.55,4202
5.56,4201
5.57,4201
5.58,4200
5.59,4199
5.6,4199
5.61,4198
5.62,4196
5.63,4196
5.64,4195
5.65,4194
5.66,4193
5.67,4193
5.68,4190
5.69,4190
5.7,4188
5.71,4187
5.72,4186
5.73,4186
5.74,4186
5.75,4185
5.76,4185
5.77,4183
5.78,4181
5.79,4180
5.8,4179
5.81,4178
5.82,4178
5.83,4178
5.84,4178
5.85,4177
5.86,4176
5.87,4176
5.88,4175
5.89,4173
5.9,4172
5.91,4171
5.92,4167
5.93,4166
5.94,4166
5.95,4165
5.96,4164
5.97,4163
5.98,4161
5.99,4159
6.0,4159
6.01,4158
6.02,4156
6.03,4156
6.04,4155
6.05,4154
6.06,4154
6.07,4154
6.08,4154
6.09,4153
6.1,4153
6.11,4151
6.12,4151
6.13,4150
6.14,4148
6.15,4146
6.16,4146
6.17,4146
6.18,4146
6.19,4144
6.2,4144
6.21,4144
6.22,4141
6.23,4139
6.24,4139
6.25,4138
6.26,4138
6.27,4137
6.28,4137
6.29,4136
6.3,4136
6.31,4135
6.32,4135
6.33,4134
6.34,4133
6.35,4133
6.36,4132
6.37,4132
6.38,4132
6.39,4131
6.4,4129
6.41,4128
6.42,4127
6.43,4127
6.44,4126
6.45,4126
6.46,4125
6.47,4125
6.48,4124
6.49,4124
6.5,4122
6.51,4122
6.52,4122
6.53,4122
6.54,4122
6.55,4122
6.56,4122
6.57,4121
6.58,4121
6.59,4120
6.6,4120
6.61,4119
6.62,4119
6.63,4119
6.64,4119
6.65,4119
6.66,4117
6.67,4117
6.68,4117
6.69,4117
6.7,4116
6.71,4116
6.72,4114
6.73,4113
6.74,4113
6.75,4112
6.76,4109
6.77,4108
6.78,4107
6.79,4107
6.8,4107
6.81,4107
6.82,4105
6.83,4105
6.84,4105
6.85,4104
6.86,4103
6.87,4103
6.88,4102
6.89,4101
6.9,4100
6.91,4100
6.92,4100
6.93,4099
6.94,4098
6.95,4097
6.96,4096
6.97,4096
6.98,4096
6.99,4096
7.0,4095
7.01,4095
7.02,4095
7.03,4094
7.04,4093
7.05,4092
7.06,4092
7.07,4091
7.08,4090
7.09,4090
7.1,4089
7.11,4089
7.12,4089
7.13,4089
7.14,4088
7.15,4088
7.16,4088
7.17,4088
7.18,4087
7.19,4086
7.2,4085
7.21,4085
7.22,4085
7.23,4084
7.24,4083
7.25,4082
7.26,4081
7.27,4079
7.28,4077
7.29,4077
7.3,4077
7.31,4077
7.32,4077
7.33,4077
7.34,4077
7.35,4077
7.36,4076
7.37,4076
7.38,4076
7.39,4076
7.4,4076
7.41,4076
7.42,4076
7.43,4075
7.44,4073
7.45,4073
7.46,4072
7.47,4072
7.48,4072
7.49,4071
7.5,4071
7.51,4071
7.52,4070
7.53,4069
7.54,4068
7.55,4066
7.56,4066
7.57,4064
7.58,4063
7.59,4063
7.6,4063
7.61,4062
7.62,4062
7.63,4061
7.64,4061
7.65,4061
7.66,4061
7.67,4061
7.68,4061
7.69,4060
7.7,4058
7.71,4057
7.72,4056
7.73,4056
7.74,4056
7.75,4055
7.76,4055
7.77,4055
7.78,4054
7.79,4054
7.8,4054
7.81,4053
7.82,4053
7.83,4053
7.84,4053
7.85,4052
7.86,4052
7.87,4052
7.88,4052
7.89,4052
7.9,4052
7.91,4052
7.92,4052
7.93,4051
7.94,4050
7.95,4050
7.96,4050
7.97,4050
7.98,4049
7.99,4049
8.0,4047
8.01,4047
8.02,4046
8.03,4046
8.04,4046
8.05,4045
8.06,4045
8.07,4045
8.08,4045
8.09,4044
8.1,4044
8.11,4044
8.12,4044
8.13,4043
8.14,4043
8.15,4043
8.16,4043
8.17,4043
8.18,4043
8.19,4043
8.2,4043
8.21,4043
8.22,4043
8.23,4043
8.24,4043
8.25,4043
8.26,4043
8.27,4042
8.28,4042
8.29,4041
8.3,4041
8.31,4040
8.32,4039
8.33,4039
8.34,4038
8.35,4038
8.36,4038
8.37,4038
8.38,4037
8.39,4036
8.4,4035
8.41,4034
8.42,4034
8.43,4034
8.44,4033
8.45,4033
8.46,4033
8.47,4033
8.48,4030
8.49,4030
8.5,4029
8.51,4029
8.52,4029
8.53,4029
8.54,4029
8.55,4029
8.56,4029
8.57,4029
8.58,4028
8.59,4028
8.6,4028
8.61,4028
8.62,4028
8.63,4028
8.64,4028
8.65,4028
8.66,4027
8.67,4027
8.68,4027
8.69,4027
8.7,4027
8.71,4027
8.72,4027
8.73,4026
8.74,4026
8.75,4026
8.76,4026
8.77,4026
8.78,4025
8.79,4023
8.8,4023
8.81,4023
8.82,4022
8.83,4022
8.84,4022
8.85,4022
8.86,4021
8.87,4021
8.88,4021
8.89,4020
8.9,4020
8.91,4018
8.92,4016
8.93,4015
8.94,4015
8.95,4014
8.96,4014
8.97,4014
8.98,4014
8.99,4014
9.0,4013
9.01,4011
9.02,4011
9.03,4011
9.04,4011
9.05,4010
9.06,4010
9.07,4010
9.08,4010
9.09,4009
9.1,4009
9.11,4009
9.12,4009
9.13,4009
9.14,4009
9.15,4008
9.16,4008
9.17,4008
9.18,4008
9.19,4008
9.2,4008
9.21,4007
9.22,4007
9.23,4006
9.24,4006
9.25,4006
9.26,4006
9.27,4006
9.28,4005
9.29,4005
9.3,4005
9.31,4004
9.32,4004
9.33,4004
9.34,4004
9.35,4004
9.36,4004
9.37,4004
9.38,4004
9.39,4004
9.4,4004
9.41,4002
9.42,4002
9.43,4002
9.44,4002
9.45,4000
9.46,4000
9.47,4000
9.48,3999
9.49,3998
9.5,3998
9.51,3998
9.52,3998
9.53,3998
9.54,3998
9.55,3998
9.56,3998
9.57,3998
9.58,3998
9.59,3998
9.6,3998
9.61,3998
9.62,3998
9.63,3998
9.64,3998
9.65,3998
9.66,3997
9.67,3997
9.68,3995
9.69,3995
9.7,3995
9.71,3995
9.72,3995
9.73,3995
9.74,3995
9.75,3995
9.76,3995
9.77,3995
9.78,3995
9.79,3995
9.8,3995
9.81,3995
9.82,3995
9.83,3995
9.84,3995
9.85,3995
9.86,3995
9.87,3995
9.88,3995
9.89,3995
9.9,3995
9.91,3994
9.92,3994
9.93,3993
9.94,3993
9.95,3993
9.96,3993
9.97,3993
9.98,3993
9.99,3992
10.0,3992
10.01,3992
10.02,3992
10.03,3991
10.04,3991
10.05,3991
10.06,3991
10.07,3991
10.08,3991
10.09,3991
10.1,3991
10.11,3991
10.12,3991
10.13,3991
10.14,3991
10.15,3991
10.16,3991
10.17,3991
10.18,3991
10.19,3991
10.2,3990
10.21,3990
10.22,3990
10.23,3990
10.24,3988
10.25,3988
10.26,3988
10.27,3988
10.28,3988
10.29,3987
10.3,3987
10.31,3986
10.32,3986
10.33,3986
10.34,3986
10.35,3986
10.36,3986
10.37,3986
10.38,3985
10.39,3985
10.4,3985
10.41,3985
10.42,3984
10.43,3984
10.44,3984
10.45,3984
10.46,3984
10.47,3984
10.48,3983
10.49,3983
10.5,3983
10.51,3983
10.52,3983
10.53,3983
10.54,3983
10.55,3983
10.56,3983
10.57,3983
10.58,3983
10.59,3983
10.6,3983
10.61,3983
10.62,3983
10.63,3983
10.64,3983
10.65,3983
10.66,3983
10.67,3983
10.68,3982
10.69,3982
10.7,3982
10.71,3982
10.72,3982
10.73,3982
10.74,3982
10.75,3982
10.76,3982
10.77,3982
10.78,3982
10.79,3982
10.8,3982
10.81,3982
10.82,3982
10.83,3982
10.84,3982
10.85,3982
10.86,3982
10.87,3981
10.88,3981
10.89,3981
10.9,3981
10.91,3981
10.92,3981
10.93,3981
10.94,3981
10.95,3981
10.96,3981
10.97,3981
10.98,3981
10.99,3981
11.0,3981
11.01,3981
11.02,3981
11.03,3981
11.04,3981
11.05,3981
11.06,3981
11.07,3981
11.08,3981
11.09,3981
11.1,3981
11.11,3981
11.12,3981
11.13,3981
11.14,3981
11.15,3980
11.16,3980
11.17,3980
11.18,3980
11.19,3980
11.2,3980
11.21,3980
11.22,3980
11.23,3980
11.24,3980
11.25,3980
11.26,3980
11.27,3980
11.28,3980
11.29,3980
11.3,3980
11.31,3980
11.32,3980
11.33,3980
11.34,3979
11.35,3979
11.36,3979
11.37,3979
11.38,3979
11.39,3978
11.4,3978
11.41,3978
11.42,3978
11.43,3977
11.44,3977
11.45,3976
11.46,3976
11.47,3976
11.48,3976
11.49,3976
11.5,3976
11.51,3976
11.52,3976
11.53,3976
11.54,3976
11.55,3976
11.56,3976
11.57,3976
11.58,3976
11.59,3976
11.6,3976
11.61,3976
11.62,3976
11.63,3976
11.64,3976
11.65,3976
11.66,3976
11.67,3976
11.68,3976
11.69,3976
11.7,3975
11.71,3975
11.72,3975
11.73,3975
11.74,3975
11.75,3975
11.76,3975
11.77,3975
11.78,3975
11.79,3974
11.8,3974
11.81,3974
11.82,3974
11.83,3974
11.84,3974
11.85,3974
11.86,3974
11.87,3974
11.88,3973
11.89,3973
11.9,3972
11.91,3972
11.92,3972
11.93,3971
11.94,3971
11.95,3971
11.96,3971
11.97,3970
11.98,3970
11.99,3969
12.0,3969
12.01,3969
12.02,3968
12.03,3968
12.04,3968
12.05,3968
12.06,3968
12.07,3968
12.08,3968
12.09,3968
12.1,3968
12.11,3968
12.12,3968
12.13,3968
12.14,3968
12.15,3967
12.16,3967
12.17,3967
12.18,3967
12.19,3967
12.2,3967
12.21,3967
12.22,3966
12.23,3966
12.24,3966
12.25,3966
12.26,3966
12.27,3966
12.28,3966
12.29,3966
12.3,3966
12.31,3966
12.32,3966
12.33,3966
12.34,3966
12.35,3966
12.36,3966
12.37,3966
12.38,3965
12.39,3965
12.4,3965
12.41,3965
12.42,3964
12.43,3964
12.44,3964
12.45,3964
12.46,3964
12.47,3964
12.48,3964
12.49,3964
12.5,3964
12.51,3964
12.52,3964
12.53,3964
12.54,3964
12.55,3964
12.56,3964
12.57,3964
12.58,3964
12.59,3964
12.6,3964
12.61,3964
12.62,3964
12.63,3964
12.64,3964
12.65,3964
12.66,3964
12.67,3964
12.68,3964
12.69,3964
12.7,3964
12.71,3964
12.72,3964
12.73,3964
12.74,3964
12.75,3964
12.76,3964
12.77,3964
12.78,3964
12.79,3964
12.8,3964
12.81,3964
12.82,3964
12.83,3964
12.84,3964
12.85,3964
12.86,3964
12.87,3964
12.88,3963
12.89,3963
12.9,3963
12.91,3963
12.92,3963
12.93,3963
12.94,3963
12.95,3963
12.96,3963
12.97,3963
12.98,3963
12.99,3962
13.0,3962
13.01,3962
13.02,3962
13.03,3962
13.04,3962
13.05,3962
13.06,3962
13.07,3962
13.08,3962
13.09,3962
13.1,3962
13.11,3962
13.12,3962
13.13,3962
13.14,3962
13.15,3962
13.16,3962
13.17,3961
13.18,3961
13.19,3961
13.2,3961
13.21,3961
13.22,3961
13.23,3961
13.24,3961
13.25,3961
13.26,3961
13.27,3961
13.28,3961
13.29,3961
13.3,3961
13.31,3961
13.32,3961
13.33,3961
13.34,3961
13.35,3961
13.36,3961
13.37,3961
13.38,3961
13.39,3961
13.4,3961
13.41,3961
13.42,3961
13.43,3961
13.44,3961
13.45,3961
13.46,3961
13.47,3961
13.48,3961
13.49,3961
13.5,3961
13.51,3961
13.52,3961
13.53,3961
13.54,3961
13.55,3961
13.56,3961
13.57,3961
13.58,3961
13.59,3961
13.6,3961
13.61,3961
13.62,3961
13.63,3961
13.64,3961
13.65,3961
13.66,3961
13.67,3961
13.68,3961
13.69,3961
13.7,3961
13.71,3961
13.72,3961
13.73,3961
13.74,3961
13.75,3961
13.76,3961
13.77,3961
13.78,3961
13.79,3961
13.8,3961
13.81,3961
13.82,3960
13.83,3960
13.84,3960
13.85,3960
13.86,3960
13.87,3960
13.88,3960
13.89,3959
13.9,3959
13.91,3958
13.92,3958
13.93,3956
13.94,3956
13.95,3956
13.96,3956
13.97,3955
13.98,3955
13.99,3955
14.0,3955
14.01,3955
14.02,3955
14.03,3955
14.04,3955
14.05,3955
14.06,3955
14.07,3955
14.08,3955
14.09,3955
14.1,3955
14.11,3955
14.12,3955
14.13,3955
14.14,3954
14.15,3954
14.16,3954
14.17,3954
14.18,3954
14.19,3954
14.2,3954
14.21,3954
14.22,3954
14.23,3954
14.24,3954
14.25,3954
14.26,3954
14.27,3954
14.28,3954
14.29,3954
14.3,3954
14.31,3954
14.32,3954
14.33,3954
14.34,3954
14.35,3954
14.36,3954
14.37,3954
14.38,3954
14.39,3954
14.4,3954
14.41,3954
14.42,3954
14.43,3954
14.44,3954
14.45,3954
14.46,3954
14.47,3954
14.48,3954
14.49,3954
14.5,3954
14.51,3953
14.52,3953
14.53,3953
14.54,3953
14.55,3953
14.56,3953
14.57,3953
14.58,3953
14.59,3953
14.6,3953
14.61,3953
14.62,3953
14.63,3953
14.64,3953
14.65,3953
14.66,3953
14.67,3953
14.68,3952
14.69,3952
14.7,3952
14.71,3952
14.72,3952
14.73,3952
14.74,3952
14.75,3952
14.76,3952
14.77,3952
14.78,3952
14.79,3951
14.8,3951
14.81,3951
14.82,3951
14.83,3951
14.84,3951
14.85,3951
14.86,3951
14.87,3951
14.88,3951
14.89,3951
14.9,3951
14.91,3951
14.92,3951
14.93,3951
14.94,3951
14.95,3951
14.96,3951
14.97,3951
14.98,3951
14.99,3951
15.0,3951
15.01,3951
15.02,3951
15.03,3951
15.04,3951
15.05,3951
15.06,3951
15.07,3951
15.08,3951
15.09,3951
15.1,3951
15.11,3951
15.12,3951
15.13,3951
15.14,3951
15.15,3951
15.16,3951
15.17,3951
15.18,3951
15.19,3951
15.2,3951
15.21,3951
15.22,3950
15.23,3950
15.24,3950
15.25,3950
15.26,3950
15.27,3949
15.28,3949
15.29,3949
15.3,3949
15.31,3949
15.32,3949
15.33,3948
15.34,3948
15.35,3948
15.36,3948
15.37,3948
15.38,3948
15.39,3948
15.4,3948
15.41,3948
15.42,3948
15.43,3948
15.44,3948
15.45,3948
15.46,3948
15.47,3948
15.48,3948
15.49,3948
15.5,3948
15.51,3947
15.52,3947
15.53,3947
15.54,3947
15.55,3947
15.56,3947
15.57,3947
15.58,3947
15.59,3947
15.6,3947
15.61,3947
15.62,3947
15.63,3947
15.64,3947
15.65,3947
15.66,3947
15.67,3947
15.68,3947
15.69,3947
15.7,3947
15.71,3947
15.72,3947
15.73,3947
15.74,3947
15.75,3947
15.76,3947
15.77,3947
15.78,3947
15.79,3947
15.8,3947
15.81,3947
15.82,3947
15.83,3947
15.84,3947
15.85,3947
15.86,3947
15.87,3947
15.88,3947
15.89,3947
15.9,3947
15.91,3947
15.92,3947
15.93,3947
15.94,3947
15.95,3947
15.96,3947
15.97,3947
15.98,3947
15.99,3947
16.0,3947
16.01,3947
16.02,3947
16.03,3947
16.04,3947
16.05,3947
16.06,3947
16.07,3947
16.08,3947
16.09,3947
16.1,3946
16.11,3946
16.12,3946
16.13,3946
16.14,3945
16.15,3945
16.16,3945
16.17,3945
16.18,3945
16.19,3945
16.2,3945
16.21,3945
16.22,3945
16.23,3945
16.24,3945
16.25,3945
16.26,3945
16.27,3945
16.28,3945
16.29,3945
16.3,3945
16.31,3945
16.32,3945
16.33,3945
16.34,3945
16.35,3945
16.36,3945
16.37,3945
16.38,3945
16.39,3945
16.4,3945
16.41,3945
16.42,3945
16.43,3945
16.44,3945
16.45,3945
16.46,3945
16.47,3945
16.48,3945
16.49,3945
16.5,3945
16.51,3945
16.52,3945
16.53,3945
16.54,3945
16.55,3945
16.56,3945
16.57,3945
16.58,3945
16.59,3945
16.6,3945
16.61,3945
16.62,3945
16.63,3945
16.64,3945
16.65,3945
16.66,3945
16.67,3945
16.68,3945
16.69,3944
16.7,3944
16.71,3944
16.72,3944
16.73,3944
16.74,3944
16.75,3944
16.76,3944
16.77,3944
16.78,3944
16.79,3944
16.8,3944
16.81,3944
16.82,3944
16.83,3944
16.84,3944
16.85,3944
16.86,3944
16.87,3944
16.88,3944
16.89,3944
16.9,3943
16.91,3943
16.92,3943
16.93,3943
16.94,3943
16.95,3943
16.96,3943
16.97,3943
16.98,3943
16.99,3943
17.0,3943
17.01,3943
17.02,3943
17.03,3943
17.04,3943
17.05,3943
17.06,3943
17.07,3943
17.08,3943
17.09,3943
17.1,3943
17.11,3943
17.12,3943
17.13,3943
17.14,3943
17.15,3943
17.16,3943
17.17,3943
17.18,3943
17.19,3943
17.2,3943
17.21,3943
17.22,3943
17.23,3943
17.24,3943
17.25,3943
17.26,3943
17.27,3943
17.28,3942
17.29,3942
17.3,3942
17.31,3942
17.32,3941
17.33,3941
17.34,3941
17.35,3941
17.36,3941
17.37,3941
17.38,3941
17.39,3941
17.4,3941
17.41,3941
17.42,3941
17.43,3941
17.44,3941
17.45,3941
17.46,3941
17.47,3941
17.48,3941
17.49,3941
17.5,3941
17.51,3941
17.52,3941
17.53,3941
17.54,3941
17.55,3941
17.56,3941
17.57,3941
17.58,3941
17.59,3941
17.6,3941
17.61,3941
17.62,3941
17.63,3941
17.64,3941
17.65,3941
17.66,3941
17.67,3941
17.68,3940
17.69,3940
17.7,3940
17.71,3940
17.72,3940
17.73,3940
17.74,3940
17.75,3940
17.76,3940
17.77,3940
17.78,3940
17.79,3940
17.8,3940
17.81,3940
17.82,3939
17.83,3939
17.84,3939
17.85,3939
17.86,3939
17.87,3939
17.88,3939
17.89,3939
17.9,3939
17.91,3939
17.92,3939
17.93,3939
17.94,3939
17.95,3939
17.96,3939
17.97,3939
17.98,3939
17.99,3939
18.0,3939
18.01,3939
18.02,3939
18.03,3939
18.04,3939
18.05,3939
18.06,3939
18.07,3939
18.08,3939
18.09,3939
18.1,3939
18.11,3939
18.12,3939
18.13,3939
18.14,3939
18.15,3939
18.16,3939
18.17,3939
18.18,3939
18.19,3939
18.2,3939
18.21,3939
18.22,3939
18.23,3939
18.24,3939
18.25,3939
18.26,3939
18.27,3939
18.28,3939
18.29,3939
18.3,3939
18.31,3939
18.32,3939
18.33,3939
18.34,3939
18.35,3939
18.36,3939
18.37,3939
18.38,3939
18.39,3939
18.4,3939
18.41,3939
18.42,3939
18.43,3939
18.44,3939
18.45,3939
18.46,3939
18.47,3939
18.48,3939
18.49,3939
18.5,3939
18.51,3939
18.52,3939
18.53,3939
18.54,3939
18.55,3939
18.56,3939
18.57,3939
18.58,3939
18.59,3939
18.6,3939
18.61,3939
18.62,3939
18.63,3939
18.64,3939
18.65,3939
18.66,3939
18.67,3939
18.68,3939
18.69,3939
18.7,3939
18.71,3939
18.72,3939
18.73,3939
18.74,3939
18.75,3939
18.76,3939
18.77,3939
18.78,3939
18.79,3939
18.8,3939
18.81,3939
18.82,3939
18.83,3939
18.84,3939
18.85,3939
18.86,3939
18.87,3939
18.88,3939
18.89,3939
18.9,3939
18.91,3939
18.92,3939
18.93,3939
18.94,3938
18.95,3938
18.96,3938
18.97,3938
18.98,3938
18.99,3938
19.0,3938
19.01,3938
19.02,3938
19.03,3938
19.04,3938
19.05,3938
19.06,3938
19.07,3938
19.08,3938
19.09,3938
19.1,3938
19.11,3938
19.12,3938
19.13,3938
19.14,3938
19.15,3938
19.16,3938
19.17,3938
19.18,3938
19.19,3938
19.2,3938
19.21,3938
19.22,3938
19.23,3938
19.24,3938
19.25,3938
19.26,3938
19.27,3938
19.28,3938
19.29,3938
19.3,3938
19.31,3938
19.32,3938
19.33,3938
19.34,3938
19.35,3938
19.36,3938
19.37,3938
19.38,3938
19.39,3938
19.4,3938
19.41,3938
19.42,3938
19.43,3938
19.44,3938
19.45,3938
19.46,3938
19.47,3938
19.48,3938
19.49,3938
19.5,3938
19.51,3938
19.52,3937
19.53,3937
19.54,3937
19.55,3937
19.56,3937
19.57,3937
19.58,3937
19.59,3937
19.6,3937
19.61,3937
19.62,3937
19.63,3937
19.64,3937
19.65,3937
19.66,3937
19.67,3937
19.68,3937
19.69,3937
19.7,3937
19.71,3937
19.72,3937
19.73,3937
19.74,3937
19.75,3937
19.76,3937
19.77,3937
19.78,3937
19.79,3937
19.8,3937
19.81,3937
19.82,3937
19.83,3937
19.84,3937
19.85,3937
19.86,3937
19.87,3937
19.88,3937
19.89,3937
19.9,3937
19.91,3937
19.92,3937
19.93,3937
19.94,3937
19.95,3937
19.96,3937
19.97,3937
19.98,3937
19.99,3937
20.0,3937
20.01,3937
20.02,3937
20.03,3937
20.04,3937
20.05,3937
20.06,3937
20.07,3937
20.08,3937
20.09,3937
20.1,3937
20.11,3937
20.12,3937
20.13,3937
20.14,3937
20.15,3937
20.16,3937
20.17,3937
20.18,3937
20.19,3937
20.2,3937
20.21,3937
20.22,3937
20.23,3937
20.24,3937
20.25,3937
20.26,3937
20.27,3937
20.28,3937
20.29,3937
20.3,3937
20.31,3937
20.32,3937
20.33,3937
20.34,3937
20.35,3937
20.36,3937
20.37,3937
20.38,3937
20.39,3937
20.4,3937
20.41,3937
20.42,3937
20.43,3937
20.44,3937
20.45,3937
20.46,3937
20.47,3937
20.48,3937
20.49,3937
20.5,3937
20.51,3937
20.52,3937
20.53,3937
20.54,3937
20.55,3937
20.56,3937
20.57,3937
20.58,3937
20.59,3937
20.6,3937
20.61,3937
20.62,3937
20.63,3937
20.64,3937
20.65,3937
20.66,3937
20.67,3937
20.68,3937
20.69,3937
20.7,3937
20.71,3937
20.72,3937
20.73,3937
20.74,3937
20.75,3937
20.76,3936
20.77,3936
20.78,3936
20.79,3936
20.8,3936
20.81,3936
20.82,3936
20.83,3936
20.84,3936
20.85,3936
20.86,3936
20.87,3936
20.88,3936
20.89,3936
20.9,3936
20.91,3936
20.92,3936
20.93,3936
20.94,3936
20.95,3936
20.96,3936
20.97,3936
20.98,3936
20.99,3936
21.0,3936
21.01,3936
21.02,3936
21.03,3936
21.04,3936
21.05,3936
21.06,3936
21.07,3936
21.08,3936
21.09,3936
21.1,3936
21.11,3936
21.12,3936
21.13,3936
21.14,3936
21.15,3936
21.16,3936
21.17,3936
21.18,3936
21.19,3936
21.2,3936
21.21,3936
21.22,3936
21.23,3936
21.24,3936
21.25,3936
21.26,3936
21.27,3936
21.28,3936
21.29,3936
21.3,3936
21.31,3936
21.32,3936
21.33,3936
21.34,3936
21.35,3936
21.36,3936
21.37,3936
21.38,3936
21.39,3936
21.4,3936
21.41,3936
21.42,3936
21.43,3936
21.44,3936
21.45,3936
21.46,3936
21.47,3936
21.48,3936
21.49,3936
21.5,3936
21.51,3936
21.52,3936
21.53,3936
21.54,3936
21.55,3936
21.56,3936
21.57,3936
21.58,3936
21.59,3936
21.6,3936
21.61,3936
21.62,3936
21.63,3936
21.64,3936
21.65,3936
21.66,3936
21.67,3936
21.68,3936
21.69,3936
21.7,3936
21.71,3936
21.72,3936
21.73,3936
21.74,3936
21.75,3936
21.76,3936
21.77,3936
21.78,3936
21.79,3936
21.8,3936
21.81,3936
21.82,3936
21.83,3936
21.84,3936
21.85,3936
21.86,3936
21.87,3936
21.88,3936
21.89,3936
21.9,3936
21.91,3936
21.92,3936
21.93,3936
21.94,3936
21.95,3936
21.96,3936
21.97,3936
21.98,3936
21.99,3936
22.0,3936
22.01,3936
22.02,3936
22.03,3936
22.04,3936
22.05,3936
22.06,3936
22.07,3936
22.08,3936
22.09,3935
22.1,3935
22.11,3935
22.12,3935
22.13,3935
22.14,3935
22.15,3935
22.16,3935
22.17,3935
22.18,3935
22.19,3935
22.2,3935
22.21,3935
22.22,3935
22.23,3935
22.24,3935
22.25,3935
22.26,3935
22.27,3935
22.28,3935
22.29,3935
22.3,3935
22.31,3935
22.32,3935
22.33,3935
22.34,3935
22.35,3935
22.36,3935
22.37,3935
22.38,3935
22.39,3935
22.4,3935
22.41,3935
22.42,3935
22.43,3935
22.44,3935
22.45,3935
22.46,3935
22.47,3935
22.48,3935
22.49,3935
22.5,3935
22.51,3935
22.52,3935
22.53,3935
22.54,3935
22.55,3935
22.56,3935
22.57,3935
22.58,3935
22.59,3935
22.6,3935
22.61,3935
22.62,3935
22.63,3935
22.64,3935
22.65,3935
22.66,3935
22.67,3935
22.68,3935
22.69,3935
22.7,3935
22.71,3935
22.72,3935
22.73,3935
22.74,3935
22.75,3935
22.76,3935
22.77,3935
22.78,3935
22.79,3935
22.8,3935
22.81,3935
22.82,3935
22.83,3935
22.84,3935
22.85,3935
22.86,3935
22.87,3935
22.88,3935
22.89,3935
22.9,3935
22.91,3935
22.92,3935
22.93,3935
22.94,3935
22.95,3935
22.96,3935
22.97,3935
22.98,3935
22.99,3935
23.0,3935
23.01,3935
23.02,3935
23.03,3935
23.04,3935
23.05,3935
23.06,3935
23.07,3935
23.08,3935
23.09,3935
23.1,3935
23.11,3935
23.12,3935
23.13,3935
23.14,3935
23.15,3935
23.16,3935
23.17,3935
23.18,3935
23.19,3935
23.2,3935
23.21,3935
23.22,3935
23.23,3935
23.24,3935
23.25,3935
23.26,3935
23.27,3935
23.28,3935
23.29,3935
23.3,3935
23.31,3935
23.32,3935
23.33,3935
23.34,3935
23.35,3935
23.36,3935
23.37,3935
23.38,3935
23.39,3935
23.4,3935
23.41,3935
23.42,3935
23.43,3934
23.44,3934
23.45,3934
23.46,3934
23.47,3934
23.48,3934
23.49,3934
23.5,3934
23.51,3934
23.52,3934
23.53,3934
23.54,3934
23.55,3934
23.56,3934
23.57,3934
23.58,3934
23.59,3934
23.6,3934
23.61,3934
23.62,3934
23.63,3934
23.64,3934
23.65,3934
23.66,3934
23.67,3934
23.68,3934
23.69,3934
23.7,3934
23.71,3933
23.72,3933
23.73,3933
23.74,3933
23.75,3933
23.76,3933
23.77,3933
23.78,3933
23.79,3933
23.8,3933
23.81,3933
23.82,3933
23.83,3933
23.84,3933
23.85,3933
23.86,3933
23.87,3933
23.88,3933
23.89,3933
23.9,3933
23.91,3933
23.92,3933
23.93,3933
23.94,3933
23.95,3933
23.96,3933
23.97,3933
23.98,3933
23.99,3933
24.0,3933
24.01,3933
24.02,3933
24.03,3933
24.04,3933
24.05,3933
24.06,3933
24.07,3933
24.08,3933
24.09,3933
24.1,3933
24.11,3933
24.12,3933
24.13,3933
24.14,3933
24.15,3933
24.16,3933
24.17,3933
24.18,3933
24.19,3933
24.2,3933
24.21,3933
24.22,3933
24.23,3933
24.24,3933
24.25,3933
24.26,3933
24.27,3933
24.28,3933
24.29,3933
24.3,3933
24.31,3933
24.32,3933
24.33,3933
24.34,3933
24.35,3933
24.36,3933
24.37,3933
24.38,3933
24.39,3933
24.4,3933
24.41,3933
24.42,3933
24.43,3933
24.44,3933
24.45,3933
24.46,3933
24.47,3933
24.48,3933
24.49,3933
24.5,3933
24.51,3933
24.52,3933
24.53,3932
24.54,3932
24.55,3932
24.56,3932
24.57,3932
24.58,3932
24.59,3932
24.6,3932
24.61,3932
24.62,3932
24.63,3932
24.64,3932
24.65,3932
24.66,3932
24.67,3932
24.68,3932
24.69,3932
24.7,3932
24.71,3932
24.72,3932
24.73,3932
24.74,3932
24.75,3932
24.76,3932
24.77,3932
24.78,3932
24.79,3932
24.8,3932
24.81,3932
24.82,3932
24.83,3932
24.84,3932
24.85,3932
24.86,3932
24.87,3932
24.88,3932
24.89,3932
24.9,3932
24.91,3932
24.92,3932
24.93,3932
24.94,3932
24.95,3932
24.96,3932
24.97,3932
24.98,3932
24.99,3932
25.0,3932
25.01,3932
25.02,3932
25.03,3932
25.04,3932
25.05,3932
25.06,3932
25.07,3932
25.08,3932
25.09,3932
25.1,3932
25.11,3932
25.12,3932
25.13,3932
25.14,3932
25.15,3932
25.16,3932
25.17,3932
25.18,3932
25.19,3932
25.2,3932
25.21,3932
25.22,3931
25.23,3931
25.24,3931
25.25,3931
25.26,3931
25.27,3931
25.28,3931
25.29,3931
25.3,3931
25.31,3931
25.32,3931
25.33,3931
25.34,3931
25.35,3931
25.36,3931
25.37,3931
25.38,3931
25.39,3931
25.4,3931
25.41,3931
25.42,3931
25.43,3931
25.44,3931
25.45,3931
25.46,3931
25.47,3931
25.48,3931
25.49,3931
25.5,3931
25.51,3931
25.52,3931
25.53,3931
25.54,3931
25.55,3931
25.56,3931
25.57,3931
25.58,3931
25.59,3931
25.6,3931
25.61,3931
25.62,3931
25.63,3931
25.64,3931
25.65,3931
25.66,3931
25.67,3931
25.68,3931
25.69,3931
25.7,3931
25.71,3931
25.72,3931
25.73,3931
25.74,3931
25.75,3931
25.76,3931
25.77,3931
25.78,3931
25.79,3931
25.8,3931
25.81,3931
25.82,3931
25.83,3931
25.84,3931
25.85,3931
25.86,3931
25.87,3931
25.88,3931
25.89,3931
25.9,3931
25.91,3931
25.92,3931
25.93,3931
25.94,3931
25.95,3931
25.96,3931
25.97,3931
25.98,3931
25.99,3931
26.0,3931
26.01,3931
26.02,3931
26.03,3931
26.04,3931
26.05,3931
26.06,3931
26.07,3931
26.08,3931
26.09,3931
26.1,3931
26.11,3931
26.12,3931
26.13,3931
26.14,3931
26.15,3931
26.16,3931
26.17,3931
26.18,3931
26.19,3931
26.2,3931
26.21,3931
26.22,3931
26.23,3931
26.24,3931
26.25,3931
26.26,3931
26.27,3931
26.28,3931
26.29,3931
26.3,3931
26.31,3931
26.32,3931
26.33,3931
26.34,3931
26.35,3931
26.36,3931
26.37,3931
26.38,3931
26.39,3931
26.4,3931
26.41,3931
26.42,3931
26.43,3931
26.44,3931
26.45,3931
26.46,3931
26.47,3931
26.48,3931
26.49,3931
26.5,3931
26.51,3931
26.52,3931
26.53,3931
26.54,3931
26.55,3931
26.56,3931
26.57,3931
26.58,3931
26.59,3931
26.6,3931
26.61,3931
26.62,3931
26.63,3931
26.64,3931
26.65,3931
26.66,3931
26.67,3931
26.68,3931
26.69,3931
26.7,3931
26.71,3931
26.72,3931
26.73,3931
26.74,3931
26.75,3931
26.76,3931
26.77,3931
26.78,3931
26.79,3931
26.8,3931
26.81,3931
26.82,3931
26.83,3931
26.84,3931
26.85,3931
26.86,3931
26.87,3931
26.88,3931
26.89,3931
26.9,3931
26.91,3931
26.92,3931
26.93,3931
26.94,3931
26.95,3931
26.96,3931
26.97,3931
26.98,3931
26.99,3931
27.0,3931
27.01,3931
27.02,3931
27.03,3931
27.04,3931
27.05,3931
27.06,3931
27.07,3931
27.08,3931
27.09,3931
27.1,3931
27.11,3931
27.12,3931
27.13,3931
27.14,3931
27.15,3931
27.16,3931
27.17,3931
27.18,3931
27.19,3931
27.2,3931
27.21,3931
27.22,3931
27.23,3931
27.24,3931
27.25,3931
27.26,3931
27.27,3931
27.28,3931
27.29,3931
27.3,3931
27.31,3931
27.32,3931
27.33,3931
27.34,3931
27.35,3931
27.36,3931
27.37,3931
27.38,3931
27.39,3931
27.4,3930
27.41,3930
27.42,3930
27.43,3930
27.44,3930
27.45,3930
27.46,3930
27.47,3930
27.48,3930
27.49,3930
27.5,3930
27.51,3930
27.52,3930
27.53,3930
27.54,3930
27.55,3930
27.56,3930
27.57,3930
27.58,3930
27.59,3930
27.6,3930
27.61,3930
27.62,3930
27.63,3930
27.64,3930
27.65,3930
27.66,3930
27.67,3930
27.68,3930
27.69,3930
27.7,3930
27.71,3930
27.72,3930
27.73,3930
27.74,3930
27.75,3930
27.76,3930
27.77,3930
27.78,3930
27.79,3930
27.8,3930
27.81,3930
27.82,3930
27.83,3930
27.84,3930
27.85,3930
27.86,3930
27.87,3930
27.88,3930
27.89,3930
27.9,3930
27.91,3930
27.92,3930
27.93,3930
27.94,3930
27.95,3930
27.96,3930
27.97,3930
27.98,3930
27.99,3930
28.0,3930
28.01,3930
28.02,3930
28.03,3930
28.04,3930
28.05,3930
28.06,3930
28.07,3930
28.08,3930
28.09,3930
28.1,3930
28.11,3930
28.12,3930
28.13,3930
28.14,3930
28.15,3930
28.16,3930
28.17,3930
28.18,3930
28.19,3930
28.2,3930
28.21,3930
28.22,3930
28.23,3930
28.24,3930
28.25,3930
28.26,3930
28.27,3930
28.28,3930
28.29,3930
28.3,3930
28.31,3930
28.32,3930
28.33,3930
28.34,3930
28.35,3930
28.36,3930
28.37,3930
28.38,3930
28.39,3930
28.4,3930
28.41,3930
28.42,3930
28.43,3930
28.44,3930
28.45,3930
28.46,3930
28.47,3930
28.48,3930
28.49,3930
28.5,3930
28.51,3930
28.52,3930
28.53,3930
28.54,3930
28.55,3930
28.56,3930
28.57,3930
28.58,3930
28.59,3930
28.6,3930
28.61,3930
28.62,3930
28.63,3930
28.64,3930
28.65,3930
28.66,3930
28.67,3930
28.68,3930
28.69,3930
28.7,3930
28.71,3930
28.72,3930
28.73,3930
28.74,3930
28.75,3930
28.76,3930
28.77,3930
28.78,3930
28.79,3930
28.8,3930
28.81,3930
28.82,3930
28.83,3930
28.84,3930
28.85,3930
28.86,3930
28.87,3930
28.88,3930
28.89,3930
28.9,3930
28.91,3930
28.92,3930
28.93,3930
28.94,3930
28.95,3930
28.96,3930
28.97,3930
28.98,3930
28.99,3930
29.0,3930
29.01,3930
29.02,3930
29.03,3930
29.04,3930
29.05,3930
29.06,3930
29.07,3930
29.08,3930
29.09,3930
29.1,3930
29.11,3930
29.12,3930
29.13,3930
29.14,3930
29.15,3930
29.16,3930
29.17,3930
29.18,3930
29.19,3930
29.2,3930
29.21,3930
29.22,3930
29.23,3930
29.24,3930
29.25,3930
29.26,3930
29.27,3930
29.28,3930
29.29,3930
29.3,3930
29.31,3930
29.32,3930
29.33,3930
29.34,3930
29.35,3930
29.36,3930
29.37,3930
29.38,3930
29.39,3930
29.4,3930
29.41,3930
29.42,3930
29.43,3930
29.44,3930
29.45,3930
29.46,3930
29.47,3930
29.48,3930
29.49,3930
29.5,3930
29.51,3930
29.52,3930
29.53,3930
29.54,3930
29.55,3930
29.56,3930
29.57,3930
29.58,3930
29.59,3930
29.6,3930
29.61,3930
29.62,3930
29.63,3930
29.64,3930
29.65,3930
29.66,3930
29.67,3930
29.68,3930
29.69,3930
29.7,3930
29.71,3930
29.72,3930
29.73,3930
29.74,3930
29.75,3930
29.76,3930
29.77,3930
29.78,3930
29.79,3930
29.8,3930
29.81,3930
29.82,3930
29.83,3930
29.84,3930
29.85,3930
29.86,3930
29.87,3930
29.88,3930
29.89,3930
29.9,3930
29.91,3930
29.92,3930
29.93,3930
29.94,3930
29.95,3930
29.96,3930
29.97,3930
29.98,3930
29.99,3930
30.0,3930
30.01,3930
30.02,3930
30.03,3930
30.04,3930
30.05,3929
30.06,3929
30.07,3929
30.08,3929
30.09,3929
30.1,3929
30.11,3929
30.12,3929
30.13,3929
30.14,3929
30.15,3929
30.16,3929
30.17,3929
30.18,3929
30.19,3929
30.2,3929
30.21,3929
30.22,3929
30.23,3929
30.24,3929
30.25,3929
30.26,3929
30.27,3929
30.28,3929
30.29,3929
30.3,3929
30.31,3929
30.32,3929
30.33,3929
30.34,3929
30.35,3929
30.36,3929
30.37,3929
30.38,3929
30.39,3929
30.4,3929
30.41,3929
30.42,3929
30.43,3929
30.44,3929
30.45,3929
30.46,3929
30.47,3929
30.48,3929
30.49,3929
30.5,3929
30.51,3929
30.52,3928
30.53,3928
30.54,3928
30.55,3928
30.56,3928
30.57,3928
30.58,3928
30.59,3928
30.6,3928
30.61,3928
30.62,3928
30.63,3928
30.64,3928
30.65,3928
30.66,3928
30.67,3928
30.68,3928
30.69,3928
30.7,3928
30.71,3928
30.72,3928
30.73,3928
30.74,3928
30.75,3928
30.76,3928
30.77,3928
30.78,3928
30.79,3928
30.8,3928
30.81,3928
30.82,3928
30.83,3928
30.84,3928
30.85,3928
30.86,3928
30.87,3928
30.88,3928
30.89,3928
30.9,3928
30.91,3928
30.92,3928
30.93,3928
30.94,3928
30.95,3928
30.96,3928
30.97,3928
30.98,3928
30.99,3928
31.0,3928
31.01,3928
31.02,3928
31.03,3928
31.04,3928
31.05,3928
31.06,3928
31.07,3928
31.08,3928
31.09,3928
31.1,3928
31.11,3928
31.12,3928
31.13,3928
31.14,3928
31.15,3928
31.16,3928
31.17,3928
31.18,3928
31.19,3928
31.2,3928
31.21,3928
31.22,3928
31.23,3928
31.24,3928
31.25,3928
31.26,3928
31.27,3928
31.28,3928
31.29,3928
31.3,3928
31.31,3928
31.32,3928
31.33,3928
31.34,3928
31.35,3928
31.36,3928
31.37,3928
31.38,3928
31.39,3928
31.4,3928
31.41,3928
31.42,3928
31.43,3928
31.44,3928
31.45,3928
31.46,3928
31.47,3928
31.48,3928
31.49,3928
31.5,3928
31.51,3928
31.52,3928
31.53,3928
31.54,3928
31.55,3928
31.56,3928
31.57,3928
31.58,3928
31.59,3928
31.6,3928
31.61,3928
31.62,3928
31.63,3928
31.64,3928
31.65,3928
31.66,3928
31.67,3928
31.68,3928
31.69,3928
31.7,3928
31.71,3928
31.72,3928
31.73,3928
31.74,3928
31.75,3928
31.76,3928
31.77,3928
31.78,3928
31.79,3928
31.8,3928
31.81,3928
31.82,3928
31.83,3928
31.84,3928
31.85,3928
31.86,3928
31.87,3928
31.88,3928
31.89,3928
31.9,3928
31.91,3928
31.92,3928
31.93,3928
31.94,3928
31.95,3928
31.96,3928
31.97,3928
31.98,3928
31.99,3928
32.0,3928
32.01,3928
32.02,3928
32.03,3928
32.04,3928
32.05,3928
32.06,3928
32.07,3928
32.08,3928
32.09,3928
32.1,3928
32.11,3928
32.12,3928
32.13,3928
32.14,3928
32.15,3928
32.16,3928
32.17,3928
32.18,3928
32.19,3928
32.2,3928
32.21,3928
32.22,3928
32.23,3928
32.24,3928
32.25,3928
32.26,3928
32.27,3928
32.28,3928
32.29,3928
32.3,3928
32.31,3928
32.32,3928
32.33,3928
32.34,3928
32.35,3928
32.36,3928
32.37,3928
32.38,3928
32.39,3928
32.4,3928
32.41,3928
32.42,3928
32.43,3928
32.44,3928
32.45,3928
32.46,3928
32.47,3928
32.48,3928
32.49,3928
32.5,3928
32.51,3928
32.52,3928
32.53,3928
32.54,3928
32.55,3928
32.56,3928
32.57,3928
32.58,3928
32.59,3928
32.6,3928
32.61,3928
32.62,3928
32.63,3928
32.64,3928
32.65,3928
32.66,3928
32.67,3928
32.68,3928
32.69,3928
32.7,3928
32.71,3928
32.72,3928
32.73,3928
32.74,3928
32.75,3928
32.76,3928
32.77,3928
32.78,3928
32.79,3928
32.8,3928
32.81,3928
32.82,3928
32.83,3928
32.84,3928
32.85,3928
32.86,3928
32.87,3928
32.88,3928
32.89,3928
32.9,3928
32.91,3928
32.92,3928
32.93,3928
32.94,3928
32.95,3928
32.96,3928
32.97,3928
32.98,3928
32.99,3928
33.0,3928
33.01,3928
33.02,3928
33.03,3928
33.04,3928
33.05,3928
33.06,3928
33.07,3928
33.08,3928
33.09,3928
33.1,3928
33.11,3928
33.12,3928
33.13,3928
33.14,3928
33.15,3928
33.16,3928
33.17,3928
33.18,3928
33.19,3928
33.2,3928
33.21,3928
33.22,3928
33.23,3928
33.24,3928
33.25,3928
33.26,3928
33.27,3928
33.28,3928
33.29,3928
33.3,3928
33.31,3928
33.32,3928
33.33,3928
33.34,3928
33.35,3928
33.36,3928
33.37,3928
33.38,3928
33.39,3928
33.4,3928
33.41,3928
33.42,3928
33.43,3928
33.44,3928
33.45,3928
33.46,3928
33.47,3928
33.48,3928
33.49,3928
33.5,3928
33.51,3928
33.52,3928
33.53,3928
33.54,3928
33.55,3928
33.56,3928
33.57,3928
33.58,3928
33.59,3928
33.6,3928
33.61,3928
33.62,3928
33.63,3928
33.64,3928
33.65,3928
33.66,3928
33.67,3928
33.68,3928
33.69,3928
33.7,3928
33.71,3928
33.72,3928
33.73,3928
33.74,3928
33.75,3928
33.76,3928
33.77,3928
33.78,3928
33.79,3928
33.8,3928
33.81,3928
33.82,3928
33.83,3928
33.84,3928
33.85,3928
33.86,3928
33.87,3928
33.88,3928
33.89,3928
33.9,3928
33.91,3928
33.92,3928
33.93,3928
33.94,3928
33.95,3928
33.96,3928
33.97,3928
33.98,3928
33.99,3928
34.0,3928
34.01,3928
34.02,3928
34.03,3928
34.04,3928
34.05,3928
34.06,3928
34.07,3928
34.08,3928
34.09,3928
34.1,3928
34.11,3928
34.12,3928
34.13,3928
34.14,3928
34.15,3928
34.16,3928
34.17,3928
34.18,3928
34.19,3928
34.2,3928
34.21,3928
34.22,3928
34.23,3928
34.24,3928
34.25,3928
34.26,3928
34.27,3928
34.28,3928
34.29,3928
34.3,3928
34.31,3928
34.32,3928
34.33,3928
34.34,3928
34.35,3928
34.36,3928
34.37,3928
34.38,3928
34.39,3928
34.4,3928
34.41,3928
34.42,3928
34.43,3928
34.44,3928
34.45,3928
34.46,3928
34.47,3928
34.48,3928
34.49,3928
34.5,3928
34.51,3928
34.52,3928
34.53,3928
34.54,3928
34.55,3928
34.56,3928
34.57,3928
34.58,3928
34.59,3928
34.6,3928
34.61,3928
34.62,3928
34.63,3928
34.64,3928
34.65,3928
34.66,3928
34.67,3928
34.68,3928
34.69,3928
34.7,3928
34.71,3928
34.72,3928
34.73,3928
34.74,3928
34.75,3928
34.76,3928
34.77,3928
34.78,3928
34.79,3928
34.8,3928
34.81,3928
34.82,3928
34.83,3928
34.84,3928
34.85,3928
34.86,3928
34.87,3928
34.88,3928
34.89,3928
34.9,3928
34.91,3928
34.92,3928
34.93,3928
34.94,3928
34.95,3928
34.96,3928
34.97,3928
34.98,3928
34.99,3928
35.0,3928
35.01,3928
35.02,3928
35.03,3928
35.04,3928
35.05,3928
35.06,3928
35.07,3927
35.08,3927
35.09,3927
35.1,3927
35.11,3927
35.12,3927
35.13,3927
35.14,3927
35.15,3927
35.16,3927
35.17,3927
35.18,3927
35.19,3927
35.2,3927
35.21,3927
35.22,3927
35.23,3927
35.24,3927
35.25,3927
35.26,3927
35.27,3927
35.28,3927
35.29,3927
35.3,3927
35.31,3927
35.32,3927
35.33,3927
35.34,3927
35.35,3927
35.36,3927
35.37,3927
35.38,3927
35.39,3927
35.4,3927
35.41,3927
35.42,3927
35.43,3927
35.44,3927
35.45,3927
35.46,3927
35.47,3927
35.48,3927
35.49,3927
35.5,3927
35.51,3927
35.52,3927
35.53,3927
35.54,3927
35.55,3927
35.56,3927
35.57,3927
35.58,3927
35.59,3927
35.6,3927
35.61,3927
35.62,3927
35.63,3927
35.64,3927
35.65,3927
35.66,3927
35.67,3927
35.68,3927
35.69,3927
35.7,3927
35.71,3927
35.72,3927
35.73,3927
35.74,3927
35.75,3927
35.76,3927
35.77,3927
35.78,3927
35.79,3927
35.8,3927
35.81,3927
35.82,3927
35.83,3927
35.84,3927
35.85,3927
35.86,3927
35.87,3927
35.88,3927
35.89,3927
35.9,3927
35.91,3927
35.92,3927
35.93,3927
35.94,3927
35.95,3927
35.96,3927
35.97,3927
35.98,3927
35.99,3927
36.0,3927
36.01,3927
36.02,3927
36.03,3927
36.04,3927
36.05,3927
36.06,3927
36.07,3927
36.08,3927
36.09,3927
36.1,3927
36.11,3927
36.12,3927
36.13,3927
36.14,3927
36.15,3927
36.16,3927
36.17,3927
36.18,3927
36.19,3927
36.2,3927
36.21,3927
36.22,3927
36.23,3927
36.24,3927
36.25,3927
36.26,3927
36.27,3927
36.28,3927
36.29,3927
36.3,3927
36.31,3927
36.32,3927
36.33,3927
36.34,3927
36.35,3927
36.36,3927
36.37,3927
36.38,3927
36.39,3927
36.4,3927
36.41,3927
36.42,3927
36.43,3927
36.44,3927
36.45,3927
36.46,3927
36.47,3927
36.48,3927
36.49,3927
36.5,3927
36.51,3927
36.52,3927
36.53,3927
36.54,3927
36.55,3927
36.56,3927
36.57,3927
36.58,3927
36.59,3927
36.6,3927
36.61,3927
36.62,3927
36.63,3927
36.64,3927
36.65,3927
36.66,3927
36.67,3927
36.68,3927
36.69,3927
36.7,3927
36.71,3927
36.72,3927
36.73,3927
36.74,3927
36.75,3927
36.76,3927
36.77,3927
36.78,3927
36.79,3927
36.8,3927
36.81,3927
36.82,3927
36.83,3927
36.84,3927
36.85,3927
36.86,3927
36.87,3927
36.88,3927
36.89,3927
36.9,3927
36.91,3927
36.92,3927
36.93,3927
36.94,3927
36.95,3927
36.96,3927
36.97,3927
36.98,3927
36.99,3927
37.0,3927
37.01,3927
37.02,3927
37.03,3927
37.04,3927
37.05,3927
37.06,3927
37.07,3927
37.08,3927
37.09,3927
37.1,3927
37.11,3927
37.12,3927
37.13,3927
37.14,3927
37.15,3927
37.16,3927
37.17,3927
37.18,3927
37.19,3927
37.2,3927
37.21,3927
37.22,3927
37.23,3927
37.24,3927
37.25,3927
37.26,3927
37.27,3927
37.28,3927
37.29,3927
37.3,3927
37.31,3927
37.32,3927
37.33,3927
37.34,3927
37.35,3927
37.36,3927
37.37,3927
37.38,3927
37.39,3927
37.4,3927
37.41,3927
37.42,3927
37.43,3927
37.44,3927
37.45,3927
37.46,3927
37.47,3927
37.48,3927
37.49,3927
37.5,3927
37.51,3927
37.52,3927
37.53,3927
37.54,3927
37.55,3927
37.56,3927
37.57,3927
37.58,3927
37.59,3927
37.6,3927
37.61,3927
37.62,3927
37.63,3927
37.64,3927
37.65,3927
37.66,3927
37.67,3927
37.68,3927
37.69,3927
37.7,3927
37.71,3927
37.72,3927
37.73,3927
37.74,3927
37.75,3927
37.76,3927
37.77,3927
37.78,3927
37.79,3927
37.8,3927
37.81,3927
37.82,3927
37.83,3927
37.84,3927
37.85,3927
37.86,3927
37.87,3927
37.88,3927
37.89,3927
37.9,3927
37.91,3927
37.92,3927
37.93,3927
37.94,3927
37.95,3927
37.96,3927
37.97,3927
37.98,3927
37.99,3927
38.0,3927
38.01,3927
38.02,3927
38.03,3927
38.04,3927
38.05,3927
38.06,3927
38.07,3927
38.08,3927
38.09,3927
38.1,3927
38.11,3927
38.12,3927
38.13,3927
38.14,3927
38.15,3927
38.16,3927
38.17,3927
38.18,3927
38.19,3927
38.2,3927
38.21,3927
38.22,3927
38.23,3927
38.24,3927
38.25,3927
38.26,3927
38.27,3927
38.28,3927
38.29,3927
38.3,3927
38.31,3927
38.32,3927
38.33,3927
38.34,3927
38.35,3927
38.36,3927
38.37,3927
38.38,3927
38.39,3927
38.4,3927
38.41,3927
38.42,3927
38.43,3927
38.44,3927
38.45,3927
38.46,3927
38.47,3927
38.48,3927
38.49,3927
38.5,3927
38.51,3927
38.52,3927
38.53,3927
38.54,3927
38.55,3927
38.56,3927
38.57,3927
38.58,3927
38.59,3927
38.6,3927
38.61,3927
38.62,3927
38.63,3927
38.64,3927
38.65,3927
38.66,3927
38.67,3927
38.68,3927
38.69,3927
38.7,3927
38.71,3927
38.72,3927
38.73,3927
38.74,3927
38.75,3927
38.76,3927
38.77,3927
38.78,3927
38.79,3927
38.8,3927
38.81,3927
38.82,3927
38.83,3927
38.84,3927
38.85,3927
38.86,3927
38.87,3927
38.88,3927
38.89,3927
38.9,3927
38.91,3927
38.92,3927
38.93,3927
38.94,3927
38.95,3927
38.96,3927
38.97,3927
38.98,3927
38.99,3927
39.0,3927
39.01,3927
39.02,3927
39.03,3927
39.04,3927
39.05,3927
39.06,3927
39.07,3927
39.08,3927
39.09,3927
39.1,3927
39.11,3927
39.12,3927
39.13,3927
39.14,3927
39.15,3927
39.16,3927
39.17,3927
39.18,3927
39.19,3927
39.2,3927
39.21,3927
39.22,3927
39.23,3927
39.24,3927
39.25,3927
39.26,3927
39.27,3927
39.28,3927
39.29,3927
39.3,3927
39.31,3927
39.32,3927
39.33,3927
39.34,3927
39.35,3927
39.36,3927
39.37,3927
39.38,3927
39.39,3927
39.4,3927
39.41,3927
39.42,3927
39.43,3927
39.44,3927
39.45,3927
39.46,3927
39.47,3927
39.48,3927
39.49,3927
39.5,3927
39.51,3927
39.52,3927
39.53,3927
39.54,3927
39.55,3927
39.56,3927
39.57,3927
39.58,3927
39.59,3927
39.6,3927
39.61,3927
39.62,3927
39.63,3927
39.64,3927
39.65,3927
39.66,3927
39.67,3927
39.68,3927
39.69,3927
39.7,3927
39.71,3927
39.72,3927
39.73,3927
39.74,3927
39.75,3927
39.76,3927
39.77,3927
39.78,3927
39.79,3927
39.8,3927
39.81,3927
39.82,3927
39.83,3927
39.84,3927
39.85,3927
39.86,3927
39.87,3927
39.88,3927
39.89,3927
39.9,3927
39.91,3927
39.92,3927
39.93,3927
39.94,3927
39.95,3927
39.96,3927
39.97,3927
39.98,3927
39.99,3927
40.0,3927
40.01,3927
40.02,3927
40.03,3927
40.04,3927
40.05,3927
40.06,3927
40.07,3927
40.08,3927
40.09,3927
40.1,3927
40.11,3927
40.12,3927
40.13,3927
40.14,3927
40.15,3927
40.16,3927
40.17,3927
40.18,3927
40.19,3927
40.2,3927
40.21,3927
40.22,3927
40.23,3927
40.24,3927
40.25,3927
40.26,3927
40.27,3927
40.28,3927
40.29,3927
40.3,3927
40.31,3927
40.32,3927
40.33,3927
40.34,3927
40.35,3927
40.36,3927
40.37,3927
40.38,3927
40.39,3927
40.4,3927
40.41,3927
40.42,3927
40.43,3927
40.44,3927
40.45,3927
40.46,3927
40.47,3927
40.48,3927
40.49,3927
40.5,3927
40.51,3927
40.52,3927
40.53,3927
40.54,3927
40.55,3927
40.56,3927
40.57,3927
40.58,3927
40.59,3927
40.6,3927
40.61,3927
40.62,3927
40.63,3927
40.64,3927
40.65,3927
40.66,3927
40.67,3927
40.68,3927
40.69,3927
40.7,3927
40.71,3927
40.72,3927
40.73,3927
40.74,3927
40.75,3927
40.76,3927
40.77,3927
40.78,3927
40.79,3927
40.8,3927
40.81,3927
40.82,3927
40.83,3927
40.84,3927
40.85,3927
40.86,3927
40.87,3927
40.88,3927
40.89,3927
40.9,3927
40.91,3927
40.92,3927
40.93,3927
40.94,3927
40.95,3927
40.96,3927
40.97,3927
40.98,3927
40.99,3927
41.0,3927
41.01,3927
41.02,3927
41.03,3927
41.04,3927
41.05,3927
41.06,3927
41.07,3927
41.08,3927
41.09,3927
41.1,3927
41.11,3927
41.12,3927
41.13,3927
41.14,3927
41.15,3927
41.16,3927
41.17,3927
41.18,3927
41.19,3927
41.2,3927
41.21,3927
41.22,3927
41.23,3927
41.24,3927
41.25,3927
41.26,3927
41.27,3927
41.28,3927
41.29,3927
41.3,3927
41.31,3927
41.32,3927
41.33,3927
41.34,3927
41.35,3927
41.36,3927
41.37,3927
41.38,3927
41.39,3927
41.4,3927
41.41,3927
41.42,3927
41.43,3927
41.44,3927
41.45,3927
41.46,3927
41.47,3927
41.48,3927
41.49,3927
41.5,3927
41.51,3927
41.52,3927
41.53,3927
41.54,3927
41.55,3927
41.56,3927
41.57,3927
41.58,3927
41.59,3927
41.6,3927
41.61,3927
41.62,3927
41.63,3927
41.64,3927
41.65,3927
41.66,3927
41.67,3927
41.68,3927
41.69,3927
41.7,3927
41.71,3927
41.72,3927
41.73,3927
41.74,3927
41.75,3927
41.76,3927
41.77,3927
41.78,3927
41.79,3927
41.8,3927
41.81,3927
41.82,3927
41.83,3927
41.84,3927
41.85,3927
41.86,3927
41.87,3927
41.88,3927
41.89,3927
41.9,3927
41.91,3927
41.92,3927
41.93,3927
41.94,3927
41.95,3927
41.96,3927
41.97,3927
41.98,3927
41.99,3927
42.0,3927
42.01,3927
42.02,3927
42.03,3927
42.04,3927
42.05,3927
42.06,3927
42.07,3927
42.08,3927
42.09,3927
42.1,3927
42.11,3927
42.12,3927
42.13,3927
42.14,3927
42.15,3927
42.16,3927
42.17,3927
42.18,3927
42.19,3927
42.2,3927
42.21,3927
42.22,3927
42.23,3927
42.24,3927
42.25,3927
42.26,3927
42.27,3927
42.28,3927
42.29,3927
42.3,3927
42.31,3927
42.32,3927
42.33,3927
42.34,3927
42.35,3927
42.36,3927
42.37,3927
42.38,3927
42.39,3927
42.4,3927
42.41,3927
42.42,3927
42.43,3927
42.44,3927
42.45,3927
42.46,3927
42.47,3927
42.48,3927
42.49,3927
42.5,3927
42.51,3927
42.52,3927
42.53,3927
42.54,3927
42.55,3927
42.56,3927
42.57,3927
42.58,3927
42.59,3927
42.6,3927
42.61,3927
42.62,3927
42.63,3927
42.64,3927
42.65,3927
42.66,3927
42.67,3927
42.68,3927
42.69,3927
42.7,3927
42.71,3927
42.72,3927
42.73,3927
42.74,3927
42.75,3927
42.76,3927
42.77,3927
42.78,3927
42.79,3927
42.8,3927
42.81,3927
42.82,3927
42.83,3927
42.84,3927
42.85,3927
42.86,3927
42.87,3927
42.88,3927
42.89,3927
42.9,3927
42.91,3927
42.92,3927
42.93,3927
42.94,3927
42.95,3927
42.96,3927
42.97,3927
42.98,3927
42.99,3927
43.0,3927
43.01,3927
43.02,3927
43.03,3927
43.04,3927
43.05,3927
43.06,3927
43.07,3927
43.08,3927
43.09,3927
43.1,3927
43.11,3927
43.12,3927
43.13,3927
43.14,3927
43.15,3927
43.16,3927
43.17,3927
43.18,3927
43.19,3927
43.2,3927
43.21,3927
43.22,3927
43.23,3927
43.24,3927
43.25,3927
43.26,3927
43.27,3927
43.28,3927
43.29,3927
43.3,3927
43.31,3927
43.32,3927
43.33,3927
43.34,3927
43.35,3927
43.36,3927
43.37,3927
43.38,3927
43.39,3927
43.4,3927
43.41,3927
43.42,3927
43.43,3927
43.44,3927
43.45,3927
43.46,3927
43.47,3927
43.48,3927
43.49,3927
43.5,3927
43.51,3927
43.52,3927
43.53,3927
43.54,3927
43.55,3927
43.56,3927
43.57,3927
43.58,3927
43.59,3927
43.6,3927
43.61,3927
43.62,3927
43.63,3927
43.64,3927
43.65,3927
43.66,3927
43.67,3927
43.68,3927
43.69,3927
43.7,3927
43.71,3927
43.72,3927
43.73,3927
43.74,3927
43.75,3927
43.76,3927
43.77,3927
43.78,3927
43.79,3927
43.8,3927
43.81,3927
43.82,3927
43.83,3927
43.84,3927
43.85,3927
43.86,3927
43.87,3927
43.88,3927
43.89,3927
43.9,3927
43.91,3927
43.92,3927
43.93,3927
43.94,3927
43.95,3927
43.96,3927
43.97,3927
43.98,3927
43.99,3927
44.0,3927
44.01,3927
44.02,3927
44.03,3927
44.04,3927
44.05,3927
44.06,3927
44.07,3927
44.08,3927
44.09,3927
44.1,3927
44.11,3927
44.12,3927
44.13,3927
44.14,3927
44.15,3927
44.16,3927
44.17,3927
44.18,3927
44.19,3927
44.2,3927
44.21,3927
44.22,3927
44.23,3927
44.24,3927
44.25,3927
44.26,3927
44.27,3927
44.28,3927
44.29,3927
44.3,3927
44.31,3927
44.32,3927
44.33,3927
44.34,3927
44.35,3927
44.36,3927
44.37,3927
44.38,3927
44.39,3927
44.4,3927
44.41,3927
44.42,3927
44.43,3927
44.44,3927
44.45,3927
44.46,3927
44.47,3927
44.48,3927
44.49,3927
44.5,3927
44.51,3927
44.52,3927
44.53,3927
44.54,3927
44.55,3927
44.56,3927
44.57,3927
44.58,3927
44.59,3927
44.6,3927
44.61,3927
44.62,3927
44.63,3927
44.64,3927
44.65,3927
44.66,3927
44.67,3927
44.68,3927
44.69,3927
44.7,3927
44.71,3927
44.72,3927
44.73,3927
44.74,3927
44.75,3927
44.76,3927
44.77,3927
44.78,3927
44.79,3927
44.8,3927
44.81,3927
44.82,3927
44.83,3927
44.84,3927
44.85,3927
44.86,3927
44.87,3927
44.88,3927
44.89,3927
44.9,3927
44.91,3927
44.92,3927
44.93,3927
44.94,3927
44.95,3927
44.96,3927
44.97,3927
44.98,3927
44.99,3927
45.0,3927
45.01,3927
45.02,3927
45.03,3927
45.04,3927
45.05,3927
45.06,3927
45.07,3927
45.08,3927
45.09,3927
45.1,3927
45.11,3927
45.12,3927
45.13,3927
45.14,3927
45.15,3927
45.16,3927
45.17,3927
45.18,3927
45.19,3927
45.2,3927
45.21,3927
45.22,3927
45.23,3927
45.24,3927
45.25,3927
45.26,3927
45.27,3927
45.28,3927
45.29,3927
45.3,3927
45.31,3927
45.32,3927
45.33,3927
45.34,3927
45.35,3927
45.36,3927
45.37,3927
45.38,3927
45.39,3927
45.4,3927
45.41,3927
45.42,3927
45.43,3927
45.44,3927
45.45,3927
45.46,3927
45.47,3927
45.48,3927
45.49,3927
45.5,3927
45.51,3927
45.52,3927
45.53,3927
45.54,3927
45.55,3927
45.56,3927
45.57,3927
45.58,3927
45.59,3927
45.6,3927
45.61,3927
45.62,3927
45.63,3927
45.64,3927
45.65,3927
45.66,3927
45.67,3927
45.68,3927
45.69,3927
45.7,3927
45.71,3927
45.72,3927
45.73,3927
45.74,3927
45.75,3927
45.76,3927
45.77,3927
45.78,3927
45.79,3927
45.8,3927
45.81,3927
45.82,3927
45.83,3927
45.84,3927
45.85,3927
45.86,3927
45.87,3927
45.88,3927
45.89,3927
45.9,3927
45.91,3927
45.92,3927
45.93,3927
45.94,3927
45.95,3927
45.96,3927
45.97,3927
45.98,3927
45.99,3927
46.0,3927
46.01,3927
46.02,3927
46.03,3927
46.04,3927
46.05,3927
46.06,3927
46.07,3927
46.08,3927
46.09,3927
46.1,3927
46.11,3927
46.12,3927
46.13,3927
46.14,3927
46.15,3927
46.16,3927
46.17,3927
46.18,3927
46.19,3927
46.2,3927
46.21,3927
46.22,3927
46.23,3927
46.24,3927
46.25,3927
46.26,3927
46.27,3927
46.28,3927
46.29,3927
46.3,3927
46.31,3927
46.32,3927
46.33,3927
46.34,3927
46.35,3927
46.36,3927
46.37,3927
46.38,3927
46.39,3927
46.4,3927
46.41,3927
46.42,3927
46.43,3927
46.44,3927
46.45,3927
46.46,3927
46.47,3927
46.48,3927
46.49,3927
46.5,3927
46.51,3927
46.52,3927
46.53,3927
46.54,3927
46.55,3927
46.56,3927
46.57,3927
46.58,3927
46.59,3927
46.6,3927
46.61,3927
46.62,3927
46.63,3927
46.64,3927
46.65,3927
46.66,3927
46.67,3927
46.68,3927
46.69,3927
46.7,3927
46.71,3927
46.72,3927
46.73,3927
46.74,3927
46.75,3927
46.76,3927
46.77,3927
46.78,3927
46.79,3927
46.8,3927
46.81,3927
46.82,3927
46.83,3927
46.84,3927
46.85,3927
46.86,3927
46.87,3927
46.88,3927
46.89,3927
46.9,3927
46.91,3927
46.92,3927
46.93,3927
46.94,3927
46.95,3927
46.96,3927
46.97,3927
46.98,3927
46.99,3927
47.0,3927
47.01,3927
47.02,3927
47.03,3927
47.04,3927
47.05,3927
47.06,3927
47.07,3927
47.08,3927
47.09,3927
47.1,3927
47.11,3927
47.12,3927
47.13,3927
47.14,3927
47.15,3927
47.16,3927
47.17,3927
47.18,3927
47.19,3927
47.2,3927
47.21,3927
47.22,3927
47.23,3927
47.24,3927
47.25,3927
47.26,3927
47.27,3927
47.28,3927
47.29,3927
47.3,3927
47.31,3927
47.32,3927
47.33,3927
47.34,3927
47.35,3927
47.36,3927
47.37,3927
47.38,3927
47.39,3927
47.4,3927
47.41,3927
47.42,3927
47.43,3927
47.44,3927
47.45,3927
47.46,3927
47.47,3927
47.48,3927
47.49,3927
47.5,3927
47.51,3927
47.52,3927
47.53,3927
47.54,3927
47.55,3927
47.56,3927
47.57,3927
47.58,3927
47.59,3927
47.6,3927
47.61,3927
47.62,3927
47.63,3927
47.64,3927
47.65,3927
47.66,3927
47.67,3927
47.68,3927
47.69,3927
47.7,3927
47.71,3927
47.72,3927
47.73,3927
47.74,3927
47.75,3927
47.76,3927
47.77,3927
47.78,3927
47.79,3927
47.8,3927
47.81,3927
47.82,3927
47.83,3927
47.84,3927
47.85,3927
47.86,3927
47.87,3927
47.88,3927
47.89,3927
47.9,3927
47.91,3927
47.92,3927
47.93,3927
47.94,3927
47.95,3927
47.96,3927
47.97,3927
47.98,3927
47.99,3927
48.0,3927
48.01,3927
48.02,3927
48.03,3927
48.04,3927
48.05,3927
48.06,3927
48.07,3927
48.08,3927
48.09,3927
48.1,3927
48.11,3927
48.12,3927
48.13,3927
48.14,3927
48.15,3927
48.16,3927
48.17,3927
48.18,3927
48.19,3927
48.2,3927
48.21,3927
48.22,3927
48.23,3927
48.24,3927
48.25,3927
48.26,3927
48.27,3927
48.28,3927
48.29,3927
48.3,3927
48.31,3927
48.32,3927
48.33,3927
48.34,3927
48.35,3927
48.36,3927
48.37,3927
48.38,3927
48.39,3927
48.4,3927
48.41,3927
48.42,3927
48.43,3927
48.44,3927
48.45,3927
48.46,3927
48.47,3927
48.48,3927
48.49,3927
48.5,3927
48.51,3927
48.52,3927
48.53,3927
48.54,3927
48.55,3927
48.56,3927
48.57,3927
48.58,3927
48.59,3927
48.6,3927
48.61,3927
48.62,3927
48.63,3927
48.64,3927
48.65,3927
48.66,3927
48.67,3927
48.68,3927
48.69,3927
48.7,3927
48.71,3927
48.72,3927
48.73,3927
48.74,3927
48.75,3927
48.76,3927
48.77,3927
48.78,3927
48.79,3927
48.8,3927
48.81,3927
48.82,3927
48.83,3927
48.84,3927
48.85,3927
48.86,3927
48.87,3927
48.88,3927
48.89,3927
48.9,3927
48.91,3927
48.92,3927
48.93,3927
48.94,3927
48.95,3927
48.96,3927
48.97,3927
48.98,3927
48.99,3927
49.0,3927
49.01,3927
49.02,3927
49.03,3927
49.04,3927
49.05,3927
49.06,3927
49.07,3927
49.08,3927
49.09,3927
49.1,3927
49.11,3927
49.12,3927
49.13,3927
49.14,3927
49.15,3927
49.16,3927
49.17,3927
49.18,3927
49.19,3927
49.2,3927
49.21,3927
49.22,3927
49.23,3927
49.24,3927
49.25,3927
49.26,3927
49.27,3927
49.28,3927
49.29,3927
49.3,3927
49.31,3927
49.32,3927
49.33,3927
49.34,3927
49.35,3927
49.36,3927
49.37,3927
49.38,3927
49.39,3927
49.4,3927
49.41,3927
49.42,3927
49.43,3927
49.44,3927
49.45,3927
49.46,3927
49.47,3927
49.48,3927
49.49,3927
49.5,3927
49.51,3927
49.52,3927
49.53,3927
49.54,3927
49.55,3927
49.56,3927
49.57,3927
49.58,3927
49.59,3927
49.6,3927
49.61,3927
49.62,3927
49.63,3927
49.64,3927
49.65,3927
49.66,3927
49.67,3927
49.68,3927
49.69,3927
49.7,3927
49.71,3927
49.72,3927
49.73,3927
49.74,3927
49.75,3927
49.76,3927
49.77,3927
49.78,3927
49.79,3927
49.8,3927
49.81,3927
49.82,3927
49.83,3927
49.84,3927
49.85,3927
49.86,3927
49.87,3927
49.88,3927
49.89,3927
49.9,3927
49.91,3927
49.92,3927
49.93,3927
49.94,3927
49.95,3927
49.96,3927
49.97,3927
49.98,3927
49.99,3927
50.0,3927
50.01,3927
50.02,3927
50.03,3927
50.04,3927
50.05,3927
50.06,3927
50.07,3927
50.08,3927
50.09,3927
50.1,3927
50.11,3927
50.12,3927
50.13,3927
50.14,3927
50.15,3927
50.16,3927
50.17,3927
50.18,3927
50.19,3927
50.2,3927
50.21,3927
50.22,3927
50.23,3927
50.24,3927
50.25,3927
50.26,3927
50.27,3927
50.28,3927
50.29,3927
50.3,3927
50.31,3927
50.32,3927
50.33,3927
50.34,3927
50.35,3927
50.36,3927
50.37,3927
50.38,3927
50.39,3927
50.4,3927
50.41,3927
50.42,3927
50.43,3927
50.44,3927
50.45,3927
50.46,3927
50.47,3927
50.48,3927
50.49,3927
50.5,3927
50.51,3927
50.52,3927
50.53,3927
50.54,3927
50.55,3927
50.56,3927
50.57,3927
50.58,3927
50.59,3927
50.6,3927
50.61,3927
50.62,3927
50.63,3927
50.64,3927
50.65,3927
50.66,3927
50.67,3927
50.68,3927
50.69,3927
50.7,3927
50.71,3927
50.72,3927
50.73,3927
50.74,3927
50.75,3927
50.76,3927
50.77,3927
50.78,3927
50.79,3927
50.8,3927
50.81,3927
50.82,3927
50.83,3927
50.84,3927
50.85,3927
50.86,3927
50.87,3927
50.88,3927
50.89,3927
50.9,3927
50.91,3927
50.92,3927
50.93,3927
50.94,3927
50.95,3927
50.96,3927
50.97,3927
50.98,3927
50.99,3927
51.0,3927
51.01,3927
51.02,3927
51.03,3927
51.04,3927
51.05,3927
51.06,3927
51.07,3927
51.08,3927
51.09,3927
51.1,3927
51.11,3927
51.12,3927
51.13,3927
51.14,3927
51.15,3927
51.16,3927
51.17,3927
51.18,3927
51.19,3927
51.2,3927
51.21,3927
51.22,3927
51.23,3927
51.24,3927
51.25,3927
51.26,3927
51.27,3927
51.28,3927
51.29,3927
51.3,3927
51.31,3927
51.32,3927
51.33,3927
51.34,3927
51.35,3927
51.36,3927
51.37,3927
51.38,3927
51.39,3927
51.4,3927
51.41,3927
51.42,3927
51.43,3927
51.44,3927
51.45,3927
51.46,3927
51.47,3927
51.48,3927
51.49,3927
51.5,3927
51.51,3927
51.52,3927
51.53,3927
51.54,3927
51.55,3927
51.56,3927
51.57,3927
51.58,3927
51.59,3927
51.6,3927
51.61,3927
51.62,3927
51.63,3927
51.64,3927
51.65,3927
51.66,3927
51.67,3927
51.68,3927
51.69,3927
51.7,3927
51.71,3927
51.72,3927
51.73,3927
51.74,3927
51.75,3927
51.76,3927
51.77,3927
51.78,3927
51.79,3927
51.8,3927
51.81,3927
51.82,3927
51.83,3927
51.84,3927
51.85,3927
51.86,3927
51.87,3927
51.88,3927
51.89,3927
51.9,3927
51.91,3927
51.92,3927
51.93,3927
51.94,3927
51.95,3927
51.96,3927
51.97,3927
51.98,3927
51.99,3927
52.0,3927
52.01,3927
52.02,3927
52.03,3927
52.04,3927
52.05,3927
52.06,3927
52.07,3927
52.08,3927
52.09,3927
52.1,3927
52.11,3927
52.12,3927
52.13,3927
52.14,3927
52.15,3927
52.16,3927
52.17,3927
52.18,3927
52.19,3927
52.2,3927
52.21,3927
52.22,3927
52.23,3927
52.24,3927
52.25,3927
52.26,3927
52.27,3927
52.28,3927
52.29,3927
52.3,3927
52.31,3927
52.32,3927
52.33,3927
52.34,3927
52.35,3927
52.36,3927
52.37,3927
52.38,3927
52.39,3927
52.4,3927
52.41,3927
52.42,3927
52.43,3927
52.44,3927
52.45,3927
52.46,3927
52.47,3927
52.48,3927
52.49,3927
52.5,3927
52.51,3927
52.52,3927
52.53,3927
52.54,3927
52.55,3927
52.56,3927
52.57,3927
52.58,3927
52.59,3927
52.6,3927
52.61,3927
52.62,3927
52.63,3927
52.64,3927
52.65,3927
52.66,3927
52.67,3927
52.68,3927
52.69,3927
52.7,3927
52.71,3927
52.72,3927
52.73,3927
52.74,3927
52.75,3927
52.76,3927
52.77,3927
52.78,3927
52.79,3927
52.8,3927
52.81,3927
52.82,3927
52.83,3927
52.84,3927
52.85,3927
52.86,3927
52.87,3927
52.88,3927
52.89,3927
52.9,3927
52.91,3927
52.92,3927
52.93,3927
52.94,3927
52.95,3927
52.96,3927
52.97,3927
52.98,3927
52.99,3927
53.0,3927
53.01,3927
53.02,3927
53.03,3927
53.04,3927
53.05,3927
53.06,3927
53.07,3927
53.08,3927
53.09,3927
53.1,3927
53.11,3927
53.12,3927
53.13,3927
53.14,3927
53.15,3927
53.16,3927
53.17,3927
53.18,3927
53.19,3927
53.2,3927
53.21,3927
53.22,3927
53.23,3927
53.24,3927
53.25,3927
53.26,3927
53.27,3927
53.28,3927
53.29,3927
53.3,3927
53.31,3927
53.32,3927
53.33,3927
53.34,3927
53.35,3927
53.36,3927
53.37,3927
53.38,3927
53.39,3927
53.4,3927
53.41,3927
53.42,3927
53.43,3927
53.44,3927
53.45,3927
53.46,3927
53.47,3927
53.48,3927
53.49,3927
53.5,3927
53.51,3927
53.52,3927
53.53,3927
53.54,3927
53.55,3927
53.56,3927
53.57,3927
53.58,3927
53.59,3927
53.6,3927
53.61,3927
53.62,3927
53.63,3927
53.64,3927
53.65,3927
53.66,3927
53.67,3927
53.68,3927
53.69,3927
53.7,3927
53.71,3927
53.72,3927
53.73,3927
53.74,3927
53.75,3927
53.76,3927
53.77,3927
53.78,3927
53.79,3927
53.8,3927
53.81,3927
53.82,3927
53.83,3927
53.84,3927
53.85,3927
53.86,3927
53.87,3927
53.88,3927
53.89,3927
53.9,3927
53.91,3927
53.92,3927
53.93,3927
53.94,3927
53.95,3927
53.96,3927
53.97,3927
53.98,3927
53.99,3927
54.0,3927
54.01,3927
54.02,3927
54.03,3927
54.04,3927
54.05,3927
54.06,3927
54.07,3927
54.08,3927
54.09,3927
54.1,3927
54.11,3927
54.12,3927
54.13,3927
54.14,3927
54.15,3927
54.16,3927
54.17,3927
54.18,3927
54.19,3927
54.2,3927
54.21,3927
54.22,3927
54.23,3927
54.24,3927
54.25,3927
54.26,3927
54.27,3927
54.28,3927
54.29,3927
54.3,3927
54.31,3927
54.32,3927
54.33,3927
54.34,3927
54.35,3927
54.36,3927
54.37,3927
54.38,3927
54.39,3927
54.4,3927
54.41,3927
54.42,3927
54.43,3927
54.44,3927
54.45,3927
54.46,3927
54.47,3927
54.48,3927
54.49,3927
54.5,3927
54.51,3927
54.52,3927
54.53,3927
54.54,3927
54.55,3927
54.56,3927
54.57,3927
54.58,3927
54.59,3927
54.6,3927
54.61,3927
54.62,3927
54.63,3927
54.64,3927
54.65,3927
54.66,3927
54.67,3927
54.68,3927
54.69,3927
54.7,3927
54.71,3927
54.72,3927
54.73,3927
54.74,3927
54.75,3927
54.76,3927
54.77,3927
54.78,3927
54.79,3927
54.8,3927
54.81,3927
54.82,3927
54.83,3927
54.84,3927
54.85,3927
54.86,3927
54.87,3927
54.88,3927
54.89,3927
54.9,3927
54.91,3927
54.92,3927
54.93,3927
54.94,3927
54.95,3927
54.96,3927
54.97,3927
54.98,3927
54.99,3927
55.0,3927
55.01,3927
55.02,3927
55.03,3927
55.04,3927
55.05,3927
55.06,3927
55.07,3927
55.08,3927
55.09,3927
55.1,3927
55.11,3927
55.12,3927
55.13,3927
55.14,3927
55.15,3927
55.16,3927
55.17,3927
55.18,3927
55.19,3927
55.2,3927
55.21,3927
55.22,3927
55.23,3927
55.24,3927
55.25,3927
55.26,3927
55.27,3927
55.28,3927
55.29,3927
55.3,3927
55.31,3927
55.32,3927
55.33,3927
55.34,3927
55.35,3927
55.36,3927
55.37,3927
55.38,3927
55.39,3927
55.4,3927
55.41,3927
55.42,3927
55.43,3927
55.44,3927
55.45,3927
55.46,3927
55.47,3927
55.48,3927
55.49,3927
55.5,3927
55.51,3927
55.52,3927
55.53,3927
55.54,3927
55.55,3927
55.56,3927
55.57,3927
55.58,3927
55.59,3927
55.6,3927
55.61,3927
55.62,3927
55.63,3927
55.64,3927
55.65,3927
55.66,3927
55.67,3927
55.68,3927
55.69,3927
55.7,3927
55.71,3927
55.72,3927
55.73,3927
55.74,3927
55.75,3927
55.76,3927
55.77,3927
55.78,3927
55.79,3927
55.8,3927
55.81,3927
55.82,3927
55.83,3927
55.84,3927
55.85,3927
55.86,3927
55.87,3927
55.88,3927
55.89,3927
55.9,3927
55.91,3927
55.92,3927
55.93,3927
55.94,3927
55.95,3927
55.96,3927
55.97,3927
55.98,3927
55.99,3927
56.0,3927
56.01,3927
56.02,3927
56.03,3927
56.04,3927
56.05,3927
56.06,3927
56.07,3927
56.08,3927
56.09,3927
56.1,3927
56.11,3927
56.12,3927
56.13,3927
56.14,3927
56.15,3927
56.16,3927
56.17,3927
56.18,3927
56.19,3927
56.2,3927
56.21,3927
56.22,3927
56.23,3927
56.24,3927
56.25,3927
56.26,3927
56.27,3927
56.28,3927
56.29,3927
56.3,3927
56.31,3927
56.32,3927
56.33,3927
56.34,3927
56.35,3927
56.36,3927
56.37,3927
56.38,3927
56.39,3927
56.4,3927
56.41,3927
56.42,3927
56.43,3927
56.44,3927
56.45,3927
56.46,3927
56.47,3927
56.48,3927
56.49,3927
56.5,3927
56.51,3927
56.52,3927
56.53,3927
56.54,3927
56.55,3927
56.56,3927
56.57,3927
56.58,3927
56.59,3927
56.6,3927
56.61,3927
56.62,3927
56.63,3927
56.64,3927
56.65,3927
56.66,3927
56.67,3927
56.68,3927
56.69,3927
56.7,3927
56.71,3927
56.72,3927
56.73,3927
56.74,3927
56.75,3927
56.76,3927
56.77,3927
56.78,3927
56.79,3927
56.8,3927
56.81,3927
56.82,3927
56.83,3927
56.84,3927
56.85,3927
56.86,3927
56.87,3927
56.88,3927
56.89,3927
56.9,3927
56.91,3927
56.92,3927
56.93,3927
56.94,3927
56.95,3927
56.96,3927
56.97,3927
56.98,3927
56.99,3927
57.0,3927
57.01,3927
57.02,3927
57.03,3927
57.04,3927
57.05,3927
57.06,3927
57.07,3927
57.08,3927
57.09,3927
57.1,3927
57.11,3927
57.12,3927
57.13,3927
57.14,3927
57.15,3927
57.16,3927
57.17,3927
57.18,3927
57.19,3927
57.2,3927
57.21,3927
57.22,3927
57.23,3927
57.24,3927
57.25,3927
57.26,3927
57.27,3927
57.28,3927
57.29,3927
57.3,3927
57.31,3927
57.32,3927
57.33,3927
57.34,3927
57.35,3927
57.36,3927
57.37,3927
57.38,3927
57.39,3927
57.4,3927
57.41,3927
57.42,3927
57.43,3927
57.44,3927
57.45,3927
57.46,3927
57.47,3927
57.48,3927
57.49,3927
57.5,3927
57.51,3927
57.52,3927
57.53,3927
57.54,3927
57.55,3927
57.56,3927
57.57,3927
57.58,3927
57.59,3927
57.6,3927
57.61,3927
57.62,3927
57.63,3927
57.64,3927
57.65,3927
57.66,3927
57.67,3927
57.68,3927
57.69,3927
57.7,3927
57.71,3927
57.72,3927
57.73,3927
57.74,3927
57.75,3927
57.76,3927
57.77,3927
57.78,3927
57.79,3927
57.8,3927
57.81,3927
57.82,3927
57.83,3927
57.84,3927
57.85,3927
57.86,3927
57.87,3927
57.88,3927
57.89,3927
57.9,3927
57.91,3927
57.92,3927
57.93,3927
57.94,3927
57.95,3927
57.96,3927
57.97,3927
57.98,3927
57.99,3927
58.0,3927
58.01,3927
58.02,3927
58.03,3927
58.04,3927
58.05,3927
58.06,3927
58.07,3927
58.08,3927
58.09,3927
58.1,3927
58.11,3927
58.12,3927
58.13,3927
58.14,3927
58.15,3927
58.16,3927
58.17,3927
58.18,3927
58.19,3927
58.2,3927
58.21,3927
58.22,3927
58.23,3927
58.24,3927
58.25,3927
58.26,3927
58.27,3927
58.28,3927
58.29,3927
58.3,3927
58.31,3927
58.32,3927
58.33,3927
58.34,3927
58.35,3927
58.36,3927
58.37,3927
58.38,3927
58.39,3927
58.4,3927
58.41,3927
58.42,3927
58.43,3927
58.44,3927
58.45,3927
58.46,3927
58.47,3927
58.48,3927
58.49,3927
58.5,3927
58.51,3927
58.52,3927
58.53,3927
58.54,3927
58.55,3927
58.56,3927
58.57,3927
58.58,3927
58.59,3927
58.6,3927
58.61,3927
58.62,3927
58.63,3927
58.64,3927
58.65,3927
58.66,3927
58.67,3927
58.68,3927
58.69,3927
58.7,3927
58.71,3927
58.72,3927
58.73,3927
58.74,3927
58.75,3927
58.76,3927
58.77,3927
58.78,3927
58.79,3927
58.8,3927
58.81,3927
58.82,3927
58.83,3927
58.84,3927
58.85,3927
58.86,3927
58.87,3927
58.88,3927
58.89,3927
58.9,3927
58.91,3927
58.92,3927
58.93,3927
58.94,3927
58.95,3927
58.96,3927
58.97,3927
58.98,3927
58.99,3927
59.0,3927
59.01,3927
59.02,3927
59.03,3927
59.04,3927
59.05,3927
59.06,3927
59.07,3927
59.08,3927
59.09,3927
59.1,3927
59.11,3926
