0.00, 7610
0.00249481201171875,7610
0.0026869773864746094,7609
0.0030558109283447266,7608
0.003107786178588867,7607
0.003229856491088867,7606
0.0032896995544433594,7605
0.0034248828887939453,7604
0.0036258697509765625,7603
0.0038368701934814453,7602
0.004446983337402344,7601
0.004637956619262695,7600
0.0048639774322509766,7599
0.005097866058349609,7598
0.005193948745727539,7597
0.005934715270996094,7596
0.006376981735229492,7595
0.006542682647705078,7594
0.006764888763427734,7593
0.006915092468261719,7592
0.0071527957916259766,7591
0.007360935211181641,7590
0.007444858551025391,7589
0.007648944854736328,7588
0.007866859436035156,7587
0.008142709732055664,7586
0.008321046829223633,7585
0.008646965026855469,7584
0.008846044540405273,7583
0.00907278060913086,7582
0.009180784225463867,7581
0.00939178466796875,7580
0.009576797485351562,7579
0.009710073471069336,7578
0.009790897369384766,7577
0.009998798370361328,7576
0.010181903839111328,7575
0.010383844375610352,7574
0.0104827880859375,7573
0.010775089263916016,7572
0.011056900024414062,7571
0.011181116104125977,7570
0.011388778686523438,7569
0.011601924896240234,7568
0.011755943298339844,7567
0.012121915817260742,7566
0.014018058776855469,7565
0.014199972152709961,7564
0.014372825622558594,7563
0.014511823654174805,7562
0.014667987823486328,7561
0.014766693115234375,7560
0.01495981216430664,7559
0.015496969223022461,7558
0.015567779541015625,7557
0.01582479476928711,7556
0.01590871810913086,7555
0.016073942184448242,7554
0.016313791275024414,7553
0.016434907913208008,7552
0.016591787338256836,7551
0.016691923141479492,7550
0.016908884048461914,7549
0.017029762268066406,7548
0.017644882202148438,7547
0.017923831939697266,7546
0.018045902252197266,7545
0.018407821655273438,7544
0.018550872802734375,7543
0.018847942352294922,7542
0.019017934799194336,7541
0.01928400993347168,7540
0.01947498321533203,7539
0.01966381072998047,7538
0.019827842712402344,7537
0.02005290985107422,7536
0.020235061645507812,7535
0.020498991012573242,7534
0.020657777786254883,7533
0.020830869674682617,7532
0.02101302146911621,7531
0.021070003509521484,7530
0.02127385139465332,7529
0.021431922912597656,7528
0.021687984466552734,7527
0.021836042404174805,7526
0.021977901458740234,7525
0.022197961807250977,7524
0.022537946701049805,7523
0.022624969482421875,7522
0.022768735885620117,7521
0.023100852966308594,7520
0.02446889877319336,7519
0.02462482452392578,7518
0.02478480339050293,7517
0.024884939193725586,7516
0.02504706382751465,7515
0.025328874588012695,7514
0.0257720947265625,7513
0.025906801223754883,7512
0.026057958602905273,7511
0.026204824447631836,7510
0.026301860809326172,7509
0.02643895149230957,7508
0.02672290802001953,7507
0.026860952377319336,7506
0.0269927978515625,7505
0.030171871185302734,7504
0.030514955520629883,7503
0.030731916427612305,7502
0.03082895278930664,7501
0.030885934829711914,7500
0.031047821044921875,7499
0.03118586540222168,7498
0.03139090538024902,7497
0.031758785247802734,7496
0.03185892105102539,7495
0.032067060470581055,7494
0.032193899154663086,7493
0.032321929931640625,7492
0.0324857234954834,7491
0.0330967903137207,7490
0.03324699401855469,7489
0.03341269493103027,7488
0.034256935119628906,7487
0.034471988677978516,7486
0.03464388847351074,7485
0.03474879264831543,7484
0.03487277030944824,7483
0.03503108024597168,7482
0.03518271446228027,7481
0.03522896766662598,7480
0.03536677360534668,7479
0.03554391860961914,7478
0.035623788833618164,7477
0.035780906677246094,7476
0.03584098815917969,7475
0.0361788272857666,7474
0.03643083572387695,7473
0.036537885665893555,7472
0.03667092323303223,7471
0.03673696517944336,7470
0.03685283660888672,7469
0.036956787109375,7468
0.03718876838684082,7467
0.037225961685180664,7466
0.037384986877441406,7465
0.0375819206237793,7464
0.03769087791442871,7463
0.03785967826843262,7462
0.03803896903991699,7461
0.03809094429016113,7460
0.03830599784851074,7459
0.038504838943481445,7458
0.03858184814453125,7457
0.03884482383728027,7456
0.03893303871154785,7455
0.03905987739562988,7454
0.03935885429382324,7453
0.0399937629699707,7452
0.04010796546936035,7451
0.04026174545288086,7450
0.0403897762298584,7449
0.04050087928771973,7448
0.04054403305053711,7447
0.040585994720458984,7446
0.04067683219909668,7445
0.040808916091918945,7444
0.04112982749938965,7443
0.041172027587890625,7442
0.04180788993835449,7441
0.041951894760131836,7440
0.04208207130432129,7439
0.04220104217529297,7438
0.04234790802001953,7437
0.04254889488220215,7436
0.04260087013244629,7435
0.04274296760559082,7434
0.04281497001647949,7433
0.04294610023498535,7432
0.0442049503326416,7431
0.04434680938720703,7430
0.044654130935668945,7429
0.04494595527648926,7428
0.04498481750488281,7427
0.04538893699645996,7426
0.045578956604003906,7425
0.045746803283691406,7424
0.046013832092285156,7423
0.046205997467041016,7422
0.04634499549865723,7421
0.04647970199584961,7420
0.04658198356628418,7419
0.04736471176147461,7418
0.047499895095825195,7417
0.047621726989746094,7416
0.047772884368896484,7415
0.048050880432128906,7414
0.048082828521728516,7413
0.04823589324951172,7412
0.04846787452697754,7411
0.04872393608093262,7410
0.04944777488708496,7409
0.04976797103881836,7408
0.04988384246826172,7407
0.04999709129333496,7406
0.050168752670288086,7405
0.05031085014343262,7404
0.050601959228515625,7403
0.05085897445678711,7402
0.0509638786315918,7401
0.05153775215148926,7400
0.051683902740478516,7399
0.05179190635681152,7398
0.05192708969116211,7397
0.052336931228637695,7396
0.052397966384887695,7395
0.052948951721191406,7394
0.05305910110473633,7393
0.053331851959228516,7392
0.053758859634399414,7391
0.05393099784851074,7390
0.05406379699707031,7389
0.05414605140686035,7388
0.05485987663269043,7387
0.054918766021728516,7386
0.05501699447631836,7385
0.05518007278442383,7384
0.055333852767944336,7383
0.05544900894165039,7382
0.05552101135253906,7381
0.05614781379699707,7380
0.05640912055969238,7379
0.05645394325256348,7378
0.05667567253112793,7377
0.05679893493652344,7376
0.05698513984680176,7375
0.057058095932006836,7374
0.057389020919799805,7373
0.05753803253173828,7372
0.05765676498413086,7371
0.05781078338623047,7370
0.05805373191833496,7369
0.05827498435974121,7368
0.05842876434326172,7367
0.05853390693664551,7366
0.05863189697265625,7365
0.05871987342834473,7364
0.058992862701416016,7363
0.05920886993408203,7362
0.059343814849853516,7361
0.05945086479187012,7360
0.0598599910736084,7359
0.059929847717285156,7358
0.06001782417297363,7357
0.06019401550292969,7356
0.06029391288757324,7355
0.06040501594543457,7354
0.060463905334472656,7353
0.060502052307128906,7352
0.060597896575927734,7351
0.06072688102722168,7350
0.060774803161621094,7349
0.06084394454956055,7348
0.06092071533203125,7347
0.06097102165222168,7346
0.061006784439086914,7345
0.061104774475097656,7344
0.061302900314331055,7343
0.061444759368896484,7342
0.06209897994995117,7341
0.062193870544433594,7340
0.06297087669372559,7339
0.06304478645324707,7338
0.06315088272094727,7337
0.06347990036010742,7336
0.0641179084777832,7335
0.06443500518798828,7334
0.0645749568939209,7333
0.06469297409057617,7332
0.06490802764892578,7331
0.06497788429260254,7330
0.06536293029785156,7329
0.06557989120483398,7328
0.06622695922851562,7327
0.0664377212524414,7326
0.0665128231048584,7325
0.06717681884765625,7324
0.06736993789672852,7323
0.06743502616882324,7322
0.06764578819274902,7321
0.06808090209960938,7320
0.0681447982788086,7319
0.06832003593444824,7318
0.06840181350708008,7317
0.06860589981079102,7316
0.06926584243774414,7315
0.06930685043334961,7314
0.06997084617614746,7313
0.07015490531921387,7312
0.07033395767211914,7311
0.07043576240539551,7310
0.07058191299438477,7309
0.07061600685119629,7308
0.07075977325439453,7307
0.07085275650024414,7306
0.07094287872314453,7305
0.0711517333984375,7304
0.07126879692077637,7303
0.071502685546875,7302
0.07165884971618652,7301
0.07175874710083008,7300
0.07282400131225586,7299
0.07390213012695312,7298
0.07423210144042969,7297
0.07435083389282227,7296
0.07464075088500977,7295
0.07469797134399414,7294
0.0748438835144043,7293
0.07507205009460449,7292
0.07528805732727051,7291
0.07556772232055664,7290
0.07583785057067871,7289
0.07747793197631836,7288
0.07827568054199219,7287
0.07844305038452148,7286
0.07869100570678711,7285
0.07878780364990234,7284
0.07896184921264648,7283
0.07913899421691895,7282
0.07939672470092773,7281
0.08005094528198242,7280
0.0801699161529541,7279
0.08023190498352051,7278
0.08034896850585938,7277
0.0804758071899414,7276
0.08058595657348633,7275
0.08121275901794434,7274
0.08130502700805664,7273
0.08146786689758301,7272
0.08156895637512207,7271
0.0820469856262207,7270
0.08223104476928711,7269
0.0824120044708252,7268
0.08266282081604004,7267
0.0833899974822998,7266
0.08349394798278809,7265
0.08375692367553711,7264
0.08389496803283691,7263
0.08394479751586914,7262
0.08404994010925293,7261
0.08410787582397461,7260
0.08428168296813965,7259
0.08438301086425781,7258
0.08456802368164062,7257
0.08465981483459473,7256
0.08487606048583984,7255
0.08504605293273926,7254
0.08521890640258789,7253
0.0853888988494873,7252
0.08553290367126465,7251
0.08565878868103027,7250
0.08580780029296875,7249
0.08601903915405273,7248
0.0861968994140625,7247
0.08630490303039551,7246
0.08634591102600098,7245
0.08639287948608398,7244
0.08644676208496094,7243
0.08649802207946777,7242
0.0866549015045166,7241
0.08673095703125,7240
0.08692789077758789,7239
0.08725881576538086,7238
0.08730077743530273,7237
0.08744382858276367,7236
0.08757495880126953,7235
0.08768486976623535,7234
0.08788204193115234,7233
0.08805680274963379,7232
0.0891408920288086,7231
0.08923888206481934,7230
0.08929991722106934,7229
0.0894629955291748,7228
0.08959007263183594,7227
0.08969378471374512,7226
0.08974194526672363,7225
0.08986282348632812,7224
0.08999800682067871,7223
0.09009408950805664,7222
0.09072089195251465,7221
0.09140396118164062,7220
0.09147477149963379,7219
0.09160590171813965,7218
0.0917057991027832,7217
0.09187984466552734,7216
0.09196996688842773,7215
0.09208083152770996,7214
0.09223198890686035,7213
0.0923318862915039,7212
0.09275579452514648,7211
0.09307289123535156,7210
0.09360480308532715,7209
0.09385895729064941,7208
0.09394407272338867,7207
0.09409570693969727,7206
0.09419703483581543,7205
0.09502577781677246,7204
0.0952749252319336,7203
0.09649467468261719,7202
0.09662199020385742,7201
0.09674191474914551,7200
0.09685778617858887,7199
0.09859395027160645,7198
0.09869790077209473,7197
0.0988318920135498,7196
0.09918475151062012,7195
0.09924197196960449,7194
0.0994417667388916,7193
0.09995579719543457,7192
0.10046887397766113,7191
0.10071396827697754,7190
0.10082411766052246,7189
0.10211396217346191,7188
0.10214495658874512,7187
0.1022789478302002,7186
0.10284686088562012,7185
0.10323095321655273,7184
0.10364890098571777,7183
0.10381269454956055,7182
0.1039128303527832,7181
0.1041569709777832,7180
0.10426688194274902,7179
0.10491490364074707,7178
0.10496783256530762,7177
0.10743093490600586,7176
0.10755205154418945,7175
0.10764384269714355,7174
0.10794496536254883,7173
0.1081850528717041,7172
0.10836982727050781,7171
0.10885882377624512,7170
0.10902786254882812,7169
0.10917401313781738,7168
0.10928201675415039,7167
0.10952401161193848,7166
0.11024594306945801,7165
0.11043286323547363,7164
0.11087799072265625,7163
0.11095595359802246,7162
0.11119484901428223,7161
0.11122894287109375,7160
0.11135482788085938,7159
0.11148691177368164,7158
0.11165380477905273,7157
0.11186575889587402,7156
0.11230993270874023,7155
0.11246681213378906,7154
0.11262106895446777,7153
0.11359286308288574,7152
0.1136319637298584,7151
0.11414694786071777,7150
0.11485171318054199,7149
0.1160268783569336,7148
0.11609077453613281,7147
0.11619877815246582,7146
0.11626172065734863,7145
0.11744093894958496,7144
0.11774587631225586,7143
0.11794471740722656,7142
0.11800074577331543,7141
0.11900591850280762,7140
0.12059593200683594,7139
0.1206667423248291,7138
0.12073183059692383,7137
0.12085509300231934,7136
0.12116789817810059,7135
0.12124800682067871,7134
0.12133502960205078,7133
0.12159109115600586,7132
0.12168502807617188,7131
0.12226200103759766,7130
0.12291502952575684,7129
0.12299895286560059,7128
0.12341189384460449,7127
0.12353992462158203,7126
0.12369298934936523,7125
0.12384581565856934,7124
0.12392497062683105,7123
0.12402105331420898,7122
0.12415194511413574,7121
0.12455081939697266,7120
0.12500667572021484,7119
0.12512588500976562,7118
0.1252129077911377,7117
0.12575984001159668,7116
0.12625408172607422,7115
0.12638092041015625,7114
0.12652993202209473,7113
0.12665176391601562,7112
0.12673091888427734,7111
0.12688589096069336,7110
0.12706494331359863,7109
0.12746191024780273,7108
0.1278090476989746,7107
0.12795805931091309,7106
0.12801885604858398,7105
0.12821507453918457,7104
0.1283888816833496,7103
0.1288928985595703,7102
0.1290297508239746,7101
0.12952280044555664,7100
0.1301429271697998,7099
0.13056588172912598,7098
0.1306438446044922,7097
0.1307828426361084,7096
0.130903959274292,7095
0.13104987144470215,7094
0.13123393058776855,7093
0.13127589225769043,7092
0.13148999214172363,7091
0.13154292106628418,7090
0.13217997550964355,7089
0.13237881660461426,7088
0.13251996040344238,7087
0.13263297080993652,7086
0.13332295417785645,7085
0.1336057186126709,7084
0.13371896743774414,7083
0.13393092155456543,7082
0.1340799331665039,7081
0.13512897491455078,7080
0.13595080375671387,7079
0.13600778579711914,7078
0.13644003868103027,7077
0.13692283630371094,7076
0.13707280158996582,7075
0.13719701766967773,7074
0.13727688789367676,7073
0.13743209838867188,7072
0.13766694068908691,7071
0.13773894309997559,7070
0.13860297203063965,7069
0.13870596885681152,7068
0.13884782791137695,7067
0.13904881477355957,7066
0.13915801048278809,7065
0.13926291465759277,7064
0.1393578052520752,7063
0.13980388641357422,7062
0.13988876342773438,7061
0.14006495475769043,7060
0.1401839256286621,7059
0.14040184020996094,7058
0.14172697067260742,7057
0.1418590545654297,7056
0.14193487167358398,7055
0.14200973510742188,7054
0.1420726776123047,7053
0.1428060531616211,7052
0.14287590980529785,7051
0.1430368423461914,7050
0.14393186569213867,7049
0.14442801475524902,7048
0.14447689056396484,7047
0.14462995529174805,7046
0.14492273330688477,7045
0.14495587348937988,7044
0.14506173133850098,7043
0.14568495750427246,7042
0.1457369327545166,7041
0.14586496353149414,7040
0.14595675468444824,7039
0.1460578441619873,7038
0.14620375633239746,7037
0.14625191688537598,7036
0.146622896194458,7035
0.14670276641845703,7034
0.14677691459655762,7033
0.14809799194335938,7032
0.14827489852905273,7031
0.14841985702514648,7030
0.14853787422180176,7029
0.14864778518676758,7028
0.14876174926757812,7027
0.14907002449035645,7026
0.14916491508483887,7025
0.1493687629699707,7024
0.14957189559936523,7023
0.14968299865722656,7022
0.14998769760131836,7021
0.150177001953125,7020
0.15028095245361328,7019
0.1504659652709961,7018
0.15062594413757324,7017
0.15065693855285645,7016
0.15105295181274414,7015
0.15184783935546875,7014
0.15525388717651367,7013
0.15530705451965332,7012
0.15588092803955078,7011
0.1559748649597168,7010
0.15767502784729004,7009
0.1579279899597168,7008
0.15804481506347656,7007
0.15819907188415527,7006
0.15827393531799316,7005
0.15835285186767578,7004
0.15851902961730957,7003
0.158797025680542,7002
0.15890097618103027,7001
0.15892982482910156,7000
0.15956401824951172,6999
0.15970396995544434,6998
0.16030097007751465,6997
0.16045284271240234,6996
0.16072392463684082,6995
0.16087794303894043,6994
0.16097092628479004,6993
0.16109275817871094,6992
0.16118597984313965,6991
0.16139698028564453,6990
0.16153979301452637,6989
0.1633148193359375,6988
0.16352581977844238,6987
0.1639108657836914,6986
0.16402888298034668,6985
0.16414213180541992,6984
0.16433095932006836,6983
0.16441798210144043,6982
0.16454386711120605,6981
0.16502594947814941,6980
0.16512370109558105,6979
0.16756892204284668,6978
0.1685638427734375,6977
0.16863203048706055,6976
0.1690828800201416,6975
0.1691887378692627,6974
0.1697089672088623,6973
0.16988682746887207,6972
0.1703028678894043,6971
0.1706829071044922,6970
0.1707897186279297,6969
0.17085480690002441,6968
0.17095494270324707,6967
0.1710667610168457,6966
0.17118000984191895,6965
0.17155981063842773,6964
0.17248988151550293,6963
0.1736288070678711,6962
0.17377090454101562,6961
0.17397785186767578,6960
0.17456984519958496,6959
0.17464804649353027,6958
0.17574787139892578,6957
0.1769578456878662,6956
0.17761683464050293,6955
0.17800092697143555,6954
0.17813396453857422,6953
0.17886900901794434,6952
0.17952203750610352,6951
0.17974185943603516,6950
0.17988300323486328,6949
0.18033695220947266,6948
0.18044686317443848,6947
0.18091702461242676,6946
0.180985689163208,6945
0.1847999095916748,6944
0.18503499031066895,6943
0.1851358413696289,6942
0.18526887893676758,6941
0.1863398551940918,6940
0.1865217685699463,6939
0.18659496307373047,6938
0.18666696548461914,6937
0.1867377758026123,6936
0.18679285049438477,6935
0.18688297271728516,6934
0.18707776069641113,6933
0.18769407272338867,6932
0.18784189224243164,6931
0.18793892860412598,6930
0.18802690505981445,6929
0.18810486793518066,6928
0.18823885917663574,6927
0.18830585479736328,6926
0.18842172622680664,6925
0.18863797187805176,6924
0.18906903266906738,6923
0.18915581703186035,6922
0.1892406940460205,6921
0.1893928050994873,6920
0.18945693969726562,6919
0.1902756690979004,6918
0.19106578826904297,6917
0.19665884971618652,6916
0.19780182838439941,6915
0.1985929012298584,6914
0.20171189308166504,6913
0.2017819881439209,6912
0.2019367218017578,6911
0.20284008979797363,6910
0.20293283462524414,6909
0.20654988288879395,6908
0.20705199241638184,6907
0.20720195770263672,6906
0.20730090141296387,6905
0.20745396614074707,6904
0.2077040672302246,6903
0.20781803131103516,6902
0.2080230712890625,6901
0.20845699310302734,6900
0.20856380462646484,6899
0.20880389213562012,6898
0.20890498161315918,6897
0.2090919017791748,6896
0.20915508270263672,6895
0.2092118263244629,6894
0.21122288703918457,6893
0.21212172508239746,6892
0.21249103546142578,6891
0.21296310424804688,6890
0.21307897567749023,6889
0.21518206596374512,6888
0.21526694297790527,6887
0.2158219814300537,6886
0.21590590476989746,6885
0.21733880043029785,6884
0.21744894981384277,6883
0.21752190589904785,6882
0.21765398979187012,6881
0.22046899795532227,6880
0.2206587791442871,6879
0.22081303596496582,6878
0.22099590301513672,6877
0.22132182121276855,6876
0.22216391563415527,6875
0.22227191925048828,6874
0.22239375114440918,6873
0.22251009941101074,6872
0.22334003448486328,6871
0.2234938144683838,6870
0.22353792190551758,6869
0.22378182411193848,6868
0.22388792037963867,6867
0.22401690483093262,6866
0.22495198249816895,6865
0.22647595405578613,6864
0.2266829013824463,6863
0.22684788703918457,6862
0.22714996337890625,6861
0.22724080085754395,6860
0.22767090797424316,6859
0.22780895233154297,6858
0.22890686988830566,6857
0.2302079200744629,6856
0.23040199279785156,6855
0.23057293891906738,6854
0.23082399368286133,6853
0.23094391822814941,6852
0.23112177848815918,6851
0.23119211196899414,6850
0.23127293586730957,6849
0.23221302032470703,6848
0.2329099178314209,6847
0.23348188400268555,6846
0.2339329719543457,6845
0.23463177680969238,6844
0.23493099212646484,6843
0.23575711250305176,6842
0.23588085174560547,6841
0.23607802391052246,6840
0.23644375801086426,6839
0.23652100563049316,6838
0.23690295219421387,6837
0.23793888092041016,6836
0.23846769332885742,6835
0.23851394653320312,6834
0.2385408878326416,6833
0.23868894577026367,6832
0.23877596855163574,6831
0.2390899658203125,6830
0.23964190483093262,6829
0.2397928237915039,6828
0.2402658462524414,6827
0.24043893814086914,6826
0.24057912826538086,6825
0.2406167984008789,6824
0.24129390716552734,6823
0.24187397956848145,6822
0.2419877052307129,6821
0.24264979362487793,6820
0.24292778968811035,6819
0.243818998336792,6818
0.24481678009033203,6817
0.2456676959991455,6816
0.24647188186645508,6815
0.24656295776367188,6814
0.24690985679626465,6813
0.24733781814575195,6812
0.2475147247314453,6811
0.24763178825378418,6810
0.24776983261108398,6809
0.24783897399902344,6808
0.24793791770935059,6807
0.24817490577697754,6806
0.2483367919921875,6805
0.24992990493774414,6804
0.2502918243408203,6803
0.25037288665771484,6802
0.25064969062805176,6801
0.2510669231414795,6800
0.25119900703430176,6799
0.251323938369751,6798
0.2514517307281494,6797
0.25153088569641113,6796
0.251737117767334,6795
0.2518126964569092,6794
0.25231003761291504,6793
0.2525289058685303,6792
0.2526278495788574,6791
0.25375890731811523,6790
0.253936767578125,6789
0.2540018558502197,6788
0.2542688846588135,6787
0.254443883895874,6786
0.25532102584838867,6785
0.2568037509918213,6784
0.25685977935791016,6783
0.2570459842681885,6782
0.2571568489074707,6781
0.2572307586669922,6780
0.25734496116638184,6779
0.2603340148925781,6778
0.26047492027282715,6777
0.26140785217285156,6776
0.2615029811859131,6775
0.2616748809814453,6774
0.26183080673217773,6773
0.2623429298400879,6772
0.2626078128814697,6771
0.2629067897796631,6770
0.2630128860473633,6769
0.26314496994018555,6768
0.26378893852233887,6767
0.2638587951660156,6766
0.26419496536254883,6765
0.2646908760070801,6764
0.2648141384124756,6763
0.2656369209289551,6762
0.2659468650817871,6761
0.26616692543029785,6760
0.266603946685791,6759
0.26723289489746094,6758
0.2675168514251709,6757
0.26771998405456543,6756
0.2681427001953125,6755
0.2702000141143799,6754
0.27127981185913086,6753
0.271622896194458,6752
0.2720770835876465,6751
0.2721531391143799,6750
0.27226805686950684,6749
0.2727019786834717,6748
0.27282094955444336,6747
0.2729778289794922,6746
0.2733907699584961,6745
0.2741260528564453,6744
0.27426886558532715,6743
0.2746460437774658,6742
0.2750859260559082,6741
0.2751307487487793,6740
0.27535581588745117,6739
0.2754538059234619,6738
0.2757151126861572,6737
0.2765848636627197,6736
0.27753591537475586,6735
0.2776188850402832,6734
0.27772998809814453,6733
0.2778129577636719,6732
0.2779698371887207,6731
0.27805495262145996,6730
0.27825474739074707,6729
0.2783668041229248,6728
0.27845096588134766,6727
0.27859997749328613,6726
0.2802598476409912,6725
0.28038978576660156,6724
0.2805318832397461,6723
0.2806558609008789,6722
0.2807929515838623,6721
0.280972957611084,6720
0.2810988426208496,6719
0.28237104415893555,6718
0.28296399116516113,6717
0.2837488651275635,6716
0.283923864364624,6715
0.28431105613708496,6714
0.28453683853149414,6713
0.286287784576416,6712
0.2864110469818115,6711
0.28648900985717773,6710
0.286639928817749,6709
0.28671884536743164,6708
0.2873249053955078,6707
0.28757286071777344,6706
0.28788304328918457,6705
0.28850674629211426,6704
0.28858184814453125,6703
0.2886228561401367,6702
0.2888948917388916,6701
0.28968381881713867,6700
0.2899467945098877,6699
0.2900259494781494,6698
0.2917439937591553,6697
0.2919197082519531,6696
0.29202985763549805,6695
0.2922208309173584,6694
0.2924017906188965,6693
0.29323387145996094,6692
0.2933478355407715,6691
0.29342103004455566,6690
0.2937798500061035,6689
0.2939028739929199,6688
0.2951538562774658,6687
0.29566383361816406,6686
0.29602980613708496,6685
0.29646897315979004,6684
0.29822373390197754,6683
0.2987678050994873,6682
0.29883599281311035,6681
0.29894399642944336,6680
0.3002901077270508,6679
0.3004930019378662,6678
0.3006279468536377,6677
0.30066585540771484,6676
0.30073976516723633,6675
0.30092287063598633,6674
0.3010287284851074,6673
0.30109095573425293,6672
0.301224946975708,6671
0.30132603645324707,6670
0.301440954208374,6669
0.3019907474517822,6668
0.30202603340148926,6667
0.3021969795227051,6666
0.30225396156311035,6665
0.30279970169067383,6664
0.3040897846221924,6663
0.3047029972076416,6662
0.30521082878112793,6661
0.30676889419555664,6660
0.3068528175354004,6659
0.3090498447418213,6658
0.30953383445739746,6657
0.31008195877075195,6656
0.3108229637145996,6655
0.31143689155578613,6654
0.3114900588989258,6653
0.31159186363220215,6652
0.31290698051452637,6651
0.3134908676147461,6650
0.31363391876220703,6649
0.3137247562408447,6648
0.31383490562438965,6647
0.3149230480194092,6646
0.31540489196777344,6645
0.315479040145874,6644
0.3155667781829834,6643
0.3156259059906006,6642
0.3156559467315674,6641
0.3157808780670166,6640
0.3160688877105713,6639
0.31620287895202637,6638
0.3163599967956543,6637
0.31685781478881836,6636
0.3174779415130615,6635
0.31760692596435547,6634
0.31806492805480957,6633
0.3185091018676758,6632
0.3186171054840088,6631
0.31865596771240234,6630
0.31880974769592285,6629
0.31886887550354004,6628
0.3190028667449951,6627
0.31923675537109375,6626
0.3203558921813965,6625
0.3205890655517578,6624
0.32083582878112793,6623
0.3228180408477783,6622
0.3235599994659424,6621
0.32486701011657715,6620
0.32503485679626465,6619
0.32515978813171387,6618
0.3252878189086914,6617
0.3253488540649414,6616
0.32561683654785156,6615
0.325908899307251,6614
0.3266119956970215,6613
0.3267698287963867,6612
0.32778286933898926,6611
0.3280189037322998,6610
0.3290858268737793,6609
0.3292539119720459,6608
0.33052492141723633,6607
0.3307759761810303,6606
0.33087778091430664,6605
0.33103203773498535,6604
0.3314387798309326,6603
0.33321499824523926,6602
0.33327293395996094,6601
0.333345890045166,6600
0.33423686027526855,6599
0.3343069553375244,6598
0.33440589904785156,6597
0.3344697952270508,6596
0.3345909118652344,6595
0.3346900939941406,6594
0.3347477912902832,6593
0.33524298667907715,6592
0.33575868606567383,6591
0.3360629081726074,6590
0.3361327648162842,6589
0.3372359275817871,6588
0.3374059200286865,6587
0.3375098705291748,6586
0.33808374404907227,6585
0.34049487113952637,6584
0.34058380126953125,6583
0.3407297134399414,6582
0.3421339988708496,6581
0.3445549011230469,6580
0.3446540832519531,6579
0.3462977409362793,6578
0.34641480445861816,6577
0.34653592109680176,6576
0.3468348979949951,6575
0.34697604179382324,6574
0.34702277183532715,6573
0.3471107482910156,6572
0.3472578525543213,6571
0.3472938537597656,6570
0.34737682342529297,6569
0.3475348949432373,6568
0.34763479232788086,6567
0.3493797779083252,6566
0.3494720458984375,6565
0.3500368595123291,6564
0.35188889503479004,6563
0.3550839424133301,6562
0.3551506996154785,6561
0.3554818630218506,6560
0.3555777072906494,6559
0.35562896728515625,6558
0.3560009002685547,6557
0.3561069965362549,6556
0.3566579818725586,6555
0.35672593116760254,6554
0.3579368591308594,6553
0.3579878807067871,6552
0.3584868907928467,6551
0.35860490798950195,6550
0.35911989212036133,6549
0.359691858291626,6548
0.360123872756958,6547
0.36022496223449707,6546
0.3603549003601074,6545
0.3609158992767334,6544
0.3609910011291504,6543
0.36106395721435547,6542
0.3612048625946045,6541
0.3616960048675537,6540
0.36182093620300293,6539
0.3636758327484131,6538
0.3639559745788574,6537
0.3644568920135498,6536
0.3645167350769043,6535
0.3646209239959717,6534
0.3657107353210449,6533
0.3658308982849121,6532
0.36610984802246094,6531
0.3663187026977539,6530
0.36642885208129883,6529
0.3665328025817871,6528
0.3666849136352539,6527
0.36673474311828613,6526
0.36684584617614746,6525
0.3669569492340088,6524
0.3670649528503418,6523
0.3672008514404297,6522
0.3673858642578125,6521
0.3681049346923828,6520
0.3682849407196045,6519
0.368649959564209,6518
0.36869096755981445,6517
0.36931586265563965,6516
0.372708797454834,6515
0.3734300136566162,6514
0.3735618591308594,6513
0.37563395500183105,6512
0.3757438659667969,6511
0.37581372261047363,6510
0.3759169578552246,6509
0.3764338493347168,6508
0.3765130043029785,6507
0.3768799304962158,6506
0.37708067893981934,6505
0.37894773483276367,6504
0.3789999485015869,6503
0.379148006439209,6502
0.3791968822479248,6501
0.37932896614074707,6500
0.3794288635253906,6499
0.38053083419799805,6498
0.38089966773986816,6497
0.3809547424316406,6496
0.38167810440063477,6495
0.3821430206298828,6494
0.3823049068450928,6493
0.3823978900909424,6492
0.382490873336792,6491
0.3837008476257324,6490
0.38376402854919434,6489
0.38388872146606445,6488
0.3844599723815918,6487
0.3855118751525879,6486
0.38559484481811523,6485
0.3861727714538574,6484
0.38623690605163574,6483
0.3871307373046875,6482
0.3872518539428711,6481
0.3879060745239258,6480
0.3886408805847168,6479
0.38881897926330566,6478
0.3893108367919922,6477
0.38951992988586426,6476
0.38962888717651367,6475
0.38980770111083984,6474
0.3899660110473633,6473
0.3900887966156006,6472
0.3902127742767334,6471
0.3902878761291504,6470
0.39035701751708984,6469
0.39046788215637207,6468
0.3906679153442383,6467
0.3925497531890869,6466
0.3932769298553467,6465
0.39344000816345215,6464
0.3936498165130615,6463
0.39460301399230957,6462
0.39467787742614746,6461
0.3947639465332031,6460
0.3948500156402588,6459
0.39497971534729004,6458
0.3952031135559082,6457
0.3958859443664551,6456
0.39653491973876953,6455
0.3974578380584717,6454
0.3975989818572998,6453
0.40018582344055176,6452
0.40112781524658203,6451
0.4013087749481201,6450
0.40142393112182617,6449
0.4014918804168701,6448
0.40164613723754883,6447
0.4022409915924072,6446
0.4025909900665283,6445
0.40415382385253906,6444
0.40427684783935547,6443
0.4054300785064697,6442
0.4059300422668457,6441
0.406080961227417,6440
0.4064459800720215,6439
0.40662384033203125,6438
0.40670108795166016,6437
0.40741872787475586,6436
0.4078788757324219,6435
0.4079749584197998,6434
0.408153772354126,6433
0.4099609851837158,6432
0.41001081466674805,6431
0.4101259708404541,6430
0.4102489948272705,6429
0.41488003730773926,6428
0.41540980339050293,6427
0.4154369831085205,6426
0.41689276695251465,6425
0.41707801818847656,6424
0.4172658920288086,6423
0.4173738956451416,6422
0.41875505447387695,6421
0.42093586921691895,6420
0.42104601860046387,6419
0.4211878776550293,6418
0.4226398468017578,6417
0.42285990715026855,6416
0.42292284965515137,6415
0.4230048656463623,6414
0.4248979091644287,6413
0.42499876022338867,6412
0.4250779151916504,6411
0.4251110553741455,6410
0.4257538318634033,6409
0.4268758296966553,6408
0.42693305015563965,6407
0.4270510673522949,6406
0.4273679256439209,6405
0.4274628162384033,6404
0.4276289939880371,6403
0.4277307987213135,6402
0.4279308319091797,6401
0.42815685272216797,6400
0.42877888679504395,6399
0.42890381813049316,6398
0.42951083183288574,6397
0.4304687976837158,6396
0.43094491958618164,6395
0.43106889724731445,6394
0.4320199489593506,6393
0.4321300983428955,6392
0.4335610866546631,6391
0.43364977836608887,6390
0.43370604515075684,6389
0.4351780414581299,6388
0.43539977073669434,6387
0.43567585945129395,6386
0.43589091300964355,6385
0.4362607002258301,6384
0.4369490146636963,6383
0.43706488609313965,6382
0.4371488094329834,6381
0.4372737407684326,6380
0.43735194206237793,6379
0.44385790824890137,6378
0.4439380168914795,6377
0.4448549747467041,6376
0.44596290588378906,6375
0.44675183296203613,6374
0.4473538398742676,6373
0.4474918842315674,6372
0.44880104064941406,6371
0.44967079162597656,6370
0.4498159885406494,6369
0.4498708248138428,6368
0.4499938488006592,6367
0.45023584365844727,6366
0.4503500461578369,6365
0.4516019821166992,6364
0.4519929885864258,6363
0.45211005210876465,6362
0.4530959129333496,6361
0.45374393463134766,6360
0.45421385765075684,6359
0.4546947479248047,6358
0.456866979598999,6357
0.45697784423828125,6356
0.4570937156677246,6355
0.4615669250488281,6354
0.4617128372192383,6353
0.46181774139404297,6352
0.4619309902191162,6351
0.46236109733581543,6350
0.46248388290405273,6349
0.46285104751586914,6348
0.463284969329834,6347
0.46420979499816895,6346
0.46423792839050293,6345
0.464357852935791,6344
0.46445679664611816,6343
0.465587854385376,6342
0.46589183807373047,6341
0.47023797035217285,6340
0.47038888931274414,6339
0.4704439640045166,6338
0.4705169200897217,6337
0.47057294845581055,6336
0.47135472297668457,6335
0.47144174575805664,6334
0.47149181365966797,6333
0.4716169834136963,6332
0.4726541042327881,6331
0.4728069305419922,6330
0.47295093536376953,6329
0.47312474250793457,6328
0.47318506240844727,6327
0.47332191467285156,6326
0.47340893745422363,6325
0.4735279083251953,6324
0.47358202934265137,6323
0.4738929271697998,6322
0.47444605827331543,6321
0.47537684440612793,6320
0.47550201416015625,6319
0.47788190841674805,6318
0.478057861328125,6317
0.4781780242919922,6316
0.478212833404541,6315
0.4782547950744629,6314
0.4788169860839844,6313
0.47891879081726074,6312
0.4790158271789551,6311
0.4794278144836426,6310
0.4821329116821289,6309
0.48320794105529785,6308
0.4838838577270508,6307
0.48522496223449707,6306
0.4857017993927002,6305
0.48674774169921875,6304
0.4869089126586914,6303
0.4871389865875244,6302
0.48760175704956055,6301
0.4877278804779053,6300
0.48793983459472656,6299
0.4882700443267822,6298
0.4883430004119873,6297
0.48844480514526367,6296
0.4886128902435303,6295
0.4887847900390625,6294
0.4888570308685303,6293
0.4890139102935791,6292
0.489163875579834,6291
0.4893648624420166,6290
0.49039196968078613,6289
0.490541934967041,6288
0.49134206771850586,6287
0.49309802055358887,6286
0.49379897117614746,6285
0.4938619136810303,6284
0.49425673484802246,6283
0.49558281898498535,6282
0.4956479072570801,6281
0.49609804153442383,6280
0.4961531162261963,6279
0.49619102478027344,6278
0.4966409206390381,6277
0.49793195724487305,6276
0.49871373176574707,6275
0.4989488124847412,6274
0.49901580810546875,6273
0.4991600513458252,6272
0.5002548694610596,6271
0.5014326572418213,6270
0.5023539066314697,6269
0.5026419162750244,6268
0.5027649402618408,6267
0.5028600692749023,6266
0.5030219554901123,6265
0.5030930042266846,6264
0.5046749114990234,6263
0.5048549175262451,6262
0.5055098533630371,6261
0.5060627460479736,6260
0.5061509609222412,6259
0.5071077346801758,6258
0.507206916809082,6257
0.5072939395904541,6256
0.5077807903289795,6255
0.507868766784668,6254
0.5080759525299072,6253
0.5082249641418457,6252
0.5097527503967285,6251
0.5102200508117676,6250
0.5105748176574707,6249
0.5114617347717285,6248
0.511883020401001,6247
0.5119998455047607,6246
0.5129058361053467,6245
0.5130999088287354,6244
0.5131568908691406,6243
0.5131888389587402,6242
0.5136599540710449,6241
0.5137648582458496,6240
0.5142409801483154,6239
0.514739990234375,6238
0.5162808895111084,6237
0.516751766204834,6236
0.5168991088867188,6235
0.5174410343170166,6234
0.5179398059844971,6233
0.5191590785980225,6232
0.5192539691925049,6231
0.5192928314208984,6230
0.5193758010864258,6229
0.5194380283355713,6228
0.5195169448852539,6227
0.5198330879211426,6226
0.5198976993560791,6225
0.5199637413024902,6224
0.5200479030609131,6223
0.5213377475738525,6222
0.5221350193023682,6221
0.5227859020233154,6220
0.5232748985290527,6219
0.5233249664306641,6218
0.5234189033508301,6217
0.5236258506774902,6216
0.523766040802002,6215
0.5272748470306396,6214
0.5285680294036865,6213
0.5298810005187988,6212
0.5311408042907715,6211
0.5329258441925049,6210
0.538524866104126,6209
0.5389528274536133,6208
0.5390069484710693,6207
0.5401201248168945,6206
0.5406529903411865,6205
0.5409610271453857,6204
0.5416669845581055,6203
0.5418128967285156,6202
0.5420079231262207,6201
0.5430529117584229,6200
0.5431468486785889,6199
0.5454027652740479,6198
0.5476658344268799,6197
0.5477378368377686,6196
0.5478219985961914,6195
0.5479097366333008,6194
0.5481538772583008,6193
0.5495328903198242,6192
0.5496220588684082,6191
0.5502679347991943,6190
0.5503828525543213,6189
0.5516479015350342,6188
0.5518777370452881,6187
0.5519716739654541,6186
0.5520000457763672,6185
0.5524518489837646,6184
0.5525140762329102,6183
0.5525617599487305,6182
0.5526797771453857,6181
0.5531518459320068,6180
0.5532159805297852,6179
0.5532679557800293,6178
0.5533738136291504,6177
0.5546269416809082,6176
0.5567927360534668,6175
0.5573129653930664,6174
0.557452917098999,6173
0.5575008392333984,6172
0.5590758323669434,6171
0.55924391746521,6170
0.559412956237793,6169
0.5595529079437256,6168
0.5597140789031982,6167
0.5602078437805176,6166
0.5631728172302246,6165
0.5668888092041016,6164
0.5701868534088135,6163
0.570307731628418,6162
0.570410966873169,6161
0.5705268383026123,6160
0.5706138610839844,6159
0.570767879486084,6158
0.5715310573577881,6157
0.5716249942779541,6156
0.5721468925476074,6155
0.5723919868469238,6154
0.5724270343780518,6153
0.5725150108337402,6152
0.5728969573974609,6151
0.5732779502868652,6150
0.573394775390625,6149
0.5742928981781006,6148
0.5744178295135498,6147
0.5780038833618164,6146
0.5798280239105225,6145
0.5816409587860107,6144
0.5819649696350098,6143
0.5830168724060059,6142
0.5831878185272217,6141
0.5837287902832031,6140
0.584263801574707,6139
0.5843257904052734,6138
0.5845460891723633,6137
0.5858628749847412,6136
0.5869927406311035,6135
0.5873510837554932,6134
0.5883557796478271,6133
0.5884227752685547,6132
0.5884909629821777,6131
0.588615894317627,6130
0.5886557102203369,6129
0.5887107849121094,6128
0.5888829231262207,6127
0.5893869400024414,6126
0.5897748470306396,6125
0.5906040668487549,6124
0.5917837619781494,6123
0.5918788909912109,6122
0.5919628143310547,6121
0.5923540592193604,6120
0.5928468704223633,6119
0.5960979461669922,6118
0.5968010425567627,6117
0.5974447727203369,6116
0.5975749492645264,6115
0.5977299213409424,6114
0.5988328456878662,6113
0.6004378795623779,6112
0.6008560657501221,6111
0.6011378765106201,6110
0.6013009548187256,6109
0.6021177768707275,6108
0.6022200584411621,6107
0.6034917831420898,6106
0.6035468578338623,6105
0.6038839817047119,6104
0.6039938926696777,6103
0.6040709018707275,6102
0.605339765548706,6101
0.6053917407989502,6100
0.6069607734680176,6099
0.6070618629455566,6098
0.6080148220062256,6097
0.6091508865356445,6096
0.6115729808807373,6095
0.6126329898834229,6094
0.6127281188964844,6093
0.6128139495849609,6092
0.6141197681427002,6091
0.6152698993682861,6090
0.6154289245605469,6089
0.6155309677124023,6088
0.618859052658081,6087
0.6195089817047119,6086
0.6196160316467285,6085
0.6203289031982422,6084
0.6230289936065674,6083
0.6242339611053467,6082
0.6243588924407959,6081
0.6246850490570068,6080
0.6247930526733398,6079
0.6253807544708252,6078
0.6255338191986084,6077
0.6272749900817871,6076
0.6277370452880859,6075
0.628105878829956,6074
0.6282107830047607,6073
0.6282558441162109,6072
0.6285529136657715,6071
0.6289689540863037,6070
0.6291248798370361,6069
0.6309487819671631,6068
0.6319286823272705,6067
0.6320409774780273,6066
0.6347708702087402,6065
0.6357359886169434,6064
0.6358489990234375,6063
0.6395390033721924,6062
0.6406619548797607,6061
0.6407618522644043,6060
0.6421198844909668,6059
0.6423888206481934,6058
0.6425929069519043,6057
0.6429367065429688,6056
0.6430058479309082,6055
0.6442360877990723,6054
0.6442999839782715,6053
0.6453750133514404,6052
0.6470539569854736,6051
0.6471738815307617,6050
0.6490209102630615,6049
0.6491668224334717,6048
0.6499567031860352,6047
0.6500649452209473,6046
0.6504597663879395,6045
0.6516208648681641,6044
0.6517219543457031,6043
0.6533408164978027,6042
0.6541650295257568,6041
0.6551527976989746,6040
0.6627027988433838,6039
0.6628909111022949,6038
0.6629438400268555,6037
0.6636207103729248,6036
0.6637158393859863,6035
0.6649289131164551,6034
0.6677377223968506,6033
0.667788028717041,6032
0.6683518886566162,6031
0.6685187816619873,6030
0.6686468124389648,6029
0.6701791286468506,6028
0.6711390018463135,6027
0.6712677478790283,6026
0.6723558902740479,6025
0.6727838516235352,6024
0.6728708744049072,6023
0.6731889247894287,6022
0.6732847690582275,6021
0.67340087890625,6020
0.6737799644470215,6019
0.6747689247131348,6018
0.6748819351196289,6017
0.6756160259246826,6016
0.6768310070037842,6015
0.6769039630889893,6014
0.6769757270812988,6013
0.6787760257720947,6012
0.6791129112243652,6011
0.6791739463806152,6010
0.6792469024658203,6009
0.6794497966766357,6008
0.6806111335754395,6007
0.6814029216766357,6006
0.6814436912536621,6005
0.6815519332885742,6004
0.6817038059234619,6003
0.6832067966461182,6002
0.6833488941192627,6001
0.6835660934448242,6000
0.6843068599700928,5999
0.6844017505645752,5998
0.6855618953704834,5997
0.6859750747680664,5996
0.6868150234222412,5995
0.6872198581695557,5994
0.6889410018920898,5993
0.6891288757324219,5992
0.6891777515411377,5991
0.6893157958984375,5990
0.690281867980957,5989
0.6903867721557617,5988
0.6904449462890625,5987
0.6930909156799316,5986
0.6935348510742188,5985
0.6935679912567139,5984
0.6941637992858887,5983
0.6942489147186279,5982
0.6950907707214355,5981
0.6952018737792969,5980
0.6953778266906738,5979
0.6962606906890869,5978
0.6969521045684814,5977
0.6971838474273682,5976
0.6973388195037842,5975
0.6974198818206787,5974
0.6975338459014893,5973
0.69765305519104,5972
0.6989266872406006,5971
0.6991949081420898,5970
0.7005729675292969,5969
0.7032418251037598,5968
0.7038767337799072,5967
0.7039828300476074,5966
0.704211950302124,5965
0.7043569087982178,5964
0.7095398902893066,5963
0.7104449272155762,5962
0.7183878421783447,5961
0.7184970378875732,5960
0.7187678813934326,5959
0.7192597389221191,5958
0.7198419570922852,5957
0.7216267585754395,5956
0.7250239849090576,5955
0.7256507873535156,5954
0.7270548343658447,5953
0.7290527820587158,5952
0.7291231155395508,5951
0.7291719913482666,5950
0.7300939559936523,5949
0.7305090427398682,5948
0.7306380271911621,5947
0.7307298183441162,5946
0.7319600582122803,5945
0.732759952545166,5944
0.7328140735626221,5943
0.7329249382019043,5942
0.7330379486083984,5941
0.7330670356750488,5940
0.7339010238647461,5939
0.7346386909484863,5938
0.739271879196167,5937
0.7393739223480225,5936
0.7415988445281982,5935
0.7416739463806152,5934
0.7417757511138916,5933
0.7443959712982178,5932
0.7445130348205566,5931
0.747452974319458,5930
0.7475509643554688,5929
0.7480230331420898,5928
0.7489378452301025,5927
0.7509009838104248,5926
0.7510199546813965,5925
0.7510778903961182,5924
0.7544839382171631,5923
0.7546370029449463,5922
0.755033016204834,5921
0.7551507949829102,5920
0.7554078102111816,5919
0.7557528018951416,5918
0.7562077045440674,5917
0.7563009262084961,5916
0.7564170360565186,5915
0.7565388679504395,5914
0.757807731628418,5913
0.7579348087310791,5912
0.7581119537353516,5911
0.7621707916259766,5910
0.7628529071807861,5909
0.7629120349884033,5908
0.7639508247375488,5907
0.7640440464019775,5906
0.7641987800598145,5905
0.7643787860870361,5904
0.7647888660430908,5903
0.7648568153381348,5902
0.7670037746429443,5901
0.7671298980712891,5900
0.7687759399414062,5899
0.7689211368560791,5898
0.7692549228668213,5897
0.7725298404693604,5896
0.7729768753051758,5895
0.7730350494384766,5894
0.7733378410339355,5893
0.7752618789672852,5892
0.7765798568725586,5891
0.7766988277435303,5890
0.7768571376800537,5889
0.778087854385376,5888
0.7785818576812744,5887
0.7786569595336914,5886
0.7797517776489258,5885
0.780113935470581,5884
0.7801949977874756,5883
0.7806940078735352,5882
0.7808067798614502,5881
0.7824709415435791,5880
0.7839348316192627,5879
0.7852227687835693,5878
0.7870998382568359,5877
0.787207841873169,5876
0.7873070240020752,5875
0.7874140739440918,5874
0.7878117561340332,5873
0.7878508567810059,5872
0.7885539531707764,5871
0.7898328304290771,5870
0.7908380031585693,5869
0.790928840637207,5868
0.7919297218322754,5867
0.7931168079376221,5866
0.7932019233703613,5865
0.7932238578796387,5864
0.7941770553588867,5863
0.7960240840911865,5862
0.796785831451416,5861
0.7991187572479248,5860
0.7998530864715576,5859
0.8001668453216553,5858
0.801016092300415,5857
0.8012819290161133,5856
0.8017358779907227,5855
0.8023459911346436,5854
0.8024468421936035,5853
0.8025527000427246,5852
0.8029608726501465,5851
0.8033459186553955,5850
0.8056330680847168,5849
0.8064219951629639,5848
0.8065531253814697,5847
0.8066596984863281,5846
0.8079617023468018,5845
0.8089499473571777,5844
0.8090219497680664,5843
0.8094420433044434,5842
0.8095169067382812,5841
0.8099708557128906,5840
0.8131718635559082,5839
0.8136367797851562,5838
0.8140621185302734,5837
0.8166899681091309,5836
0.8195269107818604,5835
0.8199789524078369,5834
0.8200109004974365,5833
0.8221738338470459,5832
0.8222248554229736,5831
0.8223268985748291,5830
0.8235177993774414,5829
0.8236358165740967,5828
0.8254408836364746,5827
0.83024001121521,5826
0.8306818008422852,5825
0.8307697772979736,5824
0.8321957588195801,5823
0.8334479331970215,5822
0.8342039585113525,5821
0.8343648910522461,5820
0.8345379829406738,5819
0.8346140384674072,5818
0.836615800857544,5817
0.8378188610076904,5816
0.8385767936706543,5815
0.8388469219207764,5814
0.8395898342132568,5813
0.8400108814239502,5812
0.8400628566741943,5811
0.8401720523834229,5810
0.8427019119262695,5809
0.8444747924804688,5808
0.8462798595428467,5807
0.8476929664611816,5806
0.8484969139099121,5805
0.8501870632171631,5804
0.8525869846343994,5803
0.8578059673309326,5802
0.8592240810394287,5801
0.860933780670166,5800
0.8610448837280273,5799
0.8621189594268799,5798
0.86397385597229,5797
0.864447832107544,5796
0.864483118057251,5795
0.8669040203094482,5794
0.8669917583465576,5793
0.8691508769989014,5792
0.8711600303649902,5791
0.8712670803070068,5790
0.872133731842041,5789
0.8730440139770508,5788
0.8739919662475586,5787
0.874086856842041,5786
0.8745310306549072,5785
0.87831711769104,5784
0.8788328170776367,5783
0.8789377212524414,5782
0.8793258666992188,5781
0.879417896270752,5780
0.8798971176147461,5779
0.880638837814331,5778
0.881051778793335,5777
0.8822708129882812,5776
0.8823459148406982,5775
0.8838510513305664,5774
0.8848328590393066,5773
0.8875787258148193,5772
0.8877308368682861,5771
0.8878147602081299,5770
0.8886618614196777,5769
0.889758825302124,5768
0.8908107280731201,5767
0.891014814376831,5766
0.8931229114532471,5765
0.8945698738098145,5764
0.8956398963928223,5763
0.8961179256439209,5762
0.8965518474578857,5761
0.8966047763824463,5760
0.8989689350128174,5759
0.900352954864502,5758
0.9003899097442627,5757
0.9012846946716309,5756
0.903223991394043,5755
0.9072577953338623,5754
0.9073667526245117,5753
0.907520055770874,5752
0.9076128005981445,5751
0.9097168445587158,5750
0.9112279415130615,5749
0.9113180637359619,5748
0.9116549491882324,5747
0.9128010272979736,5746
0.9130489826202393,5745
0.9134938716888428,5744
0.9197230339050293,5743
0.9202249050140381,5742
0.9221909046173096,5741
0.9222469329833984,5740
0.92576003074646,5739
0.9271459579467773,5738
0.927250862121582,5737
0.9273159503936768,5736
0.9286577701568604,5735
0.9287827014923096,5734
0.9331059455871582,5733
0.933297872543335,5732
0.9364407062530518,5731
0.9398179054260254,5730
0.9409348964691162,5729
0.9492988586425781,5728
0.9494447708129883,5727
0.9517319202423096,5726
0.9533078670501709,5725
0.953449010848999,5724
0.9535837173461914,5723
0.9537227153778076,5722
0.9538118839263916,5721
0.9545028209686279,5720
0.9547667503356934,5719
0.9556548595428467,5718
0.956549882888794,5717
0.958237886428833,5716
0.9637889862060547,5715
0.9639370441436768,5714
0.9639978408813477,5713
0.9640719890594482,5712
0.9646458625793457,5711
0.9669487476348877,5710
0.9678459167480469,5709
0.9707329273223877,5708
0.9711718559265137,5707
0.9733638763427734,5706
0.9753978252410889,5705
0.9761488437652588,5704
0.9762706756591797,5703
0.9769318103790283,5702
0.9783458709716797,5701
0.9784209728240967,5700
0.9798009395599365,5699
0.9806210994720459,5698
0.9806740283966064,5697
0.9815397262573242,5696
0.9815878868103027,5695
0.9817099571228027,5694
0.9837419986724854,5693
0.9838919639587402,5692
0.9839727878570557,5691
0.985260009765625,5690
0.9863297939300537,5689
0.9872379302978516,5688
0.9879508018493652,5687
0.9884068965911865,5686
0.9887769222259521,5685
0.988853931427002,5684
0.992027759552002,5683
0.9926009178161621,5682
0.995797872543335,5681
0.9968559741973877,5680
1.000119924545288,5679
1.000201940536499,5678
1.0003767013549805,5677
1.0008571147918701,5676
1.0009379386901855,5675
1.003964900970459,5674
1.004328966140747,5673
1.0043938159942627,5672
1.004875898361206,5671
1.0051519870758057,5670
1.0054347515106201,5669
1.0055298805236816,5668
1.0105819702148438,5667
1.011307954788208,5666
1.0124847888946533,5665
1.0135939121246338,5664
1.0136330127716064,5663
1.0137379169464111,5662
1.0138370990753174,5661
1.0149550437927246,5660
1.0157177448272705,5659
1.015812873840332,5658
1.0159130096435547,5657
1.0160198211669922,5656
1.016077995300293,5655
1.0167317390441895,5654
1.0180208683013916,5653
1.0181639194488525,5652
1.0212039947509766,5651
1.022454023361206,5650
1.0225529670715332,5649
1.0237460136413574,5648
1.0244159698486328,5647
1.0244557857513428,5646
1.0266990661621094,5645
1.0284459590911865,5644
1.028796911239624,5643
1.0290470123291016,5642
1.0292308330535889,5641
1.0307090282440186,5640
1.0310499668121338,5639
1.0314018726348877,5638
1.031540870666504,5637
1.032282829284668,5636
1.034364938735962,5635
1.034837007522583,5634
1.036618947982788,5633
1.039792776107788,5632
1.0401530265808105,5631
1.0419819355010986,5630
1.0420868396759033,5629
1.0421698093414307,5628
1.0422630310058594,5627
1.0461797714233398,5626
1.0472619533538818,5625
1.0473778247833252,5624
1.0477428436279297,5623
1.052278995513916,5622
1.0529420375823975,5621
1.0530009269714355,5620
1.053661823272705,5619
1.0539829730987549,5618
1.0549688339233398,5617
1.0550861358642578,5616
1.055342674255371,5615
1.0567679405212402,5614
1.0570428371429443,5613
1.0572688579559326,5612
1.0575528144836426,5611
1.0596599578857422,5610
1.0619828701019287,5609
1.0620570182800293,5608
1.0624120235443115,5607
1.062506914138794,5606
1.062621831893921,5605
1.0628268718719482,5604
1.0656449794769287,5603
1.0659997463226318,5602
1.0670859813690186,5601
1.0682098865509033,5600
1.0703790187835693,5599
1.0714747905731201,5598
1.0715148448944092,5597
1.0718777179718018,5596
1.0729269981384277,5595
1.0730259418487549,5594
1.07309889793396,5593
1.0748248100280762,5592
1.0756809711456299,5591
1.0759828090667725,5590
1.0825579166412354,5589
1.0829298496246338,5588
1.0846378803253174,5587
1.0847489833831787,5586
1.0852749347686768,5585
1.0853559970855713,5584
1.0854887962341309,5583
1.0856130123138428,5582
1.085676908493042,5581
1.0863590240478516,5580
1.0872559547424316,5579
1.0933527946472168,5578
1.0934667587280273,5577
1.0935919284820557,5576
1.093648910522461,5575
1.09375,5574
1.094486951828003,5573
1.0952167510986328,5572
1.0956017971038818,5571
1.0959160327911377,5570
1.0959539413452148,5569
1.0960519313812256,5568
1.0967369079589844,5567
1.0968308448791504,5566
1.096923828125,5565
1.0980169773101807,5564
1.1027538776397705,5563
1.1042649745941162,5562
1.1043479442596436,5561
1.1046478748321533,5560
1.1063668727874756,5559
1.1064467430114746,5558
1.111161708831787,5557
1.1117639541625977,5556
1.1138648986816406,5555
1.1159789562225342,5554
1.1160697937011719,5553
1.1178359985351562,5552
1.1180098056793213,5551
1.1189560890197754,5550
1.120110034942627,5549
1.1203358173370361,5548
1.120858907699585,5547
1.1214468479156494,5546
1.121588945388794,5545
1.1220600605010986,5544
1.1222219467163086,5543
1.1230919361114502,5542
1.1247878074645996,5541
1.1278209686279297,5540
1.1279077529907227,5539
1.1291368007659912,5538
1.1294410228729248,5537
1.1387939453125,5536
1.1427137851715088,5535
1.1438279151916504,5534
1.1459429264068604,5533
1.1470577716827393,5532
1.1470887660980225,5531
1.1471669673919678,5530
1.1543617248535156,5529
1.1544771194458008,5528
1.1547229290008545,5527
1.155350923538208,5526
1.1554059982299805,5525
1.1558539867401123,5524
1.1566379070281982,5523
1.1582109928131104,5522
1.1607749462127686,5521
1.1646320819854736,5520
1.1651010513305664,5519
1.1653869152069092,5518
1.171940803527832,5517
1.1729748249053955,5516
1.1730549335479736,5515
1.1734919548034668,5514
1.1750190258026123,5513
1.1751198768615723,5512
1.1754910945892334,5511
1.1755199432373047,5510
1.175644874572754,5509
1.1756789684295654,5508
1.1757397651672363,5507
1.1758038997650146,5506
1.175933837890625,5505
1.1787519454956055,5504
1.1792058944702148,5503
1.1801719665527344,5502
1.1810238361358643,5501
1.1810708045959473,5500
1.1828007698059082,5499
1.1828808784484863,5498
1.18302583694458,5497
1.184128999710083,5496
1.184337854385376,5495
1.188849925994873,5494
1.1908268928527832,5493
1.1909387111663818,5492
1.1911649703979492,5491
1.191309928894043,5490
1.1914167404174805,5489
1.1923871040344238,5488
1.1936609745025635,5487
1.1981558799743652,5486
1.1986479759216309,5485
1.198908805847168,5484
1.19899582862854,5483
1.2002308368682861,5482
1.201598882675171,5481
1.2016618251800537,5480
1.2021260261535645,5479
1.2022149562835693,5478
1.203678846359253,5477
1.204401969909668,5476
1.2044847011566162,5475
1.2087428569793701,5474
1.2088587284088135,5473
1.2115478515625,5472
1.2119379043579102,5471
1.2143418788909912,5470
1.2169477939605713,5469
1.2169957160949707,5468
1.2216570377349854,5467
1.2229979038238525,5466
1.2235729694366455,5465
1.2245817184448242,5464
1.226043939590454,5463
1.2277870178222656,5462
1.2278668880462646,5461
1.2279279232025146,5460
1.2282519340515137,5459
1.2299778461456299,5458
1.2305138111114502,5457
1.232339859008789,5456
1.2346618175506592,5455
1.2347619533538818,5454
1.2359957695007324,5453
1.236109972000122,5452
1.2371728420257568,5451
1.2400717735290527,5450
1.2441987991333008,5449
1.2468197345733643,5448
1.2477078437805176,5447
1.248443841934204,5446
1.2492609024047852,5445
1.2494378089904785,5444
1.2503149509429932,5443
1.2516038417816162,5442
1.2516639232635498,5441
1.2524299621582031,5440
1.2536888122558594,5439
1.2556898593902588,5438
1.2562050819396973,5437
1.2564620971679688,5436
1.256497859954834,5435
1.2595078945159912,5434
1.262535810470581,5433
1.263113021850586,5432
1.263214111328125,5431
1.2636778354644775,5430
1.2641830444335938,5429
1.266793966293335,5428
1.2669486999511719,5427
1.2670378684997559,5426
1.2672178745269775,5425
1.268460988998413,5424
1.270432949066162,5423
1.271949052810669,5422
1.2723970413208008,5421
1.2731578350067139,5420
1.274209976196289,5419
1.274271011352539,5418
1.274393081665039,5417
1.2783088684082031,5416
1.278639793395996,5415
1.2787199020385742,5414
1.278796911239624,5413
1.2789649963378906,5412
1.2813119888305664,5411
1.28371000289917,5410
1.288233995437622,5409
1.2886137962341309,5408
1.2895839214324951,5407
1.2899057865142822,5406
1.2899467945098877,5405
1.2918016910552979,5404
1.2923457622528076,5403
1.2947418689727783,5402
1.2993898391723633,5401
1.302386999130249,5400
1.3029389381408691,5399
1.3041768074035645,5398
1.3043429851531982,5397
1.3044118881225586,5396
1.3045248985290527,5395
1.3046588897705078,5394
1.3057339191436768,5393
1.3059089183807373,5392
1.307494878768921,5391
1.3081858158111572,5390
1.3118860721588135,5389
1.3128571510314941,5388
1.312972068786621,5387
1.3133487701416016,5386
1.3149168491363525,5385
1.3152897357940674,5384
1.3157880306243896,5383
1.3171958923339844,5382
1.3181419372558594,5381
1.3182268142700195,5380
1.3188788890838623,5379
1.3189828395843506,5378
1.3190457820892334,5377
1.3197031021118164,5376
1.3198647499084473,5375
1.3206558227539062,5374
1.3243520259857178,5373
1.3247230052947998,5372
1.3251368999481201,5371
1.3259079456329346,5370
1.3259568214416504,5369
1.3286728858947754,5368
1.329002857208252,5367
1.329115867614746,5366
1.3301517963409424,5365
1.330244779586792,5364
1.3306589126586914,5363
1.3308088779449463,5362
1.3322627544403076,5361
1.3334541320800781,5360
1.336256980895996,5359
1.339148998260498,5358
1.3391969203948975,5357
1.3408997058868408,5356
1.3409998416900635,5355
1.3410868644714355,5354
1.3424749374389648,5353
1.342524766921997,5352
1.3431107997894287,5351
1.349472999572754,5350
1.3495888710021973,5349
1.3502850532531738,5348
1.350322961807251,5347
1.3512728214263916,5346
1.3536157608032227,5345
1.3537049293518066,5344
1.3540198802947998,5343
1.3540947437286377,5342
1.35428786277771,5341
1.3551957607269287,5340
1.3581130504608154,5339
1.3582887649536133,5338
1.3589789867401123,5337
1.3592638969421387,5336
1.3597607612609863,5335
1.3620836734771729,5334
1.3627429008483887,5333
1.3644568920135498,5332
1.366290807723999,5331
1.3673028945922852,5330
1.3673858642578125,5329
1.3675267696380615,5328
1.367595911026001,5327
1.3692538738250732,5326
1.3707010746002197,5325
1.3707740306854248,5324
1.3729400634765625,5323
1.37322998046875,5322
1.3733508586883545,5321
1.3733797073364258,5320
1.3739888668060303,5319
1.3750579357147217,5318
1.3756628036499023,5317
1.3766388893127441,5316
1.3767647743225098,5315
1.3767948150634766,5314
1.3772308826446533,5313
1.3797938823699951,5312
1.380141019821167,5311
1.382188081741333,5310
1.3827767372131348,5309
1.3831019401550293,5308
1.3838157653808594,5307
1.383943796157837,5306
1.3840298652648926,5305
1.385509729385376,5304
1.3867027759552002,5303
1.3875198364257812,5302
1.3880870342254639,5301
1.3917419910430908,5300
1.3920369148254395,5299
1.3925020694732666,5298
1.3927381038665771,5297
1.39280366897583,5296
1.3937158584594727,5295
1.3967227935791016,5294
1.3978638648986816,5293
1.3979568481445312,5292
1.401305913925171,5291
1.4032020568847656,5290
1.403578758239746,5289
1.405066967010498,5288
1.4065520763397217,5287
1.406883716583252,5286
1.4076228141784668,5285
1.4088189601898193,5284
1.4112958908081055,5283
1.4134137630462646,5282
1.4155850410461426,5281
1.4188909530639648,5280
1.4191558361053467,5279
1.4193089008331299,5278
1.422210931777954,5277
1.423799991607666,5276
1.42421293258667,5275
1.4253559112548828,5274
1.4254419803619385,5273
1.4286320209503174,5272
1.4297869205474854,5271
1.4304819107055664,5270
1.4305038452148438,5269
1.4345228672027588,5268
1.4349489212036133,5267
1.4350037574768066,5266
1.4350829124450684,5265
1.437695026397705,5264
1.4377977848052979,5263
1.4402177333831787,5262
1.44032883644104,5261
1.4408550262451172,5260
1.4410068988800049,5259
1.4438259601593018,5258
1.4443440437316895,5257
1.4457519054412842,5256
1.445847988128662,5255
1.4483518600463867,5254
1.4483928680419922,5253
1.4500489234924316,5252
1.4515597820281982,5251
1.4516668319702148,5250
1.4558689594268799,5249
1.4563000202178955,5248
1.4590997695922852,5247
1.4628620147705078,5246
1.4713499546051025,5245
1.4719150066375732,5244
1.4729998111724854,5243
1.4747238159179688,5242
1.4764978885650635,5241
1.4765739440917969,5240
1.4781367778778076,5239
1.4792258739471436,5238
1.485191822052002,5237
1.4855008125305176,5236
1.485624074935913,5235
1.4866619110107422,5234
1.4872157573699951,5233
1.4895308017730713,5232
1.4936881065368652,5231
1.4948439598083496,5230
1.4955639839172363,5229
1.498248815536499,5228
1.500511884689331,5227
1.5006468296051025,5226
1.5008540153503418,5225
1.5015628337860107,5224
1.502197027206421,5223
1.5106837749481201,5222
1.5107650756835938,5221
1.5114738941192627,5220
1.512274980545044,5219
1.5129117965698242,5218
1.5130188465118408,5217
1.5135250091552734,5216
1.5138800144195557,5215
1.5251100063323975,5214
1.527148962020874,5213
1.5279438495635986,5212
1.531707763671875,5211
1.531865119934082,5210
1.5332207679748535,5209
1.5340509414672852,5208
1.5341808795928955,5207
1.5355010032653809,5206
1.5361018180847168,5205
1.5368168354034424,5204
1.537816047668457,5203
1.5439937114715576,5202
1.5476107597351074,5201
1.5484027862548828,5200
1.55399489402771,5199
1.5543088912963867,5198
1.5566940307617188,5197
1.5567936897277832,5196
1.5602827072143555,5195
1.5634918212890625,5194
1.5642569065093994,5193
1.565742015838623,5192
1.566126823425293,5191
1.5672247409820557,5190
1.5689740180969238,5189
1.573354959487915,5188
1.5783050060272217,5187
1.57912278175354,5186
1.5791699886322021,5185
1.5809500217437744,5184
1.582515001296997,5183
1.5831518173217773,5182
1.5882067680358887,5181
1.5925228595733643,5180
1.592684030532837,5179
1.5928168296813965,5178
1.595458984375,5177
1.5958027839660645,5176
1.5989906787872314,5175
1.599146842956543,5174
1.5993399620056152,5173
1.6055889129638672,5172
1.6056740283966064,5171
1.606112003326416,5170
1.607738733291626,5169
1.6081647872924805,5168
1.609611988067627,5167
1.6102688312530518,5166
1.610306978225708,5165
1.610382080078125,5164
1.612381935119629,5163
1.614995002746582,5162
1.6207098960876465,5161
1.6214158535003662,5160
1.621495008468628,5159
1.6215827465057373,5158
1.6251130104064941,5157
1.6268079280853271,5156
1.6273846626281738,5155
1.6290748119354248,5154
1.6295170783996582,5153
1.6310498714447021,5152
1.6356308460235596,5151
1.636641025543213,5150
1.6372368335723877,5149
1.6384599208831787,5148
1.639319896697998,5147
1.6397650241851807,5146
1.6410479545593262,5145
1.6440308094024658,5144
1.6443147659301758,5143
1.6447570323944092,5142
1.6451919078826904,5141
1.650352954864502,5140
1.6513090133666992,5139
1.652256965637207,5138
1.6634650230407715,5137
1.6635079383850098,5136
1.6636238098144531,5135
1.6678237915039062,5134
1.670609951019287,5133
1.6707499027252197,5132
1.6720788478851318,5131
1.6769299507141113,5130
1.6784639358520508,5129
1.6785531044006348,5128
1.6810779571533203,5127
1.6842389106750488,5126
1.685459852218628,5125
1.6862578392028809,5124
1.68772292137146,5123
1.689107894897461,5122
1.6891639232635498,5121
1.6912848949432373,5120
1.6918210983276367,5119
1.6925990581512451,5118
1.6961698532104492,5117
1.6968188285827637,5116
1.700373888015747,5115
1.7088840007781982,5114
1.712965726852417,5113
1.7134828567504883,5112
1.7144489288330078,5111
1.7144699096679688,5110
1.7178618907928467,5109
1.7191967964172363,5108
1.7209949493408203,5107
1.7224478721618652,5106
1.7226109504699707,5105
1.7228639125823975,5104
1.7232019901275635,5103
1.7243168354034424,5102
1.7262258529663086,5101
1.72629976272583,5100
1.7289628982543945,5099
1.733016014099121,5098
1.7336928844451904,5097
1.7357349395751953,5096
1.736175775527954,5095
1.7377429008483887,5094
1.74074387550354,5093
1.7412528991699219,5092
1.742110013961792,5091
1.7445471286773682,5090
1.7449488639831543,5089
1.745283842086792,5088
1.7453868389129639,5087
1.7516748905181885,5086
1.75288987159729,5085
1.7550559043884277,5084
1.7552649974822998,5083
1.7553668022155762,5082
1.7554388046264648,5081
1.7592740058898926,5080
1.7593317031860352,5079
1.76102876663208,5078
1.7621769905090332,5077
1.762267827987671,5076
1.76705002784729,5075
1.7746670246124268,5074
1.7750918865203857,5073
1.7776148319244385,5072
1.7820019721984863,5071
1.7843818664550781,5070
1.7846519947052002,5069
1.7867999076843262,5068
1.788106918334961,5067
1.790116786956787,5066
1.790734052658081,5065
1.7976019382476807,5064
1.7979698181152344,5063
1.7996318340301514,5062
1.7999610900878906,5061
1.8011817932128906,5060
1.8023419380187988,5059
1.8024158477783203,5058
1.8055639266967773,5057
1.8087718486785889,5056
1.809999704360962,5055
1.8131110668182373,5054
1.8149659633636475,5053
1.8165428638458252,5052
1.8168377876281738,5051
1.8173298835754395,5050
1.823805809020996,5049
1.8254027366638184,5048
1.8298838138580322,5047
1.8372468948364258,5046
1.837296724319458,5045
1.837373971939087,5044
1.8375868797302246,5043
1.8392770290374756,5042
1.842681884765625,5041
1.842756748199463,5040
1.8462018966674805,5039
1.8475818634033203,5038
1.8512067794799805,5037
1.8512368202209473,5036
1.8513269424438477,5035
1.8521888256072998,5034
1.855557918548584,5033
1.8556468486785889,5032
1.8635549545288086,5031
1.8657639026641846,5030
1.865797758102417,5029
1.8671259880065918,5028
1.8684148788452148,5027
1.8703908920288086,5026
1.8716418743133545,5025
1.8789098262786865,5024
1.879814863204956,5023
1.8802669048309326,5022
1.886415719985962,5021
1.8891849517822266,5020
1.8906049728393555,5019
1.8912367820739746,5018
1.8913068771362305,5017
1.8920419216156006,5016
1.8954517841339111,5015
1.8956449031829834,5014
1.895704984664917,5013
1.9000518321990967,5012
1.9006221294403076,5011
1.9027528762817383,5010
1.911978006362915,5009
1.9197719097137451,5008
1.9201898574829102,5007
1.9220428466796875,5006
1.9244086742401123,5005
1.925795078277588,5004
1.9266910552978516,5003
1.9287629127502441,5002
1.9297027587890625,5001
1.9321868419647217,5000
1.9334049224853516,4999
1.9340627193450928,4998
1.9383790493011475,4997
1.938723087310791,4996
1.9388008117675781,4995
1.9501099586486816,4994
1.9501848220825195,4993
1.9550437927246094,4992
1.9637207984924316,4991
1.9642579555511475,4990
1.9652748107910156,4989
1.9662659168243408,4988
1.966322898864746,4987
1.971794843673706,4986
1.9731090068817139,4985
1.9747509956359863,4984
1.9757158756256104,4983
1.9769179821014404,4982
1.9770050048828125,4981
1.9790830612182617,4980
1.9812910556793213,4979
1.9813528060913086,4978
1.9816749095916748,4977
1.984895944595337,4976
1.9868769645690918,4975
1.992995023727417,4974
1.9994049072265625,4973
1.9999449253082275,4972
2.000006914138794,4971
2.000131845474243,4970
2.0030357837677,4969
2.006865978240967,4968
2.0078678131103516,4967
2.009281873703003,4966
2.0131399631500244,4965
2.0243330001831055,4964
2.0258948802948,4963
2.025988817214966,4962
2.0273139476776123,4961
2.0285768508911133,4960
2.0347609519958496,4959
2.0361127853393555,4958
2.036186933517456,4957
2.044163703918457,4956
2.046426773071289,4955
2.0498809814453125,4954
2.0523488521575928,4953
2.054965019226074,4952
2.056175708770752,4951
2.0575408935546875,4950
2.059910774230957,4949
2.059966802597046,4948
2.0600459575653076,4947
2.0708439350128174,4946
2.080972909927368,4945
2.083487033843994,4944
2.094264030456543,4943
2.0964889526367188,4942
2.0974221229553223,4941
2.0979340076446533,4940
2.109158754348755,4939
2.1109259128570557,4938
2.1126699447631836,4937
2.1164867877960205,4936
2.1165969371795654,4935
2.1166698932647705,4934
2.1167948246002197,4933
2.123152732849121,4932
2.132490873336792,4931
2.1341240406036377,4930
2.134882926940918,4929
2.1359429359436035,4928
2.147865056991577,4927
2.1496639251708984,4926
2.1529228687286377,4925
2.1551449298858643,4924
2.1563830375671387,4923
2.1637580394744873,4922
2.1663758754730225,4921
2.166934013366699,4920
2.167011022567749,4919
2.1686298847198486,4918
2.1698617935180664,4917
2.174020767211914,4916
2.186868906021118,4915
2.193769931793213,4914
2.1938369274139404,4913
2.195150852203369,4912
2.197964906692505,4911
2.20385479927063,4910
2.207335948944092,4909
2.2119967937469482,4908
2.2177038192749023,4907
2.218111991882324,4906
2.221496105194092,4905
2.2216508388519287,4904
2.22177791595459,4903
2.2243640422821045,4902
2.2248220443725586,4901
2.228663921356201,4900
2.229721784591675,4899
2.241689682006836,4898
2.245156764984131,4897
2.245201826095581,4896
2.2455568313598633,4895
2.2463181018829346,4894
2.2470009326934814,4893
2.2481987476348877,4892
2.250685930252075,4891
2.251495838165283,4890
2.259070873260498,4889
2.2616989612579346,4888
2.265561819076538,4887
2.2686078548431396,4886
2.2723209857940674,4885
2.2761850357055664,4884
2.277787923812866,4883
2.281017780303955,4882
2.282097816467285,4881
2.2847158908843994,4880
2.2890238761901855,4879
2.289670944213867,4878
2.2897820472717285,4877
2.291029930114746,4876
2.293851852416992,4875
2.2939510345458984,4874
2.2962570190429688,4873
2.2992098331451416,4872
2.2993180751800537,4871
2.299515962600708,4870
2.2999050617218018,4869
2.310088872909546,4868
2.3109240531921387,4867
2.315793752670288,4866
2.319516897201538,4865
2.319938898086548,4864
2.322868824005127,4863
2.323533058166504,4862
2.323974847793579,4861
2.328291893005371,4860
2.329408884048462,4859
2.3294787406921387,4858
2.3295748233795166,4857
2.331239938735962,4856
2.3313229084014893,4855
2.331378936767578,4854
2.3316757678985596,4853
2.3330938816070557,4852
2.334190845489502,4851
2.3372128009796143,4850
2.3377017974853516,4849
2.337723731994629,4848
2.3377559185028076,4847
2.338373899459839,4846
2.3384058475494385,4845
2.339594841003418,4844
2.343251943588257,4843
2.34425687789917,4842
2.3479690551757812,4841
2.349064826965332,4840
2.350274085998535,4839
2.3527028560638428,4838
2.3537709712982178,4837
2.3540091514587402,4836
2.3549859523773193,4835
2.355438709259033,4834
2.3560330867767334,4833
2.359096050262451,4832
2.362428903579712,4831
2.3652610778808594,4830
2.365339756011963,4829
2.365401029586792,4828
2.366154909133911,4827
2.3731138706207275,4826
2.377518892288208,4825
2.3780019283294678,4824
2.3827428817749023,4823
2.3962368965148926,4822
2.4021198749542236,4821
2.4119107723236084,4820
2.4126179218292236,4819
2.412993907928467,4818
2.413050889968872,4817
2.416543960571289,4816
2.4166548252105713,4815
2.417038679122925,4814
2.4211788177490234,4813
2.425678014755249,4812
2.4305200576782227,4811
2.431581974029541,4810
2.4321060180664062,4809
2.4340178966522217,4808
2.4367759227752686,4807
2.440175771713257,4806
2.4472949504852295,4805
2.44767689704895,4804
2.4491238594055176,4803
2.4533157348632812,4802
2.455129861831665,4801
2.4552078247070312,4800
2.4555299282073975,4799
2.4586079120635986,4798
2.459577798843384,4797
2.462425708770752,4796
2.4632787704467773,4795
2.463330030441284,4794
2.475039005279541,4793
2.4757120609283447,4792
2.476952075958252,4791
2.481718063354492,4790
2.4861860275268555,4789
2.4888148307800293,4788
2.489633083343506,4787
2.4899098873138428,4786
2.4913978576660156,4785
2.492093801498413,4784
2.501234769821167,4783
2.5135040283203125,4782
2.5220327377319336,4781
2.5222630500793457,4780
2.5275347232818604,4779
2.529604911804199,4778
2.5310888290405273,4777
2.5352838039398193,4776
2.539246082305908,4775
2.5407519340515137,4774
2.5410659313201904,4773
2.5473809242248535,4772
2.547449827194214,4771
2.548588991165161,4770
2.5486409664154053,4769
2.5563220977783203,4768
2.5578079223632812,4767
2.565721035003662,4766
2.568326950073242,4765
2.5688459873199463,4764
2.5736770629882812,4763
2.5745999813079834,4762
2.5759999752044678,4761
2.5856330394744873,4760
2.5895559787750244,4759
2.590204954147339,4758
2.593837022781372,4757
2.5950498580932617,4756
2.5960960388183594,4755
2.596163034439087,4754
2.5966529846191406,4753
2.598148822784424,4752
2.6000890731811523,4751
2.611759901046753,4750
2.614607810974121,4749
2.615320920944214,4748
2.615391969680786,4747
2.6155357360839844,4746
2.6166038513183594,4745
2.6195099353790283,4744
2.619640827178955,4743
2.6206228733062744,4742
2.6258749961853027,4741
2.6317808628082275,4740
2.635910749435425,4739
2.6375269889831543,4738
2.637603759765625,4737
2.6411077976226807,4736
2.642270803451538,4735
2.6465718746185303,4734
2.6477558612823486,4733
2.648146867752075,4732
2.6500940322875977,4731
2.650197982788086,4730
2.6502699851989746,4729
2.6503407955169678,4728
2.6521317958831787,4727
2.653319835662842,4726
2.6562917232513428,4725
2.659950017929077,4724
2.6613738536834717,4723
2.6623528003692627,4722
2.6627049446105957,4721
2.6631898880004883,4720
2.664846897125244,4719
2.6669259071350098,4718
2.669855833053589,4717
2.676237106323242,4716
2.6884279251098633,4715
2.6885488033294678,4714
2.692776918411255,4713
2.6934337615966797,4712
2.702692747116089,4711
2.7043540477752686,4710
2.7077858448028564,4709
2.714683771133423,4708
2.720296859741211,4707
2.729808807373047,4706
2.7305967807769775,4705
2.7375128269195557,4704
2.7416000366210938,4703
2.7416329383850098,4702
2.744668960571289,4701
2.747554063796997,4700
2.747621774673462,4699
2.754351854324341,4698
2.7559759616851807,4697
2.7560267448425293,4696
2.756373882293701,4695
2.756708860397339,4694
2.7644379138946533,4693
2.7714197635650635,4692
2.7741050720214844,4691
2.7761099338531494,4690
2.7844009399414062,4689
2.7844479084014893,4688
2.7869277000427246,4687
2.788416862487793,4686
2.7887580394744873,4685
2.7892611026763916,4684
2.797858953475952,4683
2.7983150482177734,4682
2.7984158992767334,4681
2.8005218505859375,4680
2.8067739009857178,4679
2.808241844177246,4678
2.8132097721099854,4677
2.8140857219696045,4676
2.814239025115967,4675
2.817030906677246,4674
2.817080020904541,4673
2.819118022918701,4672
2.8259897232055664,4671
2.8276207447052,4670
2.833232879638672,4669
2.8336198329925537,4668
2.833751916885376,4667
2.838283061981201,4666
2.844815731048584,4665
2.8513309955596924,4664
2.857558012008667,4663
2.8626959323883057,4662
2.8669168949127197,4661
2.867417812347412,4660
2.871074914932251,4659
2.8713269233703613,4658
2.8744618892669678,4657
2.879159927368164,4656
2.880963087081909,4655
2.881063938140869,4654
2.8811309337615967,4653
2.888493061065674,4652
2.889014959335327,4651
2.8987510204315186,4650
2.8999338150024414,4649
2.901094913482666,4648
2.909522771835327,4647
2.92376708984375,4646
2.9238767623901367,4645
2.928493022918701,4644
2.9300737380981445,4643
2.930534839630127,4642
2.9378139972686768,4641
2.9399380683898926,4640
2.9473469257354736,4639
2.950575828552246,4638
2.9533309936523438,4637
2.953974962234497,4636
2.9602859020233154,4635
2.9610350131988525,4634
2.9651787281036377,4633
2.966714859008789,4632
2.9673478603363037,4631
2.9789528846740723,4630
2.9812169075012207,4629
2.9866068363189697,4628
2.993278980255127,4627
2.993485927581787,4626
2.9952287673950195,4625
2.996696949005127,4624
2.9975180625915527,4623
3.0065207481384277,4622
3.0116589069366455,4621
3.0130999088287354,4620
3.015810966491699,4619
3.0197010040283203,4618
3.0261478424072266,4617
3.026211738586426,4616
3.0288589000701904,4615
3.034681797027588,4614
3.0459940433502197,4613
3.048912763595581,4612
3.0510897636413574,4611
3.066551923751831,4610
3.072659969329834,4609
3.073859691619873,4608
3.0741488933563232,4607
3.077871799468994,4606
3.0779387950897217,4605
3.079092025756836,4604
3.083414077758789,4603
3.0893728733062744,4602
3.0971319675445557,4601
3.0972018241882324,4600
3.101325035095215,4599
3.104188919067383,4598
3.112229824066162,4597
3.1144518852233887,4596
3.114874839782715,4595
3.1199469566345215,4594
3.1311748027801514,4593
3.136072874069214,4592
3.1373629570007324,4591
3.140023946762085,4590
3.1413497924804688,4589
3.1439926624298096,4588
3.1457200050354004,4587
3.166522741317749,4586
3.1696038246154785,4585
3.1696979999542236,4584
3.17863392829895,4583
3.1814608573913574,4582
3.1980788707733154,4581
3.198199987411499,4580
3.2011289596557617,4579
3.202646017074585,4578
3.202767848968506,4577
3.2081079483032227,4576
3.208174705505371,4575
3.2082197666168213,4574
3.210829019546509,4573
3.2111198902130127,4572
3.212801933288574,4571
3.2191710472106934,4570
3.2307257652282715,4569
3.233001947402954,4568
3.233928918838501,4567
3.2343149185180664,4566
3.239650011062622,4565
3.2455179691314697,4564
3.2468910217285156,4563
3.256164789199829,4562
3.26129412651062,4561
3.2671959400177,4560
3.2723231315612793,4559
3.272369861602783,4558
3.2738707065582275,4557
3.2779550552368164,4556
3.278718948364258,4555
3.2883551120758057,4554
3.3018429279327393,4553
3.302649736404419,4552
3.305032968521118,4551
3.3114848136901855,4550
3.3183798789978027,4549
3.331652879714966,4548
3.332702875137329,4547
3.333237886428833,4546
3.3333208560943604,4545
3.3374509811401367,4544
3.347099781036377,4543
3.375401020050049,4542
3.375714063644409,4541
3.379287004470825,4540
3.3869149684906006,4539
3.3877949714660645,4538
3.3902788162231445,4537
3.3967087268829346,4536
3.3989858627319336,4535
3.3991217613220215,4534
3.4030070304870605,4533
3.4049530029296875,4532
3.41127872467041,4531
3.4187519550323486,4530
3.4234859943389893,4529
3.4270529747009277,4528
3.42968487739563,4527
3.4330148696899414,4526
3.4384148120880127,4525
3.442894697189331,4524
3.445333957672119,4523
3.4453959465026855,4522
3.4465079307556152,4521
3.447577714920044,4520
3.4476568698883057,4519
3.4504010677337646,4518
3.454204797744751,4517
3.4544661045074463,4516
3.460268974304199,4515
3.4736928939819336,4514
3.4738008975982666,4513
3.4738759994506836,4512
3.483181953430176,4511
3.4952008724212646,4510
3.496212959289551,4509
3.4994008541107178,4508
3.5016419887542725,4507
3.5066349506378174,4506
3.517932891845703,4505
3.522202730178833,4504
3.5250160694122314,4503
3.534029006958008,4502
3.5366978645324707,4501
3.540743827819824,4500
3.543544054031372,4499
3.548172950744629,4498
3.561189889907837,4497
3.561368942260742,4496
3.564741849899292,4495
3.571436882019043,4494
3.5735669136047363,4493
3.57542085647583,4492
3.592076063156128,4491
3.592111825942993,4490
3.5924668312072754,4489
3.596691846847534,4488
3.6017048358917236,4487
3.6041767597198486,4486
3.613062858581543,4485
3.621074914932251,4484
3.6220948696136475,4483
3.629251718521118,4482
3.630713701248169,4481
3.638427734375,4480
3.6387970447540283,4479
3.6444358825683594,4478
3.6600677967071533,4477
3.6603808403015137,4476
3.6683530807495117,4475
3.6719937324523926,4474
3.6752278804779053,4473
3.67822003364563,4472
3.679391860961914,4471
3.7065210342407227,4470
3.7084789276123047,4469
3.717733860015869,4468
3.718702793121338,4467
3.7198808193206787,4466
3.720590829849243,4465
3.7206709384918213,4464
3.722956895828247,4463
3.723400831222534,4462
3.740139961242676,4461
3.74023699760437,4460
3.7612757682800293,4459
3.762760877609253,4458
3.7687931060791016,4457
3.7896387577056885,4456
3.7899019718170166,4455
3.793407917022705,4454
3.7943050861358643,4453
3.7953648567199707,4452
3.7988879680633545,4451
3.800555944442749,4450
3.800865888595581,4449
3.8160550594329834,4448
3.825169801712036,4447
3.8378138542175293,4446
3.8399009704589844,4445
3.840348958969116,4444
3.848598003387451,4443
3.8523237705230713,4442
3.859771966934204,4441
3.868058919906616,4440
3.8752310276031494,4439
3.877488851547241,4438
3.878812789916992,4437
3.8799989223480225,4436
3.8857128620147705,4435
3.888352870941162,4434
3.8922059535980225,4433
3.9048938751220703,4432
3.9073739051818848,4431
3.909621000289917,4430
3.939272880554199,4429
3.9583287239074707,4428
3.9688220024108887,4427
3.9730119705200195,4426
3.979738712310791,4425
3.9920549392700195,4424
3.99525785446167,4423
3.9971489906311035,4422
3.9976840019226074,4421
3.9983890056610107,4420
4.000590801239014,4419
4.002687931060791,4418
4.0068910121917725,4417
4.022809743881226,4416
4.023190975189209,4415
4.027150869369507,4414
4.027225732803345,4413
4.032891750335693,4412
4.034331798553467,4411
4.036977767944336,4410
4.040679931640625,4409
4.040888071060181,4408
4.046120882034302,4407
4.0479748249053955,4406
4.048698902130127,4405
4.053557872772217,4404
4.053595781326294,4403
4.060793876647949,4402
4.06389594078064,4401
4.069185972213745,4400
4.080314874649048,4399
4.090062141418457,4398
4.092294931411743,4397
4.09352970123291,4396
4.104963779449463,4395
4.116513013839722,4394
4.117454767227173,4393
4.121390104293823,4392
4.1230080127716064,4391
4.126832723617554,4390
4.130285978317261,4389
4.138309717178345,4388
4.143417835235596,4387
4.147558927536011,4386
4.153891086578369,4385
4.154958009719849,4384
4.158157110214233,4383
4.168317794799805,4382
4.186917781829834,4381
4.190379858016968,4380
4.199907064437866,4379
4.210985898971558,4378
4.2244908809661865,4377
4.226012945175171,4376
4.226090908050537,4375
4.227759838104248,4374
4.22828483581543,4373
4.234776973724365,4372
4.2377729415893555,4371
4.238627672195435,4370
4.24350380897522,4369
4.246755123138428,4368
4.249380826950073,4367
4.253852844238281,4366
4.260199785232544,4365
4.2602739334106445,4364
4.262454986572266,4363
4.263138055801392,4362
4.266481876373291,4361
4.266787767410278,4360
4.278496026992798,4359
4.299372911453247,4358
4.306161880493164,4357
4.312168836593628,4356
4.3147759437561035,4355
4.316934823989868,4354
4.317904949188232,4353
4.318007946014404,4352
4.323331832885742,4351
4.325336933135986,4350
4.32861590385437,4349
4.335779666900635,4348
4.337923049926758,4347
4.341265916824341,4346
4.342054843902588,4345
4.355406761169434,4344
4.361730098724365,4343
4.3618481159210205,4342
4.377012014389038,4341
4.3832597732543945,4340
4.388545036315918,4339
4.3926310539245605,4338
4.399227857589722,4337
4.399291753768921,4336
4.407497882843018,4335
4.411951780319214,4334
4.421560764312744,4333
4.432793140411377,4332
4.436022996902466,4331
4.443359851837158,4330
4.462803840637207,4329
4.470953941345215,4328
4.47721791267395,4327
4.483927965164185,4326
4.486716985702515,4325
4.493907928466797,4324
4.496908903121948,4323
4.5001819133758545,4322
4.504835844039917,4321
4.505689859390259,4320
4.509876012802124,4319
4.525542974472046,4318
4.528321981430054,4317
4.529518127441406,4316
4.549724817276001,4315
4.5631208419799805,4314
4.571770906448364,4313
4.573460817337036,4312
4.578179836273193,4311
4.581594705581665,4310
4.592787981033325,4309
4.593158960342407,4308
4.593794107437134,4307
4.605183839797974,4306
4.605546951293945,4305
4.6076579093933105,4304
4.6119019985198975,4303
4.612421751022339,4302
4.619884014129639,4301
4.620019912719727,4300
4.620048761367798,4299
4.631183862686157,4298
4.6579859256744385,4297
4.67131495475769,4296
4.692518949508667,4295
4.699930906295776,4294
4.71394681930542,4293
4.715817928314209,4292
4.718426942825317,4291
4.721038818359375,4290
4.723942756652832,4289
4.724329948425293,4288
4.726968050003052,4287
4.727032661437988,4286
4.7297868728637695,4285
4.732264995574951,4284
4.734302997589111,4283
4.734404802322388,4282
4.735213041305542,4281
4.741276979446411,4280
4.743789911270142,4279
4.746392011642456,4278
4.751786947250366,4277
4.763139009475708,4276
4.766109943389893,4275
4.774717807769775,4274
4.778528928756714,4273
4.795779705047607,4272
4.795854091644287,4271
4.829704999923706,4270
4.8344948291778564,4269
4.835072994232178,4268
4.843183755874634,4267
4.853076934814453,4266
4.853425979614258,4265
4.877230882644653,4264
4.879922866821289,4263
4.882778882980347,4262
4.884290933609009,4261
4.890131950378418,4260
4.89021372795105,4259
4.910230875015259,4258
4.913127899169922,4257
4.940206050872803,4256
4.9478631019592285,4255
4.950079917907715,4254
4.9649269580841064,4253
4.981210708618164,4252
4.990340709686279,4251
5.004051923751831,4250
5.00883674621582,4249
5.010384798049927,4248
5.012162923812866,4247
5.013688802719116,4246
5.020140886306763,4245
5.021530866622925,4244
5.026472806930542,4243
5.0421528816223145,4242
5.0539398193359375,4241
5.054581880569458,4240
5.057553768157959,4239
5.057945013046265,4238
5.102088928222656,4237
5.108105897903442,4236
5.127604007720947,4235
5.128535032272339,4234
5.129300832748413,4233
5.129431962966919,4232
5.131858825683594,4231
5.136800050735474,4230
5.144774913787842,4229
5.146136045455933,4228
5.152612924575806,4227
5.153142929077148,4226
5.157361745834351,4225
5.160069942474365,4224
5.1672868728637695,4223
5.168708801269531,4222
5.1772449016571045,4221
5.197940826416016,4220
5.20135498046875,4219
5.207688808441162,4218
5.230898857116699,4217
5.232345104217529,4216
5.232390880584717,4215
5.245821952819824,4214
5.259325981140137,4213
5.270335912704468,4212
5.289883852005005,4211
5.296393871307373,4210
5.307665824890137,4209
5.328527927398682,4208
5.331814765930176,4207
5.333160877227783,4206
5.335036754608154,4205
5.335403919219971,4204
5.347845792770386,4203
5.3654279708862305,4202
5.3697669506073,4201
5.370326995849609,4200
5.405961990356445,4199
5.40857195854187,4198
5.4086668491363525,4197
5.409746885299683,4196
5.422307729721069,4195
5.423877716064453,4194
5.477849721908569,4193
5.477892875671387,4192
5.487769842147827,4191
5.499210834503174,4190
5.499584913253784,4189
5.502399921417236,4188
5.52328085899353,4187
5.535934925079346,4186
5.565492868423462,4185
5.572598934173584,4184
5.584801912307739,4183
5.5868799686431885,4182
5.594842910766602,4181
5.595278024673462,4180
5.600013971328735,4179
5.610552787780762,4178
5.623093843460083,4177
5.638141870498657,4176
5.638200759887695,4175
5.640869855880737,4174
5.682774066925049,4173
5.6935789585113525,4172
5.705104827880859,4171
5.707868814468384,4170
5.7237389087677,4169
5.739629030227661,4168
5.743814945220947,4167
5.764356851577759,4166
5.774695873260498,4165
5.779468059539795,4164
5.782252073287964,4163
5.783695697784424,4162
5.786241054534912,4161
5.818613052368164,4160
5.824336767196655,4159
5.8249828815460205,4158
5.830090045928955,4157
5.849766969680786,4156
5.853884935379028,4155
5.868145942687988,4154
5.892323017120361,4153
5.8941779136657715,4152
5.9125471115112305,4151
5.923289060592651,4150
5.926478862762451,4149
5.939839839935303,4148
5.943258762359619,4147
5.94983696937561,4146
5.949887990951538,4145
5.955842971801758,4144
5.963448762893677,4143
5.964688777923584,4142
5.9755048751831055,4141
5.9926438331604,4140
6.007849931716919,4139
6.012987852096558,4138
6.018138885498047,4137
6.047744035720825,4136
6.048800945281982,4135
6.115814924240112,4134
6.128555059432983,4133
6.153198003768921,4132
6.165432691574097,4131
6.170089960098267,4130
6.180733919143677,4129
6.184614896774292,4128
6.186245918273926,4127
6.198173999786377,4126
6.2017457485198975,4125
6.272063970565796,4124
6.283262014389038,4123
6.303555727005005,4122
6.307044744491577,4121
6.343713045120239,4120
6.345598936080933,4119
6.355202913284302,4118
6.422332763671875,4117
6.427321910858154,4116
6.459851980209351,4115
6.472966909408569,4114
6.504225015640259,4113
6.532506942749023,4112
6.548280715942383,4111
6.552444934844971,4110
6.565984010696411,4109
6.590852737426758,4108
6.5958967208862305,4107
6.60908579826355,4106
6.615526914596558,4105
6.6299028396606445,4104
6.634377956390381,4103
6.639866828918457,4102
6.647534132003784,4101
6.648895025253296,4100
6.681976795196533,4099
6.6876380443573,4098
6.687895059585571,4097
6.692802906036377,4096
6.696753978729248,4095
6.701590061187744,4094
6.718747854232788,4093
6.733319997787476,4092
6.7611918449401855,4091
6.763716697692871,4090
6.792855978012085,4089
6.830917835235596,4088
6.847980976104736,4087
6.884067058563232,4086
6.895429849624634,4085
6.897027015686035,4084
6.902837038040161,4083
6.911106109619141,4082
6.957702875137329,4081
6.98685884475708,4080
7.074624061584473,4079
7.080146789550781,4078
7.089395999908447,4077
7.123085975646973,4076
7.136249780654907,4075
7.157840728759766,4074
7.158218860626221,4073
7.161465883255005,4072
7.169603109359741,4071
7.245596885681152,4070
7.261646032333374,4069
7.318365812301636,4068
7.335756063461304,4067
7.425142049789429,4066
7.462994813919067,4065
7.49597692489624,4064
7.5831990242004395,4063
7.616017818450928,4062
7.655480861663818,4061
7.658416748046875,4060
7.659636974334717,4059
7.666945934295654,4058
7.688479900360107,4057
7.734945058822632,4056
7.760876893997192,4055
7.776209831237793,4054
7.810386896133423,4053
7.866280794143677,4052
7.891497850418091,4051
7.896342992782593,4050
7.952680826187134,4049
7.965876817703247,4048
8.004386901855469,4047
8.020483016967773,4046
8.023392915725708,4045
8.057260036468506,4044
8.183052062988281,4043
8.22947096824646,4042
8.241268873214722,4041
8.25381875038147,4040
8.272836923599243,4039
8.273484945297241,4038
8.369314908981323,4037
8.377734899520874,4036
8.400053977966309,4035
8.41026496887207,4034
8.416642904281616,4033
8.483573913574219,4032
8.5187828540802,4031
8.529631853103638,4030
8.579555034637451,4029
8.654402017593384,4028
8.6557297706604,4027
8.665242910385132,4026
8.699302911758423,4025
8.701665878295898,4024
8.745908975601196,4023
8.852003812789917,4022
8.876867055892944,4021
8.896512985229492,4020
8.919270753860474,4019
8.948102951049805,4018
8.975289821624756,4017
9.05980396270752,4016
9.077836990356445,4015
9.19283676147461,4014
9.213303089141846,4013
9.224511861801147,4012
9.272109985351562,4011
9.300981044769287,4010
9.315940856933594,4009
9.357444763183594,4008
9.376597881317139,4007
9.40056586265564,4006
9.403355836868286,4005
9.569071769714355,4004
9.591749906539917,4003
9.627606868743896,4002
9.646536827087402,4001
9.65264368057251,4000
9.664245843887329,3999
9.728384971618652,3998
9.823091983795166,3997
9.925321817398071,3996
10.009891748428345,3995
10.094802856445312,3994
10.10505485534668,3993
10.115931749343872,3992
10.15783977508545,3991
10.165725946426392,3990
10.41554307937622,3989
10.494876861572266,3988
10.5622878074646,3987
10.571560859680176,3986
10.597684860229492,3985
10.643250942230225,3984
10.789518117904663,3983
10.887372016906738,3982
10.914201736450195,3981
11.023440837860107,3980
11.09948182106018,3979
11.148152828216553,3978
11.252501010894775,3977
11.25941777229309,3976
11.333388090133667,3975
11.351037979125977,3974
11.557492017745972,3973
11.578190088272095,3972
11.862865924835205,3971
11.916949033737183,3970
12.113523960113525,3969
12.226211071014404,3968
12.393273830413818,3967
12.437909841537476,3966
12.445812940597534,3965
12.822062015533447,3964
12.996959924697876,3963
13.056372880935669,3962
13.101075887680054,3961
13.105594873428345,3960
13.114649772644043,3959
13.213797807693481,3958
13.477199792861938,3957
13.47925090789795,3956
13.525323867797852,3955
13.583373069763184,3954
13.664742946624756,3953
13.726280927658081,3952
13.889156818389893,3951
14.064482927322388,3950
14.435550928115845,3949
14.460261821746826,3948
14.479236841201782,3947
14.486843824386597,3946
14.500147819519043,3945
15.470940828323364,3944
15.502481937408447,3943
15.601194858551025,3942
15.743408918380737,3941
15.849646806716919,3940
15.918371677398682,3939
16.06123375892639,3938
17.903408765792847,3937
18.27381706237793,3936
18.328913927078247,3935
19.094950914382935,3934
20.225948810577393,3933
28.505220890045166,3932
29.929757833480835,3931
45.520190954208374,3930
45.85788178443909,3929
58.908971071243286,3928
59.64968800544739,3927
278.39260387420654,3926
