0.0,1
0.01,4
0.02,5
0.03,8
0.04,9
0.05,12
0.06,14
0.07,17
0.08,19
0.09,21
0.1,23
0.11,26
0.12,28
0.13,31
0.14,32
0.15,34
0.16,37
0.17,38
0.18,41
0.19,43
0.2,45
0.21,47
0.22,49
0.23,50
0.24,53
0.25,56
0.26,58
0.27,60
0.28,62
0.29,64
0.3,66
0.31,68
0.32,71
0.33,73
0.34,75
0.35,78
0.36,77
0.37,82
0.38,58
0.39,86
0.4,89
0.41,90
0.42,92
0.43,94
0.44,97
0.45,99
0.46,101
0.47,102
0.48,104
0.49,107
0.5,109
0.51,111
0.52,114
0.53,114
0.54,118
0.55,121
0.56,122
0.57,124
0.58,125
0.59,128
0.6,129
0.61,132
0.62,134
0.63,136
0.64,138
0.65,141
0.66,137
0.67,146
0.68,148
0.69,150
0.7,152
0.71,154
0.72,155
0.73,157
0.74,160
0.75,161
0.76,165
0.77,166
0.78,171
0.79,170
0.8,175
0.81,178
0.82,179
0.83,181
0.84,181
0.85,185
0.86,185
0.87,189
0.88,189
0.89,193
0.9,184
0.91,196
0.92,199
0.93,200
0.94,202
0.95,203
0.96,207
0.97,205
0.98,211
0.99,210
1.0,215
1.01,213
1.02,219
1.03,155
1.04,224
1.05,228
1.06,229
1.07,232
1.08,234
1.09,237
1.1,236
1.11,241
1.12,240
1.13,245
1.14,243
1.15,250
1.16,234
1.17,253
1.18,256
1.19,258
1.2,261
1.21,261
1.22,265
1.23,265
1.24,269
1.25,269
1.26,273
1.27,272
1.28,278
1.29,274
1.3,282
1.31,268
1.32,285
1.33,289
1.34,290
1.35,292
1.36,294
1.37,297
1.38,297
1.39,301
1.4,300
1.41,305
1.42,298
1.43,309
1.44,313
1.45,313
1.46,316
1.47,315
1.48,320
1.49,318
1.5,323
1.51,320
1.52,328
1.53,324
1.54,330
1.55,318
1.56,333
1.57,337
1.58,337
1.59,340
1.6,340
1.61,346
1.62,344
1.63,350
1.64,345
1.65,353
1.66,357
1.67,357
1.68,360
1.69,359
1.7,364
1.71,361
1.72,369
1.73,357
1.74,371
1.75,375
1.76,375
1.77,379
1.78,378
1.79,382
1.8,381
1.81,387
1.82,379
1.83,390
1.84,134
1.85,394
1.86,399
1.87,398
1.88,403
1.89,400
1.9,407
1.91,402
1.92,412
1.93,398
1.94,414
1.95,418
1.96,417
1.97,421
1.98,419
1.99,426
2.0,421
2.01,429
2.02,423
2.03,432
2.04,342
2.05,435
2.06,439
2.07,438
2.08,443
2.09,440
2.1,447
2.11,444
2.12,451
2.13,445
2.14,454
2.15,435
2.16,458
2.17,462
2.18,461
2.19,465
2.2,462
2.21,469
2.22,462
2.23,472
2.24,312
2.25,475
2.26,480
2.27,478
2.28,483
2.29,480
2.3,488
2.31,480
2.32,492
2.33,468
2.34,496
2.35,500
2.36,499
2.37,503
2.38,499
2.39,507
2.4,498
2.41,511
2.42,410
2.43,514
2.44,518
2.45,515
2.46,521
2.47,514
2.48,524
2.49,513
2.5,527
2.51,355
2.52,530
2.53,535
2.54,532
2.55,538
2.56,531
2.57,542
2.58,526
2.59,544
2.6,548
2.61,548
2.62,553
2.63,546
2.64,556
2.65,539
2.66,559
2.67,563
2.68,563
2.69,567
2.7,563
2.71,573
2.72,561
2.73,576
2.74,292
2.75,579
2.76,583
2.77,580
2.78,587
2.79,576
2.8,591
2.81,564
2.82,592
2.83,598
2.84,593
2.85,601
2.86,590
2.87,604
2.88,362
2.89,607
2.9,612
2.91,607
2.92,616
2.93,603
2.94,621
2.95,625
2.96,623
2.97,628
2.98,617
2.99,632
3.0,612
3.01,634
3.02,258
3.03,638
3.04,645
3.05,641
3.06,650
3.07,639
3.08,654
3.09,640
3.1,658
3.11,630
3.12,660
3.13,117
3.14,662
3.15,669
3.16,662
3.17,673
3.18,658
3.19,676
3.2,306
3.21,678
3.22,684
3.23,681
3.24,688
3.25,682
3.26,691
3.27,676
3.28,696
3.29,460
3.3,697
3.31,704
3.32,700
3.33,707
3.34,694
3.35,710
3.36,693
3.37,713
3.38,467
3.39,715
3.4,721
3.41,716
3.42,725
3.43,711
3.44,728
3.45,709
3.46,730
3.47,539
3.48,732
3.49,739
3.5,736
3.51,743
3.52,735
3.53,746
3.54,731
3.55,751
3.56,213
3.57,752
3.58,759
3.59,750
3.6,762
3.61,748
3.62,767
3.63,548
3.64,768
3.65,776
3.66,768
3.67,779
3.68,749
3.69,780
3.7,787
3.71,780
3.72,790
3.73,776
3.74,794
3.75,765
3.76,796
3.77,35
3.78,799
3.79,807
3.8,793
3.81,811
3.82,775
3.83,814
3.84,821
3.85,816
3.86,825
3.87,812
3.88,828
3.89,804
3.9,831
3.91,400
3.92,833
3.93,840
3.94,828
3.95,845
3.96,822
3.97,847
3.98,215
3.99,850
4.0,857
4.01,848
4.02,860
4.03,842
4.04,862
4.05,836
4.06,865
4.07,554
4.08,866
4.09,874
4.1,870
4.11,878
4.12,869
4.13,882
4.14,865
4.15,884
4.16,847
4.17,887
4.18,893
4.19,888
4.2,898
4.21,885
4.22,902
4.23,880
4.24,904
4.25,911
4.26,905
4.27,915
4.28,894
4.29,920
4.3,892
4.31,923
4.32,615
4.33,923
4.34,931
4.35,924
4.36,934
4.37,924
4.38,938
4.39,917
4.4,941
4.41,871
4.42,943
4.43,951
4.44,938
4.45,955
4.46,932
4.47,956
4.48,646
4.49,957
4.5,966
4.51,958
4.52,969
4.53,953
4.54,972
4.55,923
4.56,972
4.57,980
4.58,970
4.59,981
4.6,559
4.61,982
4.62,990
4.63,979
4.64,992
4.65,969
4.66,995
4.67,375
4.68,994
4.69,1002
4.7,992
4.71,1007
4.72,983
4.73,1010
4.74,498
4.75,1012
4.76,1020
4.77,1006
4.78,1023
4.79,991
4.8,1023
4.81,306
4.82,1024
4.83,1035
4.84,1024
4.85,1038
4.86,1014
4.87,1039
4.88,821
4.89,1041
4.9,1049
4.91,1042
4.92,1053
4.93,1031
4.94,1054
4.95,861
4.96,1055
4.97,1064
4.98,1054
4.99,1069
5.0,1043
5.01,1071
5.02,1034
5.03,1073
5.04,624
5.05,1076
5.06,1084
5.07,1076
5.08,1088
5.09,1077
5.1,1091
5.11,1067
5.12,1093
5.13,1064
5.14,1097
5.15,900
5.16,1099
5.17,343
5.18,1100
5.19,1111
5.2,1100
5.21,1115
5.22,1096
5.23,1118
5.24,1076
5.25,1120
5.26,547
5.27,1119
5.28,1131
5.29,1118
5.3,1135
5.31,1107
5.32,1136
5.33,669
5.34,1133
5.35,1144
5.36,1134
5.37,1149
5.38,1122
5.39,1152
5.4,1106
5.41,1154
5.42,588
5.43,1155
5.44,1166
5.45,1153
5.46,1170
5.47,1154
5.48,1173
5.49,1136
5.5,1173
5.51,519
5.52,1175
5.53,1187
5.54,1170
5.55,1188
5.56,1124
5.57,1184
5.58,1194
5.59,1180
5.6,1198
5.61,1168
5.62,1199
5.63,258
5.64,1196
5.65,1207
5.66,1184
5.67,1210
5.68,967
5.69,1208
5.7,1220
5.71,1209
5.72,1225
5.73,1183
5.74,1227
5.75,400
5.76,1221
5.77,1235
5.78,1200
5.79,1236
5.8,855
5.81,1235
5.82,1246
5.83,1233
5.84,1249
5.85,1223
5.86,1251
5.87,890
5.88,1250
5.89,1261
5.9,1247
5.91,1264
5.92,1231
5.93,1266
5.94,474
5.95,1264
5.96,1275
5.97,1257
5.98,1279
5.99,1217
6.0,1279
6.01,127
6.02,1276
6.03,1290
6.04,1275
6.05,1295
6.06,1258
6.07,1296
6.08,1241
6.09,1296
6.1,143
6.11,1298
6.12,1310
6.13,1290
6.14,1314
6.15,1275
6.16,1315
6.17,998
6.18,1315
6.19,1324
6.2,1306
6.21,1328
6.22,1292
6.23,1329
6.24,779
6.25,1328
6.26,1340
6.27,1323
6.28,1345
6.29,1302
6.3,1345
6.31,1136
6.32,1347
6.33,184
6.34,1347
6.35,1362
6.36,1323
6.37,1362
6.38,1064
6.39,1360
6.4,1374
6.41,1357
6.42,1376
6.43,1341
6.44,1378
6.45,972
6.46,1374
6.47,9
6.48,1374
6.49,1393
6.5,1370
6.51,1397
6.52,1344
6.53,1396
6.54,291
6.55,1387
6.56,1405
6.57,1370
6.58,1406
6.59,694
6.6,1400
6.61,1417
6.62,1394
6.63,1418
6.64,1359
6.65,1416
6.66,1428
6.67,1405
6.68,1430
6.69,1372
6.7,1430
6.71,510
6.72,1426
6.73,1442
6.74,1412
6.75,1443
6.76,1375
6.77,1444
6.78,319
6.79,1435
6.8,1455
6.81,1413
6.82,1457
6.83,1380
6.84,1458
6.85,346
6.86,1455
6.87,1472
6.88,1437
6.89,1472
6.9,1182
6.91,1467
6.92,1484
6.93,1460
6.94,1486
6.95,1376
6.96,1481
6.97,1496
6.98,1477
6.99,1499
7.0,1468
7.01,1504
7.02,1443
7.03,1504
7.04,959
7.05,1501
7.06,1518
7.07,1497
7.08,1521
7.09,1485
7.1,1524
7.11,1014
7.12,1518
7.13,1535
7.14,1512
7.15,1535
7.16,1502
7.17,1541
7.18,1478
7.19,1541
7.2,1550
7.21,1529
7.22,1553
7.23,1517
7.24,1557
7.25,1498
7.26,1556
7.27,1050
7.28,1555
7.29,158
7.3,1547
7.31,1572
7.32,1529
7.33,1575
7.34,1505
7.35,1577
7.36,381
7.37,1569
7.38,1590
7.39,1555
7.4,1593
7.41,1521
7.42,1592
7.43,1059
7.44,1591
7.45,344
7.46,1581
7.47,1607
7.48,1538
7.49,1607
7.5,1168
7.51,1603
7.52,1620
7.53,1587
7.54,1622
7.55,1550
7.56,1621
7.57,780
7.58,1616
7.59,1635
7.6,1602
7.61,1637
7.62,1514
7.63,1631
7.64,1647
7.65,1620
7.66,1648
7.67,1585
7.68,1646
7.69,958
7.7,1646
7.71,1662
7.72,1625
7.73,1662
7.74,1585
7.75,1662
7.76,521
7.77,1645
7.78,1674
7.79,1613
7.8,1675
7.81,1399
7.82,1671
7.83,377
7.84,1668
7.85,1689
7.86,1644
7.87,1689
7.88,1255
7.89,1682
7.9,227
7.91,1676
7.92,1701
7.93,1654
7.94,1702
7.95,1063
7.96,1696
7.97,131
7.98,1695
7.99,1718
8.0,1680
8.01,1719
8.02,1650
8.03,1719
8.04,1202
8.05,1716
8.06,37
8.07,1713
8.08,1740
8.09,1701
8.1,1739
8.11,1649
8.12,1738
8.13,221
8.14,1730
8.15,1753
8.16,1707
8.17,1754
8.18,1669
8.19,1756
8.2,951
8.21,1754
8.22,287
8.23,1751
8.24,1776
8.25,1730
8.26,1774
8.27,637
8.28,1765
8.29,1789
8.3,1747
8.31,1788
8.32,1565
8.33,1789
8.34,779
8.35,1780
8.36,1807
8.37,1746
8.38,1802
8.39,1117
8.4,1792
8.41,1817
8.42,1777
8.43,1818
8.44,1730
8.45,1817
8.46,1300
8.47,1812
8.48,173
8.49,1801
8.5,1837
8.51,1748
8.52,1833
8.53,665
8.54,1824
8.55,1850
8.56,1773
8.57,1845
8.58,906
8.59,1837
8.6,1863
8.61,1821
8.62,1862
8.63,1757
8.64,1856
8.65,129
8.66,1839
8.67,1873
8.68,1683
8.69,1870
8.7,909
8.71,1862
8.72,1889
8.73,1843
8.74,1889
8.75,1790
8.76,1886
8.77,594
8.78,1872
8.79,1902
8.8,1829
8.81,1901
8.82,1455
8.83,1894
8.84,234
8.85,1878
8.86,1914
8.87,1839
8.88,1910
8.89,499
8.9,1891
8.91,1926
8.92,1846
8.93,1923
8.94,727
8.95,1912
8.96,1942
8.97,1891
8.98,1941
8.99,1842
9.0,1941
9.01,1045
9.02,1929
9.03,1957
9.04,1919
9.05,1958
9.06,1882
9.07,1956
9.08,1678
9.09,1957
9.1,649
9.11,1942
9.12,1978
9.13,1931
9.14,1974
9.15,1886
9.16,1974
9.17,1446
9.18,1975
9.19,528
9.2,1962
9.21,1994
9.22,1940
9.23,1994
9.24,1827
9.25,1989
9.26,1032
9.27,1979
9.28,2013
9.29,1947
9.3,2011
9.31,1723
9.32,2006
9.33,324
9.34,1989
9.35,2028
9.36,1947
9.37,2023
9.38,1423
9.39,2019
9.4,243
9.41,2002
9.42,2040
9.43,1932
9.44,2035
9.45,901
9.46,2021
9.47,2058
9.48,1997
9.49,2055
9.5,1740
9.51,2048
9.52,495
9.53,2029
9.54,2070
9.55,1974
9.56,2063
9.57,1094
9.58,2045
9.59,2080
9.6,2020
9.61,2079
9.62,1964
9.63,2072
9.64,2093
9.65,2030
9.66,2089
9.67,1823
9.68,2082
9.69,755
9.7,2068
9.71,2106
9.72,2046
9.73,2105
9.74,1964
9.75,2097
9.76,311
9.77,2073
9.78,2115
9.79,2010
9.8,2108
9.81,894
9.82,2093
9.83,2131
9.84,1844
9.85,2119
9.86,397
9.87,2104
9.88,2143
9.89,2078
9.9,2141
9.91,1599
9.92,2124
9.93,165
9.94,2091
9.95,2151
9.96,1501
9.97,2134
9.98,2164
9.99,2097
10.0,2161
10.01,1824
10.02,2153
10.03,347
10.04,2132
10.05,2173
10.06,1937
10.07,2161
10.08,240
10.09,2139
10.1,2182
10.11,1783
10.12,2175
10.13,415
10.14,2154
10.15,2195
10.16,2080
10.17,2186
10.18,497
10.19,2156
10.2,2204
10.21,2087
10.22,2194
10.23,670
10.24,2166
10.25,2214
10.26,1724
10.27,2198
10.28,2230
10.29,2127
10.3,2214
10.31,508
10.32,2193
10.33,2235
10.34,2129
10.35,2229
10.36,979
10.37,2211
10.38,2250
10.39,2163
10.4,2242
10.41,1173
10.42,2219
10.43,2258
10.44,2162
10.45,2253
10.46,138
10.47,2212
10.48,2266
10.49,1734
10.5,2253
10.51,47
10.52,2202
10.53,2276
10.54,1432
10.55,2249
10.56,2286
10.57,2173
10.58,2274
10.59,148
10.6,2234
10.61,2292
10.62,1390
10.63,2270
10.64,2308
10.65,2189
10.66,2289
10.67,370
10.68,2251
10.69,2311
10.7,1628
10.71,2292
10.72,2329
10.73,1998
10.74,2304
10.75,2335
10.76,2241
10.77,2321
10.78,1099
10.79,2302
10.8,2344
10.81,2067
10.82,2326
10.83,2353
10.84,2257
10.85,2338
10.86,587
10.87,2312
10.88,2355
10.89,1937
10.9,2342
10.91,2369
10.92,2272
10.93,2356
10.94,963
10.95,2333
10.96,2376
10.97,2141
10.98,2360
10.99,2387
11.0,2310
11.01,2381
11.02,1661
11.03,2365
11.04,294
11.05,2322
11.06,2393
11.07,1677
11.08,2378
11.09,420
11.1,2356
11.11,2406
11.12,2035
11.13,2392
11.14,691
11.15,2366
11.16,2414
11.17,2127
11.18,2402
11.19,440
11.2,2365
11.21,2425
11.22,1828
11.23,2409
11.24,274
11.25,2360
11.26,2432
11.27,1373
11.28,2395
11.29,2443
11.3,1976
11.31,2429
11.32,349
11.33,2402
11.34,2455
11.35,2016
11.36,2442
11.37,386
11.38,2410
11.39,2466
11.4,2003
11.41,2452
11.42,415
11.43,2422
11.44,2477
11.45,2025
11.46,2464
11.47,523
11.48,2435
11.49,2487
11.5,2029
11.51,2467
11.52,67
11.53,2410
11.54,2493
11.55,1267
11.56,2458
11.57,2509
11.58,2006
11.59,2488
11.6,2521
11.61,2268
11.62,2496
11.63,715
11.64,2466
11.65,2519
11.66,1797
11.67,2505
11.68,278
11.69,2459
11.7,2529
11.71,1665
11.72,2503
11.73,2549
11.74,2441
11.75,2535
11.76,1006
11.77,2498
11.78,2549
11.79,1508
11.8,2515
11.81,2566
11.82,2322
11.83,2544
11.84,2576
11.85,2452
11.86,2553
11.87,669
11.88,2513
11.89,2574
11.9,1397
11.91,2537
11.92,2590
11.93,2245
11.94,2569
11.95,135
11.96,2486
11.97,2584
11.98,967
11.99,2548
12.0,2600
12.01,2309
12.02,2590
12.03,988
12.04,2558
12.05,2613
12.06,1763
12.07,2588
12.08,27
12.09,2528
12.1,2621
12.11,1819
12.12,2607
12.13,328
12.14,2562
12.15,2634
12.16,2129
12.17,2619
12.18,217
12.19,2567
12.2,2643
12.21,1861
12.22,2629
12.23,313
12.24,2578
12.25,2653
12.26,1797
12.27,2631
12.28,2673
12.29,2533
12.3,2656
12.31,1077
12.32,2618
12.33,2678
12.34,2420
12.35,2662
12.36,983
12.37,2627
12.38,2684
12.39,2328
12.4,2670
12.41,710
12.42,2623
12.43,2691
12.44,2029
12.45,2676
12.46,385
12.47,2625
12.48,2698
12.49,1649
12.5,2666
12.51,2715
12.52,2411
12.53,2695
12.54,883
12.55,2655
12.56,2717
12.57,1701
12.58,2687
12.59,2738
12.6,2277
12.61,2711
12.62,105
12.63,2601
12.64,2718
12.65,218
12.66,2626
12.67,2730
12.68,737
12.69,2674
12.7,2753
12.71,1895
12.72,2719
12.73,2769
12.74,2459
12.75,2742
12.76,666
12.77,2668
12.78,2764
12.79,1273
12.8,2715
12.81,2780
12.82,2173
12.83,2754
12.84,32
12.85,2663
12.86,2774
12.87,889
12.88,2721
12.89,2793
12.9,1948
12.91,2760
12.92,2812
12.93,2075
12.94,2773
12.95,2821
12.96,2522
12.97,2790
12.98,99
12.99,2499
13.0,2808
13.01,1221
13.02,2768
13.03,2833
13.04,2476
13.05,2805
13.06,628
13.07,2753
13.08,2834
13.09,2245
13.1,2822
13.11,568
13.12,2763
13.13,2844
13.14,1735
13.15,2818
13.16,2865
13.17,2729
13.18,2850
13.19,781
13.2,2788
13.21,2868
13.22,1874
13.23,2841
13.24,146
13.25,2762
13.26,2870
13.27,1052
13.28,2807
13.29,2882
13.3,2086
13.31,2861
13.32,2898
13.33,2576
13.34,2878
13.35,1048
13.36,2828
13.37,2900
13.38,2195
13.39,2872
13.4,25
13.41,2750
13.42,2900
13.43,1016
13.44,2837
13.45,2918
13.46,2100
13.47,2897
13.48,307
13.49,2802
13.5,2922
13.51,1151
13.52,2843
13.53,2933
13.54,1829
13.55,2904
13.56,2953
13.57,2274
13.58,2921
13.59,2959
13.6,2652
13.61,2933
13.62,518
13.63,2855
13.64,2956
13.65,1802
13.66,2923
13.67,138
13.68,2853
13.69,2965
13.7,1480
13.71,2912
13.72,2982
13.73,2287
13.74,2954
13.75,727
13.76,2880
13.77,2984
13.78,1802
13.79,2956
13.8,3005
13.81,2362
13.82,2970
13.83,513
13.84,2895
13.85,3001
13.86,1349
13.87,2945
13.88,3019
13.89,2434
13.9,2995
13.91,471
13.92,2884
13.93,3006
13.94,402
13.95,2899
13.96,3022
13.97,1411
13.98,2965
13.99,3042
14.0,2810
14.01,3030
14.02,1447
14.03,2986
14.04,3057
14.05,2655
14.06,3034
14.07,1216
14.08,2974
14.09,3061
14.1,2476
14.11,3039
14.12,808
14.13,2965
14.14,3064
14.15,1126
14.16,3000
14.17,3075
14.18,2054
14.19,3050
14.2,322
14.21,2968
14.22,3080
14.23,1600
14.24,3043
14.25,3105
14.26,2880
14.27,3083
14.28,1231
14.29,3036
14.3,3111
14.31,2612
14.32,3089
14.33,722
14.34,3010
14.35,3111
14.36,2054
14.37,3088
14.38,3133
14.39,2650
14.4,3096
14.41,388
14.42,3007
14.43,3122
14.44,1531
14.45,3073
14.46,3149
14.47,2702
14.48,3127
14.49,920
14.5,3054
14.51,3145
14.52,2176
14.53,3122
14.54,348
14.55,3017
14.56,3144
14.57,1057
14.58,3081
14.59,3169
14.6,2060
14.61,3136
14.62,216
14.63,3035
14.64,3171
14.65,1485
14.66,3118
14.67,3190
14.68,2014
14.69,3146
14.7,3203
14.71,2415
14.72,3169
14.73,802
14.74,3090
14.75,3199
14.76,1341
14.77,3110
14.78,3207
14.79,1995
14.8,3184
14.81,261
14.82,3067
14.83,3210
14.84,786
14.85,3110
14.86,3220
14.87,1739
14.88,3176
14.89,3246
14.9,2602
14.91,3218
14.92,862
14.93,3138
14.94,3243
14.95,2218
14.96,3220
14.97,346
14.98,3108
14.99,3249
15.0,1758
15.01,3216
15.02,305
15.03,3122
15.04,3259
15.05,1461
15.06,3198
15.07,3285
15.08,2575
15.09,3258
15.1,810
15.11,3150
15.12,3273
15.13,1427
15.14,3213
15.15,3305
15.16,2943
15.17,3285
15.18,1263
15.19,3207
15.2,3306
15.21,2027
15.22,3227
15.23,3316
15.24,2541
15.25,3291
15.26,704
15.27,3197
15.28,3316
15.29,1628
15.3,3266
15.31,3341
15.32,2305
15.33,3300
15.34,538
15.35,3214
15.36,3336
15.37,1893
15.38,3293
15.39,107
15.4,2971
15.41,3339
15.42,1176
15.43,3269
15.44,3367
15.45,2715
15.46,3343
15.47,942
15.48,3251
15.49,3366
15.5,1894
15.51,3327
15.52,76
15.53,3118
15.54,3367
15.55,1320
15.56,3295
15.57,3395
15.58,2409
15.59,3350
15.6,293
15.61,3226
15.62,3382
15.63,1576
15.64,3336
15.65,3414
15.66,2947
15.67,3382
15.68,993
15.69,3299
15.7,3413
15.71,2204
15.72,3376
15.73,3431
15.74,2718
15.75,3395
15.76,845
15.77,3304
15.78,3422
15.79,2090
15.8,3390
15.81,97
15.82,3185
15.83,3421
15.84,1081
15.85,3322
15.86,3435
15.87,1888
15.88,3384
15.89,50
15.9,2736
15.91,3420
15.92,417
15.93,3303
15.94,3453
15.95,1688
15.96,3367
15.97,3471
15.98,1918
15.99,3428
16.0,143
16.01,2752
16.02,3456
16.03,972
16.04,3378
16.05,3490
16.06,2707
16.07,3465
16.08,1137
16.09,3399
16.1,3504
16.11,2475
16.12,3465
16.13,852
16.14,3381
16.15,3506
16.16,2527
16.17,3481
16.18,793
16.19,3391
16.2,3515
16.21,2211
16.22,3478
16.23,583
16.24,3369
16.25,3517
16.26,1367
16.27,3438
16.28,3534
16.29,2106
16.3,3498
16.31,709
16.32,3403
16.33,3542
16.34,2246
16.35,3505
16.36,363
16.37,2979
16.38,3538
16.39,1516
16.4,3491
16.41,3578
16.42,2007
16.43,3518
16.44,3581
16.45,2655
16.46,3539
16.47,637
16.48,3234
16.49,3553
16.5,1020
16.51,3448
16.52,3579
16.53,1872
16.54,3522
16.55,3609
16.56,2950
16.57,3570
16.58,1088
16.59,3446
16.6,3590
16.61,1323
16.62,3508
16.63,3620
16.64,2315
16.65,3573
16.66,556
16.67,3265
16.68,3603
16.69,1560
16.7,3534
16.71,3642
16.72,2526
16.73,3594
16.74,436
16.75,3303
16.76,3617
16.77,1243
16.78,3517
16.79,3635
16.8,2020
16.81,3597
16.82,190
16.83,2948
16.84,3620
16.85,534
16.86,3371
16.87,3643
16.88,1422
16.89,3518
16.9,3656
16.91,1691
16.92,3574
16.93,3679
16.94,2284
16.95,3627
16.96,74
16.97,2987
16.98,3654
16.99,1137
17.0,3532
17.01,3680
17.02,2086
17.03,3644
17.04,436
17.05,3464
17.06,3678
17.07,1119
17.08,3574
17.09,3710
17.1,2474
17.11,3659
17.12,3728
17.13,2486
17.14,3679
17.15,742
17.16,3558
17.17,3712
17.18,2023
17.19,3675
17.2,521
17.21,3536
17.22,3724
17.23,2097
17.24,3688
17.25,600
17.26,3516
17.27,3733
17.28,1612
17.29,3611
17.3,3747
17.31,2149
17.32,3701
17.33,3774
17.34,3044
17.35,3741
17.36,1630
17.37,3677
17.38,3786
17.39,2529
17.4,3730
17.41,570
17.42,3055
17.43,3750
17.44,481
17.45,3204
17.46,3766
17.47,1154
17.48,3648
17.49,3791
17.5,2326
17.51,3749
17.52,569
17.53,3292
17.54,3784
17.55,1423
17.56,3697
17.57,3816
17.58,2223
17.59,3761
17.6,101
17.61,3154
17.62,3801
17.63,1022
17.64,3673
17.65,3819
17.66,1956
17.67,3749
17.68,3838
17.69,2355
17.7,3784
17.71,34
17.72,2848
17.73,3815
17.74,630
17.75,3338
17.76,3833
17.77,1203
17.78,3706
17.79,3853
17.8,1675
17.81,3766
17.82,3879
17.83,2568
17.84,3835
17.85,586
17.86,3512
17.87,3863
17.88,1300
17.89,3746
17.9,3882
17.91,2247
17.92,3789
17.93,3903
17.94,2520
17.95,3846
17.96,316
17.97,3234
17.98,3883
17.99,1395
18.0,3791
18.01,3908
18.02,2190
18.03,3857
18.04,549
18.05,3527
18.06,3910
18.07,1645
18.08,3834
18.09,3945
18.1,3110
18.11,3912
18.12,1597
18.13,3838
18.14,43
18.15,3201
18.16,3920
18.17,1131
18.18,3806
18.19,3952
18.2,2187
18.21,3891
18.22,378
18.23,3226
18.24,3936
18.25,1460
18.26,3841
18.27,3984
18.28,2761
18.29,3941
18.3,813
18.31,3656
18.32,3970
18.33,1880
18.34,3904
18.35,4002
18.36,2735
18.37,3935
18.38,4009
18.39,2626
18.4,3941
18.41,4014
18.42,2848
18.43,3968
18.44,805
18.45,3659
18.46,3998
18.47,2030
18.48,3921
18.49,4030
18.5,2976
18.51,3978
18.52,841
18.53,3677
18.54,4017
18.55,2111
18.56,3953
18.57,4047
18.58,2958
18.59,4005
18.6,1196
18.61,3884
18.62,4039
18.63,1860
18.64,3952
18.65,21
18.66,2825
18.67,4008
18.68,614
18.69,3323
18.7,4042
18.71,1574
18.72,3946
18.73,4073
18.74,2267
18.75,4004
18.76,207
18.77,2845
18.78,4026
18.79,4096
18.8,2928
18.81,4049
18.82,732
18.83,3472
18.84,4075
18.85,1401
18.86,3949
18.87,4103
18.88,2081
18.89,4019
18.9,61
18.91,2670
18.92,4046
18.93,102
18.94,2988
18.95,4072
18.96,754
18.97,3511
18.98,4104
18.99,1602
19.0,4030
19.01,47
19.02,3215
19.03,4111
19.04,1302
19.05,3968
19.06,4135
19.07,1789
19.08,4025
19.09,4163
19.1,2634
19.11,4093
19.12,682
19.13,3698
19.14,4153
19.15,2003
19.16,4078
19.17,170
19.18,2778
19.19,4113
19.2,1006
19.21,3713
19.22,4165
19.23,1926
19.24,4092
19.25,297
19.26,3297
19.27,4164
19.28,1633
19.29,4048
19.3,4209
19.31,2854
19.32,4152
19.33,1123
19.34,3973
19.35,4191
19.36,1989
19.37,4102
19.38,53
19.39,3098
19.4,4185
19.41,1086
19.42,3835
19.43,4211
19.44,1231
19.45,3608
19.46,4195
19.47,908
19.48,3690
19.49,4212
19.5,1834
19.51,4069
19.52,4247
19.53,1792
19.54,4113
19.55,4266
19.56,2889
19.57,4187
19.58,688
19.59,3376
19.6,4223
19.61,1163
19.62,3939
19.63,4260
19.64,1826
19.65,4135
19.66,4288
19.67,2294
19.68,4189
19.69,284
19.7,2999
19.71,4231
19.72,1113
19.73,3999
19.74,4292
19.75,2302
19.76,4197
19.77,4314
19.78,2747
19.79,4216
19.8,399
19.81,3360
19.82,4282
19.83,1661
19.84,4145
19.85,4319
19.86,1412
19.87,4072
19.88,4322
19.89,2096
19.9,4225
19.91,4345
19.92,2090
19.93,4198
19.94,4351
19.95,2749
19.96,4272
19.97,476
19.98,3451
19.99,4320
20.0,1912
20.01,4245
20.02,268
20.03,3011
20.04,4322
20.05,670
20.06,3552
20.07,4341
20.08,1678
20.09,4238
20.1,4388
20.11,2904
20.12,4335
20.13,823
20.14,3644
20.15,4368
20.16,2047
20.17,4276
20.18,323
20.19,3377
20.2,4370
20.21,1278
20.22,3963
20.23,4402
20.24,2117
20.25,4300
20.26,161
20.27,3189
20.28,4374
20.29,1461
20.3,4106
20.31,4425
20.32,2496
20.33,4328
20.34,517
20.35,3306
20.36,4396
20.37,1546
20.38,4007
20.39,4431
20.4,1476
20.41,4151
20.42,4434
20.43,1695
20.44,4299
20.45,2
20.46,3007
20.47,4412
20.48,1420
20.49,4255
20.5,4478
20.51,2800
20.52,4407
20.53,268
20.54,3105
20.55,4410
20.56,774
20.57,3708
20.58,4460
20.59,1978
20.6,4362
20.61,126
20.62,2947
20.63,4441
20.64,1149
20.65,3922
20.66,4480
20.67,1614
20.68,4316
20.69,4518
20.7,2768
20.71,4412
20.72,495
20.73,2895
20.74,4454
20.75,1153
20.76,3881
20.77,4494
20.78,1738
20.79,4083
20.8,4524
20.81,2213
20.82,4401
20.83,4548
20.84,3013
20.85,4463
20.86,603
20.87,3187
20.88,4492
20.89,1203
20.9,3938
20.91,4533
20.92,556
20.93,3220
20.94,4515
20.95,1000
20.96,3633
20.97,4525
20.98,983
20.99,3243
21.0,4529
21.01,1268
21.02,4056
21.03,4558
21.04,2083
21.05,4462
21.06,545
21.07,3388
21.08,4555
21.09,1735
21.1,4099
21.11,4596
21.12,2417
21.13,4473
21.14,4617
21.15,2979
21.16,4547
21.17,1221
21.18,4200
21.19,4610
21.2,1762
21.21,4464
21.22,56
21.23,3102
21.24,4577
21.25,617
21.26,3638
21.27,4610
21.28,1842
21.29,4388
21.3,4654
21.31,2263
21.32,4500
21.33,4662
21.34,2577
21.35,4549
21.36,308
21.37,2954
21.38,4594
21.39,338
21.4,3260
21.41,4629
21.42,1390
21.43,4195
21.44,4678
21.45,2386
21.46,4568
21.47,4693
21.48,2891
21.49,4622
21.5,394
21.51,3310
21.52,4636
21.53,764
21.54,3497
21.55,4655
21.56,1355
21.57,4090
21.58,4695
21.59,1769
21.6,4404
21.61,4714
21.62,2126
21.63,4546
21.64,4731
21.65,2590
21.66,4593
21.67,122
21.68,2714
21.69,4642
21.7,4737
21.71,2567
21.72,4632
21.73,550
21.74,3404
21.75,4671
21.76,989
21.77,3402
21.78,4703
21.79,1353
21.8,4003
21.81,4743
21.82,2033
21.83,4331
21.84,4765
21.85,2509
21.86,4652
21.87,4781
21.88,2788
21.89,4677
21.9,610
21.91,3485
21.92,4738
21.93,1626
21.94,4239
21.95,4776
21.96,1890
21.97,4422
21.98,4791
21.99,2156
22.0,4661
22.01,511
22.02,3513
22.03,4764
22.04,1513
22.05,4285
22.06,4818
22.07,2529
22.08,4713
22.09,275
22.1,2944
22.11,4744
22.12,663
22.13,3600
22.14,4745
22.15,782
22.16,3570
22.17,4788
22.18,1744
22.19,4566
22.2,28
22.21,3008
22.22,4783
22.23,1403
22.24,4207
22.25,4839
22.26,2247
22.27,4641
22.28,4870
22.29,2416
22.3,4680
22.31,246
22.32,3172
22.33,4815
22.34,1597
22.35,4397
22.36,4861
22.37,2145
22.38,4701
22.39,4895
22.4,2740
22.41,4728
22.42,15
22.43,2862
22.44,4793
22.45,885
22.46,3788
22.47,4869
22.48,861
22.49,3417
22.5,4862
22.51,1728
22.52,4254
22.53,4908
22.54,2157
22.55,4752
22.56,4934
22.57,2933
22.58,4816
22.59,722
22.6,3716
22.61,4901
22.62,1506
22.63,4136
22.64,4916
22.65,1925
22.66,4600
22.67,4950
22.68,2286
22.69,4796
22.7,430
22.71,3438
22.72,4889
22.73,848
22.74,3387
22.75,4899
22.76,1415
22.77,4179
22.78,4962
22.79,2340
22.8,4817
22.81,334
22.82,3328
22.83,4913
22.84,1397
22.85,4165
22.86,4975
22.87,2180
22.88,4537
22.89,4997
22.9,2413
22.91,4827
22.92,98
22.93,2950
22.94,4898
22.95,881
22.96,3703
22.97,4979
22.98,1911
22.99,4462
23.0,5025
23.01,2793
23.02,4913
23.03,989
23.04,3873
23.05,5006
23.06,2166
23.07,4854
23.08,369
23.09,3444
23.1,4989
23.11,1966
23.12,4662
23.13,5054
23.14,2893
23.15,4956
23.16,1049
23.17,3883
23.18,5033
23.19,2098
23.2,4853
23.21,5072
23.22,2592
23.23,4936
23.24,515
23.25,3220
23.26,4996
23.27,774
23.28,3490
23.29,5026
23.3,1448
23.31,4110
23.32,5078
23.33,2269
23.34,4862
23.35,298
23.36,3361
23.37,5035
23.38,1533
23.39,4313
23.4,5067
23.41,1808
23.42,4507
23.43,5121
23.44,2711
23.45,4990
23.46,42
23.47,3044
23.48,5029
23.49,1271
23.5,3953
23.51,5070
23.52,1099
23.53,3677
23.54,5074
23.55,687
23.56,3136
23.57,5001
23.58,5146
23.59,1985
23.6,4103
23.61,5077
23.62,5151
23.63,1774
23.64,4445
23.65,5137
23.66,2294
23.67,4867
23.68,5161
23.69,2686
23.7,5012
23.71,495
23.72,3446
23.73,5095
23.74,1016
23.75,3607
23.76,5113
23.77,1486
23.78,4107
23.79,5142
23.8,267
23.81,3110
23.82,5085
23.83,980
23.84,3598
23.85,5132
23.86,1470
23.87,4116
23.88,5179
23.89,2035
23.9,4657
23.91,5200
23.92,2356
23.93,4958
23.94,206
23.95,2849
23.96,4841
23.97,5229
23.98,2584
23.99,4847
24.0,604
24.01,3412
24.02,5169
24.03,1718
24.04,4560
24.05,5245
24.06,2538
24.07,4800
24.08,210
24.09,2962
24.1,5152
24.11,1125
24.12,3593
24.13,5215
24.14,1996
24.15,4634
24.16,5273
24.17,2630
24.18,4905
24.19,119
24.2,3279
24.21,5189
24.22,1192
24.23,4117
24.24,5273
24.25,2493
24.26,5054
24.27,544
24.28,3185
24.29,5201
24.3,1356
24.31,4206
24.32,5255
24.33,513
24.34,3431
24.35,5223
24.36,1008
24.37,3764
24.38,5275
24.39,2063
24.4,4860
24.41,5329
24.42,2933
24.43,5188
24.44,598
24.45,3624
24.46,5272
24.47,1566
24.48,4396
24.49,5342
24.5,2711
24.51,5143
24.52,394
24.53,3359
24.54,5245
24.55,976
24.56,3878
24.57,5273
24.58,1382
24.59,4155
24.6,5281
24.61,944
24.62,3647
24.63,5298
24.64,1541
24.65,4278
24.66,5367
24.67,2017
24.68,4726
24.69,5390
24.7,2603
24.71,5034
24.72,143
24.73,3011
24.74,5243
24.75,774
24.76,3419
24.77,5321
24.78,927
24.79,3707
24.8,5333
24.81,1151
24.82,3706
24.83,5334
24.84,1280
24.85,3821
24.86,5315
24.87,663
24.88,3127
24.89,5295
24.9,845
24.91,3681
24.92,5353
24.93,1445
24.94,4129
24.95,5412
24.96,2158
24.97,4608
24.98,5454
24.99,2500
25.0,5265
25.01,801
25.02,3768
25.03,5408
25.04,2109
25.05,4863
25.06,5472
25.07,2969
25.08,5350
25.09,1274
25.1,4093
25.11,5403
25.12,1646
25.13,4451
25.14,5459
25.15,2046
25.16,4603
25.17,5494
25.18,3058
25.19,5369
25.2,1163
25.21,3954
25.22,5456
25.23,1878
25.24,4558
25.25,59
25.26,3040
25.27,5376
25.28,1033
25.29,3644
25.3,5448
25.31,2000
25.32,4696
25.33,80
25.34,3102
25.35,5399
25.36,1210
25.37,3836
25.38,5498
25.39,2124
25.4,4784
25.41,52
25.42,3060
25.43,5365
25.44,137
25.45,2612
25.46,4971
25.47,35
25.48,2476
25.49,5069
25.5,462
25.51,3282
25.52,5452
25.53,5574
25.54,2731
25.55,5231
25.56,858
25.57,3445
25.58,5484
25.59,1314
25.6,4163
25.61,5563
25.62,2048
25.63,4520
25.64,5591
25.65,2367
25.66,4752
25.67,5603
25.68,2847
25.69,5157
25.7,5604
25.71,2135
25.72,4694
25.73,5615
25.74,2277
25.75,4944
25.76,298
25.77,2976
25.78,5080
25.79,138
25.8,2994
25.81,5433
25.82,5634
25.83,2069
25.84,4573
25.85,5639
25.86,2671
25.87,5087
25.88,5647
25.89,2354
25.9,4815
25.91,5653
25.92,2791
25.93,5164
25.94,233
25.95,3063
25.96,5284
25.97,5667
25.98,2723
25.99,5254
26.0,729
26.01,3290
26.02,5536
26.03,269
26.04,2810
26.05,5404
26.06,1080
26.07,3867
26.08,5638
26.09,1789
26.1,4420
26.11,5687
26.12,2732
26.13,5388
26.14,225
26.15,3363
26.16,5527
26.17,1035
26.18,3687
26.19,5607
26.2,1511
26.21,4090
26.22,5684
26.23,2159
26.24,4862
26.25,11
26.26,2668
26.27,5128
26.28,505
26.29,3445
26.3,5528
26.31,988
26.32,3793
26.33,5650
26.34,1841
26.35,4453
26.36,5734
26.37,1514
26.38,4129
26.39,5712
26.4,2335
26.41,4672
26.42,5761
26.43,2850
26.44,5292
26.45,782
26.46,3415
26.47,5666
26.48,955
26.49,3906
26.5,5640
26.51,961
26.52,3644
26.53,5691
26.54,1422
26.55,4216
26.56,5756
26.57,1138
26.58,4032
26.59,5734
26.6,1615
26.61,4303
26.62,5765
26.63,2402
26.64,4660
26.65,5810
26.66,2942
26.67,5176
26.68,88
26.69,2956
26.7,5373
26.71,684
26.72,3523
26.73,5654
26.74,1160
26.75,3743
26.76,5646
26.77,962
26.78,3482
26.79,5671
26.8,788
26.81,3655
26.82,5563
26.83,688
26.84,3493
26.85,5579
26.86,428
26.87,3250
26.88,5601
26.89,840
26.9,3791
26.91,5784
26.92,1358
26.93,4001
26.94,5802
26.95,1645
26.96,4267
26.97,5825
26.98,1911
26.99,4475
27.0,5880
27.01,2639
27.02,5062
27.03,5885
27.04,2553
27.05,4813
27.06,5879
27.07,1560
27.08,3759
27.09,5582
27.1,5894
27.11,1646
27.12,3536
27.13,5166
27.14,5878
27.15,91
27.16,3157
27.17,5517
27.18,866
27.19,3757
27.2,5834
27.21,1539
27.22,4178
27.23,5876
27.24,2357
27.25,5032
27.26,391
27.27,3318
27.28,5447
27.29,915
27.3,3331
27.31,5599
27.32,1175
27.33,4048
27.34,5877
27.35,1855
27.36,3937
27.37,5847
27.38,961
27.39,3691
27.4,5864
27.41,1823
27.42,4617
27.43,52
27.44,3070
27.45,5579
27.46,1227
27.47,4027
27.48,5911
27.49,2165
27.5,4989
27.51,268
27.52,3195
27.53,5636
27.54,1360
27.55,4247
27.56,5908
27.57,2070
27.58,4794
27.59,104
27.6,3204
27.61,5453
27.62,935
27.63,3648
27.64,5188
27.65,555
27.66,3472
27.67,5868
27.68,1512
27.69,3860
27.7,5955
27.71,1763
27.72,4468
27.73,6018
27.74,2550
27.75,5167
27.76,284
27.77,3199
27.78,5530
27.79,674
27.8,3599
27.81,5834
27.82,1370
27.83,4224
27.84,6016
27.85,2499
27.86,4975
27.87,6049
27.88,2588
27.89,5188
27.9,128
27.91,2627
27.92,5193
27.93,489
27.94,3239
27.95,5683
27.96,1267
27.97,4043
27.98,6012
27.99,1869
28.0,4727
28.01,133
28.02,3109
28.03,5587
28.04,1107
28.05,3764
28.06,6018
28.07,1921
28.08,4645
28.09,6101
28.1,2758
28.11,5227
28.12,650
28.13,3659
28.14,5924
28.15,1645
28.16,4547
28.17,6117
28.18,2132
28.19,4680
28.2,6126
28.21,2891
28.22,5540
28.23,1257
28.24,4244
28.25,6121
28.26,2265
28.27,4997
28.28,415
28.29,2211
28.3,4876
28.31,204
28.32,3225
28.33,5652
28.34,986
28.35,3822
28.36,5835
28.37,684
28.38,3562
28.39,5751
28.4,1458
28.41,4400
28.42,6138
28.43,1840
28.44,4417
28.45,6138
28.46,2494
28.47,4746
28.48,6185
28.49,2578
28.5,5306
28.51,478
28.52,3263
28.53,5638
28.54,947
28.55,3706
28.56,6032
28.57,1640
28.58,4284
28.59,6164
28.6,1931
28.61,3957
28.62,5963
28.63,1266
28.64,4109
28.65,6149
28.66,2051
28.67,4701
28.68,6211
28.69,1682
28.7,4243
28.71,6196
28.72,2298
28.73,4682
28.74,6231
28.75,1651
28.76,4391
28.77,6208
28.78,1977
28.79,4223
28.8,6194
28.81,2189
28.82,4833
28.83,6260
28.84,2302
28.85,4827
28.86,6264
28.87,1708
28.88,4443
28.89,6255
28.9,2042
28.91,4738
28.92,6278
28.93,2937
28.94,5294
28.95,397
28.96,3415
28.97,5770
28.98,1335
28.99,3483
29.0,6090
29.01,2052
29.02,4859
29.03,199
29.04,3248
29.05,5711
29.06,1444
29.07,4234
29.08,6252
29.09,2223
29.1,4941
29.11,346
29.12,3331
29.13,5833
29.14,1567
29.15,4239
29.16,6304
29.17,2595
29.18,5222
29.19,583
29.2,3521
29.21,5925
29.22,1600
29.23,4495
29.24,6343
29.25,2443
29.26,5042
29.27,6354
29.28,2879
29.29,5340
29.3,608
29.31,3502
29.32,5853
29.33,1462
29.34,4207
29.35,6325
29.36,2341
29.37,5028
29.38,358
29.39,3430
29.4,5909
29.41,1589
29.42,4481
29.43,6370
29.44,2380
29.45,5089
29.46,256
29.47,3282
29.48,5603
29.49,1124
29.5,3845
29.51,6082
29.52,1551
29.53,4430
29.54,6281
29.55,1915
29.56,4421
29.57,6383
29.58,2451
29.59,4544
29.6,6417
29.61,2649
29.62,5156
29.63,646
29.64,3452
29.65,5856
29.66,1514
29.67,4346
29.68,6037
29.69,1563
29.7,4283
29.71,6399
29.72,2166
29.73,4658
29.74,6452
29.75,2297
29.76,4951
29.77,97
29.78,2719
29.79,5334
29.8,481
29.81,3444
29.82,5145
29.83,6472
29.84,2863
29.85,5404
29.86,387
29.87,3121
29.88,5379
29.89,6484
29.9,2954
29.91,5544
29.92,1027
29.93,3809
29.94,5950
29.95,1239
29.96,3969
29.97,5616
29.98,1119
29.99,3819
30.0,6214
30.01,1755
30.02,4380
30.03,6414
30.04,2140
30.05,4945
30.06,283
30.07,3268
30.08,5759
30.09,1083
30.1,4048
30.11,6275
30.12,1882
30.13,4066
30.14,6195
30.15,1776
30.16,4501
30.17,6526
30.18,2482
30.19,5178
30.2,23
30.21,2952
30.22,5491
30.23,906
30.24,3848
30.25,6167
30.26,1727
30.27,4489
30.28,6553
30.29,2502
30.3,5196
30.31,350
30.32,3010
30.33,5323
30.34,662
30.35,3569
30.36,5915
30.37,1337
30.38,4043
30.39,6273
30.4,2014
30.41,4729
30.42,6597
30.43,2401
30.44,4989
30.45,198
30.46,3080
30.47,5193
30.48,245
30.49,3292
30.5,5829
30.51,1164
30.52,3923
30.53,6141
30.54,1680
30.55,4468
30.56,6600
30.57,2166
30.58,4644
30.59,6467
30.6,1425
30.61,4048
30.62,6139
30.63,1554
30.64,4226
30.65,6073
30.66,1642
30.67,3420
30.68,5728
30.69,1299
30.7,4158
30.71,6291
30.72,1957
30.73,4534
30.74,6606
30.75,2416
30.76,4887
30.77,6657
30.78,2293
30.79,4666
30.8,6672
30.81,2254
30.82,4758
30.83,6678
30.84,2714
30.85,5256
30.86,237
30.87,2640
30.88,5216
30.89,6690
30.9,2877
30.91,5362
30.92,281
30.93,2796
30.94,5321
30.95,394
30.96,3210
30.97,5454
30.98,479
30.99,3358
31.0,5694
31.01,904
31.02,3814
31.03,6223
31.04,6720
31.05,3055
31.06,5294
31.07,442
31.08,3364
31.09,5881
31.1,1697
31.11,4044
31.12,6326
31.13,2137
31.14,4907
31.15,263
31.16,3405
31.17,5605
31.18,1019
31.19,4043
31.2,6422
31.21,2165
31.22,4817
31.23,6758
31.24,2986
31.25,5398
31.26,852
31.27,3814
31.28,6216
31.29,2088
31.3,4651
31.31,6743
31.32,2625
31.33,5242
31.34,573
31.35,3406
31.36,5737
31.37,1188
31.38,4075
31.39,6300
31.4,1903
31.41,4740
31.42,6797
