0.00, 198
8.0108642578125e-05,198
0.00010204315185546875,197
0.00012302398681640625,196
0.0001621246337890625,195
0.0001850128173828125,194
0.00021505355834960938,193
0.0007319450378417969,192
0.00080108642578125,191
0.0008170604705810547,190
0.0010099411010742188,189
0.0010190010070800781,188
0.0011301040649414062,187
0.001146078109741211,186
0.0014541149139404297,185
0.0023970603942871094,184
0.0027980804443359375,183
0.0037000179290771484,182
0.003920078277587891,181
0.0040171146392822266,180
0.004023075103759766,179
0.004029989242553711,178
0.004312992095947266,177
0.0049741268157958984,176
0.005969047546386719,175
0.0060710906982421875,174
0.006521940231323242,173
0.006528139114379883,172
0.007666110992431641,171
0.009919166564941406,170
0.010338068008422852,169
0.01069021224975586,168
0.011940956115722656,167
0.013170003890991211,166
0.013287067413330078,165
0.014503955841064453,164
0.016870975494384766,163
0.022192001342773438,162
0.02275705337524414,161
0.028799057006835938,160
0.039108991622924805,159
0.05876517295837402,158
