0.00, 198
8.416175842285156e-05,198
0.0001399517059326172,197
0.0001461505889892578,196
0.0003070831298828125,195
0.00032520294189453125,194
0.00038504600524902344,193
0.00039696693420410156,192
0.000408172607421875,191
0.0004169940948486328,190
0.0007112026214599609,189
0.0013689994812011719,188
0.0014162063598632812,187
0.0015358924865722656,186
0.001554250717163086,185
0.0018029212951660156,184
0.0022399425506591797,183
0.0022461414337158203,182
0.0031931400299072266,181
0.0034601688385009766,180
0.0035130977630615234,179
0.005496978759765625,178
0.005657196044921875,177
0.0060160160064697266,176
0.0069332122802734375,175
0.006951093673706055,174
0.007750034332275391,173
0.008888006210327148,172
0.012085914611816406,171
0.012129068374633789,170
0.013529062271118164,169
0.014005184173583984,168
0.015372991561889648,167
0.015517234802246094,166
0.016085147857666016,165
0.019788026809692383,164
0.03231620788574219,163
0.04128003120422363,162
0.06826615333557129,161
0.09122705459594727,160
0.10557413101196289,159
0.17958712577819824,158
