0.00, 34
4.1961669921875e-05,34
5.4836273193359375e-05,33
5.984306335449219e-05,32
7.200241088867188e-05,31
7.581710815429688e-05,30
7.987022399902344e-05,29
8.296966552734375e-05,28
9.298324584960938e-05,27
9.679794311523438e-05,26
9.989738464355469e-05,25
0.000102996826171875,24
0.0001380443572998047,23
0.00018095970153808594,22
0.00019288063049316406,21
0.00019598007202148438,20
0.00021195411682128906,19
0.0004487037658691406,18
0.00048089027404785156,17
0.0004937648773193359,16
0.0004968643188476562,15
0.0008378028869628906,14
