0.00, 34
4.291534423828125e-05,34
6.198883056640625e-05,33
6.890296936035156e-05,32
7.486343383789062e-05,31
0.00011801719665527344,30
0.0001227855682373047,29
0.0001609325408935547,28
0.0001659393310546875,27
0.00019288063049316406,26
0.00020575523376464844,25
0.0002110004425048828,24
0.00021505355834960938,23
0.0002770423889160156,22
0.00031375885009765625,21
0.0003809928894042969,20
0.0003859996795654297,19
0.00039076805114746094,18
0.00046896934509277344,17
0.0005488395690917969,16
0.000621795654296875,15
0.0007560253143310547,14
