0.0,1506
0.01,1388
0.02,1303
0.03,1243
0.04,1208
0.05,1177
0.06,1155
0.07,1134
0.08,1111
0.09,1096
0.1,1077
0.11,1056
0.12,1039
0.13,1025
0.14,1010
0.15,997
0.16,984
0.17,977
0.18,969
0.19,964
0.2,962
0.21,955
0.22,946
0.23,942
0.24,940
0.25,937
0.26,934
0.27,931
0.28,929
0.29,927
0.3,925
0.31,924
0.32,923
0.33,923
0.34,922
0.35,918
0.36,917
0.37,916
0.38,914
0.39,914
0.4,913
0.41,911
0.42,911
0.43,909
0.44,909
0.45,909
0.46,908
0.47,907
0.48,907
0.49,906
0.5,905
0.51,905
0.52,905
0.53,905
0.54,904
0.55,903
0.56,903
0.57,903
0.58,903
0.59,903
0.6,903
0.61,902
0.62,901
0.63,901
0.64,901
0.65,901
0.66,901
0.67,901
0.68,901
0.69,901
0.7,901
0.71,901
0.72,901
0.73,901
0.74,901
0.75,901
0.76,901
0.77,901
0.78,901
0.79,901
0.8,901
0.81,901
0.82,901
0.83,901
0.84,901
0.85,901
0.86,901
0.87,900
0.88,900
0.89,900
0.9,900
0.91,900
0.92,900
0.93,900
0.94,900
0.95,900
0.96,900
0.97,900
0.98,900
0.99,900
1.0,900
1.01,900
1.02,900
1.03,900
1.04,900
1.05,900
1.06,900
1.07,900
1.08,900
1.09,900
1.1,900
1.11,900
1.12,900
1.13,900
1.14,900
1.15,900
1.16,900
1.17,900
1.18,900
1.19,900
1.2,900
1.21,900
1.22,900
1.23,900
1.24,900
1.25,900
1.26,900
1.27,900
1.28,900
1.29,900
1.3,900
1.31,900
1.32,900
1.33,900
1.34,900
1.35,900
1.36,900
1.37,900
1.38,900
1.39,900
1.4,900
1.41,900
1.42,900
1.43,900
1.44,900
1.45,900
1.46,900
1.47,900
1.48,900
1.49,900
1.5,900
1.51,900
1.52,900
1.53,900
1.54,900
1.55,900
1.56,900
1.57,900
1.58,900
1.59,900
1.6,900
1.61,900
1.62,900
1.63,900
1.64,900
1.65,900
1.66,900
1.67,899
