0.00, 1461
0.0004620552062988281,1461
0.0004999637603759766,1460
0.0005128383636474609,1459
0.0005469322204589844,1458
0.0005967617034912109,1457
0.0006799697875976562,1456
0.0006890296936035156,1455
0.0007569789886474609,1454
0.0008590221405029297,1453
0.0008890628814697266,1452
0.0009088516235351562,1451
0.0009760856628417969,1450
0.0009930133819580078,1449
0.0010039806365966797,1448
0.0010459423065185547,1447
0.0011639595031738281,1446
0.0011858940124511719,1445
0.0012559890747070312,1444
0.0012688636779785156,1443
0.0012960433959960938,1442
0.0013117790222167969,1441
0.0013470649719238281,1440
0.001483917236328125,1439
0.0015189647674560547,1438
0.0015709400177001953,1437
0.0016138553619384766,1436
0.0017609596252441406,1435
0.0018117427825927734,1434
0.0018589496612548828,1433
0.0018777847290039062,1432
0.002029895782470703,1431
0.0020787715911865234,1430
0.00209808349609375,1429
0.002218961715698242,1428
0.0022487640380859375,1427
0.0022628307342529297,1426
0.002282857894897461,1425
0.0023047924041748047,1424
0.0023598670959472656,1423
0.002382993698120117,1422
0.0024271011352539062,1421
0.0024878978729248047,1420
0.0025420188903808594,1419
0.0025739669799804688,1418
0.0028078556060791016,1417
0.002819061279296875,1416
0.0028960704803466797,1415
0.0029609203338623047,1414
0.0029821395874023438,1413
0.003011941909790039,1412
0.00302886962890625,1411
0.003055095672607422,1410
0.0033330917358398438,1409
0.0034148693084716797,1408
0.0034449100494384766,1407
0.003484010696411133,1406
0.003515005111694336,1405
0.003640890121459961,1404
0.0036809444427490234,1403
0.0037391185760498047,1402
0.0038590431213378906,1401
0.004055023193359375,1400
0.004163980484008789,1399
0.004199981689453125,1398
0.004222869873046875,1397
0.004359006881713867,1396
0.004431009292602539,1395
0.004461050033569336,1394
0.004484891891479492,1393
0.004499197006225586,1392
0.004518032073974609,1391
0.004642963409423828,1390
0.004680156707763672,1389
0.00479888916015625,1388
0.004837989807128906,1387
0.004973888397216797,1386
0.005017995834350586,1385
0.0050258636474609375,1384
0.005056858062744141,1383
0.005174875259399414,1382
0.0053558349609375,1381
0.005388975143432617,1380
0.005403041839599609,1379
0.005427122116088867,1378
0.005496978759765625,1377
0.0055539608001708984,1376
0.005598783493041992,1375
0.005704164505004883,1374
0.005774974822998047,1373
0.0058650970458984375,1372
0.005878925323486328,1371
0.005896091461181641,1370
0.00592494010925293,1369
0.0060269832611083984,1368
0.0060520172119140625,1367
0.00607609748840332,1366
0.006100893020629883,1365
0.00615382194519043,1364
0.006185770034790039,1363
0.006211996078491211,1362
0.006242036819458008,1361
0.006266117095947266,1360
0.0063037872314453125,1359
0.0064198970794677734,1358
0.0064318180084228516,1357
0.006587028503417969,1356
0.006613969802856445,1355
0.006712913513183594,1354
0.0067479610443115234,1353
0.0068399906158447266,1352
0.006872892379760742,1351
0.007454872131347656,1350
0.007539033889770508,1349
0.0077190399169921875,1348
0.007934093475341797,1347
0.007954120635986328,1346
0.008002042770385742,1345
0.008076906204223633,1344
0.008108854293823242,1343
0.008157014846801758,1342
0.008194923400878906,1341
0.008214950561523438,1340
0.008229970932006836,1339
0.008489131927490234,1338
0.008499860763549805,1337
0.00853276252746582,1336
0.008564949035644531,1335
0.008584022521972656,1334
0.008608818054199219,1333
0.008624076843261719,1332
0.009124994277954102,1331
0.00919485092163086,1330
0.009212970733642578,1329
0.009250879287719727,1328
0.009271860122680664,1327
0.00928187370300293,1326
0.009298086166381836,1325
0.009325027465820312,1324
0.009592056274414062,1323
0.00963592529296875,1322
0.009660959243774414,1321
0.009701013565063477,1320
0.00975799560546875,1319
0.009788990020751953,1318
0.009802818298339844,1317
0.01007986068725586,1316
0.010113954544067383,1315
0.010146856307983398,1314
0.01017904281616211,1313
0.010206937789916992,1312
0.010550975799560547,1311
0.010575056076049805,1310
0.01070404052734375,1309
0.010724067687988281,1308
0.010749101638793945,1307
0.010777950286865234,1306
0.010828018188476562,1305
0.011024951934814453,1304
0.011284828186035156,1303
0.01130986213684082,1302
0.011419057846069336,1301
0.011441946029663086,1300
0.011615991592407227,1299
0.011647939682006836,1298
0.01168203353881836,1297
0.01175689697265625,1296
0.011902093887329102,1295
0.011923789978027344,1294
0.011935949325561523,1293
0.012269973754882812,1292
0.01229095458984375,1291
0.012304067611694336,1290
0.012454032897949219,1289
0.012487173080444336,1288
0.012627124786376953,1287
0.012659072875976562,1286
0.012798070907592773,1285
0.012969017028808594,1284
0.013020992279052734,1283
0.013256072998046875,1282
0.013495922088623047,1281
0.013607978820800781,1280
0.013628959655761719,1279
0.013835906982421875,1278
0.013943910598754883,1277
0.013960838317871094,1276
0.013985872268676758,1275
0.014207839965820312,1274
0.014356851577758789,1273
0.014415979385375977,1272
0.014555931091308594,1271
0.014775991439819336,1270
0.014789104461669922,1269
0.01481485366821289,1268
0.01488184928894043,1267
0.015186071395874023,1266
0.01541280746459961,1265
0.015582084655761719,1264
0.015609025955200195,1263
0.01564192771911621,1262
0.015661001205444336,1261
0.015686988830566406,1260
0.016008853912353516,1259
0.01622295379638672,1258
0.01625204086303711,1257
0.016299962997436523,1256
0.016709089279174805,1255
0.01679086685180664,1254
0.016841888427734375,1253
0.017067909240722656,1252
0.01714801788330078,1251
0.017155885696411133,1250
0.017950773239135742,1249
0.018011093139648438,1248
0.018080949783325195,1247
0.018233060836791992,1246
0.01826190948486328,1245
0.018299102783203125,1244
0.018330097198486328,1243
0.018793106079101562,1242
0.018847942352294922,1241
0.018878936767578125,1240
0.01906895637512207,1239
0.01910114288330078,1238
0.019123077392578125,1237
0.01925802230834961,1236
0.019279003143310547,1235
0.019289016723632812,1234
0.019307851791381836,1233
0.019922971725463867,1232
0.019955873489379883,1231
0.02026987075805664,1230
0.0202939510345459,1229
0.02044987678527832,1228
0.020478010177612305,1227
0.020498037338256836,1226
0.020878076553344727,1225
0.020897865295410156,1224
0.020915746688842773,1223
0.020923137664794922,1222
0.021021127700805664,1221
0.02105998992919922,1220
0.02107691764831543,1219
0.02119898796081543,1218
0.021216869354248047,1217
0.021258831024169922,1216
0.02132701873779297,1215
0.021342039108276367,1214
0.021448135375976562,1213
0.021640777587890625,1212
0.0218961238861084,1211
0.022510051727294922,1210
0.022916078567504883,1209
0.023105859756469727,1208
0.02370285987854004,1207
0.023772001266479492,1206
0.02378106117248535,1205
0.023802995681762695,1204
0.023831844329833984,1203
0.024098873138427734,1202
0.024125099182128906,1201
0.024145126342773438,1200
0.024667024612426758,1199
0.025107145309448242,1198
0.025454044342041016,1197
0.02548384666442871,1196
0.02592182159423828,1195
0.026232004165649414,1194
0.026582002639770508,1193
0.026610136032104492,1192
0.026623964309692383,1191
0.026792049407958984,1190
0.027052879333496094,1189
0.027077913284301758,1188
0.027117013931274414,1187
0.02713799476623535,1186
0.027539968490600586,1185
0.027558088302612305,1184
0.027662038803100586,1183
0.0276949405670166,1182
0.027721881866455078,1181
0.02793407440185547,1180
0.028055906295776367,1179
0.028083086013793945,1178
0.028108835220336914,1177
0.028232812881469727,1176
0.02874302864074707,1175
0.028857946395874023,1174
0.02887701988220215,1173
0.02915811538696289,1172
0.029440879821777344,1171
0.029735088348388672,1170
0.029783964157104492,1169
0.029902935028076172,1168
0.029937028884887695,1167
0.029957056045532227,1166
0.02997112274169922,1165
0.030092954635620117,1164
0.0301969051361084,1163
0.030217885971069336,1162
0.030540943145751953,1161
0.030666828155517578,1160
0.03144216537475586,1159
0.03147101402282715,1158
0.031668901443481445,1157
0.03194904327392578,1156
0.032485008239746094,1155
0.0325160026550293,1154
0.03305196762084961,1153
0.0332179069519043,1152
0.03329896926879883,1151
0.03384590148925781,1150
0.033865928649902344,1149
0.03399205207824707,1148
0.03449702262878418,1147
0.03469991683959961,1146
0.03508400917053223,1145
0.03517508506774902,1144
0.03520488739013672,1143
0.0352170467376709,1142
0.03525590896606445,1141
0.035797834396362305,1140
0.03581881523132324,1139
0.03592801094055176,1138
0.03677201271057129,1137
0.03679084777832031,1136
0.03713202476501465,1135
0.03721475601196289,1134
0.03723502159118652,1133
0.03801584243774414,1132
0.038507938385009766,1131
0.03904891014099121,1130
0.03913092613220215,1129
0.04033994674682617,1128
0.040390968322753906,1127
0.04047894477844238,1126
0.040617942810058594,1125
0.04079890251159668,1124
0.04085898399353027,1123
0.04087686538696289,1122
0.04157400131225586,1121
0.04170989990234375,1120
0.04180002212524414,1119
0.04183316230773926,1118
0.04190397262573242,1117
0.04191398620605469,1116
0.04238700866699219,1115
0.042532920837402344,1114
0.0425419807434082,1113
0.04270792007446289,1112
0.04273796081542969,1111
0.043118953704833984,1110
0.04344320297241211,1109
0.04361295700073242,1108
0.04387998580932617,1107
0.04424691200256348,1106
0.04448986053466797,1105
0.0448758602142334,1104
0.04514908790588379,1103
0.04530692100524902,1102
0.0453190803527832,1101
0.04562997817993164,1100
0.04598808288574219,1099
0.046012163162231445,1098
0.04668688774108887,1097
0.04679989814758301,1096
0.047444820404052734,1095
0.0480039119720459,1094
0.04811596870422363,1093
0.048277854919433594,1092
0.04941296577453613,1091
0.04949498176574707,1090
0.04958796501159668,1089
0.04984092712402344,1088
0.051262855529785156,1087
0.0521240234375,1086
0.05214190483093262,1085
0.05257415771484375,1084
0.05288195610046387,1083
0.05295896530151367,1082
0.052980899810791016,1081
0.05331897735595703,1080
0.05339193344116211,1079
0.05341005325317383,1078
0.05372786521911621,1077
0.05387306213378906,1076
0.05412006378173828,1075
0.054595947265625,1074
0.05466890335083008,1073
0.0568239688873291,1072
0.05807185173034668,1071
0.05809974670410156,1070
0.05836606025695801,1069
0.05837893486022949,1068
0.05874800682067871,1067
0.05962681770324707,1066
0.05963587760925293,1065
0.06044507026672363,1064
0.06055116653442383,1063
0.06139206886291504,1062
0.061578989028930664,1061
0.06202578544616699,1060
0.06225991249084473,1059
0.06357192993164062,1058
0.0635979175567627,1057
0.06362485885620117,1056
0.06377577781677246,1055
0.06435394287109375,1054
0.06438279151916504,1053
0.06470704078674316,1052
0.06473112106323242,1051
0.06541895866394043,1050
0.06544303894042969,1049
0.066162109375,1048
0.06624388694763184,1047
0.06708288192749023,1046
0.06771087646484375,1045
0.0685420036315918,1044
0.06891107559204102,1043
0.06892108917236328,1042
0.06902909278869629,1041
0.06908679008483887,1040
0.07071614265441895,1039
0.07178997993469238,1038
0.07198500633239746,1037
0.07329487800598145,1036
0.07472395896911621,1035
0.07508492469787598,1034
0.0753488540649414,1033
0.07537293434143066,1032
0.07554197311401367,1031
0.07556796073913574,1030
0.07740306854248047,1029
0.07742714881896973,1028
0.07782793045043945,1027
0.07918405532836914,1026
0.0802619457244873,1025
0.0802757740020752,1024
0.08112406730651855,1023
0.08127403259277344,1022
0.08228588104248047,1021
0.08270716667175293,1020
0.08358502388000488,1019
0.08507108688354492,1018
0.08538007736206055,1017
0.08711600303649902,1016
0.08730697631835938,1015
0.08756804466247559,1014
0.08772587776184082,1013
0.08800983428955078,1012
0.0882878303527832,1011
0.08868908882141113,1010
0.08909201622009277,1009
0.09016299247741699,1008
0.09138298034667969,1007
0.09190893173217773,1006
0.09319901466369629,1005
0.09339785575866699,1004
0.09362602233886719,1003
0.09436893463134766,1002
0.09539914131164551,1001
0.09873080253601074,1000
0.09887290000915527,999
0.09942889213562012,998
0.10028290748596191,997
0.10080981254577637,996
0.10148119926452637,995
0.10155677795410156,994
0.10164189338684082,993
0.10450911521911621,992
0.10455584526062012,991
0.10486602783203125,990
0.10536789894104004,989
0.10556697845458984,988
0.10640978813171387,987
0.10815811157226562,986
0.1089639663696289,985
0.10948395729064941,984
0.1108388900756836,983
0.11127305030822754,982
0.11419987678527832,981
0.11447906494140625,980
0.11557292938232422,979
0.11717796325683594,978
0.11728811264038086,977
0.11773991584777832,976
0.11987805366516113,975
0.12024211883544922,974
0.12031102180480957,973
0.12117481231689453,972
0.12197589874267578,971
0.12338590621948242,970
0.12368392944335938,969
0.12369704246520996,968
0.12565183639526367,967
0.1277599334716797,966
0.12857890129089355,965
0.13025975227355957,964
0.13283300399780273,963
0.1332998275756836,962
0.13477396965026855,961
0.1371018886566162,960
0.13821792602539062,959
0.1405789852142334,958
0.14602303504943848,957
0.15003299713134766,956
0.15152287483215332,955
0.15154504776000977,954
0.15340685844421387,953
0.15375304222106934,952
0.155731201171875,951
0.15588903427124023,950
0.15662598609924316,949
0.1580979824066162,948
0.1594548225402832,947
0.1633009910583496,946
0.16721200942993164,945
0.16750288009643555,944
0.16860103607177734,943
0.16968488693237305,942
0.18251395225524902,941
0.18988990783691406,940
0.19131207466125488,939
0.1929769515991211,938
0.19325780868530273,937
0.19355201721191406,936
0.19507288932800293,935
0.19813108444213867,934
0.19855189323425293,933
0.19865202903747559,932
0.20218491554260254,931
0.2024390697479248,930
0.20301604270935059,929
0.2043609619140625,928
0.20941996574401855,927
0.2163381576538086,926
0.21743988990783691,925
0.2249760627746582,924
0.2359929084777832,923
0.23636293411254883,922
0.24172687530517578,921
0.24400997161865234,920
0.26017093658447266,919
0.26335883140563965,918
0.26990294456481934,917
0.27429890632629395,916
0.29297590255737305,915
0.2978839874267578,914
0.3038208484649658,913
0.3206520080566406,912
0.33934879302978516,911
0.3420689105987549,910
0.35952186584472656,909
0.3818390369415283,908
0.39489293098449707,907
0.40480995178222656,906
0.4175870418548584,905
0.4417839050292969,904
0.4620351791381836,903
0.6221988201141357,902
0.6750319004058838,901
0.759282112121582,900
1.227180004119873,899
