0.0,5
0.01,15
0.02,27
0.03,36
0.04,46
0.05,56
0.06,66
0.07,77
0.08,89
0.09,98
0.1,110
0.11,120
0.12,132
0.13,140
0.14,150
0.15,27
0.16,172
0.17,183
0.18,194
0.19,206
0.2,214
0.21,227
0.22,238
0.23,248
0.24,87
0.25,269
0.26,277
0.27,285
0.28,300
0.29,310
0.3,318
0.31,324
0.32,339
0.33,348
0.34,355
0.35,370
0.36,381
0.37,389
0.38,400
0.39,410
0.4,420
0.41,186
0.42,441
0.43,450
0.44,306
0.45,473
0.46,485
0.47,494
0.48,195
0.49,515
0.5,524
0.51,349
0.52,548
0.53,558
0.54,448
0.55,580
0.56,589
0.57,421
0.58,613
0.59,622
0.6,199
0.61,644
0.62,483
0.63,665
0.64,487
0.65,687
0.66,695
0.67,245
0.68,719
0.69,421
0.7,740
0.71,747
0.72,150
0.73,770
0.74,482
0.75,788
0.76,404
0.77,809
0.78,380
0.79,830
0.8,520
0.81,850
0.82,542
0.83,872
0.84,603
0.85,894
0.86,760
0.87,912
0.88,702
0.89,933
0.9,865
0.91,171
0.92,963
0.93,350
0.94,984
0.95,128
0.96,803
0.97,50
0.98,755
0.99,1033
1.0,668
1.01,1055
1.02,795
1.03,1073
1.04,744
1.05,1
1.06,669
1.07,1116
1.08,712
1.09,31
1.1,901
1.11,216
1.12,938
1.13,87
1.14,802
1.15,10
1.16,715
1.17,1221
1.18,616
1.19,1212
1.2,343
1.21,870
1.22,1271
1.23,386
1.24,1072
1.25,117
1.26,52
1.27,1315
1.28,469
1.29,1153
1.3,398
1.31,1092
1.32,230
1.33,843
1.34,1386
1.35,585
1.36,1202
1.37,118
1.38,366
1.39,1432
