0.0,1585
0.01,1573
0.02,1562
0.03,1550
0.04,1539
0.05,1528
0.06,1516
0.07,1505
0.08,1493
0.09,1482
0.1,1470
0.11,1460
0.12,1448
0.13,1437
0.14,1427
0.15,1416
0.16,1405
0.17,1399
0.18,1389
0.19,1380
0.2,1370
0.21,1360
0.22,1352
0.23,1343
0.24,1340
0.25,1332
0.26,1327
0.27,1319
0.28,1311
0.29,1303
0.3,1297
0.31,1292
0.32,1287
0.33,1280
0.34,1274
0.35,1268
0.36,1266
0.37,1260
0.38,1254
0.39,1243
0.4,1233
0.41,1222
0.42,1213
0.43,1205
0.44,1197
0.45,1187
0.46,1181
0.47,1173
0.48,1166
0.49,1157
0.5,1153
0.51,1149
0.52,1142
0.53,1137
0.54,1131
0.55,1121
0.56,1115
0.57,1111
0.58,1110
0.59,1108
0.6,1103
0.61,1099
0.62,1094
0.63,1092
0.64,1092
0.65,1088
0.66,1087
0.67,1086
0.68,1082
0.69,1079
0.7,1071
0.71,1061
0.72,1053
0.73,1048
0.74,1043
0.75,1037
0.76,1030
0.77,1026
0.78,1022
0.79,1015
0.8,1012
0.81,1012
0.82,1009
0.83,1005
0.84,1000
0.85,997
0.86,996
0.87,993
0.88,992
0.89,989
0.9,987
0.91,986
0.92,982
0.93,974
0.94,967
0.95,961
0.96,954
0.97,953
0.98,951
0.99,946
1.0,944
1.01,943
1.02,942
1.03,942
1.04,941
1.05,940
1.06,937
1.07,933
1.08,927
1.09,923
1.1,920
1.11,920
1.12,920
1.13,920
1.14,918
1.15,918
1.16,916
1.17,914
1.18,914
1.19,914
1.2,911
1.21,907
1.22,907
1.23,906
1.24,906
1.25,903
1.26,903
1.27,903
1.28,901
1.29,900
1.3,900
1.31,900
1.32,900
1.33,900
1.34,900
1.35,899
1.36,899
1.37,899
