0.0,4941
0.01,4936
0.02,4932
0.03,4928
0.04,4924
0.05,4919
0.06,4915
0.07,4911
0.08,4907
0.09,4903
0.1,4898
0.11,4894
0.12,4890
0.13,4886
0.14,4882
0.15,4877
0.16,4873
0.17,4869
0.18,4865
0.19,4861
0.2,4857
0.21,4853
0.22,4849
0.23,4845
0.24,4841
0.25,4836
0.26,4832
0.27,4828
0.28,4824
0.29,4820
0.3,4815
0.31,4811
0.32,4807
0.33,4803
0.34,4799
0.35,4794
0.36,4790
0.37,4786
0.38,4782
0.39,4778
0.4,4773
0.41,4769
0.42,4765
0.43,4761
0.44,4757
0.45,4753
0.46,4748
0.47,4744
0.48,4740
0.49,4736
0.5,4731
0.51,4727
0.52,4723
0.53,4719
0.54,4715
0.55,4711
0.56,4706
0.57,4702
0.58,4698
0.59,4694
0.6,4690
0.61,4685
0.62,4681
0.63,4677
0.64,4673
0.65,4669
0.66,4664
0.67,4660
0.68,4656
0.69,4652
0.7,4648
0.71,4643
0.72,4639
0.73,4635
0.74,4631
0.75,4627
0.76,4622
0.77,4618
0.78,4614
0.79,4610
0.8,4606
0.81,4601
0.82,4597
0.83,4593
0.84,4589
0.85,4585
0.86,4580
0.87,4576
0.88,4572
0.89,4568
0.9,4564
0.91,4560
0.92,4555
0.93,4551
0.94,4547
0.95,4543
0.96,4539
0.97,4535
0.98,4530
0.99,4526
1.0,4522
1.01,4518
1.02,4514
1.03,4510
1.04,4505
1.05,4501
1.06,4497
1.07,4493
1.08,4489
1.09,4484
1.1,4480
1.11,4476
1.12,4472
1.13,4468
1.14,4463
1.15,4459
1.16,4455
1.17,4451
1.18,4447
1.19,4443
1.2,4438
1.21,4434
1.22,4430
1.23,4426
1.24,4422
1.25,4417
1.26,4413
1.27,4409
1.28,4405
1.29,4401
1.3,4397
1.31,4392
1.32,4388
1.33,4384
1.34,4380
1.35,4376
1.36,4372
1.37,4367
1.38,4363
1.39,4359
1.4,4355
1.41,4351
1.42,4347
1.43,4342
1.44,4338
1.45,4334
1.46,4330
1.47,4326
1.48,4321
1.49,4317
1.5,4313
1.51,4309
1.52,4305
1.53,4301
1.54,4296
1.55,4292
1.56,4288
1.57,4284
1.58,4280
1.59,4276
1.6,4271
1.61,4267
1.62,4263
1.63,4259
1.64,4255
1.65,4250
1.66,4246
1.67,4242
1.68,4238
1.69,4237
1.7,4234
1.71,4230
1.72,4226
1.73,4222
1.74,4218
1.75,4213
1.76,4209
1.77,4205
1.78,4201
1.79,4197
1.8,4193
1.81,4188
1.82,4184
1.83,4180
1.84,4176
1.85,4172
1.86,4167
1.87,4163
1.88,4159
1.89,4155
1.9,4151
1.91,4147
1.92,4142
1.93,4138
1.94,4134
1.95,4130
1.96,4126
1.97,4122
1.98,4117
1.99,4113
2.0,4109
2.01,4105
2.02,4101
2.03,4097
2.04,4092
2.05,4088
2.06,4084
2.07,4080
2.08,4076
2.09,4072
2.1,4067
2.11,4063
2.12,4059
2.13,4055
2.14,4051
2.15,4047
2.16,4042
2.17,4038
2.18,4034
2.19,4030
2.2,4026
2.21,4021
2.22,4017
2.23,4013
2.24,4009
2.25,4005
2.26,4001
2.27,3996
2.28,3992
2.29,3988
2.3,3984
2.31,3980
2.32,3976
2.33,3971
2.34,3967
2.35,3963
2.36,3959
2.37,3955
2.38,3951
2.39,3946
2.4,3942
2.41,3938
2.42,3934
2.43,3930
2.44,3926
2.45,3921
2.46,3917
2.47,3913
2.48,3909
2.49,3905
2.5,3901
2.51,3897
2.52,3892
2.53,3888
2.54,3884
2.55,3880
2.56,3876
2.57,3872
2.58,3867
2.59,3863
2.6,3859
2.61,3855
2.62,3851
2.63,3846
2.64,3842
2.65,3838
2.66,3834
2.67,3830
2.68,3826
2.69,3822
2.7,3817
2.71,3813
2.72,3809
2.73,3805
2.74,3801
2.75,3796
2.76,3792
2.77,3788
2.78,3784
2.79,3780
2.8,3776
2.81,3771
2.82,3767
2.83,3763
2.84,3759
2.85,3755
2.86,3751
2.87,3746
2.88,3742
2.89,3738
2.9,3734
2.91,3730
2.92,3725
2.93,3721
2.94,3717
2.95,3714
2.96,3711
2.97,3707
2.98,3704
2.99,3701
3.0,3697
3.01,3694
3.02,3691
3.03,3688
3.04,3685
3.05,3682
3.06,3678
3.07,3675
3.08,3671
3.09,3668
3.1,3665
3.11,3661
3.12,3659
3.13,3655
3.14,3651
3.15,3647
3.16,3645
3.17,3640
3.18,3637
3.19,3633
3.2,3629
3.21,3625
3.22,3621
3.23,3617
3.24,3613
3.25,3611
3.26,3608
3.27,3605
3.28,3601
3.29,3598
3.3,3594
3.31,3590
3.32,3587
3.33,3583
3.34,3581
3.35,3577
3.36,3574
3.37,3571
3.38,3567
3.39,3563
3.4,3559
3.41,3557
3.42,3555
3.43,3551
3.44,3547
3.45,3543
3.46,3540
3.47,3537
3.48,3532
3.49,3529
3.5,3525
3.51,3521
3.52,3517
3.53,3514
3.54,3510
3.55,3506
3.56,3504
3.57,3501
3.58,3498
3.59,3495
3.6,3492
3.61,3488
3.62,3484
3.63,3480
3.64,3476
3.65,3472
3.66,3469
3.67,3465
3.68,3464
3.69,3460
3.7,3458
3.71,3454
3.72,3453
3.73,3450
3.74,3446
3.75,3444
3.76,3440
3.77,3437
3.78,3434
3.79,3432
3.8,3429
3.81,3428
3.82,3424
3.83,3420
3.84,3416
3.85,3414
3.86,3411
3.87,3407
3.88,3404
3.89,3402
3.9,3398
3.91,3394
3.92,3392
3.93,3389
3.94,3387
3.95,3384
3.96,3382
3.97,3379
3.98,3376
3.99,3372
4.0,3368
4.01,3365
4.02,3363
4.03,3360
4.04,3357
4.05,3353
4.06,3349
4.07,3347
4.08,3344
4.09,3341
4.1,3338
4.11,3335
4.12,3332
4.13,3328
4.14,3325
4.15,3321
4.16,3317
4.17,3314
4.18,3312
4.19,3309
4.2,3308
4.21,3306
4.22,3303
4.23,3301
4.24,3298
4.25,3296
4.26,3294
4.27,3290
4.28,3287
4.29,3284
4.3,3281
4.31,3279
4.32,3276
4.33,3272
4.34,3268
4.35,3266
4.36,3264
4.37,3260
4.38,3256
4.39,3254
4.4,3251
4.41,3249
4.42,3246
4.43,3242
4.44,3241
4.45,3237
4.46,3234
4.47,3232
4.48,3229
4.49,3225
4.5,3223
4.51,3220
4.52,3217
4.53,3215
4.54,3213
4.55,3209
4.56,3206
4.57,3204
4.58,3201
4.59,3198
4.6,3197
4.61,3195
4.62,3193
4.63,3190
4.64,3188
4.65,3185
4.66,3182
4.67,3180
4.68,3177
4.69,3173
4.7,3172
4.71,3168
4.72,3165
4.73,3161
4.74,3158
4.75,3157
4.76,3155
4.77,3153
4.78,3150
4.79,3147
4.8,3145
4.81,3144
4.82,3140
4.83,3138
4.84,3134
4.85,3133
4.86,3132
4.87,3129
4.88,3125
4.89,3121
4.9,3118
4.91,3116
4.92,3114
4.93,3112
4.94,3110
4.95,3107
4.96,3104
4.97,3102
4.98,3099
4.99,3097
5.0,3094
5.01,3091
5.02,3089
5.03,3085
5.04,3083
5.05,3079
5.06,3076
5.07,3073
5.08,3070
5.09,3067
5.1,3065
5.11,3063
5.12,3060
5.13,3057
5.14,3053
5.15,3052
5.16,3049
5.17,3045
5.18,3042
5.19,3040
5.2,3038
5.21,3034
5.22,3031
5.23,3027
5.24,3025
5.25,3022
5.26,3019
5.27,3015
5.28,3012
5.29,3009
5.3,3006
5.31,3003
5.32,3001
5.33,2999
5.34,2996
5.35,2993
5.36,2992
5.37,2989
5.38,2986
5.39,2983
5.4,2980
5.41,2978
5.42,2976
5.43,2976
5.44,2974
5.45,2971
5.46,2968
5.47,2967
5.48,2965
5.49,2964
5.5,2961
5.51,2958
5.52,2954
5.53,2951
5.54,2948
5.55,2945
5.56,2943
5.57,2940
5.58,2939
5.59,2936
5.6,2934
5.61,2931
5.62,2928
5.63,2926
5.64,2925
5.65,2922
5.66,2920
5.67,2917
5.68,2915
5.69,2912
5.7,2909
5.71,2908
5.72,2905
5.73,2902
5.74,2900
5.75,2897
5.76,2894
5.77,2890
5.78,2887
5.79,2884
5.8,2881
5.81,2878
5.82,2874
5.83,2871
5.84,2867
5.85,2865
5.86,2863
5.87,2859
5.88,2856
5.89,2854
5.9,2851
5.91,2848
5.92,2845
5.93,2843
5.94,2840
5.95,2838
5.96,2835
5.97,2833
5.98,2831
5.99,2830
6.0,2827
6.01,2823
6.02,2820
6.03,2818
6.04,2817
6.05,2814
6.06,2812
6.07,2810
6.08,2809
6.09,2806
6.1,2804
6.11,2803
6.12,2800
6.13,2799
6.14,2797
6.15,2796
6.16,2793
6.17,2789
6.18,2788
6.19,2787
6.2,2784
6.21,2782
6.22,2781
6.23,2779
6.24,2778
6.25,2776
6.26,2772
6.27,2771
6.28,2768
6.29,2765
6.3,2763
6.31,2760
6.32,2757
6.33,2755
6.34,2753
6.35,2751
6.36,2749
6.37,2747
6.38,2745
6.39,2743
6.4,2742
6.41,2741
6.42,2737
6.43,2735
6.44,2735
6.45,2732
6.46,2728
6.47,2727
6.48,2725
6.49,2722
6.5,2722
6.51,2721
6.52,2718
6.53,2716
6.54,2714
6.55,2711
6.56,2709
6.57,2708
6.58,2704
6.59,2703
6.6,2701
6.61,2699
6.62,2696
6.63,2692
6.64,2689
6.65,2689
6.66,2687
6.67,2687
6.68,2684
6.69,2680
6.7,2677
6.71,2675
6.72,2673
6.73,2672
6.74,2671
6.75,2668
6.76,2666
6.77,2662
6.78,2660
6.79,2659
6.8,2655
6.81,2652
6.82,2650
6.83,2647
6.84,2645
6.85,2643
6.86,2643
6.87,2641
6.88,2637
6.89,2636
6.9,2634
6.91,2633
6.92,2631
6.93,2628
6.94,2627
6.95,2625
6.96,2624
6.97,2622
6.98,2619
6.99,2619
7.0,2617
7.01,2617
7.02,2616
7.03,2615
7.04,2614
7.05,2613
7.06,2612
7.07,2610
7.08,2610
7.09,2610
7.1,2608
7.11,2606
7.12,2603
7.13,2602
7.14,2602
7.15,2602
7.16,2602
7.17,2600
7.18,2598
7.19,2597
7.2,2597
7.21,2596
7.22,2595
7.23,2592
7.24,2592
7.25,2592
7.26,2589
7.27,2586
7.28,2585
7.29,2584
7.3,2583
7.31,2581
7.32,2579
7.33,2577
7.34,2576
7.35,2576
7.36,2575
7.37,2573
7.38,2573
7.39,2572
7.4,2570
7.41,2569
7.42,2568
7.43,2566
7.44,2564
7.45,2563
7.46,2560
7.47,2560
7.48,2558
7.49,2557
7.5,2556
7.51,2555
7.52,2552
7.53,2552
7.54,2550
7.55,2547
7.56,2547
7.57,2546
7.58,2544
7.59,2541
7.6,2540
7.61,2540
7.62,2539
7.63,2537
7.64,2533
7.65,2532
7.66,2532
7.67,2531
7.68,2529
7.69,2529
7.7,2527
7.71,2526
7.72,2526
7.73,2524
7.74,2523
7.75,2523
7.76,2523
7.77,2522
7.78,2519
7.79,2519
7.8,2517
7.81,2516
7.82,2513
7.83,2510
7.84,2509
7.85,2509
7.86,2507
7.87,2507
7.88,2506
7.89,2505
7.9,2505
7.91,2503
7.92,2502
7.93,2502
7.94,2502
7.95,2500
7.96,2498
7.97,2496
7.98,2494
7.99,2493
8.0,2490
8.01,2488
8.02,2485
8.03,2483
8.04,2482
8.05,2481
8.06,2478
8.07,2477
8.08,2475
8.09,2474
8.1,2474
8.11,2470
8.12,2469
8.13,2468
8.14,2468
8.15,2467
8.16,2467
8.17,2465
8.18,2465
8.19,2464
8.2,2463
8.21,2462
8.22,2459
8.23,2458
8.24,2457
8.25,2457
8.26,2455
8.27,2452
8.28,2450
8.29,2447
8.3,2444
8.31,2442
8.32,2442
8.33,2440
8.34,2440
8.35,2439
8.36,2439
8.37,2438
8.38,2437
8.39,2436
8.4,2435
8.41,2435
8.42,2434
8.43,2434
8.44,2433
8.45,2430
8.46,2429
8.47,2427
8.48,2427
8.49,2426
8.5,2424
8.51,2421
8.52,2421
8.53,2421
8.54,2420
8.55,2418
8.56,2417
8.57,2415
8.58,2414
8.59,2413
8.6,2413
8.61,2411
8.62,2410
8.63,2409
8.64,2408
8.65,2408
8.66,2408
8.67,2408
8.68,2407
8.69,2407
8.7,2407
8.71,2406
8.72,2403
8.73,2403
8.74,2402
8.75,2400
8.76,2400
8.77,2400
8.78,2399
8.79,2398
8.8,2397
8.81,2397
8.82,2396
8.83,2395
8.84,2395
8.85,2395
8.86,2395
8.87,2394
8.88,2392
8.89,2392
8.9,2391
8.91,2390
8.92,2390
8.93,2388
8.94,2388
8.95,2388
8.96,2386
8.97,2386
8.98,2385
8.99,2382
9.0,2380
9.01,2378
9.02,2376
9.03,2375
9.04,2374
9.05,2373
9.06,2372
9.07,2372
9.08,2371
9.09,2370
9.1,2370
9.11,2369
9.12,2369
9.13,2368
9.14,2365
9.15,2363
9.16,2363
9.17,2363
9.18,2362
9.19,2361
9.2,2361
9.21,2358
9.22,2358
9.23,2358
9.24,2358
9.25,2358
9.26,2356
9.27,2356
9.28,2355
9.29,2355
9.3,2355
9.31,2352
9.32,2352
9.33,2352
9.34,2351
9.35,2351
9.36,2350
9.37,2349
9.38,2349
9.39,2346
9.4,2345
9.41,2344
9.42,2343
9.43,2343
9.44,2343
9.45,2342
9.46,2342
9.47,2342
9.48,2342
9.49,2340
9.5,2340
9.51,2340
9.52,2340
9.53,2339
9.54,2338
9.55,2338
9.56,2337
9.57,2336
9.58,2335
9.59,2334
9.6,2334
9.61,2334
9.62,2334
9.63,2334
9.64,2333
9.65,2332
9.66,2332
9.67,2332
9.68,2332
9.69,2332
9.7,2332
9.71,2332
9.72,2332
9.73,2332
9.74,2332
9.75,2332
9.76,2332
9.77,2331
9.78,2331
9.79,2331
9.8,2330
9.81,2330
9.82,2330
9.83,2330
9.84,2330
9.85,2330
9.86,2330
9.87,2329
9.88,2328
9.89,2328
9.9,2328
9.91,2328
9.92,2328
9.93,2328
9.94,2328
9.95,2328
9.96,2328
9.97,2328
9.98,2327
9.99,2326
10.0,2325
10.01,2325
10.02,2324
10.03,2323
10.04,2322
10.05,2322
10.06,2322
10.07,2322
10.08,2322
10.09,2321
10.1,2320
10.11,2320
10.12,2320
10.13,2320
10.14,2318
10.15,2318
10.16,2318
10.17,2318
10.18,2317
10.19,2316
10.2,2314
10.21,2314
10.22,2312
10.23,2312
10.24,2312
10.25,2311
10.26,2311
10.27,2310
10.28,2309
10.29,2309
10.3,2308
10.31,2308
10.32,2308
10.33,2306
10.34,2306
10.35,2306
10.36,2304
10.37,2304
10.38,2304
10.39,2304
10.4,2304
10.41,2304
10.42,2304
10.43,2304
10.44,2304
10.45,2303
10.46,2303
10.47,2303
10.48,2303
10.49,2303
10.5,2303
10.51,2302
10.52,2302
10.53,2302
10.54,2301
10.55,2301
10.56,2301
10.57,2301
10.58,2301
10.59,2301
10.6,2301
10.61,2301
10.62,2301
10.63,2301
10.64,2301
10.65,2301
10.66,2301
10.67,2301
10.68,2300
10.69,2300
10.7,2299
10.71,2299
10.72,2299
10.73,2299
10.74,2299
10.75,2299
10.76,2299
10.77,2299
10.78,2299
10.79,2299
10.8,2299
10.81,2299
10.82,2299
10.83,2299
10.84,2298
10.85,2298
10.86,2297
10.87,2297
10.88,2297
10.89,2297
10.9,2297
10.91,2297
10.92,2297
10.93,2297
10.94,2297
10.95,2297
10.96,2296
10.97,2296
10.98,2296
10.99,2295
11.0,2295
11.01,2295
11.02,2295
11.03,2295
11.04,2295
11.05,2295
11.06,2294
11.07,2294
11.08,2294
11.09,2294
11.1,2293
11.11,2293
11.12,2293
11.13,2293
11.14,2293
11.15,2292
11.16,2292
11.17,2291
11.18,2291
11.19,2291
11.2,2290
11.21,2290
11.22,2290
11.23,2290
11.24,2290
11.25,2290
11.26,2290
11.27,2289
11.28,2289
11.29,2289
11.3,2289
11.31,2289
11.32,2289
11.33,2289
11.34,2289
11.35,2289
11.36,2289
11.37,2289
11.38,2289
11.39,2289
11.4,2289
11.41,2289
11.42,2289
11.43,2289
11.44,2289
11.45,2289
11.46,2289
11.47,2287
11.48,2287
11.49,2287
11.5,2287
11.51,2287
11.52,2286
11.53,2286
11.54,2286
11.55,2286
11.56,2286
11.57,2286
11.58,2286
11.59,2286
11.6,2286
11.61,2286
11.62,2286
11.63,2285
11.64,2285
11.65,2285
11.66,2285
11.67,2285
11.68,2285
11.69,2285
