0.0,4941
0.01,4936
0.02,4932
0.03,4927
0.04,4923
0.05,4919
0.06,4914
0.07,4910
0.08,4906
0.09,4901
0.1,4897
0.11,4893
0.12,4888
0.13,4884
0.14,4880
0.15,4875
0.16,4871
0.17,4867
0.18,4862
0.19,4858
0.2,4853
0.21,4849
0.22,4845
0.23,4840
0.24,4836
0.25,4832
0.26,4827
0.27,4823
0.28,4819
0.29,4814
0.3,4810
0.31,4806
0.32,4801
0.33,4797
0.34,4793
0.35,4788
0.36,4784
0.37,4780
0.38,4775
0.39,4771
0.4,4767
0.41,4762
0.42,4758
0.43,4754
0.44,4749
0.45,4745
0.46,4741
0.47,4736
0.48,4732
0.49,4728
0.5,4723
0.51,4719
0.52,4714
0.53,4710
0.54,4706
0.55,4701
0.56,4697
0.57,4693
0.58,4688
0.59,4684
0.6,4680
0.61,4675
0.62,4671
0.63,4667
0.64,4662
0.65,4658
0.66,4654
0.67,4649
0.68,4645
0.69,4640
0.7,4636
0.71,4632
0.72,4627
0.73,4623
0.74,4619
0.75,4614
0.76,4610
0.77,4606
0.78,4601
0.79,4597
0.8,4593
0.81,4588
0.82,4584
0.83,4580
0.84,4575
0.85,4571
0.86,4567
0.87,4562
0.88,4558
0.89,4554
0.9,4549
0.91,4545
0.92,4541
0.93,4536
0.94,4532
0.95,4527
0.96,4523
0.97,4519
0.98,4514
0.99,4510
1.0,4506
1.01,4501
1.02,4497
1.03,4493
1.04,4488
1.05,4484
1.06,4479
1.07,4475
1.08,4471
1.09,4466
1.1,4462
1.11,4458
1.12,4453
1.13,4449
1.14,4445
1.15,4440
1.16,4436
1.17,4432
1.18,4427
1.19,4423
1.2,4418
1.21,4414
1.22,4410
1.23,4405
1.24,4401
1.25,4397
1.26,4392
1.27,4388
1.28,4384
1.29,4379
1.3,4375
1.31,4371
1.32,4366
1.33,4362
1.34,4358
1.35,4353
1.36,4349
1.37,4344
1.38,4340
1.39,4336
1.4,4331
1.41,4327
1.42,4323
1.43,4318
1.44,4314
1.45,4310
1.46,4305
1.47,4301
1.48,4297
1.49,4292
1.5,4288
1.51,4283
1.52,4279
1.53,4275
1.54,4270
1.55,4266
1.56,4262
1.57,4257
1.58,4253
1.59,4249
1.6,4244
1.61,4240
1.62,4236
1.63,4231
1.64,4227
1.65,4223
1.66,4218
1.67,4214
1.68,4209
1.69,4205
1.7,4201
1.71,4196
1.72,4192
1.73,4188
1.74,4183
1.75,4179
1.76,4175
1.77,4170
1.78,4166
1.79,4162
1.8,4157
1.81,4153
1.82,4149
1.83,4144
1.84,4140
1.85,4136
1.86,4131
1.87,4127
1.88,4123
1.89,4118
1.9,4114
1.91,4110
1.92,4105
1.93,4101
1.94,4097
1.95,4092
1.96,4088
1.97,4084
1.98,4079
2.0,4076
2.01,4071
2.02,4067
2.03,4063
2.04,4058
2.05,4054
2.06,4050
2.07,4045
2.08,4041
2.09,4037
2.1,4032
2.11,4028
2.12,4024
2.13,4020
2.14,4015
2.15,4011
2.16,4007
2.17,4002
2.18,3998
2.19,3994
2.2,3989
2.21,3985
2.22,3981
2.23,3976
2.24,3972
2.25,3968
2.26,3963
2.27,3959
2.28,3955
2.29,3951
2.3,3946
2.31,3942
2.32,3938
2.33,3933
2.34,3929
2.35,3925
2.36,3920
2.37,3916
2.38,3912
2.39,3907
2.4,3903
2.41,3899
2.42,3894
2.43,3890
2.44,3886
2.45,3881
2.46,3877
2.47,3873
2.48,3868
2.49,3864
2.5,3860
2.51,3855
2.52,3851
2.53,3847
2.54,3843
2.55,3838
2.56,3834
2.57,3830
2.58,3825
2.59,3821
2.6,3817
2.61,3812
2.62,3808
2.63,3804
2.64,3799
2.65,3795
2.66,3791
2.67,3787
2.68,3782
2.69,3778
2.7,3774
2.71,3769
2.72,3765
2.73,3761
2.74,3756
2.75,3752
2.76,3748
2.77,3743
2.78,3739
2.79,3735
2.8,3730
2.81,3726
2.82,3722
2.83,3717
2.84,3714
2.85,3711
2.86,3707
2.87,3702
2.88,3698
2.89,3694
2.9,3689
2.91,3685
2.92,3682
2.93,3677
2.94,3674
2.95,3671
2.96,3666
2.97,3662
2.98,3658
2.99,3654
3.0,3650
3.01,3645
3.02,3641
3.03,3637
3.04,3633
3.05,3628
3.06,3624
3.07,3620
3.08,3616
3.09,3612
3.1,3608
3.11,3604
3.12,3601
3.13,3596
3.14,3594
3.15,3590
3.16,3588
3.17,3584
3.18,3582
3.19,3579
3.2,3575
3.21,3571
3.22,3568
3.23,3563
3.24,3561
3.25,3557
3.26,3553
3.27,3550
3.28,3547
3.29,3544
3.3,3541
3.31,3537
3.32,3534
3.33,3530
3.34,3527
3.35,3523
3.36,3519
3.37,3516
3.38,3512
3.39,3509
3.4,3505
3.41,3501
3.42,3497
3.43,3495
3.44,3491
3.45,3487
3.46,3484
3.47,3480
3.48,3476
3.49,3473
3.5,3469
3.51,3466
3.52,3462
3.53,3458
3.54,3454
3.55,3451
3.56,3449
3.57,3447
3.58,3442
3.59,3438
3.6,3434
3.61,3431
3.62,3428
3.63,3424
3.64,3419
3.65,3417
3.66,3413
3.67,3409
3.68,3406
3.69,3402
3.7,3401
3.71,3397
3.72,3394
3.73,3391
3.74,3387
3.75,3385
3.76,3382
3.77,3378
3.78,3373
3.79,3370
3.8,3367
3.81,3364
3.82,3362
3.83,3357
3.84,3354
3.85,3351
3.86,3348
3.87,3344
3.88,3340
3.89,3338
3.9,3334
3.91,3332
3.92,3328
3.93,3324
3.94,3321
3.95,3320
3.96,3316
3.97,3312
3.98,3309
3.99,3304
4.0,3300
4.01,3298
4.02,3294
4.03,3291
4.04,3288
4.05,3284
4.06,3280
4.07,3276
4.08,3274
4.09,3272
4.1,3269
4.11,3266
4.12,3263
4.13,3261
4.14,3258
4.15,3254
4.16,3252
4.17,3249
4.18,3245
4.19,3242
4.2,3239
4.21,3237
4.22,3234
4.23,3229
4.24,3225
4.25,3223
4.26,3219
4.27,3214
4.28,3210
4.29,3207
4.3,3203
4.31,3202
4.32,3199
4.33,3196
4.34,3192
4.35,3188
4.36,3184
4.37,3182
4.38,3178
4.39,3176
4.4,3174
4.41,3171
4.42,3167
4.43,3164
4.44,3160
4.45,3156
4.46,3154
4.47,3150
4.48,3147
4.49,3144
4.5,3142
4.51,3138
4.52,3135
4.53,3133
4.54,3130
4.55,3126
4.56,3123
4.57,3119
4.58,3116
4.59,3114
4.6,3111
4.61,3109
4.62,3106
4.63,3105
4.64,3101
4.65,3100
4.66,3098
4.67,3094
4.68,3091
4.69,3089
4.7,3087
4.71,3085
4.72,3083
4.73,3079
4.74,3076
4.75,3074
4.76,3074
4.77,3069
4.78,3066
4.79,3064
4.8,3062
4.81,3059
4.82,3056
4.83,3055
4.84,3052
4.85,3051
4.86,3050
4.87,3047
4.88,3044
4.89,3041
4.9,3038
4.91,3034
4.92,3031
4.93,3028
4.94,3025
4.95,3022
4.96,3018
4.97,3015
4.98,3012
4.99,3012
5.0,3008
5.01,3006
5.02,3003
5.03,2999
5.04,2995
5.05,2993
5.06,2990
5.07,2988
5.08,2986
5.09,2983
5.1,2980
5.11,2977
5.12,2973
5.13,2970
5.14,2969
5.15,2966
5.16,2962
5.17,2960
5.18,2957
5.19,2953
5.2,2950
5.21,2946
5.22,2943
5.23,2940
5.24,2939
5.25,2936
5.26,2932
5.27,2931
5.28,2929
5.29,2927
5.3,2924
5.31,2922
5.32,2920
5.33,2917
5.34,2914
5.35,2910
5.36,2907
5.37,2905
5.38,2902
5.39,2898
5.4,2897
5.41,2894
5.42,2892
5.43,2888
5.44,2885
5.45,2883
5.46,2881
5.47,2880
5.48,2878
5.49,2877
5.5,2876
5.51,2873
5.52,2870
5.53,2869
5.54,2868
5.55,2867
5.56,2865
5.57,2864
5.58,2860
5.59,2857
5.6,2856
5.61,2854
5.62,2851
5.63,2848
5.64,2845
5.65,2843
5.66,2841
5.67,2839
5.68,2836
5.69,2833
5.7,2831
5.71,2827
5.72,2826
5.73,2824
5.74,2822
5.75,2820
5.76,2817
5.77,2813
5.78,2809
5.79,2806
5.8,2805
5.81,2803
5.82,2801
5.83,2799
5.84,2796
5.85,2794
5.86,2791
5.87,2790
5.88,2787
5.89,2784
5.9,2781
5.91,2777
5.92,2776
5.93,2775
5.94,2775
5.95,2771
5.96,2770
5.97,2766
5.98,2763
5.99,2760
6.0,2757
6.01,2754
6.02,2753
6.03,2751
6.04,2749
6.05,2748
6.06,2746
6.07,2745
6.08,2744
6.09,2743
6.1,2740
6.11,2739
6.12,2735
6.13,2732
6.14,2730
6.15,2728
6.16,2725
6.17,2722
6.18,2721
6.19,2720
6.2,2717
6.21,2716
6.22,2714
6.23,2712
6.24,2711
6.25,2709
6.26,2707
6.27,2704
6.28,2701
6.29,2699
6.3,2697
6.31,2694
6.32,2693
6.33,2692
6.34,2689
6.35,2687
6.36,2684
6.37,2682
6.38,2678
6.39,2675
6.4,2674
6.41,2671
6.42,2669
6.43,2665
6.44,2662
6.45,2661
6.46,2659
6.47,2655
6.48,2655
6.49,2655
6.5,2653
6.51,2650
6.52,2650
6.53,2646
6.54,2644
6.55,2641
6.56,2639
6.57,2637
6.58,2634
6.59,2633
6.6,2631
6.61,2629
6.62,2625
6.63,2624
6.64,2622
6.65,2619
6.66,2617
6.67,2617
6.68,2616
6.69,2615
6.7,2613
6.71,2613
6.72,2611
6.73,2611
6.74,2610
6.75,2608
6.76,2605
6.77,2605
6.78,2602
6.79,2602
6.8,2599
6.81,2598
6.82,2597
6.83,2594
6.84,2592
6.85,2590
6.86,2589
6.87,2587
6.88,2585
6.89,2585
6.9,2583
6.91,2581
6.92,2578
6.93,2577
6.94,2576
6.95,2575
6.96,2574
6.97,2573
6.98,2572
6.99,2571
7.0,2571
7.01,2569
7.02,2567
7.03,2566
7.04,2564
7.05,2562
7.06,2561
7.07,2559
7.08,2558
7.09,2555
7.1,2553
7.11,2550
7.12,2549
7.13,2546
7.14,2546
7.15,2546
7.16,2544
7.17,2543
7.18,2542
7.19,2542
7.2,2541
7.21,2540
7.22,2537
7.23,2537
7.24,2535
7.25,2532
7.26,2531
7.27,2529
7.28,2529
7.29,2527
7.3,2525
7.31,2522
7.32,2521
7.33,2519
7.34,2519
7.35,2517
7.36,2515
7.37,2515
7.38,2513
7.39,2512
7.4,2510
7.41,2508
7.42,2507
7.43,2505
7.44,2503
7.45,2502
7.46,2500
7.47,2499
7.48,2498
7.49,2497
7.5,2496
7.51,2494
7.52,2494
7.53,2492
7.54,2491
7.55,2490
7.56,2489
7.57,2488
7.58,2488
7.59,2486
7.6,2484
7.61,2484
7.62,2481
7.63,2480
7.64,2480
7.65,2479
7.66,2479
7.67,2479
7.68,2478
7.69,2476
7.7,2473
7.71,2471
7.72,2471
7.73,2469
7.74,2467
7.75,2466
7.76,2465
7.77,2463
7.78,2463
7.79,2463
7.8,2461
7.81,2460
7.82,2460
7.83,2460
7.84,2459
7.85,2457
7.86,2456
7.87,2455
7.88,2453
7.89,2452
7.9,2451
7.91,2451
7.92,2450
7.93,2450
7.94,2449
7.95,2449
7.96,2447
7.97,2446
7.98,2446
7.99,2444
8.0,2443
8.01,2442
8.02,2441
8.03,2441
8.04,2440
8.05,2439
8.06,2439
8.07,2438
8.08,2437
8.09,2436
8.1,2435
8.11,2433
8.12,2432
8.13,2431
8.14,2430
8.15,2430
8.16,2429
8.17,2428
8.18,2428
8.19,2427
8.2,2427
8.21,2426
8.22,2425
8.23,2424
8.24,2423
8.25,2422
8.26,2422
8.27,2420
8.28,2419
8.29,2419
8.3,2418
8.31,2417
8.32,2414
8.33,2414
8.34,2413
8.35,2412
8.36,2410
8.37,2408
8.38,2406
8.39,2406
8.4,2406
8.41,2406
8.42,2406
8.43,2405
8.44,2404
8.45,2403
8.46,2402
8.47,2402
8.48,2399
8.49,2396
8.5,2395
8.51,2392
8.52,2390
8.53,2390
8.54,2389
8.55,2386
8.56,2386
8.57,2384
8.58,2383
8.59,2383
8.6,2381
8.61,2380
8.62,2380
8.63,2377
8.64,2376
8.65,2374
8.66,2373
8.67,2373
8.68,2372
8.69,2370
8.7,2370
8.71,2370
8.72,2370
8.73,2368
8.74,2366
8.75,2366
8.76,2365
8.77,2365
8.78,2364
8.79,2363
8.8,2361
8.81,2359
8.82,2359
8.83,2358
8.84,2357
8.85,2356
8.86,2355
8.87,2354
8.88,2353
8.89,2351
8.9,2348
8.91,2347
8.92,2346
8.93,2345
8.94,2344
8.95,2343
8.96,2341
8.97,2340
8.98,2339
8.99,2338
9.0,2337
9.01,2336
9.02,2335
9.03,2335
9.04,2335
9.05,2335
9.06,2334
9.07,2334
9.08,2334
9.09,2334
9.1,2334
9.11,2334
9.12,2334
9.13,2334
9.14,2333
9.15,2333
9.16,2331
9.17,2331
9.18,2330
9.19,2329
9.2,2329
9.21,2329
9.22,2329
9.23,2328
9.24,2327
9.25,2327
9.26,2327
9.27,2327
9.28,2325
9.29,2324
9.3,2324
9.31,2324
9.32,2324
9.33,2324
9.34,2323
9.35,2323
9.36,2322
9.37,2322
9.38,2322
9.39,2321
9.4,2321
9.41,2321
9.42,2321
9.43,2321
9.44,2321
9.45,2320
9.46,2320
9.47,2320
9.48,2318
9.49,2318
9.5,2318
9.51,2316
9.52,2315
9.53,2315
9.54,2314
9.55,2314
9.56,2314
9.57,2314
9.58,2313
9.59,2313
9.6,2313
9.61,2313
9.62,2312
9.63,2312
9.64,2310
9.65,2309
9.66,2309
9.67,2309
9.68,2308
9.69,2308
9.7,2308
9.71,2307
9.72,2306
9.73,2306
9.74,2305
9.75,2304
9.76,2303
9.77,2303
9.78,2303
9.79,2301
9.8,2301
9.81,2301
9.82,2301
9.83,2301
9.84,2300
9.85,2299
9.86,2299
9.87,2299
9.88,2299
9.89,2299
9.9,2299
9.91,2298
9.92,2298
9.93,2298
9.94,2298
9.95,2298
9.96,2298
9.97,2298
9.98,2296
9.99,2296
10.0,2296
10.01,2296
10.02,2295
10.03,2295
10.04,2295
10.05,2295
10.06,2295
10.07,2295
10.08,2294
10.09,2294
10.1,2294
10.11,2293
10.12,2293
10.13,2293
10.14,2292
10.15,2291
10.16,2291
10.17,2290
10.18,2290
10.19,2289
10.2,2289
10.21,2289
10.22,2288
10.23,2288
10.24,2288
10.25,2288
10.26,2288
10.27,2288
10.28,2288
10.29,2288
10.3,2287
10.31,2287
10.32,2287
10.33,2287
10.34,2287
10.35,2287
10.36,2287
10.37,2287
10.38,2287
10.39,2287
10.4,2287
10.41,2287
10.42,2287
10.43,2287
10.44,2287
10.45,2287
10.46,2287
10.47,2287
10.48,2286
10.49,2286
10.5,2286
10.51,2285
10.52,2285
10.53,2285
10.54,2285
10.55,2285
10.56,2285
10.57,2285
10.58,2285
10.59,2285
10.6,2284
10.61,2284
10.62,2284
10.63,2284
10.64,2283
10.65,2283
10.66,2282
10.67,2282
10.68,2282
10.69,2282
10.7,2281
10.71,2281
10.72,2281
10.73,2281
10.74,2280
10.75,2279
10.76,2279
10.77,2279
10.78,2279
10.79,2279
10.8,2279
10.81,2279
10.82,2279
10.83,2279
10.84,2279
10.85,2279
10.86,2279
10.87,2279
10.88,2278
10.89,2278
10.9,2278
10.91,2278
10.92,2278
10.93,2278
10.94,2278
10.95,2278
10.96,2278
10.97,2277
10.98,2276
10.99,2276
11.0,2276
11.01,2276
11.02,2276
11.03,2276
11.04,2276
11.05,2276
11.06,2276
11.07,2276
11.08,2275
11.09,2275
11.1,2275
11.11,2275
11.12,2275
11.13,2275
11.14,2275
11.15,2275
11.16,2275
11.17,2274
11.18,2274
11.19,2274
11.2,2274
11.21,2274
11.22,2274
11.23,2274
