0.0,4941
0.01,4936
0.02,4932
0.03,4928
0.04,4923
0.05,4919
0.06,4915
0.07,4910
0.08,4906
0.09,4902
0.1,4898
0.11,4893
0.12,4889
0.13,4885
0.14,4880
0.15,4876
0.16,4872
0.17,4868
0.18,4863
0.19,4859
0.2,4855
0.21,4850
0.22,4846
0.23,4842
0.24,4838
0.25,4833
0.26,4829
0.27,4825
0.28,4821
0.29,4816
0.3,4812
0.31,4808
0.32,4803
0.33,4799
0.34,4795
0.35,4791
0.36,4786
0.37,4782
0.38,4778
0.39,4773
0.4,4769
0.41,4765
0.42,4761
0.43,4756
0.44,4752
0.45,4748
0.46,4744
0.47,4739
0.48,4735
0.49,4731
0.5,4726
0.51,4722
0.52,4718
0.53,4714
0.54,4709
0.55,4705
0.56,4701
0.57,4696
0.58,4692
0.59,4688
0.6,4684
0.61,4679
0.62,4675
0.63,4671
0.64,4666
0.65,4662
0.66,4658
0.67,4654
0.68,4649
0.69,4645
0.7,4641
0.71,4636
0.72,4632
0.73,4628
0.74,4624
0.75,4619
0.76,4615
0.77,4611
0.78,4607
0.79,4602
0.8,4598
0.81,4594
0.82,4589
0.83,4585
0.84,4581
0.85,4577
0.86,4572
0.87,4568
0.88,4564
0.89,4560
0.9,4555
0.91,4551
0.92,4547
0.93,4542
0.94,4538
0.95,4537
0.96,4533
0.97,4529
0.98,4525
0.99,4520
1.0,4516
1.01,4512
1.02,4507
1.03,4503
1.04,4499
1.05,4494
1.06,4490
1.07,4486
1.08,4481
1.09,4477
1.1,4472
1.11,4468
1.12,4464
1.13,4460
1.14,4455
1.15,4451
1.16,4447
1.17,4442
1.18,4438
1.19,4433
1.2,4429
1.21,4425
1.22,4421
1.23,4416
1.24,4412
1.25,4408
1.26,4403
1.27,4399
1.28,4394
1.29,4390
1.3,4386
1.31,4381
1.32,4377
1.33,4373
1.34,4368
1.35,4364
1.36,4360
1.37,4355
1.38,4351
1.39,4347
1.4,4342
1.41,4338
1.42,4334
1.43,4329
1.44,4325
1.45,4321
1.46,4316
1.47,4312
1.48,4308
1.49,4303
1.5,4299
1.51,4295
1.52,4290
1.53,4286
1.54,4282
1.55,4277
1.56,4273
1.57,4269
1.58,4264
1.59,4260
1.6,4256
1.61,4251
1.62,4247
1.63,4243
1.64,4238
1.65,4234
1.66,4230
1.67,4225
1.68,4221
1.69,4217
1.7,4212
1.71,4208
1.72,4204
1.73,4199
1.74,4195
1.75,4191
1.76,4186
1.77,4182
1.78,4178
1.79,4173
1.8,4169
1.81,4165
1.82,4160
1.83,4156
1.84,4152
1.85,4147
1.86,4143
1.87,4139
1.88,4135
1.89,4130
1.9,4126
1.91,4122
1.92,4117
1.93,4113
1.94,4109
1.95,4104
1.96,4100
1.97,4096
1.98,4091
1.99,4087
2.0,4083
2.01,4078
2.02,4074
2.03,4070
2.04,4065
2.05,4061
2.06,4057
2.07,4052
2.08,4048
2.09,4044
2.1,4039
2.11,4035
2.12,4031
2.13,4026
2.14,4022
2.15,4018
2.16,4013
2.17,4009
2.18,4005
2.19,4000
2.2,3996
2.21,3992
2.22,3987
2.23,3983
2.24,3979
2.25,3975
2.26,3970
2.27,3966
2.28,3961
2.29,3957
2.3,3953
2.31,3948
2.32,3944
2.33,3940
2.34,3935
2.35,3931
2.36,3927
2.37,3923
2.38,3918
2.39,3914
2.4,3910
2.41,3905
2.42,3901
2.43,3897
2.44,3892
2.45,3888
2.46,3884
2.47,3879
2.48,3875
2.49,3871
2.5,3866
2.51,3862
2.52,3858
2.53,3853
2.54,3849
2.55,3845
2.56,3840
2.57,3836
2.58,3832
2.59,3827
2.6,3823
2.61,3819
2.62,3814
2.63,3810
2.64,3806
2.65,3801
2.66,3797
2.67,3793
2.68,3788
2.69,3784
2.7,3780
2.71,3775
2.72,3771
2.73,3767
2.74,3762
2.75,3758
2.76,3754
2.77,3749
2.78,3745
2.79,3741
2.8,3736
2.81,3732
2.82,3728
2.83,3723
2.84,3719
2.85,3715
2.86,3713
2.87,3709
2.88,3705
2.89,3702
2.9,3697
2.91,3693
2.92,3689
2.93,3685
2.94,3681
2.95,3677
2.96,3674
2.97,3669
2.98,3665
2.99,3661
3.0,3657
3.01,3652
3.02,3649
3.03,3645
3.04,3641
3.05,3637
3.06,3634
3.07,3630
3.08,3625
3.09,3621
3.1,3617
3.11,3613
3.12,3609
3.13,3605
3.14,3603
3.15,3598
3.16,3594
3.17,3591
3.18,3586
3.19,3582
3.2,3579
3.21,3575
3.22,3572
3.23,3569
3.24,3566
3.25,3562
3.26,3559
3.27,3555
3.28,3551
3.29,3548
3.3,3544
3.31,3541
3.32,3537
3.33,3533
3.34,3530
3.35,3527
3.36,3523
3.37,3519
3.38,3515
3.39,3511
3.4,3508
3.41,3504
3.42,3500
3.43,3496
3.44,3492
3.45,3488
3.46,3484
3.47,3480
3.48,3476
3.49,3473
3.5,3468
3.51,3466
3.52,3464
3.53,3460
3.54,3456
3.55,3452
3.56,3448
3.57,3444
3.58,3442
3.59,3438
3.6,3434
3.61,3429
3.62,3425
3.63,3423
3.64,3420
3.65,3416
3.66,3413
3.67,3410
3.68,3406
3.69,3402
3.7,3399
3.71,3396
3.72,3393
3.73,3389
3.74,3385
3.75,3381
3.76,3379
3.77,3376
3.78,3373
3.79,3370
3.8,3368
3.81,3364
3.82,3362
3.83,3358
3.84,3355
3.85,3353
3.86,3349
3.87,3345
3.88,3342
3.89,3340
3.9,3338
3.91,3335
3.92,3332
3.93,3331
3.94,3327
3.95,3324
3.96,3319
3.97,3316
3.98,3313
3.99,3310
4.0,3306
4.01,3303
4.02,3299
4.03,3295
4.04,3292
4.05,3288
4.06,3286
4.07,3284
4.08,3281
4.09,3277
4.1,3272
4.11,3270
4.12,3269
4.13,3266
4.14,3263
4.15,3260
4.16,3256
4.17,3253
4.18,3249
4.19,3247
4.2,3245
4.21,3241
4.22,3237
4.23,3235
4.24,3233
4.25,3230
4.26,3227
4.27,3224
4.28,3221
4.29,3219
4.3,3216
4.31,3213
4.32,3211
4.33,3208
4.34,3206
4.35,3203
4.36,3199
4.37,3195
4.38,3192
4.39,3188
4.4,3184
4.41,3180
4.42,3177
4.43,3173
4.44,3172
4.45,3169
4.46,3164
4.47,3160
4.48,3158
4.49,3155
4.5,3152
4.51,3149
4.52,3146
4.53,3142
4.54,3141
4.55,3139
4.56,3136
4.57,3133
4.58,3131
4.59,3128
4.6,3127
4.61,3124
4.62,3120
4.63,3116
4.64,3113
4.65,3111
4.66,3109
4.67,3106
4.68,3103
4.69,3100
4.7,3095
4.71,3091
4.72,3088
4.73,3087
4.74,3083
4.75,3081
4.76,3077
4.77,3075
4.78,3072
4.79,3069
4.8,3066
4.81,3065
4.82,3062
4.83,3060
4.84,3058
4.85,3054
4.86,3051
4.87,3047
4.88,3044
4.89,3040
4.9,3039
4.91,3037
4.92,3033
4.93,3030
4.94,3030
4.95,3026
4.96,3023
4.97,3020
4.98,3017
4.99,3014
5.0,3013
5.01,3009
5.02,3006
5.03,3004
5.04,3000
5.05,2999
5.06,2997
5.07,2994
5.08,2992
5.09,2989
5.1,2985
5.11,2982
5.12,2978
5.13,2975
5.14,2972
5.15,2969
5.16,2966
5.17,2965
5.18,2963
5.19,2961
5.2,2958
5.21,2955
5.22,2952
5.23,2950
5.24,2948
5.25,2945
5.26,2943
5.27,2942
5.28,2939
5.29,2935
5.3,2932
5.31,2930
5.32,2928
5.33,2925
5.34,2922
5.35,2919
5.36,2917
5.37,2914
5.38,2911
5.39,2908
5.4,2905
5.41,2902
5.42,2898
5.43,2894
5.44,2892
5.45,2891
5.46,2888
5.47,2887
5.48,2884
5.49,2882
5.5,2879
5.51,2878
5.52,2878
5.53,2876
5.54,2873
5.55,2871
5.56,2869
5.57,2867
5.58,2865
5.59,2863
5.6,2861
5.61,2858
5.62,2856
5.63,2854
5.64,2851
5.65,2848
5.66,2846
5.67,2843
5.68,2841
5.69,2838
5.7,2836
5.71,2834
5.72,2832
5.73,2831
5.74,2830
5.75,2828
5.76,2825
5.77,2821
5.78,2818
5.79,2816
5.8,2815
5.81,2814
5.82,2812
5.83,2810
5.84,2808
5.85,2804
5.86,2801
5.87,2798
5.88,2795
5.89,2793
5.9,2793
5.91,2790
5.92,2786
5.93,2783
5.94,2783
5.95,2780
5.96,2777
5.97,2775
5.98,2771
5.99,2769
6.0,2768
6.01,2767
6.02,2765
6.03,2762
6.04,2759
6.05,2757
6.06,2756
6.07,2755
6.08,2752
6.09,2749
6.1,2746
6.11,2744
6.12,2743
6.13,2742
6.14,2741
6.15,2740
6.16,2738
6.17,2734
6.18,2730
6.19,2727
6.2,2725
6.21,2721
6.22,2718
6.23,2716
6.24,2714
6.25,2711
6.26,2710
6.27,2708
6.28,2703
6.29,2700
6.3,2698
6.31,2694
6.32,2693
6.33,2691
6.34,2690
6.35,2689
6.36,2687
6.37,2686
6.38,2685
6.39,2682
6.4,2679
6.41,2678
6.42,2674
6.43,2673
6.44,2672
6.45,2670
6.46,2667
6.47,2664
6.48,2663
6.49,2660
6.5,2657
6.51,2655
6.52,2652
6.53,2650
6.54,2649
6.55,2647
6.56,2646
6.57,2644
6.58,2641
6.59,2640
6.6,2640
6.61,2638
6.62,2636
6.63,2632
6.64,2630
6.65,2629
6.66,2627
6.67,2623
6.68,2620
6.69,2619
6.7,2618
6.71,2616
6.72,2612
6.73,2608
6.74,2605
6.75,2603
6.76,2602
6.77,2601
6.78,2599
6.79,2598
6.8,2597
6.81,2597
6.82,2595
6.83,2594
6.84,2593
6.85,2592
6.86,2592
6.87,2591
6.88,2590
6.89,2588
6.9,2585
6.91,2583
6.92,2583
6.93,2581
6.94,2579
6.95,2578
6.96,2578
6.97,2575
6.98,2575
6.99,2571
7.0,2570
7.01,2569
7.02,2568
7.03,2567
7.04,2567
7.05,2564
7.06,2564
7.07,2564
7.08,2564
7.09,2564
7.1,2562
7.11,2562
7.12,2562
7.13,2562
7.14,2561
7.15,2560
7.16,2560
7.17,2558
7.18,2558
7.19,2557
7.2,2556
7.21,2556
7.22,2555
7.23,2553
7.24,2552
7.25,2552
7.26,2550
7.27,2549
7.28,2549
7.29,2548
7.3,2547
7.31,2544
7.32,2541
7.33,2540
7.34,2539
7.35,2538
7.36,2538
7.37,2538
7.38,2537
7.39,2537
7.4,2536
7.41,2535
7.42,2534
7.43,2533
7.44,2531
7.45,2528
7.46,2527
7.47,2526
7.48,2524
7.49,2523
7.5,2521
7.51,2520
7.52,2518
7.53,2518
7.54,2517
7.55,2515
7.56,2513
7.57,2513
7.58,2512
7.59,2510
7.6,2509
7.61,2508
7.62,2507
7.63,2506
7.64,2504
7.65,2503
7.66,2503
7.67,2503
7.68,2501
7.69,2501
7.7,2498
7.71,2497
7.72,2496
7.73,2494
7.74,2493
7.75,2491
7.76,2491
7.77,2491
7.78,2490
7.79,2490
7.8,2490
7.81,2488
7.82,2487
7.83,2485
7.84,2485
7.85,2484
7.86,2483
7.87,2481
7.88,2481
7.89,2477
7.9,2477
7.91,2477
7.92,2476
7.93,2474
7.94,2473
7.95,2472
7.96,2469
7.97,2468
7.98,2467
7.99,2466
8.0,2466
8.01,2465
8.02,2463
8.03,2462
8.04,2460
8.05,2459
8.06,2459
8.07,2457
8.08,2457
8.09,2457
8.1,2454
8.11,2451
8.12,2450
8.13,2447
8.14,2444
8.15,2441
8.16,2439
8.17,2436
8.18,2435
8.19,2435
8.2,2434
8.21,2433
8.22,2432
8.23,2432
8.24,2430
8.25,2429
8.26,2428
8.27,2427
8.28,2426
8.29,2425
8.3,2425
8.31,2423
8.32,2421
8.33,2420
8.34,2420
8.35,2419
8.36,2417
8.37,2416
8.38,2415
8.39,2413
8.4,2413
8.41,2413
8.42,2412
8.43,2410
8.44,2408
8.45,2407
8.46,2406
8.47,2405
8.48,2403
8.49,2403
8.5,2403
8.51,2402
8.52,2402
8.53,2402
8.54,2402
8.55,2400
8.56,2400
8.57,2398
8.58,2397
8.59,2396
8.6,2395
8.61,2394
8.62,2394
8.63,2393
8.64,2392
8.65,2390
8.66,2390
8.67,2389
8.68,2387
8.69,2385
8.7,2384
8.71,2384
8.72,2383
8.73,2381
8.74,2380
8.75,2380
8.76,2379
8.77,2378
8.78,2377
8.79,2376
8.8,2374
8.81,2373
8.82,2370
8.83,2369
8.84,2369
8.85,2368
8.86,2367
8.87,2365
8.88,2362
8.89,2361
8.9,2360
8.91,2359
8.92,2357
8.93,2357
8.94,2356
8.95,2356
8.96,2354
8.97,2353
8.98,2351
8.99,2350
9.0,2350
9.01,2350
9.02,2348
9.03,2346
9.04,2346
9.05,2346
9.06,2345
9.07,2345
9.08,2344
9.09,2343
9.1,2343
9.11,2342
9.12,2342
9.13,2342
9.14,2341
9.15,2341
9.16,2340
9.17,2340
9.18,2340
9.19,2340
9.2,2340
9.21,2340
9.22,2338
9.23,2338
9.24,2338
9.25,2338
9.26,2337
9.27,2337
9.28,2337
9.29,2337
9.3,2336
9.31,2336
9.32,2335
9.33,2334
9.34,2334
9.35,2333
9.36,2333
9.37,2333
9.38,2333
9.39,2333
9.4,2332
9.41,2332
9.42,2330
9.43,2330
9.44,2328
9.45,2328
9.46,2328
9.47,2328
9.48,2328
9.49,2328
9.5,2328
9.51,2327
9.52,2327
9.53,2327
9.54,2327
9.55,2327
9.56,2327
9.57,2326
9.58,2325
9.59,2323
9.6,2320
9.61,2320
9.62,2319
9.63,2319
9.64,2319
9.65,2318
9.66,2318
9.67,2317
9.68,2317
9.69,2317
9.7,2317
9.71,2317
9.72,2317
9.73,2317
9.74,2317
9.75,2317
9.76,2316
9.77,2315
9.78,2315
9.79,2315
9.8,2315
9.81,2315
9.82,2314
9.83,2314
9.84,2314
9.85,2313
9.86,2311
9.87,2310
9.88,2310
9.89,2310
9.9,2310
9.91,2310
9.92,2309
9.93,2309
9.94,2307
9.95,2307
9.96,2307
9.97,2305
9.98,2305
9.99,2305
10.0,2305
10.01,2305
10.02,2305
10.03,2305
10.04,2305
10.05,2304
10.06,2303
10.07,2302
10.08,2302
10.09,2302
10.1,2302
10.11,2302
10.12,2302
10.13,2302
10.14,2302
10.15,2302
10.16,2302
10.17,2302
10.18,2302
10.19,2301
10.2,2301
10.21,2301
10.22,2301
10.23,2301
10.24,2301
10.25,2301
10.26,2301
10.27,2301
10.28,2301
10.29,2301
10.3,2300
10.31,2300
10.32,2299
10.33,2299
10.34,2299
10.35,2299
10.36,2298
10.37,2298
10.38,2298
10.39,2298
10.4,2298
10.41,2298
10.42,2298
10.43,2298
10.44,2298
10.45,2298
10.46,2298
10.47,2297
10.48,2296
10.49,2296
10.5,2296
10.51,2296
10.52,2295
10.53,2293
10.54,2293
10.55,2293
10.56,2293
10.57,2293
10.58,2293
10.59,2292
10.6,2292
10.61,2292
10.62,2290
10.63,2290
10.64,2289
10.65,2289
10.66,2288
10.67,2288
10.68,2288
10.69,2288
10.7,2288
10.71,2288
10.72,2288
10.73,2287
10.74,2287
10.75,2287
10.76,2286
10.77,2286
10.78,2286
10.79,2285
10.8,2285
10.81,2285
10.82,2285
10.83,2285
10.84,2284
10.85,2284
10.86,2284
10.87,2284
10.88,2284
10.89,2284
10.9,2284
10.91,2284
10.92,2284
10.93,2284
10.94,2284
10.95,2284
10.96,2284
10.97,2284
10.98,2284
10.99,2284
11.0,2284
11.01,2284
11.02,2284
11.03,2284
11.04,2283
11.05,2283
11.06,2283
11.07,2283
11.08,2283
11.09,2283
11.1,2283
11.11,2283
11.12,2282
11.13,2282
11.14,2282
11.15,2282
11.16,2282
11.17,2282
11.18,2282
11.19,2282
11.2,2281
11.21,2281
11.22,2281
11.23,2281
11.24,2281
11.25,2281
11.26,2281
11.27,2281
11.28,2281
11.29,2281
