0.0,3
0.01,7
0.02,11
0.03,16
0.04,19
0.05,24
0.06,26
0.07,34
0.08,36
0.09,42
0.1,46
0.11,52
0.12,53
0.13,60
0.14,61
0.15,70
0.16,71
0.17,77
0.18,80
0.19,87
0.2,89
0.21,98
0.22,96
0.23,105
0.24,104
0.25,114
0.26,113
0.27,123
0.28,122
0.29,133
0.3,131
0.31,141
0.32,138
0.33,145
0.34,148
0.35,155
0.36,156
0.37,163
0.38,165
0.39,169
0.4,172
0.41,177
0.42,178
0.43,186
0.44,196
0.45,195
0.46,206
0.47,204
0.48,210
0.49,211
0.5,218
0.51,220
0.52,227
0.53,228
0.54,235
0.55,237
0.56,242
0.57,244
0.58,249
0.59,252
0.6,258
0.61,260
0.62,265
0.63,269
0.64,274
0.65,276
0.66,282
0.67,169
0.68,290
0.69,300
0.7,297
0.71,308
0.72,304
0.73,315
0.74,312
0.75,319
0.76,320
0.77,326
0.78,328
0.79,333
0.8,257
0.81,340
0.82,351
0.83,350
0.84,357
0.85,358
0.86,365
0.87,366
0.88,372
0.89,172
0.9,379
0.91,389
0.92,386
0.93,396
0.94,393
0.95,399
0.96,401
0.97,407
0.98,409
0.99,413
1.0,310
1.01,421
1.02,431
1.03,430
1.04,436
1.05,437
1.06,443
1.07,444
1.08,450
1.09,451
1.1,456
1.11,456
1.12,464
1.13,466
1.14,473
1.15,474
1.16,480
1.17,279
1.18,487
1.19,36
1.2,494
1.21,507
1.22,502
1.23,510
1.24,509
1.25,518
1.26,515
1.27,521
1.28,498
1.29,530
1.3,348
1.31,538
1.32,262
1.33,546
1.34,559
1.35,552
1.36,566
1.37,560
1.38,566
1.39,566
1.4,574
1.41,571
1.42,579
1.43,371
1.44,585
1.45,599
1.46,591
1.47,605
1.48,599
1.49,608
1.5,606
1.51,614
1.52,613
1.53,621
1.54,614
1.55,629
1.56,642
1.57,634
1.58,644
1.59,643
1.6,651
1.61,651
1.62,656
1.63,179
1.64,661
1.65,669
1.66,666
1.67,673
1.68,472
1.69,679
1.7,47
1.71,685
1.72,700
1.73,694
1.74,705
1.75,701
1.76,710
1.77,707
1.78,717
1.79,512
1.8,726
1.81,739
1.82,730
1.83,740
1.84,736
1.85,745
1.86,633
1.87,751
1.88,764
1.89,753
1.9,769
1.91,759
1.92,770
1.93,762
1.94,774
1.95,513
1.96,782
1.97,158
1.98,791
1.99,805
2.0,796
2.01,808
2.02,804
2.03,816
2.04,809
2.05,823
2.06,180
2.07,828
2.08,840
2.09,837
2.1,848
2.11,845
2.12,856
2.13,849
2.14,860
2.15,746
2.16,867
2.17,321
2.18,874
2.19,888
2.2,879
2.21,898
2.22,888
2.23,897
2.24,894
2.25,907
2.26,718
2.27,912
2.28,123
2.29,916
2.3,928
2.31,924
2.32,932
2.33,566
2.34,940
2.35,952
2.36,942
2.37,950
2.38,966
2.39,954
2.4,973
2.41,963
2.42,974
2.43,968
2.44,979
2.45,681
2.46,988
2.47,156
2.48,995
2.49,1009
2.5,998
2.51,1010
2.52,1002
2.53,1016
2.54,737
2.55,1023
2.56,229
2.57,1030
2.58,1045
2.59,1033
2.6,1046
2.61,914
2.62,1053
2.63,405
2.64,1062
2.65,1075
2.66,1065
2.67,1078
2.68,1060
2.69,1082
2.7,513
2.71,1090
2.72,1103
2.73,1093
2.74,1106
2.75,1073
2.76,1113
2.77,360
2.78,1120
2.79,1134
2.8,1117
2.81,1134
2.82,897
2.83,1139
2.84,1155
2.85,1137
2.86,1154
2.87,738
2.88,1162
2.89,1177
2.9,1162
2.91,1175
2.92,977
2.93,1181
2.94,47
2.95,1182
2.96,1196
2.97,956
2.98,1199
2.99,270
3.0,1207
3.01,109
3.02,1210
3.03,1228
3.04,1214
3.05,1229
3.06,1211
3.07,1235
3.08,878
3.09,1242
3.1,526
3.11,1249
3.12,1262
3.13,1250
3.14,1264
3.15,1244
3.16,1270
3.17,843
3.18,1277
3.19,382
3.2,1284
3.21,1298
3.22,1284
3.23,1302
3.24,1174
3.25,1304
3.26,568
3.27,1312
3.28,1327
3.29,1310
3.3,1328
3.31,1278
3.32,1333
3.33,623
3.34,1341
3.35,1357
3.36,1342
3.37,1356
3.38,923
3.39,1362
3.4,1378
3.41,1362
3.42,1376
3.43,880
3.44,1381
3.45,238
3.46,1390
3.47,1403
3.48,1376
3.49,1405
3.5,958
3.51,1412
3.52,108
3.53,1416
3.54,1433
3.55,1398
3.56,1433
3.57,602
3.58,1439
3.59,1453
3.6,1418
3.61,1456
3.62,1063
3.63,1462
3.64,219
3.65,1469
3.66,1486
3.67,1439
3.68,1486
3.69,905
3.7,1494
3.71,401
3.72,1503
3.73,1518
3.74,1491
3.75,1518
3.76,1251
3.77,1524
3.78,447
3.79,1533
3.8,3
3.81,1533
3.82,1550
3.83,1019
3.84,1557
3.85,320
3.86,1566
3.87,1581
3.88,1443
3.89,1583
3.9,794
3.91,1591
3.92,1606
3.93,1587
3.94,1606
3.95,1110
3.96,1611
3.97,191
3.98,1616
3.99,1634
4.0,1590
4.01,1638
4.02,1375
4.03,1646
4.04,888
4.05,1654
4.06,268
4.07,1663
4.08,1678
4.09,1631
4.1,1680
4.11,1425
4.12,1688
4.13,1040
4.14,1696
4.15,138
4.16,1701
4.17,1719
4.18,1229
4.19,1721
4.2,678
4.21,1729
4.22,1745
4.23,1728
4.24,1745
4.25,1173
4.26,1752
4.27,1768
4.28,1749
4.29,1769
4.3,895
4.31,1774
4.32,1789
4.33,1770
4.34,1791
4.35,1124
4.36,1797
4.37,449
4.38,1806
4.39,1820
4.4,1410
4.41,1817
4.42,406
4.43,1827
4.44,1835
4.45,1407
4.46,1840
4.47,215
4.48,1783
4.49,1854
4.5,962
4.51,1859
4.52,1875
4.53,1818
4.54,1877
4.55,1161
4.56,1883
4.57,463
4.58,1891
4.59,1904
4.6,1347
4.61,1905
4.62,462
4.63,1913
4.64,1927
4.65,1421
4.66,1927
4.67,211
4.68,1883
4.69,1943
4.7,909
4.71,1950
4.72,90
4.73,1885
4.74,1965
4.75,822
4.76,1972
4.77,1985
4.78,1381
4.79,1984
4.8,469
4.81,1993
4.82,2008
4.83,1520
4.84,2009
4.85,688
4.86,2017
4.87,2031
4.88,1471
4.89,2032
4.9,490
4.91,2038
4.92,2047
4.93,1242
4.94,2053
4.95,243
4.96,2034
4.97,2069
4.98,1070
4.99,2074
5.0,357
5.01,2081
5.02,2096
5.03,1471
5.04,2097
5.05,654
5.06,2105
5.07,2119
5.08,1635
5.09,2120
5.1,959
5.11,2125
5.12,161
5.13,2119
5.14,2144
5.15,1266
5.16,2147
5.17,311
5.18,2155
5.19,2171
5.2,864
5.21,2167
5.22,283
5.23,2172
5.24,2191
5.25,1660
5.26,2191
5.27,1003
5.28,2197
5.29,223
5.3,2196
5.31,2220
5.32,1564
5.33,2219
5.34,891
5.35,2227
5.36,310
5.37,2215
5.38,2251
5.39,1597
5.4,2250
5.41,854
5.42,2256
5.43,134
5.44,2014
5.45,2274
5.46,1428
5.47,2279
5.48,633
5.49,2276
5.5,2301
5.51,1486
5.52,2301
5.53,404
5.54,2052
5.55,2317
5.56,959
5.57,2320
5.58,2339
5.59,1404
5.6,2334
5.61,406
5.62,2297
5.63,2358
5.64,1291
5.65,2355
5.66,121
5.67,1916
5.68,2368
5.69,522
5.7,2347
5.71,2384
5.72,981
5.73,2377
5.74,2402
5.75,1624
5.76,2400
5.77,443
5.78,2095
5.79,2417
5.8,720
5.81,2350
5.82,2431
5.83,1281
5.84,2428
5.85,109
5.86,1852
5.87,2452
5.88,764
5.89,2282
5.9,2472
5.91,1271
5.92,2469
5.93,272
5.94,1900
5.95,2486
5.96,687
5.97,2271
5.98,2501
5.99,1041
6.0,2499
6.01,341
6.02,2267
6.03,2528
6.04,1701
6.05,2529
6.06,1149
6.07,2535
6.08,503
6.09,2148
6.1,2558
6.11,1597
6.12,2557
6.13,586
6.14,2476
6.15,2579
6.16,1444
6.17,2578
6.18,574
6.19,2301
6.2,2594
6.21,1367
6.22,2599
6.23,695
6.24,2567
6.25,2622
6.26,1585
6.27,2622
6.28,559
6.29,2355
6.3,2643
6.31,1593
6.32,2643
6.33,826
6.34,2619
6.35,18
6.36,1834
6.37,2664
6.38,785
6.39,2516
6.4,2686
6.41,1471
6.42,2686
6.43,360
6.44,2132
6.45,2701
6.46,907
6.47,2606
6.48,2720
6.49,1695
6.5,2717
6.51,513
6.52,2252
6.53,2738
6.54,1139
6.55,2722
6.56,2755
6.57,1633
6.58,2749
6.59,203
6.6,1854
6.61,2763
6.62,533
6.63,2270
6.64,2780
6.65,1134
6.66,2769
6.67,16
6.68,1403
6.69,2796
6.7,439
6.71,1960
6.72,2809
6.73,332
6.74,1960
6.75,2823
6.76,700
6.77,2173
6.78,2839
6.79,2852
6.8,1458
6.81,2836
6.82,2864
6.83,1481
6.84,2861
6.85,2876
6.86,1237
6.87,2747
6.88,2889
6.89,212
6.9,1774
6.91,2893
6.92,944
6.93,2763
6.94,179
6.95,1966
6.96,2917
6.97,1172
6.98,2912
6.99,442
7.0,2572
7.01,48
7.02,1975
7.03,2944
7.04,1377
7.05,2946
7.06,704
7.07,2596
7.08,96
7.09,2014
7.1,2980
7.11,1468
7.12,2975
7.13,729
7.14,2698
7.15,209
7.16,2104
7.17,3009
7.18,1645
7.19,3008
7.2,1022
7.21,2849
7.22,402
7.23,2369
7.24,3042
7.25,1796
7.26,3043
7.27,1148
7.28,2984
7.29,490
7.3,2431
7.31,3073
7.32,1700
7.33,3073
7.34,914
7.35,2789
7.36,186
7.37,1945
7.38,3096
7.39,757
7.4,2703
7.41,121
7.42,2063
7.43,3118
7.44,1393
7.45,3050
7.46,373
7.47,2062
7.48,3138
7.49,826
7.5,2650
7.51,3163
7.52,1761
7.53,3159
7.54,829
7.55,2298
7.56,3181
7.57,1192
7.58,2747
7.59,119
7.6,1962
7.61,3197
7.62,591
7.63,2228
7.64,3209
7.65,926
7.66,2613
7.67,3233
7.68,1444
7.69,3108
7.7,545
7.71,2029
7.72,3242
7.73,947
7.74,2732
7.75,3263
7.76,1560
7.77,3233
7.78,515
7.79,2208
7.8,3283
7.81,1249
7.82,2900
7.83,296
7.84,2093
7.85,3297
7.86,1196
7.87,2809
7.88,112
7.89,1925
7.9,3317
7.91,890
7.92,2675
7.93,3344
7.94,1595
7.95,3156
7.96,473
7.97,2288
7.98,3357
7.99,1442
8.0,3348
8.01,773
8.02,2567
8.03,3383
8.04,1826
8.05,3375
8.06,689
8.07,2574
8.08,3398
8.09,1770
8.1,3383
8.11,597
8.12,2243
8.13,3413
8.14,1415
8.15,3171
8.16,672
8.17,2560
8.18,3438
8.19,1668
8.2,3348
8.21,710
8.22,2459
8.23,3454
8.24,1083
8.25,2767
8.26,3468
8.27,1515
8.28,3240
8.29,728
8.3,2575
8.31,3494
8.32,1718
8.33,3403
8.34,823
8.35,2564
8.36,3510
8.37,1471
8.38,3086
8.39,399
8.4,2133
8.41,3522
8.42,1315
8.43,3026
8.44,321
8.45,1895
8.46,3544
8.47,678
8.48,2406
8.49,3562
8.5,1611
8.51,3222
8.52,556
8.53,2251
8.54,3574
8.55,1054
8.56,2770
8.57,3599
8.58,1709
8.59,3387
8.6,786
8.61,2597
8.62,3614
8.63,1552
8.64,3199
8.65,415
8.66,2191
8.67,3624
8.68,1174
8.69,2914
8.7,322
8.71,2043
8.72,3642
8.73,924
8.74,2499
8.75,3662
8.76,1014
8.77,2477
8.78,3674
8.79,1087
8.8,2639
8.81,3685
8.82,1213
8.83,2855
8.84,72
8.85,1594
8.86,3091
8.87,200
8.88,1746
8.89,3053
8.9,171
8.91,1887
8.92,3303
8.93,224
8.94,1419
8.95,3023
8.96,3748
8.97,1251
8.98,2665
8.99,3759
9.0,1017
9.01,2712
9.02,3780
9.03,1763
9.04,3474
9.05,711
9.06,2426
9.07,3794
9.08,1493
9.09,3197
9.1,525
9.11,2192
9.12,3811
9.13,1310
9.14,2887
9.15,3833
9.16,1646
9.17,3136
9.18,3846
9.19,824
9.2,2308
9.21,3851
9.22,1333
9.23,2884
9.24,132
9.25,1934
9.26,3338
9.27,616
9.28,1837
9.29,3424
9.3,766
9.31,2554
9.32,3898
9.33,1509
9.34,3146
9.35,419
9.36,2172
9.37,3841
9.38,1281
9.39,2896
9.4,123
9.41,1782
9.42,3280
9.43,615
9.44,2261
9.45,3780
9.46,1173
9.47,2812
9.48,3962
9.49,1464
9.5,3076
9.51,340
9.52,1886
9.53,3330
9.54,664
9.55,2295
9.56,3951
9.57,1190
9.58,2806
9.59,4015
9.6,1768
9.61,3318
9.62,686
9.63,2295
9.64,3733
9.65,682
9.66,2276
9.67,3670
9.68,952
9.69,2394
9.7,3879
9.71,1078
9.72,2626
9.73,4019
9.74,929
9.75,2393
9.76,3780
9.77,824
9.78,2336
9.79,3868
9.8,1014
9.81,2663
9.82,3974
9.83,1045
9.84,2581
9.85,4120
9.86,1451
9.87,3021
9.88,150
9.89,1713
9.9,3108
9.91,324
9.92,1435
9.93,2927
9.94,15
9.95,1492
9.96,2822
9.97,4176
9.98,1397
9.99,2818
10.0,4043
10.01,1287
10.02,2600
10.03,3981
10.04,1064
10.05,2490
10.06,3756
10.07,632
10.08,2158
10.09,3571
10.1,626
10.11,2151
10.12,3604
10.13,567
10.14,1769
10.15,3076
10.16,4257
10.17,1464
10.18,2810
10.19,4227
10.2,1336
10.21,2751
10.22,4058
10.23,991
10.24,2472
10.25,4290
