0.0,4896
0.01,4825
0.02,4747
0.03,4689
0.04,4641
0.05,4582
0.06,4522
0.07,4471
0.08,4413
0.09,4365
0.1,4322
0.11,4277
0.12,4232
0.13,4195
0.14,4166
0.15,4129
0.16,4097
0.17,4070
0.18,4031
0.19,4005
0.2,3974
0.21,3953
0.22,3918
0.23,3875
0.24,3857
0.25,3825
0.26,3808
0.27,3782
0.28,3763
0.29,3742
0.3,3721
0.31,3703
0.32,3669
0.33,3647
0.34,3625
0.35,3611
0.36,3584
0.37,3564
0.38,3538
0.39,3513
0.4,3497
0.41,3476
0.42,3460
0.43,3454
0.44,3441
0.45,3425
0.46,3410
0.47,3394
0.48,3380
0.49,3359
0.5,3341
0.51,3324
0.52,3306
0.53,3299
0.54,3291
0.55,3276
0.56,3267
0.57,3255
0.58,3246
0.59,3230
0.6,3211
0.61,3202
0.62,3191
0.63,3175
0.64,3160
0.65,3149
0.66,3137
0.67,3128
0.68,3120
0.69,3105
0.7,3098
0.71,3084
0.72,3076
0.73,3062
0.74,3051
0.75,3040
0.76,3033
0.77,3025
0.78,3017
0.79,3012
0.8,3003
0.81,2995
0.82,2987
0.83,2977
0.84,2968
0.85,2961
0.86,2949
0.87,2941
0.88,2937
0.89,2929
0.9,2922
0.91,2920
0.92,2912
0.93,2907
0.94,2899
0.95,2893
0.96,2886
0.97,2883
0.98,2882
0.99,2878
1.0,2869
1.01,2860
1.02,2850
1.03,2843
1.04,2838
1.05,2829
1.06,2820
1.07,2814
1.08,2812
1.09,2809
1.1,2798
1.11,2797
1.12,2786
1.13,2776
1.14,2772
1.15,2767
1.16,2760
1.17,2753
1.18,2745
1.19,2743
1.2,2739
1.21,2729
1.22,2722
1.23,2718
1.24,2709
1.25,2704
1.26,2697
1.27,2694
1.28,2690
1.29,2686
1.3,2679
1.31,2674
1.32,2670
1.33,2669
1.34,2668
1.35,2665
1.36,2662
1.37,2656
1.38,2653
1.39,2651
1.4,2645
1.41,2644
1.42,2643
1.43,2641
1.44,2637
1.45,2632
1.46,2627
1.47,2623
1.48,2618
1.49,2618
1.5,2613
1.51,2609
1.52,2604
1.53,2602
1.54,2601
1.55,2596
1.56,2593
1.57,2592
1.58,2589
1.59,2584
1.6,2581
1.61,2578
1.62,2575
1.63,2572
1.64,2570
1.65,2567
1.66,2564
1.67,2563
1.68,2560
1.69,2559
1.7,2558
1.71,2553
1.72,2550
1.73,2547
1.74,2546
1.75,2541
1.76,2540
1.77,2539
1.78,2536
1.79,2536
1.8,2532
1.81,2527
1.82,2526
1.83,2525
1.84,2522
1.85,2521
1.86,2514
1.87,2511
1.88,2507
1.89,2505
1.9,2503
1.91,2502
1.92,2500
1.93,2499
1.94,2495
1.95,2495
1.96,2494
1.97,2493
1.98,2491
1.99,2489
2.0,2487
2.01,2485
2.02,2484
2.03,2483
2.04,2478
2.05,2474
2.06,2470
2.07,2468
2.08,2463
2.09,2463
2.1,2462
2.11,2461
2.12,2461
2.13,2458
2.14,2456
2.15,2455
2.16,2453
2.17,2451
2.18,2448
2.19,2447
2.2,2444
2.21,2443
2.22,2442
2.23,2441
2.24,2440
2.25,2439
2.26,2437
2.27,2435
2.28,2433
2.29,2432
2.3,2431
2.31,2431
2.32,2427
2.33,2425
2.34,2422
2.35,2422
2.36,2420
2.37,2420
2.38,2418
2.39,2415
2.4,2414
2.41,2414
2.42,2413
2.43,2410
2.44,2408
2.45,2408
2.46,2408
2.47,2408
2.48,2408
2.49,2407
2.5,2404
2.51,2401
2.52,2401
2.53,2401
2.54,2398
2.55,2397
2.56,2396
2.57,2396
2.58,2395
2.59,2395
2.6,2394
2.61,2390
2.62,2390
2.63,2389
2.64,2388
2.65,2386
2.66,2385
2.67,2385
2.68,2385
2.69,2384
2.7,2382
2.71,2380
2.72,2379
2.73,2378
2.74,2377
2.75,2377
2.76,2376
2.77,2375
2.78,2374
2.79,2374
2.8,2373
2.81,2372
2.82,2372
2.83,2370
2.84,2370
2.85,2370
2.86,2369
2.87,2369
2.88,2369
2.89,2369
2.9,2368
2.91,2367
2.92,2366
2.93,2366
2.94,2365
2.95,2365
2.96,2365
2.97,2363
2.98,2363
2.99,2363
3.0,2362
3.01,2362
3.02,2362
3.03,2361
3.04,2359
3.05,2358
3.06,2358
3.07,2357
3.08,2357
3.09,2357
3.1,2356
3.11,2354
3.12,2353
3.13,2353
3.14,2351
3.15,2350
3.16,2349
3.17,2349
3.18,2349
3.19,2348
3.2,2348
3.21,2348
3.22,2345
3.23,2342
3.24,2342
3.25,2342
3.26,2342
3.27,2340
3.28,2340
3.29,2339
3.3,2339
3.31,2339
3.32,2338
3.33,2338
3.34,2338
3.35,2337
3.36,2335
3.37,2334
3.38,2333
3.39,2330
3.4,2330
3.41,2330
3.42,2329
3.43,2329
3.44,2329
3.45,2329
3.46,2329
3.47,2329
3.48,2328
3.49,2327
3.5,2326
3.51,2326
3.52,2326
3.53,2324
3.54,2323
3.55,2322
3.56,2321
3.57,2321
3.58,2321
3.59,2321
3.6,2319
3.61,2318
3.62,2318
3.63,2318
3.64,2318
3.65,2317
3.66,2316
3.67,2316
3.68,2316
3.69,2315
3.7,2314
3.71,2314
3.72,2313
3.73,2313
3.74,2313
3.75,2312
3.76,2312
3.77,2312
3.78,2309
3.79,2308
3.8,2308
3.81,2308
3.82,2308
3.83,2308
3.84,2306
3.85,2306
3.86,2305
3.87,2304
3.88,2304
3.89,2303
3.9,2303
3.91,2303
3.92,2302
3.93,2301
3.94,2300
3.95,2299
3.96,2297
3.97,2297
3.98,2297
3.99,2296
4.0,2296
4.01,2296
4.02,2295
4.03,2294
4.04,2294
4.05,2292
4.06,2292
4.07,2292
4.08,2291
4.09,2290
4.1,2290
4.11,2290
4.12,2290
4.13,2290
4.14,2290
4.15,2290
4.16,2290
4.17,2290
4.18,2290
4.19,2290
4.2,2290
4.21,2290
4.22,2290
4.23,2290
4.24,2290
4.25,2290
4.26,2288
4.27,2287
4.28,2287
4.29,2286
4.3,2286
4.31,2286
4.32,2285
4.33,2282
4.34,2282
4.35,2282
4.36,2282
4.37,2282
4.38,2282
4.39,2282
4.4,2281
4.41,2280
4.42,2280
4.43,2279
4.44,2279
4.45,2279
4.46,2279
4.47,2278
4.48,2278
4.49,2278
4.5,2278
4.51,2278
4.52,2276
4.53,2276
4.54,2276
4.55,2274
4.56,2273
4.57,2273
4.58,2271
4.59,2271
4.6,2271
4.61,2271
4.62,2271
4.63,2271
4.64,2271
4.65,2271
4.66,2271
4.67,2271
4.68,2271
4.69,2271
4.7,2271
4.71,2271
4.72,2271
4.73,2271
4.74,2270
4.75,2270
4.76,2270
4.77,2269
4.78,2268
4.79,2268
4.8,2268
4.81,2268
4.82,2267
4.83,2267
4.84,2267
4.85,2267
4.86,2267
4.87,2267
4.88,2267
4.89,2267
4.9,2267
4.91,2267
4.92,2267
4.93,2267
4.94,2266
4.95,2266
4.96,2266
4.97,2266
4.98,2265
4.99,2265
5.0,2264
5.01,2264
5.02,2264
5.03,2264
5.04,2262
5.05,2262
5.06,2262
5.07,2262
5.08,2262
5.09,2261
5.1,2261
5.11,2260
5.12,2260
5.13,2260
5.14,2260
5.15,2259
5.16,2259
5.17,2259
5.18,2258
5.19,2258
5.2,2258
5.21,2258
5.22,2258
5.23,2258
5.24,2258
5.25,2258
5.26,2258
5.27,2258
5.28,2257
5.29,2257
5.3,2257
5.31,2257
5.32,2256
5.33,2256
5.34,2256
5.35,2256
5.36,2256
5.37,2256
5.38,2255
5.39,2255
5.4,2255
5.41,2255
5.42,2255
5.43,2255
5.44,2255
5.45,2255
5.46,2255
5.47,2255
5.48,2254
5.49,2254
5.5,2254
5.51,2254
5.52,2254
5.53,2254
5.54,2254
5.55,2253
5.56,2253
5.57,2253
5.58,2253
5.59,2253
5.6,2253
5.61,2253
5.62,2253
5.63,2253
5.64,2252
5.65,2251
5.66,2251
5.67,2250
5.68,2250
5.69,2250
5.7,2250
5.71,2249
5.72,2249
5.73,2249
5.74,2249
5.75,2249
5.76,2249
5.77,2249
5.78,2249
5.79,2249
5.8,2248
5.81,2248
5.82,2248
5.83,2248
5.84,2248
5.85,2248
5.86,2248
5.87,2248
5.88,2248
5.89,2248
5.9,2248
5.91,2248
5.92,2248
5.93,2248
5.94,2248
5.95,2248
5.96,2248
5.97,2246
5.98,2246
5.99,2246
6.0,2246
6.01,2246
6.02,2245
6.03,2245
6.04,2245
6.05,2245
6.06,2245
6.07,2245
6.08,2245
6.09,2245
6.1,2245
6.11,2245
6.12,2245
6.13,2245
6.14,2245
6.15,2245
6.16,2245
6.17,2245
6.18,2245
6.19,2245
6.2,2245
6.21,2245
6.22,2245
6.23,2245
6.24,2245
6.25,2245
6.26,2245
6.27,2245
6.28,2245
6.29,2245
6.3,2244
6.31,2244
6.32,2244
6.33,2244
6.34,2243
6.35,2242
6.36,2241
6.37,2241
6.38,2241
6.39,2241
6.4,2241
6.41,2241
6.42,2241
6.43,2240
6.44,2239
6.45,2239
6.46,2239
6.47,2239
6.48,2238
6.49,2238
6.5,2238
6.51,2238
6.52,2238
6.53,2237
6.54,2237
6.55,2237
6.56,2237
6.57,2237
6.58,2237
6.59,2237
6.6,2237
6.61,2237
6.62,2237
6.63,2237
6.64,2237
6.65,2237
6.66,2237
6.67,2237
6.68,2237
6.69,2237
6.7,2237
6.71,2237
6.72,2237
6.73,2237
6.74,2237
6.75,2237
6.76,2237
6.77,2237
6.78,2236
6.79,2236
6.8,2235
6.81,2235
6.82,2235
6.83,2234
6.84,2233
6.85,2233
6.86,2233
6.87,2233
6.88,2233
6.89,2233
6.9,2233
6.91,2233
6.92,2232
6.93,2232
6.94,2232
6.95,2232
6.96,2232
6.97,2232
6.98,2232
6.99,2232
7.0,2232
7.01,2232
7.02,2232
7.03,2232
7.04,2232
7.05,2232
7.06,2232
7.07,2232
7.08,2232
7.09,2232
7.1,2231
7.11,2231
7.12,2231
7.13,2231
7.14,2231
7.15,2230
7.16,2230
7.17,2229
7.18,2229
7.19,2229
7.2,2229
7.21,2229
7.22,2229
7.23,2229
7.24,2229
7.25,2229
7.26,2229
7.27,2229
7.28,2229
7.29,2229
7.3,2229
7.31,2228
7.32,2228
7.33,2228
7.34,2228
7.35,2228
7.36,2228
7.37,2228
7.38,2228
7.39,2228
7.4,2228
7.41,2228
7.42,2228
7.43,2228
7.44,2228
7.45,2228
7.46,2228
7.47,2228
7.48,2228
7.49,2228
7.5,2228
7.51,2228
7.52,2228
7.53,2228
7.54,2228
7.55,2228
7.56,2228
7.57,2228
7.58,2228
7.59,2228
7.6,2228
7.61,2228
7.62,2227
7.63,2227
7.64,2227
7.65,2227
7.66,2227
7.67,2227
7.68,2227
7.69,2227
7.7,2227
7.71,2227
7.72,2226
7.73,2226
7.74,2226
7.75,2226
7.76,2226
7.77,2226
7.78,2226
7.79,2226
7.8,2226
7.81,2226
7.82,2226
7.83,2226
7.84,2226
7.85,2226
7.86,2226
7.87,2226
7.88,2226
7.89,2226
7.9,2226
7.91,2226
7.92,2226
7.93,2226
7.94,2226
7.95,2226
7.96,2226
7.97,2226
7.98,2226
7.99,2226
8.0,2226
8.01,2226
8.02,2226
8.03,2226
8.04,2226
8.05,2226
8.06,2226
8.07,2226
8.08,2226
8.09,2226
8.1,2226
8.11,2226
8.12,2226
8.13,2226
8.14,2226
8.15,2226
8.16,2226
8.17,2226
8.18,2226
8.19,2226
8.2,2226
8.21,2226
8.22,2225
8.23,2225
8.24,2225
8.25,2225
8.26,2225
8.27,2225
8.28,2225
8.29,2225
8.3,2225
8.31,2225
8.32,2225
8.33,2225
8.34,2225
8.35,2225
8.36,2225
8.37,2225
8.38,2225
8.39,2224
8.4,2224
8.41,2224
8.42,2224
8.43,2224
8.44,2224
8.45,2224
8.46,2224
8.47,2224
8.48,2224
8.49,2224
8.5,2224
8.51,2224
8.52,2224
8.53,2224
8.54,2224
8.55,2224
8.56,2224
8.57,2224
8.58,2224
8.59,2224
8.6,2224
8.61,2224
8.62,2224
8.63,2224
8.64,2224
8.65,2224
8.66,2224
8.67,2224
8.68,2224
8.69,2224
8.7,2224
8.71,2224
8.72,2224
8.73,2224
8.74,2224
8.75,2224
8.76,2224
8.77,2224
8.78,2224
8.79,2224
8.8,2224
8.81,2224
8.82,2224
8.83,2224
8.84,2224
8.85,2224
8.86,2224
8.87,2224
8.88,2224
8.89,2224
8.9,2224
8.91,2224
8.92,2224
8.93,2224
8.94,2224
8.95,2224
8.96,2224
8.97,2224
8.98,2224
8.99,2224
9.0,2224
9.01,2224
9.02,2224
9.03,2224
9.04,2224
9.05,2224
9.06,2224
9.07,2224
9.08,2224
9.09,2224
9.1,2224
9.11,2224
9.12,2223
9.13,2223
9.14,2223
9.15,2223
9.16,2223
9.17,2223
9.18,2223
9.19,2223
9.2,2223
9.21,2223
9.22,2223
9.23,2223
9.24,2223
9.25,2223
9.26,2223
9.27,2223
9.28,2223
9.29,2223
9.3,2223
9.31,2223
9.32,2223
9.33,2223
9.34,2223
9.35,2223
9.36,2223
9.37,2223
9.38,2223
9.39,2223
9.4,2223
9.41,2223
9.42,2223
9.43,2223
9.44,2223
9.45,2223
9.46,2223
9.47,2223
9.48,2223
9.49,2223
9.5,2223
9.51,2223
9.52,2223
9.53,2223
9.54,2223
9.55,2223
9.56,2223
9.57,2223
9.58,2222
9.59,2222
9.6,2222
9.61,2222
9.62,2222
9.63,2222
9.64,2222
9.65,2222
9.66,2222
9.67,2222
9.68,2222
9.69,2222
9.7,2222
9.71,2221
9.72,2221
9.73,2221
9.74,2221
9.75,2221
9.76,2221
9.77,2221
9.78,2221
9.79,2221
9.8,2221
9.81,2221
9.82,2221
9.83,2221
9.84,2221
9.85,2221
9.86,2221
9.87,2221
9.88,2221
9.89,2221
9.9,2221
9.91,2221
9.92,2221
9.93,2221
9.94,2221
9.95,2221
9.96,2220
9.97,2220
9.98,2220
9.99,2220
10.0,2220
10.01,2220
10.02,2220
10.03,2220
10.04,2220
10.05,2220
10.06,2220
10.07,2220
10.08,2220
10.09,2220
10.1,2220
10.11,2220
10.12,2220
10.13,2220
10.14,2220
10.15,2220
10.16,2220
10.17,2220
10.18,2220
10.19,2220
10.2,2220
10.21,2220
10.22,2220
10.23,2220
10.24,2220
10.25,2220
10.26,2220
10.27,2220
10.28,2220
10.29,2220
10.3,2219
10.31,2219
10.32,2219
10.33,2219
10.34,2219
10.35,2219
10.36,2219
10.37,2219
10.38,2219
10.39,2219
10.4,2219
10.41,2219
10.42,2219
10.43,2219
10.44,2219
10.45,2219
10.46,2219
10.47,2219
10.48,2219
10.49,2219
10.5,2219
10.51,2219
10.52,2219
10.53,2219
10.54,2219
10.55,2219
10.56,2219
10.57,2219
10.58,2219
10.59,2219
10.6,2219
10.61,2219
10.62,2219
10.63,2219
10.64,2219
10.65,2219
10.66,2219
10.67,2219
10.68,2219
10.69,2219
10.7,2219
10.71,2218
10.72,2218
10.73,2218
10.74,2218
10.75,2218
10.76,2218
10.77,2218
10.78,2218
10.79,2218
10.8,2218
10.81,2218
10.82,2218
10.83,2218
10.84,2218
10.85,2218
10.86,2218
10.87,2218
10.88,2218
10.89,2218
10.9,2218
10.91,2218
10.92,2218
10.93,2218
10.94,2218
10.95,2218
10.96,2218
10.97,2218
10.98,2218
10.99,2218
11.0,2216
11.01,2216
11.02,2216
11.03,2216
11.04,2216
11.05,2216
11.06,2216
11.07,2216
11.08,2216
11.09,2216
11.1,2216
11.11,2216
11.12,2216
11.13,2216
11.14,2216
11.15,2216
11.16,2216
11.17,2216
11.18,2216
11.19,2216
11.2,2216
11.21,2216
11.22,2216
11.23,2216
11.24,2216
11.25,2216
11.26,2216
11.27,2216
11.28,2216
11.29,2216
11.3,2216
11.31,2216
11.32,2216
11.33,2216
11.34,2216
11.35,2216
11.36,2216
11.37,2216
11.38,2216
11.39,2216
11.4,2216
11.41,2216
11.42,2216
11.43,2216
11.44,2216
11.45,2216
11.46,2216
11.47,2216
11.48,2216
11.49,2216
11.5,2216
11.51,2216
11.52,2216
11.53,2216
11.54,2216
11.55,2216
11.56,2216
11.57,2216
11.58,2216
11.59,2216
11.6,2216
11.61,2216
11.62,2216
11.63,2216
11.64,2216
11.65,2216
11.66,2216
11.67,2216
11.68,2216
11.69,2216
11.7,2216
11.71,2216
11.72,2216
11.73,2216
11.74,2216
11.75,2216
11.76,2216
11.77,2216
11.78,2216
11.79,2216
11.8,2216
11.81,2216
11.82,2216
11.83,2216
11.84,2216
11.85,2216
11.86,2216
11.87,2216
11.88,2216
11.89,2216
11.9,2216
11.91,2216
11.92,2216
11.93,2216
11.94,2216
11.95,2216
11.96,2216
11.97,2216
11.98,2216
11.99,2216
12.0,2216
12.01,2216
12.02,2216
12.03,2216
12.04,2216
12.05,2216
12.06,2216
12.07,2216
12.08,2216
12.09,2216
12.1,2216
12.11,2216
12.12,2216
12.13,2216
12.14,2216
12.15,2216
12.16,2216
12.17,2216
12.18,2216
12.19,2216
12.2,2216
12.21,2216
12.22,2216
12.23,2216
12.24,2216
12.25,2216
12.26,2216
12.27,2216
12.28,2216
12.29,2216
12.3,2216
12.31,2216
12.32,2216
12.33,2216
12.34,2216
12.35,2216
12.36,2216
12.37,2216
12.38,2216
12.39,2216
12.4,2216
12.41,2216
12.42,2216
12.43,2216
12.44,2216
12.45,2216
12.46,2216
12.47,2216
12.48,2216
12.49,2216
12.5,2216
12.51,2216
12.52,2216
12.53,2216
12.54,2216
12.55,2216
12.56,2216
12.57,2216
12.58,2216
12.59,2215
12.6,2214
12.61,2214
12.62,2214
12.63,2214
12.64,2214
12.65,2214
12.66,2214
12.67,2214
12.68,2214
12.69,2214
12.7,2214
12.71,2214
12.72,2214
12.73,2214
12.74,2214
12.75,2214
12.76,2214
12.77,2214
12.78,2214
12.79,2214
12.8,2213
12.81,2213
12.82,2213
12.83,2213
12.84,2213
12.85,2213
12.86,2213
12.87,2213
12.88,2213
12.89,2213
12.9,2213
12.91,2213
12.92,2213
12.93,2213
12.94,2213
12.95,2213
12.96,2213
12.97,2213
12.98,2213
12.99,2213
13.0,2213
13.01,2213
13.02,2213
13.03,2213
13.04,2213
13.05,2213
13.06,2213
13.07,2213
13.08,2213
13.09,2213
13.1,2213
13.11,2213
13.12,2213
13.13,2213
13.14,2213
13.15,2213
13.16,2213
13.17,2213
13.18,2213
13.19,2213
13.2,2213
13.21,2213
13.22,2213
13.23,2213
13.24,2213
13.25,2213
13.26,2213
13.27,2213
13.28,2213
13.29,2213
13.3,2213
13.31,2213
13.32,2213
13.33,2213
13.34,2213
13.35,2213
13.36,2213
13.37,2213
13.38,2213
13.39,2213
13.4,2213
13.41,2213
13.42,2213
13.43,2213
13.44,2212
13.45,2212
13.46,2212
13.47,2212
13.48,2212
13.49,2212
13.5,2212
13.51,2212
13.52,2212
13.53,2212
13.54,2212
13.55,2212
13.56,2212
13.57,2212
13.58,2212
13.59,2212
13.6,2212
13.61,2212
13.62,2212
13.63,2212
13.64,2212
13.65,2212
13.66,2212
13.67,2212
13.68,2212
13.69,2212
13.7,2212
13.71,2212
13.72,2212
13.73,2212
13.74,2212
13.75,2212
13.76,2212
13.77,2212
13.78,2212
13.79,2212
13.8,2212
13.81,2212
13.82,2212
13.83,2212
13.84,2212
13.85,2212
13.86,2212
13.87,2212
13.88,2212
13.89,2212
13.9,2212
13.91,2212
13.92,2212
13.93,2212
13.94,2212
13.95,2212
13.96,2212
13.97,2212
13.98,2211
13.99,2211
14.0,2211
14.01,2211
14.02,2211
14.03,2211
14.04,2211
14.05,2211
14.06,2211
14.07,2211
14.08,2211
14.09,2211
14.1,2211
14.11,2211
14.12,2211
14.13,2211
14.14,2211
14.15,2211
14.16,2211
14.17,2211
14.18,2211
14.19,2211
14.2,2211
14.21,2211
14.22,2211
14.23,2211
14.24,2211
14.25,2211
14.26,2211
14.27,2211
14.28,2211
14.29,2211
14.3,2211
14.31,2211
14.32,2211
14.33,2211
14.34,2211
14.35,2211
14.36,2211
14.37,2211
14.38,2211
14.39,2211
14.4,2211
14.41,2211
14.42,2211
14.43,2211
14.44,2211
14.45,2211
14.46,2211
14.47,2211
14.48,2211
14.49,2211
14.5,2211
14.51,2211
14.52,2211
14.53,2211
14.54,2211
14.55,2211
14.56,2211
14.57,2211
14.58,2211
14.59,2211
14.6,2211
14.61,2211
14.62,2211
14.63,2211
14.64,2211
14.65,2211
14.66,2211
14.67,2211
14.68,2211
14.69,2211
14.7,2211
14.71,2211
14.72,2211
14.73,2211
14.74,2211
14.75,2211
14.76,2211
14.77,2211
14.78,2211
14.79,2211
14.8,2211
14.81,2211
14.82,2211
14.83,2211
14.84,2211
14.85,2211
14.86,2211
14.87,2211
14.88,2211
14.89,2211
14.9,2211
14.91,2211
14.92,2211
14.93,2211
14.94,2211
14.95,2211
14.96,2211
14.97,2211
14.98,2211
14.99,2211
15.0,2211
15.01,2211
15.02,2211
15.03,2211
15.04,2211
15.05,2211
15.06,2211
15.07,2211
15.08,2211
15.09,2211
15.1,2211
15.11,2211
15.12,2211
15.13,2211
15.14,2211
15.15,2211
15.16,2211
15.17,2211
15.18,2211
15.19,2211
15.2,2211
15.21,2211
15.22,2211
15.23,2211
15.24,2211
15.25,2211
15.26,2211
15.27,2211
15.28,2211
15.29,2211
15.3,2211
15.31,2211
15.32,2211
15.33,2211
15.34,2211
15.35,2211
15.36,2211
15.37,2211
15.38,2211
15.39,2211
15.4,2211
15.41,2211
15.42,2211
15.43,2211
15.44,2211
15.45,2211
15.46,2211
15.47,2211
15.48,2211
15.49,2211
15.5,2211
15.51,2211
15.52,2211
15.53,2211
15.54,2211
15.55,2211
15.56,2211
15.57,2211
15.58,2211
15.59,2211
15.6,2211
15.61,2211
15.62,2211
15.63,2211
15.64,2211
15.65,2211
15.66,2211
15.67,2211
15.68,2211
15.69,2211
15.7,2211
15.71,2211
15.72,2211
15.73,2211
15.74,2211
15.75,2211
15.76,2211
15.77,2211
15.78,2211
15.79,2211
15.8,2211
15.81,2211
15.82,2211
15.83,2211
15.84,2211
15.85,2211
15.86,2211
15.87,2211
15.88,2211
15.89,2211
15.9,2211
15.91,2211
15.92,2211
15.93,2211
15.94,2211
15.95,2211
15.96,2211
15.97,2211
15.98,2211
15.99,2211
16.0,2211
16.01,2211
16.02,2211
16.03,2211
16.04,2211
16.05,2211
16.06,2211
16.07,2211
16.08,2211
16.09,2211
16.1,2211
16.11,2211
16.12,2211
16.13,2211
16.14,2211
16.15,2211
16.16,2211
16.17,2211
16.18,2211
16.19,2211
16.2,2211
16.21,2211
16.22,2211
16.23,2211
16.24,2211
16.25,2211
16.26,2211
16.27,2211
16.28,2211
16.29,2211
16.3,2211
16.31,2211
16.32,2211
16.33,2211
16.34,2211
16.35,2211
16.36,2211
16.37,2211
16.38,2211
16.39,2211
16.4,2211
16.41,2211
16.42,2211
16.43,2211
16.44,2211
16.45,2211
16.46,2211
16.47,2211
16.48,2211
16.49,2211
16.5,2211
16.51,2211
16.52,2211
16.53,2211
16.54,2211
16.55,2211
16.56,2211
16.57,2211
16.58,2211
16.59,2211
16.6,2211
16.61,2211
16.62,2211
16.63,2211
16.64,2211
16.65,2211
16.66,2211
16.67,2211
16.68,2211
16.69,2211
16.7,2211
16.71,2211
16.72,2211
16.73,2211
16.74,2211
16.75,2211
16.76,2211
16.77,2211
16.78,2211
16.79,2211
16.8,2211
16.81,2211
16.82,2211
16.83,2211
16.84,2211
16.85,2211
16.86,2211
16.87,2211
16.88,2211
16.89,2211
16.9,2211
16.91,2211
16.92,2211
16.93,2211
16.94,2211
16.95,2211
16.96,2211
16.97,2211
16.98,2211
16.99,2211
17.0,2211
17.01,2211
17.02,2211
17.03,2211
17.04,2211
17.05,2211
17.06,2211
17.07,2211
17.08,2211
17.09,2211
17.1,2211
17.11,2211
17.12,2211
17.13,2211
17.14,2211
17.15,2211
17.16,2211
17.17,2211
17.18,2210
17.19,2210
17.2,2210
17.21,2210
17.22,2210
17.23,2210
17.24,2210
17.25,2210
17.26,2210
17.27,2210
17.28,2210
17.29,2210
17.3,2210
17.31,2210
17.32,2210
17.33,2210
17.34,2210
17.35,2210
17.36,2210
17.37,2210
17.38,2210
17.39,2210
17.4,2210
17.41,2210
17.42,2210
17.43,2210
17.44,2210
17.45,2210
17.46,2210
17.47,2210
17.48,2210
17.49,2210
17.5,2210
17.51,2210
17.52,2210
17.53,2210
17.54,2210
17.55,2210
17.56,2210
17.57,2210
17.58,2210
17.59,2210
17.6,2210
17.61,2210
17.62,2210
17.63,2210
17.64,2210
17.65,2210
17.66,2210
17.67,2210
17.68,2210
17.69,2210
17.7,2210
17.71,2210
17.72,2210
17.73,2210
17.74,2210
17.75,2210
17.76,2210
17.77,2210
17.78,2210
17.79,2210
17.8,2210
17.81,2210
17.82,2210
17.83,2210
17.84,2210
17.85,2210
17.86,2210
17.87,2210
17.88,2210
17.89,2210
17.9,2210
17.91,2210
17.92,2210
17.93,2210
17.94,2210
17.95,2210
17.96,2210
17.97,2210
17.98,2210
17.99,2210
18.0,2210
18.01,2210
18.02,2210
18.03,2210
18.04,2210
18.05,2210
18.06,2210
18.07,2210
18.08,2210
18.09,2210
18.1,2210
18.11,2210
18.12,2210
18.13,2210
18.14,2210
18.15,2210
18.16,2210
18.17,2210
18.18,2210
18.19,2210
18.2,2210
18.21,2210
18.22,2210
18.23,2210
18.24,2210
18.25,2210
18.26,2210
18.27,2210
18.28,2210
18.29,2210
18.3,2210
18.31,2210
18.32,2210
18.33,2210
18.34,2210
18.35,2210
18.36,2210
18.37,2210
18.38,2210
18.39,2210
18.4,2210
18.41,2210
18.42,2210
18.43,2210
18.44,2210
18.45,2210
18.46,2210
18.47,2210
18.48,2210
18.49,2210
18.5,2210
18.51,2210
18.52,2210
18.53,2210
18.54,2210
18.55,2210
18.56,2210
18.57,2210
18.58,2210
18.59,2210
18.6,2210
18.61,2210
18.62,2210
18.63,2210
18.64,2210
18.65,2210
18.66,2210
18.67,2210
18.68,2210
18.69,2210
18.7,2210
18.71,2210
18.72,2210
18.73,2210
18.74,2210
18.75,2210
18.76,2210
18.77,2210
18.78,2210
18.79,2210
18.8,2210
18.81,2210
18.82,2210
18.83,2210
18.84,2210
18.85,2210
18.86,2210
18.87,2210
18.88,2210
18.89,2210
18.9,2210
18.91,2210
18.92,2210
18.93,2210
18.94,2210
18.95,2210
18.96,2210
18.97,2210
18.98,2210
18.99,2210
19.0,2210
19.01,2210
19.02,2210
19.03,2210
19.04,2210
19.05,2210
19.06,2210
19.07,2210
19.08,2210
19.09,2210
19.1,2210
19.11,2210
19.12,2210
19.13,2210
19.14,2210
19.15,2210
19.16,2210
19.17,2210
19.18,2210
19.19,2210
19.2,2210
19.21,2210
19.22,2210
19.23,2210
19.24,2210
19.25,2210
19.26,2210
19.27,2210
19.28,2210
19.29,2210
19.3,2210
19.31,2210
19.32,2210
19.33,2210
19.34,2210
19.35,2210
19.36,2210
19.37,2210
19.38,2210
19.39,2210
19.4,2210
19.41,2210
19.42,2210
19.43,2210
19.44,2210
19.45,2210
19.46,2210
19.47,2210
19.48,2210
19.49,2210
19.5,2210
19.51,2210
19.52,2210
19.53,2210
19.54,2210
19.55,2210
19.56,2210
19.57,2210
19.58,2210
19.59,2210
19.6,2210
19.61,2210
19.62,2210
19.63,2210
19.64,2210
19.65,2210
19.66,2210
19.67,2210
19.68,2210
19.69,2210
19.7,2210
19.71,2210
19.72,2210
19.73,2210
19.74,2210
19.75,2210
19.76,2210
19.77,2210
19.78,2210
19.79,2210
19.8,2210
19.81,2210
19.82,2210
19.83,2210
19.84,2210
19.85,2210
19.86,2210
19.87,2210
19.88,2210
19.89,2210
19.9,2210
19.91,2210
19.92,2210
19.93,2210
19.94,2210
19.95,2210
19.96,2210
19.97,2210
19.98,2210
19.99,2210
20.0,2210
20.01,2210
20.02,2210
20.03,2210
20.04,2210
20.05,2210
20.06,2210
20.07,2210
20.08,2210
20.09,2210
20.1,2210
20.11,2210
20.12,2210
20.13,2210
20.14,2210
20.15,2210
20.16,2210
20.17,2210
20.18,2210
20.19,2210
20.2,2210
20.21,2210
20.22,2210
20.23,2210
20.24,2210
20.25,2210
20.26,2210
20.27,2210
20.28,2210
20.29,2210
20.3,2210
20.31,2210
20.32,2210
20.33,2210
20.34,2210
20.35,2210
20.36,2210
20.37,2210
20.38,2210
20.39,2210
20.4,2210
20.41,2210
20.42,2210
20.43,2210
20.44,2210
20.45,2210
20.46,2210
20.47,2210
20.48,2210
20.49,2210
20.5,2210
20.51,2210
20.52,2210
20.53,2210
20.54,2210
20.55,2210
20.56,2210
20.57,2210
20.58,2210
20.59,2210
20.6,2210
20.61,2210
20.62,2210
20.63,2210
20.64,2210
20.65,2210
20.66,2210
20.67,2210
20.68,2210
20.69,2210
20.7,2210
20.71,2210
20.72,2210
20.73,2210
20.74,2210
20.75,2210
20.76,2210
20.77,2210
20.78,2210
20.79,2210
20.8,2210
20.81,2210
20.82,2210
20.83,2210
20.84,2210
20.85,2210
20.86,2210
20.87,2210
20.88,2210
20.89,2210
20.9,2210
20.91,2210
20.92,2210
20.93,2210
20.94,2210
20.95,2210
20.96,2210
20.97,2210
20.98,2210
20.99,2210
21.0,2210
21.01,2210
21.02,2210
21.03,2210
21.04,2210
21.05,2210
21.06,2210
21.07,2210
21.08,2210
21.09,2210
21.1,2210
21.11,2210
21.12,2210
21.13,2210
21.14,2210
21.15,2210
21.16,2210
21.17,2210
21.18,2210
21.19,2210
21.2,2210
21.21,2210
21.22,2210
21.23,2210
21.24,2210
21.25,2210
21.26,2210
21.27,2210
21.28,2210
21.29,2210
21.3,2210
21.31,2210
21.32,2210
21.33,2210
21.34,2210
21.35,2210
21.36,2210
21.37,2210
21.38,2210
21.39,2210
21.4,2210
21.41,2210
21.42,2210
21.43,2210
21.44,2210
21.45,2210
21.46,2210
21.47,2210
21.48,2210
21.49,2210
21.5,2210
21.51,2210
21.52,2210
21.53,2210
21.54,2210
21.55,2210
21.56,2210
21.57,2210
21.58,2210
21.59,2210
21.6,2210
21.61,2210
21.62,2210
21.63,2210
21.64,2210
21.65,2210
21.66,2210
21.67,2210
21.68,2210
21.69,2210
21.7,2210
21.71,2210
21.72,2210
21.73,2210
21.74,2210
21.75,2210
21.76,2210
21.77,2210
21.78,2210
21.79,2210
21.8,2210
21.81,2210
21.82,2210
21.83,2210
21.84,2210
21.85,2210
21.86,2210
21.87,2210
21.88,2210
21.89,2210
21.9,2210
21.91,2210
21.92,2210
21.93,2210
21.94,2210
21.95,2210
21.96,2210
21.97,2210
21.98,2210
21.99,2210
22.0,2210
22.01,2210
22.02,2210
22.03,2210
22.04,2210
22.05,2210
22.06,2210
22.07,2210
22.08,2210
22.09,2210
22.1,2210
22.11,2210
22.12,2210
22.13,2210
22.14,2210
22.15,2210
22.16,2210
22.17,2210
22.18,2210
22.19,2210
22.2,2210
22.21,2210
22.22,2210
22.23,2210
22.24,2210
22.25,2209
22.26,2209
22.27,2209
22.28,2209
22.29,2209
22.3,2209
22.31,2209
22.32,2209
22.33,2209
22.34,2209
22.35,2209
22.36,2209
22.37,2209
22.38,2209
22.39,2209
22.4,2209
22.41,2209
22.42,2209
22.43,2209
22.44,2209
22.45,2209
22.46,2209
22.47,2209
22.48,2209
22.49,2209
22.5,2209
22.51,2209
22.52,2209
22.53,2209
22.54,2209
22.55,2209
22.56,2209
22.57,2209
22.58,2209
22.59,2209
22.6,2209
22.61,2209
22.62,2209
22.63,2209
22.64,2209
22.65,2209
22.66,2209
22.67,2209
22.68,2209
22.69,2209
22.7,2209
22.71,2209
22.72,2209
22.73,2209
22.74,2209
22.75,2209
22.76,2209
22.77,2209
22.78,2209
22.79,2209
22.8,2209
22.81,2209
22.82,2209
22.83,2209
22.84,2209
22.85,2209
22.86,2209
22.87,2209
22.88,2209
22.89,2209
22.9,2209
22.91,2209
22.92,2209
22.93,2209
22.94,2209
22.95,2209
22.96,2209
22.97,2209
22.98,2209
22.99,2209
23.0,2209
23.01,2209
23.02,2209
23.03,2209
23.04,2209
23.05,2209
23.06,2209
23.07,2209
23.08,2209
23.09,2209
23.1,2209
23.11,2209
23.12,2209
23.13,2209
23.14,2208
23.15,2208
23.16,2208
23.17,2208
23.18,2208
23.19,2208
23.2,2208
23.21,2208
23.22,2207
23.23,2207
23.24,2207
23.25,2207
23.26,2207
23.27,2207
23.28,2207
23.29,2207
23.3,2207
23.31,2207
23.32,2207
23.33,2207
23.34,2207
23.35,2207
23.36,2207
23.37,2207
23.38,2207
23.39,2207
23.4,2207
23.41,2207
23.42,2207
23.43,2207
23.44,2207
23.45,2207
23.46,2207
23.47,2207
23.48,2207
23.49,2207
23.5,2207
23.51,2207
23.52,2207
23.53,2207
23.54,2207
23.55,2207
23.56,2207
23.57,2207
23.58,2207
23.59,2207
23.6,2207
23.61,2207
23.62,2207
23.63,2207
23.64,2207
23.65,2207
23.66,2207
23.67,2207
23.68,2207
23.69,2207
23.7,2207
23.71,2207
23.72,2207
23.73,2207
23.74,2207
23.75,2207
23.76,2207
23.77,2207
23.78,2207
23.79,2207
23.8,2207
23.81,2207
23.82,2207
23.83,2207
23.84,2207
23.85,2207
23.86,2207
23.87,2207
23.88,2207
23.89,2207
23.9,2207
23.91,2207
23.92,2207
23.93,2207
23.94,2207
23.95,2207
23.96,2207
23.97,2207
23.98,2207
23.99,2207
24.0,2207
24.01,2207
24.02,2207
24.03,2207
24.04,2207
24.05,2207
24.06,2207
24.07,2207
24.08,2207
24.09,2207
24.1,2207
24.11,2207
24.12,2207
24.13,2207
24.14,2207
24.15,2207
24.16,2207
24.17,2207
24.18,2207
24.19,2207
24.2,2207
24.21,2207
24.22,2207
24.23,2207
24.24,2207
24.25,2207
24.26,2207
24.27,2207
24.28,2207
24.29,2207
24.3,2207
24.31,2207
24.32,2207
24.33,2207
24.34,2207
24.35,2207
24.36,2207
24.37,2207
24.38,2207
24.39,2207
24.4,2207
24.41,2207
24.42,2207
24.43,2207
24.44,2207
24.45,2207
24.46,2207
24.47,2207
24.48,2207
24.49,2207
24.5,2207
24.51,2207
24.52,2207
24.53,2207
24.54,2207
24.55,2207
24.56,2207
24.57,2207
24.58,2207
24.59,2207
24.6,2207
24.61,2207
24.62,2207
24.63,2207
24.64,2207
24.65,2207
24.66,2207
24.67,2207
24.68,2207
24.69,2207
24.7,2207
24.71,2207
24.72,2207
24.73,2207
24.74,2207
24.75,2207
24.76,2207
24.77,2207
24.78,2207
24.79,2207
24.8,2207
24.81,2207
24.82,2207
24.83,2207
24.84,2207
24.85,2207
24.86,2207
24.87,2207
24.88,2207
24.89,2207
24.9,2207
24.91,2207
24.92,2207
24.93,2207
24.94,2207
24.95,2207
24.96,2207
24.97,2207
24.98,2207
24.99,2207
25.0,2207
25.01,2207
25.02,2207
25.03,2207
25.04,2207
25.05,2207
25.06,2207
25.07,2207
25.08,2207
25.09,2207
25.1,2207
25.11,2207
25.12,2207
25.13,2207
25.14,2207
25.15,2207
25.16,2207
25.17,2207
25.18,2207
25.19,2207
25.2,2207
25.21,2207
25.22,2206
25.23,2206
25.24,2206
25.25,2206
25.26,2206
25.27,2206
25.28,2206
25.29,2206
25.3,2206
25.31,2206
25.32,2206
25.33,2206
25.34,2206
25.35,2206
25.36,2206
25.37,2206
25.38,2206
25.39,2206
25.4,2206
25.41,2206
25.42,2206
25.43,2206
25.44,2206
25.45,2206
25.46,2206
25.47,2206
25.48,2206
25.49,2206
25.5,2206
25.51,2206
25.52,2206
25.53,2206
25.54,2206
25.55,2206
25.56,2206
25.57,2206
25.58,2206
25.59,2206
25.6,2206
25.61,2206
25.62,2206
25.63,2206
25.64,2206
25.65,2206
25.66,2206
25.67,2206
25.68,2206
25.69,2206
25.7,2206
25.71,2206
25.72,2206
25.73,2206
25.74,2206
25.75,2206
25.76,2206
25.77,2206
25.78,2206
25.79,2206
25.8,2206
25.81,2206
25.82,2206
25.83,2206
25.84,2206
25.85,2206
25.86,2206
25.87,2206
25.88,2206
25.89,2206
25.9,2206
25.91,2206
25.92,2206
25.93,2206
25.94,2206
25.95,2206
25.96,2206
25.97,2206
25.98,2206
25.99,2206
26.0,2206
26.01,2206
26.02,2206
26.03,2206
26.04,2206
26.05,2206
26.06,2206
26.07,2206
26.08,2206
26.09,2206
26.1,2206
26.11,2206
26.12,2206
26.13,2206
26.14,2206
26.15,2206
26.16,2206
26.17,2206
26.18,2206
26.19,2206
26.2,2206
26.21,2206
26.22,2206
26.23,2206
26.24,2206
26.25,2206
26.26,2206
26.27,2206
26.28,2206
26.29,2206
26.3,2206
26.31,2206
26.32,2206
26.33,2206
26.34,2206
26.35,2206
26.36,2206
26.37,2206
26.38,2206
26.39,2206
26.4,2206
26.41,2206
26.42,2206
26.43,2206
26.44,2206
26.45,2206
26.46,2206
26.47,2206
26.48,2206
26.49,2206
26.5,2206
26.51,2206
26.52,2206
26.53,2206
26.54,2206
26.55,2206
26.56,2206
26.57,2206
26.58,2206
26.59,2206
26.6,2206
26.61,2206
26.62,2206
26.63,2206
26.64,2206
26.65,2206
26.66,2206
26.67,2206
26.68,2206
26.69,2206
26.7,2206
26.71,2206
26.72,2206
26.73,2206
26.74,2206
26.75,2206
26.76,2206
26.77,2206
26.78,2206
26.79,2206
26.8,2206
26.81,2206
26.82,2206
26.83,2206
26.84,2206
26.85,2206
26.86,2206
26.87,2206
26.88,2206
26.89,2206
26.9,2206
26.91,2206
26.92,2206
26.93,2206
26.94,2206
26.95,2206
26.96,2206
26.97,2206
26.98,2206
26.99,2206
27.0,2206
27.01,2206
27.02,2206
27.03,2206
27.04,2206
27.05,2206
27.06,2206
27.07,2206
27.08,2206
27.09,2206
27.1,2206
27.11,2206
27.12,2206
27.13,2206
27.14,2206
27.15,2206
27.16,2206
27.17,2206
27.18,2206
27.19,2206
27.2,2206
27.21,2206
27.22,2206
27.23,2206
27.24,2206
27.25,2206
27.26,2206
27.27,2206
27.28,2206
27.29,2206
27.3,2206
27.31,2206
27.32,2206
27.33,2206
27.34,2206
27.35,2206
27.36,2206
27.37,2206
27.38,2206
27.39,2206
27.4,2206
27.41,2206
27.42,2206
27.43,2206
27.44,2206
27.45,2206
27.46,2206
27.47,2206
27.48,2206
27.49,2206
27.5,2206
27.51,2206
27.52,2206
27.53,2206
27.54,2206
27.55,2206
27.56,2206
27.57,2206
27.58,2206
27.59,2206
27.6,2206
27.61,2206
27.62,2206
27.63,2206
27.64,2206
27.65,2206
27.66,2206
27.67,2206
27.68,2206
27.69,2206
27.7,2206
27.71,2206
27.72,2206
27.73,2206
27.74,2206
27.75,2206
27.76,2206
27.77,2206
27.78,2206
27.79,2206
27.8,2206
27.81,2206
27.82,2206
27.83,2206
27.84,2206
27.85,2206
27.86,2206
27.87,2206
27.88,2206
27.89,2206
27.9,2206
27.91,2206
27.92,2206
27.93,2206
27.94,2206
27.95,2206
27.96,2206
27.97,2206
27.98,2206
27.99,2206
28.0,2206
28.01,2206
28.02,2206
28.03,2206
28.04,2206
28.05,2206
28.06,2206
28.07,2206
28.08,2206
28.09,2206
28.1,2206
28.11,2206
28.12,2206
28.13,2206
28.14,2206
28.15,2206
28.16,2206
28.17,2206
28.18,2206
28.19,2206
28.2,2206
28.21,2206
28.22,2206
28.23,2206
28.24,2206
28.25,2206
28.26,2206
28.27,2206
28.28,2206
28.29,2206
28.3,2206
28.31,2206
28.32,2206
28.33,2206
28.34,2206
28.35,2206
28.36,2206
28.37,2206
28.38,2206
28.39,2206
28.4,2206
28.41,2206
28.42,2206
28.43,2206
28.44,2206
28.45,2206
28.46,2206
28.47,2206
28.48,2206
28.49,2206
28.5,2206
28.51,2206
28.52,2206
28.53,2206
28.54,2206
28.55,2206
28.56,2206
28.57,2206
28.58,2206
28.59,2206
28.6,2206
28.61,2206
28.62,2206
28.63,2206
28.64,2206
28.65,2206
28.66,2206
28.67,2206
28.68,2206
28.69,2206
28.7,2206
28.71,2206
28.72,2206
28.73,2206
28.74,2206
28.75,2206
28.76,2206
28.77,2206
28.78,2206
28.79,2206
28.8,2206
28.81,2206
28.82,2206
28.83,2206
28.84,2206
28.85,2206
28.86,2206
28.87,2206
28.88,2206
28.89,2206
28.9,2206
28.91,2206
28.92,2206
28.93,2206
28.94,2206
28.95,2206
28.96,2206
28.97,2206
28.98,2206
28.99,2206
29.0,2206
29.01,2206
29.02,2206
29.03,2206
29.04,2206
29.05,2206
29.06,2206
29.07,2206
29.08,2206
29.09,2206
29.1,2206
29.11,2206
29.12,2206
29.13,2206
29.14,2206
29.15,2206
29.16,2206
29.17,2206
29.18,2206
29.19,2206
29.2,2206
29.21,2206
29.22,2206
29.23,2206
29.24,2206
29.25,2206
29.26,2206
29.27,2206
29.28,2206
29.29,2206
29.3,2206
29.31,2206
29.32,2206
29.33,2206
29.34,2206
29.35,2206
29.36,2206
29.37,2206
29.38,2206
29.39,2206
29.4,2206
29.41,2206
29.42,2206
29.43,2206
29.44,2206
29.45,2206
29.46,2206
29.47,2206
29.48,2206
29.49,2206
29.5,2206
29.51,2206
29.52,2206
29.53,2206
29.54,2206
29.55,2206
29.56,2206
29.57,2206
29.58,2206
29.59,2206
29.6,2206
29.61,2206
29.62,2206
29.63,2206
29.64,2206
29.65,2206
29.66,2206
29.67,2206
29.68,2206
29.69,2206
29.7,2206
29.71,2206
29.72,2206
29.73,2206
29.74,2206
29.75,2206
29.76,2206
29.77,2206
29.78,2206
29.79,2206
29.8,2206
29.81,2206
29.82,2206
29.83,2206
29.84,2206
29.85,2206
29.86,2206
29.87,2206
29.88,2206
29.89,2206
29.9,2206
29.91,2206
29.92,2206
29.93,2206
29.94,2206
29.95,2206
29.96,2206
29.97,2206
29.98,2206
29.99,2206
30.0,2206
30.01,2206
30.02,2206
30.03,2206
30.04,2206
30.05,2206
30.06,2206
30.07,2206
30.08,2206
30.09,2206
30.1,2206
30.11,2206
30.12,2206
30.13,2206
30.14,2206
30.15,2206
30.16,2206
30.17,2206
30.18,2206
30.19,2206
30.2,2206
30.21,2206
30.22,2206
30.23,2206
30.24,2206
30.25,2206
30.26,2206
30.27,2206
30.28,2206
30.29,2206
30.3,2206
30.31,2206
30.32,2206
30.33,2206
30.34,2206
30.35,2206
30.36,2206
30.37,2206
30.38,2206
30.39,2206
30.4,2206
30.41,2206
30.42,2206
30.43,2206
30.44,2206
30.45,2206
30.46,2206
30.47,2206
30.48,2206
30.49,2206
30.5,2206
30.51,2206
30.52,2206
30.53,2206
30.54,2206
30.55,2206
30.56,2206
30.57,2206
30.58,2206
30.59,2206
30.6,2206
30.61,2206
30.62,2206
30.63,2206
30.64,2206
30.65,2206
30.66,2206
30.67,2206
30.68,2206
30.69,2206
30.7,2206
30.71,2206
30.72,2206
30.73,2206
30.74,2206
30.75,2206
30.76,2206
30.77,2206
30.78,2206
30.79,2206
30.8,2206
30.81,2206
30.82,2206
30.83,2206
30.84,2206
30.85,2206
30.86,2206
30.87,2206
30.88,2206
30.89,2206
30.9,2206
30.91,2206
30.92,2206
30.93,2206
30.94,2206
30.95,2206
30.96,2206
30.97,2206
30.98,2206
30.99,2206
31.0,2206
31.01,2206
31.02,2206
31.03,2206
31.04,2206
31.05,2206
31.06,2206
31.07,2206
31.08,2206
31.09,2206
31.1,2206
31.11,2206
31.12,2206
31.13,2206
31.14,2206
31.15,2206
31.16,2206
31.17,2206
31.18,2206
31.19,2206
31.2,2206
31.21,2206
31.22,2206
31.23,2206
31.24,2206
31.25,2206
31.26,2206
31.27,2206
31.28,2206
31.29,2206
31.3,2206
31.31,2206
31.32,2206
31.33,2206
31.34,2206
31.35,2206
31.36,2206
31.37,2206
31.38,2206
31.39,2206
31.4,2206
31.41,2206
31.42,2206
31.43,2206
31.44,2206
31.45,2206
31.46,2206
31.47,2206
31.48,2206
31.49,2206
31.5,2206
31.51,2206
31.52,2206
31.53,2206
31.54,2206
31.55,2206
31.56,2206
31.57,2206
31.58,2206
31.59,2206
31.6,2206
31.61,2206
31.62,2206
31.63,2206
31.64,2206
31.65,2206
31.66,2206
31.67,2206
31.68,2206
31.69,2206
31.7,2206
31.71,2206
31.72,2206
31.73,2206
31.74,2206
31.75,2206
31.76,2206
31.77,2206
31.78,2206
31.79,2206
31.8,2206
31.81,2206
31.82,2206
31.83,2206
31.84,2206
31.85,2206
31.86,2206
31.87,2206
31.88,2206
31.89,2206
31.9,2206
31.91,2206
31.92,2206
31.93,2206
31.94,2206
31.95,2206
31.96,2206
31.97,2206
31.98,2206
31.99,2206
32.0,2206
32.01,2206
32.02,2206
32.03,2206
32.04,2206
32.05,2206
32.06,2206
32.07,2206
32.08,2206
32.09,2206
32.1,2206
32.11,2206
32.12,2206
32.13,2206
32.14,2206
32.15,2206
32.16,2206
32.17,2206
32.18,2206
32.19,2206
32.2,2206
32.21,2206
32.22,2206
32.23,2206
32.24,2206
32.25,2206
32.26,2206
32.27,2206
32.28,2206
32.29,2206
32.3,2206
32.31,2206
32.32,2206
32.33,2206
32.34,2206
32.35,2206
32.36,2206
32.37,2206
32.38,2206
32.39,2206
32.4,2206
32.41,2206
32.42,2206
32.43,2206
32.44,2206
32.45,2206
32.46,2206
32.47,2206
32.48,2206
32.49,2206
32.5,2206
32.51,2206
32.52,2206
32.53,2206
32.54,2206
32.55,2206
32.56,2206
32.57,2206
32.58,2206
32.59,2206
32.6,2206
32.61,2206
32.62,2206
32.63,2206
32.64,2206
32.65,2206
32.66,2206
32.67,2206
32.68,2206
32.69,2206
32.7,2206
32.71,2206
32.72,2206
32.73,2206
32.74,2206
32.75,2206
32.76,2206
32.77,2206
32.78,2206
32.79,2206
32.8,2206
32.81,2206
32.82,2206
32.83,2206
32.84,2206
32.85,2206
32.86,2206
32.87,2206
32.88,2206
32.89,2206
32.9,2206
32.91,2206
32.92,2206
32.93,2206
32.94,2206
32.95,2206
32.96,2206
32.97,2206
32.98,2206
32.99,2206
33.0,2206
33.01,2206
33.02,2206
33.03,2206
33.04,2206
33.05,2206
33.06,2206
33.07,2206
33.08,2206
33.09,2206
33.1,2206
33.11,2206
33.12,2206
33.13,2206
33.14,2206
33.15,2206
33.16,2206
33.17,2206
33.18,2206
33.19,2206
33.2,2206
33.21,2206
33.22,2206
33.23,2206
33.24,2206
33.25,2206
33.26,2206
33.27,2206
33.28,2206
33.29,2206
33.3,2206
33.31,2206
33.32,2206
33.33,2206
33.34,2206
33.35,2206
33.36,2206
33.37,2206
33.38,2206
33.39,2206
33.4,2206
33.41,2206
33.42,2206
33.43,2206
33.44,2206
33.45,2206
33.46,2206
33.47,2206
33.48,2206
33.49,2206
33.5,2206
33.51,2206
33.52,2206
33.53,2206
33.54,2206
33.55,2206
33.56,2206
33.57,2206
33.58,2206
33.59,2206
33.6,2206
33.61,2206
33.62,2206
33.63,2206
33.64,2206
33.65,2206
33.66,2206
33.67,2206
33.68,2206
33.69,2206
33.7,2206
33.71,2206
33.72,2206
33.73,2206
33.74,2206
33.75,2206
33.76,2206
33.77,2206
33.78,2206
33.79,2206
33.8,2206
33.81,2206
33.82,2206
33.83,2206
33.84,2206
33.85,2206
33.86,2206
33.87,2206
33.88,2206
33.89,2206
33.9,2206
33.91,2206
33.92,2206
33.93,2206
33.94,2206
33.95,2206
33.96,2206
33.97,2206
33.98,2206
33.99,2206
34.0,2206
34.01,2206
34.02,2206
34.03,2206
34.04,2206
34.05,2206
34.06,2206
34.07,2206
34.08,2206
34.09,2206
34.1,2206
34.11,2206
34.12,2206
34.13,2206
34.14,2206
34.15,2206
34.16,2206
34.17,2206
34.18,2206
34.19,2206
34.2,2206
34.21,2206
34.22,2206
34.23,2206
34.24,2206
34.25,2206
34.26,2206
34.27,2206
34.28,2206
34.29,2206
34.3,2206
34.31,2206
34.32,2206
34.33,2206
34.34,2206
34.35,2206
34.36,2206
34.37,2206
34.38,2206
34.39,2206
34.4,2206
34.41,2206
34.42,2206
34.43,2206
34.44,2206
34.45,2206
34.46,2206
34.47,2206
34.48,2206
34.49,2206
34.5,2206
34.51,2206
34.52,2206
34.53,2206
34.54,2206
34.55,2206
34.56,2206
34.57,2206
34.58,2206
34.59,2206
34.6,2206
34.61,2206
34.62,2206
34.63,2206
34.64,2206
34.65,2206
34.66,2206
34.67,2206
34.68,2206
34.69,2206
34.7,2206
34.71,2206
34.72,2206
34.73,2206
34.74,2206
34.75,2206
34.76,2206
34.77,2206
34.78,2206
34.79,2206
34.8,2206
34.81,2206
34.82,2206
34.83,2206
34.84,2206
34.85,2206
34.86,2206
34.87,2206
34.88,2206
34.89,2206
34.9,2206
34.91,2206
34.92,2206
34.93,2206
34.94,2206
34.95,2206
34.96,2206
34.97,2206
34.98,2206
34.99,2206
35.0,2206
35.01,2206
35.02,2206
35.03,2206
35.04,2206
35.05,2206
35.06,2206
35.07,2206
35.08,2206
35.09,2206
35.1,2206
35.11,2206
35.12,2206
35.13,2206
35.14,2206
35.15,2206
35.16,2206
35.17,2206
35.18,2206
35.19,2206
35.2,2206
35.21,2206
35.22,2206
35.23,2206
35.24,2206
35.25,2206
35.26,2206
35.27,2206
35.28,2206
35.29,2206
35.3,2206
35.31,2206
35.32,2206
35.33,2206
35.34,2206
35.35,2206
35.36,2206
35.37,2206
35.38,2206
35.39,2206
35.4,2206
35.41,2206
35.42,2206
35.43,2206
35.44,2206
35.45,2206
35.46,2206
35.47,2206
35.48,2206
35.49,2206
35.5,2206
35.51,2206
35.52,2206
35.53,2206
35.54,2206
35.55,2206
35.56,2206
35.57,2206
35.58,2206
35.59,2206
35.6,2206
35.61,2206
35.62,2206
35.63,2206
35.64,2206
35.65,2206
35.66,2206
35.67,2206
35.68,2206
35.69,2206
35.7,2206
35.71,2206
35.72,2206
35.73,2206
35.74,2206
35.75,2206
35.76,2206
35.77,2206
35.78,2206
35.79,2206
35.8,2206
35.81,2206
35.82,2206
35.83,2206
35.84,2206
35.85,2206
35.86,2206
35.87,2206
35.88,2206
35.89,2206
35.9,2206
35.91,2206
35.92,2206
35.93,2206
35.94,2206
35.95,2206
35.96,2206
35.97,2206
35.98,2206
35.99,2206
36.0,2206
36.01,2206
36.02,2206
36.03,2206
36.04,2206
36.05,2206
36.06,2206
36.07,2206
36.08,2206
36.09,2206
36.1,2206
36.11,2206
36.12,2206
36.13,2206
36.14,2206
36.15,2206
36.16,2206
36.17,2206
36.18,2206
36.19,2206
36.2,2206
36.21,2206
36.22,2206
36.23,2206
36.24,2206
36.25,2206
36.26,2206
36.27,2206
36.28,2206
36.29,2206
36.3,2206
36.31,2206
36.32,2206
36.33,2206
36.34,2206
36.35,2206
36.36,2206
36.37,2206
36.38,2206
36.39,2206
36.4,2206
36.41,2206
36.42,2206
36.43,2206
36.44,2206
36.45,2206
36.46,2206
36.47,2206
36.48,2206
36.49,2206
36.5,2206
36.51,2206
36.52,2206
36.53,2206
36.54,2206
36.55,2206
36.56,2206
36.57,2206
36.58,2206
36.59,2206
36.6,2206
36.61,2206
36.62,2206
36.63,2206
36.64,2206
36.65,2206
36.66,2206
36.67,2206
36.68,2206
36.69,2206
36.7,2206
36.71,2206
36.72,2206
36.73,2206
36.74,2206
36.75,2206
36.76,2206
36.77,2206
36.78,2206
36.79,2206
36.8,2206
36.81,2206
36.82,2206
36.83,2206
36.84,2206
36.85,2206
36.86,2206
36.87,2206
36.88,2206
36.89,2206
36.9,2206
36.91,2206
36.92,2206
36.93,2206
36.94,2206
36.95,2206
36.96,2206
36.97,2206
36.98,2206
36.99,2206
37.0,2206
37.01,2206
37.02,2206
37.03,2206
37.04,2206
37.05,2206
37.06,2206
37.07,2206
37.08,2206
37.09,2206
37.1,2206
37.11,2206
37.12,2206
37.13,2206
37.14,2206
37.15,2206
37.16,2206
37.17,2206
37.18,2206
37.19,2206
37.2,2206
37.21,2206
37.22,2206
37.23,2206
37.24,2206
37.25,2206
37.26,2206
37.27,2206
37.28,2206
37.29,2206
37.3,2206
37.31,2206
37.32,2206
37.33,2206
37.34,2206
37.35,2206
37.36,2206
37.37,2206
37.38,2206
37.39,2206
37.4,2206
37.41,2206
37.42,2206
37.43,2206
37.44,2206
37.45,2206
37.46,2206
37.47,2206
37.48,2206
37.49,2206
37.5,2206
37.51,2206
37.52,2206
37.53,2206
37.54,2206
37.55,2206
37.56,2206
37.57,2206
37.58,2206
37.59,2206
37.6,2206
37.61,2206
37.62,2206
37.63,2206
37.64,2206
37.65,2206
37.66,2206
37.67,2206
37.68,2206
37.69,2206
37.7,2206
37.71,2206
37.72,2206
37.73,2206
37.74,2206
37.75,2206
37.76,2206
37.77,2206
37.78,2206
37.79,2206
37.8,2206
37.81,2206
37.82,2206
37.83,2206
37.84,2206
37.85,2206
37.86,2206
37.87,2206
37.88,2206
37.89,2206
37.9,2206
37.91,2206
37.92,2206
37.93,2206
37.94,2206
37.95,2206
37.96,2206
37.97,2206
37.98,2206
37.99,2206
38.0,2206
38.01,2206
38.02,2206
38.03,2206
38.04,2206
38.05,2206
38.06,2206
38.07,2206
38.08,2206
38.09,2206
38.1,2206
38.11,2206
38.12,2206
38.13,2206
38.14,2206
38.15,2206
38.16,2206
38.17,2206
38.18,2206
38.19,2206
38.2,2206
38.21,2206
38.22,2206
38.23,2206
38.24,2206
38.25,2206
38.26,2206
38.27,2206
38.28,2206
38.29,2206
38.3,2206
38.31,2206
38.32,2206
38.33,2206
38.34,2206
38.35,2206
38.36,2206
38.37,2206
38.38,2206
38.39,2206
38.4,2206
38.41,2206
38.42,2206
38.43,2206
38.44,2206
38.45,2206
38.46,2206
38.47,2206
38.48,2206
38.49,2206
38.5,2206
38.51,2206
38.52,2206
38.53,2206
38.54,2206
38.55,2206
38.56,2206
38.57,2206
38.58,2206
38.59,2206
38.6,2206
38.61,2206
38.62,2206
38.63,2206
38.64,2206
38.65,2206
38.66,2206
38.67,2206
38.68,2206
38.69,2206
38.7,2206
38.71,2206
38.72,2206
38.73,2206
38.74,2206
38.75,2206
38.76,2206
38.77,2206
38.78,2206
38.79,2206
38.8,2206
38.81,2206
38.82,2206
38.83,2206
38.84,2206
38.85,2206
38.86,2206
38.87,2206
38.88,2206
38.89,2206
38.9,2206
38.91,2206
38.92,2206
38.93,2206
38.94,2206
38.95,2206
38.96,2206
38.97,2206
38.98,2206
38.99,2206
39.0,2206
39.01,2206
39.02,2206
39.03,2206
39.04,2206
39.05,2206
39.06,2206
39.07,2206
39.08,2206
39.09,2206
39.1,2206
39.11,2206
39.12,2206
39.13,2206
39.14,2206
39.15,2206
39.16,2206
39.17,2206
39.18,2206
39.19,2206
39.2,2206
39.21,2206
39.22,2206
39.23,2206
39.24,2206
39.25,2206
39.26,2206
39.27,2206
39.28,2206
39.29,2206
39.3,2206
39.31,2206
39.32,2206
39.33,2206
39.34,2206
39.35,2206
39.36,2206
39.37,2206
39.38,2206
39.39,2206
39.4,2206
39.41,2206
39.42,2206
39.43,2206
39.44,2206
39.45,2206
39.46,2206
39.47,2206
39.48,2206
39.49,2206
39.5,2206
39.51,2206
39.52,2206
39.53,2206
39.54,2206
39.55,2206
39.56,2206
39.57,2206
39.58,2206
39.59,2206
39.6,2206
39.61,2206
39.62,2206
39.63,2206
39.64,2206
39.65,2206
39.66,2206
39.67,2206
39.68,2206
39.69,2206
39.7,2206
39.71,2206
39.72,2206
39.73,2206
39.74,2206
39.75,2206
39.76,2206
39.77,2206
39.78,2206
39.79,2206
39.8,2206
39.81,2206
39.82,2206
39.83,2206
39.84,2206
39.85,2206
39.86,2206
39.87,2206
39.88,2206
39.89,2206
39.9,2206
39.91,2206
39.92,2206
39.93,2206
39.94,2206
39.95,2206
39.96,2206
39.97,2206
39.98,2206
39.99,2206
40.0,2206
40.01,2206
40.02,2206
40.03,2206
40.04,2206
40.05,2206
40.06,2206
40.07,2206
40.08,2206
40.09,2206
40.1,2206
40.11,2206
40.12,2206
40.13,2206
40.14,2206
40.15,2206
40.16,2206
40.17,2206
40.18,2206
40.19,2206
40.2,2206
40.21,2206
40.22,2206
40.23,2206
40.24,2206
40.25,2206
40.26,2206
40.27,2206
40.28,2206
40.29,2206
40.3,2206
40.31,2206
40.32,2206
40.33,2206
40.34,2206
40.35,2206
40.36,2206
40.37,2206
40.38,2206
40.39,2206
40.4,2206
40.41,2206
40.42,2206
40.43,2206
40.44,2206
40.45,2206
40.46,2206
40.47,2206
40.48,2206
40.49,2206
40.5,2206
40.51,2206
40.52,2206
40.53,2206
40.54,2206
40.55,2206
40.56,2206
40.57,2206
40.58,2206
40.59,2206
40.6,2206
40.61,2206
40.62,2206
40.63,2206
40.64,2206
40.65,2206
40.66,2206
40.67,2206
40.68,2206
40.69,2205
40.7,2205
40.71,2205
40.72,2205
40.73,2205
40.74,2205
40.75,2205
40.76,2205
40.77,2205
40.78,2205
40.79,2205
40.8,2205
40.81,2205
40.82,2205
40.83,2205
40.84,2205
40.85,2205
40.86,2205
40.87,2205
40.88,2205
40.89,2205
40.9,2205
40.91,2205
40.92,2205
40.93,2205
40.94,2205
40.95,2205
40.96,2205
40.97,2205
40.98,2205
40.99,2205
41.0,2205
41.01,2205
41.02,2205
41.03,2205
41.04,2205
41.05,2205
41.06,2205
41.07,2205
41.08,2205
41.09,2205
41.1,2205
41.11,2205
41.12,2205
41.13,2205
41.14,2205
41.15,2205
41.16,2205
41.17,2205
41.18,2205
41.19,2205
41.2,2205
41.21,2205
41.22,2205
41.23,2205
41.24,2205
41.25,2205
41.26,2205
41.27,2205
41.28,2205
41.29,2205
41.3,2205
41.31,2205
41.32,2205
41.33,2205
41.34,2205
41.35,2205
41.36,2205
41.37,2205
41.38,2205
41.39,2205
41.4,2205
41.41,2205
41.42,2205
41.43,2205
41.44,2205
41.45,2205
41.46,2205
41.47,2205
41.48,2205
41.49,2205
41.5,2205
41.51,2205
41.52,2205
41.53,2205
41.54,2205
41.55,2205
41.56,2205
41.57,2205
41.58,2205
41.59,2205
41.6,2205
41.61,2205
41.62,2205
41.63,2205
41.64,2205
41.65,2205
41.66,2205
41.67,2205
41.68,2205
41.69,2205
41.7,2205
41.71,2205
41.72,2205
41.73,2205
41.74,2205
41.75,2205
41.76,2205
41.77,2205
41.78,2205
41.79,2205
41.8,2205
41.81,2205
41.82,2205
41.83,2205
41.84,2205
41.85,2205
41.86,2205
41.87,2205
41.88,2205
41.89,2205
41.9,2205
41.91,2205
41.92,2205
41.93,2205
41.94,2205
41.95,2205
41.96,2205
41.97,2205
41.98,2205
41.99,2205
42.0,2205
42.01,2205
42.02,2205
42.03,2205
42.04,2205
42.05,2205
42.06,2205
42.07,2205
42.08,2205
42.09,2205
42.1,2205
42.11,2205
42.12,2205
42.13,2205
42.14,2205
42.15,2205
42.16,2205
42.17,2205
42.18,2205
42.19,2205
42.2,2205
42.21,2205
42.22,2205
42.23,2205
42.24,2205
42.25,2205
42.26,2205
42.27,2205
42.28,2205
42.29,2205
42.3,2205
42.31,2205
42.32,2205
42.33,2205
42.34,2205
42.35,2205
42.36,2205
42.37,2205
42.38,2205
42.39,2205
42.4,2205
42.41,2205
42.42,2205
42.43,2205
42.44,2205
42.45,2205
42.46,2205
42.47,2205
42.48,2205
42.49,2205
42.5,2205
42.51,2205
42.52,2205
42.53,2205
42.54,2205
42.55,2205
42.56,2205
42.57,2205
42.58,2205
42.59,2205
42.6,2205
42.61,2205
42.62,2205
42.63,2205
42.64,2205
42.65,2205
42.66,2205
42.67,2205
42.68,2205
42.69,2205
42.7,2205
42.71,2205
42.72,2205
42.73,2205
42.74,2205
42.75,2205
42.76,2205
42.77,2205
42.78,2205
42.79,2205
42.8,2205
42.81,2205
42.82,2205
42.83,2205
42.84,2205
42.85,2205
42.86,2205
42.87,2205
42.88,2205
42.89,2205
42.9,2205
42.91,2205
42.92,2205
42.93,2205
42.94,2205
42.95,2205
42.96,2205
42.97,2205
42.98,2205
42.99,2205
43.0,2205
43.01,2205
43.02,2205
43.03,2205
43.04,2205
43.05,2205
43.06,2205
43.07,2205
43.08,2205
43.09,2205
43.1,2205
43.11,2205
43.12,2205
43.13,2205
43.14,2205
43.15,2205
43.16,2205
43.17,2205
43.18,2205
43.19,2205
43.2,2205
43.21,2205
43.22,2205
43.23,2205
43.24,2205
43.25,2205
43.26,2205
43.27,2205
43.28,2205
43.29,2205
43.3,2205
43.31,2205
43.32,2205
43.33,2205
43.34,2205
43.35,2205
43.36,2205
43.37,2205
43.38,2205
43.39,2205
43.4,2205
43.41,2205
43.42,2205
43.43,2205
43.44,2205
43.45,2205
43.46,2205
43.47,2205
43.48,2205
43.49,2205
43.5,2205
43.51,2205
43.52,2205
43.53,2205
43.54,2205
43.55,2205
43.56,2205
43.57,2205
43.58,2205
43.59,2205
43.6,2205
43.61,2205
43.62,2205
43.63,2205
43.64,2205
43.65,2205
43.66,2205
43.67,2205
43.68,2205
43.69,2205
43.7,2205
43.71,2205
43.72,2205
43.73,2205
43.74,2205
43.75,2205
43.76,2205
43.77,2205
43.78,2205
43.79,2205
43.8,2205
43.81,2205
43.82,2205
43.83,2205
43.84,2205
43.85,2205
43.86,2205
43.87,2205
43.88,2205
43.89,2205
43.9,2205
43.91,2205
43.92,2205
43.93,2205
43.94,2205
43.95,2205
43.96,2205
43.97,2205
43.98,2205
43.99,2205
44.0,2205
44.01,2205
44.02,2205
44.03,2205
44.04,2205
44.05,2205
44.06,2205
44.07,2205
44.08,2205
44.09,2205
44.1,2205
44.11,2205
44.12,2205
44.13,2205
44.14,2205
44.15,2205
44.16,2205
44.17,2205
44.18,2205
44.19,2205
44.2,2205
44.21,2205
44.22,2205
44.23,2205
44.24,2205
44.25,2205
44.26,2205
44.27,2205
44.28,2205
44.29,2205
44.3,2205
44.31,2205
44.32,2205
44.33,2205
44.34,2205
44.35,2205
44.36,2205
44.37,2205
44.38,2205
44.39,2205
44.4,2205
44.41,2205
44.42,2205
44.43,2205
44.44,2205
44.45,2205
44.46,2205
44.47,2205
44.48,2205
44.49,2205
44.5,2205
44.51,2205
44.52,2205
44.53,2205
44.54,2205
44.55,2205
44.56,2205
44.57,2205
44.58,2205
44.59,2205
44.6,2205
44.61,2205
44.62,2205
44.63,2205
44.64,2205
44.65,2205
44.66,2205
44.67,2205
44.68,2205
44.69,2205
44.7,2205
44.71,2205
44.72,2205
44.73,2205
44.74,2205
44.75,2205
44.76,2205
44.77,2205
44.78,2205
44.79,2205
44.8,2205
44.81,2205
44.82,2205
44.83,2205
44.84,2205
44.85,2205
44.86,2205
44.87,2205
44.88,2205
44.89,2205
44.9,2205
44.91,2205
44.92,2205
44.93,2205
44.94,2205
44.95,2205
44.96,2205
44.97,2205
44.98,2205
44.99,2205
45.0,2205
45.01,2205
45.02,2205
45.03,2205
45.04,2205
45.05,2205
45.06,2205
45.07,2205
45.08,2205
45.09,2205
45.1,2205
45.11,2205
45.12,2205
45.13,2205
45.14,2205
45.15,2205
45.16,2205
45.17,2205
45.18,2205
45.19,2205
45.2,2205
45.21,2205
45.22,2205
45.23,2205
45.24,2205
45.25,2205
45.26,2205
45.27,2205
45.28,2205
45.29,2205
45.3,2205
45.31,2205
45.32,2205
45.33,2205
45.34,2205
45.35,2205
45.36,2205
45.37,2205
45.38,2205
45.39,2205
45.4,2205
45.41,2205
45.42,2205
45.43,2205
45.44,2205
45.45,2205
45.46,2205
45.47,2205
45.48,2205
45.49,2205
45.5,2205
45.51,2205
45.52,2205
45.53,2205
45.54,2205
45.55,2205
45.56,2205
45.57,2205
45.58,2205
45.59,2205
45.6,2205
45.61,2205
45.62,2205
45.63,2205
45.64,2205
45.65,2205
45.66,2205
45.67,2205
45.68,2205
45.69,2205
45.7,2205
45.71,2205
45.72,2205
45.73,2205
45.74,2205
45.75,2205
45.76,2205
45.77,2205
45.78,2205
45.79,2205
45.8,2205
45.81,2205
45.82,2205
45.83,2205
45.84,2205
45.85,2205
45.86,2205
45.87,2205
45.88,2205
45.89,2205
45.9,2205
45.91,2205
45.92,2205
45.93,2205
45.94,2205
45.95,2205
45.96,2205
45.97,2205
45.98,2205
45.99,2205
46.0,2205
46.01,2205
46.02,2205
46.03,2205
46.04,2205
46.05,2205
46.06,2205
46.07,2205
46.08,2205
46.09,2205
46.1,2205
46.11,2205
46.12,2205
46.13,2205
46.14,2205
46.15,2205
46.16,2205
46.17,2205
46.18,2205
46.19,2205
46.2,2205
46.21,2205
46.22,2205
46.23,2205
46.24,2205
46.25,2205
46.26,2205
46.27,2205
46.28,2205
46.29,2205
46.3,2205
46.31,2205
46.32,2205
46.33,2205
46.34,2205
46.35,2205
46.36,2205
46.37,2205
46.38,2205
46.39,2205
46.4,2205
46.41,2205
46.42,2205
46.43,2205
46.44,2205
46.45,2205
46.46,2205
46.47,2205
46.48,2205
46.49,2205
46.5,2205
46.51,2205
46.52,2205
46.53,2205
46.54,2205
46.55,2205
46.56,2205
46.57,2205
46.58,2205
46.59,2205
46.6,2205
46.61,2205
46.62,2205
46.63,2205
46.64,2205
46.65,2205
46.66,2205
46.67,2205
46.68,2205
46.69,2205
46.7,2205
46.71,2205
46.72,2205
46.73,2205
46.74,2205
46.75,2205
46.76,2205
46.77,2205
46.78,2205
46.79,2205
46.8,2205
46.81,2205
46.82,2205
46.83,2205
46.84,2205
46.85,2205
46.86,2205
46.87,2205
46.88,2205
46.89,2205
46.9,2205
46.91,2205
46.92,2205
46.93,2205
46.94,2205
46.95,2205
46.96,2205
46.97,2205
46.98,2205
46.99,2205
47.0,2205
47.01,2205
47.02,2205
47.03,2205
47.04,2205
47.05,2205
47.06,2205
47.07,2205
47.08,2205
47.09,2205
47.1,2205
47.11,2205
47.12,2205
47.13,2205
47.14,2205
47.15,2205
47.16,2205
47.17,2205
47.18,2205
47.19,2205
47.2,2205
47.21,2205
47.22,2205
47.23,2205
47.24,2205
47.25,2205
47.26,2205
47.27,2205
47.28,2205
47.29,2205
47.3,2205
47.31,2205
47.32,2205
47.33,2205
47.34,2205
47.35,2205
47.36,2205
47.37,2205
47.38,2205
47.39,2205
47.4,2205
47.41,2205
47.42,2205
47.43,2205
47.44,2205
47.45,2205
47.46,2205
47.47,2205
47.48,2205
47.49,2205
47.5,2205
47.51,2205
47.52,2205
47.53,2205
47.54,2205
47.55,2205
47.56,2205
47.57,2205
47.58,2205
47.59,2205
47.6,2205
47.61,2205
47.62,2205
47.63,2205
47.64,2205
47.65,2205
47.66,2205
47.67,2205
47.68,2205
47.69,2205
47.7,2205
47.71,2205
47.72,2205
47.73,2205
47.74,2205
47.75,2205
47.76,2205
47.77,2205
47.78,2205
47.79,2205
47.8,2205
47.81,2205
47.82,2205
47.83,2205
47.84,2205
47.85,2205
47.86,2205
47.87,2205
47.88,2205
47.89,2205
47.9,2205
47.91,2205
47.92,2205
47.93,2205
47.94,2205
47.95,2205
47.96,2205
47.97,2205
47.98,2205
47.99,2205
48.0,2205
48.01,2205
48.02,2205
48.03,2205
48.04,2205
48.05,2205
48.06,2205
48.07,2205
48.08,2205
48.09,2205
48.1,2205
48.11,2205
48.12,2205
48.13,2205
48.14,2205
48.15,2205
48.16,2205
48.17,2205
48.18,2205
48.19,2205
48.2,2205
48.21,2205
48.22,2205
48.23,2205
48.24,2205
48.25,2205
48.26,2205
48.27,2205
48.28,2205
48.29,2205
48.3,2205
48.31,2205
48.32,2205
48.33,2205
48.34,2205
48.35,2205
48.36,2205
48.37,2205
48.38,2205
48.39,2205
48.4,2205
48.41,2205
48.42,2205
48.43,2205
48.44,2205
48.45,2205
48.46,2205
48.47,2205
48.48,2205
48.49,2205
48.5,2205
48.51,2205
48.52,2205
48.53,2205
48.54,2205
48.55,2205
48.56,2205
48.57,2205
48.58,2205
48.59,2205
48.6,2205
48.61,2205
48.62,2205
48.63,2205
48.64,2205
48.65,2205
48.66,2205
48.67,2205
48.68,2205
48.69,2205
48.7,2205
48.71,2205
48.72,2205
48.73,2205
48.74,2205
48.75,2205
48.76,2205
48.77,2205
48.78,2205
48.79,2205
48.8,2205
48.81,2205
48.82,2205
48.83,2205
48.84,2205
48.85,2205
48.86,2205
48.87,2205
48.88,2205
48.89,2205
48.9,2205
48.91,2205
48.92,2205
48.93,2205
48.94,2205
48.95,2205
48.96,2205
48.97,2205
48.98,2205
48.99,2205
49.0,2205
49.01,2205
49.02,2205
49.03,2205
49.04,2205
49.05,2205
49.06,2205
49.07,2205
49.08,2205
49.09,2205
49.1,2205
49.11,2205
49.12,2205
49.13,2205
49.14,2205
49.15,2205
49.16,2205
49.17,2205
49.18,2205
49.19,2205
49.2,2205
49.21,2205
49.22,2205
49.23,2205
49.24,2205
49.25,2205
49.26,2205
49.27,2205
49.28,2205
49.29,2205
49.3,2205
49.31,2205
49.32,2205
49.33,2205
49.34,2205
49.35,2205
49.36,2205
49.37,2205
49.38,2205
49.39,2205
49.4,2205
49.41,2205
49.42,2205
49.43,2205
49.44,2205
49.45,2205
49.46,2205
49.47,2205
49.48,2205
49.49,2205
49.5,2205
49.51,2205
49.52,2205
49.53,2205
49.54,2205
49.55,2205
49.56,2205
49.57,2205
49.58,2205
49.59,2205
49.6,2205
49.61,2205
49.62,2205
49.63,2205
49.64,2205
49.65,2205
49.66,2205
49.67,2205
49.68,2205
49.69,2205
49.7,2205
49.71,2205
49.72,2205
49.73,2205
49.74,2205
49.75,2205
49.76,2205
49.77,2205
49.78,2205
49.79,2205
49.8,2205
49.81,2205
49.82,2205
49.83,2205
49.84,2205
49.85,2205
49.86,2205
49.87,2205
49.88,2205
49.89,2205
49.9,2205
49.91,2205
49.92,2205
49.93,2205
49.94,2205
49.95,2205
49.96,2205
49.97,2205
49.98,2205
49.99,2205
50.0,2205
50.01,2205
50.02,2205
50.03,2205
50.04,2205
50.05,2205
50.06,2205
50.07,2205
50.08,2205
50.09,2205
50.1,2205
50.11,2205
50.12,2205
50.13,2205
50.14,2205
50.15,2205
50.16,2205
50.17,2205
50.18,2205
50.19,2205
50.2,2205
50.21,2205
50.22,2205
50.23,2205
50.24,2205
50.25,2205
50.26,2205
50.27,2205
50.28,2205
50.29,2205
50.3,2205
50.31,2205
50.32,2205
50.33,2205
50.34,2205
50.35,2205
50.36,2205
50.37,2205
50.38,2205
50.39,2205
50.4,2205
50.41,2205
50.42,2205
50.43,2205
50.44,2205
50.45,2205
50.46,2205
50.47,2205
50.48,2205
50.49,2205
50.5,2205
50.51,2205
50.52,2205
50.53,2205
50.54,2205
50.55,2205
50.56,2205
50.57,2205
50.58,2205
50.59,2205
50.6,2205
50.61,2205
50.62,2205
50.63,2205
50.64,2205
50.65,2205
50.66,2205
50.67,2205
50.68,2205
50.69,2205
50.7,2205
50.71,2205
50.72,2205
50.73,2205
50.74,2205
50.75,2205
50.76,2205
50.77,2205
50.78,2205
50.79,2205
50.8,2205
50.81,2205
50.82,2205
50.83,2205
50.84,2205
50.85,2205
50.86,2205
50.87,2205
50.88,2205
50.89,2205
50.9,2205
50.91,2205
50.92,2205
50.93,2205
50.94,2205
50.95,2205
50.96,2205
50.97,2205
50.98,2205
50.99,2205
51.0,2205
51.01,2205
51.02,2205
51.03,2205
51.04,2205
51.05,2205
51.06,2205
51.07,2205
51.08,2205
51.09,2205
51.1,2205
51.11,2205
51.12,2205
51.13,2205
51.14,2205
51.15,2205
51.16,2205
51.17,2205
51.18,2205
51.19,2205
51.2,2205
51.21,2205
51.22,2205
51.23,2205
51.24,2205
51.25,2205
51.26,2205
51.27,2205
51.28,2205
51.29,2205
51.3,2205
51.31,2205
51.32,2205
51.33,2205
51.34,2205
51.35,2205
51.36,2205
51.37,2205
51.38,2205
51.39,2205
51.4,2205
51.41,2205
51.42,2205
51.43,2205
51.44,2205
51.45,2205
51.46,2205
51.47,2205
51.48,2205
51.49,2205
51.5,2205
51.51,2205
51.52,2205
51.53,2205
51.54,2205
51.55,2205
51.56,2205
51.57,2205
51.58,2205
51.59,2205
51.6,2205
51.61,2205
51.62,2205
51.63,2205
51.64,2205
51.65,2205
51.66,2205
51.67,2205
51.68,2205
51.69,2205
51.7,2205
51.71,2205
51.72,2205
51.73,2205
51.74,2205
51.75,2205
51.76,2205
51.77,2205
51.78,2205
51.79,2205
51.8,2205
51.81,2205
51.82,2205
51.83,2205
51.84,2205
51.85,2205
51.86,2205
51.87,2205
51.88,2205
51.89,2205
51.9,2205
51.91,2205
51.92,2205
51.93,2205
51.94,2205
51.95,2205
51.96,2205
51.97,2205
51.98,2205
51.99,2205
52.0,2205
52.01,2205
52.02,2205
52.03,2205
52.04,2205
52.05,2205
52.06,2205
52.07,2205
52.08,2205
52.09,2205
52.1,2205
52.11,2205
52.12,2205
52.13,2205
52.14,2205
52.15,2205
52.16,2205
52.17,2205
52.18,2205
52.19,2205
52.2,2205
52.21,2205
52.22,2205
52.23,2205
52.24,2205
52.25,2205
52.26,2205
52.27,2205
52.28,2205
52.29,2205
52.3,2205
52.31,2205
52.32,2205
52.33,2205
52.34,2205
52.35,2205
52.36,2205
52.37,2205
52.38,2205
52.39,2205
52.4,2205
52.41,2205
52.42,2205
52.43,2205
52.44,2205
52.45,2205
52.46,2205
52.47,2205
52.48,2205
52.49,2205
52.5,2205
52.51,2205
52.52,2205
52.53,2205
52.54,2205
52.55,2205
52.56,2205
52.57,2205
52.58,2205
52.59,2205
52.6,2205
52.61,2205
52.62,2205
52.63,2205
52.64,2205
52.65,2205
52.66,2205
52.67,2205
52.68,2205
52.69,2205
52.7,2205
52.71,2205
52.72,2205
52.73,2205
52.74,2205
52.75,2205
52.76,2205
52.77,2205
52.78,2205
52.79,2205
52.8,2205
52.81,2205
52.82,2205
52.83,2205
52.84,2205
52.85,2205
52.86,2205
52.87,2205
52.88,2205
52.89,2205
52.9,2205
52.91,2205
52.92,2205
52.93,2205
52.94,2205
52.95,2205
52.96,2205
52.97,2205
52.98,2205
52.99,2205
53.0,2205
53.01,2205
53.02,2205
53.03,2205
53.04,2205
53.05,2205
53.06,2205
53.07,2205
53.08,2205
53.09,2205
53.1,2205
53.11,2205
53.12,2205
53.13,2205
53.14,2205
53.15,2205
53.16,2205
53.17,2205
53.18,2205
53.19,2205
53.2,2205
53.21,2205
53.22,2205
53.23,2205
53.24,2205
53.25,2205
53.26,2205
53.27,2205
53.28,2205
53.29,2205
53.3,2205
53.31,2205
53.32,2205
53.33,2205
53.34,2205
53.35,2205
53.36,2205
53.37,2205
53.38,2205
53.39,2205
53.4,2205
53.41,2205
53.42,2205
53.43,2204
53.44,2204
53.45,2204
53.46,2204
53.47,2204
53.48,2204
53.49,2204
53.5,2204
53.51,2204
53.52,2204
53.53,2204
53.54,2204
53.55,2204
53.56,2204
53.57,2204
53.58,2204
53.59,2204
53.6,2204
53.61,2204
53.62,2204
53.63,2204
53.64,2204
53.65,2204
53.66,2204
53.67,2204
53.68,2204
53.69,2204
53.7,2204
53.71,2204
53.72,2204
53.73,2204
53.74,2204
53.75,2204
53.76,2204
53.77,2204
53.78,2204
53.79,2204
53.8,2204
53.81,2204
53.82,2204
53.83,2204
53.84,2204
53.85,2204
53.86,2204
53.87,2204
53.88,2204
53.89,2204
53.9,2204
53.91,2204
53.92,2204
53.93,2204
53.94,2204
53.95,2204
53.96,2204
53.97,2204
53.98,2204
53.99,2204
54.0,2204
54.01,2204
54.02,2204
54.03,2204
54.04,2204
54.05,2204
54.06,2204
54.07,2204
54.08,2204
54.09,2204
54.1,2204
54.11,2204
54.12,2204
54.13,2204
54.14,2204
54.15,2204
54.16,2204
54.17,2204
54.18,2204
54.19,2204
54.2,2204
54.21,2204
54.22,2204
54.23,2204
54.24,2204
54.25,2204
54.26,2204
54.27,2204
54.28,2204
54.29,2204
54.3,2204
54.31,2204
54.32,2204
54.33,2204
54.34,2204
54.35,2204
54.36,2204
54.37,2204
54.38,2204
54.39,2204
54.4,2204
54.41,2204
54.42,2204
54.43,2204
54.44,2204
54.45,2204
54.46,2204
54.47,2204
54.48,2204
54.49,2204
54.5,2204
54.51,2204
54.52,2204
54.53,2204
54.54,2204
54.55,2204
54.56,2204
54.57,2204
54.58,2204
54.59,2204
54.6,2204
54.61,2204
54.62,2204
54.63,2204
54.64,2204
54.65,2204
54.66,2204
54.67,2204
54.68,2204
54.69,2204
54.7,2204
54.71,2204
54.72,2204
54.73,2204
54.74,2204
54.75,2204
54.76,2204
54.77,2204
54.78,2204
54.79,2204
54.8,2204
54.81,2204
54.82,2204
54.83,2204
54.84,2204
54.85,2204
54.86,2204
54.87,2204
54.88,2204
54.89,2204
54.9,2204
54.91,2204
54.92,2204
54.93,2204
54.94,2204
54.95,2204
54.96,2204
54.97,2204
54.98,2204
54.99,2204
55.0,2204
55.01,2204
55.02,2204
55.03,2204
55.04,2204
55.05,2204
55.06,2204
55.07,2204
55.08,2204
55.09,2204
55.1,2204
55.11,2204
55.12,2204
55.13,2204
55.14,2204
55.15,2204
55.16,2204
55.17,2204
55.18,2204
55.19,2204
55.2,2204
55.21,2204
55.22,2204
55.23,2204
55.24,2204
55.25,2204
55.26,2204
55.27,2204
55.28,2204
55.29,2204
55.3,2204
55.31,2204
55.32,2204
55.33,2204
55.34,2204
55.35,2204
55.36,2204
55.37,2204
55.38,2204
55.39,2204
55.4,2204
55.41,2204
55.42,2204
55.43,2204
55.44,2204
55.45,2204
55.46,2204
55.47,2204
55.48,2204
55.49,2204
55.5,2204
55.51,2204
55.52,2204
55.53,2204
55.54,2204
55.55,2204
55.56,2204
55.57,2204
55.58,2204
55.59,2204
55.6,2204
55.61,2204
55.62,2204
55.63,2204
55.64,2204
55.65,2204
55.66,2204
55.67,2204
55.68,2204
55.69,2204
55.7,2204
55.71,2204
55.72,2204
55.73,2204
55.74,2204
55.75,2204
55.76,2204
55.77,2204
55.78,2204
55.79,2204
55.8,2204
55.81,2204
55.82,2204
55.83,2204
55.84,2204
55.85,2204
55.86,2204
55.87,2204
55.88,2204
55.89,2204
55.9,2204
55.91,2204
55.92,2204
55.93,2204
55.94,2204
55.95,2204
55.96,2204
55.97,2204
55.98,2204
55.99,2204
56.0,2204
56.01,2204
56.02,2204
56.03,2204
56.04,2204
56.05,2204
56.06,2204
56.07,2204
56.08,2204
56.09,2204
56.1,2204
56.11,2204
56.12,2204
56.13,2204
56.14,2204
56.15,2204
56.16,2204
56.17,2204
56.18,2204
56.19,2204
56.2,2204
56.21,2204
56.22,2204
56.23,2204
56.24,2204
56.25,2204
56.26,2204
56.27,2204
56.28,2204
56.29,2204
56.3,2204
56.31,2204
56.32,2204
56.33,2204
56.34,2204
56.35,2204
56.36,2204
56.37,2204
56.38,2204
56.39,2204
56.4,2204
56.41,2204
56.42,2204
56.43,2204
56.44,2204
56.45,2204
56.46,2204
56.47,2204
56.48,2204
56.49,2204
56.5,2204
56.51,2204
56.52,2204
56.53,2204
56.54,2204
56.55,2204
56.56,2204
56.57,2204
56.58,2204
56.59,2204
56.6,2204
56.61,2204
56.62,2204
56.63,2204
56.64,2204
56.65,2204
56.66,2204
56.67,2204
56.68,2204
56.69,2204
56.7,2204
56.71,2204
56.72,2204
56.73,2204
56.74,2204
56.75,2204
56.76,2204
56.77,2204
56.78,2204
56.79,2204
56.8,2204
56.81,2204
56.82,2204
56.83,2204
56.84,2204
56.85,2204
56.86,2204
56.87,2204
56.88,2204
56.89,2204
56.9,2204
56.91,2204
56.92,2204
56.93,2204
56.94,2204
56.95,2204
56.96,2204
56.97,2204
56.98,2204
56.99,2204
57.0,2204
57.01,2204
57.02,2204
57.03,2204
57.04,2204
57.05,2204
57.06,2204
57.07,2204
57.08,2204
57.09,2204
57.1,2204
57.11,2204
57.12,2204
57.13,2204
57.14,2204
57.15,2204
57.16,2204
57.17,2204
57.18,2204
57.19,2204
57.2,2204
57.21,2204
57.22,2204
57.23,2204
57.24,2204
57.25,2204
57.26,2204
57.27,2204
57.28,2204
57.29,2204
57.3,2204
57.31,2204
57.32,2204
57.33,2204
57.34,2204
57.35,2204
57.36,2204
57.37,2204
57.38,2204
57.39,2204
57.4,2204
57.41,2204
57.42,2204
57.43,2204
57.44,2204
57.45,2204
57.46,2204
57.47,2204
57.48,2204
57.49,2204
57.5,2204
57.51,2204
57.52,2204
57.53,2204
57.54,2204
57.55,2204
57.56,2204
57.57,2204
57.58,2204
57.59,2204
57.6,2204
57.61,2204
57.62,2204
57.63,2204
57.64,2204
57.65,2204
57.66,2204
57.67,2204
57.68,2204
57.69,2204
57.7,2204
57.71,2204
57.72,2204
57.73,2204
57.74,2204
57.75,2204
57.76,2204
57.77,2204
57.78,2204
57.79,2204
57.8,2204
57.81,2204
57.82,2204
57.83,2204
57.84,2204
57.85,2204
57.86,2204
57.87,2204
57.88,2204
57.89,2204
57.9,2204
57.91,2204
57.92,2204
57.93,2204
57.94,2204
57.95,2204
57.96,2204
57.97,2204
57.98,2204
57.99,2204
58.0,2204
58.01,2204
58.02,2204
58.03,2204
58.04,2204
58.05,2204
58.06,2204
58.07,2204
58.08,2204
58.09,2204
58.1,2204
58.11,2204
58.12,2204
58.13,2204
58.14,2204
58.15,2204
58.16,2204
58.17,2204
58.18,2204
58.19,2204
58.2,2204
58.21,2204
58.22,2204
58.23,2204
58.24,2204
58.25,2204
58.26,2204
58.27,2204
58.28,2204
58.29,2204
58.3,2204
58.31,2204
58.32,2204
58.33,2204
58.34,2204
58.35,2204
58.36,2204
58.37,2204
58.38,2204
58.39,2204
58.4,2204
58.41,2204
58.42,2204
58.43,2204
58.44,2204
58.45,2204
58.46,2204
58.47,2204
58.48,2204
58.49,2204
58.5,2204
58.51,2204
58.52,2204
58.53,2204
58.54,2204
58.55,2204
58.56,2204
58.57,2204
58.58,2204
58.59,2204
58.6,2204
58.61,2204
58.62,2204
58.63,2204
58.64,2204
58.65,2204
58.66,2204
58.67,2204
58.68,2204
58.69,2204
58.7,2204
58.71,2204
58.72,2204
58.73,2204
58.74,2204
58.75,2204
58.76,2204
58.77,2204
58.78,2204
58.79,2204
58.8,2204
58.81,2204
58.82,2204
58.83,2204
58.84,2204
58.85,2204
58.86,2204
58.87,2204
58.88,2204
58.89,2204
58.9,2204
58.91,2204
58.92,2204
58.93,2204
58.94,2204
58.95,2204
58.96,2204
58.97,2204
58.98,2204
58.99,2204
59.0,2204
59.01,2204
59.02,2204
59.03,2204
59.04,2204
59.05,2204
59.06,2204
59.07,2204
59.08,2204
59.09,2204
59.1,2204
59.11,2204
59.12,2204
59.13,2204
59.14,2204
59.15,2204
59.16,2204
59.17,2204
59.18,2204
59.19,2204
59.2,2204
59.21,2204
59.22,2204
59.23,2204
59.24,2204
59.25,2204
59.26,2204
59.27,2204
59.28,2204
59.29,2204
59.3,2204
59.31,2204
59.32,2204
59.33,2204
59.34,2204
59.35,2204
59.36,2204
59.37,2204
59.38,2204
59.39,2204
59.4,2204
59.41,2204
59.42,2204
59.43,2204
59.44,2204
59.45,2204
59.46,2204
59.47,2204
59.48,2204
59.49,2204
59.5,2204
59.51,2204
59.52,2204
59.53,2204
59.54,2204
59.55,2204
59.56,2204
59.57,2204
59.58,2204
59.59,2204
59.6,2204
59.61,2204
59.62,2204
59.63,2204
59.64,2204
59.65,2204
59.66,2204
59.67,2204
59.68,2204
59.69,2204
59.7,2204
59.71,2204
59.72,2204
59.73,2204
59.74,2204
59.75,2204
59.76,2204
59.77,2204
59.78,2204
59.79,2204
59.8,2204
59.81,2204
59.82,2204
59.83,2204
59.84,2204
59.85,2204
59.86,2204
59.87,2204
59.88,2204
59.89,2204
59.9,2204
59.91,2204
59.92,2204
59.93,2204
59.94,2204
59.95,2204
59.96,2204
59.97,2204
59.98,2204
59.99,2204
60.0,2204
60.01,2204
60.02,2204
60.03,2204
60.04,2204
60.05,2204
60.06,2204
60.07,2204
60.08,2204
60.09,2204
60.1,2204
60.11,2204
60.12,2204
60.13,2204
60.14,2204
60.15,2204
60.16,2204
60.17,2204
60.18,2204
60.19,2204
60.2,2204
60.21,2204
60.22,2204
60.23,2204
60.24,2204
60.25,2204
60.26,2204
60.27,2204
60.28,2204
60.29,2204
60.3,2204
60.31,2204
60.32,2204
60.33,2204
60.34,2204
60.35,2204
60.36,2204
60.37,2204
60.38,2204
60.39,2204
60.4,2204
60.41,2204
60.42,2204
60.43,2204
60.44,2204
60.45,2204
60.46,2204
60.47,2204
60.48,2204
60.49,2204
60.5,2204
60.51,2204
60.52,2204
60.53,2204
60.54,2204
60.55,2204
60.56,2204
60.57,2204
60.58,2204
60.59,2204
60.6,2204
60.61,2204
60.62,2204
60.63,2204
60.64,2204
60.65,2204
60.66,2204
60.67,2204
60.68,2204
60.69,2204
60.7,2204
60.71,2204
60.72,2204
60.73,2204
60.74,2204
60.75,2204
60.76,2204
60.77,2204
60.78,2204
60.79,2204
60.8,2204
60.81,2204
60.82,2204
60.83,2204
60.84,2204
60.85,2204
60.86,2204
60.87,2204
60.88,2204
60.89,2204
60.9,2204
60.91,2204
60.92,2204
60.93,2204
60.94,2204
60.95,2204
60.96,2204
60.97,2204
60.98,2204
60.99,2204
61.0,2204
61.01,2204
61.02,2204
61.03,2204
61.04,2204
61.05,2204
61.06,2204
61.07,2204
61.08,2204
61.09,2204
61.1,2204
61.11,2204
61.12,2204
61.13,2204
61.14,2204
61.15,2204
61.16,2204
61.17,2204
61.18,2204
61.19,2204
61.2,2204
61.21,2204
61.22,2204
61.23,2204
61.24,2204
61.25,2204
61.26,2204
61.27,2204
61.28,2204
61.29,2204
61.3,2204
61.31,2204
61.32,2204
61.33,2204
61.34,2204
61.35,2204
61.36,2204
61.37,2204
61.38,2204
61.39,2204
61.4,2204
61.41,2204
61.42,2204
61.43,2204
61.44,2204
61.45,2204
61.46,2204
61.47,2204
61.48,2204
61.49,2204
61.5,2204
61.51,2204
61.52,2204
61.53,2204
61.54,2204
61.55,2204
61.56,2204
61.57,2204
61.58,2204
61.59,2204
61.6,2204
61.61,2204
61.62,2204
61.63,2204
61.64,2204
61.65,2204
61.66,2204
61.67,2204
61.68,2204
61.69,2204
61.7,2204
61.71,2204
61.72,2204
61.73,2204
61.74,2204
61.75,2204
61.76,2204
61.77,2204
61.78,2204
61.79,2204
61.8,2204
61.81,2204
61.82,2204
61.83,2204
61.84,2204
61.85,2204
61.86,2204
61.87,2204
61.88,2204
61.89,2204
61.9,2204
61.91,2204
61.92,2204
61.93,2204
61.94,2204
61.95,2204
61.96,2204
61.97,2204
61.98,2204
61.99,2204
62.0,2204
62.01,2204
62.02,2204
62.03,2204
62.04,2204
62.05,2204
62.06,2204
62.07,2204
62.08,2204
62.09,2204
62.1,2204
62.11,2204
62.12,2204
62.13,2204
62.14,2204
62.15,2204
62.16,2204
62.17,2204
62.18,2204
62.19,2204
62.2,2204
62.21,2204
62.22,2204
62.23,2204
62.24,2204
62.25,2204
62.26,2204
62.27,2204
62.28,2204
62.29,2204
62.3,2204
62.31,2204
62.32,2204
62.33,2204
62.34,2204
62.35,2204
62.36,2204
62.37,2204
62.38,2204
62.39,2204
62.4,2204
62.41,2204
62.42,2204
62.43,2204
62.44,2204
62.45,2204
62.46,2204
62.47,2204
62.48,2204
62.49,2204
62.5,2204
62.51,2204
62.52,2204
62.53,2204
62.54,2204
62.55,2204
62.56,2204
62.57,2204
62.58,2204
62.59,2204
62.6,2204
62.61,2204
62.62,2204
62.63,2204
62.64,2204
62.65,2204
62.66,2204
62.67,2204
62.68,2204
62.69,2204
62.7,2204
62.71,2204
62.72,2204
62.73,2204
62.74,2204
62.75,2204
62.76,2204
62.77,2204
62.78,2204
62.79,2204
62.8,2204
62.81,2204
62.82,2204
62.83,2204
62.84,2204
62.85,2204
62.86,2204
62.87,2204
62.88,2204
62.89,2204
62.9,2204
62.91,2204
62.92,2204
62.93,2204
62.94,2204
62.95,2204
62.96,2204
62.97,2204
62.98,2204
62.99,2204
63.0,2204
63.01,2204
63.02,2204
63.03,2204
63.04,2204
63.05,2204
63.06,2204
63.07,2204
63.08,2204
63.09,2204
63.1,2204
63.11,2204
63.12,2204
63.13,2204
63.14,2204
63.15,2204
63.16,2204
63.17,2204
63.18,2204
63.19,2204
63.2,2204
63.21,2204
63.22,2204
63.23,2204
63.24,2204
63.25,2204
63.26,2204
63.27,2204
63.28,2204
63.29,2204
63.3,2204
63.31,2204
63.32,2204
63.33,2204
63.34,2204
63.35,2204
63.36,2204
63.37,2204
63.38,2204
63.39,2204
63.4,2204
63.41,2204
63.42,2204
63.43,2204
63.44,2204
63.45,2204
63.46,2204
63.47,2204
63.48,2204
63.49,2204
63.5,2204
63.51,2204
63.52,2204
63.53,2204
63.54,2204
63.55,2204
63.56,2204
63.57,2204
63.58,2204
63.59,2204
63.6,2204
63.61,2204
63.62,2204
63.63,2204
63.64,2204
63.65,2204
63.66,2204
63.67,2204
63.68,2204
63.69,2204
63.7,2204
63.71,2204
63.72,2204
63.73,2204
63.74,2204
63.75,2204
63.76,2204
63.77,2204
63.78,2204
63.79,2204
63.8,2204
63.81,2204
63.82,2204
63.83,2204
63.84,2204
63.85,2204
63.86,2204
63.87,2204
63.88,2204
63.89,2204
63.9,2204
63.91,2204
63.92,2204
63.93,2204
63.94,2204
63.95,2204
63.96,2204
63.97,2204
63.98,2204
63.99,2204
64.0,2204
64.01,2204
64.02,2204
64.03,2204
64.04,2204
64.05,2204
64.06,2204
64.07,2204
64.08,2204
64.09,2204
64.1,2204
64.11,2204
64.12,2204
64.13,2204
64.14,2204
64.15,2204
64.16,2204
64.17,2204
64.18,2204
64.19,2204
64.2,2204
64.21,2204
64.22,2204
64.23,2204
64.24,2204
64.25,2204
64.26,2204
64.27,2204
64.28,2204
64.29,2204
64.3,2204
64.31,2204
64.32,2204
64.33,2204
64.34,2204
64.35,2204
64.36,2204
64.37,2204
64.38,2204
64.39,2204
64.4,2204
64.41,2204
64.42,2204
64.43,2204
64.44,2204
64.45,2204
64.46,2204
64.47,2204
64.48,2204
64.49,2204
64.5,2204
64.51,2204
64.52,2204
64.53,2204
64.54,2204
64.55,2204
64.56,2204
64.57,2204
64.58,2204
64.59,2204
64.6,2204
64.61,2204
64.62,2204
64.63,2204
64.64,2204
64.65,2204
64.66,2204
64.67,2204
64.68,2204
64.69,2204
64.7,2204
64.71,2204
64.72,2204
64.73,2204
64.74,2204
64.75,2204
64.76,2204
64.77,2204
64.78,2204
64.79,2204
64.8,2204
64.81,2204
64.82,2204
64.83,2204
64.84,2204
64.85,2204
64.86,2204
64.87,2204
64.88,2204
64.89,2204
64.9,2204
64.91,2204
64.92,2204
64.93,2204
64.94,2204
64.95,2204
64.96,2204
64.97,2204
64.98,2204
64.99,2204
65.0,2204
65.01,2204
65.02,2204
65.03,2204
65.04,2204
65.05,2204
65.06,2204
65.07,2204
65.08,2204
65.09,2204
65.1,2204
65.11,2204
65.12,2204
65.13,2204
65.14,2204
65.15,2204
65.16,2204
65.17,2204
65.18,2204
65.19,2204
65.2,2204
65.21,2204
65.22,2204
65.23,2204
65.24,2204
65.25,2204
65.26,2204
65.27,2204
65.28,2204
65.29,2204
65.3,2204
65.31,2204
65.32,2204
65.33,2204
65.34,2204
65.35,2204
65.36,2204
65.37,2204
65.38,2204
65.39,2204
65.4,2204
65.41,2204
65.42,2204
65.43,2204
65.44,2204
65.45,2204
65.46,2204
65.47,2204
65.48,2204
65.49,2204
65.5,2204
65.51,2204
65.52,2204
65.53,2204
65.54,2204
65.55,2204
65.56,2204
65.57,2204
65.58,2204
65.59,2204
65.6,2204
65.61,2204
65.62,2204
65.63,2204
65.64,2204
65.65,2204
65.66,2204
65.67,2204
65.68,2204
65.69,2204
65.7,2204
65.71,2204
65.72,2204
65.73,2204
65.74,2204
65.75,2204
65.76,2204
65.77,2204
65.78,2204
65.79,2204
65.8,2204
65.81,2204
65.82,2204
65.83,2204
65.84,2204
65.85,2204
65.86,2204
65.87,2204
65.88,2204
65.89,2204
65.9,2204
65.91,2204
65.92,2204
65.93,2204
65.94,2204
65.95,2204
65.96,2204
65.97,2204
65.98,2204
65.99,2204
66.0,2204
66.01,2204
66.02,2204
66.03,2204
66.04,2204
66.05,2204
66.06,2204
66.07,2204
66.08,2204
66.09,2204
66.1,2204
66.11,2204
66.12,2204
66.13,2204
66.14,2204
66.15,2204
66.16,2204
66.17,2204
66.18,2204
66.19,2204
66.2,2204
66.21,2204
66.22,2204
66.23,2204
66.24,2204
66.25,2204
66.26,2204
66.27,2204
66.28,2204
66.29,2204
66.3,2204
66.31,2204
66.32,2204
66.33,2204
66.34,2204
66.35,2204
66.36,2204
66.37,2204
66.38,2204
66.39,2204
66.4,2204
66.41,2204
66.42,2204
66.43,2204
66.44,2204
66.45,2204
66.46,2204
66.47,2204
66.48,2204
66.49,2204
66.5,2204
66.51,2204
66.52,2204
66.53,2204
66.54,2204
66.55,2204
66.56,2204
66.57,2204
66.58,2204
66.59,2204
66.6,2204
66.61,2204
66.62,2204
66.63,2204
66.64,2204
66.65,2204
66.66,2204
66.67,2204
66.68,2204
66.69,2204
66.7,2204
66.71,2204
66.72,2204
66.73,2204
66.74,2204
66.75,2204
66.76,2204
66.77,2204
66.78,2204
66.79,2204
66.8,2204
66.81,2204
66.82,2204
66.83,2204
66.84,2204
66.85,2204
66.86,2204
66.87,2204
66.88,2204
66.89,2204
66.9,2204
66.91,2204
66.92,2204
66.93,2204
66.94,2204
66.95,2204
66.96,2204
66.97,2204
66.98,2204
66.99,2204
67.0,2204
67.01,2204
67.02,2204
67.03,2204
67.04,2204
67.05,2204
67.06,2204
67.07,2204
67.08,2204
67.09,2204
67.1,2204
67.11,2204
67.12,2204
67.13,2204
67.14,2204
67.15,2204
67.16,2204
67.17,2204
67.18,2204
67.19,2204
67.2,2204
67.21,2204
67.22,2204
67.23,2204
67.24,2204
67.25,2204
67.26,2204
67.27,2204
67.28,2204
67.29,2204
67.3,2204
67.31,2204
67.32,2204
67.33,2204
67.34,2204
67.35,2204
67.36,2204
67.37,2204
67.38,2204
67.39,2204
67.4,2204
67.41,2204
67.42,2204
67.43,2204
67.44,2204
67.45,2204
67.46,2204
67.47,2204
67.48,2204
67.49,2204
67.5,2204
67.51,2204
67.52,2204
67.53,2204
67.54,2204
67.55,2204
67.56,2204
67.57,2204
67.58,2204
67.59,2204
67.6,2204
67.61,2204
67.62,2204
67.63,2204
67.64,2204
67.65,2204
67.66,2204
67.67,2204
67.68,2204
67.69,2204
67.7,2204
67.71,2204
67.72,2204
67.73,2204
67.74,2204
67.75,2204
67.76,2204
67.77,2204
67.78,2204
67.79,2204
67.8,2204
67.81,2204
67.82,2204
67.83,2204
67.84,2204
67.85,2204
67.86,2204
67.87,2204
67.88,2204
67.89,2204
67.9,2204
67.91,2204
67.92,2204
67.93,2204
67.94,2204
67.95,2204
67.96,2204
67.97,2204
67.98,2204
67.99,2204
68.0,2204
68.01,2204
68.02,2204
68.03,2204
68.04,2204
68.05,2204
68.06,2204
68.07,2204
68.08,2204
68.09,2204
68.1,2204
68.11,2204
68.12,2204
68.13,2204
68.14,2204
68.15,2204
68.16,2204
68.17,2204
68.18,2204
68.19,2204
68.2,2204
68.21,2204
68.22,2204
68.23,2204
68.24,2204
68.25,2204
68.26,2204
68.27,2204
68.28,2204
68.29,2204
68.3,2204
68.31,2204
68.32,2204
68.33,2204
68.34,2204
68.35,2204
68.36,2204
68.37,2204
68.38,2204
68.39,2204
68.4,2204
68.41,2204
68.42,2204
68.43,2204
68.44,2204
68.45,2204
68.46,2204
68.47,2204
68.48,2204
68.49,2204
68.5,2204
68.51,2204
68.52,2204
68.53,2204
68.54,2204
68.55,2204
68.56,2204
68.57,2204
68.58,2204
68.59,2204
68.6,2204
68.61,2204
68.62,2204
68.63,2204
68.64,2204
68.65,2204
68.66,2204
68.67,2204
68.68,2204
68.69,2204
68.7,2204
68.71,2204
68.72,2204
68.73,2204
68.74,2204
68.75,2204
68.76,2204
68.77,2204
68.78,2204
68.79,2204
68.8,2204
68.81,2204
68.82,2204
68.83,2204
68.84,2204
68.85,2204
68.86,2204
68.87,2204
68.88,2204
68.89,2204
68.9,2204
68.91,2204
68.92,2204
68.93,2204
68.94,2204
68.95,2204
68.96,2204
68.97,2204
68.98,2204
68.99,2204
69.0,2204
69.01,2204
69.02,2204
69.03,2204
69.04,2204
69.05,2204
69.06,2204
69.07,2204
69.08,2204
69.09,2204
69.1,2204
69.11,2204
69.12,2204
69.13,2204
69.14,2204
69.15,2204
69.16,2204
69.17,2204
69.18,2204
69.19,2204
69.2,2204
69.21,2204
69.22,2204
69.23,2204
69.24,2204
69.25,2204
69.26,2204
69.27,2204
69.28,2204
69.29,2204
69.3,2204
69.31,2204
69.32,2204
69.33,2204
69.34,2204
69.35,2204
69.36,2204
69.37,2204
69.38,2204
69.39,2204
69.4,2204
69.41,2204
69.42,2204
69.43,2204
69.44,2204
69.45,2204
69.46,2204
69.47,2204
69.48,2204
69.49,2204
69.5,2204
69.51,2204
69.52,2204
69.53,2204
69.54,2204
69.55,2204
69.56,2204
69.57,2204
69.58,2204
69.59,2204
69.6,2204
69.61,2204
69.62,2204
69.63,2204
69.64,2204
69.65,2204
69.66,2204
69.67,2204
69.68,2204
69.69,2204
69.7,2204
69.71,2204
69.72,2204
69.73,2204
69.74,2204
69.75,2204
69.76,2204
69.77,2204
69.78,2204
69.79,2204
69.8,2204
69.81,2204
69.82,2204
69.83,2204
69.84,2204
69.85,2204
69.86,2204
69.87,2204
69.88,2204
69.89,2204
69.9,2204
69.91,2204
69.92,2204
69.93,2204
69.94,2204
69.95,2204
69.96,2204
69.97,2204
69.98,2204
69.99,2204
70.0,2204
70.01,2204
70.02,2204
70.03,2204
70.04,2204
70.05,2204
70.06,2204
70.07,2204
70.08,2204
70.09,2204
70.1,2204
70.11,2204
70.12,2204
70.13,2204
70.14,2204
70.15,2204
70.16,2204
70.17,2204
70.18,2204
70.19,2204
70.2,2204
70.21,2204
70.22,2204
70.23,2204
70.24,2204
70.25,2204
70.26,2204
70.27,2204
70.28,2204
70.29,2204
70.3,2204
70.31,2204
70.32,2204
70.33,2204
70.34,2204
70.35,2204
70.36,2204
70.37,2204
70.38,2204
70.39,2204
70.4,2204
70.41,2204
70.42,2204
70.43,2204
70.44,2204
70.45,2204
70.46,2204
70.47,2204
70.48,2204
70.49,2204
70.5,2204
70.51,2204
70.52,2204
70.53,2204
70.54,2204
70.55,2204
70.56,2204
70.57,2204
70.58,2204
70.59,2204
70.6,2204
70.61,2204
70.62,2204
70.63,2204
70.64,2204
70.65,2204
70.66,2204
70.67,2204
70.68,2204
70.69,2204
70.7,2204
70.71,2204
70.72,2204
70.73,2204
70.74,2204
70.75,2204
70.76,2204
70.77,2204
70.78,2204
70.79,2204
70.8,2204
70.81,2204
70.82,2204
70.83,2204
70.84,2204
70.85,2204
70.86,2204
70.87,2204
70.88,2204
70.89,2204
70.9,2204
70.91,2204
70.92,2204
70.93,2204
70.94,2204
70.95,2204
70.96,2204
70.97,2204
70.98,2204
70.99,2204
71.0,2204
71.01,2204
71.02,2204
71.03,2204
71.04,2204
71.05,2204
71.06,2204
71.07,2204
71.08,2204
71.09,2204
71.1,2204
71.11,2204
71.12,2204
71.13,2204
71.14,2204
71.15,2204
71.16,2204
71.17,2204
71.18,2204
71.19,2204
71.2,2204
71.21,2204
71.22,2204
71.23,2204
71.24,2204
71.25,2204
71.26,2204
71.27,2204
71.28,2204
71.29,2204
71.3,2204
71.31,2204
71.32,2204
71.33,2204
71.34,2204
71.35,2204
71.36,2204
71.37,2204
71.38,2204
71.39,2204
71.4,2204
71.41,2204
71.42,2204
71.43,2204
71.44,2204
71.45,2204
71.46,2204
71.47,2204
71.48,2204
71.49,2204
71.5,2204
71.51,2204
71.52,2204
71.53,2204
71.54,2204
71.55,2204
71.56,2204
71.57,2204
71.58,2204
71.59,2204
71.6,2204
71.61,2204
71.62,2204
71.63,2204
71.64,2204
71.65,2204
71.66,2204
71.67,2204
71.68,2204
71.69,2204
71.7,2204
71.71,2204
71.72,2204
71.73,2204
71.74,2204
71.75,2204
71.76,2204
71.77,2204
71.78,2204
71.79,2204
71.8,2204
71.81,2204
71.82,2204
71.83,2204
71.84,2204
71.85,2204
71.86,2204
71.87,2204
71.88,2204
71.89,2204
71.9,2204
71.91,2204
71.92,2204
71.93,2204
71.94,2204
71.95,2204
71.96,2204
71.97,2204
71.98,2204
71.99,2204
72.0,2204
72.01,2204
72.02,2204
72.03,2204
72.04,2204
72.05,2204
72.06,2204
72.07,2204
72.08,2204
72.09,2204
72.1,2204
72.11,2204
72.12,2204
72.13,2204
72.14,2204
72.15,2204
72.16,2204
72.17,2204
72.18,2204
72.19,2204
72.2,2204
72.21,2204
72.22,2204
72.23,2204
72.24,2204
72.25,2204
72.26,2204
72.27,2204
72.28,2204
72.29,2204
72.3,2204
72.31,2204
72.32,2204
72.33,2204
72.34,2204
72.35,2204
72.36,2204
72.37,2204
72.38,2204
72.39,2204
72.4,2204
72.41,2204
72.42,2204
72.43,2203
