0.0,4941
0.01,4938
0.02,4935
0.03,4933
0.04,4930
0.05,4928
0.06,4925
0.07,4923
0.08,4921
0.09,4918
0.1,4916
0.11,4913
0.12,4910
0.13,4907
0.14,4904
0.15,4902
0.16,4899
0.17,4896
0.18,4893
0.19,4890
0.2,4888
0.21,4885
0.22,4882
0.23,4879
0.24,4876
0.25,4873
0.26,4871
0.27,4869
0.28,4866
0.29,4864
0.3,4861
0.31,4858
0.32,4856
0.33,4853
0.34,4850
0.35,4847
0.36,4845
0.37,4842
0.38,4840
0.39,4838
0.4,4836
0.41,4834
0.42,4832
0.43,4831
0.44,4828
0.45,4826
0.46,4823
0.47,4821
0.48,4818
0.49,4815
0.5,4813
0.51,4811
0.52,4809
0.53,4807
0.54,4804
0.55,4801
0.56,4798
0.57,4795
0.58,4793
0.59,4791
0.6,4789
0.61,4786
0.62,4784
0.63,4782
0.64,4779
0.65,4776
0.66,4774
0.67,4771
0.68,4768
0.69,4765
0.7,4762
0.71,4760
0.72,4758
0.73,4755
0.74,4752
0.75,4749
0.76,4747
0.77,4745
0.78,4742
0.79,4739
0.8,4736
0.81,4734
0.82,4731
0.83,4729
0.84,4726
0.85,4724
0.86,4721
0.87,4718
0.88,4715
0.89,4712
0.9,4710
0.91,4707
0.92,4704
0.93,4702
0.94,4699
0.95,4696
0.96,4694
0.97,4691
0.98,4688
0.99,4686
1.0,4683
1.01,4680
1.02,4678
1.03,4676
1.04,4673
1.05,4670
1.06,4668
1.07,4665
1.08,4662
1.09,4659
1.1,4657
1.11,4654
1.12,4652
1.13,4650
1.14,4647
1.15,4644
1.16,4642
1.17,4639
1.18,4636
1.19,4633
1.2,4631
1.21,4630
1.22,4628
1.23,4625
1.24,4622
1.25,4619
1.26,4617
1.27,4615
1.28,4612
1.29,4610
1.3,4607
1.31,4605
1.32,4602
1.33,4600
1.34,4597
1.35,4594
1.36,4592
1.37,4590
1.38,4587
1.39,4585
1.4,4583
1.41,4582
1.42,4580
1.43,4578
1.44,4575
1.45,4574
1.46,4572
1.47,4571
1.48,4569
1.49,4567
1.5,4564
1.51,4562
1.52,4559
1.53,4557
1.54,4555
1.55,4553
1.56,4551
1.57,4548
1.58,4546
1.59,4543
1.6,4541
1.61,4539
1.62,4536
1.63,4534
1.64,4532
1.65,4530
1.66,4529
1.67,4527
1.68,4526
1.69,4524
1.7,4522
1.71,4520
1.72,4519
1.73,4517
1.74,4515
1.75,4512
1.76,4510
1.77,4507
1.78,4504
1.79,4502
1.8,4499
1.81,4497
1.82,4495
1.83,4492
1.84,4489
1.85,4487
1.86,4484
1.87,4481
1.88,4479
1.89,4477
1.9,4474
1.91,4471
1.92,4469
1.93,4466
1.94,4463
1.95,4461
1.96,4458
1.97,4455
1.98,4452
1.99,4450
2.0,4447
2.01,4444
2.02,4441
2.03,4439
2.04,4436
2.05,4434
2.06,4432
2.07,4429
2.08,4426
2.09,4423
2.1,4420
2.11,4417
2.12,4415
2.13,4413
2.14,4411
2.15,4408
2.16,4405
2.17,4403
2.18,4400
2.19,4397
2.2,4395
2.21,4393
2.22,4390
2.23,4387
2.24,4384
2.25,4382
2.26,4379
2.27,4377
2.28,4375
2.29,4372
2.3,4369
2.31,4366
2.32,4363
2.33,4361
2.34,4358
2.35,4355
2.36,4352
2.37,4350
2.38,4347
2.39,4344
2.4,4341
2.41,4338
2.42,4336
2.43,4333
2.44,4330
2.45,4327
2.46,4324
2.47,4322
2.48,4320
2.49,4318
2.5,4315
2.51,4312
2.52,4309
2.53,4306
2.54,4304
2.55,4301
2.56,4298
2.57,4295
2.58,4292
2.59,4290
2.6,4288
2.61,4285
2.62,4282
2.63,4280
2.64,4278
2.65,4275
2.66,4273
2.67,4271
2.68,4268
2.69,4266
2.7,4263
2.71,4261
2.72,4258
2.73,4255
2.74,4253
2.75,4250
2.76,4247
2.77,4244
2.78,4241
2.79,4239
2.8,4237
2.81,4234
2.82,4232
2.83,4229
2.84,4226
2.85,4223
2.86,4221
2.87,4218
2.88,4215
2.89,4212
2.9,4210
2.91,4207
2.92,4205
2.93,4203
2.94,4201
2.95,4198
2.96,4196
2.97,4193
2.98,4190
2.99,4188
3.0,4186
3.01,4183
3.02,4180
3.03,4179
3.04,4176
3.05,4173
3.06,4170
3.07,4168
3.08,4165
3.09,4162
3.1,4159
3.11,4156
3.12,4154
3.13,4151
3.14,4148
3.15,4145
3.16,4142
3.17,4140
3.18,4137
3.19,4135
3.2,4132
3.21,4130
3.22,4127
3.23,4125
3.24,4122
3.25,4120
3.26,4117
3.27,4114
3.28,4112
3.29,4109
3.3,4106
3.31,4103
3.32,4100
3.33,4098
3.34,4095
3.35,4092
3.36,4089
3.37,4087
3.38,4084
3.39,4081
3.4,4078
3.41,4075
3.42,4073
3.43,4070
3.44,4067
3.45,4064
3.46,4062
3.47,4059
3.48,4056
3.49,4053
3.5,4050
3.51,4048
3.52,4045
3.53,4042
3.54,4039
3.55,4036
3.56,4034
3.57,4031
3.58,4028
3.59,4025
3.6,4023
3.61,4020
3.62,4017
3.63,4014
3.64,4012
3.65,4009
3.66,4007
3.67,4005
3.68,4003
3.69,4001
3.7,3998
3.71,3995
3.72,3992
3.73,3989
3.74,3986
3.75,3984
3.76,3982
3.77,3980
3.78,3978
3.79,3975
3.8,3972
3.81,3970
3.82,3967
3.83,3964
3.84,3962
3.85,3959
3.86,3956
3.87,3953
3.88,3952
3.89,3951
3.9,3949
3.91,3947
3.92,3944
3.93,3942
3.94,3939
3.95,3937
3.96,3934
3.97,3932
3.98,3929
3.99,3927
4.0,3925
4.01,3923
4.02,3921
4.03,3919
4.04,3916
4.05,3914
4.06,3912
4.07,3909
4.08,3906
4.09,3904
4.1,3901
4.11,3899
4.12,3896
4.13,3893
4.14,3891
4.15,3888
4.16,3885
4.17,3882
4.18,3880
4.19,3877
4.2,3874
4.21,3871
4.22,3869
4.23,3866
4.24,3863
4.25,3860
4.26,3858
4.27,3855
4.28,3852
4.29,3850
4.3,3848
4.31,3845
4.32,3842
4.33,3839
4.34,3837
4.35,3834
4.36,3831
4.37,3829
4.38,3826
4.39,3823
4.4,3820
4.41,3818
4.42,3815
4.43,3812
4.44,3810
4.45,3807
4.46,3804
4.47,3802
4.48,3800
4.49,3797
4.5,3795
4.51,3792
4.52,3789
4.53,3786
4.54,3784
4.55,3782
4.56,3779
4.57,3777
4.58,3774
4.59,3771
4.6,3769
4.61,3767
4.62,3764
4.63,3762
4.64,3759
4.65,3756
4.66,3754
4.67,3751
4.68,3748
4.69,3746
4.7,3743
4.71,3741
4.72,3738
4.73,3735
4.74,3733
4.75,3730
4.76,3729
4.77,3727
4.78,3724
4.79,3721
4.8,3719
4.81,3716
4.82,3715
4.83,3713
4.84,3711
4.85,3709
4.86,3707
4.87,3705
4.88,3702
4.89,3699
4.9,3697
4.91,3695
4.92,3692
4.93,3690
4.94,3687
4.95,3685
4.96,3682
4.97,3679
4.98,3677
4.99,3674
5.0,3671
5.01,3669
5.02,3666
5.03,3663
5.04,3661
5.05,3659
5.06,3657
5.07,3655
5.08,3652
5.09,3650
5.1,3647
5.11,3644
5.12,3642
5.13,3640
5.14,3637
5.15,3635
5.16,3632
5.17,3629
5.18,3628
5.19,3626
5.2,3623
5.21,3621
5.22,3618
5.23,3615
5.24,3612
5.25,3611
5.26,3608
5.27,3606
5.28,3603
5.29,3601
5.3,3598
5.31,3595
5.32,3592
5.33,3590
5.34,3588
5.35,3586
5.36,3583
5.37,3580
5.38,3579
5.39,3576
5.4,3573
5.41,3571
5.42,3568
5.43,3566
5.44,3564
5.45,3562
5.46,3560
5.47,3557
5.48,3556
5.49,3554
5.5,3552
5.51,3549
5.52,3547
5.53,3545
5.54,3543
5.55,3540
5.56,3537
5.57,3536
5.58,3533
5.59,3530
5.6,3527
5.61,3525
5.62,3523
5.63,3520
5.64,3518
5.65,3516
5.66,3514
5.67,3512
5.68,3509
5.69,3507
5.7,3505
5.71,3503
5.72,3500
5.73,3498
5.74,3495
5.75,3492
5.76,3491
5.77,3488
5.78,3486
5.79,3484
5.8,3481
5.81,3479
5.82,3476
5.83,3474
5.84,3471
5.85,3469
5.86,3468
5.87,3465
5.88,3463
5.89,3461
5.9,3458
5.91,3456
5.92,3454
5.93,3453
5.94,3450
5.95,3448
5.96,3446
5.97,3444
5.98,3442
5.99,3440
6.0,3437
6.01,3434
6.02,3431
6.03,3429
6.04,3427
6.05,3426
6.06,3423
6.07,3420
6.08,3418
6.09,3415
6.1,3412
6.11,3411
6.12,3409
6.13,3407
6.14,3405
6.15,3402
6.16,3400
6.17,3398
6.18,3395
6.19,3393
6.2,3391
6.21,3389
6.22,3386
6.23,3383
6.24,3381
6.25,3380
6.26,3377
6.27,3374
6.28,3373
6.29,3370
6.3,3368
6.31,3365
6.32,3363
6.33,3360
6.34,3358
6.35,3356
6.36,3353
6.37,3350
6.38,3348
6.39,3345
6.4,3342
6.41,3340
6.42,3337
6.43,3334
6.44,3332
6.45,3330
6.46,3327
6.47,3325
6.48,3322
6.49,3320
6.5,3318
6.51,3316
6.52,3314
6.53,3313
6.54,3311
6.55,3308
6.56,3306
6.57,3304
6.58,3301
6.59,3299
6.6,3298
6.61,3296
6.62,3294
6.63,3292
6.64,3290
6.65,3288
6.66,3285
6.67,3284
6.68,3281
6.69,3278
6.7,3276
6.71,3274
6.72,3271
6.73,3268
6.74,3266
6.75,3264
6.76,3262
6.77,3261
6.78,3258
6.79,3256
6.8,3253
6.81,3250
6.82,3248
6.83,3245
6.84,3242
6.85,3240
6.86,3239
6.87,3237
6.88,3235
6.89,3233
6.9,3230
6.91,3228
6.92,3226
6.93,3223
6.94,3221
6.95,3220
6.96,3217
6.97,3215
6.98,3212
6.99,3209
7.0,3207
7.01,3205
7.02,3202
7.03,3199
7.04,3197
7.05,3196
7.06,3195
7.07,3192
7.08,3189
7.09,3187
7.1,3185
7.11,3184
7.12,3182
7.13,3180
7.14,3178
7.15,3175
7.16,3174
7.17,3172
7.18,3170
7.19,3167
7.2,3165
7.21,3163
7.22,3161
7.23,3158
7.24,3156
7.25,3154
7.26,3151
7.27,3150
7.28,3148
7.29,3145
7.3,3143
7.31,3141
7.32,3138
7.33,3135
7.34,3133
7.35,3130
7.36,3129
7.37,3128
7.38,3127
7.39,3126
7.4,3124
7.41,3122
7.42,3121
7.43,3118
7.44,3116
7.45,3113
7.46,3111
7.47,3109
7.48,3107
7.49,3105
7.5,3102
7.51,3101
7.52,3100
7.53,3099
7.54,3097
7.55,3095
7.56,3094
7.57,3093
7.58,3091
7.59,3089
7.6,3089
7.61,3088
7.62,3086
7.63,3084
7.64,3082
7.65,3081
7.66,3078
7.67,3076
7.68,3074
7.69,3071
7.7,3069
7.71,3066
7.72,3064
7.73,3061
7.74,3058
7.75,3056
7.76,3055
7.77,3052
7.78,3051
7.79,3050
7.8,3049
7.81,3048
7.82,3045
7.83,3043
7.84,3040
7.85,3039
7.86,3037
7.87,3035
7.88,3033
7.89,3031
7.9,3030
7.91,3028
7.92,3028
7.93,3025
7.94,3023
7.95,3022
7.96,3020
7.97,3017
7.98,3014
7.99,3014
8.0,3011
8.01,3009
8.02,3007
8.03,3005
8.04,3002
8.05,2999
8.06,2997
8.07,2994
8.08,2992
8.09,2990
8.1,2990
8.11,2987
8.12,2986
8.13,2983
8.14,2981
8.15,2979
8.16,2978
8.17,2975
8.18,2974
8.19,2971
8.2,2969
8.21,2968
8.22,2965
8.23,2962
8.24,2960
8.25,2957
8.26,2955
8.27,2953
8.28,2951
8.29,2949
8.3,2947
8.31,2946
8.32,2944
8.33,2941
8.34,2938
8.35,2936
8.36,2935
8.37,2932
8.38,2930
8.39,2927
8.4,2924
8.41,2923
8.42,2921
8.43,2920
8.44,2918
8.45,2917
8.46,2915
8.47,2912
8.48,2910
8.49,2910
8.5,2909
8.51,2907
8.52,2904
8.53,2902
8.54,2901
8.55,2900
8.56,2899
8.57,2897
8.58,2894
8.59,2892
8.6,2890
8.61,2889
8.62,2887
8.63,2887
8.64,2886
8.65,2884
8.66,2882
8.67,2879
8.68,2878
8.69,2876
8.7,2874
8.71,2873
8.72,2871
8.73,2869
8.74,2867
8.75,2865
8.76,2864
8.77,2863
8.78,2862
8.79,2860
8.8,2858
8.81,2856
8.82,2855
8.83,2853
8.84,2851
8.85,2850
8.86,2848
8.87,2846
8.88,2845
8.89,2843
8.9,2842
8.91,2841
8.92,2840
8.93,2838
8.94,2836
8.95,2835
8.96,2832
8.97,2830
8.98,2828
8.99,2826
9.0,2824
9.01,2822
9.02,2820
9.03,2819
9.04,2817
9.05,2816
9.06,2813
9.07,2811
9.08,2811
9.09,2809
9.1,2808
9.11,2805
9.12,2803
9.13,2801
9.14,2798
9.15,2797
9.16,2795
9.17,2793
9.18,2791
9.19,2789
9.2,2787
9.21,2785
9.22,2782
9.23,2781
9.24,2779
9.25,2777
9.26,2776
9.27,2776
9.28,2774
9.29,2773
9.3,2771
9.31,2769
9.32,2766
9.33,2766
9.34,2765
9.35,2762
9.36,2760
9.37,2759
9.38,2757
9.39,2755
9.4,2753
9.41,2751
9.42,2749
9.43,2748
9.44,2747
9.45,2744
9.46,2743
9.47,2742
9.48,2740
9.49,2738
9.5,2737
9.51,2735
9.52,2733
9.53,2733
9.54,2731
9.55,2729
9.56,2727
9.57,2725
9.58,2722
9.59,2720
9.6,2718
9.61,2717
9.62,2716
9.63,2714
9.64,2712
9.65,2710
9.66,2707
9.67,2705
9.68,2703
9.69,2702
9.7,2700
9.71,2699
9.72,2697
9.73,2696
9.74,2695
9.75,2692
9.76,2690
9.77,2688
9.78,2686
9.79,2683
9.8,2681
9.81,2679
9.82,2678
9.83,2677
9.84,2674
9.85,2673
9.86,2672
9.87,2669
9.88,2668
9.89,2667
9.9,2666
9.91,2665
9.92,2662
9.93,2661
9.94,2660
9.95,2659
9.96,2656
9.97,2654
9.98,2653
9.99,2650
10.0,2649
10.01,2648
10.02,2647
10.03,2645
10.04,2643
10.05,2642
10.06,2640
10.07,2637
10.08,2636
10.09,2635
10.1,2634
10.11,2633
10.12,2631
10.13,2630
10.14,2629
10.15,2628
10.16,2626
10.17,2624
10.18,2622
10.19,2621
10.2,2620
10.21,2619
10.22,2618
10.23,2616
10.24,2615
10.25,2613
10.26,2612
10.27,2611
10.28,2611
10.29,2608
10.3,2606
10.31,2603
10.32,2602
10.33,2601
10.34,2601
10.35,2599
10.36,2598
10.37,2597
10.38,2596
10.39,2595
10.4,2593
10.41,2592
10.42,2590
10.43,2588
10.44,2588
10.45,2585
10.46,2583
10.47,2581
10.48,2581
10.49,2579
10.5,2577
10.51,2576
10.52,2574
10.53,2573
10.54,2570
10.55,2568
10.56,2566
10.57,2564
10.58,2564
10.59,2562
10.6,2560
10.61,2558
10.62,2557
10.63,2555
10.64,2553
10.65,2552
10.66,2551
10.67,2550
10.68,2549
10.69,2548
10.7,2547
10.71,2546
10.72,2545
10.73,2544
10.74,2544
10.75,2544
10.76,2543
10.77,2541
10.78,2540
10.79,2537
10.8,2537
10.81,2536
10.82,2535
10.83,2534
10.84,2531
10.85,2529
10.86,2528
10.87,2526
10.88,2524
10.89,2522
10.9,2521
10.91,2520
10.92,2519
10.93,2518
10.94,2517
10.95,2515
10.96,2514
10.97,2512
10.98,2512
10.99,2512
11.0,2511
11.01,2511
11.02,2511
11.03,2508
11.04,2507
11.05,2506
11.06,2505
11.07,2504
11.08,2504
11.09,2503
11.1,2503
11.11,2502
11.12,2502
11.13,2502
11.14,2501
11.15,2500
11.16,2499
11.17,2497
11.18,2496
11.19,2494
11.2,2493
11.21,2492
11.22,2492
11.23,2491
11.24,2489
11.25,2488
11.26,2488
11.27,2488
11.28,2486
11.29,2485
11.3,2485
11.31,2484
11.32,2482
11.33,2481
11.34,2479
11.35,2479
11.36,2479
11.37,2477
11.38,2475
11.39,2473
11.4,2472
11.41,2472
11.42,2472
11.43,2472
11.44,2471
11.45,2469
11.46,2469
11.47,2467
11.48,2465
11.49,2465
11.5,2465
11.51,2464
11.52,2463
11.53,2463
11.54,2462
11.55,2460
11.56,2458
11.57,2456
11.58,2455
11.59,2454
11.6,2453
11.61,2452
11.62,2451
11.63,2450
11.64,2450
11.65,2449
11.66,2448
11.67,2448
11.68,2448
11.69,2447
11.7,2447
11.71,2446
11.72,2446
11.73,2445
11.74,2443
11.75,2442
11.76,2442
11.77,2442
11.78,2441
11.79,2439
11.8,2438
11.81,2437
11.82,2436
11.83,2434
11.84,2432
11.85,2431
11.86,2430
11.87,2428
11.88,2427
11.89,2427
11.9,2426
11.91,2426
11.92,2426
11.93,2426
11.94,2425
11.95,2424
11.96,2424
11.97,2423
11.98,2422
11.99,2422
12.0,2420
12.01,2420
12.02,2420
12.03,2420
12.04,2418
12.05,2416
12.06,2415
12.07,2412
12.08,2412
12.09,2410
12.1,2409
12.11,2408
12.12,2407
12.13,2407
12.14,2406
12.15,2405
12.16,2403
12.17,2401
12.18,2400
12.19,2399
12.2,2399
12.21,2398
12.22,2396
12.23,2395
12.24,2393
12.25,2392
12.26,2390
12.27,2389
12.28,2389
12.29,2389
12.3,2387
12.31,2386
12.32,2386
12.33,2385
12.34,2385
12.35,2384
12.36,2383
12.37,2382
12.38,2381
12.39,2380
12.4,2379
12.41,2379
12.42,2378
12.43,2378
12.44,2376
12.45,2375
12.46,2374
12.47,2374
12.48,2373
12.49,2372
12.5,2371
12.51,2370
12.52,2370
12.53,2368
12.54,2368
12.55,2366
12.56,2364
12.57,2364
12.58,2364
12.59,2364
12.6,2363
12.61,2362
12.62,2361
12.63,2360
12.64,2359
12.65,2357
12.66,2356
12.67,2354
12.68,2354
12.69,2354
12.7,2353
12.71,2351
12.72,2351
12.73,2350
12.74,2350
12.75,2349
12.76,2347
12.77,2346
12.78,2345
12.79,2345
12.8,2344
12.81,2343
12.82,2342
12.83,2341
12.84,2340
12.85,2340
12.86,2339
12.87,2338
12.88,2338
12.89,2336
12.9,2335
12.91,2334
12.92,2334
12.93,2333
12.94,2332
12.95,2331
12.96,2330
12.97,2330
12.98,2330
12.99,2330
13.0,2330
13.01,2330
13.02,2330
13.03,2330
13.04,2330
13.05,2330
13.06,2330
13.07,2330
13.08,2329
13.09,2328
13.1,2327
13.11,2327
13.12,2327
13.13,2325
13.14,2324
13.15,2324
13.16,2323
13.17,2323
13.18,2323
13.19,2323
13.2,2322
13.21,2322
13.22,2321
13.23,2320
13.24,2320
13.25,2320
13.26,2319
13.27,2319
13.28,2318
13.29,2318
13.3,2318
13.31,2318
13.32,2318
13.33,2317
13.34,2317
13.35,2317
13.36,2317
13.37,2317
13.38,2317
13.39,2316
13.4,2316
13.41,2316
13.42,2316
13.43,2314
13.44,2313
13.45,2312
13.46,2311
13.47,2311
13.48,2311
13.49,2310
13.5,2310
13.51,2309
13.52,2308
13.53,2308
13.54,2307
13.55,2307
13.56,2307
13.57,2307
13.58,2306
13.59,2306
13.6,2305
13.61,2305
13.62,2305
13.63,2305
13.64,2305
13.65,2304
13.66,2304
13.67,2304
13.68,2304
13.69,2304
13.7,2304
13.71,2303
13.72,2302
13.73,2302
13.74,2302
13.75,2302
13.76,2301
13.77,2301
13.78,2301
13.79,2301
13.8,2300
13.81,2300
13.82,2300
13.83,2299
13.84,2298
13.85,2298
13.86,2298
13.87,2298
13.88,2298
13.89,2298
13.91,2297
13.92,2296
13.93,2296
13.94,2296
13.95,2296
13.96,2296
13.97,2295
13.98,2295
13.99,2295
14.0,2294
14.01,2294
14.02,2294
14.03,2294
14.04,2294
14.05,2294
14.06,2294
14.07,2294
14.08,2294
14.09,2294
14.1,2294
14.11,2294
14.12,2294
14.13,2294
14.14,2294
14.15,2293
14.16,2292
14.17,2290
14.18,2290
14.19,2289
14.2,2289
14.21,2289
14.22,2289
14.23,2288
14.24,2287
14.25,2287
14.26,2286
14.27,2286
14.28,2285
14.29,2285
14.3,2284
14.31,2284
14.32,2284
14.33,2283
14.34,2283
14.35,2283
14.36,2283
14.37,2283
14.38,2283
14.39,2283
14.4,2283
14.41,2283
14.42,2283
14.43,2283
14.44,2283
14.45,2283
14.46,2283
14.47,2283
14.48,2283
14.49,2283
14.5,2283
14.51,2283
14.52,2283
14.53,2283
14.54,2283
14.55,2282
14.56,2282
14.57,2282
14.58,2282
14.59,2282
14.6,2281
14.61,2281
14.62,2281
14.63,2281
14.64,2281
14.65,2280
14.66,2280
14.67,2280
14.68,2280
14.69,2280
14.7,2280
14.71,2280
14.72,2280
14.73,2280
14.74,2280
14.75,2280
