0.0,4940
0.01,4936
0.02,4932
0.03,4928
0.04,4923
0.05,4919
0.06,4915
0.07,4911
0.08,4906
0.09,4902
0.1,4898
0.11,4894
0.12,4889
0.13,4885
0.14,4881
0.15,4877
0.16,4872
0.17,4868
0.18,4864
0.19,4859
0.2,4855
0.21,4851
0.22,4847
0.23,4842
0.24,4838
0.25,4834
0.26,4830
0.27,4825
0.28,4821
0.29,4817
0.3,4812
0.31,4808
0.32,4804
0.33,4800
0.34,4795
0.35,4791
0.36,4787
0.37,4783
0.38,4778
0.39,4774
0.4,4770
0.41,4766
0.42,4761
0.43,4757
0.44,4753
0.45,4748
0.46,4744
0.47,4740
0.48,4736
0.49,4731
0.5,4727
0.51,4723
0.52,4719
0.53,4714
0.54,4710
0.55,4706
0.56,4701
0.57,4697
0.58,4693
0.59,4689
0.6,4684
0.61,4680
0.62,4676
0.63,4672
0.64,4667
0.65,4663
0.66,4659
0.67,4655
0.68,4650
0.69,4646
0.7,4642
0.71,4637
0.72,4633
0.73,4629
0.74,4625
0.75,4620
0.76,4616
0.77,4612
0.78,4608
0.79,4603
0.8,4599
0.81,4595
0.82,4591
0.83,4586
0.84,4582
0.85,4578
0.86,4573
0.87,4569
0.88,4565
0.89,4561
0.9,4556
0.91,4552
0.92,4548
0.93,4544
0.94,4539
0.95,4535
0.96,4531
0.97,4527
0.98,4522
0.99,4518
1.0,4514
1.01,4509
1.02,4505
1.03,4501
1.04,4497
1.05,4492
1.06,4488
1.07,4484
1.08,4480
1.09,4475
1.1,4471
1.11,4467
1.12,4463
1.13,4458
1.14,4454
1.15,4450
1.16,4446
1.17,4441
1.18,4437
1.19,4433
1.2,4429
1.21,4424
1.22,4420
1.23,4416
1.24,4412
1.25,4407
1.26,4403
1.27,4399
1.28,4395
1.29,4390
1.3,4386
1.31,4382
1.32,4377
1.33,4373
1.34,4369
1.35,4365
1.36,4360
1.37,4356
1.38,4352
1.39,4348
1.4,4343
1.41,4339
1.42,4335
1.43,4331
1.44,4327
1.45,4322
1.46,4318
1.47,4314
1.48,4310
1.49,4305
1.5,4301
1.51,4297
1.52,4293
1.53,4288
1.54,4284
1.55,4280
1.56,4276
1.57,4272
1.58,4267
1.59,4263
1.6,4259
1.61,4255
1.62,4250
1.63,4246
1.64,4242
1.65,4238
1.66,4233
1.67,4229
1.68,4225
1.69,4221
1.7,4217
1.71,4212
1.72,4208
1.73,4204
1.74,4202
1.75,4198
1.76,4194
1.77,4190
1.78,4185
1.79,4181
1.8,4177
1.81,4172
1.82,4168
1.83,4164
1.84,4160
1.85,4155
1.86,4151
1.87,4147
1.88,4142
1.89,4138
1.9,4134
1.91,4130
1.92,4125
1.93,4121
1.94,4117
1.95,4112
1.96,4108
1.97,4104
1.98,4100
1.99,4095
2.0,4091
2.01,4087
2.02,4083
2.03,4078
2.04,4074
2.05,4070
2.06,4065
2.07,4061
2.08,4057
2.09,4053
2.1,4048
2.11,4044
2.12,4040
2.13,4036
2.14,4031
2.15,4027
2.16,4023
2.17,4019
2.18,4014
2.19,4010
2.2,4006
2.21,4002
2.22,3997
2.23,3993
2.24,3989
2.25,3985
2.26,3980
2.27,3976
2.28,3972
2.29,3968
2.3,3963
2.31,3959
2.32,3955
2.33,3950
2.34,3946
2.35,3942
2.36,3938
2.37,3933
2.38,3929
2.39,3925
2.4,3921
2.41,3916
2.42,3912
2.43,3908
2.44,3904
2.45,3899
2.46,3895
2.47,3891
2.48,3886
2.49,3882
2.5,3878
2.51,3874
2.52,3869
2.53,3865
2.54,3861
2.55,3857
2.56,3852
2.57,3848
2.58,3844
2.59,3840
2.6,3835
2.61,3831
2.62,3827
2.63,3822
2.64,3818
2.65,3814
2.66,3810
2.67,3805
2.68,3801
2.69,3797
2.7,3793
2.71,3788
2.72,3784
2.73,3780
2.74,3776
2.75,3771
2.76,3767
2.77,3763
2.78,3759
2.79,3754
2.8,3750
2.81,3746
2.82,3742
2.83,3737
2.84,3733
2.85,3729
2.86,3725
2.87,3720
2.88,3716
2.89,3713
2.9,3711
2.91,3707
2.92,3702
2.93,3699
2.94,3696
2.95,3691
2.96,3687
2.97,3683
2.98,3679
2.99,3675
3.0,3672
3.01,3668
3.02,3664
3.03,3660
3.04,3656
3.05,3652
3.06,3649
3.07,3645
3.08,3641
3.09,3637
3.1,3633
3.11,3628
3.12,3624
3.13,3621
3.14,3617
3.15,3613
3.16,3610
3.17,3606
3.18,3601
3.19,3598
3.2,3594
3.21,3590
3.22,3586
3.23,3582
3.24,3579
3.25,3575
3.26,3571
3.27,3568
3.28,3563
3.29,3560
3.3,3556
3.31,3553
3.32,3551
3.33,3547
3.34,3542
3.35,3540
3.36,3537
3.37,3533
3.38,3529
3.39,3525
3.4,3521
3.41,3517
3.42,3514
3.43,3510
3.44,3506
3.45,3502
3.46,3499
3.47,3495
3.48,3491
3.49,3487
3.5,3484
3.51,3482
3.52,3478
3.53,3474
3.54,3470
3.55,3466
3.56,3463
3.57,3459
3.58,3457
3.59,3454
3.6,3451
3.61,3448
3.62,3446
3.63,3441
3.64,3439
3.65,3435
3.66,3431
3.67,3429
3.68,3424
3.69,3420
3.7,3416
3.71,3414
3.72,3410
3.73,3407
3.74,3403
3.75,3398
3.76,3395
3.77,3391
3.78,3388
3.79,3383
3.8,3380
3.81,3377
3.82,3375
3.83,3371
3.84,3367
3.85,3362
3.86,3360
3.87,3357
3.88,3352
3.89,3349
3.9,3345
3.91,3341
3.92,3337
3.93,3335
3.94,3333
3.95,3329
3.96,3326
3.97,3322
3.98,3319
3.99,3316
4.0,3312
4.01,3310
4.02,3307
4.03,3304
4.04,3301
4.05,3300
4.06,3297
4.07,3293
4.08,3291
4.09,3288
4.1,3285
4.11,3282
4.12,3278
4.13,3275
4.14,3271
4.15,3269
4.16,3267
4.17,3265
4.18,3260
4.19,3258
4.2,3256
4.21,3252
4.22,3250
4.23,3247
4.24,3243
4.25,3239
4.26,3235
4.27,3231
4.28,3227
4.29,3223
4.3,3220
4.31,3216
4.32,3214
4.33,3211
4.34,3208
4.35,3203
4.36,3199
4.37,3196
4.38,3193
4.39,3189
4.4,3185
4.41,3181
4.42,3179
4.43,3175
4.44,3172
4.45,3168
4.46,3166
4.47,3162
4.48,3160
4.49,3159
4.5,3155
4.51,3153
4.52,3149
4.53,3146
4.54,3144
4.55,3141
4.56,3140
4.57,3138
4.58,3134
4.59,3132
4.6,3128
4.61,3126
4.62,3123
4.63,3120
4.64,3116
4.65,3113
4.66,3111
4.67,3108
4.68,3105
4.69,3102
4.7,3099
4.71,3097
4.72,3095
4.73,3091
4.74,3088
4.75,3084
4.76,3080
4.77,3075
4.78,3072
4.79,3071
4.8,3068
4.81,3066
4.82,3064
4.83,3061
4.84,3059
4.85,3056
4.86,3054
4.87,3051
4.88,3049
4.89,3046
4.9,3042
4.91,3039
4.92,3037
4.93,3036
4.94,3033
4.95,3030
4.96,3029
4.97,3026
4.98,3024
4.99,3021
5.0,3018
5.01,3016
5.02,3015
5.03,3013
5.04,3010
5.05,3007
5.06,3003
5.07,3001
5.08,2999
5.09,2997
5.1,2995
5.11,2993
5.12,2990
5.13,2986
5.14,2983
5.15,2981
5.16,2979
5.17,2976
5.18,2974
5.19,2971
5.2,2968
5.21,2965
5.22,2963
5.23,2959
5.24,2957
5.25,2955
5.26,2954
5.27,2949
5.28,2945
5.29,2942
5.3,2938
5.31,2935
5.32,2932
5.33,2930
5.34,2929
5.35,2929
5.36,2926
5.37,2923
5.38,2921
5.39,2917
5.4,2915
5.41,2912
5.42,2908
5.43,2905
5.44,2902
5.45,2899
5.46,2898
5.47,2895
5.48,2891
5.49,2890
5.5,2887
5.51,2884
5.52,2880
5.53,2877
5.54,2875
5.55,2873
5.56,2871
5.57,2868
5.58,2866
5.59,2863
5.6,2859
5.61,2857
5.62,2856
5.63,2853
5.64,2851
5.65,2848
5.66,2846
5.67,2844
5.68,2841
5.69,2839
5.7,2836
5.71,2834
5.72,2832
5.73,2831
5.74,2829
5.75,2825
5.76,2824
5.77,2823
5.78,2821
5.79,2819
5.8,2817
5.81,2814
5.82,2813
5.83,2811
5.84,2808
5.85,2806
5.86,2803
5.87,2802
5.88,2799
5.89,2798
5.9,2796
5.91,2793
5.92,2789
5.93,2787
5.94,2785
5.95,2783
5.96,2782
5.97,2779
5.98,2776
5.99,2773
6.0,2771
6.01,2769
6.02,2767
6.03,2765
6.04,2762
6.05,2760
6.06,2757
6.07,2757
6.08,2753
6.09,2752
6.1,2749
6.11,2745
6.12,2743
6.13,2740
6.14,2738
6.15,2735
6.16,2732
6.17,2730
6.18,2727
6.19,2726
6.2,2724
6.21,2721
6.22,2720
6.23,2719
6.24,2716
6.25,2713
6.26,2711
6.27,2710
6.28,2708
6.29,2706
6.3,2703
6.31,2701
6.32,2698
6.33,2695
6.34,2693
6.35,2691
6.36,2689
6.37,2686
6.38,2684
6.39,2681
6.4,2679
6.41,2678
6.42,2676
6.43,2673
6.44,2671
6.45,2670
6.46,2667
6.47,2665
6.48,2663
6.49,2660
6.5,2658
6.51,2656
6.52,2656
6.53,2653
6.54,2651
6.55,2650
6.56,2650
6.57,2648
6.58,2645
6.59,2642
6.6,2639
6.61,2637
6.62,2636
6.63,2633
6.64,2632
6.65,2630
6.66,2628
6.67,2625
6.68,2622
6.69,2621
6.7,2620
6.71,2617
6.72,2614
6.73,2612
6.74,2609
6.75,2609
6.76,2608
6.77,2607
6.78,2606
6.79,2605
6.8,2604
6.81,2602
6.82,2602
6.83,2600
6.84,2600
6.85,2599
6.86,2597
6.87,2596
6.88,2595
6.89,2595
6.9,2592
6.91,2590
6.92,2587
6.93,2586
6.94,2584
6.95,2583
6.96,2583
6.97,2583
6.98,2582
6.99,2582
7.0,2581
7.01,2580
7.02,2576
7.03,2575
7.04,2573
7.05,2571
7.06,2569
7.07,2568
7.08,2566
7.09,2565
7.1,2563
7.11,2562
7.12,2560
7.13,2558
7.14,2556
7.15,2553
7.16,2553
7.17,2551
7.18,2550
7.19,2547
7.2,2546
7.21,2545
7.22,2544
7.23,2542
7.24,2542
7.25,2539
7.26,2539
7.27,2539
7.28,2537
7.29,2537
7.3,2537
7.31,2537
7.32,2536
7.33,2534
7.34,2533
7.35,2532
7.36,2531
7.37,2531
7.38,2531
7.39,2531
7.4,2530
7.41,2529
7.42,2528
7.43,2526
7.44,2526
7.45,2523
7.46,2523
7.47,2521
7.48,2521
7.49,2521
7.5,2520
7.51,2519
7.52,2516
7.53,2514
7.54,2513
7.55,2512
7.56,2510
7.57,2507
7.58,2506
7.59,2504
7.6,2502
7.61,2502
7.62,2502
7.63,2501
7.64,2498
7.65,2495
7.66,2495
7.67,2494
7.68,2493
7.69,2491
7.7,2491
7.71,2487
7.72,2487
7.73,2487
7.74,2487
7.75,2485
7.76,2485
7.77,2485
7.78,2484
7.79,2482
7.8,2482
7.81,2481
7.82,2480
7.83,2479
7.84,2478
7.85,2476
7.86,2474
7.87,2474
7.88,2472
7.89,2471
7.9,2470
7.91,2470
7.92,2470
7.93,2468
7.94,2466
7.95,2463
7.96,2462
7.97,2462
7.98,2460
7.99,2460
8.0,2459
8.01,2458
8.02,2457
8.03,2455
8.04,2454
8.05,2451
8.06,2449
8.07,2448
8.08,2445
8.09,2445
8.1,2445
8.11,2445
8.12,2444
8.13,2444
8.14,2442
8.15,2441
8.16,2439
8.17,2437
8.18,2436
8.19,2435
8.2,2434
8.21,2433
8.22,2432
8.23,2432
8.24,2431
8.25,2429
8.26,2427
8.27,2426
8.28,2423
8.29,2422
8.3,2422
8.31,2420
8.32,2417
8.33,2417
8.34,2416
8.35,2414
8.36,2411
8.37,2409
8.38,2408
8.39,2407
8.4,2406
8.41,2405
8.42,2404
8.43,2404
8.44,2402
8.45,2401
8.46,2397
8.47,2396
8.48,2396
8.49,2395
8.5,2395
8.51,2394
8.52,2394
8.53,2393
8.54,2393
8.55,2391
8.56,2391
8.57,2390
8.58,2388
8.59,2387
8.6,2386
8.61,2385
8.62,2384
8.63,2384
8.64,2383
8.65,2383
8.66,2381
8.67,2381
8.68,2379
8.69,2376
8.7,2375
8.71,2374
8.72,2373
8.73,2372
8.74,2371
8.75,2371
8.76,2370
8.77,2370
8.78,2369
8.79,2367
8.8,2365
8.81,2363
8.82,2360
8.83,2360
8.84,2358
8.85,2358
8.86,2357
8.87,2356
8.88,2355
8.89,2354
8.9,2354
8.91,2353
8.92,2353
8.93,2352
8.94,2351
8.95,2351
8.96,2350
8.97,2348
8.98,2348
8.99,2347
9.0,2347
9.01,2346
9.02,2343
9.03,2342
9.04,2341
9.05,2341
9.06,2341
9.07,2339
9.08,2338
9.09,2337
9.1,2337
9.11,2336
9.12,2336
9.13,2336
9.14,2335
9.15,2334
9.16,2333
9.17,2333
9.18,2333
9.19,2332
9.2,2331
9.21,2331
9.22,2330
9.23,2330
9.24,2329
9.25,2329
9.26,2328
9.27,2328
9.28,2328
9.29,2327
9.3,2327
9.31,2326
9.32,2325
9.33,2324
9.34,2323
9.35,2323
9.36,2322
9.37,2322
9.38,2322
9.39,2321
9.4,2321
9.41,2319
9.42,2318
9.43,2318
9.44,2317
9.45,2317
9.46,2316
9.47,2316
9.48,2315
9.49,2315
9.5,2315
9.51,2314
9.52,2313
9.53,2313
9.54,2313
9.55,2312
9.56,2312
9.57,2312
9.58,2311
9.59,2311
9.6,2311
9.61,2311
9.62,2310
9.63,2310
9.64,2310
9.65,2310
9.66,2310
9.67,2310
9.68,2309
9.69,2309
9.7,2309
9.71,2309
9.72,2309
9.73,2308
9.74,2308
9.75,2307
9.76,2307
9.77,2306
9.78,2305
9.79,2305
9.8,2303
9.81,2303
9.82,2302
9.83,2302
9.84,2302
9.85,2301
9.86,2301
9.87,2301
9.88,2300
9.89,2300
9.9,2300
9.91,2300
9.92,2299
9.93,2299
9.94,2299
9.95,2299
9.96,2299
9.97,2299
9.98,2298
9.99,2298
10.0,2298
10.01,2298
10.02,2298
10.03,2298
10.04,2297
10.05,2297
10.06,2297
10.07,2297
10.08,2297
10.09,2297
10.1,2297
10.11,2297
10.12,2297
10.13,2297
10.14,2296
10.15,2296
10.16,2296
10.17,2296
10.18,2295
10.19,2295
10.2,2293
10.21,2293
10.22,2293
10.23,2293
10.24,2293
10.25,2293
10.26,2293
10.27,2293
10.28,2293
10.29,2292
10.3,2291
10.31,2291
10.32,2291
10.33,2291
10.34,2291
10.35,2290
10.36,2289
10.37,2289
10.38,2289
10.39,2289
10.4,2289
10.41,2289
10.42,2289
10.43,2288
10.44,2288
10.45,2288
10.46,2288
10.47,2288
10.48,2288
10.49,2288
10.5,2288
10.51,2288
10.52,2288
10.53,2288
10.54,2288
10.55,2288
10.56,2288
10.57,2287
10.58,2287
10.59,2287
10.6,2287
10.61,2287
10.62,2287
10.63,2287
10.64,2287
10.65,2287
10.66,2286
10.67,2286
10.68,2284
10.69,2284
10.7,2284
10.71,2284
10.72,2283
10.73,2283
10.74,2283
10.75,2283
10.76,2283
10.77,2283
10.78,2283
10.79,2283
10.8,2283
10.81,2282
10.82,2281
10.83,2281
10.84,2281
10.85,2281
10.86,2281
10.87,2281
10.88,2281
10.89,2280
10.9,2279
10.91,2279
10.92,2278
10.93,2278
10.94,2278
10.95,2278
10.96,2278
10.97,2278
10.98,2278
10.99,2278
11.0,2278
11.01,2278
11.02,2278
11.03,2278
11.04,2278
11.05,2278
11.06,2278
11.07,2278
11.08,2278
11.09,2278
11.1,2277
11.11,2277
11.12,2277
11.13,2277
11.14,2276
11.15,2276
11.16,2276
11.17,2276
11.18,2276
11.19,2276
11.2,2276
11.21,2275
11.22,2275
11.23,2275
11.24,2275
11.25,2274
11.26,2274
11.27,2274
11.28,2274
11.29,2274
11.3,2274
11.31,2274
11.32,2274
11.33,2274
11.34,2274
11.35,2274
11.36,2274
