0.0,4940
0.01,4936
0.02,4932
0.03,4928
0.04,4923
0.05,4919
0.06,4915
0.07,4910
0.08,4906
0.09,4903
0.1,4901
0.11,4897
0.12,4892
0.13,4888
0.14,4884
0.15,4879
0.16,4875
0.17,4871
0.18,4867
0.19,4862
0.2,4858
0.21,4854
0.22,4849
0.23,4845
0.24,4841
0.25,4837
0.26,4832
0.27,4828
0.28,4824
0.29,4819
0.3,4815
0.31,4811
0.32,4807
0.33,4802
0.34,4798
0.35,4794
0.36,4789
0.37,4785
0.38,4781
0.39,4777
0.4,4772
0.41,4768
0.42,4764
0.43,4759
0.44,4755
0.45,4751
0.46,4747
0.47,4742
0.48,4738
0.49,4734
0.5,4729
0.51,4725
0.52,4721
0.53,4717
0.54,4712
0.55,4708
0.56,4704
0.57,4699
0.58,4695
0.59,4691
0.6,4687
0.61,4682
0.62,4678
0.63,4674
0.64,4670
0.65,4665
0.66,4661
0.67,4657
0.68,4652
0.69,4648
0.7,4644
0.71,4640
0.72,4635
0.73,4631
0.74,4627
0.75,4622
0.76,4618
0.77,4614
0.78,4610
0.79,4605
0.8,4601
0.81,4597
0.82,4592
0.83,4588
0.84,4584
0.85,4580
0.86,4575
0.87,4571
0.88,4567
0.89,4562
0.9,4558
0.91,4554
0.92,4550
0.93,4545
0.94,4541
0.95,4537
0.96,4532
0.97,4528
0.98,4524
0.99,4520
1.0,4515
1.01,4511
1.02,4507
1.03,4502
1.04,4498
1.05,4494
1.06,4490
1.07,4485
1.08,4481
1.09,4477
1.1,4472
1.11,4468
1.12,4464
1.13,4460
1.14,4455
1.15,4451
1.16,4447
1.17,4442
1.18,4438
1.19,4434
1.2,4430
1.21,4425
1.22,4421
1.23,4417
1.24,4413
1.25,4408
1.26,4404
1.27,4400
1.28,4395
1.29,4391
1.3,4387
1.31,4383
1.32,4378
1.33,4374
1.34,4370
1.35,4365
1.36,4361
1.37,4357
1.38,4353
1.39,4348
1.4,4344
1.41,4340
1.42,4335
1.43,4331
1.44,4327
1.45,4323
1.46,4318
1.47,4314
1.48,4310
1.49,4305
1.5,4301
1.51,4297
1.52,4293
1.53,4288
1.54,4284
1.55,4280
1.56,4276
1.57,4271
1.58,4267
1.59,4263
1.6,4258
1.61,4254
1.62,4250
1.63,4246
1.64,4241
1.65,4237
1.66,4233
1.67,4228
1.68,4224
1.69,4220
1.7,4216
1.71,4211
1.72,4207
1.73,4203
1.74,4199
1.75,4194
1.76,4190
1.77,4186
1.78,4181
1.79,4177
1.8,4173
1.81,4169
1.82,4164
1.83,4160
1.84,4156
1.85,4151
1.86,4147
1.87,4143
1.88,4139
1.89,4134
1.9,4130
1.91,4126
1.92,4122
1.93,4117
1.94,4113
1.95,4109
1.96,4104
1.97,4100
1.98,4096
1.99,4092
2.0,4087
2.01,4083
2.02,4079
2.03,4074
2.04,4070
2.05,4066
2.06,4062
2.07,4057
2.08,4053
2.09,4049
2.1,4044
2.11,4040
2.12,4036
2.13,4032
2.14,4027
2.15,4023
2.16,4019
2.17,4015
2.18,4010
2.19,4006
2.2,4002
2.21,3997
2.22,3993
2.23,3989
2.24,3985
2.25,3980
2.26,3976
2.27,3972
2.28,3968
2.29,3963
2.3,3959
2.31,3955
2.32,3950
2.33,3946
2.34,3942
2.35,3938
2.36,3933
2.37,3929
2.38,3925
2.39,3920
2.4,3916
2.41,3912
2.42,3908
2.43,3903
2.44,3899
2.45,3895
2.46,3890
2.47,3886
2.48,3882
2.49,3878
2.5,3873
2.51,3869
2.52,3865
2.53,3861
2.54,3856
2.55,3852
2.56,3848
2.57,3843
2.58,3839
2.59,3835
2.6,3831
2.61,3826
2.62,3822
2.63,3818
2.64,3814
2.65,3809
2.66,3805
2.67,3801
2.68,3796
2.69,3792
2.7,3788
2.71,3784
2.72,3779
2.73,3775
2.74,3771
2.75,3767
2.76,3762
2.77,3758
2.78,3754
2.79,3749
2.8,3745
2.81,3741
2.82,3737
2.83,3732
2.84,3728
2.85,3724
2.86,3719
2.87,3715
2.88,3712
2.89,3708
2.9,3705
2.91,3701
2.92,3697
2.93,3694
2.94,3689
2.95,3685
2.96,3681
2.97,3677
2.98,3672
2.99,3669
3.0,3666
3.01,3662
3.02,3658
3.03,3655
3.04,3650
3.05,3646
3.06,3642
3.07,3638
3.08,3633
3.09,3629
3.1,3625
3.11,3621
3.12,3617
3.13,3614
3.14,3611
3.15,3607
3.16,3604
3.17,3602
3.18,3600
3.19,3596
3.2,3592
3.21,3589
3.22,3586
3.23,3584
3.24,3580
3.25,3577
3.26,3574
3.27,3570
3.28,3566
3.29,3562
3.3,3558
3.31,3554
3.32,3551
3.33,3547
3.34,3543
3.35,3539
3.36,3536
3.37,3533
3.38,3530
3.39,3526
3.4,3523
3.41,3519
3.42,3516
3.43,3513
3.44,3509
3.45,3507
3.46,3503
3.47,3499
3.48,3494
3.49,3490
3.5,3487
3.51,3482
3.52,3478
3.53,3474
3.54,3471
3.55,3467
3.56,3464
3.57,3461
3.58,3456
3.59,3452
3.6,3448
3.61,3444
3.62,3440
3.63,3437
3.64,3433
3.65,3429
3.66,3425
3.67,3421
3.68,3417
3.69,3413
3.7,3410
3.71,3408
3.72,3405
3.73,3401
3.74,3398
3.75,3394
3.76,3390
3.77,3387
3.78,3384
3.79,3380
3.8,3376
3.81,3373
3.82,3370
3.83,3366
3.84,3362
3.85,3360
3.86,3359
3.87,3357
3.88,3354
3.89,3351
3.9,3347
3.91,3344
3.92,3341
3.93,3337
3.94,3333
3.95,3329
3.96,3325
3.97,3323
3.98,3319
3.99,3315
4.0,3312
4.01,3308
4.02,3303
4.03,3301
4.04,3298
4.05,3294
4.06,3292
4.07,3288
4.08,3285
4.09,3283
4.1,3281
4.11,3279
4.12,3276
4.13,3275
4.14,3270
4.15,3267
4.16,3264
4.17,3260
4.18,3259
4.19,3256
4.2,3255
4.21,3253
4.22,3250
4.23,3247
4.24,3244
4.25,3239
4.26,3237
4.27,3235
4.28,3233
4.29,3229
4.3,3227
4.31,3225
4.32,3222
4.33,3218
4.34,3214
4.35,3211
4.36,3207
4.37,3204
4.38,3201
4.39,3198
4.4,3196
4.41,3191
4.42,3188
4.43,3185
4.44,3182
4.45,3179
4.46,3178
4.47,3174
4.48,3171
4.49,3168
4.5,3164
4.51,3162
4.52,3160
4.53,3155
4.54,3152
4.55,3149
4.56,3144
4.57,3141
4.58,3138
4.59,3135
4.6,3131
4.61,3129
4.62,3127
4.63,3125
4.64,3123
4.65,3119
4.66,3117
4.67,3114
4.68,3114
4.69,3110
4.7,3106
4.71,3104
4.72,3100
4.73,3098
4.74,3094
4.75,3092
4.76,3089
4.77,3087
4.78,3085
4.79,3081
4.8,3078
4.81,3075
4.82,3072
4.83,3071
4.84,3066
4.85,3063
4.86,3060
4.87,3056
4.88,3054
4.89,3052
4.9,3051
4.91,3046
4.92,3044
4.93,3043
4.94,3041
4.95,3039
4.96,3036
4.97,3033
4.98,3031
4.99,3027
5.0,3025
5.01,3022
5.02,3018
5.03,3017
5.04,3013
5.05,3009
5.06,3007
5.07,3005
5.08,3002
5.09,2999
5.1,2995
5.11,2992
5.12,2990
5.13,2987
5.14,2984
5.15,2980
5.16,2978
5.17,2976
5.18,2972
5.19,2968
5.2,2966
5.21,2962
5.22,2960
5.23,2957
5.24,2955
5.25,2951
5.26,2949
5.27,2946
5.28,2942
5.29,2939
5.3,2938
5.31,2935
5.32,2932
5.33,2928
5.34,2925
5.35,2924
5.36,2922
5.37,2919
5.38,2915
5.39,2914
5.4,2910
5.41,2907
5.42,2905
5.43,2904
5.44,2900
5.45,2895
5.46,2893
5.47,2893
5.48,2889
5.49,2887
5.5,2885
5.51,2883
5.52,2880
5.53,2877
5.54,2876
5.55,2874
5.56,2871
5.57,2869
5.58,2866
5.59,2864
5.6,2863
5.61,2862
5.62,2860
5.63,2855
5.64,2853
5.65,2851
5.66,2849
5.67,2846
5.68,2845
5.69,2843
5.7,2841
5.71,2836
5.72,2833
5.73,2831
5.74,2828
5.75,2825
5.76,2823
5.77,2821
5.78,2819
5.79,2818
5.8,2815
5.81,2814
5.82,2812
5.83,2809
5.84,2808
5.85,2806
5.86,2804
5.87,2801
5.88,2799
5.89,2797
5.9,2794
5.91,2791
5.92,2788
5.93,2785
5.94,2783
5.95,2780
5.96,2778
5.97,2776
5.98,2775
5.99,2773
6.0,2771
6.01,2769
6.02,2767
6.03,2764
6.04,2763
6.05,2759
6.06,2756
6.07,2754
6.08,2751
6.09,2751
6.1,2748
6.11,2747
6.12,2743
6.13,2741
6.14,2740
6.15,2737
6.16,2735
6.17,2732
6.18,2728
6.19,2727
6.2,2724
6.21,2723
6.22,2720
6.23,2716
6.24,2715
6.25,2714
6.26,2713
6.27,2711
6.28,2710
6.29,2708
6.3,2706
6.31,2704
6.32,2701
6.33,2699
6.34,2697
6.35,2694
6.36,2692
6.37,2689
6.38,2687
6.39,2686
6.4,2684
6.41,2681
6.42,2681
6.43,2679
6.44,2678
6.45,2675
6.46,2672
6.47,2670
6.48,2668
6.49,2667
6.5,2666
6.51,2664
6.52,2662
6.53,2659
6.54,2657
6.55,2656
6.56,2653
6.57,2650
6.58,2649
6.59,2645
6.6,2643
6.61,2639
6.62,2638
6.63,2635
6.64,2633
6.65,2631
6.66,2628
6.67,2625
6.68,2625
6.69,2622
6.7,2621
6.71,2619
6.72,2618
6.73,2616
6.74,2614
6.75,2612
6.76,2612
6.77,2611
6.78,2611
6.79,2610
6.8,2609
6.81,2607
6.82,2605
6.83,2605
6.84,2604
6.85,2603
6.86,2600
6.87,2600
6.88,2598
6.89,2597
6.9,2596
6.91,2595
6.92,2592
6.93,2591
6.94,2589
6.95,2587
6.96,2583
6.97,2582
6.98,2579
6.99,2578
7.0,2576
7.01,2575
7.02,2574
7.03,2572
7.04,2572
7.05,2571
7.06,2570
7.07,2568
7.08,2566
7.09,2565
7.1,2564
7.11,2563
7.12,2562
7.13,2560
7.14,2559
7.15,2559
7.16,2558
7.17,2557
7.18,2556
7.19,2556
7.2,2554
7.21,2554
7.22,2552
7.23,2551
7.24,2550
7.25,2549
7.26,2546
7.27,2546
7.28,2544
7.29,2544
7.3,2543
7.31,2542
7.32,2540
7.33,2539
7.34,2538
7.35,2537
7.36,2537
7.37,2535
7.38,2533
7.39,2532
7.4,2532
7.41,2530
7.42,2530
7.43,2529
7.44,2529
7.45,2527
7.46,2526
7.47,2525
7.48,2524
7.49,2524
7.5,2520
7.51,2519
7.52,2518
7.53,2517
7.54,2517
7.55,2517
7.56,2515
7.57,2515
7.58,2513
7.59,2512
7.6,2510
7.61,2510
7.62,2510
7.63,2506
7.64,2505
7.65,2503
7.66,2502
7.67,2502
7.68,2501
7.69,2501
7.7,2498
7.71,2496
7.72,2494
7.73,2494
7.74,2494
7.75,2492
7.76,2491
7.77,2490
7.78,2490
7.79,2488
7.8,2487
7.81,2486
7.82,2486
7.83,2482
7.84,2482
7.85,2480
7.86,2478
7.87,2477
7.88,2477
7.89,2475
7.9,2474
7.91,2472
7.92,2471
7.93,2470
7.94,2467
7.95,2467
7.96,2466
7.97,2466
7.98,2463
7.99,2461
8.0,2459
8.01,2457
8.02,2456
8.03,2455
8.04,2454
8.05,2453
8.06,2451
8.07,2449
8.08,2449
8.09,2447
8.1,2444
8.11,2443
8.12,2441
8.13,2441
8.14,2440
8.15,2438
8.16,2437
8.17,2435
8.18,2433
8.19,2432
8.2,2430
8.21,2428
8.22,2428
8.23,2426
8.24,2426
8.25,2424
8.26,2423
8.27,2423
8.28,2423
8.29,2422
8.3,2419
8.31,2419
8.32,2418
8.33,2416
8.34,2414
8.35,2413
8.36,2413
8.37,2412
8.38,2411
8.39,2410
8.4,2408
8.41,2408
8.42,2408
8.43,2405
8.44,2405
8.45,2404
8.46,2404
8.47,2403
8.48,2403
8.49,2403
8.5,2402
8.51,2401
8.52,2398
8.53,2398
8.54,2398
8.55,2397
8.56,2396
8.57,2395
8.58,2394
8.59,2393
8.6,2392
8.61,2392
8.62,2390
8.63,2389
8.64,2389
8.65,2389
8.66,2388
8.67,2387
8.68,2387
8.69,2387
8.7,2385
8.71,2383
8.72,2381
8.73,2381
8.74,2381
8.75,2380
8.76,2379
8.77,2378
8.78,2376
8.79,2375
8.8,2373
8.81,2372
8.82,2372
8.83,2371
8.84,2371
8.85,2371
8.86,2371
8.87,2371
8.88,2370
8.89,2370
8.9,2367
8.91,2367
8.92,2367
8.93,2366
8.94,2366
8.95,2366
8.96,2366
8.97,2364
8.98,2362
8.99,2360
9.0,2360
9.01,2359
9.02,2358
9.03,2358
9.04,2357
9.05,2356
9.06,2354
9.07,2351
9.08,2350
9.09,2349
9.1,2349
9.11,2349
9.12,2348
9.13,2348
9.14,2348
9.15,2348
9.16,2348
9.17,2347
9.18,2347
9.19,2346
9.2,2346
9.21,2344
9.22,2343
9.23,2343
9.24,2343
9.25,2343
9.26,2343
9.27,2343
9.28,2343
9.29,2343
9.3,2341
9.31,2341
9.32,2341
9.33,2340
9.34,2340
9.35,2339
9.36,2339
9.37,2338
9.38,2337
9.39,2336
9.4,2335
9.41,2334
9.42,2334
9.43,2333
9.44,2332
9.45,2332
9.46,2332
9.47,2332
9.48,2331
9.49,2330
9.5,2329
9.51,2329
9.52,2329
9.53,2327
9.54,2327
9.55,2327
9.56,2326
9.57,2325
9.58,2325
9.59,2325
9.6,2324
9.61,2324
9.62,2323
9.63,2323
9.64,2323
9.65,2323
9.66,2322
9.67,2322
9.68,2320
9.69,2319
9.7,2319
9.71,2319
9.72,2319
9.73,2318
9.74,2317
9.75,2317
9.76,2316
9.77,2316
9.78,2316
9.79,2316
9.8,2315
9.81,2315
9.82,2315
9.83,2315
9.84,2315
9.85,2315
9.86,2315
9.87,2315
9.88,2315
9.89,2315
9.9,2315
9.91,2314
9.92,2313
9.93,2312
9.94,2312
9.95,2311
9.96,2310
9.97,2310
9.98,2310
9.99,2310
10.0,2309
10.01,2308
10.02,2308
10.03,2308
10.04,2307
10.05,2307
10.06,2307
10.07,2307
10.08,2306
10.09,2306
10.1,2306
10.11,2306
10.12,2306
10.13,2306
10.14,2306
10.15,2306
10.16,2306
10.17,2306
10.18,2306
10.19,2306
10.2,2306
10.21,2306
10.22,2306
10.23,2305
10.24,2305
10.25,2305
10.26,2305
10.27,2305
10.28,2305
10.29,2304
10.3,2303
10.31,2303
10.32,2303
10.33,2303
10.34,2303
10.35,2303
10.36,2301
10.37,2301
10.38,2301
10.39,2301
10.4,2301
10.41,2301
10.42,2301
10.43,2300
10.44,2300
10.45,2298
10.46,2298
10.47,2298
10.48,2298
10.49,2298
10.5,2298
10.51,2298
10.52,2298
10.53,2298
10.54,2296
10.55,2296
10.56,2296
10.57,2296
10.58,2295
10.59,2295
10.6,2295
10.61,2295
10.62,2295
10.63,2293
10.64,2293
10.65,2293
10.66,2292
10.67,2292
10.68,2292
10.69,2291
10.7,2291
10.71,2291
10.72,2291
10.73,2291
10.74,2291
10.75,2291
10.76,2291
10.77,2290
10.78,2290
10.79,2289
10.8,2289
10.81,2289
10.82,2289
10.83,2289
10.84,2289
10.85,2289
10.86,2289
10.87,2289
10.88,2289
10.89,2289
10.9,2289
10.91,2289
10.92,2289
10.93,2289
10.94,2289
10.95,2289
10.96,2289
10.97,2289
10.98,2289
10.99,2288
11.0,2288
11.01,2288
11.02,2287
11.03,2287
11.04,2287
11.05,2287
11.06,2287
11.07,2287
11.08,2287
11.09,2287
11.1,2287
11.11,2287
11.12,2287
11.13,2287
11.14,2287
11.15,2287
11.16,2287
11.17,2286
11.18,2286
11.19,2286
11.2,2285
11.21,2285
11.22,2285
11.23,2285
11.24,2285
11.25,2285
11.26,2285
11.27,2285
11.28,2285
