0.00, 4941
0.0017747879028320312,4941
0.0019078254699707031,4940
0.0020058155059814453,4939
0.0022687911987304688,4938
0.0024328231811523438,4937
0.002588987350463867,4936
0.0026760101318359375,4935
0.0027327537536621094,4934
0.0032787322998046875,4933
0.003487825393676758,4932
0.003552675247192383,4931
0.0037348270416259766,4930
0.003773927688598633,4929
0.003921985626220703,4928
0.004077911376953125,4927
0.004119873046875,4926
0.0043468475341796875,4925
0.004501819610595703,4924
0.004581928253173828,4923
0.004674673080444336,4922
0.004753828048706055,4921
0.005072832107543945,4920
0.005255937576293945,4919
0.005296945571899414,4918
0.00533294677734375,4917
0.005450010299682617,4916
0.005594968795776367,4915
0.0056209564208984375,4914
0.0057218074798583984,4913
0.005934715270996094,4912
0.006052732467651367,4911
0.0061588287353515625,4910
0.0062029361724853516,4909
0.006283760070800781,4908
0.006392717361450195,4907
0.006466865539550781,4906
0.006654024124145508,4905
0.0067636966705322266,4904
0.006834983825683594,4903
0.006955862045288086,4902
0.007040739059448242,4901
0.007311820983886719,4900
0.007495880126953125,4899
0.007555723190307617,4898
0.007740974426269531,4897
0.007809877395629883,4896
0.00798797607421875,4895
0.008150815963745117,4894
0.008624792098999023,4893
0.008878707885742188,4892
0.009119033813476562,4891
0.009289026260375977,4890
0.00939488410949707,4889
0.009436845779418945,4888
0.00965571403503418,4887
0.009965896606445312,4886
0.010033845901489258,4885
0.010062932968139648,4884
0.010217905044555664,4883
0.01024484634399414,4882
0.010433673858642578,4881
0.010535955429077148,4880
0.010692834854125977,4879
0.010869741439819336,4878
0.010997772216796875,4877
0.011146068572998047,4876
0.0114288330078125,4875
0.011483907699584961,4874
0.011571884155273438,4873
0.011653900146484375,4872
0.011775970458984375,4871
0.011867761611938477,4870
0.012019872665405273,4869
0.012058734893798828,4868
0.012536764144897461,4867
0.01262974739074707,4866
0.012706756591796875,4865
0.012846708297729492,4864
0.012988805770874023,4863
0.013271808624267578,4862
0.013740777969360352,4861
0.01392984390258789,4860
0.014299869537353516,4859
0.014651775360107422,4858
0.015125751495361328,4857
0.015386819839477539,4856
0.015421867370605469,4855
0.01545095443725586,4854
0.01566171646118164,4853
0.015810728073120117,4852
0.015941858291625977,4851
0.016214847564697266,4850
0.016337871551513672,4849
0.016469717025756836,4848
0.01659870147705078,4847
0.016716718673706055,4846
0.016798019409179688,4845
0.017039775848388672,4844
0.017563819885253906,4843
0.017613887786865234,4842
0.017673015594482422,4841
0.01770186424255371,4840
0.017770051956176758,4839
0.017843008041381836,4838
0.017874956130981445,4837
0.018021821975708008,4836
0.018053770065307617,4835
0.018761873245239258,4834
0.018836021423339844,4833
0.01909470558166504,4832
0.01915597915649414,4831
0.01929187774658203,4830
0.01955103874206543,4829
0.01972198486328125,4828
0.020041942596435547,4827
0.020215749740600586,4826
0.020401954650878906,4825
0.020509004592895508,4824
0.020598649978637695,4823
0.020776987075805664,4822
0.020853042602539062,4821
0.020943880081176758,4820
0.020981788635253906,4819
0.02110600471496582,4818
0.021211862564086914,4817
0.021431684494018555,4816
0.02163386344909668,4815
0.02178168296813965,4814
0.021813631057739258,4813
0.021867752075195312,4812
0.02199387550354004,4811
0.0221099853515625,4810
0.0222170352935791,4809
0.022299766540527344,4808
0.022357702255249023,4807
0.02318286895751953,4806
0.023306608200073242,4805
0.02343463897705078,4804
0.023514747619628906,4803
0.02356100082397461,4802
0.02379584312438965,4801
0.023862838745117188,4800
0.023895740509033203,4799
0.02394866943359375,4798
0.02408766746520996,4797
0.0243380069732666,4796
0.024536848068237305,4795
0.024631738662719727,4794
0.024739742279052734,4793
0.02482891082763672,4792
0.024922847747802734,4791
0.025035858154296875,4790
0.02517080307006836,4789
0.02526378631591797,4788
0.025332927703857422,4787
0.02595376968383789,4786
0.026085853576660156,4785
0.026204824447631836,4784
0.02626180648803711,4783
0.02632880210876465,4782
0.0263979434967041,4781
0.026501893997192383,4780
0.02678203582763672,4779
0.026817798614501953,4778
0.02692270278930664,4777
0.027052879333496094,4776
0.027104854583740234,4775
0.027454853057861328,4774
0.02761673927307129,4773
0.027748823165893555,4772
0.02803778648376465,4771
0.028099775314331055,4770
0.028302907943725586,4769
0.029376745223999023,4768
0.029494762420654297,4767
0.029616832733154297,4766
0.029674053192138672,4765
0.029705047607421875,4764
0.029793739318847656,4763
0.029917001724243164,4762
0.030125856399536133,4761
0.030229806900024414,4760
0.030520915985107422,4759
0.031050682067871094,4758
0.0311276912689209,4757
0.031163930892944336,4756
0.03136491775512695,4755
0.03140997886657715,4754
0.031517982482910156,4753
0.03156280517578125,4752
0.03168892860412598,4751
0.031769752502441406,4750
0.03182697296142578,4749
0.03193187713623047,4748
0.03198075294494629,4747
0.032073020935058594,4746
0.03223776817321777,4745
0.03261089324951172,4744
0.03270292282104492,4743
0.03275179862976074,4742
0.03279900550842285,4741
0.03284263610839844,4740
0.032930850982666016,4739
0.03307175636291504,4738
0.033151865005493164,4737
0.033197879791259766,4736
0.033288002014160156,4735
0.033715009689331055,4734
0.03392481803894043,4733
0.034146785736083984,4732
0.03420686721801758,4731
0.03429365158081055,4730
0.0344548225402832,4729
0.03460884094238281,4728
0.03467583656311035,4727
0.03482770919799805,4726
0.03517484664916992,4725
0.03531765937805176,4724
0.03537797927856445,4723
0.035478830337524414,4722
0.035576820373535156,4721
0.03678488731384277,4720
0.037019968032836914,4719
0.037198781967163086,4718
0.037333011627197266,4717
0.03746366500854492,4716
0.03764677047729492,4715
0.03828096389770508,4714
0.03835177421569824,4713
0.038388967514038086,4712
0.03861379623413086,4711
0.03869795799255371,4710
0.03916287422180176,4709
0.03931879997253418,4708
0.039656877517700195,4707
0.040048837661743164,4706
0.04013180732727051,4705
0.04029488563537598,4704
0.04037284851074219,4703
0.04043078422546387,4702
0.04047083854675293,4701
0.04064583778381348,4700
0.041269779205322266,4699
0.04145073890686035,4698
0.041734933853149414,4697
0.04186296463012695,4696
0.042273759841918945,4695
0.04242086410522461,4694
0.04260993003845215,4693
0.04288887977600098,4692
0.04303693771362305,4691
0.04347395896911621,4690
0.04356980323791504,4689
0.04366588592529297,4688
0.04408097267150879,4687
0.044171810150146484,4686
0.044310808181762695,4685
0.04475092887878418,4684
0.04489564895629883,4683
0.045047760009765625,4682
0.04521989822387695,4681
0.04615283012390137,4680
0.0467526912689209,4679
0.04685378074645996,4678
0.047091007232666016,4677
0.04717683792114258,4676
0.047261953353881836,4675
0.0474240779876709,4674
0.04770469665527344,4673
0.04791975021362305,4672
0.048071861267089844,4671
0.04812788963317871,4670
0.048158884048461914,4669
0.04833483695983887,4668
0.04841876029968262,4667
0.048570871353149414,4666
0.04860496520996094,4665
0.04882383346557617,4664
0.04904890060424805,4663
0.04916262626647949,4662
0.049231767654418945,4661
0.049330949783325195,4660
0.049585819244384766,4659
0.050424814224243164,4658
0.05045580863952637,4657
0.05056595802307129,4656
0.05060577392578125,4655
0.050786733627319336,4654
0.05083274841308594,4653
0.050923824310302734,4652
0.05104494094848633,4651
0.05108380317687988,4650
0.05120491981506348,4649
0.05124688148498535,4648
0.05127286911010742,4647
0.05141305923461914,4646
0.05209183692932129,4645
0.052147865295410156,4644
0.052220821380615234,4643
0.05234098434448242,4642
0.05248594284057617,4641
0.05256485939025879,4640
0.05274486541748047,4639
0.05289483070373535,4638
0.05343794822692871,4637
0.05346798896789551,4636
0.05350089073181152,4635
0.0536189079284668,4634
0.053804874420166016,4633
0.053946733474731445,4632
0.054048776626586914,4631
0.05424070358276367,4630
0.05441474914550781,4629
0.05449676513671875,4628
0.054529666900634766,4627
0.05459880828857422,4626
0.05471992492675781,4625
0.054907798767089844,4624
0.05500483512878418,4623
0.05509686470031738,4622
0.05566596984863281,4621
0.0557866096496582,4620
0.05592179298400879,4619
0.05603480339050293,4618
0.056230783462524414,4617
0.05630803108215332,4616
0.05651688575744629,4615
0.05660295486450195,4614
0.056723833084106445,4613
0.05682778358459473,4612
0.056909799575805664,4611
0.05753779411315918,4610
0.05766892433166504,4609
0.05777883529663086,4608
0.05786395072937012,4607
0.0579526424407959,4606
0.05855894088745117,4605
0.058635711669921875,4604
0.05868983268737793,4603
0.058861732482910156,4602
0.059041738510131836,4601
0.05935382843017578,4600
0.059488773345947266,4599
0.05996966361999512,4598
0.060530900955200195,4597
0.06055784225463867,4596
0.06060385704040527,4595
0.060895681381225586,4594
0.06100773811340332,4593
0.061165809631347656,4592
0.06131482124328613,4591
0.0614168643951416,4590
0.061502933502197266,4589
0.06184506416320801,4588
0.06230282783508301,4587
0.06241893768310547,4586
0.06252288818359375,4585
0.0626518726348877,4584
0.0626828670501709,4583
0.06289887428283691,4582
0.06292366981506348,4581
0.06337881088256836,4580
0.06350970268249512,4579
0.06402087211608887,4578
0.06432008743286133,4577
0.06467580795288086,4576
0.06509971618652344,4575
0.0657799243927002,4574
0.0661928653717041,4573
0.06646585464477539,4572
0.0665287971496582,4571
0.06753683090209961,4570
0.06770682334899902,4569
0.0679018497467041,4568
0.06801676750183105,4567
0.06813383102416992,4566
0.06876778602600098,4565
0.06997203826904297,4564
0.07026481628417969,4563
0.07077789306640625,4562
0.07087898254394531,4561
0.07099604606628418,4560
0.07111978530883789,4559
0.07123899459838867,4558
0.07175779342651367,4557
0.0719308853149414,4556
0.07199788093566895,4555
0.07205772399902344,4554
0.07220101356506348,4553
0.07293176651000977,4552
0.07307195663452148,4551
0.07318377494812012,4550
0.07323074340820312,4549
0.07332992553710938,4548
0.07345390319824219,4547
0.07360267639160156,4546
0.07436871528625488,4545
0.07449769973754883,4544
0.07493305206298828,4543
0.07504987716674805,4542
0.07512879371643066,4541
0.07528185844421387,4540
0.07536482810974121,4539
0.07551383972167969,4538
0.07559871673583984,4537
0.07571101188659668,4536
0.07622098922729492,4535
0.07626175880432129,4534
0.07680678367614746,4533
0.07684206962585449,4532
0.07697677612304688,4531
0.07700586318969727,4530
0.07705187797546387,4529
0.07719182968139648,4528
0.07726907730102539,4527
0.0777900218963623,4526
0.07799291610717773,4525
0.07809782028198242,4524
0.07813572883605957,4523
0.07827591896057129,4522
0.07837581634521484,4521
0.07846403121948242,4520
0.0787498950958252,4519
0.07891368865966797,4518
0.07896780967712402,4517
0.07923269271850586,4516
0.07932281494140625,4515
0.07964277267456055,4514
0.07973194122314453,4513
0.0797567367553711,4512
0.07982182502746582,4511
0.07992291450500488,4510
0.0800018310546875,4509
0.08019590377807617,4508
0.08030486106872559,4507
0.08097982406616211,4506
0.08187699317932129,4505
0.08196282386779785,4504
0.08208894729614258,4503
0.08213686943054199,4502
0.08222270011901855,4501
0.08232402801513672,4500
0.08238482475280762,4499
0.08271598815917969,4498
0.08345293998718262,4497
0.08371376991271973,4496
0.08386898040771484,4495
0.08402776718139648,4494
0.08408284187316895,4493
0.08418798446655273,4492
0.08434677124023438,4491
0.08452367782592773,4490
0.08467268943786621,4489
0.0847330093383789,4488
0.08483672142028809,4487
0.08488583564758301,4486
0.08588600158691406,4485
0.08602190017700195,4484
0.08638787269592285,4483
0.08674001693725586,4482
0.08680891990661621,4481
0.08723092079162598,4480
0.08736801147460938,4479
0.08777093887329102,4478
0.08785891532897949,4477
0.08794498443603516,4476
0.08833169937133789,4475
0.08852386474609375,4474
0.08864903450012207,4473
0.08873295783996582,4472
0.08890676498413086,4471
0.08895683288574219,4470
0.08907699584960938,4469
0.08940863609313965,4468
0.0894930362701416,4467
0.09006595611572266,4466
0.09036803245544434,4465
0.09105682373046875,4464
0.09114670753479004,4463
0.09167075157165527,4462
0.09337401390075684,4461
0.09352302551269531,4460
0.09366774559020996,4459
0.09389591217041016,4458
0.09462189674377441,4457
0.09475898742675781,4456
0.09487795829772949,4455
0.09559774398803711,4454
0.0964057445526123,4453
0.09666180610656738,4452
0.09676885604858398,4451
0.0969398021697998,4450
0.09704875946044922,4449
0.09709692001342773,4448
0.09713578224182129,4447
0.0972139835357666,4446
0.09738874435424805,4445
0.0974416732788086,4444
0.0978388786315918,4443
0.09839081764221191,4442
0.0988616943359375,4441
0.09901785850524902,4440
0.09920382499694824,4439
0.09944677352905273,4438
0.099517822265625,4437
0.10099983215332031,4436
0.10107874870300293,4435
0.10114789009094238,4434
0.10134196281433105,4433
0.10148477554321289,4432
0.10176491737365723,4431
0.10181307792663574,4430
0.10186886787414551,4429
0.10248565673828125,4428
0.10257267951965332,4427
0.10267877578735352,4426
0.10283088684082031,4425
0.10291671752929688,4424
0.10329389572143555,4423
0.10358977317810059,4422
0.10372281074523926,4421
0.10437989234924316,4420
0.10453581809997559,4419
0.10584092140197754,4418
0.10636091232299805,4417
0.10645771026611328,4416
0.10653281211853027,4415
0.10667967796325684,4414
0.1067957878112793,4413
0.10684704780578613,4412
0.10827779769897461,4411
0.10833382606506348,4410
0.10854101181030273,4409
0.10872387886047363,4408
0.1091458797454834,4407
0.10949587821960449,4406
0.10961675643920898,4405
0.10971283912658691,4404
0.10975170135498047,4403
0.11005282402038574,4402
0.11137890815734863,4401
0.11202168464660645,4400
0.11241292953491211,4399
0.11246275901794434,4398
0.11276483535766602,4397
0.11337089538574219,4396
0.11366581916809082,4395
0.11474370956420898,4394
0.1154329776763916,4393
0.11577296257019043,4392
0.11581587791442871,4391
0.11652183532714844,4390
0.11689281463623047,4389
0.11700987815856934,4388
0.11717891693115234,4387
0.1173546314239502,4386
0.11834383010864258,4385
0.1186058521270752,4384
0.1186819076538086,4383
0.11878180503845215,4382
0.11887598037719727,4381
0.11899590492248535,4380
0.11905169486999512,4379
0.11932182312011719,4378
0.12094283103942871,4377
0.12111186981201172,4376
0.12124085426330566,4375
0.12217283248901367,4374
0.1223459243774414,4373
0.12245988845825195,4372
0.12248682975769043,4371
0.12262463569641113,4370
0.12279987335205078,4369
0.12332987785339355,4368
0.1233816146850586,4367
0.12378191947937012,4366
0.12391281127929688,4365
0.12488198280334473,4364
0.12493181228637695,4363
0.12496781349182129,4362
0.12509703636169434,4361
0.1251528263092041,4360
0.12543988227844238,4359
0.12555694580078125,4358
0.1256568431854248,4357
0.12574386596679688,4356
0.12578678131103516,4355
0.12611103057861328,4354
0.1261897087097168,4353
0.12635183334350586,4352
0.12669086456298828,4351
0.12711286544799805,4350
0.12726187705993652,4349
0.12738490104675293,4348
0.1274878978729248,4347
0.1277179718017578,4346
0.12783598899841309,4345
0.12825393676757812,4344
0.1283867359161377,4343
0.12848782539367676,4342
0.12856197357177734,4341
0.12859487533569336,4340
0.12898588180541992,4339
0.12908697128295898,4338
0.12917304039001465,4337
0.12920284271240234,4336
0.12928080558776855,4335
0.12934088706970215,4334
0.12940478324890137,4333
0.1295156478881836,4332
0.12965893745422363,4331
0.13008999824523926,4330
0.13094687461853027,4329
0.13142991065979004,4328
0.13150382041931152,4327
0.13161683082580566,4326
0.13237285614013672,4325
0.13413691520690918,4324
0.1346597671508789,4323
0.13468694686889648,4322
0.1349477767944336,4321
0.1350688934326172,4320
0.13583683967590332,4319
0.13597869873046875,4318
0.1360619068145752,4317
0.13642072677612305,4316
0.13653182983398438,4315
0.13656401634216309,4314
0.1378169059753418,4313
0.13784289360046387,4312
0.13788175582885742,4311
0.13794994354248047,4310
0.13797378540039062,4309
0.13805484771728516,4308
0.13933587074279785,4307
0.13937997817993164,4306
0.13977503776550293,4305
0.14271283149719238,4304
0.14287066459655762,4303
0.14295291900634766,4302
0.14298391342163086,4301
0.14304184913635254,4300
0.14324474334716797,4299
0.14327096939086914,4298
0.1434628963470459,4297
0.14377498626708984,4296
0.1438448429107666,4295
0.1439669132232666,4294
0.14406180381774902,4293
0.14417171478271484,4292
0.1443479061126709,4291
0.14444875717163086,4290
0.14454078674316406,4289
0.14457082748413086,4288
0.14468097686767578,4287
0.1456308364868164,4286
0.14574694633483887,4285
0.14603781700134277,4284
0.14614081382751465,4283
0.1466817855834961,4282
0.14702796936035156,4281
0.1477198600769043,4280
0.147871732711792,4279
0.14802002906799316,4278
0.14883685111999512,4277
0.14898991584777832,4276
0.1490328311920166,4275
0.14908695220947266,4274
0.14947795867919922,4273
0.14963364601135254,4272
0.149763822555542,4271
0.14982891082763672,4270
0.15047407150268555,4269
0.15058469772338867,4268
0.15061306953430176,4267
0.1510937213897705,4266
0.15120387077331543,4265
0.15135884284973145,4264
0.15176868438720703,4263
0.1518418788909912,4262
0.15191292762756348,4261
0.15250587463378906,4260
0.15306878089904785,4259
0.15368890762329102,4258
0.154221773147583,4257
0.15430474281311035,4256
0.1544637680053711,4255
0.15459680557250977,4254
0.15564393997192383,4253
0.15570878982543945,4252
0.1558828353881836,4251
0.15652775764465332,4250
0.15660881996154785,4249
0.15665173530578613,4248
0.15672779083251953,4247
0.15700888633728027,4246
0.1571667194366455,4245
0.15719079971313477,4244
0.1573808193206787,4243
0.1576838493347168,4242
0.15775179862976074,4241
0.15943574905395508,4240
0.15959668159484863,4239
0.15963292121887207,4238
0.15972089767456055,4237
0.16012191772460938,4236
0.16024494171142578,4235
0.16035175323486328,4234
0.16043591499328613,4233
0.16048574447631836,4232
0.16095995903015137,4231
0.16098999977111816,4230
0.16103196144104004,4229
0.16114473342895508,4228
0.16150474548339844,4227
0.16164374351501465,4226
0.1617119312286377,4225
0.16174697875976562,4224
0.16265177726745605,4223
0.16300082206726074,4222
0.16401004791259766,4221
0.16440081596374512,4220
0.16470670700073242,4219
0.16483378410339355,4218
0.1648876667022705,4217
0.1654059886932373,4216
0.1669597625732422,4215
0.16748285293579102,4214
0.1676807403564453,4213
0.16772890090942383,4212
0.16784882545471191,4211
0.16874980926513672,4210
0.16940593719482422,4209
0.16951775550842285,4208
0.16954660415649414,4207
0.16957783699035645,4206
0.17216062545776367,4205
0.17222976684570312,4204
0.17232799530029297,4203
0.17241883277893066,4202
0.17258191108703613,4201
0.17267370223999023,4200
0.1729416847229004,4199
0.17316985130310059,4198
0.17332792282104492,4197
0.17368674278259277,4196
0.17377781867980957,4195
0.17431282997131348,4194
0.1743917465209961,4193
0.17449188232421875,4192
0.1745898723602295,4191
0.1746959686279297,4190
0.17484688758850098,4189
0.17487168312072754,4188
0.17591285705566406,4187
0.1760258674621582,4186
0.17612862586975098,4185
0.17626094818115234,4184
0.17635893821716309,4183
0.17650103569030762,4182
0.1767578125,4181
0.17682981491088867,4180
0.17697787284851074,4179
0.17791080474853516,4178
0.17795777320861816,4177
0.17809081077575684,4176
0.17816781997680664,4175
0.17841696739196777,4174
0.1797487735748291,4173
0.1802358627319336,4172
0.18026185035705566,4171
0.18039679527282715,4170
0.1806957721710205,4169
0.1818387508392334,4168
0.18209171295166016,4167
0.18223166465759277,4166
0.18227672576904297,4165
0.1824338436126709,4164
0.18407392501831055,4163
0.18458867073059082,4162
0.1847398281097412,4161
0.18479371070861816,4160
0.18530797958374023,4159
0.18542075157165527,4158
0.1865229606628418,4157
0.18683290481567383,4156
0.18745088577270508,4155
0.18776988983154297,4154
0.18786287307739258,4153
0.1879429817199707,4152
0.18872284889221191,4151
0.18884587287902832,4150
0.1893329620361328,4149
0.1897728443145752,4148
0.19020485877990723,4147
0.19022893905639648,4146
0.19036293029785156,4145
0.1904587745666504,4144
0.19082975387573242,4143
0.19086074829101562,4142
0.19097590446472168,4141
0.19103384017944336,4140
0.1911458969116211,4139
0.1915268898010254,4138
0.1916799545288086,4137
0.19176077842712402,4136
0.1918799877166748,4135
0.19229698181152344,4134
0.1927046775817871,4133
0.19321489334106445,4132
0.19328594207763672,4131
0.19364380836486816,4130
0.19369077682495117,4129
0.1937699317932129,4128
0.19380569458007812,4127
0.19385385513305664,4126
0.19435763359069824,4125
0.19590997695922852,4124
0.196030855178833,4123
0.1961379051208496,4122
0.19623994827270508,4121
0.1963977813720703,4120
0.19644498825073242,4119
0.1964707374572754,4118
0.19710588455200195,4117
0.1978287696838379,4116
0.19790077209472656,4115
0.1983797550201416,4114
0.1987307071685791,4113
0.1992487907409668,4112
0.2001028060913086,4111
0.2001936435699463,4110
0.20035481452941895,4109
0.20046186447143555,4108
0.2007448673248291,4107
0.20202088356018066,4106
0.2027299404144287,4105
0.20339202880859375,4104
0.20351696014404297,4103
0.20396685600280762,4102
0.20400071144104004,4101
0.20403790473937988,4100
0.20410871505737305,4099
0.2051239013671875,4098
0.20528578758239746,4097
0.20547890663146973,4096
0.20552301406860352,4095
0.20562481880187988,4094
0.20575785636901855,4093
0.20614290237426758,4092
0.2062208652496338,4091
0.2062819004058838,4090
0.20640802383422852,4089
0.2065138816833496,4088
0.20659685134887695,4087
0.20726299285888672,4086
0.2082219123840332,4085
0.20832371711730957,4084
0.20840096473693848,4083
0.20876598358154297,4082
0.2100067138671875,4081
0.21004796028137207,4080
0.21015286445617676,4079
0.2101759910583496,4078
0.21053171157836914,4077
0.21061301231384277,4076
0.21103382110595703,4075
0.2110588550567627,4074
0.21119189262390137,4073
0.21128392219543457,4072
0.21152901649475098,4071
0.21254873275756836,4070
0.2130908966064453,4069
0.21317362785339355,4068
0.21329784393310547,4067
0.21360373497009277,4066
0.21442890167236328,4065
0.2145998477935791,4064
0.21468281745910645,4063
0.21646785736083984,4062
0.21660590171813965,4061
0.2167067527770996,4060
0.21696686744689941,4059
0.21729588508605957,4058
0.21792078018188477,4057
0.21794891357421875,4056
0.21807479858398438,4055
0.21810173988342285,4054
0.2182018756866455,4053
0.21851706504821777,4052
0.21858882904052734,4051
0.21866679191589355,4050
0.21931886672973633,4049
0.22035479545593262,4048
0.22043395042419434,4047
0.22049379348754883,4046
0.22139692306518555,4045
0.22179675102233887,4044
0.22191977500915527,4043
0.22205686569213867,4042
0.2227940559387207,4041
0.22288799285888672,4040
0.22295093536376953,4039
0.2234058380126953,4038
0.22406673431396484,4037
0.22435688972473145,4036
0.2244408130645752,4035
0.22456979751586914,4034
0.2247147560119629,4033
0.22475981712341309,4032
0.2248537540435791,4031
0.22524189949035645,4030
0.22606492042541504,4029
0.22664880752563477,4028
0.2268049716949463,4027
0.2268369197845459,4026
0.22689390182495117,4025
0.22747087478637695,4024
0.2280409336090088,4023
0.2284398078918457,4022
0.22879791259765625,4021
0.22884082794189453,4020
0.22889971733093262,4019
0.22896385192871094,4018
0.2302699089050293,4017
0.23045873641967773,4016
0.23055577278137207,4015
0.23101186752319336,4014
0.23141098022460938,4013
0.2318258285522461,4012
0.23369073867797852,4011
0.23386669158935547,4010
0.23389863967895508,4009
0.23394489288330078,4008
0.23432397842407227,4007
0.23450398445129395,4006
0.2346639633178711,4005
0.2347557544708252,4004
0.23484396934509277,4003
0.2349379062652588,4002
0.23608684539794922,4001
0.2365717887878418,4000
0.23677968978881836,3999
0.23688292503356934,3998
0.23691487312316895,3997
0.23708701133728027,3996
0.23755502700805664,3995
0.23760676383972168,3994
0.23766875267028809,3993
0.2377176284790039,3992
0.2385869026184082,3991
0.2388286590576172,3990
0.2389678955078125,3989
0.2392897605895996,3988
0.24132275581359863,3987
0.24140381813049316,3986
0.2419757843017578,3985
0.24204397201538086,3984
0.2421567440032959,3983
0.24282073974609375,3982
0.24292206764221191,3981
0.24304580688476562,3980
0.24400901794433594,3979
0.2443559169769287,3978
0.24448680877685547,3977
0.2447817325592041,3976
0.2455737590789795,3975
0.24615478515625,3974
0.2462308406829834,3973
0.24695181846618652,3972
0.24793505668640137,3971
0.24813389778137207,3970
0.2488718032836914,3969
0.24892282485961914,3968
0.2489607334136963,3967
0.2490549087524414,3966
0.24907779693603516,3965
0.24925589561462402,3964
0.249281644821167,3963
0.24969196319580078,3962
0.24977588653564453,3961
0.24985671043395996,3960
0.2501997947692871,3959
0.25069379806518555,3958
0.25076985359191895,3957
0.2507967948913574,3956
0.2509138584136963,3955
0.25188779830932617,3954
0.2545177936553955,3953
0.25592684745788574,3952
0.2560238838195801,3951
0.25681471824645996,3950
0.2573418617248535,3949
0.25742077827453613,3948
0.25772881507873535,3947
0.26052260398864746,3946
0.2605907917022705,3945
0.2606699466705322,3944
0.2610619068145752,3943
0.2611417770385742,3942
0.2612779140472412,3941
0.2615349292755127,3940
0.26175379753112793,3939
0.2617957592010498,3938
0.26204490661621094,3937
0.2621016502380371,3936
0.2621798515319824,3935
0.2627408504486084,3934
0.2635989189147949,3933
0.263671875,3932
0.26483678817749023,3931
0.26491880416870117,3930
0.2652859687805176,3929
0.26537179946899414,3928
0.2656679153442383,3927
0.2670879364013672,3926
0.2676548957824707,3925
0.26776885986328125,3924
0.26817798614501953,3923
0.26821470260620117,3922
0.26851582527160645,3921
0.268657922744751,3920
0.2690408229827881,3919
0.2692868709564209,3918
0.2697899341583252,3917
0.27022480964660645,3916
0.2708148956298828,3915
0.27167487144470215,3914
0.27179765701293945,3913
0.2726757526397705,3912
0.27317380905151367,3911
0.27349305152893066,3910
0.2735140323638916,3909
0.2746458053588867,3908
0.2748889923095703,3907
0.2749819755554199,3906
0.27506470680236816,3905
0.2757437229156494,3904
0.2759878635406494,3903
0.27690672874450684,3902
0.2769777774810791,3901
0.27712392807006836,3900
0.27730369567871094,3899
0.27811384201049805,3898
0.2781808376312256,3897
0.2783238887786865,3896
0.27837491035461426,3895
0.27846193313598633,3894
0.2787306308746338,3893
0.27879977226257324,3892
0.27907681465148926,3891
0.2790999412536621,3890
0.2794978618621826,3889
0.2795548439025879,3888
0.2796478271484375,3887
0.28204798698425293,3886
0.2821357250213623,3885
0.28215789794921875,3884
0.28252387046813965,3883
0.282559871673584,3882
0.28342366218566895,3881
0.2836339473724365,3880
0.2845778465270996,3879
0.2846667766571045,3878
0.28476500511169434,3877
0.28486084938049316,3876
0.28493499755859375,3875
0.28568291664123535,3874
0.28583574295043945,3873
0.28592371940612793,3872
0.2865927219390869,3871
0.28662991523742676,3870
0.2871828079223633,3869
0.2872188091278076,3868
0.2874467372894287,3867
0.2875547409057617,3866
0.2875838279724121,3865
0.28767895698547363,3864
0.2877078056335449,3863
0.28780603408813477,3862
0.28841662406921387,3861
0.28881001472473145,3860
0.2894747257232666,3859
0.2905769348144531,3858
0.291637659072876,3857
0.29166579246520996,3856
0.29275083541870117,3855
0.29306602478027344,3854
0.29311275482177734,3853
0.2938649654388428,3852
0.2939889430999756,3851
0.29468488693237305,3850
0.2947516441345215,3849
0.29482603073120117,3848
0.29487180709838867,3847
0.295001745223999,3846
0.2962188720703125,3845
0.29625391960144043,3844
0.2963290214538574,3843
0.29753875732421875,3842
0.2982769012451172,3841
0.2983889579772949,3840
0.29842472076416016,3839
0.2986576557159424,3838
0.29872989654541016,3837
0.29878783226013184,3836
0.29881787300109863,3835
0.29889798164367676,3834
0.2993478775024414,3833
0.2994649410247803,3832
0.2995877265930176,3831
0.3003559112548828,3830
0.30101680755615234,3829
0.30156874656677246,3828
0.30211877822875977,3827
0.30219388008117676,3826
0.30228090286254883,3825
0.3023240566253662,3824
0.3024308681488037,3823
0.30254578590393066,3822
0.3030579090118408,3821
0.30496883392333984,3820
0.3058130741119385,3819
0.3059508800506592,3818
0.30659985542297363,3817
0.3069038391113281,3816
0.30736494064331055,3815
0.30745673179626465,3814
0.30749082565307617,3813
0.3082597255706787,3812
0.30846190452575684,3811
0.30851173400878906,3810
0.30884265899658203,3809
0.3089480400085449,3808
0.30904388427734375,3807
0.30919885635375977,3806
0.30931591987609863,3805
0.3100128173828125,3804
0.31087684631347656,3803
0.3109409809112549,3802
0.3110637664794922,3801
0.311126708984375,3800
0.31116700172424316,3799
0.31134963035583496,3798
0.31144189834594727,3797
0.31160497665405273,3796
0.31163597106933594,3795
0.3117208480834961,3794
0.31203794479370117,3793
0.31206393241882324,3792
0.3123748302459717,3791
0.3145937919616699,3790
0.31471967697143555,3789
0.3148188591003418,3788
0.31492185592651367,3787
0.3149838447570801,3786
0.31519579887390137,3785
0.3169386386871338,3784
0.3183298110961914,3783
0.31853795051574707,3782
0.3185849189758301,3781
0.31902074813842773,3780
0.3190877437591553,3779
0.3191807270050049,3778
0.3192589282989502,3777
0.3197777271270752,3776
0.31985998153686523,3775
0.31998395919799805,3774
0.3202028274536133,3773
0.3205697536468506,3772
0.3208756446838379,3771
0.32118678092956543,3770
0.321397066116333,3769
0.3221137523651123,3768
0.3221578598022461,3767
0.322246789932251,3766
0.32262301445007324,3765
0.3227357864379883,3764
0.3228118419647217,3763
0.3234858512878418,3762
0.32355380058288574,3761
0.32358884811401367,3760
0.3236827850341797,3759
0.32370471954345703,3758
0.3243069648742676,3757
0.3244009017944336,3756
0.32465267181396484,3755
0.32468271255493164,3754
0.32588791847229004,3753
0.3260228633880615,3752
0.3260917663574219,3751
0.32616090774536133,3750
0.32642388343811035,3749
0.32753586769104004,3748
0.32761096954345703,3747
0.3278987407684326,3746
0.32793283462524414,3745
0.3290677070617676,3744
0.3291358947753906,3743
0.3291637897491455,3742
0.3299567699432373,3741
0.33158183097839355,3740
0.33199071884155273,3739
0.33205580711364746,3738
0.3324458599090576,3737
0.33345484733581543,3736
0.3341038227081299,3735
0.33464670181274414,3734
0.33472275733947754,3733
0.3353269100189209,3732
0.335831880569458,3731
0.33736491203308105,3730
0.33739280700683594,3729
0.3382527828216553,3728
0.33831286430358887,3727
0.33844470977783203,3726
0.3391129970550537,3725
0.33913683891296387,3724
0.33954477310180664,3723
0.33962297439575195,3722
0.34028172492980957,3721
0.34165191650390625,3720
0.34174180030822754,3719
0.3424348831176758,3718
0.3424677848815918,3717
0.3446919918060303,3716
0.34475088119506836,3715
0.344876766204834,3714
0.34544801712036133,3713
0.34552574157714844,3712
0.34656786918640137,3711
0.34719085693359375,3710
0.34728193283081055,3709
0.3487098217010498,3708
0.3502488136291504,3707
0.3510169982910156,3706
0.3510768413543701,3705
0.35176873207092285,3704
0.35182976722717285,3703
0.35219478607177734,3702
0.3522787094116211,3701
0.35236692428588867,3700
0.3527989387512207,3699
0.35289669036865234,3698
0.3529818058013916,3697
0.3533446788787842,3696
0.3539767265319824,3695
0.35445380210876465,3694
0.3545048236846924,3693
0.35483884811401367,3692
0.35532689094543457,3691
0.356738805770874,3690
0.3570418357849121,3689
0.35773396492004395,3688
0.35779690742492676,3687
0.3578786849975586,3686
0.3582158088684082,3685
0.35831403732299805,3684
0.35915493965148926,3683
0.359346866607666,3682
0.35941290855407715,3681
0.35976505279541016,3680
0.36097002029418945,3679
0.361494779586792,3678
0.36247873306274414,3677
0.3647587299346924,3676
0.3648200035095215,3675
0.3650228977203369,3674
0.3651719093322754,3673
0.3656327724456787,3672
0.3661220073699951,3671
0.3661937713623047,3670
0.36684179306030273,3669
0.3673989772796631,3668
0.3683199882507324,3667
0.36846184730529785,3666
0.3691887855529785,3665
0.36945581436157227,3664
0.3695559501647949,3663
0.3697669506072998,3662
0.37009286880493164,3661
0.3702406883239746,3660
0.3718898296356201,3659
0.3722109794616699,3658
0.3728008270263672,3657
0.37455272674560547,3656
0.37459468841552734,3655
0.37525081634521484,3654
0.37570691108703613,3653
0.37595582008361816,3652
0.3763449192047119,3651
0.3763699531555176,3650
0.3764607906341553,3649
0.3765408992767334,3648
0.3795347213745117,3647
0.3796217441558838,3646
0.3796849250793457,3645
0.37975478172302246,3644
0.37981581687927246,3643
0.3798637390136719,3642
0.37994980812072754,3641
0.38003993034362793,3640
0.380159854888916,3639
0.3804948329925537,3638
0.38072681427001953,3637
0.38081789016723633,3636
0.3808629512786865,3635
0.38101792335510254,3634
0.38109278678894043,3633
0.3811819553375244,3632
0.38149285316467285,3631
0.3820769786834717,3630
0.38383960723876953,3629
0.38448381423950195,3628
0.3845248222351074,3627
0.38512492179870605,3626
0.3871958255767822,3625
0.38883090019226074,3624
0.39128684997558594,3623
0.39290785789489746,3622
0.39475274085998535,3621
0.3953826427459717,3620
0.3954429626464844,3619
0.3955416679382324,3618
0.39661288261413574,3617
0.3986527919769287,3616
0.398770809173584,3615
0.3990936279296875,3614
0.39973998069763184,3613
0.4006810188293457,3612
0.4010498523712158,3611
0.40113282203674316,3610
0.40116262435913086,3609
0.40121984481811523,3608
0.40199780464172363,3607
0.40317583084106445,3606
0.40351176261901855,3605
0.4035909175872803,3604
0.4036118984222412,3603
0.4036369323730469,3602
0.40427684783935547,3601
0.4044077396392822,3600
0.40442991256713867,3599
0.4045438766479492,3598
0.40560483932495117,3597
0.4056589603424072,3596
0.4065239429473877,3595
0.4071989059448242,3594
0.4092559814453125,3593
0.40932679176330566,3592
0.40944790840148926,3591
0.40979695320129395,3590
0.4098548889160156,3589
0.412463903427124,3588
0.4130549430847168,3587
0.41373276710510254,3586
0.4137887954711914,3585
0.41383981704711914,3584
0.4146077632904053,3583
0.4159407615661621,3582
0.4162328243255615,3581
0.4167349338531494,3580
0.4170718193054199,3579
0.41734886169433594,3578
0.4174058437347412,3577
0.41742682456970215,3576
0.418043851852417,3575
0.4181027412414551,3574
0.4194529056549072,3573
0.41950178146362305,3572
0.4200139045715332,3571
0.4203159809112549,3570
0.4213228225708008,3569
0.42142271995544434,3568
0.42165303230285645,3567
0.42174577713012695,3566
0.42185091972351074,3565
0.42267489433288574,3564
0.42276978492736816,3563
0.4228348731994629,3562
0.423203706741333,3561
0.4232509136199951,3560
0.42469191551208496,3559
0.4250178337097168,3558
0.42557191848754883,3557
0.4259200096130371,3556
0.4266939163208008,3555
0.4270508289337158,3554
0.4279499053955078,3553
0.42796969413757324,3552
0.4280667304992676,3551
0.4281449317932129,3550
0.43187475204467773,3549
0.4319639205932617,3548
0.43289685249328613,3547
0.43297576904296875,3546
0.4336578845977783,3545
0.4337158203125,3544
0.433758020401001,3543
0.4338338375091553,3542
0.4365849494934082,3541
0.436647891998291,3540
0.436722993850708,3539
0.4371457099914551,3538
0.43726372718811035,3537
0.4374048709869385,3536
0.43809080123901367,3535
0.43817973136901855,3534
0.43921589851379395,3533
0.4397547245025635,3532
0.4415266513824463,3531
0.4415898323059082,3530
0.44292187690734863,3529
0.4430069923400879,3528
0.4432709217071533,3527
0.44381189346313477,3526
0.4438819885253906,3525
0.44582462310791016,3524
0.44612979888916016,3523
0.4466979503631592,3522
0.4467737674713135,3521
0.44707489013671875,3520
0.4475138187408447,3519
0.4481518268585205,3518
0.4482138156890869,3517
0.44919586181640625,3516
0.44925880432128906,3515
0.45159196853637695,3514
0.45192575454711914,3513
0.4520530700683594,3512
0.45211076736450195,3511
0.45375680923461914,3510
0.45380282402038574,3509
0.4545168876647949,3508
0.4552798271179199,3507
0.4556009769439697,3506
0.45589184761047363,3505
0.4569978713989258,3504
0.457230806350708,3503
0.45734477043151855,3502
0.4574127197265625,3501
0.4588277339935303,3500
0.4588937759399414,3499
0.45919179916381836,3498
0.46074771881103516,3497
0.4621419906616211,3496
0.46281886100769043,3495
0.4640777111053467,3494
0.46457505226135254,3493
0.4659438133239746,3492
0.4666759967803955,3491
0.46674370765686035,3490
0.4686567783355713,3489
0.46950292587280273,3488
0.46956968307495117,3487
0.46959900856018066,3486
0.46997976303100586,3485
0.47026586532592773,3484
0.4703519344329834,3483
0.4710967540740967,3482
0.4711318016052246,3481
0.4711906909942627,3480
0.4723789691925049,3479
0.4737417697906494,3478
0.47408080101013184,3477
0.47506165504455566,3476
0.47669482231140137,3475
0.4767889976501465,3474
0.47685980796813965,3473
0.47693586349487305,3472
0.47754502296447754,3471
0.4795567989349365,3470
0.4796469211578369,3469
0.4818708896636963,3468
0.48244571685791016,3467
0.4825277328491211,3466
0.48319077491760254,3465
0.4841277599334717,3464
0.4847419261932373,3463
0.4848017692565918,3462
0.48489880561828613,3461
0.4849379062652588,3460
0.4850478172302246,3459
0.4858119487762451,3458
0.4862227439880371,3457
0.4866597652435303,3456
0.48815488815307617,3455
0.4882497787475586,3454
0.48840975761413574,3453
0.48850369453430176,3452
0.49019289016723633,3451
0.491013765335083,3450
0.491790771484375,3449
0.4918956756591797,3448
0.4922776222229004,3447
0.4923698902130127,3446
0.4929637908935547,3445
0.49303674697875977,3444
0.49394679069519043,3443
0.4940040111541748,3442
0.4949219226837158,3441
0.4953899383544922,3440
0.4963400363922119,3439
0.4972708225250244,3438
0.4975917339324951,3437
0.5025279521942139,3436
0.5034148693084717,3435
0.5040028095245361,3434
0.5046908855438232,3433
0.5049276351928711,3432
0.5049517154693604,3431
0.5050408840179443,3430
0.5055880546569824,3429
0.5056169033050537,3428
0.5058927536010742,3427
0.5059306621551514,3426
0.5070967674255371,3425
0.5071578025817871,3424
0.5076239109039307,3423
0.5077300071716309,3422
0.5083847045898438,3421
0.5084559917449951,3420
0.5091638565063477,3419
0.5100657939910889,3418
0.510103702545166,3417
0.5115869045257568,3416
0.5116879940032959,3415
0.5117478370666504,3414
0.51236891746521,3413
0.5127859115600586,3412
0.5135376453399658,3411
0.5146708488464355,3410
0.5147879123687744,3409
0.5178418159484863,3408
0.5190999507904053,3407
0.5194427967071533,3406
0.5195536613464355,3405
0.5197069644927979,3404
0.5197279453277588,3403
0.5208048820495605,3402
0.5208578109741211,3401
0.5209128856658936,3400
0.5212008953094482,3399
0.5221998691558838,3398
0.5235300064086914,3397
0.5244250297546387,3396
0.5257768630981445,3395
0.526411771774292,3394
0.5264828205108643,3393
0.5267548561096191,3392
0.5268387794494629,3391
0.5293598175048828,3390
0.5293929576873779,3389
0.5308628082275391,3388
0.5309348106384277,3387
0.5312099456787109,3386
0.5344729423522949,3385
0.5374248027801514,3384
0.5393588542938232,3383
0.540273904800415,3382
0.5408027172088623,3381
0.5408399105072021,3380
0.5417599678039551,3379
0.5418498516082764,3378
0.542888879776001,3377
0.5440518856048584,3376
0.545651912689209,3375
0.5456757545471191,3374
0.5488028526306152,3373
0.5491008758544922,3372
0.5491766929626465,3371
0.5523958206176758,3370
0.5527276992797852,3369
0.5528857707977295,3368
0.5535588264465332,3367
0.5540449619293213,3366
0.554175853729248,3365
0.5550930500030518,3364
0.5580518245697021,3363
0.5584216117858887,3362
0.559086799621582,3361
0.5591859817504883,3360
0.559973955154419,3359
0.560046911239624,3358
0.5611720085144043,3357
0.5612449645996094,3356
0.5646848678588867,3355
0.5647687911987305,3354
0.5661709308624268,3353
0.5671138763427734,3352
0.5677938461303711,3351
0.5678508281707764,3350
0.5689928531646729,3349
0.5694239139556885,3348
0.5704987049102783,3347
0.5736217498779297,3346
0.5736949443817139,3345
0.5740559101104736,3344
0.5743408203125,3343
0.5761086940765381,3342
0.5765986442565918,3341
0.5766956806182861,3340
0.5769670009613037,3339
0.5770649909973145,3338
0.5781886577606201,3337
0.5819768905639648,3336
0.5820670127868652,3335
0.5821278095245361,3334
0.5832960605621338,3333
0.5848557949066162,3332
0.5849888324737549,3331
0.5852937698364258,3330
0.5855467319488525,3329
0.5876407623291016,3328
0.587893009185791,3327
0.5880939960479736,3326
0.5883169174194336,3325
0.5884296894073486,3324
0.5885016918182373,3323
0.5897459983825684,3322
0.5904068946838379,3321
0.5904667377471924,3320
0.5941147804260254,3319
0.5951969623565674,3318
0.5983428955078125,3317
0.5987148284912109,3316
0.5994110107421875,3315
0.6011698246002197,3314
0.601982831954956,3313
0.6044487953186035,3312
0.605717658996582,3311
0.605738639831543,3310
0.6063539981842041,3309
0.6077418327331543,3308
0.6078147888183594,3307
0.6104187965393066,3306
0.610684871673584,3305
0.6117148399353027,3304
0.614581823348999,3303
0.6155169010162354,3302
0.6182599067687988,3301
0.6183350086212158,3300
0.6184008121490479,3299
0.6189687252044678,3298
0.6190528869628906,3297
0.6191439628601074,3296
0.6197288036346436,3295
0.6200828552246094,3294
0.6220598220825195,3293
0.6225810050964355,3292
0.6250667572021484,3291
0.626025915145874,3290
0.6261630058288574,3289
0.6265678405761719,3288
0.6266438961029053,3287
0.6275389194488525,3286
0.6280069351196289,3285
0.628777027130127,3284
0.6294889450073242,3283
0.631633996963501,3282
0.6319918632507324,3281
0.6326699256896973,3280
0.633915901184082,3279
0.633948802947998,3278
0.6341876983642578,3277
0.6393358707427979,3276
0.6396617889404297,3275
0.6397099494934082,3274
0.6405997276306152,3273
0.6407408714294434,3272
0.6408398151397705,3271
0.6409049034118652,3270
0.6435458660125732,3269
0.6435928344726562,3268
0.6440508365631104,3267
0.6461498737335205,3266
0.6462087631225586,3265
0.6476469039916992,3264
0.6477079391479492,3263
0.6485047340393066,3262
0.6497700214385986,3261
0.650458812713623,3260
0.6517000198364258,3259
0.6535487174987793,3258
0.6560966968536377,3257
0.6584248542785645,3256
0.6585066318511963,3255
0.6585478782653809,3254
0.6587259769439697,3253
0.6590569019317627,3252
0.659207820892334,3251
0.6597998142242432,3250
0.6619389057159424,3249
0.6622188091278076,3248
0.6622457504272461,3247
0.6623020172119141,3246
0.6623208522796631,3245
0.6623907089233398,3244
0.6624698638916016,3243
0.6625759601593018,3242
0.6631350517272949,3241
0.6637740135192871,3240
0.6647329330444336,3239
0.6655828952789307,3238
0.6660177707672119,3237
0.6660747528076172,3236
0.6697568893432617,3235
0.670996904373169,3234
0.6715307235717773,3233
0.6716229915618896,3232
0.6716728210449219,3231
0.6724498271942139,3230
0.6730189323425293,3229
0.6730997562408447,3228
0.6738848686218262,3227
0.6739978790283203,3226
0.674644947052002,3225
0.6773638725280762,3224
0.6809217929840088,3223
0.6817028522491455,3222
0.6823458671569824,3221
0.6835448741912842,3220
0.6835818290710449,3219
0.6849868297576904,3218
0.685478925704956,3217
0.6881718635559082,3216
0.6919827461242676,3215
0.6929187774658203,3214
0.6944708824157715,3213
0.6958608627319336,3212
0.6959266662597656,3211
0.6972470283508301,3210
0.6980369091033936,3209
0.6981408596038818,3208
0.6985838413238525,3207
0.6996607780456543,3206
0.7003400325775146,3205
0.7006070613861084,3204
0.7030308246612549,3203
0.7040598392486572,3202
0.7047717571258545,3201
0.7048587799072266,3200
0.7062628269195557,3199
0.7063376903533936,3198
0.7125329971313477,3197
0.7126097679138184,3196
0.7126908302307129,3195
0.7135677337646484,3194
0.7136247158050537,3193
0.7145628929138184,3192
0.7155637741088867,3191
0.7164056301116943,3190
0.7166249752044678,3189
0.7204148769378662,3188
0.7204568386077881,3187
0.7219159603118896,3186
0.7234008312225342,3185
0.723538875579834,3184
0.7257497310638428,3183
0.7262389659881592,3182
0.7265119552612305,3181
0.7268319129943848,3180
0.727247953414917,3179
0.727611780166626,3178
0.72847580909729,3177
0.7285959720611572,3176
0.7306897640228271,3175
0.7307357788085938,3174
0.7313098907470703,3173
0.7316889762878418,3172
0.7365949153900146,3171
0.7397148609161377,3170
0.7409937381744385,3169
0.7414827346801758,3168
0.7421917915344238,3167
0.7443478107452393,3166
0.7447507381439209,3165
0.7463927268981934,3164
0.7464618682861328,3163
0.7467999458312988,3162
0.7504398822784424,3161
0.752922773361206,3160
0.7537119388580322,3159
0.7554199695587158,3158
0.7583837509155273,3157
0.7584078311920166,3156
0.7584679126739502,3155
0.7589120864868164,3154
0.7589478492736816,3153
0.7594468593597412,3152
0.759537935256958,3151
0.7596437931060791,3150
0.7605960369110107,3149
0.7681360244750977,3148
0.768284797668457,3147
0.7688789367675781,3146
0.7689318656921387,3145
0.7698347568511963,3144
0.7710490226745605,3143
0.7711348533630371,3142
0.771798849105835,3141
0.7735686302185059,3140
0.7736117839813232,3139
0.7747199535369873,3138
0.7752377986907959,3137
0.7756319046020508,3136
0.7758898735046387,3135
0.775932788848877,3134
0.7776987552642822,3133
0.7791428565979004,3132
0.7809708118438721,3131
0.7821588516235352,3130
0.7834188938140869,3129
0.7838616371154785,3128
0.7839207649230957,3127
0.7844150066375732,3126
0.7847228050231934,3125
0.7874000072479248,3124
0.7874917984008789,3123
0.7887928485870361,3122
0.789867639541626,3121
0.7908370494842529,3120
0.7912747859954834,3119
0.7939798831939697,3118
0.7942979335784912,3117
0.7952308654785156,3116
0.7952897548675537,3115
0.7990968227386475,3114
0.7997767925262451,3113
0.7998747825622559,3112
0.799959659576416,3111
0.8004748821258545,3110
0.8031020164489746,3109
0.8042538166046143,3108
0.8043169975280762,3107
0.8053529262542725,3106
0.8055627346038818,3105
0.805797815322876,3104
0.8058187961578369,3103
0.8087587356567383,3102
0.8098008632659912,3101
0.8098268508911133,3100
0.8134517669677734,3099
0.8140859603881836,3098
0.8141899108886719,3097
0.8152337074279785,3096
0.8162188529968262,3095
0.817335844039917,3094
0.8196728229522705,3093
0.8233187198638916,3092
0.8235738277435303,3091
0.8246538639068604,3090
0.8251767158508301,3089
0.826171875,3088
0.8282618522644043,3087
0.8283207416534424,3086
0.8285768032073975,3085
0.829063892364502,3084
0.8312327861785889,3083
0.8332927227020264,3082
0.834284782409668,3081
0.834352970123291,3080
0.8348827362060547,3079
0.8379878997802734,3078
0.838655948638916,3077
0.8393707275390625,3076
0.8394498825073242,3075
0.8397808074951172,3074
0.8412017822265625,3073
0.8420078754425049,3072
0.8424348831176758,3071
0.8436470031738281,3070
0.8452470302581787,3069
0.8455147743225098,3068
0.8456227779388428,3067
0.8470218181610107,3066
0.8508718013763428,3065
0.8511829376220703,3064
0.8562178611755371,3063
0.8596818447113037,3062
0.8599040508270264,3061
0.8599979877471924,3060
0.8604459762573242,3059
0.8613977432250977,3058
0.8618388175964355,3057
0.861914873123169,3056
0.8619709014892578,3055
0.8635158538818359,3054
0.8657019138336182,3053
0.8672008514404297,3052
0.8710558414459229,3051
0.8744537830352783,3050
0.8752856254577637,3049
0.8759257793426514,3048
0.8759927749633789,3047
0.8780338764190674,3046
0.8780539035797119,3045
0.8807218074798584,3044
0.8812539577484131,3043
0.8815288543701172,3042
0.8816368579864502,3041
0.8816888332366943,3040
0.8836376667022705,3039
0.883720874786377,3038
0.883774995803833,3037
0.8840458393096924,3036
0.8862416744232178,3035
0.886559009552002,3034
0.8866026401519775,3033
0.887366771697998,3032
0.8874199390411377,3031
0.8874578475952148,3030
0.8879687786102295,3029
0.8910186290740967,3028
0.8935286998748779,3027
0.8952107429504395,3026
0.8988397121429443,3025
0.8988807201385498,3024
0.8995828628540039,3023
0.9074268341064453,3022
0.9085838794708252,3021
0.9136316776275635,3020
0.913698673248291,3019
0.914154052734375,3018
0.9147427082061768,3017
0.9164407253265381,3016
0.9170749187469482,3015
0.9171667098999023,3014
0.9172258377075195,3013
0.9180898666381836,3012
0.9193847179412842,3011
0.9199917316436768,3010
0.920036792755127,3009
0.9200608730316162,3008
0.9215128421783447,3007
0.9215779304504395,3006
0.9220128059387207,3005
0.9234497547149658,3004
0.9235057830810547,3003
0.9235279560089111,3002
0.924860954284668,3001
0.9251048564910889,3000
0.9263577461242676,2999
0.9271218776702881,2998
0.9271409511566162,2997
0.9272017478942871,2996
0.9311559200286865,2995
0.9319918155670166,2994
0.9326379299163818,2993
0.9357378482818604,2992
0.9384100437164307,2991
0.9387037754058838,2990
0.9466667175292969,2989
0.9467577934265137,2988
0.9468159675598145,2987
0.9476017951965332,2986
0.9476468563079834,2985
0.9496707916259766,2984
0.9497227668762207,2983
0.9510898590087891,2982
0.95334792137146,2981
0.9551990032196045,2980
0.9580528736114502,2979
0.9582018852233887,2978
0.9584956169128418,2977
0.9593369960784912,2976
0.9595746994018555,2975
0.9602258205413818,2974
0.963547945022583,2973
0.9679696559906006,2972
0.9680299758911133,2971
0.9681386947631836,2970
0.968682050704956,2969
0.9687139987945557,2968
0.9688127040863037,2967
0.9694490432739258,2966
0.9703798294067383,2965
0.970970869064331,2964
0.9712388515472412,2963
0.9744589328765869,2962
0.9747128486633301,2961
0.9749219417572021,2960
0.9754519462585449,2959
0.9794378280639648,2958
0.979489803314209,2957
0.9801139831542969,2956
0.9801826477050781,2955
0.9823548793792725,2954
0.9859127998352051,2953
0.987015962600708,2952
0.9913139343261719,2951
0.9937608242034912,2950
0.9938488006591797,2949
0.9977998733520508,2948
0.9979357719421387,2947
0.999708890914917,2946
1.0007238388061523,2945
1.0011768341064453,2944
1.004624843597412,2943
1.0067548751831055,2942
1.007509708404541,2941
1.0075819492340088,2940
1.0080018043518066,2939
1.0086736679077148,2938
1.008732795715332,2937
1.009375810623169,2936
1.0105149745941162,2935
1.0117497444152832,2934
1.0122268199920654,2933
1.015197992324829,2932
1.0173866748809814,2931
1.0192508697509766,2930
1.020124912261963,2929
1.0217759609222412,2928
1.0233039855957031,2927
1.0233917236328125,2926
1.0234429836273193,2925
1.0237998962402344,2924
1.024338960647583,2923
1.024505853652954,2922
1.0252900123596191,2921
1.0334689617156982,2920
1.035029649734497,2919
1.0353639125823975,2918
1.0378308296203613,2917
1.0389797687530518,2916
1.040489912033081,2915
1.0405807495117188,2914
1.0421068668365479,2913
1.0452706813812256,2912
1.0474698543548584,2911
1.0534098148345947,2910
1.0556209087371826,2909
1.0572407245635986,2908
1.057520866394043,2907
1.0586769580841064,2906
1.0588948726654053,2905
1.0593359470367432,2904
1.0604658126831055,2903
1.060572862625122,2902
1.0618476867675781,2901
1.0619149208068848,2900
1.0640709400177002,2899
1.0667247772216797,2898
1.067779779434204,2897
1.0678308010101318,2896
1.0701420307159424,2895
1.0704426765441895,2894
1.0712008476257324,2893
1.0740978717803955,2892
1.0769908428192139,2891
1.0776338577270508,2890
1.0777208805084229,2889
1.077793836593628,2888
1.0807039737701416,2887
1.0820057392120361,2886
1.083806037902832,2885
1.0838837623596191,2884
1.0857489109039307,2883
1.0915238857269287,2882
1.0916156768798828,2881
1.0920467376708984,2880
1.0920708179473877,2879
1.0927927494049072,2878
1.094242811203003,2877
1.0945699214935303,2876
1.0989477634429932,2875
1.0992188453674316,2874
1.0993268489837646,2873
1.100876808166504,2872
1.1013598442077637,2871
1.1017768383026123,2870
1.1041638851165771,2869
1.1050927639007568,2868
1.1061978340148926,2867
1.1062779426574707,2866
1.106334924697876,2865
1.1124398708343506,2864
1.1127598285675049,2863
1.1142969131469727,2862
1.1146578788757324,2861
1.1164839267730713,2860
1.1168489456176758,2859
1.1176567077636719,2858
1.1177148818969727,2857
1.1187567710876465,2856
1.1187987327575684,2855
1.1205267906188965,2854
1.1217737197875977,2853
1.1218457221984863,2852
1.1228487491607666,2851
1.1235268115997314,2850
1.1261446475982666,2849
1.126241683959961,2848
1.1271848678588867,2847
1.1272327899932861,2846
1.1295139789581299,2845
1.1315398216247559,2844
1.1326568126678467,2843
1.1329848766326904,2842
1.1334857940673828,2841
1.1356148719787598,2840
1.1358819007873535,2839
1.137362003326416,2838
1.138814926147461,2837
1.139089822769165,2836
1.1391527652740479,2835
1.1409926414489746,2834
1.1413908004760742,2833
1.1418087482452393,2832
1.146239995956421,2831
1.1511309146881104,2830
1.1523289680480957,2829
1.1562860012054443,2828
1.1573677062988281,2827
1.157707691192627,2826
1.1593308448791504,2825
1.159745693206787,2824
1.1619946956634521,2823
1.1620628833770752,2822
1.1621067523956299,2821
1.1624908447265625,2820
1.164963722229004,2819
1.1650397777557373,2818
1.166132926940918,2817
1.1661887168884277,2816
1.1680798530578613,2815
1.1684517860412598,2814
1.168489933013916,2813
1.172088861465454,2812
1.1736698150634766,2811
1.1785118579864502,2810
1.183156967163086,2809
1.183485984802246,2808
1.1879158020019531,2807
1.1892507076263428,2806
1.1897857189178467,2805
1.189847707748413,2804
1.1923718452453613,2803
1.1939189434051514,2802
1.1946089267730713,2801
1.196448802947998,2800
1.198657751083374,2799
1.1987106800079346,2798
1.1987478733062744,2797
1.2005689144134521,2796
1.200833797454834,2795
1.2043657302856445,2794
1.2061817646026611,2793
1.2066450119018555,2792
1.2090137004852295,2791
1.2092669010162354,2790
1.2106666564941406,2789
1.214080810546875,2788
1.2141399383544922,2787
1.2169249057769775,2786
1.221756935119629,2785
1.2233259677886963,2784
1.2233600616455078,2783
1.2267837524414062,2782
1.228172779083252,2781
1.2284979820251465,2780
1.2329809665679932,2779
1.2330429553985596,2778
1.233947992324829,2777
1.235795021057129,2776
1.2381629943847656,2775
1.2436408996582031,2774
1.2440528869628906,2773
1.244891881942749,2772
1.2458109855651855,2771
1.2467138767242432,2770
1.247499704360962,2769
1.2526826858520508,2768
1.2532098293304443,2767
1.2533068656921387,2766
1.2544529438018799,2765
1.2561297416687012,2764
1.258436918258667,2763
1.2597630023956299,2762
1.260096788406372,2761
1.2628586292266846,2760
1.2658729553222656,2759
1.2673678398132324,2758
1.2774417400360107,2757
1.2786519527435303,2756
1.2848327159881592,2755
1.286181926727295,2754
1.2897088527679443,2753
1.2926788330078125,2752
1.292712926864624,2751
1.2927539348602295,2750
1.2943968772888184,2749
1.2945339679718018,2748
1.2957866191864014,2747
1.2958347797393799,2746
1.2962019443511963,2745
1.2962408065795898,2744
1.2999358177185059,2743
1.3060429096221924,2742
1.3102836608886719,2741
1.3103487491607666,2740
1.3120777606964111,2739
1.3123798370361328,2738
1.3190808296203613,2737
1.319227933883667,2736
1.3210768699645996,2735
1.3215739727020264,2734
1.3230459690093994,2733
1.3256547451019287,2732
1.325697660446167,2731
1.3257358074188232,2730
1.3269147872924805,2729
1.3321318626403809,2728
1.3327748775482178,2727
1.3353488445281982,2726
1.337836742401123,2725
1.3421766757965088,2724
1.346879005432129,2723
1.3488247394561768,2722
1.3527088165283203,2721
1.3527538776397705,2720
1.353545904159546,2719
1.3544018268585205,2718
1.3546366691589355,2717
1.3547117710113525,2716
1.3567638397216797,2715
1.3572838306427002,2714
1.3588149547576904,2713
1.360304832458496,2712
1.3603956699371338,2711
1.360813856124878,2710
1.3621299266815186,2709
1.3646936416625977,2708
1.365708827972412,2707
1.366041898727417,2706
1.3660759925842285,2705
1.3661127090454102,2704
1.3663058280944824,2703
1.366858720779419,2702
1.3690319061279297,2701
1.370270013809204,2700
1.3706786632537842,2699
1.3764688968658447,2698
1.3765819072723389,2697
1.3789749145507812,2696
1.3835687637329102,2695
1.3870007991790771,2694
1.3874187469482422,2693
1.3915908336639404,2692
1.3961718082427979,2691
1.3991780281066895,2690
1.4018027782440186,2689
1.4057588577270508,2688
1.4071249961853027,2687
1.4071786403656006,2686
1.409827709197998,2685
1.4098749160766602,2684
1.4109277725219727,2683
1.4138197898864746,2682
1.415360689163208,2681
1.4169096946716309,2680
1.4169578552246094,2679
1.419489860534668,2678
1.4197227954864502,2677
1.4206910133361816,2676
1.4246118068695068,2675
1.429520845413208,2674
1.4299306869506836,2673
1.4320740699768066,2672
1.4345879554748535,2671
1.4400997161865234,2670
1.4405808448791504,2669
1.44142484664917,2668
1.4432477951049805,2667
1.4457600116729736,2666
1.4572386741638184,2665
1.4581446647644043,2664
1.4654006958007812,2663
1.466304063796997,2662
1.4671239852905273,2661
1.4681637287139893,2660
1.4748969078063965,2659
1.4768457412719727,2658
1.485386610031128,2657
1.4859728813171387,2656
1.4877126216888428,2655
1.4914848804473877,2654
1.4957709312438965,2653
1.5013127326965332,2652
1.502896785736084,2651
1.505262851715088,2650
1.507950782775879,2649
1.5105478763580322,2648
1.5108418464660645,2647
1.511157751083374,2646
1.5138986110687256,2645
1.5173487663269043,2644
1.522582769393921,2643
1.523512840270996,2642
1.5237278938293457,2641
1.5250539779663086,2640
1.527350664138794,2639
1.531308889389038,2638
1.537876844406128,2637
1.5388407707214355,2636
1.5430238246917725,2635
1.5437860488891602,2634
1.5466339588165283,2633
1.5529568195343018,2632
1.5554637908935547,2631
1.5623488426208496,2630
1.5634818077087402,2629
1.5641539096832275,2628
1.565516710281372,2627
1.5670478343963623,2626
1.567084789276123,2625
1.568802833557129,2624
1.5728509426116943,2623
1.5729198455810547,2622
1.5731027126312256,2621
1.57430100440979,2620
1.5743739604949951,2619
1.5777497291564941,2618
1.5780198574066162,2617
1.5781188011169434,2616
1.5797157287597656,2615
1.5848698616027832,2614
1.5887057781219482,2613
1.5887417793273926,2612
1.5900747776031494,2611
1.590911865234375,2610
1.5909557342529297,2609
1.591479778289795,2608
1.6006579399108887,2607
1.6034328937530518,2606
1.6043736934661865,2605
1.6078929901123047,2604
1.6084017753601074,2603
1.6137938499450684,2602
1.6138699054718018,2601
1.6181919574737549,2600
1.6188197135925293,2599
1.6231906414031982,2598
1.6232209205627441,2597
1.6255309581756592,2596
1.628006935119629,2595
1.6299779415130615,2594
1.630478858947754,2593
1.632232904434204,2592
1.6354339122772217,2591
1.635523796081543,2590
1.6415338516235352,2589
1.647467851638794,2588
1.648636817932129,2587
1.6544747352600098,2586
1.6594157218933105,2585
1.6613256931304932,2584
1.668968915939331,2583
1.669212818145752,2582
1.670961856842041,2581
1.6728856563568115,2580
1.6746978759765625,2579
1.6814279556274414,2578
1.686828851699829,2577
1.692112922668457,2576
1.694495677947998,2575
1.7021288871765137,2574
1.7039177417755127,2573
1.7063508033752441,2572
1.7066566944122314,2571
1.7093896865844727,2570
1.7126457691192627,2569
1.7151718139648438,2568
1.7160799503326416,2567
1.7201547622680664,2566
1.7266488075256348,2565
1.7327020168304443,2564
1.7333519458770752,2563
1.7492339611053467,2562
1.7553038597106934,2561
1.757443904876709,2560
1.7584867477416992,2559
1.7586236000061035,2558
1.772843837738037,2557
1.775568962097168,2556
1.7770438194274902,2555
1.7774298191070557,2554
1.790416955947876,2553
1.7914998531341553,2552
1.7980718612670898,2551
1.8062946796417236,2550
1.814741611480713,2549
1.8224236965179443,2548
1.826960802078247,2547
1.8288888931274414,2546
1.8339357376098633,2545
1.8408856391906738,2544
1.8426737785339355,2543
1.8434348106384277,2542
1.8448169231414795,2541
1.8502888679504395,2540
1.8710930347442627,2539
1.8865926265716553,2538
1.8906147480010986,2537
1.8921878337860107,2536
1.8927249908447266,2535
1.892899751663208,2534
1.8942549228668213,2533
1.8997337818145752,2532
1.9026010036468506,2531
1.902906894683838,2530
1.905000925064087,2529
1.9052798748016357,2528
1.9062228202819824,2527
1.906282663345337,2526
1.9063467979431152,2525
1.9071989059448242,2524
1.9076778888702393,2523
1.9099316596984863,2522
1.910024881362915,2521
1.9116828441619873,2520
1.9127178192138672,2519
1.9206137657165527,2518
1.9299919605255127,2517
1.9445099830627441,2516
1.9562418460845947,2515
1.9609558582305908,2514
1.961578607559204,2513
1.9652278423309326,2512
1.9708318710327148,2511
1.982428789138794,2510
1.9877309799194336,2509
1.9880976676940918,2508
1.988907814025879,2507
1.9894280433654785,2506
1.9978137016296387,2505
1.9992098808288574,2504
2.005889654159546,2503
2.0063588619232178,2502
2.007145881652832,2501
2.0074939727783203,2500
2.009478807449341,2499
2.0120656490325928,2498
2.012314796447754,2497
2.02069091796875,2496
2.021253824234009,2495
2.031031847000122,2494
2.0357446670532227,2493
2.0468099117279053,2492
2.057187795639038,2491
2.0574538707733154,2490
2.0645110607147217,2489
2.069960832595825,2488
2.078995943069458,2487
2.080095052719116,2486
2.0805928707122803,2485
2.087904691696167,2484
2.0897278785705566,2483
2.093629837036133,2482
2.0982577800750732,2481
2.104332685470581,2480
2.10779070854187,2479
2.113481044769287,2478
2.1140167713165283,2477
2.123811721801758,2476
2.1380369663238525,2475
2.142091751098633,2474
2.164937973022461,2473
2.1657276153564453,2472
2.1753828525543213,2471
2.175694704055786,2470
2.18446683883667,2469
2.1854186058044434,2468
2.1916427612304688,2467
2.2028417587280273,2466
2.2147228717803955,2465
2.2238080501556396,2464
2.224918842315674,2463
2.2414908409118652,2462
2.243492841720581,2461
2.2468249797821045,2460
2.249239683151245,2459
2.2614259719848633,2458
2.267232656478882,2457
2.272244930267334,2456
2.2851006984710693,2455
2.293740749359131,2454
2.293881893157959,2453
2.294987678527832,2452
2.3076329231262207,2451
2.313281774520874,2450
2.3213717937469482,2449
2.333063840866089,2448
2.340178966522217,2447
2.34025502204895,2446
2.3402957916259766,2445
2.3561606407165527,2444
2.3570609092712402,2443
2.3590400218963623,2442
2.3605499267578125,2441
2.3664116859436035,2440
2.371037006378174,2439
2.3745386600494385,2438
2.3796796798706055,2437
2.3846726417541504,2436
2.385593891143799,2435
2.396350860595703,2434
2.4056427478790283,2433
2.406040906906128,2432
2.409970998764038,2431
2.4132628440856934,2430
2.4164018630981445,2429
2.422122001647949,2428
2.4324307441711426,2427
2.434269905090332,2426
2.435020685195923,2425
2.435588836669922,2424
2.4440698623657227,2423
2.4534547328948975,2422
2.454843759536743,2421
2.457918882369995,2420
2.4584147930145264,2419
2.4593186378479004,2418
2.4654359817504883,2417
2.4725959300994873,2416
2.479949712753296,2415
2.483370065689087,2414
2.4998579025268555,2413
2.50679874420166,2412
2.510051727294922,2411
2.517040967941284,2410
2.5235278606414795,2409
2.525540828704834,2408
2.532256841659546,2407
2.535003900527954,2406
2.555478811264038,2405
2.560546875,2404
2.5710997581481934,2403
2.576246738433838,2402
2.581685781478882,2401
2.588736057281494,2400
2.595160722732544,2399
2.609437942504883,2398
2.610524892807007,2397
2.611879825592041,2396
2.6210639476776123,2395
2.622093677520752,2394
2.6290957927703857,2393
2.630280017852783,2392
2.6548798084259033,2391
2.658524990081787,2390
2.662271022796631,2389
2.6685948371887207,2388
2.674166679382324,2387
2.6902716159820557,2386
2.703549861907959,2385
2.704202651977539,2384
2.710131883621216,2383
2.7245378494262695,2382
2.7351486682891846,2381
2.7352278232574463,2380
2.736311674118042,2379
2.7495739459991455,2378
2.7541937828063965,2377
2.761903762817383,2376
2.7621777057647705,2375
2.7901036739349365,2374
2.792174816131592,2373
2.7987868785858154,2372
2.8345117568969727,2371
2.8362996578216553,2370
2.836542844772339,2369
2.842958927154541,2368
2.8630998134613037,2367
2.873889684677124,2366
2.9017789363861084,2365
2.904014825820923,2364
2.9095969200134277,2363
2.92714786529541,2362
2.937168836593628,2361
2.939844846725464,2360
2.9563097953796387,2359
2.964657783508301,2358
2.9647297859191895,2357
2.9732186794281006,2356
2.973254919052124,2355
2.9869487285614014,2354
2.987959861755371,2353
3.0189547538757324,2352
3.0261898040771484,2351
3.037954807281494,2350
3.067044734954834,2349
3.101365804672241,2348
3.1216518878936768,2347
3.1252479553222656,2346
3.132225751876831,2345
3.133079767227173,2344
3.1343376636505127,2343
3.136758804321289,2342
3.1914498805999756,2341
3.1977269649505615,2340
3.197821855545044,2339
3.2103538513183594,2338
3.2172818183898926,2337
3.229677677154541,2336
3.236182689666748,2335
3.2434449195861816,2334
3.245222806930542,2333
3.258394956588745,2332
3.267969846725464,2331
3.276937961578369,2330
3.2844018936157227,2329
3.3191769123077393,2328
3.355625867843628,2327
3.3866617679595947,2326
3.4048099517822266,2325
3.4151487350463867,2324
3.4175796508789062,2323
3.4394798278808594,2322
3.452852964401245,2321
3.4565958976745605,2320
3.4733047485351562,2319
3.4920108318328857,2318
3.516829013824463,2317
3.5205447673797607,2316
3.5242507457733154,2315
3.5252227783203125,2314
3.5266947746276855,2313
3.532747745513916,2312
3.600876808166504,2311
3.621220827102661,2310
3.621962785720825,2309
3.6251237392425537,2308
3.6538987159729004,2307
3.669987916946411,2306
3.6744189262390137,2305
3.675445079803467,2304
3.6762807369232178,2303
3.6792619228363037,2302
3.6924917697906494,2301
3.702162981033325,2300
3.7083427906036377,2299
3.7358298301696777,2298
3.7493138313293457,2297
3.7976016998291016,2296
3.808635950088501,2295
3.831389904022217,2294
3.8627400398254395,2293
3.864198923110962,2292
3.886464834213257,2291
3.8913118839263916,2290
3.9024038314819336,2289
3.9178178310394287,2288
3.9986660480499268,2287
4.079107761383057,2286
4.114804983139038,2285
4.122586965560913,2284
4.131870985031128,2283
4.14021372795105,2282
4.198819875717163,2281
4.212024688720703,2280
4.22650671005249,2279
4.271901845932007,2278
4.3439366817474365,2277
4.393431663513184,2276
4.393551826477051,2275
4.435376882553101,2274
4.483957052230835,2273
4.511792898178101,2272
4.5420238971710205,2271
4.566130876541138,2270
4.577823638916016,2269
4.614099025726318,2268
4.624392986297607,2267
4.6289379596710205,2266
4.655988931655884,2265
4.683316946029663,2264
4.684046745300293,2263
4.7086358070373535,2262
4.760387897491455,2261
4.807554721832275,2260
4.942411661148071,2259
4.943579912185669,2258
4.951819658279419,2257
4.960847854614258,2256
5.131804943084717,2255
5.164390802383423,2254
5.17910099029541,2253
5.211692810058594,2252
5.230064868927002,2251
5.271253824234009,2250
5.389261722564697,2249
5.448720932006836,2248
5.710376977920532,2247
5.800559759140015,2246
6.0168468952178955,2245
6.0551629066467285,2244
6.13809061050415,2243
6.254790782928467,2242
6.417275905609131,2241
6.4436728954315186,2240
6.457772731781006,2239
6.497937917709351,2238
6.523157835006714,2237
6.557833909988403,2236
6.5679168701171875,2235
6.815032720565796,2234
6.973920822143555,2233
6.987905740737915,2232
7.1059558391571045,2231
7.473114967346191,2230
7.6323137283325195,2229
7.8089988231658936,2228
7.891652822494507,2227
7.915175914764404,2226
7.942051887512207,2225
8.087735891342163,2224
8.291215896606445,2223
10.084220886230469,2222
10.122583866119385,2221
10.372212886810303,2220
11.202558994293213,2219
11.533561944961548,2218
11.722518682479858,2217
11.955529928207397,2216
12.68453574180603,2215
16.57603693008423,2214
16.579640865325928,2213
20.029332876205444,2212
20.27246904373169,2211
33.75572681427002,2210
35.427653789520264,2209
43.36929988861084,2208
155.2730996608734,2207
206.07318568229675,2206
206.36413192749023,2205
