0.0,4920
0.01,4875
0.02,4848
0.03,4809
0.04,4752
0.05,4712
0.06,4669
0.07,4626
0.08,4598
0.09,4562
0.1,4527
0.11,4491
0.12,4468
0.13,4439
0.14,4410
0.15,4384
0.16,4359
0.17,4335
0.18,4315
0.19,4282
0.2,4262
0.21,4235
0.22,4208
0.23,4185
0.24,4169
0.25,4156
0.26,4141
0.27,4127
0.28,4109
0.29,4089
0.3,4068
0.31,4048
0.32,4024
0.33,4004
0.34,3984
0.35,3970
0.36,3952
0.37,3942
0.38,3927
0.39,3911
0.4,3901
0.41,3890
0.42,3876
0.43,3862
0.44,3847
0.45,3837
0.46,3827
0.47,3814
0.48,3802
0.49,3790
0.5,3776
0.51,3766
0.52,3748
0.53,3732
0.54,3715
0.55,3697
0.56,3685
0.57,3674
0.58,3667
0.59,3660
0.6,3649
0.61,3636
0.62,3626
0.63,3616
0.64,3610
0.65,3591
0.66,3583
0.67,3576
0.68,3565
0.69,3559
0.7,3545
0.71,3533
0.72,3520
0.73,3503
0.74,3489
0.75,3471
0.76,3458
0.77,3449
0.78,3441
0.79,3438
0.8,3432
0.81,3422
0.82,3411
0.83,3401
0.84,3399
0.85,3389
0.86,3376
0.87,3366
0.88,3360
0.89,3354
0.9,3346
0.91,3341
0.92,3331
0.93,3318
0.94,3310
0.95,3306
0.96,3300
0.97,3286
0.98,3280
0.99,3271
1.0,3261
1.01,3250
1.02,3246
1.03,3238
1.04,3233
1.05,3227
1.06,3220
1.07,3216
1.08,3206
1.09,3196
1.1,3188
1.11,3183
1.12,3179
1.13,3173
1.14,3164
1.15,3156
1.16,3149
1.17,3143
1.18,3138
1.19,3130
1.2,3122
1.21,3119
1.22,3117
1.23,3112
1.24,3103
1.25,3093
1.26,3089
1.27,3084
1.28,3075
1.29,3067
1.3,3062
1.31,3058
1.32,3053
1.33,3051
1.34,3046
1.35,3039
1.36,3033
1.37,3028
1.38,3023
1.39,3018
1.4,3011
1.41,3005
1.42,3003
1.43,2995
1.44,2993
1.45,2987
1.46,2982
1.47,2978
1.48,2974
1.49,2971
1.5,2967
1.51,2963
1.52,2958
1.53,2954
1.54,2947
1.55,2945
1.56,2942
1.57,2931
1.58,2929
1.59,2925
1.6,2924
1.61,2923
1.62,2920
1.63,2917
1.64,2915
1.65,2914
1.66,2911
1.67,2908
1.68,2905
1.69,2898
1.7,2894
1.72,2888
1.73,2880
1.74,2878
1.75,2870
1.76,2866
1.77,2864
1.78,2861
1.79,2858
1.8,2853
1.81,2850
1.82,2846
1.83,2845
1.84,2844
1.85,2841
1.87,2840
1.88,2836
1.89,2830
1.9,2826
1.91,2823
1.92,2816
1.93,2813
1.94,2809
1.95,2806
1.96,2803
1.97,2797
1.98,2795
1.99,2793
2.01,2790
2.02,2789
2.03,2786
2.04,2782
2.05,2777
2.06,2775
2.07,2773
2.08,2770
2.09,2767
2.1,2763
2.11,2759
2.12,2758
2.13,2753
2.14,2750
2.15,2745
2.16,2744
2.17,2743
2.18,2740
2.19,2739
2.2,2735
2.21,2731
2.22,2730
2.23,2723
2.24,2719
2.25,2715
2.26,2712
2.27,2711
2.28,2702
2.3,2694
2.31,2692
2.32,2686
2.33,2677
2.35,2676
2.36,2674
2.37,2673
2.38,2668
2.39,2663
2.4,2660
2.41,2659
2.42,2657
2.43,2655
2.44,2653
2.45,2652
2.46,2650
2.47,2647
2.49,2645
2.5,2641
2.51,2640
2.52,2638
2.53,2637
2.54,2636
2.55,2633
2.56,2629
2.57,2627
2.58,2625
2.59,2624
2.61,2622
2.62,2621
2.63,2617
2.64,2613
2.65,2610
2.66,2608
2.67,2605
2.68,2604
2.69,2600
2.7,2595
2.71,2588
2.72,2586
2.73,2584
2.74,2582
2.75,2578
2.76,2575
2.78,2573
2.79,2572
2.8,2571
2.81,2570
2.83,2567
2.84,2565
2.85,2564
2.86,2562
2.87,2560
2.88,2557
2.89,2556
2.9,2555
2.91,2552
2.92,2549
2.93,2548
2.95,2546
2.96,2544
2.98,2543
2.99,2542
3.01,2541
3.03,2539
3.04,2537
3.05,2536
3.07,2533
3.08,2528
3.1,2527
3.11,2525
3.13,2524
3.14,2518
3.15,2517
3.16,2516
3.17,2514
3.19,2513
3.21,2511
3.22,2510
3.23,2507
3.24,2504
3.25,2503
3.26,2500
3.27,2498
3.29,2497
3.31,2494
3.32,2492
3.33,2491
3.35,2490
3.36,2489
3.37,2488
3.4,2487
3.42,2486
3.43,2485
3.44,2484
3.5,2482
3.51,2481
3.52,2480
3.53,2479
3.55,2477
3.56,2473
3.58,2472
3.59,2471
3.61,2470
3.67,2469
3.68,2467
3.69,2466
3.7,2464
3.71,2460
3.73,2458
3.76,2457
3.77,2454
3.78,2452
3.8,2450
3.82,2448
3.83,2445
3.85,2442
3.87,2441
3.9,2439
3.92,2438
3.94,2436
3.98,2435
3.99,2432
4.01,2431
4.02,2430
4.04,2429
4.05,2426
4.06,2425
4.11,2423
4.12,2422
4.13,2420
4.15,2419
4.17,2417
4.18,2414
4.19,2412
4.2,2411
4.21,2409
4.22,2406
4.23,2405
4.24,2403
4.27,2401
4.28,2400
4.29,2399
4.33,2398
4.35,2397
4.38,2396
4.39,2395
4.4,2393
4.41,2392
4.42,2391
4.44,2389
4.47,2387
4.48,2385
4.49,2384
4.5,2379
4.51,2377
4.52,2376
4.53,2375
4.54,2373
4.55,2371
4.57,2370
4.58,2369
4.6,2368
4.62,2365
4.63,2364
4.65,2363
4.67,2362
4.68,2360
4.69,2358
4.71,2357
4.75,2354
4.76,2353
4.82,2352
4.86,2351
4.87,2350
4.88,2348
4.94,2347
4.99,2346
5.01,2343
5.02,2342
5.03,2341
5.05,2340
5.07,2339
5.08,2338
5.1,2337
5.16,2336
5.18,2335
5.21,2332
5.23,2331
5.24,2330
5.29,2329
5.3,2328
5.31,2327
5.33,2326
5.35,2325
5.36,2323
5.38,2321
5.39,2320
5.42,2318
5.46,2316
5.48,2315
5.52,2314
5.58,2313
5.61,2312
5.64,2311
5.68,2310
5.72,2309
5.73,2307
5.74,2306
5.76,2305
5.9,2304
5.93,2303
5.97,2302
6.04,2301
6.08,2300
6.1,2299
6.11,2298
6.14,2297
6.22,2296
6.23,2294
6.29,2293
6.33,2292
6.48,2291
6.5,2290
6.53,2289
6.62,2288
6.66,2287
6.67,2286
6.71,2284
6.73,2283
6.82,2282
6.87,2280
6.88,2279
7.07,2278
7.11,2277
7.17,2276
7.24,2275
7.37,2274
7.44,2273
7.45,2272
7.52,2271
7.61,2270
7.62,2269
7.71,2268
7.8,2267
7.86,2266
7.88,2265
8.01,2264
8.08,2263
8.19,2262
8.25,2261
8.3,2260
8.39,2259
8.5,2258
8.54,2257
8.79,2256
8.95,2255
9.07,2254
9.66,2253
9.85,2252
9.93,2251
10.04,2250
10.13,2249
10.3,2248
10.37,2247
10.48,2246
10.59,2245
10.62,2244
10.67,2243
10.76,2242
11.12,2241
11.18,2240
11.7,2239
11.73,2237
11.84,2236
11.95,2235
12.0,2234
12.2,2233
12.62,2232
13.05,2231
13.08,2230
13.21,2229
13.36,2228
13.65,2227
14.09,2226
14.68,2225
15.0,2224
15.72,2223
16.79,2222
17.14,2221
17.3,2220
18.56,2219
19.51,2218
20.84,2217
20.96,2216
23.12,2215
23.42,2214
26.53,2213
26.94,2212
28.05,2211
30.23,2210
45.5,2209
45.89,2208
46.26,2207
49.23,2206
60.63,2205
62.82,2204
559.15,2203
