0.0,4941
0.01,4936
0.02,4932
0.03,4928
0.04,4924
0.05,4920
0.06,4916
0.07,4912
0.08,4907
0.09,4903
0.1,4899
0.11,4895
0.12,4891
0.13,4886
0.14,4882
0.15,4878
0.16,4874
0.17,4870
0.18,4866
0.19,4862
0.2,4857
0.21,4853
0.22,4849
0.23,4845
0.24,4841
0.25,4837
0.26,4833
0.27,4828
0.28,4824
0.29,4820
0.3,4816
0.31,4812
0.32,4808
0.33,4803
0.34,4799
0.35,4795
0.36,4791
0.37,4787
0.38,4783
0.39,4779
0.4,4774
0.41,4770
0.42,4766
0.43,4762
0.44,4758
0.45,4754
0.46,4749
0.47,4745
0.48,4741
0.49,4737
0.5,4733
0.51,4729
0.52,4725
0.53,4720
0.54,4716
0.55,4712
0.56,4708
0.57,4704
0.58,4700
0.59,4696
0.6,4691
0.61,4687
0.62,4683
0.63,4679
0.64,4675
0.65,4671
0.66,4666
0.67,4662
0.68,4658
0.69,4654
0.7,4650
0.71,4646
0.72,4642
0.73,4637
0.74,4633
0.75,4629
0.76,4625
0.77,4621
0.78,4617
0.79,4613
0.8,4608
0.81,4604
0.82,4600
0.83,4596
0.84,4592
0.85,4588
0.86,4584
0.87,4580
0.88,4575
0.89,4571
0.9,4567
0.91,4563
0.92,4559
0.93,4555
0.94,4550
0.95,4546
0.96,4542
0.97,4538
0.98,4534
0.99,4530
1.0,4526
1.01,4522
1.02,4517
1.03,4513
1.04,4509
1.05,4505
1.06,4501
1.07,4497
1.08,4493
1.09,4488
1.1,4484
1.11,4480
1.12,4476
1.13,4472
1.14,4468
1.15,4464
1.16,4459
1.17,4455
1.18,4451
1.19,4447
1.2,4443
1.21,4439
1.22,4435
1.23,4431
1.24,4426
1.25,4422
1.26,4418
1.27,4414
1.28,4410
1.29,4406
1.3,4402
1.31,4398
1.32,4393
1.33,4389
1.34,4385
1.35,4381
1.36,4377
1.37,4373
1.38,4369
1.39,4364
1.4,4360
1.41,4356
1.42,4352
1.43,4348
1.44,4344
1.45,4340
1.46,4335
1.47,4331
1.48,4327
1.49,4323
1.5,4319
1.51,4315
1.52,4311
1.53,4307
1.54,4302
1.55,4298
1.56,4294
1.57,4290
1.58,4286
1.59,4282
1.6,4278
1.61,4274
1.62,4269
1.63,4265
1.64,4261
1.65,4257
1.66,4253
1.67,4249
1.68,4245
1.69,4241
1.7,4236
1.71,4232
1.72,4228
1.73,4224
1.74,4220
1.75,4216
1.76,4212
1.77,4208
1.78,4203
1.79,4199
1.8,4195
1.81,4191
1.82,4187
1.83,4183
1.84,4179
1.85,4175
1.86,4170
1.87,4166
1.88,4162
1.89,4158
1.9,4154
1.91,4150
1.92,4146
1.93,4141
1.94,4137
1.95,4133
1.96,4129
1.97,4125
1.98,4121
1.99,4117
2.0,4113
2.01,4108
2.02,4104
2.03,4100
2.04,4096
2.05,4092
2.06,4088
2.07,4084
2.08,4079
2.09,4075
2.1,4071
2.11,4067
2.12,4063
2.13,4059
2.14,4055
2.15,4051
2.16,4046
2.17,4042
2.18,4038
2.19,4034
2.2,4030
2.21,4026
2.22,4022
2.23,4017
2.24,4013
2.25,4009
2.26,4005
2.27,4001
2.28,3997
2.29,3993
2.3,3989
2.31,3985
2.32,3980
2.33,3976
2.34,3972
2.35,3968
2.36,3964
2.37,3960
2.38,3956
2.39,3951
2.4,3947
2.41,3943
2.42,3939
2.43,3935
2.44,3931
2.45,3927
2.46,3922
2.47,3918
2.48,3914
2.49,3910
2.5,3906
2.51,3902
2.52,3898
2.53,3894
2.54,3889
2.55,3885
2.56,3881
2.57,3877
2.58,3873
2.59,3869
2.6,3865
2.61,3860
2.62,3856
2.63,3852
2.64,3848
2.65,3844
2.66,3840
2.67,3836
2.68,3832
2.69,3827
2.7,3823
2.71,3819
2.72,3815
2.73,3811
2.74,3807
2.75,3803
2.76,3798
2.77,3794
2.78,3790
2.79,3786
2.8,3782
2.81,3778
2.82,3774
2.83,3770
2.84,3765
2.85,3761
2.86,3757
2.87,3753
2.88,3749
2.89,3745
2.9,3741
2.91,3737
2.92,3732
2.93,3728
2.94,3724
2.95,3720
2.96,3716
2.97,3713
2.98,3710
2.99,3706
3.0,3702
3.01,3698
3.02,3694
3.03,3690
3.04,3685
3.05,3681
3.06,3677
3.07,3673
3.08,3670
3.09,3666
3.1,3662
3.11,3659
3.12,3655
3.13,3651
3.14,3649
3.15,3645
3.16,3642
3.17,3638
3.18,3634
3.19,3631
3.2,3627
3.21,3623
3.22,3619
3.23,3616
3.24,3613
3.25,3610
3.26,3607
3.27,3604
3.28,3601
3.29,3597
3.3,3593
3.31,3590
3.32,3587
3.33,3584
3.34,3580
3.35,3576
3.36,3572
3.37,3568
3.38,3565
3.39,3561
3.4,3558
3.41,3556
3.42,3552
3.43,3549
3.44,3544
3.45,3541
3.46,3537
3.47,3534
3.48,3530
3.49,3526
3.5,3522
3.51,3519
3.52,3514
3.53,3511
3.54,3507
3.55,3504
3.56,3501
3.57,3498
3.58,3496
3.59,3492
3.6,3489
3.61,3485
3.62,3482
3.63,3479
3.64,3475
3.65,3472
3.66,3468
3.67,3463
3.68,3463
3.69,3461
3.7,3458
3.71,3456
3.72,3452
3.73,3448
3.74,3445
3.75,3442
3.76,3438
3.77,3434
3.78,3432
3.79,3430
3.8,3426
3.81,3422
3.82,3419
3.83,3417
3.84,3413
3.85,3409
3.86,3406
3.87,3402
3.88,3400
3.89,3397
3.9,3394
3.91,3391
3.92,3388
3.93,3384
3.94,3381
3.95,3379
3.96,3376
3.97,3373
3.98,3369
3.99,3366
4.0,3363
4.01,3359
4.02,3356
4.03,3352
4.04,3351
4.05,3348
4.06,3344
4.07,3342
4.08,3339
4.09,3338
4.1,3335
4.11,3332
4.12,3328
4.13,3324
4.14,3320
4.15,3317
4.16,3313
4.17,3310
4.18,3307
4.19,3304
4.2,3301
4.21,3298
4.22,3297
4.23,3294
4.24,3291
4.25,3288
4.26,3284
4.27,3282
4.28,3279
4.29,3276
4.3,3273
4.31,3270
4.32,3266
4.33,3265
4.34,3263
4.35,3259
4.36,3255
4.37,3252
4.38,3249
4.39,3245
4.4,3242
4.41,3239
4.42,3236
4.43,3232
4.44,3230
4.45,3228
4.46,3226
4.47,3222
4.48,3219
4.49,3215
4.5,3212
4.51,3208
4.52,3205
4.53,3202
4.54,3199
4.55,3195
4.56,3193
4.57,3190
4.58,3188
4.59,3184
4.6,3182
4.61,3179
4.62,3176
4.63,3173
4.64,3170
4.65,3168
4.66,3165
4.67,3161
4.68,3158
4.69,3156
4.7,3153
4.71,3149
4.72,3146
4.73,3143
4.74,3140
4.75,3136
4.76,3135
4.77,3133
4.78,3133
4.79,3131
4.8,3129
4.81,3126
4.82,3124
4.83,3120
4.84,3118
4.85,3115
4.86,3111
4.87,3109
4.88,3106
4.89,3103
4.9,3100
4.91,3096
4.92,3092
4.93,3091
4.94,3089
4.95,3088
4.96,3085
4.97,3083
4.98,3079
4.99,3076
5.0,3072
5.01,3069
5.02,3066
5.03,3063
5.04,3062
5.05,3059
5.06,3057
5.07,3055
5.08,3053
5.09,3051
5.1,3049
5.11,3045
5.12,3043
5.13,3041
5.14,3039
5.15,3037
5.16,3035
5.17,3032
5.18,3029
5.19,3027
5.2,3025
5.21,3023
5.22,3021
5.23,3019
5.24,3016
5.25,3013
5.26,3011
5.27,3010
5.28,3006
5.29,3004
5.3,3002
5.31,3000
5.32,2998
5.33,2994
5.34,2992
5.35,2989
5.36,2988
5.37,2985
5.38,2981
5.39,2978
5.4,2977
5.41,2973
5.42,2972
5.43,2970
5.44,2968
5.45,2965
5.46,2961
5.47,2958
5.48,2956
5.49,2953
5.5,2952
5.51,2950
5.52,2948
5.53,2947
5.54,2945
5.55,2943
5.56,2940
5.57,2938
5.58,2936
5.59,2934
5.6,2931
5.61,2930
5.62,2928
5.63,2925
5.64,2921
5.65,2918
5.66,2915
5.67,2913
5.68,2911
5.69,2910
5.7,2908
5.71,2906
5.72,2904
5.73,2903
5.74,2900
5.75,2898
5.76,2896
5.77,2892
5.78,2889
5.79,2887
5.8,2885
5.81,2883
5.82,2879
5.83,2877
5.84,2873
5.85,2871
5.86,2870
5.87,2867
5.88,2865
5.89,2863
5.9,2859
5.91,2858
5.92,2855
5.93,2852
5.94,2849
5.95,2848
5.96,2846
5.97,2845
5.98,2843
5.99,2840
6.0,2838
6.01,2835
6.02,2831
6.03,2829
6.04,2827
6.05,2825
6.06,2823
6.07,2820
6.08,2818
6.09,2816
6.1,2815
6.11,2812
6.12,2808
6.13,2805
6.14,2802
6.15,2800
6.16,2798
6.17,2797
6.18,2797
6.19,2796
6.2,2794
6.21,2793
6.22,2792
6.23,2791
6.24,2790
6.25,2787
6.26,2786
6.27,2783
6.28,2780
6.29,2777
6.3,2773
6.31,2771
6.32,2769
6.33,2769
6.34,2768
6.35,2765
6.36,2762
6.37,2759
6.38,2756
6.39,2754
6.4,2751
6.41,2749
6.42,2747
6.43,2744
6.44,2742
6.45,2741
6.46,2739
6.47,2737
6.48,2736
6.49,2733
6.5,2731
6.51,2730
6.52,2727
6.53,2724
6.54,2720
6.55,2718
6.56,2715
6.57,2711
6.58,2707
6.59,2705
6.6,2703
6.61,2700
6.62,2698
6.63,2697
6.64,2694
6.65,2693
6.66,2691
6.67,2689
6.68,2686
6.69,2684
6.7,2682
6.71,2680
6.72,2679
6.73,2678
6.74,2676
6.75,2674
6.76,2672
6.77,2669
6.78,2665
6.79,2662
6.8,2660
6.81,2657
6.82,2653
6.83,2649
6.84,2647
6.85,2644
6.86,2642
6.87,2641
6.88,2638
6.89,2637
6.9,2634
6.91,2631
6.92,2629
6.93,2627
6.94,2624
6.95,2623
6.96,2622
6.97,2621
6.98,2619
6.99,2619
7.0,2618
7.01,2617
7.02,2615
7.03,2614
7.04,2614
7.05,2613
7.06,2612
7.07,2612
7.08,2610
7.09,2607
7.1,2605
7.11,2604
7.12,2603
7.13,2603
7.14,2602
7.15,2601
7.16,2598
7.17,2595
7.18,2594
7.19,2591
7.2,2590
7.21,2589
7.22,2588
7.23,2587
7.24,2587
7.25,2585
7.26,2583
7.27,2582
7.28,2581
7.29,2580
7.3,2579
7.31,2577
7.32,2577
7.33,2575
7.34,2574
7.35,2571
7.37,2569
7.38,2568
7.39,2568
7.4,2567
7.41,2565
7.42,2565
7.43,2563
7.44,2561
7.45,2560
7.46,2558
7.47,2556
7.48,2555
7.49,2552
7.5,2552
7.51,2550
7.52,2547
7.53,2547
7.54,2546
7.55,2544
7.56,2542
7.57,2541
7.58,2540
7.59,2539
7.6,2539
7.61,2539
7.62,2538
7.63,2536
7.64,2535
7.65,2535
7.66,2534
7.67,2533
7.68,2532
7.69,2532
7.7,2530
7.71,2528
7.72,2527
7.73,2525
7.74,2523
7.75,2523
7.76,2522
7.77,2519
7.78,2516
7.79,2514
7.8,2514
7.81,2513
7.82,2512
7.83,2509
7.84,2508
7.85,2508
7.86,2505
7.87,2503
7.88,2502
7.89,2502
7.9,2501
7.91,2499
7.92,2497
7.93,2496
7.94,2494
7.95,2493
7.96,2492
7.97,2490
7.98,2489
7.99,2488
8.0,2488
8.01,2488
8.02,2485
8.03,2484
8.04,2483
8.05,2480
8.06,2479
8.07,2476
8.08,2474
8.09,2473
8.1,2473
8.11,2471
8.12,2470
8.13,2468
8.14,2466
8.15,2465
8.16,2465
8.17,2465
8.18,2463
8.19,2462
8.2,2462
8.21,2461
8.22,2460
8.23,2458
8.24,2458
8.25,2457
8.26,2457
8.27,2455
8.28,2454
8.29,2453
8.3,2453
8.31,2452
8.32,2451
8.33,2451
8.34,2449
8.35,2449
8.36,2448
8.37,2448
8.38,2447
8.39,2446
8.4,2446
8.41,2445
8.42,2444
8.43,2443
8.44,2442
8.45,2441
8.46,2440
8.47,2440
8.48,2439
8.49,2438
8.5,2437
8.51,2436
8.52,2435
8.53,2434
8.54,2432
8.55,2431
8.56,2430
8.57,2429
8.58,2429
8.59,2429
8.6,2427
8.61,2427
8.62,2425
8.63,2424
8.64,2422
8.65,2422
8.66,2422
8.67,2420
8.68,2419
8.69,2416
8.7,2416
8.71,2414
8.72,2413
8.73,2412
8.74,2409
8.75,2408
8.76,2407
8.77,2405
8.78,2404
8.79,2403
8.8,2401
8.81,2400
8.82,2400
8.83,2397
8.84,2397
8.85,2396
8.86,2396
8.87,2396
8.88,2394
8.89,2394
8.9,2393
8.91,2392
8.92,2391
8.93,2390
8.94,2390
8.95,2390
8.96,2388
8.97,2387
8.98,2386
8.99,2386
9.0,2386
9.01,2384
9.02,2384
9.03,2381
9.04,2380
9.05,2380
9.06,2379
9.07,2378
9.08,2378
9.09,2377
9.1,2376
9.11,2375
9.12,2374
9.13,2374
9.14,2374
9.15,2373
9.16,2373
9.17,2372
9.18,2372
9.19,2370
9.2,2369
9.21,2367
9.22,2365
9.23,2364
9.24,2363
9.25,2363
9.26,2363
9.27,2362
9.28,2361
9.29,2361
9.3,2359
9.31,2359
9.32,2355
9.33,2354
9.34,2353
9.35,2352
9.36,2351
9.37,2351
9.38,2349
9.39,2347
9.4,2346
9.41,2346
9.42,2346
9.43,2346
9.44,2344
9.45,2344
9.46,2344
9.47,2344
9.48,2344
9.49,2343
9.5,2343
9.51,2343
9.52,2343
9.53,2341
9.54,2340
9.55,2340
9.56,2340
9.57,2340
9.58,2339
9.59,2339
9.6,2339
9.61,2339
9.62,2338
9.63,2337
9.64,2337
9.65,2336
9.66,2336
9.67,2335
9.68,2335
9.69,2334
9.7,2334
9.71,2334
9.72,2334
9.73,2334
9.74,2332
9.75,2332
9.76,2332
9.77,2332
9.78,2331
9.79,2330
9.8,2330
9.81,2330
9.82,2330
9.83,2329
9.84,2329
9.85,2329
9.86,2327
9.87,2327
9.88,2326
9.89,2326
9.9,2326
9.91,2326
9.92,2326
9.93,2325
9.94,2324
9.95,2323
9.96,2322
9.97,2322
9.98,2322
9.99,2321
10.0,2321
10.01,2321
10.02,2320
10.03,2320
10.04,2318
10.05,2318
10.06,2318
10.07,2317
10.08,2316
10.09,2315
10.1,2315
10.11,2315
10.12,2315
10.13,2313
10.14,2313
10.15,2312
10.16,2312
10.17,2312
10.18,2312
10.19,2311
10.2,2311
10.21,2311
10.22,2311
10.23,2309
10.24,2309
10.25,2309
10.26,2309
10.27,2308
10.28,2308
10.29,2308
10.3,2306
10.31,2306
10.32,2306
10.33,2306
10.34,2306
10.35,2306
10.36,2306
10.37,2306
10.38,2305
10.39,2304
10.4,2304
10.41,2304
10.42,2304
10.43,2303
10.44,2303
10.45,2303
10.46,2303
10.47,2302
10.48,2302
10.49,2302
10.5,2301
10.51,2301
10.52,2301
10.53,2301
10.54,2300
10.55,2299
10.56,2298
10.57,2298
10.58,2298
10.59,2298
10.6,2298
10.61,2298
10.62,2298
10.63,2298
10.64,2298
10.65,2298
10.66,2297
10.67,2296
10.68,2296
10.69,2296
10.7,2296
10.71,2295
10.72,2295
10.73,2295
10.74,2295
10.75,2295
10.76,2295
10.77,2295
10.78,2295
10.79,2295
10.8,2295
10.81,2295
10.82,2295
10.83,2295
10.84,2295
10.85,2295
10.86,2295
10.87,2295
10.88,2294
10.89,2294
10.9,2294
10.91,2294
10.92,2294
10.93,2294
10.94,2293
10.95,2293
10.96,2293
10.97,2293
10.98,2292
10.99,2292
11.0,2291
11.01,2291
11.02,2291
11.03,2290
11.04,2290
11.05,2290
11.06,2289
11.07,2289
11.08,2288
11.09,2287
11.1,2287
11.11,2286
11.12,2286
11.13,2286
11.14,2285
11.15,2285
11.16,2285
11.17,2285
11.18,2285
11.19,2285
11.2,2285
11.21,2285
11.22,2285
11.23,2285
11.24,2285
11.25,2285
11.26,2285
11.27,2285
11.28,2285
11.29,2285
11.3,2285
11.31,2285
11.32,2285
11.33,2284
11.34,2284
11.35,2284
11.36,2284
11.37,2284
11.38,2284
11.39,2284
11.4,2283
11.41,2283
11.42,2283
11.43,2283
11.44,2283
11.45,2283
11.46,2283
11.47,2283
11.48,2283
11.49,2283
11.5,2283
11.51,2282
11.52,2282
11.53,2282
11.54,2282
11.55,2282
11.56,2282
11.57,2282
11.58,2281
11.59,2281
11.6,2281
11.61,2281
11.62,2281
11.63,2281
11.64,2281
11.65,2281
11.66,2281
11.67,2281
11.68,2281
