0.0,4941
0.01,4936
0.02,4932
0.03,4928
0.04,4924
0.05,4919
0.06,4915
0.07,4911
0.08,4907
0.09,4903
0.1,4898
0.11,4894
0.12,4890
0.13,4886
0.14,4882
0.15,4877
0.16,4873
0.17,4869
0.18,4865
0.19,4861
0.2,4857
0.21,4852
0.22,4848
0.23,4844
0.24,4840
0.25,4836
0.26,4831
0.27,4827
0.28,4823
0.29,4819
0.3,4815
0.31,4810
0.32,4806
0.33,4802
0.34,4798
0.35,4794
0.36,4790
0.37,4785
0.38,4781
0.39,4777
0.4,4773
0.41,4768
0.42,4764
0.43,4760
0.44,4756
0.45,4752
0.46,4747
0.47,4743
0.48,4739
0.49,4735
0.5,4731
0.51,4726
0.52,4722
0.53,4718
0.54,4714
0.55,4710
0.56,4705
0.57,4701
0.58,4697
0.59,4693
0.6,4689
0.61,4684
0.62,4680
0.63,4676
0.64,4672
0.65,4668
0.66,4664
0.67,4659
0.68,4655
0.69,4651
0.7,4647
0.71,4643
0.72,4639
0.73,4634
0.74,4630
0.75,4626
0.76,4622
0.77,4618
0.78,4613
0.79,4609
0.8,4605
0.81,4601
0.82,4599
0.83,4596
0.84,4592
0.85,4588
0.86,4584
0.87,4580
0.88,4575
0.89,4571
0.9,4567
0.91,4563
0.92,4559
0.93,4554
0.94,4550
0.95,4546
0.96,4542
0.97,4538
0.98,4534
0.99,4529
1.0,4525
1.01,4521
1.02,4517
1.03,4513
1.04,4508
1.05,4504
1.06,4500
1.07,4496
1.08,4492
1.09,4487
1.1,4483
1.11,4479
1.12,4475
1.13,4471
1.14,4467
1.15,4462
1.16,4458
1.17,4454
1.18,4450
1.19,4446
1.2,4442
1.21,4437
1.22,4433
1.23,4429
1.24,4425
1.25,4421
1.26,4417
1.27,4412
1.28,4408
1.29,4404
1.3,4400
1.31,4396
1.32,4392
1.33,4387
1.34,4383
1.35,4379
1.36,4375
1.37,4371
1.38,4366
1.39,4362
1.4,4358
1.41,4354
1.42,4350
1.43,4346
1.44,4341
1.45,4337
1.46,4333
1.47,4329
1.48,4325
1.49,4321
1.5,4316
1.51,4313
1.52,4309
1.53,4304
1.54,4300
1.55,4296
1.56,4292
1.57,4288
1.58,4283
1.59,4279
1.6,4275
1.61,4271
1.62,4267
1.63,4263
1.64,4258
1.65,4254
1.66,4250
1.67,4246
1.68,4242
1.69,4238
1.7,4233
1.71,4229
1.72,4225
1.73,4221
1.74,4217
1.75,4212
1.76,4208
1.77,4204
1.78,4200
1.79,4196
1.8,4192
1.81,4187
1.82,4183
1.83,4179
1.84,4175
1.85,4171
1.86,4166
1.87,4162
1.88,4158
1.89,4154
1.9,4150
1.91,4146
1.92,4141
1.93,4137
1.94,4133
1.95,4129
1.96,4125
1.97,4121
1.98,4116
1.99,4112
2.0,4108
2.01,4104
2.02,4100
2.03,4096
2.04,4091
2.05,4087
2.06,4083
2.07,4079
2.08,4075
2.09,4071
2.1,4066
2.11,4062
2.12,4058
2.13,4054
2.14,4050
2.15,4046
2.16,4041
2.17,4037
2.18,4033
2.19,4029
2.2,4025
2.21,4021
2.22,4016
2.23,4012
2.24,4008
2.25,4004
2.26,4000
2.27,3996
2.28,3992
2.29,3987
2.3,3983
2.31,3979
2.32,3975
2.33,3971
2.34,3967
2.35,3962
2.36,3958
2.37,3954
2.38,3950
2.39,3946
2.4,3941
2.41,3937
2.42,3933
2.43,3929
2.44,3925
2.45,3921
2.46,3916
2.47,3912
2.48,3908
2.49,3904
2.5,3900
2.51,3896
2.52,3891
2.53,3887
2.54,3883
2.55,3879
2.56,3875
2.57,3871
2.58,3866
2.59,3862
2.6,3858
2.61,3854
2.62,3850
2.63,3845
2.64,3841
2.65,3837
2.66,3833
2.67,3829
2.68,3825
2.69,3821
2.7,3816
2.71,3812
2.72,3808
2.73,3804
2.74,3800
2.75,3796
2.76,3791
2.77,3787
2.78,3783
2.79,3780
2.8,3776
2.81,3771
2.82,3767
2.83,3763
2.84,3759
2.85,3755
2.86,3750
2.87,3746
2.88,3742
2.89,3738
2.9,3734
2.91,3730
2.92,3725
2.93,3721
2.94,3717
2.95,3714
2.96,3710
2.97,3707
2.98,3703
2.99,3698
3.0,3695
3.01,3691
3.02,3688
3.03,3684
3.04,3680
3.05,3676
3.06,3674
3.07,3671
3.08,3667
3.09,3664
3.1,3660
3.11,3656
3.12,3652
3.13,3648
3.14,3645
3.15,3641
3.16,3638
3.17,3635
3.18,3630
3.19,3627
3.2,3623
3.21,3620
3.22,3616
3.23,3611
3.24,3607
3.25,3604
3.26,3601
3.27,3597
3.28,3595
3.29,3591
3.3,3587
3.31,3583
3.32,3581
3.33,3577
3.34,3572
3.35,3568
3.36,3564
3.37,3560
3.38,3556
3.39,3552
3.4,3547
3.41,3543
3.42,3542
3.43,3538
3.44,3534
3.45,3530
3.46,3526
3.47,3523
3.48,3519
3.49,3515
3.5,3511
3.51,3509
3.52,3505
3.53,3500
3.54,3496
3.55,3493
3.56,3492
3.57,3489
3.58,3485
3.59,3481
3.6,3478
3.61,3475
3.62,3472
3.63,3470
3.64,3466
3.65,3463
3.66,3460
3.67,3456
3.68,3451
3.69,3449
3.7,3445
3.71,3441
3.72,3437
3.73,3433
3.74,3430
3.75,3429
3.76,3425
3.77,3421
3.78,3418
3.79,3415
3.8,3411
3.81,3409
3.82,3406
3.83,3403
3.84,3400
3.85,3396
3.86,3393
3.87,3390
3.88,3387
3.89,3384
3.9,3381
3.91,3378
3.92,3373
3.93,3370
3.94,3366
3.95,3363
3.96,3360
3.97,3356
3.98,3354
3.99,3350
4.0,3348
4.01,3346
4.02,3343
4.03,3340
4.04,3335
4.05,3332
4.06,3329
4.07,3325
4.08,3323
4.09,3320
4.1,3317
4.11,3314
4.12,3310
4.13,3308
4.14,3305
4.15,3302
4.16,3299
4.17,3297
4.18,3293
4.19,3289
4.2,3286
4.21,3283
4.22,3280
4.23,3276
4.24,3273
4.25,3269
4.26,3264
4.27,3261
4.28,3257
4.29,3256
4.3,3253
4.31,3249
4.32,3248
4.33,3245
4.34,3242
4.35,3238
4.36,3236
4.37,3233
4.38,3230
4.39,3226
4.4,3223
4.41,3220
4.42,3217
4.43,3213
4.44,3212
4.45,3210
4.46,3209
4.47,3207
4.48,3203
4.49,3201
4.5,3198
4.52,3195
4.53,3192
4.54,3189
4.55,3185
4.56,3181
4.57,3178
4.58,3174
4.59,3173
4.6,3171
4.61,3167
4.62,3164
4.63,3162
4.64,3159
4.65,3155
4.66,3154
4.67,3150
4.68,3148
4.69,3144
4.7,3142
4.71,3140
4.72,3138
4.73,3135
4.74,3131
4.75,3129
4.76,3128
4.77,3126
4.78,3122
4.79,3120
4.8,3117
4.81,3116
4.82,3115
4.83,3113
4.84,3110
4.85,3107
4.86,3105
4.87,3102
4.88,3098
4.89,3096
4.9,3094
4.91,3090
4.92,3087
4.93,3084
4.94,3081
4.95,3078
4.96,3075
4.97,3073
4.98,3070
4.99,3067
5.0,3064
5.01,3062
5.02,3059
5.03,3056
5.04,3054
5.05,3052
5.06,3049
5.07,3047
5.08,3044
5.09,3041
5.1,3038
5.11,3035
5.12,3032
5.13,3030
5.14,3028
5.15,3026
5.16,3024
5.17,3020
5.18,3017
5.19,3013
5.2,3010
5.21,3008
5.22,3006
5.23,3002
5.24,2999
5.25,2997
5.26,2994
5.27,2991
5.28,2990
5.29,2986
5.3,2982
5.31,2980
5.32,2976
5.33,2974
5.34,2970
5.35,2966
5.36,2966
5.37,2965
5.38,2962
5.39,2958
5.4,2957
5.41,2954
5.42,2952
5.43,2949
5.44,2948
5.45,2944
5.46,2942
5.47,2939
5.48,2936
5.49,2933
5.5,2931
5.51,2928
5.52,2924
5.53,2921
5.54,2918
5.55,2916
5.56,2912
5.57,2910
5.58,2905
5.59,2902
5.6,2901
5.61,2899
5.62,2895
5.63,2893
5.64,2892
5.65,2889
5.66,2887
5.67,2887
5.68,2885
5.69,2882
5.7,2878
5.71,2877
5.72,2874
5.73,2872
5.74,2869
5.75,2866
5.76,2863
5.77,2860
5.78,2857
5.79,2856
5.8,2855
5.81,2854
5.82,2853
5.83,2851
5.84,2848
5.85,2846
5.86,2844
5.87,2841
5.88,2839
5.89,2836
5.9,2832
5.91,2830
5.92,2828
5.93,2825
5.94,2824
5.95,2823
5.96,2821
5.97,2818
5.98,2815
5.99,2812
6.0,2811
6.01,2809
6.02,2805
6.03,2803
6.04,2800
6.05,2799
6.06,2797
6.07,2793
6.08,2791
6.09,2789
6.1,2786
6.11,2784
6.12,2780
6.13,2778
6.14,2775
6.15,2772
6.16,2770
6.17,2767
6.18,2765
6.19,2762
6.2,2759
6.21,2757
6.22,2755
6.23,2752
6.24,2750
6.25,2747
6.26,2744
6.27,2742
6.28,2738
6.29,2733
6.3,2729
6.31,2728
6.32,2726
6.33,2722
6.34,2719
6.35,2718
6.36,2715
6.37,2712
6.38,2712
6.39,2710
6.4,2709
6.41,2708
6.42,2705
6.43,2702
6.44,2701
6.45,2699
6.46,2696
6.47,2694
6.48,2694
6.49,2693
6.5,2691
6.51,2688
6.52,2686
6.53,2684
6.54,2683
6.55,2680
6.56,2679
6.57,2677
6.58,2675
6.59,2673
6.6,2671
6.61,2668
6.62,2667
6.63,2665
6.64,2663
6.65,2661
6.66,2657
6.67,2655
6.68,2653
6.69,2652
6.7,2652
6.71,2649
6.72,2648
6.73,2647
6.74,2645
6.75,2642
6.76,2640
6.77,2638
6.78,2637
6.79,2637
6.8,2636
6.81,2633
6.82,2632
6.83,2631
6.84,2629
6.85,2627
6.86,2626
6.87,2625
6.88,2623
6.89,2622
6.9,2620
6.91,2619
6.92,2618
6.93,2618
6.94,2615
6.95,2614
6.96,2613
6.97,2612
6.98,2610
6.99,2610
7.0,2610
7.01,2609
7.02,2609
7.03,2608
7.04,2608
7.05,2606
7.06,2605
7.07,2604
7.08,2602
7.09,2601
7.1,2598
7.11,2598
7.12,2598
7.13,2596
7.14,2596
7.15,2593
7.16,2590
7.17,2590
7.18,2589
7.19,2588
7.2,2587
7.21,2585
7.22,2584
7.23,2581
7.24,2581
7.25,2579
7.26,2579
7.27,2576
7.28,2574
7.29,2570
7.3,2568
7.31,2565
7.32,2564
7.33,2562
7.34,2560
7.35,2558
7.36,2558
7.37,2557
7.38,2557
7.39,2556
7.4,2554
7.41,2553
7.42,2552
7.43,2551
7.44,2551
7.45,2551
7.46,2550
7.47,2549
7.48,2546
7.49,2546
7.5,2544
7.51,2544
7.52,2544
7.53,2542
7.54,2540
7.55,2538
7.56,2537
7.57,2535
7.58,2534
7.59,2533
7.6,2532
7.61,2531
7.62,2529
7.63,2529
7.64,2528
7.65,2524
7.66,2523
7.67,2521
7.68,2520
7.69,2518
7.7,2517
7.71,2516
7.72,2512
7.73,2509
7.74,2507
7.75,2506
7.76,2505
7.77,2504
7.78,2503
7.79,2502
7.8,2501
7.81,2500
7.82,2500
7.83,2500
7.84,2499
7.85,2498
7.86,2497
7.87,2495
7.88,2494
7.89,2493
7.9,2491
7.91,2491
7.92,2490
7.93,2489
7.94,2488
7.95,2484
7.96,2482
7.97,2481
7.98,2480
7.99,2477
8.0,2476
8.01,2476
8.02,2475
8.03,2472
8.04,2471
8.05,2470
8.06,2470
8.07,2470
8.08,2470
8.09,2468
8.1,2466
8.11,2466
8.12,2465
8.13,2463
8.14,2462
8.15,2460
8.16,2459
8.17,2458
8.18,2457
8.19,2456
8.2,2454
8.21,2452
8.22,2450
8.23,2449
8.24,2449
8.25,2448
8.26,2446
8.27,2444
8.28,2442
8.29,2442
8.3,2442
8.31,2441
8.32,2441
8.33,2440
8.34,2439
8.35,2438
8.36,2436
8.37,2434
8.38,2434
8.39,2433
8.4,2433
8.41,2433
8.42,2431
8.43,2430
8.44,2429
8.45,2427
8.46,2426
8.47,2426
8.48,2423
8.49,2421
8.5,2420
8.51,2419
8.52,2419
8.53,2418
8.54,2417
8.55,2416
8.56,2415
8.57,2414
8.58,2413
8.59,2412
8.6,2411
8.61,2411
8.62,2411
8.63,2410
8.64,2409
8.65,2409
8.66,2408
8.67,2407
8.68,2406
8.69,2406
8.7,2405
8.71,2402
8.72,2401
8.73,2400
8.74,2398
8.75,2398
8.76,2396
8.77,2396
8.78,2396
8.79,2395
8.8,2395
8.81,2395
8.82,2395
8.83,2394
8.84,2393
8.85,2392
8.86,2390
8.87,2389
8.88,2388
8.89,2387
8.9,2386
8.91,2383
8.92,2383
8.93,2380
8.94,2379
8.95,2378
8.96,2377
8.97,2377
8.98,2376
8.99,2374
9.0,2372
9.01,2370
9.02,2370
9.03,2369
9.04,2367
9.05,2366
9.06,2366
9.07,2366
9.08,2366
9.09,2365
9.1,2364
9.11,2363
9.12,2362
9.13,2361
9.14,2359
9.15,2358
9.16,2357
9.17,2355
9.18,2354
9.19,2353
9.2,2353
9.21,2350
9.22,2350
9.23,2350
9.24,2348
9.25,2347
9.26,2346
9.27,2344
9.28,2344
9.29,2344
9.3,2343
9.31,2343
9.32,2343
9.33,2343
9.34,2342
9.35,2342
9.36,2342
9.37,2341
9.38,2341
9.39,2341
9.4,2341
9.41,2341
9.42,2341
9.43,2340
9.44,2340
9.45,2339
9.46,2338
9.47,2338
9.48,2337
9.49,2336
9.5,2335
9.51,2334
9.52,2333
9.53,2332
9.54,2331
9.55,2330
9.56,2330
9.57,2330
9.58,2330
9.59,2330
9.6,2329
9.61,2329
9.62,2329
9.63,2328
9.64,2328
9.65,2327
9.66,2327
9.67,2327
9.68,2325
9.69,2324
9.7,2324
9.71,2324
9.72,2323
9.73,2323
9.74,2322
9.75,2322
9.76,2322
9.77,2321
9.78,2321
9.79,2321
9.8,2321
9.81,2321
9.82,2321
9.83,2321
9.84,2321
9.85,2321
9.86,2321
9.87,2320
9.88,2320
9.89,2320
9.9,2320
9.91,2320
9.92,2320
9.93,2320
9.94,2319
9.95,2319
9.96,2317
9.97,2316
9.98,2315
9.99,2313
10.0,2312
10.01,2312
10.02,2311
10.03,2311
10.04,2309
10.05,2309
10.06,2309
10.07,2308
10.08,2308
10.09,2307
10.1,2307
10.11,2307
10.12,2307
10.13,2307
10.14,2307
10.15,2307
10.16,2306
10.17,2306
10.18,2305
10.19,2305
10.2,2305
10.21,2305
10.22,2304
10.23,2304
10.24,2303
10.25,2302
10.26,2302
10.27,2302
10.28,2301
10.29,2300
10.3,2299
10.31,2299
10.32,2299
10.33,2299
10.34,2299
10.35,2299
10.36,2298
10.37,2298
10.38,2297
10.39,2297
10.4,2297
10.41,2297
10.42,2297
10.43,2297
10.44,2297
10.45,2297
10.46,2297
10.47,2297
10.48,2297
10.49,2297
10.5,2297
10.51,2297
10.52,2297
10.53,2297
10.54,2297
10.55,2296
10.56,2295
10.57,2295
10.58,2295
10.59,2295
10.6,2295
10.61,2295
10.62,2293
10.63,2293
10.64,2293
10.65,2293
10.66,2293
10.67,2293
10.68,2293
10.69,2293
10.7,2293
10.71,2293
10.72,2293
10.73,2293
10.74,2292
10.75,2292
10.76,2292
10.77,2292
10.78,2291
10.79,2291
10.8,2290
10.81,2289
10.82,2288
10.83,2287
10.84,2287
10.85,2287
10.86,2287
10.87,2287
10.88,2287
10.89,2287
10.9,2286
10.91,2286
10.92,2286
10.93,2286
10.94,2286
10.95,2286
10.96,2286
10.97,2285
10.98,2285
10.99,2285
11.0,2285
11.01,2284
11.02,2284
11.03,2284
11.04,2283
11.05,2283
11.06,2283
11.07,2283
11.08,2283
11.09,2283
11.1,2283
11.11,2283
11.12,2283
11.13,2283
11.14,2283
11.15,2283
11.16,2282
11.17,2282
11.18,2282
11.19,2282
11.2,2282
11.21,2282
11.22,2282
11.23,2282
11.24,2282
11.25,2282
11.26,2282
11.27,2282
11.28,2282
11.29,2282
11.3,2282
11.31,2282
11.32,2281
11.33,2281
11.34,2281
11.35,2281
11.36,2281
11.37,2281
11.38,2281
11.39,2281
11.4,2281
11.41,2281
11.42,2281
11.43,2280
11.44,2280
11.45,2280
11.46,2280
11.47,2280
11.48,2279
11.49,2279
11.5,2279
11.51,2279
11.52,2279
11.53,2279
11.54,2279
11.55,2279
11.56,2279
