0.0,4898
0.01,4831
0.02,4760
0.03,4691
0.04,4633
0.05,4589
0.06,4533
0.07,4482
0.08,4441
0.09,4393
0.1,4357
0.11,4312
0.12,4266
0.13,4223
0.14,4186
0.15,4154
0.16,4112
0.17,4074
0.18,4043
0.19,4008
0.2,3974
0.21,3950
0.22,3926
0.23,3897
0.24,3867
0.25,3843
0.26,3815
0.27,3796
0.28,3767
0.29,3748
0.3,3723
0.31,3701
0.32,3688
0.33,3660
0.34,3627
0.35,3606
0.36,3578
0.37,3557
0.38,3535
0.39,3511
0.4,3492
0.41,3480
0.42,3463
0.43,3452
0.44,3440
0.45,3419
0.46,3398
0.47,3377
0.48,3364
0.49,3349
0.5,3336
0.51,3322
0.52,3313
0.53,3291
0.54,3280
0.55,3268
0.56,3249
0.57,3235
0.58,3218
0.59,3207
0.6,3193
0.61,3177
0.62,3166
0.63,3153
0.64,3141
0.65,3129
0.66,3123
0.67,3110
0.68,3098
0.69,3078
0.7,3072
0.71,3063
0.72,3048
0.73,3032
0.74,3023
0.75,3008
0.76,2998
0.77,2992
0.78,2983
0.79,2974
0.8,2972
0.81,2962
0.82,2954
0.83,2949
0.84,2941
0.85,2934
0.86,2925
0.87,2916
0.88,2911
0.89,2902
0.9,2896
0.91,2891
0.92,2885
0.93,2878
0.94,2867
0.95,2860
0.96,2852
0.97,2839
0.98,2834
0.99,2829
1.0,2821
1.01,2813
1.02,2809
1.03,2803
1.04,2796
1.05,2787
1.06,2775
1.07,2767
1.08,2765
1.09,2761
1.1,2758
1.11,2751
1.12,2743
1.13,2741
1.14,2733
1.15,2726
1.16,2723
1.17,2716
1.18,2709
1.19,2706
1.2,2702
1.21,2698
1.22,2692
1.23,2690
1.24,2685
1.25,2673
1.26,2667
1.27,2660
1.28,2653
1.29,2648
1.3,2646
1.31,2639
1.32,2633
1.33,2630
1.34,2624
1.35,2623
1.36,2620
1.37,2617
1.38,2613
1.39,2608
1.4,2604
1.41,2601
1.42,2598
1.43,2598
1.44,2592
1.45,2588
1.46,2587
1.47,2583
1.48,2580
1.49,2576
1.5,2575
1.51,2572
1.52,2565
1.53,2557
1.54,2556
1.55,2554
1.56,2551
1.57,2550
1.58,2547
1.59,2544
1.6,2543
1.61,2539
1.62,2537
1.63,2535
1.64,2532
1.65,2529
1.66,2527
1.67,2525
1.68,2525
1.69,2521
1.7,2519
1.71,2516
1.72,2512
1.73,2510
1.74,2507
1.75,2507
1.76,2502
1.77,2501
1.78,2496
1.79,2494
1.8,2492
1.81,2489
1.82,2486
1.83,2485
1.84,2482
1.85,2481
1.86,2480
1.87,2479
1.88,2479
1.89,2475
1.9,2473
1.91,2469
1.92,2466
1.93,2463
1.94,2462
1.95,2460
1.96,2457
1.97,2456
1.98,2453
1.99,2452
2.0,2450
2.01,2448
2.02,2448
2.03,2448
2.04,2447
2.05,2446
2.06,2444
2.07,2441
2.08,2439
2.09,2439
2.1,2437
2.11,2436
2.12,2435
2.13,2434
2.14,2434
2.15,2433
2.16,2431
2.17,2428
2.18,2428
2.19,2427
2.2,2427
2.21,2426
2.22,2425
2.23,2423
2.24,2422
2.25,2421
2.26,2421
2.27,2421
2.28,2418
2.29,2418
2.3,2416
2.31,2414
2.32,2412
2.33,2408
2.34,2407
2.35,2405
2.36,2404
2.37,2403
2.38,2403
2.39,2401
2.4,2400
2.41,2399
2.42,2399
2.43,2397
2.44,2397
2.45,2396
2.46,2394
2.47,2391
2.48,2390
2.49,2390
2.5,2390
2.51,2389
2.52,2388
2.53,2387
2.54,2386
2.55,2384
2.56,2383
2.57,2383
2.58,2381
2.59,2380
2.6,2374
2.61,2374
2.62,2374
2.63,2374
2.64,2374
2.65,2372
2.66,2372
2.67,2371
2.68,2371
2.69,2371
2.7,2370
2.71,2369
2.72,2369
2.73,2368
2.74,2367
2.75,2366
2.76,2365
2.77,2365
2.78,2365
2.79,2364
2.8,2363
2.81,2362
2.82,2362
2.83,2362
2.84,2361
2.85,2361
2.86,2361
2.87,2360
2.88,2360
2.89,2360
2.9,2357
2.91,2357
2.92,2356
2.93,2356
2.94,2355
2.95,2355
2.96,2354
2.97,2353
2.98,2351
2.99,2351
3.0,2350
3.01,2348
3.02,2348
3.03,2347
3.04,2346
3.05,2345
3.06,2345
3.07,2343
3.08,2339
3.09,2339
3.1,2339
3.11,2339
3.12,2339
3.13,2337
3.14,2337
3.15,2335
3.16,2335
3.17,2335
3.18,2333
3.19,2332
3.2,2332
3.21,2331
3.22,2331
3.23,2331
3.24,2330
3.25,2330
3.26,2329
3.27,2328
3.28,2328
3.29,2327
3.3,2327
3.31,2325
3.32,2325
3.33,2325
3.34,2324
3.35,2324
3.36,2324
3.37,2324
3.38,2324
3.39,2323
3.4,2323
3.41,2322
3.42,2320
3.43,2319
3.44,2319
3.45,2318
3.46,2317
3.47,2316
3.48,2315
3.49,2315
3.5,2315
3.51,2315
3.52,2313
3.53,2312
3.54,2312
3.55,2312
3.56,2312
3.57,2312
3.58,2311
3.59,2311
3.6,2310
3.61,2308
3.62,2308
3.63,2308
3.64,2308
3.65,2308
3.66,2308
3.67,2307
3.68,2307
3.69,2303
3.7,2303
3.71,2303
3.72,2302
3.73,2301
3.74,2301
3.75,2301
3.76,2301
3.77,2301
3.78,2299
3.79,2299
3.8,2299
3.81,2299
3.82,2299
3.83,2299
3.84,2298
3.85,2297
3.86,2296
3.87,2296
3.88,2296
3.89,2295
3.9,2294
3.91,2294
3.92,2294
3.93,2292
3.94,2291
3.95,2290
3.96,2288
3.97,2288
3.98,2287
3.99,2286
4.0,2286
4.01,2286
4.02,2286
4.03,2285
4.04,2285
4.05,2284
4.06,2283
4.07,2282
4.08,2282
4.09,2282
4.1,2282
4.11,2282
4.12,2281
4.13,2281
4.14,2281
4.15,2281
4.16,2281
4.17,2281
4.18,2280
4.19,2279
4.2,2278
4.21,2278
4.22,2277
4.23,2277
4.24,2276
4.25,2276
4.26,2275
4.27,2275
4.28,2275
4.29,2275
4.3,2274
4.31,2274
4.32,2274
4.33,2273
4.34,2272
4.35,2272
4.36,2272
4.37,2272
4.38,2272
4.39,2272
4.4,2272
4.41,2272
4.42,2272
4.43,2272
4.44,2271
4.45,2271
4.46,2271
4.47,2270
4.48,2270
4.49,2270
4.5,2270
4.51,2270
4.52,2270
4.53,2270
4.54,2270
4.55,2270
4.56,2270
4.57,2270
4.58,2269
4.59,2269
4.6,2268
4.61,2268
4.62,2268
4.63,2267
4.64,2266
4.65,2266
4.66,2266
4.67,2264
4.68,2263
4.69,2263
4.7,2262
4.71,2261
4.72,2261
4.73,2261
4.74,2261
4.75,2261
4.76,2260
4.77,2260
4.78,2260
4.79,2260
4.8,2260
4.81,2260
4.82,2260
4.83,2260
4.84,2259
4.85,2259
4.86,2259
4.87,2258
4.88,2258
4.89,2258
4.9,2258
4.91,2257
4.92,2257
4.93,2257
4.94,2257
4.95,2257
4.96,2257
4.97,2257
4.98,2256
4.99,2255
5.0,2255
5.01,2254
5.02,2253
5.03,2253
5.04,2253
5.05,2253
5.06,2253
5.07,2253
5.08,2253
5.09,2253
5.1,2253
5.11,2251
5.12,2251
5.13,2251
5.14,2251
5.15,2251
5.16,2251
5.17,2251
5.18,2251
5.19,2251
5.2,2251
5.21,2251
5.22,2251
5.23,2251
5.24,2251
5.25,2251
5.26,2251
5.27,2251
5.28,2250
5.29,2249
5.3,2249
5.31,2249
5.32,2249
5.33,2249
5.34,2249
5.35,2249
5.36,2249
5.37,2249
5.38,2249
5.39,2249
5.4,2249
5.41,2249
5.42,2249
5.43,2249
5.44,2249
5.45,2249
5.46,2249
5.47,2249
5.48,2249
5.49,2249
5.5,2249
5.51,2249
5.52,2248
5.53,2248
5.54,2248
5.55,2248
5.56,2248
5.57,2248
5.58,2248
5.59,2248
5.6,2248
5.61,2248
5.62,2248
5.63,2248
5.64,2247
5.65,2246
5.66,2245
5.67,2245
5.68,2244
5.69,2244
5.7,2244
5.71,2244
5.72,2243
5.73,2243
5.74,2243
5.75,2243
5.76,2243
5.77,2243
5.78,2243
5.79,2242
5.8,2242
5.81,2242
5.82,2242
5.83,2242
5.84,2242
5.85,2242
5.86,2242
5.87,2242
5.88,2242
5.89,2242
5.9,2241
5.91,2241
5.92,2241
5.93,2241
5.94,2241
5.95,2241
5.96,2241
5.97,2241
5.98,2241
5.99,2240
6.0,2239
6.01,2239
6.02,2239
6.03,2239
6.04,2239
6.05,2239
6.06,2238
6.07,2238
6.08,2238
6.09,2238
6.1,2238
6.11,2238
6.12,2238
6.13,2238
6.14,2238
6.15,2238
6.16,2238
6.17,2238
6.18,2237
6.19,2237
6.2,2237
6.21,2237
6.22,2237
6.23,2237
6.24,2237
6.25,2237
6.26,2237
6.27,2237
6.28,2237
6.29,2237
6.3,2237
6.31,2237
6.32,2237
6.33,2237
6.34,2237
6.35,2237
6.36,2237
6.37,2237
6.38,2237
6.39,2236
6.4,2236
6.41,2236
6.42,2236
6.43,2235
6.44,2235
6.45,2235
6.46,2235
6.47,2234
6.48,2234
6.49,2234
6.5,2233
6.51,2233
6.52,2233
6.53,2232
6.54,2232
6.55,2232
6.56,2232
6.57,2232
6.58,2232
6.59,2232
6.6,2232
6.61,2232
6.62,2232
6.63,2232
6.64,2232
6.65,2232
6.66,2232
6.67,2232
6.68,2232
6.69,2231
6.7,2231
6.71,2231
6.72,2231
6.73,2231
6.74,2231
6.75,2231
6.76,2231
6.77,2231
6.78,2231
6.79,2231
6.8,2231
6.81,2231
6.82,2231
6.83,2231
6.84,2231
6.85,2231
6.86,2231
6.87,2231
6.88,2231
6.89,2231
6.9,2231
6.91,2230
6.92,2230
6.93,2230
6.94,2230
6.95,2230
6.96,2230
6.97,2230
6.98,2230
6.99,2230
7.0,2230
7.01,2230
7.02,2230
7.03,2230
7.04,2230
7.05,2230
7.06,2230
7.07,2230
7.08,2230
7.09,2230
7.1,2230
7.11,2230
7.12,2230
7.13,2230
7.14,2230
7.15,2230
7.16,2230
7.17,2229
7.18,2229
7.19,2229
7.2,2229
7.21,2229
7.22,2229
7.23,2229
7.24,2229
7.25,2229
7.26,2229
7.27,2229
7.28,2229
7.29,2229
7.3,2229
7.31,2228
7.32,2228
7.33,2228
7.34,2228
7.35,2228
7.36,2228
7.37,2227
7.38,2227
7.39,2227
7.4,2227
7.41,2227
7.42,2227
7.43,2227
7.44,2227
7.45,2227
7.46,2227
7.47,2227
7.48,2227
7.49,2227
7.5,2227
7.51,2227
7.52,2227
7.53,2227
7.54,2227
7.55,2227
7.56,2227
7.57,2227
7.58,2227
7.59,2227
7.6,2227
7.61,2227
7.62,2227
7.63,2227
7.64,2227
7.65,2227
7.66,2227
7.67,2227
7.68,2227
7.69,2227
7.7,2227
7.71,2227
7.72,2227
7.73,2226
7.74,2226
7.75,2226
7.76,2226
7.77,2225
7.78,2225
7.79,2225
7.8,2225
7.81,2225
7.82,2225
7.83,2225
7.84,2225
7.85,2225
7.86,2225
7.87,2225
7.88,2225
7.89,2225
7.9,2225
7.91,2225
7.92,2225
7.93,2225
7.94,2225
7.95,2225
7.96,2224
7.97,2224
7.98,2223
7.99,2223
8.0,2223
8.01,2223
8.02,2223
8.03,2223
8.04,2223
8.05,2223
8.06,2223
8.07,2223
8.08,2223
8.09,2223
8.1,2223
8.11,2223
8.12,2223
8.13,2223
8.14,2223
8.15,2223
8.16,2223
8.17,2223
8.18,2223
8.19,2223
8.2,2223
8.21,2223
8.22,2223
8.23,2223
8.24,2223
8.25,2223
8.26,2223
8.27,2223
8.28,2223
8.29,2222
8.3,2222
8.31,2222
8.32,2222
8.33,2222
8.34,2222
8.35,2222
8.36,2222
8.37,2222
8.38,2222
8.39,2222
8.4,2222
8.41,2222
8.42,2222
8.43,2222
8.44,2222
8.45,2222
8.46,2222
8.47,2222
8.48,2222
8.49,2222
8.5,2222
8.51,2222
8.52,2222
8.53,2222
8.54,2222
8.55,2222
8.56,2222
8.57,2222
8.58,2222
8.59,2222
8.6,2222
8.61,2222
8.62,2222
8.63,2222
8.64,2222
8.65,2222
8.66,2222
8.67,2222
8.68,2222
8.69,2222
8.7,2222
8.71,2222
8.72,2222
8.73,2222
8.74,2222
8.75,2222
8.76,2222
8.77,2222
8.78,2222
8.79,2222
8.8,2222
8.81,2222
8.82,2222
8.83,2222
8.84,2222
8.85,2222
8.86,2222
8.87,2222
8.88,2222
8.89,2222
8.9,2222
8.91,2222
8.92,2222
8.93,2222
8.94,2222
8.95,2222
8.96,2222
8.97,2222
8.98,2222
8.99,2222
9.0,2222
9.01,2222
9.02,2222
9.03,2222
9.04,2222
9.05,2222
9.06,2222
9.07,2222
9.08,2222
9.09,2222
9.1,2222
9.11,2222
9.12,2222
9.13,2222
9.14,2222
9.15,2222
9.16,2222
9.17,2222
9.18,2222
9.19,2222
9.2,2222
9.21,2222
9.22,2222
9.23,2222
9.24,2222
9.25,2222
9.26,2222
9.27,2222
9.28,2222
9.29,2222
9.3,2222
9.31,2222
9.32,2222
9.33,2222
9.34,2222
9.35,2222
9.36,2222
9.37,2222
9.38,2222
9.39,2222
9.4,2222
9.41,2222
9.42,2222
9.43,2222
9.44,2222
9.45,2222
9.46,2222
9.47,2221
9.48,2221
9.49,2221
9.5,2221
9.51,2221
9.52,2221
9.53,2221
9.54,2221
9.55,2221
9.56,2221
9.57,2221
9.58,2221
9.59,2221
9.6,2221
9.61,2221
9.62,2221
9.63,2221
9.64,2221
9.65,2221
9.66,2221
9.67,2221
9.68,2221
9.69,2221
9.7,2221
9.71,2221
9.72,2221
9.73,2221
9.74,2221
9.75,2221
9.76,2221
9.77,2221
9.78,2221
9.79,2221
9.8,2221
9.81,2221
9.82,2221
9.83,2221
9.84,2221
9.85,2221
9.86,2221
9.87,2221
9.88,2221
9.89,2221
9.9,2221
9.91,2221
9.92,2221
9.93,2220
9.94,2220
9.95,2220
9.96,2220
9.97,2220
9.98,2220
9.99,2220
10.0,2220
10.01,2220
10.02,2220
10.03,2220
10.04,2220
10.05,2220
10.06,2220
10.07,2220
10.08,2220
10.09,2220
10.1,2220
10.11,2220
10.12,2220
10.13,2220
10.14,2220
10.15,2220
10.16,2220
10.17,2220
10.18,2220
10.19,2220
10.2,2220
10.21,2219
10.22,2219
10.23,2219
10.24,2219
10.25,2219
10.26,2219
10.27,2219
10.28,2219
10.29,2219
10.3,2219
10.31,2219
10.32,2218
10.33,2218
10.34,2218
10.35,2218
10.36,2218
10.37,2218
10.38,2218
10.39,2218
10.4,2218
10.41,2218
10.42,2218
10.43,2218
10.44,2218
10.45,2218
10.46,2218
10.47,2218
10.48,2218
10.49,2218
10.5,2218
10.51,2218
10.52,2218
10.53,2218
10.54,2218
10.55,2218
10.56,2218
10.57,2218
10.58,2218
10.59,2218
10.6,2218
10.61,2218
10.62,2218
10.63,2218
10.64,2218
10.65,2218
10.66,2218
10.67,2218
10.68,2218
10.69,2218
10.7,2218
10.71,2217
10.72,2217
10.73,2217
10.74,2217
10.75,2217
10.76,2217
10.77,2217
10.78,2217
10.79,2217
10.8,2217
10.81,2217
10.82,2217
10.83,2217
10.84,2217
10.85,2217
10.86,2217
10.87,2217
10.88,2217
10.89,2217
10.9,2217
10.91,2217
10.92,2217
10.93,2217
10.94,2217
10.95,2217
10.96,2217
10.97,2217
10.98,2216
10.99,2216
11.0,2216
11.01,2216
11.02,2216
11.03,2216
11.04,2216
11.05,2216
11.06,2216
11.07,2216
11.08,2216
11.09,2216
11.1,2216
11.11,2216
11.12,2216
11.13,2216
11.14,2216
11.15,2216
11.16,2215
11.17,2215
11.18,2215
11.19,2215
11.2,2215
11.21,2215
11.22,2215
11.23,2215
11.24,2215
11.25,2215
11.26,2215
11.27,2215
11.28,2215
11.29,2215
11.3,2215
11.31,2215
11.32,2215
11.33,2215
11.34,2215
11.35,2215
11.36,2215
11.37,2215
11.38,2215
11.39,2215
11.4,2215
11.41,2215
11.42,2215
11.43,2215
11.44,2215
11.45,2215
11.46,2215
11.47,2215
11.48,2215
11.49,2215
11.5,2215
11.51,2215
11.52,2215
11.53,2215
11.54,2215
11.55,2215
11.56,2215
11.57,2215
11.58,2215
11.59,2215
11.6,2215
11.61,2215
11.62,2215
11.63,2215
11.64,2215
11.65,2215
11.66,2215
11.67,2215
11.68,2215
11.69,2215
11.7,2215
11.71,2215
11.72,2215
11.73,2215
11.74,2215
11.75,2215
11.76,2215
11.77,2215
11.78,2215
11.79,2215
11.8,2215
11.81,2215
11.82,2215
11.83,2215
11.84,2215
11.85,2215
11.86,2215
11.87,2215
11.88,2215
11.89,2215
11.9,2215
11.91,2215
11.92,2215
11.93,2215
11.94,2215
11.95,2215
11.96,2215
11.97,2215
11.98,2215
11.99,2215
12.0,2215
12.01,2215
12.02,2215
12.03,2215
12.04,2215
12.05,2215
12.06,2215
12.07,2215
12.08,2215
12.09,2215
12.1,2215
12.11,2215
12.12,2215
12.13,2215
12.14,2215
12.15,2215
12.16,2215
12.17,2215
12.18,2215
12.19,2215
12.2,2215
12.21,2215
12.22,2215
12.23,2215
12.24,2215
12.25,2215
12.26,2215
12.27,2215
12.28,2215
12.29,2215
12.3,2215
12.31,2215
12.32,2215
12.33,2215
12.34,2215
12.35,2215
12.36,2215
12.37,2215
12.38,2215
12.39,2215
12.4,2215
12.41,2215
12.42,2215
12.43,2215
12.44,2215
12.45,2215
12.46,2215
12.47,2215
12.48,2215
12.49,2215
12.5,2215
12.51,2215
12.52,2215
12.53,2215
12.54,2215
12.55,2215
12.56,2215
12.57,2215
12.58,2215
12.59,2215
12.6,2215
12.61,2215
12.62,2215
12.63,2215
12.64,2215
12.65,2215
12.66,2215
12.67,2215
12.68,2215
12.69,2215
12.7,2214
12.71,2214
12.72,2214
12.73,2214
12.74,2214
12.75,2214
12.76,2214
12.77,2214
12.78,2214
12.79,2214
12.8,2214
12.81,2214
12.82,2214
12.83,2214
12.84,2214
12.85,2214
12.86,2214
12.87,2214
12.88,2214
12.89,2214
12.9,2214
12.91,2213
12.92,2213
12.93,2213
12.94,2213
12.95,2213
12.96,2213
12.97,2213
12.98,2213
12.99,2213
13.0,2213
13.01,2213
13.02,2213
13.03,2213
13.04,2213
13.05,2213
13.06,2213
13.07,2213
13.08,2213
13.09,2213
13.1,2213
13.11,2213
13.12,2213
13.13,2213
13.14,2213
13.15,2213
13.16,2213
13.17,2213
13.18,2213
13.19,2213
13.2,2213
13.21,2213
13.22,2213
13.23,2213
13.24,2213
13.25,2213
13.26,2213
13.27,2213
13.28,2213
13.29,2213
13.3,2213
13.31,2213
13.32,2213
13.33,2213
13.34,2213
13.35,2213
13.36,2213
13.37,2213
13.38,2213
13.39,2213
13.4,2213
13.41,2213
13.42,2213
13.43,2213
13.44,2213
13.45,2213
13.46,2213
13.47,2213
13.48,2213
13.49,2213
13.5,2213
13.51,2213
13.52,2213
13.53,2213
13.54,2213
13.55,2213
13.56,2213
13.57,2213
13.58,2213
13.59,2213
13.6,2213
13.61,2213
13.62,2213
13.63,2213
13.64,2213
13.65,2213
13.66,2213
13.67,2213
13.68,2213
13.69,2213
13.7,2213
13.71,2213
13.72,2213
13.73,2213
13.74,2213
13.75,2213
13.76,2213
13.77,2213
13.78,2213
13.79,2213
13.8,2213
13.81,2213
13.82,2213
13.83,2213
13.84,2213
13.85,2213
13.86,2213
13.87,2213
13.88,2213
13.89,2213
13.9,2213
13.91,2213
13.92,2213
13.93,2213
13.94,2213
13.95,2213
13.96,2213
13.97,2213
13.98,2213
13.99,2213
14.0,2213
14.01,2213
14.02,2213
14.03,2213
14.04,2213
14.05,2213
14.06,2213
14.07,2213
14.08,2213
14.09,2213
14.1,2213
14.11,2213
14.12,2213
14.13,2213
14.14,2213
14.15,2213
14.16,2213
14.17,2213
14.18,2213
14.19,2213
14.2,2213
14.21,2213
14.22,2213
14.23,2213
14.24,2213
14.25,2213
14.26,2213
14.27,2213
14.28,2213
14.29,2213
14.3,2213
14.31,2213
14.32,2213
14.33,2213
14.34,2213
14.35,2213
14.36,2213
14.37,2213
14.38,2213
14.39,2213
14.4,2213
14.41,2213
14.42,2213
14.43,2213
14.44,2213
14.45,2213
14.46,2213
14.47,2213
14.48,2213
14.49,2213
14.5,2213
14.51,2213
14.52,2213
14.53,2213
14.54,2213
14.55,2213
14.56,2213
14.57,2213
14.58,2213
14.59,2213
14.6,2213
14.61,2213
14.62,2213
14.63,2213
14.64,2213
14.65,2213
14.66,2213
14.67,2213
14.68,2213
14.69,2213
14.7,2213
14.71,2213
14.72,2213
14.73,2213
14.74,2213
14.75,2213
14.76,2213
14.77,2213
14.78,2213
14.79,2213
14.8,2213
14.81,2213
14.82,2213
14.83,2213
14.84,2213
14.85,2213
14.86,2213
14.87,2213
14.88,2213
14.89,2213
14.9,2213
14.91,2213
14.92,2213
14.93,2213
14.94,2213
14.95,2213
14.96,2213
14.97,2213
14.98,2213
14.99,2213
15.0,2213
15.01,2213
15.02,2213
15.03,2213
15.04,2213
15.05,2213
15.06,2213
15.07,2213
15.08,2213
15.09,2213
15.1,2213
15.11,2213
15.12,2213
15.13,2213
15.14,2213
15.15,2213
15.16,2213
15.17,2213
15.18,2213
15.19,2213
15.2,2213
15.21,2213
15.22,2213
15.23,2213
15.24,2213
15.25,2213
15.26,2213
15.27,2213
15.28,2213
15.29,2213
15.3,2213
15.31,2213
15.32,2213
15.33,2213
15.34,2213
15.35,2213
15.36,2213
15.37,2213
15.38,2213
15.39,2213
15.4,2213
15.41,2213
15.42,2213
15.43,2213
15.44,2213
15.45,2213
15.46,2213
15.47,2213
15.48,2213
15.49,2213
15.5,2213
15.51,2213
15.52,2213
15.53,2213
15.54,2213
15.55,2213
15.56,2213
15.57,2213
15.58,2213
15.59,2213
15.6,2213
15.61,2213
15.62,2213
15.63,2213
15.64,2213
15.65,2213
15.66,2213
15.67,2213
15.68,2213
15.69,2213
15.7,2213
15.71,2213
15.72,2213
15.73,2213
15.74,2213
15.75,2213
15.76,2213
15.77,2213
15.78,2213
15.79,2213
15.8,2213
15.81,2213
15.82,2213
15.83,2213
15.84,2213
15.85,2213
15.86,2213
15.87,2213
15.88,2213
15.89,2213
15.9,2213
15.91,2213
15.92,2213
15.93,2213
15.94,2213
15.95,2213
15.96,2213
15.97,2213
15.98,2213
15.99,2213
16.0,2213
16.01,2213
16.02,2213
16.03,2213
16.04,2213
16.05,2213
16.06,2213
16.07,2213
16.08,2213
16.09,2213
16.1,2213
16.11,2213
16.12,2213
16.13,2213
16.14,2213
16.15,2213
16.16,2213
16.17,2213
16.18,2213
16.19,2213
16.2,2213
16.21,2213
16.22,2213
16.23,2213
16.24,2213
16.25,2213
16.26,2213
16.27,2213
16.28,2213
16.29,2213
16.3,2213
16.31,2213
16.32,2213
16.33,2213
16.34,2213
16.35,2213
16.36,2213
16.37,2213
16.38,2213
16.39,2213
16.4,2213
16.41,2213
16.42,2213
16.43,2213
16.44,2213
16.45,2213
16.46,2213
16.47,2213
16.48,2213
16.49,2213
16.5,2213
16.51,2213
16.52,2213
16.53,2213
16.54,2213
16.55,2213
16.56,2213
16.57,2213
16.58,2213
16.59,2213
16.6,2213
16.61,2213
16.62,2213
16.63,2213
16.64,2213
16.65,2213
16.66,2213
16.67,2213
16.68,2213
16.69,2213
16.7,2213
16.71,2213
16.72,2213
16.73,2213
16.74,2213
16.75,2213
16.76,2213
16.77,2213
16.78,2213
16.79,2213
16.8,2213
16.81,2213
16.82,2213
16.83,2212
16.84,2212
16.85,2211
16.86,2211
16.87,2211
16.88,2211
16.89,2211
16.9,2211
16.91,2211
16.92,2211
16.93,2211
16.94,2211
16.95,2211
16.96,2211
16.97,2211
16.98,2211
16.99,2211
17.0,2211
17.01,2211
17.02,2211
17.03,2211
17.04,2211
17.05,2211
17.06,2211
17.07,2211
17.08,2211
17.09,2211
17.1,2211
17.11,2211
17.12,2211
17.13,2211
17.14,2211
17.15,2211
17.16,2211
17.17,2211
17.18,2211
17.19,2211
17.2,2211
17.21,2211
17.22,2211
17.23,2211
17.24,2211
17.25,2211
17.26,2211
17.27,2211
17.28,2211
17.29,2211
17.3,2211
17.31,2211
17.32,2211
17.33,2211
17.34,2211
17.35,2211
17.36,2211
17.37,2211
17.38,2211
17.39,2211
17.4,2211
17.41,2211
17.42,2211
17.43,2211
17.44,2211
17.45,2211
17.46,2211
17.47,2211
17.48,2211
17.49,2211
17.5,2211
17.51,2211
17.52,2211
17.53,2211
17.54,2211
17.55,2211
17.56,2211
17.57,2211
17.58,2211
17.59,2211
17.6,2211
17.61,2211
17.62,2211
17.63,2211
17.64,2211
17.65,2211
17.66,2211
17.67,2211
17.68,2211
17.69,2211
17.7,2211
17.71,2211
17.72,2211
17.73,2211
17.74,2211
17.75,2211
17.76,2211
17.77,2211
17.78,2211
17.79,2211
17.8,2211
17.81,2211
17.82,2211
17.83,2211
17.84,2211
17.85,2211
17.86,2211
17.87,2211
17.88,2211
17.89,2211
17.9,2211
17.91,2211
17.92,2211
17.93,2211
17.94,2211
17.95,2211
17.96,2211
17.97,2211
17.98,2211
17.99,2211
18.0,2211
18.01,2211
18.02,2211
18.03,2211
18.04,2211
18.05,2211
18.06,2211
18.07,2211
18.08,2211
18.09,2211
18.1,2211
18.11,2211
18.12,2211
18.13,2211
18.14,2211
18.15,2211
18.16,2211
18.17,2211
18.18,2211
18.19,2211
18.2,2211
18.21,2211
18.22,2211
18.23,2211
18.24,2211
18.25,2211
18.26,2211
18.27,2211
18.28,2211
18.29,2211
18.3,2211
18.31,2211
18.32,2211
18.33,2211
18.34,2211
18.35,2211
18.36,2211
18.37,2211
18.38,2211
18.39,2211
18.4,2211
18.41,2211
18.42,2211
18.43,2211
18.44,2211
18.45,2211
18.46,2211
18.47,2211
18.48,2211
18.49,2211
18.5,2211
18.51,2211
18.52,2211
18.53,2211
18.54,2211
18.55,2211
18.56,2211
18.57,2211
18.58,2210
18.59,2210
18.6,2210
18.61,2210
18.62,2210
18.63,2210
18.64,2210
18.65,2210
18.66,2210
18.67,2210
18.68,2210
18.69,2210
18.7,2210
18.71,2210
18.72,2210
18.73,2210
18.74,2210
18.75,2210
18.76,2210
18.77,2210
18.78,2210
18.79,2210
18.8,2210
18.81,2210
18.82,2210
18.83,2210
18.84,2210
18.85,2210
18.86,2210
18.87,2210
18.88,2210
18.89,2210
18.9,2210
18.91,2210
18.92,2210
18.93,2210
18.94,2210
18.95,2210
18.96,2210
18.97,2210
18.98,2210
18.99,2210
19.0,2210
19.01,2210
19.02,2210
19.03,2210
19.04,2210
19.05,2210
19.06,2210
19.07,2210
19.08,2210
19.09,2210
19.1,2210
19.11,2210
19.12,2210
19.13,2210
19.14,2210
19.15,2210
19.16,2210
19.17,2210
19.18,2210
19.19,2210
19.2,2210
19.21,2210
19.22,2210
19.23,2210
19.24,2210
19.25,2209
19.26,2209
19.27,2209
19.28,2209
19.29,2209
19.3,2209
19.31,2209
19.32,2209
19.33,2209
19.34,2209
19.35,2209
19.36,2209
19.37,2209
19.38,2209
19.39,2209
19.4,2209
19.41,2209
19.42,2209
19.43,2209
19.44,2209
19.45,2209
19.46,2209
19.47,2209
19.48,2209
19.49,2209
19.5,2209
19.51,2209
19.52,2209
19.53,2209
19.54,2209
19.55,2209
19.56,2209
19.57,2209
19.58,2209
19.59,2209
19.6,2209
19.61,2209
19.62,2209
19.63,2209
19.64,2209
19.65,2209
19.66,2209
19.67,2209
19.68,2209
19.69,2209
19.7,2209
19.71,2209
19.72,2209
19.73,2209
19.74,2209
19.75,2209
19.76,2209
19.77,2209
19.78,2209
19.79,2209
19.8,2209
19.81,2209
19.82,2209
19.83,2209
19.84,2209
19.85,2209
19.86,2209
19.87,2209
19.88,2209
19.89,2209
19.9,2209
19.91,2209
19.92,2209
19.93,2209
19.94,2209
19.95,2209
19.96,2209
19.97,2209
19.98,2209
19.99,2209
20.0,2209
20.01,2209
20.02,2209
20.03,2209
20.04,2209
20.05,2209
20.06,2209
20.07,2209
20.08,2209
20.09,2209
20.1,2209
20.11,2209
20.12,2209
20.13,2209
20.14,2209
20.15,2208
20.16,2208
20.17,2208
20.18,2208
20.19,2208
20.2,2208
20.21,2208
20.22,2208
20.23,2208
20.24,2208
20.25,2208
20.26,2208
20.27,2208
20.28,2208
20.29,2208
20.3,2208
20.31,2208
20.32,2208
20.33,2208
20.34,2208
20.35,2208
20.36,2208
20.37,2208
20.38,2208
20.39,2208
20.4,2208
20.41,2208
20.42,2208
20.43,2208
20.44,2208
20.45,2208
20.46,2208
20.47,2208
20.48,2208
20.49,2208
20.5,2208
20.51,2208
20.52,2208
20.53,2208
20.54,2208
20.55,2208
20.56,2208
20.57,2208
20.58,2208
20.59,2208
20.6,2208
20.61,2208
20.62,2208
20.63,2208
20.64,2208
20.65,2208
20.66,2208
20.67,2208
20.68,2208
20.69,2208
20.7,2208
20.71,2208
20.72,2208
20.73,2208
20.74,2208
20.75,2208
20.76,2208
20.77,2208
20.78,2208
20.79,2208
20.8,2208
20.81,2208
20.82,2208
20.83,2208
20.84,2208
20.85,2208
20.86,2208
20.87,2208
20.88,2208
20.89,2208
20.9,2208
20.91,2208
20.92,2208
20.93,2208
20.94,2208
20.95,2208
20.96,2208
20.97,2208
20.98,2208
20.99,2208
21.0,2208
21.01,2208
21.02,2208
21.03,2208
21.04,2208
21.05,2208
21.06,2208
21.07,2208
21.08,2208
21.09,2208
21.1,2208
21.11,2208
21.12,2208
21.13,2208
21.14,2208
21.15,2208
21.16,2208
21.17,2208
21.18,2208
21.19,2208
21.2,2208
21.21,2208
21.22,2208
21.23,2208
21.24,2208
21.25,2208
21.26,2208
21.27,2208
21.28,2208
21.29,2208
21.3,2208
21.31,2208
21.32,2208
21.33,2208
21.34,2208
21.35,2208
21.36,2208
21.37,2208
21.38,2208
21.39,2208
21.4,2208
21.41,2208
21.42,2208
21.43,2208
21.44,2208
21.45,2208
21.46,2208
21.47,2208
21.48,2208
21.49,2208
21.5,2208
21.51,2208
21.52,2208
21.53,2208
21.54,2208
21.55,2208
21.56,2208
21.57,2208
21.58,2208
21.59,2208
21.6,2208
21.61,2208
21.62,2208
21.63,2208
21.64,2208
21.65,2208
21.66,2208
21.67,2208
21.68,2208
21.69,2208
21.7,2208
21.71,2208
21.72,2208
21.73,2208
21.74,2208
21.75,2208
21.76,2208
21.77,2208
21.78,2208
21.79,2208
21.8,2208
21.81,2208
21.82,2208
21.83,2208
21.84,2208
21.85,2208
21.86,2208
21.87,2208
21.88,2208
21.89,2208
21.9,2208
21.91,2208
21.92,2208
21.93,2208
21.94,2208
21.95,2208
21.96,2208
21.97,2208
21.98,2208
21.99,2208
22.0,2208
22.01,2208
22.02,2208
22.03,2208
22.04,2208
22.05,2208
22.06,2208
22.07,2208
22.08,2208
22.09,2208
22.1,2208
22.11,2208
22.12,2208
22.13,2208
22.14,2208
22.15,2208
22.16,2208
22.17,2208
22.18,2208
22.19,2208
22.2,2208
22.21,2208
22.22,2208
22.23,2208
22.24,2208
22.25,2208
22.26,2208
22.27,2208
22.28,2208
22.29,2208
22.3,2208
22.31,2208
22.32,2208
22.33,2208
22.34,2208
22.35,2208
22.36,2208
22.37,2208
22.38,2208
22.39,2208
22.4,2208
22.41,2208
22.42,2208
22.43,2208
22.44,2208
22.45,2208
22.46,2208
22.47,2208
22.48,2208
22.49,2208
22.5,2208
22.51,2208
22.52,2208
22.53,2208
22.54,2208
22.55,2208
22.56,2208
22.57,2208
22.58,2208
22.59,2208
22.6,2208
22.61,2208
22.62,2208
22.63,2208
22.64,2208
22.65,2208
22.66,2208
22.67,2208
22.68,2208
22.69,2208
22.7,2208
22.71,2208
22.72,2208
22.73,2208
22.74,2208
22.75,2208
22.76,2208
22.77,2208
22.78,2208
22.79,2208
22.8,2208
22.81,2208
22.82,2208
22.83,2208
22.84,2208
22.85,2208
22.86,2208
22.87,2208
22.88,2208
22.89,2208
22.9,2208
22.91,2208
22.92,2208
22.93,2208
22.94,2208
22.95,2208
22.96,2208
22.97,2208
22.98,2208
22.99,2208
23.0,2208
23.01,2208
23.02,2208
23.03,2208
23.04,2208
23.05,2208
23.06,2208
23.07,2208
23.08,2208
23.09,2208
23.1,2208
23.11,2208
23.12,2208
23.13,2208
23.14,2208
23.15,2208
23.16,2208
23.17,2208
23.18,2208
23.19,2208
23.2,2208
23.21,2208
23.22,2208
23.23,2208
23.24,2208
23.25,2208
23.26,2208
23.27,2208
23.28,2208
23.29,2208
23.3,2208
23.31,2208
23.32,2208
23.33,2208
23.34,2208
23.35,2208
23.36,2208
23.37,2208
23.38,2208
23.39,2208
23.4,2208
23.41,2208
23.42,2208
23.43,2208
23.44,2208
23.45,2208
23.46,2208
23.47,2208
23.48,2208
23.49,2208
23.5,2208
23.51,2208
23.52,2208
23.53,2208
23.54,2208
23.55,2208
23.56,2208
23.57,2208
23.58,2208
23.59,2208
23.6,2208
23.61,2208
23.62,2208
23.63,2208
23.64,2208
23.65,2208
23.66,2208
23.67,2208
23.68,2208
23.69,2208
23.7,2208
23.71,2208
23.72,2208
23.73,2208
23.74,2208
23.75,2208
23.76,2208
23.77,2208
23.78,2208
23.79,2208
23.8,2208
23.81,2208
23.82,2208
23.83,2208
23.84,2208
23.85,2208
23.86,2208
23.87,2208
23.88,2208
23.89,2208
23.9,2208
23.91,2208
23.92,2208
23.93,2208
23.94,2208
23.95,2208
23.96,2208
23.97,2208
23.98,2208
23.99,2208
24.0,2208
24.01,2208
24.02,2208
24.03,2208
24.04,2208
24.05,2208
24.06,2208
24.07,2208
24.08,2208
24.09,2208
24.1,2208
24.11,2208
24.12,2208
24.13,2208
24.14,2208
24.15,2208
24.16,2208
24.17,2208
24.18,2207
24.19,2207
24.2,2207
24.21,2207
24.22,2207
24.23,2207
24.24,2207
24.25,2207
24.26,2207
24.27,2207
24.28,2207
24.29,2206
24.3,2206
24.31,2206
24.32,2206
24.33,2206
24.34,2206
24.35,2206
24.36,2206
24.37,2206
24.38,2206
24.39,2206
24.4,2206
24.41,2206
24.42,2206
24.43,2206
24.44,2206
24.45,2206
24.46,2206
24.47,2206
24.48,2206
24.49,2206
24.5,2206
24.51,2206
24.52,2206
24.53,2206
24.54,2206
24.55,2206
24.56,2206
24.57,2206
24.58,2206
24.59,2206
24.6,2206
24.61,2206
24.62,2206
24.63,2206
24.64,2206
24.65,2206
24.66,2206
24.67,2206
24.68,2206
24.69,2206
24.7,2206
24.71,2206
24.72,2206
24.73,2206
24.74,2206
24.75,2206
24.76,2206
24.77,2206
24.78,2206
24.79,2206
24.8,2206
24.81,2206
24.82,2206
24.83,2206
24.84,2206
24.85,2206
24.86,2206
24.87,2206
24.88,2206
24.89,2206
24.9,2206
24.91,2206
24.92,2206
24.93,2206
24.94,2206
24.95,2206
24.96,2206
24.97,2206
24.98,2206
24.99,2206
25.0,2206
25.01,2206
25.02,2206
25.03,2206
25.04,2206
25.05,2206
25.06,2206
25.07,2206
25.08,2206
25.09,2206
25.1,2206
25.11,2206
25.12,2206
25.13,2206
25.14,2206
25.15,2206
25.16,2206
25.17,2206
25.18,2206
25.19,2206
25.2,2206
25.21,2206
25.22,2206
25.23,2206
25.24,2206
25.25,2206
25.26,2206
25.27,2206
25.28,2206
25.29,2206
25.3,2206
25.31,2206
25.32,2206
25.33,2206
25.34,2206
25.35,2206
25.36,2206
25.37,2206
25.38,2206
25.39,2206
25.4,2206
25.41,2206
25.42,2206
25.43,2206
25.44,2206
25.45,2206
25.46,2206
25.47,2206
25.48,2206
25.49,2206
25.5,2206
25.51,2206
25.52,2206
25.53,2206
25.54,2206
25.55,2206
25.56,2206
25.57,2206
25.58,2206
25.59,2206
25.6,2206
25.61,2206
25.62,2206
25.63,2206
25.64,2206
25.65,2206
25.66,2206
25.67,2206
25.68,2206
25.69,2206
25.7,2206
25.71,2206
25.72,2206
25.73,2206
25.74,2206
25.75,2206
25.76,2206
25.77,2206
25.78,2206
25.79,2206
25.8,2206
25.81,2206
25.82,2206
25.83,2206
25.84,2206
25.85,2206
25.86,2206
25.87,2206
25.88,2206
25.89,2206
25.9,2206
25.91,2206
25.92,2206
25.93,2206
25.94,2206
25.95,2206
25.96,2206
25.97,2206
25.98,2206
25.99,2206
26.0,2206
26.01,2206
26.02,2206
26.03,2206
26.04,2206
26.05,2206
26.06,2206
26.07,2206
26.08,2206
26.09,2206
26.1,2206
26.11,2206
26.12,2206
26.13,2206
26.14,2206
26.15,2206
26.16,2206
26.17,2206
26.18,2206
26.19,2206
26.2,2206
26.21,2206
26.22,2206
26.23,2206
26.24,2206
26.25,2206
26.26,2206
26.27,2206
26.28,2206
26.29,2206
26.3,2206
26.31,2206
26.32,2206
26.33,2206
26.34,2206
26.35,2206
26.36,2206
26.37,2206
26.38,2206
26.39,2206
26.4,2206
26.41,2206
26.42,2206
26.43,2206
26.44,2206
26.45,2206
26.46,2206
26.47,2206
26.48,2206
26.49,2206
26.5,2206
26.51,2206
26.52,2206
26.53,2206
26.54,2206
26.55,2206
26.56,2206
26.57,2206
26.58,2206
26.59,2206
26.6,2206
26.61,2206
26.62,2206
26.63,2206
26.64,2206
26.65,2206
26.66,2206
26.67,2206
26.68,2206
26.69,2206
26.7,2206
26.71,2206
26.72,2206
26.73,2206
26.74,2206
26.75,2206
26.76,2206
26.77,2206
26.78,2206
26.79,2206
26.8,2206
26.81,2206
26.82,2206
26.83,2206
26.84,2206
26.85,2206
26.86,2206
26.87,2206
26.88,2206
26.89,2206
26.9,2206
26.91,2206
26.92,2206
26.93,2206
26.94,2206
26.95,2206
26.96,2206
26.97,2206
26.98,2206
26.99,2206
27.0,2206
27.01,2206
27.02,2206
27.03,2206
27.04,2206
27.05,2206
27.06,2206
27.07,2206
27.08,2206
27.09,2206
27.1,2206
27.11,2206
27.12,2206
27.13,2206
27.14,2206
27.15,2206
27.16,2206
27.17,2206
27.18,2206
27.19,2206
27.2,2206
27.21,2206
27.22,2206
27.23,2206
27.24,2206
27.25,2206
27.26,2206
27.27,2206
27.28,2206
27.29,2206
27.3,2206
27.31,2206
27.32,2206
27.33,2206
27.34,2206
27.35,2206
27.36,2206
27.37,2206
27.38,2206
27.39,2206
27.4,2206
27.41,2206
27.42,2206
27.43,2206
27.44,2206
27.45,2206
27.46,2206
27.47,2206
27.48,2206
27.49,2206
27.5,2206
27.51,2206
27.52,2206
27.53,2206
27.54,2206
27.55,2206
27.56,2206
27.57,2206
27.58,2206
27.59,2206
27.6,2206
27.61,2206
27.62,2206
27.63,2206
27.64,2206
27.65,2206
27.66,2206
27.67,2206
27.68,2206
27.69,2206
27.7,2206
27.71,2206
27.72,2206
27.73,2206
27.74,2206
27.75,2206
27.76,2206
27.77,2206
27.78,2206
27.79,2206
27.8,2206
27.81,2206
27.82,2206
27.83,2206
27.84,2206
27.85,2206
27.86,2206
27.87,2206
27.88,2206
27.89,2206
27.9,2206
27.91,2206
27.92,2206
27.93,2206
27.94,2206
27.95,2206
27.96,2206
27.97,2206
27.98,2206
27.99,2206
28.0,2206
28.01,2206
28.02,2206
28.03,2206
28.04,2206
28.05,2206
28.06,2206
28.07,2206
28.08,2206
28.09,2206
28.1,2206
28.11,2206
28.12,2206
28.13,2206
28.14,2206
28.15,2206
28.16,2206
28.17,2206
28.18,2206
28.19,2206
28.2,2206
28.21,2206
28.22,2206
28.23,2206
28.24,2206
28.25,2206
28.26,2206
28.27,2206
28.28,2206
28.29,2206
28.3,2206
28.31,2206
28.32,2206
28.33,2206
28.34,2206
28.35,2206
28.36,2206
28.37,2206
28.38,2206
28.39,2206
28.4,2206
28.41,2206
28.42,2206
28.43,2206
28.44,2206
28.45,2206
28.46,2206
28.47,2206
28.48,2206
28.49,2206
28.5,2206
28.51,2206
28.52,2206
28.53,2206
28.54,2206
28.55,2206
28.56,2206
28.57,2206
28.58,2206
28.59,2206
28.6,2206
28.61,2206
28.62,2206
28.63,2206
28.64,2206
28.65,2206
28.66,2206
28.67,2206
28.68,2206
28.69,2206
28.7,2206
28.71,2206
28.72,2206
28.73,2206
28.74,2206
28.75,2206
28.76,2206
28.77,2206
28.78,2206
28.79,2206
28.8,2206
28.81,2206
28.82,2206
28.83,2206
28.84,2206
28.85,2206
28.86,2206
28.87,2206
28.88,2206
28.89,2206
28.9,2206
28.91,2206
28.92,2206
28.93,2206
28.94,2206
28.95,2206
28.96,2206
28.97,2206
28.98,2206
28.99,2206
29.0,2206
29.01,2206
29.02,2206
29.03,2206
29.04,2206
29.05,2206
29.06,2206
29.07,2206
29.08,2206
29.09,2206
29.1,2206
29.11,2206
29.12,2206
29.13,2206
29.14,2206
29.15,2206
29.16,2206
29.17,2206
29.18,2206
29.19,2206
29.2,2206
29.21,2206
29.22,2206
29.23,2206
29.24,2206
29.25,2206
29.26,2206
29.27,2206
29.28,2206
29.29,2206
29.3,2206
29.31,2206
29.32,2206
29.33,2206
29.34,2206
29.35,2206
29.36,2206
29.37,2206
29.38,2206
29.39,2206
29.4,2206
29.41,2206
29.42,2206
29.43,2206
29.44,2206
29.45,2206
29.46,2206
29.47,2206
29.48,2206
29.49,2206
29.5,2206
29.51,2206
29.52,2206
29.53,2206
29.54,2206
29.55,2206
29.56,2206
29.57,2206
29.58,2206
29.59,2206
29.6,2206
29.61,2206
29.62,2206
29.63,2206
29.64,2206
29.65,2206
29.66,2206
29.67,2206
29.68,2206
29.69,2206
29.7,2206
29.71,2206
29.72,2206
29.73,2206
29.74,2206
29.75,2206
29.76,2206
29.77,2206
29.78,2206
29.79,2206
29.8,2206
29.81,2206
29.82,2206
29.83,2206
29.84,2206
29.85,2206
29.86,2206
29.87,2206
29.88,2206
29.89,2206
29.9,2206
29.91,2206
29.92,2206
29.93,2206
29.94,2206
29.95,2206
29.96,2206
29.97,2206
29.98,2206
29.99,2206
30.0,2206
30.01,2206
30.02,2206
30.03,2206
30.04,2206
30.05,2206
30.06,2206
30.07,2206
30.08,2206
30.09,2206
30.1,2206
30.11,2206
30.12,2206
30.13,2206
30.14,2206
30.15,2206
30.16,2206
30.17,2206
30.18,2206
30.19,2206
30.2,2206
30.21,2206
30.22,2206
30.23,2206
30.24,2206
30.25,2206
30.26,2206
30.27,2206
30.28,2206
30.29,2206
30.3,2206
30.31,2206
30.32,2206
30.33,2206
30.34,2206
30.35,2206
30.36,2206
30.37,2206
30.38,2206
30.39,2206
30.4,2206
30.41,2206
30.42,2206
30.43,2206
30.44,2206
30.45,2206
30.46,2206
30.47,2206
30.48,2206
30.49,2206
30.5,2206
30.51,2206
30.52,2206
30.53,2206
30.54,2206
30.55,2206
30.56,2206
30.57,2206
30.58,2206
30.59,2206
30.6,2206
30.61,2206
30.62,2206
30.63,2206
30.64,2206
30.65,2206
30.66,2206
30.67,2206
30.68,2206
30.69,2206
30.7,2206
30.71,2206
30.72,2206
30.73,2206
30.74,2206
30.75,2206
30.76,2206
30.77,2206
30.78,2206
30.79,2206
30.8,2206
30.81,2206
30.82,2206
30.83,2206
30.84,2206
30.85,2206
30.86,2206
30.87,2206
30.88,2206
30.89,2206
30.9,2206
30.91,2206
30.92,2206
30.93,2206
30.94,2206
30.95,2206
30.96,2206
30.97,2206
30.98,2206
30.99,2206
31.0,2206
31.01,2206
31.02,2206
31.03,2206
31.04,2206
31.05,2206
31.06,2206
31.07,2206
31.08,2206
31.09,2206
31.1,2206
31.11,2206
31.12,2206
31.13,2206
31.14,2206
31.15,2206
31.16,2206
31.17,2206
31.18,2206
31.19,2206
31.2,2206
31.21,2206
31.22,2206
31.23,2206
31.24,2206
31.25,2206
31.26,2206
31.27,2206
31.28,2206
31.29,2206
31.3,2206
31.31,2206
31.32,2206
31.33,2206
31.34,2206
31.35,2206
31.36,2205
31.37,2205
31.38,2205
31.39,2205
31.4,2205
31.41,2205
31.42,2205
31.43,2205
31.44,2205
31.45,2205
31.46,2205
31.47,2205
31.48,2205
31.49,2205
31.5,2205
31.51,2205
31.52,2205
31.53,2205
31.54,2205
31.55,2205
31.56,2205
31.57,2205
31.58,2205
31.59,2205
31.6,2205
31.61,2205
31.62,2205
31.63,2205
31.64,2205
31.65,2205
31.66,2205
31.67,2205
31.68,2205
31.69,2205
31.7,2205
31.71,2205
31.72,2205
31.73,2205
31.74,2205
31.75,2205
31.76,2205
31.77,2205
31.78,2205
31.79,2205
31.8,2205
31.81,2205
31.82,2205
31.83,2205
31.84,2205
31.85,2205
31.86,2205
31.87,2205
31.88,2205
31.89,2205
31.9,2205
31.91,2205
31.92,2205
31.93,2205
31.94,2205
31.95,2205
31.96,2205
31.97,2205
31.98,2205
31.99,2205
32.0,2205
32.01,2205
32.02,2205
32.03,2205
32.04,2205
32.05,2205
32.06,2205
32.07,2205
32.08,2205
32.09,2205
32.1,2205
32.11,2205
32.12,2205
32.13,2205
32.14,2205
32.15,2205
32.16,2205
32.17,2205
32.18,2205
32.19,2205
32.2,2205
32.21,2205
32.22,2205
32.23,2205
32.24,2205
32.25,2205
32.26,2205
32.27,2205
32.28,2205
32.29,2205
32.3,2205
32.31,2205
32.32,2205
32.33,2205
32.34,2205
32.35,2205
32.36,2205
32.37,2205
32.38,2205
32.39,2205
32.4,2205
32.41,2205
32.42,2205
32.43,2205
32.44,2205
32.45,2205
32.46,2205
32.47,2205
32.48,2205
32.49,2205
32.5,2205
32.51,2205
32.52,2205
32.53,2205
32.54,2205
32.55,2205
32.56,2205
32.57,2205
32.58,2205
32.59,2205
32.6,2205
32.61,2205
32.62,2205
32.63,2205
32.64,2205
32.65,2205
32.66,2205
32.67,2205
32.68,2205
32.69,2205
32.7,2205
32.71,2205
32.72,2205
32.73,2205
32.74,2205
32.75,2205
32.76,2205
32.77,2205
32.78,2205
32.79,2205
32.8,2205
32.81,2205
32.82,2205
32.83,2205
32.84,2205
32.85,2205
32.86,2205
32.87,2205
32.88,2205
32.89,2205
32.9,2205
32.91,2205
32.92,2205
32.93,2205
32.94,2205
32.95,2205
32.96,2205
32.97,2205
32.98,2205
32.99,2205
33.0,2205
33.01,2205
33.02,2205
33.03,2205
33.04,2205
33.05,2205
33.06,2205
33.07,2205
33.08,2205
33.09,2205
33.1,2205
33.11,2205
33.12,2205
33.13,2205
33.14,2205
33.15,2205
33.16,2205
33.17,2205
33.18,2205
33.19,2205
33.2,2205
33.21,2205
33.22,2205
33.23,2205
33.24,2205
33.25,2205
33.26,2205
33.27,2205
33.28,2205
33.29,2205
33.3,2205
33.31,2205
33.32,2205
33.33,2205
33.34,2205
33.35,2205
33.36,2205
33.37,2205
33.38,2205
33.39,2205
33.4,2205
33.41,2205
33.42,2205
33.43,2205
33.44,2205
33.45,2205
33.46,2205
33.47,2205
33.48,2205
33.49,2205
33.5,2205
33.51,2205
33.52,2205
33.53,2205
33.54,2205
33.55,2205
33.56,2205
33.57,2205
33.58,2205
33.59,2205
33.6,2205
33.61,2205
33.62,2205
33.63,2205
33.64,2205
33.65,2205
33.66,2205
33.67,2205
33.68,2205
33.69,2205
33.7,2205
33.71,2205
33.72,2205
33.73,2205
33.74,2205
33.75,2205
33.76,2205
33.77,2205
33.78,2205
33.79,2205
33.8,2205
33.81,2205
33.82,2205
33.83,2205
33.84,2205
33.85,2205
33.86,2205
33.87,2205
33.88,2205
33.89,2205
33.9,2205
33.91,2205
33.92,2205
33.93,2205
33.94,2205
33.95,2205
33.96,2205
33.97,2205
33.98,2205
33.99,2205
34.0,2205
34.01,2205
34.02,2205
34.03,2205
34.04,2205
34.05,2205
34.06,2205
34.07,2205
34.08,2205
34.09,2205
34.1,2205
34.11,2205
34.12,2205
34.13,2205
34.14,2205
34.15,2205
34.16,2205
34.17,2205
34.18,2205
34.19,2205
34.2,2205
34.21,2205
34.22,2205
34.23,2205
34.24,2205
34.25,2205
34.26,2205
34.27,2205
34.28,2205
34.29,2205
34.3,2205
34.31,2205
34.32,2205
34.33,2205
34.34,2205
34.35,2205
34.36,2205
34.37,2205
34.38,2205
34.39,2205
34.4,2205
34.41,2205
34.42,2205
34.43,2205
34.44,2205
34.45,2205
34.46,2205
34.47,2205
34.48,2205
34.49,2205
34.5,2205
34.51,2205
34.52,2205
34.53,2205
34.54,2205
34.55,2205
34.56,2205
34.57,2205
34.58,2205
34.59,2205
34.6,2205
34.61,2205
34.62,2205
34.63,2205
34.64,2205
34.65,2205
34.66,2205
34.67,2205
34.68,2205
34.69,2205
34.7,2205
34.71,2205
34.72,2205
34.73,2205
34.74,2205
34.75,2205
34.76,2205
34.77,2205
34.78,2205
34.79,2205
34.8,2205
34.81,2205
34.82,2205
34.83,2205
34.84,2205
34.85,2205
34.86,2205
34.87,2205
34.88,2205
34.89,2205
34.9,2205
34.91,2205
34.92,2205
34.93,2205
34.94,2205
34.95,2205
34.96,2205
34.97,2205
34.98,2205
34.99,2205
35.0,2205
35.01,2205
35.02,2205
35.03,2205
35.04,2205
35.05,2205
35.06,2205
35.07,2205
35.08,2205
35.09,2205
35.1,2205
35.11,2205
35.12,2205
35.13,2205
35.14,2205
35.15,2205
35.16,2205
35.17,2205
35.18,2205
35.19,2205
35.2,2205
35.21,2205
35.22,2205
35.23,2205
35.24,2205
35.25,2205
35.26,2205
35.27,2205
35.28,2205
35.29,2205
35.3,2205
35.31,2205
35.32,2205
35.33,2205
35.34,2205
35.35,2205
35.36,2205
35.37,2205
35.38,2205
35.39,2205
35.4,2205
35.41,2205
35.42,2205
35.43,2205
35.44,2205
35.45,2205
35.46,2205
35.47,2205
35.48,2205
35.49,2205
35.5,2205
35.51,2205
35.52,2205
35.53,2205
35.54,2205
35.55,2205
35.56,2205
35.57,2205
35.58,2205
35.59,2205
35.6,2205
35.61,2205
35.62,2205
35.63,2205
35.64,2205
35.65,2205
35.66,2205
35.67,2205
35.68,2205
35.69,2205
35.7,2205
35.71,2205
35.72,2205
35.73,2205
35.74,2205
35.75,2205
35.76,2205
35.77,2205
35.78,2205
35.79,2205
35.8,2205
35.81,2205
35.82,2205
35.83,2205
35.84,2205
35.85,2205
35.86,2205
35.87,2205
35.88,2205
35.89,2205
35.9,2205
35.91,2205
35.92,2205
35.93,2205
35.94,2205
35.95,2205
35.96,2205
35.97,2205
35.98,2205
35.99,2205
36.0,2205
36.01,2205
36.02,2205
36.03,2205
36.04,2205
36.05,2205
36.06,2205
36.07,2205
36.08,2205
36.09,2205
36.1,2205
36.11,2205
36.12,2205
36.13,2205
36.14,2205
36.15,2205
36.16,2205
36.17,2205
36.18,2205
36.19,2205
36.2,2205
36.21,2205
36.22,2205
36.23,2205
36.24,2205
36.25,2205
36.26,2205
36.27,2205
36.28,2205
36.29,2205
36.3,2205
36.31,2205
36.32,2205
36.33,2205
36.34,2205
36.35,2205
36.36,2205
36.37,2205
36.38,2205
36.39,2205
36.4,2205
36.41,2205
36.42,2205
36.43,2205
36.44,2205
36.45,2205
36.46,2205
36.47,2205
36.48,2205
36.49,2205
36.5,2205
36.51,2205
36.52,2205
36.53,2205
36.54,2205
36.55,2205
36.56,2205
36.57,2205
36.58,2205
36.59,2205
36.6,2205
36.61,2205
36.62,2205
36.63,2205
36.64,2205
36.65,2205
36.66,2205
36.67,2205
36.68,2205
36.69,2205
36.7,2205
36.71,2205
36.72,2205
36.73,2205
36.74,2205
36.75,2205
36.76,2205
36.77,2205
36.78,2205
36.79,2205
36.8,2205
36.81,2205
36.82,2205
36.83,2205
36.84,2205
36.85,2205
36.86,2205
36.87,2205
36.88,2205
36.89,2205
36.9,2205
36.91,2205
36.92,2205
36.93,2205
36.94,2205
36.95,2205
36.96,2205
36.97,2205
36.98,2205
36.99,2205
37.0,2205
37.01,2205
37.02,2205
37.03,2205
37.04,2205
37.05,2205
37.06,2205
37.07,2205
37.08,2205
37.09,2205
37.1,2205
37.11,2205
37.12,2205
37.13,2205
37.14,2205
37.15,2205
37.16,2205
37.17,2205
37.18,2205
37.19,2205
37.2,2205
37.21,2205
37.22,2205
37.23,2205
37.24,2205
37.25,2205
37.26,2205
37.27,2205
37.28,2205
37.29,2205
37.3,2205
37.31,2205
37.32,2205
37.33,2205
37.34,2205
37.35,2205
37.36,2205
37.37,2205
37.38,2205
37.39,2205
37.4,2205
37.41,2205
37.42,2205
37.43,2205
37.44,2205
37.45,2205
37.46,2205
37.47,2205
37.48,2205
37.49,2205
37.5,2205
37.51,2205
37.52,2205
37.53,2205
37.54,2205
37.55,2205
37.56,2205
37.57,2205
37.58,2205
37.59,2205
37.6,2205
37.61,2205
37.62,2205
37.63,2205
37.64,2205
37.65,2205
37.66,2205
37.67,2205
37.68,2205
37.69,2205
37.7,2205
37.71,2205
37.72,2205
37.73,2205
37.74,2205
37.75,2205
37.76,2205
37.77,2205
37.78,2205
37.79,2205
37.8,2205
37.81,2205
37.82,2205
37.83,2205
37.84,2205
37.85,2205
37.86,2205
37.87,2205
37.88,2205
37.89,2205
37.9,2205
37.91,2205
37.92,2205
37.93,2205
37.94,2205
37.95,2205
37.96,2205
37.97,2205
37.98,2205
37.99,2205
38.0,2205
38.01,2205
38.02,2205
38.03,2205
38.04,2205
38.05,2205
38.06,2205
38.07,2205
38.08,2205
38.09,2205
38.1,2205
38.11,2205
38.12,2205
38.13,2205
38.14,2205
38.15,2205
38.16,2205
38.17,2205
38.18,2205
38.19,2205
38.2,2205
38.21,2205
38.22,2205
38.23,2205
38.24,2205
38.25,2205
38.26,2205
38.27,2205
38.28,2205
38.29,2205
38.3,2205
38.31,2205
38.32,2205
38.33,2205
38.34,2205
38.35,2205
38.36,2205
38.37,2205
38.38,2205
38.39,2205
38.4,2205
38.41,2205
38.42,2205
38.43,2205
38.44,2205
38.45,2205
38.46,2205
38.47,2205
38.48,2205
38.49,2205
38.5,2205
38.51,2205
38.52,2205
38.53,2205
38.54,2205
38.55,2205
38.56,2205
38.57,2205
38.58,2205
38.59,2205
38.6,2205
38.61,2205
38.62,2205
38.63,2205
38.64,2205
38.65,2205
38.66,2205
38.67,2205
38.68,2205
38.69,2205
38.7,2205
38.71,2205
38.72,2205
38.73,2205
38.74,2205
38.75,2205
38.76,2205
38.77,2205
38.78,2205
38.79,2205
38.8,2205
38.81,2205
38.82,2205
38.83,2205
38.84,2205
38.85,2205
38.86,2205
38.87,2205
38.88,2205
38.89,2205
38.9,2205
38.91,2205
38.92,2205
38.93,2205
38.94,2205
38.95,2205
38.96,2205
38.97,2205
38.98,2205
38.99,2205
39.0,2205
39.01,2205
39.02,2205
39.03,2205
39.04,2205
39.05,2205
39.06,2205
39.07,2205
39.08,2205
39.09,2205
39.1,2205
39.11,2205
39.12,2205
39.13,2205
39.14,2205
39.15,2205
39.16,2205
39.17,2205
39.18,2205
39.19,2205
39.2,2205
39.21,2205
39.22,2205
39.23,2205
39.24,2205
39.25,2205
39.26,2205
39.27,2205
39.28,2205
39.29,2205
39.3,2205
39.31,2205
39.32,2205
39.33,2205
39.34,2205
39.35,2205
39.36,2205
39.37,2205
39.38,2205
39.39,2205
39.4,2205
39.41,2205
39.42,2205
39.43,2205
39.44,2205
39.45,2205
39.46,2205
39.47,2205
39.48,2205
39.49,2205
39.5,2205
39.51,2205
39.52,2205
39.53,2205
39.54,2205
39.55,2205
39.56,2205
39.57,2205
39.58,2205
39.59,2205
39.6,2205
39.61,2205
39.62,2205
39.63,2205
39.64,2205
39.65,2205
39.66,2205
39.67,2205
39.68,2205
39.69,2205
39.7,2205
39.71,2205
39.72,2205
39.73,2205
39.74,2205
39.75,2205
39.76,2205
39.77,2205
39.78,2205
39.79,2205
39.8,2205
39.81,2205
39.82,2205
39.83,2205
39.84,2205
39.85,2205
39.86,2205
39.87,2205
39.88,2205
39.89,2205
39.9,2205
39.91,2205
39.92,2205
39.93,2205
39.94,2205
39.95,2205
39.96,2205
39.97,2205
39.98,2205
39.99,2205
40.0,2205
40.01,2205
40.02,2205
40.03,2205
40.04,2205
40.05,2205
40.06,2205
40.07,2205
40.08,2205
40.09,2205
40.1,2205
40.11,2205
40.12,2205
40.13,2205
40.14,2205
40.15,2205
40.16,2205
40.17,2205
40.18,2205
40.19,2205
40.2,2205
40.21,2205
40.22,2205
40.23,2205
40.24,2205
40.25,2205
40.26,2205
40.27,2205
40.28,2205
40.29,2205
40.3,2205
40.31,2205
40.32,2205
40.33,2205
40.34,2205
40.35,2205
40.36,2205
40.37,2205
40.38,2205
40.39,2205
40.4,2205
40.41,2205
40.42,2205
40.43,2205
40.44,2205
40.45,2205
40.46,2205
40.47,2205
40.48,2205
40.49,2205
40.5,2205
40.51,2205
40.52,2205
40.53,2205
40.54,2205
40.55,2205
40.56,2205
40.57,2205
40.58,2205
40.59,2205
40.6,2205
40.61,2205
40.62,2205
40.63,2205
40.64,2205
40.65,2205
40.66,2205
40.67,2205
40.68,2205
40.69,2205
40.7,2205
40.71,2205
40.72,2205
40.73,2205
40.74,2205
40.75,2205
40.76,2205
40.77,2205
40.78,2205
40.79,2205
40.8,2205
40.81,2205
40.82,2205
40.83,2205
40.84,2205
40.85,2205
40.86,2205
40.87,2205
40.88,2205
40.89,2205
40.9,2205
40.91,2205
40.92,2205
40.93,2205
40.94,2205
40.95,2205
40.96,2205
40.97,2205
40.98,2205
40.99,2205
41.0,2205
41.01,2205
41.02,2205
41.03,2205
41.04,2205
41.05,2205
41.06,2205
41.07,2205
41.08,2205
41.09,2205
41.1,2205
41.11,2205
41.12,2205
41.13,2205
41.14,2205
41.15,2205
41.16,2205
41.17,2205
41.18,2205
41.19,2205
41.2,2205
41.21,2205
41.22,2205
41.23,2205
41.24,2205
41.25,2205
41.26,2205
41.27,2205
41.28,2205
41.29,2205
41.3,2205
41.31,2205
41.32,2205
41.33,2205
41.34,2205
41.35,2205
41.36,2205
41.37,2205
41.38,2205
41.39,2205
41.4,2205
41.41,2205
41.42,2205
41.43,2205
41.44,2205
41.45,2205
41.46,2205
41.47,2205
41.48,2205
41.49,2205
41.5,2205
41.51,2205
41.52,2205
41.53,2205
41.54,2205
41.55,2205
41.56,2205
41.57,2205
41.58,2205
41.59,2205
41.6,2205
41.61,2205
41.62,2205
41.63,2205
41.64,2205
41.65,2205
41.66,2205
41.67,2205
41.68,2205
41.69,2205
41.7,2205
41.71,2205
41.72,2205
41.73,2205
41.74,2205
41.75,2205
41.76,2205
41.77,2205
41.78,2205
41.79,2205
41.8,2205
41.81,2205
41.82,2205
41.83,2205
41.84,2205
41.85,2205
41.86,2205
41.87,2205
41.88,2205
41.89,2205
41.9,2205
41.91,2205
41.92,2205
41.93,2205
41.94,2205
41.95,2205
41.96,2205
41.97,2205
41.98,2205
41.99,2205
42.0,2205
42.01,2205
42.02,2205
42.03,2205
42.04,2205
42.05,2205
42.06,2205
42.07,2205
42.08,2205
42.09,2205
42.1,2205
42.11,2205
42.12,2205
42.13,2205
42.14,2205
42.15,2205
42.16,2205
42.17,2205
42.18,2205
42.19,2205
42.2,2205
42.21,2205
42.22,2205
42.23,2205
42.24,2205
42.25,2205
42.26,2205
42.27,2205
42.28,2205
42.29,2205
42.3,2205
42.31,2205
42.32,2205
42.33,2205
42.34,2205
42.35,2205
42.36,2205
42.37,2205
42.38,2205
42.39,2205
42.4,2205
42.41,2205
42.42,2205
42.43,2205
42.44,2205
42.45,2205
42.46,2205
42.47,2205
42.48,2205
42.49,2205
42.5,2205
42.51,2205
42.52,2205
42.53,2205
42.54,2205
42.55,2205
42.56,2205
42.57,2205
42.58,2205
42.59,2205
42.6,2205
42.61,2205
42.62,2205
42.63,2205
42.64,2205
42.65,2205
42.66,2205
42.67,2205
42.68,2205
42.69,2205
42.7,2205
42.71,2205
42.72,2205
42.73,2205
42.74,2205
42.75,2205
42.76,2205
42.77,2205
42.78,2205
42.79,2205
42.8,2205
42.81,2205
42.82,2205
42.83,2205
42.84,2205
42.85,2205
42.86,2205
42.87,2205
42.88,2205
42.89,2205
42.9,2205
42.91,2205
42.92,2205
42.93,2205
42.94,2205
42.95,2205
42.96,2205
42.97,2205
42.98,2205
42.99,2205
43.0,2205
43.01,2205
43.02,2205
43.03,2205
43.04,2205
43.05,2205
43.06,2205
43.07,2205
43.08,2205
43.09,2205
43.1,2205
43.11,2205
43.12,2205
43.13,2205
43.14,2205
43.15,2205
43.16,2205
43.17,2205
43.18,2205
43.19,2205
43.2,2205
43.21,2205
43.22,2205
43.23,2205
43.24,2205
43.25,2205
43.26,2205
43.27,2205
43.28,2205
43.29,2205
43.3,2205
43.31,2205
43.32,2205
43.33,2205
43.34,2205
43.35,2205
43.36,2205
43.37,2205
43.38,2205
43.39,2205
43.4,2205
43.41,2205
43.42,2205
43.43,2205
43.44,2205
43.45,2205
43.46,2205
43.47,2205
43.48,2205
43.49,2205
43.5,2205
43.51,2205
43.52,2205
43.53,2205
43.54,2205
43.55,2205
43.56,2205
43.57,2205
43.58,2205
43.59,2205
43.6,2205
43.61,2205
43.62,2205
43.63,2205
43.64,2205
43.65,2205
43.66,2205
43.67,2205
43.68,2205
43.69,2205
43.7,2205
43.71,2205
43.72,2205
43.73,2205
43.74,2205
43.75,2205
43.76,2205
43.77,2205
43.78,2205
43.79,2205
43.8,2205
43.81,2205
43.82,2205
43.83,2205
43.84,2205
43.85,2205
43.86,2205
43.87,2205
43.88,2205
43.89,2205
43.9,2205
43.91,2205
43.92,2205
43.93,2205
43.94,2205
43.95,2205
43.96,2205
43.97,2205
43.98,2205
43.99,2205
44.0,2205
44.01,2205
44.02,2205
44.03,2205
44.04,2205
44.05,2205
44.06,2205
44.07,2205
44.08,2205
44.09,2205
44.1,2205
44.11,2205
44.12,2205
44.13,2205
44.14,2205
44.15,2205
44.16,2205
44.17,2205
44.18,2205
44.19,2205
44.2,2205
44.21,2205
44.22,2205
44.23,2205
44.24,2205
44.25,2205
44.26,2205
44.27,2205
44.28,2205
44.29,2205
44.3,2205
44.31,2205
44.32,2205
44.33,2205
44.34,2205
44.35,2205
44.36,2205
44.37,2205
44.38,2205
44.39,2205
44.4,2205
44.41,2205
44.42,2205
44.43,2205
44.44,2205
44.45,2205
44.46,2205
44.47,2205
44.48,2205
44.49,2205
44.5,2205
44.51,2205
44.52,2205
44.53,2205
44.54,2205
44.55,2205
44.56,2205
44.57,2205
44.58,2205
44.59,2205
44.6,2205
44.61,2205
44.62,2205
44.63,2205
44.64,2205
44.65,2205
44.66,2205
44.67,2205
44.68,2205
44.69,2205
44.7,2205
44.71,2205
44.72,2205
44.73,2205
44.74,2205
44.75,2205
44.76,2205
44.77,2205
44.78,2205
44.79,2205
44.8,2205
44.81,2205
44.82,2205
44.83,2205
44.84,2205
44.85,2205
44.86,2205
44.87,2205
44.88,2205
44.89,2205
44.9,2205
44.91,2205
44.92,2205
44.93,2205
44.94,2205
44.95,2205
44.96,2205
44.97,2205
44.98,2205
44.99,2205
45.0,2205
45.01,2205
45.02,2205
45.03,2205
45.04,2205
45.05,2205
45.06,2205
45.07,2205
45.08,2205
45.09,2205
45.1,2205
45.11,2205
45.12,2205
45.13,2205
45.14,2205
45.15,2205
45.16,2205
45.17,2205
45.18,2205
45.19,2205
45.2,2205
45.21,2205
45.22,2205
45.23,2205
45.24,2205
45.25,2205
45.26,2205
45.27,2205
45.28,2205
45.29,2205
45.3,2205
45.31,2205
45.32,2205
45.33,2205
45.34,2205
45.35,2205
45.36,2205
45.37,2205
45.38,2205
45.39,2205
45.4,2205
45.41,2205
45.42,2205
45.43,2205
45.44,2205
45.45,2205
45.46,2205
45.47,2205
45.48,2205
45.49,2205
45.5,2205
45.51,2205
45.52,2205
45.53,2205
45.54,2205
45.55,2205
45.56,2205
45.57,2205
45.58,2205
45.59,2205
45.6,2205
45.61,2205
45.62,2205
45.63,2205
45.64,2205
45.65,2205
45.66,2205
45.67,2205
45.68,2205
45.69,2205
45.7,2205
45.71,2205
45.72,2205
45.73,2205
45.74,2205
45.75,2205
45.76,2205
45.77,2205
45.78,2205
45.79,2205
45.8,2205
45.81,2205
45.82,2205
45.83,2205
45.84,2205
45.85,2205
45.86,2205
45.87,2205
45.88,2205
45.89,2205
45.9,2205
45.91,2205
45.92,2205
45.93,2205
45.94,2205
45.95,2205
45.96,2205
45.97,2205
45.98,2205
45.99,2205
46.0,2205
46.01,2205
46.02,2205
46.03,2205
46.04,2205
46.05,2205
46.06,2205
46.07,2205
46.08,2205
46.09,2205
46.1,2205
46.11,2205
46.12,2205
46.13,2205
46.14,2205
46.15,2205
46.16,2205
46.17,2205
46.18,2205
46.19,2205
46.2,2205
46.21,2205
46.22,2205
46.23,2205
46.24,2205
46.25,2205
46.26,2205
46.27,2205
46.28,2205
46.29,2205
46.3,2205
46.31,2205
46.32,2205
46.33,2205
46.34,2205
46.35,2205
46.36,2205
46.37,2205
46.38,2205
46.39,2205
46.4,2205
46.41,2205
46.42,2205
46.43,2205
46.44,2205
46.45,2205
46.46,2205
46.47,2205
46.48,2205
46.49,2205
46.5,2205
46.51,2205
46.52,2205
46.53,2205
46.54,2205
46.55,2205
46.56,2205
46.57,2205
46.58,2205
46.59,2205
46.6,2205
46.61,2205
46.62,2205
46.63,2205
46.64,2205
46.65,2205
46.66,2205
46.67,2205
46.68,2205
46.69,2205
46.7,2205
46.71,2205
46.72,2205
46.73,2205
46.74,2205
46.75,2205
46.76,2205
46.77,2205
46.78,2205
46.79,2205
46.8,2205
46.81,2205
46.82,2205
46.83,2205
46.84,2205
46.85,2205
46.86,2205
46.87,2205
46.88,2205
46.89,2205
46.9,2205
46.91,2205
46.92,2205
46.93,2205
46.94,2205
46.95,2205
46.96,2205
46.97,2205
46.98,2205
46.99,2205
47.0,2205
47.01,2205
47.02,2205
47.03,2205
47.04,2205
47.05,2205
47.06,2205
47.07,2205
47.08,2205
47.09,2205
47.1,2205
47.11,2205
47.12,2205
47.13,2205
47.14,2205
47.15,2205
47.16,2205
47.17,2205
47.18,2205
47.19,2205
47.2,2205
47.21,2205
47.22,2205
47.23,2205
47.24,2205
47.25,2205
47.26,2205
47.27,2205
47.28,2205
47.29,2205
47.3,2205
47.31,2205
47.32,2205
47.33,2205
47.34,2205
47.35,2205
47.36,2205
47.37,2205
47.38,2205
47.39,2205
47.4,2205
47.41,2205
47.42,2205
47.43,2205
47.44,2205
47.45,2205
47.46,2205
47.47,2205
47.48,2205
47.49,2205
47.5,2205
47.51,2205
47.52,2205
47.53,2205
47.54,2205
47.55,2205
47.56,2205
47.57,2205
47.58,2205
47.59,2205
47.6,2205
47.61,2205
47.62,2205
47.63,2205
47.64,2205
47.65,2205
47.66,2205
47.67,2205
47.68,2205
47.69,2205
47.7,2205
47.71,2205
47.72,2205
47.73,2205
47.74,2205
47.75,2205
47.76,2205
47.77,2205
47.78,2205
47.79,2205
47.8,2205
47.81,2205
47.82,2205
47.83,2205
47.84,2205
47.85,2205
47.86,2205
47.87,2205
47.88,2205
47.89,2205
47.9,2205
47.91,2205
47.92,2205
47.93,2205
47.94,2205
47.95,2204
47.96,2204
47.97,2204
47.98,2204
47.99,2204
48.0,2204
48.01,2204
48.02,2204
48.03,2204
48.04,2204
48.05,2204
48.06,2204
48.07,2204
48.08,2204
48.09,2204
48.1,2204
48.11,2204
48.12,2204
48.13,2204
48.14,2204
48.15,2204
48.16,2204
48.17,2204
48.18,2204
48.19,2204
48.2,2204
48.21,2204
48.22,2204
48.23,2204
48.24,2204
48.25,2204
48.26,2204
48.27,2204
48.28,2204
48.29,2204
48.3,2204
48.31,2204
48.32,2204
48.33,2204
48.34,2204
48.35,2204
48.36,2204
48.37,2204
48.38,2204
48.39,2204
48.4,2204
48.41,2204
48.42,2204
48.43,2204
48.44,2204
48.45,2204
48.46,2204
48.47,2204
48.48,2204
48.49,2204
48.5,2204
48.51,2204
48.52,2204
48.53,2204
48.54,2204
48.55,2204
48.56,2204
48.57,2204
48.58,2204
48.59,2204
48.6,2204
48.61,2204
48.62,2204
48.63,2204
48.64,2204
48.65,2204
48.66,2204
48.67,2204
48.68,2204
48.69,2204
48.7,2204
48.71,2204
48.72,2204
48.73,2204
48.74,2204
48.75,2204
48.76,2204
48.77,2204
48.78,2204
48.79,2204
48.8,2204
48.81,2204
48.82,2204
48.83,2204
48.84,2204
48.85,2204
48.86,2204
48.87,2204
48.88,2204
48.89,2204
48.9,2204
48.91,2204
48.92,2204
48.93,2204
48.94,2204
48.95,2204
48.96,2204
48.97,2204
48.98,2204
48.99,2204
49.0,2204
49.01,2204
49.02,2204
49.03,2204
49.04,2204
49.05,2204
49.06,2204
49.07,2204
49.08,2204
49.09,2204
49.1,2204
49.11,2204
49.12,2204
49.13,2204
49.14,2204
49.15,2204
49.16,2204
49.17,2204
49.18,2204
49.19,2204
49.2,2204
49.21,2204
49.22,2204
49.23,2204
49.24,2204
49.25,2204
49.26,2204
49.27,2204
49.28,2204
49.29,2204
49.3,2204
49.31,2204
49.32,2204
49.33,2204
49.34,2204
49.35,2204
49.36,2204
49.37,2204
49.38,2204
49.39,2204
49.4,2204
49.41,2204
49.42,2204
49.43,2204
49.44,2204
49.45,2204
49.46,2204
49.47,2204
49.48,2204
49.49,2204
49.5,2204
49.51,2204
49.52,2204
49.53,2204
49.54,2204
49.55,2204
49.56,2204
49.57,2204
49.58,2204
49.59,2204
49.6,2204
49.61,2204
49.62,2204
49.63,2204
49.64,2204
49.65,2204
49.66,2204
49.67,2204
49.68,2204
49.69,2204
49.7,2204
49.71,2204
49.72,2204
49.73,2204
49.74,2204
49.75,2204
49.76,2204
49.77,2204
49.78,2204
49.79,2204
49.8,2204
49.81,2204
49.82,2204
49.83,2204
49.84,2204
49.85,2204
49.86,2204
49.87,2204
49.88,2204
49.89,2204
49.9,2204
49.91,2204
49.92,2204
49.93,2204
49.94,2204
49.95,2204
49.96,2204
49.97,2204
49.98,2204
49.99,2204
50.0,2204
50.01,2204
50.02,2204
50.03,2204
50.04,2204
50.05,2204
50.06,2204
50.07,2204
50.08,2204
50.09,2204
50.1,2204
50.11,2204
50.12,2204
50.13,2204
50.14,2204
50.15,2204
50.16,2204
50.17,2204
50.18,2204
50.19,2204
50.2,2204
50.21,2204
50.22,2204
50.23,2204
50.24,2204
50.25,2204
50.26,2204
50.27,2204
50.28,2204
50.29,2204
50.3,2204
50.31,2204
50.32,2204
50.33,2204
50.34,2204
50.35,2204
50.36,2204
50.37,2204
50.38,2204
50.39,2204
50.4,2204
50.41,2204
50.42,2204
50.43,2204
50.44,2204
50.45,2204
50.46,2204
50.47,2204
50.48,2204
50.49,2204
50.5,2204
50.51,2204
50.52,2204
50.53,2204
50.54,2204
50.55,2204
50.56,2204
50.57,2204
50.58,2204
50.59,2204
50.6,2204
50.61,2204
50.62,2204
50.63,2204
50.64,2204
50.65,2204
50.66,2204
50.67,2204
50.68,2204
50.69,2204
50.7,2204
50.71,2204
50.72,2204
50.73,2204
50.74,2204
50.75,2204
50.76,2204
50.77,2204
50.78,2204
50.79,2204
50.8,2204
50.81,2204
50.82,2204
50.83,2204
50.84,2204
50.85,2204
50.86,2204
50.87,2204
50.88,2204
50.89,2204
50.9,2204
50.91,2204
50.92,2204
50.93,2204
50.94,2204
50.95,2204
50.96,2204
50.97,2204
50.98,2204
50.99,2204
51.0,2204
51.01,2204
51.02,2204
51.03,2204
51.04,2204
51.05,2204
51.06,2204
51.07,2204
51.08,2204
51.09,2204
51.1,2204
51.11,2204
51.12,2204
51.13,2204
51.14,2204
51.15,2204
51.16,2204
51.17,2204
51.18,2204
51.19,2204
51.2,2204
51.21,2204
51.22,2204
51.23,2204
51.24,2204
51.25,2204
51.26,2204
51.27,2204
51.28,2204
51.29,2204
51.3,2204
51.31,2204
51.32,2204
51.33,2204
51.34,2204
51.35,2204
51.36,2204
51.37,2204
51.38,2204
51.39,2204
51.4,2204
51.41,2204
51.42,2204
51.43,2204
51.44,2204
51.45,2204
51.46,2204
51.47,2204
51.48,2204
51.49,2204
51.5,2204
51.51,2204
51.52,2204
51.53,2204
51.54,2204
51.55,2204
51.56,2204
51.57,2204
51.58,2204
51.59,2204
51.6,2204
51.61,2204
51.62,2204
51.63,2204
51.64,2204
51.65,2204
51.66,2204
51.67,2204
51.68,2204
51.69,2204
51.7,2204
51.71,2204
51.72,2204
51.73,2204
51.74,2204
51.75,2204
51.76,2204
51.77,2204
51.78,2204
51.79,2204
51.8,2204
51.81,2204
51.82,2204
51.83,2204
51.84,2204
51.85,2204
51.86,2204
51.87,2204
51.88,2204
51.89,2204
51.9,2204
51.91,2204
51.92,2204
51.93,2204
51.94,2204
51.95,2204
51.96,2204
51.97,2204
51.98,2204
51.99,2204
52.0,2204
52.01,2204
52.02,2204
52.03,2204
52.04,2204
52.05,2204
52.06,2204
52.07,2204
52.08,2204
52.09,2204
52.1,2204
52.11,2204
52.12,2204
52.13,2204
52.14,2204
52.15,2204
52.16,2204
52.17,2204
52.18,2204
52.19,2204
52.2,2204
52.21,2204
52.22,2204
52.23,2204
52.24,2204
52.25,2204
52.26,2204
52.27,2204
52.28,2204
52.29,2204
52.3,2204
52.31,2204
52.32,2204
52.33,2204
52.34,2204
52.35,2204
52.36,2204
52.37,2204
52.38,2204
52.39,2204
52.4,2204
52.41,2204
52.42,2204
52.43,2204
52.44,2204
52.45,2204
52.46,2204
52.47,2204
52.48,2204
52.49,2204
52.5,2204
52.51,2204
52.52,2204
52.53,2204
52.54,2204
52.55,2204
52.56,2204
52.57,2204
52.58,2204
52.59,2204
52.6,2204
52.61,2204
52.62,2204
52.63,2204
52.64,2204
52.65,2204
52.66,2204
52.67,2204
52.68,2204
52.69,2204
52.7,2204
52.71,2204
52.72,2204
52.73,2204
52.74,2204
52.75,2204
52.76,2204
52.77,2204
52.78,2204
52.79,2204
52.8,2204
52.81,2204
52.82,2204
52.83,2204
52.84,2204
52.85,2204
52.86,2204
52.87,2204
52.88,2204
52.89,2204
52.9,2204
52.91,2204
52.92,2204
52.93,2204
52.94,2204
52.95,2204
52.96,2204
52.97,2204
52.98,2204
52.99,2204
53.0,2204
53.01,2204
53.02,2204
53.03,2204
53.04,2204
53.05,2204
53.06,2204
53.07,2204
53.08,2204
53.09,2204
53.1,2204
53.11,2204
53.12,2204
53.13,2204
53.14,2204
53.15,2204
53.16,2204
53.17,2204
53.18,2204
53.19,2204
53.2,2204
53.21,2204
53.22,2204
53.23,2204
53.24,2204
53.25,2204
53.26,2204
53.27,2204
53.28,2204
53.29,2204
53.3,2204
53.31,2204
53.32,2204
53.33,2204
53.34,2204
53.35,2204
53.36,2204
53.37,2204
53.38,2204
53.39,2204
53.4,2204
53.41,2204
53.42,2204
53.43,2204
53.44,2204
53.45,2204
53.46,2204
53.47,2204
53.48,2204
53.49,2204
53.5,2204
53.51,2204
53.52,2204
53.53,2204
53.54,2204
53.55,2204
53.56,2204
53.57,2204
53.58,2204
53.59,2204
53.6,2204
53.61,2204
53.62,2204
53.63,2204
53.64,2204
53.65,2204
53.66,2204
53.67,2204
53.68,2204
53.69,2204
53.7,2204
53.71,2204
53.72,2204
53.73,2204
53.74,2204
53.75,2204
53.76,2204
53.77,2204
53.78,2204
53.79,2204
53.8,2204
53.81,2204
53.82,2204
53.83,2204
53.84,2204
53.85,2204
53.86,2204
53.87,2204
53.88,2204
53.89,2204
53.9,2204
53.91,2204
53.92,2204
53.93,2204
53.94,2204
53.95,2204
53.96,2204
53.97,2204
53.98,2204
53.99,2204
54.0,2204
54.01,2204
54.02,2204
54.03,2204
54.04,2204
54.05,2204
54.06,2204
54.07,2204
54.08,2204
54.09,2204
54.1,2204
54.11,2204
54.12,2204
54.13,2204
54.14,2204
54.15,2204
54.16,2204
54.17,2204
54.18,2204
54.19,2204
54.2,2204
54.21,2204
54.22,2204
54.23,2204
54.24,2204
54.25,2204
54.26,2204
54.27,2204
54.28,2204
54.29,2204
54.3,2204
54.31,2204
54.32,2204
54.33,2204
54.34,2204
54.35,2204
54.36,2204
54.37,2204
54.38,2204
54.39,2204
54.4,2204
54.41,2204
54.42,2204
54.43,2204
54.44,2204
54.45,2204
54.46,2204
54.47,2204
54.48,2204
54.49,2204
54.5,2204
54.51,2204
54.52,2204
54.53,2204
54.54,2204
54.55,2204
54.56,2204
54.57,2204
54.58,2204
54.59,2204
54.6,2204
54.61,2204
54.62,2204
54.63,2204
54.64,2204
54.65,2204
54.66,2204
54.67,2204
54.68,2204
54.69,2204
54.7,2204
54.71,2204
54.72,2204
54.73,2204
54.74,2204
54.75,2204
54.76,2204
54.77,2204
54.78,2204
54.79,2204
54.8,2204
54.81,2204
54.82,2204
54.83,2204
54.84,2204
54.85,2204
54.86,2204
54.87,2204
54.88,2204
54.89,2204
54.9,2204
54.91,2204
54.92,2204
54.93,2204
54.94,2204
54.95,2204
54.96,2204
54.97,2204
54.98,2204
54.99,2204
55.0,2204
55.01,2204
55.02,2204
55.03,2204
55.04,2204
55.05,2204
55.06,2204
55.07,2204
55.08,2204
55.09,2204
55.1,2204
55.11,2204
55.12,2204
55.13,2204
55.14,2204
55.15,2204
55.16,2204
55.17,2204
55.18,2204
55.19,2204
55.2,2204
55.21,2204
55.22,2204
55.23,2204
55.24,2204
55.25,2204
55.26,2204
55.27,2204
55.28,2204
55.29,2204
55.3,2204
55.31,2204
55.32,2204
55.33,2204
55.34,2204
55.35,2204
55.36,2204
55.37,2204
55.38,2204
55.39,2204
55.4,2204
55.41,2204
55.42,2204
55.43,2204
55.44,2204
55.45,2204
55.46,2204
55.47,2204
55.48,2204
55.49,2204
55.5,2204
55.51,2204
55.52,2204
55.53,2204
55.54,2204
55.55,2204
55.56,2204
55.57,2204
55.58,2204
55.59,2204
55.6,2204
55.61,2204
55.62,2204
55.63,2204
55.64,2204
55.65,2204
55.66,2204
55.67,2204
55.68,2204
55.69,2204
55.7,2204
55.71,2204
55.72,2204
55.73,2204
55.74,2204
55.75,2204
55.76,2204
55.77,2204
55.78,2204
55.79,2204
55.8,2204
55.81,2204
55.82,2204
55.83,2204
55.84,2204
55.85,2204
55.86,2204
55.87,2204
55.88,2204
55.89,2204
55.9,2204
55.91,2204
55.92,2204
55.93,2204
55.94,2204
55.95,2204
55.96,2204
55.97,2204
55.98,2204
55.99,2204
56.0,2204
56.01,2204
56.02,2204
56.03,2204
56.04,2204
56.05,2204
56.06,2204
56.07,2204
56.08,2204
56.09,2204
56.1,2204
56.11,2204
56.12,2204
56.13,2204
56.14,2204
56.15,2204
56.16,2204
56.17,2204
56.18,2204
56.19,2204
56.2,2204
56.21,2204
56.22,2204
56.23,2204
56.24,2204
56.25,2204
56.26,2204
56.27,2204
56.28,2204
56.29,2204
56.3,2204
56.31,2204
56.32,2204
56.33,2204
56.34,2204
56.35,2204
56.36,2204
56.37,2204
56.38,2204
56.39,2204
56.4,2204
56.41,2204
56.42,2204
56.43,2204
56.44,2204
56.45,2204
56.46,2204
56.47,2204
56.48,2204
56.49,2204
56.5,2204
56.51,2204
56.52,2204
56.53,2204
56.54,2204
56.55,2204
56.56,2204
56.57,2204
56.58,2204
56.59,2204
56.6,2204
56.61,2204
56.62,2204
56.63,2204
56.64,2204
56.65,2204
56.66,2204
56.67,2204
56.68,2204
56.69,2204
56.7,2204
56.71,2204
56.72,2204
56.73,2204
56.74,2204
56.75,2204
56.76,2204
56.77,2204
56.78,2204
56.79,2204
56.8,2204
56.81,2204
56.82,2204
56.83,2204
56.84,2204
56.85,2204
56.86,2204
56.87,2204
56.88,2204
56.89,2204
56.9,2204
56.91,2204
56.92,2204
56.93,2204
56.94,2204
56.95,2204
56.96,2204
56.97,2204
56.98,2204
56.99,2204
57.0,2204
57.01,2204
57.02,2204
57.03,2204
57.04,2204
57.05,2204
57.06,2204
57.07,2204
57.08,2204
57.09,2204
57.1,2204
57.11,2204
57.12,2204
57.13,2204
57.14,2204
57.15,2204
57.16,2204
57.17,2204
57.18,2204
57.19,2204
57.2,2204
57.21,2204
57.22,2204
57.23,2204
57.24,2204
57.25,2204
57.26,2204
57.27,2204
57.28,2204
57.29,2204
57.3,2204
57.31,2204
57.32,2204
57.33,2204
57.34,2204
57.35,2204
57.36,2204
57.37,2204
57.38,2204
57.39,2204
57.4,2204
57.41,2204
57.42,2204
57.43,2204
57.44,2204
57.45,2204
57.46,2204
57.47,2204
57.48,2204
57.49,2204
57.5,2204
57.51,2204
57.52,2204
57.53,2204
57.54,2204
57.55,2204
57.56,2204
57.57,2204
57.58,2204
57.59,2204
57.6,2204
57.61,2204
57.62,2204
57.63,2204
57.64,2204
57.65,2204
57.66,2204
57.67,2204
57.68,2204
57.69,2204
57.7,2204
57.71,2204
57.72,2204
57.73,2204
57.74,2204
57.75,2204
57.76,2204
57.77,2204
57.78,2204
57.79,2204
57.8,2204
57.81,2204
57.82,2204
57.83,2204
57.84,2204
57.85,2204
57.86,2204
57.87,2204
57.88,2204
57.89,2204
57.9,2204
57.91,2204
57.92,2204
57.93,2204
57.94,2204
57.95,2204
57.96,2204
57.97,2204
57.98,2204
57.99,2204
58.0,2204
58.01,2204
58.02,2204
58.03,2204
58.04,2204
58.05,2204
58.06,2204
58.07,2204
58.08,2204
58.09,2204
58.1,2204
58.11,2204
58.12,2204
58.13,2204
58.14,2204
58.15,2204
58.16,2204
58.17,2204
58.18,2204
58.19,2204
58.2,2204
58.21,2204
58.22,2204
58.23,2204
58.24,2204
58.25,2204
58.26,2204
58.27,2204
58.28,2204
58.29,2204
58.3,2204
58.31,2204
58.32,2204
58.33,2204
58.34,2204
58.35,2204
58.36,2204
58.37,2204
58.38,2204
58.39,2204
58.4,2204
58.41,2204
58.42,2204
58.43,2204
58.44,2204
58.45,2204
58.46,2204
58.47,2204
58.48,2204
58.49,2204
58.5,2204
58.51,2204
58.52,2204
58.53,2204
58.54,2204
58.55,2204
58.56,2204
58.57,2204
58.58,2204
58.59,2204
58.6,2204
58.61,2204
58.62,2204
58.63,2204
58.64,2204
58.65,2204
58.66,2204
58.67,2204
58.68,2204
58.69,2204
58.7,2204
58.71,2204
58.72,2204
58.73,2204
58.74,2204
58.75,2204
58.76,2204
58.77,2204
58.78,2204
58.79,2204
58.8,2204
58.81,2204
58.82,2204
58.83,2204
58.84,2204
58.85,2204
58.86,2204
58.87,2204
58.88,2204
58.89,2204
58.9,2204
58.91,2204
58.92,2204
58.93,2204
58.94,2204
58.95,2204
58.96,2204
58.97,2204
58.98,2204
58.99,2204
59.0,2204
59.01,2204
59.02,2204
59.03,2204
59.04,2204
59.05,2204
59.06,2204
59.07,2204
59.08,2204
59.09,2204
59.1,2204
59.11,2204
59.12,2204
59.13,2204
59.14,2204
59.15,2204
59.16,2204
59.17,2204
59.18,2204
59.19,2204
59.2,2204
59.21,2204
59.22,2204
59.23,2204
59.24,2204
59.25,2204
59.26,2204
59.27,2204
59.28,2204
59.29,2204
59.3,2204
59.31,2204
59.32,2204
59.33,2204
59.34,2204
59.35,2204
59.36,2204
59.37,2204
59.38,2204
59.39,2204
59.4,2204
59.41,2204
59.42,2204
59.43,2204
59.44,2204
59.45,2204
59.46,2204
59.47,2204
59.48,2204
59.49,2204
59.5,2204
59.51,2204
59.52,2204
59.53,2204
59.54,2204
59.55,2204
59.56,2204
59.57,2204
59.58,2204
59.59,2204
59.6,2204
59.61,2204
59.62,2204
59.63,2204
59.64,2204
59.65,2204
59.66,2204
59.67,2204
59.68,2204
59.69,2204
59.7,2204
59.71,2204
59.72,2204
59.73,2204
59.74,2204
59.75,2204
59.76,2204
59.77,2204
59.78,2204
59.79,2204
59.8,2204
59.81,2204
59.82,2204
59.83,2204
59.84,2204
59.85,2204
59.86,2204
59.87,2204
59.88,2204
59.89,2204
59.9,2204
59.91,2204
59.92,2204
59.93,2204
59.94,2204
59.95,2204
59.96,2204
59.97,2204
59.98,2204
59.99,2204
60.0,2204
60.01,2204
60.02,2204
60.03,2204
60.04,2204
60.05,2204
60.06,2204
60.07,2204
60.08,2204
60.09,2204
60.1,2204
60.11,2204
60.12,2204
60.13,2204
60.14,2204
60.15,2204
60.16,2204
60.17,2204
60.18,2204
60.19,2204
60.2,2204
60.21,2204
60.22,2204
60.23,2204
60.24,2204
60.25,2204
60.26,2204
60.27,2204
60.28,2204
60.29,2204
60.3,2204
60.31,2204
60.32,2204
60.33,2204
60.34,2204
60.35,2204
60.36,2204
60.37,2204
60.38,2204
60.39,2204
60.4,2204
60.41,2204
60.42,2204
60.43,2204
60.44,2204
60.45,2204
60.46,2204
60.47,2204
60.48,2204
60.49,2204
60.5,2204
60.51,2204
60.52,2204
60.53,2204
60.54,2204
60.55,2204
60.56,2204
60.57,2204
60.58,2204
60.59,2204
60.6,2204
60.61,2204
60.62,2204
60.63,2204
60.64,2204
60.65,2204
60.66,2204
60.67,2204
60.68,2204
60.69,2204
60.7,2204
60.71,2204
60.72,2204
60.73,2204
60.74,2204
60.75,2204
60.76,2204
60.77,2204
60.78,2204
60.79,2204
60.8,2204
60.81,2204
60.82,2204
60.83,2204
60.84,2204
60.85,2204
60.86,2204
60.87,2204
60.88,2204
60.89,2204
60.9,2204
60.91,2204
60.92,2204
60.93,2204
60.94,2204
60.95,2204
60.96,2204
60.97,2204
60.98,2204
60.99,2204
61.0,2204
61.01,2204
61.02,2204
61.03,2204
61.04,2204
61.05,2204
61.06,2204
61.07,2204
61.08,2204
61.09,2204
61.1,2204
61.11,2204
61.12,2204
61.13,2204
61.14,2204
61.15,2204
61.16,2204
61.17,2204
61.18,2204
61.19,2204
61.2,2204
61.21,2204
61.22,2204
61.23,2204
61.24,2204
61.25,2204
61.26,2204
61.27,2204
61.28,2204
61.29,2204
61.3,2204
61.31,2204
61.32,2204
61.33,2204
61.34,2204
61.35,2204
61.36,2204
61.37,2204
61.38,2204
61.39,2204
61.4,2204
61.41,2204
61.42,2204
61.43,2204
61.44,2204
61.45,2204
61.46,2204
61.47,2204
61.48,2204
61.49,2204
61.5,2204
61.51,2204
61.52,2204
61.53,2204
61.54,2204
61.55,2204
61.56,2204
61.57,2204
61.58,2204
61.59,2204
61.6,2204
61.61,2204
61.62,2204
61.63,2204
61.64,2204
61.65,2204
61.66,2204
61.67,2204
61.68,2204
61.69,2204
61.7,2204
61.71,2204
61.72,2204
61.73,2204
61.74,2204
61.75,2204
61.76,2204
61.77,2204
61.78,2204
61.79,2204
61.8,2204
61.81,2204
61.82,2204
61.83,2204
61.84,2204
61.85,2204
61.86,2204
61.87,2204
61.88,2204
61.89,2204
61.9,2204
61.91,2204
61.92,2204
61.93,2204
61.94,2204
61.95,2204
61.96,2204
61.97,2204
61.98,2204
61.99,2204
62.0,2204
62.01,2204
62.02,2204
62.03,2204
62.04,2204
62.05,2204
62.06,2204
62.07,2204
62.08,2204
62.09,2204
62.1,2204
62.11,2204
62.12,2204
62.13,2204
62.14,2204
62.15,2204
62.16,2204
62.17,2204
62.18,2204
62.19,2204
62.2,2204
62.21,2204
62.22,2204
62.23,2204
62.24,2204
62.25,2204
62.26,2204
62.27,2204
62.28,2204
62.29,2204
62.3,2204
62.31,2204
62.32,2204
62.33,2204
62.34,2204
62.35,2204
62.36,2204
62.37,2204
62.38,2204
62.39,2204
62.4,2204
62.41,2204
62.42,2204
62.43,2204
62.44,2204
62.45,2204
62.46,2204
62.47,2204
62.48,2204
62.49,2204
62.5,2204
62.51,2204
62.52,2204
62.53,2204
62.54,2204
62.55,2204
62.56,2204
62.57,2204
62.58,2204
62.59,2204
62.6,2204
62.61,2204
62.62,2204
62.63,2204
62.64,2204
62.65,2204
62.66,2204
62.67,2204
62.68,2204
62.69,2204
62.7,2204
62.71,2204
62.72,2204
62.73,2204
62.74,2204
62.75,2204
62.76,2204
62.77,2204
62.78,2204
62.79,2204
62.8,2204
62.81,2204
62.82,2204
62.83,2204
62.84,2204
62.85,2204
62.86,2204
62.87,2204
62.88,2204
62.89,2204
62.9,2204
62.91,2204
62.92,2204
62.93,2204
62.94,2204
62.95,2204
62.96,2204
62.97,2204
62.98,2204
62.99,2204
63.0,2204
63.01,2204
63.02,2204
63.03,2204
63.04,2204
63.05,2204
63.06,2204
63.07,2204
63.08,2204
63.09,2204
63.1,2204
63.11,2204
63.12,2204
63.13,2204
63.14,2204
63.15,2204
63.16,2204
63.17,2204
63.18,2204
63.19,2204
63.2,2204
63.21,2204
63.22,2204
63.23,2204
63.24,2204
63.25,2204
63.26,2204
63.27,2204
63.28,2204
63.29,2204
63.3,2204
63.31,2204
63.32,2204
63.33,2204
63.34,2204
63.35,2204
63.36,2204
63.37,2204
63.38,2204
63.39,2204
63.4,2204
63.41,2204
63.42,2204
63.43,2204
63.44,2204
63.45,2204
63.46,2204
63.47,2204
63.48,2204
63.49,2204
63.5,2204
63.51,2204
63.52,2204
63.53,2204
63.54,2204
63.55,2204
63.56,2204
63.57,2204
63.58,2204
63.59,2204
63.6,2204
63.61,2204
63.62,2204
63.63,2204
63.64,2204
63.65,2204
63.66,2204
63.67,2204
63.68,2204
63.69,2204
63.7,2204
63.71,2204
63.72,2204
63.73,2204
63.74,2204
63.75,2204
63.76,2204
63.77,2204
63.78,2204
63.79,2204
63.8,2204
63.81,2204
63.82,2204
63.83,2204
63.84,2204
63.85,2204
63.86,2204
63.87,2204
63.88,2204
63.89,2204
63.9,2204
63.91,2204
63.92,2204
63.93,2204
63.94,2204
63.95,2204
63.96,2204
63.97,2204
63.98,2204
63.99,2204
64.0,2204
64.01,2204
64.02,2204
64.03,2204
64.04,2204
64.05,2204
64.06,2204
64.07,2204
64.08,2204
64.09,2204
64.1,2204
64.11,2204
64.12,2204
64.13,2204
64.14,2204
64.15,2204
64.16,2204
64.17,2204
64.18,2204
64.19,2204
64.2,2204
64.21,2204
64.22,2204
64.23,2204
64.24,2204
64.25,2204
64.26,2204
64.27,2204
64.28,2204
64.29,2204
64.3,2204
64.31,2204
64.32,2204
64.33,2204
64.34,2204
64.35,2204
64.36,2204
64.37,2204
64.38,2204
64.39,2204
64.4,2204
64.41,2204
64.42,2204
64.43,2204
64.44,2204
64.45,2204
64.46,2204
64.47,2204
64.48,2204
64.49,2204
64.5,2204
64.51,2204
64.52,2204
64.53,2204
64.54,2204
64.55,2204
64.56,2204
64.57,2204
64.58,2204
64.59,2204
64.6,2204
64.61,2204
64.62,2204
64.63,2204
64.64,2204
64.65,2204
64.66,2204
64.67,2204
64.68,2204
64.69,2204
64.7,2204
64.71,2204
64.72,2204
64.73,2204
64.74,2204
64.75,2204
64.76,2204
64.77,2204
64.78,2204
64.79,2204
64.8,2204
64.81,2204
64.82,2204
64.83,2204
64.84,2204
64.85,2204
64.86,2204
64.87,2204
64.88,2204
64.89,2204
64.9,2204
64.91,2204
64.92,2204
64.93,2204
64.94,2204
64.95,2204
64.96,2204
64.97,2204
64.98,2204
64.99,2204
65.0,2204
65.01,2204
65.02,2204
65.03,2204
65.04,2204
65.05,2204
65.06,2204
65.07,2204
65.08,2204
65.09,2204
65.1,2204
65.11,2204
65.12,2204
65.13,2204
65.14,2204
65.15,2204
65.16,2204
65.17,2204
65.18,2204
65.19,2204
65.2,2204
65.21,2204
65.22,2204
65.23,2204
65.24,2204
65.25,2204
65.26,2204
65.27,2204
65.28,2204
65.29,2204
65.3,2204
65.31,2204
65.32,2204
65.33,2204
65.34,2204
65.35,2204
65.36,2204
65.37,2204
65.38,2204
65.39,2204
65.4,2204
65.41,2204
65.42,2204
65.43,2204
65.44,2204
65.45,2204
65.46,2204
65.47,2204
65.48,2204
65.49,2204
65.5,2204
65.51,2204
65.52,2204
65.53,2204
65.54,2204
65.55,2204
65.56,2204
65.57,2204
65.58,2204
65.59,2204
65.6,2204
65.61,2204
65.62,2204
65.63,2204
65.64,2204
65.65,2204
65.66,2204
65.67,2204
65.68,2204
65.69,2204
65.7,2204
65.71,2204
65.72,2204
65.73,2204
65.74,2204
65.75,2204
65.76,2204
65.77,2204
65.78,2204
65.79,2204
65.8,2204
65.81,2204
65.82,2204
65.83,2204
65.84,2204
65.85,2204
65.86,2204
65.87,2204
65.88,2204
65.89,2204
65.9,2204
65.91,2204
65.92,2204
65.93,2204
65.94,2204
65.95,2204
65.96,2204
65.97,2204
65.98,2204
65.99,2204
66.0,2204
66.01,2204
66.02,2204
66.03,2204
66.04,2204
66.05,2204
66.06,2204
66.07,2204
66.08,2204
66.09,2204
66.1,2204
66.11,2204
66.12,2204
66.13,2204
66.14,2204
66.15,2204
66.16,2204
66.17,2204
66.18,2204
66.19,2204
66.2,2204
66.21,2204
66.22,2204
66.23,2204
66.24,2204
66.25,2204
66.26,2204
66.27,2204
66.28,2204
66.29,2204
66.3,2204
66.31,2204
66.32,2204
66.33,2204
66.34,2204
66.35,2204
66.36,2204
66.37,2204
66.38,2204
66.39,2204
66.4,2204
66.41,2204
66.42,2204
66.43,2204
66.44,2204
66.45,2204
66.46,2204
66.47,2204
66.48,2204
66.49,2204
66.5,2204
66.51,2204
66.52,2204
66.53,2204
66.54,2204
66.55,2204
66.56,2204
66.57,2204
66.58,2204
66.59,2204
66.6,2204
66.61,2204
66.62,2204
66.63,2204
66.64,2204
66.65,2204
66.66,2204
66.67,2204
66.68,2204
66.69,2204
66.7,2204
66.71,2204
66.72,2204
66.73,2204
66.74,2204
66.75,2204
66.76,2204
66.77,2204
66.78,2204
66.79,2204
66.8,2204
66.81,2204
66.82,2204
66.83,2204
66.84,2204
66.85,2204
66.86,2204
66.87,2204
66.88,2204
66.89,2204
66.9,2204
66.91,2204
66.92,2204
66.93,2204
66.94,2204
66.95,2204
66.96,2204
66.97,2204
66.98,2204
66.99,2204
67.0,2204
67.01,2204
67.02,2204
67.03,2204
67.04,2204
67.05,2204
67.06,2204
67.07,2204
67.08,2204
67.09,2204
67.1,2204
67.11,2204
67.12,2204
67.13,2204
67.14,2204
67.15,2204
67.16,2204
67.17,2204
67.18,2204
67.19,2204
67.2,2204
67.21,2204
67.22,2204
67.23,2204
67.24,2204
67.25,2204
67.26,2204
67.27,2204
67.28,2204
67.29,2204
67.3,2204
67.31,2204
67.32,2204
67.33,2204
67.34,2204
67.35,2204
67.36,2204
67.37,2204
67.38,2204
67.39,2204
67.4,2204
67.41,2204
67.42,2204
67.43,2204
67.44,2204
67.45,2204
67.46,2204
67.47,2204
67.48,2204
67.49,2204
67.5,2204
67.51,2204
67.52,2204
67.53,2204
67.54,2204
67.55,2204
67.56,2204
67.57,2204
67.58,2204
67.59,2204
67.6,2204
67.61,2204
67.62,2204
67.63,2204
67.64,2204
67.65,2204
67.66,2204
67.67,2204
67.68,2204
67.69,2204
67.7,2204
67.71,2204
67.72,2204
67.73,2204
67.74,2204
67.75,2204
67.76,2204
67.77,2204
67.78,2204
67.79,2204
67.8,2204
67.81,2204
67.82,2204
67.83,2204
67.84,2204
67.85,2204
67.86,2204
67.87,2204
67.88,2204
67.89,2204
67.9,2204
67.91,2204
67.92,2204
67.93,2204
67.94,2204
67.95,2204
67.96,2204
67.97,2204
67.98,2204
67.99,2204
68.0,2204
68.01,2204
68.02,2204
68.03,2204
68.04,2204
68.05,2204
68.06,2204
68.07,2204
68.08,2204
68.09,2204
68.1,2204
68.11,2204
68.12,2204
68.13,2204
68.14,2204
68.15,2204
68.16,2204
68.17,2204
68.18,2204
68.19,2204
68.2,2204
68.21,2204
68.22,2204
68.23,2204
68.24,2204
68.25,2204
68.26,2204
68.27,2204
68.28,2204
68.29,2204
68.3,2204
68.31,2204
68.32,2204
68.33,2204
68.34,2204
68.35,2204
68.36,2204
68.37,2204
68.38,2204
68.39,2204
68.4,2204
68.41,2204
68.42,2204
68.43,2204
68.44,2204
68.45,2204
68.46,2204
68.47,2204
68.48,2204
68.49,2204
68.5,2204
68.51,2204
68.52,2204
68.53,2204
68.54,2204
68.55,2204
68.56,2204
68.57,2204
68.58,2204
68.59,2204
68.6,2204
68.61,2204
68.62,2204
68.63,2204
68.64,2204
68.65,2204
68.66,2204
68.67,2204
68.68,2204
68.69,2204
68.7,2204
68.71,2204
68.72,2204
68.73,2204
68.74,2204
68.75,2204
68.76,2204
68.77,2204
68.78,2204
68.79,2204
68.8,2204
68.81,2204
68.82,2204
68.83,2204
68.84,2204
68.85,2204
68.86,2204
68.87,2204
68.88,2204
68.89,2204
68.9,2204
68.91,2204
68.92,2204
68.93,2204
68.94,2204
68.95,2204
68.96,2204
68.97,2204
68.98,2204
68.99,2204
69.0,2204
69.01,2204
69.02,2204
69.03,2204
69.04,2204
69.05,2204
69.06,2204
69.07,2204
69.08,2204
69.09,2204
69.1,2204
69.11,2204
69.12,2204
69.13,2204
69.14,2204
69.15,2204
69.16,2204
69.17,2204
69.18,2204
69.19,2204
69.2,2204
69.21,2204
69.22,2204
69.23,2204
69.24,2204
69.25,2204
69.26,2204
69.27,2204
69.28,2204
69.29,2204
69.3,2204
69.31,2204
69.32,2204
69.33,2204
69.34,2204
69.35,2204
69.36,2204
69.37,2204
69.38,2204
69.39,2204
69.4,2204
69.41,2204
69.42,2204
69.43,2204
69.44,2204
69.45,2204
69.46,2204
69.47,2204
69.48,2204
69.49,2204
69.5,2204
69.51,2204
69.52,2204
69.53,2204
69.54,2204
69.55,2204
69.56,2204
69.57,2204
69.58,2204
69.59,2204
69.6,2204
69.61,2204
69.62,2204
69.63,2204
69.64,2204
69.65,2204
69.66,2204
69.67,2204
69.68,2204
69.69,2204
69.7,2204
69.71,2204
69.72,2204
69.73,2204
69.74,2204
69.75,2204
69.76,2204
69.77,2204
69.78,2204
69.79,2204
69.8,2204
69.81,2204
69.82,2204
69.83,2204
69.84,2204
69.85,2204
69.86,2204
69.87,2204
69.88,2204
69.89,2204
69.9,2204
69.91,2204
69.92,2204
69.93,2204
69.94,2204
69.95,2204
69.96,2204
69.97,2204
69.98,2204
69.99,2204
70.0,2204
70.01,2204
70.02,2204
70.03,2204
70.04,2204
70.05,2204
70.06,2204
70.07,2204
70.08,2204
70.09,2204
70.1,2204
70.11,2204
70.12,2204
70.13,2204
70.14,2204
70.15,2204
70.16,2204
70.17,2204
70.18,2204
70.19,2204
70.2,2204
70.21,2204
70.22,2204
70.23,2204
70.24,2204
70.25,2204
70.26,2204
70.27,2204
70.28,2204
70.29,2204
70.3,2204
70.31,2204
70.32,2204
70.33,2204
70.34,2204
70.35,2204
70.36,2204
70.37,2204
70.38,2204
70.39,2204
70.4,2204
70.41,2204
70.42,2204
70.43,2204
70.44,2204
70.45,2204
70.46,2204
70.47,2204
70.48,2204
70.49,2204
70.5,2204
70.51,2204
70.52,2204
70.53,2204
70.54,2204
70.55,2204
70.56,2204
70.57,2204
70.58,2204
70.59,2204
70.6,2204
70.61,2204
70.62,2204
70.63,2204
70.64,2204
70.65,2204
70.66,2204
70.67,2204
70.68,2204
70.69,2204
70.7,2204
70.71,2204
70.72,2204
70.73,2204
70.74,2204
70.75,2204
70.76,2204
70.77,2204
70.78,2204
70.79,2204
70.8,2204
70.81,2204
70.82,2204
70.83,2204
70.84,2204
70.85,2204
70.86,2204
70.87,2204
70.88,2204
70.89,2204
70.9,2204
70.91,2204
70.92,2204
70.93,2204
70.94,2204
70.95,2204
70.96,2204
70.97,2204
70.98,2204
70.99,2204
71.0,2204
71.01,2204
71.02,2204
71.03,2204
71.04,2204
71.05,2204
71.06,2204
71.07,2204
71.08,2204
71.09,2204
71.1,2204
71.11,2204
71.12,2204
71.13,2204
71.14,2204
71.15,2204
71.16,2204
71.17,2204
71.18,2204
71.19,2204
71.2,2204
71.21,2204
71.22,2204
71.23,2204
71.24,2204
71.25,2204
71.26,2204
71.27,2204
71.28,2204
71.29,2204
71.3,2204
71.31,2204
71.32,2204
71.33,2204
71.34,2204
71.35,2204
71.36,2204
71.37,2204
71.38,2204
71.39,2204
71.4,2204
71.41,2204
71.42,2204
71.43,2204
71.44,2204
71.45,2204
71.46,2204
71.47,2204
71.48,2204
71.49,2204
71.5,2204
71.51,2204
71.52,2204
71.53,2204
71.54,2204
71.55,2204
71.56,2204
71.57,2204
71.58,2204
71.59,2204
71.6,2204
71.61,2204
71.62,2204
71.63,2204
71.64,2204
71.65,2204
71.66,2204
71.67,2204
71.68,2204
71.69,2204
71.7,2204
71.71,2204
71.72,2204
71.73,2204
71.74,2204
71.75,2204
71.76,2204
71.77,2204
71.78,2204
71.79,2204
71.8,2204
71.81,2204
71.82,2204
71.83,2204
71.84,2204
71.85,2204
71.86,2204
71.87,2204
71.88,2204
71.89,2204
71.9,2204
71.91,2204
71.92,2204
71.93,2204
71.94,2204
71.95,2204
71.96,2204
71.97,2204
71.98,2204
71.99,2204
72.0,2204
72.01,2204
72.02,2204
72.03,2204
72.04,2204
72.05,2204
72.06,2204
72.07,2204
72.08,2204
72.09,2204
72.1,2204
72.11,2204
72.12,2204
72.13,2204
72.14,2204
72.15,2204
72.16,2204
72.17,2204
72.18,2204
72.19,2204
72.2,2204
72.21,2204
72.22,2204
72.23,2204
72.24,2204
72.25,2204
72.26,2204
72.27,2204
72.28,2204
72.29,2204
72.3,2204
72.31,2204
72.32,2204
72.33,2204
72.34,2204
72.35,2204
72.36,2204
72.37,2204
72.38,2204
72.39,2204
72.4,2204
72.41,2204
72.42,2204
72.43,2204
72.44,2204
72.45,2204
72.46,2204
72.47,2204
72.48,2204
72.49,2204
72.5,2204
72.51,2204
72.52,2204
72.53,2204
72.54,2204
72.55,2204
72.56,2204
72.57,2204
72.58,2204
72.59,2204
72.6,2204
72.61,2204
72.62,2204
72.63,2204
72.64,2204
72.65,2204
72.66,2204
72.67,2204
72.68,2204
72.69,2204
72.7,2204
72.71,2204
72.72,2204
72.73,2204
72.74,2204
72.75,2204
72.76,2204
72.77,2204
72.78,2204
72.79,2204
72.8,2204
72.81,2204
72.82,2204
72.83,2204
72.84,2204
72.85,2204
72.86,2204
72.87,2204
72.88,2204
72.89,2204
72.9,2204
72.91,2204
72.92,2204
72.93,2204
72.94,2204
72.95,2204
72.96,2204
72.97,2204
72.98,2204
72.99,2204
73.0,2204
73.01,2204
73.02,2204
73.03,2204
73.04,2204
73.05,2204
73.06,2204
73.07,2204
73.08,2204
73.09,2204
73.1,2204
73.11,2204
73.12,2204
73.13,2204
73.14,2204
73.15,2204
73.16,2204
73.17,2204
73.18,2204
73.19,2204
73.2,2204
73.21,2204
73.22,2204
73.23,2204
73.24,2204
73.25,2204
73.26,2204
73.27,2204
73.28,2204
73.29,2204
73.3,2204
73.31,2204
73.32,2204
73.33,2204
73.34,2204
73.35,2204
73.36,2204
73.37,2204
73.38,2204
73.39,2204
73.4,2204
73.41,2204
73.42,2204
73.43,2204
73.44,2204
73.45,2204
73.46,2204
73.47,2204
73.48,2204
73.49,2204
73.5,2204
73.51,2204
73.52,2204
73.53,2204
73.54,2204
73.55,2204
73.56,2204
73.57,2204
73.58,2204
73.59,2204
73.6,2204
73.61,2204
73.62,2204
73.63,2204
73.64,2204
73.65,2204
73.66,2204
73.67,2204
73.68,2204
73.69,2204
73.7,2204
73.71,2204
73.72,2204
73.73,2204
73.74,2204
73.75,2204
73.76,2204
73.77,2204
73.78,2204
73.79,2204
73.8,2204
73.81,2204
73.82,2204
73.83,2204
73.84,2204
73.85,2204
73.86,2204
73.87,2204
73.88,2204
73.89,2204
73.9,2204
73.91,2204
73.92,2204
73.93,2204
73.94,2204
73.95,2204
73.96,2204
73.97,2204
73.98,2204
73.99,2204
74.0,2204
74.01,2204
74.02,2204
74.03,2204
74.04,2204
74.05,2204
74.06,2204
74.07,2204
74.08,2204
74.09,2204
74.1,2204
74.11,2204
74.12,2204
74.13,2204
74.14,2204
74.15,2204
74.16,2204
74.17,2204
74.18,2204
74.19,2204
74.2,2204
74.21,2204
74.22,2204
74.23,2204
74.24,2204
74.25,2204
74.26,2204
74.27,2204
74.28,2204
74.29,2204
74.3,2204
74.31,2204
74.32,2204
74.33,2204
74.34,2204
74.35,2204
74.36,2204
74.37,2204
74.38,2204
74.39,2204
74.4,2204
74.41,2204
74.42,2204
74.43,2204
74.44,2204
74.45,2204
74.46,2204
74.47,2204
74.48,2204
74.49,2204
74.5,2204
74.51,2204
74.52,2204
74.53,2204
74.54,2204
74.55,2204
74.56,2204
74.57,2204
74.58,2204
74.59,2204
74.6,2204
74.61,2204
74.62,2204
74.63,2204
74.64,2204
74.65,2204
74.66,2204
74.67,2204
74.68,2204
74.69,2204
74.7,2204
74.71,2204
74.72,2204
74.73,2204
74.74,2204
74.75,2204
74.76,2204
74.77,2204
74.78,2204
74.79,2204
74.8,2204
74.81,2204
74.82,2204
74.83,2204
74.84,2204
74.85,2204
74.86,2204
74.87,2204
74.88,2204
74.89,2204
74.9,2204
74.91,2204
74.92,2204
74.93,2204
74.94,2204
74.95,2204
74.96,2204
74.97,2204
74.98,2204
74.99,2204
75.0,2204
75.01,2204
75.02,2204
75.03,2204
75.04,2204
75.05,2204
75.06,2204
75.07,2204
75.08,2204
75.09,2204
75.1,2204
75.11,2204
75.12,2204
75.13,2204
75.14,2204
75.15,2204
75.16,2204
75.17,2204
75.18,2204
75.19,2204
75.2,2204
75.21,2204
75.22,2204
75.23,2204
75.24,2204
75.25,2204
75.26,2204
75.27,2204
75.28,2204
75.29,2204
75.3,2204
75.31,2204
75.32,2204
75.33,2204
75.34,2204
75.35,2204
75.36,2204
75.37,2204
75.38,2204
75.39,2204
75.4,2204
75.41,2204
75.42,2204
75.43,2204
75.44,2204
75.45,2204
75.46,2204
75.47,2204
75.48,2204
75.49,2204
75.5,2204
75.51,2204
75.52,2204
75.53,2204
75.54,2204
75.55,2204
75.56,2204
75.57,2204
75.58,2204
75.59,2204
75.6,2204
75.61,2204
75.62,2204
75.63,2204
75.64,2204
75.65,2204
75.66,2204
75.67,2204
75.68,2204
75.69,2204
75.7,2204
75.71,2204
75.72,2204
75.73,2204
75.74,2204
75.75,2204
75.76,2204
75.77,2204
75.78,2204
75.79,2204
75.8,2204
75.81,2204
75.82,2204
75.83,2204
75.84,2204
75.85,2204
75.86,2204
75.87,2204
75.88,2204
75.89,2204
75.9,2204
75.91,2204
75.92,2204
75.93,2204
75.94,2204
75.95,2204
75.96,2204
75.97,2204
75.98,2204
75.99,2204
76.0,2204
76.01,2204
76.02,2204
76.03,2204
76.04,2204
76.05,2204
76.06,2204
76.07,2204
76.08,2204
76.09,2204
76.1,2204
76.11,2204
76.12,2204
76.13,2204
76.14,2204
76.15,2204
76.16,2204
76.17,2204
76.18,2204
76.19,2204
76.2,2204
76.21,2204
76.22,2204
76.23,2204
76.24,2204
76.25,2204
76.26,2204
76.27,2204
76.28,2204
76.29,2204
76.3,2204
76.31,2204
76.32,2204
76.33,2204
76.34,2204
76.35,2204
76.36,2204
76.37,2204
76.38,2204
76.39,2204
76.4,2204
76.41,2204
76.42,2204
76.43,2204
76.44,2204
76.45,2204
76.46,2204
76.47,2204
76.48,2204
76.49,2204
76.5,2204
76.51,2204
76.52,2204
76.53,2204
76.54,2204
76.55,2204
76.56,2204
76.57,2204
76.58,2204
76.59,2204
76.6,2204
76.61,2204
76.62,2204
76.63,2204
76.64,2204
76.65,2204
76.66,2204
76.67,2204
76.68,2204
76.69,2204
76.7,2204
76.71,2204
76.72,2204
76.73,2204
76.74,2204
76.75,2204
76.76,2204
76.77,2204
76.78,2204
76.79,2204
76.8,2204
76.81,2204
76.82,2204
76.83,2204
76.84,2204
76.85,2204
76.86,2204
76.87,2204
76.88,2204
76.89,2204
76.9,2204
76.91,2204
76.92,2204
76.93,2204
76.94,2204
76.95,2204
76.96,2204
76.97,2204
76.98,2204
76.99,2204
77.0,2204
77.01,2204
77.02,2204
77.03,2204
77.04,2204
77.05,2204
77.06,2204
77.07,2204
77.08,2204
77.09,2204
77.1,2204
77.11,2204
77.12,2204
77.13,2204
77.14,2204
77.15,2204
77.16,2204
77.17,2204
77.18,2204
77.19,2204
77.2,2204
77.21,2204
77.22,2204
77.23,2204
77.24,2204
77.25,2204
77.26,2204
77.27,2204
77.28,2204
77.29,2204
77.3,2204
77.31,2204
77.32,2204
77.33,2204
77.34,2204
77.35,2204
77.36,2204
77.37,2204
77.38,2204
77.39,2204
77.4,2204
77.41,2204
77.42,2204
77.43,2204
77.44,2204
77.45,2204
77.46,2204
77.47,2204
77.48,2204
77.49,2204
77.5,2204
77.51,2204
77.52,2204
77.53,2204
77.54,2204
77.55,2204
77.56,2204
77.57,2204
77.58,2204
77.59,2204
77.6,2204
77.61,2204
77.62,2204
77.63,2204
77.64,2204
77.65,2204
77.66,2204
77.67,2204
77.68,2204
77.69,2204
77.7,2204
77.71,2204
77.72,2204
77.73,2204
77.74,2204
77.75,2204
77.76,2204
77.77,2204
77.78,2204
77.79,2204
77.8,2204
77.81,2204
77.82,2204
77.83,2204
77.84,2204
77.85,2204
77.86,2204
77.87,2204
77.88,2204
77.89,2204
77.9,2204
77.91,2204
77.92,2204
77.93,2204
77.94,2204
77.95,2204
77.96,2204
77.97,2204
77.98,2204
77.99,2204
78.0,2204
78.01,2204
78.02,2204
78.03,2204
78.04,2204
78.05,2204
78.06,2204
78.07,2204
78.08,2204
78.09,2204
78.1,2204
78.11,2204
78.12,2204
78.13,2204
78.14,2204
78.15,2204
78.16,2204
78.17,2204
78.18,2204
78.19,2204
78.2,2204
78.21,2204
78.22,2204
78.23,2204
78.24,2204
78.25,2204
78.26,2204
78.27,2204
78.28,2204
78.29,2204
78.3,2204
78.31,2204
78.32,2204
78.33,2204
78.34,2204
78.35,2204
78.36,2204
78.37,2204
78.38,2204
78.39,2204
78.4,2204
78.41,2204
78.42,2204
78.43,2204
78.44,2204
78.45,2204
78.46,2204
78.47,2204
78.48,2204
78.49,2204
78.5,2204
78.51,2204
78.52,2204
78.53,2204
78.54,2204
78.55,2204
78.56,2204
78.57,2204
78.58,2204
78.59,2204
78.6,2204
78.61,2204
78.62,2204
78.63,2204
78.64,2204
78.65,2204
78.66,2204
78.67,2204
78.68,2204
78.69,2204
78.7,2204
78.71,2204
78.72,2204
78.73,2204
78.74,2204
78.75,2204
78.76,2204
78.77,2204
78.78,2204
78.79,2204
78.8,2204
78.81,2204
78.82,2204
78.83,2204
78.84,2204
78.85,2204
78.86,2204
78.87,2204
78.88,2204
78.89,2204
78.9,2204
78.91,2204
78.92,2204
78.93,2204
78.94,2204
78.95,2204
78.96,2204
78.97,2204
78.98,2204
78.99,2204
79.0,2204
79.01,2204
79.02,2204
79.03,2204
79.04,2204
79.05,2204
79.06,2204
79.07,2204
79.08,2204
79.09,2204
79.1,2204
79.11,2204
79.12,2204
79.13,2204
79.14,2204
79.15,2204
79.16,2204
79.17,2204
79.18,2204
79.19,2204
79.2,2204
79.21,2204
79.22,2204
79.23,2204
79.24,2204
79.25,2204
79.26,2204
79.27,2204
79.28,2204
79.29,2204
79.3,2204
79.31,2204
79.32,2204
79.33,2204
79.34,2204
79.35,2204
79.36,2204
79.37,2204
79.38,2204
79.39,2204
79.4,2204
79.41,2204
79.42,2204
79.43,2204
79.44,2204
79.45,2204
79.46,2204
79.47,2204
79.48,2204
79.49,2204
79.5,2204
79.51,2204
79.52,2204
79.53,2204
79.54,2204
79.55,2204
79.56,2204
79.57,2204
79.58,2204
79.59,2204
79.6,2204
79.61,2204
79.62,2204
79.63,2204
79.64,2204
79.65,2204
79.66,2204
79.67,2204
79.68,2204
79.69,2204
79.7,2204
79.71,2204
79.72,2204
79.73,2204
79.74,2204
79.75,2204
79.76,2204
79.77,2204
79.78,2204
79.79,2204
79.8,2204
79.81,2204
79.82,2204
79.83,2204
79.84,2204
79.85,2204
79.86,2204
79.87,2204
79.88,2204
79.89,2204
79.9,2204
79.91,2204
79.92,2204
79.93,2204
79.94,2204
79.95,2204
79.96,2204
79.97,2204
79.98,2204
79.99,2204
80.0,2204
80.01,2204
80.02,2204
80.03,2204
80.04,2204
80.05,2204
80.06,2204
80.07,2204
80.08,2204
80.09,2204
80.1,2204
80.11,2204
80.12,2204
80.13,2204
80.14,2204
80.15,2204
80.16,2204
80.17,2204
80.18,2204
80.19,2204
80.2,2204
80.21,2204
80.22,2204
80.23,2204
80.24,2204
80.25,2204
80.26,2204
80.27,2204
80.28,2204
80.29,2204
80.3,2204
80.31,2204
80.32,2204
80.33,2204
80.34,2204
80.35,2204
80.36,2204
80.37,2204
80.38,2204
80.39,2204
80.4,2204
80.41,2204
80.42,2204
80.43,2204
80.44,2204
80.45,2204
80.46,2204
80.47,2204
80.48,2204
80.49,2204
80.5,2204
80.51,2204
80.52,2204
80.53,2204
80.54,2204
80.55,2204
80.56,2204
80.57,2204
80.58,2204
80.59,2204
80.6,2204
80.61,2204
80.62,2204
80.63,2204
80.64,2204
80.65,2204
80.66,2204
80.67,2204
80.68,2204
80.69,2204
80.7,2204
80.71,2204
80.72,2204
80.73,2204
80.74,2204
80.75,2204
80.76,2204
80.77,2204
80.78,2204
80.79,2204
80.8,2204
80.81,2204
80.82,2204
80.83,2204
80.84,2204
80.85,2204
80.86,2204
80.87,2204
80.88,2204
80.89,2204
80.9,2204
80.91,2204
80.92,2204
80.93,2204
80.94,2204
80.95,2204
80.96,2204
80.97,2204
80.98,2204
80.99,2204
81.0,2204
81.01,2204
81.02,2204
81.03,2204
81.04,2204
81.05,2204
81.06,2204
81.07,2204
81.08,2204
81.09,2204
81.1,2204
81.11,2204
81.12,2204
81.13,2204
81.14,2204
81.15,2204
81.16,2204
81.17,2204
81.18,2204
81.19,2204
81.2,2204
81.21,2204
81.22,2204
81.23,2204
81.24,2204
81.25,2204
81.26,2204
81.27,2204
81.28,2204
81.29,2204
81.3,2204
81.31,2204
81.32,2204
81.33,2204
81.34,2204
81.35,2204
81.36,2204
81.37,2204
81.38,2204
81.39,2204
81.4,2204
81.41,2204
81.42,2204
81.43,2204
81.44,2204
81.45,2204
81.46,2204
81.47,2204
81.48,2204
81.49,2204
81.5,2204
81.51,2204
81.52,2204
81.53,2204
81.54,2204
81.55,2204
81.56,2204
81.57,2204
81.58,2204
81.59,2204
81.6,2204
81.61,2204
81.62,2204
81.63,2204
81.64,2204
81.65,2204
81.66,2204
81.67,2204
81.68,2204
81.69,2204
81.7,2204
81.71,2204
81.72,2204
81.73,2204
81.74,2204
81.75,2204
81.76,2204
81.77,2204
81.78,2204
81.79,2204
81.8,2204
81.81,2204
81.82,2204
81.83,2204
81.84,2204
81.85,2204
81.86,2204
81.87,2204
81.88,2204
81.89,2204
81.9,2204
81.91,2204
81.92,2204
81.93,2204
81.94,2204
81.95,2204
81.96,2204
81.97,2204
81.98,2204
81.99,2204
82.0,2204
82.01,2204
82.02,2204
82.03,2204
82.04,2204
82.05,2204
82.06,2204
82.07,2204
82.08,2204
82.09,2204
82.1,2204
82.11,2204
82.12,2204
82.13,2204
82.14,2204
82.15,2204
82.16,2204
82.17,2204
82.18,2204
82.19,2204
82.2,2204
82.21,2204
82.22,2204
82.23,2204
82.24,2204
82.25,2204
82.26,2204
82.27,2204
82.28,2204
82.29,2204
82.3,2204
82.31,2204
82.32,2204
82.33,2204
82.34,2204
82.35,2204
82.36,2204
82.37,2204
82.38,2204
82.39,2204
82.4,2204
82.41,2204
82.42,2204
82.43,2204
82.44,2204
82.45,2204
82.46,2204
82.47,2204
82.48,2204
82.49,2204
82.5,2204
82.51,2204
82.52,2204
82.53,2204
82.54,2204
82.55,2204
82.56,2204
82.57,2204
82.58,2204
82.59,2204
82.6,2204
82.61,2204
82.62,2204
82.63,2204
82.64,2204
82.65,2204
82.66,2204
82.67,2204
82.68,2204
82.69,2204
82.7,2204
82.71,2204
82.72,2204
82.73,2204
82.74,2204
82.75,2204
82.76,2204
82.77,2204
82.78,2204
82.79,2204
82.8,2204
82.81,2204
82.82,2204
82.83,2204
82.84,2204
82.85,2204
82.86,2204
82.87,2204
82.88,2204
82.89,2204
82.9,2204
82.91,2204
82.92,2204
82.93,2204
82.94,2204
82.95,2204
82.96,2204
82.97,2204
82.98,2204
82.99,2204
83.0,2204
83.01,2204
83.02,2204
83.03,2204
83.04,2204
83.05,2204
83.06,2204
83.07,2204
83.08,2204
83.09,2204
83.1,2204
83.11,2204
83.12,2204
83.13,2204
83.14,2204
83.15,2204
83.16,2204
83.17,2204
83.18,2204
83.19,2204
83.2,2204
83.21,2204
83.22,2204
83.23,2204
83.24,2204
83.25,2204
83.26,2204
83.27,2204
83.28,2204
83.29,2204
83.3,2204
83.31,2204
83.32,2204
83.33,2204
83.34,2204
83.35,2204
83.36,2204
83.37,2204
83.38,2204
83.39,2204
83.4,2204
83.41,2204
83.42,2204
83.43,2204
83.44,2204
83.45,2204
83.46,2204
83.47,2204
83.48,2204
83.49,2204
83.5,2204
83.51,2204
83.52,2204
83.53,2204
83.54,2204
83.55,2204
83.56,2204
83.57,2204
83.58,2204
83.59,2204
83.6,2204
83.61,2204
83.62,2204
83.63,2204
83.64,2204
83.65,2204
83.66,2204
83.67,2204
83.68,2204
83.69,2204
83.7,2204
83.71,2204
83.72,2204
83.73,2204
83.74,2204
83.75,2204
83.76,2204
83.77,2204
83.78,2204
83.79,2204
83.8,2204
83.81,2204
83.82,2204
83.83,2204
83.84,2204
83.85,2204
83.86,2204
83.87,2204
83.88,2204
83.89,2204
83.9,2204
83.91,2204
83.92,2204
83.93,2204
83.94,2204
83.95,2204
83.96,2204
83.97,2204
83.98,2204
83.99,2204
84.0,2204
84.01,2204
84.02,2204
84.03,2204
84.04,2204
84.05,2204
84.06,2204
84.07,2204
84.08,2204
84.09,2204
84.1,2204
84.11,2204
84.12,2204
84.13,2204
84.14,2204
84.15,2204
84.16,2204
84.17,2204
84.18,2204
84.19,2204
84.2,2204
84.21,2204
84.22,2204
84.23,2204
84.24,2204
84.25,2204
84.26,2204
84.27,2204
84.28,2204
84.29,2204
84.3,2204
84.31,2204
84.32,2204
84.33,2204
84.34,2204
84.35,2204
84.36,2204
84.37,2204
84.38,2204
84.39,2204
84.4,2204
84.41,2204
84.42,2204
84.43,2204
84.44,2204
84.45,2204
84.46,2204
84.47,2204
84.48,2204
84.49,2204
84.5,2204
84.51,2204
84.52,2204
84.53,2204
84.54,2204
84.55,2204
84.56,2204
84.57,2204
84.58,2204
84.59,2204
84.6,2204
84.61,2204
84.62,2204
84.63,2204
84.64,2204
84.65,2204
84.66,2204
84.67,2204
84.68,2204
84.69,2204
84.7,2204
84.71,2204
84.72,2204
84.73,2204
84.74,2204
84.75,2204
84.76,2204
84.77,2204
84.78,2204
84.79,2204
84.8,2204
84.81,2204
84.82,2204
84.83,2204
84.84,2204
84.85,2204
84.86,2204
84.87,2204
84.88,2204
84.89,2204
84.9,2204
84.91,2204
84.92,2204
84.93,2204
84.94,2204
84.95,2204
84.96,2204
84.97,2204
84.98,2204
84.99,2204
85.0,2204
85.01,2204
85.02,2204
85.03,2204
85.04,2204
85.05,2204
85.06,2204
85.07,2204
85.08,2204
85.09,2204
85.1,2204
85.11,2204
85.12,2204
85.13,2204
85.14,2204
85.15,2204
85.16,2204
85.17,2204
85.18,2204
85.19,2204
85.2,2204
85.21,2204
85.22,2204
85.23,2204
85.24,2204
85.25,2204
85.26,2204
85.27,2204
85.28,2204
85.29,2204
85.3,2204
85.31,2204
85.32,2204
85.33,2204
85.34,2204
85.35,2204
85.36,2204
85.37,2204
85.38,2204
85.39,2204
85.4,2204
85.41,2204
85.42,2204
85.43,2204
85.44,2204
85.45,2204
85.46,2204
85.47,2204
85.48,2204
85.49,2204
85.5,2204
85.51,2204
85.52,2204
85.53,2204
85.54,2204
85.55,2204
85.56,2204
85.57,2204
85.58,2204
85.59,2204
85.6,2204
85.61,2204
85.62,2204
85.63,2204
85.64,2204
85.65,2204
85.66,2204
85.67,2204
85.68,2204
85.69,2204
85.7,2204
85.71,2204
85.72,2204
85.73,2204
85.74,2204
85.75,2204
85.76,2204
85.77,2204
85.78,2204
85.79,2204
85.8,2204
85.81,2204
85.82,2204
85.83,2204
85.84,2204
85.85,2204
85.86,2204
85.87,2204
85.88,2204
85.89,2204
85.9,2204
85.91,2204
85.92,2204
85.93,2204
85.94,2204
85.95,2204
85.96,2204
85.97,2204
85.98,2204
85.99,2204
86.0,2204
86.01,2204
86.02,2204
86.03,2204
86.04,2204
86.05,2204
86.06,2204
86.07,2204
86.08,2204
86.09,2204
86.1,2204
86.11,2204
86.12,2204
86.13,2204
86.14,2204
86.15,2204
86.16,2204
86.17,2204
86.18,2204
86.19,2204
86.2,2204
86.21,2204
86.22,2204
86.23,2204
86.24,2204
86.25,2204
86.26,2204
86.27,2204
86.28,2204
86.29,2204
86.3,2204
86.31,2204
86.32,2204
86.33,2204
86.34,2204
86.35,2204
86.36,2204
86.37,2204
86.38,2204
86.39,2204
86.4,2204
86.41,2204
86.42,2204
86.43,2204
86.44,2204
86.45,2204
86.46,2204
86.47,2204
86.48,2204
86.49,2204
86.5,2204
86.51,2204
86.52,2204
86.53,2204
86.54,2204
86.55,2204
86.56,2204
86.57,2204
86.58,2204
86.59,2204
86.6,2204
86.61,2204
86.62,2204
86.63,2204
86.64,2204
86.65,2204
86.66,2204
86.67,2204
86.68,2204
86.69,2204
86.7,2204
86.71,2204
86.72,2204
86.73,2204
86.74,2204
86.75,2204
86.76,2204
86.77,2204
86.78,2204
86.79,2204
86.8,2204
86.81,2204
86.82,2204
86.83,2204
86.84,2204
86.85,2204
86.86,2204
86.87,2204
86.88,2204
86.89,2204
86.9,2204
86.91,2204
86.92,2204
86.93,2204
86.94,2204
86.95,2204
86.96,2204
86.97,2204
86.98,2204
86.99,2204
87.0,2204
87.01,2204
87.02,2204
87.03,2204
87.04,2204
87.05,2204
87.06,2204
87.07,2204
87.08,2204
87.09,2204
87.1,2204
87.11,2204
87.12,2204
87.13,2204
87.14,2204
87.15,2204
87.16,2204
87.17,2204
87.18,2204
87.19,2204
87.2,2204
87.21,2204
87.22,2204
87.23,2204
87.24,2204
87.25,2204
87.26,2204
87.27,2204
87.28,2204
87.29,2204
87.3,2204
87.31,2204
87.32,2204
87.33,2204
87.34,2204
87.35,2204
87.36,2204
87.37,2204
87.38,2204
87.39,2204
87.4,2204
87.41,2204
87.42,2204
87.43,2204
87.44,2204
87.45,2204
87.46,2204
87.47,2204
87.48,2204
87.49,2204
87.5,2204
87.51,2204
87.52,2204
87.53,2204
87.54,2204
87.55,2204
87.56,2204
87.57,2204
87.58,2204
87.59,2204
87.6,2204
87.61,2204
87.62,2204
87.63,2204
87.64,2204
87.65,2204
87.66,2204
87.67,2204
87.68,2204
87.69,2204
87.7,2204
87.71,2204
87.72,2204
87.73,2204
87.74,2204
87.75,2204
87.76,2204
87.77,2204
87.78,2204
87.79,2204
87.8,2204
87.81,2204
87.82,2204
87.83,2204
87.84,2204
87.85,2204
87.86,2204
87.87,2204
87.88,2204
87.89,2204
87.9,2204
87.91,2204
87.92,2204
87.93,2204
87.94,2204
87.95,2204
87.96,2204
87.97,2204
87.98,2204
87.99,2204
88.0,2204
88.01,2204
88.02,2204
88.03,2204
88.04,2204
88.05,2204
88.06,2204
88.07,2204
88.08,2204
88.09,2204
88.1,2204
88.11,2204
88.12,2204
88.13,2204
88.14,2204
88.15,2204
88.16,2204
88.17,2204
88.18,2204
88.19,2204
88.2,2204
88.21,2204
88.22,2204
88.23,2204
88.24,2204
88.25,2204
88.26,2204
88.27,2204
88.28,2204
88.29,2204
88.3,2204
88.31,2204
88.32,2204
88.33,2204
88.34,2204
88.35,2204
88.36,2204
88.37,2204
88.38,2204
88.39,2204
88.4,2204
88.41,2204
88.42,2204
88.43,2204
88.44,2204
88.45,2204
88.46,2204
88.47,2204
88.48,2204
88.49,2204
88.5,2204
88.51,2204
88.52,2204
88.53,2204
88.54,2204
88.55,2204
88.56,2204
88.57,2204
88.58,2204
88.59,2204
88.6,2204
88.61,2204
88.62,2204
88.63,2204
88.64,2204
88.65,2204
88.66,2204
88.67,2204
88.68,2204
88.69,2204
88.7,2204
88.71,2204
88.72,2204
88.73,2204
88.74,2204
88.75,2204
88.76,2204
88.77,2204
88.78,2204
88.79,2204
88.8,2204
88.81,2204
88.82,2204
88.83,2204
88.84,2204
88.85,2204
88.86,2204
88.87,2204
88.88,2204
88.89,2204
88.9,2204
88.91,2204
88.92,2204
88.93,2204
88.94,2204
88.95,2204
88.96,2204
88.97,2204
88.98,2204
88.99,2204
89.0,2204
89.01,2204
89.02,2204
89.03,2204
89.04,2204
89.05,2204
89.06,2204
89.07,2204
89.08,2204
89.09,2204
89.1,2204
89.11,2204
89.12,2204
89.13,2204
89.14,2204
89.15,2204
89.16,2204
89.17,2204
89.18,2204
89.19,2204
89.2,2204
89.21,2204
89.22,2204
89.23,2204
89.24,2204
89.25,2204
89.26,2204
89.27,2204
89.28,2204
89.29,2204
89.3,2204
89.31,2204
89.32,2204
89.33,2204
89.34,2204
89.35,2204
89.36,2204
89.37,2204
89.38,2204
89.39,2204
89.4,2204
89.41,2204
89.42,2204
89.43,2204
89.44,2204
89.45,2204
89.46,2204
89.47,2204
89.48,2204
89.49,2204
89.5,2204
89.51,2204
89.52,2204
89.53,2204
89.54,2204
89.55,2204
89.56,2204
89.57,2204
89.58,2204
89.59,2204
89.6,2204
89.61,2204
89.62,2204
89.63,2204
89.64,2204
89.65,2204
89.66,2204
89.67,2204
89.68,2204
89.69,2204
89.7,2204
89.71,2204
89.72,2204
89.73,2204
89.74,2204
89.75,2204
89.76,2204
89.77,2204
89.78,2204
89.79,2204
89.8,2204
89.81,2204
89.82,2204
89.83,2204
89.84,2204
89.85,2204
89.86,2204
89.87,2204
89.88,2204
89.89,2204
89.9,2204
89.91,2204
89.92,2204
89.93,2204
89.94,2204
89.95,2204
89.96,2204
89.97,2204
89.98,2204
89.99,2204
90.0,2204
90.01,2204
90.02,2204
90.03,2204
90.04,2204
90.05,2204
90.06,2204
90.07,2204
90.08,2204
90.09,2204
90.1,2204
90.11,2204
90.12,2204
90.13,2204
90.14,2204
90.15,2204
90.16,2204
90.17,2204
90.18,2204
90.19,2204
90.2,2204
90.21,2204
90.22,2204
90.23,2204
90.24,2204
90.25,2204
90.26,2204
90.27,2204
90.28,2204
90.29,2204
90.3,2204
90.31,2204
90.32,2204
90.33,2204
90.34,2204
90.35,2204
90.36,2204
90.37,2204
90.38,2204
90.39,2204
90.4,2204
90.41,2204
90.42,2204
90.43,2204
90.44,2204
90.45,2204
90.46,2204
90.47,2204
90.48,2204
90.49,2204
90.5,2204
90.51,2204
90.52,2204
90.53,2204
90.54,2204
90.55,2204
90.56,2204
90.57,2204
90.58,2204
90.59,2204
90.6,2204
90.61,2204
90.62,2204
90.63,2204
90.64,2204
90.65,2204
90.66,2204
90.67,2204
90.68,2204
90.69,2204
90.7,2204
90.71,2204
90.72,2204
90.73,2204
90.74,2204
90.75,2204
90.76,2204
90.77,2204
90.78,2204
90.79,2204
90.8,2204
90.81,2204
90.82,2204
90.83,2204
90.84,2204
90.85,2203
