0.0,4
0.01,11
0.02,17
0.03,24
0.04,32
0.05,42
0.06,42
0.07,53
0.08,60
0.09,67
0.1,75
0.11,83
0.12,89
0.13,95
0.14,103
0.15,110
0.16,121
0.17,125
0.18,133
0.19,142
0.2,141
0.21,151
0.22,158
0.23,165
0.24,171
0.25,179
0.26,187
0.27,196
0.28,207
0.29,207
0.3,215
0.31,222
0.32,228
0.33,236
0.34,242
0.35,247
0.36,257
0.37,263
0.38,275
0.39,274
0.4,282
0.41,281
0.42,185
0.43,304
0.44,305
0.45,310
0.46,317
0.47,323
0.48,329
0.49,335
0.5,345
0.51,351
0.52,209
0.53,360
0.54,367
0.55,375
0.56,378
0.57,384
0.58,28
0.59,398
0.6,401
0.61,407
0.62,413
0.63,416
0.64,429
0.65,430
0.66,435
0.67,440
0.68,445
0.69,161
0.7,463
0.71,460
0.72,311
0.73,482
0.74,489
0.75,484
0.76,494
0.77,498
0.78,502
0.79,507
0.8,512
0.81,529
0.82,529
0.83,532
0.84,538
0.85,541
0.86,227
0.87,561
0.88,563
0.89,569
0.9,575
0.91,580
0.92,585
0.93,591
0.94,597
0.95,601
0.96,608
0.97,478
0.98,623
0.99,629
1.0,634
1.01,640
1.02,644
1.03,663
1.04,668
1.05,664
1.06,670
1.07,673
1.08,609
1.09,682
1.1,580
1.11,683
1.12,97
1.13,717
1.14,729
1.15,730
1.16,737
1.17,739
1.18,740
1.19,746
1.2,752
1.21,761
1.22,767
1.23,773
1.24,779
1.25,781
1.26,789
1.27,797
1.28,808
1.29,816
1.3,823
1.31,830
1.32,838
1.33,846
1.34,855
1.35,858
1.36,863
1.37,868
1.38,866
1.39,873
1.4,661
1.41,307
1.42,187
1.43,917
1.44,923
1.45,925
1.46,938
1.47,944
1.48,950
1.49,945
1.5,952
1.51,955
1.52,960
1.53,965
1.54,973
1.55,972
1.56,153
1.57,1007
1.58,1005
1.59,1009
1.6,1011
1.61,1019
1.62,1025
1.63,1022
1.64,336
1.65,1060
1.66,1060
1.67,1064
1.68,1063
1.69,990
1.7,841
1.71,684
1.72,302
1.73,358
1.74,465
1.75,298
1.76,1134
1.77,1126
1.78,1135
1.79,1141
1.8,1148
1.81,1156
1.82,1163
1.83,1162
1.84,814
1.85,1181
1.86,1174
1.87,546
1.88,1201
1.89,1206
1.9,1210
1.91,1216
1.92,1222
1.93,1196
1.94,634
1.95,1243
1.96,1246
1.97,1251
1.98,251
1.99,1274
2.0,1250
2.01,743
2.02,367
2.03,1300
2.04,1300
2.05,1306
2.06,1308
2.07,1314
2.08,1320
2.09,1327
2.1,1333
2.11,1336
2.12,1338
2.13,1333
2.14,1338
2.15,927
2.16,383
2.17,334
2.18,1391
2.19,1389
2.2,508
2.21,1406
2.22,1389
2.23,569
2.24,7
2.25,1423
2.26,542
2.27,1445
2.28,1362
2.29,852
2.3,544
2.31,281
2.32,99
2.33,1488
2.34,1495
2.35,1501
2.36,1459
2.37,88
2.38,185
2.39,1538
2.4,1538
2.41,1545
2.42,1553
2.43,1559
2.44,1567
2.45,1575
2.46,1514
2.47,858
2.48,912
2.49,827
2.5,415
2.51,215
2.52,1624
2.53,1622
2.54,1379
2.55,771
2.56,717
2.57,650
2.58,1672
2.59,1676
2.6,1680
2.61,1688
2.62,1688
2.63,1661
2.64,1254
2.65,896
2.66,403
2.67,1747
2.68,1746
2.69,1754
2.7,1749
2.71,1226
2.72,409
2.73,2
2.74,1797
2.75,1799
2.76,1804
2.77,1810
2.78,1053
2.79,913
2.8,1833
2.81,1838
2.82,1844
2.83,1850
2.84,1853
2.85,1042
2.86,820
2.87,23
2.88,1895
2.89,1894
2.9,1873
2.91,1913
2.92,1911
2.93,1532
2.94,942
2.95,510
2.96,140
2.97,1950
2.98,1956
2.99,1907
3.0,1969
3.01,1608
3.02,1993
3.03,2000
3.04,2002
3.05,2009
3.06,2015
3.07,2021
3.08,2029
3.09,2025
3.1,2035
3.11,1978
3.12,1598
3.13,819
3.14,480
3.15,341
3.16,342
3.17,187
3.18,2102
3.19,2111
3.2,2117
3.21,2121
3.22,1962
3.23,1346
3.24,772
3.25,2152
3.26,2154
3.27,1994
3.28,943
3.29,2183
3.3,2184
3.31,2186
3.32,2187
3.33,1341
3.34,144
3.35,2218
3.36,2221
3.37,2227
3.38,2115
3.39,1906
3.4,323
3.41,2255
3.42,1538
3.43,2266
3.44,1350
3.45,2276
3.46,1030
3.47,2289
3.48,520
3.49,2301
3.5,825
3.51,2319
3.52,1129
3.53,1782
3.54,2345
3.55,2298
3.56,1328
3.57,359
3.58,2371
3.59,2368
3.6,2373
3.61,2363
3.62,1293
3.63,339
3.64,70
3.65,2417
3.66,2416
3.67,2422
3.68,2267
3.69,1877
3.7,1720
3.71,1233
3.72,265
3.73,2476
3.74,2483
3.75,2480
3.76,2454
3.77,1783
3.78,2505
3.79,2509
3.8,2504
3.81,2301
3.82,1592
3.83,1118
3.84,404
3.85,2559
3.86,2553
3.87,2366
3.88,1834
3.89,1040
3.9,429
3.91,2599
3.92,2596
3.93,2535
3.94,1689
3.95,2627
3.96,2624
3.97,667
3.98,2639
3.99,2397
4.0,2530
4.01,1942
4.02,2672
4.03,2672
4.04,2679
4.05,2684
4.06,2689
4.07,2595
4.08,1507
4.09,1656
4.1,1709
4.11,1572
4.12,467
4.13,109
4.14,181
4.15,2754
4.16,2758
4.17,2763
4.18,2046
4.19,1888
4.2,1527
4.21,1594
4.22,1240
4.23,671
4.24,249
4.25,197
4.26,18
4.27,2846
4.28,2843
4.29,2850
4.3,2751
4.31,2385
4.32,1966
4.33,1338
4.34,840
4.35,830
4.36,670
4.37,767
4.38,2918
4.39,2921
4.4,2025
4.41,1622
4.42,667
4.43,462
4.44,2956
4.45,2950
4.46,2539
4.47,2020
4.48,521
4.49,2996
4.5,3001
4.51,3000
4.52,1746
4.53,825
4.54,3033
4.55,3012
4.56,2453
4.57,1422
4.58,3061
4.59,3038
4.6,2209
4.61,1932
4.62,1557
4.63,949
4.64,523
4.65,3107
4.66,3068
4.67,2180
4.68,225
4.69,2858
4.7,1415
4.71,3145
4.72,3071
4.73,2230
4.74,1652
4.75,3177
4.76,2949
4.77,1590
4.78,3187
4.79,3123
4.8,2028
4.81,1249
4.82,130
4.83,3221
4.84,3021
4.85,2506
4.86,1961
4.87,1536
4.88,213
4.89,3270
4.9,3092
4.91,2189
4.92,1593
4.93,593
4.94,3296
4.95,1369
4.96,492
4.97,3320
4.98,2252
4.99,1362
5.0,3339
5.01,2407
5.02,3352
5.03,3172
5.04,2622
5.05,2111
5.06,3375
5.07,2830
5.08,3386
5.09,1884
5.1,126
5.11,3366
5.12,1140
5.13,3085
5.14,1996
5.15,824
5.16,3426
5.17,2598
5.18,173
5.19,2600
5.2,1096
5.21,687
5.22,3465
5.23,2740
5.24,1885
5.25,1202
5.26,916
5.27,688
5.28,22
5.29,3229
5.3,3024
5.31,2268
5.32,1204
5.33,428
5.34,3552
5.35,3220
5.36,2767
5.37,1792
5.38,1253
5.39,76
5.4,3171
5.41,2406
5.42,1581
5.43,877
5.44,289
5.45,3622
5.46,3620
5.47,3184
5.48,2454
5.49,1239
5.5,186
5.51,3656
5.52,1715
5.53,543
5.54,3675
5.55,3417
5.56,2752
5.57,1812
5.58,32
5.59,2819
5.6,1612
5.61,153
5.62,2509
5.63,1783
5.64,1115
5.65,235
5.66,3252
5.67,2332
5.68,1424
5.69,625
5.7,3783
5.71,2981
5.72,1616
5.73,535
5.74,69
5.75,3188
5.76,1928
5.77,561
5.78,3103
5.79,1467
5.8,235
5.81,3506
5.82,2374
5.83,1449
5.84,118
5.85,3446
5.86,2829
5.87,1809
5.88,857
5.89,3222
5.9,2657
5.91,870
5.92,255
5.93,3355
5.94,2104
5.95,3830
5.96,1854
5.97,557
5.98,3630
5.99,1924
6.0,1073
6.01,3980
6.02,1785
6.03,2657
6.04,1733
6.05,956
6.06,387
6.07,3854
6.08,2943
6.09,1490
6.1,1059
6.11,3513
6.12,2680
6.13,1319
6.14,189
6.15,3552
6.16,2842
6.17,2087
6.18,1163
6.19,4086
6.2,2961
6.21,2190
6.22,626
6.23,2647
6.24,4144
6.25,1560
6.26,2215
6.27,3980
6.28,3183
6.29,1969
6.3,657
6.31,4188
6.32,3244
6.33,1888
6.34,689
6.35,3958
6.36,2525
6.37,1371
6.38,4032
6.39,2758
6.4,1401
6.41,210
6.42,3278
6.43,2233
6.44,1645
6.45,549
6.46,3539
6.47,4290
