0.0,4912
0.01,4861
0.02,4809
0.03,4745
0.04,4701
0.05,4658
0.06,4622
0.07,4583
0.08,4552
0.09,4512
0.1,4486
0.11,4460
0.12,4425
0.13,4387
0.14,4369
0.15,4345
0.16,4328
0.17,4287
0.18,4264
0.19,4246
0.2,4224
0.21,4203
0.22,4171
0.23,4157
0.24,4134
0.25,4108
0.26,4082
0.27,4055
0.28,4034
0.29,4018
0.3,3995
0.31,3971
0.32,3958
0.33,3939
0.34,3916
0.35,3905
0.36,3886
0.37,3870
0.38,3854
0.39,3836
0.4,3822
0.41,3806
0.42,3788
0.43,3780
0.44,3768
0.45,3749
0.46,3733
0.47,3726
0.48,3706
0.49,3698
0.5,3682
0.51,3666
0.52,3650
0.53,3634
0.54,3622
0.55,3616
0.56,3595
0.57,3584
0.58,3577
0.59,3567
0.6,3559
0.61,3545
0.62,3535
0.63,3519
0.64,3503
0.65,3486
0.66,3478
0.67,3471
0.68,3466
0.69,3452
0.7,3443
0.71,3439
0.72,3430
0.73,3419
0.74,3407
0.75,3394
0.76,3380
0.77,3366
0.78,3361
0.79,3354
0.8,3350
0.81,3344
0.82,3335
0.83,3323
0.84,3314
0.85,3306
0.86,3298
0.87,3288
0.88,3282
0.89,3274
0.9,3271
0.91,3264
0.92,3261
0.93,3252
0.94,3241
0.95,3232
0.96,3221
0.97,3217
0.98,3209
0.99,3203
1.0,3195
1.01,3191
1.02,3181
1.03,3173
1.04,3168
1.05,3160
1.06,3149
1.07,3142
1.08,3138
1.09,3127
1.1,3116
1.11,3111
1.12,3105
1.13,3091
1.14,3079
1.15,3073
1.16,3066
1.17,3056
1.18,3055
1.19,3053
1.2,3044
1.21,3043
1.22,3038
1.23,3030
1.24,3023
1.25,3018
1.26,3010
1.27,3009
1.28,3004
1.29,2997
1.3,2993
1.31,2988
1.32,2984
1.33,2981
1.34,2974
1.35,2969
1.36,2966
1.37,2955
1.38,2949
1.39,2942
1.4,2939
1.41,2936
1.42,2928
1.43,2922
1.44,2918
1.45,2912
1.46,2904
1.47,2899
1.48,2896
1.49,2892
1.5,2888
1.51,2884
1.52,2878
1.53,2867
1.54,2859
1.55,2858
1.56,2854
1.57,2851
1.58,2849
1.59,2847
1.6,2838
1.61,2832
1.62,2820
1.63,2818
1.64,2814
1.65,2810
1.66,2807
1.67,2803
1.68,2799
1.69,2796
1.7,2792
1.71,2787
1.72,2785
1.73,2783
1.74,2779
1.75,2778
1.76,2775
1.77,2770
1.78,2767
1.79,2763
1.8,2758
1.81,2754
1.82,2751
1.83,2744
1.85,2742
1.86,2736
1.87,2734
1.88,2731
1.89,2726
1.9,2723
1.91,2719
1.92,2717
1.93,2712
1.94,2710
1.96,2705
1.97,2704
1.98,2703
1.99,2700
2.0,2698
2.01,2695
2.02,2691
2.03,2688
2.04,2687
2.05,2685
2.06,2683
2.07,2677
2.08,2675
2.09,2672
2.11,2670
2.12,2667
2.13,2665
2.14,2661
2.15,2660
2.16,2658
2.17,2657
2.18,2655
2.19,2651
2.2,2645
2.21,2643
2.22,2641
2.23,2639
2.24,2632
2.25,2630
2.26,2626
2.27,2623
2.28,2621
2.29,2618
2.31,2617
2.32,2615
2.33,2614
2.34,2611
2.35,2609
2.36,2607
2.37,2604
2.39,2602
2.4,2600
2.41,2594
2.42,2593
2.43,2591
2.44,2590
2.46,2589
2.47,2586
2.48,2584
2.49,2580
2.5,2578
2.51,2577
2.52,2575
2.53,2574
2.54,2573
2.55,2572
2.56,2570
2.58,2568
2.59,2567
2.6,2565
2.61,2564
2.62,2561
2.64,2557
2.65,2555
2.66,2553
2.67,2549
2.69,2546
2.72,2545
2.73,2543
2.74,2542
2.76,2539
2.77,2537
2.78,2535
2.79,2533
2.8,2532
2.81,2530
2.82,2529
2.83,2528
2.84,2526
2.85,2524
2.86,2523
2.87,2518
2.88,2516
2.89,2515
2.9,2513
2.91,2511
2.92,2510
2.93,2509
2.94,2508
2.95,2506
2.96,2504
2.97,2503
2.98,2500
3.0,2497
3.01,2494
3.02,2493
3.03,2489
3.05,2488
3.06,2487
3.07,2486
3.08,2484
3.09,2482
3.1,2481
3.11,2480
3.13,2479
3.14,2475
3.15,2473
3.16,2472
3.18,2471
3.2,2470
3.21,2468
3.22,2465
3.23,2462
3.27,2461
3.28,2460
3.29,2459
3.3,2458
3.32,2457
3.33,2456
3.36,2455
3.37,2452
3.38,2451
3.39,2450
3.4,2448
3.41,2446
3.42,2441
3.43,2440
3.44,2439
3.45,2436
3.46,2434
3.47,2433
3.48,2432
3.49,2431
3.5,2428
3.52,2427
3.53,2425
3.54,2424
3.57,2423
3.58,2422
3.59,2421
3.6,2419
3.61,2412
3.62,2411
3.63,2409
3.65,2408
3.68,2404
3.69,2403
3.7,2401
3.73,2398
3.74,2397
3.75,2396
3.76,2394
3.77,2392
3.78,2391
3.79,2390
3.8,2389
3.81,2388
3.82,2387
3.85,2386
3.86,2383
3.88,2382
3.89,2380
3.91,2379
3.93,2376
3.95,2374
3.96,2372
3.98,2370
3.99,2369
4.0,2368
4.01,2367
4.02,2366
4.03,2365
4.06,2364
4.07,2362
4.1,2361
4.12,2360
4.15,2359
4.16,2358
4.2,2356
4.22,2355
4.23,2354
4.26,2352
4.27,2351
4.28,2349
4.31,2348
4.34,2345
4.35,2344
4.36,2343
4.37,2342
4.38,2341
4.41,2339
4.44,2337
4.45,2336
4.46,2334
4.51,2332
4.52,2330
4.53,2329
4.6,2326
4.65,2324
4.72,2323
4.76,2322
4.79,2321
4.8,2320
4.81,2319
4.82,2318
4.85,2317
4.86,2316
4.91,2315
4.92,2313
4.95,2312
4.96,2311
4.98,2310
5.05,2309
5.06,2308
5.09,2307
5.1,2306
5.12,2304
5.16,2303
5.19,2302
5.27,2301
5.28,2300
5.3,2299
5.38,2298
5.4,2297
5.41,2296
5.42,2295
5.43,2294
5.46,2293
5.47,2291
5.5,2290
5.52,2289
5.64,2288
5.65,2287
5.66,2286
5.67,2285
5.74,2284
5.75,2283
5.78,2282
5.85,2281
5.92,2280
5.96,2279
6.0,2278
6.14,2277
6.16,2276
6.28,2275
6.35,2274
6.39,2273
6.44,2272
6.45,2271
6.48,2270
6.51,2269
6.58,2268
6.6,2267
6.63,2266
6.65,2265
6.73,2264
6.99,2263
7.13,2262
7.38,2261
7.5,2259
7.76,2258
7.87,2257
8.14,2256
8.22,2255
8.27,2254
8.67,2253
8.68,2252
8.69,2251
8.85,2250
8.94,2249
9.0,2248
9.16,2247
9.2,2246
9.59,2245
9.71,2244
9.75,2243
10.09,2242
10.28,2241
10.32,2240
10.33,2239
10.45,2238
10.51,2237
11.32,2236
11.74,2235
11.85,2234
11.87,2233
11.98,2231
12.19,2230
12.53,2229
12.54,2228
12.56,2227
12.8,2226
12.98,2225
13.31,2224
13.34,2223
13.88,2222
13.93,2221
13.94,2220
14.35,2219
14.55,2218
15.09,2217
15.11,2216
16.08,2215
16.16,2214
22.52,2213
22.8,2212
29.22,2211
31.91,2210
33.29,2209
47.22,2208
57.75,2207
86.87,2206
101.96,2205
112.3,2204
295.28,2203
