0.0,4941
0.01,4940
0.02,4938
0.03,4936
0.04,4935
0.05,4934
0.06,4932
0.07,4930
0.09,4929
0.1,4928
0.11,4926
0.12,4925
0.13,4924
0.14,4923
0.15,4921
0.16,4918
0.17,4916
0.18,4914
0.19,4911
0.2,4909
0.21,4906
0.22,4904
0.23,4902
0.24,4901
0.26,4900
0.28,4899
0.29,4898
0.3,4897
0.33,4896
0.34,4895
0.35,4894
0.36,4893
0.37,4891
0.38,4889
0.39,4887
0.4,4886
0.41,4884
0.42,4881
0.43,4878
0.44,4875
0.45,4873
0.46,4870
0.47,4868
0.48,4866
0.49,4865
0.5,4863
0.51,4861
0.52,4858
0.53,4856
0.54,4855
0.55,4852
0.56,4850
0.57,4847
0.58,4845
0.59,4843
0.6,4841
0.61,4838
0.62,4836
0.63,4834
0.64,4831
0.65,4829
0.66,4827
0.67,4824
0.68,4822
0.69,4820
0.7,4817
0.71,4815
0.72,4813
0.73,4810
0.74,4808
0.75,4806
0.76,4804
0.77,4802
0.78,4800
0.79,4798
0.8,4795
0.81,4793
0.82,4790
0.83,4788
0.84,4785
0.85,4783
0.86,4780
0.87,4778
0.88,4776
0.89,4773
0.9,4771
0.91,4769
0.92,4767
0.93,4764
0.94,4762
0.95,4759
0.96,4757
0.97,4755
0.98,4752
0.99,4750
1.0,4747
1.01,4744
1.02,4742
1.03,4740
1.04,4737
1.05,4734
1.06,4732
1.07,4729
1.08,4727
1.09,4725
1.1,4722
1.11,4720
1.12,4718
1.13,4716
1.14,4713
1.15,4710
1.16,4708
1.17,4706
1.18,4703
1.19,4701
1.2,4698
1.21,4695
1.22,4693
1.23,4690
1.24,4687
1.25,4685
1.26,4682
1.27,4679
1.28,4677
1.29,4674
1.3,4672
1.31,4669
1.32,4667
1.33,4665
1.34,4662
1.35,4660
1.36,4657
1.37,4655
1.38,4652
1.39,4650
1.4,4648
1.41,4645
1.42,4642
1.43,4639
1.44,4636
1.45,4634
1.46,4631
1.47,4628
1.48,4625
1.49,4623
1.5,4620
1.51,4617
1.52,4615
1.53,4612
1.54,4609
1.55,4607
1.56,4604
1.57,4601
1.58,4599
1.59,4597
1.6,4594
1.61,4592
1.62,4589
1.63,4586
1.64,4583
1.65,4581
1.66,4578
1.67,4576
1.68,4573
1.69,4570
1.7,4568
1.71,4565
1.72,4562
1.73,4560
1.74,4558
1.75,4555
1.76,4552
1.77,4549
1.78,4547
1.79,4544
1.8,4541
1.81,4539
1.82,4536
1.83,4533
1.84,4531
1.85,4529
1.86,4527
1.87,4526
1.88,4525
1.89,4523
1.9,4521
1.91,4518
1.92,4516
1.93,4513
1.94,4510
1.95,4508
1.96,4505
1.97,4502
1.98,4500
1.99,4497
2.0,4495
2.01,4492
2.02,4490
2.03,4488
2.04,4486
2.05,4483
2.06,4480
2.07,4478
2.08,4475
2.09,4473
2.1,4471
2.11,4469
2.12,4467
2.13,4465
2.14,4463
2.15,4460
2.16,4457
2.17,4455
2.18,4453
2.19,4451
2.2,4448
2.21,4445
2.22,4443
2.23,4440
2.24,4437
2.25,4435
2.26,4432
2.27,4429
2.28,4427
2.29,4425
2.3,4422
2.31,4419
2.32,4417
2.33,4415
2.34,4413
2.35,4410
2.36,4408
2.37,4406
2.38,4404
2.39,4401
2.4,4399
2.41,4397
2.42,4395
2.43,4392
2.44,4390
2.45,4387
2.46,4384
2.47,4381
2.48,4378
2.49,4376
2.5,4373
2.51,4370
2.52,4368
2.53,4366
2.54,4363
2.55,4361
2.56,4358
2.57,4355
2.58,4353
2.59,4350
2.6,4348
2.61,4345
2.62,4342
2.63,4340
2.64,4338
2.65,4336
2.66,4334
2.67,4331
2.68,4329
2.69,4326
2.7,4323
2.71,4320
2.72,4318
2.73,4315
2.74,4313
2.75,4310
2.76,4307
2.77,4305
2.78,4302
2.79,4299
2.8,4297
2.81,4294
2.82,4292
2.83,4289
2.84,4286
2.85,4284
2.86,4281
2.87,4279
2.88,4277
2.89,4275
2.9,4272
2.91,4270
2.92,4267
2.93,4264
2.94,4261
2.95,4259
2.96,4256
2.97,4254
2.98,4252
2.99,4249
3.0,4246
3.01,4243
3.02,4241
3.03,4238
3.04,4236
3.05,4233
3.06,4230
3.07,4228
3.08,4225
3.09,4223
3.1,4221
3.11,4219
3.12,4216
3.13,4214
3.14,4211
3.15,4209
3.16,4207
3.17,4204
3.18,4202
3.19,4200
3.2,4197
3.21,4195
3.22,4192
3.23,4189
3.24,4187
3.25,4184
3.26,4181
3.27,4179
3.28,4176
3.29,4174
3.3,4171
3.31,4169
3.32,4166
3.33,4163
3.34,4161
3.35,4158
3.36,4156
3.37,4153
3.38,4151
3.39,4149
3.4,4146
3.41,4143
3.42,4141
3.43,4138
3.44,4135
3.45,4132
3.46,4130
3.47,4128
3.48,4125
3.49,4123
3.5,4120
3.51,4118
3.52,4115
3.53,4112
3.54,4109
3.55,4107
3.56,4105
3.57,4103
3.58,4100
3.59,4097
3.6,4095
3.61,4093
3.62,4091
3.63,4088
3.64,4086
3.65,4083
3.66,4080
3.67,4077
3.68,4074
3.69,4073
3.7,4071
3.71,4069
3.72,4066
3.73,4064
3.74,4061
3.75,4058
3.76,4055
3.77,4053
3.78,4050
3.79,4047
3.8,4045
3.81,4042
3.82,4039
3.83,4037
3.84,4034
3.85,4031
3.86,4029
3.87,4026
3.88,4024
3.89,4022
3.9,4019
3.91,4016
3.92,4014
3.93,4011
3.94,4008
3.95,4005
3.96,4003
3.97,4001
3.98,3998
3.99,3996
4.0,3993
4.01,3990
4.02,3987
4.03,3986
4.04,3983
4.05,3981
4.06,3979
4.07,3977
4.08,3976
4.09,3974
4.1,3973
4.11,3971
4.12,3970
4.13,3968
4.14,3966
4.15,3964
4.16,3962
4.17,3959
4.18,3957
4.19,3956
4.2,3954
4.21,3951
4.22,3948
4.23,3946
4.24,3943
4.25,3941
4.26,3939
4.27,3936
4.28,3934
4.29,3932
4.3,3930
4.31,3927
4.32,3924
4.33,3922
4.34,3919
4.35,3916
4.36,3914
4.37,3912
4.38,3910
4.39,3908
4.4,3905
4.41,3902
4.42,3900
4.43,3897
4.44,3894
4.45,3891
4.46,3889
4.47,3887
4.48,3885
4.49,3882
4.5,3881
4.51,3879
4.52,3876
4.53,3874
4.54,3871
4.55,3869
4.56,3867
4.57,3865
4.58,3863
4.59,3860
4.6,3858
4.61,3856
4.62,3853
4.63,3851
4.64,3849
4.65,3847
4.66,3844
4.67,3841
4.68,3839
4.69,3836
4.7,3834
4.71,3831
4.72,3828
4.73,3826
4.74,3823
4.75,3821
4.76,3819
4.77,3816
4.78,3814
4.79,3812
4.8,3809
4.81,3806
4.82,3804
4.83,3801
4.84,3798
4.85,3796
4.86,3793
4.87,3790
4.88,3788
4.89,3785
4.9,3783
4.91,3780
4.92,3777
4.93,3774
4.94,3772
4.95,3769
4.96,3766
4.97,3763
4.98,3761
4.99,3759
5.0,3756
5.01,3754
5.02,3751
5.03,3748
5.04,3746
5.05,3744
5.06,3741
5.07,3738
5.08,3736
5.09,3733
5.1,3731
5.11,3728
5.12,3726
5.13,3724
5.14,3721
5.15,3719
5.16,3716
5.17,3715
5.18,3713
5.19,3711
5.2,3709
5.21,3707
5.22,3706
5.23,3703
5.24,3701
5.25,3700
5.26,3698
5.27,3695
5.28,3693
5.29,3691
5.3,3689
5.31,3686
5.32,3684
5.33,3682
5.34,3679
5.35,3678
5.36,3675
5.37,3673
5.38,3670
5.39,3668
5.4,3665
5.41,3663
5.42,3662
5.43,3659
5.44,3657
5.45,3655
5.46,3654
5.47,3651
5.48,3649
5.49,3646
5.5,3644
5.51,3642
5.52,3639
5.53,3637
5.54,3635
5.55,3633
5.56,3630
5.57,3628
5.58,3626
5.59,3623
5.6,3622
5.61,3619
5.62,3617
5.63,3615
5.64,3614
5.65,3611
5.66,3609
5.67,3607
5.68,3605
5.69,3603
5.7,3601
5.71,3598
5.72,3597
5.73,3595
5.74,3592
5.75,3591
5.76,3588
5.77,3586
5.78,3584
5.79,3582
5.8,3579
5.81,3576
5.82,3574
5.83,3572
5.84,3569
5.85,3567
5.86,3565
5.87,3564
5.88,3562
5.89,3561
5.9,3559
5.91,3558
5.92,3555
5.93,3553
5.94,3551
5.95,3548
5.96,3546
5.97,3543
5.98,3541
5.99,3540
6.0,3538
6.01,3535
6.02,3533
6.03,3530
6.04,3528
6.05,3525
6.06,3523
6.07,3520
6.08,3518
6.09,3515
6.1,3513
6.11,3512
6.12,3510
6.13,3508
6.14,3506
6.15,3504
6.16,3502
6.17,3500
6.18,3498
6.19,3496
6.2,3494
6.21,3492
6.22,3491
6.23,3489
6.24,3487
6.25,3485
6.26,3482
6.27,3480
6.28,3479
6.29,3478
6.3,3475
6.31,3473
6.32,3471
6.33,3469
6.34,3467
6.35,3465
6.36,3463
6.37,3461
6.38,3460
6.39,3458
6.4,3455
6.41,3453
6.42,3450
6.43,3448
6.44,3446
6.45,3443
6.46,3441
6.47,3438
6.48,3436
6.49,3434
6.5,3432
6.51,3430
6.52,3428
6.53,3426
6.54,3424
6.55,3423
6.56,3420
6.57,3418
6.58,3416
6.59,3414
6.6,3412
6.61,3410
6.62,3408
6.63,3406
6.64,3403
6.65,3400
6.66,3399
6.67,3397
6.68,3394
6.69,3393
6.7,3390
6.71,3387
6.72,3385
6.73,3383
6.74,3381
6.75,3380
6.76,3379
6.77,3377
6.78,3376
6.79,3375
6.8,3373
6.81,3370
6.82,3368
6.83,3366
6.84,3364
6.85,3362
6.86,3360
6.87,3359
6.88,3357
6.89,3354
6.9,3353
6.91,3351
6.92,3349
6.93,3347
6.94,3345
6.95,3343
6.96,3340
6.97,3338
6.98,3335
6.99,3333
7.0,3331
7.01,3328
7.02,3327
7.03,3326
7.04,3323
7.05,3322
7.06,3320
7.07,3318
7.08,3316
7.09,3315
7.1,3314
7.11,3312
7.12,3310
7.13,3307
7.14,3305
7.15,3302
7.16,3300
7.17,3297
7.18,3297
7.19,3294
7.2,3292
7.21,3291
7.22,3289
7.23,3288
7.24,3285
7.25,3284
7.26,3281
7.27,3279
7.28,3277
7.29,3275
7.3,3273
7.31,3271
7.32,3269
7.33,3267
7.34,3266
7.35,3264
7.36,3262
7.37,3259
7.38,3256
7.39,3254
7.4,3251
7.41,3248
7.42,3246
7.43,3244
7.44,3242
7.45,3239
7.46,3237
7.47,3235
7.48,3233
7.49,3230
7.5,3228
7.51,3225
7.52,3223
7.53,3222
7.54,3219
7.55,3217
7.56,3215
7.57,3213
7.58,3211
7.59,3209
7.6,3208
7.61,3205
7.62,3203
7.63,3201
7.64,3199
7.65,3197
7.66,3195
7.67,3192
7.68,3190
7.69,3187
7.7,3186
7.71,3184
7.72,3182
7.73,3180
7.74,3177
7.75,3175
7.76,3174
7.77,3172
7.78,3170
7.79,3168
7.8,3166
7.81,3164
7.82,3161
7.83,3158
7.84,3156
7.85,3154
7.86,3151
7.87,3148
7.88,3147
7.89,3145
7.9,3143
7.91,3141
7.92,3138
7.93,3137
7.94,3134
7.95,3133
7.96,3132
7.97,3130
7.98,3129
7.99,3128
8.0,3125
8.01,3123
8.02,3120
8.03,3118
8.04,3116
8.05,3114
8.06,3112
8.07,3111
8.08,3109
8.09,3107
8.1,3106
8.11,3104
8.12,3102
8.13,3100
8.14,3098
8.15,3096
8.16,3094
8.17,3091
8.18,3089
8.19,3087
8.2,3084
8.21,3082
8.22,3080
8.23,3079
8.24,3077
8.25,3074
8.26,3072
8.27,3069
8.28,3068
8.29,3066
8.3,3065
8.31,3063
8.32,3061
8.33,3058
8.34,3055
8.35,3053
8.36,3051
8.37,3048
8.38,3047
8.39,3045
8.4,3042
8.41,3040
8.42,3039
8.43,3036
8.44,3034
8.45,3031
8.46,3029
8.47,3026
8.48,3026
8.49,3024
8.5,3022
8.51,3021
8.52,3019
8.53,3017
8.54,3016
8.55,3014
8.56,3012
8.57,3011
8.58,3008
8.59,3006
8.6,3004
8.61,3002
8.62,3001
8.63,2999
8.64,2997
8.65,2995
8.66,2994
8.67,2991
8.68,2991
8.69,2990
8.7,2988
8.71,2986
8.72,2985
8.73,2982
8.74,2981
8.75,2979
8.76,2976
8.77,2974
8.78,2972
8.79,2971
8.8,2969
8.81,2966
8.82,2964
8.83,2961
8.84,2959
8.85,2958
8.86,2956
8.87,2954
8.88,2952
8.89,2949
8.9,2947
8.91,2944
8.92,2942
8.93,2939
8.94,2937
8.95,2935
8.96,2934
8.97,2932
8.98,2931
8.99,2930
9.0,2930
9.01,2929
9.02,2927
9.03,2925
9.04,2923
9.05,2921
9.06,2919
9.07,2917
9.08,2914
9.09,2912
9.1,2911
9.11,2909
9.12,2907
9.13,2905
9.14,2903
9.15,2901
9.16,2899
9.17,2898
9.18,2897
9.19,2894
9.2,2893
9.21,2893
9.22,2890
9.23,2888
9.24,2888
9.25,2887
9.26,2885
9.27,2885
9.28,2883
9.29,2881
9.3,2879
9.31,2878
9.32,2876
9.33,2874
9.34,2872
9.35,2871
9.36,2869
9.37,2868
9.38,2867
9.39,2866
9.4,2864
9.41,2862
9.42,2860
9.43,2858
9.44,2857
9.45,2854
9.46,2852
9.47,2850
9.48,2850
9.49,2847
9.5,2846
9.51,2846
9.52,2846
9.53,2845
9.54,2843
9.55,2841
9.56,2840
9.57,2837
9.58,2835
9.59,2832
9.6,2831
9.61,2831
9.62,2829
9.63,2827
9.64,2825
9.65,2822
9.66,2821
9.67,2820
9.68,2817
9.69,2815
9.7,2814
9.71,2812
9.72,2810
9.73,2809
9.74,2807
9.75,2806
9.76,2804
9.77,2802
9.78,2801
9.79,2799
9.8,2798
9.81,2797
9.82,2796
9.83,2795
9.84,2795
9.85,2793
9.86,2790
9.87,2788
9.88,2786
9.89,2785
9.9,2785
9.91,2783
9.92,2781
9.93,2778
9.94,2778
9.95,2776
9.96,2775
9.97,2773
9.98,2771
9.99,2769
10.0,2767
10.01,2764
10.02,2762
10.03,2761
10.04,2759
10.05,2758
10.06,2756
10.07,2754
10.08,2752
10.09,2750
10.1,2748
10.11,2746
10.12,2745
10.13,2743
10.14,2741
10.15,2740
10.16,2739
10.17,2737
10.18,2734
10.19,2733
10.2,2732
10.21,2731
10.22,2729
10.23,2728
10.24,2727
10.25,2726
10.26,2724
10.27,2723
10.28,2721
10.29,2721
10.3,2719
10.31,2716
10.32,2716
10.33,2714
10.34,2712
10.35,2711
10.36,2710
10.37,2710
10.38,2710
10.39,2708
10.4,2705
10.41,2703
10.42,2702
10.43,2701
10.44,2699
10.45,2698
10.46,2696
10.47,2694
10.48,2692
10.49,2689
10.5,2687
10.51,2686
10.52,2683
10.53,2681
10.54,2679
10.55,2677
10.56,2676
10.57,2674
10.58,2672
10.59,2671
10.6,2669
10.61,2668
10.62,2665
10.63,2663
10.64,2661
10.65,2660
10.66,2659
10.67,2656
10.68,2654
10.69,2652
10.7,2651
10.71,2649
10.72,2648
10.73,2646
10.74,2644
10.75,2643
10.76,2642
10.77,2640
10.78,2639
10.79,2639
10.8,2636
10.81,2634
10.82,2632
10.83,2630
10.84,2628
10.85,2626
10.86,2624
10.87,2622
10.88,2620
10.89,2619
10.9,2619
10.91,2617
10.92,2616
10.93,2615
10.94,2614
10.95,2612
10.96,2611
10.97,2611
10.98,2609
10.99,2607
11.0,2606
11.01,2605
11.02,2605
11.03,2603
11.04,2603
11.05,2603
11.06,2601
11.07,2600
11.08,2598
11.09,2597
11.1,2596
11.11,2594
11.12,2593
11.13,2592
11.14,2591
11.15,2589
11.16,2588
11.17,2587
11.18,2586
11.19,2585
11.2,2584
11.21,2582
11.22,2581
11.23,2580
11.24,2579
11.25,2578
11.26,2577
11.27,2576
11.28,2575
11.29,2574
11.3,2574
11.31,2573
11.32,2572
11.33,2570
11.34,2568
11.35,2567
11.36,2565
11.37,2564
11.38,2564
11.39,2563
11.4,2562
11.41,2560
11.42,2559
11.43,2558
11.44,2557
11.45,2554
11.46,2553
11.47,2552
11.48,2552
11.49,2552
11.5,2551
11.51,2548
11.52,2548
11.53,2547
11.54,2546
11.55,2544
11.56,2543
11.57,2542
11.58,2540
11.59,2538
11.6,2537
11.61,2537
11.62,2537
11.63,2536
11.64,2536
11.65,2536
11.66,2533
11.67,2533
11.68,2531
11.69,2530
11.7,2528
11.71,2527
11.72,2526
11.73,2524
11.74,2523
11.75,2522
11.76,2522
11.77,2521
11.78,2519
11.79,2518
11.8,2517
11.81,2515
11.82,2514
11.83,2512
11.84,2511
11.85,2511
11.86,2510
11.87,2508
11.88,2508
11.89,2508
11.9,2507
11.91,2506
11.92,2505
11.93,2503
11.94,2503
11.95,2503
11.96,2502
11.97,2502
11.98,2501
11.99,2500
12.0,2499
12.01,2499
12.02,2499
12.03,2497
12.04,2496
12.05,2495
12.06,2495
12.07,2492
12.08,2491
12.09,2490
12.1,2490
12.11,2487
12.12,2485
12.13,2484
12.14,2482
12.15,2480
12.16,2479
12.17,2479
12.18,2478
12.19,2477
12.2,2476
12.21,2475
12.22,2473
12.23,2472
12.24,2471
12.25,2470
12.26,2470
12.27,2469
12.28,2468
12.29,2467
12.3,2466
12.31,2466
12.32,2465
12.33,2465
12.34,2464
12.35,2464
12.36,2464
12.37,2462
12.38,2461
12.39,2461
12.4,2461
12.41,2460
12.42,2460
12.43,2459
12.44,2459
12.45,2457
12.46,2456
12.47,2455
12.48,2454
12.49,2453
12.5,2452
12.51,2451
12.52,2450
12.53,2450
12.54,2449
12.55,2449
12.56,2448
12.57,2445
12.58,2443
12.59,2443
12.6,2443
12.61,2442
12.62,2441
12.63,2440
12.64,2439
12.65,2438
12.66,2436
12.67,2435
12.68,2434
12.69,2434
12.7,2433
12.71,2430
12.72,2429
12.73,2428
12.74,2426
12.75,2425
12.76,2425
12.77,2423
12.78,2423
12.79,2423
12.8,2423
12.81,2423
12.82,2421
12.83,2420
12.84,2419
12.85,2418
12.86,2418
12.87,2416
12.88,2415
12.89,2414
12.9,2413
12.91,2412
12.92,2412
12.93,2411
12.94,2410
12.95,2409
12.96,2407
12.97,2407
12.98,2406
12.99,2404
13.0,2402
13.01,2401
13.02,2399
13.03,2399
13.04,2397
13.05,2395
13.06,2395
13.07,2394
13.08,2394
13.09,2393
13.1,2391
13.11,2389
13.12,2389
13.13,2389
13.14,2388
13.15,2387
13.16,2386
13.17,2386
13.18,2386
13.19,2385
13.2,2384
13.21,2383
13.22,2383
13.23,2381
13.24,2380
13.25,2379
13.26,2377
13.27,2377
13.28,2376
13.29,2376
13.3,2376
13.31,2374
13.32,2374
13.33,2373
13.34,2372
13.35,2371
13.36,2370
13.37,2368
13.38,2366
13.39,2364
13.4,2363
13.41,2361
13.42,2361
13.43,2361
13.44,2359
13.45,2358
13.46,2356
13.47,2356
13.48,2356
13.49,2355
13.5,2355
13.51,2355
13.52,2353
13.53,2351
13.54,2351
13.55,2351
13.56,2350
13.57,2350
13.58,2347
13.59,2346
13.6,2346
13.61,2346
13.62,2345
13.63,2344
13.64,2343
13.65,2343
13.66,2342
13.67,2340
13.68,2340
13.69,2339
13.7,2339
13.71,2338
13.72,2337
13.73,2336
13.74,2336
13.75,2336
13.76,2336
13.77,2336
13.78,2336
13.79,2336
13.8,2336
13.81,2334
13.82,2332
13.83,2331
13.84,2331
13.85,2331
13.86,2331
13.87,2330
13.88,2330
13.89,2330
13.9,2329
13.91,2328
13.92,2328
13.93,2328
13.94,2328
13.95,2328
13.96,2328
13.97,2328
13.98,2327
13.99,2325
14.0,2325
14.01,2324
14.02,2324
14.03,2323
14.04,2322
14.05,2322
14.06,2321
14.07,2321
14.08,2320
14.09,2319
14.1,2318
14.11,2317
14.12,2317
14.13,2317
14.14,2316
14.15,2316
14.16,2315
14.17,2315
14.18,2314
14.19,2314
14.2,2314
14.21,2313
14.22,2312
14.23,2312
14.24,2312
14.25,2311
14.26,2311
14.27,2311
14.28,2310
14.29,2310
14.3,2310
14.31,2310
14.32,2310
14.33,2310
14.34,2310
14.35,2309
14.36,2309
14.37,2309
14.38,2308
14.39,2308
14.4,2307
14.41,2307
14.42,2307
14.43,2307
14.44,2306
14.45,2306
14.46,2305
14.47,2304
14.48,2304
14.49,2303
14.5,2303
14.51,2303
14.52,2303
14.53,2302
14.54,2302
14.55,2302
14.56,2301
14.57,2300
14.58,2299
14.59,2299
14.6,2298
14.61,2298
14.62,2298
14.63,2298
14.64,2298
14.65,2298
14.66,2298
14.67,2298
14.68,2298
14.69,2298
14.7,2297
14.71,2297
14.72,2297
14.73,2297
14.74,2297
14.75,2297
14.76,2297
14.77,2297
14.78,2297
14.79,2297
14.8,2297
14.81,2297
14.82,2297
14.83,2297
14.84,2297
14.85,2296
14.86,2296
14.87,2296
14.88,2296
14.89,2295
14.9,2295
14.91,2295
14.92,2294
14.93,2294
14.94,2294
14.95,2294
14.96,2294
14.97,2294
14.98,2294
14.99,2294
15.0,2294
15.01,2294
15.02,2294
15.03,2294
15.04,2293
15.05,2293
15.06,2293
15.07,2293
15.08,2293
15.09,2293
15.1,2292
15.11,2292
15.12,2292
15.13,2292
15.14,2292
15.15,2291
15.16,2290
15.17,2289
15.18,2289
15.19,2288
15.2,2287
15.21,2287
15.22,2286
15.23,2286
15.24,2286
15.25,2286
15.26,2285
15.27,2284
15.28,2284
15.29,2283
15.3,2283
15.31,2282
15.32,2282
15.33,2282
15.34,2282
15.35,2282
15.36,2282
15.37,2281
15.38,2280
15.41,2280
15.42,2280
15.43,2280
15.44,2280
15.45,2280
15.46,2280
15.47,2280
15.48,2278
15.49,2278
15.5,2278
15.51,2278
15.52,2276
15.53,2276
15.54,2276
15.55,2276
15.56,2276
15.57,2276
15.58,2276
15.59,2276
15.6,2276
15.61,2276
15.62,2276
15.63,2276
15.64,2276
15.65,2275
15.66,2275
15.67,2275
15.68,2275
15.69,2275
15.7,2275
15.71,2275
15.72,2275
15.73,2275
15.74,2274
15.75,2274
15.76,2274
15.77,2274
15.78,2274
15.79,2274
15.8,2274
15.81,2274
15.82,2274
15.83,2274
15.84,2274
15.85,2274
15.86,2273
15.87,2273
15.88,2273
15.89,2273
15.9,2273
15.91,2273
15.92,2273
15.93,2273
15.94,2273
15.95,2273
15.96,2273
15.97,2272
15.98,2272
15.99,2272
16.0,2272
16.01,2272
16.02,2272
16.03,2272
16.04,2272
16.05,2272
16.06,2272
16.07,2272
16.08,2272
