0.00, 4941
0.0014929771423339844,4941
0.0015990734100341797,4940
0.0016431808471679688,4939
0.0019109249114990234,4938
0.0020339488983154297,4937
0.0021598339080810547,4936
0.002294778823852539,4935
0.002379179000854492,4934
0.002518177032470703,4933
0.0026400089263916016,4932
0.0028481483459472656,4931
0.0029311180114746094,4930
0.003161907196044922,4929
0.0032300949096679688,4928
0.0033729076385498047,4927
0.003473997116088867,4926
0.0035920143127441406,4925
0.003665924072265625,4924
0.0036950111389160156,4923
0.0037851333618164062,4922
0.003935098648071289,4921
0.004071950912475586,4920
0.004150867462158203,4919
0.004230022430419922,4918
0.004351139068603516,4917
0.004703044891357422,4916
0.004842042922973633,4915
0.0048940181732177734,4914
0.004935026168823242,4913
0.005005836486816406,4912
0.0050699710845947266,4911
0.00522303581237793,4910
0.005321025848388672,4909
0.005393028259277344,4908
0.005455970764160156,4907
0.0055119991302490234,4906
0.005646944046020508,4905
0.005693912506103516,4904
0.005717039108276367,4903
0.0057408809661865234,4902
0.005776882171630859,4901
0.005855083465576172,4900
0.0059049129486083984,4899
0.005932807922363281,4898
0.006145000457763672,4897
0.006279945373535156,4896
0.006518840789794922,4895
0.006562948226928711,4894
0.00681614875793457,4893
0.0069887638092041016,4892
0.007084846496582031,4891
0.007206916809082031,4890
0.007298946380615234,4889
0.007350921630859375,4888
0.007462978363037109,4887
0.007539033889770508,4886
0.007636070251464844,4885
0.007771015167236328,4884
0.007973909378051758,4883
0.008128166198730469,4882
0.008305072784423828,4881
0.00849604606628418,4880
0.00905299186706543,4879
0.009093999862670898,4878
0.009243965148925781,4877
0.009356021881103516,4876
0.00952005386352539,4875
0.009711027145385742,4874
0.009844064712524414,4873
0.010006189346313477,4872
0.01007699966430664,4871
0.010184049606323242,4870
0.010262012481689453,4869
0.010334014892578125,4868
0.010399103164672852,4867
0.010519981384277344,4866
0.010678768157958984,4865
0.010822057723999023,4864
0.010890007019042969,4863
0.010941028594970703,4862
0.01137995719909668,4861
0.011442899703979492,4860
0.011691093444824219,4859
0.011987924575805664,4858
0.012070894241333008,4857
0.012173891067504883,4856
0.012429952621459961,4855
0.012526988983154297,4854
0.012598752975463867,4853
0.012664794921875,4852
0.012745141983032227,4851
0.012858867645263672,4850
0.01298379898071289,4849
0.013093948364257812,4848
0.013177871704101562,4847
0.013358831405639648,4846
0.013386964797973633,4845
0.013548851013183594,4844
0.013710975646972656,4843
0.013747930526733398,4842
0.013858795166015625,4841
0.013913869857788086,4840
0.014173030853271484,4839
0.014332056045532227,4838
0.014457941055297852,4837
0.014554977416992188,4836
0.014934062957763672,4835
0.015106916427612305,4834
0.015260934829711914,4833
0.015311956405639648,4832
0.015394926071166992,4831
0.01547098159790039,4830
0.01559305191040039,4829
0.015624046325683594,4828
0.015681028366088867,4827
0.015783071517944336,4826
0.016016006469726562,4825
0.016148090362548828,4824
0.016186952590942383,4823
0.016270875930786133,4822
0.016309022903442383,4821
0.016357898712158203,4820
0.016499996185302734,4819
0.016534090042114258,4818
0.016614913940429688,4817
0.01672506332397461,4816
0.016870975494384766,4815
0.016937971115112305,4814
0.017000913619995117,4813
0.017123937606811523,4812
0.017281770706176758,4811
0.017340898513793945,4810
0.01776599884033203,4809
0.018064022064208984,4808
0.018178939819335938,4807
0.01842498779296875,4806
0.018555879592895508,4805
0.018652915954589844,4804
0.018973112106323242,4803
0.019073009490966797,4802
0.019191980361938477,4801
0.019311904907226562,4800
0.019564151763916016,4799
0.019627094268798828,4798
0.019673824310302734,4797
0.01985001564025879,4796
0.019926071166992188,4795
0.020008087158203125,4794
0.020064115524291992,4793
0.020199060440063477,4792
0.020380020141601562,4791
0.020470857620239258,4790
0.020621776580810547,4789
0.020748138427734375,4788
0.020908117294311523,4787
0.020987987518310547,4786
0.02107095718383789,4785
0.02153778076171875,4784
0.021605968475341797,4783
0.02163386344909668,4782
0.02173900604248047,4781
0.021810054779052734,4780
0.021858930587768555,4779
0.0218961238861084,4778
0.02196216583251953,4777
0.022099971771240234,4776
0.02246999740600586,4775
0.02268385887145996,4774
0.022842884063720703,4773
0.023984909057617188,4772
0.024074077606201172,4771
0.02415299415588379,4770
0.024217844009399414,4769
0.024244070053100586,4768
0.024280786514282227,4767
0.024425983428955078,4766
0.02451300621032715,4765
0.024852991104125977,4764
0.024972200393676758,4763
0.02507615089416504,4762
0.025196075439453125,4761
0.025281190872192383,4760
0.02617192268371582,4759
0.026240110397338867,4758
0.0263979434967041,4757
0.02659893035888672,4756
0.026744842529296875,4755
0.02705097198486328,4754
0.027261972427368164,4753
0.027489900588989258,4752
0.027591943740844727,4751
0.027657032012939453,4750
0.027692794799804688,4749
0.02787303924560547,4748
0.0280001163482666,4747
0.028079986572265625,4746
0.028126955032348633,4745
0.028244972229003906,4744
0.028342008590698242,4743
0.028454065322875977,4742
0.02879190444946289,4741
0.02927708625793457,4740
0.02933502197265625,4739
0.029356956481933594,4738
0.02946305274963379,4737
0.029565095901489258,4736
0.029758930206298828,4735
0.02983880043029785,4734
0.029916048049926758,4733
0.029999971389770508,4732
0.03007793426513672,4731
0.030593156814575195,4730
0.030766963958740234,4729
0.031016111373901367,4728
0.031110048294067383,4727
0.031172990798950195,4726
0.03125405311584473,4725
0.031378984451293945,4724
0.03148078918457031,4723
0.03154110908508301,4722
0.03174996376037598,4721
0.03178977966308594,4720
0.03188204765319824,4719
0.031913042068481445,4718
0.0319371223449707,4717
0.03227710723876953,4716
0.03248190879821777,4715
0.03251481056213379,4714
0.03261590003967285,4713
0.0326690673828125,4712
0.032733917236328125,4711
0.03285098075866699,4710
0.03297114372253418,4709
0.03308391571044922,4708
0.03334212303161621,4707
0.03345489501953125,4706
0.03364205360412598,4705
0.033731937408447266,4704
0.03385186195373535,4703
0.03387904167175293,4702
0.03395581245422363,4701
0.03406190872192383,4700
0.03417515754699707,4699
0.03429412841796875,4698
0.034388065338134766,4697
0.034416913986206055,4696
0.0344998836517334,4695
0.034584999084472656,4694
0.034887075424194336,4693
0.0350039005279541,4692
0.03514814376831055,4691
0.035212039947509766,4690
0.03533291816711426,4689
0.03550291061401367,4688
0.03555107116699219,4687
0.03558802604675293,4686
0.03569293022155762,4685
0.03573203086853027,4684
0.035807132720947266,4683
0.03594088554382324,4682
0.036106109619140625,4681
0.0372469425201416,4680
0.03735613822937012,4679
0.03745603561401367,4678
0.0375518798828125,4677
0.03786301612854004,4676
0.03813481330871582,4675
0.03834986686706543,4674
0.03890275955200195,4673
0.03928208351135254,4672
0.03953099250793457,4671
0.03962397575378418,4670
0.03966498374938965,4669
0.03996610641479492,4668
0.040084123611450195,4667
0.04012489318847656,4666
0.040196895599365234,4665
0.04026293754577637,4664
0.04037213325500488,4663
0.040403127670288086,4662
0.04044079780578613,4661
0.040506839752197266,4660
0.040582895278930664,4659
0.040721893310546875,4658
0.04092979431152344,4657
0.041047096252441406,4656
0.04109811782836914,4655
0.04125499725341797,4654
0.0412900447845459,4653
0.04141092300415039,4652
0.04149317741394043,4651
0.04161500930786133,4650
0.042009830474853516,4649
0.04204607009887695,4648
0.04207110404968262,4647
0.04215502738952637,4646
0.042237043380737305,4645
0.042556047439575195,4644
0.043022871017456055,4643
0.043118953704833984,4642
0.04321098327636719,4641
0.04324793815612793,4640
0.0433049201965332,4639
0.04343414306640625,4638
0.04357314109802246,4637
0.04359698295593262,4636
0.04368114471435547,4635
0.043823957443237305,4634
0.04403996467590332,4633
0.04421091079711914,4632
0.04428815841674805,4631
0.044435977935791016,4630
0.044786930084228516,4629
0.04485797882080078,4628
0.04501008987426758,4627
0.04508185386657715,4626
0.045205116271972656,4625
0.045298099517822266,4624
0.04537606239318848,4623
0.045652151107788086,4622
0.045744895935058594,4621
0.04638814926147461,4620
0.04650092124938965,4619
0.04659891128540039,4618
0.04665088653564453,4617
0.04746103286743164,4616
0.047554969787597656,4615
0.04770493507385254,4614
0.04781198501586914,4613
0.04799294471740723,4612
0.048024892807006836,4611
0.048087120056152344,4610
0.0482940673828125,4609
0.04839897155761719,4608
0.04891610145568848,4607
0.049633026123046875,4606
0.04977011680603027,4605
0.04980206489562988,4604
0.04988813400268555,4603
0.049957990646362305,4602
0.05005192756652832,4601
0.05010199546813965,4600
0.05028414726257324,4599
0.05030679702758789,4598
0.05061483383178711,4597
0.05086493492126465,4596
0.050917863845825195,4595
0.05098986625671387,4594
0.05104494094848633,4593
0.05110502243041992,4592
0.05119490623474121,4591
0.0513911247253418,4590
0.05147600173950195,4589
0.05163288116455078,4588
0.051785945892333984,4587
0.05190110206604004,4586
0.052047014236450195,4585
0.05217480659484863,4584
0.05228710174560547,4583
0.05231189727783203,4582
0.05251002311706543,4581
0.05263113975524902,4580
0.05269312858581543,4579
0.052767038345336914,4578
0.05343198776245117,4577
0.05348992347717285,4576
0.05390501022338867,4575
0.05502009391784668,4574
0.05520176887512207,4573
0.05537009239196777,4572
0.055457115173339844,4571
0.05552387237548828,4570
0.05596804618835449,4569
0.05623006820678711,4568
0.05672407150268555,4567
0.05730319023132324,4566
0.057409048080444336,4565
0.05747485160827637,4564
0.05757403373718262,4563
0.05771303176879883,4562
0.05850696563720703,4561
0.05858898162841797,4560
0.05866098403930664,4559
0.05874991416931152,4558
0.05879497528076172,4557
0.058876991271972656,4556
0.0589599609375,4555
0.05920600891113281,4554
0.0592348575592041,4553
0.05934906005859375,4552
0.05942583084106445,4551
0.05949711799621582,4550
0.059561967849731445,4549
0.05960798263549805,4548
0.059678077697753906,4547
0.059767961502075195,4546
0.05990409851074219,4545
0.06005406379699707,4544
0.0601038932800293,4543
0.06013798713684082,4542
0.060545921325683594,4541
0.06068587303161621,4540
0.06074714660644531,4539
0.06081199645996094,4538
0.060949087142944336,4537
0.06133317947387695,4536
0.06139802932739258,4535
0.06142997741699219,4534
0.06169390678405762,4533
0.0618131160736084,4532
0.06190180778503418,4531
0.06203508377075195,4530
0.06242799758911133,4529
0.06253600120544434,4528
0.06264090538024902,4527
0.06273221969604492,4526
0.06304287910461426,4525
0.06316399574279785,4524
0.06326699256896973,4523
0.06336808204650879,4522
0.06350016593933105,4521
0.06363296508789062,4520
0.06451892852783203,4519
0.06464600563049316,4518
0.06471800804138184,4517
0.06475400924682617,4516
0.06515908241271973,4515
0.06542801856994629,4514
0.06548786163330078,4513
0.06604194641113281,4512
0.06609487533569336,4511
0.06624794006347656,4510
0.06636595726013184,4509
0.06640195846557617,4508
0.06676411628723145,4507
0.06683087348937988,4506
0.06686282157897949,4505
0.0669410228729248,4504
0.06706786155700684,4503
0.06714987754821777,4502
0.06816291809082031,4501
0.06824398040771484,4500
0.06843304634094238,4499
0.06855106353759766,4498
0.06863284111022949,4497
0.0688478946685791,4496
0.06897115707397461,4495
0.06903195381164551,4494
0.06910014152526855,4493
0.06919693946838379,4492
0.0696258544921875,4491
0.0697469711303711,4490
0.06985187530517578,4489
0.06993794441223145,4488
0.07032299041748047,4487
0.07050609588623047,4486
0.0713508129119873,4485
0.07155895233154297,4484
0.0715951919555664,4483
0.07170701026916504,4482
0.07183694839477539,4481
0.07193899154663086,4480
0.07232809066772461,4479
0.07248497009277344,4478
0.07254791259765625,4477
0.07271885871887207,4476
0.07333898544311523,4475
0.07342696189880371,4474
0.07346701622009277,4473
0.07353496551513672,4472
0.07360196113586426,4471
0.07376790046691895,4470
0.07385706901550293,4469
0.07402896881103516,4468
0.0741109848022461,4467
0.07441377639770508,4466
0.07446098327636719,4465
0.07448291778564453,4464
0.07452082633972168,4463
0.07462692260742188,4462
0.07545089721679688,4461
0.07555389404296875,4460
0.07563495635986328,4459
0.07605409622192383,4458
0.07647395133972168,4457
0.07660818099975586,4456
0.07669782638549805,4455
0.07679295539855957,4454
0.07688093185424805,4453
0.07697391510009766,4452
0.07706880569458008,4451
0.0771019458770752,4450
0.0774240493774414,4449
0.07746696472167969,4448
0.07788300514221191,4447
0.07818198204040527,4446
0.07827115058898926,4445
0.07851815223693848,4444
0.07859587669372559,4443
0.07867598533630371,4442
0.07873702049255371,4441
0.078765869140625,4440
0.08001208305358887,4439
0.0800478458404541,4438
0.08047103881835938,4437
0.08059191703796387,4436
0.08067798614501953,4435
0.08178997039794922,4434
0.08348298072814941,4433
0.08358001708984375,4432
0.0839848518371582,4431
0.08408999443054199,4430
0.08420300483703613,4429
0.08430075645446777,4428
0.08448386192321777,4427
0.08478283882141113,4426
0.08566689491271973,4425
0.0858449935913086,4424
0.08591794967651367,4423
0.08630514144897461,4422
0.08640599250793457,4421
0.08716392517089844,4420
0.08723592758178711,4419
0.0873260498046875,4418
0.08739805221557617,4417
0.08796405792236328,4416
0.08805990219116211,4415
0.08822798728942871,4414
0.08826804161071777,4413
0.0886080265045166,4412
0.0887749195098877,4411
0.08895087242126465,4410
0.08923697471618652,4409
0.08927297592163086,4408
0.08934402465820312,4407
0.08942198753356934,4406
0.08949398994445801,4405
0.09034895896911621,4404
0.09038281440734863,4403
0.09043097496032715,4402
0.09055495262145996,4401
0.09064984321594238,4400
0.09092497825622559,4399
0.09100079536437988,4398
0.09136390686035156,4397
0.09142589569091797,4396
0.09148287773132324,4395
0.09154582023620605,4394
0.09162306785583496,4393
0.09166693687438965,4392
0.09177708625793457,4391
0.09186100959777832,4390
0.09195613861083984,4389
0.09202694892883301,4388
0.09211397171020508,4387
0.09223198890686035,4386
0.09226703643798828,4385
0.09327101707458496,4384
0.09377384185791016,4383
0.0942080020904541,4382
0.09436798095703125,4381
0.09456396102905273,4380
0.09526515007019043,4379
0.09543609619140625,4378
0.09592103958129883,4377
0.09598183631896973,4376
0.0960841178894043,4375
0.0962209701538086,4374
0.09653902053833008,4373
0.09659814834594727,4372
0.09671688079833984,4371
0.09680485725402832,4370
0.09718799591064453,4369
0.09740900993347168,4368
0.09760808944702148,4367
0.09768891334533691,4366
0.09772801399230957,4365
0.09784412384033203,4364
0.09793901443481445,4363
0.09912514686584473,4362
0.09916901588439941,4361
0.09920287132263184,4360
0.0997779369354248,4359
0.09991693496704102,4358
0.09995293617248535,4357
0.09998178482055664,4356
0.1002500057220459,4355
0.10149478912353516,4354
0.1015939712524414,4353
0.10195589065551758,4352
0.10213994979858398,4351
0.10220980644226074,4350
0.10277104377746582,4349
0.10316705703735352,4348
0.1039571762084961,4347
0.10403895378112793,4346
0.10411977767944336,4345
0.10435199737548828,4344
0.10460495948791504,4343
0.10496997833251953,4342
0.10526800155639648,4341
0.10539984703063965,4340
0.10564899444580078,4339
0.10568785667419434,4338
0.10575485229492188,4337
0.10582089424133301,4336
0.10590195655822754,4335
0.10604190826416016,4334
0.10609793663024902,4333
0.10619997978210449,4332
0.10643482208251953,4331
0.10654711723327637,4330
0.10658478736877441,4329
0.10664796829223633,4328
0.1067190170288086,4327
0.10681509971618652,4326
0.10720109939575195,4325
0.10723376274108887,4324
0.10806679725646973,4323
0.10851383209228516,4322
0.1086280345916748,4321
0.10972905158996582,4320
0.10982418060302734,4319
0.11033892631530762,4318
0.11048102378845215,4317
0.11056113243103027,4316
0.11064410209655762,4315
0.11075592041015625,4314
0.11078596115112305,4313
0.11089110374450684,4312
0.11127996444702148,4311
0.11148285865783691,4310
0.11158585548400879,4309
0.11164498329162598,4308
0.11199188232421875,4307
0.11232709884643555,4306
0.11293196678161621,4305
0.11298394203186035,4304
0.1131429672241211,4303
0.11405491828918457,4302
0.11415505409240723,4301
0.11421799659729004,4300
0.11424994468688965,4299
0.11510896682739258,4298
0.1152658462524414,4297
0.11544299125671387,4296
0.1156320571899414,4295
0.11584901809692383,4294
0.11608505249023438,4293
0.11624717712402344,4292
0.11635112762451172,4291
0.11643695831298828,4290
0.11701679229736328,4289
0.11710000038146973,4288
0.11716699600219727,4287
0.11725401878356934,4286
0.11760115623474121,4285
0.11841297149658203,4284
0.11846208572387695,4283
0.11852693557739258,4282
0.11862683296203613,4281
0.11884713172912598,4280
0.11950182914733887,4279
0.12031292915344238,4278
0.12034320831298828,4277
0.12096190452575684,4276
0.12105894088745117,4275
0.12131214141845703,4274
0.12159085273742676,4273
0.12163376808166504,4272
0.12183189392089844,4271
0.1219489574432373,4270
0.12258100509643555,4269
0.12273097038269043,4268
0.12276411056518555,4267
0.12286901473999023,4266
0.12470579147338867,4265
0.1248159408569336,4264
0.1251530647277832,4263
0.12569308280944824,4262
0.12581110000610352,4261
0.12587499618530273,4260
0.12596487998962402,4259
0.12600994110107422,4258
0.1261000633239746,4257
0.12618494033813477,4256
0.12660479545593262,4255
0.12663507461547852,4254
0.1268010139465332,4253
0.12697196006774902,4252
0.12735795974731445,4251
0.1276099681854248,4250
0.12785601615905762,4249
0.1279010772705078,4248
0.12792682647705078,4247
0.12808895111083984,4246
0.12811708450317383,4245
0.1284618377685547,4244
0.12865209579467773,4243
0.12871098518371582,4242
0.12917304039001465,4241
0.12978601455688477,4240
0.12983202934265137,4239
0.12989282608032227,4238
0.12995004653930664,4237
0.1300361156463623,4236
0.13012480735778809,4235
0.13024115562438965,4234
0.13031983375549316,4233
0.13038396835327148,4232
0.13045501708984375,4231
0.13057899475097656,4230
0.13148188591003418,4229
0.13226819038391113,4228
0.13242506980895996,4227
0.13249897956848145,4226
0.13268303871154785,4225
0.13275694847106934,4224
0.1330718994140625,4223
0.13313007354736328,4222
0.13321709632873535,4221
0.13357901573181152,4220
0.1336679458618164,4219
0.1337900161743164,4218
0.1338798999786377,4217
0.13415002822875977,4216
0.1350870132446289,4215
0.1351180076599121,4214
0.13516974449157715,4213
0.13524103164672852,4212
0.13532400131225586,4211
0.13590002059936523,4210
0.13594985008239746,4209
0.13624000549316406,4208
0.13628697395324707,4207
0.13648104667663574,4206
0.13674402236938477,4205
0.13808894157409668,4204
0.13817715644836426,4203
0.13872194290161133,4202
0.1387929916381836,4201
0.13908886909484863,4200
0.1398768424987793,4199
0.14060306549072266,4198
0.14089083671569824,4197
0.1410231590270996,4196
0.14133906364440918,4195
0.1415691375732422,4194
0.14182686805725098,4193
0.1419229507446289,4192
0.1420140266418457,4191
0.14303898811340332,4190
0.1434011459350586,4189
0.1434781551361084,4188
0.1436159610748291,4187
0.14367198944091797,4186
0.14380502700805664,4185
0.14397192001342773,4184
0.14403581619262695,4183
0.14420580863952637,4182
0.14447402954101562,4181
0.1445629596710205,4180
0.14534401893615723,4179
0.14548802375793457,4178
0.1455388069152832,4177
0.14563298225402832,4176
0.1457381248474121,4175
0.14576482772827148,4174
0.14578580856323242,4173
0.1461789608001709,4172
0.14649295806884766,4171
0.14655590057373047,4170
0.14725685119628906,4169
0.14728713035583496,4168
0.14736008644104004,4167
0.1479499340057373,4166
0.14807605743408203,4165
0.14814019203186035,4164
0.14820313453674316,4163
0.1483478546142578,4162
0.14848017692565918,4161
0.14858698844909668,4160
0.14868497848510742,4159
0.14870786666870117,4158
0.14884591102600098,4157
0.15078997611999512,4156
0.1513350009918213,4155
0.15144085884094238,4154
0.15187788009643555,4153
0.15194988250732422,4152
0.15198087692260742,4151
0.15223193168640137,4150
0.15230393409729004,4149
0.15285205841064453,4148
0.15320992469787598,4147
0.15382790565490723,4146
0.15389609336853027,4145
0.1543879508972168,4144
0.1550900936126709,4143
0.1551198959350586,4142
0.15516996383666992,4141
0.15526103973388672,4140
0.15533900260925293,4139
0.1554279327392578,4138
0.1563129425048828,4137
0.15657877922058105,4136
0.15767788887023926,4135
0.15777802467346191,4134
0.15784001350402832,4133
0.15813899040222168,4132
0.1582329273223877,4131
0.15849995613098145,4130
0.1586599349975586,4129
0.15895295143127441,4128
0.15901494026184082,4127
0.15913105010986328,4126
0.1591958999633789,4125
0.15942788124084473,4124
0.15946292877197266,4123
0.1595289707183838,4122
0.1596817970275879,4121
0.15987396240234375,4120
0.16014504432678223,4119
0.1602158546447754,4118
0.1602461338043213,4117
0.16031503677368164,4116
0.16036009788513184,4115
0.16108989715576172,4114
0.1612238883972168,4113
0.16218876838684082,4112
0.16257381439208984,4111
0.16261887550354004,4110
0.1626570224761963,4109
0.16315984725952148,4108
0.16324901580810547,4107
0.16327309608459473,4106
0.16347408294677734,4105
0.16373109817504883,4104
0.1649470329284668,4103
0.16498398780822754,4102
0.1650838851928711,4101
0.1651148796081543,4100
0.16547393798828125,4099
0.16583609580993652,4098
0.1658940315246582,4097
0.16600394248962402,4096
0.1663198471069336,4095
0.1677861213684082,4094
0.16785788536071777,4093
0.1679859161376953,4092
0.16906094551086426,4091
0.16944289207458496,4090
0.16950583457946777,4089
0.16980481147766113,4088
0.16985702514648438,4087
0.1703629493713379,4086
0.17076587677001953,4085
0.17117691040039062,4084
0.17148995399475098,4083
0.17151093482971191,4082
0.17153382301330566,4081
0.17231106758117676,4080
0.17239999771118164,4079
0.17253994941711426,4078
0.17259883880615234,4077
0.17352294921875,4076
0.17364907264709473,4075
0.17433881759643555,4074
0.17436909675598145,4073
0.17445588111877441,4072
0.174699068069458,4071
0.17473292350769043,4070
0.17479515075683594,4069
0.17485713958740234,4068
0.17487692832946777,4067
0.17517900466918945,4066
0.17635297775268555,4065
0.1767110824584961,4064
0.17745590209960938,4063
0.17752981185913086,4062
0.1776430606842041,4061
0.1777029037475586,4060
0.17831087112426758,4059
0.17834091186523438,4058
0.1784229278564453,4057
0.1785879135131836,4056
0.17904114723205566,4055
0.17949914932250977,4054
0.17964696884155273,4053
0.17982006072998047,4052
0.17989206314086914,4051
0.17995095252990723,4050
0.18032193183898926,4049
0.18041777610778809,4048
0.1806659698486328,4047
0.1808149814605713,4046
0.1808929443359375,4045
0.18092083930969238,4044
0.18095803260803223,4043
0.1809978485107422,4042
0.18105792999267578,4041
0.18113112449645996,4040
0.18115592002868652,4039
0.18148398399353027,4038
0.18199610710144043,4037
0.18350791931152344,4036
0.18358206748962402,4035
0.1836700439453125,4034
0.1837329864501953,4033
0.18383383750915527,4032
0.18455886840820312,4031
0.18484997749328613,4030
0.18487787246704102,4029
0.18544912338256836,4028
0.1855640411376953,4027
0.18590593338012695,4026
0.18596410751342773,4025
0.18629693984985352,4024
0.18635988235473633,4023
0.18811917304992676,4022
0.18856406211853027,4021
0.18858599662780762,4020
0.1886768341064453,4019
0.1889350414276123,4018
0.1894998550415039,4017
0.1912221908569336,4016
0.19217586517333984,4015
0.19246912002563477,4014
0.19253301620483398,4013
0.19271612167358398,4012
0.19423699378967285,4011
0.19478106498718262,4010
0.19487690925598145,4009
0.19492793083190918,4008
0.1949479579925537,4007
0.19502019882202148,4006
0.19509100914001465,4005
0.195404052734375,4004
0.19637417793273926,4003
0.19642305374145508,4002
0.19661712646484375,4001
0.19668197631835938,4000
0.19672393798828125,3999
0.19826197624206543,3998
0.19833087921142578,3997
0.19902610778808594,3996
0.19922399520874023,3995
0.1996607780456543,3994
0.20108294486999512,3993
0.20144009590148926,3992
0.20148801803588867,3991
0.20154881477355957,3990
0.20250201225280762,3989
0.20256280899047852,3988
0.2026360034942627,3987
0.20333194732666016,3986
0.20337295532226562,3985
0.2034618854522705,3984
0.20352602005004883,3983
0.20367908477783203,3982
0.20375990867614746,3981
0.20379996299743652,3980
0.20430803298950195,3979
0.20506501197814941,3978
0.20512700080871582,3977
0.2052319049835205,3976
0.20553994178771973,3975
0.20581579208374023,3974
0.20584988594055176,3973
0.20657110214233398,3972
0.20739102363586426,3971
0.20743680000305176,3970
0.208251953125,3969
0.20830392837524414,3968
0.20840001106262207,3967
0.20876407623291016,3966
0.209244966506958,3965
0.20942282676696777,3964
0.20999693870544434,3963
0.21065402030944824,3962
0.21104693412780762,3961
0.2110731601715088,3960
0.21277809143066406,3959
0.2128751277923584,3958
0.213303804397583,3957
0.21337604522705078,3956
0.21462416648864746,3955
0.21475481986999512,3954
0.21523499488830566,3953
0.21570396423339844,3952
0.21698689460754395,3951
0.21768999099731445,3950
0.21816301345825195,3949
0.21874380111694336,3948
0.2193009853363037,3947
0.21964097023010254,3946
0.21981191635131836,3945
0.2203521728515625,3944
0.22064805030822754,3943
0.2209150791168213,3942
0.22178006172180176,3941
0.22210383415222168,3940
0.22218894958496094,3939
0.22221088409423828,3938
0.22339701652526855,3937
0.22348976135253906,3936
0.22363805770874023,3935
0.22392797470092773,3934
0.22398710250854492,3933
0.22415995597839355,3932
0.2242579460144043,3931
0.22435498237609863,3930
0.22441506385803223,3929
0.22449207305908203,3928
0.22463011741638184,3927
0.22538495063781738,3926
0.22728514671325684,3925
0.22734808921813965,3924
0.22786688804626465,3923
0.22796988487243652,3922
0.2284550666809082,3921
0.22925496101379395,3920
0.229356050491333,3919
0.22941803932189941,3918
0.2306828498840332,3917
0.23091602325439453,3916
0.23146986961364746,3915
0.23263907432556152,3914
0.23276710510253906,3913
0.23286890983581543,3912
0.23301315307617188,3911
0.2340381145477295,3910
0.2341468334197998,3909
0.2342979907989502,3908
0.23507213592529297,3907
0.23518705368041992,3906
0.23587703704833984,3905
0.23592400550842285,3904
0.23631501197814941,3903
0.23641514778137207,3902
0.23712396621704102,3901
0.23734593391418457,3900
0.23745489120483398,3899
0.2382359504699707,3898
0.23825907707214355,3897
0.2385108470916748,3896
0.23856592178344727,3895
0.2388629913330078,3894
0.23898887634277344,3893
0.23909997940063477,3892
0.23919391632080078,3891
0.2392270565032959,3890
0.2392868995666504,3889
0.2393198013305664,3888
0.23948907852172852,3887
0.24006891250610352,3886
0.24031901359558105,3885
0.24059295654296875,3884
0.24067902565002441,3883
0.24114108085632324,3882
0.24129700660705566,3881
0.24213409423828125,3880
0.2452409267425537,3879
0.24680209159851074,3878
0.2470090389251709,3877
0.24735808372497559,3876
0.24739789962768555,3875
0.24813508987426758,3874
0.24819588661193848,3873
0.2484729290008545,3872
0.2497539520263672,3871
0.24984407424926758,3870
0.2499370574951172,3869
0.25004100799560547,3868
0.2505500316619873,3867
0.250823974609375,3866
0.25086498260498047,3865
0.25089216232299805,3864
0.251863956451416,3863
0.2526819705963135,3862
0.25274205207824707,3861
0.2535409927368164,3860
0.25356197357177734,3859
0.25420403480529785,3858
0.25445008277893066,3857
0.2548220157623291,3856
0.25571489334106445,3855
0.25580596923828125,3854
0.2558588981628418,3853
0.2563438415527344,3852
0.25640296936035156,3851
0.25646090507507324,3850
0.25662803649902344,3849
0.2574160099029541,3848
0.25748300552368164,3847
0.2579491138458252,3846
0.2580430507659912,3845
0.2581667900085449,3844
0.25821709632873535,3843
0.25955796241760254,3842
0.2596409320831299,3841
0.2598228454589844,3840
0.25990891456604004,3839
0.26040196418762207,3838
0.26045799255371094,3837
0.26059699058532715,3836
0.2613399028778076,3835
0.26282286643981934,3834
0.26294398307800293,3833
0.2630898952484131,3832
0.2638559341430664,3831
0.2664458751678467,3830
0.2665369510650635,3829
0.2668299674987793,3828
0.266923189163208,3827
0.26698875427246094,3826
0.267009973526001,3825
0.2671010494232178,3824
0.2678029537200928,3823
0.2678501605987549,3822
0.2701139450073242,3821
0.27038097381591797,3820
0.2704589366912842,3819
0.2705349922180176,3818
0.2714529037475586,3817
0.2714807987213135,3816
0.27152299880981445,3815
0.2716209888458252,3814
0.27171993255615234,3813
0.27179718017578125,3812
0.27236199378967285,3811
0.27292394638061523,3810
0.2730991840362549,3809
0.27378296852111816,3808
0.27537012100219727,3807
0.2785820960998535,3806
0.2786598205566406,3805
0.27978992462158203,3804
0.27985596656799316,3803
0.28066205978393555,3802
0.28101301193237305,3801
0.28162479400634766,3800
0.2819390296936035,3799
0.28202199935913086,3798
0.2828490734100342,3797
0.28296709060668945,3796
0.28322315216064453,3795
0.2832489013671875,3794
0.28438901901245117,3793
0.28468894958496094,3792
0.2847440242767334,3791
0.2848019599914551,3790
0.28488993644714355,3789
0.28493285179138184,3788
0.28510189056396484,3787
0.2851898670196533,3786
0.28542089462280273,3785
0.28554391860961914,3784
0.2856330871582031,3783
0.28690099716186523,3782
0.2879049777984619,3781
0.2884540557861328,3780
0.28870582580566406,3779
0.28902411460876465,3778
0.2891240119934082,3777
0.29058003425598145,3776
0.2906649112701416,3775
0.2909247875213623,3774
0.29100799560546875,3773
0.2921109199523926,3772
0.2921600341796875,3771
0.2922048568725586,3770
0.2927267551422119,3769
0.29291796684265137,3768
0.2937180995941162,3767
0.29448509216308594,3766
0.29459691047668457,3765
0.29497289657592773,3764
0.29506587982177734,3763
0.2952749729156494,3762
0.29542088508605957,3761
0.29623889923095703,3760
0.2971668243408203,3759
0.29842686653137207,3758
0.2984788417816162,3757
0.2987370491027832,3756
0.2987680435180664,3755
0.2988240718841553,3754
0.29886913299560547,3753
0.2989540100097656,3752
0.299041748046875,3751
0.30036401748657227,3750
0.3004281520843506,3749
0.3009989261627197,3748
0.3024139404296875,3747
0.30245304107666016,3746
0.30250978469848633,3745
0.3025989532470703,3744
0.30287909507751465,3743
0.30315494537353516,3742
0.30431604385375977,3741
0.3051140308380127,3740
0.30586814880371094,3739
0.30649495124816895,3738
0.3065180778503418,3737
0.30701398849487305,3736
0.30705809593200684,3735
0.3072669506072998,3734
0.3076498508453369,3733
0.30844902992248535,3732
0.3085188865661621,3731
0.30868101119995117,3730
0.30931901931762695,3729
0.30991291999816895,3728
0.30994200706481934,3727
0.31002187728881836,3726
0.31063199043273926,3725
0.3119199275970459,3724
0.3120100498199463,3723
0.31349897384643555,3722
0.3135960102081299,3721
0.3140859603881836,3720
0.31460094451904297,3719
0.3146660327911377,3718
0.31505894660949707,3717
0.31537389755249023,3716
0.31564974784851074,3715
0.31572580337524414,3714
0.31687498092651367,3713
0.31696009635925293,3712
0.3170289993286133,3711
0.3171060085296631,3710
0.3171229362487793,3709
0.3176579475402832,3708
0.3177039623260498,3707
0.3180561065673828,3706
0.3181130886077881,3705
0.31877684593200684,3704
0.31969213485717773,3703
0.32186102867126465,3702
0.32221388816833496,3701
0.32277679443359375,3700
0.32303595542907715,3699
0.3230559825897217,3698
0.32311201095581055,3697
0.32521605491638184,3696
0.3253178596496582,3695
0.32538890838623047,3694
0.3255140781402588,3693
0.3255748748779297,3692
0.3289639949798584,3691
0.32924509048461914,3690
0.32953405380249023,3689
0.33039188385009766,3688
0.3304321765899658,3687
0.330780029296875,3686
0.3316960334777832,3685
0.3323509693145752,3684
0.332791805267334,3683
0.33292078971862793,3682
0.3339810371398926,3681
0.3346388339996338,3680
0.3368861675262451,3679
0.336932897567749,3678
0.3378479480743408,3677
0.33789896965026855,3676
0.34119415283203125,3675
0.34123802185058594,3674
0.3413200378417969,3673
0.34221506118774414,3672
0.34224605560302734,3671
0.34227895736694336,3670
0.3425638675689697,3669
0.3429288864135742,3668
0.34294891357421875,3667
0.3437478542327881,3666
0.3440678119659424,3665
0.34464120864868164,3664
0.3454418182373047,3663
0.3455231189727783,3662
0.3455779552459717,3661
0.34561586380004883,3660
0.34569883346557617,3659
0.34627580642700195,3658
0.3469870090484619,3657
0.34708094596862793,3656
0.3471519947052002,3655
0.34761500358581543,3654
0.3479750156402588,3653
0.34900999069213867,3652
0.34928011894226074,3651
0.3495807647705078,3650
0.3496510982513428,3649
0.34995484352111816,3648
0.3499939441680908,3647
0.35022497177124023,3646
0.3502469062805176,3645
0.35033607482910156,3644
0.35088586807250977,3643
0.3509562015533447,3642
0.3535139560699463,3641
0.35356903076171875,3640
0.35364699363708496,3639
0.35471487045288086,3638
0.35477781295776367,3637
0.35505008697509766,3636
0.3550758361816406,3635
0.35511302947998047,3634
0.35535502433776855,3633
0.3561890125274658,3632
0.35645198822021484,3631
0.35686516761779785,3630
0.3572819232940674,3629
0.3580920696258545,3628
0.35820913314819336,3627
0.35921788215637207,3626
0.360029935836792,3625
0.36016106605529785,3624
0.3604550361633301,3623
0.3611159324645996,3622
0.36236095428466797,3621
0.3625659942626953,3620
0.36258482933044434,3619
0.3626389503479004,3618
0.36271119117736816,3617
0.36300182342529297,3616
0.36302900314331055,3615
0.36435580253601074,3614
0.3644089698791504,3613
0.3647339344024658,3612
0.36475706100463867,3611
0.36502790451049805,3610
0.3654768466949463,3609
0.3671410083770752,3608
0.36723804473876953,3607
0.3677520751953125,3606
0.3678097724914551,3605
0.3687708377838135,3604
0.3691411018371582,3603
0.3698079586029053,3602
0.36986303329467773,3601
0.37051916122436523,3600
0.3705911636352539,3599
0.37065792083740234,3598
0.37478208541870117,3597
0.3770761489868164,3596
0.3773689270019531,3595
0.3775770664215088,3594
0.3775959014892578,3593
0.3779609203338623,3592
0.37804079055786133,3591
0.37871813774108887,3590
0.37903904914855957,3589
0.3790931701660156,3588
0.37962985038757324,3587
0.3805561065673828,3586
0.38097119331359863,3585
0.38103413581848145,3584
0.38130807876586914,3583
0.3813951015472412,3582
0.38248705863952637,3581
0.38303184509277344,3580
0.3830738067626953,3579
0.38356804847717285,3578
0.3841438293457031,3577
0.38491296768188477,3576
0.3872220516204834,3575
0.38870692253112793,3574
0.38895106315612793,3573
0.3905799388885498,3572
0.39069700241088867,3571
0.39214015007019043,3570
0.3922100067138672,3569
0.3922388553619385,3568
0.39227986335754395,3567
0.39252305030822754,3566
0.3930788040161133,3565
0.393139123916626,3564
0.3937489986419678,3563
0.394061803817749,3562
0.39411211013793945,3561
0.394550085067749,3560
0.39565181732177734,3559
0.3958730697631836,3558
0.3965740203857422,3557
0.39663100242614746,3556
0.3968667984008789,3555
0.39721202850341797,3554
0.39756202697753906,3553
0.3993191719055176,3552
0.40233397483825684,3551
0.4032158851623535,3550
0.4037010669708252,3549
0.4049208164215088,3548
0.404965877532959,3547
0.4051399230957031,3546
0.40544700622558594,3545
0.40905189514160156,3544
0.4113960266113281,3543
0.41144895553588867,3542
0.41147494316101074,3541
0.412294864654541,3540
0.41525793075561523,3539
0.4156370162963867,3538
0.41626811027526855,3537
0.41742801666259766,3536
0.4176959991455078,3535
0.4193298816680908,3534
0.419403076171875,3533
0.41948699951171875,3532
0.41952013969421387,3531
0.4198570251464844,3530
0.42044806480407715,3529
0.4205148220062256,3528
0.42410707473754883,3527
0.42417001724243164,3526
0.42631983757019043,3525
0.4263927936553955,3524
0.4264378547668457,3523
0.42675304412841797,3522
0.42815089225769043,3521
0.4281949996948242,3520
0.42824411392211914,3519
0.4291501045227051,3518
0.42974185943603516,3517
0.4299290180206299,3516
0.4300088882446289,3515
0.43284106254577637,3514
0.4331979751586914,3513
0.43521904945373535,3512
0.43572211265563965,3511
0.43701887130737305,3510
0.4412498474121094,3509
0.44133496284484863,3508
0.4421257972717285,3507
0.4422030448913574,3506
0.4422900676727295,3505
0.4429631233215332,3504
0.4432399272918701,3503
0.4442789554595947,3502
0.4445340633392334,3501
0.4446990489959717,3500
0.44563794136047363,3499
0.4456920623779297,3498
0.445904016494751,3497
0.4462440013885498,3496
0.4464850425720215,3495
0.4465749263763428,3494
0.44823408126831055,3493
0.4483349323272705,3492
0.4485740661621094,3491
0.4514899253845215,3490
0.4515538215637207,3489
0.45162391662597656,3488
0.4518909454345703,3487
0.4519538879394531,3486
0.4520988464355469,3485
0.4521920680999756,3484
0.4524660110473633,3483
0.45346903800964355,3482
0.45350003242492676,3481
0.4535529613494873,3480
0.4536409378051758,3479
0.45456790924072266,3478
0.45558595657348633,3477
0.4556407928466797,3476
0.4557368755340576,3475
0.45674896240234375,3474
0.45743703842163086,3473
0.4575371742248535,3472
0.457780122756958,3471
0.45809483528137207,3470
0.4592249393463135,3469
0.4602620601654053,3468
0.4605100154876709,3467
0.4605588912963867,3466
0.46057701110839844,3465
0.4606208801269531,3464
0.46152400970458984,3463
0.4615969657897949,3462
0.4621908664703369,3461
0.46376991271972656,3460
0.4648559093475342,3459
0.4653899669647217,3458
0.46665000915527344,3457
0.468019962310791,3456
0.46822309494018555,3455
0.46914100646972656,3454
0.469196081161499,3453
0.4707159996032715,3452
0.4714498519897461,3451
0.47315311431884766,3450
0.47322821617126465,3449
0.47361278533935547,3448
0.4740719795227051,3447
0.47410106658935547,3446
0.4741699695587158,3445
0.4753990173339844,3444
0.47649288177490234,3443
0.47673511505126953,3442
0.4767918586730957,3441
0.4768400192260742,3440
0.4770629405975342,3439
0.47794389724731445,3438
0.4780309200286865,3437
0.4788339138031006,3436
0.4789419174194336,3435
0.4790008068084717,3434
0.4805319309234619,3433
0.48175907135009766,3432
0.4819309711456299,3431
0.4831249713897705,3430
0.48390698432922363,3429
0.48415398597717285,3428
0.48425889015197754,3427
0.48467206954956055,3426
0.4854300022125244,3425
0.48598575592041016,3424
0.4860219955444336,3423
0.4866299629211426,3422
0.4867129325866699,3421
0.48675990104675293,3420
0.4868288040161133,3419
0.4868509769439697,3418
0.487684965133667,3417
0.4882519245147705,3416
0.4882991313934326,3415
0.4885120391845703,3414
0.48856401443481445,3413
0.48918581008911133,3412
0.4899580478668213,3411
0.490588903427124,3410
0.4909698963165283,3409
0.49118709564208984,3408
0.491253137588501,3407
0.4912898540496826,3406
0.4913930892944336,3405
0.49156999588012695,3404
0.4922599792480469,3403
0.49275803565979004,3402
0.4927840232849121,3401
0.497283935546875,3400
0.49878406524658203,3399
0.4988579750061035,3398
0.49933600425720215,3397
0.49953794479370117,3396
0.4995758533477783,3395
0.5007739067077637,3394
0.5012600421905518,3393
0.5025959014892578,3392
0.5026459693908691,3391
0.5027720928192139,3390
0.5030632019042969,3389
0.5031130313873291,3388
0.5039780139923096,3387
0.5040221214294434,3386
0.5043289661407471,3385
0.5047581195831299,3384
0.5058670043945312,3383
0.5091769695281982,3382
0.5099778175354004,3381
0.5102059841156006,3380
0.5103240013122559,3379
0.5103418827056885,3378
0.510361909866333,3377
0.5106041431427002,3376
0.5112011432647705,3375
0.5113239288330078,3374
0.5117220878601074,3373
0.5117678642272949,3372
0.5122377872467041,3371
0.5133788585662842,3370
0.5154740810394287,3369
0.5164890289306641,3368
0.5167598724365234,3367
0.5190889835357666,3366
0.5191681385040283,3365
0.5210251808166504,3364
0.5217187404632568,3363
0.5220088958740234,3362
0.523000955581665,3361
0.5234010219573975,3360
0.523521900177002,3359
0.5235888957977295,3358
0.5236759185791016,3357
0.5238919258117676,3356
0.5247859954833984,3355
0.5254919528961182,3354
0.5258100032806396,3353
0.5261180400848389,3352
0.5269629955291748,3351
0.5279698371887207,3350
0.5280530452728271,3349
0.5287580490112305,3348
0.5288028717041016,3347
0.5302028656005859,3346
0.5304238796234131,3345
0.5330429077148438,3344
0.5333449840545654,3343
0.5333969593048096,3342
0.5334429740905762,3341
0.5338079929351807,3340
0.5349619388580322,3339
0.5351860523223877,3338
0.535559892654419,3337
0.5370907783508301,3336
0.537377119064331,3335
0.5379700660705566,3334
0.5380208492279053,3333
0.5381789207458496,3332
0.5389020442962646,3331
0.5389459133148193,3330
0.5389671325683594,3329
0.5393381118774414,3328
0.5404188632965088,3327
0.5404999256134033,3326
0.5412650108337402,3325
0.5426700115203857,3324
0.5436160564422607,3323
0.5440590381622314,3322
0.5442850589752197,3321
0.5443680286407471,3320
0.544389009475708,3319
0.5450289249420166,3318
0.545773983001709,3317
0.5474257469177246,3316
0.5475962162017822,3315
0.5488100051879883,3314
0.5500109195709229,3313
0.5504651069641113,3312
0.5505750179290771,3311
0.5530891418457031,3310
0.5540499687194824,3309
0.5546450614929199,3308
0.5549049377441406,3307
0.5573849678039551,3306
0.5577900409698486,3305
0.5590600967407227,3304
0.5612330436706543,3303
0.5616447925567627,3302
0.5633471012115479,3301
0.5635809898376465,3300
0.564633846282959,3299
0.5654909610748291,3298
0.5660068988800049,3297
0.5670630931854248,3296
0.5672447681427002,3295
0.5672941207885742,3294
0.5683999061584473,3293
0.5700938701629639,3292
0.5715789794921875,3291
0.5724570751190186,3290
0.5725369453430176,3289
0.5726108551025391,3288
0.574796199798584,3287
0.5757200717926025,3286
0.5773468017578125,3285
0.5776050090789795,3284
0.5776379108428955,3283
0.5791800022125244,3282
0.5792069435119629,3281
0.5814599990844727,3280
0.5821888446807861,3279
0.5822670459747314,3278
0.5823209285736084,3277
0.5824017524719238,3276
0.5824580192565918,3275
0.5826630592346191,3274
0.5830419063568115,3273
0.5830888748168945,3272
0.5839650630950928,3271
0.583989143371582,3270
0.5849790573120117,3269
0.5850269794464111,3268
0.5861928462982178,3267
0.5867631435394287,3266
0.5868189334869385,3265
0.5870440006256104,3264
0.587777853012085,3263
0.5883028507232666,3262
0.5888040065765381,3261
0.5927608013153076,3260
0.593998908996582,3259
0.5940408706665039,3258
0.5950369834899902,3257
0.595674991607666,3256
0.5961837768554688,3255
0.5962588787078857,3254
0.5963170528411865,3253
0.5972418785095215,3252
0.598067045211792,3251
0.5981230735778809,3250
0.5987758636474609,3249
0.5988540649414062,3248
0.5993509292602539,3247
0.5993859767913818,3246
0.599431037902832,3245
0.6011631488800049,3244
0.6016349792480469,3243
0.6019449234008789,3242
0.6022520065307617,3241
0.6044008731842041,3240
0.6051900386810303,3239
0.6061468124389648,3238
0.6065480709075928,3237
0.6068339347839355,3236
0.606881856918335,3235
0.6069819927215576,3234
0.6089460849761963,3233
0.6104121208190918,3232
0.6116750240325928,3231
0.612454891204834,3230
0.6137831211090088,3229
0.6143698692321777,3228
0.6143970489501953,3227
0.6157999038696289,3226
0.6164791584014893,3225
0.6167900562286377,3224
0.6170251369476318,3223
0.617095947265625,3222
0.6182699203491211,3221
0.6183350086212158,3220
0.6187279224395752,3219
0.6188051700592041,3218
0.6188380718231201,3217
0.6204738616943359,3216
0.6205708980560303,3215
0.6206250190734863,3214
0.6213619709014893,3213
0.6217098236083984,3212
0.6234288215637207,3211
0.6239681243896484,3210
0.6264920234680176,3209
0.6265769004821777,3208
0.6270627975463867,3207
0.6273040771484375,3206
0.6285741329193115,3205
0.6286191940307617,3204
0.6293888092041016,3203
0.6311681270599365,3202
0.6312210559844971,3201
0.6324880123138428,3200
0.6331679821014404,3199
0.6342780590057373,3198
0.6347978115081787,3197
0.6383891105651855,3196
0.6403820514678955,3195
0.6431708335876465,3194
0.6464138031005859,3193
0.646500825881958,3192
0.6488590240478516,3191
0.6491200923919678,3190
0.649183988571167,3189
0.6509110927581787,3188
0.6514320373535156,3187
0.6514871120452881,3186
0.6515789031982422,3185
0.652216911315918,3184
0.6527891159057617,3183
0.6537280082702637,3182
0.6544339656829834,3181
0.6544630527496338,3180
0.6552209854125977,3179
0.6552600860595703,3178
0.6574900150299072,3177
0.6579489707946777,3176
0.6585218906402588,3175
0.6603569984436035,3174
0.6604738235473633,3173
0.6607141494750977,3172
0.660768985748291,3171
0.6608419418334961,3170
0.6611049175262451,3169
0.6611509323120117,3168
0.6617140769958496,3167
0.661790132522583,3166
0.6622428894042969,3165
0.663776159286499,3164
0.6638469696044922,3163
0.665618896484375,3162
0.6667301654815674,3161
0.6667859554290771,3160
0.6718590259552002,3159
0.6719019412994385,3158
0.6739370822906494,3157
0.6748490333557129,3156
0.675616979598999,3155
0.675649881362915,3154
0.6764309406280518,3153
0.6768059730529785,3152
0.6768248081207275,3151
0.6776540279388428,3150
0.6802198886871338,3149
0.6813089847564697,3148
0.681689977645874,3147
0.681757926940918,3146
0.6818089485168457,3145
0.6831409931182861,3144
0.6832258701324463,3143
0.6837079524993896,3142
0.6841299533843994,3141
0.6843149662017822,3140
0.6854391098022461,3139
0.6873958110809326,3138
0.6880531311035156,3137
0.6888768672943115,3136
0.6903178691864014,3135
0.6926789283752441,3134
0.6930620670318604,3133
0.6935031414031982,3132
0.6938560009002686,3131
0.6946680545806885,3130
0.696091890335083,3129
0.699193000793457,3128
0.6994099617004395,3127
0.6998500823974609,3126
0.69992995262146,3125
0.701185941696167,3124
0.7014200687408447,3123
0.7024128437042236,3122
0.7038941383361816,3121
0.7039690017700195,3120
0.7046248912811279,3119
0.7046830654144287,3118
0.7049379348754883,3117
0.7054140567779541,3116
0.7062180042266846,3115
0.7070410251617432,3114
0.7071268558502197,3113
0.7088179588317871,3112
0.7088720798492432,3111
0.7094860076904297,3110
0.710421085357666,3109
0.7114980220794678,3108
0.7136960029602051,3107
0.7137339115142822,3106
0.7140679359436035,3105
0.7146520614624023,3104
0.7162001132965088,3103
0.716289758682251,3102
0.7169480323791504,3101
0.7174711227416992,3100
0.7175240516662598,3099
0.7181499004364014,3098
0.7182419300079346,3097
0.7182831764221191,3096
0.7183189392089844,3095
0.7183759212493896,3094
0.7212450504302979,3093
0.7222061157226562,3092
0.7267889976501465,3091
0.7268161773681641,3090
0.7268497943878174,3089
0.7289860248565674,3088
0.7302069664001465,3087
0.7302811145782471,3086
0.7311141490936279,3085
0.7316219806671143,3084
0.732407808303833,3083
0.7335760593414307,3082
0.7336280345916748,3081
0.733677864074707,3080
0.7337379455566406,3079
0.7337849140167236,3078
0.7347910404205322,3077
0.7356119155883789,3076
0.7358930110931396,3075
0.736379861831665,3074
0.7378718852996826,3073
0.7383420467376709,3072
0.7383999824523926,3071
0.7387609481811523,3070
0.7395889759063721,3069
0.7429220676422119,3068
0.7436177730560303,3067
0.74515700340271,3066
0.745460033416748,3065
0.7456960678100586,3064
0.7460188865661621,3063
0.7466650009155273,3062
0.7495031356811523,3061
0.7497799396514893,3060
0.7498178482055664,3059
0.7500870227813721,3058
0.7523460388183594,3057
0.7538659572601318,3056
0.7541201114654541,3055
0.7547321319580078,3054
0.7550411224365234,3053
0.7552709579467773,3052
0.759329080581665,3051
0.760991096496582,3050
0.7621200084686279,3049
0.7631261348724365,3048
0.7631590366363525,3047
0.763401985168457,3046
0.763502836227417,3045
0.7651910781860352,3044
0.7683401107788086,3043
0.7683908939361572,3042
0.7698369026184082,3041
0.7724099159240723,3040
0.774055004119873,3039
0.7742538452148438,3038
0.7746109962463379,3037
0.7759859561920166,3036
0.7767031192779541,3035
0.7771079540252686,3034
0.7794098854064941,3033
0.7804098129272461,3032
0.7823278903961182,3031
0.7827379703521729,3030
0.7855150699615479,3029
0.7912311553955078,3028
0.7913198471069336,3027
0.7921187877655029,3026
0.79339599609375,3025
0.7940008640289307,3024
0.7947001457214355,3023
0.7952609062194824,3022
0.7994141578674316,3021
0.8004710674285889,3020
0.8009059429168701,3019
0.8016180992126465,3018
0.8017020225524902,3017
0.8022890090942383,3016
0.8054919242858887,3015
0.8062069416046143,3014
0.8068439960479736,3013
0.8077709674835205,3012
0.8088951110839844,3011
0.8089549541473389,3010
0.8094139099121094,3009
0.811305046081543,3008
0.8126108646392822,3007
0.8126440048217773,3006
0.8130290508270264,3005
0.8175759315490723,3004
0.8200421333312988,3003
0.820997953414917,3002
0.8217601776123047,3001
0.8231308460235596,3000
0.8237740993499756,2999
0.8238539695739746,2998
0.8239109516143799,2997
0.8267059326171875,2996
0.8270668983459473,2995
0.8287508487701416,2994
0.8293561935424805,2993
0.8304028511047363,2992
0.8323249816894531,2991
0.833096981048584,2990
0.8349111080169678,2989
0.8354220390319824,2988
0.8367419242858887,2987
0.8367929458618164,2986
0.8369958400726318,2985
0.8370928764343262,2984
0.8371820449829102,2983
0.837230920791626,2982
0.837507963180542,2981
0.8375539779663086,2980
0.8375959396362305,2979
0.8381409645080566,2978
0.8393800258636475,2977
0.8394970893859863,2976
0.8402199745178223,2975
0.8402688503265381,2974
0.8403489589691162,2973
0.840418815612793,2972
0.8408079147338867,2971
0.8412067890167236,2970
0.8414969444274902,2969
0.8427448272705078,2968
0.8428120613098145,2967
0.842864990234375,2966
0.8434991836547852,2965
0.8438060283660889,2964
0.8460838794708252,2963
0.8461349010467529,2962
0.8466570377349854,2961
0.8492281436920166,2960
0.8492879867553711,2959
0.8521749973297119,2958
0.8525440692901611,2957
0.8526091575622559,2956
0.8526840209960938,2955
0.8576920032501221,2954
0.8579399585723877,2953
0.8586068153381348,2952
0.8604481220245361,2951
0.8617570400238037,2950
0.8668968677520752,2949
0.8671607971191406,2948
0.8671917915344238,2947
0.8673479557037354,2946
0.8680369853973389,2945
0.8688850402832031,2944
0.8690979480743408,2943
0.8691160678863525,2942
0.8697957992553711,2941
0.8698539733886719,2940
0.8698809146881104,2939
0.8710260391235352,2938
0.8716659545898438,2937
0.8718528747558594,2936
0.8721339702606201,2935
0.8735020160675049,2934
0.8739299774169922,2933
0.8766417503356934,2932
0.8777930736541748,2931
0.8809359073638916,2930
0.881505012512207,2929
0.8833749294281006,2928
0.8850619792938232,2927
0.8854939937591553,2926
0.8897919654846191,2925
0.8904929161071777,2924
0.8905360698699951,2923
0.8910129070281982,2922
0.8926689624786377,2921
0.8990910053253174,2920
0.9035711288452148,2919
0.9088749885559082,2918
0.9095981121063232,2917
0.9100430011749268,2916
0.9102480411529541,2915
0.910768985748291,2914
0.9141678810119629,2913
0.9153931140899658,2912
0.9172990322113037,2911
0.9175450801849365,2910
0.9175639152526855,2909
0.9191489219665527,2908
0.9212172031402588,2907
0.9217801094055176,2906
0.921989917755127,2905
0.9220659732818604,2904
0.9223959445953369,2903
0.923321008682251,2902
0.9235107898712158,2901
0.9235539436340332,2900
0.9239649772644043,2899
0.9240658283233643,2898
0.9240868091583252,2897
0.9248039722442627,2896
0.9252409934997559,2895
0.9269640445709229,2894
0.9284818172454834,2893
0.9306299686431885,2892
0.9308760166168213,2891
0.9315600395202637,2890
0.931588888168335,2889
0.9345088005065918,2888
0.9363589286804199,2887
0.9381101131439209,2886
0.9386200904846191,2885
0.9396989345550537,2884
0.9425218105316162,2883
0.944443941116333,2882
0.9463160037994385,2881
0.9488248825073242,2880
0.9488790035247803,2879
0.9518940448760986,2878
0.9528768062591553,2877
0.9560489654541016,2876
0.9567041397094727,2875
0.9583680629730225,2874
0.9596359729766846,2873
0.9607272148132324,2872
0.9614009857177734,2871
0.961449146270752,2870
0.9616999626159668,2869
0.9645729064941406,2868
0.9666109085083008,2867
0.967379093170166,2866
0.9677619934082031,2865
0.9699630737304688,2864
0.9711019992828369,2863
0.9717960357666016,2862
0.9718098640441895,2861
0.9733200073242188,2860
0.9740428924560547,2859
0.9780030250549316,2858
0.9780738353729248,2857
0.9806978702545166,2856
0.9832310676574707,2855
0.9867899417877197,2854
0.9896588325500488,2853
0.9900498390197754,2852
0.990095853805542,2851
0.9901630878448486,2850
0.9902019500732422,2849
0.9910159111022949,2848
0.9910590648651123,2847
0.9918689727783203,2846
0.9948110580444336,2845
0.9953670501708984,2844
0.9977219104766846,2843
0.9991629123687744,2842
1.0000348091125488,2841
1.001054048538208,2840
1.0028419494628906,2839
1.003859043121338,2838
1.0065789222717285,2837
1.006654977798462,2836
1.0083019733428955,2835
1.0110080242156982,2834
1.011579990386963,2833
1.0143330097198486,2832
1.0145728588104248,2831
1.015186071395874,2830
1.0161848068237305,2829
1.0178520679473877,2828
1.0179569721221924,2827
1.0235049724578857,2826
1.0238490104675293,2825
1.0308330059051514,2824
1.032418966293335,2823
1.033210039138794,2822
1.0332880020141602,2821
1.0333809852600098,2820
1.0349760055541992,2819
1.0372679233551025,2818
1.0391318798065186,2817
1.0403978824615479,2816
1.0405778884887695,2815
1.0406479835510254,2814
1.0406649112701416,2813
1.0449161529541016,2812
1.0469400882720947,2811
1.0520861148834229,2810
1.052109956741333,2809
1.0568480491638184,2808
1.058039903640747,2807
1.058077096939087,2806
1.0582969188690186,2805
1.0589299201965332,2804
1.060563087463379,2803
1.0653159618377686,2802
1.0697181224822998,2801
1.0698120594024658,2800
1.0698809623718262,2799
1.070659875869751,2798
1.0707390308380127,2797
1.0764319896697998,2796
1.0778539180755615,2795
1.0848019123077393,2794
1.0877799987792969,2793
1.0891950130462646,2792
1.0957441329956055,2791
1.1049869060516357,2790
1.1052770614624023,2789
1.1098577976226807,2788
1.1110520362854004,2787
1.1142659187316895,2786
1.116157054901123,2785
1.1165168285369873,2784
1.116934061050415,2783
1.1202478408813477,2782
1.1202881336212158,2781
1.1211509704589844,2780
1.1218969821929932,2779
1.1223819255828857,2778
1.1250708103179932,2777
1.1266770362854004,2776
1.1278049945831299,2775
1.1316828727722168,2774
1.136246919631958,2773
1.1375839710235596,2772
1.1405231952667236,2771
1.1411640644073486,2770
1.1426630020141602,2769
1.144087791442871,2768
1.1507070064544678,2767
1.1523468494415283,2766
1.1546268463134766,2765
1.156022071838379,2764
1.1563520431518555,2763
1.1571431159973145,2762
1.158492088317871,2761
1.159379005432129,2760
1.1634509563446045,2759
1.1698329448699951,2758
1.1755900382995605,2757
1.1758389472961426,2756
1.176548957824707,2755
1.1766338348388672,2754
1.1782219409942627,2753
1.1783549785614014,2752
1.1792700290679932,2751
1.1805899143218994,2750
1.1806559562683105,2749
1.1806941032409668,2748
1.1807479858398438,2747
1.183332920074463,2746
1.1835100650787354,2745
1.1835711002349854,2744
1.1849009990692139,2743
1.189478874206543,2742
1.1912920475006104,2741
1.191309928894043,2740
1.191511869430542,2739
1.1921889781951904,2738
1.1941730976104736,2737
1.1947579383850098,2736
1.195267915725708,2735
1.1953308582305908,2734
1.1960930824279785,2733
1.198434829711914,2732
1.198503017425537,2731
1.1987509727478027,2730
1.1992199420928955,2729
1.202970027923584,2728
1.204010009765625,2727
1.2040719985961914,2726
1.2112209796905518,2725
1.2112839221954346,2724
1.2134830951690674,2723
1.2160148620605469,2722
1.217961072921753,2721
1.2192180156707764,2720
1.2203688621520996,2719
1.2236580848693848,2718
1.229400873184204,2717
1.230855941772461,2716
1.2362818717956543,2715
1.2424709796905518,2714
1.2440531253814697,2713
1.2464559078216553,2712
1.2465128898620605,2711
1.2477619647979736,2710
1.2483007907867432,2709
1.251682996749878,2708
1.2525088787078857,2707
1.2545700073242188,2706
1.2548370361328125,2705
1.2566208839416504,2704
1.2600440979003906,2703
1.2609648704528809,2702
1.2618157863616943,2701
1.2618489265441895,2700
1.2622649669647217,2699
1.2625799179077148,2698
1.26652193069458,2697
1.266556978225708,2696
1.2684969902038574,2695
1.268531084060669,2694
1.2690989971160889,2693
1.2708079814910889,2692
1.270881175994873,2691
1.2783679962158203,2690
1.278717041015625,2689
1.2789850234985352,2688
1.2816338539123535,2687
1.2887377738952637,2686
1.2894809246063232,2685
1.294301986694336,2684
1.2982161045074463,2683
1.2986009120941162,2682
1.3011138439178467,2681
1.3045198917388916,2680
1.3073070049285889,2679
1.310478925704956,2678
1.3122608661651611,2677
1.3145208358764648,2676
1.316370964050293,2675
1.3189599514007568,2674
1.3209619522094727,2673
1.3294129371643066,2672
1.3296380043029785,2671
1.3304460048675537,2670
1.3312280178070068,2669
1.3314697742462158,2668
1.3328609466552734,2667
1.3329041004180908,2666
1.3347349166870117,2665
1.337601900100708,2664
1.33762788772583,2663
1.3386688232421875,2662
1.3402769565582275,2661
1.3403499126434326,2660
1.3441429138183594,2659
1.3470139503479004,2658
1.3502888679504395,2657
1.350348949432373,2656
1.3503758907318115,2655
1.3528878688812256,2654
1.35361909866333,2653
1.356882095336914,2652
1.3586578369140625,2651
1.367257833480835,2650
1.3725969791412354,2649
1.372663974761963,2648
1.3736679553985596,2647
1.3752667903900146,2646
1.3779537677764893,2645
1.3780310153961182,2644
1.3798418045043945,2643
1.3810479640960693,2642
1.3845138549804688,2641
1.3864238262176514,2640
1.394644021987915,2639
1.3968520164489746,2638
1.4014930725097656,2637
1.4061949253082275,2636
1.4065370559692383,2635
1.4127907752990723,2634
1.415781021118164,2633
1.416208028793335,2632
1.4181959629058838,2631
1.4203169345855713,2630
1.4211819171905518,2629
1.4221761226654053,2628
1.4238629341125488,2627
1.4239470958709717,2626
1.425673007965088,2625
1.4260718822479248,2624
1.4270930290222168,2623
1.4294219017028809,2622
1.4311659336090088,2621
1.4320011138916016,2620
1.4321739673614502,2619
1.4323809146881104,2618
1.4342081546783447,2617
1.4381210803985596,2616
1.4420571327209473,2615
1.4456820487976074,2614
1.4486207962036133,2613
1.451474905014038,2612
1.4522531032562256,2611
1.4523839950561523,2610
1.4547150135040283,2609
1.454927921295166,2608
1.455683946609497,2607
1.4573829174041748,2606
1.4637048244476318,2605
1.4656579494476318,2604
1.4660601615905762,2603
1.466123104095459,2602
1.466181993484497,2601
1.4709949493408203,2600
1.471785068511963,2599
1.4757320880889893,2598
1.4768011569976807,2597
1.4779789447784424,2596
1.4782109260559082,2595
1.479139804840088,2594
1.4802939891815186,2593
1.4892079830169678,2592
1.489577054977417,2591
1.4896249771118164,2590
1.4963710308074951,2589
1.4995558261871338,2588
1.5007469654083252,2587
1.501457929611206,2586
1.5060789585113525,2585
1.5093798637390137,2584
1.5107700824737549,2583
1.515420913696289,2582
1.5161099433898926,2581
1.5185837745666504,2580
1.526710033416748,2579
1.5323269367218018,2578
1.5413258075714111,2577
1.5465989112854004,2576
1.5474047660827637,2575
1.548124074935913,2574
1.5482189655303955,2573
1.5522119998931885,2572
1.5559608936309814,2571
1.5576550960540771,2570
1.565302848815918,2569
1.566359043121338,2568
1.5676259994506836,2567
1.568176031112671,2566
1.570678949356079,2565
1.5739479064941406,2564
1.5812289714813232,2563
1.5854160785675049,2562
1.5863189697265625,2561
1.5870459079742432,2560
1.5888500213623047,2559
1.5910439491271973,2558
1.5959041118621826,2557
1.5967609882354736,2556
1.6015329360961914,2555
1.6016011238098145,2554
1.604327917098999,2553
1.60434889793396,2552
1.6049230098724365,2551
1.6174368858337402,2550
1.6207189559936523,2549
1.6207749843597412,2548
1.6220099925994873,2547
1.6278648376464844,2546
1.6341760158538818,2545
1.6454639434814453,2544
1.646177053451538,2543
1.6462271213531494,2542
1.6547951698303223,2541
1.6564140319824219,2540
1.656897783279419,2539
1.661034107208252,2538
1.6631660461425781,2537
1.665113925933838,2536
1.665644884109497,2535
1.6660079956054688,2534
1.6671781539916992,2533
1.6680049896240234,2532
1.6764779090881348,2531
1.676543951034546,2530
1.6825249195098877,2529
1.6843359470367432,2528
1.6863739490509033,2527
1.687690019607544,2526
1.690507173538208,2525
1.6905479431152344,2524
1.6913199424743652,2523
1.6924450397491455,2522
1.6941099166870117,2521
1.6957929134368896,2520
1.7029728889465332,2519
1.7037670612335205,2518
1.7098948955535889,2517
1.7123510837554932,2516
1.7143168449401855,2515
1.7236287593841553,2514
1.7249879837036133,2513
1.726454734802246,2512
1.731501817703247,2511
1.73170804977417,2510
1.7415080070495605,2509
1.7454521656036377,2508
1.7491800785064697,2507
1.75148606300354,2506
1.75569486618042,2505
1.7566289901733398,2504
1.760133981704712,2503
1.7683939933776855,2502
1.7702281475067139,2501
1.775256872177124,2500
1.776059865951538,2499
1.7764968872070312,2498
1.7785160541534424,2497
1.7796099185943604,2496
1.7923719882965088,2495
1.7933130264282227,2494
1.7938120365142822,2493
1.7980968952178955,2492
1.8027007579803467,2491
1.805729866027832,2490
1.8073790073394775,2489
1.8104767799377441,2488
1.811589002609253,2487
1.8167619705200195,2486
1.8171210289001465,2485
1.8171401023864746,2484
1.8211448192596436,2483
1.8236050605773926,2482
1.834717035293579,2481
1.8375780582427979,2480
1.8402109146118164,2479
1.8465089797973633,2478
1.848433017730713,2477
1.848680019378662,2476
1.8635568618774414,2475
1.8640668392181396,2474
1.8769938945770264,2473
1.8776359558105469,2472
1.8863639831542969,2471
1.896327018737793,2470
1.9262280464172363,2469
1.926727056503296,2468
1.9267849922180176,2467
1.9282419681549072,2466
1.9295320510864258,2465
1.9297349452972412,2464
1.9303770065307617,2463
1.9347028732299805,2462
1.9356880187988281,2461
1.9391438961029053,2460
1.9409968852996826,2459
1.942774772644043,2458
1.9462239742279053,2457
1.9480290412902832,2456
1.9489989280700684,2455
1.9515810012817383,2454
1.9563841819763184,2453
1.9715311527252197,2452
1.9831140041351318,2451
1.9936599731445312,2450
1.9944348335266113,2449
1.9959900379180908,2448
2.002484083175659,2447
2.0051028728485107,2446
2.0110790729522705,2445
2.0141489505767822,2444
2.0167360305786133,2443
2.0190417766571045,2442
2.027358055114746,2441
2.04600191116333,2440
2.0463690757751465,2439
2.0581889152526855,2438
2.0584070682525635,2437
2.0621049404144287,2436
2.064129114151001,2435
2.070725917816162,2434
2.070977210998535,2433
2.076704978942871,2432
2.0856761932373047,2431
2.091500759124756,2430
2.095414161682129,2429
2.098500967025757,2428
2.1025660037994385,2427
2.1070990562438965,2426
2.1075050830841064,2425
2.111661911010742,2424
2.1165688037872314,2423
2.1166200637817383,2422
2.1316959857940674,2421
2.13804292678833,2420
2.140481948852539,2419
2.146312952041626,2418
2.148620843887329,2417
2.1499857902526855,2416
2.152195930480957,2415
2.162019968032837,2414
2.162660837173462,2413
2.1684179306030273,2412
2.1686418056488037,2411
2.1782758235931396,2410
2.1843888759613037,2409
2.1857759952545166,2408
2.1873648166656494,2407
2.194365978240967,2406
2.194809913635254,2405
2.1981420516967773,2404
2.2049968242645264,2403
2.2096610069274902,2402
2.218981981277466,2401
2.219714879989624,2400
2.2219059467315674,2399
2.247615098953247,2398
2.249439001083374,2397
2.2563369274139404,2396
2.2640650272369385,2395
2.2698519229888916,2394
2.274042844772339,2393
2.2762551307678223,2392
2.289219856262207,2391
2.296565055847168,2390
2.2966148853302,2389
2.303853988647461,2388
2.3088409900665283,2387
2.315777063369751,2386
2.333763837814331,2385
2.3524601459503174,2384
2.3553860187530518,2383
2.3824357986450195,2382
2.382643938064575,2381
2.382676124572754,2380
2.383589029312134,2379
2.386934757232666,2378
2.406398057937622,2377
2.418753147125244,2376
2.4409689903259277,2375
2.4410288333892822,2374
2.441481113433838,2373
2.4539170265197754,2372
2.4599740505218506,2371
2.4797229766845703,2370
2.4953501224517822,2369
2.5150179862976074,2368
2.5425381660461426,2367
2.5451338291168213,2366
2.5481789112091064,2365
2.5577821731567383,2364
2.5591068267822266,2363
2.5680179595947266,2362
2.569643020629883,2361
2.575254201889038,2360
2.5940070152282715,2359
2.602612018585205,2358
2.6087229251861572,2357
2.610460042953491,2356
2.6197268962860107,2355
2.632183790206909,2354
2.6496570110321045,2353
2.656834840774536,2352
2.659681797027588,2351
2.6610569953918457,2350
2.6618599891662598,2349
2.6756389141082764,2348
2.679025888442993,2347
2.68308687210083,2346
2.697601795196533,2345
2.7013468742370605,2344
2.7263870239257812,2343
2.74176287651062,2342
2.7469899654388428,2341
2.7514209747314453,2340
2.767489194869995,2339
2.7786078453063965,2338
2.791840076446533,2337
2.841517925262451,2336
2.8470349311828613,2335
2.8590590953826904,2334
2.8637540340423584,2333
2.873602867126465,2332
2.879024028778076,2331
2.891606092453003,2330
2.897028923034668,2329
2.8993618488311768,2328
2.906116008758545,2327
2.9198968410491943,2326
2.9207520484924316,2325
2.9393820762634277,2324
2.955779790878296,2323
2.957056999206543,2322
2.9654548168182373,2321
2.974045991897583,2320
2.979574203491211,2319
3.0089080333709717,2318
3.0247409343719482,2317
3.039452075958252,2316
3.047698974609375,2315
3.099104166030884,2314
3.1176259517669678,2313
3.1248579025268555,2312
3.1313328742980957,2311
3.1381399631500244,2310
3.1454429626464844,2309
3.1633141040802,2308
3.1707470417022705,2307
3.200528860092163,2306
3.2016170024871826,2305
3.2353858947753906,2304
3.235872983932495,2303
3.2497711181640625,2302
3.2793259620666504,2301
3.2879598140716553,2300
3.333786964416504,2299
3.346097946166992,2298
3.3879199028015137,2297
3.4004690647125244,2296
3.4006400108337402,2295
3.40366792678833,2294
3.4247608184814453,2293
3.4564287662506104,2292
3.4862098693847656,2291
3.5250298976898193,2290
3.538048028945923,2289
3.540065050125122,2288
3.540526866912842,2287
3.6117169857025146,2286
3.6518359184265137,2285
3.687304973602295,2284
3.7226572036743164,2283
3.763154983520508,2282
3.776503801345825,2281
3.7901229858398438,2280
3.8007519245147705,2279
3.8133351802825928,2278
3.841555118560791,2277
3.846013069152832,2276
3.9514200687408447,2275
3.974832057952881,2274
4.025270938873291,2273
4.091048002243042,2272
4.101974010467529,2271
4.124009132385254,2270
4.135185956954956,2269
4.1633219718933105,2268
4.1633617877960205,2267
4.170164108276367,2266
4.177955865859985,2265
4.202680826187134,2264
4.213699817657471,2263
4.214964151382446,2262
4.289014101028442,2261
4.29700493812561,2260
4.347294092178345,2259
4.570035934448242,2258
4.7155678272247314,2257
4.81962513923645,2256
4.8339269161224365,2255
4.870239019393921,2254
4.885322093963623,2253
5.0068418979644775,2252
5.051576852798462,2251
5.083539009094238,2250
5.173682928085327,2249
5.319591999053955,2248
5.463575839996338,2247
5.552849054336548,2246
5.645666837692261,2245
5.701910018920898,2244
5.721631050109863,2243
5.724616050720215,2242
5.8335349559783936,2241
5.839337110519409,2240
5.842105865478516,2239
6.111227989196777,2238
6.317674160003662,2237
6.4968421459198,2236
6.705801010131836,2235
6.744210958480835,2234
6.810302972793579,2233
6.828826904296875,2232
7.009249925613403,2231
7.041278123855591,2230
7.0920867919921875,2229
7.10343599319458,2228
8.48492980003357,2227
8.59589409828186,2226
8.811382055282593,2225
8.846817970275879,2224
8.986629009246826,2223
9.309983968734741,2222
9.733059883117676,2221
10.129626989364624,2220
10.512140035629272,2219
10.92067003250122,2218
11.347158193588257,2217
13.065102815628052,2216
13.149797916412354,2215
13.204355955123901,2214
13.302168846130371,2213
15.00735092163086,2212
17.64271593093872,2211
18.329733848571777,2210
19.400190114974976,2209
33.25374698638916,2208
37.06729507446289,2207
53.88472294807434,2206
149.355703830719,2205
328.1994819641113,2204
596.4176559448242,2203
