0.0,4941
0.01,4940
0.02,4938
0.03,4936
0.04,4935
0.05,4933
0.06,4930
0.07,4929
0.08,4927
0.09,4924
0.1,4923
0.11,4921
0.12,4919
0.13,4917
0.14,4916
0.15,4914
0.16,4912
0.17,4910
0.18,4908
0.19,4907
0.2,4906
0.21,4904
0.22,4903
0.23,4900
0.24,4899
0.25,4897
0.26,4894
0.27,4893
0.28,4891
0.29,4889
0.3,4888
0.31,4887
0.32,4886
0.33,4885
0.34,4884
0.35,4883
0.36,4882
0.37,4881
0.38,4880
0.39,4879
0.4,4878
0.41,4877
0.42,4876
0.44,4875
0.45,4874
0.46,4873
0.48,4872
0.49,4871
0.5,4870
0.51,4869
0.52,4868
0.53,4867
0.54,4865
0.55,4864
0.56,4863
0.57,4862
0.58,4861
0.59,4859
0.6,4857
0.61,4855
0.62,4854
0.63,4852
0.64,4850
0.65,4848
0.66,4847
0.67,4845
0.68,4843
0.69,4842
0.7,4840
0.71,4838
0.72,4835
0.73,4833
0.74,4831
0.75,4830
0.76,4829
0.77,4827
0.78,4826
0.79,4825
0.8,4823
0.81,4821
0.82,4819
0.83,4818
0.84,4815
0.85,4813
0.86,4811
0.87,4809
0.88,4808
0.89,4806
0.9,4803
0.91,4802
0.92,4800
0.93,4798
0.94,4797
0.95,4795
0.96,4794
0.97,4792
0.98,4791
0.99,4789
1.0,4787
1.01,4786
1.02,4784
1.03,4782
1.04,4780
1.05,4778
1.06,4776
1.07,4774
1.08,4772
1.09,4771
1.1,4769
1.11,4768
1.12,4766
1.13,4764
1.14,4762
1.15,4761
1.16,4759
1.17,4757
1.18,4756
1.19,4754
1.2,4753
1.21,4751
1.22,4749
1.23,4747
1.24,4746
1.25,4744
1.26,4743
1.27,4741
1.28,4740
1.29,4739
1.3,4738
1.31,4736
1.32,4734
1.33,4732
1.34,4731
1.35,4729
1.36,4728
1.37,4727
1.38,4725
1.39,4724
1.4,4722
1.41,4720
1.42,4718
1.43,4716
1.44,4714
1.45,4712
1.46,4710
1.47,4709
1.48,4707
1.49,4705
1.5,4704
1.51,4702
1.52,4700
1.53,4698
1.54,4697
1.55,4695
1.56,4694
1.57,4692
1.58,4691
1.59,4689
1.61,4688
1.62,4686
1.63,4684
1.64,4682
1.65,4679
1.66,4677
1.67,4675
1.68,4673
1.69,4671
1.7,4669
1.71,4667
1.72,4664
1.73,4662
1.74,4659
1.75,4656
1.76,4654
1.77,4653
1.78,4651
1.79,4649
1.8,4647
1.81,4645
1.82,4643
1.83,4640
1.84,4639
1.85,4637
1.86,4635
1.87,4632
1.88,4630
1.89,4628
1.9,4626
1.91,4624
1.92,4621
1.93,4619
1.94,4617
1.95,4615
1.96,4613
1.97,4611
1.98,4609
1.99,4607
2.0,4605
2.01,4603
2.02,4600
2.03,4598
2.04,4596
2.05,4594
2.06,4592
2.07,4590
2.08,4589
2.09,4587
2.1,4585
2.11,4582
2.12,4580
2.13,4578
2.14,4576
2.15,4574
2.16,4572
2.17,4570
2.18,4567
2.19,4565
2.2,4564
2.21,4562
2.22,4561
2.23,4559
2.24,4558
2.25,4556
2.26,4553
2.27,4551
2.28,4550
2.29,4549
2.3,4547
2.31,4546
2.32,4544
2.33,4542
2.34,4540
2.35,4539
2.36,4538
2.37,4537
2.38,4536
2.39,4535
2.4,4534
2.41,4533
2.42,4532
2.43,4531
2.45,4529
2.46,4528
2.47,4526
2.48,4525
2.49,4523
2.5,4522
2.51,4520
2.52,4518
2.53,4516
2.54,4514
2.55,4512
2.56,4509
2.57,4507
2.58,4505
2.59,4503
2.6,4500
2.61,4498
2.62,4497
2.63,4494
2.64,4492
2.65,4490
2.66,4488
2.67,4486
2.68,4484
2.69,4482
2.7,4480
2.71,4477
2.72,4475
2.73,4473
2.74,4471
2.75,4469
2.76,4466
2.77,4464
2.78,4463
2.79,4461
2.8,4459
2.81,4458
2.82,4456
2.84,4455
2.85,4454
2.86,4453
2.87,4452
2.88,4451
2.89,4450
2.9,4448
2.91,4446
2.92,4445
2.94,4443
2.95,4441
2.96,4440
2.97,4438
2.98,4436
2.99,4434
3.0,4432
3.01,4431
3.02,4429
3.03,4427
3.04,4426
3.05,4424
3.06,4423
3.07,4422
3.08,4421
3.09,4420
3.1,4418
3.11,4417
3.12,4414
3.13,4413
3.14,4410
3.15,4407
3.16,4405
3.17,4403
3.18,4401
3.19,4398
3.2,4396
3.21,4393
3.22,4390
3.23,4387
3.24,4385
3.25,4382
3.26,4379
3.27,4376
3.28,4374
3.29,4371
3.3,4368
3.31,4366
3.32,4364
3.33,4362
3.34,4360
3.35,4357
3.36,4355
3.37,4352
3.38,4350
3.39,4347
3.4,4345
3.41,4342
3.42,4339
3.43,4337
3.44,4334
3.45,4331
3.46,4329
3.47,4326
3.48,4323
3.49,4321
3.5,4319
3.51,4316
3.52,4314
3.53,4312
3.54,4311
3.55,4308
3.56,4305
3.57,4303
3.58,4300
3.59,4297
3.6,4295
3.61,4293
3.62,4290
3.63,4288
3.64,4285
3.65,4283
3.66,4282
3.67,4280
3.68,4277
3.69,4274
3.7,4272
3.71,4269
3.72,4268
3.73,4266
3.74,4263
3.75,4260
3.76,4258
3.77,4255
3.78,4253
3.79,4251
3.8,4248
3.81,4245
3.82,4243
3.83,4241
3.84,4238
3.85,4235
3.86,4233
3.87,4231
3.88,4229
3.89,4226
3.9,4224
3.91,4221
3.92,4218
3.93,4216
3.94,4214
3.95,4212
3.96,4210
3.97,4208
3.98,4206
3.99,4204
4.0,4202
4.01,4201
4.02,4198
4.03,4196
4.04,4193
4.05,4190
4.06,4188
4.07,4186
4.08,4184
4.09,4181
4.1,4179
4.11,4176
4.12,4174
4.13,4172
4.14,4170
4.15,4169
4.16,4167
4.17,4165
4.18,4162
4.19,4159
4.2,4157
4.21,4154
4.22,4151
4.23,4148
4.24,4146
4.25,4144
4.26,4142
4.27,4140
4.28,4137
4.29,4135
4.3,4133
4.31,4130
4.32,4127
4.33,4124
4.34,4122
4.35,4120
4.36,4118
4.37,4117
4.38,4115
4.39,4113
4.4,4110
4.41,4108
4.42,4105
4.43,4102
4.44,4099
4.45,4097
4.46,4095
4.47,4093
4.48,4091
4.49,4089
4.5,4086
4.51,4084
4.52,4082
4.53,4080
4.54,4078
4.55,4076
4.56,4074
4.57,4072
4.58,4070
4.59,4068
4.6,4066
4.61,4065
4.62,4062
4.63,4059
4.64,4057
4.65,4054
4.66,4052
4.67,4050
4.68,4048
4.69,4045
4.7,4043
4.71,4041
4.72,4039
4.73,4037
4.74,4035
4.75,4033
4.76,4031
4.77,4028
4.78,4026
4.79,4023
4.8,4020
4.81,4017
4.82,4015
4.83,4013
4.84,4010
4.85,4007
4.86,4005
4.87,4003
4.88,4001
4.89,3999
4.9,3996
4.91,3993
4.92,3990
4.93,3988
4.94,3985
4.95,3983
4.96,3980
4.97,3977
4.98,3975
4.99,3972
5.0,3969
5.01,3966
5.02,3964
5.03,3961
5.04,3958
5.05,3956
5.06,3954
5.07,3952
5.08,3950
5.09,3947
5.1,3944
5.11,3942
5.12,3940
5.13,3937
5.14,3934
5.15,3932
5.16,3930
5.17,3929
5.18,3926
5.19,3925
5.2,3923
5.21,3920
5.22,3917
5.23,3914
5.24,3911
5.25,3909
5.26,3907
5.27,3905
5.28,3903
5.29,3901
5.3,3899
5.31,3897
5.32,3894
5.33,3892
5.34,3890
5.35,3888
5.36,3886
5.37,3883
5.38,3881
5.39,3879
5.4,3876
5.41,3874
5.42,3872
5.43,3870
5.44,3868
5.45,3866
5.46,3864
5.47,3861
5.48,3859
5.49,3857
5.5,3854
5.51,3851
5.52,3848
5.53,3845
5.54,3842
5.55,3839
5.56,3837
5.57,3834
5.58,3831
5.59,3828
5.6,3826
5.61,3823
5.62,3821
5.63,3819
5.64,3817
5.65,3814
5.66,3812
5.67,3809
5.68,3806
5.69,3803
5.7,3800
5.71,3798
5.72,3795
5.73,3792
5.74,3790
5.75,3788
5.76,3786
5.77,3784
5.78,3782
5.79,3780
5.8,3778
5.81,3776
5.82,3774
5.83,3772
5.84,3769
5.85,3767
5.86,3764
5.87,3762
5.88,3760
5.89,3757
5.9,3754
5.91,3751
5.92,3748
5.93,3746
5.94,3743
5.95,3740
5.96,3737
5.97,3735
5.98,3733
5.99,3731
6.0,3728
6.01,3725
6.02,3722
6.03,3721
6.04,3719
6.05,3717
6.06,3715
6.07,3714
6.08,3712
6.09,3709
6.1,3707
6.11,3705
6.12,3703
6.13,3700
6.14,3697
6.15,3694
6.16,3692
6.17,3690
6.18,3688
6.19,3685
6.2,3682
6.21,3681
6.22,3678
6.23,3675
6.24,3672
6.25,3669
6.26,3667
6.27,3664
6.28,3662
6.29,3660
6.3,3658
6.31,3657
6.32,3655
6.33,3652
6.34,3650
6.35,3648
6.36,3646
6.37,3645
6.38,3643
6.39,3640
6.4,3638
6.41,3635
6.42,3633
6.43,3631
6.44,3629
6.45,3628
6.46,3626
6.47,3623
6.48,3621
6.49,3619
6.5,3617
6.51,3615
6.52,3613
6.53,3611
6.54,3609
6.55,3608
6.56,3605
6.57,3603
6.58,3601
6.59,3599
6.6,3597
6.61,3594
6.62,3591
6.63,3588
6.64,3586
6.65,3584
6.66,3582
6.67,3580
6.68,3578
6.69,3577
6.7,3576
6.71,3575
6.72,3573
6.73,3570
6.74,3568
6.75,3566
6.76,3565
6.77,3562
6.78,3560
6.79,3558
6.8,3556
6.81,3553
6.82,3551
6.83,3548
6.84,3546
6.85,3543
6.86,3541
6.87,3540
6.88,3538
6.89,3537
6.9,3534
6.91,3533
6.92,3531
6.93,3529
6.94,3527
6.95,3525
6.96,3522
6.97,3519
6.98,3517
6.99,3516
7.0,3514
7.01,3511
7.02,3508
7.03,3506
7.04,3504
7.05,3502
7.06,3500
7.07,3498
7.08,3496
7.09,3493
7.1,3491
7.11,3489
7.12,3487
7.13,3485
7.14,3484
7.15,3482
7.16,3479
7.17,3477
7.18,3474
7.19,3472
7.2,3470
7.21,3468
7.22,3465
7.23,3462
7.24,3460
7.25,3459
7.26,3457
7.27,3455
7.28,3454
7.29,3452
7.3,3451
7.31,3449
7.32,3448
7.33,3446
7.34,3443
7.35,3442
7.36,3440
7.37,3438
7.38,3436
7.39,3434
7.4,3433
7.41,3431
7.42,3428
7.43,3426
7.44,3423
7.45,3422
7.46,3420
7.47,3418
7.48,3416
7.49,3414
7.5,3412
7.51,3410
7.52,3408
7.53,3407
7.54,3405
7.55,3403
7.56,3402
7.57,3400
7.58,3399
7.59,3396
7.6,3394
7.61,3392
7.62,3389
7.63,3387
7.64,3384
7.65,3382
7.66,3380
7.67,3379
7.68,3377
7.69,3375
7.7,3372
7.71,3370
7.72,3369
7.73,3367
7.74,3366
7.75,3364
7.76,3362
7.77,3362
7.78,3361
7.79,3360
7.8,3359
7.81,3358
7.82,3357
7.83,3357
7.84,3356
7.85,3354
7.87,3352
7.88,3350
7.89,3349
7.9,3348
7.91,3346
7.92,3343
7.93,3341
7.94,3339
7.95,3336
7.96,3335
7.97,3333
7.98,3330
7.99,3327
8.0,3326
8.01,3323
8.02,3320
8.03,3319
8.04,3317
8.05,3315
8.06,3312
8.07,3310
8.08,3308
8.09,3306
8.1,3305
8.11,3302
8.12,3300
8.13,3298
8.14,3296
8.15,3293
8.16,3291
8.17,3290
8.18,3288
8.19,3286
8.2,3283
8.21,3281
8.22,3280
8.23,3278
8.24,3275
8.25,3272
8.26,3270
8.27,3268
8.28,3265
8.29,3262
8.3,3260
8.31,3259
8.32,3257
8.33,3255
8.34,3252
8.35,3250
8.36,3249
8.37,3247
8.38,3245
8.39,3243
8.4,3241
8.41,3238
8.42,3236
8.43,3233
8.44,3230
8.45,3228
8.46,3226
8.47,3225
8.48,3223
8.49,3221
8.5,3220
8.51,3218
8.52,3215
8.53,3213
8.54,3210
8.55,3209
8.56,3207
8.57,3205
8.58,3203
8.59,3202
8.6,3200
8.61,3198
8.62,3196
8.63,3194
8.64,3193
8.65,3191
8.66,3190
8.67,3189
8.68,3186
8.69,3184
8.7,3182
8.71,3179
8.72,3176
8.73,3175
8.74,3173
8.75,3170
8.76,3168
8.77,3166
8.78,3164
8.79,3161
8.8,3159
8.81,3157
8.82,3154
8.83,3153
8.84,3152
8.85,3149
8.86,3148
8.87,3146
8.88,3145
8.89,3145
8.9,3142
8.91,3139
8.92,3138
8.93,3137
8.94,3135
8.95,3132
8.96,3130
8.97,3127
8.98,3124
8.99,3122
9.0,3120
9.01,3118
9.02,3116
9.03,3114
9.04,3113
9.05,3111
9.06,3109
9.07,3108
9.08,3106
9.09,3104
9.1,3102
9.11,3100
9.12,3098
9.13,3095
9.14,3093
9.15,3091
9.16,3089
9.17,3087
9.18,3086
9.19,3084
9.2,3082
9.21,3080
9.22,3078
9.23,3076
9.24,3073
9.25,3070
9.26,3068
9.27,3067
9.28,3064
9.29,3063
9.3,3062
9.31,3060
9.32,3058
9.33,3055
9.34,3053
9.35,3051
9.36,3049
9.37,3046
9.38,3044
9.39,3043
9.4,3042
9.41,3039
9.42,3037
9.43,3034
9.44,3032
9.45,3029
9.46,3028
9.47,3026
9.48,3024
9.49,3022
9.5,3021
9.51,3020
9.52,3018
9.53,3016
9.54,3014
9.55,3011
9.56,3009
9.57,3006
9.58,3005
9.59,3002
9.6,2999
9.61,2997
9.62,2996
9.63,2995
9.64,2993
9.65,2992
9.66,2990
9.67,2988
9.68,2985
9.69,2983
9.7,2982
9.71,2981
9.72,2978
9.73,2976
9.74,2975
9.75,2974
9.76,2973
9.77,2971
9.78,2968
9.79,2966
9.8,2964
9.81,2961
9.82,2959
9.83,2957
9.84,2954
9.85,2952
9.86,2950
9.87,2950
9.88,2949
9.89,2947
9.9,2945
9.91,2942
9.92,2940
9.93,2940
9.94,2937
9.95,2936
9.96,2935
9.97,2934
9.98,2932
9.99,2930
10.0,2928
10.01,2926
10.02,2924
10.03,2921
10.04,2920
10.05,2918
10.06,2916
10.07,2915
10.08,2913
10.09,2911
10.1,2910
10.11,2908
10.12,2906
10.13,2905
10.14,2903
10.15,2901
10.16,2900
10.17,2899
10.18,2898
10.19,2895
10.2,2894
10.21,2893
10.22,2892
10.23,2890
10.24,2888
10.25,2888
10.26,2886
10.27,2885
10.28,2883
10.29,2880
10.3,2878
10.31,2876
10.32,2873
10.33,2871
10.34,2869
10.35,2867
10.36,2866
10.37,2864
10.38,2862
10.39,2861
10.4,2859
10.41,2857
10.42,2854
10.43,2852
10.44,2850
10.45,2849
10.46,2847
10.47,2847
10.48,2846
10.49,2844
10.5,2843
10.51,2841
10.52,2838
10.53,2838
10.54,2836
10.55,2834
10.56,2832
10.57,2830
10.58,2828
10.59,2826
10.6,2824
10.61,2822
10.62,2820
10.63,2818
10.64,2816
10.65,2816
10.66,2814
10.67,2811
10.68,2809
10.69,2808
10.7,2807
10.71,2807
10.72,2804
10.73,2803
10.74,2801
10.75,2800
10.76,2798
10.77,2797
10.78,2795
10.79,2792
10.8,2790
10.81,2789
10.82,2787
10.83,2785
10.84,2782
10.85,2780
10.86,2779
10.87,2778
10.88,2776
10.89,2775
10.9,2773
10.91,2770
10.92,2770
10.93,2768
10.94,2767
10.95,2766
10.96,2764
10.97,2762
10.98,2760
10.99,2758
11.0,2755
11.01,2754
11.02,2752
11.03,2750
11.04,2749
11.05,2748
11.06,2747
11.07,2746
11.08,2744
11.09,2744
11.1,2741
11.11,2740
11.12,2737
11.13,2735
11.14,2733
11.15,2732
11.16,2730
11.17,2728
11.18,2727
11.19,2725
11.2,2724
11.21,2724
11.22,2723
11.23,2722
11.24,2720
11.25,2718
11.26,2716
11.27,2714
11.28,2712
11.29,2710
11.3,2710
11.31,2709
11.32,2708
11.33,2707
11.34,2705
11.35,2703
11.36,2701
11.37,2698
11.38,2697
11.39,2695
11.4,2693
11.41,2691
11.42,2689
11.43,2688
11.44,2686
11.45,2685
11.46,2683
11.47,2681
11.48,2680
11.49,2679
11.5,2677
11.51,2675
11.52,2674
11.53,2674
11.54,2672
11.55,2671
11.56,2668
11.57,2667
11.58,2665
11.59,2663
11.6,2662
11.61,2661
11.62,2659
11.63,2658
11.64,2656
11.65,2655
11.66,2653
11.67,2653
11.68,2652
11.69,2650
11.7,2648
11.71,2647
11.72,2646
11.73,2645
11.74,2644
11.75,2642
11.76,2640
11.77,2639
11.78,2637
11.79,2636
11.8,2633
11.81,2632
11.82,2631
11.83,2629
11.84,2629
11.85,2628
11.86,2627
11.87,2626
11.88,2625
11.89,2624
11.9,2622
11.91,2621
11.92,2620
11.93,2618
11.94,2618
11.95,2616
11.96,2614
11.97,2612
11.98,2610
11.99,2609
12.0,2608
12.01,2607
12.02,2606
12.03,2604
12.04,2604
12.05,2603
12.06,2602
12.07,2602
12.08,2600
12.09,2599
12.1,2598
12.11,2596
12.12,2595
12.13,2593
12.14,2593
12.15,2592
12.16,2590
12.17,2589
12.18,2589
12.19,2588
12.2,2587
12.21,2585
12.22,2584
12.23,2582
12.24,2582
12.25,2581
12.26,2580
12.27,2579
12.28,2578
12.29,2577
12.3,2576
12.31,2575
12.32,2574
12.33,2573
12.34,2570
12.35,2569
12.36,2568
12.37,2568
12.38,2567
12.39,2566
12.4,2565
12.41,2564
12.42,2562
12.43,2560
12.44,2559
12.45,2557
12.46,2556
12.47,2555
12.48,2554
12.49,2553
12.5,2552
12.51,2551
12.52,2550
12.53,2549
12.54,2548
12.55,2547
12.56,2545
12.57,2543
12.58,2541
12.59,2540
12.6,2538
12.61,2535
12.62,2534
12.63,2533
12.64,2532
12.65,2531
12.66,2529
12.67,2529
12.68,2528
12.69,2528
12.7,2527
12.71,2525
12.72,2524
12.73,2523
12.74,2522
12.75,2522
12.76,2520
12.77,2519
12.78,2517
12.79,2516
12.8,2515
12.81,2514
12.82,2513
12.83,2513
12.84,2511
12.85,2510
12.86,2509
12.87,2509
12.88,2507
12.89,2506
12.9,2504
12.91,2503
12.92,2502
12.93,2501
12.94,2500
12.95,2499
12.96,2499
12.97,2498
12.98,2497
12.99,2495
13.0,2493
13.01,2491
13.02,2490
13.03,2490
13.04,2489
13.05,2488
13.06,2487
13.07,2486
13.08,2485
13.09,2484
13.1,2484
13.11,2484
13.12,2483
13.13,2481
13.14,2480
13.15,2479
13.16,2479
13.17,2477
13.18,2476
13.19,2476
13.2,2475
13.21,2474
13.22,2474
13.23,2473
13.24,2472
13.25,2471
13.26,2470
13.27,2470
13.28,2470
13.29,2470
13.3,2469
13.31,2468
13.32,2468
13.33,2467
13.34,2467
13.35,2465
13.36,2464
13.37,2462
13.38,2460
13.39,2459
13.4,2459
13.41,2457
13.42,2456
13.43,2455
13.44,2455
13.45,2455
13.46,2455
13.47,2455
13.48,2455
13.49,2454
13.5,2453
13.51,2452
13.52,2452
13.53,2450
13.54,2448
13.55,2447
13.56,2446
13.57,2445
13.58,2443
13.59,2442
13.6,2439
13.61,2438
13.62,2437
13.63,2436
13.64,2436
13.65,2435
13.66,2434
13.67,2434
13.68,2434
13.69,2433
13.7,2432
13.71,2432
13.72,2430
13.73,2429
13.74,2428
13.75,2428
13.76,2427
13.77,2426
13.78,2426
13.79,2426
13.8,2426
13.81,2425
13.82,2424
13.83,2423
13.84,2422
13.85,2421
13.86,2421
13.87,2421
13.88,2420
13.89,2417
13.9,2415
13.91,2413
13.92,2412
13.93,2411
13.94,2411
13.95,2410
13.96,2409
13.97,2409
13.98,2407
13.99,2406
14.0,2405
14.01,2405
14.02,2403
14.03,2403
14.04,2402
14.05,2401
14.06,2400
14.07,2400
14.08,2400
14.09,2400
14.1,2400
14.11,2399
14.12,2399
14.13,2398
14.14,2396
14.15,2395
14.16,2394
14.17,2393
14.18,2392
14.19,2391
14.2,2389
14.21,2389
14.22,2389
14.23,2387
14.24,2387
14.25,2386
14.26,2386
14.27,2384
14.28,2383
14.29,2382
14.3,2381
14.31,2380
14.32,2379
14.33,2378
14.34,2377
14.35,2375
14.36,2375
14.37,2374
14.38,2372
14.39,2371
14.4,2370
14.41,2369
14.42,2368
14.43,2366
14.44,2365
14.45,2365
14.46,2365
14.47,2365
14.48,2364
14.49,2363
14.5,2362
14.51,2361
14.52,2359
14.53,2358
14.54,2358
14.55,2357
14.56,2356
14.57,2355
14.58,2354
14.59,2354
14.6,2354
14.61,2353
14.62,2352
14.63,2352
14.64,2352
14.65,2351
14.66,2350
14.67,2350
14.68,2350
14.69,2350
14.7,2350
14.71,2350
14.72,2349
14.73,2349
14.74,2349
14.75,2349
14.76,2349
14.77,2348
14.78,2348
14.79,2348
14.8,2348
14.81,2346
14.82,2346
14.83,2346
14.84,2346
14.85,2346
14.86,2345
14.87,2344
14.88,2344
14.89,2343
14.9,2342
14.91,2341
14.92,2341
14.93,2341
14.94,2341
14.95,2341
14.96,2341
14.97,2341
14.98,2340
14.99,2340
15.0,2340
15.01,2340
15.02,2340
15.03,2339
15.04,2338
15.05,2338
15.06,2337
15.07,2337
15.08,2337
15.09,2337
15.1,2337
15.11,2337
15.12,2337
15.13,2337
15.14,2337
15.15,2337
15.16,2337
15.17,2337
15.18,2336
15.19,2335
15.2,2335
15.21,2335
15.22,2335
15.23,2335
15.24,2334
15.25,2333
15.26,2332
15.27,2332
15.28,2331
15.29,2331
15.3,2330
15.31,2330
15.32,2329
15.33,2326
15.34,2325
15.35,2325
15.36,2325
15.37,2325
15.38,2325
15.39,2324
15.4,2323
15.41,2321
15.42,2321
15.43,2320
15.44,2319
15.45,2319
15.46,2318
15.47,2317
15.48,2316
15.49,2316
15.5,2316
15.51,2316
15.52,2316
15.53,2316
15.54,2316
15.55,2316
15.56,2315
15.57,2315
15.58,2315
15.59,2314
15.6,2314
15.61,2313
15.62,2313
15.63,2313
15.64,2313
15.65,2313
15.66,2313
15.67,2313
15.68,2313
15.69,2312
15.7,2312
15.71,2312
15.72,2312
15.73,2312
15.74,2312
15.75,2311
15.76,2310
15.77,2310
15.78,2310
15.79,2310
15.8,2309
15.81,2308
15.82,2308
15.83,2308
15.84,2308
15.85,2308
15.86,2308
15.87,2308
15.88,2308
15.89,2306
15.9,2305
15.91,2304
15.92,2304
15.93,2304
15.94,2304
15.95,2304
15.96,2304
15.97,2304
15.98,2304
15.99,2304
16.0,2304
16.01,2304
16.02,2304
16.03,2304
16.04,2304
16.05,2304
16.06,2303
16.07,2302
16.08,2301
16.09,2301
16.1,2300
16.11,2300
16.12,2300
16.13,2300
16.14,2300
16.15,2300
16.16,2299
16.17,2298
16.18,2298
16.19,2298
16.2,2297
16.21,2297
16.22,2297
16.23,2297
16.24,2297
16.25,2297
16.26,2297
16.27,2297
16.28,2297
16.29,2297
16.3,2297
16.31,2297
16.32,2297
16.33,2297
16.34,2297
16.35,2297
16.36,2297
16.37,2297
16.38,2297
16.39,2296
16.4,2296
16.41,2296
16.42,2296
16.43,2296
16.44,2296
16.45,2296
16.46,2296
16.47,2296
16.48,2296
16.49,2295
16.5,2295
16.51,2295
16.52,2295
16.53,2295
16.54,2295
16.55,2295
16.56,2294
16.57,2294
16.58,2294
16.59,2294
16.6,2294
16.61,2294
16.62,2294
16.63,2294
16.64,2293
16.65,2293
16.66,2292
16.67,2292
16.68,2292
16.69,2292
16.7,2292
16.71,2292
16.72,2292
16.73,2292
16.74,2292
16.75,2292
16.76,2292
16.77,2292
