0.0,4940
0.01,4936
0.02,4932
0.03,4928
0.04,4923
0.05,4919
0.06,4915
0.07,4911
0.08,4906
0.09,4903
0.1,4901
0.11,4897
0.12,4892
0.13,4888
0.14,4884
0.15,4880
0.16,4875
0.17,4871
0.18,4867
0.19,4863
0.2,4859
0.21,4854
0.22,4850
0.23,4846
0.24,4842
0.25,4837
0.26,4833
0.27,4829
0.28,4825
0.29,4821
0.3,4816
0.31,4812
0.32,4808
0.33,4804
0.34,4800
0.35,4795
0.36,4791
0.37,4787
0.38,4783
0.39,4778
0.4,4774
0.41,4770
0.42,4766
0.43,4762
0.44,4757
0.45,4753
0.46,4749
0.47,4745
0.48,4740
0.49,4736
0.5,4732
0.51,4728
0.52,4724
0.53,4719
0.54,4715
0.55,4711
0.56,4707
0.57,4703
0.58,4698
0.59,4694
0.6,4690
0.61,4686
0.62,4681
0.63,4677
0.64,4673
0.65,4669
0.66,4665
0.67,4660
0.68,4656
0.69,4652
0.7,4648
0.71,4643
0.72,4639
0.73,4635
0.74,4631
0.75,4627
0.76,4622
0.77,4618
0.78,4614
0.79,4610
0.8,4605
0.81,4601
0.82,4597
0.83,4593
0.84,4589
0.85,4584
0.86,4580
0.87,4576
0.88,4572
0.89,4567
0.9,4563
0.91,4559
0.92,4555
0.93,4551
0.94,4546
0.95,4542
0.96,4538
0.97,4534
0.98,4530
0.99,4525
1.0,4521
1.01,4517
1.02,4513
1.03,4508
1.04,4504
1.05,4500
1.06,4496
1.07,4492
1.08,4487
1.09,4483
1.1,4479
1.11,4475
1.12,4470
1.13,4466
1.14,4462
1.15,4458
1.16,4454
1.17,4449
1.18,4445
1.19,4441
1.2,4437
1.21,4432
1.22,4428
1.23,4424
1.24,4420
1.25,4416
1.26,4411
1.27,4407
1.28,4403
1.29,4399
1.3,4395
1.31,4390
1.32,4386
1.33,4382
1.34,4378
1.35,4373
1.36,4369
1.37,4365
1.38,4361
1.39,4357
1.4,4352
1.41,4348
1.42,4344
1.43,4340
1.44,4335
1.45,4331
1.46,4327
1.47,4323
1.48,4319
1.49,4314
1.5,4310
1.51,4306
1.52,4302
1.53,4298
1.54,4293
1.55,4289
1.56,4285
1.57,4281
1.58,4276
1.59,4272
1.6,4268
1.61,4264
1.62,4260
1.63,4255
1.64,4251
1.65,4247
1.66,4243
1.67,4239
1.68,4234
1.69,4230
1.7,4226
1.71,4222
1.72,4217
1.73,4213
1.74,4209
1.75,4205
1.76,4201
1.77,4196
1.78,4192
1.79,4188
1.8,4184
1.81,4180
1.82,4175
1.83,4171
1.84,4167
1.85,4163
1.86,4159
1.87,4154
1.88,4150
1.89,4146
1.9,4142
1.91,4137
1.92,4133
1.93,4129
1.94,4125
1.95,4121
1.96,4116
1.97,4112
1.98,4108
1.99,4104
2.0,4100
2.01,4095
2.02,4091
2.03,4087
2.04,4083
2.05,4078
2.06,4074
2.07,4070
2.08,4066
2.09,4062
2.1,4057
2.11,4053
2.12,4049
2.13,4045
2.14,4041
2.15,4036
2.16,4032
2.17,4028
2.18,4024
2.19,4019
2.2,4015
2.21,4011
2.22,4007
2.23,4003
2.24,3998
2.25,3994
2.26,3990
2.27,3986
2.28,3982
2.29,3977
2.3,3973
2.31,3969
2.32,3965
2.33,3960
2.34,3956
2.35,3952
2.36,3948
2.37,3944
2.38,3939
2.39,3935
2.4,3931
2.41,3927
2.42,3923
2.43,3918
2.44,3914
2.45,3910
2.46,3906
2.47,3901
2.48,3897
2.49,3893
2.5,3889
2.51,3885
2.52,3880
2.53,3876
2.54,3872
2.55,3868
2.56,3864
2.57,3859
2.58,3855
2.59,3851
2.6,3847
2.61,3843
2.62,3838
2.63,3834
2.64,3830
2.65,3826
2.66,3822
2.67,3817
2.68,3813
2.69,3809
2.7,3805
2.71,3801
2.72,3796
2.73,3792
2.74,3788
2.75,3784
2.76,3779
2.77,3775
2.78,3771
2.79,3767
2.8,3763
2.81,3758
2.82,3754
2.83,3750
2.84,3746
2.85,3742
2.86,3737
2.87,3733
2.88,3729
2.89,3725
2.9,3721
2.91,3716
2.92,3713
2.93,3709
2.94,3707
2.95,3703
2.96,3698
2.97,3695
2.98,3691
2.99,3687
3.0,3683
3.01,3678
3.02,3674
3.03,3670
3.04,3667
3.05,3664
3.06,3660
3.07,3656
3.08,3653
3.09,3648
3.1,3644
3.11,3640
3.12,3636
3.13,3632
3.14,3628
3.15,3623
3.16,3620
3.17,3616
3.18,3613
3.19,3610
3.2,3607
3.21,3603
3.22,3601
3.23,3599
3.24,3595
3.25,3591
3.26,3589
3.27,3586
3.28,3584
3.29,3580
3.3,3577
3.31,3573
3.32,3570
3.33,3566
3.34,3562
3.35,3558
3.36,3554
3.37,3551
3.38,3547
3.39,3543
3.4,3540
3.41,3536
3.42,3533
3.43,3530
3.44,3526
3.45,3523
3.46,3520
3.47,3517
3.48,3513
3.49,3510
3.5,3507
3.51,3504
3.52,3500
3.53,3495
3.54,3491
3.55,3488
3.56,3484
3.57,3480
3.58,3475
3.59,3471
3.6,3469
3.61,3465
3.62,3462
3.63,3458
3.64,3454
3.65,3450
3.66,3446
3.67,3442
3.68,3438
3.69,3435
3.7,3431
3.71,3427
3.72,3423
3.73,3419
3.74,3415
3.75,3411
3.76,3408
3.77,3407
3.78,3404
3.79,3399
3.8,3396
3.81,3393
3.82,3388
3.83,3386
3.84,3383
3.85,3379
3.86,3375
3.87,3372
3.88,3369
3.89,3365
3.9,3362
3.91,3360
3.92,3358
3.93,3356
3.94,3354
3.95,3350
3.96,3347
3.97,3343
3.98,3340
3.99,3336
4.0,3332
4.01,3329
4.02,3324
4.03,3322
4.04,3318
4.05,3315
4.06,3311
4.07,3307
4.08,3303
4.09,3301
4.1,3297
4.11,3294
4.12,3292
4.13,3289
4.14,3285
4.15,3283
4.16,3281
4.17,3279
4.18,3276
4.19,3275
4.2,3271
4.21,3268
4.22,3264
4.23,3260
4.24,3259
4.25,3256
4.26,3255
4.27,3254
4.28,3251
4.29,3248
4.3,3245
4.31,3241
4.32,3238
4.33,3235
4.34,3234
4.35,3230
4.36,3227
4.37,3226
4.38,3223
4.39,3220
4.4,3216
4.41,3213
4.42,3209
4.43,3206
4.44,3203
4.45,3200
4.46,3198
4.47,3194
4.48,3190
4.49,3187
4.5,3184
4.51,3182
4.52,3179
4.53,3177
4.54,3174
4.55,3170
4.56,3167
4.57,3164
4.58,3162
4.59,3159
4.6,3155
4.61,3152
4.62,3148
4.63,3144
4.64,3141
4.65,3138
4.66,3135
4.67,3131
4.68,3129
4.69,3127
4.7,3125
4.71,3124
4.72,3119
4.73,3117
4.74,3114
4.75,3114
4.76,3111
4.77,3107
4.78,3104
4.79,3101
4.8,3098
4.81,3095
4.82,3092
4.83,3091
4.84,3088
4.85,3085
4.86,3082
4.87,3078
4.88,3076
4.89,3073
4.9,3071
4.91,3068
4.92,3065
4.93,3061
4.94,3057
4.95,3056
4.96,3053
4.97,3051
4.98,3048
4.99,3045
5.0,3044
5.01,3042
5.02,3040
5.03,3037
5.04,3035
5.05,3032
5.06,3029
5.07,3026
5.08,3023
5.09,3021
5.1,3017
5.11,3015
5.12,3011
5.13,3009
5.14,3006
5.15,3004
5.16,3001
5.17,2997
5.18,2994
5.19,2991
5.2,2989
5.21,2986
5.22,2983
5.23,2979
5.24,2978
5.25,2975
5.26,2971
5.27,2967
5.28,2965
5.29,2961
5.3,2960
5.31,2957
5.32,2954
5.33,2951
5.34,2949
5.35,2945
5.36,2942
5.37,2939
5.38,2938
5.39,2935
5.4,2932
5.41,2928
5.42,2925
5.43,2924
5.44,2923
5.45,2920
5.46,2915
5.47,2914
5.48,2910
5.49,2908
5.5,2905
5.51,2904
5.52,2900
5.53,2896
5.54,2894
5.55,2893
5.56,2890
5.57,2887
5.58,2885
5.59,2884
5.6,2881
5.61,2877
5.62,2876
5.63,2874
5.64,2872
5.65,2870
5.66,2866
5.67,2865
5.68,2863
5.69,2862
5.7,2861
5.71,2857
5.72,2855
5.73,2852
5.74,2851
5.75,2848
5.76,2846
5.77,2844
5.78,2841
5.79,2839
5.8,2835
5.81,2832
5.82,2829
5.83,2827
5.84,2825
5.85,2822
5.86,2820
5.87,2818
5.88,2817
5.89,2815
5.9,2813
5.91,2812
5.92,2809
5.93,2808
5.94,2806
5.95,2803
5.96,2801
5.97,2799
5.98,2796
5.99,2793
6.0,2790
6.01,2788
6.02,2785
6.03,2783
6.04,2779
6.05,2778
6.06,2776
6.07,2775
6.08,2773
6.09,2771
6.1,2769
6.11,2767
6.12,2764
6.13,2763
6.14,2759
6.15,2756
6.16,2754
6.17,2752
6.18,2751
6.19,2749
6.2,2747
6.21,2744
6.22,2742
6.23,2740
6.24,2737
6.25,2735
6.26,2733
6.27,2729
6.28,2727
6.29,2725
6.3,2723
6.31,2721
6.32,2718
6.33,2715
6.34,2715
6.35,2713
6.36,2712
6.37,2711
6.38,2709
6.39,2707
6.4,2705
6.41,2702
6.42,2700
6.43,2698
6.44,2696
6.45,2693
6.46,2690
6.47,2688
6.48,2686
6.49,2684
6.5,2683
6.51,2681
6.52,2680
6.53,2679
6.54,2676
6.55,2674
6.56,2672
6.57,2669
6.58,2667
6.59,2667
6.6,2665
6.61,2663
6.62,2662
6.63,2659
6.64,2657
6.65,2655
6.66,2653
6.67,2650
6.68,2649
6.69,2645
6.7,2643
6.71,2639
6.72,2637
6.73,2635
6.74,2633
6.75,2631
6.76,2628
6.77,2625
6.78,2624
6.79,2622
6.8,2621
6.81,2619
6.82,2618
6.83,2616
6.84,2614
6.85,2613
6.86,2612
6.87,2611
6.88,2611
6.89,2610
6.9,2609
6.91,2607
6.92,2605
6.93,2605
6.94,2604
6.95,2603
6.96,2601
6.97,2600
6.98,2599
6.99,2597
7.0,2596
7.01,2595
7.02,2593
7.03,2592
7.04,2590
7.05,2588
7.06,2584
7.07,2583
7.08,2581
7.09,2578
7.1,2576
7.11,2575
7.12,2575
7.13,2573
7.14,2572
7.15,2571
7.16,2571
7.17,2568
7.18,2566
7.19,2566
7.2,2565
7.21,2563
7.22,2563
7.23,2561
7.24,2560
7.25,2559
7.26,2558
7.27,2557
7.28,2556
7.29,2556
7.3,2555
7.31,2554
7.32,2554
7.33,2551
7.34,2551
7.35,2550
7.36,2548
7.37,2546
7.38,2545
7.39,2544
7.4,2544
7.41,2543
7.42,2542
7.43,2540
7.44,2538
7.45,2538
7.46,2537
7.47,2537
7.48,2534
7.49,2533
7.5,2532
7.51,2532
7.52,2530
7.53,2530
7.54,2529
7.55,2529
7.56,2527
7.57,2526
7.58,2525
7.59,2524
7.6,2524
7.61,2520
7.62,2519
7.63,2518
7.64,2517
7.65,2517
7.66,2517
7.67,2516
7.68,2515
7.69,2514
7.7,2512
7.71,2511
7.72,2510
7.73,2510
7.74,2506
7.75,2505
7.76,2503
7.77,2502
7.78,2502
7.79,2501
7.8,2501
7.81,2499
7.82,2497
7.83,2495
7.84,2494
7.85,2494
7.86,2492
7.87,2491
7.88,2490
7.89,2490
7.9,2489
7.91,2487
7.92,2486
7.93,2486
7.94,2484
7.95,2482
7.96,2481
7.97,2478
7.98,2477
7.99,2477
8.0,2477
8.01,2474
8.02,2473
8.03,2471
8.04,2470
8.05,2469
8.06,2467
8.07,2466
8.08,2466
8.09,2464
8.1,2462
8.11,2460
8.12,2457
8.13,2457
8.14,2455
8.15,2454
8.16,2453
8.17,2452
8.18,2451
8.19,2449
8.2,2447
8.21,2446
8.22,2444
8.23,2442
8.24,2441
8.25,2441
8.26,2440
8.27,2438
8.28,2436
8.29,2434
8.3,2433
8.31,2432
8.32,2430
8.33,2428
8.34,2427
8.35,2426
8.36,2426
8.37,2424
8.38,2423
8.39,2423
8.4,2423
8.41,2422
8.42,2419
8.43,2419
8.44,2418
8.45,2416
8.46,2413
8.47,2413
8.48,2413
8.49,2411
8.5,2411
8.51,2410
8.52,2408
8.53,2408
8.54,2408
8.55,2405
8.56,2405
8.57,2404
8.58,2404
8.59,2403
8.6,2403
8.61,2403
8.62,2402
8.63,2401
8.64,2398
8.65,2398
8.66,2398
8.67,2397
8.68,2396
8.69,2396
8.7,2394
8.71,2394
8.72,2392
8.73,2392
8.74,2391
8.75,2389
8.76,2389
8.77,2389
8.78,2388
8.79,2387
8.8,2387
8.81,2387
8.82,2385
8.83,2384
8.84,2382
8.85,2381
8.86,2381
8.87,2381
8.88,2379
8.89,2378
8.9,2377
8.91,2376
8.92,2374
8.93,2373
8.94,2372
8.95,2371
8.96,2371
8.97,2371
8.98,2371
8.99,2371
9.0,2371
9.01,2370
9.02,2368
9.03,2367
9.04,2367
9.05,2366
9.06,2366
9.07,2366
9.08,2366
9.09,2365
9.1,2363
9.11,2361
9.12,2360
9.13,2360
9.14,2359
9.15,2358
9.16,2358
9.17,2357
9.18,2356
9.19,2353
9.2,2351
9.21,2350
9.22,2349
9.23,2349
9.24,2349
9.25,2348
9.26,2348
9.27,2348
9.28,2348
9.29,2348
9.3,2347
9.31,2347
9.32,2346
9.33,2346
9.34,2344
9.35,2343
9.36,2343
9.37,2343
9.38,2343
9.39,2343
9.4,2343
9.41,2343
9.42,2343
9.43,2342
9.44,2341
9.45,2341
9.46,2340
9.47,2340
9.48,2339
9.49,2339
9.5,2338
9.51,2337
9.52,2336
9.53,2335
9.54,2334
9.55,2334
9.56,2333
9.57,2332
9.58,2332
9.59,2332
9.6,2332
9.61,2331
9.62,2331
9.63,2330
9.64,2329
9.65,2329
9.66,2328
9.67,2327
9.68,2327
9.69,2327
9.7,2325
9.71,2325
9.72,2325
9.73,2324
9.74,2324
9.75,2324
9.76,2323
9.77,2323
9.78,2323
9.79,2323
9.8,2322
9.81,2321
9.82,2320
9.83,2319
9.84,2319
9.85,2319
9.86,2319
9.87,2318
9.88,2317
9.89,2317
9.9,2316
9.91,2316
9.92,2316
9.93,2316
9.94,2315
9.95,2315
9.96,2315
9.97,2315
9.98,2315
9.99,2315
10.0,2315
10.01,2315
10.02,2315
10.03,2315
10.04,2315
10.05,2314
10.06,2313
10.07,2313
10.08,2312
10.09,2311
10.1,2310
10.11,2310
10.12,2310
10.13,2310
10.14,2309
10.15,2308
10.16,2308
10.17,2308
10.18,2307
10.19,2307
10.2,2307
10.21,2307
10.22,2306
10.23,2306
10.24,2306
10.25,2306
10.26,2306
10.27,2306
10.28,2306
10.29,2306
10.3,2306
10.31,2306
10.32,2306
10.33,2306
10.34,2306
10.35,2306
10.36,2306
10.37,2305
10.38,2305
10.39,2305
10.4,2305
10.41,2305
10.42,2305
10.43,2305
10.44,2303
10.45,2303
10.46,2303
10.47,2303
10.48,2303
10.49,2303
10.5,2303
10.51,2301
10.52,2301
10.53,2301
10.54,2301
10.55,2301
10.56,2301
10.57,2300
10.58,2300
10.59,2300
10.6,2298
10.61,2298
10.62,2298
10.63,2298
10.64,2298
10.65,2298
10.66,2298
10.67,2298
10.68,2298
10.69,2296
10.7,2296
10.71,2296
10.72,2296
10.73,2295
10.74,2295
10.75,2295
10.76,2295
10.77,2295
10.78,2293
10.79,2293
10.8,2293
10.81,2292
10.82,2292
10.83,2292
10.84,2291
10.85,2291
10.86,2291
10.87,2291
10.88,2291
10.89,2291
10.9,2291
10.91,2291
10.92,2290
10.93,2290
10.94,2290
10.95,2289
10.96,2289
10.97,2289
10.98,2289
10.99,2289
11.0,2289
11.01,2289
11.02,2289
11.03,2289
11.04,2289
11.05,2289
11.06,2289
11.07,2289
11.08,2289
11.09,2289
11.1,2289
11.11,2289
11.12,2289
11.13,2289
11.14,2289
11.15,2288
11.16,2288
11.17,2288
11.18,2287
11.19,2287
11.2,2287
11.21,2287
11.22,2287
11.23,2287
11.24,2287
11.25,2287
11.26,2287
11.27,2287
11.28,2287
11.29,2287
11.3,2287
11.31,2287
11.32,2286
11.33,2286
11.34,2286
11.35,2286
11.36,2285
11.37,2285
11.38,2285
11.39,2285
11.4,2285
11.41,2285
11.42,2285
11.43,2285
11.44,2285
