0.0,4940
0.01,4936
0.02,4932
0.03,4928
0.04,4923
0.05,4919
0.06,4915
0.07,4910
0.08,4906
0.09,4902
0.1,4898
0.11,4893
0.12,4889
0.13,4885
0.14,4880
0.15,4876
0.16,4872
0.17,4868
0.18,4863
0.19,4859
0.2,4855
0.21,4850
0.22,4846
0.23,4842
0.24,4838
0.25,4833
0.26,4829
0.27,4825
0.28,4820
0.29,4816
0.3,4812
0.31,4808
0.32,4803
0.33,4799
0.34,4795
0.35,4791
0.36,4786
0.37,4782
0.38,4778
0.39,4773
0.4,4769
0.41,4765
0.42,4761
0.43,4756
0.44,4752
0.45,4748
0.46,4743
0.47,4739
0.48,4735
0.49,4731
0.5,4726
0.51,4722
0.52,4718
0.53,4713
0.54,4709
0.55,4705
0.56,4701
0.57,4696
0.58,4692
0.59,4688
0.6,4683
0.61,4679
0.62,4675
0.63,4671
0.64,4666
0.65,4662
0.66,4658
0.67,4653
0.68,4649
0.69,4645
0.7,4641
0.71,4636
0.72,4632
0.73,4628
0.74,4623
0.75,4619
0.76,4615
0.77,4611
0.78,4606
0.79,4602
0.8,4598
0.81,4593
0.82,4589
0.83,4585
0.84,4581
0.85,4576
0.86,4572
0.87,4568
0.88,4563
0.89,4559
0.9,4555
0.91,4551
0.92,4546
0.93,4542
0.94,4538
0.95,4533
0.96,4529
0.97,4525
0.98,4521
0.99,4516
1.0,4512
1.01,4508
1.02,4503
1.03,4499
1.04,4496
1.05,4494
1.06,4489
1.07,4485
1.08,4481
1.09,4477
1.1,4472
1.11,4468
1.12,4464
1.13,4459
1.14,4455
1.15,4451
1.16,4446
1.17,4442
1.18,4438
1.19,4434
1.2,4429
1.21,4425
1.22,4421
1.23,4416
1.24,4412
1.25,4408
1.26,4404
1.27,4399
1.28,4395
1.29,4391
1.3,4387
1.31,4382
1.32,4378
1.33,4374
1.34,4369
1.35,4365
1.36,4361
1.37,4357
1.38,4352
1.39,4348
1.4,4344
1.41,4339
1.42,4335
1.43,4331
1.44,4327
1.45,4322
1.46,4318
1.47,4314
1.48,4309
1.49,4305
1.5,4301
1.51,4297
1.52,4292
1.53,4288
1.54,4284
1.55,4279
1.56,4275
1.57,4271
1.58,4267
1.59,4262
1.6,4258
1.61,4254
1.62,4249
1.63,4245
1.64,4241
1.65,4237
1.66,4232
1.67,4228
1.68,4224
1.69,4220
1.7,4215
1.71,4211
1.72,4207
1.73,4202
1.74,4198
1.75,4194
1.76,4190
1.77,4185
1.78,4181
1.79,4177
1.8,4172
1.81,4168
1.82,4164
1.83,4160
1.84,4155
1.85,4151
1.86,4147
1.87,4143
1.88,4138
1.89,4134
1.9,4130
1.91,4125
1.92,4121
1.93,4117
1.94,4113
1.95,4108
1.96,4104
1.97,4100
1.98,4095
1.99,4091
2.0,4087
2.01,4083
2.02,4078
2.03,4074
2.04,4070
2.05,4066
2.06,4061
2.07,4057
2.08,4053
2.09,4048
2.1,4044
2.11,4040
2.12,4036
2.13,4031
2.14,4027
2.15,4023
2.16,4018
2.17,4014
2.18,4010
2.19,4006
2.2,4001
2.21,3997
2.22,3993
2.23,3989
2.24,3984
2.25,3980
2.26,3976
2.27,3971
2.28,3967
2.29,3963
2.3,3959
2.31,3954
2.32,3950
2.33,3946
2.34,3941
2.35,3937
2.36,3933
2.37,3929
2.38,3924
2.39,3920
2.4,3916
2.41,3912
2.42,3907
2.43,3903
2.44,3899
2.45,3894
2.46,3890
2.47,3886
2.48,3882
2.49,3877
2.5,3873
2.51,3869
2.52,3865
2.53,3860
2.54,3856
2.55,3852
2.56,3847
2.57,3843
2.58,3839
2.59,3835
2.6,3830
2.61,3826
2.62,3822
2.63,3817
2.64,3813
2.65,3809
2.66,3805
2.67,3800
2.68,3796
2.69,3792
2.7,3788
2.71,3783
2.72,3779
2.73,3775
2.74,3770
2.75,3766
2.76,3762
2.77,3758
2.78,3753
2.79,3749
2.8,3745
2.81,3741
2.82,3736
2.83,3732
2.84,3728
2.85,3724
2.86,3719
2.87,3715
2.88,3712
2.89,3708
2.9,3704
2.91,3700
2.92,3697
2.93,3693
2.94,3688
2.95,3684
2.96,3680
2.97,3676
2.98,3672
2.99,3668
3.0,3665
3.01,3663
3.02,3659
3.03,3655
3.04,3650
3.05,3647
3.06,3644
3.07,3642
3.08,3640
3.09,3637
3.1,3634
3.11,3631
3.12,3627
3.13,3624
3.14,3621
3.15,3617
3.16,3613
3.17,3611
3.18,3608
3.19,3604
3.2,3601
3.21,3597
3.22,3593
3.23,3590
3.24,3588
3.25,3584
3.26,3581
3.27,3576
3.28,3573
3.29,3569
3.3,3565
3.31,3561
3.32,3559
3.33,3555
3.34,3553
3.35,3550
3.36,3546
3.37,3542
3.38,3538
3.39,3535
3.4,3531
3.41,3529
3.42,3526
3.43,3525
3.44,3521
3.45,3517
3.46,3514
3.47,3510
3.48,3506
3.49,3502
3.5,3499
3.51,3495
3.52,3492
3.53,3488
3.54,3485
3.55,3482
3.56,3479
3.57,3475
3.58,3473
3.59,3469
3.6,3466
3.61,3462
3.62,3457
3.63,3454
3.64,3450
3.65,3448
3.66,3445
3.67,3442
3.68,3439
3.69,3435
3.7,3431
3.71,3428
3.72,3424
3.73,3422
3.74,3418
3.75,3415
3.76,3410
3.77,3406
3.78,3402
3.79,3399
3.8,3395
3.81,3390
3.82,3388
3.83,3385
3.84,3381
3.85,3377
3.86,3374
3.87,3371
3.88,3368
3.89,3364
3.9,3362
3.91,3357
3.92,3354
3.93,3351
3.94,3348
3.95,3344
3.96,3342
3.97,3338
3.98,3334
3.99,3331
4.0,3327
4.01,3326
4.02,3321
4.03,3318
4.04,3314
4.05,3310
4.06,3305
4.07,3304
4.08,3300
4.09,3297
4.1,3295
4.11,3292
4.12,3289
4.13,3286
4.14,3283
4.15,3279
4.16,3276
4.17,3273
4.18,3270
4.19,3269
4.2,3265
4.21,3261
4.22,3259
4.23,3256
4.24,3251
4.25,3247
4.26,3245
4.27,3240
4.28,3236
4.29,3233
4.3,3229
4.31,3225
4.32,3221
4.33,3219
4.34,3216
4.35,3211
4.36,3208
4.37,3206
4.38,3203
4.39,3200
4.4,3198
4.41,3195
4.42,3193
4.43,3190
4.44,3188
4.45,3185
4.46,3182
4.47,3180
4.48,3176
4.49,3176
4.5,3174
4.51,3170
4.52,3167
4.53,3165
4.54,3161
4.55,3158
4.56,3154
4.57,3151
4.58,3147
4.59,3145
4.6,3143
4.61,3138
4.62,3135
4.63,3133
4.64,3131
4.65,3131
4.66,3128
4.67,3126
4.68,3124
4.69,3123
4.7,3120
4.71,3117
4.72,3114
4.73,3111
4.74,3109
4.75,3105
4.76,3102
4.77,3100
4.78,3097
4.79,3093
4.8,3089
4.81,3086
4.82,3083
4.83,3079
4.84,3078
4.85,3075
4.86,3074
4.87,3072
4.88,3070
4.89,3068
4.9,3065
4.91,3061
4.92,3057
4.93,3054
4.94,3051
4.95,3048
4.96,3048
4.97,3043
4.98,3041
4.99,3039
5.0,3036
5.01,3033
5.02,3030
5.03,3028
5.04,3023
5.05,3019
5.06,3015
5.07,3013
5.08,3010
5.09,3007
5.1,3004
5.11,3002
5.12,3000
5.13,2999
5.14,2999
5.15,2996
5.16,2992
5.17,2990
5.18,2988
5.19,2986
5.2,2982
5.21,2980
5.22,2977
5.23,2973
5.24,2969
5.25,2966
5.26,2964
5.27,2962
5.28,2960
5.29,2958
5.3,2956
5.31,2954
5.32,2950
5.33,2948
5.34,2946
5.35,2943
5.36,2940
5.37,2937
5.38,2934
5.39,2932
5.4,2930
5.41,2927
5.42,2925
5.43,2923
5.44,2920
5.45,2918
5.46,2915
5.47,2911
5.48,2911
5.49,2908
5.5,2904
5.51,2900
5.52,2899
5.53,2896
5.54,2892
5.55,2890
5.56,2887
5.57,2883
5.58,2882
5.59,2878
5.6,2878
5.61,2875
5.62,2874
5.63,2872
5.64,2869
5.65,2867
5.66,2865
5.67,2862
5.68,2859
5.69,2857
5.7,2854
5.71,2851
5.72,2849
5.73,2845
5.74,2844
5.75,2841
5.76,2840
5.77,2836
5.78,2835
5.79,2833
5.8,2831
5.81,2827
5.82,2824
5.83,2820
5.84,2819
5.85,2815
5.86,2815
5.87,2813
5.88,2809
5.89,2806
5.9,2803
5.91,2800
5.92,2797
5.93,2795
5.94,2793
5.95,2789
5.96,2785
5.97,2783
5.98,2783
5.99,2780
6.0,2777
6.01,2774
6.02,2772
6.03,2770
6.04,2766
6.05,2764
6.06,2761
6.07,2758
6.08,2755
6.09,2753
6.1,2752
6.11,2751
6.12,2747
6.13,2746
6.14,2742
6.15,2740
6.16,2738
6.17,2736
6.18,2736
6.19,2734
6.2,2732
6.21,2729
6.22,2728
6.23,2726
6.24,2724
6.25,2720
6.26,2719
6.27,2716
6.28,2713
6.29,2711
6.3,2711
6.31,2708
6.32,2705
6.33,2705
6.34,2701
6.35,2699
6.36,2697
6.37,2696
6.38,2694
6.39,2691
6.4,2688
6.41,2688
6.42,2684
6.43,2680
6.44,2678
6.45,2676
6.46,2675
6.47,2674
6.48,2672
6.49,2669
6.5,2666
6.51,2663
6.52,2661
6.53,2659
6.54,2658
6.55,2656
6.56,2653
6.57,2651
6.58,2649
6.59,2648
6.6,2647
6.61,2646
6.62,2645
6.63,2643
6.64,2640
6.65,2639
6.66,2636
6.67,2633
6.68,2632
6.69,2629
6.7,2628
6.71,2628
6.72,2625
6.73,2624
6.74,2621
6.75,2621
6.76,2620
6.77,2619
6.78,2618
6.79,2617
6.8,2615
6.81,2613
6.82,2612
6.83,2610
6.84,2610
6.85,2610
6.86,2609
6.87,2608
6.88,2607
6.89,2605
6.9,2605
6.91,2603
6.92,2600
6.93,2599
6.94,2598
6.95,2597
6.96,2597
6.97,2597
6.98,2595
6.99,2594
7.0,2591
7.01,2591
7.02,2588
7.03,2588
7.04,2586
7.05,2586
7.06,2585
7.07,2584
7.08,2583
7.09,2582
7.1,2580
7.11,2580
7.12,2577
7.13,2576
7.14,2575
7.15,2575
7.16,2572
7.17,2572
7.18,2572
7.19,2572
7.2,2571
7.21,2571
7.22,2568
7.23,2567
7.24,2566
7.25,2565
7.26,2565
7.27,2563
7.28,2560
7.29,2556
7.3,2554
7.31,2552
7.32,2550
7.33,2549
7.34,2548
7.35,2547
7.36,2545
7.37,2545
7.38,2545
7.39,2545
7.4,2544
7.41,2542
7.42,2541
7.43,2539
7.44,2537
7.45,2535
7.46,2535
7.47,2533
7.48,2531
7.49,2529
7.5,2527
7.51,2526
7.52,2524
7.53,2522
7.54,2520
7.55,2519
7.56,2518
7.57,2518
7.58,2515
7.59,2513
7.6,2511
7.61,2511
7.62,2509
7.63,2508
7.64,2507
7.65,2505
7.66,2504
7.67,2503
7.68,2500
7.69,2499
7.7,2498
7.71,2496
7.72,2494
7.73,2493
7.74,2491
7.75,2489
7.76,2489
7.77,2486
7.78,2485
7.79,2485
7.8,2485
7.81,2485
7.82,2485
7.83,2483
7.84,2483
7.85,2481
7.86,2480
7.87,2480
7.88,2478
7.89,2477
7.9,2475
7.91,2473
7.92,2473
7.93,2472
7.94,2471
7.95,2471
7.96,2470
7.97,2469
7.98,2467
7.99,2467
8.0,2465
8.01,2463
8.02,2462
8.03,2461
8.04,2460
8.05,2458
8.06,2457
8.07,2457
8.08,2456
8.09,2455
8.1,2454
8.11,2453
8.12,2452
8.13,2451
8.14,2449
8.15,2447
8.16,2447
8.17,2447
8.18,2446
8.19,2446
8.2,2445
8.21,2444
8.22,2443
8.23,2442
8.24,2440
8.25,2437
8.26,2435
8.27,2434
8.28,2433
8.29,2431
8.3,2430
8.31,2429
8.32,2428
8.33,2426
8.34,2426
8.35,2426
8.36,2425
8.37,2425
8.38,2422
8.39,2420
8.4,2418
8.41,2416
8.42,2416
8.43,2415
8.44,2414
8.45,2414
8.46,2413
8.47,2412
8.48,2411
8.49,2408
8.5,2408
8.51,2407
8.52,2406
8.53,2404
8.54,2403
8.55,2403
8.56,2403
8.57,2401
8.58,2399
8.59,2397
8.6,2395
8.61,2394
8.62,2392
8.63,2392
8.64,2389
8.65,2388
8.66,2386
8.67,2385
8.68,2383
8.69,2382
8.7,2381
8.71,2381
8.72,2379
8.73,2377
8.74,2376
8.75,2376
8.76,2375
8.77,2374
8.78,2372
8.79,2371
8.8,2371
8.81,2368
8.82,2367
8.83,2367
8.84,2367
8.85,2367
8.86,2367
8.87,2367
8.88,2365
8.89,2365
8.9,2363
8.91,2362
8.92,2362
8.93,2362
8.94,2362
8.95,2362
8.96,2362
8.97,2361
8.98,2360
8.99,2359
9.0,2358
9.01,2358
9.02,2357
9.03,2356
9.04,2355
9.05,2355
9.06,2354
9.07,2352
9.08,2352
9.09,2350
9.1,2348
9.11,2346
9.12,2345
9.13,2344
9.14,2344
9.15,2344
9.16,2342
9.17,2342
9.18,2342
9.19,2342
9.2,2342
9.21,2341
9.22,2339
9.23,2338
9.24,2338
9.25,2337
9.26,2336
9.27,2336
9.28,2336
9.29,2336
9.3,2336
9.31,2334
9.32,2334
9.33,2334
9.34,2333
9.35,2333
9.36,2333
9.37,2332
9.38,2330
9.39,2329
9.4,2328
9.41,2328
9.42,2326
9.43,2326
9.44,2326
9.45,2326
9.46,2326
9.47,2326
9.48,2325
9.49,2325
9.5,2325
9.51,2325
9.52,2325
9.53,2325
9.54,2323
9.55,2322
9.56,2322
9.57,2321
9.58,2320
9.59,2320
9.6,2320
9.61,2320
9.62,2320
9.63,2320
9.64,2320
9.65,2320
9.66,2320
9.67,2320
9.68,2320
9.69,2320
9.7,2319
9.71,2319
9.72,2319
9.73,2319
9.74,2319
9.75,2319
9.76,2318
9.77,2317
9.78,2316
9.79,2315
9.8,2315
9.81,2315
9.82,2315
9.83,2315
9.84,2315
9.85,2314
9.86,2314
9.87,2314
9.88,2314
9.89,2312
9.9,2312
9.91,2312
9.92,2312
9.93,2312
9.94,2312
9.95,2312
9.96,2311
9.97,2311
9.98,2311
9.99,2311
10.0,2310
10.01,2310
10.02,2309
10.03,2309
10.04,2308
10.05,2307
10.06,2306
10.07,2306
10.08,2306
10.09,2305
10.1,2304
10.11,2304
10.12,2304
10.13,2304
10.14,2304
10.15,2304
10.16,2304
10.17,2304
10.18,2303
10.19,2303
10.2,2302
10.21,2302
10.22,2302
10.23,2302
10.24,2302
10.25,2302
10.26,2302
10.27,2302
10.28,2302
10.29,2301
10.3,2301
10.31,2301
10.32,2301
10.33,2301
10.34,2300
10.35,2300
10.36,2300
10.37,2300
10.38,2300
10.39,2300
10.4,2300
10.41,2300
10.42,2300
10.43,2300
10.44,2299
10.45,2298
10.46,2297
10.47,2297
10.48,2297
10.49,2297
10.5,2297
10.51,2297
10.52,2297
10.53,2297
10.54,2297
10.55,2297
10.56,2296
10.57,2296
10.58,2296
10.59,2296
10.6,2296
10.61,2296
10.62,2296
10.63,2296
10.64,2296
10.65,2295
10.66,2295
10.67,2294
10.68,2293
10.69,2293
10.7,2292
10.71,2292
10.72,2292
10.73,2291
10.74,2291
10.75,2291
10.76,2291
10.77,2291
10.78,2290
10.79,2289
10.8,2289
10.81,2288
10.82,2287
10.83,2286
10.84,2286
10.85,2286
10.86,2286
10.87,2286
10.88,2286
10.89,2286
10.9,2286
10.91,2286
10.92,2286
10.93,2286
10.94,2286
10.95,2286
10.96,2286
10.97,2286
10.98,2286
10.99,2286
11.0,2286
11.01,2285
11.02,2285
11.03,2285
11.04,2285
11.05,2285
11.06,2285
11.07,2284
11.08,2284
11.09,2284
11.1,2284
11.11,2284
11.12,2284
11.13,2284
11.14,2284
11.15,2284
11.16,2284
11.17,2284
11.18,2284
11.19,2284
11.2,2284
11.21,2284
11.22,2283
11.23,2283
11.24,2283
11.25,2282
11.26,2282
11.27,2282
11.28,2282
11.29,2282
11.3,2282
11.31,2282
11.32,2282
11.33,2282
11.34,2282
