0.00, 4941
0.0016989707946777344,4941
0.0018758773803710938,4940
0.001992940902709961,4939
0.002136707305908203,4938
0.0022437572479248047,4937
0.002342700958251953,4936
0.002441883087158203,4935
0.002658843994140625,4934
0.002816915512084961,4933
0.0029287338256835938,4932
0.0029838085174560547,4931
0.003059864044189453,4930
0.003143787384033203,4929
0.0036499500274658203,4928
0.003760814666748047,4927
0.003838777542114258,4926
0.003997802734375,4925
0.004088640213012695,4924
0.00418400764465332,4923
0.0044858455657958984,4922
0.00456690788269043,4921
0.004698753356933594,4920
0.004959821701049805,4919
0.005276918411254883,4918
0.005597829818725586,4917
0.005663871765136719,4916
0.0059528350830078125,4915
0.006094694137573242,4914
0.006281852722167969,4913
0.006426811218261719,4912
0.006464958190917969,4911
0.006665945053100586,4910
0.006732940673828125,4909
0.006876707077026367,4908
0.0069539546966552734,4907
0.007093906402587891,4906
0.00717473030090332,4905
0.0072209835052490234,4904
0.00730586051940918,4903
0.007398843765258789,4902
0.007498979568481445,4901
0.007578849792480469,4900
0.007696866989135742,4899
0.008080720901489258,4898
0.008256912231445312,4897
0.008421659469604492,4896
0.008726835250854492,4895
0.00878000259399414,4894
0.009016752243041992,4893
0.009065866470336914,4892
0.009125709533691406,4891
0.009160757064819336,4890
0.009354829788208008,4889
0.009703874588012695,4888
0.009805679321289062,4887
0.009958744049072266,4886
0.010156869888305664,4885
0.010404825210571289,4884
0.010505914688110352,4883
0.010937690734863281,4882
0.011029958724975586,4881
0.011143922805786133,4880
0.011301755905151367,4879
0.011464834213256836,4878
0.011628866195678711,4877
0.011680841445922852,4876
0.011861801147460938,4875
0.012067794799804688,4874
0.012144804000854492,4873
0.01220083236694336,4872
0.012399673461914062,4871
0.012540817260742188,4870
0.013036966323852539,4869
0.013107776641845703,4868
0.013332843780517578,4867
0.014164924621582031,4866
0.014214754104614258,4865
0.014652729034423828,4864
0.01482081413269043,4863
0.01484990119934082,4862
0.01500082015991211,4861
0.015057802200317383,4860
0.015088796615600586,4859
0.015231847763061523,4858
0.015321731567382812,4857
0.015384674072265625,4856
0.015468835830688477,4855
0.015561819076538086,4854
0.01567363739013672,4853
0.01579880714416504,4852
0.015878677368164062,4851
0.0159757137298584,4850
0.016167879104614258,4849
0.016193866729736328,4848
0.016365766525268555,4847
0.016743898391723633,4846
0.016896963119506836,4845
0.01699972152709961,4844
0.017212867736816406,4843
0.017866849899291992,4842
0.01800704002380371,4841
0.018237829208374023,4840
0.018346786499023438,4839
0.019153833389282227,4838
0.0192868709564209,4837
0.019414901733398438,4836
0.019482851028442383,4835
0.019552946090698242,4834
0.01965165138244629,4833
0.019832611083984375,4832
0.02037668228149414,4831
0.020486831665039062,4830
0.020625829696655273,4829
0.020711898803710938,4828
0.0207827091217041,4827
0.020837783813476562,4826
0.02098989486694336,4825
0.0210418701171875,4824
0.02107691764831543,4823
0.021312952041625977,4822
0.02211785316467285,4821
0.022374868392944336,4820
0.022635936737060547,4819
0.022732019424438477,4818
0.02288675308227539,4817
0.022991657257080078,4816
0.023192644119262695,4815
0.02336883544921875,4814
0.023547887802124023,4813
0.02365279197692871,4812
0.023874759674072266,4811
0.024747848510742188,4810
0.024944782257080078,4809
0.02507185935974121,4808
0.025271892547607422,4807
0.025400638580322266,4806
0.025539636611938477,4805
0.02565765380859375,4804
0.025847911834716797,4803
0.026193857192993164,4802
0.02631378173828125,4801
0.02659296989440918,4800
0.026652812957763672,4799
0.026829004287719727,4798
0.02698373794555664,4797
0.027072906494140625,4796
0.02715897560119629,4795
0.02740192413330078,4794
0.027629613876342773,4793
0.02768874168395996,4792
0.027718782424926758,4791
0.027756929397583008,4790
0.02789783477783203,4789
0.028332948684692383,4788
0.028429031372070312,4787
0.028509855270385742,4786
0.028725862503051758,4785
0.029052734375,4784
0.029106855392456055,4783
0.029134750366210938,4782
0.029213905334472656,4781
0.029289960861206055,4780
0.029376983642578125,4779
0.029451847076416016,4778
0.02956676483154297,4777
0.030141830444335938,4776
0.03034377098083496,4775
0.030398845672607422,4774
0.03064870834350586,4773
0.03079986572265625,4772
0.03142189979553223,4771
0.03149986267089844,4770
0.03154182434082031,4769
0.0317378044128418,4768
0.03178691864013672,4767
0.03185892105102539,4766
0.03200674057006836,4765
0.03206968307495117,4764
0.03215384483337402,4763
0.03239870071411133,4762
0.0329897403717041,4761
0.03307080268859863,4760
0.033299922943115234,4759
0.033380746841430664,4758
0.03392672538757324,4757
0.03429293632507324,4756
0.034387826919555664,4755
0.03445601463317871,4754
0.03451895713806152,4753
0.0347137451171875,4752
0.034924983978271484,4751
0.035179853439331055,4750
0.035277605056762695,4749
0.03539562225341797,4748
0.03558969497680664,4747
0.03570890426635742,4746
0.03605294227600098,4745
0.036096811294555664,4744
0.03618288040161133,4743
0.03629183769226074,4742
0.03641867637634277,4741
0.0364689826965332,4740
0.03651285171508789,4739
0.0366976261138916,4738
0.036946773529052734,4737
0.03719592094421387,4736
0.037512779235839844,4735
0.0376739501953125,4734
0.037866830825805664,4733
0.03805279731750488,4732
0.038397789001464844,4731
0.03850579261779785,4730
0.03875398635864258,4729
0.038848876953125,4728
0.03893089294433594,4727
0.03908181190490723,4726
0.03922772407531738,4725
0.039258718490600586,4724
0.03967475891113281,4723
0.03989887237548828,4722
0.039958953857421875,4721
0.040300846099853516,4720
0.04047989845275879,4719
0.04069781303405762,4718
0.04128885269165039,4717
0.04138803482055664,4716
0.041475772857666016,4715
0.04236483573913574,4714
0.04245400428771973,4713
0.04254889488220215,4712
0.04259777069091797,4711
0.04295969009399414,4710
0.04304981231689453,4709
0.04329800605773926,4708
0.04336190223693848,4707
0.04391193389892578,4706
0.0445408821105957,4705
0.04468083381652832,4704
0.04476284980773926,4703
0.04479479789733887,4702
0.04495978355407715,4701
0.045004844665527344,4700
0.04508185386657715,4699
0.045355796813964844,4698
0.04543471336364746,4697
0.04554390907287598,4696
0.045744895935058594,4695
0.0460968017578125,4694
0.046350717544555664,4693
0.046401023864746094,4692
0.04660177230834961,4691
0.0466768741607666,4690
0.04671192169189453,4689
0.04684591293334961,4688
0.04695868492126465,4687
0.047064781188964844,4686
0.04715371131896973,4685
0.0471956729888916,4684
0.04736685752868652,4683
0.04760861396789551,4682
0.04785585403442383,4681
0.04798579216003418,4680
0.04801297187805176,4679
0.04855966567993164,4678
0.048767805099487305,4677
0.04892683029174805,4676
0.049187660217285156,4675
0.049214839935302734,4674
0.04934501647949219,4673
0.049379825592041016,4672
0.04967689514160156,4671
0.0498049259185791,4670
0.049855947494506836,4669
0.050020694732666016,4668
0.05021166801452637,4667
0.051657915115356445,4666
0.051825761795043945,4665
0.05195283889770508,4664
0.05207967758178711,4663
0.05224967002868652,4662
0.05240273475646973,4661
0.05255699157714844,4660
0.05279684066772461,4659
0.052881717681884766,4658
0.05292081832885742,4657
0.05356168746948242,4656
0.05366969108581543,4655
0.05370283126831055,4654
0.05378580093383789,4653
0.05387067794799805,4652
0.05436992645263672,4651
0.05498695373535156,4650
0.05527091026306152,4649
0.05538463592529297,4648
0.055513858795166016,4647
0.05560493469238281,4646
0.05634284019470215,4645
0.05670499801635742,4644
0.05693173408508301,4643
0.057245731353759766,4642
0.05756068229675293,4641
0.057708024978637695,4640
0.05799984931945801,4639
0.05812501907348633,4638
0.058243751525878906,4637
0.05827975273132324,4636
0.05850982666015625,4635
0.05855202674865723,4634
0.05858778953552246,4633
0.058989763259887695,4632
0.05912971496582031,4631
0.05916881561279297,4630
0.06001877784729004,4629
0.060083866119384766,4628
0.06022763252258301,4627
0.06038689613342285,4626
0.06049180030822754,4625
0.060594797134399414,4624
0.0606839656829834,4623
0.06084179878234863,4622
0.06144380569458008,4621
0.06154894828796387,4620
0.062143802642822266,4619
0.062280893325805664,4618
0.06238102912902832,4617
0.06255888938903809,4616
0.06282281875610352,4615
0.06328082084655762,4614
0.06426286697387695,4613
0.06443285942077637,4612
0.06509995460510254,4611
0.06523275375366211,4610
0.06537079811096191,4609
0.06551766395568848,4608
0.06567597389221191,4607
0.06586074829101562,4606
0.06593585014343262,4605
0.06604266166687012,4604
0.06608891487121582,4603
0.06621694564819336,4602
0.06804299354553223,4601
0.06818985939025879,4600
0.06830167770385742,4599
0.06840968132019043,4598
0.06845688819885254,4597
0.06854486465454102,4596
0.06889176368713379,4595
0.06898188591003418,4594
0.06914973258972168,4593
0.06950592994689941,4592
0.06977987289428711,4591
0.06984877586364746,4590
0.07118988037109375,4589
0.07163286209106445,4588
0.07219982147216797,4587
0.07233786582946777,4586
0.07239985466003418,4585
0.07259798049926758,4584
0.07328367233276367,4583
0.07346987724304199,4582
0.07361197471618652,4581
0.07397985458374023,4580
0.07411980628967285,4579
0.07421684265136719,4578
0.0742807388305664,4577
0.07434487342834473,4576
0.0746769905090332,4575
0.07479500770568848,4574
0.07484579086303711,4573
0.07496190071105957,4572
0.07504773139953613,4571
0.07569098472595215,4570
0.07615780830383301,4569
0.07632875442504883,4568
0.07671761512756348,4567
0.07681679725646973,4566
0.07691383361816406,4565
0.07701396942138672,4564
0.07719683647155762,4563
0.07769083976745605,4562
0.07779288291931152,4561
0.07797884941101074,4560
0.07811093330383301,4559
0.07819080352783203,4558
0.07834696769714355,4557
0.07864785194396973,4556
0.07872891426086426,4555
0.07887482643127441,4554
0.07922768592834473,4553
0.07933688163757324,4552
0.07945585250854492,4551
0.07960081100463867,4550
0.0796809196472168,4549
0.07977962493896484,4548
0.08000993728637695,4547
0.0800619125366211,4546
0.08026385307312012,4545
0.08048772811889648,4544
0.0809316635131836,4543
0.08161568641662598,4542
0.08170485496520996,4541
0.08243989944458008,4540
0.08254384994506836,4539
0.08267998695373535,4538
0.08280396461486816,4537
0.08293986320495605,4536
0.08296966552734375,4535
0.08313870429992676,4534
0.08328485488891602,4533
0.08414363861083984,4532
0.08425378799438477,4531
0.0847158432006836,4530
0.08474588394165039,4529
0.08483076095581055,4528
0.08587479591369629,4527
0.08590483665466309,4526
0.08598589897155762,4525
0.08625078201293945,4524
0.08654999732971191,4523
0.08669590950012207,4522
0.08673381805419922,4521
0.08698797225952148,4520
0.08717894554138184,4519
0.08730077743530273,4518
0.08742880821228027,4517
0.08784890174865723,4516
0.08824968338012695,4515
0.08934187889099121,4514
0.08943581581115723,4513
0.08946776390075684,4512
0.08965086936950684,4511
0.08976888656616211,4510
0.08995294570922852,4509
0.09036779403686523,4508
0.09089374542236328,4507
0.09116578102111816,4506
0.09130978584289551,4505
0.09138679504394531,4504
0.09147882461547852,4503
0.09153985977172852,4502
0.09190082550048828,4501
0.09248566627502441,4500
0.09260368347167969,4499
0.09272384643554688,4498
0.09281778335571289,4497
0.09301185607910156,4496
0.09315299987792969,4495
0.09325981140136719,4494
0.09333181381225586,4493
0.09343481063842773,4492
0.09352588653564453,4491
0.0936129093170166,4490
0.09367084503173828,4489
0.09489083290100098,4488
0.0958409309387207,4487
0.0960848331451416,4486
0.0961458683013916,4485
0.09617471694946289,4484
0.0962836742401123,4483
0.09640073776245117,4482
0.09645271301269531,4481
0.09672784805297852,4480
0.09683871269226074,4479
0.09758281707763672,4478
0.0976858139038086,4477
0.0978386402130127,4476
0.09793686866760254,4475
0.09901785850524902,4474
0.09908866882324219,4473
0.09995794296264648,4472
0.10023689270019531,4471
0.10075592994689941,4470
0.10079789161682129,4469
0.10112261772155762,4468
0.10126876831054688,4467
0.10161304473876953,4466
0.10188889503479004,4465
0.10203385353088379,4464
0.10215497016906738,4463
0.10240983963012695,4462
0.10255265235900879,4461
0.10283684730529785,4460
0.10289788246154785,4459
0.10293173789978027,4458
0.10298681259155273,4457
0.10312485694885254,4456
0.10320186614990234,4455
0.10336089134216309,4454
0.10341668128967285,4453
0.10344290733337402,4452
0.10347890853881836,4451
0.10488700866699219,4450
0.10501980781555176,4449
0.10545682907104492,4448
0.10662293434143066,4447
0.10671472549438477,4446
0.10819506645202637,4445
0.10832881927490234,4444
0.10848093032836914,4443
0.10863590240478516,4442
0.1087648868560791,4441
0.1089026927947998,4440
0.10894274711608887,4439
0.10901284217834473,4438
0.10923266410827637,4437
0.10931682586669922,4436
0.10970473289489746,4435
0.10978078842163086,4434
0.1098637580871582,4433
0.11068987846374512,4432
0.11108779907226562,4431
0.11119270324707031,4430
0.11169886589050293,4429
0.11206173896789551,4428
0.1121058464050293,4427
0.11233377456665039,4426
0.11236286163330078,4425
0.11258172988891602,4424
0.11296892166137695,4423
0.11308884620666504,4422
0.11319589614868164,4421
0.11327672004699707,4420
0.11332988739013672,4419
0.11345791816711426,4418
0.11364984512329102,4417
0.11375093460083008,4416
0.11380505561828613,4415
0.1139676570892334,4414
0.11409687995910645,4413
0.11419486999511719,4412
0.11432480812072754,4411
0.11478590965270996,4410
0.11481475830078125,4409
0.11493277549743652,4408
0.11535787582397461,4407
0.11564064025878906,4406
0.11573481559753418,4405
0.11577272415161133,4404
0.11746978759765625,4403
0.11757588386535645,4402
0.11768293380737305,4401
0.11779284477233887,4400
0.1179356575012207,4399
0.11797499656677246,4398
0.11813187599182129,4397
0.1183316707611084,4396
0.11954784393310547,4395
0.11986303329467773,4394
0.1213679313659668,4393
0.12214279174804688,4392
0.1222388744354248,4391
0.12234377861022949,4390
0.1234586238861084,4389
0.1241300106048584,4388
0.1253349781036377,4387
0.12542271614074707,4386
0.1257636547088623,4385
0.1264057159423828,4384
0.12669992446899414,4383
0.1276388168334961,4382
0.12788772583007812,4381
0.12797164916992188,4380
0.12801790237426758,4379
0.12812590599060059,4378
0.12821483612060547,4377
0.12834978103637695,4376
0.12885379791259766,4375
0.12900662422180176,4374
0.12916278839111328,4373
0.1293497085571289,4372
0.12940573692321777,4371
0.1301407814025879,4370
0.1304488182067871,4369
0.13048863410949707,4368
0.13056278228759766,4367
0.13061881065368652,4366
0.1318190097808838,4365
0.13193178176879883,4364
0.13208866119384766,4363
0.13217568397521973,4362
0.13224291801452637,4361
0.13232684135437012,4360
0.13290977478027344,4359
0.13382983207702637,4358
0.13391876220703125,4357
0.13399696350097656,4356
0.13408374786376953,4355
0.13417792320251465,4354
0.13423895835876465,4353
0.13457202911376953,4352
0.13470101356506348,4351
0.13486981391906738,4350
0.13560962677001953,4349
0.13572192192077637,4348
0.1357738971710205,4347
0.13659286499023438,4346
0.13738083839416504,4345
0.13753080368041992,4344
0.13762974739074707,4343
0.13809776306152344,4342
0.13817167282104492,4341
0.13834381103515625,4340
0.1386117935180664,4339
0.13874483108520508,4338
0.1392817497253418,4337
0.13935089111328125,4336
0.14022278785705566,4335
0.14035987854003906,4334
0.1410818099975586,4333
0.14113283157348633,4332
0.14118480682373047,4331
0.14176583290100098,4330
0.14261078834533691,4329
0.14279699325561523,4328
0.14290475845336914,4327
0.14299368858337402,4326
0.14307498931884766,4325
0.14316797256469727,4324
0.14328289031982422,4323
0.14347076416015625,4322
0.14354300498962402,4321
0.14392971992492676,4320
0.14401674270629883,4319
0.14415979385375977,4318
0.14429783821105957,4317
0.1444389820098877,4316
0.14450979232788086,4315
0.14455080032348633,4314
0.1446399688720703,4313
0.14592480659484863,4312
0.14775395393371582,4311
0.1478877067565918,4310
0.14838480949401855,4309
0.14849090576171875,4308
0.1490926742553711,4307
0.14923691749572754,4306
0.14941000938415527,4305
0.14944791793823242,4304
0.14989376068115234,4303
0.1500380039215088,4302
0.15035676956176758,4301
0.15045881271362305,4300
0.15146970748901367,4299
0.15193486213684082,4298
0.15209388732910156,4297
0.1525568962097168,4296
0.15264463424682617,4295
0.15272283554077148,4294
0.1537647247314453,4293
0.1538989543914795,4292
0.15402960777282715,4291
0.15406179428100586,4290
0.15429973602294922,4289
0.15494084358215332,4288
0.1552448272705078,4287
0.15536880493164062,4286
0.15584468841552734,4285
0.15644073486328125,4284
0.15652871131896973,4283
0.15668988227844238,4282
0.156768798828125,4281
0.15688276290893555,4280
0.157012939453125,4279
0.15748286247253418,4278
0.15754270553588867,4277
0.15766286849975586,4276
0.1577608585357666,4275
0.1578688621520996,4274
0.15792298316955566,4273
0.15804171562194824,4272
0.15806889533996582,4271
0.15814495086669922,4270
0.15824365615844727,4269
0.1585068702697754,4268
0.15866971015930176,4267
0.1587357521057129,4266
0.15881967544555664,4265
0.15889286994934082,4264
0.15897488594055176,4263
0.15917062759399414,4262
0.15927481651306152,4261
0.15930795669555664,4260
0.15935087203979492,4259
0.16000890731811523,4258
0.1602158546447754,4257
0.16029572486877441,4256
0.16127681732177734,4255
0.16138482093811035,4254
0.161484956741333,4253
0.16161775588989258,4252
0.16231489181518555,4251
0.1623988151550293,4250
0.16243577003479004,4249
0.16250276565551758,4248
0.1630399227142334,4247
0.16337370872497559,4246
0.16356968879699707,4245
0.16360068321228027,4244
0.16367363929748535,4243
0.16399383544921875,4242
0.16416573524475098,4241
0.16427278518676758,4240
0.1644306182861328,4239
0.16492891311645508,4238
0.16528081893920898,4237
0.1654977798461914,4236
0.16557884216308594,4235
0.16634273529052734,4234
0.16651082038879395,4233
0.16662383079528809,4232
0.1667947769165039,4231
0.16765475273132324,4230
0.16776275634765625,4229
0.1685028076171875,4228
0.1686408519744873,4227
0.16875886917114258,4226
0.16920185089111328,4225
0.16986799240112305,4224
0.16997504234313965,4223
0.17344260215759277,4222
0.17447376251220703,4221
0.17450976371765137,4220
0.1750638484954834,4219
0.17515063285827637,4218
0.17523479461669922,4217
0.17561578750610352,4216
0.17578697204589844,4215
0.17614269256591797,4214
0.17628693580627441,4213
0.17632770538330078,4212
0.1763617992401123,4211
0.17672085762023926,4210
0.17689967155456543,4209
0.17726683616638184,4208
0.17763781547546387,4207
0.1781327724456787,4206
0.17819476127624512,4205
0.17825889587402344,4204
0.17862868309020996,4203
0.17959189414978027,4202
0.17970681190490723,4201
0.18025803565979004,4200
0.18081188201904297,4199
0.18088698387145996,4198
0.18164777755737305,4197
0.18169283866882324,4196
0.18182873725891113,4195
0.18195772171020508,4194
0.18256092071533203,4193
0.18268585205078125,4192
0.1829698085784912,4191
0.18312597274780273,4190
0.18320465087890625,4189
0.18328380584716797,4188
0.1833326816558838,4187
0.18352293968200684,4186
0.18384790420532227,4185
0.18433094024658203,4184
0.18464994430541992,4183
0.18483567237854004,4182
0.18488478660583496,4181
0.18529295921325684,4180
0.18605279922485352,4179
0.1867368221282959,4178
0.1867828369140625,4177
0.18681859970092773,4176
0.18689990043640137,4175
0.1869678497314453,4174
0.18786287307739258,4173
0.18802785873413086,4172
0.18806982040405273,4171
0.1894998550415039,4170
0.18986797332763672,4169
0.18996882438659668,4168
0.1900479793548584,4167
0.19139575958251953,4166
0.19154882431030273,4165
0.19203782081604004,4164
0.19265079498291016,4163
0.19321680068969727,4162
0.19331097602844238,4161
0.19334077835083008,4160
0.19342279434204102,4159
0.1938178539276123,4158
0.19506096839904785,4157
0.19515585899353027,4156
0.19543075561523438,4155
0.19554567337036133,4154
0.196807861328125,4153
0.19683384895324707,4152
0.19700074195861816,4151
0.19716501235961914,4150
0.19759202003479004,4149
0.19765400886535645,4148
0.19773578643798828,4147
0.19838166236877441,4146
0.19843506813049316,4145
0.19858288764953613,4144
0.19917798042297363,4143
0.19988393783569336,4142
0.19999194145202637,4141
0.2000749111175537,4140
0.20051980018615723,4139
0.20081567764282227,4138
0.20105481147766113,4137
0.20120882987976074,4136
0.20129680633544922,4135
0.2019026279449463,4134
0.2019336223602295,4133
0.20202898979187012,4132
0.2021617889404297,4131
0.20291781425476074,4130
0.20352792739868164,4129
0.2037639617919922,4128
0.20453190803527832,4127
0.20460081100463867,4126
0.20475268363952637,4125
0.2048177719116211,4124
0.2049410343170166,4123
0.2059788703918457,4122
0.2060248851776123,4121
0.20644664764404297,4120
0.20691561698913574,4119
0.20713067054748535,4118
0.20720887184143066,4117
0.20777487754821777,4116
0.20784878730773926,4115
0.20794081687927246,4114
0.20807600021362305,4113
0.2083568572998047,4112
0.20985078811645508,4111
0.2109057903289795,4110
0.21210575103759766,4109
0.21226072311401367,4108
0.2129838466644287,4107
0.2130587100982666,4106
0.21315288543701172,4105
0.21326160430908203,4104
0.21392583847045898,4103
0.21398496627807617,4102
0.2140946388244629,4101
0.21417593955993652,4100
0.21428489685058594,4099
0.21431970596313477,4098
0.21478676795959473,4097
0.21497488021850586,4096
0.21509671211242676,4095
0.21555685997009277,4094
0.2164459228515625,4093
0.21702194213867188,4092
0.21715879440307617,4091
0.217911958694458,4090
0.21794891357421875,4089
0.21815180778503418,4088
0.21828079223632812,4087
0.21845602989196777,4086
0.21851801872253418,4085
0.2185966968536377,4084
0.2186727523803711,4083
0.2187948226928711,4082
0.21892094612121582,4081
0.21902775764465332,4080
0.21931791305541992,4079
0.21936297416687012,4078
0.21947479248046875,4077
0.2196359634399414,4076
0.22032976150512695,4075
0.2209467887878418,4074
0.22112584114074707,4073
0.2211627960205078,4072
0.2212820053100586,4071
0.2217426300048828,4070
0.2219839096069336,4069
0.2221508026123047,4068
0.22247695922851562,4067
0.2225208282470703,4066
0.2240607738494873,4065
0.2244877815246582,4064
0.22479677200317383,4063
0.22493696212768555,4062
0.22556781768798828,4061
0.22559475898742676,4060
0.2259998321533203,4059
0.22659087181091309,4058
0.22668695449829102,4057
0.2267765998840332,4056
0.2268359661102295,4055
0.2268657684326172,4054
0.2277998924255371,4053
0.22866201400756836,4052
0.22975897789001465,4051
0.23006486892700195,4050
0.2312450408935547,4049
0.23127079010009766,4048
0.23160791397094727,4047
0.23216485977172852,4046
0.2322988510131836,4045
0.23244881629943848,4044
0.23338890075683594,4043
0.2339017391204834,4042
0.23401594161987305,4041
0.23458290100097656,4040
0.23465394973754883,4039
0.23561382293701172,4038
0.2361609935760498,4037
0.23619771003723145,4036
0.2363288402557373,4035
0.23640966415405273,4034
0.23647189140319824,4033
0.23674893379211426,4032
0.23737287521362305,4031
0.23740887641906738,4030
0.23772478103637695,4029
0.23779582977294922,4028
0.23816180229187012,4027
0.2382678985595703,4026
0.23924493789672852,4025
0.24041962623596191,4024
0.24130463600158691,4023
0.24153590202331543,4022
0.2418067455291748,4021
0.24221467971801758,4020
0.24266695976257324,4019
0.24275779724121094,4018
0.24288463592529297,4017
0.24306774139404297,4016
0.24317264556884766,4015
0.24321365356445312,4014
0.2433028221130371,4013
0.2438666820526123,4012
0.24433088302612305,4011
0.2449798583984375,4010
0.24507379531860352,4009
0.24516677856445312,4008
0.24630498886108398,4007
0.2473289966583252,4006
0.24735379219055176,4005
0.24795079231262207,4004
0.2481997013092041,4003
0.24834585189819336,4002
0.24842071533203125,4001
0.24850082397460938,4000
0.24856805801391602,3999
0.24872493743896484,3998
0.2488539218902588,3997
0.2498607635498047,3996
0.25058984756469727,3995
0.2506999969482422,3994
0.2507598400115967,3993
0.2518308162689209,3992
0.2518577575683594,3991
0.2522158622741699,3990
0.2523078918457031,3989
0.25245094299316406,3988
0.2525207996368408,3987
0.25255393981933594,3986
0.2531888484954834,3985
0.25374889373779297,3984
0.2542557716369629,3983
0.2543816566467285,3982
0.2545037269592285,3981
0.2559237480163574,3980
0.2560758590698242,3979
0.256727933883667,3978
0.25685596466064453,3977
0.2570188045501709,3976
0.25818896293640137,3975
0.25847864151000977,3974
0.25957298278808594,3973
0.2605128288269043,3972
0.2606346607208252,3971
0.26117873191833496,3970
0.26392173767089844,3969
0.2655048370361328,3968
0.266237735748291,3967
0.266373872756958,3966
0.2664518356323242,3965
0.26658082008361816,3964
0.2680678367614746,3963
0.26917481422424316,3962
0.26923584938049316,3961
0.2693028450012207,3960
0.26934194564819336,3959
0.2694888114929199,3958
0.27065587043762207,3957
0.2708017826080322,3956
0.27084898948669434,3955
0.2709040641784668,3954
0.2709999084472656,3953
0.2711067199707031,3952
0.271237850189209,3951
0.2721846103668213,3950
0.2744147777557373,3949
0.2744560241699219,3948
0.2745089530944824,3947
0.27490687370300293,3946
0.2758798599243164,3945
0.2759218215942383,3944
0.2760448455810547,3943
0.2774367332458496,3942
0.27802586555480957,3941
0.2781648635864258,3940
0.27852678298950195,3939
0.27902674674987793,3938
0.28075289726257324,3937
0.2812080383300781,3936
0.2812988758087158,3935
0.28188490867614746,3934
0.28197503089904785,3933
0.2827329635620117,3932
0.28276777267456055,3931
0.28376293182373047,3930
0.2838757038116455,3929
0.2839508056640625,3928
0.284740686416626,3927
0.2850327491760254,3926
0.2850806713104248,3925
0.28560304641723633,3924
0.28714680671691895,3923
0.28723883628845215,3922
0.2875678539276123,3921
0.2881619930267334,3920
0.28830385208129883,3919
0.2884848117828369,3918
0.2889089584350586,3917
0.28907179832458496,3916
0.2907388210296631,3915
0.2909207344055176,3914
0.29265880584716797,3913
0.2929058074951172,3912
0.29408979415893555,3911
0.294116735458374,3910
0.29421472549438477,3909
0.2943077087402344,3908
0.2943308353424072,3907
0.29439687728881836,3906
0.2944357395172119,3905
0.2945096492767334,3904
0.29549574851989746,3903
0.296489953994751,3902
0.2970008850097656,3901
0.2971189022064209,3900
0.29723381996154785,3899
0.297304630279541,3898
0.29741573333740234,3897
0.29770588874816895,3896
0.29782700538635254,3895
0.29820895195007324,3894
0.2982959747314453,3893
0.2987089157104492,3892
0.29874467849731445,3891
0.2993929386138916,3890
0.29948997497558594,3889
0.29960083961486816,3888
0.30156898498535156,3887
0.3018198013305664,3886
0.30217981338500977,3885
0.3031899929046631,3884
0.3038499355316162,3883
0.30400991439819336,3882
0.30504488945007324,3881
0.3051629066467285,3880
0.3055899143218994,3879
0.3056659698486328,3878
0.30661988258361816,3877
0.3067917823791504,3876
0.30711865425109863,3875
0.3072357177734375,3874
0.30732274055480957,3873
0.30819177627563477,3872
0.3093738555908203,3871
0.3094756603240967,3870
0.30958986282348633,3869
0.3096737861633301,3868
0.30977582931518555,3867
0.31026482582092285,3866
0.31030702590942383,3865
0.31036376953125,3864
0.3110787868499756,3863
0.3111538887023926,3862
0.3112308979034424,3861
0.3112928867340088,3860
0.3117218017578125,3859
0.31325268745422363,3858
0.31426405906677246,3857
0.31432080268859863,3856
0.31597065925598145,3855
0.3160839080810547,3854
0.31699395179748535,3853
0.3170807361602783,3852
0.3171865940093994,3851
0.31804800033569336,3850
0.3181438446044922,3849
0.31823086738586426,3848
0.32023072242736816,3847
0.32170963287353516,3846
0.32184863090515137,3845
0.32193779945373535,3844
0.3220489025115967,3843
0.32280802726745605,3842
0.3228428363800049,3841
0.32291483879089355,3840
0.3236548900604248,3839
0.3236978054046631,3838
0.32375192642211914,3837
0.3238358497619629,3836
0.3239307403564453,3835
0.3240668773651123,3834
0.3242228031158447,3833
0.32430481910705566,3832
0.3249068260192871,3831
0.325009822845459,3830
0.32677602767944336,3829
0.3277418613433838,3828
0.3278520107269287,3827
0.32794690132141113,3826
0.32799363136291504,3825
0.3284726142883301,3824
0.3288886547088623,3823
0.32926177978515625,3822
0.3311638832092285,3821
0.33162689208984375,3820
0.33362889289855957,3819
0.3337557315826416,3818
0.33382177352905273,3817
0.3338649272918701,3816
0.33396387100219727,3815
0.33435487747192383,3814
0.3346738815307617,3813
0.33477187156677246,3812
0.33632874488830566,3811
0.3374037742614746,3810
0.3379650115966797,3809
0.33876872062683105,3808
0.33913683891296387,3807
0.3393838405609131,3806
0.3398289680480957,3805
0.3422520160675049,3804
0.3423779010772705,3803
0.34240269660949707,3802
0.34367895126342773,3801
0.34415674209594727,3800
0.34458494186401367,3799
0.34470295906066895,3798
0.34588003158569336,3797
0.3459188938140869,3796
0.3471698760986328,3795
0.348768949508667,3794
0.3491199016571045,3793
0.3494589328765869,3792
0.3503296375274658,3791
0.35039281845092773,3790
0.3506648540496826,3789
0.35073089599609375,3788
0.3507578372955322,3787
0.3509087562561035,3786
0.3509798049926758,3785
0.35185670852661133,3784
0.352017879486084,3783
0.35437798500061035,3782
0.35460567474365234,3781
0.35481786727905273,3780
0.3549659252166748,3779
0.3550546169281006,3778
0.35572195053100586,3777
0.35587096214294434,3776
0.35590481758117676,3775
0.3559699058532715,3774
0.35622382164001465,3773
0.356792688369751,3772
0.3572368621826172,3771
0.3572726249694824,3770
0.3580038547515869,3769
0.358051061630249,3768
0.35811400413513184,3767
0.35929083824157715,3766
0.3600728511810303,3765
0.36299800872802734,3764
0.3630678653717041,3763
0.3639998435974121,3762
0.3640918731689453,3761
0.36421871185302734,3760
0.36537981033325195,3759
0.36661601066589355,3758
0.3667287826538086,3757
0.3667929172515869,3756
0.36713171005249023,3755
0.36747288703918457,3754
0.36757969856262207,3753
0.36769580841064453,3752
0.3697237968444824,3751
0.3697938919067383,3750
0.3699767589569092,3749
0.3700599670410156,3748
0.3713200092315674,3747
0.37207484245300293,3746
0.3722050189971924,3745
0.3724489212036133,3744
0.37256288528442383,3743
0.3729116916656494,3742
0.37452077865600586,3741
0.37467169761657715,3740
0.37546372413635254,3739
0.37556982040405273,3738
0.37598085403442383,3737
0.3760948181152344,3736
0.3763399124145508,3735
0.3767707347869873,3734
0.37686777114868164,3733
0.37883472442626953,3732
0.3789238929748535,3731
0.37903785705566406,3730
0.37906670570373535,3729
0.37913084030151367,3728
0.3801157474517822,3727
0.38018178939819336,3726
0.3803126811981201,3725
0.3805527687072754,3724
0.3819766044616699,3723
0.38379883766174316,3722
0.38440799713134766,3721
0.3844869136810303,3720
0.3846268653869629,3719
0.38508081436157227,3718
0.38567590713500977,3717
0.3869588375091553,3716
0.38698267936706543,3715
0.3870687484741211,3714
0.38715696334838867,3713
0.3902778625488281,3712
0.3903846740722656,3711
0.3917570114135742,3710
0.3917849063873291,3709
0.39191699028015137,3708
0.39200258255004883,3707
0.39264678955078125,3706
0.3928108215332031,3705
0.3933749198913574,3704
0.39477086067199707,3703
0.39585089683532715,3702
0.39589881896972656,3701
0.39664196968078613,3700
0.39920878410339355,3699
0.4012577533721924,3698
0.40137696266174316,3697
0.4014008045196533,3696
0.4014408588409424,3695
0.4015316963195801,3694
0.4029359817504883,3693
0.40458083152770996,3692
0.4051368236541748,3691
0.40581488609313965,3690
0.40729188919067383,3689
0.4080770015716553,3688
0.4092438220977783,3687
0.40964293479919434,3686
0.41011667251586914,3685
0.4101448059082031,3684
0.4102778434753418,3683
0.4113278388977051,3682
0.41158604621887207,3681
0.4122166633605957,3680
0.4123499393463135,3679
0.41269397735595703,3678
0.41273069381713867,3677
0.41277170181274414,3676
0.4127998352050781,3675
0.41286396980285645,3674
0.41333985328674316,3673
0.4136807918548584,3672
0.41375088691711426,3671
0.4148697853088379,3670
0.41632676124572754,3669
0.4163668155670166,3668
0.4168567657470703,3667
0.41750597953796387,3666
0.41757678985595703,3665
0.4176628589630127,3664
0.41776084899902344,3663
0.41818904876708984,3662
0.41844987869262695,3661
0.41908884048461914,3660
0.4222588539123535,3659
0.4223768711090088,3658
0.4224989414215088,3657
0.4225797653198242,3656
0.42264389991760254,3655
0.4231548309326172,3654
0.4231877326965332,3653
0.42327284812927246,3652
0.4234306812286377,3651
0.42350101470947266,3650
0.42436981201171875,3649
0.4256448745727539,3648
0.4271738529205322,3647
0.427264928817749,3646
0.427398681640625,3645
0.42745184898376465,3644
0.4275016784667969,3643
0.42757296562194824,3642
0.42763590812683105,3641
0.42774486541748047,3640
0.4278099536895752,3639
0.4279308319091797,3638
0.42915773391723633,3637
0.4299628734588623,3636
0.4300258159637451,3635
0.4301118850708008,3634
0.4302546977996826,3633
0.4305698871612549,3632
0.4315629005432129,3631
0.4319286346435547,3630
0.43348073959350586,3629
0.4340536594390869,3628
0.43413400650024414,3627
0.434384822845459,3626
0.4347877502441406,3625
0.4354898929595947,3624
0.43552279472351074,3623
0.4355807304382324,3622
0.4360518455505371,3621
0.43810462951660156,3620
0.4381978511810303,3619
0.43900585174560547,3618
0.43906664848327637,3617
0.44109678268432617,3616
0.4425547122955322,3615
0.44301795959472656,3614
0.44310879707336426,3613
0.44329190254211426,3612
0.4434187412261963,3611
0.44345879554748535,3610
0.4469177722930908,3609
0.44778966903686523,3608
0.4478907585144043,3607
0.44801783561706543,3606
0.4489247798919678,3605
0.449138879776001,3604
0.4496638774871826,3603
0.4506716728210449,3602
0.45134878158569336,3601
0.4524269104003906,3600
0.45364880561828613,3599
0.45372581481933594,3598
0.45436573028564453,3597
0.4544486999511719,3596
0.4566028118133545,3595
0.4566798210144043,3594
0.45670294761657715,3593
0.45673680305480957,3592
0.4568288326263428,3591
0.4568827152252197,3590
0.4569427967071533,3589
0.4572467803955078,3588
0.45824265480041504,3587
0.4595649242401123,3586
0.4599490165710449,3585
0.46019506454467773,3584
0.4605698585510254,3583
0.46068382263183594,3582
0.4607846736907959,3581
0.4608187675476074,3580
0.46103596687316895,3579
0.46112585067749023,3578
0.4619438648223877,3577
0.4624638557434082,3576
0.4634418487548828,3575
0.46401476860046387,3574
0.4640769958496094,3573
0.464127779006958,3572
0.46443891525268555,3571
0.4646928310394287,3570
0.4647948741912842,3569
0.46512770652770996,3568
0.466871976852417,3567
0.4672677516937256,3566
0.4673178195953369,3565
0.467836856842041,3564
0.4683959484100342,3563
0.4684417247772217,3562
0.4689497947692871,3561
0.469027042388916,3560
0.4706759452819824,3559
0.47075986862182617,3558
0.4725668430328369,3557
0.4750237464904785,3556
0.4766418933868408,3555
0.47670769691467285,3554
0.47681689262390137,3553
0.47687292098999023,3552
0.47742676734924316,3551
0.47913694381713867,3550
0.4793968200683594,3549
0.47945189476013184,3548
0.47956299781799316,3547
0.48005175590515137,3546
0.4808347225189209,3545
0.48088860511779785,3544
0.4819977283477783,3543
0.48209381103515625,3542
0.4823768138885498,3541
0.48294782638549805,3540
0.48329782485961914,3539
0.48369669914245605,3538
0.4837648868560791,3537
0.48479676246643066,3536
0.4848496913909912,3535
0.48650074005126953,3534
0.4874386787414551,3533
0.4875309467315674,3532
0.48836684226989746,3531
0.48845887184143066,3530
0.48875999450683594,3529
0.4887857437133789,3528
0.4890859127044678,3527
0.49031496047973633,3526
0.4921729564666748,3525
0.4922480583190918,3524
0.4939157962799072,3523
0.4939918518066406,3522
0.49469780921936035,3521
0.49474477767944336,3520
0.4949040412902832,3519
0.49521684646606445,3518
0.4952728748321533,3517
0.4957747459411621,3516
0.49591970443725586,3515
0.4960026741027832,3514
0.49672985076904297,3513
0.49750685691833496,3512
0.4979557991027832,3511
0.4985537528991699,3510
0.5000109672546387,3509
0.5000476837158203,3508
0.5000886917114258,3507
0.5016796588897705,3506
0.5031516551971436,3505
0.5032157897949219,3504
0.503288745880127,3503
0.5035347938537598,3502
0.5036087036132812,3501
0.5057268142700195,3500
0.5066149234771729,3499
0.5067298412322998,3498
0.5067839622497559,3497
0.5068488121032715,3496
0.5082108974456787,3495
0.5082607269287109,3494
0.5093638896942139,3493
0.5109837055206299,3492
0.5110609531402588,3491
0.512293815612793,3490
0.5144996643066406,3489
0.5154469013214111,3488
0.5161678791046143,3487
0.5173518657684326,3486
0.5184056758880615,3485
0.5185337066650391,3484
0.5186388492584229,3483
0.5187158584594727,3482
0.5193557739257812,3481
0.5232467651367188,3480
0.5233328342437744,3479
0.5239558219909668,3478
0.5242698192596436,3477
0.5255789756774902,3476
0.5270547866821289,3475
0.5271327495574951,3474
0.5290877819061279,3473
0.5300958156585693,3472
0.5304179191589355,3471
0.5307366847991943,3470
0.5308537483215332,3469
0.5314328670501709,3468
0.5315127372741699,3467
0.5317859649658203,3466
0.5321636199951172,3465
0.5334498882293701,3464
0.5340609550476074,3463
0.5354969501495361,3462
0.5355188846588135,3461
0.5374467372894287,3460
0.539252758026123,3459
0.5398478507995605,3458
0.5411109924316406,3457
0.5423758029937744,3456
0.5424058437347412,3455
0.545123815536499,3454
0.5472958087921143,3453
0.5476558208465576,3452
0.5482947826385498,3451
0.5486187934875488,3450
0.5489089488983154,3449
0.5492868423461914,3448
0.5517518520355225,3447
0.552940845489502,3446
0.5534849166870117,3445
0.5568497180938721,3444
0.5569188594818115,3443
0.557919979095459,3442
0.5579929351806641,3441
0.5592927932739258,3440
0.5612049102783203,3439
0.5617897510528564,3438
0.5618958473205566,3437
0.5620439052581787,3436
0.562187910079956,3435
0.5623507499694824,3434
0.5629587173461914,3433
0.5633237361907959,3432
0.5638518333435059,3431
0.5639228820800781,3430
0.5642569065093994,3429
0.5649096965789795,3428
0.5649347305297852,3427
0.5650076866149902,3426
0.5669517517089844,3425
0.5670368671417236,3424
0.567631721496582,3423
0.5677268505096436,3422
0.5687737464904785,3421
0.5712897777557373,3420
0.5727107524871826,3419
0.5727379322052002,3418
0.5732316970825195,3417
0.5739047527313232,3416
0.5741097927093506,3415
0.574152946472168,3414
0.5745236873626709,3413
0.5746057033538818,3412
0.5746259689331055,3411
0.5756337642669678,3410
0.5788488388061523,3409
0.5801730155944824,3408
0.5820198059082031,3407
0.5820820331573486,3406
0.5821659564971924,3405
0.582514762878418,3404
0.5825858116149902,3403
0.582697868347168,3402
0.582777738571167,3401
0.5832157135009766,3400
0.5836338996887207,3399
0.5840330123901367,3398
0.5850868225097656,3397
0.5859458446502686,3396
0.586035966873169,3395
0.5871427059173584,3394
0.5872769355773926,3393
0.5876898765563965,3392
0.5878477096557617,3391
0.587925910949707,3390
0.5897178649902344,3389
0.5900058746337891,3388
0.5925188064575195,3387
0.5925798416137695,3386
0.5928947925567627,3385
0.5930259227752686,3384
0.5934429168701172,3383
0.5939087867736816,3382
0.5942709445953369,3381
0.5951159000396729,3380
0.5952019691467285,3379
0.5964317321777344,3378
0.5965108871459961,3377
0.5984046459197998,3376
0.5991029739379883,3375
0.6001088619232178,3374
0.603355884552002,3373
0.6043558120727539,3372
0.6045138835906982,3371
0.6052048206329346,3370
0.6055989265441895,3369
0.6064786911010742,3368
0.6081469058990479,3367
0.6082358360290527,3366
0.6087527275085449,3365
0.6091568470001221,3364
0.6122088432312012,3363
0.6131057739257812,3362
0.6146488189697266,3361
0.6155598163604736,3360
0.6156280040740967,3359
0.6159408092498779,3358
0.6161279678344727,3357
0.6162149906158447,3356
0.6163098812103271,3355
0.6169967651367188,3354
0.6172919273376465,3353
0.6179137229919434,3352
0.618884801864624,3351
0.6206088066101074,3350
0.6208839416503906,3349
0.6241757869720459,3348
0.6244678497314453,3347
0.6255497932434082,3346
0.6258468627929688,3345
0.6259236335754395,3344
0.6276247501373291,3343
0.6285250186920166,3342
0.6287927627563477,3341
0.6290628910064697,3340
0.6296157836914062,3339
0.6323578357696533,3338
0.6324338912963867,3337
0.6327028274536133,3336
0.633659839630127,3335
0.6349978446960449,3334
0.6375558376312256,3333
0.637913703918457,3332
0.6397817134857178,3331
0.6401448249816895,3330
0.640204906463623,3329
0.6406168937683105,3328
0.6407208442687988,3327
0.6407506465911865,3326
0.6445057392120361,3325
0.6451959609985352,3324
0.6452558040618896,3323
0.6455607414245605,3322
0.6456677913665771,3321
0.647345781326294,3320
0.6484558582305908,3319
0.6488046646118164,3318
0.648871898651123,3317
0.648932695388794,3316
0.6495437622070312,3315
0.6508758068084717,3314
0.6509387493133545,3313
0.6509969234466553,3312
0.6522037982940674,3311
0.6525177955627441,3310
0.6526236534118652,3309
0.6553177833557129,3308
0.6564779281616211,3307
0.6592559814453125,3306
0.659855842590332,3305
0.6613118648529053,3304
0.6622378826141357,3303
0.6627457141876221,3302
0.6628627777099609,3301
0.6634149551391602,3300
0.6634888648986816,3299
0.6635446548461914,3298
0.6636407375335693,3297
0.6645307540893555,3296
0.6653916835784912,3295
0.6654157638549805,3294
0.665496826171875,3293
0.6658048629760742,3292
0.6658587455749512,3291
0.6659247875213623,3290
0.6660668849945068,3289
0.6672868728637695,3288
0.6675097942352295,3287
0.6675739288330078,3286
0.6684699058532715,3285
0.668745756149292,3284
0.6694068908691406,3283
0.6709697246551514,3282
0.6738259792327881,3281
0.6746208667755127,3280
0.6756577491760254,3279
0.6757209300994873,3278
0.676002025604248,3277
0.6760678291320801,3276
0.6771578788757324,3275
0.6780316829681396,3274
0.6791408061981201,3273
0.6797528266906738,3272
0.679823637008667,3271
0.6801416873931885,3270
0.6805417537689209,3269
0.6807048320770264,3268
0.6815218925476074,3267
0.6843917369842529,3266
0.685471773147583,3265
0.6858937740325928,3264
0.6859970092773438,3263
0.6863589286804199,3262
0.6872959136962891,3261
0.6884758472442627,3260
0.6886446475982666,3259
0.6892826557159424,3258
0.6905789375305176,3257
0.6918878555297852,3256
0.6919898986816406,3255
0.6920387744903564,3254
0.6949596405029297,3253
0.6954398155212402,3252
0.6956908702850342,3251
0.6968839168548584,3250
0.6969048976898193,3249
0.6969656944274902,3248
0.698239803314209,3247
0.6983706951141357,3246
0.6984307765960693,3245
0.699455976486206,3244
0.6997706890106201,3243
0.6998388767242432,3242
0.7043557167053223,3241
0.7046468257904053,3240
0.7046949863433838,3239
0.7047407627105713,3238
0.7048046588897705,3237
0.7057206630706787,3236
0.7065069675445557,3235
0.7086257934570312,3234
0.7087306976318359,3233
0.7097148895263672,3232
0.710289716720581,3231
0.710716724395752,3230
0.7107467651367188,3229
0.710852861404419,3228
0.7122049331665039,3227
0.7122597694396973,3226
0.7125890254974365,3225
0.7133166790008545,3224
0.7139906883239746,3223
0.7142257690429688,3222
0.7171146869659424,3221
0.7178378105163574,3220
0.7179529666900635,3219
0.7180459499359131,3218
0.7188389301300049,3217
0.7205297946929932,3216
0.72393798828125,3215
0.7259719371795654,3214
0.726043701171875,3213
0.7261109352111816,3212
0.7271857261657715,3211
0.7275688648223877,3210
0.7278268337249756,3209
0.7316098213195801,3208
0.7317008972167969,3207
0.73177170753479,3206
0.7318687438964844,3205
0.734440803527832,3204
0.7347338199615479,3203
0.7372229099273682,3202
0.7373828887939453,3201
0.7378659248352051,3200
0.7382116317749023,3199
0.7398157119750977,3198
0.7401337623596191,3197
0.741865873336792,3196
0.7427108287811279,3195
0.7437150478363037,3194
0.7439737319946289,3193
0.7440576553344727,3192
0.7441656589508057,3191
0.744269609451294,3190
0.748661994934082,3189
0.7497189044952393,3188
0.7498178482055664,3187
0.7527618408203125,3186
0.7530899047851562,3185
0.7564799785614014,3184
0.7572238445281982,3183
0.7582437992095947,3182
0.758296012878418,3181
0.7589328289031982,3180
0.7597277164459229,3179
0.7597999572753906,3178
0.7612028121948242,3177
0.764509916305542,3176
0.7645549774169922,3175
0.7645797729492188,3174
0.7646818161010742,3173
0.7652337551116943,3172
0.7670319080352783,3171
0.7670557498931885,3170
0.7744498252868652,3169
0.7773559093475342,3168
0.7784178256988525,3167
0.7796499729156494,3166
0.7801578044891357,3165
0.7828269004821777,3164
0.7848649024963379,3163
0.7864358425140381,3162
0.7893407344818115,3161
0.7896397113800049,3160
0.7930049896240234,3159
0.7933948040008545,3158
0.7937519550323486,3157
0.7945857048034668,3156
0.7946827411651611,3155
0.7947399616241455,3154
0.7962589263916016,3153
0.7966437339782715,3152
0.7972757816314697,3151
0.7980349063873291,3150
0.7982897758483887,3149
0.7983889579772949,3148
0.7990007400512695,3147
0.799677848815918,3146
0.80135178565979,3145
0.8014006614685059,3144
0.8014638423919678,3143
0.8039407730102539,3142
0.804311990737915,3141
0.8043458461761475,3140
0.8047478199005127,3139
0.8056550025939941,3138
0.8086566925048828,3137
0.8087389469146729,3136
0.8090898990631104,3135
0.8094377517700195,3134
0.8106348514556885,3133
0.8109488487243652,3132
0.8117496967315674,3131
0.8129978179931641,3130
0.8136107921600342,3129
0.8138668537139893,3128
0.8150210380554199,3127
0.8161337375640869,3126
0.8162758350372314,3125
0.8218557834625244,3124
0.8228809833526611,3123
0.8234307765960693,3122
0.8244609832763672,3121
0.8247208595275879,3120
0.8247888088226318,3119
0.8248229026794434,3118
0.826021671295166,3117
0.8286137580871582,3116
0.8292238712310791,3115
0.8358688354492188,3114
0.8359308242797852,3113
0.8360347747802734,3112
0.8378880023956299,3111
0.8379247188568115,3110
0.8385448455810547,3109
0.8389108180999756,3108
0.8390519618988037,3107
0.8393738269805908,3106
0.8419408798217773,3105
0.8420178890228271,3104
0.844031810760498,3103
0.8444406986236572,3102
0.8447139263153076,3101
0.8452868461608887,3100
0.8469228744506836,3099
0.8470127582550049,3098
0.849881649017334,3097
0.85068678855896,3096
0.8511817455291748,3095
0.8512797355651855,3094
0.8531677722930908,3093
0.8531997203826904,3092
0.8532798290252686,3091
0.8566248416900635,3090
0.8569409847259521,3089
0.8582127094268799,3088
0.8582630157470703,3087
0.8591578006744385,3086
0.8603308200836182,3085
0.8622689247131348,3084
0.8643398284912109,3083
0.8647468090057373,3082
0.864811897277832,3081
0.8663296699523926,3080
0.8664188385009766,3079
0.8696959018707275,3078
0.8707418441772461,3077
0.8718948364257812,3076
0.8726248741149902,3075
0.8726587295532227,3074
0.8726797103881836,3073
0.8733408451080322,3072
0.8736166954040527,3071
0.8748579025268555,3070
0.8765387535095215,3069
0.8766107559204102,3068
0.877910852432251,3067
0.8792257308959961,3066
0.879755973815918,3065
0.8807590007781982,3064
0.8826768398284912,3063
0.8845670223236084,3062
0.8852179050445557,3061
0.8853127956390381,3060
0.8854787349700928,3059
0.8856937885284424,3058
0.8873457908630371,3057
0.8876488208770752,3056
0.8877177238464355,3055
0.8884506225585938,3054
0.8884987831115723,3053
0.8906948566436768,3052
0.8945479393005371,3051
0.8946800231933594,3050
0.8952658176422119,3049
0.8955528736114502,3048
0.8963639736175537,3047
0.898533821105957,3046
0.9000430107116699,3045
0.9007480144500732,3044
0.903444766998291,3043
0.9035108089447021,3042
0.9074838161468506,3041
0.910038948059082,3040
0.9103598594665527,3039
0.9140758514404297,3038
0.9148609638214111,3037
0.9177408218383789,3036
0.91786789894104,3035
0.9179446697235107,3034
0.9180259704589844,3033
0.9181046485900879,3032
0.9220008850097656,3031
0.9224817752838135,3030
0.9225337505340576,3029
0.9226067066192627,3028
0.9276978969573975,3027
0.9283649921417236,3026
0.9346716403961182,3025
0.9353840351104736,3024
0.9395568370819092,3023
0.9403729438781738,3022
0.9404737949371338,3021
0.9429209232330322,3020
0.94468092918396,3019
0.9447298049926758,3018
0.9453239440917969,3017
0.9453577995300293,3016
0.9466779232025146,3015
0.9475917816162109,3014
0.9503998756408691,3013
0.9504678249359131,3012
0.9505317211151123,3011
0.9515247344970703,3010
0.9517638683319092,3009
0.9556326866149902,3008
0.955885648727417,3007
0.9561216831207275,3006
0.9561748504638672,3005
0.9562647342681885,3004
0.9595997333526611,3003
0.96177077293396,3002
0.9627478122711182,3001
0.9646778106689453,3000
0.9676249027252197,2999
0.967958927154541,2998
0.9680466651916504,2997
0.9698429107666016,2996
0.9698927402496338,2995
0.971019983291626,2994
0.9711878299713135,2993
0.975592851638794,2992
0.9761748313903809,2991
0.9762518405914307,2990
0.9769418239593506,2989
0.9773046970367432,2988
0.9784996509552002,2987
0.9790797233581543,2986
0.9804117679595947,2985
0.9809088706970215,2984
0.9821460247039795,2983
0.983609676361084,2982
0.9849300384521484,2981
0.9861459732055664,2980
0.9861969947814941,2979
0.9948379993438721,2978
0.9962108135223389,2977
0.9963219165802002,2976
0.9974558353424072,2975
1.004119873046875,2974
1.0055978298187256,2973
1.0056507587432861,2972
1.0072498321533203,2971
1.008861780166626,2970
1.0094099044799805,2969
1.0105609893798828,2968
1.0118508338928223,2967
1.0149257183074951,2966
1.015779733657837,2965
1.0202717781066895,2964
1.0204379558563232,2963
1.0208549499511719,2962
1.0221257209777832,2961
1.0231678485870361,2960
1.0253288745880127,2959
1.0258917808532715,2958
1.0259509086608887,2957
1.0295708179473877,2956
1.029662847518921,2955
1.0297479629516602,2954
1.0298707485198975,2953
1.0322458744049072,2952
1.0323567390441895,2951
1.0348646640777588,2950
1.0349547863006592,2949
1.0356898307800293,2948
1.0357587337493896,2947
1.0358178615570068,2946
1.0365397930145264,2945
1.0386838912963867,2944
1.0389649868011475,2943
1.0419797897338867,2942
1.04563570022583,2941
1.0461537837982178,2940
1.0462379455566406,2939
1.0481090545654297,2938
1.0482048988342285,2937
1.0503809452056885,2936
1.0512077808380127,2935
1.0535438060760498,2934
1.0543580055236816,2933
1.056358814239502,2932
1.057389736175537,2931
1.0577600002288818,2930
1.0602779388427734,2929
1.0622408390045166,2928
1.064084768295288,2927
1.0650978088378906,2926
1.0664246082305908,2925
1.069248914718628,2924
1.069303035736084,2923
1.0778119564056396,2922
1.0795297622680664,2921
1.0811266899108887,2920
1.0821449756622314,2919
1.084096908569336,2918
1.086221694946289,2917
1.087744951248169,2916
1.0887928009033203,2915
1.0888519287109375,2914
1.0889058113098145,2913
1.0900778770446777,2912
1.0901596546173096,2911
1.0924458503723145,2910
1.0926268100738525,2909
1.0932538509368896,2908
1.0972118377685547,2907
1.1000618934631348,2906
1.1001577377319336,2905
1.1042790412902832,2904
1.1099398136138916,2903
1.1107277870178223,2902
1.1136488914489746,2901
1.1136980056762695,2900
1.1173670291900635,2899
1.1193158626556396,2898
1.1210668087005615,2897
1.121755838394165,2896
1.1253798007965088,2895
1.1284189224243164,2894
1.129455804824829,2893
1.1317048072814941,2892
1.132962942123413,2891
1.1354706287384033,2890
1.1367919445037842,2889
1.136819839477539,2888
1.1389119625091553,2887
1.142338752746582,2886
1.14241361618042,2885
1.1424560546875,2884
1.1425199508666992,2883
1.1436679363250732,2882
1.144791841506958,2881
1.14510178565979,2880
1.1475257873535156,2879
1.1501097679138184,2878
1.150660753250122,2877
1.150709867477417,2876
1.150749921798706,2875
1.1517348289489746,2874
1.1546807289123535,2873
1.1559579372406006,2872
1.1560287475585938,2871
1.1614856719970703,2870
1.1616706848144531,2869
1.1625089645385742,2868
1.1643428802490234,2867
1.1658258438110352,2866
1.16585373878479,2865
1.1659457683563232,2864
1.168111801147461,2863
1.1697278022766113,2862
1.170177936553955,2861
1.1711628437042236,2860
1.17120361328125,2859
1.1712849140167236,2858
1.1736466884613037,2857
1.173757791519165,2856
1.1740858554840088,2855
1.1811597347259521,2854
1.1836268901824951,2853
1.1849157810211182,2852
1.185790777206421,2851
1.1858177185058594,2850
1.1864898204803467,2849
1.1873736381530762,2848
1.1979289054870605,2847
1.199009895324707,2846
1.1992738246917725,2845
1.200068712234497,2844
1.2039389610290527,2843
1.2056567668914795,2842
1.2114918231964111,2841
1.213965654373169,2840
1.2164080142974854,2839
1.220789909362793,2838
1.2228858470916748,2837
1.2245769500732422,2836
1.2277328968048096,2835
1.2290387153625488,2834
1.2303338050842285,2833
1.2311367988586426,2832
1.2333576679229736,2831
1.239743947982788,2830
1.2418889999389648,2829
1.2445108890533447,2828
1.2445969581604004,2827
1.2463068962097168,2826
1.2463648319244385,2825
1.2477660179138184,2824
1.2494347095489502,2823
1.249790906906128,2822
1.253654956817627,2821
1.2543737888336182,2820
1.2582907676696777,2819
1.2615077495574951,2818
1.2649526596069336,2817
1.2651126384735107,2816
1.2694857120513916,2815
1.2714087963104248,2814
1.2741508483886719,2813
1.275986909866333,2812
1.276047706604004,2811
1.2777118682861328,2810
1.2818176746368408,2809
1.2880768775939941,2808
1.2887217998504639,2807
1.2909266948699951,2806
1.291238784790039,2805
1.2951607704162598,2804
1.3079557418823242,2803
1.3127117156982422,2802
1.3132317066192627,2801
1.3176307678222656,2800
1.3206799030303955,2799
1.320793628692627,2798
1.3253028392791748,2797
1.3302006721496582,2796
1.334681749343872,2795
1.3381257057189941,2794
1.3389067649841309,2793
1.3409488201141357,2792
1.342695713043213,2791
1.3433499336242676,2790
1.3444979190826416,2789
1.347592830657959,2788
1.3476598262786865,2787
1.3477139472961426,2786
1.3522827625274658,2785
1.35233473777771,2784
1.3548049926757812,2783
1.3554909229278564,2782
1.3595869541168213,2781
1.3608357906341553,2780
1.3618559837341309,2779
1.3663387298583984,2778
1.3698198795318604,2777
1.3725576400756836,2776
1.3761718273162842,2775
1.377030849456787,2774
1.3789019584655762,2773
1.3822746276855469,2772
1.3834607601165771,2771
1.3835136890411377,2770
1.3839647769927979,2769
1.3861477375030518,2768
1.3864197731018066,2767
1.38649582862854,2766
1.3928558826446533,2765
1.3931677341461182,2764
1.3947038650512695,2763
1.3947739601135254,2762
1.3948297500610352,2761
1.397608757019043,2760
1.4008588790893555,2759
1.4009277820587158,2758
1.4019346237182617,2757
1.4038786888122559,2756
1.4060609340667725,2755
1.4068238735198975,2754
1.4075078964233398,2753
1.4081299304962158,2752
1.4099147319793701,2751
1.4169838428497314,2750
1.417022943496704,2749
1.4223108291625977,2748
1.4241948127746582,2747
1.4242208003997803,2746
1.4307630062103271,2745
1.4321348667144775,2744
1.4335339069366455,2743
1.437856912612915,2742
1.4387929439544678,2741
1.4388458728790283,2740
1.4395897388458252,2739
1.4398839473724365,2738
1.441603660583496,2737
1.4427697658538818,2736
1.4459898471832275,2735
1.447495937347412,2734
1.4484837055206299,2733
1.4515087604522705,2732
1.4536597728729248,2731
1.4544026851654053,2730
1.4571456909179688,2729
1.4617409706115723,2728
1.4707598686218262,2727
1.4745049476623535,2726
1.475874900817871,2725
1.4759087562561035,2724
1.4799127578735352,2723
1.4803087711334229,2722
1.4835057258605957,2721
1.484088659286499,2720
1.4841289520263672,2719
1.4842028617858887,2718
1.4880046844482422,2717
1.4920928478240967,2716
1.492811918258667,2715
1.4981780052185059,2714
1.4991037845611572,2713
1.5050017833709717,2712
1.5089709758758545,2711
1.5127778053283691,2710
1.512892723083496,2709
1.5159168243408203,2708
1.5176119804382324,2707
1.5231449604034424,2706
1.5240240097045898,2705
1.5287086963653564,2704
1.5330066680908203,2703
1.5350127220153809,2702
1.54268479347229,2701
1.5441830158233643,2700
1.5468008518218994,2699
1.5481877326965332,2698
1.5498387813568115,2697
1.5504870414733887,2696
1.5507497787475586,2695
1.553217887878418,2694
1.5582387447357178,2693
1.560364007949829,2692
1.5604488849639893,2691
1.5622940063476562,2690
1.5628037452697754,2689
1.564664602279663,2688
1.5653786659240723,2687
1.5654199123382568,2686
1.566828966140747,2685
1.5671799182891846,2684
1.571894884109497,2683
1.5767688751220703,2682
1.5773217678070068,2681
1.5859429836273193,2680
1.592606782913208,2679
1.5950379371643066,2678
1.596221923828125,2677
1.5999107360839844,2676
1.602132797241211,2675
1.6025447845458984,2674
1.60483980178833,2673
1.622783899307251,2672
1.6230578422546387,2671
1.6258337497711182,2670
1.6334466934204102,2669
1.635502815246582,2668
1.640599012374878,2667
1.644028902053833,2666
1.644873857498169,2665
1.6459918022155762,2664
1.653369665145874,2663
1.6548547744750977,2662
1.6551847457885742,2661
1.656681776046753,2660
1.657228946685791,2659
1.6597328186035156,2658
1.660597801208496,2657
1.6610968112945557,2656
1.6695427894592285,2655
1.6742138862609863,2654
1.6791348457336426,2653
1.681877851486206,2652
1.6819357872009277,2651
1.6838798522949219,2650
1.6849336624145508,2649
1.6908748149871826,2648
1.6935679912567139,2647
1.694727897644043,2646
1.6956636905670166,2645
1.6966278553009033,2644
1.7009408473968506,2643
1.7075917720794678,2642
1.7079217433929443,2641
1.711655855178833,2640
1.7124059200286865,2639
1.720533847808838,2638
1.725687026977539,2637
1.728956699371338,2636
1.7318599224090576,2635
1.7405576705932617,2634
1.7424328327178955,2633
1.7430949211120605,2632
1.748666763305664,2631
1.7508180141448975,2630
1.7531278133392334,2629
1.7533068656921387,2628
1.759990930557251,2627
1.7600939273834229,2626
1.7601768970489502,2625
1.7602207660675049,2624
1.7674119472503662,2623
1.7698497772216797,2622
1.7746868133544922,2621
1.7773339748382568,2620
1.783512830734253,2619
1.7912397384643555,2618
1.792165756225586,2617
1.7946748733520508,2616
1.7964847087860107,2615
1.802271842956543,2614
1.8023037910461426,2613
1.8099608421325684,2612
1.811574935913086,2611
1.8116159439086914,2610
1.8116328716278076,2609
1.8117256164550781,2608
1.8126797676086426,2607
1.8174917697906494,2606
1.821049690246582,2605
1.8247497081756592,2604
1.8289198875427246,2603
1.833019733428955,2602
1.8345327377319336,2601
1.8394899368286133,2600
1.8395178318023682,2599
1.8440728187561035,2598
1.844944715499878,2597
1.8493988513946533,2596
1.8565607070922852,2595
1.8611907958984375,2594
1.8613197803497314,2593
1.861999750137329,2592
1.8632986545562744,2591
1.8633179664611816,2590
1.8634607791900635,2589
1.8694519996643066,2588
1.871147871017456,2587
1.8767726421356201,2586
1.8943748474121094,2585
1.9028148651123047,2584
1.9069559574127197,2583
1.911611795425415,2582
1.9127039909362793,2581
1.9129438400268555,2580
1.9156768321990967,2579
1.915780782699585,2578
1.9165339469909668,2577
1.9174127578735352,2576
1.9184598922729492,2575
1.9190537929534912,2574
1.9228038787841797,2573
1.9313647747039795,2572
1.9316017627716064,2571
1.9333627223968506,2570
1.9397130012512207,2569
1.9444878101348877,2568
1.9462766647338867,2567
1.9529399871826172,2566
1.9537839889526367,2565
1.95888090133667,2564
1.963681936264038,2563
1.973526954650879,2562
1.9789559841156006,2561
1.9795408248901367,2560
1.9800457954406738,2559
1.9844179153442383,2558
1.984895944595337,2557
1.9897918701171875,2556
1.9920597076416016,2555
1.9921636581420898,2554
1.9941167831420898,2553
1.9941737651824951,2552
1.9944477081298828,2551
1.996924877166748,2550
1.9987068176269531,2549
2.002330780029297,2548
2.004206657409668,2547
2.0083866119384766,2546
2.0102829933166504,2545
2.0126638412475586,2544
2.0193116664886475,2543
2.025516986846924,2542
2.028904914855957,2541
2.0341989994049072,2540
2.0416219234466553,2539
2.0427167415618896,2538
2.0432918071746826,2537
2.058701753616333,2536
2.06034779548645,2535
2.062802791595459,2534
2.0656449794769287,2533
2.068206787109375,2532
2.074199914932251,2531
2.074262857437134,2530
2.0814948081970215,2529
2.0868189334869385,2528
2.0868380069732666,2527
2.087064027786255,2526
2.0911927223205566,2525
2.0942468643188477,2524
2.1012017726898193,2523
2.101256847381592,2522
2.1013758182525635,2521
2.105437755584717,2520
2.110257863998413,2519
2.1107587814331055,2518
2.114489793777466,2517
2.118229866027832,2516
2.1231298446655273,2515
2.127283811569214,2514
2.1289398670196533,2513
2.1315178871154785,2512
2.1330249309539795,2511
2.135859966278076,2510
2.13671875,2509
2.1477906703948975,2508
2.160839796066284,2507
2.1619858741760254,2506
2.1654868125915527,2505
2.1673288345336914,2504
2.170135021209717,2503
2.171053647994995,2502
2.172899007797241,2501
2.1753458976745605,2500
2.1774258613586426,2499
2.1832356452941895,2498
2.1840298175811768,2497
2.186475992202759,2496
2.189100980758667,2495
2.1920948028564453,2494
2.192293882369995,2493
2.2027628421783447,2492
2.2052297592163086,2491
2.2063968181610107,2490
2.210923910140991,2489
2.2120847702026367,2488
2.212125778198242,2487
2.213894844055176,2486
2.2164039611816406,2485
2.224167823791504,2484
2.2316887378692627,2483
2.2351748943328857,2482
2.2354350090026855,2481
2.244785785675049,2480
2.2493109703063965,2479
2.250084638595581,2478
2.2604987621307373,2477
2.2614078521728516,2476
2.275881767272949,2475
2.2909727096557617,2474
2.29259991645813,2473
2.2939658164978027,2472
2.3073058128356934,2471
2.317626714706421,2470
2.3269338607788086,2469
2.3281116485595703,2468
2.336550712585449,2467
2.3367817401885986,2466
2.3446426391601562,2465
2.364480972290039,2464
2.378415822982788,2463
2.3805558681488037,2462
2.3810369968414307,2461
2.392242908477783,2460
2.3971078395843506,2459
2.4196836948394775,2458
2.419782876968384,2457
2.427264928817749,2456
2.433605670928955,2455
2.4427807331085205,2454
2.4451417922973633,2453
2.4498438835144043,2452
2.453873872756958,2451
2.458207845687866,2450
2.4644339084625244,2449
2.4777207374572754,2448
2.4897708892822266,2447
2.498136043548584,2446
2.5000338554382324,2445
2.512777805328369,2444
2.5185139179229736,2443
2.5206217765808105,2442
2.526766777038574,2441
2.538137674331665,2440
2.557372808456421,2439
2.5643868446350098,2438
2.568557024002075,2437
2.5686588287353516,2436
2.572523832321167,2435
2.5733816623687744,2434
2.5773680210113525,2433
2.5809247493743896,2432
2.5921757221221924,2431
2.5998408794403076,2430
2.6004137992858887,2429
2.609738826751709,2428
2.6119349002838135,2427
2.6146726608276367,2426
2.618299722671509,2425
2.6222238540649414,2424
2.6330559253692627,2423
2.644141674041748,2422
2.6514370441436768,2421
2.7026448249816895,2420
2.703453779220581,2419
2.7057600021362305,2418
2.7081708908081055,2417
2.727402925491333,2416
2.7298038005828857,2415
2.7305829524993896,2414
2.7413549423217773,2413
2.747144937515259,2412
2.770547866821289,2411
2.7784576416015625,2410
2.7848246097564697,2409
2.788057804107666,2408
2.7926418781280518,2407
2.8063039779663086,2406
2.810889959335327,2405
2.814974784851074,2404
2.8161089420318604,2403
2.8274128437042236,2402
2.832366704940796,2401
2.8523237705230713,2400
2.8528928756713867,2399
2.8640990257263184,2398
2.8833658695220947,2397
2.887734889984131,2396
2.8895599842071533,2395
2.8920886516571045,2394
2.902183771133423,2393
2.9047679901123047,2392
2.9145498275756836,2391
2.9351847171783447,2390
2.9410717487335205,2389
2.9443278312683105,2388
2.956749677658081,2387
2.9611778259277344,2386
2.961216926574707,2385
2.9685518741607666,2384
2.9745938777923584,2383
2.990255832672119,2382
2.9958577156066895,2381
3.0108726024627686,2380
3.022608757019043,2379
3.0291478633880615,2378
3.0401039123535156,2377
3.0442988872528076,2376
3.051248788833618,2375
3.064678907394409,2374
3.0799407958984375,2373
3.0824697017669678,2372
3.0860278606414795,2371
3.087209939956665,2370
3.0934808254241943,2369
3.111820936203003,2368
3.119490623474121,2367
3.124154806137085,2366
3.129307746887207,2365
3.141566753387451,2364
3.145049810409546,2363
3.1499366760253906,2362
3.167113780975342,2361
3.203828811645508,2360
3.2336108684539795,2359
3.2633438110351562,2358
3.268599033355713,2357
3.2750089168548584,2356
3.2905290126800537,2355
3.325577974319458,2354
3.3287508487701416,2353
3.3291068077087402,2352
3.3368618488311768,2351
3.339002847671509,2350
3.3565287590026855,2349
3.367856740951538,2348
3.4100148677825928,2347
3.449659824371338,2346
3.4533298015594482,2345
3.497910976409912,2344
3.4986958503723145,2343
3.507676839828491,2342
3.5119378566741943,2341
3.5424046516418457,2340
3.5586118698120117,2339
3.5654067993164062,2338
3.5887138843536377,2337
3.5934739112854004,2336
3.6140689849853516,2335
3.6257238388061523,2334
3.6293869018554688,2333
3.6641499996185303,2332
3.705760955810547,2331
3.719984769821167,2330
3.7209208011627197,2329
3.7446799278259277,2328
3.7659919261932373,2327
3.777125835418701,2326
3.779057741165161,2325
3.7846169471740723,2324
3.7878098487854004,2323
3.7882916927337646,2322
3.788383960723877,2321
3.8047497272491455,2320
3.8073079586029053,2319
3.837061882019043,2318
3.858520746231079,2317
3.891711950302124,2316
3.933689832687378,2315
3.9350898265838623,2314
3.945023775100708,2313
3.9584686756134033,2312
3.973404884338379,2311
4.011904001235962,2310
4.057532787322998,2309
4.078451871871948,2308
4.0883519649505615,2307
4.110605716705322,2306
4.240797758102417,2305
4.260941028594971,2304
4.372212886810303,2303
4.381358623504639,2302
4.442241907119751,2301
4.444321870803833,2300
4.464331865310669,2299
4.468310832977295,2298
4.53606390953064,2297
4.545580863952637,2296
4.650808811187744,2295
4.681128740310669,2294
4.701491832733154,2293
4.709434747695923,2292
4.720557689666748,2291
4.733268976211548,2290
4.734679937362671,2289
4.743722915649414,2288
4.801405906677246,2287
4.869877815246582,2286
4.8981077671051025,2285
4.957621812820435,2284
4.982818841934204,2283
5.028841972351074,2282
5.05570387840271,2281
5.0780029296875,2280
5.0996668338775635,2279
5.116949796676636,2278
5.194445610046387,2277
5.215469598770142,2276
5.305421590805054,2275
5.33731484413147,2274
5.3891026973724365,2273
5.4215898513793945,2272
5.423890829086304,2271
5.427612781524658,2270
5.4305338859558105,2269
5.4729368686676025,2268
5.526087760925293,2267
5.594209909439087,2266
5.670841693878174,2265
5.741569995880127,2264
5.792526721954346,2263
6.0298027992248535,2262
6.417686939239502,2261
6.443469762802124,2260
6.473796844482422,2259
6.503525733947754,2258
6.512629985809326,2257
6.666247844696045,2256
6.754243612289429,2255
6.866738796234131,2254
6.908539772033691,2253
6.911587715148926,2252
7.113809823989868,2251
7.215350866317749,2250
7.4227588176727295,2249
7.986808776855469,2248
8.066038846969604,2247
8.111369848251343,2246
8.302012920379639,2245
8.455012798309326,2244
8.488886833190918,2243
8.545246839523315,2242
8.577645778656006,2241
8.75405478477478,2240
8.977629899978638,2239
9.001941919326782,2238
9.092187881469727,2237
9.275004863739014,2236
9.347718715667725,2235
9.652977705001831,2234
9.691479921340942,2233
9.75532579421997,2232
9.761250972747803,2231
9.767599821090698,2230
9.788290023803711,2229
9.835739850997925,2228
11.267204761505127,2227
11.390064716339111,2226
11.65835690498352,2225
12.840913772583008,2224
13.841961860656738,2223
13.947588682174683,2222
13.981114864349365,2221
13.99470591545105,2220
15.365577936172485,2219
15.428199768066406,2218
15.457659721374512,2217
15.481306791305542,2216
15.83400583267212,2215
16.166768789291382,2214
16.453396797180176,2213
16.894121885299683,2212
17.05386972427368,2211
18.99368381500244,2210
24.10239577293396,2209
29.92817974090576,2208
29.947958946228027,2207
45.855642795562744,2206
50.893067836761475,2205
593.279189825058,2204
