0.0,4889
0.01,4804
0.02,4725
0.03,4677
0.04,4610
0.05,4553
0.06,4485
0.07,4430
0.08,4389
0.09,4344
0.1,4286
0.11,4241
0.12,4201
0.13,4168
0.14,4136
0.15,4109
0.16,4074
0.17,4034
0.18,4005
0.19,3963
0.2,3932
0.21,3904
0.22,3864
0.23,3829
0.24,3809
0.25,3779
0.26,3760
0.27,3733
0.28,3710
0.29,3674
0.3,3650
0.31,3627
0.32,3613
0.33,3584
0.34,3561
0.35,3534
0.36,3509
0.37,3492
0.38,3472
0.39,3458
0.4,3451
0.41,3436
0.42,3418
0.43,3401
0.44,3391
0.45,3371
0.46,3345
0.47,3330
0.48,3311
0.49,3303
0.5,3292
0.51,3283
0.52,3269
0.53,3256
0.54,3248
0.55,3234
0.56,3212
0.57,3202
0.58,3191
0.59,3172
0.6,3157
0.61,3148
0.62,3136
0.63,3128
0.64,3116
0.65,3100
0.66,3093
0.67,3079
0.68,3066
0.69,3051
0.7,3039
0.71,3031
0.72,3024
0.73,3016
0.74,3005
0.75,2996
0.76,2988
0.77,2980
0.78,2970
0.79,2959
0.8,2949
0.81,2939
0.82,2931
0.83,2923
0.84,2919
0.85,2910
0.86,2902
0.87,2895
0.88,2886
0.89,2883
0.9,2881
0.91,2875
0.92,2866
0.93,2853
0.94,2844
0.95,2837
0.96,2825
0.97,2816
0.98,2813
0.99,2810
1.0,2798
1.01,2792
1.02,2780
1.03,2774
1.04,2767
1.05,2760
1.06,2752
1.07,2744
1.08,2740
1.09,2730
1.1,2723
1.11,2718
1.12,2708
1.13,2700
1.14,2695
1.15,2690
1.16,2686
1.17,2677
1.18,2671
1.19,2670
1.2,2668
1.21,2665
1.22,2657
1.23,2655
1.24,2651
1.25,2644
1.26,2644
1.27,2641
1.28,2636
1.29,2629
1.3,2623
1.31,2618
1.32,2618
1.33,2610
1.34,2604
1.35,2602
1.36,2597
1.37,2594
1.38,2592
1.39,2589
1.4,2582
1.41,2578
1.42,2575
1.43,2571
1.44,2568
1.45,2565
1.46,2562
1.47,2559
1.48,2559
1.49,2553
1.5,2549
1.51,2546
1.52,2542
1.53,2540
1.54,2538
1.55,2536
1.56,2532
1.57,2527
1.58,2525
1.59,2522
1.6,2518
1.61,2511
1.62,2507
1.63,2504
1.64,2502
1.65,2501
1.66,2499
1.67,2495
1.68,2494
1.69,2493
1.7,2491
1.71,2488
1.72,2486
1.73,2484
1.74,2483
1.75,2477
1.76,2473
1.77,2468
1.78,2463
1.79,2463
1.8,2461
1.81,2461
1.82,2458
1.83,2455
1.84,2454
1.85,2451
1.86,2448
1.87,2447
1.88,2443
1.89,2442
1.9,2440
1.91,2440
1.92,2437
1.93,2435
1.94,2432
1.95,2431
1.96,2431
1.97,2425
1.98,2422
1.99,2421
2.0,2420
2.01,2418
2.02,2415
2.03,2414
2.04,2412
2.05,2410
2.06,2408
2.07,2408
2.08,2408
2.09,2408
2.1,2404
2.11,2401
2.12,2401
2.13,2398
2.14,2398
2.15,2396
2.16,2395
2.17,2395
2.18,2394
2.19,2390
2.2,2389
2.21,2388
2.22,2386
2.23,2385
2.24,2385
2.25,2384
2.26,2381
2.27,2380
2.28,2378
2.29,2377
2.3,2376
2.31,2375
2.32,2374
2.33,2374
2.34,2372
2.35,2372
2.36,2370
2.37,2370
2.38,2369
2.39,2369
2.4,2369
2.41,2369
2.42,2368
2.43,2367
2.44,2366
2.45,2366
2.46,2366
2.47,2365
2.48,2365
2.49,2365
2.5,2363
2.51,2363
2.52,2363
2.53,2363
2.54,2362
2.55,2362
2.56,2362
2.57,2361
2.58,2359
2.59,2358
2.6,2358
2.61,2358
2.62,2357
2.63,2357
2.64,2357
2.65,2356
2.66,2354
2.67,2353
2.68,2353
2.69,2351
2.7,2350
2.71,2349
2.72,2349
2.73,2349
2.74,2349
2.75,2348
2.76,2348
2.77,2348
2.78,2345
2.79,2342
2.8,2342
2.81,2342
2.82,2341
2.83,2340
2.84,2339
2.85,2339
2.86,2338
2.87,2338
2.88,2337
2.89,2335
2.9,2334
2.91,2332
2.92,2330
2.93,2330
2.94,2329
2.95,2329
2.96,2329
2.97,2329
2.98,2328
2.99,2328
3.0,2326
3.01,2326
3.02,2326
3.03,2324
3.04,2322
3.05,2321
3.06,2321
3.07,2321
3.08,2321
3.09,2318
3.1,2318
3.11,2318
3.12,2317
3.13,2316
3.14,2316
3.15,2316
3.16,2315
3.17,2314
3.18,2314
3.19,2313
3.2,2313
3.21,2313
3.22,2312
3.23,2312
3.24,2312
3.25,2311
3.26,2309
3.27,2308
3.28,2308
3.29,2308
3.3,2308
3.31,2308
3.32,2308
3.33,2308
3.34,2308
3.35,2308
3.36,2308
3.37,2308
3.38,2308
3.39,2306
3.4,2306
3.41,2306
3.42,2306
3.43,2306
3.44,2306
3.45,2305
3.46,2304
3.47,2304
3.48,2303
3.49,2303
3.5,2303
3.51,2301
3.52,2300
3.53,2300
3.54,2297
3.55,2297
3.56,2297
3.57,2297
3.58,2296
3.59,2296
3.6,2296
3.61,2295
3.62,2295
3.63,2294
3.64,2294
3.65,2292
3.66,2292
3.67,2292
3.68,2292
3.69,2291
3.7,2290
3.71,2290
3.72,2290
3.73,2290
3.74,2290
3.75,2290
3.76,2290
3.77,2290
3.78,2290
3.79,2290
3.8,2290
3.81,2290
3.82,2290
3.83,2290
3.84,2290
3.85,2290
3.86,2290
3.87,2290
3.88,2290
3.89,2287
3.9,2287
3.91,2286
3.92,2286
3.93,2286
3.94,2285
3.95,2282
3.96,2282
3.97,2282
3.98,2282
3.99,2282
4.0,2282
4.01,2281
4.02,2280
4.03,2280
4.04,2279
4.05,2279
4.06,2279
4.07,2279
4.08,2278
4.09,2278
4.1,2278
4.11,2278
4.12,2278
4.13,2278
4.14,2276
4.15,2276
4.16,2275
4.17,2274
4.18,2273
4.19,2272
4.2,2271
4.21,2271
4.22,2271
4.23,2271
4.24,2271
4.25,2271
4.26,2271
4.27,2271
4.28,2271
4.29,2271
4.3,2271
4.31,2271
4.32,2271
4.33,2271
4.34,2271
4.35,2270
4.36,2270
4.37,2270
4.38,2269
4.39,2268
4.4,2268
4.41,2268
4.42,2268
4.43,2267
4.44,2267
4.45,2267
4.46,2267
4.47,2267
4.48,2267
4.49,2267
4.5,2267
4.51,2267
4.52,2267
4.53,2267
4.54,2267
4.55,2266
4.56,2266
4.57,2266
4.58,2265
4.59,2265
4.6,2264
4.61,2264
4.62,2264
4.63,2264
4.64,2262
4.65,2262
4.66,2262
4.67,2262
4.68,2262
4.69,2261
4.7,2261
4.71,2260
4.72,2260
4.73,2260
4.74,2259
4.75,2259
4.76,2259
4.77,2258
4.78,2258
4.79,2258
4.8,2258
4.81,2258
4.82,2258
4.83,2258
4.84,2258
4.85,2257
4.86,2257
4.87,2257
4.88,2257
4.89,2257
4.9,2256
4.91,2256
4.92,2256
4.93,2256
4.94,2256
4.95,2256
4.96,2256
4.97,2256
4.98,2255
4.99,2255
5.0,2255
5.01,2255
5.02,2255
5.03,2255
5.04,2255
5.05,2255
5.06,2255
5.07,2255
5.08,2255
5.09,2255
5.1,2254
5.11,2254
5.12,2254
5.13,2254
5.14,2254
5.15,2254
5.16,2254
5.17,2254
5.18,2253
5.19,2253
5.2,2253
5.21,2253
5.22,2253
5.23,2253
5.24,2253
5.25,2253
5.26,2253
5.27,2252
5.28,2251
5.29,2251
5.3,2250
5.31,2250
5.32,2250
5.33,2250
5.34,2249
5.35,2249
5.36,2249
5.37,2249
5.38,2249
5.39,2249
5.4,2249
5.41,2249
5.42,2248
5.43,2248
5.44,2248
5.45,2248
5.46,2248
5.47,2248
5.48,2248
5.49,2248
5.5,2248
5.51,2248
5.52,2248
5.53,2248
5.54,2248
5.55,2248
5.56,2248
5.57,2248
5.58,2248
5.59,2248
5.6,2246
5.61,2246
5.62,2246
5.63,2246
5.64,2246
5.65,2245
5.66,2245
5.67,2245
5.68,2245
5.69,2245
5.7,2245
5.71,2245
5.72,2245
5.73,2245
5.74,2245
5.75,2245
5.76,2245
5.77,2245
5.78,2245
5.79,2245
5.8,2245
5.81,2245
5.82,2245
5.83,2245
5.84,2245
5.85,2245
5.86,2245
5.87,2245
5.88,2245
5.89,2245
5.9,2245
5.91,2245
5.92,2245
5.98,2245
5.99,2245
6.0,2245
6.01,2245
6.02,2245
6.03,2245
6.04,2245
6.05,2245
6.06,2244
6.07,2244
6.08,2244
6.09,2244
6.1,2244
6.11,2244
6.12,2244
6.13,2243
6.14,2243
6.15,2242
6.16,2241
6.17,2241
6.18,2241
6.19,2241
6.2,2241
6.21,2241
6.22,2241
6.23,2241
6.25,2241
6.26,2241
6.27,2241
6.28,2241
6.29,2240
6.3,2239
6.31,2239
6.32,2239
6.33,2239
6.34,2239
6.35,2238
6.36,2238
6.37,2238
6.38,2238
6.39,2238
6.4,2237
6.41,2237
6.42,2237
6.43,2237
6.44,2237
6.45,2237
6.46,2237
6.47,2237
6.48,2237
6.49,2237
6.5,2237
6.51,2237
6.52,2237
6.53,2237
6.54,2237
6.55,2237
6.56,2237
6.57,2237
6.58,2237
6.59,2237
6.6,2237
6.61,2237
6.62,2236
6.63,2235
6.64,2235
6.65,2234
6.66,2234
6.67,2233
6.68,2233
6.69,2233
6.7,2233
6.71,2233
6.72,2232
6.73,2232
6.74,2232
6.75,2232
6.76,2232
6.77,2232
6.78,2232
6.79,2232
6.8,2232
6.81,2232
6.82,2232
6.83,2232
6.84,2232
6.85,2232
6.86,2232
6.87,2231
6.88,2231
6.89,2231
6.9,2230
6.91,2229
6.92,2229
6.93,2229
6.94,2229
6.95,2229
6.96,2229
6.97,2229
6.98,2229
6.99,2229
7.0,2229
7.01,2229
7.02,2228
7.03,2228
7.04,2228
7.05,2228
7.06,2228
7.07,2228
7.08,2228
7.09,2228
7.1,2228
7.11,2228
7.12,2228
7.13,2228
7.14,2228
7.15,2228
7.16,2228
7.17,2228
7.18,2228
7.19,2228
7.2,2228
7.21,2228
7.22,2228
7.23,2228
7.24,2228
7.25,2228
7.26,2227
7.27,2227
7.28,2227
7.29,2227
7.3,2227
7.31,2227
7.32,2227
7.33,2226
7.34,2226
7.35,2226
7.36,2226
7.37,2226
7.38,2226
7.39,2226
7.4,2226
7.41,2226
7.42,2226
7.43,2226
7.44,2226
7.45,2226
7.46,2226
7.47,2226
7.48,2226
7.49,2226
7.5,2226
7.51,2226
7.52,2226
7.53,2226
7.54,2226
7.55,2226
7.56,2226
7.57,2226
7.58,2226
7.59,2226
7.6,2226
7.61,2226
7.62,2226
7.63,2226
7.64,2226
7.65,2226
7.66,2226
7.67,2226
7.68,2226
7.69,2226
7.7,2226
7.71,2226
7.72,2226
7.73,2226
7.74,2226
7.75,2226
7.76,2226
7.77,2226
7.78,2226
7.79,2226
7.8,2226
7.81,2226
7.82,2226
7.83,2225
7.84,2225
7.85,2225
7.86,2225
7.87,2225
7.88,2225
7.89,2225
7.9,2225
7.91,2225
7.92,2225
7.93,2225
7.94,2225
7.95,2225
7.96,2225
7.97,2224
7.98,2224
7.99,2224
8.0,2224
8.01,2224
8.02,2224
8.03,2224
8.04,2224
8.05,2224
8.06,2224
8.07,2224
8.08,2224
8.09,2224
8.1,2224
8.11,2224
8.12,2224
8.13,2224
8.14,2224
8.15,2224
8.16,2224
8.17,2224
8.18,2224
8.19,2224
8.2,2224
8.21,2224
8.22,2224
8.23,2224
8.24,2224
8.25,2224
8.26,2224
8.27,2224
8.28,2224
8.29,2224
8.3,2224
8.31,2224
8.32,2224
8.33,2224
8.34,2224
8.35,2224
8.36,2224
8.37,2224
8.38,2224
8.39,2224
8.4,2224
8.41,2224
8.42,2224
8.43,2224
8.44,2224
8.45,2224
8.46,2224
8.47,2224
8.48,2224
8.49,2224
8.5,2224
8.51,2224
8.52,2223
8.53,2223
8.54,2223
8.55,2223
8.56,2223
8.57,2223
8.58,2223
8.59,2223
8.6,2223
8.61,2223
8.62,2223
8.63,2223
8.64,2223
8.65,2223
8.66,2223
8.67,2223
8.68,2223
8.69,2223
8.7,2223
8.71,2223
8.72,2223
8.73,2223
8.74,2223
8.75,2223
8.76,2223
8.77,2223
8.78,2223
8.79,2223
8.8,2223
8.81,2223
8.82,2223
8.83,2223
8.84,2223
8.85,2222
8.86,2222
8.87,2222
8.88,2222
8.89,2222
8.9,2222
8.91,2222
8.92,2222
8.93,2222
8.94,2222
8.95,2222
8.96,2221
8.97,2221
8.98,2221
8.99,2221
9.0,2221
9.01,2221
9.02,2221
9.03,2221
9.04,2221
9.05,2221
9.06,2221
9.07,2221
9.08,2221
9.09,2221
9.1,2221
9.11,2221
9.12,2221
9.13,2221
9.14,2221
9.15,2221
9.16,2220
9.17,2220
9.18,2220
9.19,2220
9.2,2220
9.21,2220
9.22,2220
9.23,2220
9.24,2220
9.25,2220
9.26,2220
9.27,2220
9.28,2220
9.29,2220
9.3,2220
9.31,2220
9.32,2220
9.33,2220
9.34,2220
9.35,2220
9.36,2220
9.37,2220
9.38,2220
9.39,2220
9.4,2220
9.41,2220
9.42,2220
9.43,2220
9.44,2220
9.45,2220
9.46,2220
9.47,2220
9.48,2220
9.49,2219
9.5,2219
9.51,2219
9.52,2219
9.53,2219
9.54,2219
9.55,2219
9.56,2219
9.57,2219
9.58,2219
9.59,2219
9.6,2219
9.61,2219
9.62,2219
9.63,2219
9.64,2219
9.65,2219
9.66,2219
9.67,2219
9.68,2219
9.69,2219
9.7,2219
9.71,2219
9.72,2219
9.73,2219
9.74,2219
9.75,2219
9.76,2219
9.77,2219
9.78,2219
9.79,2219
9.8,2219
9.81,2219
9.82,2219
9.83,2218
9.84,2218
9.85,2218
9.86,2218
9.87,2218
9.88,2218
9.89,2218
9.9,2218
9.91,2218
9.92,2218
9.93,2218
9.94,2218
9.95,2218
9.96,2218
9.97,2218
9.98,2218
9.99,2218
10.0,2218
10.01,2218
10.02,2218
10.03,2216
10.04,2216
10.05,2216
10.06,2216
10.07,2216
10.08,2216
10.09,2216
10.1,2216
10.11,2216
10.12,2216
10.13,2216
10.14,2216
10.15,2216
10.16,2216
10.17,2216
10.18,2216
10.19,2216
10.2,2216
10.21,2216
10.22,2216
10.23,2216
10.24,2216
10.25,2216
10.26,2216
10.27,2216
10.28,2216
10.29,2216
10.3,2216
10.31,2216
10.32,2216
10.33,2216
10.34,2216
10.35,2216
10.36,2216
10.37,2216
10.38,2216
10.39,2216
10.4,2216
10.41,2216
10.42,2216
10.43,2216
10.44,2216
10.45,2216
10.46,2216
10.47,2216
10.48,2216
10.49,2216
10.5,2216
10.51,2216
10.52,2216
10.53,2216
10.54,2216
10.55,2216
10.56,2216
10.57,2216
10.58,2216
10.59,2216
10.6,2216
10.61,2216
10.62,2216
10.63,2216
10.64,2216
10.65,2216
10.66,2216
10.67,2216
10.68,2216
10.69,2216
10.7,2216
10.71,2216
10.72,2216
10.73,2216
10.74,2216
10.75,2216
10.76,2216
10.77,2216
10.78,2216
10.79,2216
10.8,2216
10.81,2216
10.82,2216
10.83,2216
10.84,2216
10.85,2216
10.86,2216
10.87,2216
10.88,2216
10.89,2216
10.9,2216
10.91,2216
10.92,2216
10.93,2216
10.94,2216
10.95,2216
10.96,2216
10.97,2216
10.98,2216
10.99,2216
11.0,2216
11.01,2216
11.02,2216
11.03,2216
11.04,2216
11.05,2216
11.06,2216
11.07,2216
11.08,2216
11.09,2216
11.1,2216
11.11,2216
11.12,2216
11.13,2216
11.14,2216
11.15,2216
11.16,2216
11.17,2216
11.18,2216
11.19,2216
11.2,2216
11.21,2216
11.22,2216
11.23,2216
11.24,2216
11.25,2216
11.26,2216
11.27,2216
11.28,2216
11.29,2216
11.3,2216
11.31,2216
11.32,2216
11.33,2216
11.34,2216
11.35,2216
11.36,2215
11.37,2214
11.38,2214
11.39,2214
11.4,2214
11.41,2214
11.42,2214
11.43,2214
11.44,2214
11.45,2214
11.46,2214
11.47,2214
11.48,2214
11.49,2214
11.5,2214
11.51,2214
11.52,2213
11.53,2213
11.54,2213
11.55,2213
11.56,2213
11.57,2213
11.58,2213
11.59,2213
11.6,2213
11.61,2213
11.62,2213
11.63,2213
11.64,2213
11.65,2213
11.66,2213
11.67,2213
11.68,2213
11.69,2213
11.7,2213
11.71,2213
11.72,2213
11.73,2213
11.74,2213
11.75,2213
11.76,2213
11.77,2213
11.78,2213
11.79,2213
11.8,2213
11.81,2213
11.82,2213
11.83,2213
11.84,2213
11.85,2213
11.86,2213
11.87,2213
11.88,2213
11.89,2213
11.9,2213
11.91,2213
11.92,2213
11.93,2213
11.94,2213
11.95,2213
11.96,2213
11.97,2213
11.98,2213
11.99,2213
12.0,2212
12.01,2212
12.02,2212
12.03,2212
12.04,2212
12.05,2212
12.06,2212
12.07,2212
12.08,2212
12.09,2212
12.1,2212
12.11,2212
12.12,2212
12.13,2212
12.14,2212
12.15,2212
12.16,2212
12.17,2212
12.18,2212
12.19,2212
12.2,2212
12.21,2212
12.22,2212
12.23,2212
12.24,2212
12.25,2212
12.26,2212
12.27,2212
12.28,2212
12.29,2212
12.3,2212
12.31,2212
12.32,2212
12.33,2212
12.34,2212
12.35,2212
12.36,2212
12.37,2212
12.38,2212
12.39,2211
12.4,2211
12.41,2211
12.42,2211
12.43,2211
12.44,2211
12.45,2211
12.46,2211
12.47,2211
12.48,2211
12.49,2211
12.5,2211
12.51,2211
12.52,2211
12.53,2211
12.54,2211
12.55,2211
12.56,2211
12.57,2211
12.58,2211
12.59,2211
12.6,2211
12.61,2211
12.62,2211
12.63,2211
12.64,2211
12.65,2211
12.66,2211
12.67,2211
12.68,2211
12.69,2211
12.7,2211
12.71,2211
12.72,2211
12.73,2211
12.74,2211
12.75,2211
12.76,2211
12.77,2211
12.78,2211
12.79,2211
12.8,2211
12.81,2211
12.82,2211
12.83,2211
12.84,2211
12.85,2211
12.86,2211
12.87,2211
12.88,2211
12.89,2211
12.9,2211
12.91,2211
12.92,2211
12.93,2211
12.94,2211
12.95,2211
12.96,2211
12.97,2211
12.98,2211
12.99,2211
13.0,2211
13.01,2211
13.02,2211
13.03,2211
13.04,2211
13.05,2211
13.06,2211
13.07,2211
13.08,2211
13.09,2211
13.1,2211
13.11,2211
13.12,2211
13.13,2211
13.14,2211
13.15,2211
13.16,2211
13.17,2211
13.18,2211
13.19,2211
13.2,2211
13.21,2211
13.22,2211
13.23,2211
13.24,2211
13.25,2211
13.26,2211
13.27,2211
13.28,2211
13.29,2211
13.3,2211
13.31,2211
13.32,2211
13.33,2211
13.34,2211
13.35,2211
13.36,2211
13.37,2211
13.38,2211
13.39,2211
13.4,2211
13.41,2211
13.42,2211
13.43,2211
13.44,2211
13.45,2211
13.46,2211
13.47,2211
13.48,2211
13.49,2211
13.5,2211
13.51,2211
13.52,2211
13.53,2211
13.54,2211
13.55,2211
13.56,2211
13.57,2211
13.58,2211
13.59,2211
13.6,2211
13.61,2211
13.62,2211
13.63,2211
13.64,2211
13.65,2211
13.66,2211
13.67,2211
13.68,2211
13.69,2211
13.7,2211
13.71,2211
13.72,2211
13.73,2211
13.74,2211
13.75,2211
13.76,2211
13.77,2211
13.78,2211
13.79,2211
13.8,2211
13.81,2211
13.82,2211
13.83,2211
13.84,2211
13.85,2211
13.86,2211
13.87,2211
13.88,2211
13.89,2211
13.9,2211
13.91,2211
13.92,2211
13.93,2211
13.94,2211
13.95,2211
13.96,2211
13.97,2211
13.98,2211
13.99,2211
14.0,2211
14.01,2211
14.02,2211
14.03,2211
14.04,2211
14.05,2211
14.06,2211
14.07,2211
14.08,2211
14.09,2211
14.1,2211
14.11,2211
14.12,2211
14.13,2211
14.14,2211
14.15,2211
14.16,2211
14.17,2211
14.18,2211
14.19,2211
14.2,2211
14.21,2211
14.22,2211
14.23,2211
14.24,2211
14.25,2211
14.26,2211
14.27,2211
14.28,2211
14.29,2211
14.3,2211
14.31,2211
14.32,2211
14.33,2211
14.34,2211
14.35,2211
14.36,2211
14.37,2211
14.38,2211
14.39,2211
14.4,2211
14.41,2211
14.42,2211
14.43,2211
14.44,2211
14.45,2211
14.46,2211
14.47,2211
14.48,2211
14.49,2211
14.5,2211
14.51,2211
14.52,2211
14.53,2211
14.54,2211
14.55,2211
14.56,2211
14.57,2211
14.58,2211
14.59,2211
14.6,2211
14.61,2211
14.62,2211
14.63,2211
14.64,2211
14.65,2211
14.66,2211
14.67,2211
14.68,2211
14.69,2211
14.7,2211
14.71,2211
14.72,2211
14.73,2211
14.74,2211
14.75,2211
14.76,2211
14.77,2211
14.78,2211
14.79,2211
14.8,2211
14.81,2211
14.82,2211
14.83,2211
14.84,2211
14.85,2210
14.86,2210
14.87,2210
14.88,2210
14.89,2210
14.9,2210
14.91,2210
14.92,2210
14.93,2210
14.94,2210
14.95,2210
14.96,2210
14.97,2210
14.98,2210
14.99,2210
15.0,2210
15.01,2210
15.02,2210
15.03,2210
15.04,2210
15.05,2210
15.06,2210
15.07,2210
15.08,2210
15.09,2210
15.1,2210
15.11,2210
15.12,2210
15.13,2210
15.14,2210
15.15,2210
15.16,2210
15.17,2210
15.18,2210
15.19,2210
15.2,2210
15.21,2210
15.22,2210
15.23,2210
15.24,2210
15.25,2210
15.26,2210
15.27,2210
15.28,2210
15.29,2210
15.3,2210
15.31,2210
15.32,2210
15.33,2210
15.34,2210
15.35,2210
15.36,2210
15.37,2210
15.38,2210
15.39,2210
15.4,2210
15.41,2210
15.42,2210
15.43,2210
15.44,2210
15.45,2210
15.46,2210
15.47,2210
15.48,2210
15.49,2210
15.5,2210
15.51,2210
15.52,2210
15.53,2210
15.54,2210
15.55,2210
15.56,2210
15.57,2210
15.58,2210
15.59,2210
15.6,2210
15.61,2210
15.62,2210
15.63,2210
15.64,2210
15.65,2210
15.66,2210
15.67,2210
15.68,2210
15.69,2210
15.7,2210
15.71,2210
15.72,2210
15.73,2210
15.74,2210
15.75,2210
15.76,2210
15.77,2210
15.78,2210
15.79,2210
15.8,2210
15.81,2210
15.82,2210
15.83,2210
15.84,2210
15.85,2210
15.86,2210
15.87,2210
15.88,2210
15.89,2210
15.9,2210
15.91,2210
15.92,2210
15.93,2210
15.94,2210
15.95,2210
15.96,2210
15.97,2210
15.98,2210
15.99,2210
16.0,2210
16.01,2210
16.02,2210
16.03,2210
16.04,2210
16.05,2210
16.06,2210
16.07,2210
16.08,2210
16.09,2210
16.1,2210
16.11,2210
16.12,2210
16.13,2210
16.14,2210
16.15,2210
16.16,2210
16.17,2210
16.18,2210
16.19,2210
16.2,2210
16.21,2210
16.22,2210
16.23,2210
16.24,2210
16.25,2210
16.26,2210
16.27,2210
16.28,2210
16.29,2210
16.3,2210
16.31,2210
16.32,2210
16.33,2210
16.34,2210
16.35,2210
16.36,2210
16.37,2210
16.38,2210
16.39,2210
16.4,2210
16.41,2210
16.42,2210
16.43,2210
16.44,2210
16.45,2210
16.46,2210
16.47,2210
16.48,2210
16.49,2210
16.5,2210
16.51,2210
16.52,2210
16.53,2210
16.54,2210
16.55,2210
16.56,2210
16.57,2210
16.58,2210
16.59,2210
16.6,2210
16.61,2210
16.62,2210
16.63,2210
16.64,2210
16.65,2210
16.66,2210
16.67,2210
16.68,2210
16.69,2210
16.7,2210
16.71,2210
16.72,2210
16.73,2210
16.74,2210
16.75,2210
16.76,2210
16.77,2210
16.78,2210
16.79,2210
16.8,2210
16.81,2210
16.82,2210
16.83,2210
16.84,2210
16.85,2210
16.86,2210
16.87,2210
16.88,2210
16.89,2210
16.9,2210
16.91,2210
16.92,2210
16.93,2210
16.94,2210
16.95,2210
16.96,2210
16.97,2210
16.98,2210
16.99,2210
17.0,2210
17.01,2210
17.02,2210
17.03,2210
17.04,2210
17.05,2210
17.06,2210
17.07,2210
17.08,2210
17.09,2210
17.1,2210
17.11,2210
17.12,2210
17.13,2210
17.14,2210
17.15,2210
17.16,2210
17.17,2210
17.18,2210
17.19,2210
17.2,2210
17.21,2210
17.22,2210
17.23,2210
17.24,2210
17.25,2210
17.26,2210
17.27,2210
17.28,2210
17.29,2210
17.3,2210
17.31,2210
17.32,2210
17.33,2210
17.34,2210
17.35,2210
17.36,2210
17.37,2210
17.38,2210
17.39,2210
17.4,2210
17.41,2210
17.42,2210
17.43,2210
17.44,2210
17.45,2210
17.46,2210
17.47,2210
17.48,2210
17.49,2210
17.5,2210
17.51,2210
17.52,2210
17.53,2210
17.54,2210
17.55,2210
17.56,2210
17.57,2210
17.58,2210
17.59,2210
17.6,2210
17.61,2210
17.62,2210
17.63,2210
17.64,2210
17.65,2210
17.66,2210
17.67,2210
17.68,2210
17.69,2210
17.7,2210
17.71,2210
17.72,2210
17.73,2210
17.74,2210
17.75,2210
17.76,2210
17.77,2210
17.78,2210
17.79,2210
17.8,2210
17.81,2210
17.82,2210
17.83,2210
17.84,2210
17.85,2210
17.86,2210
17.87,2210
17.88,2210
17.89,2210
17.9,2210
17.91,2210
17.92,2210
17.93,2210
17.94,2210
17.95,2210
17.96,2210
17.97,2210
17.98,2210
17.99,2210
18.0,2210
18.01,2210
18.02,2210
18.03,2210
18.04,2210
18.05,2210
18.06,2210
18.07,2210
18.08,2210
18.09,2210
18.1,2210
18.11,2210
18.12,2210
18.13,2210
18.14,2210
18.15,2210
18.16,2210
18.17,2210
18.18,2210
18.19,2210
18.2,2210
18.21,2210
18.22,2210
18.23,2210
18.24,2210
18.25,2210
18.26,2210
18.27,2210
18.28,2210
18.29,2210
18.3,2210
18.31,2210
18.32,2210
18.33,2210
18.34,2210
18.35,2210
18.36,2210
18.37,2210
18.38,2210
18.39,2210
18.4,2210
18.41,2210
18.42,2210
18.43,2210
18.44,2210
18.45,2210
18.46,2210
18.47,2210
18.48,2210
18.49,2210
18.5,2210
18.51,2210
18.52,2210
18.53,2210
18.54,2210
18.55,2210
18.56,2210
18.57,2210
18.58,2210
18.59,2210
18.6,2210
18.61,2210
18.62,2210
18.63,2210
18.64,2210
18.65,2210
18.66,2210
18.67,2210
18.68,2210
18.69,2210
18.7,2210
18.71,2210
18.72,2210
18.73,2210
18.74,2210
18.75,2210
18.76,2210
18.77,2210
18.78,2210
18.79,2210
18.8,2210
18.81,2210
18.82,2210
18.83,2209
18.84,2209
18.85,2209
18.86,2209
18.87,2209
18.88,2209
18.89,2209
18.9,2209
18.91,2209
18.92,2209
18.93,2209
18.94,2209
18.95,2209
18.96,2209
18.97,2209
18.98,2209
18.99,2209
19.0,2209
19.01,2209
19.02,2209
19.03,2209
19.04,2209
19.05,2209
19.06,2209
19.07,2209
19.08,2209
19.09,2209
19.1,2209
19.11,2209
19.12,2209
19.13,2209
19.14,2209
19.15,2209
19.16,2209
19.17,2209
19.18,2209
19.19,2209
19.2,2209
19.21,2209
19.22,2209
19.23,2209
19.24,2209
19.25,2209
19.26,2209
19.27,2209
19.28,2209
19.29,2209
19.3,2209
19.31,2209
19.32,2209
19.33,2209
19.34,2209
19.35,2209
19.36,2209
19.37,2209
19.38,2209
19.39,2209
19.4,2209
19.41,2209
19.42,2209
19.43,2209
19.44,2209
19.45,2209
19.46,2209
19.47,2209
19.48,2209
19.49,2209
19.5,2209
19.51,2209
19.52,2209
19.53,2209
19.54,2209
19.55,2208
19.56,2208
19.57,2208
19.58,2208
19.59,2208
19.6,2208
19.61,2207
19.62,2207
19.63,2207
19.64,2207
19.65,2207
19.66,2207
19.67,2207
19.68,2207
19.69,2207
19.7,2207
19.71,2207
19.72,2207
19.73,2207
19.74,2207
19.75,2207
19.76,2207
19.77,2207
19.78,2207
19.79,2207
19.8,2207
19.81,2207
19.82,2207
19.83,2207
19.84,2207
19.85,2207
19.86,2207
19.87,2207
19.88,2207
19.89,2207
19.9,2207
19.91,2207
19.92,2207
19.93,2207
19.94,2207
19.95,2207
19.96,2207
19.97,2207
19.98,2207
19.99,2207
20.0,2207
20.01,2207
20.02,2207
20.03,2207
20.04,2207
20.05,2207
20.06,2207
20.07,2207
20.08,2207
20.09,2207
20.1,2207
20.11,2207
20.12,2207
20.13,2207
20.14,2207
20.15,2207
20.16,2207
20.17,2207
20.18,2207
20.19,2207
20.2,2207
20.21,2207
20.22,2207
20.23,2207
20.24,2207
20.25,2207
20.26,2207
20.27,2207
20.28,2207
20.29,2207
20.3,2207
20.31,2207
20.32,2207
20.33,2207
20.34,2207
20.35,2207
20.36,2207
20.37,2207
20.38,2207
20.39,2207
20.4,2207
20.41,2207
20.42,2207
20.43,2207
20.44,2207
20.45,2207
20.46,2207
20.47,2207
20.48,2207
20.49,2207
20.5,2207
20.51,2207
20.52,2207
20.53,2207
20.54,2207
20.55,2207
20.56,2207
20.57,2207
20.58,2207
20.59,2207
20.6,2207
20.61,2207
20.62,2207
20.63,2207
20.64,2207
20.65,2207
20.66,2207
20.67,2207
20.68,2207
20.69,2207
20.7,2207
20.71,2207
20.72,2207
20.73,2207
20.74,2207
20.75,2207
20.76,2207
20.77,2207
20.78,2207
20.79,2207
20.8,2207
20.81,2207
20.82,2207
20.83,2207
20.84,2207
20.85,2207
20.86,2207
20.87,2207
20.88,2207
20.89,2207
20.9,2207
20.91,2207
20.92,2207
20.93,2207
20.94,2207
20.95,2207
20.96,2207
20.97,2207
20.98,2207
20.99,2207
21.0,2207
21.01,2207
21.02,2207
21.03,2207
21.04,2207
21.05,2207
21.06,2207
21.07,2207
21.08,2207
21.09,2207
21.1,2207
21.11,2207
21.12,2207
21.13,2207
21.14,2207
21.15,2207
21.16,2207
21.17,2207
21.18,2207
21.19,2207
21.2,2207
21.21,2206
21.22,2206
21.23,2206
21.24,2206
21.25,2206
21.26,2206
21.27,2206
21.28,2206
21.29,2206
21.3,2206
21.31,2206
21.32,2206
21.33,2206
21.34,2206
21.35,2206
21.36,2206
21.37,2206
21.38,2206
21.39,2206
21.4,2206
21.41,2206
21.42,2206
21.43,2206
21.44,2206
21.45,2206
21.46,2206
21.47,2206
21.48,2206
21.49,2206
21.5,2206
21.51,2206
21.52,2206
21.53,2206
21.54,2206
21.55,2206
21.56,2206
21.57,2206
21.58,2206
21.59,2206
21.6,2206
21.61,2206
21.62,2206
21.63,2206
21.64,2206
21.65,2206
21.66,2206
21.67,2206
21.68,2206
21.69,2206
21.7,2206
21.71,2206
21.72,2206
21.73,2206
21.74,2206
21.75,2206
21.76,2206
21.77,2206
21.78,2206
21.79,2206
21.8,2206
21.81,2206
21.82,2206
21.83,2206
21.84,2206
21.85,2206
21.86,2206
21.87,2206
21.88,2206
21.89,2206
21.9,2206
21.91,2206
21.92,2206
21.93,2206
21.94,2206
21.95,2206
21.96,2206
21.97,2206
21.98,2206
21.99,2206
22.0,2206
22.01,2206
22.02,2206
22.03,2206
22.04,2206
22.05,2206
22.06,2206
22.07,2206
22.08,2206
22.09,2206
22.1,2206
22.11,2206
22.12,2206
22.13,2206
22.14,2206
22.15,2206
22.16,2206
22.17,2206
22.18,2206
22.19,2206
22.2,2206
22.21,2206
22.22,2206
22.23,2206
22.24,2206
22.25,2206
22.26,2206
22.27,2206
22.28,2206
22.29,2206
22.3,2206
22.31,2206
22.32,2206
22.33,2206
22.34,2206
22.35,2206
22.36,2206
22.37,2206
22.38,2206
22.39,2206
22.4,2206
22.41,2206
22.42,2206
22.43,2206
22.44,2206
22.45,2206
22.46,2206
22.47,2206
22.48,2206
22.49,2206
22.5,2206
22.51,2206
22.52,2206
22.53,2206
22.54,2206
22.55,2206
22.56,2206
22.57,2206
22.58,2206
22.59,2206
22.6,2206
22.61,2206
22.62,2206
22.63,2206
22.64,2206
22.65,2206
22.66,2206
22.67,2206
22.68,2206
22.69,2206
22.7,2206
22.71,2206
22.72,2206
22.73,2206
22.74,2206
22.75,2206
22.76,2206
22.77,2206
22.78,2206
22.79,2206
22.8,2206
22.81,2206
22.82,2206
22.83,2206
22.84,2206
22.85,2206
22.86,2206
22.87,2206
22.88,2206
22.89,2206
22.9,2206
22.91,2206
22.92,2206
22.93,2206
22.94,2206
22.95,2206
22.96,2206
22.97,2206
22.98,2206
22.99,2206
23.0,2206
23.01,2206
23.02,2206
23.03,2206
23.04,2206
23.05,2206
23.06,2206
23.07,2206
23.08,2206
23.09,2206
23.1,2206
23.11,2206
23.12,2206
23.13,2206
23.14,2206
23.15,2206
23.16,2206
23.17,2206
23.18,2206
23.19,2206
23.2,2206
23.21,2206
23.22,2206
23.23,2206
23.24,2206
23.25,2206
23.26,2206
23.27,2206
23.28,2206
23.29,2206
23.3,2206
23.31,2206
23.32,2206
23.33,2206
23.34,2206
23.35,2206
23.36,2206
23.37,2206
23.38,2206
23.39,2206
23.4,2206
23.41,2206
23.42,2206
23.43,2206
23.44,2206
23.45,2206
23.46,2206
23.47,2206
23.48,2206
23.49,2206
23.5,2206
23.51,2206
23.52,2206
23.53,2206
23.54,2206
23.55,2206
23.56,2206
23.57,2206
23.58,2206
23.59,2206
23.6,2206
23.61,2206
23.62,2206
23.63,2206
23.64,2206
23.65,2206
23.66,2206
23.67,2206
23.68,2206
23.69,2206
23.7,2206
23.71,2206
23.72,2206
23.73,2206
23.74,2206
23.75,2206
23.76,2206
23.77,2206
23.78,2206
23.79,2206
23.8,2206
23.81,2206
23.82,2206
23.83,2206
23.84,2206
23.85,2206
23.86,2206
23.87,2206
23.88,2206
23.89,2206
23.9,2206
23.91,2206
23.92,2206
23.93,2206
23.94,2206
23.95,2206
23.96,2206
23.97,2206
23.98,2206
23.99,2206
24.0,2206
24.01,2206
24.02,2206
24.03,2206
24.04,2206
24.05,2206
24.06,2206
24.07,2206
24.08,2206
24.09,2206
24.1,2206
24.11,2206
24.12,2206
24.13,2206
24.14,2206
24.15,2206
24.16,2206
24.17,2206
24.18,2206
24.19,2206
24.2,2206
24.21,2206
24.22,2206
24.23,2206
24.24,2206
24.25,2206
24.26,2206
24.27,2206
24.28,2206
24.29,2206
24.3,2206
24.31,2206
24.32,2206
24.33,2206
24.34,2206
24.35,2206
24.36,2206
24.37,2206
24.38,2206
24.39,2206
24.4,2206
24.41,2206
24.42,2206
24.43,2206
24.44,2206
24.45,2206
24.46,2206
24.47,2206
24.48,2206
24.49,2206
24.5,2206
24.51,2206
24.52,2206
24.53,2206
24.54,2206
24.55,2206
24.56,2206
24.57,2206
24.58,2206
24.59,2206
24.6,2206
24.61,2206
24.62,2206
24.63,2206
24.64,2206
24.65,2206
24.66,2206
24.67,2206
24.68,2206
24.69,2206
24.7,2206
24.71,2206
24.72,2206
24.73,2206
24.74,2206
24.75,2206
24.76,2206
24.77,2206
24.78,2206
24.79,2206
24.8,2206
24.81,2206
24.82,2206
24.83,2206
24.84,2206
24.85,2206
24.86,2206
24.87,2206
24.88,2206
24.89,2206
24.9,2206
24.91,2206
24.92,2206
24.93,2206
24.94,2206
24.95,2206
24.96,2206
24.97,2206
24.98,2206
24.99,2206
25.0,2206
25.01,2206
25.02,2206
25.03,2206
25.04,2206
25.05,2206
25.06,2206
25.07,2206
25.08,2206
25.09,2206
25.1,2206
25.11,2206
25.12,2206
25.13,2206
25.14,2206
25.15,2206
25.16,2206
25.17,2206
25.18,2206
25.19,2206
25.2,2206
25.21,2206
25.22,2206
25.23,2206
25.24,2206
25.25,2206
25.26,2206
25.27,2206
25.28,2206
25.29,2206
25.3,2206
25.31,2206
25.32,2206
25.33,2206
25.34,2206
25.35,2206
25.36,2206
25.37,2206
25.38,2206
25.39,2206
25.4,2206
25.41,2206
25.42,2206
25.43,2206
25.44,2206
25.45,2206
25.46,2206
25.47,2206
25.48,2206
25.49,2206
25.5,2206
25.51,2206
25.52,2206
25.53,2206
25.54,2206
25.55,2206
25.56,2206
25.57,2206
25.58,2206
25.59,2206
25.6,2206
25.61,2206
25.62,2206
25.63,2206
25.64,2206
25.65,2206
25.66,2206
25.67,2206
25.68,2206
25.69,2206
25.7,2206
25.71,2206
25.72,2206
25.73,2206
25.74,2206
25.75,2206
25.76,2206
25.77,2206
25.78,2206
25.79,2206
25.8,2206
25.81,2206
25.82,2206
25.83,2206
25.84,2206
25.85,2206
25.86,2206
25.87,2206
25.88,2206
25.89,2206
25.9,2206
25.91,2206
25.92,2206
25.93,2206
25.94,2206
25.95,2206
25.96,2206
25.97,2206
25.98,2206
25.99,2206
26.0,2206
26.01,2206
26.02,2206
26.03,2206
26.04,2206
26.05,2206
26.06,2206
26.07,2206
26.08,2206
26.09,2206
26.1,2206
26.11,2206
26.12,2206
26.13,2206
26.14,2206
26.15,2206
26.16,2206
26.17,2206
26.18,2206
26.19,2206
26.2,2206
26.21,2206
26.22,2206
26.23,2206
26.24,2206
26.25,2206
26.26,2206
26.27,2206
26.28,2206
26.29,2206
26.3,2206
26.31,2206
26.32,2206
26.33,2206
26.34,2206
26.35,2206
26.36,2206
26.37,2206
26.38,2206
26.39,2206
26.4,2206
26.41,2206
26.42,2206
26.43,2206
26.44,2206
26.45,2206
26.46,2206
26.47,2206
26.48,2206
26.49,2206
26.5,2206
26.51,2206
26.52,2206
26.53,2206
26.54,2206
26.55,2206
26.56,2206
26.57,2206
26.58,2206
26.59,2206
26.6,2206
26.61,2206
26.62,2206
26.63,2206
26.64,2206
26.65,2206
26.66,2206
26.67,2206
26.68,2206
26.69,2206
26.7,2206
26.71,2206
26.72,2206
26.73,2206
26.74,2206
26.75,2206
26.76,2206
26.77,2206
26.78,2206
26.79,2206
26.8,2206
26.81,2206
26.82,2206
26.83,2206
26.84,2206
26.85,2206
26.86,2206
26.87,2206
26.88,2206
26.89,2206
26.9,2206
26.91,2206
26.92,2206
26.93,2206
26.94,2206
26.95,2206
26.96,2206
26.97,2206
26.98,2206
26.99,2206
27.0,2206
27.01,2206
27.02,2206
27.03,2206
27.04,2206
27.05,2206
27.06,2206
27.07,2206
27.08,2206
27.09,2206
27.1,2206
27.11,2206
27.12,2206
27.13,2206
27.14,2206
27.15,2206
27.16,2206
27.17,2206
27.18,2206
27.19,2206
27.2,2206
27.21,2206
27.22,2206
27.23,2206
27.24,2206
27.25,2206
27.26,2206
27.27,2206
27.28,2206
27.29,2206
27.3,2206
27.31,2206
27.32,2206
27.33,2206
27.34,2206
27.35,2206
27.36,2206
27.37,2206
27.38,2206
27.39,2206
27.4,2206
27.41,2206
27.42,2206
27.43,2206
27.44,2206
27.45,2206
27.46,2206
27.47,2206
27.48,2206
27.49,2206
27.5,2206
27.51,2206
27.52,2206
27.53,2206
27.54,2206
27.55,2206
27.56,2206
27.57,2206
27.58,2206
27.59,2206
27.6,2206
27.61,2206
27.62,2206
27.63,2206
27.64,2206
27.65,2206
27.66,2206
27.67,2206
27.68,2206
27.69,2206
27.7,2206
27.71,2206
27.72,2206
27.73,2206
27.74,2206
27.75,2206
27.76,2206
27.77,2206
27.78,2206
27.79,2206
27.8,2206
27.81,2206
27.82,2206
27.83,2206
27.84,2206
27.85,2206
27.86,2206
27.87,2206
27.88,2206
27.89,2206
27.9,2206
27.91,2206
27.92,2206
27.93,2206
27.94,2206
27.95,2206
27.96,2206
27.97,2206
27.98,2206
27.99,2206
28.0,2206
28.01,2206
28.02,2206
28.03,2206
28.04,2206
28.05,2206
28.06,2206
28.07,2206
28.08,2206
28.09,2206
28.1,2206
28.11,2206
28.12,2206
28.13,2206
28.14,2206
28.15,2206
28.16,2206
28.17,2206
28.18,2206
28.19,2206
28.2,2206
28.21,2206
28.22,2206
28.23,2206
28.24,2206
28.25,2206
28.26,2206
28.27,2206
28.28,2206
28.29,2206
28.3,2206
28.31,2206
28.32,2206
28.33,2206
28.34,2206
28.35,2206
28.36,2206
28.37,2206
28.38,2206
28.39,2206
28.4,2206
28.41,2206
28.42,2206
28.43,2206
28.44,2206
28.45,2206
28.46,2206
28.47,2206
28.48,2206
28.49,2206
28.5,2206
28.51,2206
28.52,2206
28.53,2206
28.54,2206
28.55,2206
28.56,2206
28.57,2206
28.58,2206
28.59,2206
28.6,2206
28.61,2206
28.62,2206
28.63,2206
28.64,2206
28.65,2206
28.66,2206
28.67,2206
28.68,2206
28.69,2206
28.7,2206
28.71,2206
28.72,2206
28.73,2206
28.74,2206
28.75,2206
28.76,2206
28.77,2206
28.78,2206
28.79,2206
28.8,2206
28.81,2206
28.82,2206
28.83,2206
28.84,2206
28.85,2206
28.86,2206
28.87,2206
28.88,2206
28.89,2206
28.9,2206
28.91,2206
28.92,2206
28.93,2206
28.94,2206
28.95,2206
28.96,2206
28.97,2206
28.98,2206
28.99,2206
29.0,2206
29.01,2206
29.02,2206
29.03,2206
29.04,2206
29.05,2206
29.06,2206
29.07,2206
29.08,2206
29.09,2206
29.1,2206
29.11,2206
29.12,2206
29.13,2206
29.14,2206
29.15,2206
29.16,2206
29.17,2206
29.18,2206
29.19,2206
29.2,2206
29.21,2206
29.22,2206
29.23,2206
29.24,2206
29.25,2206
29.26,2206
29.27,2206
29.28,2206
29.29,2206
29.3,2206
29.31,2206
29.32,2206
29.33,2206
29.34,2206
29.35,2206
29.36,2206
29.37,2206
29.38,2206
29.39,2206
29.4,2206
29.41,2206
29.42,2206
29.43,2206
29.44,2206
29.45,2206
29.46,2206
29.47,2206
29.48,2206
29.49,2206
29.5,2206
29.51,2206
29.52,2206
29.53,2206
29.54,2206
29.55,2206
29.56,2206
29.57,2206
29.58,2206
29.59,2206
29.6,2206
29.61,2206
29.62,2206
29.63,2206
29.64,2206
29.65,2206
29.66,2206
29.67,2206
29.68,2206
29.69,2206
29.7,2206
29.71,2206
29.72,2206
29.73,2206
29.74,2206
29.75,2206
29.76,2206
29.77,2206
29.78,2206
29.79,2206
29.8,2206
29.81,2206
29.82,2206
29.83,2206
29.84,2206
29.85,2206
29.86,2206
29.87,2206
29.88,2206
29.89,2206
29.9,2206
29.91,2206
29.92,2206
29.93,2206
29.94,2206
29.95,2206
29.96,2206
29.97,2206
29.98,2206
29.99,2206
30.0,2206
30.01,2206
30.02,2206
30.03,2206
30.04,2206
30.05,2206
30.06,2206
30.07,2206
30.08,2206
30.09,2206
30.1,2206
30.11,2206
30.12,2206
30.13,2206
30.14,2206
30.15,2206
30.16,2206
30.17,2206
30.18,2206
30.19,2206
30.2,2206
30.21,2206
30.22,2206
30.23,2206
30.24,2206
30.25,2206
30.26,2206
30.27,2206
30.28,2206
30.29,2206
30.3,2206
30.31,2206
30.32,2206
30.33,2206
30.34,2206
30.35,2206
30.36,2206
30.37,2206
30.38,2206
30.39,2206
30.4,2206
30.41,2206
30.42,2206
30.43,2206
30.44,2206
30.45,2206
30.46,2206
30.47,2206
30.48,2206
30.49,2206
30.5,2206
30.51,2206
30.52,2206
30.53,2206
30.54,2206
30.55,2206
30.56,2206
30.57,2206
30.58,2206
30.59,2206
30.6,2206
30.61,2206
30.62,2206
30.63,2206
30.64,2206
30.65,2206
30.66,2206
30.67,2206
30.68,2206
30.69,2206
30.7,2206
30.71,2206
30.72,2206
30.73,2206
30.74,2206
30.75,2206
30.76,2206
30.77,2206
30.78,2206
30.79,2206
30.8,2206
30.81,2206
30.82,2206
30.83,2206
30.84,2206
30.85,2206
30.86,2206
30.87,2206
30.88,2206
30.89,2206
30.9,2206
30.91,2206
30.92,2206
30.93,2206
30.94,2206
30.95,2206
30.96,2206
30.97,2206
30.98,2206
30.99,2206
31.0,2206
31.01,2206
31.02,2206
31.03,2206
31.04,2206
31.05,2206
31.06,2206
31.07,2206
31.08,2206
31.09,2206
31.1,2206
31.11,2206
31.12,2206
31.13,2206
31.14,2206
31.15,2206
31.16,2206
31.17,2206
31.18,2206
31.19,2206
31.2,2206
31.21,2206
31.22,2206
31.23,2206
31.24,2206
31.25,2206
31.26,2206
31.27,2206
31.28,2206
31.29,2206
31.3,2206
31.31,2206
31.32,2206
31.33,2206
31.34,2206
31.35,2206
31.36,2206
31.37,2206
31.38,2206
31.39,2206
31.4,2206
31.41,2206
31.42,2206
31.43,2206
31.44,2206
31.45,2206
31.46,2206
31.47,2206
31.48,2206
31.49,2206
31.5,2206
31.51,2206
31.52,2206
31.53,2206
31.54,2206
31.55,2206
31.56,2206
31.57,2206
31.58,2206
31.59,2206
31.6,2206
31.61,2206
31.62,2206
31.63,2206
31.64,2206
31.65,2206
31.66,2206
31.67,2206
31.68,2206
31.69,2206
31.7,2206
31.71,2206
31.72,2206
31.73,2206
31.74,2206
31.75,2206
31.76,2206
31.77,2206
31.78,2206
31.79,2206
31.8,2206
31.81,2206
31.82,2206
31.83,2206
31.84,2206
31.85,2206
31.86,2206
31.87,2206
31.88,2206
31.89,2206
31.9,2206
31.91,2206
31.92,2206
31.93,2206
31.94,2206
31.95,2206
31.96,2206
31.97,2206
31.98,2206
31.99,2206
32.0,2206
32.01,2206
32.02,2206
32.03,2206
32.04,2206
32.05,2206
32.06,2206
32.07,2206
32.08,2206
32.09,2206
32.1,2206
32.11,2206
32.12,2206
32.13,2206
32.14,2206
32.15,2206
32.16,2206
32.17,2206
32.18,2206
32.19,2206
32.2,2206
32.21,2206
32.22,2206
32.23,2206
32.24,2206
32.25,2206
32.26,2206
32.27,2206
32.28,2206
32.29,2206
32.3,2206
32.31,2206
32.32,2206
32.33,2206
32.34,2206
32.35,2206
32.36,2206
32.37,2206
32.38,2206
32.39,2206
32.4,2206
32.41,2206
32.42,2206
32.43,2206
32.44,2206
32.45,2206
32.46,2206
32.47,2206
32.48,2206
32.49,2206
32.5,2206
32.51,2206
32.52,2206
32.53,2206
32.54,2206
32.55,2206
32.56,2206
32.57,2206
32.58,2206
32.59,2206
32.6,2206
32.61,2206
32.62,2206
32.63,2206
32.64,2206
32.65,2206
32.66,2206
32.67,2206
32.68,2206
32.69,2206
32.7,2206
32.71,2206
32.72,2206
32.73,2206
32.74,2206
32.75,2206
32.76,2206
32.77,2206
32.78,2206
32.79,2206
32.8,2206
32.81,2206
32.82,2206
32.83,2206
32.84,2206
32.85,2206
32.86,2206
32.87,2206
32.88,2206
32.89,2206
32.9,2206
32.91,2206
32.92,2206
32.93,2206
32.94,2206
32.95,2206
32.96,2206
32.97,2206
32.98,2206
32.99,2206
33.0,2206
33.01,2206
33.02,2206
33.03,2206
33.04,2206
33.05,2206
33.06,2206
33.07,2206
33.08,2206
33.09,2206
33.1,2206
33.11,2206
33.12,2206
33.13,2206
33.14,2206
33.15,2206
33.16,2206
33.17,2206
33.18,2206
33.19,2206
33.2,2206
33.21,2206
33.22,2206
33.23,2206
33.24,2206
33.25,2206
33.26,2206
33.27,2206
33.28,2206
33.29,2206
33.3,2206
33.31,2206
33.32,2206
33.33,2206
33.34,2206
33.35,2206
33.36,2206
33.37,2206
33.38,2206
33.39,2206
33.4,2206
33.41,2206
33.42,2206
33.43,2206
33.44,2206
33.45,2206
33.46,2206
33.47,2206
33.48,2206
33.49,2206
33.5,2205
33.51,2205
33.52,2205
33.53,2205
33.54,2205
33.55,2205
33.56,2205
33.57,2205
33.58,2205
33.59,2205
33.6,2205
33.61,2205
33.62,2205
33.63,2205
33.64,2205
33.65,2205
33.66,2205
33.67,2205
33.68,2205
33.69,2205
33.7,2205
33.71,2205
33.72,2205
33.73,2205
33.74,2205
33.75,2205
33.76,2205
33.77,2205
33.78,2205
33.79,2205
33.8,2205
33.81,2205
33.82,2205
33.83,2205
33.84,2205
33.85,2205
33.86,2205
33.87,2205
33.88,2205
33.89,2205
33.9,2205
33.91,2205
33.92,2205
33.93,2205
33.94,2205
33.95,2205
33.96,2205
33.97,2205
33.98,2205
33.99,2205
34.0,2205
34.01,2205
34.02,2205
34.03,2205
34.04,2205
34.05,2205
34.06,2205
34.07,2205
34.08,2205
34.09,2205
34.1,2205
34.11,2205
34.12,2205
34.13,2205
34.14,2205
34.15,2205
34.16,2205
34.17,2205
34.18,2205
34.19,2205
34.2,2205
34.21,2205
34.22,2205
34.23,2205
34.24,2205
34.25,2205
34.26,2205
34.27,2205
34.28,2205
34.29,2205
34.3,2205
34.31,2205
34.32,2205
34.33,2205
34.34,2205
34.35,2205
34.36,2205
34.37,2205
34.38,2205
34.39,2205
34.4,2205
34.41,2205
34.42,2205
34.43,2205
34.44,2205
34.45,2205
34.46,2205
34.47,2205
34.48,2205
34.49,2205
34.5,2205
34.51,2205
34.52,2205
34.53,2205
34.54,2205
34.55,2205
34.56,2205
34.57,2205
34.58,2205
34.59,2205
34.6,2205
34.61,2205
34.62,2205
34.63,2205
34.64,2205
34.65,2205
34.66,2205
34.67,2205
34.68,2205
34.69,2205
34.7,2205
34.71,2205
34.72,2205
34.73,2205
34.74,2205
34.75,2205
34.76,2205
34.77,2205
34.78,2205
34.79,2205
34.8,2205
34.81,2205
34.82,2205
34.83,2205
34.84,2205
34.85,2205
34.86,2205
34.87,2205
34.88,2205
34.89,2205
34.9,2205
34.91,2205
34.92,2205
34.93,2205
34.94,2205
34.95,2205
34.96,2205
34.97,2205
34.98,2205
34.99,2205
35.0,2205
35.01,2205
35.02,2205
35.03,2205
35.04,2205
35.05,2205
35.06,2205
35.07,2205
35.08,2205
35.09,2205
35.1,2205
35.11,2205
35.12,2205
35.13,2205
35.14,2205
35.15,2205
35.16,2205
35.17,2205
35.18,2205
35.19,2205
35.2,2205
35.21,2205
35.22,2205
35.23,2205
35.24,2205
35.25,2205
35.26,2205
35.27,2205
35.28,2205
35.29,2205
35.3,2205
35.31,2205
35.32,2205
35.33,2205
35.34,2205
35.35,2205
35.36,2205
35.37,2205
35.38,2205
35.39,2205
35.4,2205
35.41,2205
35.42,2205
35.43,2205
35.44,2205
35.45,2205
35.46,2205
35.47,2205
35.48,2205
35.49,2205
35.5,2205
35.51,2205
35.52,2205
35.53,2205
35.54,2205
35.55,2205
35.56,2205
35.57,2205
35.58,2205
35.59,2205
35.6,2205
35.61,2205
35.62,2205
35.63,2205
35.64,2205
35.65,2205
35.66,2205
35.67,2205
35.68,2205
35.69,2205
35.7,2205
35.71,2205
35.72,2205
35.73,2205
35.74,2205
35.75,2205
35.76,2205
35.77,2205
35.78,2205
35.79,2205
35.8,2205
35.81,2205
35.82,2205
35.83,2205
35.84,2205
35.85,2205
35.86,2205
35.87,2205
35.88,2205
35.89,2205
35.9,2205
35.91,2205
35.92,2205
35.93,2205
35.94,2205
35.95,2205
35.96,2205
35.97,2205
35.98,2205
35.99,2205
36.0,2205
36.01,2205
36.02,2205
36.03,2205
36.04,2205
36.05,2205
36.06,2205
36.07,2205
36.08,2205
36.09,2205
36.1,2205
36.11,2205
36.12,2205
36.13,2205
36.14,2205
36.15,2205
36.16,2205
36.17,2205
36.18,2205
36.19,2205
36.2,2205
36.21,2205
36.22,2205
36.23,2205
36.24,2205
36.25,2205
36.26,2205
36.27,2205
36.28,2205
36.29,2205
36.3,2205
36.31,2205
36.32,2205
36.33,2205
36.34,2205
36.35,2205
36.36,2205
36.37,2205
36.38,2205
36.39,2205
36.4,2205
36.41,2205
36.42,2205
36.43,2205
36.44,2205
36.45,2205
36.46,2205
36.47,2205
36.48,2205
36.49,2205
36.5,2205
36.51,2205
36.52,2205
36.53,2205
36.54,2205
36.55,2205
36.56,2205
36.57,2205
36.58,2205
36.59,2205
36.6,2205
36.61,2205
36.62,2205
36.63,2205
36.64,2205
36.65,2205
36.66,2205
36.67,2205
36.68,2205
36.69,2205
36.7,2205
36.71,2205
36.72,2205
36.73,2205
36.74,2205
36.75,2205
36.76,2205
36.77,2205
36.78,2205
36.79,2205
36.8,2205
36.81,2205
36.82,2205
36.83,2205
36.84,2205
36.85,2205
36.86,2205
36.87,2205
36.88,2205
36.89,2205
36.9,2205
36.91,2205
36.92,2205
36.93,2205
36.94,2205
36.95,2205
36.96,2205
36.97,2205
36.98,2205
36.99,2205
37.0,2205
37.01,2205
37.02,2205
37.03,2205
37.04,2205
37.05,2205
37.06,2205
37.07,2205
37.08,2205
37.09,2205
37.1,2205
37.11,2205
37.12,2205
37.13,2205
37.14,2205
37.15,2205
37.16,2205
37.17,2205
37.18,2205
37.19,2205
37.2,2205
37.21,2205
37.22,2205
37.23,2205
37.24,2205
37.25,2205
37.26,2205
37.27,2205
37.28,2205
37.29,2205
37.3,2205
37.31,2205
37.32,2205
37.33,2205
37.34,2205
37.35,2205
37.36,2205
37.37,2205
37.38,2205
37.39,2205
37.4,2205
37.41,2205
37.42,2205
37.43,2205
37.44,2205
37.45,2205
37.46,2205
37.47,2205
37.48,2205
37.49,2205
37.5,2205
37.51,2205
37.52,2205
37.53,2205
37.54,2205
37.55,2205
37.56,2205
37.57,2205
37.58,2205
37.59,2205
37.6,2205
37.61,2205
37.62,2205
37.63,2205
37.64,2205
37.65,2205
37.66,2205
37.67,2205
37.68,2205
37.69,2205
37.7,2205
37.71,2205
37.72,2205
37.73,2205
37.74,2205
37.75,2205
37.76,2205
37.77,2205
37.78,2205
37.79,2205
37.8,2205
37.81,2205
37.82,2205
37.83,2205
37.84,2205
37.85,2205
37.86,2205
37.87,2205
37.88,2205
37.89,2205
37.9,2205
37.91,2205
37.92,2205
37.93,2205
37.94,2205
37.95,2205
37.96,2205
37.97,2205
37.98,2205
37.99,2205
38.0,2205
38.01,2205
38.02,2205
38.03,2205
38.04,2205
38.05,2205
38.06,2205
38.07,2205
38.08,2205
38.09,2205
38.1,2205
38.11,2205
38.12,2205
38.13,2205
38.14,2205
38.15,2205
38.16,2205
38.17,2205
38.18,2205
38.19,2205
38.2,2205
38.21,2205
38.22,2205
38.23,2205
38.24,2205
38.25,2205
38.26,2205
38.27,2205
38.28,2205
38.29,2205
38.3,2205
38.31,2205
38.32,2205
38.33,2205
38.34,2205
38.35,2205
38.36,2205
38.37,2205
38.38,2205
38.39,2205
38.4,2205
38.41,2205
38.42,2205
38.43,2205
38.44,2205
38.45,2205
38.46,2205
38.47,2205
38.48,2205
38.49,2205
38.5,2205
38.51,2205
38.52,2205
38.53,2205
38.54,2205
38.55,2205
38.56,2205
38.57,2205
38.58,2205
38.59,2205
38.6,2205
38.61,2205
38.62,2205
38.63,2205
38.64,2205
38.65,2205
38.66,2205
38.67,2205
38.68,2205
38.69,2205
38.7,2205
38.71,2205
38.72,2205
38.73,2205
38.74,2205
38.75,2205
38.76,2205
38.77,2205
38.78,2205
38.79,2205
38.8,2205
38.81,2205
38.82,2205
38.83,2205
38.84,2205
38.85,2205
38.86,2205
38.87,2205
38.88,2205
38.89,2205
38.9,2205
38.91,2205
38.92,2205
38.93,2205
38.94,2205
38.95,2205
38.96,2205
38.97,2205
38.98,2205
38.99,2205
39.0,2205
39.01,2205
39.02,2205
39.03,2205
39.04,2205
39.05,2205
39.06,2205
39.07,2205
39.08,2205
39.09,2205
39.1,2205
39.11,2205
39.12,2205
39.13,2205
39.14,2205
39.15,2205
39.16,2205
39.17,2205
39.18,2205
39.19,2205
39.2,2205
39.21,2205
39.22,2205
39.23,2205
39.24,2205
39.25,2205
39.26,2205
39.27,2205
39.28,2205
39.29,2205
39.3,2205
39.31,2205
39.32,2205
39.33,2205
39.34,2205
39.35,2205
39.36,2205
39.37,2205
39.38,2205
39.39,2205
39.4,2205
39.41,2205
39.42,2205
39.43,2205
39.44,2205
39.45,2205
39.46,2205
39.47,2205
39.48,2205
39.49,2205
39.5,2205
39.51,2205
39.52,2205
39.53,2205
39.54,2205
39.55,2205
39.56,2205
39.57,2205
39.58,2205
39.59,2205
39.6,2205
39.61,2205
39.62,2205
39.63,2205
39.64,2205
39.65,2205
39.66,2205
39.67,2205
39.68,2205
39.69,2205
39.7,2205
39.71,2205
39.72,2205
39.73,2205
39.74,2205
39.75,2205
39.76,2205
39.77,2205
39.78,2205
39.79,2205
39.8,2205
39.81,2205
39.82,2205
39.83,2205
39.84,2205
39.85,2205
39.86,2205
39.87,2205
39.88,2205
39.89,2205
39.9,2205
39.91,2205
39.92,2205
39.93,2205
39.94,2205
39.95,2205
39.96,2205
39.97,2205
39.98,2205
39.99,2205
40.0,2205
40.01,2205
40.02,2205
40.03,2205
40.04,2205
40.05,2205
40.06,2205
40.07,2205
40.08,2205
40.09,2205
40.1,2205
40.11,2205
40.12,2205
40.13,2205
40.14,2205
40.15,2205
40.16,2205
40.17,2205
40.18,2205
40.19,2205
40.2,2205
40.21,2205
40.22,2205
40.23,2205
40.24,2205
40.25,2205
40.26,2205
40.27,2205
40.28,2205
40.29,2205
40.3,2205
40.31,2205
40.32,2205
40.33,2205
40.34,2205
40.35,2205
40.36,2205
40.37,2205
40.38,2205
40.39,2205
40.4,2205
40.41,2205
40.42,2205
40.43,2205
40.44,2205
40.45,2205
40.46,2205
40.47,2205
40.48,2205
40.49,2205
40.5,2205
40.51,2205
40.52,2205
40.53,2205
40.54,2205
40.55,2205
40.56,2205
40.57,2205
40.58,2205
40.59,2205
40.6,2205
40.61,2205
40.62,2205
40.63,2205
40.64,2205
40.65,2205
40.66,2205
40.67,2205
40.68,2205
40.69,2205
40.7,2205
40.71,2205
40.72,2205
40.73,2205
40.74,2205
40.75,2205
40.76,2205
40.77,2205
40.78,2205
40.79,2205
40.8,2205
40.81,2205
40.82,2205
40.83,2205
40.84,2205
40.85,2205
40.86,2205
40.87,2205
40.88,2205
40.89,2205
40.9,2205
40.91,2205
40.92,2205
40.93,2205
40.94,2205
40.95,2205
40.96,2205
40.97,2205
40.98,2205
40.99,2205
41.0,2205
41.01,2205
41.02,2205
41.03,2205
41.04,2205
41.05,2205
41.06,2205
41.07,2205
41.08,2205
41.09,2205
41.1,2205
41.11,2205
41.12,2205
41.13,2205
41.14,2205
41.15,2205
41.16,2205
41.17,2205
41.18,2205
41.19,2205
41.2,2205
41.21,2205
41.22,2205
41.23,2205
41.24,2205
41.25,2205
41.26,2205
41.27,2205
41.28,2205
41.29,2205
41.3,2205
41.31,2205
41.32,2205
41.33,2205
41.34,2205
41.35,2205
41.36,2205
41.37,2205
41.38,2205
41.39,2205
41.4,2205
41.41,2205
41.42,2205
41.43,2205
41.44,2205
41.45,2205
41.46,2205
41.47,2205
41.48,2205
41.49,2205
41.5,2205
41.51,2205
41.52,2205
41.53,2205
41.54,2205
41.55,2205
41.56,2205
41.57,2205
41.58,2205
41.59,2205
41.6,2205
41.61,2205
41.62,2205
41.63,2205
41.64,2205
41.65,2205
41.66,2205
41.67,2205
41.68,2205
41.69,2205
41.7,2205
41.71,2205
41.72,2205
41.73,2205
41.74,2205
41.75,2205
41.76,2205
41.77,2205
41.78,2205
41.79,2205
41.8,2205
41.81,2205
41.82,2205
41.83,2205
41.84,2205
41.85,2205
41.86,2205
41.87,2205
41.88,2205
41.89,2205
41.9,2205
41.91,2205
41.92,2205
41.93,2205
41.94,2205
41.95,2205
41.96,2205
41.97,2205
41.98,2205
41.99,2205
42.0,2205
42.01,2205
42.02,2205
42.03,2205
42.04,2205
42.05,2205
42.06,2205
42.07,2205
42.08,2205
42.09,2205
42.1,2205
42.11,2205
42.12,2205
42.13,2205
42.14,2205
42.15,2205
42.16,2205
42.17,2205
42.18,2205
42.19,2205
42.2,2205
42.21,2205
42.22,2205
42.23,2205
42.24,2205
42.25,2205
42.26,2205
42.27,2205
42.28,2205
42.29,2205
42.3,2205
42.31,2205
42.32,2205
42.33,2205
42.34,2205
42.35,2205
42.36,2205
42.37,2205
42.38,2205
42.39,2205
42.4,2205
42.41,2205
42.42,2205
42.43,2205
42.44,2205
42.45,2205
42.46,2205
42.47,2205
42.48,2205
42.49,2205
42.5,2205
42.51,2205
42.52,2205
42.53,2205
42.54,2205
42.55,2205
42.56,2205
42.57,2205
42.58,2205
42.59,2205
42.6,2205
42.61,2205
42.62,2205
42.63,2205
42.64,2205
42.65,2205
42.66,2205
42.67,2205
42.68,2205
42.69,2205
42.7,2205
42.71,2205
42.72,2205
42.73,2205
42.74,2205
42.75,2205
42.76,2205
42.77,2205
42.78,2205
42.79,2205
42.8,2205
42.81,2205
42.82,2205
42.83,2205
42.84,2205
42.85,2205
42.86,2205
42.87,2205
42.88,2205
42.89,2205
42.9,2205
42.91,2205
42.92,2205
42.93,2205
42.94,2205
42.95,2205
42.96,2205
42.97,2205
42.98,2205
42.99,2205
43.0,2205
43.01,2205
43.02,2205
43.03,2205
43.04,2205
43.05,2205
43.06,2205
43.07,2205
43.08,2205
43.09,2205
43.1,2205
43.11,2205
43.12,2205
43.13,2205
43.14,2205
43.15,2205
43.16,2205
43.17,2205
43.18,2205
43.19,2205
43.2,2205
43.21,2205
43.22,2205
43.23,2205
43.24,2205
43.25,2205
43.26,2205
43.27,2205
43.28,2205
43.29,2205
43.3,2205
43.31,2205
43.32,2205
43.33,2205
43.34,2205
43.35,2205
43.36,2205
43.37,2205
43.38,2205
43.39,2205
43.4,2205
43.41,2205
43.42,2205
43.43,2205
43.44,2205
43.45,2205
43.46,2205
43.47,2205
43.48,2205
43.49,2205
43.5,2205
43.51,2205
43.52,2205
43.53,2205
43.54,2205
43.55,2205
43.56,2205
43.57,2205
43.58,2205
43.59,2205
43.6,2205
43.61,2205
43.62,2205
43.63,2205
43.64,2205
43.65,2205
43.66,2205
43.67,2205
43.68,2205
43.69,2205
43.7,2205
43.71,2205
43.72,2205
43.73,2205
43.74,2205
43.75,2205
43.76,2205
43.77,2204
43.78,2204
43.79,2204
43.8,2204
43.81,2204
43.82,2204
43.83,2204
43.84,2204
43.85,2204
43.86,2204
43.87,2204
43.88,2204
43.89,2204
43.9,2204
43.91,2204
43.92,2204
43.93,2204
43.94,2204
43.95,2204
43.96,2204
43.97,2204
43.98,2204
43.99,2204
44.0,2204
44.01,2204
44.02,2204
44.03,2204
44.04,2204
44.05,2204
44.06,2204
44.07,2204
44.08,2204
44.09,2204
44.1,2204
44.11,2204
44.12,2204
44.13,2204
44.14,2204
44.15,2204
44.16,2204
44.17,2204
44.18,2204
44.19,2204
44.2,2204
44.21,2204
44.22,2204
44.23,2204
44.24,2204
44.25,2204
44.26,2204
44.27,2204
44.28,2204
44.29,2204
44.3,2204
44.31,2204
44.32,2204
44.33,2204
44.34,2204
44.35,2204
44.36,2204
44.37,2204
44.38,2204
44.39,2204
44.4,2204
44.41,2204
44.42,2204
44.43,2204
44.44,2204
44.45,2204
44.46,2204
44.47,2204
44.48,2204
44.49,2204
44.5,2204
44.51,2204
44.52,2204
44.53,2204
44.54,2204
44.55,2204
44.56,2204
44.57,2204
44.58,2204
44.59,2204
44.6,2204
44.61,2204
44.62,2204
44.63,2204
44.64,2204
44.65,2204
44.66,2204
44.67,2204
44.68,2204
44.69,2204
44.7,2204
44.71,2204
44.72,2204
44.73,2204
44.74,2204
44.75,2204
44.76,2204
44.77,2204
44.78,2204
44.79,2204
44.8,2204
44.81,2204
44.82,2204
44.83,2204
44.84,2204
44.85,2204
44.86,2204
44.87,2204
44.88,2204
44.89,2204
44.9,2204
44.91,2204
44.92,2204
44.93,2204
44.94,2204
44.95,2204
44.96,2204
44.97,2204
44.98,2204
44.99,2204
45.0,2204
45.01,2204
45.02,2204
45.03,2204
45.04,2204
45.05,2204
45.06,2204
45.07,2204
45.08,2204
45.09,2204
45.1,2204
45.11,2204
45.12,2204
45.13,2204
45.14,2204
45.15,2204
45.16,2204
45.17,2204
45.18,2204
45.19,2204
45.2,2204
45.21,2204
45.22,2204
45.23,2204
45.24,2204
45.25,2204
45.26,2204
45.27,2204
45.28,2204
45.29,2204
45.3,2204
45.31,2204
45.32,2204
45.33,2204
45.34,2204
45.35,2204
45.36,2204
45.37,2204
45.38,2204
45.39,2204
45.4,2204
45.41,2204
45.42,2204
45.43,2204
45.44,2204
45.45,2204
45.46,2204
45.47,2204
45.48,2204
45.49,2204
45.5,2204
45.51,2204
45.52,2204
45.53,2204
45.54,2204
45.55,2204
45.56,2204
45.57,2204
45.58,2204
45.59,2204
45.6,2204
45.61,2204
45.62,2204
45.63,2204
45.64,2204
45.65,2204
45.66,2204
45.67,2204
45.68,2204
45.69,2204
45.7,2204
45.71,2204
45.72,2204
45.73,2204
45.74,2204
45.75,2204
45.76,2204
45.77,2204
45.78,2204
45.79,2204
45.8,2204
45.81,2204
45.82,2204
45.83,2204
45.84,2204
45.85,2204
45.86,2204
45.87,2204
45.88,2204
45.89,2204
45.9,2204
45.91,2204
45.92,2204
45.93,2204
45.94,2204
45.95,2204
45.96,2204
45.97,2204
45.98,2204
45.99,2204
46.0,2204
46.01,2204
46.02,2204
46.03,2204
46.04,2204
46.05,2204
46.06,2204
46.07,2204
46.08,2204
46.09,2204
46.1,2204
46.11,2204
46.12,2204
46.13,2204
46.14,2204
46.15,2204
46.16,2204
46.17,2204
46.18,2204
46.19,2204
46.2,2204
46.21,2204
46.22,2204
46.23,2204
46.24,2204
46.25,2204
46.26,2204
46.27,2204
46.28,2204
46.29,2204
46.3,2204
46.31,2204
46.32,2204
46.33,2204
46.34,2204
46.35,2204
46.36,2204
46.37,2204
46.38,2204
46.39,2204
46.4,2204
46.41,2204
46.42,2204
46.43,2204
46.44,2204
46.45,2204
46.46,2204
46.47,2204
46.48,2204
46.49,2204
46.5,2204
46.51,2204
46.52,2204
46.53,2204
46.54,2204
46.55,2204
46.56,2204
46.57,2204
46.58,2204
46.59,2204
46.6,2204
46.61,2204
46.62,2204
46.63,2204
46.64,2204
46.65,2204
46.66,2204
46.67,2204
46.68,2204
46.69,2204
46.7,2204
46.71,2204
46.72,2204
46.73,2204
46.74,2204
46.75,2204
46.76,2204
46.77,2204
46.78,2204
46.79,2204
46.8,2204
46.81,2204
46.82,2204
46.83,2204
46.84,2204
46.85,2204
46.86,2204
46.87,2204
46.88,2204
46.89,2204
46.9,2204
46.91,2204
46.92,2204
46.93,2204
46.94,2204
46.95,2204
46.96,2204
46.97,2204
46.98,2204
46.99,2204
47.0,2204
47.01,2204
47.02,2204
47.03,2204
47.04,2204
47.05,2204
47.06,2204
47.07,2204
47.08,2204
47.09,2204
47.1,2204
47.11,2204
47.12,2204
47.13,2204
47.14,2204
47.15,2204
47.16,2204
47.17,2204
47.18,2204
47.19,2204
47.2,2204
47.21,2204
47.22,2204
47.23,2204
47.24,2204
47.25,2204
47.26,2204
47.27,2204
47.28,2204
47.29,2204
47.3,2204
47.31,2204
47.32,2204
47.33,2204
47.34,2204
47.35,2204
47.36,2204
47.37,2204
47.38,2204
47.39,2204
47.4,2204
47.41,2204
47.42,2204
47.43,2204
47.44,2204
47.45,2204
47.46,2204
47.47,2204
47.48,2204
47.49,2204
47.5,2204
47.51,2204
47.52,2204
47.53,2204
47.54,2204
47.55,2204
47.56,2204
47.57,2204
47.58,2204
47.59,2204
47.6,2204
47.61,2204
47.62,2204
47.63,2204
47.64,2204
47.65,2204
47.66,2204
47.67,2204
47.68,2204
47.69,2204
47.7,2204
47.71,2204
47.72,2204
47.73,2204
47.74,2204
47.75,2204
47.76,2204
47.77,2204
47.78,2204
47.79,2204
47.8,2204
47.81,2204
47.82,2204
47.83,2204
47.84,2204
47.85,2204
47.86,2204
47.87,2204
47.88,2204
47.89,2204
47.9,2204
47.91,2204
47.92,2204
47.93,2204
47.94,2204
47.95,2204
47.96,2204
47.97,2204
47.98,2204
47.99,2204
48.0,2204
48.01,2204
48.02,2204
48.03,2204
48.04,2204
48.05,2204
48.06,2204
48.07,2204
48.08,2204
48.09,2204
48.1,2204
48.11,2204
48.12,2204
48.13,2204
48.14,2204
48.15,2204
48.16,2204
48.17,2204
48.18,2204
48.19,2204
48.2,2204
48.21,2204
48.22,2204
48.23,2204
48.24,2204
48.25,2204
48.26,2204
48.27,2204
48.28,2204
48.29,2204
48.3,2204
48.31,2204
48.32,2204
48.33,2204
48.34,2204
48.35,2204
48.36,2204
48.37,2204
48.38,2204
48.39,2204
48.4,2204
48.41,2204
48.42,2204
48.43,2204
48.44,2204
48.45,2204
48.46,2204
48.47,2204
48.48,2204
48.49,2204
48.5,2204
48.51,2204
48.52,2204
48.53,2204
48.54,2204
48.55,2204
48.56,2204
48.57,2204
48.58,2204
48.59,2204
48.6,2204
48.61,2204
48.62,2204
48.63,2204
48.64,2204
48.65,2204
48.66,2204
48.67,2204
48.68,2204
48.69,2204
48.7,2204
48.71,2204
48.72,2204
48.73,2204
48.74,2204
48.75,2204
48.76,2204
48.77,2204
48.78,2204
48.79,2204
48.8,2204
48.81,2204
48.82,2204
48.83,2204
48.84,2204
48.85,2204
48.86,2204
48.87,2204
48.88,2204
48.89,2204
48.9,2204
48.91,2204
48.92,2204
48.93,2204
48.94,2204
48.95,2204
48.96,2204
48.97,2204
48.98,2204
48.99,2204
49.0,2204
49.01,2204
49.02,2204
49.03,2204
49.04,2204
49.05,2204
49.06,2204
49.07,2204
49.08,2204
49.09,2204
49.1,2204
49.11,2204
49.12,2204
49.13,2204
49.14,2204
49.15,2204
49.16,2204
49.17,2204
49.18,2204
49.19,2204
49.2,2204
49.21,2204
49.22,2204
49.23,2204
49.24,2204
49.25,2204
49.26,2204
49.27,2204
49.28,2204
49.29,2204
49.3,2204
49.31,2204
49.32,2204
49.33,2204
49.34,2204
49.35,2204
49.36,2204
49.37,2204
49.38,2204
49.39,2204
49.4,2204
49.41,2204
49.42,2204
49.43,2204
49.44,2204
49.45,2204
49.46,2204
49.47,2204
49.48,2204
49.49,2204
49.5,2204
49.51,2204
49.52,2204
49.53,2204
49.54,2204
49.55,2204
49.56,2204
49.57,2204
49.58,2204
49.59,2204
49.6,2204
49.61,2204
49.62,2204
49.63,2204
49.64,2204
49.65,2204
49.66,2204
49.67,2204
49.68,2204
49.69,2204
49.7,2204
49.71,2204
49.72,2204
49.73,2204
49.74,2204
49.75,2204
49.76,2204
49.77,2204
49.78,2204
49.79,2204
49.8,2204
49.81,2204
49.82,2204
49.83,2204
49.84,2204
49.85,2204
49.86,2204
49.87,2204
49.88,2204
49.89,2204
49.9,2204
49.91,2204
49.92,2204
49.93,2204
49.94,2204
49.95,2204
49.96,2204
49.97,2204
49.98,2204
49.99,2204
50.0,2204
50.01,2204
50.02,2204
50.03,2204
50.04,2204
50.05,2204
50.06,2204
50.07,2204
50.08,2204
50.09,2204
50.1,2204
50.11,2204
50.12,2204
50.13,2204
50.14,2204
50.15,2204
50.16,2204
50.17,2204
50.18,2204
50.19,2204
50.2,2204
50.21,2204
50.22,2204
50.23,2204
50.24,2204
50.25,2204
50.26,2204
50.27,2204
50.28,2204
50.29,2204
50.3,2204
50.31,2204
50.32,2204
50.33,2204
50.34,2204
50.35,2204
50.36,2204
50.37,2204
50.38,2204
50.39,2204
50.4,2204
50.41,2204
50.42,2204
50.43,2204
50.44,2204
50.45,2204
50.46,2204
50.47,2204
50.48,2204
50.49,2204
50.5,2204
50.51,2204
50.52,2204
50.53,2204
50.54,2204
50.55,2204
50.56,2204
50.57,2204
50.58,2204
50.59,2204
50.6,2204
50.61,2204
50.62,2204
50.63,2204
50.64,2204
50.65,2204
50.66,2204
50.67,2204
50.68,2204
50.69,2204
50.7,2204
50.71,2204
50.72,2204
50.73,2204
50.74,2204
50.75,2204
50.76,2204
50.77,2204
50.78,2204
50.79,2204
50.8,2204
50.81,2204
50.82,2204
50.83,2204
50.84,2204
50.85,2204
50.86,2204
50.87,2204
50.88,2204
50.89,2204
50.9,2204
50.91,2204
50.92,2204
50.93,2204
50.94,2204
50.95,2204
50.96,2204
50.97,2204
50.98,2204
50.99,2204
51.0,2204
51.01,2204
51.02,2204
51.03,2204
51.04,2204
51.05,2204
51.06,2204
51.07,2204
51.08,2204
51.09,2204
51.1,2204
51.11,2204
51.12,2204
51.13,2204
51.14,2204
51.15,2204
51.16,2204
51.17,2204
51.18,2204
51.19,2204
51.2,2204
51.21,2204
51.22,2204
51.23,2204
51.24,2204
51.25,2204
51.26,2204
51.27,2204
51.28,2204
51.29,2204
51.3,2204
51.31,2204
51.32,2204
51.33,2204
51.34,2204
51.35,2204
51.36,2204
51.37,2204
51.38,2204
51.39,2204
51.4,2204
51.41,2204
51.42,2204
51.43,2204
51.44,2204
51.45,2204
51.46,2204
51.47,2204
51.48,2204
51.49,2204
51.5,2204
51.51,2204
51.52,2204
51.53,2204
51.54,2204
51.55,2204
51.56,2204
51.57,2204
51.58,2204
51.59,2204
51.6,2204
51.61,2204
51.62,2204
51.63,2204
51.64,2204
51.65,2204
51.66,2204
51.67,2204
51.68,2204
51.69,2204
51.7,2204
51.71,2204
51.72,2204
51.73,2204
51.74,2204
51.75,2204
51.76,2204
51.77,2204
51.78,2204
51.79,2204
51.8,2204
51.81,2204
51.82,2204
51.83,2204
51.84,2204
51.85,2204
51.86,2204
51.87,2204
51.88,2204
51.89,2204
51.9,2204
51.91,2204
51.92,2204
51.93,2204
51.94,2204
51.95,2204
51.96,2204
51.97,2204
51.98,2204
51.99,2204
52.0,2204
52.01,2204
52.02,2204
52.03,2204
52.04,2204
52.05,2204
52.06,2204
52.07,2204
52.08,2204
52.09,2204
52.1,2204
52.11,2204
52.12,2204
52.13,2204
52.14,2204
52.15,2204
52.16,2204
52.17,2204
52.18,2204
52.19,2204
52.2,2204
52.21,2204
52.22,2204
52.23,2204
52.24,2204
52.25,2204
52.26,2204
52.27,2204
52.28,2204
52.29,2204
52.3,2204
52.31,2204
52.32,2204
52.33,2204
52.34,2204
52.35,2204
52.36,2204
52.37,2204
52.38,2204
52.39,2204
52.4,2204
52.41,2204
52.42,2204
52.43,2204
52.44,2204
52.45,2204
52.46,2204
52.47,2204
52.48,2204
52.49,2204
52.5,2204
52.51,2204
52.52,2204
52.53,2204
52.54,2204
52.55,2204
52.56,2204
52.57,2204
52.58,2204
52.59,2204
52.6,2204
52.61,2204
52.62,2204
52.63,2204
52.64,2204
52.65,2204
52.66,2204
52.67,2204
52.68,2204
52.69,2204
52.7,2204
52.71,2204
52.72,2204
52.73,2204
52.74,2204
52.75,2204
52.76,2204
52.77,2204
52.78,2204
52.79,2204
52.8,2204
52.81,2204
52.82,2204
52.83,2204
52.84,2204
52.85,2204
52.86,2204
52.87,2204
52.88,2204
52.89,2204
52.9,2204
52.91,2204
52.92,2204
52.93,2204
52.94,2204
52.95,2204
52.96,2204
52.97,2204
52.98,2204
52.99,2204
53.0,2204
53.01,2204
53.02,2204
53.03,2204
53.04,2204
53.05,2204
53.06,2204
53.07,2204
53.08,2204
53.09,2204
53.1,2204
53.11,2204
53.12,2204
53.13,2204
53.14,2204
53.15,2204
53.16,2204
53.17,2204
53.18,2204
53.19,2204
53.2,2204
53.21,2204
53.22,2204
53.23,2204
53.24,2204
53.25,2204
53.26,2204
53.27,2204
53.28,2204
53.29,2204
53.3,2204
53.31,2204
53.32,2204
53.33,2204
53.34,2204
53.35,2204
53.36,2204
53.37,2204
53.38,2204
53.39,2204
53.4,2204
53.41,2204
53.42,2204
53.43,2204
53.44,2204
53.45,2204
53.46,2204
53.47,2204
53.48,2204
53.49,2204
53.5,2204
53.51,2204
53.52,2204
53.53,2204
53.54,2204
53.55,2204
53.56,2204
53.57,2204
53.58,2204
53.59,2204
53.6,2204
53.61,2204
53.62,2204
53.63,2204
53.64,2204
53.65,2204
53.66,2204
53.67,2204
53.68,2204
53.69,2204
53.7,2204
53.71,2204
53.72,2204
53.73,2204
53.74,2204
53.75,2204
53.76,2204
53.77,2204
53.78,2204
53.79,2204
53.8,2204
53.81,2204
53.82,2204
53.83,2204
53.84,2204
53.85,2204
53.86,2204
53.87,2204
53.88,2204
53.89,2204
53.9,2204
53.91,2204
53.92,2204
53.93,2204
53.94,2204
53.95,2204
53.96,2204
53.97,2204
53.98,2204
53.99,2204
54.0,2204
54.01,2204
54.02,2204
54.03,2204
54.04,2204
54.05,2204
54.06,2204
54.07,2204
54.08,2204
54.09,2204
54.1,2204
54.11,2204
54.12,2204
54.13,2204
54.14,2204
54.15,2204
54.16,2204
54.17,2204
54.18,2204
54.19,2204
54.2,2204
54.21,2204
54.22,2204
54.23,2204
54.24,2204
54.25,2204
54.26,2204
54.27,2204
54.28,2204
54.29,2204
54.3,2204
54.31,2204
54.32,2204
54.33,2204
54.34,2204
54.35,2204
54.36,2204
54.37,2204
54.38,2204
54.39,2204
54.4,2204
54.41,2204
54.42,2204
54.43,2204
54.44,2204
54.45,2204
54.46,2204
54.47,2204
54.48,2204
54.49,2204
54.5,2204
54.51,2204
54.52,2204
54.53,2204
54.54,2204
54.55,2204
54.56,2204
54.57,2204
54.58,2204
54.59,2204
54.6,2204
54.61,2204
54.62,2204
54.63,2204
54.64,2204
54.65,2204
54.66,2204
54.67,2204
54.68,2204
54.69,2204
54.7,2204
54.71,2204
54.72,2204
54.73,2204
54.74,2204
54.75,2204
54.76,2204
54.77,2204
54.78,2204
54.79,2204
54.8,2204
54.81,2204
54.82,2204
54.83,2204
54.84,2204
54.85,2204
54.86,2204
54.87,2204
54.88,2204
54.89,2204
54.9,2204
54.91,2204
54.92,2204
54.93,2204
54.94,2204
54.95,2204
54.96,2204
54.97,2204
54.98,2204
54.99,2204
55.0,2204
55.01,2204
55.02,2204
55.03,2204
55.04,2204
55.05,2204
55.06,2204
55.07,2204
55.08,2204
55.09,2204
55.1,2204
55.11,2204
55.12,2204
55.13,2204
55.14,2204
55.15,2204
55.16,2204
55.17,2204
55.18,2204
55.19,2204
55.2,2204
55.21,2204
55.22,2204
55.23,2204
55.24,2204
55.25,2204
55.26,2204
55.27,2204
55.28,2204
55.29,2204
55.3,2204
55.31,2204
55.32,2204
55.33,2204
55.34,2204
55.35,2204
55.36,2204
55.37,2204
55.38,2204
55.39,2204
55.4,2204
55.41,2204
55.42,2204
55.43,2204
55.44,2204
55.45,2204
55.46,2204
55.47,2204
55.48,2204
55.49,2204
55.5,2204
55.51,2204
55.52,2204
55.53,2204
55.54,2204
55.55,2204
55.56,2204
55.57,2204
55.58,2204
55.59,2204
55.6,2204
55.61,2204
55.62,2204
55.63,2204
55.64,2204
55.65,2204
55.66,2204
55.67,2204
55.68,2204
55.69,2204
55.7,2204
55.71,2204
55.72,2204
55.73,2204
55.74,2204
55.75,2204
55.76,2204
55.77,2204
55.78,2204
55.79,2204
55.8,2204
55.81,2204
55.82,2204
55.83,2204
55.84,2204
55.85,2204
55.86,2204
55.87,2204
55.88,2204
55.89,2204
55.9,2204
55.91,2204
55.92,2204
55.93,2204
55.94,2204
55.95,2204
55.96,2204
55.97,2204
55.98,2204
55.99,2204
56.0,2204
56.01,2204
56.02,2204
56.03,2204
56.04,2204
56.05,2204
56.06,2204
56.07,2204
56.08,2204
56.09,2204
56.1,2204
56.11,2204
56.12,2204
56.13,2204
56.14,2204
56.15,2204
56.16,2204
56.17,2204
56.18,2204
56.19,2204
56.2,2204
56.21,2204
56.22,2204
56.23,2204
56.24,2204
56.25,2204
56.26,2204
56.27,2204
56.28,2204
56.29,2204
56.3,2204
56.31,2204
56.32,2204
56.33,2204
56.34,2204
56.35,2204
56.36,2204
56.37,2204
56.38,2204
56.39,2204
56.4,2204
56.41,2204
56.42,2204
56.43,2204
56.44,2204
56.45,2204
56.46,2204
56.47,2204
56.48,2204
56.49,2204
56.5,2204
56.51,2204
56.52,2204
56.53,2204
56.54,2204
56.55,2204
56.56,2204
56.57,2204
56.58,2204
56.59,2204
56.6,2204
56.61,2204
56.62,2204
56.63,2204
56.64,2204
56.65,2204
56.66,2204
56.67,2204
56.68,2204
56.69,2204
56.7,2204
56.71,2204
56.72,2204
56.73,2204
56.74,2204
56.75,2204
56.76,2204
56.77,2204
56.78,2204
56.79,2204
56.8,2204
56.81,2204
56.82,2204
56.83,2204
56.84,2204
56.85,2204
56.86,2204
56.87,2204
56.88,2204
56.89,2204
56.9,2204
56.91,2204
56.92,2204
56.93,2204
56.94,2204
56.95,2204
56.96,2204
56.97,2204
56.98,2204
56.99,2204
57.0,2204
57.01,2204
57.02,2204
57.03,2204
57.04,2204
57.05,2204
57.06,2204
57.07,2204
57.08,2204
57.09,2204
57.1,2204
57.11,2204
57.12,2204
57.13,2204
57.14,2204
57.15,2204
57.16,2204
57.17,2204
57.18,2204
57.19,2204
57.2,2204
57.21,2204
57.22,2204
57.23,2204
57.24,2204
57.25,2204
57.26,2204
57.27,2204
57.28,2204
57.29,2204
57.3,2204
57.31,2204
57.32,2204
57.33,2204
57.34,2204
57.35,2204
57.36,2204
57.37,2204
57.38,2204
57.39,2204
57.4,2204
57.41,2204
57.42,2204
57.43,2204
57.44,2204
57.45,2204
57.46,2204
57.47,2204
57.48,2204
57.49,2204
57.5,2204
57.51,2204
57.52,2204
57.53,2204
57.54,2204
57.55,2204
57.56,2204
57.57,2204
57.58,2204
57.59,2204
57.6,2204
57.61,2204
57.62,2204
57.63,2204
57.64,2204
57.65,2204
57.66,2204
57.67,2204
57.68,2204
57.69,2204
57.7,2204
57.71,2204
57.72,2204
57.73,2204
57.74,2204
57.75,2204
57.76,2204
57.77,2204
57.78,2204
57.79,2204
57.8,2204
57.81,2204
57.82,2204
57.83,2204
57.84,2204
57.85,2204
57.86,2204
57.87,2204
57.88,2204
57.89,2204
57.9,2204
57.91,2204
57.92,2204
57.93,2204
57.94,2204
57.95,2204
57.96,2204
57.97,2204
57.98,2204
57.99,2204
58.0,2204
58.01,2204
58.02,2204
58.03,2204
58.04,2204
58.05,2204
58.06,2204
58.07,2204
58.08,2204
58.09,2204
58.1,2204
58.11,2204
58.12,2204
58.13,2204
58.14,2204
58.15,2204
58.16,2204
58.17,2204
58.18,2204
58.19,2204
58.2,2204
58.21,2204
58.22,2204
58.23,2204
58.24,2204
58.25,2204
58.26,2204
58.27,2204
58.28,2204
58.29,2204
58.3,2204
58.31,2204
58.32,2204
58.33,2204
58.34,2204
58.35,2204
58.36,2204
58.37,2204
58.38,2204
58.39,2204
58.4,2204
58.41,2204
58.42,2204
58.43,2204
58.44,2204
58.45,2204
58.46,2204
58.47,2204
58.48,2204
58.49,2204
58.5,2204
58.51,2204
58.52,2204
58.53,2204
58.54,2204
58.55,2204
58.56,2204
58.57,2204
58.58,2204
58.59,2204
58.6,2204
58.61,2204
58.62,2204
58.63,2204
58.64,2204
58.65,2204
58.66,2204
58.67,2204
58.68,2204
58.69,2204
58.7,2204
58.71,2204
58.72,2204
58.73,2204
58.74,2204
58.75,2204
58.76,2204
58.77,2204
58.78,2204
58.79,2204
58.8,2204
58.81,2204
58.82,2204
58.83,2204
58.84,2204
58.85,2204
58.86,2204
58.87,2204
58.88,2204
58.89,2204
58.9,2204
58.91,2204
58.92,2204
58.93,2203
