0.0,4940
0.01,4936
0.02,4932
0.03,4928
0.04,4923
0.05,4919
0.06,4915
0.07,4911
0.08,4906
0.09,4902
0.1,4898
0.11,4893
0.12,4889
0.13,4885
0.14,4880
0.15,4876
0.16,4872
0.17,4868
0.18,4863
0.19,4859
0.2,4855
0.21,4851
0.22,4847
0.23,4842
0.24,4838
0.25,4834
0.26,4830
0.27,4825
0.28,4821
0.29,4817
0.3,4813
0.31,4809
0.32,4804
0.33,4800
0.34,4796
0.35,4792
0.36,4788
0.37,4783
0.38,4779
0.39,4775
0.4,4771
0.41,4767
0.42,4762
0.43,4758
0.44,4754
0.45,4750
0.46,4746
0.47,4741
0.48,4737
0.49,4733
0.5,4729
0.51,4725
0.52,4720
0.53,4716
0.54,4712
0.55,4708
0.56,4704
0.57,4699
0.58,4695
0.59,4691
0.6,4687
0.61,4683
0.62,4678
0.63,4674
0.64,4670
0.65,4666
0.66,4661
0.67,4657
0.68,4653
0.69,4649
0.7,4645
0.71,4641
0.72,4636
0.73,4632
0.74,4628
0.75,4624
0.76,4620
0.77,4615
0.78,4611
0.79,4607
0.8,4603
0.81,4599
0.82,4594
0.83,4590
0.84,4586
0.85,4582
0.86,4578
0.87,4573
0.88,4569
0.89,4565
0.9,4561
0.91,4557
0.92,4552
0.93,4548
0.94,4544
0.95,4540
0.96,4536
0.97,4531
0.98,4527
0.99,4523
1.0,4519
1.01,4515
1.02,4510
1.03,4506
1.04,4502
1.05,4498
1.06,4494
1.07,4489
1.08,4485
1.09,4481
1.1,4477
1.11,4473
1.12,4468
1.13,4464
1.14,4460
1.15,4456
1.16,4452
1.17,4447
1.18,4443
1.19,4439
1.2,4435
1.21,4431
1.22,4426
1.23,4422
1.24,4418
1.25,4414
1.26,4410
1.27,4405
1.28,4401
1.29,4397
1.3,4393
1.31,4389
1.32,4384
1.33,4380
1.34,4376
1.35,4372
1.36,4367
1.37,4363
1.38,4359
1.39,4355
1.4,4351
1.41,4346
1.42,4342
1.43,4338
1.44,4334
1.45,4330
1.46,4325
1.47,4321
1.48,4317
1.49,4313
1.5,4309
1.51,4304
1.52,4300
1.53,4296
1.54,4292
1.55,4288
1.56,4283
1.57,4279
1.58,4275
1.59,4271
1.6,4267
1.61,4262
1.62,4258
1.63,4254
1.64,4250
1.65,4246
1.66,4241
1.67,4237
1.68,4233
1.69,4229
1.7,4225
1.71,4220
1.72,4216
1.73,4212
1.74,4208
1.75,4204
1.76,4200
1.77,4195
1.78,4191
1.79,4187
1.8,4183
1.81,4179
1.82,4174
1.83,4170
1.84,4166
1.85,4162
1.86,4157
1.87,4153
1.88,4149
1.89,4145
1.9,4141
1.91,4137
1.92,4132
1.93,4128
1.94,4124
1.95,4120
1.96,4115
1.97,4111
1.98,4107
1.99,4103
2.0,4099
2.01,4095
2.02,4090
2.03,4086
2.04,4082
2.05,4078
2.06,4074
2.07,4069
2.08,4065
2.09,4061
2.1,4057
2.11,4053
2.12,4048
2.13,4044
2.14,4040
2.15,4036
2.16,4032
2.17,4028
2.18,4023
2.19,4019
2.2,4015
2.21,4011
2.22,4007
2.23,4002
2.24,3998
2.25,3994
2.26,3990
2.27,3986
2.28,3981
2.29,3977
2.3,3973
2.31,3969
2.32,3965
2.33,3960
2.34,3956
2.35,3952
2.36,3948
2.37,3944
2.38,3939
2.39,3935
2.4,3931
2.41,3927
2.42,3923
2.43,3919
2.44,3914
2.45,3910
2.46,3906
2.47,3902
2.48,3898
2.49,3893
2.5,3889
2.51,3885
2.52,3881
2.53,3877
2.54,3873
2.55,3868
2.56,3864
2.57,3860
2.58,3856
2.59,3852
2.6,3847
2.61,3843
2.62,3839
2.63,3835
2.64,3831
2.65,3826
2.66,3822
2.67,3818
2.68,3814
2.69,3810
2.7,3806
2.71,3801
2.72,3797
2.73,3793
2.74,3789
2.75,3785
2.76,3780
2.77,3776
2.78,3772
2.79,3768
2.8,3765
2.81,3762
2.82,3758
2.83,3754
2.84,3749
2.85,3745
2.86,3741
2.87,3737
2.88,3732
2.89,3728
2.9,3724
2.91,3720
2.92,3715
2.93,3713
2.94,3708
2.95,3705
2.96,3701
2.97,3697
2.98,3693
2.99,3690
3.0,3687
3.01,3682
3.02,3678
3.03,3676
3.04,3672
3.05,3669
3.06,3665
3.07,3662
3.08,3658
3.09,3654
3.1,3650
3.11,3647
3.12,3642
3.13,3640
3.14,3636
3.15,3632
3.16,3628
3.17,3625
3.18,3621
3.19,3617
3.2,3613
3.21,3609
3.22,3605
3.23,3602
3.24,3599
3.25,3596
3.26,3592
3.27,3588
3.28,3585
3.29,3581
3.3,3578
3.31,3574
3.32,3570
3.33,3565
3.34,3561
3.35,3557
3.36,3553
3.37,3548
3.38,3544
3.39,3543
3.4,3538
3.41,3535
3.42,3531
3.43,3527
3.44,3523
3.45,3520
3.46,3516
3.47,3512
3.48,3509
3.49,3505
3.5,3501
3.51,3497
3.52,3494
3.53,3492
3.54,3490
3.55,3485
3.56,3481
3.57,3479
3.58,3475
3.59,3472
3.6,3470
3.61,3466
3.62,3463
3.63,3460
3.64,3456
3.65,3451
3.66,3449
3.67,3445
3.68,3441
3.69,3437
3.7,3433
3.71,3430
3.72,3429
3.73,3424
3.74,3421
3.75,3418
3.76,3415
3.77,3410
3.78,3409
3.79,3406
3.8,3402
3.81,3400
3.82,3396
3.83,3393
3.84,3389
3.85,3386
3.86,3384
3.87,3380
3.88,3377
3.89,3373
3.9,3370
3.91,3366
3.92,3363
3.93,3360
3.94,3356
3.95,3353
3.96,3349
3.97,3347
3.98,3345
3.99,3342
4.0,3339
4.01,3334
4.02,3331
4.03,3328
4.04,3324
4.05,3323
4.06,3319
4.07,3317
4.08,3313
4.09,3310
4.1,3307
4.11,3304
4.12,3301
4.13,3299
4.14,3295
4.15,3292
4.16,3288
4.17,3284
4.18,3282
4.19,3279
4.2,3274
4.21,3271
4.22,3267
4.23,3263
4.24,3260
4.25,3256
4.26,3255
4.27,3251
4.28,3248
4.29,3246
4.3,3244
4.31,3240
4.32,3238
4.33,3234
4.34,3232
4.35,3228
4.36,3224
4.37,3222
4.38,3218
4.39,3214
4.4,3213
4.41,3211
4.42,3209
4.43,3208
4.44,3205
4.45,3202
4.46,3199
4.47,3195
4.48,3192
4.49,3189
4.5,3185
4.51,3181
4.52,3178
4.53,3174
4.54,3173
4.55,3171
4.56,3168
4.57,3164
4.58,3162
4.59,3159
4.6,3155
4.61,3154
4.62,3150
4.63,3147
4.64,3144
4.65,3142
4.66,3140
4.67,3138
4.68,3134
4.69,3130
4.7,3129
4.71,3127
4.72,3125
4.73,3122
4.74,3119
4.75,3117
4.76,3116
4.77,3115
4.78,3112
4.79,3109
4.8,3107
4.81,3105
4.82,3100
4.83,3098
4.84,3096
4.85,3092
4.86,3088
4.87,3086
4.88,3082
4.89,3079
4.9,3077
4.91,3073
4.92,3071
4.93,3069
4.94,3065
4.95,3063
4.96,3060
4.97,3058
4.98,3056
4.99,3052
5.0,3049
5.01,3047
5.02,3046
5.03,3042
5.04,3038
5.05,3036
5.06,3033
5.07,3030
5.08,3028
5.09,3026
5.1,3025
5.11,3021
5.12,3018
5.13,3014
5.14,3011
5.15,3008
5.16,3007
5.17,3003
5.18,2999
5.19,2997
5.2,2995
5.21,2992
5.22,2990
5.23,2986
5.24,2982
5.25,2980
5.26,2976
5.27,2974
5.28,2970
5.29,2966
5.3,2966
5.31,2965
5.32,2962
5.33,2958
5.34,2957
5.35,2953
5.36,2952
5.37,2949
5.38,2947
5.39,2944
5.4,2942
5.41,2938
5.42,2935
5.43,2933
5.44,2930
5.45,2927
5.46,2923
5.47,2921
5.48,2917
5.49,2915
5.5,2911
5.51,2909
5.52,2904
5.53,2901
5.54,2900
5.55,2898
5.56,2894
5.57,2893
5.58,2890
5.59,2888
5.6,2887
5.61,2887
5.62,2885
5.63,2880
5.64,2878
5.65,2875
5.66,2873
5.67,2870
5.68,2867
5.69,2865
5.7,2862
5.71,2859
5.72,2856
5.73,2855
5.74,2854
5.75,2853
5.76,2852
5.77,2850
5.78,2847
5.79,2845
5.8,2841
5.81,2839
5.82,2836
5.83,2834
5.84,2830
5.85,2829
5.86,2827
5.87,2824
5.88,2824
5.89,2821
5.9,2819
5.91,2816
5.92,2812
5.93,2811
5.94,2809
5.95,2806
5.96,2803
5.97,2801
5.98,2799
5.99,2797
6.0,2794
6.01,2792
6.02,2789
6.03,2786
6.04,2784
6.05,2780
6.06,2778
6.07,2776
6.08,2773
6.09,2770
6.1,2767
6.11,2765
6.12,2762
6.13,2759
6.14,2757
6.15,2755
6.16,2752
6.17,2750
6.18,2747
6.19,2744
6.2,2741
6.21,2737
6.22,2733
6.23,2729
6.24,2728
6.25,2725
6.26,2722
6.27,2719
6.28,2718
6.29,2715
6.3,2712
6.31,2712
6.32,2710
6.33,2709
6.34,2708
6.35,2704
6.36,2702
6.37,2701
6.38,2699
6.39,2696
6.4,2695
6.41,2694
6.42,2694
6.43,2691
6.44,2689
6.45,2687
6.46,2685
6.47,2684
6.48,2681
6.49,2679
6.5,2678
6.51,2675
6.52,2673
6.53,2671
6.54,2669
6.55,2667
6.56,2666
6.57,2663
6.58,2661
6.59,2657
6.6,2655
6.61,2653
6.62,2652
6.63,2652
6.64,2649
6.65,2648
6.66,2647
6.67,2645
6.68,2642
6.69,2641
6.7,2638
6.71,2637
6.72,2637
6.73,2636
6.74,2633
6.75,2632
6.76,2631
6.77,2629
6.78,2627
6.79,2626
6.8,2625
6.81,2623
6.82,2622
6.83,2620
6.84,2619
6.85,2618
6.86,2618
6.87,2615
6.88,2614
6.89,2612
6.9,2612
6.91,2610
6.92,2610
6.93,2610
6.94,2609
6.95,2608
6.96,2608
6.97,2607
6.98,2606
6.99,2605
7.0,2603
7.01,2601
7.02,2599
7.03,2598
7.04,2598
7.05,2597
7.06,2596
7.07,2595
7.08,2591
7.09,2590
7.1,2589
7.11,2589
7.12,2587
7.13,2586
7.14,2585
7.15,2583
7.16,2581
7.17,2580
7.18,2579
7.19,2577
7.2,2574
7.21,2571
7.22,2569
7.23,2566
7.24,2564
7.25,2563
7.26,2561
7.27,2558
7.28,2558
7.29,2557
7.3,2557
7.31,2556
7.32,2554
7.33,2553
7.34,2552
7.35,2551
7.36,2551
7.37,2551
7.38,2550
7.39,2549
7.4,2546
7.41,2546
7.42,2544
7.43,2544
7.44,2544
7.45,2542
7.46,2540
7.47,2538
7.48,2536
7.49,2535
7.5,2534
7.51,2533
7.52,2532
7.53,2530
7.54,2529
7.55,2529
7.56,2527
7.57,2524
7.58,2522
7.59,2521
7.6,2520
7.61,2517
7.62,2517
7.63,2515
7.64,2511
7.65,2509
7.66,2506
7.67,2506
7.68,2505
7.69,2504
7.7,2502
7.71,2502
7.72,2501
7.73,2500
7.74,2500
7.75,2500
7.76,2498
7.77,2497
7.78,2496
7.79,2494
7.8,2493
7.81,2493
7.82,2491
7.83,2490
7.84,2489
7.85,2488
7.86,2486
7.87,2483
7.88,2481
7.89,2480
7.9,2478
7.91,2477
7.92,2476
7.93,2475
7.94,2473
7.95,2471
7.96,2470
7.97,2470
7.98,2470
7.99,2470
8.0,2469
8.01,2466
8.02,2466
8.03,2463
8.04,2462
8.05,2460
8.06,2459
8.07,2458
8.08,2457
8.09,2456
8.1,2454
8.11,2451
8.12,2450
8.13,2449
8.14,2449
8.15,2447
8.16,2446
8.17,2444
8.18,2442
8.19,2442
8.2,2442
8.21,2441
8.22,2441
8.23,2440
8.24,2439
8.25,2438
8.26,2435
8.27,2434
8.28,2434
8.29,2433
8.3,2433
8.31,2433
8.32,2431
8.33,2429
8.34,2429
8.35,2427
8.36,2426
8.37,2425
8.38,2422
8.39,2421
8.4,2419
8.41,2419
8.42,2419
8.43,2418
8.44,2417
8.45,2416
8.46,2414
8.47,2413
8.48,2412
8.49,2412
8.5,2411
8.51,2411
8.52,2411
8.53,2410
8.54,2409
8.55,2408
8.56,2407
8.57,2407
8.58,2406
8.59,2405
8.6,2403
8.61,2402
8.62,2400
8.63,2399
8.64,2398
8.65,2397
8.66,2396
8.67,2396
8.68,2396
8.69,2395
8.7,2395
8.71,2395
8.72,2394
8.73,2394
8.74,2392
8.75,2391
8.76,2389
8.77,2388
8.78,2387
8.79,2387
8.8,2384
8.81,2383
8.82,2381
8.83,2379
8.84,2378
8.85,2377
8.86,2377
8.87,2376
8.88,2374
8.89,2372
8.9,2370
8.91,2370
8.92,2369
8.93,2367
8.94,2366
8.95,2366
8.96,2366
8.97,2366
8.98,2365
8.99,2364
9.0,2363
9.01,2362
9.02,2361
9.03,2359
9.04,2358
9.05,2356
9.06,2355
9.07,2354
9.08,2353
9.09,2352
9.1,2350
9.11,2350
9.12,2349
9.13,2348
9.14,2347
9.15,2345
9.16,2344
9.17,2344
9.18,2344
9.19,2343
9.2,2343
9.21,2343
9.22,2342
9.23,2342
9.24,2342
9.25,2342
9.26,2341
9.27,2341
9.28,2341
9.29,2341
9.3,2341
9.31,2340
9.32,2340
9.33,2339
9.34,2338
9.35,2338
9.36,2338
9.37,2337
9.38,2336
9.39,2335
9.4,2333
9.41,2332
9.42,2331
9.43,2330
9.44,2330
9.45,2330
9.46,2330
9.47,2330
9.48,2329
9.49,2329
9.5,2329
9.51,2328
9.52,2328
9.53,2327
9.54,2327
9.55,2327
9.56,2325
9.57,2324
9.58,2324
9.59,2324
9.6,2323
9.61,2323
9.62,2322
9.63,2322
9.64,2322
9.65,2321
9.66,2321
9.67,2321
9.68,2321
9.69,2321
9.7,2321
9.71,2321
9.72,2321
9.73,2321
9.74,2321
9.75,2320
9.76,2320
9.77,2320
9.78,2320
9.79,2320
9.8,2320
9.81,2320
9.82,2319
9.83,2318
9.84,2317
9.85,2315
9.86,2315
9.87,2312
9.88,2312
9.89,2312
9.9,2311
9.91,2311
9.92,2310
9.93,2309
9.94,2309
9.95,2309
9.96,2308
9.97,2307
9.98,2307
9.99,2307
10.0,2307
10.01,2307
10.02,2307
10.03,2307
10.04,2306
10.05,2305
10.06,2305
10.07,2305
10.08,2305
10.09,2305
10.1,2304
10.11,2303
10.12,2303
10.13,2302
10.14,2302
10.15,2302
10.16,2300
10.17,2299
10.18,2299
10.19,2299
10.2,2299
10.21,2299
10.22,2299
10.23,2299
10.24,2298
10.25,2298
10.26,2297
10.27,2297
10.28,2297
10.29,2297
10.3,2297
10.31,2297
10.32,2297
10.33,2297
10.34,2297
10.35,2297
10.36,2297
10.37,2297
10.38,2297
10.39,2297
10.4,2297
10.41,2297
10.42,2296
10.43,2295
10.44,2295
10.45,2295
10.46,2295
10.47,2295
10.48,2294
10.49,2293
10.5,2293
10.51,2293
10.52,2293
10.53,2293
10.54,2293
10.55,2293
10.56,2293
10.57,2293
10.58,2293
10.59,2293
10.6,2292
10.61,2292
10.62,2292
10.63,2292
10.64,2291
10.65,2291
10.66,2290
10.67,2289
10.68,2288
10.69,2287
10.7,2287
10.71,2287
10.72,2287
10.73,2287
10.74,2287
10.75,2287
10.76,2286
10.77,2286
10.78,2286
10.79,2286
10.8,2286
10.81,2286
10.82,2286
10.83,2285
10.84,2285
10.85,2285
10.86,2285
10.87,2284
10.88,2284
10.89,2284
10.9,2283
10.91,2283
10.92,2283
10.93,2283
10.94,2283
10.95,2283
10.96,2283
10.97,2283
10.98,2283
10.99,2283
11.0,2283
11.01,2282
11.02,2282
11.03,2282
11.04,2282
11.05,2282
11.06,2282
11.07,2282
11.08,2282
11.09,2282
11.1,2282
11.11,2282
11.12,2282
11.13,2282
11.14,2282
11.15,2282
11.16,2282
11.17,2281
11.18,2281
11.19,2281
11.2,2281
11.21,2281
11.22,2281
11.23,2281
11.24,2281
11.25,2281
11.26,2281
11.27,2280
11.28,2280
11.29,2280
11.3,2280
11.31,2280
11.32,2280
11.33,2279
11.34,2279
11.35,2279
11.36,2279
11.37,2279
11.38,2279
11.39,2279
11.4,2279
