0.0,4940
0.01,4936
0.02,4932
0.03,4928
0.04,4924
0.05,4920
0.06,4915
0.07,4911
0.08,4907
0.09,4903
0.1,4898
0.11,4894
0.12,4890
0.13,4886
0.14,4882
0.15,4877
0.16,4873
0.17,4869
0.18,4865
0.19,4861
0.2,4856
0.21,4852
0.22,4848
0.23,4844
0.24,4840
0.25,4835
0.26,4831
0.27,4827
0.28,4823
0.29,4818
0.3,4814
0.31,4810
0.32,4806
0.33,4802
0.34,4798
0.35,4793
0.36,4789
0.37,4785
0.38,4781
0.39,4777
0.4,4772
0.41,4768
0.42,4764
0.43,4760
0.44,4756
0.45,4751
0.46,4747
0.47,4743
0.48,4739
0.49,4734
0.5,4730
0.51,4726
0.52,4722
0.53,4718
0.54,4713
0.55,4709
0.56,4705
0.57,4701
0.58,4697
0.59,4692
0.6,4688
0.61,4684
0.62,4680
0.63,4676
0.64,4671
0.65,4667
0.66,4663
0.67,4659
0.68,4655
0.69,4650
0.7,4646
0.71,4642
0.73,4638
0.74,4634
0.75,4630
0.76,4626
0.77,4622
0.78,4617
0.79,4613
0.8,4609
0.81,4605
0.82,4601
0.83,4597
0.84,4592
0.85,4588
0.86,4584
0.87,4580
0.88,4576
0.89,4572
0.9,4567
0.91,4563
0.92,4559
0.93,4555
0.94,4551
0.95,4547
0.96,4542
0.97,4538
0.98,4534
0.99,4530
1.0,4526
1.01,4522
1.02,4518
1.03,4513
1.04,4509
1.05,4505
1.06,4501
1.07,4497
1.08,4493
1.09,4488
1.1,4484
1.11,4480
1.12,4476
1.13,4472
1.14,4468
1.15,4463
1.16,4459
1.17,4455
1.18,4451
1.19,4447
1.2,4443
1.21,4439
1.22,4434
1.23,4430
1.24,4426
1.25,4422
1.26,4418
1.27,4414
1.28,4410
1.29,4405
1.3,4401
1.31,4397
1.32,4393
1.33,4389
1.34,4385
1.35,4381
1.36,4376
1.37,4372
1.38,4368
1.39,4364
1.4,4360
1.41,4356
1.42,4352
1.43,4347
1.44,4343
1.45,4339
1.46,4335
1.47,4331
1.48,4327
1.49,4322
1.5,4318
1.51,4314
1.52,4310
1.53,4306
1.54,4302
1.55,4298
1.56,4293
1.57,4289
1.58,4285
1.59,4281
1.6,4277
1.61,4273
1.62,4269
1.63,4264
1.64,4260
1.65,4256
1.66,4252
1.67,4248
1.68,4244
1.69,4239
1.7,4235
1.71,4231
1.72,4227
1.73,4223
1.74,4219
1.75,4215
1.76,4211
1.77,4206
1.78,4202
1.79,4198
1.8,4194
1.81,4190
1.82,4186
1.83,4182
1.84,4177
1.85,4173
1.86,4169
1.87,4165
1.88,4161
1.89,4157
1.9,4153
1.91,4148
1.92,4144
1.93,4140
1.94,4136
1.95,4132
1.96,4128
1.97,4124
1.98,4119
1.99,4115
2.0,4111
2.01,4107
2.02,4103
2.03,4099
2.04,4094
2.05,4090
2.06,4086
2.07,4082
2.08,4078
2.09,4074
2.1,4070
2.11,4066
2.12,4061
2.13,4057
2.14,4053
2.15,4049
2.16,4045
2.17,4041
2.18,4036
2.19,4032
2.2,4028
2.21,4024
2.22,4020
2.23,4016
2.24,4012
2.25,4008
2.26,4003
2.27,3999
2.28,3995
2.29,3991
2.3,3987
2.31,3983
2.32,3979
2.33,3974
2.34,3970
2.35,3966
2.36,3962
2.37,3958
2.38,3954
2.39,3950
2.4,3945
2.41,3941
2.42,3937
2.43,3933
2.44,3929
2.45,3925
2.46,3921
2.47,3916
2.48,3912
2.49,3908
2.5,3904
2.51,3900
2.52,3896
2.53,3892
2.54,3887
2.55,3883
2.56,3879
2.57,3875
2.58,3871
2.59,3867
2.6,3863
2.61,3858
2.62,3854
2.63,3850
2.64,3846
2.65,3842
2.66,3838
2.67,3833
2.68,3829
2.69,3825
2.7,3821
2.71,3817
2.72,3813
2.73,3809
2.74,3804
2.75,3800
2.76,3796
2.77,3792
2.78,3788
2.79,3784
2.8,3780
2.81,3775
2.82,3771
2.83,3767
2.84,3763
2.85,3759
2.86,3755
2.87,3751
2.88,3746
2.89,3742
2.9,3738
2.91,3734
2.92,3730
2.93,3726
2.94,3722
2.95,3718
2.96,3715
2.97,3712
2.98,3708
2.99,3704
3.0,3700
3.01,3698
3.02,3693
3.03,3689
3.04,3685
3.05,3682
3.06,3678
3.07,3675
3.08,3671
3.09,3666
3.1,3663
3.11,3659
3.12,3655
3.13,3652
3.14,3649
3.15,3644
3.16,3641
3.17,3637
3.18,3633
3.19,3629
3.2,3625
3.21,3621
3.22,3618
3.23,3614
3.24,3611
3.25,3607
3.26,3603
3.27,3599
3.28,3595
3.29,3591
3.3,3588
3.31,3584
3.32,3582
3.33,3578
3.34,3574
3.35,3569
3.36,3566
3.37,3562
3.38,3559
3.39,3556
3.4,3553
3.41,3550
3.42,3546
3.43,3542
3.44,3540
3.45,3537
3.46,3533
3.47,3529
3.48,3525
3.49,3521
3.5,3518
3.51,3515
3.52,3511
3.53,3507
3.54,3502
3.55,3500
3.56,3497
3.57,3493
3.58,3489
3.59,3484
3.6,3483
3.61,3480
3.62,3476
3.63,3473
3.64,3468
3.65,3464
3.66,3461
3.67,3459
3.68,3456
3.69,3453
3.7,3450
3.71,3448
3.72,3445
3.73,3441
3.74,3438
3.75,3435
3.76,3431
3.77,3428
3.78,3424
3.79,3420
3.8,3416
3.81,3415
3.82,3411
3.83,3407
3.84,3403
3.85,3399
3.86,3396
3.87,3392
3.88,3389
3.89,3385
3.9,3381
3.91,3378
3.92,3375
3.93,3373
3.94,3369
3.95,3364
3.96,3360
3.97,3359
3.98,3355
3.99,3352
4.0,3348
4.01,3344
4.02,3340
4.03,3336
4.04,3334
4.05,3333
4.06,3329
4.07,3325
4.08,3322
4.09,3319
4.1,3316
4.11,3312
4.12,3309
4.13,3307
4.14,3304
4.15,3301
4.16,3300
4.17,3297
4.18,3294
4.19,3291
4.2,3288
4.21,3286
4.22,3283
4.23,3279
4.24,3276
4.25,3272
4.26,3269
4.27,3268
4.28,3265
4.29,3262
4.3,3259
4.31,3257
4.32,3254
4.33,3251
4.34,3248
4.35,3245
4.36,3241
4.37,3237
4.38,3233
4.39,3229
4.4,3226
4.41,3222
4.42,3219
4.43,3215
4.44,3214
4.45,3214
4.46,3211
4.47,3208
4.48,3204
4.49,3200
4.5,3197
4.51,3194
4.52,3190
4.53,3186
4.54,3182
4.55,3179
4.56,3177
4.57,3173
4.58,3170
4.59,3167
4.6,3164
4.61,3161
4.62,3160
4.63,3157
4.64,3154
4.65,3151
4.66,3149
4.67,3145
4.68,3143
4.69,3140
4.7,3140
4.71,3137
4.72,3134
4.73,3131
4.74,3128
4.75,3125
4.76,3123
4.77,3120
4.78,3116
4.79,3113
4.8,3111
4.81,3109
4.82,3106
4.83,3102
4.84,3099
4.85,3098
4.86,3095
4.87,3092
4.88,3089
4.89,3085
4.9,3081
4.91,3077
4.92,3073
4.93,3072
4.94,3070
4.95,3067
4.96,3065
4.97,3062
4.98,3060
4.99,3058
5.0,3055
5.01,3052
5.02,3051
5.03,3048
5.04,3045
5.05,3040
5.06,3039
5.07,3036
5.08,3035
5.09,3033
5.1,3030
5.11,3029
5.12,3025
5.13,3024
5.14,3021
5.15,3018
5.16,3016
5.17,3015
5.18,3013
5.19,3010
5.2,3008
5.21,3004
5.22,3001
5.23,2999
5.24,2998
5.25,2996
5.26,2993
5.27,2991
5.28,2987
5.29,2983
5.3,2982
5.31,2979
5.32,2977
5.33,2975
5.34,2972
5.35,2969
5.36,2967
5.37,2963
5.38,2961
5.39,2958
5.4,2956
5.41,2954
5.42,2952
5.43,2948
5.44,2944
5.45,2941
5.46,2937
5.47,2934
5.48,2932
5.49,2929
5.5,2929
5.51,2926
5.52,2924
5.53,2922
5.54,2919
5.55,2915
5.56,2913
5.57,2909
5.58,2906
5.59,2903
5.6,2901
5.61,2899
5.62,2896
5.63,2893
5.64,2890
5.65,2889
5.66,2885
5.67,2882
5.68,2878
5.69,2876
5.7,2874
5.71,2872
5.72,2870
5.73,2868
5.74,2866
5.75,2862
5.76,2859
5.77,2856
5.78,2855
5.79,2852
5.8,2850
5.81,2848
5.82,2845
5.83,2844
5.84,2841
5.85,2839
5.86,2836
5.87,2833
5.88,2832
5.89,2831
5.9,2829
5.91,2825
5.92,2824
5.93,2823
5.94,2821
5.95,2819
5.96,2817
5.97,2814
5.98,2814
5.99,2812
6.0,2809
6.01,2806
6.02,2804
6.03,2803
6.04,2799
6.05,2798
6.06,2796
6.07,2794
6.08,2791
6.09,2788
6.1,2786
6.11,2784
6.12,2782
6.13,2780
6.14,2778
6.15,2774
6.16,2773
6.17,2770
6.18,2768
6.19,2766
6.2,2764
6.21,2760
6.22,2759
6.23,2757
6.24,2755
6.25,2753
6.26,2751
6.27,2748
6.28,2744
6.29,2742
6.3,2740
6.31,2737
6.32,2734
6.33,2731
6.34,2729
6.35,2727
6.36,2726
6.37,2723
6.38,2720
6.39,2720
6.4,2719
6.41,2716
6.42,2713
6.43,2711
6.44,2710
6.45,2708
6.46,2706
6.47,2704
6.48,2702
6.49,2698
6.5,2695
6.51,2693
6.52,2691
6.53,2689
6.54,2687
6.55,2684
6.56,2681
6.57,2679
6.58,2679
6.59,2676
6.6,2674
6.61,2672
6.62,2671
6.63,2668
6.64,2666
6.65,2663
6.66,2662
6.67,2659
6.68,2658
6.69,2656
6.7,2654
6.71,2653
6.72,2651
6.73,2650
6.74,2650
6.75,2646
6.76,2644
6.77,2641
6.78,2638
6.79,2636
6.8,2635
6.81,2633
6.82,2632
6.83,2629
6.84,2628
6.85,2624
6.86,2622
6.87,2620
6.88,2619
6.89,2617
6.9,2613
6.91,2611
6.92,2609
6.93,2609
6.94,2608
6.95,2607
6.96,2606
6.97,2605
6.98,2604
6.99,2602
7.0,2602
7.01,2600
7.02,2600
7.03,2599
7.04,2598
7.05,2596
7.06,2595
7.07,2595
7.08,2593
7.09,2590
7.1,2587
7.11,2586
7.12,2584
7.13,2583
7.14,2583
7.15,2583
7.16,2582
7.17,2582
7.18,2581
7.19,2581
7.2,2578
7.21,2576
7.22,2574
7.23,2572
7.24,2570
7.25,2568
7.26,2567
7.27,2565
7.28,2565
7.29,2563
7.3,2562
7.31,2560
7.32,2558
7.33,2556
7.34,2553
7.35,2552
7.36,2551
7.37,2550
7.38,2547
7.39,2546
7.4,2546
7.41,2544
7.42,2542
7.43,2542
7.44,2539
7.45,2539
7.46,2539
7.47,2537
7.48,2537
7.49,2537
7.5,2537
7.51,2536
7.52,2535
7.53,2533
7.54,2532
7.55,2532
7.56,2531
7.57,2531
7.58,2531
7.59,2531
7.6,2529
7.61,2528
7.62,2527
7.63,2526
7.64,2524
7.65,2523
7.66,2522
7.67,2521
7.68,2521
7.69,2521
7.7,2520
7.71,2519
7.72,2516
7.73,2513
7.74,2513
7.75,2511
7.76,2510
7.77,2507
7.78,2506
7.79,2504
7.8,2502
7.81,2502
7.82,2502
7.83,2501
7.84,2498
7.85,2495
7.86,2495
7.87,2494
7.88,2493
7.89,2492
7.9,2491
7.91,2488
7.92,2487
7.93,2487
7.94,2487
7.95,2486
7.96,2485
7.97,2485
7.98,2484
7.99,2483
8.0,2482
8.01,2481
8.02,2481
8.03,2479
8.04,2478
8.05,2477
8.06,2474
8.07,2474
8.08,2474
8.09,2474
8.1,2472
8.11,2471
8.12,2470
8.13,2470
8.14,2470
8.15,2468
8.16,2465
8.17,2463
8.18,2462
8.19,2462
8.2,2460
8.21,2460
8.22,2459
8.23,2458
8.24,2457
8.25,2455
8.26,2454
8.27,2452
8.28,2450
8.29,2449
8.3,2446
8.31,2445
8.32,2445
8.33,2445
8.34,2444
8.35,2444
8.36,2443
8.37,2441
8.38,2440
8.39,2438
8.4,2437
8.41,2435
8.42,2434
8.43,2434
8.44,2433
8.45,2432
8.46,2431
8.47,2430
8.48,2428
8.49,2426
8.5,2425
8.51,2422
8.52,2422
8.53,2421
8.54,2419
8.55,2417
8.56,2417
8.57,2416
8.58,2413
8.59,2411
8.6,2409
8.61,2408
8.62,2407
8.63,2406
8.64,2405
8.65,2404
8.66,2404
8.67,2402
8.68,2400
8.69,2397
8.7,2396
8.71,2396
8.72,2395
8.73,2395
8.74,2394
8.75,2394
8.76,2393
8.77,2393
8.78,2392
8.79,2391
8.8,2391
8.81,2388
8.82,2387
8.83,2386
8.84,2386
8.85,2384
8.86,2384
8.87,2383
8.88,2383
8.89,2382
8.9,2381
8.91,2380
8.92,2378
8.93,2376
8.94,2374
8.95,2374
8.96,2372
8.97,2371
8.98,2371
8.99,2371
9.0,2370
9.01,2369
9.02,2369
9.03,2366
9.04,2364
9.05,2362
9.06,2360
9.07,2359
9.08,2358
9.09,2358
9.1,2356
9.11,2355
9.12,2354
9.13,2354
9.14,2354
9.15,2353
9.16,2352
9.17,2351
9.18,2351
9.19,2350
9.2,2349
9.21,2348
9.22,2347
9.23,2347
9.24,2347
9.25,2344
9.26,2343
9.27,2342
9.28,2341
9.29,2341
9.3,2340
9.31,2339
9.32,2337
9.33,2337
9.34,2337
9.35,2336
9.36,2336
9.37,2336
9.38,2335
9.39,2334
9.4,2333
9.41,2333
9.42,2333
9.43,2332
9.44,2331
9.45,2331
9.46,2330
9.47,2330
9.48,2329
9.49,2329
9.5,2328
9.51,2328
9.52,2328
9.53,2327
9.54,2327
9.55,2326
9.56,2325
9.57,2324
9.58,2323
9.59,2323
9.6,2322
9.61,2322
9.62,2322
9.63,2321
9.64,2321
9.65,2320
9.66,2318
9.67,2318
9.68,2318
9.69,2317
9.7,2316
9.71,2316
9.72,2316
9.73,2315
9.74,2315
9.75,2315
9.76,2314
9.77,2313
9.78,2313
9.79,2312
9.8,2312
9.81,2312
9.82,2312
9.83,2311
9.84,2311
9.85,2311
9.86,2311
9.87,2310
9.88,2310
9.89,2310
9.9,2310
9.91,2310
9.92,2310
9.93,2309
9.94,2309
9.95,2309
9.96,2309
9.97,2309
9.98,2308
9.99,2308
10.0,2307
10.01,2307
10.02,2306
10.03,2305
10.04,2305
10.05,2303
10.06,2303
10.07,2302
10.08,2302
10.09,2302
10.1,2301
10.11,2301
10.12,2301
10.13,2300
10.14,2300
10.15,2300
10.16,2300
10.17,2299
10.18,2299
10.19,2299
10.2,2299
10.21,2299
10.22,2299
10.23,2298
10.24,2298
10.25,2298
10.26,2298
10.27,2298
10.28,2298
10.29,2297
10.3,2297
10.31,2297
10.32,2297
10.33,2297
10.34,2297
10.35,2297
10.36,2297
10.37,2297
10.38,2297
10.39,2297
10.4,2296
10.41,2296
10.42,2296
10.43,2296
10.44,2295
10.45,2294
10.46,2293
10.47,2293
10.48,2293
10.49,2293
10.5,2293
10.51,2293
10.52,2293
10.53,2293
10.54,2293
10.55,2292
10.56,2291
10.57,2291
10.58,2291
10.59,2291
10.6,2291
10.61,2290
10.62,2289
10.63,2289
10.64,2289
10.65,2289
10.66,2289
10.67,2289
10.68,2289
10.69,2289
10.7,2288
10.71,2288
10.72,2288
10.73,2288
10.74,2288
10.75,2288
10.76,2288
10.77,2288
10.78,2288
10.79,2288
10.8,2288
10.81,2288
10.82,2288
10.83,2287
10.84,2287
10.85,2287
10.86,2287
10.87,2287
10.88,2287
10.89,2287
10.9,2287
10.91,2287
10.92,2287
10.93,2286
10.94,2286
10.95,2284
10.96,2284
10.97,2284
10.98,2284
10.99,2283
11.0,2283
11.01,2283
11.02,2283
11.03,2283
11.04,2283
11.05,2283
11.06,2283
11.07,2283
11.08,2282
11.09,2281
11.1,2281
11.11,2281
11.12,2281
11.13,2281
11.14,2281
11.15,2281
11.16,2280
11.17,2279
11.18,2279
11.19,2278
11.2,2278
11.21,2278
11.22,2278
11.23,2278
11.24,2278
11.25,2278
11.26,2278
11.27,2278
11.28,2278
11.29,2278
11.3,2278
11.31,2278
11.32,2278
11.33,2278
11.34,2278
11.35,2278
11.36,2278
11.37,2278
11.38,2277
11.39,2277
11.4,2277
11.41,2277
11.42,2276
11.43,2276
11.44,2276
11.45,2276
11.46,2276
11.47,2276
11.48,2276
11.49,2275
11.5,2275
11.51,2275
11.52,2275
11.53,2274
11.54,2274
11.55,2274
11.56,2274
11.57,2274
11.58,2274
11.59,2274
11.6,2274
11.61,2274
11.62,2274
11.64,2274
11.65,2274
11.66,2274
