0.0,4940
0.01,4936
0.02,4932
0.03,4928
0.04,4923
0.05,4919
0.06,4915
0.07,4910
0.08,4906
0.09,4902
0.1,4897
0.11,4893
0.12,4889
0.13,4884
0.14,4880
0.15,4876
0.16,4872
0.17,4867
0.18,4863
0.19,4859
0.2,4854
0.21,4850
0.22,4846
0.23,4842
0.24,4837
0.25,4833
0.26,4829
0.27,4824
0.28,4820
0.29,4816
0.3,4811
0.31,4807
0.32,4803
0.33,4799
0.34,4794
0.35,4790
0.36,4786
0.37,4781
0.38,4777
0.39,4773
0.4,4768
0.41,4764
0.42,4760
0.43,4756
0.44,4751
0.45,4747
0.46,4743
0.47,4738
0.48,4734
0.49,4730
0.5,4725
0.51,4721
0.52,4717
0.53,4713
0.54,4708
0.55,4704
0.56,4700
0.57,4695
0.58,4691
0.59,4687
0.6,4682
0.61,4678
0.62,4674
0.63,4670
0.64,4665
0.65,4661
0.66,4657
0.67,4652
0.68,4648
0.69,4644
0.7,4640
0.71,4635
0.72,4631
0.73,4627
0.74,4622
0.75,4618
0.76,4614
0.77,4609
0.78,4605
0.79,4601
0.8,4597
0.81,4592
0.82,4588
0.83,4584
0.84,4579
0.85,4575
0.86,4571
0.87,4567
0.88,4562
0.89,4558
0.9,4554
0.91,4549
0.92,4545
0.93,4541
0.94,4537
0.95,4532
0.96,4528
0.97,4524
0.98,4519
0.99,4515
1.0,4511
1.01,4507
1.02,4502
1.03,4498
1.04,4494
1.05,4489
1.06,4485
1.07,4481
1.08,4477
1.09,4472
1.1,4468
1.11,4464
1.12,4459
1.13,4455
1.14,4451
1.15,4447
1.16,4442
1.17,4438
1.18,4434
1.19,4429
1.2,4425
1.21,4421
1.22,4417
1.23,4412
1.24,4408
1.25,4404
1.26,4399
1.27,4395
1.28,4391
1.29,4387
1.3,4382
1.31,4378
1.32,4374
1.33,4370
1.34,4365
1.35,4361
1.36,4357
1.37,4352
1.38,4348
1.39,4344
1.4,4340
1.41,4335
1.42,4331
1.43,4327
1.44,4322
1.45,4318
1.46,4314
1.47,4310
1.48,4305
1.49,4301
1.5,4297
1.51,4292
1.52,4288
1.53,4284
1.54,4280
1.55,4275
1.56,4271
1.57,4267
1.58,4262
1.59,4258
1.6,4254
1.61,4251
1.62,4248
1.63,4244
1.64,4240
1.65,4236
1.66,4231
1.67,4227
1.68,4223
1.69,4219
1.7,4215
1.71,4210
1.72,4206
1.73,4202
1.74,4197
1.75,4193
1.76,4189
1.77,4185
1.78,4180
1.79,4176
1.8,4172
1.81,4168
1.82,4163
1.83,4159
1.84,4155
1.85,4151
1.86,4147
1.87,4142
1.88,4138
1.89,4134
1.9,4130
1.91,4125
1.92,4121
1.93,4117
1.94,4113
1.95,4108
1.96,4104
1.97,4100
1.98,4096
1.99,4091
2.0,4087
2.01,4083
2.02,4079
2.03,4075
2.04,4070
2.05,4066
2.06,4062
2.07,4058
2.08,4053
2.09,4049
2.1,4045
2.11,4041
2.12,4037
2.13,4032
2.14,4028
2.15,4024
2.16,4020
2.17,4015
2.18,4011
2.19,4007
2.2,4003
2.21,3998
2.22,3994
2.23,3990
2.24,3986
2.25,3981
2.26,3977
2.27,3973
2.28,3969
2.29,3964
2.3,3960
2.31,3956
2.32,3952
2.33,3948
2.34,3943
2.35,3939
2.36,3935
2.37,3931
2.38,3927
2.39,3922
2.4,3918
2.41,3914
2.42,3910
2.43,3905
2.44,3901
2.45,3897
2.46,3893
2.47,3889
2.48,3884
2.49,3880
2.5,3876
2.51,3872
2.52,3867
2.53,3863
2.54,3859
2.55,3855
2.56,3851
2.57,3846
2.58,3842
2.59,3838
2.6,3834
2.61,3829
2.62,3825
2.63,3821
2.64,3817
2.65,3813
2.66,3808
2.67,3804
2.68,3800
2.69,3796
2.7,3791
2.71,3787
2.72,3783
2.73,3779
2.74,3774
2.75,3770
2.76,3766
2.77,3762
2.78,3757
2.79,3753
2.8,3749
2.81,3745
2.82,3741
2.83,3736
2.84,3732
2.85,3728
2.86,3724
2.87,3719
2.88,3715
2.89,3712
2.9,3708
2.91,3705
2.92,3701
2.93,3698
2.94,3695
2.95,3692
2.96,3688
2.97,3684
2.98,3680
2.99,3676
3.0,3671
3.01,3667
3.02,3663
3.03,3659
3.04,3654
3.05,3650
3.06,3648
3.07,3645
3.08,3643
3.09,3639
3.1,3635
3.11,3631
3.12,3627
3.13,3624
3.14,3620
3.15,3617
3.16,3613
3.17,3609
3.18,3606
3.19,3603
3.2,3600
3.21,3596
3.22,3592
3.23,3589
3.24,3584
3.25,3581
3.26,3577
3.27,3573
3.28,3570
3.29,3566
3.3,3562
3.31,3558
3.32,3554
3.33,3550
3.34,3547
3.35,3543
3.36,3541
3.37,3537
3.38,3534
3.39,3529
3.4,3526
3.41,3522
3.42,3519
3.43,3516
3.44,3512
3.45,3508
3.46,3504
3.47,3500
3.48,3496
3.49,3492
3.5,3488
3.51,3486
3.52,3482
3.53,3480
3.54,3477
3.55,3473
3.56,3470
3.57,3466
3.58,3463
3.59,3459
3.6,3455
3.61,3451
3.62,3448
3.63,3443
3.64,3441
3.65,3440
3.66,3436
3.67,3434
3.68,3431
3.69,3427
3.7,3423
3.71,3420
3.72,3417
3.73,3414
3.74,3411
3.75,3409
3.76,3406
3.77,3405
3.78,3400
3.79,3398
3.8,3394
3.81,3391
3.82,3389
3.83,3387
3.84,3383
3.85,3380
3.86,3380
3.87,3377
3.88,3374
3.89,3371
3.9,3367
3.91,3363
3.92,3361
3.93,3358
3.94,3354
3.95,3352
3.96,3348
3.97,3345
3.98,3341
3.99,3337
4.0,3333
4.01,3332
4.02,3330
4.03,3326
4.04,3324
4.05,3320
4.06,3317
4.07,3315
4.08,3311
4.09,3307
4.1,3304
4.11,3302
4.12,3299
4.13,3295
4.14,3292
4.15,3290
4.16,3285
4.17,3283
4.18,3280
4.19,3277
4.2,3272
4.21,3270
4.22,3266
4.23,3263
4.24,3260
4.25,3257
4.26,3254
4.27,3252
4.28,3248
4.29,3244
4.3,3240
4.31,3236
4.32,3233
4.33,3230
4.34,3227
4.35,3224
4.36,3222
4.37,3219
4.38,3217
4.39,3214
4.4,3211
4.41,3208
4.42,3204
4.43,3200
4.44,3197
4.45,3193
4.46,3190
4.47,3186
4.48,3183
4.49,3182
4.5,3178
4.51,3174
4.52,3170
4.53,3167
4.54,3164
4.55,3161
4.56,3158
4.57,3154
4.58,3151
4.59,3148
4.6,3145
4.61,3141
4.62,3137
4.63,3134
4.64,3131
4.65,3129
4.66,3126
4.67,3123
4.68,3120
4.69,3117
4.7,3114
4.71,3111
4.72,3107
4.73,3105
4.74,3101
4.75,3098
4.76,3096
4.77,3093
4.78,3091
4.79,3088
4.8,3084
4.81,3080
4.82,3077
4.83,3075
4.84,3071
4.85,3067
4.86,3065
4.87,3061
4.88,3059
4.89,3055
4.9,3053
4.91,3049
4.92,3046
4.93,3043
4.94,3041
4.95,3037
4.96,3034
4.97,3032
4.98,3031
4.99,3028
5.0,3025
5.01,3023
5.02,3020
5.03,3019
5.04,3015
5.05,3015
5.06,3011
5.07,3009
5.08,3005
5.09,3001
5.1,2998
5.11,2995
5.12,2992
5.13,2988
5.14,2986
5.15,2984
5.16,2980
5.17,2977
5.18,2973
5.19,2970
5.2,2967
5.21,2965
5.22,2962
5.23,2960
5.24,2959
5.25,2957
5.26,2953
5.27,2950
5.28,2948
5.29,2948
5.3,2947
5.31,2944
5.32,2941
5.33,2939
5.34,2935
5.35,2933
5.36,2931
5.37,2927
5.38,2925
5.39,2922
5.4,2920
5.41,2917
5.42,2914
5.43,2911
5.44,2909
5.45,2908
5.46,2906
5.47,2902
5.48,2899
5.49,2897
5.5,2896
5.51,2896
5.52,2893
5.53,2891
5.54,2888
5.55,2886
5.56,2883
5.57,2881
5.58,2878
5.59,2877
5.6,2875
5.61,2873
5.62,2870
5.63,2867
5.64,2865
5.65,2862
5.66,2860
5.67,2858
5.68,2857
5.69,2855
5.7,2853
5.71,2852
5.72,2848
5.73,2845
5.74,2841
5.75,2840
5.76,2837
5.77,2834
5.78,2832
5.79,2832
5.8,2830
5.81,2827
5.82,2825
5.83,2823
5.84,2822
5.85,2819
5.86,2818
5.87,2815
5.88,2814
5.89,2813
5.9,2812
5.91,2809
5.92,2805
5.93,2801
5.94,2799
5.95,2795
5.96,2793
5.97,2791
5.98,2789
5.99,2786
6.0,2783
6.01,2782
6.02,2779
6.03,2775
6.04,2772
6.05,2769
6.06,2767
6.07,2766
6.08,2763
6.09,2761
6.1,2760
6.11,2758
6.12,2755
6.13,2752
6.14,2750
6.15,2750
6.16,2747
6.17,2746
6.18,2742
6.19,2740
6.2,2738
6.21,2736
6.22,2734
6.23,2733
6.24,2733
6.25,2731
6.26,2729
6.27,2726
6.28,2722
6.29,2720
6.3,2717
6.31,2717
6.32,2715
6.33,2712
6.34,2709
6.35,2704
6.36,2702
6.37,2700
6.38,2697
6.39,2694
6.4,2692
6.41,2690
6.42,2688
6.43,2685
6.44,2683
6.45,2682
6.46,2680
6.47,2678
6.48,2675
6.49,2672
6.5,2669
6.51,2669
6.52,2667
6.53,2666
6.54,2662
6.55,2658
6.56,2657
6.57,2654
6.58,2653
6.59,2651
6.6,2649
6.61,2647
6.62,2646
6.63,2643
6.64,2641
6.65,2639
6.66,2636
6.67,2633
6.68,2632
6.69,2631
6.7,2630
6.71,2626
6.72,2623
6.73,2622
6.74,2620
6.75,2618
6.76,2617
6.77,2615
6.78,2614
6.79,2610
6.8,2608
6.81,2607
6.82,2606
6.83,2605
6.84,2605
6.85,2603
6.86,2602
6.87,2601
6.88,2601
6.89,2598
6.9,2598
6.91,2595
6.92,2594
6.93,2593
6.94,2592
6.95,2592
6.96,2591
6.97,2590
6.98,2590
6.99,2589
7.0,2587
7.01,2587
7.02,2585
7.03,2583
7.04,2581
7.05,2580
7.06,2576
7.07,2576
7.08,2572
7.09,2570
7.1,2570
7.11,2568
7.12,2567
7.13,2565
7.14,2564
7.15,2563
7.16,2560
7.17,2557
7.18,2556
7.19,2556
7.2,2554
7.21,2552
7.22,2552
7.23,2550
7.24,2550
7.25,2549
7.26,2548
7.27,2548
7.28,2548
7.29,2546
7.3,2544
7.31,2543
7.32,2540
7.33,2539
7.34,2537
7.35,2536
7.36,2534
7.37,2532
7.38,2531
7.39,2530
7.4,2528
7.41,2526
7.42,2526
7.43,2526
7.44,2526
7.45,2526
7.46,2526
7.47,2524
7.48,2524
7.49,2523
7.5,2522
7.51,2520
7.52,2518
7.53,2517
7.54,2515
7.55,2513
7.56,2512
7.57,2511
7.58,2510
7.59,2509
7.6,2508
7.61,2507
7.62,2507
7.63,2506
7.64,2504
7.65,2503
7.66,2502
7.67,2501
7.68,2500
7.69,2498
7.7,2498
7.71,2497
7.72,2496
7.73,2494
7.74,2491
7.75,2490
7.76,2488
7.77,2487
7.78,2486
7.79,2485
7.8,2483
7.81,2481
7.82,2479
7.83,2479
7.84,2478
7.85,2477
7.86,2475
7.87,2473
7.88,2473
7.89,2472
7.9,2472
7.91,2470
7.92,2468
7.93,2467
7.94,2466
7.95,2464
7.96,2463
7.97,2462
7.98,2462
7.99,2460
8.0,2458
8.01,2457
8.02,2457
8.03,2457
8.04,2453
8.05,2453
8.06,2453
8.07,2453
8.08,2452
8.09,2450
8.1,2449
8.11,2448
8.12,2448
8.13,2448
8.14,2446
8.15,2444
8.16,2441
8.17,2441
8.18,2439
8.19,2438
8.2,2436
8.21,2436
8.22,2435
8.23,2434
8.24,2434
8.25,2433
8.26,2433
8.27,2432
8.28,2431
8.29,2429
8.3,2429
8.31,2427
8.32,2425
8.33,2423
8.34,2421
8.35,2421
8.36,2420
8.37,2418
8.38,2418
8.39,2416
8.4,2416
8.41,2416
8.42,2415
8.43,2414
8.44,2412
8.45,2411
8.46,2410
8.47,2409
8.48,2408
8.49,2407
8.5,2407
8.51,2407
8.52,2406
8.53,2405
8.54,2403
8.55,2402
8.56,2401
8.57,2401
8.58,2398
8.59,2397
8.6,2396
8.61,2395
8.62,2395
8.63,2395
8.64,2393
8.65,2393
8.66,2390
8.67,2389
8.68,2388
8.69,2385
8.7,2383
8.71,2383
8.72,2382
8.73,2380
8.74,2380
8.75,2378
8.76,2376
8.77,2375
8.78,2374
8.79,2373
8.8,2372
8.81,2371
8.82,2370
8.83,2368
8.84,2365
8.85,2363
8.86,2362
8.87,2360
8.88,2360
8.89,2360
8.9,2360
8.91,2359
8.92,2357
8.93,2357
8.94,2356
8.95,2355
8.96,2354
8.97,2354
8.98,2354
8.99,2353
9.0,2352
9.01,2350
9.02,2349
9.03,2348
9.04,2348
9.05,2346
9.06,2346
9.07,2346
9.08,2346
9.09,2346
9.1,2343
9.11,2341
9.12,2339
9.13,2338
9.14,2338
9.15,2338
9.16,2337
9.17,2337
9.18,2336
9.19,2336
9.2,2335
9.21,2335
9.22,2334
9.23,2334
9.24,2334
9.25,2332
9.26,2331
9.27,2330
9.28,2330
9.29,2329
9.3,2329
9.31,2329
9.32,2327
9.33,2327
9.34,2327
9.35,2326
9.36,2326
9.37,2326
9.38,2325
9.39,2325
9.4,2325
9.41,2325
9.42,2325
9.43,2325
9.44,2324
9.45,2324
9.46,2324
9.47,2322
9.48,2322
9.49,2322
9.5,2322
9.51,2321
9.52,2320
9.53,2320
9.54,2320
9.55,2320
9.56,2320
9.57,2320
9.58,2319
9.59,2319
9.6,2319
9.61,2319
9.62,2319
9.63,2319
9.64,2319
9.65,2318
9.66,2316
9.67,2316
9.68,2314
9.69,2314
9.7,2314
9.71,2314
9.72,2314
9.73,2313
9.74,2313
9.75,2311
9.76,2311
9.77,2311
9.78,2310
9.79,2310
9.8,2309
9.81,2308
9.82,2308
9.83,2308
9.84,2307
9.85,2307
9.86,2307
9.87,2307
9.88,2307
9.89,2306
9.9,2306
9.91,2306
9.92,2306
9.93,2306
9.94,2306
9.95,2306
9.96,2306
9.97,2306
9.98,2306
9.99,2306
10.0,2306
10.01,2306
10.02,2306
10.03,2306
10.04,2305
10.05,2305
10.06,2305
10.07,2305
10.08,2305
10.09,2305
10.1,2304
10.11,2304
10.12,2304
10.13,2304
10.14,2304
10.15,2304
10.16,2302
10.17,2302
10.18,2302
10.19,2302
10.2,2302
10.21,2302
10.22,2301
10.23,2301
10.24,2301
10.25,2301
10.26,2301
10.27,2301
10.28,2301
10.29,2301
10.3,2301
10.31,2301
10.32,2301
10.33,2301
10.34,2301
10.35,2301
10.36,2301
10.37,2301
10.38,2300
10.39,2300
10.4,2298
10.41,2297
10.42,2297
10.43,2297
10.44,2297
10.45,2297
10.46,2297
10.47,2296
10.48,2296
10.49,2296
10.5,2296
10.51,2296
10.52,2296
10.53,2296
10.54,2296
10.55,2295
10.56,2295
10.57,2294
10.58,2294
10.59,2293
10.6,2293
10.61,2293
10.62,2292
10.63,2292
10.64,2292
10.65,2291
10.66,2291
10.67,2290
10.68,2290
10.69,2290
10.7,2290
10.71,2290
10.72,2289
10.73,2289
10.74,2289
10.75,2289
10.76,2289
10.77,2289
10.78,2289
10.79,2289
10.8,2289
10.81,2289
10.82,2289
10.83,2289
10.84,2288
10.85,2288
10.86,2288
10.87,2288
10.88,2288
10.89,2288
10.9,2288
10.91,2288
10.92,2288
10.93,2288
10.94,2288
10.95,2288
10.96,2288
10.97,2287
10.98,2287
10.99,2287
11.0,2287
11.01,2287
11.02,2287
11.03,2287
11.04,2287
11.05,2286
11.06,2286
11.07,2286
11.08,2285
11.09,2285
11.1,2285
11.11,2285
11.12,2285
11.13,2285
11.14,2285
11.15,2285
11.16,2285
11.17,2285
11.18,2285
11.19,2285
11.2,2284
11.21,2284
11.22,2284
11.23,2284
11.24,2284
11.25,2284
11.26,2283
11.27,2283
11.28,2283
11.29,2283
11.3,2283
11.31,2283
11.32,2283
