0.0,4917
0.01,4867
0.02,4808
0.03,4753
0.04,4710
0.05,4666
0.06,4613
0.07,4567
0.08,4532
0.09,4487
0.1,4449
0.11,4413
0.12,4380
0.13,4349
0.14,4323
0.15,4308
0.16,4286
0.17,4255
0.18,4233
0.19,4201
0.2,4184
0.21,4157
0.22,4136
0.23,4111
0.24,4099
0.25,4072
0.26,4052
0.27,4033
0.28,4016
0.29,3999
0.3,3977
0.31,3957
0.32,3930
0.33,3909
0.34,3898
0.35,3876
0.36,3860
0.37,3838
0.38,3820
0.39,3800
0.4,3775
0.41,3765
0.42,3745
0.43,3722
0.44,3709
0.45,3696
0.46,3684
0.47,3670
0.48,3657
0.49,3649
0.5,3641
0.51,3624
0.52,3606
0.53,3598
0.54,3584
0.55,3572
0.56,3566
0.57,3556
0.58,3542
0.59,3530
0.6,3521
0.61,3509
0.62,3499
0.63,3492
0.64,3483
0.65,3473
0.66,3466
0.67,3460
0.68,3442
0.69,3432
0.7,3419
0.71,3407
0.72,3400
0.73,3386
0.74,3378
0.75,3370
0.76,3357
0.77,3349
0.78,3338
0.79,3328
0.8,3319
0.81,3308
0.82,3298
0.83,3289
0.84,3282
0.85,3274
0.86,3261
0.87,3252
0.88,3243
0.89,3226
0.9,3223
0.91,3211
0.92,3208
0.93,3201
0.94,3195
0.95,3190
0.96,3176
0.97,3171
0.98,3158
0.99,3152
1.0,3146
1.01,3137
1.02,3127
1.03,3118
1.04,3109
1.05,3102
1.06,3101
1.07,3096
1.08,3088
1.09,3083
1.1,3079
1.11,3077
1.12,3071
1.13,3063
1.14,3056
1.15,3049
1.16,3044
1.17,3034
1.18,3026
1.19,3016
1.2,3013
1.21,3010
1.22,3004
1.23,2995
1.24,2990
1.25,2986
1.26,2982
1.27,2980
1.28,2978
1.29,2971
1.3,2967
1.31,2961
1.32,2956
1.33,2954
1.34,2947
1.35,2943
1.36,2940
1.37,2933
1.38,2925
1.39,2921
1.4,2914
1.41,2907
1.42,2901
1.43,2899
1.44,2895
1.45,2889
1.46,2886
1.47,2880
1.48,2878
1.49,2876
1.5,2871
1.51,2865
1.52,2858
1.53,2851
1.54,2847
1.55,2845
1.56,2842
1.57,2839
1.58,2834
1.59,2829
1.6,2826
1.62,2821
1.63,2814
1.64,2809
1.65,2804
1.66,2798
1.67,2796
1.68,2792
1.69,2785
1.7,2779
1.71,2776
1.72,2772
1.73,2768
1.74,2765
1.75,2761
1.76,2755
1.77,2753
1.78,2752
1.79,2750
1.8,2747
1.81,2745
1.82,2743
1.83,2740
1.84,2735
1.85,2733
1.86,2728
1.87,2726
1.88,2724
1.89,2721
1.9,2718
1.91,2715
1.92,2713
1.93,2707
1.94,2704
1.96,2699
1.97,2696
1.98,2692
1.99,2690
2.0,2686
2.01,2682
2.02,2677
2.03,2672
2.04,2671
2.05,2667
2.06,2664
2.07,2661
2.08,2660
2.09,2655
2.1,2652
2.11,2650
2.12,2648
2.13,2646
2.14,2644
2.15,2642
2.16,2639
2.17,2636
2.18,2634
2.19,2632
2.2,2631
2.21,2630
2.22,2626
2.23,2621
2.24,2617
2.25,2613
2.26,2612
2.27,2610
2.28,2606
2.29,2603
2.3,2600
2.31,2596
2.32,2595
2.33,2593
2.34,2591
2.35,2585
2.36,2584
2.37,2583
2.38,2580
2.39,2577
2.4,2574
2.41,2572
2.42,2571
2.43,2570
2.44,2567
2.45,2566
2.46,2562
2.47,2560
2.48,2559
2.49,2555
2.5,2554
2.51,2549
2.52,2547
2.53,2545
2.54,2543
2.55,2540
2.56,2539
2.57,2536
2.58,2532
2.59,2530
2.6,2527
2.61,2524
2.62,2522
2.63,2520
2.65,2519
2.67,2517
2.68,2515
2.69,2513
2.7,2508
2.71,2506
2.72,2504
2.74,2503
2.75,2502
2.76,2501
2.77,2500
2.78,2498
2.79,2495
2.8,2494
2.81,2491
2.83,2488
2.84,2487
2.85,2485
2.86,2484
2.87,2483
2.88,2482
2.89,2481
2.9,2480
2.91,2477
2.92,2473
2.93,2469
2.94,2467
2.95,2466
2.97,2465
2.98,2464
3.0,2463
3.01,2462
3.03,2460
3.05,2457
3.06,2455
3.07,2452
3.08,2450
3.09,2446
3.1,2444
3.12,2442
3.13,2440
3.14,2439
3.17,2436
3.18,2435
3.19,2433
3.22,2432
3.23,2431
3.24,2430
3.25,2426
3.26,2422
3.28,2417
3.29,2415
3.31,2413
3.32,2410
3.33,2407
3.34,2405
3.35,2403
3.36,2401
3.38,2400
3.41,2399
3.42,2398
3.45,2397
3.46,2396
3.49,2395
3.5,2392
3.51,2390
3.52,2388
3.53,2387
3.57,2386
3.59,2384
3.6,2383
3.62,2381
3.63,2379
3.64,2378
3.66,2377
3.68,2376
3.69,2374
3.72,2373
3.73,2371
3.76,2370
3.77,2369
3.8,2368
3.81,2367
3.83,2366
3.85,2363
3.87,2362
3.88,2361
3.91,2360
3.93,2359
3.96,2358
3.99,2357
4.01,2356
4.04,2354
4.05,2353
4.08,2352
4.09,2351
4.1,2350
4.17,2348
4.19,2347
4.22,2345
4.28,2343
4.32,2342
4.34,2340
4.35,2339
4.37,2338
4.38,2337
4.4,2335
4.45,2334
4.46,2333
4.47,2332
4.48,2331
4.51,2327
4.55,2326
4.59,2324
4.6,2323
4.62,2322
4.65,2321
4.66,2320
4.69,2319
4.72,2318
4.73,2317
4.77,2315
4.78,2314
4.8,2313
4.89,2312
4.91,2311
4.95,2309
4.96,2308
4.97,2307
4.98,2305
5.01,2304
5.03,2303
5.04,2302
5.05,2300
5.06,2299
5.09,2298
5.11,2297
5.12,2296
5.13,2295
5.19,2294
5.22,2293
5.26,2292
5.3,2290
5.31,2288
5.32,2287
5.36,2286
5.45,2285
5.5,2284
5.51,2283
5.53,2282
5.56,2281
5.65,2280
5.73,2278
5.74,2277
5.78,2276
5.79,2275
5.8,2274
5.82,2271
5.85,2270
5.93,2269
5.98,2268
5.99,2267
6.04,2266
6.09,2265
6.1,2264
6.13,2263
6.15,2261
6.34,2259
6.36,2258
6.39,2257
6.4,2256
6.42,2255
6.57,2254
6.6,2253
6.71,2252
6.89,2251
6.94,2250
6.99,2249
7.04,2248
7.08,2247
7.09,2246
7.21,2244
7.23,2243
7.46,2242
7.5,2241
7.67,2240
7.84,2239
8.0,2238
8.1,2237
8.25,2236
8.43,2235
8.47,2234
8.5,2233
8.52,2232
8.75,2231
9.02,2230
9.12,2229
9.45,2228
9.57,2227
9.87,2226
10.17,2225
10.31,2224
10.62,2223
10.86,2222
11.0,2221
11.82,2220
13.0,2219
13.66,2218
13.75,2217
14.7,2216
14.8,2215
16.29,2214
16.9,2213
17.21,2212
17.72,2211
18.31,2210
21.55,2209
21.92,2208
24.71,2207
25.16,2206
58.28,2205
59.19,2204
198.2,2203
