0.0,4900
0.01,4827
0.02,4761
0.03,4684
0.04,4600
0.05,4533
0.06,4444
0.07,4396
0.08,4348
0.09,4281
0.1,4234
0.11,4201
0.12,4141
0.13,4103
0.14,4064
0.15,4029
0.16,3991
0.17,3955
0.18,3912
0.19,3895
0.2,3857
0.21,3831
0.22,3810
0.23,3784
0.24,3763
0.25,3734
0.26,3708
0.27,3681
0.28,3650
0.29,3624
0.3,3606
0.31,3583
0.32,3558
0.33,3541
0.34,3518
0.35,3495
0.36,3473
0.37,3439
0.38,3418
0.39,3408
0.4,3386
0.41,3365
0.42,3353
0.43,3340
0.44,3320
0.45,3308
0.46,3293
0.47,3284
0.48,3265
0.49,3254
0.5,3243
0.51,3227
0.52,3206
0.53,3197
0.54,3182
0.55,3169
0.56,3151
0.57,3134
0.58,3120
0.59,3109
0.6,3096
0.61,3079
0.62,3069
0.63,3050
0.64,3042
0.65,3029
0.66,3016
0.67,3007
0.68,2994
0.69,2987
0.7,2972
0.71,2957
0.72,2951
0.73,2948
0.74,2935
0.75,2920
0.76,2912
0.77,2906
0.78,2900
0.79,2892
0.8,2884
0.81,2874
0.82,2865
0.83,2858
0.84,2852
0.85,2843
0.86,2833
0.87,2826
0.88,2820
0.89,2814
0.9,2805
0.91,2798
0.92,2794
0.93,2789
0.94,2786
0.95,2776
0.96,2767
0.97,2759
0.98,2757
0.99,2750
1.0,2740
1.01,2734
1.02,2731
1.03,2725
1.04,2717
1.05,2713
1.06,2706
1.07,2699
1.08,2687
1.09,2682
1.1,2676
1.11,2672
1.12,2665
1.13,2660
1.14,2656
1.15,2648
1.16,2643
1.17,2638
1.18,2635
1.19,2630
1.2,2623
1.21,2622
1.22,2619
1.23,2617
1.24,2611
1.25,2607
1.26,2600
1.27,2594
1.28,2588
1.29,2586
1.3,2580
1.31,2578
1.32,2577
1.33,2574
1.34,2569
1.35,2566
1.36,2562
1.37,2562
1.38,2560
1.39,2550
1.4,2549
1.41,2547
1.42,2543
1.43,2538
1.44,2532
1.45,2531
1.46,2528
1.47,2522
1.48,2520
1.49,2517
1.5,2515
1.51,2510
1.52,2508
1.53,2505
1.54,2504
1.55,2501
1.56,2499
1.57,2499
1.58,2495
1.59,2491
1.6,2488
1.61,2485
1.62,2482
1.63,2479
1.64,2479
1.65,2474
1.66,2472
1.67,2468
1.68,2465
1.69,2460
1.7,2459
1.71,2455
1.72,2450
1.73,2447
1.74,2445
1.75,2443
1.76,2439
1.77,2438
1.78,2438
1.79,2434
1.8,2431
1.81,2427
1.82,2426
1.83,2422
1.84,2418
1.85,2416
1.86,2413
1.87,2411
1.88,2409
1.89,2408
1.9,2407
1.91,2405
1.92,2403
1.93,2399
1.94,2399
1.95,2398
1.96,2397
1.97,2395
1.98,2393
1.99,2391
2.0,2385
2.01,2383
2.02,2380
2.03,2375
2.04,2375
2.05,2374
2.06,2373
2.07,2371
2.08,2371
2.09,2370
2.1,2370
2.11,2369
2.12,2369
2.13,2368
2.14,2364
2.15,2363
2.16,2361
2.17,2361
2.18,2360
2.19,2360
2.2,2359
2.21,2359
2.22,2358
2.23,2357
2.24,2356
2.25,2356
2.26,2355
2.27,2353
2.28,2349
2.29,2349
2.3,2349
2.31,2347
2.32,2347
2.33,2347
2.34,2346
2.35,2342
2.36,2341
2.37,2338
2.38,2338
2.39,2337
2.4,2336
2.41,2335
2.42,2335
2.43,2333
2.44,2333
2.45,2333
2.46,2332
2.47,2332
2.48,2332
2.49,2332
2.5,2332
2.51,2331
2.52,2329
2.53,2329
2.54,2329
2.55,2327
2.56,2326
2.57,2326
2.58,2326
2.59,2326
2.6,2326
2.61,2325
2.62,2324
2.63,2323
2.64,2322
2.65,2320
2.66,2320
2.67,2320
2.68,2320
2.69,2318
2.7,2318
2.71,2316
2.72,2315
2.73,2314
2.74,2314
2.75,2312
2.76,2312
2.77,2310
2.78,2308
2.79,2306
2.8,2306
2.81,2304
2.82,2304
2.83,2304
2.84,2304
2.85,2303
2.86,2302
2.87,2301
2.88,2301
2.89,2299
2.9,2299
2.91,2299
2.92,2299
2.93,2298
2.94,2297
2.95,2296
2.96,2296
2.97,2296
2.98,2296
2.99,2293
3.0,2293
3.01,2291
3.02,2291
3.03,2291
3.04,2291
3.05,2291
3.06,2291
3.07,2291
3.08,2291
3.09,2291
3.1,2291
3.11,2291
3.12,2291
3.13,2290
3.14,2289
3.15,2289
3.16,2288
3.17,2287
3.18,2287
3.19,2287
3.2,2287
3.21,2287
3.22,2286
3.23,2285
3.24,2285
3.25,2284
3.26,2283
3.27,2282
3.28,2282
3.29,2282
3.3,2282
3.31,2282
3.32,2280
3.33,2280
3.34,2280
3.35,2279
3.36,2279
3.37,2279
3.38,2279
3.39,2279
3.4,2278
3.41,2278
3.42,2277
3.43,2277
3.44,2276
3.45,2275
3.46,2275
3.47,2275
3.48,2274
3.49,2273
3.5,2273
3.51,2273
3.52,2273
3.53,2273
3.54,2272
3.55,2271
3.56,2271
3.57,2271
3.58,2271
3.59,2271
3.6,2270
3.61,2268
3.62,2268
3.63,2267
3.64,2267
3.65,2267
3.66,2267
3.67,2267
3.68,2267
3.69,2267
3.7,2267
3.71,2267
3.72,2267
3.73,2267
3.74,2265
3.75,2265
3.76,2265
3.77,2264
3.78,2263
3.79,2262
3.8,2262
3.81,2262
3.82,2261
3.83,2260
3.84,2260
3.85,2260
3.86,2260
3.87,2260
3.88,2259
3.89,2259
3.9,2259
3.91,2259
3.92,2259
3.93,2258
3.94,2258
3.95,2258
3.96,2258
3.97,2257
3.98,2257
3.99,2257
4.0,2257
4.01,2255
4.02,2255
4.03,2254
4.04,2254
4.05,2253
4.06,2253
4.07,2252
4.08,2251
4.09,2251
4.1,2251
4.11,2251
4.12,2251
4.13,2250
4.14,2250
4.15,2250
4.16,2250
4.17,2250
4.18,2250
4.19,2250
4.2,2249
4.21,2249
4.22,2248
4.23,2247
4.24,2247
4.25,2247
4.26,2247
4.27,2247
4.28,2247
4.29,2247
4.3,2247
4.31,2247
4.32,2246
4.33,2246
4.34,2246
4.35,2246
4.36,2245
4.37,2245
4.38,2245
4.39,2245
4.4,2245
4.41,2244
4.42,2243
4.43,2243
4.44,2243
4.45,2243
4.46,2243
4.47,2243
4.48,2243
4.49,2243
4.5,2243
4.51,2243
4.52,2242
4.53,2242
4.54,2241
4.55,2241
4.56,2241
4.57,2241
4.58,2241
4.59,2240
4.6,2240
4.61,2240
4.62,2240
4.63,2240
4.64,2239
4.65,2239
4.66,2238
4.67,2238
4.68,2237
4.69,2237
4.7,2237
4.71,2236
4.72,2236
4.73,2236
4.74,2236
4.75,2236
4.76,2236
4.77,2236
4.78,2236
4.79,2236
4.8,2236
4.81,2236
4.82,2236
4.83,2234
4.84,2234
4.85,2234
4.86,2234
4.87,2234
4.88,2234
4.89,2234
4.9,2234
4.91,2234
4.92,2234
4.93,2234
4.94,2234
4.95,2234
4.96,2234
4.97,2234
4.98,2234
4.99,2234
5.0,2234
5.01,2234
5.02,2234
5.03,2234
5.04,2234
5.05,2234
5.06,2234
5.07,2234
5.08,2234
5.09,2234
5.1,2234
5.11,2234
5.12,2234
5.13,2234
5.14,2234
5.15,2234
5.16,2234
5.17,2234
5.18,2234
5.19,2234
5.2,2234
5.21,2234
5.22,2234
5.23,2233
5.24,2233
5.25,2233
5.26,2233
5.27,2233
5.28,2232
5.29,2232
5.3,2232
5.31,2232
5.32,2232
5.33,2232
5.34,2232
5.35,2232
5.36,2231
5.37,2231
5.38,2231
5.39,2231
5.4,2231
5.41,2231
5.42,2231
5.43,2231
5.44,2231
5.45,2231
5.46,2231
5.47,2231
5.48,2231
5.49,2231
5.5,2230
5.51,2230
5.52,2230
5.53,2230
5.54,2230
5.55,2230
5.56,2230
5.57,2229
5.58,2228
5.59,2228
5.6,2228
5.61,2228
5.62,2228
5.63,2228
5.64,2228
5.65,2228
5.66,2228
5.67,2228
5.68,2228
5.69,2228
5.7,2228
5.71,2227
5.72,2227
5.73,2227
5.74,2227
5.75,2227
5.76,2227
5.77,2227
5.78,2227
5.79,2227
5.8,2227
5.81,2226
5.82,2226
5.83,2226
5.84,2226
5.85,2225
5.86,2224
5.87,2224
5.88,2224
5.89,2224
5.9,2224
5.91,2224
5.92,2224
5.93,2224
5.94,2224
5.95,2224
5.96,2224
5.97,2224
5.98,2224
5.99,2224
6.0,2224
6.01,2224
6.02,2223
6.03,2222
6.04,2222
6.05,2222
6.06,2222
6.07,2222
6.08,2222
6.09,2222
6.1,2222
6.11,2222
6.12,2222
6.13,2222
6.14,2221
6.15,2221
6.16,2221
6.17,2221
6.18,2221
6.19,2221
6.2,2221
6.21,2221
6.22,2221
6.23,2221
6.24,2221
6.25,2221
6.26,2221
6.27,2221
6.28,2221
6.29,2221
6.3,2221
6.31,2221
6.32,2221
6.33,2221
6.34,2221
6.35,2221
6.36,2221
6.37,2220
6.38,2220
6.39,2220
6.4,2220
6.41,2220
6.42,2220
6.43,2220
6.44,2219
6.45,2218
6.46,2218
6.47,2218
6.48,2218
6.49,2218
6.5,2218
6.51,2218
6.52,2217
6.53,2217
6.54,2217
6.55,2217
6.56,2217
6.57,2217
6.58,2217
6.59,2217
6.6,2217
6.61,2217
6.62,2217
6.63,2217
6.64,2217
6.65,2217
6.66,2217
6.67,2217
6.68,2217
6.69,2217
6.7,2217
6.71,2217
6.72,2217
6.73,2217
6.74,2217
6.75,2217
6.76,2217
6.77,2217
6.78,2217
6.79,2217
6.8,2217
6.81,2217
6.82,2217
6.83,2217
6.84,2217
6.85,2217
6.86,2217
6.87,2217
6.88,2217
6.89,2217
6.9,2217
6.91,2217
6.92,2217
6.93,2217
6.94,2217
6.95,2217
6.96,2217
6.97,2216
6.98,2216
6.99,2216
7.0,2216
7.01,2216
7.02,2216
7.03,2216
7.04,2216
7.05,2216
7.06,2216
7.07,2216
7.08,2216
7.09,2216
7.1,2216
7.11,2216
7.12,2216
7.13,2216
7.14,2216
7.15,2216
7.16,2216
7.17,2216
7.18,2216
7.19,2216
7.2,2216
7.21,2216
7.22,2216
7.23,2216
7.24,2216
7.25,2216
7.26,2216
7.27,2216
7.28,2216
7.29,2216
7.3,2216
7.31,2215
7.32,2215
7.33,2215
7.34,2215
7.35,2215
7.36,2215
7.37,2215
7.38,2215
7.39,2215
7.4,2215
7.41,2215
7.42,2215
7.43,2215
7.44,2215
7.45,2215
7.46,2215
7.47,2215
7.48,2215
7.49,2215
7.5,2215
7.51,2215
7.52,2215
7.53,2215
7.54,2215
7.55,2215
7.56,2215
7.57,2215
7.58,2215
7.59,2215
7.6,2215
7.61,2215
7.62,2215
7.63,2215
7.64,2215
7.65,2215
7.66,2215
7.67,2215
7.68,2215
7.69,2215
7.7,2215
7.71,2215
7.72,2215
7.73,2215
7.74,2215
7.75,2215
7.76,2215
7.77,2215
7.78,2215
7.79,2215
7.8,2215
7.81,2215
7.82,2215
7.83,2215
7.84,2215
7.85,2215
7.86,2215
7.87,2215
7.88,2215
7.89,2215
7.9,2215
7.91,2215
7.92,2215
7.93,2215
7.94,2215
7.95,2214
7.96,2214
7.97,2214
7.98,2214
7.99,2214
8.0,2214
8.01,2214
8.02,2214
8.03,2214
8.04,2214
8.05,2214
8.06,2214
8.07,2214
8.08,2214
8.09,2214
8.1,2214
8.11,2214
8.12,2214
8.13,2214
8.14,2214
8.15,2214
8.16,2214
8.17,2214
8.18,2214
8.19,2214
8.2,2214
8.21,2214
8.22,2214
8.23,2214
8.24,2214
8.25,2214
8.26,2214
8.27,2214
8.28,2214
8.29,2214
8.3,2214
8.31,2214
8.32,2214
8.33,2214
8.34,2214
8.35,2214
8.36,2214
8.37,2214
8.38,2214
8.39,2214
8.4,2214
8.41,2214
8.42,2214
8.43,2214
8.44,2214
8.45,2214
8.46,2214
8.47,2214
8.48,2214
8.49,2214
8.5,2214
8.51,2214
8.52,2214
8.53,2214
8.54,2214
8.55,2214
8.56,2214
8.57,2214
8.58,2214
8.59,2214
8.6,2214
8.61,2214
8.62,2214
8.63,2214
8.64,2214
8.65,2214
8.66,2214
8.67,2214
8.68,2214
8.69,2214
8.7,2214
8.71,2214
8.72,2213
8.73,2213
8.74,2213
8.75,2213
8.76,2213
8.77,2213
8.78,2213
8.79,2213
8.8,2213
8.81,2213
8.82,2213
8.83,2213
8.84,2213
8.85,2213
8.86,2213
8.87,2213
8.88,2213
8.89,2213
8.9,2213
8.91,2213
8.92,2213
8.93,2213
8.94,2213
8.95,2213
8.96,2213
8.97,2213
8.98,2213
8.99,2212
9.0,2212
9.01,2212
9.02,2212
9.03,2212
9.04,2212
9.05,2211
9.06,2211
9.07,2211
9.08,2211
9.09,2211
9.1,2211
9.11,2211
9.12,2211
9.13,2211
9.14,2211
9.15,2211
9.16,2211
9.17,2211
9.18,2210
9.19,2210
9.2,2210
9.21,2210
9.22,2210
9.23,2210
9.24,2210
9.25,2210
9.26,2210
9.27,2210
9.28,2210
9.29,2210
9.3,2210
9.31,2210
9.32,2210
9.33,2210
9.34,2210
9.35,2210
9.36,2210
9.37,2210
9.38,2210
9.39,2210
9.4,2210
9.41,2210
9.42,2210
9.43,2210
9.44,2210
9.45,2210
9.46,2210
9.47,2210
9.48,2210
9.49,2210
9.5,2210
9.51,2210
9.52,2210
9.53,2210
9.54,2210
9.55,2210
9.56,2210
9.57,2210
9.58,2210
9.59,2210
9.6,2210
9.61,2210
9.62,2210
9.63,2210
9.64,2210
9.65,2210
9.66,2210
9.67,2210
9.68,2210
9.69,2210
9.7,2210
9.71,2210
9.72,2209
9.73,2209
9.74,2209
9.75,2209
9.76,2209
9.77,2209
9.78,2209
9.79,2209
9.8,2209
9.81,2209
9.82,2209
9.83,2209
9.84,2209
9.85,2209
9.86,2209
9.87,2209
9.88,2208
9.89,2208
9.9,2208
9.91,2208
9.92,2208
9.93,2208
9.94,2208
9.95,2208
9.96,2208
9.97,2208
9.98,2208
9.99,2208
10.0,2208
10.01,2208
10.02,2208
10.03,2208
10.04,2208
10.05,2208
10.06,2208
10.07,2208
10.08,2208
10.09,2208
10.1,2208
10.11,2208
10.12,2208
10.13,2208
10.14,2208
10.15,2208
10.16,2208
10.17,2208
10.18,2208
10.19,2208
10.2,2208
10.21,2208
10.22,2208
10.23,2208
10.24,2208
10.25,2208
10.26,2208
10.27,2208
10.28,2208
10.29,2208
10.3,2208
10.31,2208
10.32,2208
10.33,2208
10.34,2208
10.35,2208
10.36,2208
10.37,2208
10.38,2208
10.39,2208
10.4,2208
10.41,2208
10.42,2208
10.43,2208
10.44,2208
10.45,2208
10.46,2208
10.47,2208
10.48,2208
10.49,2208
10.5,2208
10.51,2208
10.52,2208
10.53,2208
10.54,2208
10.55,2208
10.56,2208
10.57,2208
10.58,2208
10.59,2208
10.6,2208
10.61,2208
10.62,2208
10.63,2208
10.64,2208
10.65,2208
10.66,2208
10.67,2208
10.68,2208
10.69,2208
10.7,2208
10.71,2208
10.72,2208
10.73,2208
10.74,2208
10.75,2208
10.76,2207
10.77,2207
10.78,2207
10.79,2207
10.8,2207
10.81,2207
10.82,2207
10.83,2207
10.84,2207
10.85,2207
10.86,2207
10.87,2207
10.88,2207
10.89,2207
10.9,2207
10.91,2207
10.92,2207
10.93,2207
10.94,2207
10.95,2207
10.96,2207
10.97,2207
10.98,2207
10.99,2207
11.0,2207
11.01,2207
11.02,2207
11.03,2207
11.04,2207
11.05,2207
11.06,2207
11.07,2207
11.08,2207
11.09,2207
11.1,2207
11.11,2207
11.12,2207
11.13,2207
11.14,2207
11.15,2207
11.16,2207
11.17,2207
11.18,2207
11.19,2207
11.2,2207
11.21,2207
11.22,2207
11.23,2207
11.24,2207
11.25,2207
11.26,2207
11.27,2207
11.28,2207
11.29,2207
11.3,2207
11.31,2207
11.32,2207
11.33,2207
11.34,2207
11.35,2207
11.36,2207
11.37,2207
11.38,2207
11.39,2207
11.4,2207
11.41,2207
11.42,2207
11.43,2207
11.44,2207
11.45,2207
11.46,2207
11.47,2207
11.48,2207
11.49,2207
11.5,2207
11.51,2207
11.52,2207
11.53,2207
11.54,2207
11.55,2207
11.56,2207
11.57,2207
11.58,2207
11.59,2207
11.6,2207
11.61,2207
11.62,2207
11.63,2207
11.64,2207
11.65,2207
11.66,2207
11.67,2207
11.68,2207
11.69,2207
11.7,2207
11.71,2207
11.72,2207
11.73,2207
11.74,2207
11.75,2207
11.76,2207
11.77,2207
11.78,2207
11.79,2207
11.8,2207
11.81,2207
11.82,2207
11.83,2207
11.84,2207
11.85,2207
11.86,2207
11.87,2207
11.88,2207
11.89,2207
11.9,2207
11.91,2207
11.92,2207
11.93,2207
11.94,2207
11.95,2207
11.96,2207
11.97,2207
11.98,2207
11.99,2207
12.0,2207
12.01,2207
12.02,2207
12.03,2207
12.04,2207
12.05,2207
12.06,2207
12.07,2207
12.08,2207
12.09,2207
12.1,2207
12.11,2207
12.12,2207
12.13,2207
12.14,2207
12.15,2207
12.16,2207
12.17,2207
12.18,2207
12.19,2207
12.2,2207
12.21,2207
12.22,2207
12.23,2207
12.24,2207
12.25,2207
12.26,2207
12.27,2207
12.28,2207
12.29,2207
12.3,2207
12.31,2207
12.32,2207
12.33,2207
12.34,2207
12.35,2207
12.36,2207
12.37,2206
12.38,2206
12.39,2206
12.4,2206
12.41,2206
12.42,2206
12.43,2206
12.44,2206
12.45,2206
12.46,2206
12.47,2206
12.48,2206
12.49,2206
12.5,2206
12.51,2206
12.52,2206
12.53,2206
12.54,2206
12.55,2206
12.56,2206
12.57,2206
12.58,2206
12.59,2206
12.6,2206
12.61,2206
12.62,2206
12.63,2206
12.64,2206
12.65,2206
12.66,2206
12.67,2206
12.68,2206
12.69,2206
12.7,2206
12.71,2206
12.72,2206
12.73,2206
12.74,2206
12.75,2206
12.76,2206
12.77,2206
12.78,2206
12.79,2206
12.8,2206
12.81,2206
12.82,2206
12.83,2206
12.84,2206
12.85,2206
12.86,2206
12.87,2206
12.88,2206
12.89,2206
12.9,2206
12.91,2206
12.92,2206
12.93,2206
12.94,2206
12.95,2206
12.96,2206
12.97,2206
12.98,2206
12.99,2206
13.0,2206
13.01,2206
13.02,2206
13.03,2206
13.04,2206
13.05,2206
13.06,2206
13.07,2206
13.08,2206
13.09,2206
13.1,2206
13.11,2205
13.12,2205
13.13,2205
13.14,2205
13.15,2205
13.16,2205
13.17,2205
13.18,2205
13.19,2205
13.2,2205
13.21,2205
13.22,2205
13.23,2205
13.24,2205
13.25,2205
13.26,2205
13.27,2205
13.28,2205
13.29,2205
13.3,2205
13.31,2205
13.32,2205
13.33,2205
13.34,2205
13.35,2205
13.36,2205
13.37,2205
13.38,2205
13.39,2205
13.4,2205
13.41,2205
13.42,2205
13.43,2205
13.44,2205
13.45,2205
13.46,2205
13.47,2205
13.48,2205
13.49,2205
13.5,2205
13.51,2205
13.52,2205
13.53,2205
13.54,2205
13.55,2205
13.56,2205
13.57,2205
13.58,2205
13.59,2205
13.6,2205
13.61,2205
13.62,2205
13.63,2205
13.64,2205
13.65,2205
13.66,2205
13.67,2205
13.68,2205
13.69,2205
13.7,2205
13.71,2205
13.72,2205
13.73,2205
13.74,2205
13.75,2205
13.76,2205
13.77,2205
13.78,2205
13.79,2205
13.8,2205
13.81,2205
13.82,2205
13.83,2205
13.84,2205
13.85,2205
13.86,2205
13.87,2205
13.88,2205
13.89,2205
13.9,2205
13.91,2205
13.92,2205
13.93,2205
13.94,2205
13.95,2205
13.96,2205
13.97,2205
13.98,2205
13.99,2205
14.0,2205
14.01,2205
14.02,2205
14.03,2205
14.04,2205
14.05,2205
14.06,2205
14.07,2205
14.08,2205
14.09,2205
14.1,2205
14.11,2205
14.12,2205
14.13,2205
14.14,2205
14.15,2205
14.16,2205
14.17,2205
14.18,2205
14.19,2205
14.2,2205
14.21,2205
14.22,2205
14.23,2205
14.24,2205
14.25,2205
14.26,2205
14.27,2205
14.28,2205
14.29,2205
14.3,2205
14.31,2205
14.32,2205
14.33,2205
14.34,2205
14.35,2205
14.36,2205
14.37,2205
14.38,2205
14.39,2205
14.4,2205
14.41,2205
14.42,2205
14.43,2205
14.44,2205
14.45,2205
14.46,2205
14.47,2205
14.48,2205
14.49,2205
14.5,2205
14.51,2205
14.52,2205
14.53,2205
14.54,2205
14.55,2205
14.56,2205
14.57,2205
14.58,2205
14.59,2205
14.6,2205
14.61,2205
14.62,2205
14.63,2205
14.64,2205
14.65,2205
14.66,2205
14.67,2205
14.68,2205
14.69,2205
14.7,2205
14.71,2205
14.72,2205
14.73,2205
14.74,2205
14.75,2205
14.76,2205
14.77,2205
14.78,2205
14.79,2205
14.8,2205
14.81,2205
14.82,2205
14.83,2205
14.84,2205
14.85,2205
14.86,2205
14.87,2205
14.88,2205
14.89,2205
14.9,2205
14.91,2205
14.92,2205
14.93,2205
14.94,2205
14.95,2205
14.96,2205
14.97,2205
14.98,2205
14.99,2205
15.0,2205
15.01,2205
15.02,2205
15.03,2205
15.04,2205
15.05,2205
15.06,2205
15.07,2205
15.08,2205
15.09,2205
15.1,2205
15.11,2205
15.12,2205
15.13,2205
15.14,2205
15.15,2205
15.16,2205
15.17,2205
15.18,2205
15.19,2205
15.2,2205
15.21,2205
15.22,2205
15.23,2205
15.24,2205
15.25,2205
15.26,2205
15.27,2205
15.28,2205
15.29,2205
15.3,2205
15.31,2205
15.32,2205
15.33,2205
15.34,2205
15.35,2205
15.36,2205
15.37,2205
15.38,2205
15.39,2205
15.4,2205
15.41,2205
15.42,2205
15.43,2205
15.44,2205
15.45,2205
15.46,2205
15.47,2205
15.48,2205
15.49,2205
15.5,2205
15.51,2205
15.52,2205
15.53,2205
15.54,2205
15.55,2205
15.56,2205
15.57,2205
15.58,2205
15.59,2205
15.6,2205
15.61,2205
15.62,2205
15.63,2205
15.64,2205
15.65,2205
15.66,2205
15.67,2205
15.68,2205
15.69,2205
15.7,2205
15.71,2205
15.72,2205
15.73,2205
15.74,2205
15.75,2205
15.76,2205
15.77,2205
15.78,2205
15.79,2205
15.8,2205
15.81,2205
15.82,2205
15.83,2205
15.84,2205
15.85,2205
15.86,2205
15.87,2205
15.88,2205
15.89,2205
15.9,2205
15.91,2205
15.92,2205
15.93,2205
15.94,2205
15.95,2205
15.96,2205
15.97,2205
15.98,2205
15.99,2205
16.0,2205
16.01,2205
16.02,2205
16.03,2205
16.04,2205
16.05,2205
16.06,2205
16.07,2205
16.08,2205
16.09,2205
16.1,2205
16.11,2205
16.12,2205
16.13,2205
16.14,2205
16.15,2205
16.16,2205
16.17,2205
16.18,2205
16.19,2205
16.2,2205
16.21,2205
16.22,2205
16.23,2205
16.24,2205
16.25,2205
16.26,2205
16.27,2205
16.28,2205
16.29,2205
16.3,2205
16.31,2205
16.32,2205
16.33,2205
16.34,2205
16.35,2205
16.36,2205
16.37,2205
16.38,2205
16.39,2205
16.4,2205
16.41,2205
16.42,2205
16.43,2205
16.44,2205
16.45,2205
16.46,2205
16.47,2205
16.48,2205
16.49,2205
16.5,2205
16.51,2205
16.52,2205
16.53,2205
16.54,2205
16.55,2205
16.56,2205
16.57,2205
16.58,2205
16.59,2205
16.6,2205
16.61,2205
16.62,2205
16.63,2205
16.64,2205
16.65,2205
16.66,2205
16.67,2205
16.68,2205
16.69,2205
16.7,2205
16.71,2205
16.72,2205
16.73,2205
16.74,2205
16.75,2205
16.76,2205
16.77,2205
16.78,2205
16.79,2205
16.8,2205
16.81,2205
16.82,2205
16.83,2205
16.84,2205
16.85,2205
16.86,2205
16.87,2205
16.88,2205
16.89,2205
16.9,2205
16.91,2205
16.92,2205
16.93,2205
16.94,2205
16.95,2205
16.96,2205
16.97,2205
16.98,2205
16.99,2205
17.0,2205
17.01,2205
17.02,2205
17.03,2205
17.04,2205
17.05,2205
17.06,2205
17.07,2205
17.08,2205
17.09,2205
17.1,2205
17.11,2205
17.12,2205
17.13,2205
17.14,2205
17.15,2205
17.16,2205
17.17,2205
17.18,2205
17.19,2205
17.2,2205
17.21,2205
17.22,2205
17.23,2205
17.24,2205
17.25,2205
17.26,2205
17.27,2205
17.28,2205
17.29,2205
17.3,2205
17.31,2205
17.32,2205
17.33,2205
17.34,2205
17.35,2205
17.36,2205
17.37,2205
17.38,2205
17.39,2205
17.4,2205
17.41,2205
17.42,2205
17.43,2205
17.44,2205
17.45,2205
17.46,2205
17.47,2205
17.48,2205
17.49,2205
17.5,2205
17.51,2205
17.52,2205
17.53,2205
17.54,2205
17.55,2205
17.56,2205
17.57,2205
17.58,2205
17.59,2205
17.6,2205
17.61,2205
17.62,2205
17.63,2205
17.64,2205
17.65,2205
17.66,2205
17.67,2205
17.68,2205
17.69,2205
17.7,2205
17.71,2205
17.72,2205
17.73,2205
17.74,2205
17.75,2205
17.76,2205
17.77,2205
17.78,2205
17.79,2205
17.8,2205
17.81,2205
17.82,2205
17.83,2205
17.84,2205
17.85,2205
17.86,2205
17.87,2205
17.88,2205
17.89,2205
17.9,2205
17.91,2205
17.92,2205
17.93,2205
17.94,2205
17.95,2205
17.96,2205
17.97,2205
17.98,2205
17.99,2205
18.0,2205
18.01,2205
18.02,2205
18.03,2205
18.04,2205
18.05,2205
18.06,2205
18.07,2205
18.08,2205
18.09,2205
18.1,2205
18.11,2205
18.12,2205
18.13,2205
18.14,2205
18.15,2205
18.16,2205
18.17,2205
18.18,2205
18.19,2205
18.2,2205
18.21,2205
18.22,2205
18.23,2205
18.24,2205
18.25,2205
18.26,2205
18.27,2205
18.28,2205
18.29,2205
18.3,2205
18.31,2205
18.32,2205
18.33,2205
18.34,2205
18.35,2205
18.36,2205
18.37,2205
18.38,2205
18.39,2205
18.4,2205
18.41,2205
18.42,2205
18.43,2205
18.44,2205
18.45,2205
18.46,2205
18.47,2205
18.48,2205
18.49,2205
18.5,2205
18.51,2205
18.52,2205
18.53,2205
18.54,2205
18.55,2205
18.56,2205
18.57,2205
18.58,2205
18.59,2205
18.6,2205
18.61,2205
18.62,2205
18.63,2205
18.64,2205
18.65,2205
18.66,2205
18.67,2205
18.68,2205
18.69,2205
18.7,2205
18.71,2205
18.72,2205
18.73,2205
18.74,2205
18.75,2205
18.76,2205
18.77,2205
18.78,2205
18.79,2205
18.8,2205
18.81,2205
18.82,2205
18.83,2205
18.84,2205
18.85,2205
18.86,2205
18.87,2205
18.88,2205
18.89,2205
18.9,2205
18.91,2205
18.92,2205
18.93,2205
18.94,2205
18.95,2205
18.96,2205
18.97,2205
18.98,2205
18.99,2205
19.0,2205
19.01,2205
19.02,2205
19.03,2205
19.04,2205
19.05,2205
19.06,2205
19.07,2205
19.08,2205
19.09,2205
19.1,2205
19.11,2205
19.12,2205
19.13,2205
19.14,2205
19.15,2205
19.16,2205
19.17,2205
19.18,2205
19.19,2205
19.2,2205
19.21,2205
19.22,2205
19.23,2205
19.24,2205
19.25,2205
19.26,2205
19.27,2205
19.28,2205
19.29,2205
19.3,2205
19.31,2205
19.32,2205
19.33,2205
19.34,2205
19.35,2205
19.36,2205
19.37,2205
19.38,2205
19.39,2205
19.4,2205
19.41,2205
19.42,2205
19.43,2205
19.44,2205
19.45,2205
19.46,2205
19.47,2205
19.48,2205
19.49,2205
19.5,2205
19.51,2205
19.52,2205
19.53,2205
19.54,2205
19.55,2205
19.56,2205
19.57,2205
19.58,2205
19.59,2205
19.6,2205
19.61,2205
19.62,2205
19.63,2205
19.64,2205
19.65,2205
19.66,2205
19.67,2205
19.68,2205
19.69,2205
19.7,2205
19.71,2205
19.72,2205
19.73,2205
19.74,2205
19.75,2205
19.76,2205
19.77,2205
19.78,2205
19.79,2205
19.8,2205
19.81,2205
19.82,2205
19.83,2205
19.84,2205
19.85,2205
19.86,2205
19.87,2205
19.88,2205
19.89,2205
19.9,2205
19.91,2205
19.92,2205
19.93,2205
19.94,2205
19.95,2205
19.96,2205
19.97,2205
19.98,2205
19.99,2205
20.0,2205
20.01,2205
20.02,2205
20.03,2205
20.04,2205
20.05,2205
20.06,2205
20.07,2205
20.08,2205
20.09,2205
20.1,2205
20.11,2205
20.12,2205
20.13,2205
20.14,2205
20.15,2205
20.16,2205
20.17,2205
20.18,2205
20.19,2205
20.2,2205
20.21,2205
20.22,2205
20.23,2205
20.24,2205
20.25,2205
20.26,2205
20.27,2205
20.28,2205
20.29,2205
20.3,2205
20.31,2205
20.32,2205
20.33,2205
20.34,2205
20.35,2205
20.36,2205
20.37,2205
20.38,2205
20.39,2205
20.4,2205
20.41,2205
20.42,2205
20.43,2205
20.44,2205
20.45,2205
20.46,2205
20.47,2205
20.48,2205
20.49,2205
20.5,2205
20.51,2205
20.52,2205
20.53,2205
20.54,2205
20.55,2205
20.56,2205
20.57,2205
20.58,2205
20.59,2205
20.6,2205
20.61,2205
20.62,2205
20.63,2205
20.64,2205
20.65,2205
20.66,2205
20.67,2205
20.68,2205
20.69,2205
20.7,2205
20.71,2205
20.72,2205
20.73,2205
20.74,2205
20.75,2205
20.76,2205
20.77,2205
20.78,2205
20.79,2205
20.8,2205
20.81,2205
20.82,2205
20.83,2205
20.84,2205
20.85,2205
20.86,2205
20.87,2205
20.88,2205
20.89,2205
20.9,2205
20.91,2205
20.92,2205
20.93,2205
20.94,2205
20.95,2205
20.96,2205
20.97,2205
20.98,2205
20.99,2205
21.0,2205
21.01,2205
21.02,2205
21.03,2205
21.04,2205
21.05,2205
21.06,2205
21.07,2205
21.08,2205
21.09,2205
21.1,2205
21.11,2205
21.12,2205
21.13,2205
21.14,2205
21.15,2205
21.16,2205
21.17,2205
21.18,2205
21.19,2205
21.2,2205
21.21,2205
21.22,2205
21.23,2205
21.24,2205
21.25,2205
21.26,2205
21.27,2205
21.28,2205
21.29,2205
21.3,2205
21.31,2205
21.32,2205
21.33,2205
21.34,2205
21.35,2205
21.36,2205
21.37,2205
21.38,2205
21.39,2205
21.4,2205
21.41,2205
21.42,2205
21.43,2205
21.44,2205
21.45,2205
21.46,2205
21.47,2205
21.48,2205
21.49,2205
21.5,2205
21.51,2205
21.52,2205
21.53,2205
21.54,2205
21.55,2205
21.56,2205
21.57,2205
21.58,2205
21.59,2205
21.6,2205
21.61,2205
21.62,2205
21.63,2205
21.64,2205
21.65,2205
21.66,2205
21.67,2205
21.68,2205
21.69,2205
21.7,2205
21.71,2205
21.72,2205
21.73,2205
21.74,2205
21.75,2205
21.76,2205
21.77,2205
21.78,2205
21.79,2205
21.8,2205
21.81,2205
21.82,2205
21.83,2205
21.84,2205
21.85,2205
21.86,2205
21.87,2205
21.88,2205
21.89,2205
21.9,2205
21.91,2205
21.92,2205
21.93,2205
21.94,2205
21.95,2205
21.96,2205
21.97,2205
21.98,2205
21.99,2205
22.0,2205
22.01,2205
22.02,2205
22.03,2205
22.04,2205
22.05,2205
22.06,2205
22.07,2205
22.08,2205
22.09,2205
22.1,2205
22.11,2205
22.12,2205
22.13,2205
22.14,2205
22.15,2205
22.16,2205
22.17,2205
22.18,2205
22.19,2205
22.2,2205
22.21,2205
22.22,2205
22.23,2205
22.24,2205
22.25,2205
22.26,2205
22.27,2205
22.28,2205
22.29,2205
22.3,2205
22.31,2205
22.32,2205
22.33,2205
22.34,2205
22.35,2205
22.36,2205
22.37,2205
22.38,2205
22.39,2205
22.4,2205
22.41,2205
22.42,2205
22.43,2205
22.44,2205
22.45,2205
22.46,2205
22.47,2205
22.48,2205
22.49,2205
22.5,2205
22.51,2205
22.52,2205
22.53,2205
22.54,2205
22.55,2205
22.56,2205
22.57,2205
22.58,2205
22.59,2205
22.6,2205
22.61,2205
22.62,2205
22.63,2205
22.64,2205
22.65,2205
22.66,2205
22.67,2205
22.68,2205
22.69,2205
22.7,2205
22.71,2205
22.72,2205
22.73,2205
22.74,2205
22.75,2205
22.76,2205
22.77,2205
22.78,2205
22.79,2205
22.8,2205
22.81,2205
22.82,2205
22.83,2205
22.84,2205
22.85,2205
22.86,2205
22.87,2205
22.88,2205
22.89,2205
22.9,2205
22.91,2205
22.92,2205
22.93,2205
22.94,2205
22.95,2205
22.96,2205
22.97,2205
22.98,2205
22.99,2205
23.0,2205
23.01,2205
23.02,2205
23.03,2205
23.04,2205
23.05,2205
23.06,2205
23.07,2205
23.08,2205
23.09,2205
23.1,2205
23.11,2205
23.12,2205
23.13,2205
23.14,2205
23.15,2205
23.16,2205
23.17,2205
23.18,2205
23.19,2205
23.2,2205
23.21,2205
23.22,2205
23.23,2205
23.24,2205
23.25,2205
23.26,2205
23.27,2205
23.28,2205
23.29,2205
23.3,2205
23.31,2205
23.32,2205
23.33,2205
23.34,2205
23.35,2205
23.36,2205
23.37,2205
23.38,2205
23.39,2205
23.4,2205
23.41,2205
23.42,2205
23.43,2205
23.44,2205
23.45,2205
23.46,2205
23.47,2205
23.48,2205
23.49,2205
23.5,2205
23.51,2205
23.52,2205
23.53,2205
23.54,2205
23.55,2205
23.56,2205
23.57,2205
23.58,2205
23.59,2205
23.6,2205
23.61,2205
23.62,2205
23.63,2205
23.64,2205
23.65,2205
23.66,2205
23.67,2205
23.68,2205
23.69,2205
23.7,2205
23.71,2205
23.72,2205
23.73,2205
23.74,2205
23.75,2205
23.76,2205
23.77,2205
23.78,2205
23.79,2205
23.8,2205
23.81,2205
23.82,2205
23.83,2205
23.84,2205
23.85,2205
23.86,2205
23.87,2205
23.88,2205
23.89,2205
23.9,2205
23.91,2205
23.92,2205
23.93,2205
23.94,2205
23.95,2205
23.96,2205
23.97,2205
23.98,2205
23.99,2205
24.0,2205
24.01,2205
24.02,2205
24.03,2205
24.04,2205
24.05,2205
24.06,2205
24.07,2205
24.08,2205
24.09,2205
24.1,2205
24.11,2205
24.12,2205
24.13,2205
24.14,2205
24.15,2205
24.16,2205
24.17,2205
24.18,2205
24.19,2205
24.2,2205
24.21,2205
24.22,2205
24.23,2205
24.24,2205
24.25,2205
24.26,2205
24.27,2205
24.28,2205
24.29,2205
24.3,2205
24.31,2205
24.32,2205
24.33,2205
24.34,2205
24.35,2205
24.36,2205
24.37,2205
24.38,2205
24.39,2204
24.4,2204
24.41,2204
24.42,2204
24.43,2204
24.44,2204
24.45,2204
24.46,2204
24.47,2204
24.48,2204
24.49,2204
24.5,2204
24.51,2204
24.52,2204
24.53,2204
24.54,2204
24.55,2204
24.56,2204
24.57,2204
24.58,2204
24.59,2204
24.6,2204
24.61,2204
24.62,2204
24.63,2204
24.64,2204
24.65,2204
24.66,2204
24.67,2204
24.68,2204
24.69,2204
24.7,2204
24.71,2204
24.72,2204
24.73,2204
24.74,2204
24.75,2204
24.76,2204
24.77,2204
24.78,2204
24.79,2204
24.8,2204
24.81,2204
24.82,2204
24.83,2204
24.84,2204
24.85,2204
24.86,2204
24.87,2204
24.88,2204
24.89,2204
24.9,2204
24.91,2204
24.92,2204
24.93,2204
24.94,2204
24.95,2204
24.96,2204
24.97,2204
24.98,2204
24.99,2204
25.0,2204
25.01,2204
25.02,2204
25.03,2204
25.04,2204
25.05,2204
25.06,2204
25.07,2204
25.08,2204
25.09,2204
25.1,2204
25.11,2204
25.12,2204
25.13,2204
25.14,2204
25.15,2204
25.16,2204
25.17,2204
25.18,2204
25.19,2204
25.2,2204
25.21,2204
25.22,2204
25.23,2204
25.24,2204
25.25,2204
25.26,2204
25.27,2204
25.28,2204
25.29,2204
25.3,2204
25.31,2204
25.32,2204
25.33,2204
25.34,2204
25.35,2204
25.36,2204
25.37,2204
25.38,2204
25.39,2204
25.4,2204
25.41,2204
25.42,2204
25.43,2204
25.44,2204
25.45,2204
25.46,2204
25.47,2204
25.48,2204
25.49,2204
25.5,2204
25.51,2204
25.52,2204
25.53,2204
25.54,2204
25.55,2204
25.56,2204
25.57,2204
25.58,2204
25.59,2204
25.6,2204
25.61,2204
25.62,2204
25.63,2204
25.64,2204
25.65,2204
25.66,2204
25.67,2204
25.68,2204
25.69,2204
25.7,2204
25.71,2204
25.72,2204
25.73,2204
25.74,2204
25.75,2204
25.76,2204
25.77,2204
25.78,2204
25.79,2204
25.8,2204
25.81,2204
25.82,2204
25.83,2204
25.84,2204
25.85,2204
25.86,2204
25.87,2204
25.88,2204
25.89,2204
25.9,2204
25.91,2204
25.92,2204
25.93,2204
25.94,2204
25.95,2204
25.96,2204
25.97,2204
25.98,2204
25.99,2204
26.0,2204
26.01,2204
26.02,2204
26.03,2204
26.04,2204
26.05,2204
26.06,2204
26.07,2204
26.08,2204
26.09,2204
26.1,2204
26.11,2204
26.12,2204
26.13,2204
26.14,2204
26.15,2204
26.16,2204
26.17,2204
26.18,2204
26.19,2204
26.2,2204
26.21,2204
26.22,2204
26.23,2204
26.24,2204
26.25,2204
26.26,2204
26.27,2204
26.28,2204
26.29,2204
26.3,2204
26.31,2204
26.32,2204
26.33,2204
26.34,2204
26.35,2204
26.36,2204
26.37,2204
26.38,2204
26.39,2204
26.4,2204
26.41,2204
26.42,2204
26.43,2204
26.44,2204
26.45,2204
26.46,2204
26.47,2204
26.48,2204
26.49,2204
26.5,2204
26.51,2204
26.52,2204
26.53,2204
26.54,2204
26.55,2204
26.56,2204
26.57,2204
26.58,2204
26.59,2204
26.6,2204
26.61,2204
26.62,2204
26.63,2204
26.64,2204
26.65,2204
26.66,2204
26.67,2204
26.68,2204
26.69,2204
26.7,2204
26.71,2204
26.72,2204
26.73,2204
26.74,2204
26.75,2204
26.76,2204
26.77,2204
26.78,2204
26.79,2204
26.8,2204
26.81,2204
26.82,2204
26.83,2204
26.84,2204
26.85,2204
26.86,2204
26.87,2204
26.88,2204
26.89,2204
26.9,2204
26.91,2204
26.92,2204
26.93,2204
26.94,2204
26.95,2204
26.96,2204
26.97,2204
26.98,2204
26.99,2204
27.0,2204
27.01,2204
27.02,2204
27.03,2204
27.04,2204
27.05,2204
27.06,2204
27.07,2204
27.08,2204
27.09,2204
27.1,2204
27.11,2204
27.12,2204
27.13,2204
27.14,2204
27.15,2204
27.16,2204
27.17,2204
27.18,2204
27.19,2204
27.2,2204
27.21,2204
27.22,2204
27.23,2204
27.24,2204
27.25,2204
27.26,2204
27.27,2204
27.28,2204
27.29,2204
27.3,2204
27.31,2204
27.32,2204
27.33,2204
27.34,2204
27.35,2204
27.36,2204
27.37,2204
27.38,2204
27.39,2204
27.4,2204
27.41,2204
27.42,2204
27.43,2204
27.44,2204
27.45,2204
27.46,2204
27.47,2204
27.48,2204
27.49,2204
27.5,2204
27.51,2204
27.52,2204
27.53,2204
27.54,2204
27.55,2204
27.56,2204
27.57,2204
27.58,2204
27.59,2204
27.6,2204
27.61,2204
27.62,2204
27.63,2204
27.64,2204
27.65,2204
27.66,2204
27.67,2204
27.68,2204
27.69,2204
27.7,2204
27.71,2204
27.72,2204
27.73,2204
27.74,2204
27.75,2204
27.76,2204
27.77,2204
27.78,2204
27.79,2204
27.8,2204
27.81,2204
27.82,2204
27.83,2204
27.84,2204
27.85,2204
27.86,2204
27.87,2204
27.88,2204
27.89,2204
27.9,2204
27.91,2204
27.92,2204
27.93,2204
27.94,2204
27.95,2204
27.96,2204
27.97,2204
27.98,2204
27.99,2204
28.0,2204
28.01,2204
28.02,2204
28.03,2204
28.04,2204
28.05,2204
28.06,2204
28.07,2204
28.08,2204
28.09,2204
28.1,2204
28.11,2204
28.12,2204
28.13,2204
28.14,2204
28.15,2204
28.16,2204
28.17,2204
28.18,2204
28.19,2204
28.2,2204
28.21,2204
28.22,2204
28.23,2204
28.24,2204
28.25,2204
28.26,2204
28.27,2204
28.28,2204
28.29,2204
28.3,2204
28.31,2204
28.32,2204
28.33,2204
28.34,2204
28.35,2204
28.36,2204
28.37,2204
28.38,2204
28.39,2204
28.4,2204
28.41,2204
28.42,2204
28.43,2204
28.44,2204
28.45,2204
28.46,2204
28.47,2204
28.48,2204
28.49,2204
28.5,2204
28.51,2204
28.52,2204
28.53,2204
28.54,2204
28.55,2204
28.56,2204
28.57,2204
28.58,2204
28.59,2204
28.6,2204
28.61,2204
28.62,2204
28.63,2204
28.64,2204
28.65,2204
28.66,2204
28.67,2204
28.68,2204
28.69,2204
28.7,2204
28.71,2204
28.72,2204
28.73,2204
28.74,2204
28.75,2204
28.76,2204
28.77,2204
28.78,2204
28.79,2204
28.8,2204
28.81,2204
28.82,2204
28.83,2204
28.84,2204
28.85,2204
28.86,2204
28.87,2204
28.88,2204
28.89,2204
28.9,2204
28.91,2204
28.92,2204
28.93,2204
28.94,2204
28.95,2204
28.96,2204
28.97,2204
28.98,2204
28.99,2204
29.0,2204
29.01,2204
29.02,2204
29.03,2204
29.04,2204
29.05,2204
29.06,2204
29.07,2204
29.08,2204
29.09,2204
29.1,2204
29.11,2204
29.12,2204
29.13,2204
29.14,2204
29.15,2204
29.16,2204
29.17,2204
29.18,2204
29.19,2204
29.2,2204
29.21,2204
29.22,2204
29.23,2204
29.24,2204
29.25,2204
29.26,2204
29.27,2204
29.28,2204
29.29,2204
29.3,2204
29.31,2204
29.32,2204
29.33,2204
29.34,2204
29.35,2204
29.36,2204
29.37,2204
29.38,2204
29.39,2204
29.4,2204
29.41,2204
29.42,2204
29.43,2204
29.44,2204
29.45,2204
29.46,2204
29.47,2204
29.48,2204
29.49,2204
29.5,2204
29.51,2204
29.52,2204
29.53,2204
29.54,2204
29.55,2204
29.56,2204
29.57,2204
29.58,2204
29.59,2204
29.6,2204
29.61,2204
29.62,2204
29.63,2204
29.64,2204
29.65,2204
29.66,2204
29.67,2204
29.68,2204
29.69,2204
29.7,2204
29.71,2204
29.72,2204
29.73,2204
29.74,2204
29.75,2204
29.76,2204
29.77,2204
29.78,2204
29.79,2204
29.8,2204
29.81,2204
29.82,2204
29.83,2204
29.84,2204
29.85,2204
29.86,2204
29.87,2204
29.88,2204
29.89,2204
29.9,2204
29.91,2204
29.92,2204
29.93,2204
29.94,2204
29.95,2204
29.96,2204
29.97,2204
29.98,2204
29.99,2204
30.0,2204
30.01,2204
30.02,2204
30.03,2204
30.04,2204
30.05,2204
30.06,2204
30.07,2204
30.08,2204
30.09,2204
30.1,2204
30.11,2204
30.12,2204
30.13,2204
30.14,2204
30.15,2204
30.16,2204
30.17,2204
30.18,2204
30.19,2204
30.2,2204
30.21,2204
30.22,2204
30.23,2204
30.24,2204
30.25,2204
30.26,2204
30.27,2204
30.28,2204
30.29,2204
30.3,2204
30.31,2204
30.32,2204
30.33,2204
30.34,2204
30.35,2204
30.36,2204
30.37,2204
30.38,2204
30.39,2204
30.4,2204
30.41,2204
30.42,2204
30.43,2204
30.44,2204
30.45,2204
30.46,2204
30.47,2204
30.48,2204
30.49,2204
30.5,2204
30.51,2204
30.52,2204
30.53,2204
30.54,2204
30.55,2204
30.56,2204
30.57,2204
30.58,2204
30.59,2204
30.6,2204
30.61,2204
30.62,2204
30.63,2204
30.64,2204
30.65,2204
30.66,2204
30.67,2204
30.68,2204
30.69,2204
30.7,2204
30.71,2204
30.72,2204
30.73,2204
30.74,2204
30.75,2204
30.76,2204
30.77,2204
30.78,2204
30.79,2204
30.8,2204
30.81,2204
30.82,2204
30.83,2204
30.84,2204
30.85,2204
30.86,2204
30.87,2204
30.88,2204
30.89,2204
30.9,2204
30.91,2204
30.92,2204
30.93,2204
30.94,2204
30.95,2204
30.96,2204
30.97,2204
30.98,2204
30.99,2204
31.0,2204
31.01,2204
31.02,2204
31.03,2204
31.04,2204
31.05,2204
31.06,2204
31.07,2204
31.08,2204
31.09,2204
31.1,2204
31.11,2204
31.12,2204
31.13,2204
31.14,2204
31.15,2204
31.16,2204
31.17,2204
31.18,2204
31.19,2204
31.2,2204
31.21,2204
31.22,2204
31.23,2204
31.24,2204
31.25,2204
31.26,2204
31.27,2204
31.28,2204
31.29,2204
31.3,2204
31.31,2204
31.32,2204
31.33,2204
31.34,2204
31.35,2204
31.36,2204
31.37,2204
31.38,2204
31.39,2204
31.4,2204
31.41,2204
31.42,2204
31.43,2204
31.44,2204
31.45,2204
31.46,2204
31.47,2204
31.48,2204
31.49,2204
31.5,2204
31.51,2204
31.52,2204
31.53,2204
31.54,2204
31.55,2204
31.56,2204
31.57,2204
31.58,2204
31.59,2204
31.6,2204
31.61,2204
31.62,2204
31.63,2204
31.64,2204
31.65,2204
31.66,2204
31.67,2204
31.68,2204
31.69,2204
31.7,2204
31.71,2204
31.72,2204
31.73,2204
31.74,2204
31.75,2204
31.76,2204
31.77,2204
31.78,2204
31.79,2204
31.8,2204
31.81,2204
31.82,2204
31.83,2204
31.84,2204
31.85,2204
31.86,2204
31.87,2204
31.88,2204
31.89,2204
31.9,2204
31.91,2204
31.92,2204
31.93,2204
31.94,2204
31.95,2204
31.96,2204
31.97,2204
31.98,2204
31.99,2204
32.0,2204
32.01,2204
32.02,2204
32.03,2204
32.04,2204
32.05,2204
32.06,2204
32.07,2204
32.08,2204
32.09,2204
32.1,2204
32.11,2204
32.12,2204
32.13,2204
32.14,2204
32.15,2204
32.16,2204
32.17,2204
32.18,2204
32.19,2204
32.2,2204
32.21,2204
32.22,2204
32.23,2204
32.24,2204
32.25,2204
32.26,2204
32.27,2204
32.28,2204
32.29,2204
32.3,2204
32.31,2204
32.32,2204
32.33,2204
32.34,2204
32.35,2204
32.36,2204
32.37,2204
32.38,2204
32.39,2204
32.4,2204
32.41,2204
32.42,2204
32.43,2204
32.44,2204
32.45,2204
32.46,2204
32.47,2204
32.48,2204
32.49,2204
32.5,2204
32.51,2204
32.52,2204
32.53,2204
32.54,2204
32.55,2204
32.56,2204
32.57,2204
32.58,2204
32.59,2204
32.6,2204
32.61,2204
32.62,2204
32.63,2204
32.64,2204
32.65,2204
32.66,2204
32.67,2204
32.68,2204
32.69,2204
32.7,2204
32.71,2204
32.72,2204
32.73,2204
32.74,2204
32.75,2204
32.76,2204
32.77,2204
32.78,2204
32.79,2204
32.8,2204
32.81,2204
32.82,2204
32.83,2204
32.84,2204
32.85,2204
32.86,2204
32.87,2204
32.88,2204
32.89,2204
32.9,2204
32.91,2204
32.92,2204
32.93,2204
32.94,2204
32.95,2204
32.96,2204
32.97,2204
32.98,2204
32.99,2204
33.0,2204
33.01,2204
33.02,2204
33.03,2204
33.04,2204
33.05,2204
33.06,2204
33.07,2204
33.08,2204
33.09,2204
33.1,2204
33.11,2204
33.12,2204
33.13,2204
33.14,2204
33.15,2204
33.16,2204
33.17,2204
33.18,2204
33.19,2204
33.2,2204
33.21,2204
33.22,2204
33.23,2204
33.24,2204
33.25,2204
33.26,2204
33.27,2204
33.28,2204
33.29,2204
33.3,2204
33.31,2204
33.32,2204
33.33,2204
33.34,2204
33.35,2204
33.36,2204
33.37,2204
33.38,2204
33.39,2204
33.4,2204
33.41,2204
33.42,2204
33.43,2204
33.44,2204
33.45,2204
33.46,2204
33.47,2204
33.48,2204
33.49,2204
33.5,2204
33.51,2204
33.52,2204
33.53,2204
33.54,2204
33.55,2204
33.56,2204
33.57,2204
33.58,2204
33.59,2204
33.6,2204
33.61,2204
33.62,2204
33.63,2204
33.64,2204
33.65,2204
33.66,2204
33.67,2204
33.68,2204
33.69,2204
33.7,2204
33.71,2204
33.72,2204
33.73,2204
33.74,2204
33.75,2204
33.76,2204
33.77,2204
33.78,2204
33.79,2204
33.8,2204
33.81,2204
33.82,2204
33.83,2204
33.84,2204
33.85,2204
33.86,2204
33.87,2204
33.88,2204
33.89,2204
33.9,2204
33.91,2204
33.92,2204
33.93,2204
33.94,2204
33.95,2204
33.96,2204
33.97,2204
33.98,2204
33.99,2204
34.0,2204
34.01,2204
34.02,2204
34.03,2204
34.04,2204
34.05,2204
34.06,2204
34.07,2204
34.08,2204
34.09,2204
34.1,2204
34.11,2204
34.12,2204
34.13,2204
34.14,2204
34.15,2204
34.16,2204
34.17,2204
34.18,2204
34.19,2204
34.2,2204
34.21,2204
34.22,2204
34.23,2204
34.24,2204
34.25,2204
34.26,2204
34.27,2204
34.28,2204
34.29,2204
34.3,2204
34.31,2204
34.32,2204
34.33,2204
34.34,2204
34.35,2204
34.36,2204
34.37,2204
34.38,2204
34.39,2204
34.4,2204
34.41,2204
34.42,2204
34.43,2204
34.44,2204
34.45,2204
34.46,2204
34.47,2204
34.48,2204
34.49,2204
34.5,2204
34.51,2204
34.52,2204
34.53,2204
34.54,2204
34.55,2204
34.56,2204
34.57,2204
34.58,2204
34.59,2204
34.6,2204
34.61,2204
34.62,2204
34.63,2204
34.64,2204
34.65,2204
34.66,2204
34.67,2204
34.68,2204
34.69,2204
34.7,2204
34.71,2204
34.72,2204
34.73,2204
34.74,2204
34.75,2204
34.76,2204
34.77,2204
34.78,2204
34.79,2204
34.8,2204
34.81,2204
34.82,2204
34.83,2204
34.84,2204
34.85,2204
34.86,2204
34.87,2204
34.88,2204
34.89,2204
34.9,2204
34.91,2204
34.92,2204
34.93,2204
34.94,2204
34.95,2204
34.96,2204
34.97,2204
34.98,2204
34.99,2204
35.0,2204
35.01,2204
35.02,2204
35.03,2204
35.04,2204
35.05,2204
35.06,2204
35.07,2204
35.08,2204
35.09,2204
35.1,2204
35.11,2204
35.12,2204
35.13,2204
35.14,2204
35.15,2204
35.16,2204
35.17,2204
35.18,2204
35.19,2204
35.2,2204
35.21,2204
35.22,2204
35.23,2204
35.24,2204
35.25,2204
35.26,2204
35.27,2204
35.28,2204
35.29,2204
35.3,2204
35.31,2204
35.32,2204
35.33,2204
35.34,2204
35.35,2204
35.36,2204
35.37,2204
35.38,2204
35.39,2204
35.4,2204
35.41,2204
35.42,2204
35.43,2204
35.44,2204
35.45,2204
35.46,2204
35.47,2204
35.48,2204
35.49,2204
35.5,2204
35.51,2204
35.52,2204
35.53,2204
35.54,2204
35.55,2204
35.56,2204
35.57,2204
35.58,2204
35.59,2204
35.6,2204
35.61,2204
35.62,2204
35.63,2204
35.64,2204
35.65,2204
35.66,2204
35.67,2204
35.68,2204
35.69,2204
35.7,2204
35.71,2204
35.72,2204
35.73,2204
35.74,2204
35.75,2204
35.76,2204
35.77,2204
35.78,2204
35.79,2204
35.8,2204
35.81,2204
35.82,2204
35.83,2204
35.84,2204
35.85,2204
35.86,2204
35.87,2204
35.88,2204
35.89,2204
35.9,2204
35.91,2204
35.92,2204
35.93,2204
35.94,2204
35.95,2204
35.96,2204
35.97,2204
35.98,2204
35.99,2204
36.0,2204
36.01,2204
36.02,2204
36.03,2204
36.04,2204
36.05,2204
36.06,2204
36.07,2204
36.08,2204
36.09,2204
36.1,2204
36.11,2204
36.12,2204
36.13,2204
36.14,2204
36.15,2204
36.16,2204
36.17,2204
36.18,2204
36.19,2204
36.2,2204
36.21,2204
36.22,2204
36.23,2204
36.24,2204
36.25,2204
36.26,2204
36.27,2204
36.28,2204
36.29,2204
36.3,2204
36.31,2204
36.32,2204
36.33,2204
36.34,2204
36.35,2204
36.36,2204
36.37,2204
36.38,2204
36.39,2204
36.4,2204
36.41,2204
36.42,2204
36.43,2204
36.44,2204
36.45,2204
36.46,2204
36.47,2204
36.48,2204
36.49,2204
36.5,2204
36.51,2204
36.52,2204
36.53,2204
36.54,2204
36.55,2204
36.56,2204
36.57,2204
36.58,2204
36.59,2204
36.6,2204
36.61,2204
36.62,2204
36.63,2204
36.64,2204
36.65,2204
36.66,2204
36.67,2204
36.68,2204
36.69,2204
36.7,2204
36.71,2204
36.72,2204
36.73,2204
36.74,2204
36.75,2204
36.76,2204
36.77,2204
36.78,2204
36.79,2204
36.8,2204
36.81,2204
36.82,2204
36.83,2204
36.84,2204
36.85,2204
36.86,2204
36.87,2204
36.88,2204
36.89,2204
36.9,2204
36.91,2204
36.92,2204
36.93,2204
36.94,2204
36.95,2204
36.96,2204
36.97,2204
36.98,2204
36.99,2204
37.0,2204
37.01,2204
37.02,2204
37.03,2204
37.04,2204
37.05,2204
37.06,2204
37.07,2204
37.08,2204
37.09,2204
37.1,2204
37.11,2204
37.12,2204
37.13,2204
37.14,2204
37.15,2204
37.16,2204
37.17,2204
37.18,2204
37.19,2204
37.2,2204
37.21,2204
37.22,2204
37.23,2204
37.24,2204
37.25,2204
37.26,2204
37.27,2204
37.28,2204
37.29,2204
37.3,2204
37.31,2204
37.32,2204
37.33,2204
37.34,2204
37.35,2204
37.36,2204
37.37,2204
37.38,2204
37.39,2204
37.4,2204
37.41,2204
37.42,2204
37.43,2204
37.44,2204
37.45,2204
37.46,2204
37.47,2204
37.48,2204
37.49,2204
37.5,2204
37.51,2204
37.52,2204
37.53,2204
37.54,2204
37.55,2204
37.56,2204
37.57,2204
37.58,2204
37.59,2204
37.6,2204
37.61,2204
37.62,2204
37.63,2204
37.64,2204
37.65,2204
37.66,2204
37.67,2204
37.68,2204
37.69,2204
37.7,2204
37.71,2204
37.72,2204
37.73,2204
37.74,2204
37.75,2204
37.76,2204
37.77,2204
37.78,2204
37.79,2204
37.8,2204
37.81,2204
37.82,2204
37.83,2204
37.84,2204
37.85,2204
37.86,2204
37.87,2204
37.88,2204
37.89,2204
37.9,2204
37.91,2204
37.92,2204
37.93,2204
37.94,2204
37.95,2204
37.96,2204
37.97,2204
37.98,2204
37.99,2204
38.0,2204
38.01,2204
38.02,2204
38.03,2204
38.04,2204
38.05,2204
38.06,2204
38.07,2204
38.08,2204
38.09,2204
38.1,2204
38.11,2204
38.12,2204
38.13,2204
38.14,2204
38.15,2204
38.16,2204
38.17,2204
38.18,2204
38.19,2204
38.2,2204
38.21,2204
38.22,2204
38.23,2204
38.24,2204
38.25,2204
38.26,2204
38.27,2204
38.28,2204
38.29,2204
38.3,2204
38.31,2204
38.32,2204
38.33,2204
38.34,2204
38.35,2204
38.36,2204
38.37,2204
38.38,2204
38.39,2204
38.4,2204
38.41,2204
38.42,2204
38.43,2204
38.44,2204
38.45,2204
38.46,2204
38.47,2204
38.48,2204
38.49,2204
38.5,2204
38.51,2204
38.52,2204
38.53,2204
38.54,2204
38.55,2204
38.56,2204
38.57,2204
38.58,2204
38.59,2204
38.6,2204
38.61,2204
38.62,2204
38.63,2204
38.64,2204
38.65,2204
38.66,2204
38.67,2204
38.68,2204
38.69,2204
38.7,2204
38.71,2204
38.72,2204
38.73,2204
38.74,2204
38.75,2204
38.76,2204
38.77,2204
38.78,2204
38.79,2204
38.8,2204
38.81,2204
38.82,2204
38.83,2204
38.84,2204
38.85,2204
38.86,2204
38.87,2204
38.88,2204
38.89,2204
38.9,2204
38.91,2204
38.92,2204
38.93,2204
38.94,2204
38.95,2204
38.96,2204
38.97,2204
38.98,2204
38.99,2204
39.0,2204
39.01,2204
39.02,2204
39.03,2204
39.04,2204
39.05,2204
39.06,2204
39.07,2204
39.08,2204
39.09,2204
39.1,2204
39.11,2204
39.12,2204
39.13,2204
39.14,2204
39.15,2204
39.16,2204
39.17,2204
39.18,2204
39.19,2204
39.2,2204
39.21,2204
39.22,2204
39.23,2204
39.24,2204
39.25,2204
39.26,2204
39.27,2204
39.28,2204
39.29,2204
39.3,2204
39.31,2204
39.32,2204
39.33,2204
39.34,2204
39.35,2204
39.36,2204
39.37,2204
39.38,2204
39.39,2204
39.4,2204
39.41,2204
39.42,2204
39.43,2204
39.44,2204
39.45,2204
39.46,2204
39.47,2204
39.48,2204
39.49,2204
39.5,2204
39.51,2204
39.52,2204
39.53,2204
39.54,2204
39.55,2204
39.56,2204
39.57,2204
39.58,2204
39.59,2204
39.6,2204
39.61,2204
39.62,2204
39.63,2204
39.64,2204
39.65,2204
39.66,2204
39.67,2204
39.68,2204
39.69,2204
39.7,2204
39.71,2204
39.72,2204
39.73,2204
39.74,2204
39.75,2204
39.76,2204
39.77,2204
39.78,2204
39.79,2204
39.8,2204
39.81,2204
39.82,2204
39.83,2204
39.84,2204
39.85,2204
39.86,2204
39.87,2204
39.88,2204
39.89,2204
39.9,2204
39.91,2204
39.92,2204
39.93,2204
39.94,2204
39.95,2204
39.96,2204
39.97,2204
39.98,2204
39.99,2204
40.0,2204
40.01,2204
40.02,2204
40.03,2204
40.04,2204
40.05,2204
40.06,2204
40.07,2204
40.08,2204
40.09,2204
40.1,2204
40.11,2204
40.12,2204
40.13,2204
40.14,2204
40.15,2204
40.16,2204
40.17,2204
40.18,2204
40.19,2204
40.2,2204
40.21,2204
40.22,2204
40.23,2204
40.24,2204
40.25,2204
40.26,2204
40.27,2204
40.28,2204
40.29,2204
40.3,2204
40.31,2204
40.32,2204
40.33,2204
40.34,2204
40.35,2204
40.36,2204
40.37,2204
40.38,2204
40.39,2204
40.4,2204
40.41,2204
40.42,2204
40.43,2204
40.44,2204
40.45,2204
40.46,2204
40.47,2204
40.48,2204
40.49,2204
40.5,2204
40.51,2204
40.52,2204
40.53,2204
40.54,2204
40.55,2204
40.56,2204
40.57,2204
40.58,2204
40.59,2204
40.6,2204
40.61,2204
40.62,2204
40.63,2204
40.64,2204
40.65,2204
40.66,2204
40.67,2204
40.68,2204
40.69,2204
40.7,2204
40.71,2204
40.72,2204
40.73,2204
40.74,2204
40.75,2204
40.76,2204
40.77,2204
40.78,2204
40.79,2204
40.8,2204
40.81,2204
40.82,2204
40.83,2204
40.84,2204
40.85,2204
40.86,2204
40.87,2204
40.88,2204
40.89,2204
40.9,2204
40.91,2204
40.92,2204
40.93,2204
40.94,2204
40.95,2204
40.96,2204
40.97,2204
40.98,2204
40.99,2204
41.0,2204
41.01,2204
41.02,2204
41.03,2204
41.04,2204
41.05,2204
41.06,2204
41.07,2204
41.08,2204
41.09,2204
41.1,2204
41.11,2204
41.12,2204
41.13,2204
41.14,2204
41.15,2204
41.16,2204
41.17,2204
41.18,2204
41.19,2204
41.2,2204
41.21,2204
41.22,2204
41.23,2204
41.24,2204
41.25,2204
41.26,2204
41.27,2204
41.28,2204
41.29,2204
41.3,2204
41.31,2204
41.32,2204
41.33,2204
41.34,2204
41.35,2204
41.36,2204
41.37,2204
41.38,2204
41.39,2204
41.4,2204
41.41,2204
41.42,2204
41.43,2204
41.44,2204
41.45,2204
41.46,2204
41.47,2204
41.48,2204
41.49,2204
41.5,2204
41.51,2204
41.52,2204
41.53,2204
41.54,2204
41.55,2204
41.56,2204
41.57,2204
41.58,2204
41.59,2204
41.6,2204
41.61,2204
41.62,2204
41.63,2204
41.64,2204
41.65,2204
41.66,2204
41.67,2204
41.68,2204
41.69,2204
41.7,2204
41.71,2204
41.72,2204
41.73,2204
41.74,2204
41.75,2204
41.76,2204
41.77,2204
41.78,2204
41.79,2204
41.8,2204
41.81,2204
41.82,2204
41.83,2204
41.84,2204
41.85,2204
41.86,2204
41.87,2204
41.88,2204
41.89,2204
41.9,2204
41.91,2204
41.92,2204
41.93,2204
41.94,2204
41.95,2204
41.96,2204
41.97,2204
41.98,2204
41.99,2204
42.0,2204
42.01,2204
42.02,2204
42.03,2204
42.04,2204
42.05,2204
42.06,2204
42.07,2204
42.08,2204
42.09,2204
42.1,2204
42.11,2204
42.12,2204
42.13,2204
42.14,2204
42.15,2204
42.16,2204
42.17,2204
42.18,2204
42.19,2204
42.2,2204
42.21,2204
42.22,2204
42.23,2204
42.24,2204
42.25,2204
42.26,2204
42.27,2204
42.28,2204
42.29,2204
42.3,2204
42.31,2204
42.32,2204
42.33,2204
42.34,2204
42.35,2204
42.36,2204
42.37,2204
42.38,2204
42.39,2204
42.4,2204
42.41,2204
42.42,2204
42.43,2204
42.44,2204
42.45,2204
42.46,2204
42.47,2204
42.48,2204
42.49,2204
42.5,2204
42.51,2204
42.52,2204
42.53,2204
42.54,2204
42.55,2204
42.56,2204
42.57,2204
42.58,2204
42.59,2204
42.6,2204
42.61,2204
42.62,2204
42.63,2204
42.64,2204
42.65,2204
42.66,2204
42.67,2204
42.68,2204
42.69,2204
42.7,2204
42.71,2204
42.72,2204
42.73,2204
42.74,2204
42.75,2204
42.76,2204
42.77,2204
42.78,2204
42.79,2204
42.8,2204
42.81,2204
42.82,2204
42.83,2204
42.84,2204
42.85,2204
42.86,2204
42.87,2204
42.88,2204
42.89,2204
42.9,2204
42.91,2204
42.92,2204
42.93,2204
42.94,2204
42.95,2204
42.96,2204
42.97,2204
42.98,2204
42.99,2204
43.0,2204
43.01,2204
43.02,2204
43.03,2204
43.04,2204
43.05,2204
43.06,2204
43.07,2204
43.08,2204
43.09,2204
43.1,2204
43.11,2204
43.12,2204
43.13,2204
43.14,2204
43.15,2204
43.16,2204
43.17,2204
43.18,2204
43.19,2204
43.2,2204
43.21,2204
43.22,2204
43.23,2204
43.24,2204
43.25,2204
43.26,2204
43.27,2204
43.28,2204
43.29,2204
43.3,2204
43.31,2204
43.32,2204
43.33,2204
43.34,2204
43.35,2204
43.36,2204
43.37,2204
43.38,2204
43.39,2204
43.4,2204
43.41,2204
43.42,2204
43.43,2204
43.44,2204
43.45,2204
43.46,2204
43.47,2204
43.48,2204
43.49,2204
43.5,2204
43.51,2204
43.52,2204
43.53,2204
43.54,2204
43.55,2204
43.56,2204
43.57,2204
43.58,2204
43.59,2204
43.6,2204
43.61,2204
43.62,2204
43.63,2204
43.64,2204
43.65,2204
43.66,2204
43.67,2204
43.68,2204
43.69,2204
43.7,2204
43.71,2204
43.72,2204
43.73,2204
43.74,2204
43.75,2204
43.76,2204
43.77,2204
43.78,2204
43.79,2204
43.8,2204
43.81,2204
43.82,2204
43.83,2204
43.84,2204
43.85,2204
43.86,2204
43.87,2204
43.88,2204
43.89,2204
43.9,2204
43.91,2204
43.92,2204
43.93,2204
43.94,2204
43.95,2204
43.96,2204
43.97,2204
43.98,2204
43.99,2204
44.0,2204
44.01,2204
44.02,2204
44.03,2204
44.04,2204
44.05,2204
44.06,2204
44.07,2204
44.08,2204
44.09,2204
44.1,2204
44.11,2204
44.12,2204
44.13,2204
44.14,2204
44.15,2204
44.16,2204
44.17,2204
44.18,2204
44.19,2204
44.2,2204
44.21,2204
44.22,2204
44.23,2204
44.24,2204
44.25,2204
44.26,2204
44.27,2204
44.28,2204
44.29,2204
44.3,2204
44.31,2204
44.32,2204
44.33,2204
44.34,2204
44.35,2204
44.36,2204
44.37,2204
44.38,2204
44.39,2204
44.4,2204
44.41,2204
44.42,2204
44.43,2204
44.44,2204
44.45,2204
44.46,2204
44.47,2204
44.48,2204
44.49,2204
44.5,2204
44.51,2204
44.52,2204
44.53,2204
44.54,2204
44.55,2204
44.56,2204
44.57,2204
44.58,2204
44.59,2204
44.6,2204
44.61,2204
44.62,2204
44.63,2204
44.64,2204
44.65,2204
44.66,2204
44.67,2204
44.68,2204
44.69,2204
44.7,2204
44.71,2204
44.72,2204
44.73,2204
44.74,2204
44.75,2204
44.76,2204
44.77,2204
44.78,2204
44.79,2204
44.8,2204
44.81,2204
44.82,2204
44.83,2204
44.84,2204
44.85,2204
44.86,2204
44.87,2204
44.88,2204
44.89,2204
44.9,2204
44.91,2204
44.92,2204
44.93,2204
44.94,2204
44.95,2204
44.96,2204
44.97,2204
44.98,2204
44.99,2204
45.0,2204
45.01,2204
45.02,2204
45.03,2204
45.04,2204
45.05,2204
45.06,2204
45.07,2204
45.08,2204
45.09,2204
45.1,2204
45.11,2204
45.12,2204
45.13,2204
45.14,2204
45.15,2204
45.16,2204
45.17,2204
45.18,2204
45.19,2204
45.2,2204
45.21,2204
45.22,2204
45.23,2204
45.24,2204
45.25,2204
45.26,2204
45.27,2204
45.28,2204
45.29,2204
45.3,2204
45.31,2204
45.32,2204
45.33,2204
45.34,2204
45.35,2204
45.36,2204
45.37,2204
45.38,2204
45.39,2204
45.4,2204
45.41,2204
45.42,2204
45.43,2204
45.44,2204
45.45,2204
45.46,2204
45.47,2204
45.48,2204
45.49,2204
45.5,2204
45.51,2204
45.52,2204
45.53,2204
45.54,2204
45.55,2204
45.56,2204
45.57,2204
45.58,2204
45.59,2204
45.6,2204
45.61,2204
45.62,2204
45.63,2204
45.64,2204
45.65,2204
45.66,2204
45.67,2204
45.68,2204
45.69,2204
45.7,2204
45.71,2204
45.72,2204
45.73,2204
45.74,2204
45.75,2204
45.76,2204
45.77,2204
45.78,2204
45.79,2204
45.8,2204
45.81,2204
45.82,2204
45.83,2204
45.84,2204
45.85,2204
45.86,2204
45.87,2204
45.88,2204
45.89,2204
45.9,2204
45.91,2204
45.92,2204
45.93,2204
45.94,2204
45.95,2204
45.96,2204
45.97,2204
45.98,2204
45.99,2204
46.0,2204
46.01,2204
46.02,2204
46.03,2204
46.04,2204
46.05,2204
46.06,2204
46.07,2204
46.08,2204
46.09,2204
46.1,2204
46.11,2204
46.12,2204
46.13,2204
46.14,2204
46.15,2204
46.16,2204
46.17,2204
46.18,2204
46.19,2204
46.2,2204
46.21,2204
46.22,2204
46.23,2204
46.24,2204
46.25,2204
46.26,2204
46.27,2204
46.28,2204
46.29,2204
46.3,2204
46.31,2204
46.32,2204
46.33,2204
46.34,2204
46.35,2204
46.36,2204
46.37,2204
46.38,2204
46.39,2204
46.4,2204
46.41,2204
46.42,2204
46.43,2204
46.44,2204
46.45,2204
46.46,2204
46.47,2204
46.48,2204
46.49,2204
46.5,2204
46.51,2204
46.52,2204
46.53,2204
46.54,2204
46.55,2204
46.56,2204
46.57,2204
46.58,2204
46.59,2204
46.6,2204
46.61,2204
46.62,2204
46.63,2204
46.64,2204
46.65,2204
46.66,2204
46.67,2204
46.68,2204
46.69,2204
46.7,2204
46.71,2204
46.72,2204
46.73,2204
46.74,2204
46.75,2204
46.76,2204
46.77,2204
46.78,2204
46.79,2204
46.8,2204
46.81,2204
46.82,2204
46.83,2204
46.84,2204
46.85,2204
46.86,2204
46.87,2204
46.88,2204
46.89,2204
46.9,2204
46.91,2204
46.92,2204
46.93,2204
46.94,2204
46.95,2204
46.96,2204
46.97,2204
46.98,2204
46.99,2204
47.0,2204
47.01,2204
47.02,2204
47.03,2204
47.04,2204
47.05,2204
47.06,2204
47.07,2204
47.08,2204
47.09,2204
47.1,2204
47.11,2204
47.12,2204
47.13,2204
47.14,2204
47.15,2204
47.16,2204
47.17,2204
47.18,2204
47.19,2204
47.2,2204
47.21,2204
47.22,2204
47.23,2204
47.24,2204
47.25,2204
47.26,2204
47.27,2204
47.28,2204
47.29,2204
47.3,2204
47.31,2204
47.32,2204
47.33,2204
47.34,2204
47.35,2204
47.36,2204
47.37,2204
47.38,2204
47.39,2204
47.4,2204
47.41,2204
47.42,2204
47.43,2204
47.44,2204
47.45,2204
47.46,2204
47.47,2204
47.48,2204
47.49,2204
47.5,2204
47.51,2204
47.52,2204
47.53,2204
47.54,2204
47.55,2204
47.56,2204
47.57,2204
47.58,2204
47.59,2204
47.6,2204
47.61,2204
47.62,2204
47.63,2204
47.64,2204
47.65,2204
47.66,2204
47.67,2204
47.68,2204
47.69,2204
47.7,2204
47.71,2204
47.72,2204
47.73,2204
47.74,2204
47.75,2204
47.76,2204
47.77,2204
47.78,2204
47.79,2204
47.8,2204
47.81,2204
47.82,2204
47.83,2204
47.84,2204
47.85,2204
47.86,2204
47.87,2204
47.88,2204
47.89,2204
47.9,2204
47.91,2204
47.92,2204
47.93,2204
47.94,2204
47.95,2204
47.96,2204
47.97,2204
47.98,2204
47.99,2204
48.0,2204
48.01,2204
48.02,2204
48.03,2204
48.04,2204
48.05,2204
48.06,2204
48.07,2204
48.08,2204
48.09,2204
48.1,2204
48.11,2204
48.12,2204
48.13,2204
48.14,2204
48.15,2204
48.16,2204
48.17,2204
48.18,2204
48.19,2204
48.2,2204
48.21,2204
48.22,2204
48.23,2204
48.24,2204
48.25,2204
48.26,2204
48.27,2204
48.28,2204
48.29,2204
48.3,2204
48.31,2204
48.32,2204
48.33,2204
48.34,2204
48.35,2204
48.36,2204
48.37,2204
48.38,2204
48.39,2204
48.4,2204
48.41,2204
48.42,2204
48.43,2204
48.44,2204
48.45,2204
48.46,2204
48.47,2204
48.48,2204
48.49,2204
48.5,2204
48.51,2204
48.52,2204
48.53,2204
48.54,2204
48.55,2204
48.56,2204
48.57,2204
48.58,2204
48.59,2204
48.6,2204
48.61,2204
48.62,2204
48.63,2204
48.64,2204
48.65,2204
48.66,2204
48.67,2204
48.68,2204
48.69,2204
48.7,2204
48.71,2204
48.72,2204
48.73,2204
48.74,2204
48.75,2204
48.76,2204
48.77,2204
48.78,2204
48.79,2204
48.8,2204
48.81,2204
48.82,2204
48.83,2204
48.84,2204
48.85,2204
48.86,2204
48.87,2204
48.88,2204
48.89,2204
48.9,2204
48.91,2204
48.92,2204
48.93,2204
48.94,2204
48.95,2204
48.96,2204
48.97,2204
48.98,2204
48.99,2204
49.0,2204
49.01,2204
49.02,2204
49.03,2204
49.04,2204
49.05,2204
49.06,2204
49.07,2204
49.08,2204
49.09,2204
49.1,2204
49.11,2204
49.12,2204
49.13,2204
49.14,2204
49.15,2204
49.16,2204
49.17,2204
49.18,2204
49.19,2204
49.2,2204
49.21,2204
49.22,2204
49.23,2204
49.24,2204
49.25,2204
49.26,2204
49.27,2204
49.28,2204
49.29,2204
49.3,2204
49.31,2204
49.32,2204
49.33,2204
49.34,2204
49.35,2204
49.36,2204
49.37,2204
49.38,2204
49.39,2204
49.4,2204
49.41,2204
49.42,2204
49.43,2204
49.44,2204
49.45,2204
49.46,2204
49.47,2204
49.48,2204
49.49,2204
49.5,2204
49.51,2204
49.52,2204
49.53,2204
49.54,2204
49.55,2204
49.56,2204
49.57,2204
49.58,2204
49.59,2204
49.6,2204
49.61,2204
49.62,2204
49.63,2204
49.64,2204
49.65,2204
49.66,2204
49.67,2204
49.68,2204
49.69,2204
49.7,2204
49.71,2204
49.72,2204
49.73,2204
49.74,2204
49.75,2204
49.76,2204
49.77,2204
49.78,2204
49.79,2204
49.8,2204
49.81,2204
49.82,2204
49.83,2204
49.84,2204
49.85,2204
49.86,2204
49.87,2204
49.88,2204
49.89,2204
49.9,2204
49.91,2204
49.92,2204
49.93,2204
49.94,2204
49.95,2204
49.96,2204
49.97,2204
49.98,2204
49.99,2204
50.0,2204
50.01,2204
50.02,2204
50.03,2204
50.04,2204
50.05,2204
50.06,2204
50.07,2204
50.08,2204
50.09,2204
50.1,2204
50.11,2204
50.12,2204
50.13,2204
50.14,2204
50.15,2204
50.16,2204
50.17,2204
50.18,2204
50.19,2204
50.2,2204
50.21,2204
50.22,2204
50.23,2204
50.24,2204
50.25,2204
50.26,2204
50.27,2204
50.28,2204
50.29,2204
50.3,2204
50.31,2204
50.32,2204
50.33,2204
50.34,2204
50.35,2204
50.36,2204
50.37,2204
50.38,2204
50.39,2204
50.4,2204
50.41,2204
50.42,2204
50.43,2204
50.44,2204
50.45,2204
50.46,2204
50.47,2204
50.48,2204
50.49,2204
50.5,2204
50.51,2204
50.52,2204
50.53,2204
50.54,2204
50.55,2204
50.56,2204
50.57,2204
50.58,2204
50.59,2204
50.6,2204
50.61,2204
50.62,2204
50.63,2204
50.64,2204
50.65,2204
50.66,2204
50.67,2204
50.68,2204
50.69,2204
50.7,2204
50.71,2204
50.72,2204
50.73,2204
50.74,2204
50.75,2204
50.76,2204
50.77,2204
50.78,2204
50.79,2204
50.8,2204
50.81,2204
50.82,2204
50.83,2204
50.84,2204
50.85,2204
50.86,2204
50.87,2204
50.88,2204
50.89,2204
50.9,2204
50.91,2204
50.92,2204
50.93,2204
50.94,2204
50.95,2204
50.96,2204
50.97,2204
50.98,2204
50.99,2204
51.0,2204
51.01,2204
51.02,2204
51.03,2204
51.04,2204
51.05,2204
51.06,2204
51.07,2204
51.08,2204
51.09,2204
51.1,2204
51.11,2204
51.12,2204
51.13,2204
51.14,2204
51.15,2204
51.16,2204
51.17,2204
51.18,2204
51.19,2204
51.2,2204
51.21,2204
51.22,2204
51.23,2204
51.24,2204
51.25,2204
51.26,2204
51.27,2204
51.28,2204
51.29,2204
51.3,2204
51.31,2204
51.32,2204
51.33,2204
51.34,2204
51.35,2204
51.36,2204
51.37,2204
51.38,2204
51.39,2204
51.4,2204
51.41,2204
51.42,2204
51.43,2204
51.44,2204
51.45,2204
51.46,2204
51.47,2204
51.48,2204
51.49,2204
51.5,2204
51.51,2204
51.52,2204
51.53,2204
51.54,2204
51.55,2204
51.56,2204
51.57,2204
51.58,2204
51.59,2204
51.6,2204
51.61,2204
51.62,2204
51.63,2204
51.64,2204
51.65,2204
51.66,2204
51.67,2204
51.68,2204
51.69,2204
51.7,2204
51.71,2204
51.72,2204
51.73,2204
51.74,2204
51.75,2204
51.76,2204
51.77,2204
51.78,2204
51.79,2204
51.8,2204
51.81,2204
51.82,2204
51.83,2204
51.84,2204
51.85,2204
51.86,2204
51.87,2204
51.88,2204
51.89,2204
51.9,2204
51.91,2204
51.92,2204
51.93,2204
51.94,2204
51.95,2204
51.96,2204
51.97,2204
51.98,2204
51.99,2204
52.0,2204
52.01,2204
52.02,2204
52.03,2204
52.04,2204
52.05,2204
52.06,2204
52.07,2204
52.08,2204
52.09,2204
52.1,2204
52.11,2204
52.12,2204
52.13,2204
52.14,2204
52.15,2204
52.16,2204
52.17,2204
52.18,2204
52.19,2204
52.2,2204
52.21,2204
52.22,2204
52.23,2204
52.24,2204
52.25,2204
52.26,2204
52.27,2204
52.28,2204
52.29,2204
52.3,2204
52.31,2204
52.32,2204
52.33,2204
52.34,2204
52.35,2204
52.36,2204
52.37,2204
52.38,2204
52.39,2204
52.4,2204
52.41,2204
52.42,2204
52.43,2204
52.44,2204
52.45,2204
52.46,2204
52.47,2204
52.48,2204
52.49,2204
52.5,2204
52.51,2204
52.52,2204
52.53,2204
52.54,2204
52.55,2204
52.56,2204
52.57,2204
52.58,2204
52.59,2204
52.6,2204
52.61,2204
52.62,2204
52.63,2204
52.64,2204
52.65,2204
52.66,2204
52.67,2204
52.68,2204
52.69,2204
52.7,2204
52.71,2204
52.72,2204
52.73,2204
52.74,2204
52.75,2204
52.76,2204
52.77,2204
52.78,2204
52.79,2204
52.8,2204
52.81,2204
52.82,2204
52.83,2204
52.84,2204
52.85,2204
52.86,2204
52.87,2204
52.88,2204
52.89,2204
52.9,2204
52.91,2204
52.92,2204
52.93,2204
52.94,2204
52.95,2204
52.96,2204
52.97,2204
52.98,2204
52.99,2204
53.0,2204
53.01,2204
53.02,2204
53.03,2204
53.04,2204
53.05,2204
53.06,2204
53.07,2204
53.08,2204
53.09,2204
53.1,2204
53.11,2204
53.12,2204
53.13,2204
53.14,2204
53.15,2204
53.16,2204
53.17,2204
53.18,2204
53.19,2204
53.2,2204
53.21,2204
53.22,2204
53.23,2204
53.24,2204
53.25,2204
53.26,2204
53.27,2204
53.28,2204
53.29,2204
53.3,2204
53.31,2204
53.32,2204
53.33,2204
53.34,2204
53.35,2204
53.36,2204
53.37,2204
53.38,2204
53.39,2204
53.4,2204
53.41,2204
53.42,2204
53.43,2204
53.44,2204
53.45,2204
53.46,2204
53.47,2204
53.48,2204
53.49,2204
53.5,2204
53.51,2204
53.52,2204
53.53,2204
53.54,2204
53.55,2204
53.56,2204
53.57,2204
53.58,2204
53.59,2204
53.6,2204
53.61,2204
53.62,2204
53.63,2204
53.64,2204
53.65,2204
53.66,2204
53.67,2204
53.68,2204
53.69,2204
53.7,2204
53.71,2204
53.72,2204
53.73,2204
53.74,2204
53.75,2204
53.76,2204
53.77,2204
53.78,2204
53.79,2204
53.8,2204
53.81,2204
53.82,2204
53.83,2204
53.84,2204
53.85,2204
53.86,2204
53.87,2204
53.88,2204
53.89,2204
53.9,2204
53.91,2204
53.92,2204
53.93,2204
53.94,2204
53.95,2204
53.96,2204
53.97,2204
53.98,2204
53.99,2204
54.0,2204
54.01,2204
54.02,2204
54.03,2204
54.04,2204
54.05,2204
54.06,2204
54.07,2204
54.08,2204
54.09,2204
54.1,2204
54.11,2204
54.12,2204
54.13,2204
54.14,2204
54.15,2204
54.16,2204
54.17,2204
54.18,2204
54.19,2204
54.2,2204
54.21,2204
54.22,2204
54.23,2204
54.24,2204
54.25,2204
54.26,2204
54.27,2204
54.28,2204
54.29,2204
54.3,2204
54.31,2204
54.32,2204
54.33,2204
54.34,2204
54.35,2204
54.36,2204
54.37,2204
54.38,2204
54.39,2204
54.4,2204
54.41,2204
54.42,2204
54.43,2204
54.44,2204
54.45,2204
54.46,2204
54.47,2204
54.48,2204
54.49,2204
54.5,2204
54.51,2204
54.52,2204
54.53,2204
54.54,2204
54.55,2204
54.56,2204
54.57,2204
54.58,2204
54.59,2204
54.6,2204
54.61,2204
54.62,2204
54.63,2204
54.64,2204
54.65,2204
54.66,2204
54.67,2204
54.68,2204
54.69,2204
54.7,2204
54.71,2204
54.72,2204
54.73,2204
54.74,2204
54.75,2204
54.76,2204
54.77,2204
54.78,2204
54.79,2204
54.8,2204
54.81,2204
54.82,2204
54.83,2204
54.84,2204
54.85,2204
54.86,2204
54.87,2204
54.88,2204
54.89,2204
54.9,2204
54.91,2204
54.92,2204
54.93,2204
54.94,2204
54.95,2204
54.96,2204
54.97,2204
54.98,2204
54.99,2204
55.0,2204
55.01,2204
55.02,2204
55.03,2204
55.04,2204
55.05,2204
55.06,2204
55.07,2204
55.08,2204
55.09,2204
55.1,2204
55.11,2204
55.12,2204
55.13,2204
55.14,2204
55.15,2204
55.16,2204
55.17,2204
55.18,2204
55.19,2204
55.2,2204
55.21,2204
55.22,2204
55.23,2204
55.24,2204
55.25,2204
55.26,2204
55.27,2204
55.28,2204
55.29,2204
55.3,2204
55.31,2204
55.32,2204
55.33,2204
55.34,2204
55.35,2204
55.36,2204
55.37,2204
55.38,2204
55.39,2204
55.4,2204
55.41,2204
55.42,2204
55.43,2204
55.44,2204
55.45,2204
55.46,2204
55.47,2204
55.48,2204
55.49,2204
55.5,2204
55.51,2204
55.52,2204
55.53,2204
55.54,2204
55.55,2204
55.56,2204
55.57,2204
55.58,2204
55.59,2204
55.6,2204
55.61,2204
55.62,2204
55.63,2204
55.64,2204
55.65,2204
55.66,2204
55.67,2204
55.68,2204
55.69,2204
55.7,2204
55.71,2204
55.72,2204
55.73,2204
55.74,2204
55.75,2204
55.76,2204
55.77,2204
55.78,2204
55.79,2204
55.8,2204
55.81,2204
55.82,2204
55.83,2204
55.84,2204
55.85,2204
55.86,2204
55.87,2204
55.88,2204
55.89,2204
55.9,2204
55.91,2204
55.92,2204
55.93,2204
55.94,2204
55.95,2204
55.96,2204
55.97,2204
55.98,2204
55.99,2204
56.0,2204
56.01,2204
56.02,2204
56.03,2204
56.04,2204
56.05,2204
56.06,2204
56.07,2204
56.08,2204
56.09,2204
56.1,2204
56.11,2204
56.12,2204
56.13,2204
56.14,2204
56.15,2204
56.16,2204
56.17,2204
56.18,2204
56.19,2204
56.2,2204
56.21,2204
56.22,2204
56.23,2204
56.24,2204
56.25,2204
56.26,2204
56.27,2204
56.28,2204
56.29,2204
56.3,2204
56.31,2204
56.32,2204
56.33,2204
56.34,2204
56.35,2204
56.36,2204
56.37,2204
56.38,2204
56.39,2204
56.4,2204
56.41,2204
56.42,2204
56.43,2204
56.44,2204
56.45,2204
56.46,2204
56.47,2204
56.48,2204
56.49,2204
56.5,2204
56.51,2204
56.52,2204
56.53,2204
56.54,2204
56.55,2204
56.56,2204
56.57,2204
56.58,2204
56.59,2204
56.6,2204
56.61,2204
56.62,2204
56.63,2204
56.64,2204
56.65,2204
56.66,2204
56.67,2204
56.68,2204
56.69,2204
56.7,2204
56.71,2204
56.72,2204
56.73,2204
56.74,2204
56.75,2204
56.76,2204
56.77,2204
56.78,2204
56.79,2204
56.8,2204
56.81,2204
56.82,2204
56.83,2204
56.84,2204
56.85,2204
56.86,2204
56.87,2204
56.88,2204
56.89,2204
56.9,2204
56.91,2204
56.92,2204
56.93,2204
56.94,2204
56.95,2204
56.96,2204
56.97,2204
56.98,2204
56.99,2204
57.0,2204
57.01,2204
57.02,2204
57.03,2204
57.04,2204
57.05,2204
57.06,2204
57.07,2204
57.08,2204
57.09,2204
57.1,2204
57.11,2204
57.12,2204
57.13,2204
57.14,2204
57.15,2204
57.16,2204
57.17,2204
57.18,2204
57.19,2204
57.2,2204
57.21,2204
57.22,2204
57.23,2204
57.24,2204
57.25,2204
57.26,2204
57.27,2204
57.28,2204
57.29,2204
57.3,2204
57.31,2204
57.32,2204
57.33,2204
57.34,2204
57.35,2204
57.36,2204
57.37,2204
57.38,2204
57.39,2204
57.4,2204
57.41,2204
57.42,2204
57.43,2204
57.44,2204
57.45,2204
57.46,2204
57.47,2204
57.48,2204
57.49,2204
57.5,2204
57.51,2204
57.52,2204
57.53,2204
57.54,2204
57.55,2204
57.56,2204
57.57,2204
57.58,2204
57.59,2204
57.6,2204
57.61,2204
57.62,2204
57.63,2204
57.64,2204
57.65,2204
57.66,2204
57.67,2204
57.68,2204
57.69,2204
57.7,2204
57.71,2204
57.72,2204
57.73,2204
57.74,2204
57.75,2204
57.76,2204
57.77,2204
57.78,2204
57.79,2204
57.8,2204
57.81,2204
57.82,2204
57.83,2204
57.84,2204
57.85,2204
57.86,2204
57.87,2204
57.88,2204
57.89,2204
57.9,2204
57.91,2204
57.92,2204
57.93,2204
57.94,2204
57.95,2204
57.96,2204
57.97,2204
57.98,2204
57.99,2204
58.0,2204
58.01,2204
58.02,2204
58.03,2204
58.04,2204
58.05,2204
58.06,2204
58.07,2204
58.08,2204
58.09,2204
58.1,2204
58.11,2204
58.12,2204
58.13,2204
58.14,2204
58.15,2204
58.16,2204
58.17,2204
58.18,2204
58.19,2204
58.2,2204
58.21,2204
58.22,2204
58.23,2204
58.24,2204
58.25,2204
58.26,2204
58.27,2204
58.28,2204
58.29,2204
58.3,2204
58.31,2204
58.32,2204
58.33,2204
58.34,2204
58.35,2204
58.36,2204
58.37,2204
58.38,2204
58.39,2204
58.4,2204
58.41,2204
58.42,2204
58.43,2204
58.44,2204
58.45,2204
58.46,2204
58.47,2204
58.48,2204
58.49,2204
58.5,2204
58.51,2204
58.52,2204
58.53,2204
58.54,2204
58.55,2204
58.56,2204
58.57,2204
58.58,2204
58.59,2204
58.6,2204
58.61,2204
58.62,2204
58.63,2204
58.64,2204
58.65,2204
58.66,2204
58.67,2204
58.68,2204
58.69,2204
58.7,2204
58.71,2204
58.72,2204
58.73,2204
58.74,2204
58.75,2204
58.76,2204
58.77,2204
58.78,2204
58.79,2204
58.8,2204
58.81,2204
58.82,2204
58.83,2204
58.84,2204
58.85,2204
58.86,2204
58.87,2204
58.88,2204
58.89,2204
58.9,2204
58.91,2204
58.92,2204
58.93,2204
58.94,2204
58.95,2204
58.96,2204
58.97,2204
58.98,2204
58.99,2204
59.0,2204
59.01,2204
59.02,2204
59.03,2204
59.04,2204
59.05,2204
59.06,2204
59.07,2204
59.08,2204
59.09,2204
59.1,2204
59.11,2204
59.12,2204
59.13,2204
59.14,2204
59.15,2204
59.16,2204
59.17,2204
59.18,2204
59.19,2204
59.2,2204
59.21,2204
59.22,2204
59.23,2204
59.24,2204
59.25,2204
59.26,2204
59.27,2204
59.28,2204
59.29,2204
59.3,2204
59.31,2204
59.32,2204
59.33,2204
59.34,2204
59.35,2204
59.36,2204
59.37,2204
59.38,2204
59.39,2204
59.4,2204
59.41,2204
59.42,2204
59.43,2204
59.44,2204
59.45,2204
59.46,2204
59.47,2204
59.48,2204
59.49,2204
59.5,2204
59.51,2204
59.52,2204
59.53,2204
59.54,2204
59.55,2204
59.56,2204
59.57,2204
59.58,2204
59.59,2204
59.6,2204
59.61,2204
59.62,2204
59.63,2204
59.64,2204
59.65,2204
59.66,2204
59.67,2204
59.68,2204
59.69,2204
59.7,2204
59.71,2204
59.72,2204
59.73,2204
59.74,2204
59.75,2204
59.76,2204
59.77,2204
59.78,2204
59.79,2204
59.8,2204
59.81,2204
59.82,2204
59.83,2204
59.84,2204
59.85,2204
59.86,2204
59.87,2204
59.88,2204
59.89,2204
59.9,2204
59.91,2204
59.92,2204
59.93,2204
59.94,2204
59.95,2204
59.96,2204
59.97,2204
59.98,2204
59.99,2204
60.0,2204
60.01,2204
60.02,2204
60.03,2204
60.04,2204
60.05,2204
60.06,2204
60.07,2204
60.08,2204
60.09,2204
60.1,2204
60.11,2204
60.12,2204
60.13,2204
60.14,2204
60.15,2204
60.16,2204
60.17,2204
60.18,2204
60.19,2204
60.2,2204
60.21,2204
60.22,2204
60.23,2204
60.24,2204
60.25,2204
60.26,2204
60.27,2204
60.28,2204
60.29,2204
60.3,2204
60.31,2204
60.32,2204
60.33,2204
60.34,2204
60.35,2204
60.36,2204
60.37,2204
60.38,2204
60.39,2204
60.4,2204
60.41,2204
60.42,2204
60.43,2204
60.44,2204
60.45,2204
60.46,2204
60.47,2204
60.48,2204
60.49,2204
60.5,2204
60.51,2204
60.52,2204
60.53,2204
60.54,2204
60.55,2204
60.56,2204
60.57,2204
60.58,2204
60.59,2204
60.6,2204
60.61,2204
60.62,2204
60.63,2204
60.64,2204
60.65,2204
60.66,2204
60.67,2204
60.68,2204
60.69,2204
60.7,2204
60.71,2204
60.72,2204
60.73,2204
60.74,2204
60.75,2204
60.76,2204
60.77,2204
60.78,2204
60.79,2204
60.8,2204
60.81,2204
60.82,2204
60.83,2204
60.84,2204
60.85,2204
60.86,2204
60.87,2204
60.88,2204
60.89,2204
60.9,2204
60.91,2204
60.92,2204
60.93,2204
60.94,2204
60.95,2204
60.96,2204
60.97,2204
60.98,2204
60.99,2204
61.0,2204
61.01,2204
61.02,2204
61.03,2204
61.04,2204
61.05,2204
61.06,2204
61.07,2204
61.08,2204
61.09,2204
61.1,2204
61.11,2204
61.12,2204
61.13,2204
61.14,2204
61.15,2204
61.16,2204
61.17,2204
61.18,2204
61.19,2204
61.2,2204
61.21,2204
61.22,2204
61.23,2204
61.24,2204
61.25,2204
61.26,2204
61.27,2204
61.28,2204
61.29,2204
61.3,2204
61.31,2204
61.32,2204
61.33,2204
61.34,2204
61.35,2204
61.36,2204
61.37,2204
61.38,2204
61.39,2204
61.4,2204
61.41,2204
61.42,2204
61.43,2204
61.44,2204
61.45,2204
61.46,2204
61.47,2204
61.48,2204
61.49,2204
61.5,2204
61.51,2204
61.52,2204
61.53,2204
61.54,2204
61.55,2204
61.56,2204
61.57,2204
61.58,2204
61.59,2204
61.6,2204
61.61,2204
61.62,2204
61.63,2204
61.64,2204
61.65,2204
61.66,2204
61.67,2204
61.68,2204
61.69,2204
61.7,2204
61.71,2204
61.72,2204
61.73,2204
61.74,2204
61.75,2204
61.76,2204
61.77,2204
61.78,2204
61.79,2204
61.8,2204
61.81,2204
61.82,2204
61.83,2204
61.84,2204
61.85,2204
61.86,2204
61.87,2204
61.88,2204
61.89,2204
61.9,2204
61.91,2204
61.92,2204
61.93,2204
61.94,2204
61.95,2204
61.96,2204
61.97,2204
61.98,2204
61.99,2204
62.0,2204
62.01,2204
62.02,2204
62.03,2204
62.04,2204
62.05,2204
62.06,2204
62.07,2204
62.08,2204
62.09,2204
62.1,2204
62.11,2204
62.12,2204
62.13,2204
62.14,2204
62.15,2204
62.16,2204
62.17,2204
62.18,2204
62.19,2204
62.2,2204
62.21,2204
62.22,2204
62.23,2204
62.24,2204
62.25,2204
62.26,2204
62.27,2204
62.28,2204
62.29,2204
62.3,2204
62.31,2204
62.32,2204
62.33,2204
62.34,2204
62.35,2204
62.36,2204
62.37,2204
62.38,2204
62.39,2204
62.4,2204
62.41,2204
62.42,2204
62.43,2204
62.44,2204
62.45,2204
62.46,2204
62.47,2204
62.48,2204
62.49,2204
62.5,2204
62.51,2204
62.52,2204
62.53,2204
62.54,2204
62.55,2204
62.56,2204
62.57,2204
62.58,2204
62.59,2204
62.6,2204
62.61,2204
62.62,2204
62.63,2204
62.64,2204
62.65,2204
62.66,2204
62.67,2204
62.68,2204
62.69,2204
62.7,2204
62.71,2204
62.72,2204
62.73,2204
62.74,2204
62.75,2204
62.76,2204
62.77,2204
62.78,2204
62.79,2204
62.8,2204
62.81,2204
62.82,2204
62.83,2204
62.84,2204
62.85,2204
62.86,2204
62.87,2204
62.88,2204
62.89,2204
62.9,2204
62.91,2204
62.92,2204
62.93,2204
62.94,2204
62.95,2204
62.96,2204
62.97,2204
62.98,2204
62.99,2204
63.0,2204
63.01,2204
63.02,2204
63.03,2204
63.04,2204
63.05,2204
63.06,2204
63.07,2204
63.08,2204
63.09,2204
63.1,2204
63.11,2204
63.12,2204
63.13,2204
63.14,2204
63.15,2204
63.16,2204
63.17,2204
63.18,2204
63.19,2204
63.2,2204
63.21,2204
63.22,2204
63.23,2204
63.24,2204
63.25,2204
63.26,2204
63.27,2204
63.28,2204
63.29,2204
63.3,2204
63.31,2204
63.32,2204
63.33,2204
63.34,2204
63.35,2204
63.36,2204
63.37,2204
63.38,2204
63.39,2204
63.4,2204
63.41,2204
63.42,2204
63.43,2204
63.44,2204
63.45,2204
63.46,2204
63.47,2204
63.48,2204
63.49,2204
63.5,2204
63.51,2204
63.52,2204
63.53,2204
63.54,2204
63.55,2204
63.56,2204
63.57,2204
63.58,2204
63.59,2204
63.6,2204
63.61,2204
63.62,2204
63.63,2204
63.64,2204
63.65,2204
63.66,2204
63.67,2204
63.68,2204
63.69,2204
63.7,2204
63.71,2204
63.72,2204
63.73,2204
63.74,2204
63.75,2204
63.76,2204
63.77,2204
63.78,2204
63.79,2204
63.8,2204
63.81,2204
63.82,2204
63.83,2204
63.84,2204
63.85,2204
63.86,2204
63.87,2204
63.88,2204
63.89,2204
63.9,2204
63.91,2204
63.92,2204
63.93,2204
63.94,2204
63.95,2204
63.96,2204
63.97,2204
63.98,2204
63.99,2204
64.0,2204
64.01,2204
64.02,2204
64.03,2204
64.04,2204
64.05,2204
64.06,2204
64.07,2204
64.08,2204
64.09,2204
64.1,2204
64.11,2204
64.12,2204
64.13,2204
64.14,2204
64.15,2204
64.16,2204
64.17,2204
64.18,2204
64.19,2204
64.2,2204
64.21,2204
64.22,2204
64.23,2204
64.24,2204
64.25,2204
64.26,2204
64.27,2204
64.28,2204
64.29,2204
64.3,2204
64.31,2204
64.32,2204
64.33,2204
64.34,2204
64.35,2204
64.36,2204
64.37,2204
64.38,2204
64.39,2204
64.4,2204
64.41,2204
64.42,2204
64.43,2204
64.44,2204
64.45,2204
64.46,2204
64.47,2204
64.48,2204
64.49,2204
64.5,2204
64.51,2204
64.52,2204
64.53,2204
64.54,2204
64.55,2204
64.56,2204
64.57,2204
64.58,2204
64.59,2204
64.6,2204
64.61,2204
64.62,2204
64.63,2204
64.64,2204
64.65,2204
64.66,2204
64.67,2204
64.68,2204
64.69,2204
64.7,2204
64.71,2204
64.72,2204
64.73,2204
64.74,2204
64.75,2204
64.76,2204
64.77,2204
64.78,2204
64.79,2204
64.8,2204
64.81,2204
64.82,2204
64.83,2204
64.84,2204
64.85,2204
64.86,2204
64.87,2204
64.88,2204
64.89,2204
64.9,2204
64.91,2204
64.92,2204
64.93,2204
64.94,2204
64.95,2204
64.96,2204
64.97,2204
64.98,2204
64.99,2204
65.0,2204
65.01,2204
65.02,2204
65.03,2204
65.04,2204
65.05,2204
65.06,2204
65.07,2204
65.08,2204
65.09,2204
65.1,2204
65.11,2204
65.12,2204
65.13,2204
65.14,2204
65.15,2204
65.16,2204
65.17,2204
65.18,2204
65.19,2204
65.2,2204
65.21,2204
65.22,2204
65.23,2204
65.24,2204
65.25,2204
65.26,2204
65.27,2204
65.28,2204
65.29,2204
65.3,2204
65.31,2204
65.32,2204
65.33,2204
65.34,2204
65.35,2204
65.36,2204
65.37,2204
65.38,2204
65.39,2204
65.4,2204
65.41,2204
65.42,2204
65.43,2204
65.44,2204
65.45,2204
65.46,2204
65.47,2204
65.48,2204
65.49,2204
65.5,2204
65.51,2204
65.52,2204
65.53,2204
65.54,2204
65.55,2204
65.56,2204
65.57,2204
65.58,2204
65.59,2204
65.6,2204
65.61,2204
65.62,2204
65.63,2204
65.64,2204
65.65,2204
65.66,2204
65.67,2204
65.68,2204
65.69,2204
65.7,2204
65.71,2204
65.72,2204
65.73,2204
65.74,2204
65.75,2204
65.76,2204
65.77,2204
65.78,2204
65.79,2204
65.8,2204
65.81,2204
65.82,2204
65.83,2204
65.84,2204
65.85,2204
65.86,2204
65.87,2204
65.88,2204
65.89,2204
65.9,2204
65.91,2204
65.92,2204
65.93,2204
65.94,2204
65.95,2204
65.96,2204
65.97,2204
65.98,2204
65.99,2204
66.0,2204
66.01,2204
66.02,2204
66.03,2204
66.04,2204
66.05,2204
66.06,2204
66.07,2204
66.08,2204
66.09,2204
66.1,2204
66.11,2204
66.12,2204
66.13,2204
66.14,2204
66.15,2204
66.16,2204
66.17,2204
66.18,2204
66.19,2204
66.2,2204
66.21,2204
66.22,2204
66.23,2204
66.24,2204
66.25,2204
66.26,2204
66.27,2204
66.28,2204
66.29,2204
66.3,2204
66.31,2204
66.32,2204
66.33,2204
66.34,2204
66.35,2204
66.36,2204
66.37,2204
66.38,2204
66.39,2204
66.4,2204
66.41,2204
66.42,2204
66.43,2204
66.44,2204
66.45,2204
66.46,2204
66.47,2204
66.48,2204
66.49,2204
66.5,2204
66.51,2204
66.52,2204
66.53,2204
66.54,2204
66.55,2204
66.56,2204
66.57,2204
66.58,2204
66.59,2204
66.6,2204
66.61,2204
66.62,2204
66.63,2204
66.64,2204
66.65,2204
66.66,2204
66.67,2204
66.68,2204
66.69,2204
66.7,2204
66.71,2204
66.72,2204
66.73,2204
66.74,2204
66.75,2204
66.76,2204
66.77,2204
66.78,2204
66.79,2204
66.8,2204
66.81,2204
66.82,2204
66.83,2204
66.84,2204
66.85,2204
66.86,2204
66.87,2204
66.88,2204
66.89,2204
66.9,2204
66.91,2204
66.92,2204
66.93,2204
66.94,2204
66.95,2204
66.96,2204
66.97,2204
66.98,2204
66.99,2204
67.0,2204
67.01,2204
67.02,2204
67.03,2204
67.04,2204
67.05,2204
67.06,2204
67.07,2204
67.08,2204
67.09,2204
67.1,2204
67.11,2204
67.12,2204
67.13,2204
67.14,2204
67.15,2204
67.16,2204
67.17,2204
67.18,2204
67.19,2204
67.2,2204
67.21,2204
67.22,2204
67.23,2204
67.24,2204
67.25,2204
67.26,2204
67.27,2204
67.28,2204
67.29,2204
67.3,2204
67.31,2204
67.32,2204
67.33,2204
67.34,2204
67.35,2204
67.36,2204
67.37,2204
67.38,2204
67.39,2204
67.4,2204
67.41,2204
67.42,2204
67.43,2204
67.44,2204
67.45,2204
67.46,2204
67.47,2204
67.48,2204
67.49,2204
67.5,2204
67.51,2204
67.52,2204
67.53,2204
67.54,2204
67.55,2204
67.56,2204
67.57,2204
67.58,2204
67.59,2204
67.6,2204
67.61,2204
67.62,2204
67.63,2204
67.64,2204
67.65,2204
67.66,2204
67.67,2204
67.68,2204
67.69,2204
67.7,2204
67.71,2204
67.72,2204
67.73,2204
67.74,2204
67.75,2204
67.76,2204
67.77,2204
67.78,2204
67.79,2204
67.8,2204
67.81,2204
67.82,2204
67.83,2204
67.84,2204
67.85,2204
67.86,2204
67.87,2204
67.88,2204
67.89,2204
67.9,2204
67.91,2204
67.92,2204
67.93,2204
67.94,2204
67.95,2204
67.96,2204
67.97,2204
67.98,2204
67.99,2204
68.0,2204
68.01,2204
68.02,2204
68.03,2204
68.04,2204
68.05,2204
68.06,2204
68.07,2204
68.08,2204
68.09,2204
68.1,2204
68.11,2204
68.12,2204
68.13,2204
68.14,2204
68.15,2204
68.16,2204
68.17,2204
68.18,2204
68.19,2204
68.2,2204
68.21,2204
68.22,2204
68.23,2204
68.24,2204
68.25,2204
68.26,2204
68.27,2204
68.28,2204
68.29,2204
68.3,2204
68.31,2204
68.32,2204
68.33,2204
68.34,2204
68.35,2204
68.36,2204
68.37,2204
68.38,2204
68.39,2204
68.4,2204
68.41,2204
68.42,2204
68.43,2204
68.44,2204
68.45,2204
68.46,2204
68.47,2204
68.48,2204
68.49,2204
68.5,2204
68.51,2204
68.52,2204
68.53,2204
68.54,2204
68.55,2204
68.56,2204
68.57,2204
68.58,2204
68.59,2204
68.6,2204
68.61,2204
68.62,2204
68.63,2204
68.64,2204
68.65,2204
68.66,2204
68.67,2204
68.68,2204
68.69,2204
68.7,2204
68.71,2204
68.72,2204
68.73,2204
68.74,2204
68.75,2204
68.76,2204
68.77,2204
68.78,2204
68.79,2204
68.8,2204
68.81,2204
68.82,2204
68.83,2204
68.84,2204
68.85,2204
68.86,2204
68.87,2204
68.88,2204
68.89,2204
68.9,2204
68.91,2204
68.92,2204
68.93,2204
68.94,2204
68.95,2204
68.96,2204
68.97,2204
68.98,2204
68.99,2204
69.0,2204
69.01,2204
69.02,2204
69.03,2204
69.04,2204
69.05,2204
69.06,2204
69.07,2204
69.08,2204
69.09,2204
69.1,2204
69.11,2204
69.12,2204
69.13,2204
69.14,2204
69.15,2204
69.16,2204
69.17,2204
69.18,2204
69.19,2204
69.2,2204
69.21,2204
69.22,2204
69.23,2204
69.24,2204
69.25,2204
69.26,2204
69.27,2204
69.28,2204
69.29,2204
69.3,2204
69.31,2204
69.32,2204
69.33,2204
69.34,2204
69.35,2204
69.36,2204
69.37,2204
69.38,2204
69.39,2204
69.4,2204
69.41,2204
69.42,2204
69.43,2204
69.44,2204
69.45,2204
69.46,2204
69.47,2204
69.48,2204
69.49,2204
69.5,2204
69.51,2204
69.52,2204
69.53,2204
69.54,2204
69.55,2204
69.56,2204
69.57,2204
69.58,2204
69.59,2204
69.6,2204
69.61,2204
69.62,2204
69.63,2204
69.64,2204
69.65,2204
69.66,2204
69.67,2204
69.68,2204
69.69,2204
69.7,2204
69.71,2204
69.72,2204
69.73,2204
69.74,2204
69.75,2204
69.76,2204
69.77,2204
69.78,2204
69.79,2204
69.8,2204
69.81,2204
69.82,2204
69.83,2204
69.84,2204
69.85,2204
69.86,2204
69.87,2204
69.88,2204
69.89,2204
69.9,2204
69.91,2204
69.92,2204
69.93,2204
69.94,2204
69.95,2204
69.96,2204
69.97,2204
69.98,2204
69.99,2204
70.0,2204
70.01,2204
70.02,2204
70.03,2204
70.04,2204
70.05,2204
70.06,2204
70.07,2204
70.08,2204
70.09,2204
70.1,2204
70.11,2204
70.12,2204
70.13,2204
70.14,2204
70.15,2204
70.16,2204
70.17,2204
70.18,2204
70.19,2204
70.2,2204
70.21,2204
70.22,2204
70.23,2204
70.24,2204
70.25,2204
70.26,2204
70.27,2204
70.28,2204
70.29,2204
70.3,2204
70.31,2204
70.32,2204
70.33,2204
70.34,2204
70.35,2204
70.36,2204
70.37,2204
70.38,2204
70.39,2204
70.4,2204
70.41,2204
70.42,2204
70.43,2204
70.44,2204
70.45,2204
70.46,2204
70.47,2204
70.48,2204
70.49,2204
70.5,2204
70.51,2204
70.52,2204
70.53,2204
70.54,2204
70.55,2204
70.56,2204
70.57,2204
70.58,2204
70.59,2204
70.6,2204
70.61,2204
70.62,2204
70.63,2204
70.64,2204
70.65,2204
70.66,2204
70.67,2204
70.68,2204
70.69,2204
70.7,2204
70.71,2204
70.72,2204
70.73,2204
70.74,2204
70.75,2204
70.76,2204
70.77,2204
70.78,2204
70.79,2204
70.8,2204
70.81,2204
70.82,2204
70.83,2204
70.84,2204
70.85,2204
70.86,2204
70.87,2204
70.88,2204
70.89,2204
70.9,2204
70.91,2204
70.92,2204
70.93,2204
70.94,2204
70.95,2204
70.96,2204
70.97,2204
70.98,2204
70.99,2204
71.0,2204
71.01,2204
71.02,2204
71.03,2204
71.04,2204
71.05,2204
71.06,2204
71.07,2204
71.08,2204
71.09,2204
71.1,2204
71.11,2204
71.12,2204
71.13,2204
71.14,2204
71.15,2204
71.16,2204
71.17,2204
71.18,2204
71.19,2204
71.2,2204
71.21,2204
71.22,2204
71.23,2204
71.24,2204
71.25,2204
71.26,2204
71.27,2204
71.28,2204
71.29,2204
71.3,2204
71.31,2204
71.32,2204
71.33,2204
71.34,2204
71.35,2204
71.36,2204
71.37,2204
71.38,2204
71.39,2204
71.4,2204
71.41,2204
71.42,2204
71.43,2204
71.44,2204
71.45,2204
71.46,2204
71.47,2204
71.48,2204
71.49,2204
71.5,2204
71.51,2204
71.52,2204
71.53,2204
71.54,2204
71.55,2204
71.56,2204
71.57,2204
71.58,2204
71.59,2204
71.6,2204
71.61,2204
71.62,2204
71.63,2204
71.64,2204
71.65,2204
71.66,2204
71.67,2204
71.68,2204
71.69,2204
71.7,2204
71.71,2204
71.72,2204
71.73,2204
71.74,2204
71.75,2204
71.76,2204
71.77,2204
71.78,2204
71.79,2204
71.8,2204
71.81,2204
71.82,2204
71.83,2204
71.84,2204
71.85,2204
71.86,2204
71.87,2204
71.88,2204
71.89,2204
71.9,2204
71.91,2204
71.92,2204
71.93,2204
71.94,2204
71.95,2204
71.96,2204
71.97,2204
71.98,2204
71.99,2204
72.0,2204
72.01,2204
72.02,2204
72.03,2204
72.04,2204
72.05,2204
72.06,2204
72.07,2204
72.08,2204
72.09,2204
72.1,2204
72.11,2204
72.12,2204
72.13,2204
72.14,2204
72.15,2204
72.16,2204
72.17,2204
72.18,2204
72.19,2204
72.2,2204
72.21,2204
72.22,2204
72.23,2204
72.24,2204
72.25,2204
72.26,2204
72.27,2204
72.28,2204
72.29,2204
72.3,2204
72.31,2204
72.32,2204
72.33,2204
72.34,2204
72.35,2204
72.36,2204
72.37,2204
72.38,2204
72.39,2204
72.4,2204
72.41,2204
72.42,2204
72.43,2204
72.44,2204
72.45,2204
72.46,2204
72.47,2204
72.48,2204
72.49,2204
72.5,2204
72.51,2204
72.52,2204
72.53,2204
72.54,2204
72.55,2204
72.56,2204
72.57,2204
72.58,2204
72.59,2204
72.6,2204
72.61,2204
72.62,2204
72.63,2204
72.64,2204
72.65,2204
72.66,2204
72.67,2204
72.68,2204
72.69,2204
72.7,2204
72.71,2204
72.72,2204
72.73,2204
72.74,2204
72.75,2204
72.76,2204
72.77,2204
72.78,2204
72.79,2204
72.8,2204
72.81,2204
72.82,2204
72.83,2204
72.84,2204
72.85,2204
72.86,2204
72.87,2204
72.88,2204
72.89,2204
72.9,2204
72.91,2204
72.92,2204
72.93,2204
72.94,2204
72.95,2204
72.96,2204
72.97,2204
72.98,2204
72.99,2204
73.0,2204
73.01,2204
73.02,2204
73.03,2204
73.04,2204
73.05,2204
73.06,2204
73.07,2204
73.08,2204
73.09,2204
73.1,2204
73.11,2204
73.12,2204
73.13,2204
73.14,2204
73.15,2204
73.16,2204
73.17,2204
73.18,2204
73.19,2204
73.2,2204
73.21,2204
73.22,2204
73.23,2204
73.24,2204
73.25,2204
73.26,2204
73.27,2204
73.28,2204
73.29,2204
73.3,2204
73.31,2204
73.32,2204
73.33,2204
73.34,2204
73.35,2204
73.36,2204
73.37,2204
73.38,2204
73.39,2204
73.4,2204
73.41,2204
73.42,2204
73.43,2204
73.44,2204
73.45,2204
73.46,2204
73.47,2204
73.48,2204
73.49,2204
73.5,2204
73.51,2204
73.52,2204
73.53,2204
73.54,2204
73.55,2204
73.56,2204
73.57,2204
73.58,2204
73.59,2204
73.6,2204
73.61,2204
73.62,2204
73.63,2204
73.64,2204
73.65,2204
73.66,2204
73.67,2204
73.68,2204
73.69,2204
73.7,2204
73.71,2204
73.72,2204
73.73,2204
73.74,2204
73.75,2204
73.76,2204
73.77,2204
73.78,2204
73.79,2204
73.8,2204
73.81,2204
73.82,2204
73.83,2204
73.84,2204
73.85,2204
73.86,2204
73.87,2204
73.88,2204
73.89,2204
73.9,2204
73.91,2204
73.92,2204
73.93,2204
73.94,2204
73.95,2204
73.96,2204
73.97,2204
73.98,2204
73.99,2204
74.0,2204
74.01,2204
74.02,2204
74.03,2204
74.04,2204
74.05,2204
74.06,2204
74.07,2204
74.08,2204
74.09,2204
74.1,2204
74.11,2204
74.12,2204
74.13,2204
74.14,2204
74.15,2204
74.16,2204
74.17,2204
74.18,2204
74.19,2204
74.2,2204
74.21,2204
74.22,2204
74.23,2204
74.24,2204
74.25,2204
74.26,2204
74.27,2204
74.28,2204
74.29,2204
74.3,2204
74.31,2204
74.32,2204
74.33,2204
74.34,2204
74.35,2204
74.36,2204
74.37,2204
74.38,2204
74.39,2204
74.4,2204
74.41,2204
74.42,2204
74.43,2204
74.44,2204
74.45,2204
74.46,2204
74.47,2204
74.48,2204
74.49,2204
74.5,2204
74.51,2204
74.52,2204
74.53,2204
74.54,2204
74.55,2204
74.56,2204
74.57,2204
74.58,2204
74.59,2204
74.6,2204
74.61,2204
74.62,2204
74.63,2204
74.64,2204
74.65,2204
74.66,2204
74.67,2204
74.68,2204
74.69,2204
74.7,2204
74.71,2204
74.72,2204
74.73,2204
74.74,2204
74.75,2204
74.76,2204
74.77,2204
74.78,2204
74.79,2204
74.8,2204
74.81,2204
74.82,2204
74.83,2204
74.84,2204
74.85,2204
74.86,2204
74.87,2204
74.88,2204
74.89,2204
74.9,2204
74.91,2204
74.92,2204
74.93,2204
74.94,2204
74.95,2204
74.96,2204
74.97,2204
74.98,2204
74.99,2204
75.0,2204
75.01,2204
75.02,2204
75.03,2204
75.04,2204
75.05,2204
75.06,2204
75.07,2204
75.08,2204
75.09,2204
75.1,2204
75.11,2204
75.12,2204
75.13,2204
75.14,2204
75.15,2204
75.16,2204
75.17,2204
75.18,2204
75.19,2204
75.2,2204
75.21,2204
75.22,2204
75.23,2204
75.24,2204
75.25,2204
75.26,2204
75.27,2204
75.28,2204
75.29,2204
75.3,2204
75.31,2204
75.32,2204
75.33,2204
75.34,2204
75.35,2204
75.36,2204
75.37,2204
75.38,2204
75.39,2204
75.4,2204
75.41,2204
75.42,2204
75.43,2204
75.44,2204
75.45,2204
75.46,2204
75.47,2204
75.48,2204
75.49,2204
75.5,2204
75.51,2204
75.52,2204
75.53,2204
75.54,2204
75.55,2204
75.56,2204
75.57,2204
75.58,2204
75.59,2204
75.6,2204
75.61,2204
75.62,2204
75.63,2204
75.64,2204
75.65,2204
75.66,2204
75.67,2204
75.68,2204
75.69,2204
75.7,2204
75.71,2204
75.72,2204
75.73,2204
75.74,2204
75.75,2204
75.76,2204
75.77,2204
75.78,2204
75.79,2204
75.8,2204
75.81,2204
75.82,2204
75.83,2204
75.84,2204
75.85,2204
75.86,2204
75.87,2204
75.88,2204
75.89,2204
75.9,2204
75.91,2204
75.92,2204
75.93,2204
75.94,2204
75.95,2204
75.96,2204
75.97,2204
75.98,2204
75.99,2204
76.0,2204
76.01,2204
76.02,2204
76.03,2204
76.04,2204
76.05,2204
76.06,2204
76.07,2204
76.08,2204
76.09,2204
76.1,2204
76.11,2204
76.12,2204
76.13,2204
76.14,2204
76.15,2204
76.16,2204
76.17,2204
76.18,2204
76.19,2204
76.2,2204
76.21,2204
76.22,2204
76.23,2204
76.24,2204
76.25,2204
76.26,2204
76.27,2204
76.28,2204
76.29,2204
76.3,2204
76.31,2204
76.32,2204
76.33,2204
76.34,2204
76.35,2204
76.36,2204
76.37,2204
76.38,2204
76.39,2204
76.4,2204
76.41,2204
76.42,2204
76.43,2204
76.44,2204
76.45,2204
76.46,2204
76.47,2204
76.48,2204
76.49,2204
76.5,2204
76.51,2204
76.52,2204
76.53,2204
76.54,2204
76.55,2204
76.56,2204
76.57,2204
76.58,2204
76.59,2204
76.6,2204
76.61,2204
76.62,2204
76.63,2204
76.64,2204
76.65,2204
76.66,2204
76.67,2204
76.68,2204
76.69,2204
76.7,2204
76.71,2204
76.72,2204
76.73,2204
76.74,2204
76.75,2204
76.76,2204
76.77,2204
76.78,2204
76.79,2204
76.8,2204
76.81,2204
76.82,2204
76.83,2204
76.84,2204
76.85,2204
76.86,2204
76.87,2204
76.88,2204
76.89,2204
76.9,2204
76.91,2204
76.92,2204
76.93,2204
76.94,2204
76.95,2204
76.96,2204
76.97,2204
76.98,2204
76.99,2204
77.0,2204
77.01,2204
77.02,2204
77.03,2204
77.04,2204
77.05,2204
77.06,2204
77.07,2204
77.08,2204
77.09,2204
77.1,2204
77.11,2204
77.12,2204
77.13,2204
77.14,2204
77.15,2204
77.16,2204
77.17,2204
77.18,2204
77.19,2204
77.2,2204
77.21,2204
77.22,2204
77.23,2204
77.24,2204
77.25,2204
77.26,2204
77.27,2204
77.28,2204
77.29,2204
77.3,2204
77.31,2204
77.32,2204
77.33,2204
77.34,2204
77.35,2204
77.36,2204
77.37,2204
77.38,2204
77.39,2204
77.4,2204
77.41,2204
77.42,2204
77.43,2204
77.44,2204
77.45,2204
77.46,2204
77.47,2204
77.48,2204
77.49,2204
77.5,2204
77.51,2204
77.52,2204
77.53,2204
77.54,2204
77.55,2204
77.56,2204
77.57,2204
77.58,2204
77.59,2204
77.6,2204
77.61,2204
77.62,2204
77.63,2204
77.64,2204
77.65,2204
77.66,2204
77.67,2204
77.68,2204
77.69,2204
77.7,2204
77.71,2204
77.72,2204
77.73,2204
77.74,2204
77.75,2204
77.76,2204
77.77,2204
77.78,2204
77.79,2204
77.8,2204
77.81,2204
77.82,2204
77.83,2204
77.84,2204
77.85,2204
77.86,2204
77.87,2204
77.88,2204
77.89,2204
77.9,2204
77.91,2204
77.92,2204
77.93,2204
77.94,2204
77.95,2204
77.96,2204
77.97,2204
77.98,2204
77.99,2204
78.0,2204
78.01,2204
78.02,2204
78.03,2204
78.04,2204
78.05,2204
78.06,2204
78.07,2204
78.08,2204
78.09,2204
78.1,2204
78.11,2204
78.12,2204
78.13,2204
78.14,2204
78.15,2204
78.16,2204
78.17,2204
78.18,2204
78.19,2204
78.2,2204
78.21,2204
78.22,2204
78.23,2204
78.24,2204
78.25,2204
78.26,2204
78.27,2204
78.28,2204
78.29,2204
78.3,2204
78.31,2204
78.32,2204
78.33,2204
78.34,2204
78.35,2204
78.36,2204
78.37,2204
78.38,2204
78.39,2204
78.4,2204
78.41,2204
78.42,2204
78.43,2204
78.44,2204
78.45,2204
78.46,2204
78.47,2204
78.48,2204
78.49,2204
78.5,2204
78.51,2204
78.52,2204
78.53,2204
78.54,2204
78.55,2204
78.56,2204
78.57,2204
78.58,2204
78.59,2204
78.6,2204
78.61,2204
78.62,2204
78.63,2204
78.64,2204
78.65,2204
78.66,2204
78.67,2204
78.68,2204
78.69,2204
78.7,2204
78.71,2204
78.72,2204
78.73,2204
78.74,2204
78.75,2204
78.76,2204
78.77,2204
78.78,2204
78.79,2204
78.8,2204
78.81,2203
