0.0,4903
0.01,4836
0.02,4772
0.03,4727
0.04,4665
0.05,4622
0.06,4577
0.07,4526
0.08,4492
0.09,4456
0.1,4435
0.11,4399
0.12,4366
0.13,4325
0.14,4294
0.15,4247
0.16,4206
0.17,4170
0.18,4136
0.19,4105
0.2,4076
0.21,4047
0.22,4023
0.23,4000
0.24,3973
0.25,3944
0.26,3918
0.27,3894
0.28,3869
0.29,3845
0.3,3824
0.31,3806
0.32,3776
0.33,3754
0.34,3735
0.35,3725
0.36,3701
0.37,3677
0.38,3659
0.39,3642
0.4,3628
0.41,3608
0.42,3595
0.43,3582
0.44,3568
0.45,3555
0.46,3542
0.47,3534
0.48,3519
0.49,3504
0.5,3487
0.51,3477
0.52,3467
0.53,3452
0.54,3444
0.55,3433
0.56,3414
0.57,3395
0.58,3383
0.59,3371
0.6,3359
0.61,3349
0.62,3331
0.63,3321
0.64,3308
0.65,3295
0.66,3286
0.67,3276
0.68,3268
0.69,3256
0.7,3244
0.71,3233
0.72,3221
0.73,3210
0.74,3205
0.75,3197
0.76,3193
0.77,3185
0.78,3178
0.79,3171
0.8,3164
0.81,3153
0.82,3143
0.83,3131
0.84,3127
0.85,3122
0.86,3099
0.87,3093
0.88,3083
0.89,3075
0.9,3070
0.91,3062
0.92,3053
0.93,3046
0.94,3043
0.95,3034
0.96,3028
0.97,3020
0.98,3012
0.99,3006
1.0,2998
1.01,2993
1.02,2988
1.03,2982
1.04,2974
1.05,2972
1.06,2957
1.07,2951
1.08,2945
1.09,2941
1.1,2933
1.11,2927
1.12,2917
1.13,2910
1.14,2903
1.15,2894
1.16,2890
1.17,2882
1.18,2876
1.19,2870
1.2,2864
1.21,2855
1.22,2851
1.23,2844
1.24,2839
1.25,2835
1.26,2832
1.27,2829
1.28,2824
1.29,2819
1.3,2813
1.31,2811
1.32,2801
1.33,2800
1.34,2794
1.35,2786
1.36,2777
1.37,2773
1.38,2770
1.39,2765
1.4,2758
1.41,2752
1.42,2747
1.43,2743
1.44,2738
1.45,2735
1.46,2731
1.47,2727
1.48,2724
1.49,2717
1.5,2715
1.51,2711
1.52,2707
1.53,2701
1.54,2695
1.55,2693
1.56,2687
1.57,2685
1.58,2683
1.59,2681
1.6,2675
1.61,2669
1.62,2664
1.63,2660
1.64,2654
1.65,2652
1.66,2645
1.67,2644
1.68,2641
1.69,2640
1.7,2638
1.71,2636
1.72,2633
1.73,2630
1.74,2627
1.75,2624
1.76,2622
1.77,2617
1.78,2613
1.79,2611
1.8,2608
1.81,2606
1.82,2603
1.83,2601
1.84,2600
1.85,2597
1.86,2596
1.87,2589
1.88,2587
1.89,2584
1.9,2581
1.91,2580
1.92,2576
1.93,2573
1.94,2568
1.95,2566
1.96,2560
1.97,2556
1.98,2555
1.99,2554
2.0,2549
2.01,2547
2.02,2545
2.03,2541
2.04,2537
2.05,2535
2.06,2532
2.07,2525
2.08,2523
2.09,2522
2.11,2520
2.12,2517
2.13,2515
2.14,2514
2.15,2513
2.16,2510
2.18,2509
2.19,2505
2.2,2504
2.21,2503
2.22,2500
2.23,2499
2.24,2498
2.25,2496
2.26,2492
2.28,2490
2.29,2488
2.3,2482
2.31,2480
2.32,2478
2.33,2476
2.35,2475
2.37,2473
2.38,2470
2.39,2469
2.4,2463
2.41,2461
2.42,2459
2.43,2455
2.44,2454
2.45,2453
2.46,2452
2.47,2450
2.48,2448
2.49,2447
2.5,2446
2.52,2443
2.53,2442
2.54,2440
2.55,2439
2.57,2438
2.58,2436
2.59,2435
2.6,2434
2.61,2431
2.62,2430
2.63,2427
2.66,2423
2.67,2422
2.68,2421
2.69,2420
2.7,2419
2.71,2418
2.72,2416
2.73,2414
2.75,2412
2.76,2411
2.77,2410
2.78,2409
2.79,2408
2.8,2406
2.81,2405
2.83,2401
2.85,2400
2.86,2399
2.87,2396
2.88,2395
2.9,2393
2.91,2392
2.92,2391
2.93,2390
2.94,2389
2.96,2388
2.97,2387
2.99,2385
3.0,2383
3.01,2382
3.03,2380
3.05,2378
3.07,2375
3.08,2374
3.11,2373
3.13,2372
3.15,2371
3.17,2370
3.18,2367
3.19,2365
3.21,2364
3.23,2363
3.24,2361
3.28,2358
3.29,2355
3.31,2353
3.33,2352
3.34,2351
3.37,2350
3.38,2349
3.39,2348
3.4,2347
3.41,2346
3.42,2344
3.43,2343
3.44,2342
3.46,2341
3.49,2340
3.5,2339
3.53,2338
3.54,2337
3.57,2336
3.59,2335
3.63,2332
3.64,2331
3.66,2330
3.67,2329
3.68,2328
3.69,2327
3.72,2326
3.75,2325
3.76,2324
3.78,2323
3.79,2321
3.8,2320
3.82,2319
3.83,2318
3.84,2317
3.85,2316
3.87,2315
3.88,2313
3.89,2312
3.9,2310
3.91,2309
3.94,2308
3.97,2307
4.01,2306
4.06,2305
4.08,2304
4.1,2303
4.13,2302
4.19,2301
4.23,2300
4.28,2298
4.29,2297
4.31,2296
4.32,2295
4.33,2294
4.35,2293
4.37,2291
4.38,2290
4.46,2289
4.49,2287
4.52,2286
4.57,2285
4.63,2284
4.7,2283
4.73,2280
4.78,2279
4.8,2278
4.83,2277
4.85,2276
4.89,2275
4.91,2274
4.95,2273
5.0,2272
5.05,2271
5.06,2270
5.11,2269
5.13,2268
5.25,2267
5.27,2266
5.28,2265
5.31,2264
5.32,2263
5.33,2262
5.35,2261
5.38,2260
5.42,2259
5.43,2258
5.46,2257
5.52,2256
5.53,2255
5.54,2254
5.61,2253
5.71,2252
5.73,2251
5.74,2250
5.75,2249
5.82,2248
5.86,2247
6.19,2246
6.29,2245
6.33,2243
6.37,2242
6.41,2241
6.43,2240
6.57,2239
6.79,2238
7.04,2237
7.09,2236
7.22,2235
7.25,2234
7.32,2233
7.37,2232
7.4,2231
7.44,2230
7.51,2229
7.66,2228
7.99,2227
8.13,2226
8.23,2225
8.47,2224
8.48,2223
8.49,2222
8.63,2221
8.82,2219
9.21,2218
9.96,2217
10.05,2216
10.13,2215
10.43,2214
10.66,2213
11.69,2212
14.87,2211
15.89,2210
16.13,2209
19.53,2208
19.87,2207
23.92,2206
48.09,2205
62.36,2204
383.97,2203
