0.0,4941
0.01,4939
0.02,4937
0.03,4936
0.04,4934
0.05,4931
0.06,4929
0.07,4927
0.08,4926
0.09,4925
0.1,4924
0.11,4923
0.12,4922
0.13,4921
0.14,4920
0.15,4918
0.16,4917
0.17,4916
0.18,4915
0.19,4914
0.2,4913
0.21,4911
0.22,4909
0.23,4908
0.24,4906
0.25,4904
0.26,4903
0.27,4900
0.28,4899
0.29,4897
0.3,4894
0.31,4893
0.33,4891
0.34,4889
0.36,4888
0.37,4887
0.38,4886
0.4,4885
0.42,4884
0.43,4883
0.44,4881
0.45,4879
0.46,4878
0.47,4877
0.48,4875
0.49,4874
0.5,4873
0.51,4872
0.52,4870
0.53,4869
0.54,4868
0.55,4867
0.56,4866
0.57,4864
0.58,4863
0.59,4861
0.6,4859
0.61,4857
0.62,4855
0.63,4852
0.64,4851
0.65,4849
0.66,4847
0.67,4845
0.68,4842
0.69,4840
0.7,4837
0.71,4836
0.72,4833
0.73,4831
0.74,4828
0.75,4826
0.76,4823
0.77,4820
0.78,4818
0.79,4815
0.8,4812
0.81,4810
0.82,4807
0.83,4804
0.84,4802
0.85,4799
0.86,4797
0.87,4795
0.88,4792
0.89,4790
0.9,4787
0.91,4784
0.92,4782
0.93,4779
0.94,4777
0.95,4774
0.96,4772
0.97,4769
0.98,4767
0.99,4764
1.0,4761
1.01,4758
1.02,4757
1.03,4755
1.04,4753
1.05,4750
1.06,4747
1.07,4745
1.08,4742
1.09,4740
1.1,4738
1.11,4735
1.12,4733
1.13,4730
1.14,4728
1.15,4726
1.16,4723
1.17,4720
1.18,4718
1.19,4716
1.2,4714
1.22,4713
1.23,4711
1.24,4709
1.25,4707
1.26,4705
1.27,4702
1.28,4701
1.29,4699
1.3,4697
1.31,4695
1.32,4693
1.33,4691
1.34,4689
1.35,4686
1.36,4684
1.37,4682
1.38,4680
1.39,4677
1.4,4675
1.41,4672
1.42,4669
1.43,4667
1.44,4664
1.45,4662
1.46,4659
1.47,4657
1.48,4655
1.49,4652
1.5,4649
1.51,4646
1.52,4644
1.53,4641
1.54,4638
1.55,4636
1.56,4633
1.57,4631
1.58,4628
1.59,4626
1.6,4624
1.61,4621
1.62,4619
1.63,4617
1.64,4614
1.65,4612
1.66,4609
1.67,4607
1.68,4605
1.69,4602
1.7,4599
1.71,4597
1.74,4596
1.75,4594
1.76,4591
1.77,4590
1.78,4588
1.79,4586
1.8,4584
1.81,4581
1.82,4579
1.83,4576
1.84,4574
1.85,4571
1.86,4569
1.87,4567
1.88,4565
1.89,4562
1.9,4559
1.91,4557
1.92,4554
1.93,4552
1.94,4549
1.95,4547
1.96,4544
1.97,4542
1.98,4539
1.99,4537
2.0,4534
2.01,4532
2.02,4530
2.03,4527
2.04,4525
2.05,4522
2.06,4520
2.07,4517
2.08,4515
2.09,4512
2.1,4510
2.11,4508
2.12,4506
2.13,4504
2.14,4501
2.15,4499
2.16,4496
2.17,4494
2.18,4492
2.19,4490
2.2,4487
2.21,4485
2.22,4482
2.23,4479
2.24,4476
2.25,4474
2.26,4471
2.27,4468
2.28,4465
2.29,4463
2.3,4460
2.31,4458
2.32,4455
2.33,4452
2.34,4450
2.35,4447
2.36,4445
2.37,4444
2.38,4441
2.39,4439
2.4,4436
2.41,4434
2.42,4431
2.43,4429
2.44,4427
2.45,4424
2.46,4422
2.47,4420
2.48,4418
2.49,4416
2.5,4414
2.51,4413
2.52,4410
2.53,4408
2.54,4406
2.55,4403
2.56,4401
2.57,4399
2.58,4397
2.59,4394
2.6,4392
2.61,4389
2.62,4387
2.63,4385
2.64,4382
2.65,4379
2.66,4377
2.67,4374
2.68,4371
2.69,4369
2.73,4368
2.74,4367
2.75,4366
2.76,4365
2.77,4364
2.78,4362
2.79,4361
2.8,4359
2.81,4357
2.82,4355
2.83,4353
2.84,4350
2.85,4348
2.86,4345
2.87,4343
2.88,4341
2.89,4339
2.9,4336
2.91,4333
2.92,4331
2.93,4329
2.94,4326
2.95,4324
2.96,4321
2.97,4319
2.98,4316
2.99,4314
3.0,4311
3.01,4308
3.02,4306
3.03,4303
3.04,4300
3.05,4298
3.06,4295
3.07,4292
3.08,4290
3.09,4287
3.1,4284
3.11,4281
3.12,4279
3.13,4277
3.14,4274
3.15,4272
3.16,4269
3.17,4266
3.18,4264
3.19,4261
3.2,4259
3.21,4256
3.22,4254
3.23,4251
3.24,4249
3.25,4246
3.26,4244
3.27,4242
3.28,4240
3.29,4238
3.3,4235
3.31,4233
3.32,4231
3.33,4229
3.34,4226
3.35,4224
3.36,4221
3.37,4219
3.38,4216
3.39,4213
3.4,4210
3.41,4207
3.42,4205
3.43,4202
3.44,4199
3.45,4197
3.46,4195
3.47,4193
3.48,4190
3.49,4187
3.5,4184
3.51,4182
3.52,4179
3.53,4176
3.54,4174
3.55,4172
3.56,4169
3.57,4166
3.58,4164
3.59,4161
3.6,4158
3.61,4156
3.62,4153
3.63,4150
3.64,4147
3.65,4145
3.66,4142
3.67,4139
3.68,4136
3.69,4134
3.7,4131
3.71,4129
3.72,4127
3.73,4124
3.74,4122
3.75,4119
3.76,4117
3.77,4114
3.78,4111
3.79,4109
3.8,4106
3.81,4104
3.82,4101
3.83,4098
3.84,4097
3.85,4095
3.86,4093
3.87,4091
3.88,4089
3.89,4087
3.9,4085
3.91,4082
3.92,4079
3.93,4077
3.94,4075
3.95,4072
3.96,4070
3.97,4067
3.98,4064
3.99,4062
4.0,4059
4.01,4057
4.02,4054
4.03,4051
4.04,4049
4.05,4046
4.06,4043
4.07,4041
4.08,4038
4.09,4035
4.1,4033
4.11,4030
4.12,4028
4.13,4025
4.14,4023
4.15,4020
4.16,4018
4.17,4015
4.18,4012
4.19,4009
4.2,4007
4.21,4006
4.22,4003
4.23,4001
4.24,3999
4.25,3996
4.26,3994
4.27,3991
4.28,3988
4.29,3985
4.3,3983
4.31,3980
4.32,3977
4.33,3975
4.34,3972
4.35,3969
4.36,3967
4.37,3964
4.38,3962
4.39,3960
4.4,3957
4.41,3954
4.42,3951
4.43,3949
4.44,3946
4.45,3944
4.46,3941
4.47,3939
4.48,3936
4.49,3933
4.5,3930
4.51,3928
4.52,3925
4.53,3922
4.54,3920
4.55,3917
4.56,3915
4.57,3912
4.58,3909
4.59,3907
4.6,3904
4.61,3901
4.62,3898
4.63,3896
4.64,3893
4.65,3890
4.66,3888
4.67,3886
4.68,3883
4.69,3880
4.7,3878
4.71,3876
4.72,3874
4.73,3872
4.74,3869
4.75,3867
4.76,3864
4.77,3862
4.78,3859
4.79,3856
4.8,3853
4.81,3851
4.82,3848
4.83,3845
4.84,3843
4.85,3840
4.86,3837
4.87,3835
4.88,3832
4.89,3829
4.9,3827
4.91,3825
4.92,3822
4.93,3819
4.94,3817
4.95,3815
4.96,3812
4.97,3809
4.98,3806
4.99,3804
5.0,3801
5.01,3798
5.02,3796
5.03,3793
5.04,3790
5.05,3787
5.06,3785
5.07,3783
5.08,3780
5.09,3777
5.1,3775
5.11,3773
5.12,3770
5.13,3768
5.14,3765
5.15,3762
5.16,3760
5.17,3758
5.18,3756
5.19,3753
5.2,3751
5.21,3748
5.22,3747
5.23,3745
5.24,3742
5.25,3740
5.26,3738
5.27,3736
5.28,3733
5.29,3731
5.3,3729
5.31,3726
5.32,3724
5.33,3722
5.34,3720
5.35,3718
5.36,3715
5.37,3714
5.38,3712
5.39,3709
5.4,3707
5.41,3705
5.42,3702
5.43,3700
5.44,3699
5.45,3696
5.46,3696
5.47,3694
5.48,3692
5.49,3690
5.5,3688
5.51,3685
5.52,3683
5.53,3681
5.54,3679
5.55,3677
5.56,3675
5.57,3673
5.58,3671
5.59,3669
5.6,3667
5.61,3665
5.62,3663
5.63,3661
5.64,3659
5.65,3657
5.66,3655
5.67,3653
5.68,3652
5.69,3650
5.7,3647
5.71,3645
5.72,3643
5.73,3642
5.74,3639
5.75,3637
5.76,3636
5.77,3634
5.78,3632
5.79,3630
5.8,3628
5.81,3626
5.82,3624
5.83,3621
5.84,3619
5.85,3617
5.86,3615
5.87,3613
5.88,3611
5.89,3609
5.9,3606
5.91,3604
5.92,3602
5.93,3599
5.94,3597
5.95,3595
5.96,3593
5.97,3591
5.98,3590
5.99,3588
6.0,3587
6.01,3587
6.02,3586
6.03,3585
6.04,3583
6.05,3582
6.06,3581
6.07,3580
6.08,3578
6.09,3577
6.1,3575
6.11,3573
6.12,3572
6.13,3571
6.14,3569
6.15,3566
6.16,3564
6.17,3561
6.18,3559
6.19,3556
6.2,3554
6.21,3551
6.22,3550
6.23,3548
6.24,3546
6.25,3543
6.26,3541
6.27,3539
6.28,3538
6.29,3536
6.3,3534
6.31,3531
6.32,3530
6.33,3527
6.34,3525
6.35,3523
6.36,3520
6.37,3519
6.38,3517
6.39,3514
6.4,3513
6.41,3511
6.42,3509
6.43,3507
6.44,3504
6.45,3502
6.46,3500
6.47,3497
6.48,3495
6.49,3493
6.5,3491
6.51,3490
6.52,3487
6.53,3485
6.54,3484
6.55,3482
6.56,3480
6.57,3478
6.58,3476
6.59,3474
6.6,3472
6.61,3469
6.62,3468
6.63,3466
6.64,3464
6.65,3462
6.66,3460
6.67,3459
6.68,3457
6.69,3455
6.7,3453
6.71,3451
6.72,3449
6.73,3446
6.74,3444
6.75,3441
6.76,3439
6.77,3437
6.78,3435
6.79,3433
6.8,3431
6.81,3429
6.82,3426
6.83,3424
6.84,3422
6.85,3420
6.86,3419
6.87,3416
6.88,3414
6.89,3412
6.9,3410
6.91,3408
6.92,3406
6.93,3403
6.94,3401
6.95,3399
6.96,3396
6.97,3395
6.98,3393
6.99,3391
7.0,3388
7.01,3386
7.02,3383
7.03,3381
7.04,3378
7.05,3376
7.06,3374
7.07,3372
7.08,3369
7.09,3367
7.1,3365
7.11,3363
7.12,3362
7.13,3360
7.14,3358
7.15,3356
7.16,3355
7.17,3353
7.18,3351
7.19,3349
7.2,3347
7.21,3346
7.22,3343
7.23,3341
7.24,3338
7.25,3337
7.26,3336
7.27,3334
7.28,3332
7.29,3330
7.3,3328
7.31,3327
7.32,3324
7.33,3323
7.34,3320
7.35,3318
7.36,3316
7.37,3314
7.38,3313
7.39,3311
7.4,3309
7.41,3307
7.42,3305
7.43,3303
7.44,3301
7.45,3299
7.46,3297
7.47,3295
7.48,3294
7.49,3292
7.5,3290
7.51,3287
7.52,3285
7.53,3283
7.54,3280
7.55,3279
7.56,3278
7.57,3276
7.58,3274
7.59,3273
7.6,3271
7.61,3269
7.62,3267
7.63,3265
7.64,3263
7.65,3261
7.66,3260
7.67,3257
7.68,3256
7.69,3254
7.7,3252
7.71,3251
7.72,3249
7.73,3248
7.74,3246
7.75,3244
7.76,3243
7.77,3241
7.78,3239
7.79,3236
7.8,3234
7.81,3232
7.82,3229
7.83,3228
7.84,3226
7.85,3224
7.86,3222
7.87,3220
7.88,3218
7.89,3216
7.9,3214
7.91,3211
7.92,3209
7.93,3208
7.94,3206
7.95,3203
7.96,3201
7.97,3199
7.98,3197
7.99,3195
8.0,3194
8.01,3191
8.02,3189
8.03,3186
8.04,3184
8.05,3182
8.06,3181
8.07,3180
8.08,3178
8.09,3175
8.1,3173
8.11,3170
8.12,3170
8.13,3168
8.14,3165
8.15,3163
8.16,3160
8.17,3158
8.18,3157
8.19,3154
8.2,3152
8.21,3151
8.22,3149
8.23,3148
8.24,3147
8.25,3145
8.26,3143
8.27,3141
8.28,3139
8.29,3137
8.3,3135
8.31,3133
8.32,3132
8.33,3131
8.34,3130
8.35,3129
8.36,3127
8.37,3126
8.38,3125
8.39,3123
8.4,3121
8.41,3118
8.42,3116
8.43,3114
8.44,3112
8.45,3111
8.46,3109
8.47,3107
8.48,3106
8.49,3104
8.5,3102
8.51,3100
8.52,3099
8.53,3097
8.54,3095
8.55,3093
8.56,3091
8.57,3088
8.58,3087
8.59,3085
8.6,3084
8.61,3081
8.62,3080
8.63,3077
8.64,3075
8.65,3075
8.66,3072
8.67,3070
8.68,3068
8.69,3066
8.7,3064
8.71,3062
8.72,3060
8.73,3059
8.74,3057
8.75,3055
8.76,3054
8.77,3053
8.78,3051
8.79,3050
8.8,3050
8.81,3049
8.82,3048
8.83,3047
8.84,3045
8.85,3042
8.86,3040
8.87,3038
8.88,3036
8.89,3034
8.9,3031
8.91,3029
8.92,3027
8.93,3025
8.94,3022
8.95,3020
8.96,3018
8.97,3016
8.98,3014
8.99,3012
9.0,3010
9.01,3008
9.02,3006
9.03,3004
9.04,3001
9.05,3001
9.06,2999
9.07,2998
9.08,2996
9.09,2994
9.1,2991
9.11,2989
9.12,2988
9.13,2986
9.14,2984
9.15,2981
9.16,2979
9.17,2977
9.18,2976
9.19,2974
9.2,2971
9.21,2969
9.22,2969
9.23,2967
9.24,2966
9.25,2963
9.26,2962
9.27,2959
9.28,2957
9.29,2956
9.3,2954
9.31,2953
9.32,2952
9.33,2949
9.34,2948
9.35,2946
9.36,2945
9.37,2943
9.38,2942
9.39,2940
9.4,2938
9.41,2936
9.42,2934
9.43,2933
9.44,2930
9.45,2927
9.46,2925
9.47,2923
9.48,2922
9.49,2919
9.5,2918
9.51,2915
9.52,2913
9.53,2911
9.54,2908
9.55,2907
9.56,2906
9.57,2904
9.58,2902
9.59,2900
9.6,2898
9.61,2896
9.62,2894
9.63,2892
9.64,2891
9.65,2890
9.66,2888
9.67,2887
9.68,2885
9.69,2883
9.7,2881
9.71,2880
9.72,2879
9.73,2877
9.74,2875
9.75,2874
9.76,2872
9.77,2870
9.78,2868
9.79,2867
9.8,2865
9.81,2863
9.82,2861
9.83,2859
9.84,2857
9.85,2855
9.86,2852
9.87,2851
9.88,2850
9.89,2848
9.9,2846
9.91,2844
9.92,2843
9.93,2842
9.94,2841
9.95,2839
9.96,2838
9.97,2837
9.98,2836
9.99,2834
10.0,2833
10.01,2831
10.02,2830
10.03,2829
10.04,2828
10.05,2826
10.06,2824
10.07,2822
10.08,2820
10.09,2818
10.1,2817
10.11,2815
10.12,2814
10.13,2812
10.14,2812
10.15,2809
10.16,2807
10.17,2806
10.18,2804
10.19,2802
10.2,2801
10.21,2799
10.22,2798
10.23,2796
10.24,2794
10.25,2792
10.26,2790
10.27,2789
10.28,2787
10.29,2786
10.3,2784
10.31,2783
10.32,2781
10.33,2779
10.34,2778
10.35,2776
10.36,2774
10.37,2772
10.38,2771
10.39,2770
10.4,2768
10.41,2766
10.42,2764
10.43,2763
10.44,2761
10.45,2760
10.46,2758
10.47,2756
10.48,2755
10.49,2754
10.5,2752
10.51,2750
10.52,2748
10.53,2746
10.54,2744
10.55,2742
10.56,2741
10.57,2739
10.58,2737
10.59,2737
10.6,2736
10.61,2736
10.62,2735
10.64,2734
10.65,2733
10.66,2731
10.67,2730
10.68,2728
10.69,2728
10.7,2726
10.71,2725
10.72,2724
10.74,2723
10.75,2722
10.76,2720
10.77,2720
10.78,2719
10.79,2718
10.8,2717
10.81,2716
10.82,2715
10.83,2715
10.84,2715
10.85,2714
10.86,2712
10.87,2712
10.88,2711
10.89,2710
10.9,2709
10.92,2707
10.93,2706
10.94,2705
10.95,2704
10.96,2704
10.97,2703
10.98,2701
10.99,2701
11.0,2700
11.01,2699
11.02,2699
11.03,2698
11.04,2697
11.05,2697
11.06,2697
11.07,2697
11.09,2696
11.1,2696
11.11,2695
11.12,2694
11.13,2694
11.14,2693
11.15,2692
11.16,2692
11.18,2691
11.19,2689
11.2,2688
11.21,2688
11.22,2688
11.23,2687
11.24,2686
11.25,2684
11.27,2682
11.28,2682
11.29,2681
11.3,2680
11.32,2679
11.33,2679
11.34,2678
11.35,2677
11.36,2675
11.38,2674
11.39,2673
11.4,2672
11.41,2671
11.42,2670
11.44,2668
11.46,2667
11.47,2667
11.48,2667
11.49,2666
11.5,2664
11.51,2663
11.52,2662
11.53,2660
11.54,2660
11.55,2658
11.56,2657
11.59,2656
11.6,2656
11.61,2655
11.63,2654
11.64,2653
11.65,2652
11.66,2651
11.67,2651
11.69,2650
11.7,2649
11.71,2648
11.72,2647
11.73,2646
11.74,2644
11.75,2642
11.76,2641
11.77,2640
11.78,2640
11.79,2638
11.8,2638
11.81,2638
11.82,2636
11.83,2636
11.84,2636
11.85,2635
11.86,2635
11.87,2634
11.88,2633
11.89,2632
11.9,2630
11.91,2630
11.92,2629
11.93,2629
11.94,2628
11.95,2627
11.96,2627
11.97,2626
11.98,2626
11.99,2625
12.0,2624
12.01,2624
12.02,2623
12.03,2623
12.04,2622
12.05,2621
12.06,2620
12.07,2620
12.08,2619
12.09,2619
12.1,2618
12.11,2616
12.12,2615
12.13,2613
12.14,2612
12.15,2610
12.16,2609
12.17,2609
12.18,2608
12.19,2606
12.2,2605
12.21,2603
12.22,2602
12.23,2601
12.24,2600
12.25,2599
12.26,2598
12.27,2598
12.28,2595
12.29,2593
12.3,2591
12.31,2590
12.32,2588
12.33,2586
12.34,2585
12.35,2584
12.36,2582
12.37,2581
12.38,2579
12.39,2579
12.4,2577
12.41,2576
12.42,2573
12.43,2572
12.44,2570
12.45,2569
12.46,2566
12.47,2566
12.48,2564
12.49,2563
12.5,2561
12.51,2561
12.52,2561
12.53,2559
12.54,2558
12.55,2556
12.56,2553
12.57,2553
12.58,2552
12.59,2550
12.6,2549
12.61,2547
12.62,2547
12.63,2545
12.64,2544
12.65,2542
12.66,2541
12.67,2540
12.68,2540
12.69,2539
12.7,2539
12.71,2538
12.72,2537
12.73,2537
12.74,2537
12.75,2536
12.76,2536
12.77,2535
12.78,2534
12.79,2532
12.8,2532
12.81,2531
12.82,2530
12.83,2528
12.84,2528
12.85,2527
12.86,2527
12.87,2526
12.88,2524
12.89,2523
12.9,2522
12.91,2521
12.92,2520
12.93,2520
12.94,2520
12.95,2518
12.96,2518
12.97,2517
12.98,2516
12.99,2514
13.0,2513
13.01,2511
13.02,2510
13.03,2510
13.04,2510
13.05,2510
13.06,2510
13.07,2508
13.08,2507
13.09,2507
13.1,2506
13.11,2506
13.12,2503
13.13,2503
13.14,2502
13.15,2500
13.16,2499
13.17,2498
13.18,2496
13.19,2495
13.2,2494
13.21,2493
13.22,2492
13.23,2491
13.24,2491
13.25,2488
13.26,2487
13.27,2486
13.28,2484
13.29,2484
13.3,2482
13.31,2481
13.32,2480
13.33,2478
13.34,2476
13.35,2475
13.36,2473
13.37,2472
13.38,2470
13.39,2468
13.4,2467
13.41,2467
13.42,2466
13.43,2466
13.44,2465
13.45,2464
13.46,2463
13.47,2462
13.48,2462
13.49,2462
13.5,2460
13.51,2458
13.52,2457
13.53,2457
13.54,2456
13.55,2455
13.56,2454
13.57,2452
13.58,2450
13.59,2448
13.6,2447
13.61,2446
13.62,2445
13.63,2443
13.64,2443
13.65,2441
13.66,2440
13.67,2438
13.68,2437
13.69,2436
13.7,2435
13.71,2435
13.72,2435
13.73,2433
13.74,2433
13.75,2432
13.76,2431
13.77,2429
13.78,2429
13.79,2428
13.8,2426
13.81,2424
13.82,2423
13.83,2423
13.84,2423
13.85,2421
13.86,2420
13.87,2419
13.88,2419
13.89,2417
13.9,2416
13.91,2415
13.92,2414
13.93,2412
13.94,2411
13.95,2409
13.96,2408
13.97,2406
13.98,2405
13.99,2403
14.0,2403
14.01,2403
14.02,2402
14.03,2401
14.04,2400
14.05,2399
14.06,2399
14.07,2397
14.08,2397
14.09,2396
14.1,2394
14.11,2392
14.12,2391
14.13,2391
14.14,2389
14.15,2387
14.16,2386
14.17,2386
14.18,2386
14.19,2385
14.2,2385
14.21,2384
14.22,2384
14.23,2383
14.24,2382
14.25,2382
14.26,2381
14.27,2380
14.28,2380
14.29,2380
14.3,2378
14.31,2377
14.32,2376
14.33,2374
14.34,2372
14.35,2372
14.36,2371
14.37,2370
14.38,2369
14.39,2368
14.4,2366
14.41,2366
14.42,2365
14.43,2364
14.44,2364
14.45,2363
14.46,2362
14.47,2361
14.48,2360
14.49,2359
14.5,2359
14.51,2359
14.52,2359
14.53,2359
14.54,2358
14.55,2356
14.56,2354
14.57,2353
14.58,2353
14.59,2353
14.6,2352
14.61,2351
14.62,2349
14.63,2348
14.64,2348
14.65,2348
14.66,2348
14.67,2348
14.68,2347
14.69,2347
14.7,2347
14.71,2346
14.72,2346
14.73,2345
14.74,2344
14.75,2342
14.76,2342
14.77,2342
14.78,2340
14.79,2339
14.8,2338
14.81,2338
14.82,2338
14.83,2338
14.84,2337
14.85,2337
14.86,2337
14.87,2336
14.88,2336
14.89,2336
14.9,2335
14.91,2334
14.92,2334
14.93,2334
14.94,2334
14.95,2333
14.96,2333
14.97,2332
14.98,2332
14.99,2332
15.0,2331
15.01,2331
15.02,2329
15.03,2328
15.04,2328
15.05,2327
15.06,2326
15.07,2326
15.08,2326
15.09,2326
15.1,2325
15.11,2324
15.12,2323
15.13,2323
15.14,2323
15.15,2323
15.16,2323
15.17,2323
15.18,2322
15.19,2321
15.2,2321
15.21,2321
15.22,2321
15.23,2321
15.24,2320
15.25,2320
15.26,2320
15.27,2320
15.28,2320
15.29,2318
15.3,2318
15.31,2317
15.32,2316
15.33,2316
15.34,2315
15.35,2315
15.36,2315
15.37,2315
15.38,2315
15.39,2314
15.4,2314
15.41,2313
15.42,2313
15.43,2312
15.44,2311
15.45,2311
15.46,2311
15.47,2311
15.48,2310
15.49,2310
15.5,2310
15.51,2310
15.52,2309
15.53,2308
15.54,2308
15.55,2307
15.56,2306
15.57,2306
15.58,2305
15.59,2304
15.6,2304
15.61,2304
15.62,2304
15.63,2303
15.64,2303
15.65,2303
15.66,2302
15.67,2302
15.68,2302
15.69,2301
15.7,2301
15.71,2301
15.72,2301
15.73,2301
15.74,2301
15.75,2301
15.76,2300
15.77,2299
15.78,2299
15.79,2299
15.8,2299
15.81,2298
15.82,2298
15.83,2298
15.84,2297
15.85,2297
15.86,2297
15.87,2297
15.88,2297
15.89,2296
15.9,2295
15.91,2294
15.92,2294
15.93,2294
15.94,2294
15.95,2294
15.96,2294
15.97,2294
15.98,2294
15.99,2294
16.0,2294
16.01,2294
16.02,2293
16.03,2292
16.04,2292
16.05,2292
16.06,2292
16.07,2292
16.08,2292
16.09,2292
16.1,2292
16.11,2292
16.12,2292
16.13,2292
16.14,2291
16.15,2291
16.16,2291
16.17,2291
16.18,2291
16.19,2291
16.2,2291
16.21,2291
16.22,2291
16.23,2290
16.24,2290
16.25,2289
16.26,2288
16.27,2288
16.28,2287
16.29,2286
16.3,2285
16.31,2285
16.32,2285
16.33,2285
16.34,2285
16.35,2285
16.36,2285
16.37,2285
16.38,2285
16.39,2285
16.4,2285
16.41,2284
16.42,2284
16.43,2284
16.44,2284
16.45,2284
16.46,2284
16.47,2284
16.48,2283
16.49,2283
16.5,2283
16.51,2283
16.52,2283
16.53,2283
16.54,2283
16.55,2283
16.56,2283
16.57,2283
16.58,2283
16.59,2283
16.6,2283
16.61,2283
16.62,2283
16.63,2283
16.64,2283
16.65,2283
16.66,2283
16.67,2283
16.68,2282
16.69,2282
16.7,2281
16.71,2280
16.72,2280
16.73,2280
16.74,2280
16.75,2280
16.76,2280
16.77,2280
16.78,2280
16.79,2280
16.8,2280
16.81,2280
16.82,2280
16.83,2279
16.84,2279
16.85,2279
16.86,2279
16.87,2278
16.88,2278
16.89,2278
16.9,2278
16.91,2278
16.92,2278
16.93,2278
16.94,2278
16.95,2278
