0.0,4940
0.01,4936
0.02,4932
0.03,4928
0.04,4924
0.05,4919
0.06,4915
0.07,4911
0.08,4907
0.09,4902
0.1,4898
0.11,4894
0.12,4890
0.13,4885
0.14,4881
0.15,4877
0.16,4873
0.17,4868
0.18,4864
0.19,4860
0.2,4856
0.21,4851
0.22,4847
0.23,4843
0.24,4839
0.25,4834
0.26,4830
0.27,4826
0.28,4822
0.29,4817
0.3,4813
0.31,4809
0.32,4805
0.33,4800
0.34,4796
0.35,4792
0.36,4788
0.37,4783
0.38,4779
0.39,4775
0.4,4771
0.41,4766
0.42,4762
0.43,4758
0.44,4754
0.45,4749
0.46,4745
0.47,4741
0.48,4737
0.49,4733
0.5,4728
0.51,4724
0.52,4720
0.53,4716
0.54,4711
0.55,4707
0.56,4703
0.57,4699
0.58,4694
0.59,4690
0.6,4686
0.61,4682
0.62,4677
0.63,4673
0.64,4669
0.65,4665
0.66,4660
0.67,4656
0.68,4652
0.69,4648
0.7,4643
0.71,4639
0.72,4635
0.73,4631
0.74,4626
0.75,4622
0.76,4618
0.77,4614
0.78,4610
0.79,4605
0.8,4601
0.81,4597
0.82,4593
0.83,4588
0.84,4584
0.85,4580
0.86,4576
0.87,4571
0.88,4567
0.89,4563
0.9,4559
0.91,4554
0.92,4550
0.93,4546
0.94,4542
0.95,4538
0.96,4536
0.97,4532
0.98,4528
0.99,4523
1.0,4519
1.01,4515
1.02,4510
1.03,4506
1.04,4502
1.05,4497
1.06,4493
1.07,4489
1.08,4484
1.09,4480
1.1,4476
1.11,4471
1.12,4467
1.13,4463
1.14,4458
1.15,4454
1.16,4450
1.17,4445
1.18,4441
1.19,4437
1.2,4432
1.21,4428
1.22,4424
1.23,4419
1.24,4415
1.25,4411
1.26,4407
1.27,4402
1.28,4398
1.29,4394
1.3,4389
1.31,4385
1.32,4381
1.33,4376
1.34,4372
1.35,4368
1.36,4364
1.37,4359
1.38,4355
1.39,4351
1.4,4346
1.41,4342
1.42,4338
1.43,4333
1.44,4329
1.45,4325
1.46,4320
1.47,4316
1.48,4312
1.49,4308
1.5,4303
1.51,4299
1.52,4295
1.53,4290
1.54,4286
1.55,4282
1.56,4277
1.57,4273
1.58,4269
1.59,4264
1.6,4260
1.61,4256
1.62,4251
1.63,4247
1.64,4243
1.65,4238
1.66,4234
1.67,4230
1.68,4225
1.69,4221
1.7,4217
1.71,4212
1.72,4208
1.73,4204
1.74,4199
1.75,4195
1.76,4191
1.77,4187
1.78,4182
1.79,4178
1.8,4174
1.81,4169
1.82,4165
1.83,4161
1.84,4156
1.85,4152
1.86,4148
1.87,4143
1.88,4139
1.89,4135
1.9,4131
1.91,4126
1.92,4122
1.93,4118
1.94,4113
1.95,4109
1.96,4105
1.97,4101
1.98,4096
1.99,4092
2.0,4088
2.01,4083
2.02,4079
2.03,4075
2.04,4070
2.05,4066
2.06,4062
2.07,4058
2.08,4053
2.09,4049
2.1,4045
2.11,4040
2.12,4036
2.13,4032
2.14,4028
2.15,4023
2.16,4019
2.17,4015
2.18,4010
2.19,4006
2.2,4002
2.21,3997
2.22,3993
2.23,3989
2.24,3984
2.25,3980
2.26,3976
2.27,3971
2.28,3967
2.29,3963
2.3,3958
2.31,3954
2.32,3950
2.33,3945
2.34,3941
2.35,3937
2.36,3932
2.37,3928
2.38,3924
2.39,3919
2.4,3915
2.41,3911
2.42,3906
2.43,3902
2.44,3898
2.45,3894
2.46,3889
2.47,3885
2.48,3881
2.49,3876
2.5,3872
2.51,3868
2.52,3864
2.53,3859
2.54,3855
2.55,3851
2.56,3846
2.57,3842
2.58,3838
2.59,3834
2.6,3829
2.61,3825
2.62,3821
2.63,3816
2.64,3812
2.65,3808
2.66,3804
2.67,3799
2.68,3795
2.69,3791
2.7,3786
2.71,3782
2.72,3778
2.73,3773
2.74,3769
2.75,3765
2.76,3761
2.77,3756
2.78,3752
2.79,3748
2.8,3743
2.81,3739
2.82,3735
2.83,3730
2.84,3726
2.85,3722
2.86,3717
2.87,3715
2.88,3712
2.89,3708
2.9,3704
2.91,3700
2.92,3696
2.93,3691
2.94,3687
2.95,3683
2.96,3679
2.97,3675
2.98,3672
2.99,3667
3.0,3663
3.01,3659
3.02,3654
3.03,3651
3.04,3647
3.05,3643
3.06,3638
3.07,3635
3.08,3632
3.09,3627
3.1,3623
3.11,3619
3.12,3614
3.13,3611
3.14,3607
3.15,3603
3.16,3600
3.17,3596
3.18,3593
3.19,3588
3.2,3584
3.21,3581
3.22,3576
3.23,3574
3.24,3570
3.25,3567
3.26,3564
3.27,3560
3.28,3557
3.29,3553
3.3,3549
3.31,3546
3.32,3542
3.33,3538
3.34,3534
3.35,3531
3.36,3528
3.37,3524
3.38,3520
3.39,3516
3.4,3512
3.41,3509
3.42,3505
3.43,3501
3.44,3497
3.45,3493
3.46,3489
3.47,3485
3.48,3481
3.49,3477
3.5,3473
3.51,3469
3.52,3467
3.53,3464
3.54,3460
3.55,3457
3.56,3452
3.57,3448
3.58,3444
3.59,3443
3.6,3438
3.61,3434
3.62,3430
3.63,3426
3.64,3423
3.65,3421
3.66,3417
3.67,3413
3.68,3410
3.69,3406
3.7,3402
3.71,3399
3.72,3397
3.73,3393
3.74,3389
3.75,3386
3.76,3382
3.77,3379
3.78,3376
3.79,3373
3.8,3370
3.81,3368
3.82,3364
3.83,3362
3.84,3359
3.85,3355
3.86,3353
3.87,3349
3.88,3346
3.89,3342
3.9,3340
3.91,3338
3.92,3335
3.93,3331
3.94,3331
3.95,3327
3.96,3323
3.97,3319
3.98,3316
3.99,3313
4.0,3309
4.01,3306
4.02,3303
4.03,3299
4.04,3295
4.05,3292
4.06,3288
4.07,3286
4.08,3284
4.09,3281
4.1,3277
4.11,3272
4.12,3270
4.13,3268
4.14,3266
4.15,3263
4.16,3260
4.17,3256
4.18,3253
4.19,3249
4.2,3247
4.21,3245
4.22,3240
4.23,3237
4.24,3235
4.25,3232
4.26,3230
4.27,3226
4.28,3224
4.29,3221
4.3,3219
4.31,3216
4.32,3213
4.33,3210
4.34,3208
4.35,3206
4.36,3202
4.37,3199
4.38,3194
4.39,3191
4.4,3188
4.41,3184
4.42,3179
4.43,3176
4.44,3173
4.45,3172
4.46,3168
4.47,3164
4.48,3160
4.49,3157
4.5,3154
4.51,3151
4.52,3148
4.53,3145
4.54,3142
4.55,3140
4.56,3138
4.57,3136
4.58,3133
4.59,3130
4.6,3128
4.61,3125
4.62,3123
4.63,3118
4.64,3115
4.65,3112
4.66,3110
4.67,3107
4.68,3105
4.69,3102
4.7,3099
4.71,3094
4.72,3090
4.73,3088
4.74,3086
4.75,3083
4.76,3080
4.77,3077
4.78,3074
4.79,3072
4.8,3068
4.81,3066
4.82,3064
4.83,3062
4.84,3060
4.85,3058
4.86,3054
4.87,3051
4.88,3047
4.89,3043
4.9,3040
4.91,3039
4.92,3037
4.93,3033
4.94,3030
4.95,3030
4.96,3026
4.97,3023
4.98,3020
4.99,3017
5.0,3014
5.01,3013
5.02,3010
5.03,3006
5.04,3004
5.05,3000
5.06,2999
5.07,2997
5.08,2995
5.09,2993
5.1,2989
5.11,2985
5.12,2982
5.13,2979
5.14,2975
5.15,2973
5.16,2970
5.17,2967
5.18,2966
5.19,2964
5.2,2962
5.21,2959
5.22,2955
5.23,2953
5.24,2950
5.25,2948
5.26,2946
5.27,2943
5.28,2942
5.29,2940
5.3,2937
5.31,2933
5.32,2930
5.33,2929
5.34,2925
5.35,2924
5.36,2921
5.37,2917
5.38,2916
5.39,2912
5.4,2910
5.41,2905
5.42,2903
5.43,2900
5.44,2896
5.45,2892
5.46,2891
5.47,2889
5.48,2887
5.49,2885
5.5,2882
5.51,2881
5.52,2879
5.53,2878
5.54,2877
5.55,2874
5.56,2872
5.57,2870
5.58,2868
5.59,2866
5.6,2865
5.61,2863
5.62,2859
5.63,2857
5.64,2855
5.65,2852
5.66,2850
5.67,2847
5.68,2844
5.69,2842
5.7,2840
5.71,2838
5.72,2835
5.73,2834
5.74,2831
5.75,2830
5.76,2829
5.77,2827
5.78,2824
5.79,2820
5.8,2818
5.81,2816
5.82,2815
5.83,2814
5.84,2812
5.85,2810
5.86,2808
5.87,2804
5.88,2801
5.89,2797
5.9,2795
5.91,2793
5.92,2793
5.93,2790
5.94,2786
5.95,2783
5.96,2783
5.97,2780
5.98,2777
5.99,2775
6.0,2771
6.01,2769
6.02,2768
6.03,2767
6.04,2765
6.05,2762
6.06,2759
6.07,2757
6.08,2756
6.09,2755
6.1,2752
6.11,2749
6.12,2747
6.13,2744
6.14,2743
6.15,2742
6.16,2741
6.17,2740
6.18,2738
6.19,2735
6.2,2731
6.21,2728
6.22,2725
6.23,2722
6.24,2719
6.25,2717
6.26,2714
6.27,2712
6.28,2710
6.29,2709
6.3,2704
6.31,2701
6.32,2698
6.33,2695
6.34,2693
6.35,2692
6.36,2690
6.37,2689
6.38,2688
6.39,2686
6.4,2686
6.41,2683
6.42,2680
6.43,2679
6.44,2675
6.45,2673
6.46,2672
6.47,2670
6.48,2667
6.49,2666
6.5,2663
6.51,2661
6.52,2659
6.53,2656
6.54,2653
6.55,2652
6.56,2649
6.57,2647
6.58,2646
6.59,2645
6.6,2642
6.61,2640
6.62,2640
6.63,2639
6.64,2637
6.65,2634
6.66,2631
6.67,2629
6.68,2628
6.69,2626
6.7,2622
6.71,2620
6.72,2619
6.73,2617
6.74,2614
6.75,2611
6.76,2607
6.77,2604
6.78,2602
6.79,2601
6.8,2600
6.81,2599
6.82,2597
6.83,2597
6.84,2596
6.85,2595
6.86,2593
6.87,2593
6.88,2592
6.89,2592
6.9,2591
6.91,2589
6.92,2587
6.93,2583
6.94,2583
6.95,2582
6.96,2580
6.97,2579
6.98,2578
6.99,2577
7.0,2575
7.01,2574
7.02,2570
7.03,2569
7.04,2569
7.05,2568
7.06,2567
7.07,2566
7.08,2564
7.09,2564
7.1,2564
7.11,2564
7.12,2564
7.13,2562
7.14,2562
7.15,2562
7.16,2562
7.17,2560
7.18,2560
7.19,2560
7.2,2558
7.21,2558
7.22,2557
7.23,2556
7.24,2556
7.25,2555
7.26,2553
7.27,2552
7.28,2551
7.29,2550
7.3,2549
7.31,2549
7.32,2547
7.33,2546
7.34,2544
7.35,2541
7.36,2540
7.37,2539
7.38,2538
7.39,2538
7.4,2537
7.41,2537
7.42,2536
7.43,2535
7.44,2534
7.45,2534
7.46,2533
7.47,2530
7.48,2528
7.49,2527
7.5,2526
7.51,2524
7.52,2523
7.53,2521
7.54,2520
7.55,2518
7.56,2518
7.57,2517
7.58,2515
7.59,2513
7.6,2513
7.61,2511
7.62,2509
7.63,2509
7.64,2508
7.65,2507
7.66,2505
7.67,2504
7.68,2503
7.69,2503
7.7,2502
7.71,2501
7.72,2500
7.73,2498
7.74,2497
7.75,2496
7.76,2494
7.77,2493
7.78,2491
7.79,2491
7.8,2491
7.81,2490
7.82,2490
7.83,2490
7.84,2488
7.85,2487
7.86,2485
7.87,2485
7.88,2484
7.89,2483
7.9,2481
7.91,2481
7.92,2477
7.93,2477
7.94,2477
7.95,2476
7.96,2474
7.97,2473
7.98,2471
7.99,2469
8.0,2468
8.01,2467
8.02,2466
8.03,2466
8.04,2465
8.05,2463
8.06,2462
8.07,2460
8.08,2459
8.09,2459
8.1,2457
8.11,2457
8.12,2457
8.13,2454
8.14,2451
8.15,2449
8.16,2447
8.17,2444
8.18,2441
8.19,2439
8.2,2436
8.21,2435
8.22,2435
8.23,2433
8.24,2433
8.25,2432
8.26,2432
8.27,2430
8.28,2429
8.29,2428
8.3,2427
8.31,2426
8.32,2425
8.33,2425
8.34,2423
8.35,2421
8.36,2420
8.37,2420
8.38,2419
8.39,2417
8.4,2416
8.41,2415
8.42,2413
8.43,2413
8.44,2413
8.45,2412
8.46,2410
8.47,2408
8.48,2407
8.49,2406
8.5,2405
8.51,2403
8.52,2403
8.53,2403
8.54,2402
8.55,2402
8.56,2402
8.57,2402
8.58,2400
8.59,2400
8.6,2398
8.61,2397
8.62,2396
8.63,2395
8.64,2394
8.65,2394
8.66,2393
8.67,2392
8.68,2390
8.69,2390
8.7,2389
8.71,2387
8.72,2385
8.73,2384
8.74,2384
8.75,2383
8.76,2381
8.77,2381
8.78,2380
8.79,2379
8.8,2378
8.81,2378
8.82,2376
8.83,2374
8.84,2373
8.85,2370
8.86,2369
8.87,2369
8.88,2368
8.89,2367
8.9,2365
8.91,2363
8.92,2361
8.93,2360
8.94,2359
8.95,2357
8.96,2357
8.97,2356
8.98,2356
8.99,2354
9.0,2353
9.01,2351
9.02,2350
9.03,2350
9.04,2350
9.05,2348
9.06,2346
9.07,2346
9.08,2346
9.09,2345
9.1,2345
9.11,2344
9.12,2343
9.13,2343
9.14,2342
9.15,2342
9.16,2342
9.17,2341
9.18,2341
9.19,2340
9.2,2340
9.21,2340
9.22,2340
9.23,2340
9.24,2340
9.25,2338
9.26,2338
9.27,2338
9.28,2338
9.29,2337
9.3,2337
9.31,2337
9.32,2337
9.33,2336
9.34,2336
9.35,2335
9.36,2334
9.37,2334
9.38,2333
9.39,2333
9.4,2333
9.41,2333
9.42,2333
9.43,2332
9.44,2332
9.45,2331
9.46,2330
9.47,2328
9.48,2328
9.49,2328
9.5,2328
9.51,2328
9.52,2328
9.53,2328
9.54,2327
9.55,2327
9.56,2327
9.57,2327
9.58,2327
9.59,2327
9.6,2326
9.61,2326
9.62,2323
9.63,2321
9.64,2320
9.65,2320
9.66,2319
9.67,2319
9.68,2318
9.69,2318
9.7,2317
9.71,2317
9.72,2317
9.73,2317
9.74,2317
9.75,2317
9.76,2317
9.77,2317
9.78,2317
9.79,2316
9.8,2315
9.81,2315
9.82,2315
9.83,2315
9.84,2315
9.85,2314
9.86,2314
9.87,2314
9.88,2313
9.89,2311
9.9,2311
9.91,2310
9.92,2310
9.93,2310
9.94,2310
9.95,2309
9.96,2309
9.97,2307
9.98,2307
9.99,2307
10.0,2305
10.01,2305
10.02,2305
10.03,2305
10.04,2305
10.05,2305
10.06,2305
10.07,2305
10.08,2304
10.09,2303
10.1,2302
10.11,2302
10.12,2302
10.13,2302
10.14,2302
10.15,2302
10.16,2302
10.17,2302
10.18,2302
10.19,2302
10.2,2302
10.21,2302
10.22,2301
10.23,2301
10.24,2301
10.25,2301
10.26,2301
10.27,2301
10.28,2301
10.29,2301
10.3,2301
10.31,2301
10.32,2301
10.33,2300
10.34,2300
10.35,2300
10.36,2299
10.37,2299
10.38,2299
10.39,2298
10.4,2298
10.41,2298
10.42,2298
10.43,2298
10.44,2298
10.45,2298
10.46,2298
10.47,2298
10.48,2298
10.49,2298
10.5,2298
10.51,2296
10.52,2296
10.53,2296
10.54,2296
10.55,2295
10.56,2295
10.57,2293
10.58,2293
10.59,2293
10.6,2293
10.61,2293
10.62,2292
10.63,2292
10.64,2292
10.65,2291
10.66,2290
10.67,2289
10.68,2289
10.69,2288
10.7,2288
10.71,2288
10.72,2288
10.73,2288
10.74,2288
10.75,2288
10.76,2287
10.77,2287
10.78,2287
10.79,2286
10.8,2286
10.81,2286
10.82,2285
10.83,2285
10.84,2285
10.85,2285
10.86,2285
10.87,2285
10.88,2284
10.89,2284
10.9,2284
10.91,2284
10.92,2284
10.93,2284
10.94,2284
10.95,2284
10.96,2284
10.97,2284
10.98,2284
10.99,2284
11.0,2284
11.01,2284
11.02,2284
11.03,2284
11.04,2284
11.05,2284
11.06,2284
11.07,2284
11.08,2283
11.09,2283
11.1,2283
11.11,2283
11.12,2283
11.13,2283
11.14,2283
11.15,2283
11.16,2282
11.17,2282
11.18,2282
11.19,2282
11.2,2282
11.21,2282
11.22,2282
11.23,2282
11.24,2281
11.25,2281
11.26,2281
11.27,2281
11.28,2281
11.29,2281
11.3,2281
11.31,2281
11.32,2281
11.33,2281
