0.0,4
0.01,9
0.02,11
0.03,14
0.04,19
0.05,22
0.06,25
0.07,26
0.08,28
0.09,30
0.1,32
0.11,34
0.12,31
0.13,40
0.14,44
0.15,46
0.16,48
0.17,51
0.18,58
0.19,60
0.2,68
0.21,74
0.22,77
0.23,80
0.24,86
0.25,92
0.26,95
0.27,101
0.28,98
0.29,104
0.3,109
0.31,114
0.32,116
0.33,121
0.34,125
0.35,130
0.36,137
0.37,138
0.38,139
0.39,145
0.4,150
0.41,159
0.42,158
0.43,157
0.44,160
0.45,164
0.46,172
0.47,168
0.48,172
0.49,173
0.5,177
0.51,182
0.52,188
0.53,192
0.54,193
0.55,202
0.56,206
0.57,207
0.58,210
0.59,210
0.6,214
0.61,214
0.62,218
0.63,219
0.64,223
0.65,224
0.66,228
0.67,235
0.68,240
0.69,239
0.7,244
0.71,248
0.72,253
0.73,251
0.74,260
0.75,265
0.76,271
0.77,274
0.78,279
0.79,284
0.8,287
0.81,286
0.82,288
0.83,292
0.84,297
0.85,300
0.86,303
0.87,308
0.88,311
0.89,315
0.9,319
0.91,324
0.92,329
0.93,334
0.94,340
0.95,346
0.96,352
0.97,357
0.98,361
0.99,366
1.0,372
1.01,377
1.02,381
1.03,386
1.04,390
1.05,395
1.06,399
1.07,404
1.08,409
1.09,419
1.1,272
1.11,226
1.12,282
1.13,344
1.14,80
1.15,299
1.16,448
1.17,451
1.18,456
1.19,459
1.2,464
1.21,470
1.22,474
1.23,479
1.24,483
1.25,487
1.26,491
1.27,496
1.28,502
1.29,506
1.3,511
1.31,514
1.32,518
1.33,530
1.34,531
1.35,536
1.36,537
1.37,544
1.38,541
1.39,374
1.4,491
1.41,322
1.42,569
1.43,573
1.44,573
1.45,577
1.46,581
1.47,579
1.48,583
1.49,587
1.5,586
1.51,598
1.52,599
1.53,602
1.54,610
1.55,612
1.56,613
1.57,626
1.58,621
1.59,624
1.6,630
1.61,631
1.62,649
1.63,645
1.64,646
1.65,654
1.66,658
1.67,60
1.68,661
1.69,663
1.7,668
1.71,431
1.72,412
1.73,683
1.74,689
1.75,704
1.76,697
1.77,701
1.78,707
1.79,719
1.8,714
1.81,733
1.82,734
1.83,738
1.84,740
1.85,742
1.86,747
1.87,751
1.88,752
1.89,755
1.9,756
1.91,762
1.92,762
1.93,313
1.94,136
1.95,100
1.96,798
1.97,804
1.98,801
1.99,806
2.0,812
2.01,816
2.02,821
2.03,821
2.04,16
2.05,666
2.06,836
2.07,843
2.08,849
2.09,850
2.1,854
2.11,858
2.12,856
2.13,751
2.14,64
2.15,876
2.16,872
2.17,882
2.18,877
2.19,886
2.2,886
2.21,374
2.22,899
2.23,203
2.24,901
2.25,801
2.26,909
2.27,917
2.28,918
2.29,807
2.3,512
2.31,941
2.32,929
2.33,933
2.34,941
2.35,945
2.36,957
2.37,953
2.38,728
2.39,957
2.4,203
2.41,962
2.42,969
2.43,963
2.44,969
2.45,945
2.46,984
2.47,972
2.48,983
2.49,984
2.5,406
2.51,981
2.52,990
2.53,984
2.54,1001
2.55,1010
2.56,997
2.57,1009
2.58,379
2.59,1007
2.6,1014
2.61,1020
2.62,714
2.63,1017
2.64,1025
2.65,55
2.66,1008
2.67,1025
2.68,1031
2.69,1043
2.7,795
2.71,1033
2.72,1042
2.73,207
2.74,1039
2.75,1048
2.76,1060
2.77,1027
2.78,1055
2.79,1058
2.8,234
2.81,1055
2.82,1064
2.83,1069
2.84,389
2.85,1054
2.86,1072
2.87,1077
2.88,454
2.89,1072
2.9,1080
2.91,1086
2.92,1079
2.93,874
2.94,450
2.95,1111
2.96,1117
2.97,1113
2.98,845
2.99,1115
3.0,1132
3.01,1126
3.02,87
3.03,1134
3.04,1128
3.05,1132
3.06,1158
3.07,1154
3.08,1158
3.09,1162
3.1,339
3.11,527
3.12,81
3.13,1183
3.14,1183
3.15,1186
3.16,1190
3.17,563
3.18,1182
3.19,1199
3.2,773
3.21,1211
3.22,1221
3.23,1218
3.24,1223
3.25,669
3.26,1228
3.27,1233
3.28,1247
3.29,1110
3.3,1146
3.31,806
3.32,1257
3.33,1267
3.34,1262
3.35,1263
3.36,1264
3.37,1242
3.38,1178
3.39,870
3.4,1300
3.41,1306
3.42,1302
3.43,1306
3.44,1309
3.45,1314
3.46,1318
3.47,1324
3.48,1331
3.49,1334
3.5,1338
3.51,1333
3.52,1328
3.53,821
3.54,273
3.55,420
3.56,1367
3.57,1364
3.58,1363
3.59,1209
3.6,736
3.61,607
3.62,289
3.63,42
3.64,1416
3.65,1414
3.66,1418
3.67,1421
3.68,1264
3.69,965
3.7,407
3.71,54
3.72,1455
3.73,1455
3.74,1456
3.75,1454
3.76,1364
3.77,912
3.78,1471
3.79,1481
3.8,19
3.81,726
3.82,1492
3.83,1490
3.84,1346
3.85,691
3.86,1503
3.87,183
3.88,72
3.89,1531
3.9,1532
3.91,1537
3.92,835
3.93,525
3.94,56
3.95,1555
3.96,1565
3.97,1569
3.98,1542
3.99,1471
4.0,1588
4.01,982
4.02,999
4.03,794
4.04,391
4.05,415
4.06,301
4.07,1624
4.08,1629
4.09,1634
4.1,1638
4.11,1644
4.12,1650
4.13,1655
4.14,1658
4.15,1323
4.16,1135
4.17,847
4.18,33
4.19,1698
4.2,1704
4.21,1710
4.22,1709
4.23,1713
4.24,1717
4.25,1723
4.26,1729
4.27,1731
4.28,834
4.29,1755
4.3,1760
4.31,1758
4.32,1749
4.33,1534
4.34,1368
4.35,1779
4.36,247
4.37,1796
4.38,1795
4.39,1801
4.4,1310
4.41,1806
4.42,1811
4.43,1811
4.44,801
4.45,1396
4.46,1839
4.47,1838
4.48,1840
4.49,1666
4.5,1617
4.51,1864
4.52,1862
4.53,1863
4.54,1865
4.55,1592
4.56,985
4.57,72
4.58,1900
4.59,1896
4.6,1899
4.61,1905
4.62,1919
4.63,722
4.64,452
4.65,1935
4.66,1935
4.67,1937
4.68,1943
4.69,1944
4.7,1741
4.71,1342
4.72,905
4.73,1978
4.74,1977
4.75,1980
4.76,1376
4.77,1890
4.78,1991
4.79,161
4.8,2010
4.81,2007
4.82,1842
4.83,1430
4.84,820
4.85,2039
4.86,2037
4.87,2039
4.88,1852
4.89,1498
4.9,672
4.91,2070
4.92,2068
4.93,2070
4.94,1900
4.95,1333
4.96,814
4.97,250
4.98,895
4.99,1807
5.0,2016
5.01,1739
5.02,1666
5.03,1167
5.04,515
5.05,419
5.06,173
5.07,2151
5.08,2156
5.09,1356
5.1,2072
5.11,1980
5.12,1410
5.13,1006
5.14,758
5.15,383
5.16,321
5.17,15
5.18,2198
5.19,2201
5.2,2190
5.21,255
5.22,336
5.23,2230
5.24,2228
5.25,2232
5.26,2234
5.27,1991
5.28,2246
5.29,2257
5.3,1040
5.31,1475
5.32,735
5.33,2272
5.34,2266
5.35,614
5.36,448
5.37,1306
5.38,2281
5.39,2279
5.4,970
5.41,169
5.42,2315
5.43,2313
5.44,2314
5.45,2318
5.46,2335
5.47,2329
5.48,2244
5.49,1320
5.5,352
5.51,1342
5.52,2354
5.53,2159
5.54,1567
5.55,788
5.56,318
5.57,2387
5.58,2348
5.59,1661
5.6,828
5.61,301
5.62,2410
5.63,2406
5.64,2404
5.65,2038
5.66,1179
5.67,916
5.68,318
5.69,2443
5.7,2448
5.71,2460
5.72,2454
5.73,2430
5.74,2099
5.75,897
5.76,368
5.77,2481
5.78,2483
5.79,2028
5.8,1566
5.81,925
5.82,187
5.83,2512
5.84,2504
5.85,1875
5.86,531
5.87,2539
5.88,2533
5.89,1771
5.9,241
5.91,870
5.92,408
5.93,1901
5.94,1291
5.95,318
5.96,2569
5.97,1777
5.98,1013
5.99,2496
6.0,2599
6.01,2603
6.02,1661
6.03,2349
6.04,2165
6.05,2622
6.06,437
6.07,76
6.08,2630
6.09,2633
6.1,2636
6.11,2625
6.12,2440
6.13,2655
6.14,659
6.15,2670
6.16,2663
6.17,2047
6.18,1633
6.19,1261
6.2,796
6.21,402
6.22,2695
6.23,2709
6.24,470
6.25,1460
6.26,794
6.27,340
6.28,2724
6.29,2724
6.3,2486
6.31,2016
6.32,2687
6.33,2754
6.34,2753
6.35,2753
6.36,2488
6.37,2084
6.38,692
6.39,2787
6.4,880
6.41,2782
6.42,2064
6.43,1487
6.44,1001
6.45,391
6.46,2807
6.47,1968
6.48,1579
6.49,1046
6.5,273
6.51,2843
6.52,2840
6.53,2073
6.54,1433
6.55,647
6.56,71
6.57,1117
6.58,2590
6.59,2043
6.6,1140
6.61,231
6.62,2894
6.63,1078
6.64,1557
6.65,684
6.66,2917
6.67,2914
6.68,2410
6.69,1776
6.7,1087
6.71,2941
6.72,2927
6.73,2304
6.74,1845
6.75,644
6.76,2965
6.77,2960
6.78,2662
6.79,1037
6.8,200
6.81,2981
6.82,1536
6.83,2210
6.84,1919
6.85,2999
6.86,106
6.87,2971
6.88,1881
6.89,1380
6.9,185
6.91,3028
6.92,2997
6.93,834
6.94,1968
6.95,1416
6.96,244
6.97,497
6.98,3071
6.99,1679
7.0,2301
7.01,1982
7.02,3083
7.03,178
7.04,3091
7.05,3079
7.06,2843
7.07,2491
7.08,2084
7.09,1821
7.1,1125
7.11,636
7.12,34
7.13,3138
7.14,3140
7.15,2687
7.16,1736
7.17,1477
7.18,1001
7.19,248
7.2,607
7.21,3029
7.22,2792
7.23,3184
7.24,745
7.25,476
7.26,3209
7.27,3206
7.28,3030
7.29,2175
7.3,1624
7.31,895
7.32,468
7.33,3086
7.34,2625
7.35,1659
7.36,907
7.37,2223
7.38,2970
7.39,2685
7.4,2165
7.41,1606
7.42,1228
7.43,754
7.44,387
7.45,3294
7.46,2617
7.47,3303
7.48,2252
7.49,568
7.5,1164
7.51,218
7.52,3325
7.53,3181
7.54,2182
7.55,1031
7.56,585
7.57,3357
7.58,3350
7.59,1876
7.6,2443
7.61,3299
7.62,434
7.63,2806
7.64,1176
7.65,1390
7.66,336
7.67,2896
7.68,3387
7.69,3396
7.7,1666
7.71,2005
7.72,2271
7.73,678
7.74,3418
7.75,3401
7.76,800
7.77,1113
7.78,259
7.79,2672
7.8,2965
7.81,1694
7.82,714
7.83,3459
7.84,3181
7.85,2155
7.86,1470
7.87,55
7.88,3304
7.89,2544
7.9,1526
7.91,709
7.92,3500
7.93,3292
7.94,2643
7.95,1688
7.96,303
7.97,812
7.98,1300
7.99,262
8.0,84
8.01,2118
8.02,2926
8.03,1839
8.04,1042
8.05,589
8.06,3558
8.07,2594
8.08,2148
8.09,1675
8.1,718
8.11,274
8.12,3584
8.13,2674
8.14,2201
8.15,3603
8.16,3608
8.17,3259
8.18,2575
8.19,1970
8.2,3121
8.21,284
8.22,3632
8.23,1006
8.24,2627
8.25,2197
8.26,3642
8.27,614
8.28,3658
8.29,2391
8.3,3044
8.31,1952
8.32,23
8.33,3673
8.34,3201
8.35,2664
8.36,1939
8.37,772
8.38,3702
8.39,3389
8.4,2494
8.41,2035
8.42,534
8.43,1
8.44,3726
8.45,3221
8.46,2776
8.47,1932
8.48,1001
8.49,384
8.5,1515
8.51,2689
8.52,3078
8.53,1274
8.54,3788
8.55,3551
8.56,924
8.57,1896
8.58,1304
8.59,483
8.6,3806
8.61,2889
8.62,1695
8.63,574
8.64,3723
8.65,2445
8.66,1874
8.67,567
8.68,3846
8.69,3341
8.7,2677
8.71,2899
8.72,2281
8.73,1341
8.74,544
8.75,3882
8.76,3015
8.77,2317
8.78,3892
8.79,3900
8.8,3902
8.81,2336
8.82,1359
8.83,341
8.84,3281
8.85,2212
8.86,849
8.87,3413
8.88,2852
8.89,744
8.9,3860
8.91,3947
8.92,311
8.93,1181
8.94,461
8.95,3957
8.96,3183
8.97,2377
8.98,543
8.99,3894
9.0,3611
9.01,2275
9.02,1582
9.03,655
9.04,4006
9.05,2749
9.06,1589
9.07,947
9.08,1862
9.09,3381
9.1,3861
9.11,3215
9.12,925
9.13,829
9.14,72
9.15,2755
9.16,3145
9.17,4061
9.18,32
9.19,413
9.2,2868
9.21,2176
9.22,1529
9.23,3271
9.24,3724
9.25,2616
9.26,1811
9.27,1011
9.28,37
9.29,3198
9.3,2522
9.31,1886
9.32,3934
9.33,1383
9.34,7
9.35,3494
9.36,2685
9.37,1713
9.38,897
9.39,46
9.4,3423
9.41,2883
9.42,756
9.43,883
9.44,108
9.45,1869
9.46,2668
9.47,1533
9.48,3670
9.49,4111
9.5,2835
9.51,1898
9.52,935
9.53,2373
9.54,2725
9.55,1601
9.56,3987
9.57,4089
9.58,1941
9.59,2978
9.6,2402
9.61,1163
9.62,4276
9.63,3578
9.64,4290
