0.0,4941
0.01,4939
0.02,4936
0.03,4934
0.04,4931
0.05,4928
0.06,4926
0.07,4924
0.08,4921
0.09,4919
0.1,4916
0.11,4913
0.12,4911
0.13,4908
0.14,4905
0.15,4902
0.16,4900
0.17,4897
0.18,4894
0.19,4892
0.2,4889
0.21,4886
0.22,4884
0.23,4881
0.24,4878
0.25,4876
0.26,4874
0.27,4871
0.28,4869
0.29,4866
0.3,4864
0.31,4861
0.32,4859
0.33,4856
0.34,4854
0.35,4851
0.36,4848
0.37,4845
0.38,4844
0.39,4842
0.4,4840
0.41,4837
0.42,4835
0.43,4833
0.44,4830
0.45,4827
0.46,4824
0.47,4822
0.48,4819
0.49,4817
0.5,4814
0.51,4812
0.52,4810
0.53,4807
0.54,4805
0.55,4803
0.56,4800
0.57,4797
0.58,4795
0.59,4792
0.6,4790
0.61,4788
0.62,4785
0.63,4783
0.64,4780
0.65,4777
0.66,4775
0.67,4772
0.68,4770
0.69,4767
0.7,4764
0.71,4762
0.72,4759
0.73,4757
0.74,4754
0.75,4751
0.76,4749
0.77,4746
0.78,4744
0.79,4741
0.8,4739
0.81,4736
0.82,4733
0.83,4731
0.84,4728
0.85,4725
0.86,4723
0.87,4720
0.88,4717
0.89,4715
0.9,4713
0.91,4711
0.92,4708
0.93,4706
0.94,4703
0.95,4701
0.96,4698
0.97,4695
0.98,4693
0.99,4690
1.0,4687
1.01,4685
1.02,4683
1.03,4681
1.04,4679
1.05,4676
1.06,4674
1.07,4671
1.08,4668
1.09,4665
1.1,4663
1.11,4661
1.12,4658
1.13,4656
1.14,4653
1.15,4650
1.16,4648
1.17,4645
1.18,4642
1.19,4639
1.2,4637
1.21,4634
1.22,4631
1.23,4629
1.24,4626
1.25,4624
1.26,4622
1.27,4620
1.28,4618
1.29,4616
1.3,4613
1.31,4610
1.32,4608
1.33,4605
1.34,4602
1.35,4600
1.36,4597
1.37,4595
1.38,4593
1.39,4590
1.4,4588
1.41,4585
1.42,4582
1.43,4580
1.44,4577
1.45,4574
1.46,4572
1.47,4569
1.48,4566
1.49,4563
1.5,4561
1.51,4559
1.52,4556
1.53,4553
1.54,4551
1.55,4548
1.56,4545
1.57,4543
1.58,4541
1.59,4539
1.6,4536
1.61,4533
1.62,4531
1.63,4528
1.64,4525
1.65,4522
1.66,4520
1.67,4517
1.68,4514
1.69,4512
1.7,4510
1.71,4508
1.72,4506
1.73,4504
1.74,4502
1.75,4500
1.76,4498
1.77,4495
1.78,4494
1.79,4492
1.8,4490
1.81,4488
1.82,4486
1.83,4484
1.84,4482
1.85,4480
1.86,4478
1.87,4475
1.88,4473
1.89,4472
1.9,4471
1.91,4468
1.92,4466
1.93,4463
1.94,4461
1.95,4459
1.96,4456
1.97,4454
1.98,4452
1.99,4450
2.0,4449
2.01,4446
2.02,4445
2.03,4443
2.04,4441
2.05,4440
2.06,4438
2.07,4436
2.08,4434
2.09,4432
2.1,4429
2.11,4427
2.12,4424
2.13,4421
2.14,4419
2.15,4416
2.16,4414
2.17,4412
2.18,4410
2.19,4407
2.2,4405
2.21,4402
2.22,4399
2.23,4397
2.24,4394
2.25,4391
2.26,4389
2.27,4386
2.28,4383
2.29,4380
2.3,4378
2.31,4375
2.32,4372
2.33,4369
2.34,4367
2.35,4365
2.36,4362
2.37,4360
2.38,4357
2.39,4354
2.4,4352
2.41,4349
2.42,4347
2.43,4344
2.44,4341
2.45,4339
2.46,4336
2.47,4333
2.48,4332
2.49,4329
2.5,4326
2.51,4324
2.52,4321
2.53,4318
2.54,4316
2.55,4314
2.56,4312
2.57,4309
2.58,4306
2.59,4304
2.6,4301
2.61,4298
2.62,4297
2.63,4295
2.64,4293
2.65,4290
2.66,4287
2.67,4285
2.68,4282
2.69,4280
2.7,4277
2.71,4275
2.72,4272
2.73,4270
2.74,4267
2.75,4265
2.76,4263
2.77,4260
2.78,4257
2.79,4255
2.8,4252
2.81,4249
2.82,4247
2.83,4244
2.84,4241
2.85,4239
2.86,4236
2.87,4233
2.88,4231
2.89,4228
2.9,4226
2.91,4224
2.92,4221
2.93,4219
2.94,4216
2.95,4213
2.96,4210
2.97,4208
2.98,4205
2.99,4202
3.0,4199
3.01,4197
3.02,4194
3.03,4191
3.04,4189
3.05,4186
3.06,4183
3.07,4181
3.08,4178
3.09,4175
3.1,4173
3.11,4170
3.12,4168
3.13,4166
3.14,4163
3.15,4161
3.16,4159
3.17,4157
3.18,4155
3.19,4152
3.2,4149
3.21,4147
3.22,4144
3.23,4141
3.24,4139
3.25,4136
3.26,4134
3.27,4132
3.28,4129
3.29,4127
3.3,4124
3.31,4123
3.32,4120
3.33,4118
3.34,4115
3.35,4113
3.36,4110
3.37,4107
3.38,4105
3.39,4102
3.4,4099
3.41,4097
3.42,4095
3.43,4092
3.44,4090
3.45,4087
3.46,4084
3.47,4081
3.48,4079
3.49,4076
3.5,4073
3.51,4071
3.52,4068
3.53,4066
3.54,4064
3.55,4061
3.56,4058
3.57,4056
3.58,4053
3.59,4050
3.6,4048
3.61,4045
3.62,4042
3.63,4039
3.64,4037
3.65,4035
3.66,4032
3.67,4030
3.68,4027
3.69,4024
3.7,4022
3.71,4019
3.72,4016
3.73,4013
3.74,4011
3.75,4008
3.76,4006
3.77,4003
3.78,4000
3.79,3997
3.8,3995
3.81,3992
3.82,3989
3.83,3987
3.84,3984
3.85,3981
3.86,3978
3.87,3976
3.88,3973
3.89,3970
3.9,3968
3.91,3966
3.92,3963
3.93,3961
3.94,3959
3.95,3958
3.96,3956
3.97,3954
3.98,3953
3.99,3950
4.0,3947
4.01,3945
4.02,3943
4.03,3940
4.04,3938
4.05,3935
4.06,3932
4.07,3929
4.08,3927
4.09,3925
4.1,3922
4.11,3920
4.12,3918
4.13,3915
4.14,3913
4.15,3910
4.16,3907
4.17,3905
4.18,3902
4.19,3900
4.2,3897
4.21,3894
4.22,3892
4.23,3889
4.24,3886
4.25,3883
4.26,3882
4.27,3879
4.28,3876
4.29,3874
4.3,3872
4.31,3871
4.32,3868
4.33,3866
4.34,3864
4.35,3861
4.36,3859
4.37,3856
4.38,3854
4.39,3851
4.4,3849
4.41,3848
4.42,3846
4.43,3844
4.44,3842
4.45,3840
4.46,3837
4.47,3835
4.48,3832
4.49,3829
4.5,3827
4.51,3825
4.52,3823
4.53,3820
4.54,3818
4.55,3815
4.56,3813
4.57,3812
4.58,3809
4.59,3807
4.6,3804
4.61,3801
4.62,3798
4.63,3796
4.64,3794
4.65,3791
4.66,3789
4.67,3786
4.68,3784
4.69,3781
4.7,3778
4.71,3777
4.72,3775
4.73,3773
4.74,3770
4.75,3767
4.76,3765
4.77,3762
4.78,3760
4.79,3758
4.8,3756
4.81,3753
4.82,3751
4.83,3748
4.84,3745
4.85,3743
4.86,3740
4.87,3737
4.88,3734
4.89,3732
4.9,3730
4.91,3727
4.92,3724
4.93,3722
4.94,3719
4.95,3717
4.96,3715
4.97,3714
4.98,3711
4.99,3709
5.0,3706
5.01,3704
5.02,3701
5.03,3699
5.04,3696
5.05,3694
5.06,3692
5.07,3690
5.08,3688
5.09,3685
5.1,3682
5.11,3680
5.12,3677
5.13,3675
5.14,3673
5.15,3671
5.16,3669
5.17,3667
5.18,3664
5.19,3661
5.2,3659
5.21,3657
5.22,3654
5.23,3652
5.24,3649
5.25,3646
5.26,3644
5.27,3642
5.28,3639
5.29,3637
5.3,3634
5.31,3632
5.32,3630
5.33,3627
5.34,3625
5.35,3623
5.36,3620
5.37,3617
5.38,3615
5.39,3613
5.4,3611
5.41,3609
5.42,3607
5.43,3604
5.44,3602
5.45,3599
5.46,3597
5.47,3596
5.48,3593
5.49,3592
5.5,3589
5.51,3587
5.52,3585
5.53,3582
5.54,3580
5.55,3578
5.56,3575
5.57,3573
5.58,3570
5.59,3568
5.6,3565
5.61,3563
5.62,3561
5.63,3560
5.64,3558
5.65,3556
5.66,3554
5.67,3552
5.68,3549
5.69,3547
5.7,3544
5.71,3542
5.72,3541
5.73,3539
5.74,3536
5.75,3534
5.76,3532
5.77,3529
5.78,3527
5.79,3525
5.8,3523
5.81,3521
5.82,3519
5.83,3517
5.84,3514
5.85,3511
5.86,3510
5.87,3508
5.88,3505
5.89,3504
5.9,3502
5.91,3500
5.92,3498
5.93,3496
5.94,3494
5.95,3492
5.96,3490
5.97,3488
5.98,3486
5.99,3484
6.0,3483
6.01,3480
6.02,3479
6.03,3477
6.04,3475
6.05,3473
6.06,3472
6.07,3470
6.08,3468
6.09,3466
6.1,3464
6.11,3462
6.12,3459
6.13,3457
6.14,3454
6.15,3451
6.16,3449
6.17,3447
6.18,3444
6.19,3443
6.2,3441
6.21,3439
6.22,3437
6.23,3434
6.24,3432
6.25,3430
6.26,3429
6.27,3428
6.28,3426
6.29,3424
6.3,3422
6.31,3420
6.32,3417
6.33,3415
6.34,3414
6.35,3412
6.36,3409
6.37,3407
6.38,3405
6.39,3403
6.4,3401
6.41,3398
6.42,3396
6.43,3394
6.44,3393
6.45,3391
6.46,3389
6.47,3388
6.48,3385
6.49,3383
6.5,3382
6.51,3380
6.52,3379
6.53,3378
6.54,3376
6.55,3374
6.56,3374
6.57,3372
6.58,3370
6.59,3368
6.6,3366
6.61,3364
6.62,3362
6.63,3360
6.64,3358
6.65,3355
6.66,3353
6.67,3352
6.68,3350
6.69,3349
6.7,3348
6.71,3346
6.72,3344
6.73,3341
6.74,3340
6.75,3339
6.76,3337
6.77,3336
6.78,3333
6.79,3331
6.8,3329
6.81,3328
6.82,3327
6.83,3325
6.84,3325
6.85,3324
6.86,3322
6.87,3320
6.88,3319
6.89,3317
6.9,3316
6.91,3315
6.92,3313
6.93,3310
6.94,3308
6.95,3306
6.96,3304
6.97,3302
6.98,3300
6.99,3300
7.0,3298
7.02,3297
7.03,3296
7.05,3294
7.06,3292
7.07,3291
7.08,3290
7.09,3289
7.1,3287
7.11,3285
7.12,3284
7.13,3282
7.14,3281
7.15,3279
7.16,3277
7.17,3275
7.18,3274
7.19,3272
7.2,3270
7.21,3268
7.22,3267
7.23,3264
7.24,3263
7.25,3262
7.26,3259
7.27,3258
7.28,3257
7.29,3254
7.3,3252
7.31,3250
7.32,3249
7.33,3247
7.34,3245
7.35,3242
7.36,3240
7.37,3238
7.38,3237
7.39,3235
7.4,3234
7.41,3232
7.42,3231
7.43,3228
7.46,3227
7.47,3225
7.48,3224
7.49,3223
7.5,3223
7.51,3221
7.52,3220
7.53,3218
7.54,3217
7.55,3216
7.56,3215
7.58,3213
7.59,3211
7.6,3210
7.61,3208
7.62,3208
7.63,3205
7.64,3204
7.65,3202
7.66,3200
7.67,3198
7.68,3195
7.69,3192
7.7,3190
7.71,3188
7.72,3185
7.73,3184
7.74,3183
7.75,3182
7.76,3181
7.77,3179
7.78,3177
7.79,3176
7.8,3174
7.81,3172
7.82,3172
7.83,3169
7.84,3167
7.85,3164
7.86,3162
7.87,3159
7.88,3157
7.89,3155
7.9,3154
7.91,3153
7.92,3151
7.93,3150
7.94,3149
7.95,3147
7.96,3145
7.97,3143
7.98,3142
7.99,3140
8.0,3138
8.01,3136
8.02,3134
8.03,3132
8.04,3131
8.05,3129
8.06,3127
8.07,3126
8.08,3125
8.09,3123
8.1,3121
8.11,3119
8.12,3117
8.13,3116
8.14,3114
8.15,3112
8.16,3111
8.17,3109
8.18,3107
8.19,3105
8.2,3103
8.21,3101
8.22,3099
8.23,3097
8.24,3097
8.25,3095
8.26,3093
8.27,3091
8.28,3089
8.29,3088
8.3,3087
8.31,3086
8.32,3084
8.33,3082
8.34,3080
8.35,3078
8.36,3078
8.37,3076
8.38,3074
8.39,3073
8.4,3071
8.41,3069
8.42,3066
8.43,3065
8.44,3063
8.45,3061
8.46,3060
8.47,3059
8.48,3057
8.49,3055
8.5,3053
8.51,3051
8.52,3050
8.53,3048
8.54,3046
8.55,3045
8.56,3043
8.57,3041
8.58,3038
8.59,3037
8.6,3034
8.61,3033
8.62,3031
8.63,3030
8.64,3028
8.65,3026
8.66,3024
8.67,3023
8.68,3021
8.69,3019
8.7,3017
8.71,3014
8.72,3012
8.73,3010
8.74,3007
8.75,3005
8.76,3003
8.77,3000
8.78,2997
8.79,2995
8.8,2992
8.81,2990
8.82,2988
8.83,2985
8.84,2983
8.85,2981
8.86,2978
8.87,2977
8.88,2975
8.89,2974
8.9,2971
8.91,2969
8.92,2967
8.93,2965
8.94,2964
8.95,2962
8.96,2960
8.97,2958
8.98,2956
8.99,2954
9.0,2953
9.01,2952
9.02,2950
9.03,2948
9.04,2946
9.05,2944
9.06,2942
9.07,2940
9.08,2939
9.09,2937
9.1,2935
9.11,2933
9.12,2931
9.13,2930
9.15,2930
9.16,2929
9.17,2928
9.18,2927
9.19,2926
9.2,2925
9.21,2922
9.22,2921
9.23,2919
9.24,2917
9.25,2915
9.26,2913
9.27,2911
9.28,2909
9.29,2907
9.3,2906
9.31,2905
9.32,2903
9.33,2901
9.34,2900
9.35,2898
9.36,2896
9.37,2894
9.38,2892
9.39,2890
9.4,2888
9.41,2887
9.42,2885
9.43,2883
9.44,2880
9.45,2878
9.46,2877
9.47,2874
9.48,2872
9.49,2870
9.5,2867
9.51,2865
9.52,2864
9.53,2863
9.54,2860
9.55,2858
9.56,2856
9.57,2855
9.58,2852
9.59,2850
9.6,2848
9.61,2846
9.62,2844
9.63,2842
9.64,2839
9.65,2839
9.66,2839
9.67,2837
9.68,2836
9.69,2834
9.7,2832
9.71,2831
9.72,2830
9.73,2827
9.74,2825
9.75,2823
9.76,2820
9.77,2820
9.78,2818
9.79,2817
9.8,2815
9.81,2813
9.82,2813
9.83,2811
9.84,2809
9.85,2806
9.86,2805
9.87,2804
9.88,2802
9.89,2800
9.9,2799
9.91,2798
9.92,2796
9.93,2794
9.94,2791
9.95,2789
9.96,2787
9.97,2785
9.98,2783
9.99,2780
10.0,2779
10.01,2776
10.02,2775
10.03,2773
10.04,2771
10.05,2770
10.06,2768
10.07,2766
10.08,2764
10.09,2763
10.1,2760
10.11,2759
10.12,2758
10.13,2756
10.14,2755
10.15,2752
10.16,2750
10.17,2748
10.18,2747
10.19,2746
10.2,2744
10.21,2742
10.22,2740
10.23,2738
10.24,2736
10.25,2734
10.26,2733
10.27,2732
10.28,2731
10.29,2729
10.3,2726
10.31,2725
10.32,2725
10.33,2724
10.34,2721
10.35,2719
10.36,2718
10.37,2716
10.38,2715
10.39,2713
10.4,2711
10.41,2709
10.42,2707
10.43,2706
10.44,2705
10.45,2703
10.46,2701
10.47,2699
10.48,2698
10.49,2698
10.5,2697
10.51,2696
10.52,2695
10.53,2694
10.54,2694
10.55,2693
10.56,2692
10.57,2690
10.58,2690
10.59,2688
10.6,2688
10.61,2687
10.62,2686
10.63,2685
10.64,2682
10.65,2681
10.66,2678
10.67,2676
10.68,2673
10.69,2670
10.7,2669
10.71,2667
10.72,2665
10.73,2663
10.74,2661
10.75,2660
10.76,2659
10.77,2657
10.78,2655
10.79,2654
10.8,2654
10.81,2654
10.82,2652
10.83,2652
10.84,2650
10.85,2647
10.86,2645
10.87,2644
10.88,2643
10.89,2641
10.9,2640
10.91,2637
10.92,2637
10.93,2636
10.94,2633
10.95,2632
10.96,2631
10.97,2630
10.98,2628
10.99,2627
11.0,2626
11.01,2626
11.02,2626
11.03,2624
11.04,2623
11.05,2623
11.06,2620
11.07,2618
11.08,2617
11.09,2616
11.1,2615
11.11,2615
11.12,2613
11.13,2611
11.14,2610
11.15,2609
11.16,2607
11.17,2605
11.18,2604
11.19,2602
11.2,2602
11.21,2601
11.22,2601
11.23,2599
11.24,2598
11.25,2597
11.26,2596
11.27,2595
11.28,2594
11.29,2593
11.3,2592
11.31,2591
11.32,2590
11.33,2588
11.34,2586
11.35,2584
11.36,2582
11.37,2581
11.38,2579
11.39,2577
11.4,2575
11.41,2574
11.42,2573
11.43,2573
11.44,2573
11.45,2572
11.46,2571
11.47,2569
11.48,2567
11.49,2565
11.5,2564
11.51,2564
11.52,2564
11.53,2563
11.54,2562
11.55,2562
11.56,2561
11.57,2560
11.58,2558
11.59,2557
11.6,2556
11.61,2555
11.62,2554
11.63,2553
11.64,2551
11.65,2551
11.66,2551
11.67,2549
11.68,2548
11.69,2545
11.7,2545
11.71,2543
11.72,2541
11.73,2539
11.74,2538
11.75,2537
11.76,2536
11.77,2535
11.78,2534
11.79,2532
11.8,2532
11.81,2529
11.82,2528
11.83,2527
11.84,2525
11.85,2522
11.86,2520
11.87,2518
11.88,2516
11.89,2515
11.9,2515
11.91,2515
11.92,2514
11.93,2512
11.94,2510
11.95,2510
11.96,2509
11.97,2509
11.98,2508
11.99,2507
12.0,2506
12.01,2503
12.02,2503
12.03,2501
12.04,2500
12.05,2498
12.06,2497
12.07,2496
12.08,2496
12.09,2493
12.1,2493
12.11,2491
12.12,2489
12.13,2489
12.14,2488
12.15,2487
12.16,2485
12.17,2485
12.18,2484
12.19,2483
12.2,2483
12.21,2482
12.22,2481
12.23,2481
12.24,2480
12.25,2478
12.26,2477
12.27,2476
12.28,2476
12.29,2475
12.3,2474
12.31,2473
12.32,2472
12.33,2471
12.34,2471
12.35,2470
12.36,2469
12.37,2469
12.38,2468
12.39,2467
12.4,2466
12.41,2466
12.42,2466
12.43,2465
12.44,2463
12.45,2461
12.46,2460
12.47,2459
12.48,2459
12.49,2458
12.5,2458
12.51,2458
12.52,2456
12.53,2455
12.54,2454
12.55,2451
12.56,2450
12.57,2450
12.58,2450
12.59,2450
12.6,2450
12.61,2449
12.62,2448
12.63,2448
12.64,2447
12.65,2446
12.66,2446
12.67,2445
12.68,2442
12.69,2441
12.7,2440
12.71,2438
12.72,2438
12.73,2437
12.74,2436
12.75,2435
12.76,2434
12.77,2434
12.78,2434
12.79,2434
12.8,2433
12.81,2431
12.82,2429
12.83,2427
12.84,2426
12.85,2425
12.86,2424
12.87,2423
12.88,2423
12.89,2423
12.9,2423
12.91,2421
12.92,2421
12.93,2419
12.94,2419
12.95,2418
12.96,2418
12.97,2417
12.98,2417
12.99,2417
13.0,2415
13.01,2414
13.02,2414
13.03,2414
13.04,2413
13.05,2412
13.06,2412
13.07,2411
13.08,2410
13.09,2409
13.1,2409
13.11,2408
13.12,2408
13.13,2407
13.14,2407
13.15,2406
13.16,2406
13.17,2406
13.18,2406
13.19,2404
13.2,2403
13.21,2402
13.22,2400
13.23,2400
13.24,2399
13.25,2399
13.26,2398
13.27,2397
13.28,2396
13.29,2394
13.3,2393
13.31,2393
13.32,2392
13.33,2391
13.34,2390
13.35,2389
13.36,2388
13.37,2386
13.38,2385
13.39,2384
13.4,2384
13.41,2383
13.42,2380
13.43,2378
13.44,2377
13.45,2377
13.46,2377
13.47,2376
13.48,2376
13.49,2374
13.5,2373
13.51,2371
13.52,2371
13.53,2370
13.54,2369
13.55,2369
13.56,2368
13.57,2367
13.58,2366
13.59,2366
13.6,2366
13.61,2366
13.62,2365
13.63,2364
13.64,2364
13.65,2363
13.66,2361
13.67,2360
13.68,2359
13.69,2358
13.7,2357
13.71,2356
13.72,2356
13.73,2355
13.74,2353
13.75,2352
13.76,2352
13.77,2350
13.78,2348
13.79,2347
13.8,2347
13.81,2346
13.82,2345
13.83,2344
13.84,2344
13.85,2343
13.86,2343
13.87,2342
13.88,2342
13.89,2342
13.9,2341
13.91,2341
13.92,2341
13.93,2340
13.94,2339
13.95,2338
13.96,2337
13.97,2337
13.98,2337
13.99,2336
14.0,2336
14.01,2336
14.02,2336
14.03,2336
14.04,2336
14.05,2336
14.06,2335
14.07,2334
14.08,2333
14.09,2333
14.1,2333
14.11,2332
14.12,2332
14.13,2332
14.14,2332
14.15,2332
14.16,2331
14.17,2329
14.18,2329
14.19,2329
14.2,2329
14.21,2329
14.22,2328
14.23,2328
14.24,2328
14.25,2328
14.26,2327
14.27,2327
14.28,2327
14.29,2327
14.3,2327
14.31,2326
14.32,2326
14.33,2326
14.34,2326
14.35,2326
14.36,2326
14.37,2326
14.38,2325
14.39,2323
14.4,2323
14.41,2322
14.42,2322
14.43,2322
14.44,2321
14.45,2321
14.46,2319
14.47,2319
14.48,2318
14.49,2318
14.5,2318
14.51,2317
14.52,2317
14.53,2317
14.54,2316
14.55,2316
14.56,2316
14.57,2315
14.58,2314
14.59,2313
14.6,2313
14.61,2312
14.62,2312
14.63,2311
14.64,2311
14.65,2311
14.66,2310
14.67,2310
14.68,2310
14.69,2310
14.7,2310
14.71,2309
14.72,2309
14.73,2309
14.74,2309
14.75,2309
14.76,2309
14.77,2308
14.78,2308
14.79,2308
14.8,2308
14.81,2308
14.82,2308
14.83,2308
14.84,2308
14.85,2308
14.86,2308
14.87,2307
14.88,2307
14.89,2307
14.9,2307
14.91,2306
14.92,2306
14.93,2305
14.94,2304
14.95,2304
14.96,2303
14.97,2303
14.98,2303
14.99,2303
15.0,2303
15.01,2303
15.02,2302
15.03,2302
15.04,2302
15.05,2302
15.06,2302
15.07,2302
15.08,2301
15.09,2300
15.1,2300
15.11,2299
15.12,2298
15.13,2297
15.14,2297
15.15,2297
15.16,2297
15.17,2297
15.18,2297
15.19,2297
15.2,2297
15.21,2297
15.22,2297
15.23,2297
15.24,2297
15.25,2296
15.26,2295
15.27,2295
15.28,2295
15.29,2295
15.3,2295
15.31,2294
15.32,2293
15.33,2293
15.34,2293
15.35,2292
15.36,2292
15.37,2292
15.38,2291
15.39,2291
15.4,2291
15.41,2291
15.42,2291
15.43,2291
15.44,2290
15.45,2290
15.46,2290
15.47,2290
15.48,2290
15.49,2290
15.5,2290
15.51,2290
15.53,2290
15.54,2290
15.55,2290
15.56,2290
15.57,2290
15.58,2290
15.59,2290
15.6,2290
15.61,2290
15.62,2290
15.63,2290
15.64,2290
15.65,2290
15.66,2290
15.67,2290
15.68,2290
15.69,2290
15.7,2289
15.71,2289
15.72,2289
15.73,2289
15.74,2289
15.75,2288
15.76,2288
15.77,2288
15.78,2287
15.79,2287
15.8,2287
15.81,2287
15.82,2287
15.83,2287
15.84,2286
15.85,2286
15.86,2286
15.87,2285
15.88,2285
15.89,2285
15.9,2285
15.91,2285
15.92,2285
15.93,2285
15.94,2285
15.95,2285
15.96,2285
