0.0,4891
0.01,4798
0.02,4727
0.03,4668
0.04,4619
0.05,4546
0.06,4506
0.07,4440
0.08,4388
0.09,4328
0.1,4292
0.11,4254
0.12,4215
0.13,4174
0.14,4128
0.15,4094
0.16,4068
0.17,4048
0.18,4017
0.19,3982
0.2,3961
0.21,3935
0.22,3899
0.23,3872
0.24,3837
0.25,3812
0.26,3789
0.27,3758
0.28,3727
0.29,3704
0.3,3685
0.31,3662
0.32,3644
0.33,3620
0.34,3603
0.35,3580
0.36,3561
0.37,3541
0.38,3518
0.39,3498
0.4,3482
0.41,3470
0.42,3451
0.43,3426
0.44,3409
0.45,3393
0.46,3373
0.47,3358
0.48,3339
0.49,3323
0.5,3304
0.51,3289
0.52,3275
0.53,3256
0.54,3239
0.55,3231
0.56,3223
0.57,3212
0.58,3190
0.59,3176
0.6,3157
0.61,3147
0.62,3134
0.63,3118
0.64,3109
0.65,3102
0.66,3094
0.67,3084
0.68,3069
0.69,3053
0.7,3041
0.71,3034
0.72,3020
0.73,3004
0.74,2986
0.75,2981
0.76,2969
0.77,2962
0.78,2952
0.79,2944
0.8,2934
0.81,2925
0.82,2913
0.83,2900
0.84,2890
0.85,2883
0.86,2875
0.87,2863
0.88,2855
0.89,2850
0.9,2844
0.91,2838
0.92,2830
0.93,2823
0.94,2809
0.95,2806
0.96,2803
0.97,2799
0.98,2791
0.99,2783
1.0,2776
1.01,2769
1.02,2763
1.03,2755
1.04,2750
1.05,2747
1.06,2742
1.07,2732
1.08,2726
1.09,2722
1.1,2712
1.11,2700
1.12,2699
1.13,2692
1.14,2687
1.15,2684
1.16,2680
1.17,2676
1.18,2672
1.19,2667
1.2,2667
1.21,2665
1.22,2663
1.23,2660
1.24,2656
1.25,2654
1.26,2650
1.27,2647
1.28,2642
1.29,2639
1.3,2629
1.31,2628
1.32,2625
1.33,2621
1.34,2615
1.35,2609
1.36,2602
1.37,2593
1.38,2590
1.39,2585
1.4,2580
1.41,2576
1.42,2574
1.43,2570
1.44,2564
1.45,2558
1.46,2555
1.47,2551
1.48,2542
1.49,2541
1.5,2537
1.51,2532
1.52,2526
1.53,2523
1.54,2522
1.55,2519
1.56,2516
1.57,2514
1.58,2510
1.59,2509
1.6,2509
1.61,2506
1.62,2505
1.63,2502
1.64,2500
1.65,2498
1.66,2496
1.67,2496
1.68,2493
1.69,2491
1.7,2489
1.71,2486
1.72,2483
1.73,2480
1.74,2477
1.75,2476
1.76,2476
1.77,2473
1.78,2469
1.79,2469
1.8,2467
1.81,2463
1.82,2457
1.83,2455
1.84,2453
1.85,2452
1.86,2448
1.87,2444
1.88,2442
1.89,2439
1.9,2438
1.91,2433
1.92,2430
1.93,2429
1.94,2427
1.95,2424
1.96,2423
1.97,2421
1.98,2415
1.99,2414
2.0,2414
2.01,2411
2.02,2410
2.03,2408
2.04,2407
2.05,2403
2.06,2403
2.07,2399
2.08,2399
2.09,2399
2.1,2398
2.11,2395
2.12,2393
2.13,2391
2.14,2386
2.15,2384
2.16,2381
2.17,2380
2.18,2378
2.19,2377
2.2,2376
2.21,2375
2.22,2375
2.23,2375
2.24,2373
2.25,2372
2.26,2371
2.27,2371
2.28,2370
2.29,2368
2.3,2367
2.31,2363
2.32,2363
2.33,2361
2.34,2358
2.35,2358
2.36,2357
2.37,2357
2.38,2357
2.39,2354
2.4,2353
2.41,2353
2.42,2352
2.43,2351
2.44,2351
2.45,2351
2.46,2350
2.47,2350
2.48,2349
2.49,2349
2.5,2347
2.51,2347
2.52,2347
2.53,2347
2.54,2343
2.55,2342
2.56,2342
2.57,2340
2.58,2340
2.59,2340
2.6,2340
2.61,2340
2.62,2340
2.63,2340
2.64,2339
2.65,2339
2.66,2339
2.67,2338
2.68,2336
2.69,2335
2.7,2334
2.71,2334
2.72,2332
2.73,2332
2.74,2332
2.75,2331
2.76,2330
2.77,2329
2.78,2329
2.79,2327
2.8,2327
2.81,2327
2.82,2325
2.83,2322
2.84,2322
2.85,2320
2.86,2318
2.87,2315
2.88,2312
2.89,2312
2.9,2312
2.91,2311
2.92,2311
2.93,2310
2.94,2308
2.95,2307
2.96,2306
2.97,2306
2.98,2305
2.99,2303
3.0,2302
3.01,2301
3.02,2300
3.03,2300
3.04,2300
3.05,2300
3.06,2300
3.07,2300
3.08,2299
3.09,2299
3.1,2299
3.11,2299
3.12,2298
3.13,2298
3.14,2296
3.15,2295
3.16,2295
3.17,2294
3.18,2293
3.19,2293
3.2,2292
3.21,2292
3.22,2292
3.23,2292
3.24,2292
3.25,2292
3.26,2292
3.27,2292
3.28,2292
3.29,2291
3.3,2291
3.31,2290
3.32,2290
3.33,2290
3.34,2288
3.35,2288
3.36,2287
3.37,2285
3.38,2285
3.39,2285
3.4,2285
3.41,2285
3.42,2285
3.43,2285
3.44,2283
3.45,2283
3.46,2283
3.47,2282
3.48,2282
3.49,2281
3.5,2281
3.51,2280
3.52,2280
3.53,2279
3.54,2279
3.55,2279
3.56,2279
3.57,2278
3.58,2278
3.59,2278
3.6,2278
3.61,2278
3.62,2277
3.63,2276
3.64,2276
3.65,2276
3.66,2276
3.67,2275
3.68,2275
3.69,2275
3.7,2275
3.71,2275
3.72,2275
3.73,2275
3.74,2274
3.75,2274
3.76,2273
3.77,2273
3.78,2273
3.79,2272
3.8,2271
3.81,2271
3.82,2271
3.83,2271
3.84,2270
3.85,2270
3.86,2270
3.87,2270
3.88,2269
3.89,2268
3.9,2268
3.91,2268
3.92,2268
3.93,2268
3.94,2267
3.95,2266
3.96,2266
3.97,2266
3.98,2265
3.99,2264
4.0,2264
4.01,2264
4.02,2264
4.03,2264
4.04,2264
4.05,2264
4.06,2264
4.07,2264
4.08,2263
4.09,2262
4.1,2262
4.11,2262
4.12,2262
4.13,2261
4.14,2261
4.15,2261
4.16,2261
4.17,2261
4.18,2261
4.19,2260
4.2,2259
4.21,2259
4.22,2259
4.23,2259
4.24,2259
4.25,2259
4.26,2259
4.27,2259
4.28,2259
4.29,2259
4.3,2259
4.31,2259
4.32,2259
4.33,2259
4.34,2259
4.35,2258
4.36,2258
4.37,2258
4.38,2258
4.39,2258
4.4,2258
4.41,2258
4.42,2258
4.43,2258
4.44,2258
4.45,2258
4.46,2256
4.47,2256
4.48,2256
4.49,2256
4.5,2256
4.51,2256
4.52,2256
4.53,2256
4.54,2256
4.55,2255
4.56,2255
4.57,2255
4.58,2255
4.59,2255
4.6,2254
4.61,2254
4.62,2254
4.63,2253
4.64,2253
4.65,2253
4.66,2252
4.67,2252
4.68,2252
4.69,2252
4.7,2252
4.71,2252
4.72,2252
4.73,2252
4.74,2252
4.75,2252
4.76,2252
4.77,2251
4.78,2251
4.79,2251
4.8,2251
4.81,2251
4.82,2251
4.83,2251
4.84,2250
4.85,2249
4.86,2249
4.87,2249
4.88,2248
4.89,2247
4.9,2247
4.91,2247
4.92,2247
4.93,2246
4.94,2245
4.95,2245
4.96,2244
4.97,2244
4.98,2244
4.99,2244
5.0,2244
5.01,2244
5.02,2243
5.03,2243
5.04,2242
5.05,2242
5.06,2242
5.07,2242
5.08,2242
5.09,2242
5.1,2242
5.11,2242
5.12,2242
5.13,2242
5.14,2242
5.15,2242
5.16,2242
5.17,2241
5.18,2241
5.19,2241
5.2,2240
5.21,2240
5.22,2240
5.23,2240
5.24,2238
5.25,2238
5.26,2238
5.27,2238
5.28,2237
5.29,2237
5.3,2236
5.31,2236
5.32,2236
5.33,2236
5.34,2236
5.35,2236
5.36,2236
5.37,2236
5.38,2236
5.39,2236
5.4,2236
5.41,2236
5.42,2236
5.43,2236
5.44,2236
5.45,2235
5.46,2235
5.47,2235
5.48,2235
5.49,2235
5.5,2235
5.51,2235
5.52,2235
5.53,2234
5.54,2234
5.55,2234
5.56,2234
5.57,2234
5.58,2234
5.59,2234
5.6,2234
5.61,2234
5.62,2234
5.63,2234
5.64,2234
5.65,2234
5.66,2234
5.67,2234
5.68,2234
5.69,2234
5.7,2234
5.71,2234
5.72,2234
5.73,2234
5.74,2234
5.75,2234
5.76,2234
5.77,2234
5.78,2234
5.79,2234
5.8,2234
5.81,2234
5.82,2234
5.83,2234
5.84,2233
5.85,2233
5.86,2233
5.87,2233
5.88,2233
5.89,2233
5.9,2233
5.91,2233
5.92,2233
5.93,2233
5.94,2233
5.95,2232
5.96,2232
5.97,2232
5.98,2232
5.99,2232
6.0,2232
6.01,2232
6.02,2232
6.03,2231
6.04,2230
6.05,2230
6.06,2230
6.07,2230
6.08,2230
6.09,2230
6.1,2230
6.11,2230
6.12,2230
6.13,2230
6.14,2230
6.15,2230
6.16,2230
6.17,2230
6.18,2230
6.19,2230
6.2,2230
6.21,2230
6.22,2230
6.23,2230
6.24,2230
6.25,2230
6.26,2230
6.27,2230
6.28,2230
6.29,2230
6.3,2230
6.31,2230
6.32,2230
6.33,2230
6.34,2230
6.35,2230
6.36,2230
6.37,2230
6.38,2230
6.39,2230
6.4,2230
6.41,2230
6.42,2230
6.43,2229
6.44,2228
6.45,2228
6.46,2227
6.47,2227
6.48,2227
6.49,2227
6.5,2227
6.51,2227
6.52,2227
6.53,2227
6.54,2227
6.55,2227
6.56,2227
6.57,2227
6.58,2227
6.59,2227
6.6,2227
6.61,2227
6.62,2227
6.63,2227
6.64,2227
6.65,2227
6.66,2227
6.67,2227
6.68,2227
6.69,2227
6.7,2227
6.71,2227
6.72,2227
6.73,2227
6.74,2227
6.75,2227
6.76,2227
6.77,2227
6.78,2227
6.79,2226
6.8,2226
6.81,2226
6.82,2226
6.83,2226
6.84,2226
6.85,2226
6.86,2226
6.87,2226
6.88,2226
6.89,2226
6.9,2226
6.91,2226
6.92,2226
6.93,2226
6.94,2226
6.95,2226
6.96,2226
6.97,2225
6.98,2225
6.99,2225
7.0,2225
7.01,2225
7.02,2225
7.03,2225
7.04,2225
7.05,2225
7.06,2225
7.07,2225
7.08,2225
7.09,2225
7.1,2225
7.11,2225
7.12,2225
7.13,2225
7.14,2225
7.15,2225
7.16,2225
7.17,2225
7.18,2225
7.19,2225
7.2,2224
7.21,2224
7.22,2224
7.23,2224
7.24,2224
7.25,2224
7.26,2224
7.27,2224
7.28,2224
7.29,2224
7.3,2224
7.31,2223
7.32,2223
7.33,2223
7.34,2223
7.35,2222
7.36,2222
7.37,2222
7.38,2222
7.39,2222
7.4,2222
7.41,2222
7.42,2222
7.43,2222
7.44,2222
7.45,2222
7.46,2222
7.47,2221
7.48,2221
7.49,2221
7.5,2221
7.51,2221
7.52,2221
7.53,2221
7.54,2220
7.55,2220
7.56,2220
7.57,2220
7.58,2220
7.59,2220
7.6,2219
7.61,2219
7.62,2219
7.63,2219
7.64,2219
7.65,2219
7.66,2219
7.67,2219
7.68,2219
7.69,2219
7.7,2219
7.71,2219
7.72,2219
7.73,2219
7.74,2219
7.75,2218
7.76,2218
7.77,2218
7.78,2218
7.79,2218
7.8,2218
7.81,2218
7.82,2218
7.83,2218
7.84,2218
7.85,2218
7.86,2218
7.87,2218
7.88,2218
7.89,2218
7.9,2218
7.91,2218
7.92,2218
7.93,2218
7.94,2218
7.95,2218
7.96,2218
7.97,2218
7.98,2218
7.99,2218
8.0,2218
8.01,2218
8.02,2218
8.03,2217
8.04,2217
8.05,2217
8.06,2217
8.07,2217
8.08,2217
8.09,2217
8.1,2217
8.11,2217
8.12,2217
8.13,2217
8.14,2217
8.15,2217
8.16,2217
8.17,2216
8.18,2216
8.19,2216
8.2,2216
8.21,2216
8.22,2216
8.23,2216
8.24,2216
8.25,2216
8.26,2216
8.27,2216
8.28,2216
8.29,2216
8.3,2216
8.31,2216
8.32,2216
8.33,2216
8.34,2216
8.35,2216
8.36,2216
8.37,2216
8.38,2216
8.39,2216
8.4,2216
8.41,2216
8.42,2216
8.43,2216
8.44,2216
8.45,2216
8.46,2216
8.47,2216
8.48,2216
8.49,2216
8.5,2216
8.51,2216
8.52,2216
8.53,2216
8.54,2216
8.55,2216
8.56,2216
8.57,2216
8.58,2216
8.59,2216
8.6,2216
8.61,2216
8.62,2216
8.63,2216
8.64,2216
8.65,2216
8.66,2216
8.67,2216
8.68,2216
8.69,2216
8.7,2216
8.71,2216
8.72,2216
8.73,2216
8.74,2216
8.75,2216
8.76,2216
8.77,2216
8.78,2216
8.79,2216
8.8,2216
8.81,2216
8.82,2216
8.83,2216
8.84,2216
8.85,2216
8.86,2216
8.87,2216
8.88,2216
8.89,2216
8.9,2216
8.91,2216
8.92,2216
8.93,2216
8.94,2216
8.95,2216
8.96,2216
8.97,2216
8.98,2216
8.99,2216
9.0,2216
9.01,2216
9.02,2216
9.03,2216
9.04,2216
9.05,2216
9.06,2216
9.07,2216
9.08,2216
9.09,2216
9.1,2216
9.11,2216
9.12,2216
9.13,2215
9.14,2215
9.15,2215
9.16,2215
9.17,2215
9.18,2215
9.19,2215
9.2,2215
9.21,2215
9.22,2215
9.23,2215
9.24,2215
9.25,2215
9.26,2215
9.27,2215
9.28,2215
9.29,2215
9.3,2215
9.31,2215
9.32,2215
9.33,2215
9.34,2215
9.35,2215
9.36,2215
9.37,2215
9.38,2215
9.39,2215
9.4,2215
9.41,2215
9.42,2215
9.43,2215
9.44,2215
9.45,2215
9.46,2215
9.47,2215
9.48,2215
9.49,2215
9.5,2215
9.51,2215
9.52,2215
9.53,2215
9.54,2215
9.55,2215
9.56,2215
9.57,2215
9.58,2215
9.59,2215
9.6,2215
9.61,2215
9.62,2215
9.63,2215
9.64,2215
9.65,2215
9.66,2215
9.67,2215
9.68,2215
9.69,2215
9.7,2215
9.71,2215
9.72,2215
9.73,2214
9.74,2214
9.75,2213
9.76,2213
9.77,2213
9.78,2213
9.79,2213
9.8,2213
9.81,2213
9.82,2213
9.83,2213
9.84,2213
9.85,2213
9.86,2213
9.87,2213
9.88,2213
9.89,2213
9.9,2213
9.91,2213
9.92,2213
9.93,2213
9.94,2213
9.95,2213
9.96,2213
9.97,2213
9.98,2213
9.99,2213
10.0,2213
10.01,2213
10.02,2213
10.03,2213
10.04,2213
10.05,2213
10.06,2213
10.07,2213
10.08,2213
10.09,2213
10.1,2213
10.11,2213
10.12,2213
10.13,2213
10.14,2213
10.15,2213
10.16,2213
10.17,2213
10.18,2213
10.19,2213
10.2,2213
10.21,2213
10.22,2213
10.23,2213
10.24,2213
10.25,2213
10.26,2213
10.27,2213
10.28,2213
10.29,2213
10.3,2213
10.31,2213
10.32,2213
10.33,2213
10.34,2213
10.35,2213
10.36,2213
10.37,2213
10.38,2213
10.39,2213
10.4,2213
10.41,2213
10.42,2213
10.43,2213
10.44,2213
10.45,2213
10.46,2213
10.47,2213
10.48,2213
10.49,2213
10.5,2213
10.51,2213
10.52,2213
10.53,2213
10.54,2213
10.55,2213
10.56,2213
10.57,2213
10.58,2213
10.59,2213
10.6,2213
10.61,2213
10.62,2213
10.63,2213
10.64,2213
10.65,2213
10.66,2213
10.67,2213
10.68,2213
10.69,2213
10.7,2213
10.71,2213
10.72,2213
10.73,2213
10.74,2213
10.75,2213
10.76,2213
10.77,2213
10.78,2213
10.79,2213
10.8,2213
10.81,2213
10.82,2213
10.83,2213
10.84,2213
10.85,2213
10.86,2213
10.87,2213
10.88,2213
10.89,2213
10.9,2213
10.91,2213
10.92,2213
10.93,2213
10.94,2213
10.95,2213
10.96,2213
10.97,2213
10.98,2213
10.99,2213
11.0,2213
11.01,2213
11.02,2213
11.03,2213
11.04,2213
11.05,2213
11.06,2213
11.07,2213
11.08,2213
11.09,2213
11.1,2213
11.11,2213
11.12,2213
11.13,2213
11.14,2213
11.15,2213
11.16,2213
11.17,2213
11.18,2213
11.19,2213
11.2,2213
11.21,2213
11.22,2213
11.23,2213
11.24,2213
11.25,2213
11.26,2213
11.27,2213
11.28,2213
11.29,2213
11.3,2213
11.31,2213
11.32,2213
11.33,2213
11.34,2213
11.35,2213
11.36,2213
11.37,2213
11.38,2213
11.39,2213
11.4,2213
11.41,2213
11.42,2213
11.43,2213
11.44,2213
11.45,2213
11.46,2213
11.47,2213
11.48,2213
11.49,2213
11.5,2213
11.51,2213
11.52,2213
11.53,2213
11.54,2213
11.55,2213
11.56,2213
11.57,2213
11.58,2213
11.59,2213
11.6,2213
11.61,2213
11.62,2213
11.63,2213
11.64,2213
11.65,2213
11.66,2213
11.67,2213
11.68,2213
11.69,2213
11.7,2213
11.71,2213
11.72,2213
11.73,2213
11.74,2213
11.75,2213
11.76,2213
11.77,2213
11.78,2213
11.79,2213
11.8,2213
11.81,2213
11.82,2213
11.83,2213
11.84,2213
11.85,2213
11.86,2213
11.87,2213
11.88,2213
11.89,2213
11.9,2213
11.91,2213
11.92,2213
11.93,2213
11.94,2213
11.95,2213
11.96,2213
11.97,2213
11.98,2213
11.99,2213
12.0,2213
12.01,2213
12.02,2213
12.03,2213
12.04,2213
12.05,2213
12.06,2213
12.07,2213
12.08,2213
12.09,2213
12.1,2213
12.11,2213
12.12,2213
12.13,2213
12.14,2212
12.15,2212
12.16,2212
12.17,2212
12.18,2212
12.19,2212
12.2,2212
12.21,2212
12.22,2211
12.23,2211
12.24,2211
12.25,2210
12.26,2210
12.27,2210
12.28,2210
12.29,2210
12.3,2210
12.31,2210
12.32,2210
12.33,2210
12.34,2210
12.35,2210
12.36,2210
12.37,2210
12.38,2210
12.39,2210
12.4,2210
12.41,2210
12.42,2210
12.43,2210
12.44,2210
12.45,2210
12.46,2210
12.47,2210
12.48,2210
12.49,2210
12.5,2210
12.51,2210
12.52,2210
12.53,2210
12.54,2210
12.55,2210
12.56,2210
12.57,2210
12.58,2210
12.59,2210
12.6,2210
12.61,2210
12.62,2210
12.63,2210
12.64,2210
12.65,2210
12.66,2210
12.67,2210
12.68,2210
12.69,2210
12.7,2210
12.71,2210
12.72,2210
12.73,2210
12.74,2210
12.75,2210
12.76,2210
12.77,2210
12.78,2210
12.79,2210
12.8,2210
12.81,2210
12.82,2210
12.83,2210
12.84,2210
12.85,2210
12.86,2210
12.87,2210
12.88,2210
12.89,2210
12.9,2210
12.91,2210
12.92,2210
12.93,2210
12.94,2210
12.95,2210
12.96,2210
12.97,2210
12.98,2210
12.99,2210
13.0,2210
13.01,2210
13.02,2210
13.03,2210
13.04,2210
13.05,2210
13.06,2210
13.07,2210
13.08,2210
13.09,2210
13.1,2210
13.11,2210
13.12,2210
13.13,2210
13.14,2210
13.15,2210
13.16,2210
13.17,2210
13.18,2210
13.19,2210
13.2,2210
13.21,2210
13.22,2209
13.23,2209
13.24,2209
13.25,2209
13.26,2209
13.27,2209
13.28,2209
13.29,2209
13.3,2209
13.31,2209
13.32,2209
13.33,2209
13.34,2209
13.35,2209
13.36,2209
13.37,2209
13.38,2209
13.39,2209
13.4,2209
13.41,2209
13.42,2209
13.43,2209
13.44,2209
13.45,2209
13.46,2209
13.47,2209
13.48,2209
13.49,2209
13.5,2209
13.51,2209
13.52,2209
13.53,2209
13.54,2209
13.55,2209
13.56,2209
13.57,2209
13.58,2209
13.59,2209
13.6,2209
13.61,2209
13.62,2209
13.63,2209
13.64,2209
13.65,2209
13.66,2209
13.67,2209
13.68,2209
13.69,2209
13.7,2209
13.71,2209
13.72,2209
13.73,2209
13.74,2209
13.75,2209
13.76,2209
13.77,2209
13.78,2209
13.79,2209
13.8,2209
13.81,2209
13.82,2209
13.83,2209
13.84,2209
13.85,2209
13.86,2209
13.87,2209
13.88,2209
13.89,2209
13.9,2209
13.91,2209
13.92,2209
13.93,2209
13.94,2209
13.95,2209
13.96,2209
13.97,2209
13.98,2209
13.99,2209
14.0,2209
14.01,2209
14.02,2209
14.03,2209
14.04,2209
14.05,2209
14.06,2209
14.07,2209
14.08,2209
14.09,2209
14.1,2209
14.11,2209
14.12,2209
14.13,2209
14.14,2209
14.15,2209
14.16,2209
14.17,2209
14.18,2209
14.19,2209
14.2,2209
14.21,2209
14.22,2209
14.23,2209
14.24,2209
14.25,2209
14.26,2209
14.27,2209
14.28,2209
14.29,2209
14.3,2209
14.31,2209
14.32,2209
14.33,2209
14.34,2209
14.35,2209
14.36,2209
14.37,2209
14.38,2209
14.39,2209
14.4,2209
14.41,2209
14.42,2209
14.43,2209
14.44,2209
14.45,2209
14.46,2209
14.47,2209
14.48,2209
14.49,2209
14.5,2209
14.51,2209
14.52,2209
14.53,2209
14.54,2209
14.55,2209
14.56,2209
14.57,2209
14.58,2209
14.59,2209
14.6,2209
14.61,2209
14.62,2209
14.63,2209
14.64,2209
14.65,2209
14.66,2209
14.67,2209
14.68,2209
14.69,2209
14.7,2209
14.71,2209
14.72,2209
14.73,2209
14.74,2209
14.75,2209
14.76,2209
14.77,2209
14.78,2209
14.79,2209
14.8,2209
14.81,2209
14.82,2209
14.83,2209
14.84,2209
14.85,2209
14.86,2209
14.87,2209
14.88,2209
14.89,2209
14.9,2209
14.91,2209
14.92,2209
14.93,2209
14.94,2209
14.95,2209
14.96,2209
14.97,2209
14.98,2209
14.99,2209
15.0,2209
15.01,2209
15.02,2209
15.03,2209
15.04,2209
15.05,2209
15.06,2209
15.07,2209
15.08,2209
15.09,2209
15.1,2209
15.11,2209
15.12,2209
15.13,2209
15.14,2209
15.15,2209
15.16,2209
15.17,2209
15.18,2209
15.19,2209
15.2,2209
15.21,2209
15.22,2209
15.23,2209
15.24,2209
15.25,2209
15.26,2209
15.27,2209
15.28,2209
15.29,2209
15.3,2209
15.31,2209
15.32,2209
15.33,2209
15.34,2209
15.35,2209
15.36,2209
15.37,2209
15.38,2209
15.39,2209
15.4,2209
15.41,2209
15.42,2209
15.43,2209
15.44,2209
15.45,2209
15.46,2209
15.47,2209
15.48,2209
15.49,2209
15.5,2209
15.51,2209
15.52,2209
15.53,2209
15.54,2209
15.55,2209
15.56,2209
15.57,2209
15.58,2209
15.59,2209
15.6,2209
15.61,2209
15.62,2209
15.63,2209
15.64,2209
15.65,2209
15.66,2209
15.67,2209
15.68,2209
15.69,2209
15.7,2209
15.71,2209
15.72,2209
15.73,2209
15.74,2209
15.75,2209
15.76,2209
15.77,2209
15.78,2209
15.79,2209
15.8,2209
15.81,2209
15.82,2209
15.83,2209
15.84,2209
15.85,2209
15.86,2209
15.87,2209
15.88,2209
15.89,2209
15.9,2209
15.91,2209
15.92,2209
15.93,2209
15.94,2209
15.95,2209
15.96,2209
15.97,2209
15.98,2209
15.99,2209
16.0,2209
16.01,2209
16.02,2209
16.03,2209
16.04,2209
16.05,2209
16.06,2209
16.07,2209
16.08,2209
16.09,2209
16.1,2209
16.11,2209
16.12,2209
16.13,2209
16.14,2209
16.15,2209
16.16,2209
16.17,2209
16.18,2209
16.19,2209
16.2,2209
16.21,2209
16.22,2209
16.23,2209
16.24,2209
16.25,2209
16.26,2209
16.27,2209
16.28,2209
16.29,2209
16.3,2209
16.31,2209
16.32,2209
16.33,2209
16.34,2209
16.35,2209
16.36,2209
16.37,2209
16.38,2209
16.39,2209
16.4,2209
16.41,2209
16.42,2209
16.43,2209
16.44,2209
16.45,2209
16.46,2209
16.47,2209
16.48,2209
16.49,2209
16.5,2209
16.51,2209
16.52,2209
16.53,2209
16.54,2209
16.55,2209
16.56,2209
16.57,2209
16.58,2209
16.59,2209
16.6,2209
16.61,2209
16.62,2209
16.63,2209
16.64,2209
16.65,2209
16.66,2209
16.67,2209
16.68,2209
16.69,2209
16.7,2209
16.71,2209
16.72,2209
16.73,2209
16.74,2209
16.75,2209
16.76,2209
16.77,2209
16.78,2209
16.79,2209
16.8,2209
16.81,2209
16.82,2209
16.83,2209
16.84,2209
16.85,2209
16.86,2209
16.87,2209
16.88,2209
16.89,2209
16.9,2209
16.91,2209
16.92,2209
16.93,2209
16.94,2209
16.95,2209
16.96,2209
16.97,2209
16.98,2209
16.99,2209
17.0,2209
17.01,2209
17.02,2209
17.03,2209
17.04,2209
17.05,2209
17.06,2209
17.07,2209
17.08,2209
17.09,2209
17.1,2209
17.11,2209
17.12,2209
17.13,2209
17.14,2209
17.15,2209
17.16,2209
17.17,2209
17.18,2209
17.19,2209
17.2,2209
17.21,2209
17.22,2209
17.23,2209
17.24,2209
17.25,2209
17.26,2209
17.27,2209
17.28,2209
17.29,2209
17.3,2209
17.31,2209
17.32,2209
17.33,2209
17.34,2209
17.35,2209
17.36,2209
17.37,2209
17.38,2209
17.39,2209
17.4,2209
17.41,2209
17.42,2209
17.43,2209
17.44,2209
17.45,2209
17.46,2209
17.47,2209
17.48,2209
17.49,2209
17.5,2209
17.51,2209
17.52,2209
17.53,2209
17.54,2209
17.55,2209
17.56,2209
17.57,2208
17.58,2208
17.59,2208
17.6,2208
17.61,2208
17.62,2208
17.63,2208
17.64,2208
17.65,2208
17.66,2208
17.67,2208
17.68,2208
17.69,2208
17.7,2208
17.71,2208
17.72,2208
17.73,2208
17.74,2208
17.75,2208
17.76,2208
17.77,2208
17.78,2208
17.79,2208
17.8,2208
17.81,2208
17.82,2208
17.83,2208
17.84,2208
17.85,2208
17.86,2208
17.87,2208
17.88,2208
17.89,2208
17.9,2208
17.91,2208
17.92,2208
17.93,2208
17.94,2208
17.95,2208
17.96,2208
17.97,2208
17.98,2208
17.99,2208
18.0,2208
18.01,2208
18.02,2208
18.03,2208
18.04,2208
18.05,2208
18.06,2208
18.07,2208
18.08,2208
18.09,2208
18.1,2208
18.11,2208
18.12,2208
18.13,2208
18.14,2208
18.15,2208
18.16,2208
18.17,2208
18.18,2208
18.19,2208
18.2,2208
18.21,2208
18.22,2208
18.23,2208
18.24,2208
18.25,2208
18.26,2208
18.27,2208
18.28,2208
18.29,2208
18.3,2208
18.31,2208
18.32,2208
18.33,2208
18.34,2208
18.35,2208
18.36,2208
18.37,2208
18.38,2208
18.39,2208
18.4,2208
18.41,2208
18.42,2208
18.43,2208
18.44,2208
18.45,2208
18.46,2208
18.47,2208
18.48,2208
18.49,2208
18.5,2208
18.51,2208
18.52,2208
18.53,2208
18.54,2208
18.55,2208
18.56,2208
18.57,2208
18.58,2208
18.59,2208
18.6,2208
18.61,2208
18.62,2208
18.63,2208
18.64,2208
18.65,2208
18.66,2208
18.67,2208
18.68,2208
18.69,2208
18.7,2208
18.71,2208
18.72,2208
18.73,2208
18.74,2208
18.75,2208
18.76,2208
18.77,2208
18.78,2208
18.79,2208
18.8,2208
18.81,2208
18.82,2208
18.83,2208
18.84,2208
18.85,2208
18.86,2208
18.87,2208
18.88,2208
18.89,2208
18.9,2208
18.91,2208
18.92,2208
18.93,2208
18.94,2208
18.95,2208
18.96,2208
18.97,2208
18.98,2208
18.99,2208
19.0,2208
19.01,2208
19.02,2208
19.03,2208
19.04,2208
19.05,2208
19.06,2208
19.07,2208
19.08,2208
19.09,2208
19.1,2208
19.11,2208
19.12,2208
19.13,2208
19.14,2208
19.15,2208
19.16,2208
19.17,2208
19.18,2208
19.19,2208
19.2,2208
19.21,2208
19.22,2208
19.23,2207
19.24,2207
19.25,2207
19.26,2207
19.27,2207
19.28,2207
19.29,2207
19.3,2207
19.31,2207
19.32,2207
19.33,2207
19.34,2207
19.35,2207
19.36,2207
19.37,2207
19.38,2207
19.39,2207
19.4,2207
19.41,2207
19.42,2207
19.43,2207
19.44,2207
19.45,2207
19.46,2207
19.47,2207
19.48,2207
19.49,2207
19.5,2207
19.51,2207
19.52,2207
19.53,2207
19.54,2207
19.55,2207
19.56,2207
19.57,2207
19.58,2207
19.59,2207
19.6,2207
19.61,2207
19.62,2207
19.63,2207
19.64,2207
19.65,2207
19.66,2207
19.67,2207
19.68,2207
19.69,2207
19.7,2207
19.71,2207
19.72,2207
19.73,2207
19.74,2207
19.75,2207
19.76,2207
19.77,2207
19.78,2207
19.79,2207
19.8,2207
19.81,2207
19.82,2207
19.83,2207
19.84,2207
19.85,2207
19.86,2207
19.87,2207
19.88,2207
19.89,2207
19.9,2207
19.91,2207
19.92,2207
19.93,2207
19.94,2207
19.95,2207
19.96,2207
19.97,2207
19.98,2207
19.99,2207
20.0,2207
20.01,2207
20.02,2207
20.03,2207
20.04,2207
20.05,2207
20.06,2207
20.07,2207
20.08,2207
20.09,2207
20.1,2207
20.11,2207
20.12,2207
20.13,2207
20.14,2207
20.15,2207
20.16,2207
20.17,2207
20.18,2207
20.19,2207
20.2,2207
20.21,2207
20.22,2207
20.23,2207
20.24,2207
20.25,2207
20.26,2207
20.27,2207
20.28,2207
20.29,2207
20.3,2207
20.31,2207
20.32,2207
20.33,2207
20.34,2207
20.35,2207
20.36,2207
20.37,2207
20.38,2207
20.39,2207
20.4,2207
20.41,2207
20.42,2207
20.43,2207
20.44,2207
20.45,2207
20.46,2207
20.47,2207
20.48,2207
20.49,2207
20.5,2207
20.51,2207
20.52,2207
20.53,2207
20.54,2207
20.55,2207
20.56,2207
20.57,2207
20.58,2207
20.59,2207
20.6,2207
20.61,2207
20.62,2207
20.63,2207
20.64,2207
20.65,2207
20.66,2207
20.67,2207
20.68,2207
20.69,2207
20.7,2207
20.71,2207
20.72,2207
20.73,2207
20.74,2207
20.75,2207
20.76,2207
20.77,2207
20.78,2207
20.79,2207
20.8,2207
20.81,2207
20.82,2207
20.83,2207
20.84,2207
20.85,2207
20.86,2207
20.87,2207
20.88,2207
20.89,2207
20.9,2207
20.91,2207
20.92,2207
20.93,2207
20.94,2207
20.95,2207
20.96,2207
20.97,2207
20.98,2207
20.99,2207
21.0,2207
21.01,2207
21.02,2207
21.03,2207
21.04,2207
21.05,2207
21.06,2207
21.07,2207
21.08,2207
21.09,2207
21.1,2207
21.11,2207
21.12,2207
21.13,2207
21.14,2207
21.15,2207
21.16,2207
21.17,2207
21.18,2207
21.19,2207
21.2,2207
21.21,2207
21.22,2207
21.23,2207
21.24,2207
21.25,2207
21.26,2207
21.27,2207
21.28,2207
21.29,2207
21.3,2207
21.31,2207
21.32,2207
21.33,2207
21.34,2207
21.35,2207
21.36,2207
21.37,2207
21.38,2207
21.39,2207
21.4,2207
21.41,2207
21.42,2207
21.43,2207
21.44,2207
21.45,2207
21.46,2207
21.47,2207
21.48,2207
21.49,2207
21.5,2207
21.51,2207
21.52,2207
21.53,2207
21.54,2207
21.55,2207
21.56,2207
21.57,2207
21.58,2207
21.59,2207
21.6,2207
21.61,2207
21.62,2207
21.63,2207
21.64,2207
21.65,2207
21.66,2207
21.67,2207
21.68,2207
21.69,2207
21.7,2207
21.71,2207
21.72,2207
21.73,2207
21.74,2207
21.75,2207
21.76,2207
21.77,2207
21.78,2207
21.79,2207
21.8,2207
21.81,2207
21.82,2207
21.83,2207
21.84,2207
21.85,2207
21.86,2207
21.87,2207
21.88,2207
21.89,2207
21.9,2207
21.91,2207
21.92,2207
21.93,2207
21.94,2207
21.95,2207
21.96,2207
21.97,2207
21.98,2207
21.99,2207
22.0,2207
22.01,2207
22.02,2207
22.03,2207
22.04,2207
22.05,2207
22.06,2207
22.07,2207
22.08,2207
22.09,2207
22.1,2207
22.11,2207
22.12,2207
22.13,2207
22.14,2207
22.15,2207
22.16,2207
22.17,2207
22.18,2207
22.19,2207
22.2,2207
22.21,2207
22.22,2207
22.23,2207
22.24,2207
22.25,2207
22.26,2207
22.27,2207
22.28,2207
22.29,2207
22.3,2207
22.31,2207
22.32,2207
22.33,2207
22.34,2207
22.35,2207
22.36,2207
22.37,2207
22.38,2207
22.39,2207
22.4,2207
22.41,2207
22.42,2207
22.43,2207
22.44,2207
22.45,2207
22.46,2207
22.47,2207
22.48,2207
22.49,2207
22.5,2207
22.51,2207
22.52,2207
22.53,2207
22.54,2207
22.55,2207
22.56,2207
22.57,2207
22.58,2207
22.59,2207
22.6,2207
22.61,2207
22.62,2207
22.63,2207
22.64,2207
22.65,2207
22.66,2207
22.67,2207
22.68,2207
22.69,2207
22.7,2207
22.71,2207
22.72,2207
22.73,2207
22.74,2207
22.75,2207
22.76,2207
22.77,2207
22.78,2207
22.79,2207
22.8,2207
22.81,2207
22.82,2207
22.83,2207
22.84,2207
22.85,2207
22.86,2207
22.87,2207
22.88,2207
22.89,2207
22.9,2207
22.91,2207
22.92,2207
22.93,2207
22.94,2207
22.95,2207
22.96,2207
22.97,2207
22.98,2207
22.99,2207
23.0,2207
23.01,2207
23.02,2207
23.03,2207
23.04,2207
23.05,2207
23.06,2207
23.07,2207
23.08,2207
23.09,2207
23.1,2207
23.11,2207
23.12,2207
23.13,2207
23.14,2207
23.15,2207
23.16,2207
23.17,2207
23.18,2207
23.19,2207
23.2,2207
23.21,2207
23.22,2207
23.23,2207
23.24,2207
23.25,2207
23.26,2207
23.27,2207
23.28,2207
23.29,2207
23.3,2207
23.31,2207
23.32,2207
23.33,2207
23.34,2207
23.35,2207
23.36,2207
23.37,2207
23.38,2207
23.39,2207
23.4,2207
23.41,2207
23.42,2207
23.43,2207
23.44,2207
23.45,2207
23.46,2207
23.47,2207
23.48,2207
23.49,2207
23.5,2207
23.51,2207
23.52,2207
23.53,2207
23.54,2207
23.55,2207
23.56,2207
23.57,2207
23.58,2207
23.59,2207
23.6,2207
23.61,2207
23.62,2207
23.63,2207
23.64,2207
23.65,2207
23.66,2207
23.67,2207
23.68,2207
23.69,2207
23.7,2207
23.71,2207
23.72,2207
23.73,2207
23.74,2207
23.75,2207
23.76,2207
23.77,2207
23.78,2207
23.79,2207
23.8,2207
23.81,2207
23.82,2207
23.83,2207
23.84,2207
23.85,2207
23.86,2207
23.87,2207
23.88,2207
23.89,2207
23.9,2207
23.91,2207
23.92,2207
23.93,2207
23.94,2207
23.95,2207
23.96,2207
23.97,2207
23.98,2207
23.99,2207
24.0,2207
24.01,2207
24.02,2207
24.03,2207
24.04,2207
24.05,2207
24.06,2207
24.07,2207
24.08,2207
24.09,2207
24.1,2207
24.11,2207
24.12,2207
24.13,2207
24.14,2207
24.15,2207
24.16,2207
24.17,2207
24.18,2207
24.19,2207
24.2,2207
24.21,2207
24.22,2207
24.23,2207
24.24,2207
24.25,2207
24.26,2207
24.27,2207
24.28,2207
24.29,2207
24.3,2207
24.31,2207
24.32,2207
24.33,2207
24.34,2207
24.35,2207
24.36,2207
24.37,2207
24.38,2207
24.39,2207
24.4,2207
24.41,2207
24.42,2207
24.43,2207
24.44,2207
24.45,2207
24.46,2207
24.47,2207
24.48,2207
24.49,2207
24.5,2207
24.51,2207
24.52,2207
24.53,2207
24.54,2207
24.55,2207
24.56,2207
24.57,2207
24.58,2207
24.59,2207
24.6,2207
24.61,2207
24.62,2207
24.63,2207
24.64,2207
24.65,2207
24.66,2207
24.67,2207
24.68,2207
24.69,2207
24.7,2207
24.71,2207
24.72,2207
24.73,2207
24.74,2207
24.75,2207
24.76,2207
24.77,2207
24.78,2207
24.79,2207
24.8,2207
24.81,2207
24.82,2207
24.83,2207
24.84,2207
24.85,2207
24.86,2207
24.87,2207
24.88,2207
24.89,2207
24.9,2207
24.91,2207
24.92,2207
24.93,2207
24.94,2207
24.95,2207
24.96,2207
24.97,2207
24.98,2207
24.99,2207
25.0,2207
25.01,2207
25.02,2207
25.03,2207
25.04,2207
25.05,2207
25.06,2207
25.07,2207
25.08,2207
25.09,2206
25.1,2206
25.11,2206
25.12,2206
25.13,2206
25.14,2206
25.15,2206
25.16,2206
25.17,2206
25.18,2206
25.19,2206
25.2,2206
25.21,2206
25.22,2206
25.23,2206
25.24,2206
25.25,2206
25.26,2206
25.27,2206
25.28,2206
25.29,2206
25.3,2206
25.31,2206
25.32,2206
25.33,2206
25.34,2206
25.35,2206
25.36,2206
25.37,2206
25.38,2206
25.39,2206
25.4,2206
25.41,2206
25.42,2206
25.43,2206
25.44,2206
25.45,2206
25.46,2206
25.47,2206
25.48,2206
25.49,2206
25.5,2206
25.51,2206
25.52,2206
25.53,2206
25.54,2206
25.55,2206
25.56,2206
25.57,2206
25.58,2206
25.59,2206
25.6,2206
25.61,2206
25.62,2206
25.63,2206
25.64,2206
25.65,2206
25.66,2206
25.67,2206
25.68,2206
25.69,2206
25.7,2206
25.71,2206
25.72,2206
25.73,2206
25.74,2206
25.75,2206
25.76,2206
25.77,2206
25.78,2206
25.79,2206
25.8,2206
25.81,2206
25.82,2206
25.83,2206
25.84,2206
25.85,2206
25.86,2206
25.87,2206
25.88,2206
25.89,2206
25.9,2206
25.91,2206
25.92,2206
25.93,2206
25.94,2206
25.95,2206
25.96,2206
25.97,2206
25.98,2206
25.99,2206
26.0,2206
26.01,2206
26.02,2206
26.03,2206
26.04,2206
26.05,2206
26.06,2206
26.07,2206
26.08,2206
26.09,2206
26.1,2206
26.11,2206
26.12,2206
26.13,2206
26.14,2206
26.15,2206
26.16,2206
26.17,2206
26.18,2206
26.19,2206
26.2,2206
26.21,2206
26.22,2206
26.23,2206
26.24,2206
26.25,2206
26.26,2206
26.27,2206
26.28,2206
26.29,2206
26.3,2206
26.31,2206
26.32,2206
26.33,2206
26.34,2206
26.35,2206
26.36,2206
26.37,2206
26.38,2206
26.39,2206
26.4,2206
26.41,2206
26.42,2206
26.43,2206
26.44,2206
26.45,2206
26.46,2206
26.47,2206
26.48,2206
26.49,2206
26.5,2206
26.51,2206
26.52,2206
26.53,2206
26.54,2206
26.55,2206
26.56,2206
26.57,2206
26.58,2206
26.59,2206
26.6,2206
26.61,2206
26.62,2206
26.63,2206
26.64,2206
26.65,2206
26.66,2206
26.67,2206
26.68,2206
26.69,2206
26.7,2206
26.71,2206
26.72,2206
26.73,2206
26.74,2206
26.75,2206
26.76,2206
26.77,2206
26.78,2206
26.79,2206
26.8,2206
26.81,2206
26.82,2206
26.83,2206
26.84,2206
26.85,2206
26.86,2206
26.87,2206
26.88,2206
26.89,2206
26.9,2206
26.91,2206
26.92,2206
26.93,2206
26.94,2206
26.95,2206
26.96,2206
26.97,2206
26.98,2206
26.99,2206
27.0,2206
27.01,2206
27.02,2206
27.03,2206
27.04,2206
27.05,2206
27.06,2206
27.07,2206
27.08,2206
27.09,2206
27.1,2206
27.11,2206
27.12,2206
27.13,2206
27.14,2206
27.15,2206
27.16,2206
27.17,2206
27.18,2206
27.19,2206
27.2,2206
27.21,2206
27.22,2206
27.23,2206
27.24,2206
27.25,2206
27.26,2206
27.27,2206
27.28,2206
27.29,2206
27.3,2206
27.31,2206
27.32,2206
27.33,2206
27.34,2206
27.35,2206
27.36,2206
27.37,2206
27.38,2206
27.39,2206
27.4,2206
27.41,2206
27.42,2206
27.43,2206
27.44,2206
27.45,2206
27.46,2206
27.47,2206
27.48,2206
27.49,2206
27.5,2206
27.51,2206
27.52,2206
27.53,2206
27.54,2206
27.55,2206
27.56,2206
27.57,2206
27.58,2206
27.59,2206
27.6,2206
27.61,2206
27.62,2206
27.63,2206
27.64,2206
27.65,2206
27.66,2206
27.67,2206
27.68,2206
27.69,2206
27.7,2206
27.71,2206
27.72,2206
27.73,2206
27.74,2206
27.75,2206
27.76,2206
27.77,2206
27.78,2206
27.79,2206
27.8,2206
27.81,2206
27.82,2206
27.83,2206
27.84,2206
27.85,2206
27.86,2206
27.87,2206
27.88,2206
27.89,2206
27.9,2206
27.91,2206
27.92,2206
27.93,2206
27.94,2206
27.95,2206
27.96,2206
27.97,2206
27.98,2206
27.99,2206
28.0,2206
28.01,2206
28.02,2206
28.03,2206
28.04,2206
28.05,2206
28.06,2206
28.07,2206
28.08,2206
28.09,2206
28.1,2206
28.11,2206
28.12,2206
28.13,2206
28.14,2206
28.15,2206
28.16,2206
28.17,2206
28.18,2206
28.19,2206
28.2,2206
28.21,2206
28.22,2206
28.23,2206
28.24,2206
28.25,2206
28.26,2206
28.27,2206
28.28,2206
28.29,2206
28.3,2206
28.31,2206
28.32,2206
28.33,2206
28.34,2206
28.35,2206
28.36,2206
28.37,2206
28.38,2206
28.39,2206
28.4,2206
28.41,2206
28.42,2206
28.43,2206
28.44,2206
28.45,2206
28.46,2206
28.47,2206
28.48,2206
28.49,2206
28.5,2206
28.51,2206
28.52,2206
28.53,2206
28.54,2206
28.55,2206
28.56,2206
28.57,2206
28.58,2206
28.59,2206
28.6,2206
28.61,2206
28.62,2206
28.63,2206
28.64,2206
28.65,2206
28.66,2206
28.67,2206
28.68,2206
28.69,2206
28.7,2206
28.71,2206
28.72,2206
28.73,2206
28.74,2206
28.75,2206
28.76,2206
28.77,2206
28.78,2206
28.79,2206
28.8,2206
28.81,2206
28.82,2206
28.83,2206
28.84,2206
28.85,2206
28.86,2206
28.87,2206
28.88,2206
28.89,2206
28.9,2206
28.91,2206
28.92,2206
28.93,2206
28.94,2206
28.95,2206
28.96,2206
28.97,2206
28.98,2206
28.99,2206
29.0,2206
29.01,2206
29.02,2206
29.03,2206
29.04,2206
29.05,2206
29.06,2206
29.07,2206
29.08,2206
29.09,2206
29.1,2206
29.11,2206
29.12,2206
29.13,2206
29.14,2206
29.15,2206
29.16,2206
29.17,2206
29.18,2206
29.19,2206
29.2,2206
29.21,2206
29.22,2206
29.23,2206
29.24,2206
29.25,2206
29.26,2206
29.27,2206
29.28,2206
29.29,2206
29.3,2206
29.31,2206
29.32,2206
29.33,2206
29.34,2206
29.35,2206
29.36,2206
29.37,2206
29.38,2206
29.39,2206
29.4,2206
29.41,2206
29.42,2206
29.43,2206
29.44,2206
29.45,2206
29.46,2206
29.47,2206
29.48,2206
29.49,2206
29.5,2206
29.51,2206
29.52,2206
29.53,2206
29.54,2206
29.55,2206
29.56,2206
29.57,2206
29.58,2206
29.59,2206
29.6,2206
29.61,2206
29.62,2206
29.63,2206
29.64,2206
29.65,2206
29.66,2206
29.67,2206
29.68,2206
29.69,2206
29.7,2206
29.71,2206
29.72,2206
29.73,2206
29.74,2206
29.75,2206
29.76,2206
29.77,2206
29.78,2206
29.79,2206
29.8,2206
29.81,2206
29.82,2206
29.83,2206
29.84,2206
29.85,2206
29.86,2206
29.87,2206
29.88,2206
29.89,2206
29.9,2206
29.91,2206
29.92,2206
29.93,2206
29.94,2206
29.95,2206
29.96,2206
29.97,2206
29.98,2206
29.99,2206
30.0,2206
30.01,2206
30.02,2206
30.03,2206
30.04,2206
30.05,2206
30.06,2206
30.07,2206
30.08,2206
30.09,2206
30.1,2206
30.11,2206
30.12,2206
30.13,2206
30.14,2206
30.15,2206
30.16,2206
30.17,2206
30.18,2206
30.19,2206
30.2,2206
30.21,2206
30.22,2206
30.23,2206
30.24,2206
30.25,2206
30.26,2206
30.27,2206
30.28,2206
30.29,2206
30.3,2206
30.31,2206
30.32,2206
30.33,2206
30.34,2206
30.35,2206
30.36,2206
30.37,2206
30.38,2206
30.39,2206
30.4,2206
30.41,2206
30.42,2206
30.43,2206
30.44,2206
30.45,2206
30.46,2206
30.47,2206
30.48,2206
30.49,2206
30.5,2206
30.51,2206
30.52,2206
30.53,2206
30.54,2206
30.55,2206
30.56,2206
30.57,2206
30.58,2206
30.59,2206
30.6,2206
30.61,2206
30.62,2206
30.63,2206
30.64,2206
30.65,2206
30.66,2206
30.67,2206
30.68,2206
30.69,2206
30.7,2206
30.71,2206
30.72,2206
30.73,2206
30.74,2206
30.75,2206
30.76,2206
30.77,2206
30.78,2206
30.79,2206
30.8,2206
30.81,2206
30.82,2206
30.83,2206
30.84,2206
30.85,2206
30.86,2206
30.87,2206
30.88,2206
30.89,2206
30.9,2206
30.91,2206
30.92,2206
30.93,2206
30.94,2206
30.95,2206
30.96,2206
30.97,2206
30.98,2206
30.99,2206
31.0,2206
31.01,2206
31.02,2206
31.03,2206
31.04,2206
31.05,2206
31.06,2206
31.07,2206
31.08,2206
31.09,2206
31.1,2206
31.11,2206
31.12,2206
31.13,2206
31.14,2206
31.15,2206
31.16,2206
31.17,2206
31.18,2206
31.19,2206
31.2,2206
31.21,2206
31.22,2206
31.23,2206
31.24,2206
31.25,2206
31.26,2206
31.27,2206
31.28,2206
31.29,2206
31.3,2206
31.31,2206
31.32,2206
31.33,2206
31.34,2206
31.35,2206
31.36,2206
31.37,2206
31.38,2206
31.39,2206
31.4,2206
31.41,2206
31.42,2206
31.43,2206
31.44,2206
31.45,2206
31.46,2206
31.47,2206
31.48,2206
31.49,2206
31.5,2206
31.51,2206
31.52,2206
31.53,2206
31.54,2206
31.55,2206
31.56,2206
31.57,2206
31.58,2206
31.59,2206
31.6,2206
31.61,2206
31.62,2206
31.63,2206
31.64,2206
31.65,2206
31.66,2206
31.67,2206
31.68,2206
31.69,2206
31.7,2206
31.71,2206
31.72,2206
31.73,2206
31.74,2206
31.75,2206
31.76,2206
31.77,2206
31.78,2206
31.79,2206
31.8,2206
31.81,2206
31.82,2206
31.83,2206
31.84,2206
31.85,2206
31.86,2206
31.87,2206
31.88,2206
31.89,2206
31.9,2206
31.91,2206
31.92,2206
31.93,2206
31.94,2206
31.95,2206
31.96,2206
31.97,2206
31.98,2206
31.99,2206
32.0,2206
32.01,2206
32.02,2206
32.03,2206
32.04,2206
32.05,2206
32.06,2206
32.07,2206
32.08,2206
32.09,2206
32.1,2206
32.11,2206
32.12,2206
32.13,2206
32.14,2206
32.15,2206
32.16,2206
32.17,2206
32.18,2206
32.19,2206
32.2,2206
32.21,2206
32.22,2206
32.23,2206
32.24,2206
32.25,2206
32.26,2206
32.27,2206
32.28,2206
32.29,2206
32.3,2206
32.31,2206
32.32,2206
32.33,2206
32.34,2206
32.35,2206
32.36,2206
32.37,2206
32.38,2206
32.39,2206
32.4,2206
32.41,2206
32.42,2206
32.43,2206
32.44,2206
32.45,2206
32.46,2206
32.47,2206
32.48,2206
32.49,2206
32.5,2206
32.51,2206
32.52,2206
32.53,2206
32.54,2206
32.55,2206
32.56,2206
32.57,2206
32.58,2206
32.59,2206
32.6,2206
32.61,2206
32.62,2206
32.63,2206
32.64,2206
32.65,2206
32.66,2206
32.67,2206
32.68,2206
32.69,2206
32.7,2206
32.71,2206
32.72,2206
32.73,2206
32.74,2206
32.75,2206
32.76,2206
32.77,2206
32.78,2206
32.79,2206
32.8,2206
32.81,2206
32.82,2206
32.83,2206
32.84,2206
32.85,2206
32.86,2206
32.87,2206
32.88,2206
32.89,2206
32.9,2206
32.91,2206
32.92,2206
32.93,2206
32.94,2206
32.95,2206
32.96,2206
32.97,2206
32.98,2206
32.99,2206
33.0,2206
33.01,2206
33.02,2206
33.03,2206
33.04,2206
33.05,2206
33.06,2206
33.07,2206
33.08,2206
33.09,2206
33.1,2206
33.11,2206
33.12,2206
33.13,2206
33.14,2206
33.15,2206
33.16,2206
33.17,2206
33.18,2206
33.19,2206
33.2,2206
33.21,2206
33.22,2206
33.23,2206
33.24,2206
33.25,2206
33.26,2206
33.27,2206
33.28,2206
33.29,2206
33.3,2206
33.31,2206
33.32,2206
33.33,2206
33.34,2206
33.35,2206
33.36,2206
33.37,2206
33.38,2206
33.39,2206
33.4,2206
33.41,2206
33.42,2206
33.43,2206
33.44,2206
33.45,2206
33.46,2206
33.47,2206
33.48,2206
33.49,2206
33.5,2206
33.51,2206
33.52,2206
33.53,2206
33.54,2206
33.55,2206
33.56,2206
33.57,2206
33.58,2206
33.59,2206
33.6,2206
33.61,2206
33.62,2206
33.63,2206
33.64,2206
33.65,2206
33.66,2206
33.67,2205
33.68,2205
33.69,2205
33.7,2205
33.71,2205
33.72,2205
33.73,2205
33.74,2205
33.75,2205
33.76,2205
33.77,2205
33.78,2205
33.79,2205
33.8,2205
33.81,2205
33.82,2205
33.83,2205
33.84,2205
33.85,2205
33.86,2205
33.87,2205
33.88,2205
33.89,2205
33.9,2205
33.91,2205
33.92,2205
33.93,2205
33.94,2205
33.95,2205
33.96,2205
33.97,2205
33.98,2205
33.99,2205
34.0,2205
34.01,2205
34.02,2205
34.03,2205
34.04,2205
34.05,2205
34.06,2205
34.07,2205
34.08,2205
34.09,2205
34.1,2205
34.11,2205
34.12,2205
34.13,2205
34.14,2205
34.15,2205
34.16,2205
34.17,2205
34.18,2205
34.19,2205
34.2,2205
34.21,2205
34.22,2205
34.23,2205
34.24,2205
34.25,2205
34.26,2205
34.27,2205
34.28,2205
34.29,2205
34.3,2205
34.31,2205
34.32,2205
34.33,2205
34.34,2205
34.35,2205
34.36,2205
34.37,2205
34.38,2205
34.39,2205
34.4,2205
34.41,2205
34.42,2205
34.43,2205
34.44,2205
34.45,2205
34.46,2205
34.47,2205
34.48,2205
34.49,2205
34.5,2205
34.51,2205
34.52,2205
34.53,2205
34.54,2205
34.55,2205
34.56,2205
34.57,2205
34.58,2205
34.59,2205
34.6,2205
34.61,2205
34.62,2205
34.63,2205
34.64,2205
34.65,2205
34.66,2205
34.67,2205
34.68,2205
34.69,2205
34.7,2205
34.71,2205
34.72,2205
34.73,2205
34.74,2205
34.75,2205
34.76,2205
34.77,2205
34.78,2205
34.79,2205
34.8,2205
34.81,2205
34.82,2205
34.83,2204
34.84,2204
34.85,2204
34.86,2204
34.87,2204
34.88,2204
34.89,2204
34.9,2204
34.91,2204
34.92,2204
34.93,2204
34.94,2204
34.95,2204
34.96,2204
34.97,2204
34.98,2204
34.99,2204
35.0,2204
35.01,2204
35.02,2204
35.03,2204
35.04,2204
35.05,2204
35.06,2204
35.07,2204
35.08,2204
35.09,2204
35.1,2204
35.11,2204
35.12,2204
35.13,2204
35.14,2204
35.15,2204
35.16,2204
35.17,2204
35.18,2204
35.19,2204
35.2,2204
35.21,2204
35.22,2204
35.23,2204
35.24,2204
35.25,2204
35.26,2204
35.27,2204
35.28,2204
35.29,2204
35.3,2204
35.31,2204
35.32,2204
35.33,2204
35.34,2204
35.35,2204
35.36,2204
35.37,2204
35.38,2204
35.39,2204
35.4,2204
35.41,2204
35.42,2204
35.43,2204
35.44,2204
35.45,2204
35.46,2204
35.47,2204
35.48,2204
35.49,2204
35.5,2204
35.51,2204
35.52,2204
35.53,2204
35.54,2204
35.55,2204
35.56,2204
35.57,2204
35.58,2204
35.59,2204
35.6,2204
35.61,2204
35.62,2204
35.63,2204
35.64,2204
35.65,2204
35.66,2204
35.67,2204
35.68,2204
35.69,2204
35.7,2204
35.71,2204
35.72,2204
35.73,2204
35.74,2204
35.75,2204
35.76,2204
35.77,2204
35.78,2204
35.79,2204
35.8,2204
35.81,2204
35.82,2204
35.83,2204
35.84,2204
35.85,2204
35.86,2204
35.87,2204
35.88,2204
35.89,2204
35.9,2204
35.91,2204
35.92,2204
35.93,2204
35.94,2204
35.95,2204
35.96,2204
35.97,2204
35.98,2204
35.99,2204
36.0,2204
36.01,2204
36.02,2204
36.03,2204
36.04,2204
36.05,2204
36.06,2204
36.07,2204
36.08,2204
36.09,2204
36.1,2204
36.11,2204
36.12,2204
36.13,2204
36.14,2204
36.15,2204
36.16,2204
36.17,2204
36.18,2204
36.19,2204
36.2,2204
36.21,2204
36.22,2204
36.23,2204
36.24,2204
36.25,2204
36.26,2204
36.27,2204
36.28,2204
36.29,2204
36.3,2204
36.31,2204
36.32,2204
36.33,2204
36.34,2204
36.35,2204
36.36,2204
36.37,2204
36.38,2204
36.39,2204
36.4,2204
36.41,2204
36.42,2204
36.43,2204
36.44,2204
36.45,2204
36.46,2204
36.47,2204
36.48,2204
36.49,2204
36.5,2204
36.51,2204
36.52,2204
36.53,2204
36.54,2204
36.55,2204
36.56,2204
36.57,2204
36.58,2204
36.59,2204
36.6,2204
36.61,2204
36.62,2204
36.63,2204
36.64,2204
36.65,2204
36.66,2204
36.67,2204
36.68,2204
36.69,2204
36.7,2204
36.71,2204
36.72,2204
36.73,2204
36.74,2204
36.75,2204
36.76,2204
36.77,2204
36.78,2204
36.79,2204
36.8,2204
36.81,2204
36.82,2204
36.83,2204
36.84,2204
36.85,2204
36.86,2204
36.87,2204
36.88,2204
36.89,2204
36.9,2204
36.91,2204
36.92,2204
36.93,2204
36.94,2204
36.95,2204
36.96,2204
36.97,2204
36.98,2204
36.99,2204
37.0,2204
37.01,2204
37.02,2204
37.03,2204
37.04,2204
37.05,2204
37.06,2204
37.07,2204
37.08,2204
37.09,2204
37.1,2204
37.11,2204
37.12,2204
37.13,2204
37.14,2204
37.15,2204
37.16,2204
37.17,2204
37.18,2204
37.19,2204
37.2,2204
37.21,2204
37.22,2204
37.23,2204
37.24,2204
37.25,2204
37.26,2204
37.27,2204
37.28,2204
37.29,2204
37.3,2204
37.31,2204
37.32,2204
37.33,2204
37.34,2204
37.35,2204
37.36,2204
37.37,2204
37.38,2204
37.39,2204
37.4,2204
37.41,2204
37.42,2204
37.43,2204
37.44,2204
37.45,2204
37.46,2204
37.47,2204
37.48,2204
37.49,2204
37.5,2204
37.51,2204
37.52,2204
37.53,2204
37.54,2204
37.55,2204
37.56,2204
37.57,2204
37.58,2204
37.59,2204
37.6,2204
37.61,2204
37.62,2204
37.63,2204
37.64,2204
37.65,2204
37.66,2204
37.67,2204
37.68,2204
37.69,2204
37.7,2204
37.71,2204
37.72,2204
37.73,2204
37.74,2204
37.75,2204
37.76,2204
37.77,2204
37.78,2204
37.79,2204
37.8,2204
37.81,2204
37.82,2204
37.83,2204
37.84,2204
37.85,2204
37.86,2204
37.87,2204
37.88,2204
37.89,2204
37.9,2204
37.91,2204
37.92,2204
37.93,2204
37.94,2204
37.95,2204
37.96,2204
37.97,2204
37.98,2204
37.99,2204
38.0,2204
38.01,2204
38.02,2204
38.03,2204
38.04,2204
38.05,2204
38.06,2204
38.07,2204
38.08,2204
38.09,2204
38.1,2204
38.11,2204
38.12,2204
38.13,2204
38.14,2204
38.15,2203
