0.0,14109
0.23,14108
0.55,14107
0.75,14106
0.98,14105
1.27,14104
1.47,14103
1.78,14102
2.14,14101
2.36,14100
2.63,14099
2.88,14098
3.14,14097
3.38,14096
3.68,14095
3.94,14094
4.19,14093
4.43,14092
4.75,14091
5.01,14090
5.25,14089
5.51,14088
5.77,14087
6.03,14086
6.27,14085
6.53,14084
6.84,14083
7.09,14082
7.36,14081
7.61,14080
7.94,14079
8.14,14078
8.36,14077
8.66,14076
8.89,14075
9.2,14074
9.42,14073
9.67,14072
9.89,14071
10.25,14070
10.47,14069
10.78,14068
11.08,14067
11.36,14066
11.59,14065
11.89,14064
12.25,14063
12.56,14062
12.86,14061
13.13,14060
13.34,14059
13.67,14058
13.99,14057
14.22,14056
14.57,14055
14.88,14054
15.11,14053
15.39,14052
15.72,14051
15.93,14050
16.22,14049
16.47,14048
16.76,14047
17.11,14046
17.37,14045
17.62,14044
17.84,14043
18.14,14042
18.43,14041
18.72,14040
19.01,14039
19.34,14038
19.64,14037
19.9,14036
20.15,14035
20.45,14034
20.76,14033
21.08,14032
21.51,14031
21.84,14030
22.19,14029
22.39,14028
22.81,14027
23.16,14026
23.44,14025
23.73,14024
24.0,14023
24.25,14022
24.52,14021
24.79,14020
25.09,14019
25.36,14018
25.63,14017
25.87,14016
26.12,14015
26.36,14014
26.63,14013
26.88,14012
27.27,14011
27.57,14010
27.83,14009
28.23,14008
28.66,14007
29.03,14006
29.27,14005
29.59,14004
29.84,14003
30.15,14002
30.51,14001
30.78,14000
31.07,13999
31.4,13998
31.72,13997
32.06,13996
32.31,13995
32.64,13994
32.91,13993
33.2,13992
33.5,13991
33.77,13990
34.0,13989
34.34,13988
34.59,13987
34.91,13986
35.14,13985
35.46,13984
35.72,13983
36.02,13982
36.29,13981
36.59,13980
36.86,13979
37.15,13978
37.4,13977
37.78,13976
38.03,13975
38.25,13974
38.56,13973
38.84,13972
39.16,13971
39.41,13970
39.72,13969
39.96,13968
40.2,13967
40.57,13966
40.82,13965
41.14,13964
41.47,13963
41.77,13962
42.04,13961
42.35,13960
42.63,13959
42.9,13958
43.15,13957
43.48,13956
43.73,13955
43.99,13954
44.23,13953
44.5,13952
44.75,13951
45.0,13950
45.32,13949
45.58,13948
45.85,13947
46.13,13946
46.43,13945
46.72,13944
47.02,13943
47.24,13942
47.46,13941
47.68,13940
47.98,13939
48.21,13938
48.49,13937
48.7,13936
48.97,13935
49.2,13934
49.49,13933
49.8,13932
50.09,13931
50.3,13930
50.6,13929
50.83,13928
51.1,13927
51.38,13926
51.62,13925
51.91,13924
52.15,13923
52.42,13922
52.73,13921
52.97,13920
53.27,13919
53.53,13918
53.83,13917
54.04,13916
54.26,13915
54.54,13914
54.84,13913
55.07,13912
55.31,13911
55.62,13910
55.92,13909
56.23,13908
56.47,13907
56.76,13906
57.01,13905
57.31,13904
57.52,13903
57.75,13902
58.03,13901
58.33,13900
58.63,13899
58.89,13898
59.13,13897
59.42,13896
59.69,13895
59.94,13894
60.19,13893
60.44,13892
60.7,13891
60.94,13890
61.18,13889
61.43,13888
61.75,13887
61.99,13886
62.24,13885
62.5,13884
62.76,13883
63.0,13882
63.25,13881
63.5,13880
63.76,13879
64.07,13878
64.36,13877
64.61,13876
64.83,13875
65.14,13874
65.45,13873
65.69,13872
65.96,13871
66.18,13870
66.46,13869
66.68,13868
66.9,13867
67.2,13866
67.41,13865
67.69,13864
67.91,13863
68.2,13862
68.42,13861
68.72,13860
68.99,13859
69.26,13858
69.5,13857
69.79,13856
70.07,13855
70.28,13854
70.6,13853
70.86,13852
71.09,13851
71.34,13850
71.63,13849
71.84,13848
72.06,13847
72.37,13846
72.65,13845
72.87,13844
73.08,13843
73.32,13842
73.54,13841
73.82,13840
74.12,13839
74.39,13838
74.61,13837
74.94,13836
75.26,13835
75.5,13834
75.81,13833
76.04,13832
76.24,13831
76.54,13830
76.76,13829
77.06,13828
77.37,13827
77.58,13826
77.89,13825
78.18,13824
78.41,13823
78.69,13823
78.89,13822
79.16,13821
79.36,13820
79.7,13819
79.94,13818
80.19,13817
80.48,13816
80.75,13815
81.01,13814
81.31,13813
81.56,13812
81.82,13811
82.06,13810
82.31,13809
82.57,13808
82.82,13807
83.07,13806
83.33,13805
83.59,13804
83.89,13803
84.14,13802
84.39,13801
84.65,13800
84.9,13799
85.14,13798
85.39,13797
85.64,13796
85.86,13795
86.14,13794
86.36,13793
86.72,13792
86.94,13791
87.22,13790
87.44,13789
87.7,13788
87.99,13787
88.19,13786
88.37,13785
88.66,13784
88.96,13783
89.18,13782
89.48,13781
89.71,13780
89.97,13779
90.21,13778
90.47,13777
90.77,13776
91.07,13775
91.27,13774
91.51,13773
91.73,13772
92.01,13771
92.25,13770
92.51,13769
92.76,13768
93.06,13767
93.31,13766
93.61,13765
93.92,13764
94.13,13763
94.43,13762
94.73,13761
94.95,13760
95.23,13759
95.46,13758
95.75,13757
96.06,13756
96.28,13755
96.61,13754
96.81,13753
97.09,13752
97.35,13751
97.62,13750
97.92,13749
98.23,13748
98.5,13747
98.81,13746
99.06,13745
99.39,13744
99.61,13743
99.92,13742
100.13,13741
100.42,13740
100.66,13739
100.97,13738
101.19,13737
101.5,13736
101.81,13735
102.03,13734
102.33,13733
102.62,13732
102.83,13731
103.09,13730
103.36,13729
103.67,13728
103.91,13727
104.22,13726
104.43,13725
104.74,13724
104.97,13723
105.25,13722
105.5,13721
105.79,13720
106.13,13719
106.44,13718
106.8,13717
107.1,13716
107.33,13715
107.54,13715
107.84,13714
108.08,13713
108.4,13712
108.63,13711
108.96,13710
109.18,13709
109.46,13708
109.7,13707
109.98,13706
110.21,13705
110.6,13704
110.82,13703
111.12,13702
111.34,13701
111.64,13700
111.92,13699
112.13,13698
112.44,13697
112.71,13696
112.93,13695
113.18,13694
113.37,13693
113.67,13692
113.96,13691
114.2,13690
114.5,13689
114.73,13688
115.04,13687
115.28,13686
115.55,13685
115.84,13684
116.12,13683
116.36,13682
116.67,13681
116.93,13680
117.26,13679
117.48,13678
117.78,13677
118.03,13676
118.34,13675
118.58,13674
118.87,13673
119.11,13672
119.43,13671
119.73,13670
119.95,13669
120.16,13668
120.47,13667
120.75,13666
121.03,13665
121.25,13664
121.56,13663
121.79,13662
122.1,13661
122.42,13660
122.66,13659
122.95,13658
123.14,13657
123.44,13656
123.67,13655
123.97,13654
124.2,13653
124.5,13652
124.73,13651
125.03,13650
125.25,13649
125.52,13648
125.81,13647
126.02,13646
126.25,13645
126.47,13644
126.68,13643
126.95,13642
127.19,13641
127.4,13640
127.69,13639
127.93,13638
128.16,13637
128.37,13636
128.67,13635
128.91,13634
129.2,13633
129.42,13632
129.71,13631
129.99,13630
130.28,13629
130.51,13628
130.8,13627
131.09,13626
131.29,13625
131.58,13624
131.88,13623
132.13,13622
132.38,13621
132.65,13620
132.9,13619
133.15,13618
133.39,13617
133.65,13616
133.91,13615
134.21,13614
134.46,13613
134.71,13612
134.96,13611
135.21,13610
135.46,13609
135.71,13608
135.96,13607
136.27,13606
136.51,13605
136.77,13604
137.01,13603
137.26,13602
137.51,13601
137.79,13600
138.07,13599
138.29,13598
138.58,13597
138.87,13596
139.09,13595
139.37,13594
139.58,13593
139.81,13592
140.11,13591
140.41,13590
140.62,13589
140.92,13588
141.14,13587
141.45,13586
141.74,13585
142.05,13584
142.24,13583
142.51,13582
142.75,13581
143.05,13580
143.25,13579
143.55,13578
143.78,13577
144.0,13576
144.3,13575
144.61,13574
144.91,13573
145.16,13572
145.47,13571
145.69,13570
145.97,13569
146.25,13568
146.5,13567
146.79,13566
147.04,13565
147.33,13564
147.54,13563
147.91,13562
148.16,13561
148.46,13560
148.7,13559
149.01,13558
149.28,13557
149.48,13556
149.74,13555
149.99,13554
150.26,13553
150.5,13552
150.77,13551
151.07,13550
151.32,13549
151.57,13548
151.82,13547
152.06,13546
152.31,13545
152.56,13544
152.8,13543
153.05,13542
153.3,13541
153.56,13540
153.8,13539
154.04,13538
154.29,13537
154.58,13536
154.81,13535
155.11,13534
155.48,13533
155.72,13532
156.0,13531
156.29,13530
156.5,13529
156.74,13528
156.98,13527
157.2,13526
157.47,13525
157.7,13524
158.0,13523
158.28,13522
158.51,13521
158.8,13520
159.03,13519
159.33,13518
159.56,13517
159.87,13516
160.08,13515
160.3,13514
160.61,13513
160.84,13512
161.11,13511
161.34,13510
161.64,13509
161.87,13508
162.08,13507
162.39,13506
162.69,13505
162.93,13504
163.24,13503
163.52,13502
163.78,13501
164.07,13500
164.35,13499
164.57,13498
164.86,13497
165.07,13496
165.34,13495
165.55,13494
165.84,13493
166.07,13492
166.35,13491
166.57,13490
166.9,13489
167.13,13488
167.42,13487
167.73,13486
167.96,13485
168.13,13484
168.42,13483
168.72,13482
169.02,13481
169.25,13480
169.49,13479
169.78,13478
170.0,13477
170.32,13476
170.54,13475
170.76,13474
171.05,13473
171.3,13472
171.6,13471
171.82,13470
172.12,13469
172.35,13468
172.65,13467
172.93,13466
173.15,13465
173.37,13464
173.66,13463
173.89,13462
174.15,13461
174.47,13460
174.73,13459
174.98,13458
175.22,13457
175.4,13457
175.65,13456
175.9,13455
176.14,13454
176.39,13453
176.64,13452
176.94,13451
177.19,13450
177.43,13449
177.69,13448
177.93,13447
178.18,13446
178.46,13445
178.7,13444
179.01,13443
179.24,13442
179.44,13441
179.67,13440
179.97,13439
180.19,13438
180.47,13437
180.69,13436
180.97,13435
181.28,13434
181.51,13433
181.79,13432
182.07,13431
182.29,13430
182.5,13429
182.81,13428
183.09,13427
183.31,13426
183.58,13425
183.8,13424
184.11,13423
184.35,13422
184.64,13421
184.85,13420
185.16,13419
185.45,13418
185.76,13417
186.03,13416
186.27,13415
186.57,13414
186.78,13413
187.05,13412
187.3,13411
187.52,13410
187.8,13409
188.1,13408
188.33,13407
188.63,13406
188.92,13405
189.12,13405
189.42,13404
189.63,13403
189.84,13402
190.12,13401
190.42,13400
190.62,13399
190.92,13398
191.11,13397
191.33,13396
191.72,13395
191.96,13394
192.3,13393
192.54,13392
192.89,13391
193.12,13390
193.46,13389
193.8,13388
194.06,13387
194.29,13386
194.61,13385
194.83,13384
195.17,13383
195.48,13382
195.73,13381
196.04,13380
196.3,13379
196.62,13378
196.87,13377
197.18,13376
197.44,13375
197.77,13374
198.08,13373
198.33,13372
198.66,13371
198.91,13370
199.13,13369
199.46,13368
199.77,13367
200.1,13366
200.32,13365
200.64,13364
200.92,13363
201.19,13362
201.47,13361
201.75,13360
202.02,13359
202.37,13358
202.65,13357
202.91,13356
203.15,13355
203.4,13354
203.66,13353
203.91,13352
204.16,13351
204.41,13350
204.71,13349
204.96,13348
205.21,13347
205.45,13346
205.74,13345
205.97,13344
206.26,13343
206.47,13342
206.77,13341
207.08,13340
207.32,13339
207.55,13338
207.83,13337
208.05,13336
208.29,13335
208.57,13334
208.84,13333
209.04,13332
209.22,13331
209.51,13330
209.72,13329
209.98,13328
210.23,13327
210.51,13326
210.81,13325
211.06,13324
211.32,13323
211.55,13322
211.86,13321
212.06,13320
212.28,13320
212.54,13319
212.84,13318
213.05,13317
213.29,13316
213.49,13315
213.81,13314
214.08,13313
214.3,13312
214.6,13311
214.82,13310
215.13,13309
215.38,13308
215.65,13307
215.87,13306
216.14,13305
216.37,13304
216.72,13303
216.92,13302
217.16,13301
217.45,13300
217.66,13299
217.97,13298
218.18,13297
218.48,13296
218.73,13295
219.02,13294
219.28,13293
219.52,13292
219.81,13291
220.03,13290
220.33,13289
220.62,13288
220.89,13287
221.14,13286
221.46,13285
221.72,13284
221.97,13283
222.22,13282
222.47,13281
222.73,13280
222.98,13279
223.22,13278
223.53,13277
223.78,13276
224.03,13275
224.27,13274
224.52,13273
224.78,13272
225.02,13271
225.27,13270
225.52,13269
225.78,13268
226.02,13267
226.27,13266
226.58,13265
226.84,13264
227.05,13263
227.34,13262
227.66,13261
227.89,13260
228.16,13259
228.39,13258
228.69,13257
228.9,13256
229.21,13255
229.43,13254
229.71,13253
230.01,13252
230.23,13251
230.51,13250
230.77,13249
231.03,13248
231.38,13247
231.63,13246
231.93,13245
232.19,13244
232.51,13243
232.79,13242
233.03,13241
233.34,13240
233.67,13239
233.92,13238
234.21,13237
234.47,13236
234.8,13235
235.03,13234
235.32,13233
235.56,13232
235.87,13231
236.18,13230
236.42,13229
236.71,13228
236.96,13227
237.23,13226
237.5,13225
237.73,13224
238.03,13223
238.3,13222
238.61,13221
238.85,13220
239.14,13219
239.37,13218
239.65,13217
239.95,13216
240.17,13215
240.45,13214
240.7,13213
241.01,13212
241.28,13211
241.5,13210
241.81,13209
242.05,13208
242.34,13207
242.63,13206
242.89,13205
243.13,13204
243.38,13203
243.64,13202
243.88,13201
244.14,13200
244.38,13199
244.64,13198
244.94,13197
245.2,13196
245.44,13195
245.7,13194
245.94,13193
246.2,13192
246.44,13191
246.7,13190
246.96,13189
247.27,13188
247.53,13187
247.79,13186
248.04,13185
248.3,13184
248.58,13183
248.83,13182
249.16,13181
249.39,13180
249.69,13179
249.91,13178
250.15,13177
250.43,13176
250.71,13175
251.0,13174
251.28,13173
251.56,13172
251.85,13171
252.11,13170
252.37,13169
252.57,13169
252.85,13168
253.11,13167
253.37,13166
253.7,13165
253.98,13164
254.22,13163
254.44,13162
254.7,13161
255.04,13160
255.3,13159
255.59,13158
255.85,13157
256.05,13156
256.36,13155
256.62,13154
256.93,13153
257.19,13152
257.45,13151
257.77,13150
258.03,13149
258.3,13148
258.55,13147
258.83,13146
259.09,13145
259.37,13144
259.64,13143
259.89,13142
260.14,13141
260.42,13140
260.67,13139
260.93,13138
261.16,13137
261.42,13136
261.66,13135
261.92,13134
262.16,13133
262.41,13132
262.68,13131
262.95,13130
263.28,13129
263.57,13128
263.86,13127
264.13,13126
264.4,13125
264.69,13124
264.98,13123
265.24,13122
265.52,13121
265.86,13120
266.13,13119
266.41,13118
266.64,13117
266.91,13116
267.2,13115
267.58,13114
267.82,13113
268.19,13112
268.42,13111
268.66,13110
268.98,13109
269.26,13108
269.6,13107
269.87,13106
270.2,13105
270.53,13104
270.79,13103
271.13,13102
271.38,13101
271.71,13100
271.96,13099
272.24,13098
272.48,13097
272.81,13096
273.14,13095
273.37,13094
273.62,13093
273.94,13092
274.17,13091
274.46,13090
274.74,13089
274.94,13088
275.18,13087
275.44,13086
275.68,13085
275.95,13084
276.16,13083
276.48,13082
276.73,13081
276.95,13080
277.2,13079
277.45,13078
277.75,13077
277.98,13076
278.28,13075
278.52,13074
278.81,13073
279.07,13072
279.35,13071
279.62,13070
279.82,13069
280.13,13068
280.37,13067
280.65,13066
280.87,13065
281.17,13064
281.38,13063
281.66,13062
281.9,13061
282.16,13060
282.39,13059
282.66,13058
282.96,13057
283.2,13056
283.45,13055
283.71,13054
283.96,13053
284.21,13052
284.45,13051
284.7,13050
284.95,13049
285.19,13048
285.49,13047
285.76,13046
285.99,13045
286.24,13044
286.46,13043
286.75,13042
286.97,13041
287.19,13040
287.51,13039
287.74,13038
288.02,13037
288.22,13036
288.49,13035
288.77,13034
289.02,13033
289.21,13032
289.5,13031
289.72,13030
290.0,13029
290.21,13028
290.48,13027
290.79,13026
291.02,13025
291.32,13024
291.56,13023
292.01,13022
292.24,13021
292.52,13020
292.74,13019
293.04,13018
293.34,13017
293.54,13016
293.85,13015
294.15,13014
294.4,13013
294.65,13012
294.87,13011
295.15,13010
295.45,13009
295.71,13008
296.0,13007
296.27,13006
296.63,13005
296.88,13004
297.15,13003
297.43,13002
297.74,13001
297.93,13000
298.23,12999
298.5,12998
298.73,12997
299.01,12996
299.28,12995
299.51,12994
299.78,12993
300.02,12992
300.27,12991
300.58,12990
300.86,12989
301.13,12988
301.39,12987
301.66,12986
301.9,12985
302.24,12984
302.51,12983
302.81,12982
303.06,12981
303.29,12980
303.52,12979
303.75,12978
304.03,12977
304.27,12976
304.51,12975
304.75,12974
304.99,12973
305.22,12972
305.39,12972
305.63,12971
305.85,12970
306.07,12969
306.28,12968
306.52,12967
306.72,12966
306.99,12965
307.2,12964
307.42,12963
307.71,12962
307.97,12961
308.18,12960
308.47,12959
308.66,12958
308.94,12957
309.18,12956
309.39,12955
309.6,12954
309.86,12954
310.05,12953
310.3,12952
310.57,12951
310.79,12950
311.03,12949
311.25,12948
311.49,12947
311.77,12946
311.99,12945
312.23,12944
312.48,12943
312.66,12942
312.93,12941
313.2,12940
313.4,12939
313.64,12938
313.84,12937
314.11,12936
314.31,12935
314.6,12934
314.8,12933
315.04,12932
315.22,12931
315.48,12930
315.71,12929
315.97,12928
316.21,12927
316.42,12926
316.68,12925
316.87,12924
317.1,12923
317.34,12922
317.53,12921
317.8,12920
318.02,12919
318.24,12918
318.47,12917
318.67,12916
318.9,12915
319.09,12914
319.36,12913
319.56,12912
319.81,12911
320.06,12910
320.24,12909
320.43,12908
320.65,12907
320.9,12906
321.1,12905
321.29,12904
321.49,12903
321.7,12902
321.84,12902
322.08,12901
322.28,12900
322.48,12899
322.69,12898
322.9,12897
323.1,12896
323.31,12895
323.51,12894
323.71,12893
323.91,12892
324.12,12891
324.31,12890
324.51,12889
324.75,12888
324.95,12887
325.15,12886
325.34,12885
325.59,12884
325.77,12883
325.99,12882
326.17,12881
326.42,12880
326.63,12879
326.84,12878
327.02,12877
327.28,12876
327.49,12875
327.71,12874
327.92,12873
328.16,12872
328.33,12871
328.53,12870
328.72,12869
328.91,12868
329.13,12867
329.33,12866
329.49,12865
329.72,12864
329.92,12863
330.15,12862
330.32,12861
330.55,12860
330.8,12859
331.02,12858
331.21,12857
331.45,12856
331.7,12855
331.88,12854
332.09,12853
332.29,12852
332.46,12851
332.68,12850
332.87,12849
333.08,12848
333.3,12847
333.49,12846
333.73,12845
333.94,12844
334.13,12843
334.34,12842
334.49,12841
334.7,12840
334.92,12839
335.14,12838
335.34,12837
335.51,12836
335.7,12835
335.91,12834
336.1,12833
336.28,12832
336.46,12831
336.67,12830
336.89,12829
337.11,12828
337.34,12827
337.56,12826
337.74,12826
338.0,12825
338.25,12824
338.42,12823
338.64,12822
338.89,12821
339.13,12820
339.31,12819
339.5,12818
339.69,12817
339.92,12816
340.14,12815
340.33,12814
340.53,12813
340.73,12812
340.91,12811
341.12,12810
341.3,12809
341.53,12808
341.72,12807
341.89,12806
342.12,12805
342.3,12804
342.48,12803
342.65,12802
342.83,12801
343.02,12800
343.22,12799
343.38,12798
343.54,12797
343.71,12796
343.92,12795
344.1,12794
344.31,12793
344.6,12792
344.62,12792
344.84,12791
345.04,12790
345.26,12789
345.48,12788
345.62,12787
345.85,12786
345.99,12785
346.18,12784
346.34,12784
346.57,12783
346.84,12782
347.0,12781
347.2,12780
347.45,12779
347.69,12778
347.93,12777
348.14,12776
348.32,12775
348.48,12774
348.68,12773
348.87,12772
349.06,12771
349.26,12770
349.45,12769
349.64,12768
349.81,12767
350.03,12766
350.2,12765
350.37,12764
350.57,12763
350.79,12762
350.95,12761
351.09,12760
351.28,12759
351.46,12758
351.67,12757
351.82,12756
351.99,12755
352.15,12754
352.29,12753
352.45,12752
352.6,12751
352.79,12750
353.02,12749
353.19,12748
353.44,12747
353.59,12746
353.79,12745
353.96,12744
354.14,12743
354.29,12742
354.5,12741
354.66,12740
354.83,12739
355.0,12738
355.15,12737
355.31,12736
355.45,12735
355.62,12734
355.78,12733
355.91,12732
356.07,12731
356.19,12730
356.37,12729
356.49,12728
356.67,12727
356.82,12726
356.96,12725
357.13,12724
357.26,12723
357.42,12722
357.56,12721
357.76,12720
357.95,12719
358.2,12718
358.4,12717
358.55,12716
358.73,12715
358.9,12714
359.13,12713
359.36,12712
359.6,12711
359.82,12710
359.99,12709
360.21,12708
360.39,12707
360.61,12706
360.84,12705
361.07,12704
361.29,12703
361.47,12702
361.68,12701
361.88,12700
362.05,12699
362.33,12698
362.55,12697
362.74,12696
362.91,12695
363.08,12694
363.28,12693
363.49,12692
363.68,12691
363.92,12690
364.11,12689
364.3,12688
364.48,12687
364.68,12686
364.91,12685
365.11,12684
365.3,12683
365.5,12682
365.76,12681
365.98,12680
366.11,12680
366.33,12679
366.52,12678
366.73,12677
366.92,12677
367.12,12676
367.37,12675
367.54,12674
367.77,12673
367.97,12672
368.18,12671
368.38,12670
368.6,12669
368.78,12668
368.98,12667
369.19,12666
369.4,12665
369.6,12664
369.77,12663
369.99,12662
370.17,12661
370.37,12660
370.56,12659
370.79,12658
370.95,12657
371.14,12656
371.26,12656
371.48,12655
371.65,12654
371.89,12653
372.07,12652
372.25,12651
372.39,12651
372.58,12650
372.77,12649
372.95,12648
373.11,12647
373.3,12646
373.45,12645
373.61,12644
373.77,12643
373.91,12642
374.11,12641
374.28,12640
374.47,12639
374.61,12638
374.78,12637
374.99,12636
375.16,12635
375.33,12634
375.5,12633
375.66,12632
375.82,12631
375.97,12630
376.09,12629
376.23,12628
376.36,12627
376.49,12626
376.61,12625
376.78,12624
376.91,12623
377.02,12623
377.13,12622
377.26,12621
377.4,12620
377.54,12619
377.68,12618
377.83,12617
377.95,12616
378.08,12615
378.19,12615
378.33,12614
378.46,12613
378.6,12612
378.72,12611
378.86,12610
379.0,12609
379.18,12608
379.29,12607
379.42,12606
379.57,12605
379.73,12604
379.87,12603
380.0,12602
380.15,12601
380.29,12600
380.45,12599
380.61,12598
380.76,12597
380.9,12596
381.04,12595
381.18,12594
381.29,12593
381.4,12592
381.52,12591
381.66,12590
381.84,12589
382.02,12588
382.13,12587
382.31,12586
382.45,12585
382.57,12584
382.7,12583
382.84,12582
382.98,12581
383.12,12580
383.24,12579
383.37,12578
383.51,12577
383.65,12576
383.79,12575
383.92,12574
384.08,12573
384.2,12572
384.31,12571
384.45,12570
384.6,12569
384.74,12568
384.85,12567
384.97,12566
385.13,12565
385.22,12564
385.36,12563
385.49,12562
385.61,12561
385.72,12561
385.83,12560
386.0,12559
386.14,12558
386.25,12557
386.39,12556
386.52,12555
386.67,12554
386.83,12553
386.95,12552
387.06,12551
387.22,12550
387.34,12549
387.5,12548
387.64,12547
387.81,12546
387.92,12545
388.03,12544
388.2,12543
388.33,12542
388.49,12541
388.64,12540
388.86,12539
388.98,12538
389.13,12537
389.34,12536
389.47,12535
389.59,12534
389.77,12533
389.91,12532
390.01,12531
390.17,12530
390.3,12529
390.45,12528
390.56,12527
390.73,12526
390.88,12525
391.02,12524
391.14,12523
391.25,12522
391.4,12521
391.54,12520
391.76,12519
391.91,12518
392.05,12517
392.21,12516
392.35,12515
392.49,12514
392.63,12513
392.75,12512
392.87,12511
393.01,12510
393.12,12509
393.25,12508
393.39,12507
393.55,12506
393.67,12505
393.83,12504
393.95,12503
394.08,12502
394.22,12501
394.36,12500
394.5,12499
394.65,12498
394.74,12497
394.86,12496
394.99,12495
395.13,12494
395.26,12493
395.39,12492
395.53,12491
395.66,12490
395.8,12489
395.92,12488
396.06,12487
396.21,12486
396.35,12485
396.47,12484
396.63,12483
396.79,12482
396.91,12481
397.03,12480
397.17,12479
397.28,12479
397.38,12479
397.53,12478
397.67,12477
397.8,12476
397.93,12475
398.07,12474
398.16,12474
398.3,12473
398.44,12472
398.56,12471
398.68,12471
398.82,12470
398.93,12469
399.06,12468
399.2,12467
399.34,12466
399.43,12466
399.56,12465
399.7,12464
399.83,12463
399.97,12462
400.09,12461
400.23,12460
400.35,12459
400.48,12458
400.61,12457
400.75,12456
400.84,12456
400.97,12455
401.09,12454
401.21,12453
401.35,12452
401.48,12451
401.61,12450
401.76,12449
401.9,12448
402.01,12447
402.12,12446
402.26,12445
402.38,12444
402.5,12443
402.61,12442
402.75,12441
402.86,12440
402.95,12439
403.05,12438
403.15,12437
403.25,12436
403.35,12435
403.43,12435
403.54,12434
403.64,12433
403.75,12432
403.89,12431
404.02,12430
404.12,12429
404.23,12428
404.35,12427
404.47,12426
404.6,12425
404.72,12424
404.82,12423
404.93,12422
405.02,12421
405.13,12420
405.24,12419
405.34,12418
405.43,12417
405.54,12416
405.63,12415
405.76,12414
405.85,12413
405.96,12412
406.07,12411
406.16,12410
406.27,12409
406.37,12408
406.46,12407
406.57,12406
406.68,12405
406.79,12404
406.85,12404
406.96,12403
407.06,12402
407.17,12401
407.27,12400
407.37,12399
407.53,12398
407.62,12397
407.73,12396
407.84,12395
407.98,12394
408.09,12393
408.18,12392
408.3,12391
408.39,12390
408.51,12389
408.6,12388
408.71,12387
408.83,12386
408.97,12385
409.07,12384
409.18,12383
409.28,12383
409.39,12382
409.49,12381
409.58,12380
409.71,12379
409.81,12378
409.93,12377
410.04,12376
410.14,12375
410.25,12374
410.34,12373
410.45,12372
410.54,12371
410.67,12370
410.77,12369
410.87,12368
410.98,12367
411.09,12366
411.2,12365
411.3,12364
411.39,12363
411.52,12362
411.61,12361
411.7,12360
411.81,12359
411.91,12358
412.01,12357
412.11,12356
412.22,12355
412.33,12354
412.44,12353
412.54,12352
412.64,12351
412.75,12350
412.84,12349
412.95,12348
413.09,12347
413.16,12347
413.28,12346
413.37,12345
413.48,12344
413.59,12343
413.69,12342
413.8,12341
413.89,12340
414.0,12339
414.09,12338
414.2,12337
414.31,12336
414.38,12336
414.49,12335
414.6,12334
414.72,12333
414.81,12332
414.91,12331
415.02,12330
415.11,12329
415.19,12329
415.3,12328
415.39,12327
415.5,12326
415.59,12325
415.7,12324
415.8,12323
415.92,12322
416.02,12321
416.1,12321
416.21,12320
416.31,12319
416.41,12318
416.51,12317
416.61,12316
416.72,12315
416.83,12314
416.94,12313
417.04,12312
417.14,12311
417.24,12310
417.35,12309
417.45,12308
417.54,12307
417.65,12306
417.77,12305
417.86,12304
417.97,12303
418.08,12302
418.17,12302
418.32,12301
418.42,12300
418.52,12299
418.62,12298
418.74,12297
418.84,12296
418.94,12295
419.05,12294
419.16,12293
419.29,12292
419.4,12291
419.5,12290
419.6,12289
419.71,12288
419.82,12287
419.92,12286
420.03,12285
420.14,12284
420.21,12284
420.31,12283
420.42,12282
420.52,12281
420.62,12280
420.73,12279
420.83,12278
420.93,12277
421.04,12276
421.14,12275
421.23,12274
421.33,12273
421.41,12273
421.51,12272
421.62,12271
421.75,12270
421.83,12269
421.95,12268
422.05,12267
422.16,12266
422.27,12265
422.37,12265
422.48,12264
422.59,12263
422.74,12262
422.85,12261
422.96,12260
423.12,12259
423.29,12258
423.47,12257
423.58,12256
423.76,12255
423.87,12254
424.01,12253
424.12,12252
424.29,12251
424.48,12250
424.65,12249
424.76,12248
424.87,12247
424.99,12246
425.12,12245
425.26,12244
425.38,12243
425.51,12242
425.62,12241
425.77,12240
425.9,12239
426.02,12238
426.13,12237
426.27,12236
426.38,12235
426.51,12234
426.65,12233
426.77,12232
426.88,12231
426.98,12231
427.12,12230
427.23,12229
427.37,12228
427.49,12228
427.6,12227
427.7,12226
427.81,12225
427.93,12224
428.07,12223
428.23,12222
428.35,12221
428.51,12220
428.66,12219
428.83,12218
428.99,12217
429.14,12216
429.24,12216
429.4,12215
429.56,12214
429.75,12213
429.91,12212
430.03,12212
430.17,12211
430.31,12211
430.44,12210
430.56,12210
430.7,12209
430.81,12208
430.92,12207
431.02,12206
431.13,12205
431.27,12204
431.42,12203
431.56,12202
431.68,12201
431.87,12200
431.97,12200
432.08,12199
432.18,12198
432.28,12197
432.42,12196
432.53,12195
432.64,12194
432.74,12193
432.87,12192
432.97,12191
433.07,12190
433.16,12189
433.24,12189
433.34,12188
433.44,12187
433.54,12186
433.64,12185
433.75,12184
433.86,12183
433.94,12183
434.04,12182
434.14,12181
434.24,12180
434.34,12179
434.44,12178
434.52,12178
434.6,12178
434.7,12177
434.8,12176
434.9,12175
435.0,12174
435.1,12173
435.2,12172
435.3,12171
435.4,12170
435.49,12169
435.59,12168
435.69,12167
435.78,12167
435.88,12166
435.98,12165
436.07,12164
436.17,12163
436.28,12162
436.41,12161
436.52,12160
436.63,12159
436.75,12158
436.86,12157
436.97,12156
437.07,12155
437.19,12154
437.28,12153
437.39,12152
437.48,12151
437.59,12150
437.68,12149
437.79,12148
437.9,12147
438.0,12146
438.12,12145
438.21,12144
438.32,12143
438.43,12142
438.54,12141
438.65,12140
438.76,12139
438.87,12138
438.98,12137
439.09,12136
439.2,12135
439.31,12134
439.4,12133
439.5,12133
439.6,12132
439.71,12131
439.84,12130
439.95,12129
440.06,12128
440.15,12128
440.26,12127
440.35,12126
440.46,12125
440.57,12124
440.68,12123
440.81,12122
440.92,12121
441.0,12121
441.09,12120
441.2,12119
441.29,12118
441.4,12117
441.5,12116
441.62,12115
441.76,12114
441.89,12113
441.98,12112
442.11,12111
442.25,12110
442.37,12109
442.51,12108
442.65,12107
442.79,12106
442.9,12105
443.01,12104
443.15,12103
443.26,12102
443.37,12101
443.5,12100
443.59,12099
443.7,12098
443.79,12097
443.9,12096
444.0,12095
444.09,12094
444.17,12094
444.28,12093
444.37,12092
444.48,12091
444.58,12090
444.7,12089
444.79,12088
444.89,12087
445.0,12086
445.09,12085
445.2,12084
445.31,12083
445.42,12082
445.53,12081
445.64,12080
445.75,12079
445.86,12078
445.95,12077
446.06,12076
446.15,12075
446.26,12074
446.37,12073
446.47,12072
446.58,12071
446.69,12070
446.79,12069
446.89,12068
446.99,12067
447.09,12066
447.16,12066
447.26,12065
447.33,12065
447.43,12064
447.53,12063
447.63,12062
447.73,12061
447.83,12060
447.93,12059
448.04,12058
448.14,12057
448.25,12056
448.35,12055
448.43,12055
448.54,12054
448.64,12053
448.75,12052
448.85,12051
448.95,12050
449.05,12049
449.15,12048
449.23,12048
449.33,12047
449.43,12046
449.54,12045
449.61,12045
449.71,12044
449.81,12043
449.94,12043
450.05,12042
450.17,12041
450.27,12040
450.37,12039
450.47,12038
450.59,12037
450.7,12036
450.81,12035
450.91,12034
451.02,12033
451.12,12032
451.22,12031
451.32,12030
451.46,12029
451.59,12028
451.71,12027
451.84,12026
451.96,12025
452.07,12024
452.2,12023
452.32,12022
452.43,12021
452.55,12020
452.66,12019
452.77,12018
452.87,12017
452.97,12016
453.08,12015
453.18,12014
453.28,12013
453.37,12012
453.48,12011
453.59,12010
453.67,12010
453.78,12009
453.94,12008
454.05,12007
454.2,12006
454.29,12005
454.41,12005
454.53,12004
454.61,12004
454.72,12003
454.81,12002
454.89,12002
454.99,12002
455.11,12001
455.21,12000
455.3,11999
455.42,11998
455.55,11997
455.65,11996
455.78,11995
455.87,11994
455.98,11993
456.1,11992
456.21,11991
456.33,11990
456.43,11989
456.55,11988
456.68,11987
456.81,11986
456.92,11985
457.02,11984
457.15,11983
457.27,11982
457.38,11981
457.49,11980
457.62,11979
457.74,11978
457.85,11977
457.94,11977
458.06,11976
458.17,11975
458.26,11974
458.39,11973
458.49,11972
458.63,11971
458.75,11970
458.84,11970
458.94,11969
459.05,11968
459.15,11967
459.27,11966
459.38,11965
459.48,11964
459.62,11963
459.75,11962
459.86,11961
459.99,11960
460.1,11959
460.21,11958
460.31,11957
460.4,11956
460.51,11955
460.62,11954
460.76,11953
460.88,11952
460.99,11951
461.1,11950
461.2,11949
461.31,11948
461.41,11947
461.52,11946
461.62,11945
461.74,11944
461.85,11943
461.95,11942
462.06,11941
462.17,11940
462.27,11939
462.38,11938
462.47,11938
462.6,11937
462.71,11936
462.82,11935
462.91,11935
463.01,11934
463.12,11933
463.23,11932
463.34,11931
463.45,11931
463.55,11930
463.65,11930
463.76,11929
463.87,11928
463.98,11927
464.08,11926
464.18,11925
464.28,11924
464.4,11923
464.51,11922
464.61,11921
464.71,11920
464.82,11919
464.9,11919
465.02,11918
465.12,11917
465.26,11916
465.37,11915
465.48,11914
465.6,11913
465.68,11912
465.76,11911
465.84,11911
465.9,11910
465.98,11909
466.09,11908
466.17,11907
466.23,11906
466.3,11906
466.34,11905
466.42,11904
466.51,11903
466.62,11902
466.69,11901
466.75,11900
466.84,11899
466.94,11898
467.0,11897
467.06,11896
467.16,11895
467.24,11894
467.3,11893
467.36,11892
467.44,11891
467.53,11890
467.65,11889
467.74,11888
467.82,11887
467.92,11886
468.01,11885
468.07,11885
468.16,11884
468.25,11883
468.34,11882
468.43,11881
468.52,11880
468.6,11879
468.68,11878
468.78,11877
468.89,11876
469.03,11875
469.17,11874
469.3,11873
469.44,11872
469.59,11871
469.68,11871
469.84,11870
470.02,11869
470.14,11868
470.27,11867
470.37,11866
470.45,11865
470.5,11864
470.59,11863
470.69,11862
470.77,11861
470.86,11860
470.94,11859
471.03,11858
471.09,11858
471.17,11857
471.25,11856
471.33,11855
471.43,11854
471.51,11853
471.61,11852
471.7,11851
471.79,11850
471.88,11849
471.97,11849
472.06,11848
472.13,11847
472.21,11846
472.28,11845
472.34,11844
472.45,11843
472.53,11842
472.63,11841
472.69,11840
472.76,11839
472.87,11838
472.99,11837
473.07,11837
473.18,11836
473.27,11836
473.36,11835
473.45,11834
473.54,11833
473.63,11832
473.74,11831
473.84,11830
473.96,11829
474.04,11829
474.14,11828
474.25,11827
474.34,11826
474.43,11825
474.53,11824
474.59,11823
474.69,11822
474.79,11821
474.87,11821
474.98,11820
475.06,11820
475.13,11819
475.21,11818
475.28,11817
475.36,11816
475.42,11815
475.48,11815
475.56,11814
475.66,11813
475.72,11812
475.77,11812
475.86,11811
475.92,11810
476.0,11810
476.08,11809
476.16,11808
476.24,11807
476.32,11806
476.41,11805
476.51,11804
476.61,11803
476.71,11802
476.8,11801
476.88,11800
476.97,11799
477.06,11798
477.14,11798
477.24,11797
477.33,11796
477.38,11795
477.47,11794
477.58,11793
477.67,11792
477.75,11791
477.83,11790
477.92,11789
478.01,11788
478.12,11787
478.18,11786
478.23,11786
478.28,11786
478.34,11785
478.43,11784
478.51,11783
478.59,11782
478.68,11781
478.78,11780
478.82,11780
478.88,11779
478.97,11778
479.01,11778
479.08,11777
479.17,11776
479.23,11775
479.31,11774
479.37,11773
479.42,11772
479.48,11771
479.56,11770
479.64,11769
479.7,11768
479.79,11767
479.89,11766
479.97,11765
480.05,11764
480.13,11763
480.2,11763
480.3,11762
480.37,11761
480.44,11760
480.53,11759
480.63,11758
480.74,11757
480.82,11756
480.89,11755
480.98,11754
481.06,11753
481.16,11752
481.24,11752
481.31,11751
481.42,11750
481.47,11750
481.57,11749
481.63,11748
481.72,11747
481.82,11746
481.89,11745
481.98,11744
482.05,11743
482.17,11742
482.24,11741
482.31,11740
482.41,11739
482.49,11738
482.57,11737
482.65,11736
482.76,11735
482.83,11734
482.9,11733
482.98,11732
483.05,11731
483.14,11730
483.21,11729
483.29,11729
483.36,11728
483.48,11727
483.58,11726
483.69,11725
483.79,11724
483.87,11723
483.95,11722
484.04,11721
484.13,11720
484.2,11719
484.29,11718
484.36,11717
484.42,11717
484.52,11716
484.62,11715
484.76,11714
484.88,11713
484.98,11712
485.08,11711
485.19,11710
485.31,11709
485.42,11708
485.52,11707
485.62,11706
485.72,11705
485.81,11704
485.91,11703
485.99,11702
486.07,11701
486.17,11700
486.26,11699
486.36,11698
486.44,11697
486.53,11696
486.62,11695
486.69,11695
486.78,11694
486.86,11693
486.92,11693
487.02,11692
487.11,11691
487.21,11690
487.29,11689
487.4,11688
487.48,11687
487.56,11687
487.63,11687
487.72,11686
487.8,11685
487.9,11684
487.99,11683
488.08,11682
488.16,11681
488.23,11681
488.31,11680
488.44,11679
488.56,11678
488.66,11677
488.75,11676
488.88,11675
488.95,11675
489.03,11674
489.12,11673
489.2,11672
489.27,11671
489.33,11670
489.39,11670
489.47,11669
489.56,11668
489.63,11668
489.69,11667
489.78,11666
489.86,11665
489.91,11665
489.99,11664
490.09,11663
490.16,11662
490.26,11661
490.35,11660
490.45,11659
490.55,11658
490.65,11657
490.72,11657
490.82,11656
490.92,11655
491.03,11654
491.11,11653
491.2,11652
491.28,11651
491.36,11650
491.45,11649
491.56,11648
491.65,11647
491.76,11646
491.84,11646
491.91,11645
491.97,11645
492.07,11644
492.15,11643
492.24,11642
492.35,11641
492.45,11640
492.54,11639
492.63,11638
492.7,11637
492.77,11636
492.85,11635
492.91,11634
493.0,11633
493.09,11632
493.18,11631
493.25,11630
493.35,11629
493.41,11629
493.48,11628
493.57,11627
493.66,11626
493.75,11625
493.82,11625
493.91,11624
494.0,11623
494.06,11622
494.14,11621
494.22,11620
494.3,11619
494.34,11618
494.43,11617
494.54,11616
494.62,11615
494.7,11614
494.79,11613
494.86,11612
494.95,11611
495.03,11610
495.11,11609
495.19,11608
495.28,11607
495.34,11607
495.41,11607
495.49,11606
495.59,11605
495.65,11605
495.71,11605
495.81,11604
495.91,11603
496.01,11602
496.1,11601
496.19,11600
496.26,11599
496.35,11598
496.43,11597
496.52,11597
496.59,11597
496.67,11596
496.73,11595
496.82,11594
496.91,11593
497.01,11592
497.1,11591
497.18,11590
497.28,11589
497.36,11588
497.44,11587
497.51,11586
497.62,11585
497.7,11585
497.77,11584
497.86,11584
497.93,11584
497.99,11584
498.04,11583
498.13,11582
498.21,11581
498.31,11580
498.37,11579
498.42,11579
498.5,11578
498.57,11577
498.65,11576
498.74,11575
498.84,11574
498.92,11573
498.98,11572
499.07,11571
499.13,11570
499.2,11569
499.28,11568
499.37,11567
499.46,11566
499.54,11565
499.62,11564
499.7,11563
499.76,11563
499.84,11562
499.95,11561
500.06,11560
500.12,11560
500.21,11559
500.28,11558
500.36,11557
500.4,11557
500.48,11556
500.56,11555
500.66,11554
500.76,11553
500.81,11552
500.89,11551
500.97,11550
501.01,11549
501.09,11548
501.15,11547
501.23,11546
501.32,11545
501.4,11544
501.5,11543
501.59,11542
501.7,11541
501.78,11540
501.85,11539
501.92,11538
502.0,11538
502.08,11538
502.19,11537
502.25,11537
502.35,11536
502.43,11535
502.53,11534
502.62,11533
502.7,11532
502.79,11531
502.89,11530
502.95,11529
503.03,11529
503.11,11528
503.17,11527
503.26,11526
503.34,11526
503.44,11525
503.51,11524
503.59,11523
503.7,11522
503.8,11521
503.86,11521
503.95,11520
504.02,11519
504.1,11518
504.17,11518
504.22,11518
504.27,11517
504.35,11516
504.42,11515
504.49,11514
504.58,11513
504.66,11513
504.74,11512
504.82,11511
504.9,11511
504.97,11510
505.04,11509
505.08,11509
505.16,11508
505.22,11507
505.32,11506
505.41,11505
505.51,11504
505.57,11503
505.65,11502
505.69,11502
505.82,11501
505.89,11500
505.97,11499
506.04,11498
506.12,11497
506.2,11496
506.29,11495
506.4,11494
506.5,11493
506.62,11492
506.7,11492
506.83,11491
506.92,11490
507.0,11489
507.11,11488
507.2,11487
507.26,11487
507.36,11486
507.44,11485
507.5,11484
507.6,11483
507.67,11482
507.78,11481
507.89,11480
507.99,11479
508.05,11478
508.11,11477
508.22,11476
508.32,11475
508.39,11474
508.46,11473
508.52,11472
508.61,11471
508.67,11470
508.76,11469
508.83,11468
508.91,11467
508.99,11466
509.06,11466
509.14,11465
509.19,11465
509.26,11464
509.36,11463
509.44,11462
509.52,11461
509.61,11460
509.71,11459
509.79,11458
509.89,11457
509.97,11456
510.06,11455
510.14,11454
510.21,11453
510.29,11453
510.39,11452
510.47,11451
510.54,11450
510.61,11449
510.69,11448
510.75,11447
510.83,11446
510.93,11445
510.99,11445
511.07,11444
511.15,11443
511.22,11442
511.3,11441
511.39,11440
511.47,11439
511.55,11438
511.63,11437
511.71,11436
511.75,11436
511.83,11435
511.91,11435
511.97,11435
512.05,11434
512.11,11433
512.18,11432
512.27,11431
512.35,11430
512.43,11429
512.49,11428
512.55,11427
512.62,11426
512.68,11425
512.79,11424
512.85,11424
512.94,11423
512.98,11423
513.06,11422
513.12,11421
513.2,11421
513.27,11420
513.37,11420
513.44,11419
513.53,11418
513.6,11417
513.68,11416
513.78,11415
513.84,11414
513.94,11413
514.03,11412
514.09,11411
514.15,11411
514.23,11410
514.33,11409
514.43,11408
514.53,11407
514.58,11406
514.69,11405
514.75,11404
514.83,11403
514.91,11402
514.98,11401
515.05,11400
515.11,11399
515.22,11398
515.31,11397
515.41,11396
515.49,11395
515.58,11394
515.66,11393
515.74,11393
515.83,11392
515.93,11391
516.02,11390
516.07,11390
516.15,11389
516.23,11388
516.3,11387
516.38,11387
516.43,11387
516.51,11386
516.59,11385
516.66,11384
516.73,11384
516.81,11383
516.87,11382
516.93,11381
516.99,11381
517.07,11380
517.17,11379
517.23,11378
517.29,11377
517.4,11376
517.48,11375
517.59,11374
517.65,11373
517.72,11372
517.79,11371
517.89,11370
517.98,11369
518.02,11368
518.12,11367
518.21,11366
518.28,11365
518.37,11365
518.45,11364
518.54,11363
518.64,11362
518.71,11361
518.8,11360
518.89,11359
518.98,11358
519.04,11357
519.12,11356
519.21,11355
519.28,11355
519.35,11355
519.43,11354
519.51,11354
519.59,11353
519.64,11352
519.71,11351
519.81,11350
519.89,11349
519.96,11348
520.04,11347
520.1,11347
520.2,11346
520.26,11346
520.32,11345
520.4,11345
520.48,11344
520.57,11343
520.64,11342
520.68,11342
520.76,11341
520.84,11340
520.9,11340
520.95,11339
521.03,11339
521.09,11339
521.18,11338
521.26,11338
521.31,11337
521.42,11336
521.51,11335
521.61,11334
521.7,11333
521.78,11332
521.86,11331
521.94,11330
521.98,11330
522.06,11329
522.14,11328
522.2,11327
522.28,11326
522.37,11325
522.47,11324
522.56,11323
522.66,11322
522.74,11322
522.81,11321
522.9,11320
522.95,11319
523.02,11318
523.11,11317
523.19,11316
523.25,11315
523.33,11314
523.42,11313
523.53,11312
523.62,11311
523.71,11310
523.8,11309
523.9,11308
523.97,11307
524.09,11306
524.13,11306
524.23,11305
524.29,11304
524.36,11303
524.4,11303
524.45,11303
524.53,11302
524.6,11302
524.67,11302
524.72,11302
524.82,11301
524.94,11300
525.03,11299
525.09,11298
525.17,11297
525.23,11296
525.33,11296
525.45,11295
525.56,11294
525.69,11293
525.81,11292
525.94,11291
526.02,11291
526.11,11290
526.16,11290
526.22,11289
526.3,11288
526.38,11287
526.42,11287
526.5,11286
526.58,11285
526.64,11284
526.71,11283
526.76,11283
526.82,11282
526.91,11281
526.99,11280
527.03,11279
527.08,11279
527.17,11278
527.25,11277
527.33,11277
527.42,11276
527.51,11275
527.58,11274
527.66,11273
527.72,11272
527.82,11271
527.92,11270
528.03,11269
528.11,11268
528.17,11267
528.24,11267
528.3,11266
528.37,11265
528.43,11264
528.49,11263
528.53,11263
528.61,11262
528.69,11261
528.75,11260
528.8,11260
528.88,11259
528.94,11258
529.02,11257
529.08,11256
529.13,11255
529.21,11254
529.25,11254
529.32,11253
529.39,11252
529.44,11251
529.52,11251
529.6,11250
529.64,11249
529.72,11248
529.78,11248
529.85,11247
529.91,11246
529.97,11246
530.05,11245
530.13,11244
530.19,11243
530.27,11242
530.35,11241
530.4,11241
530.47,11240
530.52,11240
530.58,11239
530.66,11238
530.71,11237
530.77,11237
530.83,11236
530.91,11235
530.96,11235
531.02,11234
531.09,11233
531.16,11232
531.24,11232
531.32,11231
531.39,11230
531.44,11229
531.52,11228
531.59,11227
531.67,11226
531.73,11225
531.81,11224
531.88,11223
531.94,11222
532.03,11221
532.09,11220
532.15,11219
532.22,11218
532.28,11217
532.34,11216
532.41,11215
532.49,11214
532.56,11213
532.61,11212
532.66,11212
532.72,11211
532.78,11210
532.84,11209
532.91,11208
532.96,11208
533.02,11208
533.11,11207
533.17,11206
533.22,11206
533.28,11205
533.37,11204
533.41,11203
533.48,11203
533.57,11202
533.63,11201
533.69,11200
533.75,11199
533.83,11198
533.92,11197
533.99,11196
534.05,11195
534.14,11194
534.21,11193
534.3,11192
534.37,11191
534.43,11190
534.51,11189
534.6,11188
534.68,11188
534.73,11188
534.79,11187
534.87,11186
534.94,11185
535.01,11184
535.05,11184
535.1,11184
535.18,11183
535.23,11182
535.31,11181
535.4,11180
535.46,11179
535.52,11179
535.6,11178
535.66,11177
535.73,11176
535.79,11175
535.88,11174
535.93,11174
535.99,11173
536.07,11172
536.13,11171
536.18,11170
536.25,11169
536.31,11169
536.39,11168
536.45,11167
536.52,11166
536.59,11166
536.65,11165
536.7,11165
536.78,11164
536.83,11163
536.93,11162
537.01,11161
537.07,11160
537.13,11159
537.2,11158
537.26,11157
537.33,11156
537.4,11155
537.46,11154
537.54,11153
537.59,11152
537.65,11151
537.73,11150
537.79,11150
537.88,11149
537.92,11149
537.98,11148
538.02,11148
538.09,11147
538.15,11146
538.24,11145
538.32,11144
538.39,11143
538.45,11142
538.53,11141
538.6,11140
538.65,11139
538.71,11138
538.78,11137
538.84,11136
538.91,11136
538.98,11135
539.03,11135
539.1,11134
539.17,11133
539.26,11132
539.36,11131
539.43,11130
539.5,11129
539.54,11129
539.62,11128
539.67,11128
539.75,11127
539.82,11126
539.9,11125
539.97,11124
540.03,11123
540.11,11122
540.16,11122
540.22,11121
540.28,11120
540.37,11119
540.4,11119
540.48,11118
540.56,11117
540.61,11116
540.66,11116
540.72,11115
540.78,11114
540.87,11113
540.92,11112
540.98,11111
541.05,11110
541.13,11109
541.18,11108
541.25,11107
541.33,11106
541.4,11105
541.48,11104
541.56,11103
541.63,11103
541.68,11102
541.74,11101
541.82,11100
541.86,11100
541.92,11100
541.97,11100
542.03,11099
542.1,11099
542.15,11098
542.23,11097
542.3,11096
542.37,11095
542.44,11094
542.51,11093
542.59,11092
542.65,11092
542.71,11091
542.78,11090
542.85,11089
542.92,11088
542.99,11087
543.06,11086
543.12,11086
543.17,11086
543.22,11086
543.28,11085
543.36,11084
543.42,11083
543.48,11083
543.56,11082
543.64,11081
543.7,11080
543.78,11079
543.84,11078
543.9,11077
543.98,11076
544.08,11075
544.14,11074
544.2,11073
544.27,11072
544.33,11071
544.4,11070
544.47,11070
544.53,11069
544.59,11069
544.65,11068
544.73,11067
544.79,11067
544.85,11066
544.9,11066
545.07,11065
545.18,11064
545.26,11063
545.32,11062
545.4,11061
545.46,11061
545.54,11060
545.58,11060
545.63,11059
545.69,11059
545.77,11058
545.83,11057
545.93,11056
546.01,11055
546.08,11054
546.19,11054
546.27,11053
546.33,11052
546.41,11051
546.47,11050
546.56,11049
546.62,11049
546.69,11048
546.74,11048
546.81,11047
546.88,11046
546.95,11045
547.01,11044
547.06,11044
547.11,11044
547.17,11043
547.22,11043
547.29,11042
547.34,11042
547.39,11041
547.45,11040
547.52,11039
547.62,11038
547.68,11038
547.77,11037
547.82,11036
547.89,11035
547.95,11034
548.03,11033
548.07,11032
548.15,11031
548.22,11030
548.27,11029
548.32,11028
548.4,11027
548.46,11026
548.54,11025
548.59,11025
548.66,11024
548.73,11023
548.8,11022
548.86,11021
548.92,11020
548.98,11019
549.06,11018
549.12,11017
549.17,11017
549.25,11016
549.31,11015
549.36,11014
549.42,11014
549.47,11013
549.55,11012
549.62,11011
549.69,11010
549.77,11009
549.85,11008
549.91,11007
549.98,11006
550.05,11005
550.14,11004
550.19,11004
550.26,11003
550.32,11002
550.41,11001
550.46,11000
550.53,11000
550.58,10999
550.64,10998
550.72,10997
550.78,10996
550.85,10995
550.9,10995
550.97,10994
551.07,10993
551.13,10993
551.18,10993
551.25,10992
551.29,10992
551.35,10991
551.44,10990
551.51,10989
551.6,10988
551.67,10987
551.74,10986
551.78,10986
551.85,10985
551.95,10984
551.99,10984
552.09,10983
552.18,10982
552.28,10981
552.37,10980
552.43,10979
552.54,10978
552.61,10977
552.7,10976
552.78,10975
552.82,10975
552.93,10974
553.02,10973
553.11,10972
553.21,10971
553.3,10970
553.37,10969
553.43,10968
553.5,10967
553.54,10967
553.61,10966
553.69,10965
553.76,10964
553.79,10964
553.88,10963
553.95,10962
554.02,10961
554.06,10961
554.13,10960
554.21,10959
554.25,10959
554.32,10958
554.37,10957
554.43,10956
554.5,10956
554.56,10955
554.63,10955
554.7,10954
554.78,10953
554.83,10952
554.88,10952
554.94,10951
555.02,10950
555.11,10949
555.16,10949
555.23,10948
555.28,10947
555.34,10946
555.42,10945
555.48,10944
555.54,10944
555.62,10943
555.7,10942
555.75,10941
555.81,10940
555.87,10939
555.95,10938
556.01,10937
556.07,10936
556.11,10936
556.21,10935
556.26,10935
556.31,10935
556.37,10935
556.47,10934
556.54,10933
556.61,10933
556.67,10932
556.74,10931
556.8,10930
556.86,10929
556.92,10928
557.0,10927
557.05,10926
557.12,10925
557.18,10925
557.23,10925
557.31,10924
557.41,10923
557.45,10922
557.53,10922
557.59,10922
557.65,10921
557.72,10920
557.78,10919
557.85,10918
557.91,10917
558.0,10916
558.08,10915
558.16,10914
558.23,10913
558.31,10912
558.4,10911
558.44,10910
558.52,10909
558.6,10908
558.66,10907
558.73,10906
558.8,10905
558.84,10905
558.92,10904
558.98,10904
559.02,10904
559.06,10903
559.14,10902
559.21,10901
559.28,10900
559.34,10899
559.41,10898
559.46,10897
559.54,10896
559.6,10896
559.67,10895
559.73,10894
559.81,10893
559.86,10892
559.95,10891
559.98,10891
560.04,10890
560.14,10889
560.19,10889
560.28,10888
560.34,10887
560.41,10886
560.47,10885
560.53,10884
560.6,10883
560.66,10882
560.72,10881
560.78,10880
560.84,10880
560.89,10880
560.99,10879
561.03,10879
561.08,10879
561.14,10878
561.22,10877
561.28,10876
561.34,10875
561.41,10875
561.47,10874
561.55,10873
561.61,10872
561.7,10871
561.77,10870
561.83,10869
561.89,10868
561.94,10868
561.99,10868
562.05,10868
562.12,10867
562.19,10866
562.24,10865
562.31,10864
562.38,10863
562.44,10862
562.5,10861
562.58,10860
562.65,10859
562.7,10859
562.77,10858
562.83,10857
562.89,10856
562.95,10855
563.03,10854
563.11,10853
563.15,10853
563.21,10853
563.27,10852
563.31,10852
563.38,10851
563.44,10850
563.52,10849
563.61,10848
563.68,10847
563.75,10846
563.81,10845
563.86,10845
563.92,10844
564.0,10843
564.05,10842
564.11,10841
564.21,10840
564.25,10839
564.32,10838
564.39,10837
564.44,10836
564.52,10835
564.6,10834
564.64,10834
564.72,10833
564.78,10832
564.86,10831
564.93,10830
565.0,10829
565.08,10828
565.13,10828
565.21,10827
565.25,10827
565.32,10826
565.41,10825
565.49,10825
565.58,10824
565.63,10823
565.68,10823
565.73,10822
565.79,10821
565.84,10820
565.9,10819
565.95,10818
565.99,10817
566.06,10816
566.12,10815
566.22,10814
566.3,10813
566.34,10813
566.41,10812
566.47,10811
566.55,10810
566.61,10809
566.67,10808
566.73,10808
566.79,10807
566.85,10806
566.91,10805
566.97,10804
567.03,10803
567.12,10802
567.26,10801
567.34,10800
567.39,10799
567.45,10799
567.5,10798
567.58,10797
567.64,10796
567.7,10795
567.76,10794
567.83,10793
567.87,10793
567.92,10793
567.98,10792
568.03,10791
568.14,10790
568.19,10789
568.25,10788
568.3,10787
568.35,10787
568.4,10786
568.45,10785
568.51,10784
568.58,10783
568.65,10782
568.71,10781
568.75,10780
568.8,10780
568.86,10779
568.92,10778
568.96,10778
569.02,10777
569.08,10776
569.15,10775
569.23,10775
569.35,10774
569.45,10773
569.51,10772
569.57,10771
569.62,10770
569.66,10770
569.73,10769
569.77,10769
569.84,10768
569.88,10768
569.91,10768
569.98,10767
570.04,10766
570.09,10765
570.15,10764
570.21,10763
570.26,10762
570.32,10761
570.37,10760
570.41,10760
570.46,10759
570.52,10759
570.57,10758
570.62,10758
570.68,10757
570.74,10756
570.8,10755
570.87,10754
570.9,10754
570.98,10754
571.04,10753
571.1,10752
571.16,10751
571.23,10750
571.29,10749
571.34,10748
571.4,10747
571.46,10746
571.52,10745
571.59,10744
571.63,10743
571.7,10743
571.74,10742
571.8,10741
571.87,10740
571.93,10739
571.98,10738
572.02,10738
572.1,10737
572.18,10736
572.23,10735
572.3,10734
572.35,10733
572.41,10732
572.48,10731
572.52,10730
572.57,10730
572.62,10729
572.66,10729
572.71,10729
572.77,10728
572.82,10728
572.87,10727
572.95,10726
573.01,10725
573.07,10724
573.12,10724
573.16,10724
573.2,10724
573.26,10723
573.3,10722
573.37,10721
573.43,10720
573.48,10719
573.52,10718
573.59,10717
573.63,10716
573.68,10715
573.73,10714
573.77,10713
573.84,10712
573.88,10712
573.93,10711
573.98,10710
574.02,10710
574.07,10710
574.12,10709
574.16,10708
574.24,10707
574.3,10706
574.37,10705
574.43,10704
574.48,10704
574.54,10703
574.6,10702
574.65,10701
574.71,10700
574.76,10699
574.79,10699
574.85,10698
574.9,10698
574.95,10697
574.99,10697
575.04,10696
575.09,10696
575.13,10696
575.2,10695
575.24,10695
575.32,10694
575.37,10694
575.41,10694
575.48,10693
575.56,10692
575.6,10691
575.66,10690
575.73,10689
575.77,10688
575.84,10687
575.9,10687
575.98,10686
576.02,10686
576.09,10685
576.15,10684
576.21,10683
576.27,10682
576.32,10681
576.38,10680
576.41,10680
576.48,10679
576.52,10679
576.59,10678
576.63,10677
576.7,10676
576.76,10675
576.8,10675
576.87,10674
576.94,10673
577.0,10672
577.06,10671
577.12,10670
577.17,10670
577.23,10669
577.28,10668
577.34,10667
577.39,10667
577.43,10667
577.48,10666
577.54,10665
577.59,10664
577.64,10664
577.7,10663
577.76,10662
577.83,10661
577.9,10660
577.95,10659
578.03,10658
578.09,10657
578.15,10657
578.22,10656
578.28,10655
578.34,10654
578.4,10653
578.44,10653
578.5,10652
578.54,10651
578.62,10650
578.69,10649
578.75,10648
578.79,10647
578.84,10647
578.9,10646
578.97,10645
579.03,10644
579.09,10643
579.17,10642
579.26,10641
579.3,10641
579.35,10640
579.4,10639
579.46,10638
579.51,10638
579.58,10637
579.63,10636
579.69,10636
579.73,10635
579.78,10634
579.84,10633
579.87,10633
579.94,10632
579.97,10632
580.03,10631
580.08,10631
580.14,10630
580.2,10629
580.27,10628
580.32,10627
580.37,10626
580.43,10625
580.48,10624
580.54,10623
580.6,10622
580.64,10622
580.7,10621
580.76,10620
580.82,10619
580.88,10618
580.93,10617
580.99,10616
581.05,10615
581.08,10614
581.14,10614
581.2,10613
581.24,10613
581.3,10612
581.34,10612
581.39,10612
581.45,10611
581.5,10611
581.56,10610
581.6,10609
581.67,10608
581.7,10608
581.75,10607
581.82,10606
581.87,10605
581.92,10604
581.98,10603
582.04,10602
582.08,10601
582.12,10601
582.16,10601
582.23,10600
582.27,10599
582.32,10598
582.38,10597
582.43,10596
582.48,10595
582.55,10594
582.58,10594
582.63,10593
582.68,10592
582.74,10591
582.79,10590
582.83,10589
582.89,10589
582.93,10588
582.98,10587
583.05,10586
583.1,10585
583.15,10584
583.19,10584
583.23,10584
583.27,10583
583.33,10582
583.38,10581
583.44,10580
583.48,10579
583.55,10578
583.6,10577
583.65,10576
583.69,10575
583.74,10574
583.8,10573
583.85,10572
583.9,10571
583.95,10570
584.01,10569
584.05,10568
584.12,10567
584.16,10566
584.23,10565
584.27,10564
584.32,10563
584.37,10563
584.4,10563
584.47,10562
584.49,10562
584.57,10561
584.62,10560
584.66,10559
584.71,10558
584.76,10558
584.82,10557
584.87,10556
584.91,10555
584.96,10554
585.03,10553
585.06,10553
585.09,10553
585.15,10552
585.2,10551
585.26,10550
585.31,10549
585.34,10549
585.38,10549
585.42,10549
585.45,10549
585.51,10548
585.57,10547
585.6,10547
585.67,10546
585.71,10545
585.76,10544
585.82,10543
585.85,10543
585.9,10543
585.95,10542
586.01,10541
586.06,10540
586.12,10539
586.17,10538
586.21,10537
586.26,10536
586.32,10535
586.37,10534
586.42,10533
586.48,10532
586.51,10532
586.56,10532
586.62,10531
586.67,10530
586.72,10529
586.76,10528
586.83,10527
586.87,10526
586.92,10525
586.97,10525
587.02,10524
587.06,10523
587.11,10522
587.16,10521
587.22,10520
587.27,10519
587.33,10518
587.38,10517
587.44,10516
587.5,10515
587.56,10514
587.6,10513
587.67,10512
587.72,10511
587.78,10510
587.83,10509
587.89,10508
587.94,10507
587.99,10506
588.06,10505
588.1,10504
588.15,10503
588.21,10502
588.25,10501
588.3,10501
588.33,10501
588.38,10501
588.44,10500
588.49,10499
588.56,10498
588.61,10497
588.65,10496
588.71,10495
588.76,10495
588.8,10494
588.85,10493
588.91,10492
588.96,10491
589.01,10490
589.06,10489
589.11,10488
589.17,10487
589.22,10486
589.27,10485
589.32,10484
589.37,10483
589.43,10482
589.48,10482
589.53,10481
589.58,10481
589.62,10480
589.69,10479
589.73,10478
589.79,10477
589.84,10476
589.87,10476
589.93,10475
589.98,10475
590.03,10474
590.08,10473
590.12,10473
590.17,10473
590.22,10472
590.26,10471
590.32,10471
590.36,10470
590.42,10469
590.45,10469
590.5,10468
590.56,10467
590.61,10466
590.67,10465
590.73,10464
590.78,10463
590.83,10462
590.88,10461
590.92,10460
590.99,10459
591.04,10458
591.09,10457
591.14,10457
591.18,10456
591.23,10456
591.28,10455
591.32,10454
591.37,10454
591.41,10454
591.46,10453
591.52,10452
591.57,10452
591.62,10451
591.67,10450
591.72,10449
591.78,10448
591.82,10447
591.89,10446
591.93,10446
591.97,10445
592.04,10444
592.09,10443
592.15,10442
592.2,10441
592.26,10440
592.31,10439
592.36,10438
592.42,10437
592.46,10437
592.51,10437
592.56,10436
592.61,10435
592.66,10435
592.7,10434
592.76,10433
592.81,10432
592.87,10431
592.92,10430
592.96,10430
593.03,10429
593.06,10429
593.11,10429
593.17,10428
593.22,10427
593.25,10427
593.31,10426
593.34,10426
593.41,10425
593.45,10424
593.52,10423
593.56,10422
593.62,10421
593.66,10421
593.7,10420
593.77,10419
593.81,10418
593.87,10417
593.92,10416
593.97,10415
594.04,10414
594.06,10414
594.13,10413
594.17,10412
594.23,10411
594.28,10410
594.33,10409
594.39,10408
594.42,10408
594.48,10407
594.55,10406
594.59,10405
594.64,10404
594.7,10403
594.75,10402
594.8,10401
594.86,10400
594.89,10400
594.94,10400
594.98,10399
595.05,10398
595.1,10397
595.14,10396
595.19,10395
595.25,10394
595.3,10393
595.36,10392
595.41,10391
595.46,10391
595.51,10390
595.56,10389
595.61,10388
595.65,10388
595.69,10387
595.75,10386
595.79,10386
595.83,10386
595.9,10385
595.94,10384
596.01,10383
596.05,10383
596.09,10382
596.14,10382
596.19,10381
596.24,10380
596.27,10380
596.34,10379
596.38,10378
596.43,10377
596.46,10377
596.53,10376
596.58,10375
596.63,10374
596.68,10373
596.71,10373
596.79,10372
596.84,10371
596.9,10370
596.93,10370
596.99,10369
597.05,10369
597.08,10369
597.13,10368
597.19,10367
597.23,10366
597.28,10366
597.32,10365
597.37,10365
597.42,10364
597.46,10363
597.52,10362
597.57,10361
597.63,10360
597.68,10359
597.72,10359
597.78,10358
597.84,10357
597.87,10357
597.94,10356
597.98,10355
598.07,10354
598.11,10353
598.16,10352
598.21,10351
598.26,10351
598.31,10350
598.36,10349
598.41,10348
598.45,10347
598.52,10346
598.58,10345
598.61,10345
598.68,10344
598.72,10343
598.78,10342
598.83,10341
598.88,10341
598.93,10340
598.96,10340
599.01,10340
599.07,10339
599.11,10338
599.14,10338
599.21,10337
599.24,10337
599.28,10336
599.35,10335
599.4,10334
599.44,10333
599.49,10332
599.55,10331
599.6,10331
599.64,10330
599.69,10329
599.75,10328
599.8,10327
599.85,10327
599.9,10326
599.93,10326
599.98,10325
