0.0,14109
0.15,14108
0.28,14107
0.44,14106
0.56,14105
0.71,14104
0.83,14103
0.95,14102
1.08,14101
1.22,14100
1.33,14099
1.46,14098
1.59,14097
1.72,14096
1.83,14095
1.97,14094
2.08,14093
2.23,14092
2.34,14091
2.46,14090
2.57,14089
2.68,14088
2.82,14087
2.93,14086
3.06,14085
3.18,14084
3.32,14083
3.44,14082
3.6,14081
3.72,14080
3.84,14079
3.96,14078
4.13,14077
4.25,14076
4.39,14075
4.51,14074
4.65,14073
4.77,14072
4.91,14071
5.04,14070
5.17,14069
5.28,14068
5.48,14067
5.6,14066
5.79,14065
5.97,14064
6.16,14063
6.37,14062
6.58,14061
6.79,14060
6.98,14059
7.11,14058
7.28,14057
7.46,14056
7.59,14055
7.71,14054
7.85,14053
8.02,14052
8.16,14051
8.34,14050
8.53,14049
8.68,14048
8.88,14047
9.04,14046
9.17,14045
9.34,14044
9.5,14043
9.64,14042
9.77,14041
9.98,14040
10.18,14039
10.3,14038
10.45,14037
10.59,14036
10.79,14035
10.93,14034
11.07,14033
11.23,14032
11.38,14031
11.53,14030
11.7,14029
11.82,14028
12.0,14027
12.11,14026
12.23,14025
12.41,14024
12.55,14023
12.67,14022
12.78,14021
12.93,14020
13.06,14019
13.19,14018
13.32,14017
13.45,14016
13.58,14015
13.71,14014
13.82,14013
13.95,14012
14.07,14011
14.2,14010
14.31,14009
14.45,14008
14.56,14007
14.68,14006
14.8,14005
14.92,14004
15.05,14003
15.17,14002
15.31,14001
15.42,14000
15.55,13999
15.66,13998
15.79,13997
15.91,13996
16.02,13995
16.15,13994
16.27,13993
16.4,13992
16.51,13991
16.64,13990
16.75,13989
16.88,13988
16.99,13987
17.13,13986
17.24,13985
17.35,13984
17.49,13983
17.6,13982
17.73,13981
17.85,13980
17.97,13979
18.08,13978
18.22,13977
18.34,13976
18.49,13975
18.6,13974
18.71,13973
18.84,13972
18.96,13971
19.1,13970
19.25,13969
19.41,13968
19.52,13967
19.64,13966
19.77,13965
19.91,13964
20.03,13963
20.17,13962
20.31,13961
20.43,13960
20.54,13959
20.68,13958
20.82,13957
20.95,13956
21.1,13955
21.24,13954
21.38,13953
21.49,13952
21.61,13951
21.74,13950
21.85,13949
21.98,13948
22.09,13947
22.22,13946
22.34,13945
22.47,13944
22.58,13943
22.7,13942
22.82,13941
22.93,13940
23.06,13939
23.17,13938
23.3,13937
23.41,13936
23.56,13935
23.69,13934
23.81,13933
23.95,13932
24.08,13931
24.24,13930
24.4,13929
24.59,13928
24.72,13927
24.87,13926
25.01,13925
25.17,13924
25.3,13923
25.46,13922
25.58,13921
25.74,13920
25.87,13919
26.04,13918
26.19,13917
26.34,13916
26.47,13915
26.63,13914
26.81,13913
27.0,13912
27.16,13911
27.32,13910
27.49,13909
27.65,13908
27.82,13907
27.95,13906
28.1,13905
28.24,13904
28.38,13903
28.51,13902
28.68,13901
28.85,13900
29.02,13899
29.15,13898
29.32,13897
29.47,13896
29.67,13895
29.85,13894
30.04,13893
30.19,13892
30.34,13891
30.36,13891
30.63,13890
30.85,13889
31.05,13888
31.22,13887
31.39,13886
31.4,13886
31.53,13885
31.69,13884
31.84,13883
32.02,13882
32.2,13881
32.32,13880
32.46,13879
32.61,13878
32.75,13877
32.9,13876
33.04,13875
33.2,13874
33.32,13873
33.48,13872
33.61,13871
33.78,13870
33.92,13869
34.07,13868
34.21,13867
34.34,13866
34.52,13865
34.64,13864
34.81,13863
34.98,13862
35.13,13861
35.29,13860
35.42,13859
35.6,13858
35.74,13857
35.9,13856
36.04,13855
36.21,13854
36.36,13853
36.58,13852
36.76,13851
36.99,13850
37.2,13849
37.37,13848
37.58,13847
37.8,13846
37.97,13845
38.16,13844
38.29,13843
38.49,13842
38.65,13841
38.77,13840
38.94,13839
39.08,13838
39.25,13837
39.4,13836
39.54,13835
39.69,13834
39.81,13833
39.98,13832
40.13,13831
40.3,13830
40.48,13829
40.63,13828
40.81,13827
40.96,13826
41.19,13825
41.43,13824
41.6,13823
41.75,13822
41.89,13821
42.07,13820
42.21,13819
42.36,13818
42.48,13817
42.63,13816
42.76,13815
42.91,13814
43.06,13813
43.21,13812
43.34,13811
43.5,13810
43.63,13809
43.78,13808
43.92,13807
44.06,13806
44.2,13805
44.33,13804
44.48,13803
44.61,13802
44.76,13801
44.89,13800
45.05,13799
45.18,13798
45.34,13797
45.47,13796
45.61,13795
45.77,13794
45.9,13793
46.07,13792
46.21,13791
46.37,13790
46.5,13789
46.64,13788
46.77,13787
46.9,13786
47.07,13785
47.19,13784
47.35,13783
47.47,13782
47.63,13781
47.77,13780
47.93,13779
48.09,13778
48.26,13777
48.38,13776
48.54,13775
48.66,13774
48.81,13773
48.95,13772
49.1,13771
49.24,13770
49.36,13769
49.52,13768
49.66,13767
49.82,13766
49.94,13765
50.11,13764
50.27,13763
50.43,13762
50.58,13761
50.75,13760
50.91,13759
51.07,13758
51.2,13757
51.37,13756
51.48,13755
51.65,13754
51.78,13753
51.94,13752
52.13,13751
52.3,13750
52.48,13749
52.62,13748
52.78,13747
52.91,13746
53.07,13745
53.2,13744
53.36,13743
53.5,13742
53.66,13741
53.78,13740
53.93,13739
54.08,13738
54.23,13737
54.37,13736
54.52,13735
54.66,13734
54.78,13733
54.93,13732
55.08,13731
55.23,13730
55.37,13729
55.52,13728
55.65,13727
55.78,13726
55.95,13725
56.1,13724
56.28,13723
56.41,13722
56.57,13721
56.7,13720
56.9,13719
57.05,13718
57.24,13717
57.41,13716
57.62,13715
57.74,13714
57.93,13713
58.11,13712
58.23,13711
58.36,13710
58.54,13709
58.71,13708
58.84,13707
58.98,13706
59.18,13705
59.4,13704
59.56,13703
59.75,13702
59.94,13701
60.11,13700
60.28,13699
60.44,13698
60.66,13697
60.86,13696
61.08,13695
61.27,13694
61.48,13693
61.73,13692
61.94,13691
62.14,13690
62.4,13689
62.56,13688
62.72,13687
62.91,13686
63.06,13685
63.23,13684
63.37,13683
63.53,13682
63.7,13681
63.95,13680
64.17,13679
64.3,13678
64.48,13677
64.66,13676
64.85,13675
65.0,13674
65.2,13673
65.43,13672
65.59,13671
65.75,13670
65.92,13669
66.09,13668
66.26,13667
66.39,13666
66.54,13665
66.69,13664
66.83,13663
66.98,13662
67.15,13661
67.29,13660
67.44,13659
67.58,13658
67.73,13657
67.86,13656
68.0,13655
68.16,13654
68.29,13653
68.45,13652
68.57,13651
68.74,13650
68.87,13649
69.04,13648
69.05,13648
69.18,13647
69.34,13646
69.46,13645
69.62,13644
69.75,13643
69.9,13642
70.05,13641
70.17,13640
70.32,13639
70.46,13638
70.61,13637
70.74,13636
70.91,13635
71.06,13634
71.24,13633
71.39,13632
71.57,13631
71.72,13630
71.88,13629
72.03,13628
72.19,13627
72.34,13626
72.49,13625
72.64,13624
72.84,13623
72.99,13622
73.2,13621
73.32,13620
73.5,13619
73.62,13618
73.78,13617
73.9,13616
74.09,13615
74.22,13614
74.37,13613
74.5,13612
74.62,13611
74.77,13610
74.91,13609
75.07,13608
75.21,13607
75.36,13606
75.49,13605
75.64,13604
75.77,13603
75.91,13602
76.07,13601
76.2,13600
76.36,13599
76.49,13598
76.64,13597
76.78,13596
76.95,13595
77.1,13594
77.26,13593
77.4,13592
77.54,13591
77.69,13590
77.84,13589
77.99,13588
78.17,13587
78.36,13586
78.48,13585
78.64,13584
78.78,13583
78.91,13582
79.06,13581
79.22,13580
79.35,13579
79.48,13578
79.64,13577
79.76,13576
79.92,13575
80.06,13574
80.22,13573
80.35,13572
80.5,13571
80.63,13570
80.79,13569
80.92,13568
81.1,13567
81.21,13566
81.39,13565
81.51,13564
81.66,13563
81.8,13562
82.0,13561
82.15,13560
82.32,13559
82.49,13558
82.65,13557
82.79,13556
82.95,13555
83.1,13554
83.27,13553
83.41,13552
83.6,13551
83.71,13550
83.91,13549
84.07,13548
84.24,13547
84.38,13546
84.54,13545
84.67,13544
84.79,13543
84.94,13542
85.08,13541
85.23,13540
85.36,13539
85.53,13538
85.65,13537
85.8,13536
85.97,13535
86.19,13534
86.35,13533
86.57,13532
86.72,13531
86.93,13530
87.09,13529
87.29,13528
87.44,13527
87.59,13526
87.73,13525
87.91,13524
88.07,13523
88.25,13522
88.4,13521
88.58,13520
88.74,13519
88.92,13518
89.07,13517
89.25,13516
89.4,13515
89.54,13514
89.72,13513
89.87,13512
90.06,13511
90.21,13510
90.4,13509
90.56,13508
90.75,13507
90.9,13506
91.09,13505
91.23,13504
91.41,13503
91.56,13502
91.74,13501
91.9,13500
92.1,13499
92.24,13498
92.42,13497
92.57,13496
92.76,13495
92.93,13494
93.13,13493
93.33,13492
93.56,13491
93.75,13490
93.97,13489
94.31,13488
94.52,13487
94.78,13486
95.09,13485
95.29,13484
95.55,13483
95.83,13482
96.02,13481
96.23,13480
96.38,13479
96.63,13478
96.84,13477
97.07,13476
97.26,13475
97.46,13474
97.67,13473
97.84,13472
98.05,13471
98.2,13470
98.4,13469
98.56,13468
98.79,13467
99.01,13466
99.17,13465
99.37,13464
99.53,13463
99.73,13462
99.88,13461
100.11,13460
100.36,13459
100.56,13458
100.73,13457
100.94,13456
101.11,13455
101.3,13454
101.45,13453
101.63,13452
101.78,13451
101.97,13450
102.13,13449
102.28,13448
102.45,13447
102.6,13446
102.78,13445
102.93,13444
103.13,13443
103.29,13442
103.47,13441
103.61,13440
103.79,13439
103.94,13438
104.13,13437
104.27,13436
104.41,13435
104.6,13434
104.74,13433
104.91,13432
105.08,13431
105.26,13430
105.41,13429
105.59,13428
105.73,13427
105.91,13426
106.07,13425
106.25,13424
106.4,13423
106.55,13422
106.73,13421
106.87,13420
107.06,13419
107.21,13418
107.39,13417
107.54,13416
107.72,13415
107.87,13414
108.08,13413
108.23,13412
108.41,13411
108.56,13410
108.73,13409
108.88,13408
109.07,13407
109.22,13406
109.37,13405
109.55,13404
109.7,13403
109.92,13402
110.1,13401
110.3,13400
110.46,13399
110.65,13398
110.84,13397
111.0,13396
111.15,13395
111.32,13394
111.48,13393
111.68,13392
111.83,13391
112.05,13390
112.22,13389
112.41,13388
112.56,13387
112.74,13386
112.88,13385
113.08,13384
113.23,13383
113.4,13382
113.55,13381
113.73,13380
113.87,13379
114.03,13378
114.21,13377
114.36,13376
114.53,13375
114.69,13374
114.88,13373
115.05,13372
115.24,13371
115.39,13370
115.57,13369
115.72,13368
115.87,13367
116.07,13366
116.22,13365
116.39,13364
116.54,13363
116.74,13362
116.9,13361
117.1,13360
117.25,13359
117.44,13358
117.58,13357
117.76,13356
117.91,13355
118.09,13354
118.24,13353
118.38,13352
118.56,13351
118.71,13350
118.88,13349
119.04,13348
119.22,13347
119.37,13346
119.54,13345
119.69,13344
119.83,13343
120.04,13342
120.18,13341
120.37,13340
120.51,13339
120.69,13338
120.84,13337
121.02,13336
121.17,13335
121.31,13334
121.49,13333
121.63,13332
121.81,13331
121.96,13330
122.15,13329
122.31,13328
122.56,13327
122.74,13326
123.03,13325
123.27,13324
123.44,13323
123.65,13322
123.84,13321
124.06,13320
124.21,13319
124.43,13318
124.61,13317
124.85,13316
125.04,13315
125.29,13314
125.48,13313
125.71,13312
125.9,13311
126.15,13310
126.34,13309
126.6,13308
126.83,13307
127.05,13306
127.29,13305
127.45,13304
127.62,13303
127.83,13302
127.99,13301
128.23,13300
128.38,13299
128.57,13298
128.74,13297
128.96,13296
129.12,13295
129.37,13294
129.53,13293
129.74,13292
129.91,13291
130.15,13290
130.31,13289
130.51,13288
130.66,13287
130.86,13286
131.05,13285
131.21,13284
131.41,13283
131.58,13282
131.77,13281
131.95,13280
132.18,13279
132.35,13278
132.54,13277
132.71,13276
132.92,13275
133.11,13274
133.32,13273
133.48,13272
133.66,13271
133.88,13270
134.1,13269
134.28,13268
134.48,13267
134.64,13266
134.81,13265
135.03,13264
135.2,13263
135.39,13262
135.57,13261
135.77,13260
135.92,13259
136.12,13258
136.28,13257
136.45,13256
136.65,13255
136.8,13254
137.01,13253
137.17,13252
137.37,13251
137.54,13250
137.72,13249
137.9,13248
138.09,13247
138.33,13246
138.5,13245
138.69,13244
138.86,13243
139.07,13242
139.24,13241
139.45,13240
139.62,13239
139.83,13238
139.99,13237
140.15,13236
140.4,13235
140.62,13234
140.78,13233
140.94,13232
141.17,13231
141.33,13230
141.53,13229
141.69,13228
141.9,13227
142.06,13226
142.27,13225
142.45,13224
142.64,13223
142.81,13222
143.01,13221
143.16,13220
143.38,13219
143.62,13218
143.9,13217
144.09,13216
144.33,13215
144.5,13214
144.7,13213
144.85,13212
145.06,13211
145.24,13210
145.38,13209
145.59,13208
145.74,13207
145.95,13206
146.11,13205
146.31,13204
146.47,13203
146.68,13202
146.84,13201
147.0,13200
147.2,13199
147.36,13198
147.56,13197
147.71,13196
147.92,13195
148.08,13194
148.28,13193
148.45,13192
148.66,13191
148.81,13190
148.98,13189
149.17,13188
149.34,13187
149.54,13186
149.71,13185
149.94,13184
150.1,13183
150.3,13182
150.46,13181
150.62,13180
150.82,13179
150.98,13178
151.18,13177
151.32,13176
151.53,13175
151.69,13174
151.9,13173
152.07,13172
152.25,13171
152.42,13170
152.57,13169
152.78,13168
152.94,13167
153.15,13166
153.3,13165
153.47,13164
153.66,13163
153.83,13162
154.01,13161
154.19,13160
154.38,13159
154.54,13158
154.75,13157
154.9,13156
155.07,13155
155.26,13154
155.42,13153
155.63,13152
155.81,13151
155.96,13150
156.17,13149
156.34,13148
156.53,13147
156.68,13146
156.89,13145
157.06,13144
157.21,13143
157.42,13142
157.59,13141
157.78,13140
157.95,13139
158.16,13138
158.31,13137
158.53,13136
158.69,13135
158.75,13135
158.9,13134
159.11,13133
159.27,13132
159.47,13131
159.64,13130
159.81,13129
160.01,13128
160.18,13127
160.39,13126
160.55,13125
160.76,13124
160.93,13123
161.12,13122
161.28,13121
161.45,13120
161.63,13119
161.8,13118
162.0,13117
162.17,13116
162.37,13115
162.53,13114
162.73,13113
162.89,13112
163.05,13111
163.25,13110
163.42,13109
163.62,13108
163.79,13107
163.99,13106
164.15,13105
164.36,13104
164.52,13103
164.68,13102
164.88,13101
165.04,13100
165.24,13099
165.41,13098
165.6,13097
165.77,13096
165.92,13095
166.13,13094
166.3,13093
166.49,13092
166.66,13091
166.87,13090
167.02,13089
167.23,13088
167.38,13087
167.59,13086
167.75,13085
167.95,13084
168.11,13083
168.32,13082
168.48,13081
168.69,13080
168.85,13079
169.05,13078
169.21,13077
169.42,13076
169.57,13075
169.74,13074
169.93,13073
170.09,13072
170.3,13071
170.45,13070
170.66,13069
170.82,13068
171.02,13067
171.19,13066
171.39,13065
171.55,13064
171.76,13063
171.91,13062
172.11,13061
172.28,13060
172.44,13059
172.64,13058
172.8,13057
173.0,13056
173.16,13055
173.36,13054
173.54,13053
173.75,13052
173.89,13051
174.1,13050
174.26,13049
174.42,13048
174.62,13047
174.78,13046
174.99,13045
175.15,13044
175.36,13043
175.52,13042
175.72,13041
175.88,13040
176.08,13039
176.24,13038
176.4,13037
176.6,13036
176.77,13035
176.97,13034
177.13,13033
177.34,13032
177.51,13031
177.69,13030
177.86,13029
178.05,13028
178.23,13027
178.41,13026
178.58,13025
178.79,13024
178.94,13023
179.15,13022
179.3,13021
179.47,13020
179.68,13019
179.85,13018
180.04,13017
180.22,13016
180.42,13015
180.57,13014
180.77,13013
180.93,13012
181.07,13011
181.28,13010
181.45,13009
181.64,13008
181.81,13007
182.01,13006
182.18,13005
182.38,13004
182.55,13003
182.74,13002
182.91,13001
183.12,13000
183.27,12999
183.48,12998
183.65,12997
183.8,12996
184.01,12995
184.16,12994
184.35,12993
184.56,12992
184.72,12991
184.92,12990
185.09,12989
185.25,12988
185.46,12987
185.61,12986
185.82,12985
185.97,12984
186.18,12983
186.35,12982
186.56,12981
186.72,12980
186.92,12979
187.08,12978
187.27,12977
187.43,12976
187.64,12975
187.81,12974
188.0,12973
188.17,12972
188.36,12971
188.53,12970
188.69,12969
188.89,12968
189.06,12967
189.25,12966
189.42,12965
189.62,12964
189.77,12963
189.98,12962
190.13,12961
190.3,12960
190.51,12959
190.67,12958
190.88,12957
191.03,12956
191.23,12955
191.39,12954
191.6,12953
191.76,12952
191.96,12951
192.13,12950
192.36,12949
192.54,12948
192.76,12947
192.92,12946
193.14,12945
193.39,12944
193.55,12943
193.77,12942
193.95,12941
194.17,12940
194.33,12939
194.53,12938
194.69,12937
194.9,12936
195.07,12935
195.27,12934
195.44,12933
195.64,12932
195.8,12931
196.02,12930
196.18,12929
196.39,12928
196.55,12927
196.78,12926
196.94,12925
197.15,12924
197.32,12923
197.53,12922
197.69,12921
197.9,12920
198.08,12919
198.29,12918
198.44,12917
198.65,12916
198.82,12915
199.04,12914
199.21,12913
199.39,12912
199.57,12911
199.76,12910
199.92,12909
200.13,12908
200.29,12907
200.5,12906
200.65,12905
200.82,12904
201.01,12903
201.17,12902
201.38,12901
201.53,12900
201.74,12899
201.9,12898
202.1,12897
202.26,12896
202.42,12895
202.63,12894
202.78,12893
202.99,12892
203.17,12891
203.38,12890
203.57,12889
203.76,12888
203.85,12888
204.01,12887
204.21,12886
204.37,12885
204.57,12884
204.72,12883
204.93,12882
205.08,12881
205.28,12880
205.44,12879
205.64,12878
205.79,12877
206.0,12876
206.18,12875
206.36,12874
206.53,12873
206.73,12872
206.89,12871
206.9,12871
207.11,12870
207.29,12869
207.47,12868
207.64,12867
207.84,12866
208.0,12865
208.21,12864
208.36,12863
208.57,12862
208.74,12861
208.93,12860
209.11,12859
209.29,12858
209.46,12857
209.67,12856
209.82,12855
209.99,12854
210.18,12853
210.35,12852
210.54,12851
210.72,12850
210.91,12849
211.08,12848
211.28,12847
211.45,12846
211.65,12845
211.67,12845
211.88,12844
212.03,12843
212.2,12842
212.42,12841
212.62,12840
212.79,12839
212.94,12838
213.15,12837
213.3,12836
213.51,12835
213.68,12834
213.87,12833
214.06,12832
214.32,12831
214.5,12830
214.73,12829
214.92,12828
215.15,12827
215.33,12826
215.54,12825
215.7,12824
215.9,12823
216.07,12822
216.28,12821
216.43,12820
216.65,12819
216.8,12818
217.02,12817
217.19,12816
217.38,12815
217.54,12814
217.7,12813
217.9,12812
218.08,12811
218.27,12810
218.44,12809
218.63,12808
218.81,12807
219.02,12806
219.23,12805
219.39,12804
219.6,12803
219.77,12802
219.96,12801
220.13,12800
220.31,12799
220.49,12798
220.67,12797
220.87,12796
221.05,12795
221.23,12794
221.41,12793
221.62,12792
221.79,12791
222.0,12790
222.15,12789
222.36,12788
222.53,12787
222.73,12786
222.74,12786
222.96,12785
223.12,12784
223.33,12783
223.51,12782
223.72,12781
223.87,12780
224.08,12779
224.25,12778
224.44,12777
224.62,12776
224.81,12775
224.97,12774
225.15,12773
225.34,12772
225.51,12771
225.72,12770
225.87,12769
226.08,12768
226.22,12767
226.43,12766
226.58,12765
226.79,12764
226.96,12763
227.16,12762
227.33,12761
227.54,12760
227.68,12759
227.89,12758
228.06,12757
228.28,12756
228.44,12755
228.63,12754
228.8,12753
228.99,12752
229.17,12751
229.36,12750
229.52,12749
229.73,12748
229.88,12747
230.05,12746
230.24,12745
230.39,12744
230.6,12743
230.77,12742
230.96,12741
231.13,12740
231.33,12739
231.49,12738
231.69,12737
231.85,12736
232.06,12735
232.21,12734
232.42,12733
232.58,12732
232.79,12731
232.95,12730
233.12,12729
233.34,12728
233.55,12727
233.72,12726
233.9,12725
234.11,12724
234.26,12723
234.46,12722
234.62,12721
234.82,12720
234.99,12719
235.19,12718
235.35,12717
235.56,12716
235.72,12715
235.93,12714
236.09,12713
236.29,12712
236.45,12711
236.65,12710
236.81,12709
237.02,12708
237.19,12707
237.35,12706
237.56,12705
237.72,12704
237.91,12703
238.09,12702
238.29,12701
238.46,12700
238.68,12699
238.83,12698
239.04,12697
239.19,12696
239.4,12695
239.57,12694
239.76,12693
239.92,12692
240.11,12691
240.28,12690
240.47,12689
240.63,12688
240.83,12687
240.84,12687
241.01,12686
241.21,12685
241.37,12684
241.58,12683
241.73,12682
241.94,12681
242.09,12680
242.3,12679
242.46,12678
242.66,12677
242.81,12676
243.02,12675
243.17,12674
243.38,12673
243.55,12672
243.75,12671
243.91,12670
244.1,12669
244.28,12668
244.45,12667
244.66,12666
244.81,12665
245.03,12664
245.2,12663
245.42,12662
245.63,12661
245.78,12660
245.93,12659
246.14,12658
246.31,12657
246.5,12656
246.67,12655
246.87,12654
247.03,12653
247.23,12652
247.39,12651
247.6,12650
247.76,12649
247.98,12648
248.15,12647
248.35,12646
248.52,12645
248.67,12644
248.88,12643
249.03,12642
249.24,12641
249.41,12640
249.62,12639
249.78,12638
249.99,12637
250.15,12636
250.37,12635
250.58,12634
250.75,12633
250.92,12632
251.13,12631
251.29,12630
251.5,12629
251.67,12628
251.88,12627
252.03,12626
252.24,12625
252.39,12624
252.59,12623
252.76,12622
252.97,12621
253.12,12620
253.33,12619
253.48,12618
253.69,12617
253.86,12616
254.08,12615
254.26,12614
254.46,12613
254.61,12612
254.83,12611
254.98,12610
255.19,12609
255.34,12608
255.5,12607
255.72,12606
255.89,12605
256.11,12604
256.3,12603
256.51,12602
256.68,12601
256.87,12600
257.04,12599
257.25,12598
257.4,12597
257.61,12596
257.78,12595
257.97,12594
258.14,12593
258.19,12593
258.36,12592
258.55,12591
258.7,12590
258.87,12589
259.08,12588
259.26,12587
259.47,12586
259.65,12585
259.89,12584
260.03,12583
260.24,12582
260.42,12581
260.47,12581
260.61,12580
260.78,12579
260.97,12578
261.14,12577
261.35,12576
261.36,12576
261.55,12575
261.73,12574
261.93,12573
262.08,12572
262.25,12571
262.44,12570
262.62,12569
262.81,12568
262.97,12567
263.18,12566
263.34,12565
263.57,12564
263.73,12563
263.94,12562
264.09,12561
264.29,12560
264.45,12559
264.65,12558
264.66,12558
264.83,12557
265.02,12556
265.19,12555
265.4,12554
265.56,12553
265.77,12552
265.93,12551
266.14,12550
266.3,12549
266.51,12548
266.68,12547
266.88,12546
267.04,12545
267.26,12544
267.4,12543
267.61,12542
267.76,12541
267.96,12540
268.12,12539
268.29,12538
268.49,12537
268.65,12536
268.86,12535
269.02,12534
269.22,12533
269.38,12532
269.58,12531
269.74,12530
269.95,12529
270.12,12528
270.33,12527
270.48,12526
270.68,12525
270.84,12524
271.05,12523
271.22,12522
271.41,12521
271.59,12520
271.79,12519
271.95,12518
272.16,12517
272.31,12516
272.48,12515
272.68,12514
272.69,12514
272.9,12513
273.06,12512
273.27,12511
273.42,12510
273.63,12509
273.79,12508
273.95,12507
274.16,12506
274.32,12505
274.52,12504
274.68,12503
274.88,12502
275.05,12501
275.26,12500
275.42,12499
275.62,12498
275.78,12497
275.84,12497
276.06,12496
276.21,12495
276.42,12494
276.6,12493
276.81,12492
276.97,12491
277.13,12490
277.32,12489
277.5,12488
277.7,12487
277.86,12486
278.06,12485
278.21,12484
278.43,12483
278.58,12482
278.79,12481
278.94,12480
279.16,12479
279.32,12478
279.53,12477
279.68,12476
279.89,12475
280.04,12474
280.25,12473
280.42,12472
280.61,12471
280.78,12470
280.95,12469
281.16,12468
281.32,12467
281.53,12466
281.7,12465
281.9,12464
282.06,12463
282.27,12462
282.43,12461
282.49,12461
282.65,12460
282.86,12459
283.01,12458
283.21,12457
283.37,12456
283.57,12455
283.73,12454
283.91,12453
284.09,12452
284.24,12451
284.45,12450
284.62,12449
284.81,12448
284.97,12447
285.18,12446
285.34,12445
285.54,12444
285.71,12443
285.91,12442
286.08,12441
286.28,12440
286.3,12440
286.51,12439
286.67,12438
286.87,12437
287.03,12436
287.24,12435
287.4,12434
287.55,12433
287.74,12432
287.91,12431
288.11,12430
288.27,12429
288.48,12428
288.65,12427
288.84,12426
289.01,12425
289.21,12424
289.37,12423
289.58,12422
289.73,12421
289.94,12420
290.11,12419
290.12,12419
290.31,12418
290.47,12417
290.68,12416
290.84,12415
291.05,12414
291.25,12413
291.53,12412
291.72,12411
291.95,12410
292.13,12409
292.29,12408
292.49,12407
292.5,12407
292.7,12406
292.87,12405
293.06,12404
293.24,12403
293.38,12402
293.59,12401
293.76,12400
293.95,12399
294.12,12398
294.3,12397
294.48,12396
294.68,12395
294.83,12394
295.04,12393
295.19,12392
295.39,12391
295.4,12391
295.55,12390
295.76,12389
295.93,12388
296.13,12387
296.3,12386
296.51,12385
296.66,12384
296.83,12383
296.87,12383
297.03,12382
297.23,12381
297.41,12380
297.55,12379
297.76,12378
297.91,12377
298.12,12376
298.28,12375
298.49,12374
298.65,12373
298.86,12372
299.01,12371
299.22,12370
299.39,12369
299.6,12368
299.75,12367
299.96,12366
300.11,12365
300.32,12364
300.49,12363
300.64,12362
300.85,12361
301.0,12360
301.22,12359
301.38,12358
301.59,12357
301.78,12356
301.99,12355
302.16,12354
302.37,12353
302.55,12352
302.75,12351
302.92,12350
303.14,12349
303.3,12348
303.52,12347
303.69,12346
303.89,12345
304.07,12344
304.28,12343
304.45,12342
304.68,12341
304.83,12340
304.84,12340
305.08,12339
305.29,12338
305.44,12337
305.61,12336
305.81,12335
306.03,12334
306.23,12333
306.44,12332
306.63,12331
306.85,12330
307.0,12329
307.2,12328
307.39,12327
307.62,12326
307.68,12326
307.86,12325
308.03,12324
308.07,12324
308.25,12323
308.47,12322
308.63,12321
308.83,12320
309.0,12319
309.25,12318
309.41,12317
309.63,12316
309.81,12315
310.01,12314
310.02,12314
310.2,12313
310.41,12312
310.57,12311
310.78,12310
310.96,12309
311.17,12308
311.34,12307
311.56,12306
311.71,12305
311.92,12304
312.1,12303
312.28,12302
312.42,12301
312.64,12300
312.81,12299
312.96,12298
313.17,12297
313.31,12296
313.52,12295
313.67,12294
313.85,12293
314.01,12292
314.21,12291
314.38,12290
314.6,12289
314.76,12288
314.96,12287
315.13,12286
315.29,12285
315.48,12284
315.64,12283
315.85,12282
316.02,12281
316.23,12280
316.44,12279
316.6,12278
316.81,12277
316.97,12276
317.17,12275
317.34,12274
317.35,12274
317.53,12273
317.68,12272
317.89,12271
318.06,12270
318.25,12269
318.42,12268
318.63,12267
318.78,12266
318.85,12266
319.0,12265
319.17,12264
319.23,12264
319.37,12263
319.59,12262
319.76,12261
319.96,12260
320.12,12259
320.32,12258
320.48,12257
320.69,12256
320.85,12255
321.05,12254
321.06,12254
321.27,12253
321.42,12252
321.63,12251
321.78,12250
321.96,12249
322.16,12248
322.32,12247
322.52,12246
322.68,12245
322.89,12244
323.06,12243
323.27,12242
323.43,12241
323.67,12240
323.83,12239
324.04,12238
324.21,12237
324.41,12236
324.57,12235
324.78,12234
324.93,12233
325.14,12232
325.15,12232
325.36,12231
325.53,12230
325.68,12229
325.89,12228
326.04,12227
326.25,12226
326.42,12225
326.46,12225
326.61,12224
326.82,12223
326.97,12222
327.14,12221
327.34,12220
327.5,12219
327.71,12218
327.87,12217
328.08,12216
328.24,12215
328.47,12214
328.62,12213
328.84,12212
328.98,12211
329.03,12211
329.21,12210
329.39,12209
329.55,12208
329.71,12207
329.92,12206
330.08,12205
330.29,12204
330.45,12203
330.66,12202
330.81,12201
330.87,12201
331.03,12200
331.23,12199
331.39,12198
331.6,12197
331.75,12196
331.96,12195
332.12,12194
332.32,12193
332.49,12192
332.64,12191
332.85,12190
333.0,12189
333.21,12188
333.36,12187
333.49,12187
333.64,12186
333.81,12185
334.02,12184
334.17,12183
334.38,12182
334.53,12181
334.73,12180
334.91,12179
335.09,12178
335.26,12177
335.44,12176
335.61,12175
335.8,12174
335.95,12173
336.16,12172
336.34,12171
336.52,12170
336.7,12169
336.9,12168
337.06,12167
337.23,12166
337.43,12165
337.6,12164
337.79,12163
337.97,12162
338.17,12161
338.18,12161
338.38,12160
338.53,12159
338.73,12158
338.89,12157
339.1,12156
339.27,12155
339.47,12154
339.63,12153
339.83,12152
339.99,12151
340.19,12150
340.36,12149
340.55,12148
340.73,12147
340.91,12146
341.07,12145
341.23,12144
341.43,12143
341.65,12142
341.79,12141
342.01,12140
342.15,12139
342.36,12138
342.51,12137
342.7,12136
342.88,12135
343.08,12134
343.24,12133
343.25,12133
343.37,12133
343.53,12132
343.68,12131
343.89,12130
344.05,12129
344.26,12128
344.42,12127
344.63,12126
344.78,12125
344.99,12124
345.14,12123
345.34,12122
345.5,12121
345.51,12121
345.72,12120
345.88,12119
346.09,12118
346.25,12117
346.46,12116
346.6,12115
346.81,12114
346.97,12113
346.98,12113
347.19,12112
347.36,12111
347.55,12110
347.72,12109
347.92,12108
348.08,12107
348.29,12106
348.46,12105
348.65,12104
348.83,12103
349.04,12102
349.21,12101
349.45,12100
349.63,12099
349.84,12098
350.0,12097
350.2,12096
350.36,12095
350.66,12094
350.92,12093
351.09,12092
351.31,12091
351.47,12090
351.67,12089
351.84,12088
352.04,12087
352.21,12086
352.36,12085
352.57,12084
352.75,12083
352.96,12082
353.1,12081
353.31,12080
353.46,12079
353.67,12078
353.83,12077
354.05,12076
354.21,12075
354.42,12074
354.59,12073
354.6,12073
354.79,12072
354.96,12071
355.16,12070
355.32,12069
355.53,12068
355.54,12068
355.75,12067
355.92,12066
356.16,12065
356.38,12064
356.56,12063
356.77,12062
356.95,12061
357.14,12060
357.31,12059
357.36,12059
357.52,12058
357.72,12057
357.89,12056
358.04,12055
358.25,12054
358.4,12053
358.61,12052
358.76,12051
358.96,12050
359.12,12049
359.32,12048
359.33,12048
359.49,12047
359.69,12046
359.86,12045
360.06,12044
360.22,12043
360.42,12042
360.59,12041
360.8,12040
360.96,12039
361.14,12038
361.32,12037
361.33,12037
361.53,12036
361.68,12035
361.89,12034
362.04,12033
362.25,12032
362.42,12031
362.63,12030
362.78,12029
362.99,12028
363.14,12027
363.35,12026
363.5,12025
363.7,12024
363.86,12023
363.93,12023
364.08,12022
364.29,12021
364.45,12020
364.66,12019
364.81,12018
365.02,12017
365.18,12016
365.38,12015
365.55,12014
365.75,12013
365.92,12012
366.11,12011
366.27,12010
366.44,12009
366.64,12008
366.65,12008
366.85,12007
367.02,12006
367.22,12005
367.23,12005
367.29,12005
367.45,12004
367.65,12003
367.81,12002
367.82,12002
368.03,12001
368.19,12000
368.39,11999
368.56,11998
368.75,11997
368.93,11996
369.14,11995
369.28,11994
369.49,11993
369.64,11992
369.82,11991
370.02,11990
370.18,11989
370.36,11988
370.53,11987
370.73,11986
370.89,11985
371.1,11984
371.24,11983
371.44,11982
371.6,11981
371.78,11980
371.95,11979
372.16,11978
372.32,11977
372.52,11976
372.68,11975
372.89,11974
373.05,11973
373.25,11972
373.26,11972
373.42,11971
373.63,11970
373.78,11969
373.98,11968
374.14,11967
374.34,11966
374.52,11965
374.7,11964
374.91,11963
375.06,11962
375.28,11961
375.42,11960
375.64,11959
375.81,11958
376.0,11957
376.17,11956
376.37,11955
376.55,11954
376.77,11953
376.97,11952
377.19,11951
377.37,11950
377.61,11949
377.78,11948
378.0,11947
378.15,11946
378.36,11945
378.51,11944
378.67,11943
378.86,11942
379.03,11941
379.22,11940
379.39,11939
379.59,11938
379.75,11937
379.79,11937
379.94,11936
380.15,11935
380.32,11934
380.51,11933
380.68,11932
380.74,11932
380.91,11931
381.12,11930
381.14,11930
381.35,11929
381.51,11928
381.56,11928
381.74,11927
381.92,11926
382.1,11925
382.29,11924
382.46,11923
382.47,11923
382.68,11922
382.89,11921
383.05,11920
383.2,11919
383.27,11919
383.42,11918
383.67,11917
383.82,11916
384.03,11915
384.2,11914
384.41,11913
384.62,11912
384.64,11912
384.85,11911
385.03,11910
385.24,11909
385.39,11908
385.6,11907
385.75,11906
385.96,11905
386.14,11904
386.28,11903
386.49,11902
386.64,11901
386.85,11900
386.86,11900
387.07,11899
387.22,11898
387.43,11897
387.59,11896
387.78,11895
387.95,11894
388.17,11893
388.31,11892
388.46,11891
388.67,11890
388.82,11889
388.88,11889
389.04,11888
389.24,11887
389.4,11886
389.61,11885
389.77,11884
389.82,11884
389.99,11883
390.2,11882
390.21,11882
390.36,11881
390.45,11881
390.64,11880
390.81,11879
391.02,11878
391.18,11877
391.39,11876
391.53,11875
391.74,11874
391.9,11873
392.1,11872
392.26,11871
392.46,11870
392.62,11869
392.83,11868
392.99,11867
393.2,11866
393.38,11865
393.57,11864
393.74,11863
393.89,11862
394.11,11861
394.26,11860
394.47,11859
394.53,11859
394.69,11858
394.87,11857
395.05,11856
395.23,11855
395.44,11854
395.45,11854
395.66,11853
395.82,11852
396.02,11851
396.19,11850
396.4,11849
396.56,11848
396.78,11847
396.96,11846
397.15,11845
397.32,11844
397.53,11843
397.55,11843
397.6,11843
397.77,11842
397.82,11842
397.98,11841
397.99,11841
398.19,11840
398.36,11839
398.56,11838
398.72,11837
398.91,11836
399.09,11835
399.3,11834
399.46,11833
399.65,11832
399.82,11831
400.03,11830
400.18,11829
400.39,11828
400.54,11827
400.63,11827
400.82,11826
401.0,11825
401.06,11825
401.23,11824
401.43,11823
401.59,11822
401.8,11821
401.95,11820
401.96,11820
402.16,11819
402.31,11818
402.51,11817
402.67,11816
402.87,11815
403.04,11814
403.2,11813
403.38,11812
403.54,11811
403.74,11810
403.91,11809
404.11,11808
404.26,11807
404.47,11806
404.63,11805
404.83,11804
405.0,11803
405.2,11802
405.36,11801
405.57,11800
405.72,11799
405.93,11798
406.11,11797
406.25,11796
406.46,11795
406.61,11794
406.82,11793
406.98,11792
407.18,11791
407.35,11790
407.56,11789
407.73,11788
407.94,11787
408.09,11786
408.3,11785
408.45,11784
408.66,11783
408.82,11782
409.02,11781
409.19,11780
409.38,11779
409.55,11778
409.76,11777
409.92,11776
410.13,11775
410.3,11774
410.45,11773
410.66,11772
410.84,11771
411.04,11770
411.06,11770
411.24,11769
411.41,11768
411.61,11767
411.78,11766
411.98,11765
412.15,11764
412.37,11763
412.52,11762
412.75,11761
412.76,11761
412.97,11760
412.98,11760
413.14,11759
413.34,11758
413.51,11757
413.72,11756
413.88,11755
414.09,11754
414.24,11753
414.45,11752
414.62,11751
414.8,11750
414.98,11749
415.17,11748
415.33,11747
415.54,11746
415.69,11745
415.9,11744
416.05,11743
416.27,11742
416.43,11741
416.65,11740
416.82,11739
417.01,11738
417.18,11737
417.38,11736
417.54,11735
417.55,11735
417.75,11734
417.91,11733
418.13,11732
418.29,11731
418.37,11731
418.57,11730
418.73,11729
418.93,11728
419.09,11727
419.3,11726
419.31,11726
419.46,11725
419.67,11724
419.83,11723
420.02,11722
420.2,11721
420.41,11720
420.56,11719
420.73,11718
420.92,11717
421.09,11716
421.29,11715
421.46,11714
421.67,11713
421.84,11712
422.03,11711
422.04,11711
422.21,11710
422.42,11709
422.57,11708
422.77,11707
422.93,11706
423.13,11705
423.3,11704
423.45,11703
423.66,11702
423.83,11701
424.02,11700
424.19,11699
424.4,11698
424.56,11697
424.61,11697
424.79,11696
425.0,11695
425.16,11694
425.36,11693
425.44,11693
425.61,11692
425.66,11692
425.87,11691
426.02,11690
426.25,11689
426.42,11688
426.63,11687
426.8,11686
427.0,11685
427.01,11685
427.17,11684
427.37,11683
427.54,11682
427.75,11681
427.95,11680
428.13,11679
428.18,11679
428.35,11678
428.55,11677
428.71,11676
428.92,11675
429.07,11674
429.28,11673
429.43,11672
429.64,11671
429.66,11671
429.84,11670
430.01,11669
430.23,11668
430.38,11667
430.58,11666
430.6,11666
430.75,11665
430.8,11665
430.98,11664
431.13,11663
431.34,11662
431.51,11661
431.72,11660
431.78,11660
431.95,11659
432.1,11658
432.31,11657
432.46,11656
432.67,11655
432.84,11654
433.05,11653
433.2,11652
433.41,11651
433.43,11651
433.63,11650
433.79,11649
434.0,11648
434.15,11647
434.36,11646
434.51,11645
434.57,11645
434.74,11644
434.96,11643
435.14,11642
435.34,11641
435.36,11641
435.57,11640
435.73,11639
435.93,11638
435.94,11638
436.08,11637
436.3,11636
436.45,11635
436.46,11635
436.67,11634
436.82,11633
437.03,11632
437.11,11632
437.31,11631
437.47,11630
437.69,11629
437.85,11628
438.04,11627
438.21,11626
438.42,11625
438.43,11625
438.59,11624
438.8,11623
439.0,11622
439.17,11621
439.37,11620
439.53,11619
439.74,11618
439.9,11617
440.1,11616
440.25,11615
440.45,11614
440.46,11614
440.61,11613
440.82,11612
441.02,11611
441.2,11610
441.35,11609
441.56,11608
441.71,11607
441.89,11606
442.09,11605
442.23,11604
442.41,11603
442.56,11602
442.73,11601
442.74,11601
442.88,11600
443.06,11599
443.21,11598
443.4,11597
443.58,11596
443.76,11595
443.9,11594
444.08,11593
444.23,11592
444.41,11591
444.56,11590
444.73,11589
444.88,11588
445.06,11587
445.23,11586
445.24,11586
445.42,11585
445.57,11584
445.74,11583
445.76,11583
445.94,11582
446.09,11581
446.27,11580
446.29,11580
446.46,11579
446.61,11578
446.65,11578
446.79,11577
446.97,11576
447.12,11575
447.31,11574
447.46,11573
447.5,11573
447.65,11572
447.79,11571
447.97,11570
448.12,11569
448.29,11568
448.44,11567
448.49,11567
448.63,11566
448.82,11565
448.97,11564
449.15,11563
449.29,11562
449.47,11561
449.62,11560
449.8,11559
449.82,11559
450.0,11558
450.01,11558
450.2,11557
450.34,11556
450.52,11555
450.67,11554
450.84,11553
450.85,11553
450.99,11552
451.17,11551
451.32,11550
451.5,11549
451.65,11548
451.83,11547
451.98,11546
452.03,11546
452.04,11546
452.05,11546
452.23,11545
452.37,11544
452.55,11543
452.7,11542
452.88,11541
453.04,11540
453.22,11539
453.38,11538
453.58,11537
453.73,11536
453.91,11535
453.92,11535
454.1,11534
454.32,11533
454.47,11532
454.62,11531
454.8,11530
454.95,11529
455.12,11528
455.27,11527
455.45,11526
455.6,11525
455.78,11524
455.92,11523
456.1,11522
456.25,11521
456.43,11520
456.58,11519
456.77,11518
456.78,11518
456.96,11517
457.11,11516
457.29,11515
457.43,11514
457.48,11514
457.63,11513
457.82,11512
457.97,11511
458.16,11510
458.3,11509
458.49,11508
458.55,11508
458.69,11507
458.88,11506
459.02,11505
459.2,11504
459.36,11503
459.54,11502
459.69,11501
459.87,11500
460.05,11499
460.21,11498
460.39,11497
460.53,11496
460.71,11495
460.86,11494
461.04,11493
461.19,11492
461.37,11491
461.52,11490
461.7,11489
461.84,11488
462.02,11487
462.17,11486
462.35,11485
462.5,11484
462.68,11483
462.82,11482
463.01,11481
463.16,11480
463.34,11479
463.48,11478
463.54,11478
463.68,11477
463.86,11476
464.05,11475
464.2,11474
464.39,11473
464.54,11472
464.71,11471
464.73,11471
464.91,11470
465.06,11469
465.07,11469
465.25,11468
465.39,11467
465.57,11466
465.72,11465
465.9,11464
466.05,11463
466.22,11462
466.37,11461
466.55,11460
466.69,11459
466.87,11458
467.02,11457
467.2,11456
467.35,11455
467.52,11454
467.68,11453
467.86,11452
468.06,11451
468.21,11450
468.39,11449
468.57,11448
468.76,11447
468.91,11446
469.08,11445
469.23,11444
469.42,11443
469.57,11442
469.75,11441
469.89,11440
470.08,11439
470.23,11438
470.4,11437
470.55,11436
470.73,11435
470.88,11434
471.05,11433
471.12,11433
471.26,11432
471.44,11431
471.45,11431
471.63,11430
471.78,11429
471.95,11428
472.1,11427
472.28,11426
472.43,11425
472.61,11424
472.63,11424
472.81,11423
472.96,11422
473.14,11421
473.3,11420
473.31,11420
473.49,11419
473.64,11418
473.82,11417
473.87,11417
474.02,11416
474.21,11415
474.36,11414
474.54,11413
474.69,11412
474.86,11411
475.01,11410
475.19,11409
475.34,11408
475.52,11407
475.66,11406
475.68,11406
475.86,11405
476.0,11404
476.18,11403
476.33,11402
476.51,11401
476.66,11400
476.7,11400
476.85,11399
477.03,11398
477.17,11397
477.35,11396
477.36,11396
477.54,11395
477.69,11394
477.87,11393
477.88,11393
478.06,11392
478.21,11391
478.39,11390
478.55,11389
478.73,11388
478.87,11387
479.05,11386
479.2,11385
479.38,11384
479.53,11383
479.71,11382
479.86,11381
480.03,11380
480.18,11379
480.33,11378
480.51,11377
480.69,11376
480.83,11375
481.01,11374
481.02,11374
481.09,11374
481.1,11374
481.28,11373
481.42,11372
481.47,11372
481.62,11371
481.8,11370
481.82,11370
482.01,11369
482.19,11368
482.34,11367
482.52,11366
482.67,11365
482.84,11364
482.99,11363
483.17,11362
483.32,11361
483.49,11360
483.65,11359
483.83,11358
483.98,11357
484.02,11357
484.16,11356
484.34,11355
484.45,11354
484.64,11353
484.79,11352
484.94,11351
485.06,11350
485.23,11349
485.36,11348
485.52,11347
485.65,11346
485.81,11345
485.93,11344
486.1,11343
486.22,11342
486.39,11341
486.51,11340
486.68,11339
486.8,11338
486.96,11337
487.09,11336
487.24,11335
487.37,11334
487.38,11334
487.54,11333
487.66,11332
487.82,11331
487.94,11330
488.1,11329
488.12,11329
488.16,11329
488.3,11328
488.45,11327
488.46,11327
488.63,11326
488.75,11325
488.92,11324
489.04,11323
489.18,11322
489.32,11321
489.46,11320
489.61,11319
489.76,11318
489.89,11317
490.02,11316
490.05,11316
490.06,11316
490.17,11315
490.33,11314
490.47,11313
490.62,11312
490.75,11311
490.88,11310
491.04,11309
491.16,11308
491.32,11307
491.46,11306
491.62,11305
491.63,11305
491.79,11304
491.83,11304
491.84,11304
491.9,11304
492.03,11303
492.08,11303
492.19,11302
492.37,11301
492.49,11300
492.67,11299
492.79,11298
492.96,11297
493.08,11296
493.23,11295
493.36,11294
493.49,11293
493.64,11292
493.78,11291
493.93,11290
494.06,11289
494.22,11288
494.34,11287
494.5,11286
494.51,11286
494.52,11286
494.68,11285
494.8,11284
494.97,11283
495.11,11282
495.26,11281
495.39,11280
495.55,11279
495.67,11278
495.83,11277
495.96,11276
496.1,11275
496.24,11274
496.39,11273
496.51,11272
496.65,11271
496.8,11270
496.85,11270
496.99,11269
497.14,11268
497.28,11267
497.29,11267
497.44,11266
497.56,11265
497.72,11264
497.84,11263
498.0,11262
498.13,11261
498.31,11260
498.44,11259
498.47,11259
498.5,11259
498.59,11259
498.71,11258
498.85,11257
499.0,11256
499.13,11255
499.28,11254
499.41,11253
499.57,11252
499.69,11251
499.75,11251
499.8,11251
499.92,11250
499.98,11250
500.15,11249
500.27,11248
500.42,11247
500.55,11246
500.71,11245
500.83,11244
500.99,11243
501.12,11242
501.14,11242
501.28,11241
501.42,11240
501.57,11239
501.62,11239
501.75,11238
501.9,11237
502.03,11236
502.19,11235
502.2,11235
502.36,11234
502.51,11233
502.63,11232
502.79,11231
502.92,11230
503.07,11229
503.2,11228
503.36,11227
503.49,11226
503.67,11225
503.8,11224
503.95,11223
504.08,11222
504.24,11221
504.36,11220
504.52,11219
504.65,11218
504.77,11217
504.8,11217
504.93,11216
505.09,11215
505.21,11214
505.35,11213
505.49,11212
505.62,11211
505.77,11210
505.93,11209
506.06,11208
506.2,11207
506.31,11206
506.46,11205
506.57,11204
506.69,11203
506.82,11202
506.98,11201
506.99,11201
507.11,11200
507.25,11199
507.36,11198
507.5,11197
507.52,11197
507.65,11196
507.67,11196
507.8,11195
507.92,11194
508.05,11193
508.16,11192
508.29,11191
508.41,11190
508.54,11189
508.65,11188
508.78,11187
508.83,11187
508.95,11186
509.08,11185
509.19,11184
509.32,11183
509.43,11182
509.56,11181
509.67,11180
509.79,11179
509.92,11178
510.03,11177
510.05,11177
510.17,11176
510.3,11175
510.43,11174
510.55,11173
510.67,11172
510.71,11172
510.73,11172
510.86,11171
510.98,11170
511.11,11169
511.22,11168
511.35,11167
511.49,11166
511.65,11165
511.77,11164
511.91,11163
512.02,11162
512.06,11162
512.2,11161
512.31,11160
512.43,11159
512.55,11158
512.56,11158
512.68,11157
512.8,11156
512.93,11155
512.99,11155
513.1,11154
513.23,11153
513.34,11152
513.38,11152
513.49,11151
513.52,11151
513.64,11150
513.76,11149
513.88,11148
514.01,11147
514.12,11146
514.25,11145
514.37,11144
514.49,11143
514.61,11142
514.73,11141
514.85,11140
514.98,11139
515.1,11138
515.11,11138
515.24,11137
515.25,11137
515.36,11136
515.38,11136
515.5,11135
515.63,11134
515.74,11133
515.87,11132
515.98,11131
516.12,11130
516.23,11129
516.36,11128
516.42,11128
516.53,11127
516.54,11127
516.69,11126
516.8,11125
516.94,11124
517.04,11123
517.11,11123
517.24,11122
517.35,11121
517.48,11120
517.59,11119
517.72,11118
517.83,11117
517.96,11116
518.07,11115
518.21,11114
518.32,11113
518.45,11112
518.56,11111
518.69,11110
518.8,11109
518.92,11108
519.05,11107
519.16,11106
519.29,11105
519.4,11104
519.53,11103
519.64,11102
519.77,11101
519.88,11100
520.02,11099
520.13,11098
520.26,11097
520.38,11096
520.51,11095
520.62,11094
520.78,11093
520.9,11092
521.03,11091
521.14,11090
521.28,11089
521.4,11088
521.52,11087
521.54,11087
521.68,11086
521.8,11085
521.92,11084
522.04,11083
522.17,11082
522.28,11081
522.4,11080
522.52,11079
522.54,11079
522.57,11079
522.68,11078
522.81,11077
522.83,11077
522.95,11076
522.96,11076
523.07,11075
523.11,11075
523.22,11074
523.23,11074
523.26,11074
523.39,11073
523.51,11072
523.63,11071
523.74,11070
523.88,11069
523.99,11068
524.04,11068
524.17,11067
524.19,11067
524.32,11066
524.43,11065
524.56,11064
524.69,11063
524.7,11063
524.83,11062
524.89,11062
524.9,11062
524.92,11062
525.06,11061
525.18,11060
525.19,11060
525.24,11060
525.37,11059
525.52,11058
525.64,11057
525.76,11056
525.87,11055
525.94,11055
526.08,11054
526.2,11053
526.24,11053
526.3,11053
526.43,11052
526.54,11051
526.67,11050
526.78,11049
526.91,11048
527.02,11047
527.16,11046
527.25,11045
527.39,11044
527.51,11043
527.63,11042
527.75,11041
527.88,11040
527.99,11039
528.0,11039
528.14,11038
528.25,11037
528.38,11036
528.49,11035
528.54,11035
528.67,11034
528.78,11033
528.91,11032
529.02,11031
529.16,11030
529.27,11029
529.28,11029
529.4,11028
529.51,11027
529.66,11026
529.77,11025
529.88,11024
530.0,11023
530.11,11022
530.25,11021
530.36,11020
530.38,11020
530.5,11019
530.66,11018
530.78,11017
530.91,11016
531.02,11015
531.16,11014
531.27,11013
531.4,11012
531.51,11011
531.64,11010
531.66,11010
531.79,11009
531.9,11008
532.03,11007
532.08,11007
532.1,11007
532.23,11006
532.27,11006
532.29,11006
532.42,11005
532.54,11004
532.56,11004
532.57,11004
532.69,11003
532.82,11002
532.93,11001
532.97,11001
533.11,11000
533.23,10999
533.28,10999
533.41,10998
533.52,10997
533.67,10996
533.78,10995
533.91,10994
534.02,10993
534.07,10993
534.2,10992
534.23,10992
534.36,10991
534.48,10990
534.61,10989
534.72,10988
534.85,10987
534.9,10987
535.02,10986
535.15,10985
535.26,10984
535.39,10983
535.51,10982
535.63,10981
535.75,10980
535.89,10979
536.01,10978
536.06,10978
536.17,10977
536.29,10976
536.35,10976
536.37,10976
536.49,10975
536.63,10974
536.76,10973
536.87,10972
537.0,10971
537.12,10970
537.25,10969
537.36,10968
537.49,10967
537.6,10966
537.73,10965
537.84,10964
537.87,10964
537.99,10963
538.12,10962
538.23,10961
538.27,10961
538.38,10960
538.51,10959
538.63,10958
538.74,10957
538.78,10957
538.88,10956
538.99,10955
539.11,10954
539.23,10953
539.31,10952
539.42,10951
539.54,10950
539.58,10950
539.71,10949
539.81,10948
539.91,10947
539.93,10947
540.02,10946
540.03,10946
540.16,10945
540.27,10944
540.37,10943
540.47,10942
540.57,10941
540.67,10940
540.78,10939
540.89,10938
540.98,10937
541.1,10936
541.21,10935
541.31,10934
541.4,10933
541.5,10932
541.53,10932
541.61,10931
541.73,10930
541.82,10929
541.93,10928
542.03,10927
542.15,10926
542.24,10925
542.34,10924
542.45,10923
542.56,10922
542.58,10922
542.68,10921
542.78,10920
542.87,10919
542.97,10918
543.06,10917
543.07,10917
543.17,10916
543.28,10915
543.36,10914
543.47,10913
543.58,10912
543.67,10911
543.79,10910
543.9,10909
543.98,10908
544.09,10907
544.18,10906
544.29,10905
544.4,10904
544.49,10903
544.53,10903
544.65,10902
544.75,10901
544.84,10900
544.95,10899
545.04,10898
545.15,10897
545.23,10896
545.26,10896
545.37,10895
545.45,10894
545.56,10893
545.65,10892
545.76,10891
545.84,10890
545.96,10889
546.06,10888
546.16,10887
546.27,10886
546.37,10885
546.38,10885
546.49,10884
546.59,10883
546.61,10883
546.71,10882
546.81,10881
546.83,10881
546.94,10880
547.02,10879
547.13,10878
547.21,10877
547.22,10877
547.32,10876
547.41,10875
547.43,10875
547.53,10874
547.63,10873
547.73,10872
547.83,10871
547.94,10870
548.02,10869
548.04,10869
548.14,10868
548.25,10867
548.37,10866
548.46,10865
548.57,10864
548.66,10863
548.77,10862
548.88,10861
548.97,10860
548.98,10860
549.09,10859
549.17,10858
549.3,10857
549.42,10856
549.52,10855
549.63,10854
549.72,10853
549.83,10852
549.92,10851
550.03,10850
550.14,10849
550.23,10848
550.33,10847
550.42,10846
550.53,10845
550.61,10844
550.72,10843
550.74,10843
550.85,10842
550.95,10841
551.06,10840
551.14,10839
551.25,10838
551.35,10837
551.37,10837
551.46,10836
551.57,10835
551.68,10834
551.78,10833
551.88,10832
551.9,10832
552.0,10831
552.01,10831
552.11,10830
552.22,10829
552.32,10828
552.42,10827
552.53,10826
552.61,10825
552.72,10824
552.82,10823
552.83,10823
552.93,10822
553.04,10821
553.07,10821
553.1,10821
553.25,10820
553.36,10819
553.45,10818
553.55,10817
553.64,10816
553.75,10815
553.76,10815
553.87,10814
553.92,10814
554.0,10813
554.11,10812
554.12,10812
554.23,10811
554.26,10811
554.38,10810
554.49,10809
554.6,10808
554.7,10807
554.71,10807
554.81,10806
554.92,10805
554.93,10805
555.01,10804
555.12,10803
555.16,10803
555.27,10802
555.37,10801
555.49,10800
555.58,10799
555.72,10798
555.83,10797
555.99,10796
556.0,10796
556.12,10795
556.23,10794
556.33,10793
556.43,10792
556.53,10791
556.64,10790
556.73,10789
556.84,10788
556.95,10787
556.97,10787
557.08,10786
557.18,10785
557.29,10784
557.3,10784
557.42,10783
557.5,10782
557.61,10781
557.7,10780
557.71,10780
557.82,10779
557.91,10778
558.03,10777
558.13,10776
558.16,10776
558.26,10775
558.35,10774
558.47,10773
558.56,10772
558.66,10771
558.67,10771
558.76,10770
558.87,10769
558.97,10768
559.07,10767
559.17,10766
559.28,10765
559.37,10764
559.47,10763
559.58,10762
559.61,10762
559.7,10761
559.81,10760
559.91,10759
560.01,10758
560.12,10757
560.21,10756
560.32,10755
560.33,10755
560.43,10754
560.52,10753
560.64,10752
560.72,10751
560.83,10750
560.93,10749
561.03,10748
561.13,10747
561.24,10746
561.25,10746
561.26,10746
561.37,10745
561.46,10744
561.57,10743
561.68,10742
561.69,10742
561.79,10741
561.92,10740
561.93,10740
562.04,10739
562.12,10738
562.23,10737
562.24,10737
562.33,10736
562.44,10735
562.54,10734
562.63,10733
562.65,10733
562.76,10732
562.87,10731
562.88,10731
562.98,10730
563.08,10729
563.13,10729
563.23,10728
563.34,10727
563.45,10726
563.55,10725
563.68,10724
563.79,10723
563.89,10722
564.0,10721
564.11,10720
564.19,10719
564.21,10719
564.29,10718
564.37,10717
564.48,10716
564.59,10715
564.68,10714
564.72,10714
564.8,10713
564.92,10712
565.03,10711
565.11,10710
565.16,10710
565.25,10709
565.35,10708
565.47,10707
565.48,10707
565.57,10706
565.68,10705
565.79,10704
565.87,10703
565.96,10702
566.07,10701
566.18,10700
566.28,10699
566.39,10698
566.4,10698
566.44,10698
566.53,10697
566.64,10696
566.65,10696
566.66,10696
566.76,10695
566.85,10694
566.97,10693
566.98,10693
567.08,10692
567.18,10691
567.29,10690
567.38,10689
567.49,10688
567.5,10688
567.6,10687
567.7,10686
567.8,10685
567.9,10684
567.92,10684
568.03,10683
568.11,10682
568.13,10682
568.23,10681
568.32,10680
568.43,10679
568.54,10678
568.64,10677
568.74,10676
568.85,10675
568.96,10674
569.05,10673
569.16,10672
569.18,10672
569.3,10671
569.32,10671
569.4,10670
569.49,10669
569.6,10668
569.71,10667
569.82,10666
569.91,10665
570.05,10664
570.14,10663
570.25,10662
570.36,10661
570.38,10661
570.47,10660
570.58,10659
570.6,10659
570.71,10658
570.81,10657
570.91,10656
571.02,10655
571.12,10654
571.13,10654
571.22,10653
571.33,10652
571.42,10651
571.53,10650
571.63,10649
571.73,10648
571.85,10647
571.95,10646
572.06,10645
572.17,10644
572.26,10643
572.37,10642
572.45,10641
572.49,10641
572.58,10640
572.69,10639
572.7,10639
572.8,10638
572.82,10638
572.92,10637
573.0,10636
573.09,10635
573.17,10634
573.25,10633
573.36,10632
573.44,10631
573.45,10631
573.49,10631
573.57,10630
573.65,10629
573.74,10628
573.85,10627
573.88,10627
573.97,10626
573.98,10626
574.06,10625
574.14,10624
574.23,10623
574.31,10622
574.41,10621
574.49,10620
574.58,10619
574.65,10618
574.73,10617
574.81,10616
574.9,10615
574.92,10615
575.0,10614
575.08,10613
575.17,10612
575.18,10612
575.27,10611
575.29,10611
575.37,10610
575.45,10609
575.49,10609
575.57,10608
575.65,10607
575.73,10606
575.81,10605
575.89,10604
575.98,10603
576.06,10602
576.15,10601
576.17,10601
576.25,10600
576.33,10599
576.41,10598
576.49,10597
576.58,10596
576.6,10596
576.68,10595
576.76,10594
576.85,10593
576.94,10592
577.02,10591
577.1,10590
577.19,10589
577.28,10588
577.36,10587
577.41,10587
577.49,10586
577.57,10585
577.65,10584
577.73,10583
577.81,10582
577.89,10581
577.97,10580
578.06,10579
578.07,10579
578.15,10578
578.24,10577
578.32,10576
578.4,10575
578.48,10574
578.56,10573
578.64,10572
578.72,10571
578.8,10570
578.89,10569
578.91,10569
578.99,10568
579.07,10567
579.15,10566
579.23,10565
579.31,10564
579.39,10563
579.41,10563
579.5,10562
579.52,10562
579.6,10561
579.61,10561
579.64,10561
579.65,10561
579.73,10560
579.81,10559
579.89,10558
579.9,10558
579.98,10557
579.99,10557
580.07,10556
580.15,10555
580.19,10555
580.26,10554
580.34,10553
580.43,10552
580.44,10552
580.46,10552
580.54,10551
580.57,10551
580.66,10550
580.74,10549
580.82,10548
580.92,10547
580.99,10546
581.07,10545
581.16,10544
581.24,10543
581.32,10542
581.4,10541
581.48,10540
581.56,10539
581.64,10538
581.66,10538
581.75,10537
581.83,10536
581.92,10535
581.95,10535
582.03,10534
582.11,10533
582.2,10532
582.29,10531
582.37,10530
582.45,10529
582.46,10529
582.48,10529
582.56,10528
582.64,10527
582.75,10526
582.84,10525
582.86,10525
582.94,10524
583.02,10523
583.11,10522
583.19,10521
583.27,10520
583.35,10519
583.43,10518
583.52,10517
583.53,10517
583.61,10516
583.62,10516
583.63,10516
583.71,10515
583.79,10514
583.81,10514
583.89,10513
583.97,10512
584.05,10511
584.06,10511
584.14,10510
584.23,10509
584.31,10508
584.39,10507
584.47,10506
584.55,10505
584.63,10504
584.71,10503
584.79,10502
584.81,10502
584.89,10501
584.98,10500
585.06,10499
585.14,10498
585.22,10497
585.31,10496
585.39,10495
585.47,10494
585.55,10493
585.63,10492
585.71,10491
585.8,10490
585.88,10489
585.96,10488
586.04,10487
586.13,10486
586.21,10485
586.29,10484
586.3,10484
586.38,10483
586.47,10482
586.49,10482
586.58,10481
586.66,10480
586.74,10479
586.82,10478
586.9,10477
586.98,10476
587.06,10475
587.15,10474
587.23,10473
587.31,10472
587.34,10472
587.42,10471
587.5,10470
587.58,10469
587.66,10468
587.67,10468
587.75,10467
587.87,10466
587.96,10465
588.04,10464
588.12,10463
588.13,10463
588.21,10462
588.3,10461
588.38,10460
588.42,10460
588.45,10460
588.53,10459
588.61,10458
588.69,10457
588.77,10456
588.85,10455
588.93,10454
589.01,10453
589.09,10452
589.18,10451
589.26,10450
589.29,10450
589.38,10449
589.4,10449
589.47,10448
589.55,10447
589.63,10446
589.71,10445
589.8,10444
589.82,10444
589.91,10443
589.99,10442
590.07,10441
590.15,10440
590.18,10440
590.26,10439
590.35,10438
590.43,10437
590.51,10436
590.6,10435
590.68,10434
590.72,10434
590.8,10433
590.88,10432
590.97,10431
591.05,10430
591.13,10429
591.22,10428
591.23,10428
591.31,10427
591.4,10426
591.49,10425
591.5,10425
591.52,10425
591.6,10424
591.69,10423
591.77,10422
591.85,10421
591.94,10420
592.03,10419
592.11,10418
592.19,10417
592.27,10416
592.35,10415
592.44,10414
592.51,10413
592.6,10412
592.68,10411
592.76,10410
592.84,10409
592.95,10408
593.06,10407
593.17,10406
593.3,10405
593.32,10405
593.43,10404
593.52,10403
593.6,10402
593.7,10401
593.72,10401
593.74,10401
593.84,10400
593.93,10399
594.01,10398
594.09,10397
594.1,10397
594.11,10397
594.2,10396
594.29,10395
594.38,10394
594.46,10393
594.55,10392
594.63,10391
594.71,10390
594.79,10389
594.87,10388
594.95,10387
595.03,10386
595.12,10385
595.15,10385
595.23,10384
595.31,10383
595.33,10383
595.42,10382
595.5,10381
595.58,10380
595.6,10380
595.68,10379
595.76,10378
595.84,10377
595.92,10376
596.01,10375
596.09,10374
596.17,10373
596.25,10372
596.27,10372
596.36,10371
596.39,10371
596.48,10370
596.55,10369
596.63,10368
596.71,10367
596.79,10366
596.88,10365
596.96,10364
597.04,10363
597.06,10363
597.15,10362
597.23,10361
597.26,10361
597.34,10360
597.36,10360
597.45,10359
597.48,10359
597.56,10358
597.57,10358
597.65,10357
597.67,10357
597.75,10356
597.83,10355
597.85,10355
597.93,10354
598.02,10353
598.12,10352
598.2,10351
598.28,10350
598.32,10350
598.4,10349
598.49,10348
598.57,10347
598.58,10347
598.66,10346
598.68,10346
598.76,10345
598.84,10344
598.92,10343
599.0,10342
599.08,10341
599.16,10340
599.25,10339
599.33,10338
599.41,10337
599.5,10336
599.58,10335
599.66,10334
599.74,10333
599.82,10332
599.9,10331
599.99,10330
