0.0,14107
0.01,14103
0.02,14096
0.03,14084
0.04,14080
0.05,14073
0.06,14067
0.07,14061
0.08,14057
0.09,14049
0.1,14042
0.11,14035
0.12,14029
0.13,14024
0.14,14015
0.15,14007
0.16,14000
0.17,13993
0.18,13987
0.19,13981
0.2,13976
0.21,13969
0.22,13963
0.23,13958
0.24,13953
0.25,13947
0.26,13938
0.27,13931
0.28,13926
0.29,13924
0.3,13918
0.31,13912
0.32,13905
0.33,13895
0.34,13885
0.35,13880
0.36,13878
0.37,13873
0.38,13869
0.39,13865
0.4,13861
0.41,13857
0.42,13853
0.43,13850
0.44,13848
0.45,13842
0.46,13837
0.47,13836
0.48,13832
0.49,13827
0.5,13820
0.51,13818
0.52,13813
0.53,13809
0.54,13804
1.15,13799
1.16,13798
1.17,13793
1.18,13788
1.19,13786
1.2,13783
1.21,13778
1.22,13775
1.23,13773
1.25,13768
1.26,13762
1.27,13756
1.28,13751
1.29,13747
1.3,13742
1.82,13740
1.83,13738
1.84,13734
1.85,13729
1.86,13726
1.87,13722
1.88,13718
1.89,13714
1.9,13708
1.91,13702
1.92,13699
2.54,13697
2.55,13696
2.56,13693
2.57,13685
2.58,13679
2.59,13677
2.6,13674
2.61,13664
2.62,13659
2.63,13658
3.3,13656
3.31,13654
3.32,13650
3.33,13647
3.34,13641
3.35,13636
3.36,13631
3.37,13623
3.38,13618
3.39,13613
3.4,13612
3.62,13611
3.64,13609
3.65,13603
3.66,13596
3.67,13593
3.68,13587
3.69,13583
3.7,13582
3.71,13577
3.72,13573
3.73,13569
3.75,13565
3.76,13560
3.77,13556
3.78,13551
3.79,13546
3.8,13538
3.81,13537
3.82,13531
3.83,13530
3.84,13529
3.85,13525
3.86,13522
3.87,13518
3.88,13515
3.89,13512
3.9,13507
3.91,13505
3.92,13503
3.93,13496
3.94,13493
3.95,13487
3.96,13482
3.97,13478
3.98,13473
3.99,13469
4.0,13464
4.01,13460
4.02,13457
4.03,13455
4.04,13449
4.05,13444
4.06,13441
4.07,13436
4.08,13432
4.09,13426
4.1,13421
4.57,13415
4.58,13409
4.59,13404
4.6,13396
4.61,13392
4.62,13386
5.15,13384
5.16,13380
5.17,13373
5.18,13364
5.19,13361
5.2,13356
5.21,13352
5.22,13345
5.23,13342
5.24,13339
5.25,13337
5.26,13334
5.27,13328
5.28,13322
5.29,13316
5.3,13310
5.31,13306
5.32,13304
5.33,13298
5.34,13292
5.35,13288
5.36,13285
5.37,13279
5.38,13277
5.4,13271
5.41,13266
5.42,13262
5.43,13260
5.44,13255
5.45,13254
5.46,13253
5.47,13247
5.48,13243
5.49,13234
5.5,13229
5.51,13225
5.52,13222
5.53,13218
5.54,13217
5.55,13216
5.57,13212
5.58,13209
5.59,13206
5.6,13202
5.61,13198
5.62,13190
5.63,13186
5.64,13180
5.65,13176
5.66,13172
5.67,13169
5.68,13164
5.69,13160
5.7,13154
5.71,13151
5.72,13146
5.73,13145
5.74,13143
5.75,13140
5.76,13134
5.77,13127
5.78,13125
5.79,13123
5.8,13119
5.81,13115
5.82,13114
5.83,13109
5.84,13108
5.85,13104
5.86,13097
5.87,13091
5.88,13087
5.89,13083
5.9,13079
5.91,13076
5.92,13071
5.93,13069
5.94,13066
5.95,13062
5.96,13053
5.97,13050
5.98,13043
5.99,13037
6.0,13032
6.01,13028
6.02,13026
6.03,13023
6.04,13017
6.05,13010
6.06,13005
6.07,12998
6.09,12996
6.1,12992
6.11,12989
6.12,12985
6.13,12980
6.14,12976
6.15,12971
6.16,12968
6.17,12963
6.18,12958
6.19,12957
6.21,12949
6.22,12943
7.06,12942
7.07,12941
7.08,12938
7.09,12933
7.1,12928
7.11,12924
7.12,12923
7.13,12917
7.14,12910
7.15,12905
7.16,12902
7.17,12895
7.18,12891
7.19,12890
7.2,12886
7.21,12879
7.22,12872
7.23,12868
7.24,12867
7.25,12864
7.26,12859
7.27,12854
7.28,12850
7.29,12847
7.3,12845
7.31,12838
7.32,12830
7.33,12828
7.34,12827
7.35,12822
7.36,12816
7.37,12812
7.38,12808
7.39,12805
7.4,12804
7.41,12797
7.42,12792
7.44,12788
7.46,12785
7.47,12782
7.93,12780
7.94,12775
7.95,12770
7.96,12766
7.97,12764
7.98,12758
7.99,12754
8.01,12752
8.03,12750
8.04,12744
8.05,12739
8.06,12736
8.07,12733
8.08,12728
8.09,12723
8.1,12720
8.11,12716
8.12,12715
8.13,12713
8.14,12712
8.15,12710
8.16,12706
8.17,12703
8.18,12700
8.19,12694
8.2,12690
8.21,12683
8.22,12682
8.23,12681
8.24,12678
8.25,12676
8.26,12671
8.27,12666
8.28,12663
8.29,12659
8.3,12656
8.32,12655
8.33,12653
8.34,12649
8.35,12646
8.36,12644
8.37,12643
8.39,12640
8.4,12637
8.41,12631
8.42,12626
8.43,12621
8.44,12617
8.45,12614
8.46,12613
8.47,12609
8.48,12607
8.49,12602
8.5,12599
8.51,12592
8.52,12589
8.53,12587
8.54,12582
8.55,12578
8.56,12573
8.57,12571
8.58,12569
8.59,12566
8.6,12563
8.62,12561
8.63,12557
8.64,12551
8.65,12547
8.66,12541
8.67,12540
8.69,12537
8.7,12534
8.71,12531
8.72,12526
8.73,12523
8.74,12522
8.75,12518
8.76,12517
8.77,12515
8.78,12511
8.79,12507
8.8,12501
8.81,12500
8.82,12498
8.83,12492
8.84,12489
8.85,12487
8.86,12485
8.87,12480
8.88,12475
8.89,12469
8.9,12466
8.91,12463
8.92,12459
8.93,12457
8.94,12454
8.95,12448
8.96,12442
8.97,12438
8.98,12433
8.99,12430
9.0,12428
9.01,12427
9.02,12426
9.6,12424
9.61,12417
9.62,12414
9.63,12411
9.64,12410
9.65,12406
9.66,12402
9.67,12396
9.68,12392
9.69,12389
9.7,12386
9.71,12382
9.72,12374
9.73,12372
9.74,12368
9.75,12363
9.76,12361
9.77,12356
9.78,12354
9.79,12353
9.8,12350
9.81,12343
9.82,12339
9.83,12336
9.84,12329
9.85,12328
9.86,12326
9.87,12324
9.88,12320
9.89,12315
9.9,12311
9.91,12306
9.92,12304
9.94,12298
9.95,12292
9.96,12288
9.97,12286
9.98,12282
9.99,12279
10.0,12274
10.01,12268
10.02,12259
10.03,12254
10.04,12252
10.05,12248
10.06,12247
10.07,12245
10.08,12241
10.09,12238
10.1,12232
10.11,12227
10.12,12221
10.13,12212
10.14,12210
10.15,12209
10.16,12206
10.17,12202
10.18,12201
10.19,12200
10.2,12196
10.21,12195
10.22,12192
10.23,12189
10.24,12186
10.25,12183
10.26,12181
10.27,12178
10.28,12175
10.29,12171
10.3,12167
10.31,12163
10.32,12159
10.33,12156
10.34,12153
10.35,12151
10.36,12148
10.37,12144
10.38,12139
10.39,12135
10.4,12130
10.41,12128
10.42,12122
10.43,12119
10.44,12113
10.45,12110
10.9,12108
10.91,12106
10.92,12101
10.94,12099
10.95,12096
10.96,12094
10.97,12091
10.98,12088
10.99,12086
11.0,12083
11.01,12082
11.51,12080
11.52,12079
11.53,12077
11.54,12076
11.56,12069
11.57,12063
11.58,12058
11.59,12055
11.6,12053
11.61,12050
11.62,12049
11.63,12044
11.64,12040
12.1,12039
12.12,12038
12.13,12035
12.14,12031
12.15,12028
12.17,12026
12.18,12025
12.2,12024
12.21,12023
12.77,12021
12.78,12016
12.79,12013
12.8,12010
12.81,12006
12.82,12004
12.85,12003
12.86,12001
12.87,11998
12.88,11996
12.89,11992
12.9,11987
12.91,11981
12.92,11975
12.93,11972
12.94,11968
12.97,11967
12.98,11964
13.0,11957
13.02,11952
13.03,11946
13.05,11940
13.06,11937
13.07,11928
13.08,11924
13.1,11919
13.11,11918
13.12,11913
13.13,11910
13.14,11903
13.15,11901
13.16,11900
13.17,11898
13.18,11893
13.19,11889
13.21,11884
13.22,11883
13.23,11878
13.24,11875
13.25,11872
13.26,11869
13.27,11868
13.29,11865
13.3,11858
13.31,11856
13.37,11853
13.38,11850
13.39,11848
13.4,11844
13.41,11842
13.88,11840
13.89,11836
13.9,11833
13.91,11831
13.92,11825
13.94,11824
13.95,11823
13.96,11819
14.2,11818
14.21,11816
14.22,11811
14.23,11808
14.25,11806
14.26,11805
14.28,11804
14.29,11798
14.3,11795
14.31,11794
14.32,11793
14.33,11791
14.34,11784
14.35,11783
14.36,11781
14.37,11778
14.38,11776
14.39,11774
14.4,11772
14.41,11771
14.42,11770
14.43,11764
14.44,11762
14.45,11756
14.46,11752
14.47,11749
14.48,11748
14.5,11745
14.51,11744
14.52,11742
14.53,11741
14.54,11740
14.57,11736
14.58,11731
14.6,11727
14.61,11725
14.62,11722
14.63,11717
14.64,11712
14.65,11710
14.66,11709
14.67,11706
14.68,11701
14.69,11698
14.7,11694
14.71,11691
14.73,11689
14.75,11685
14.76,11682
14.77,11681
14.78,11679
14.79,11677
14.8,11673
14.81,11670
14.82,11668
14.85,11666
14.86,11662
14.87,11661
14.88,11658
14.89,11654
14.9,11649
15.43,11647
15.44,11644
15.45,11639
15.46,11635
15.47,11632
15.48,11631
15.49,11629
15.5,11624
15.51,11622
15.52,11619
15.53,11613
15.54,11609
15.56,11607
15.57,11606
15.58,11603
15.59,11602
15.6,11601
15.61,11599
15.62,11594
15.63,11593
15.64,11590
15.65,11589
15.66,11588
15.67,11587
15.68,11586
15.69,11584
15.7,11578
15.71,11575
15.72,11573
15.73,11570
15.74,11566
15.75,11564
15.76,11560
15.77,11558
15.78,11556
15.79,11555
16.25,11554
16.26,11550
16.27,11545
16.28,11540
16.29,11535
16.3,11531
16.31,11526
16.32,11522
16.33,11521
16.34,11515
16.35,11514
16.36,11513
16.37,11510
16.89,11506
16.9,11504
16.91,11503
16.93,11499
16.94,11496
16.95,11493
16.96,11491
16.97,11489
16.98,11485
16.99,11482
17.0,11479
17.02,11478
17.03,11476
17.04,11472
17.05,11471
17.06,11467
17.07,11466
17.08,11465
17.09,11462
17.1,11460
17.6,11458
17.61,11455
17.62,11450
17.63,11447
17.64,11440
17.65,11436
17.66,11434
17.67,11431
17.68,11429
17.69,11427
17.7,11422
17.71,11421
17.72,11419
17.75,11418
17.76,11415
17.77,11412
17.78,11410
17.79,11406
17.8,11405
17.81,11401
17.83,11398
17.84,11395
17.86,11392
17.87,11389
17.88,11388
17.89,11387
17.9,11381
17.91,11376
17.92,11372
17.93,11370
17.94,11364
17.95,11361
17.96,11359
17.97,11356
17.98,11351
17.99,11348
18.0,11346
18.02,11343
18.03,11342
18.04,11338
18.05,11336
18.06,11333
18.07,11329
18.08,11328
18.1,11324
18.11,11322
18.12,11320
18.13,11318
18.14,11314
18.15,11311
18.16,11310
18.17,11306
18.18,11304
18.19,11299
18.2,11297
18.21,11295
18.22,11292
18.23,11289
18.24,11285
18.25,11284
18.26,11281
18.27,11278
18.28,11275
18.3,11274
18.31,11272
18.32,11271
18.33,11265
18.34,11262
18.35,11259
18.36,11255
18.37,11254
18.38,11253
18.39,11251
18.84,11250
18.85,11245
18.86,11244
18.88,11241
18.9,11239
18.91,11238
18.92,11234
18.93,11230
18.94,11229
18.95,11226
18.96,11223
18.97,11221
18.98,11219
19.0,11216
19.01,11211
19.02,11209
19.03,11208
19.04,11207
19.05,11202
19.06,11200
19.07,11197
19.08,11195
19.09,11188
19.1,11187
19.11,11183
19.12,11181
19.13,11178
19.14,11172
19.15,11171
19.16,11168
19.17,11167
19.18,11164
19.19,11163
19.2,11162
19.21,11159
19.22,11155
19.23,11152
19.24,11148
19.25,11143
19.26,11140
19.27,11134
19.28,11131
19.29,11125
19.3,11123
19.32,11119
19.33,11115
19.34,11113
19.35,11112
19.36,11110
19.37,11109
19.38,11108
19.39,11104
19.4,11103
19.41,11096
19.42,11095
19.43,11094
19.44,11089
19.45,11086
19.46,11083
19.47,11079
19.48,11077
19.49,11074
19.5,11072
19.51,11067
19.52,11064
19.53,11062
19.54,11057
19.55,11056
19.56,11053
19.57,11049
19.58,11046
19.59,11041
19.6,11037
19.61,11035
19.62,11034
19.63,11031
19.64,11028
19.66,11025
19.67,11023
19.68,11021
19.7,11019
19.71,11017
19.72,11016
19.73,11013
19.75,11011
19.76,11007
19.77,11006
19.78,11004
19.79,10999
19.8,10997
19.81,10996
19.82,10993
19.83,10992
19.85,10991
19.86,10988
19.87,10984
19.88,10980
19.89,10976
19.9,10974
19.91,10970
19.92,10969
19.94,10968
19.97,10967
19.99,10965
20.0,10962
20.01,10960
20.04,10956
20.05,10953
20.06,10950
20.07,10947
20.08,10942
20.09,10938
20.1,10935
20.11,10931
20.12,10928
20.13,10925
20.14,10923
20.15,10921
20.16,10919
20.17,10916
20.19,10914
20.2,10910
20.21,10909
20.22,10908
20.23,10904
20.24,10899
20.25,10897
20.26,10895
20.27,10893
20.72,10890
20.73,10887
20.76,10885
20.77,10882
20.8,10877
20.81,10876
20.82,10873
20.83,10871
20.85,10867
20.86,10863
20.88,10859
20.89,10858
20.9,10855
20.91,10854
20.92,10851
20.94,10850
20.95,10847
20.96,10843
20.97,10838
21.4,10837
21.41,10833
21.42,10830
21.44,10826
21.45,10825
21.46,10822
21.48,10820
21.49,10816
21.5,10815
21.51,10813
21.52,10811
21.53,10809
21.55,10801
21.56,10798
21.57,10795
21.58,10792
21.6,10790
21.61,10789
21.63,10787
21.64,10786
21.65,10785
21.69,10784
21.71,10783
21.72,10778
21.73,10776
21.74,10772
21.76,10769
21.77,10766
21.78,10762
21.79,10759
21.8,10758
21.81,10756
21.83,10755
21.84,10751
21.85,10748
21.86,10747
21.87,10743
21.88,10740
21.89,10739
21.91,10736
21.92,10734
21.93,10732
21.94,10731
21.95,10730
21.96,10727
21.97,10724
21.98,10717
21.99,10712
22.0,10706
22.01,10702
22.02,10701
22.05,10699
22.06,10693
22.07,10690
22.08,10687
22.09,10685
22.1,10678
22.11,10673
22.12,10669
22.13,10665
22.14,10663
22.16,10662
22.17,10660
22.18,10656
22.4,10655
22.41,10651
22.42,10649
22.43,10648
22.45,10645
22.46,10644
22.47,10634
22.48,10630
22.49,10629
22.51,10628
22.52,10626
22.53,10624
22.99,10621
23.0,10616
23.01,10613
23.03,10605
23.04,10597
23.05,10593
23.06,10592
23.07,10589
23.08,10583
23.09,10580
23.1,10579
23.15,10578
23.16,10576
23.17,10574
23.19,10573
23.2,10570
23.21,10567
23.22,10561
23.23,10558
23.24,10552
23.25,10550
23.26,10547
23.27,10540
23.29,10535
23.3,10533
23.31,10530
23.32,10526
23.83,10521
23.84,10520
23.85,10516
23.87,10510
23.88,10507
23.89,10505
23.9,10503
23.91,10499
23.92,10495
23.93,10494
23.95,10493
23.96,10492
23.98,10491
23.99,10489
24.0,10487
24.01,10484
24.02,10481
24.03,10476
24.04,10474
24.6,10473
24.61,10470
24.62,10467
24.63,10464
24.64,10462
24.65,10461
24.66,10460
24.67,10456
24.68,10454
25.2,10452
25.21,10451
25.22,10448
25.23,10446
25.25,10445
25.27,10441
25.28,10440
25.29,10436
25.3,10434
25.31,10432
25.33,10427
25.35,10425
25.36,10420
25.37,10419
25.38,10416
25.39,10412
25.4,10411
25.42,10410
25.43,10408
25.44,10404
25.48,10402
25.5,10399
25.51,10398
25.52,10393
25.53,10391
25.54,10387
25.79,10386
26.04,10384
26.06,10383
26.07,10379
26.09,10377
26.1,10374
26.11,10370
26.12,10365
26.16,10363
26.17,10361
26.18,10358
26.19,10352
26.2,10351
26.21,10350
26.23,10349
26.24,10344
26.25,10342
26.29,10340
26.3,10334
26.32,10333
26.33,10330
26.34,10329
26.35,10328
26.36,10326
26.37,10323
26.38,10319
26.39,10316
26.4,10315
26.41,10313
26.42,10310
26.43,10309
26.45,10305
26.46,10304
26.95,10300
26.97,10298
26.98,10294
26.99,10292
27.01,10290
27.02,10288
27.03,10287
27.04,10283
27.05,10280
27.07,10279
27.09,10278
27.1,10277
27.11,10274
27.13,10273
27.14,10267
27.15,10263
27.16,10262
27.18,10261
27.19,10258
27.2,10255
27.21,10252
27.22,10249
27.23,10248
27.24,10244
27.25,10243
27.27,10242
27.28,10240
27.29,10238
27.3,10232
27.32,10231
27.33,10230
27.34,10227
27.35,10223
27.36,10222
27.38,10219
27.39,10217
27.4,10213
27.41,10212
27.42,10210
27.43,10205
27.44,10204
27.45,10201
27.46,10200
27.54,10199
27.55,10197
27.56,10195
27.57,10193
27.58,10192
27.6,10188
27.61,10185
27.63,10184
27.65,10180
27.66,10175
27.67,10172
27.69,10170
27.7,10167
27.73,10166
27.75,10163
27.77,10161
27.78,10160
27.8,10158
27.82,10156
27.83,10152
27.84,10149
27.85,10147
27.87,10146
27.89,10144
27.9,10142
27.91,10141
27.92,10138
27.93,10135
27.94,10133
27.95,10131
27.96,10129
27.97,10127
27.98,10124
27.99,10123
28.0,10121
28.01,10120
28.02,10118
28.05,10112
28.06,10110
28.08,10108
28.09,10105
28.13,10103
28.14,10099
28.15,10095
28.16,10093
28.17,10092
28.18,10090
28.19,10089
28.2,10086
28.21,10085
28.22,10083
28.25,10078
28.26,10077
28.27,10072
28.28,10069
28.29,10068
28.3,10067
28.31,10065
28.32,10062
28.33,10060
28.34,10057
28.35,10056
28.37,10055
28.38,10051
28.39,10047
28.41,10046
28.42,10044
28.43,10039
28.44,10038
28.45,10035
28.47,10032
28.48,10029
28.51,10028
28.52,10026
28.53,10022
28.54,10020
28.55,10017
28.56,10015
28.57,10014
28.59,10011
28.6,10007
28.62,10006
28.64,10000
28.65,9998
28.67,9997
28.7,9994
28.71,9992
28.73,9989
28.74,9988
28.75,9986
28.76,9985
28.78,9983
28.8,9979
28.82,9977
28.83,9975
28.85,9973
28.86,9971
28.87,9969
28.88,9966
28.89,9963
28.92,9960
28.93,9959
28.94,9958
28.96,9955
28.97,9952
29.0,9948
29.01,9944
29.05,9943
29.06,9942
29.54,9941
29.55,9938
29.56,9936
29.57,9935
29.58,9933
29.59,9932
29.61,9931
29.62,9929
29.63,9926
29.64,9925
29.66,9924
29.67,9922
29.68,9920
29.69,9919
29.7,9917
29.71,9915
29.74,9914
29.75,9911
29.76,9906
29.77,9904
29.79,9901
29.81,9897
29.84,9894
29.85,9890
29.86,9888
29.88,9885
29.89,9884
29.9,9883
29.91,9881
29.92,9876
29.94,9873
29.95,9872
29.96,9868
29.98,9866
29.99,9865
30.0,9863
30.01,9862
30.02,9857
30.04,9856
30.05,9854
30.07,9852
30.08,9851
30.09,9850
30.34,9849
30.35,9848
30.36,9847
30.37,9846
30.38,9842
30.39,9841
30.4,9840
30.42,9836
30.43,9834
30.44,9832
30.46,9827
30.47,9824
30.48,9820
30.5,9816
30.52,9814
30.54,9810
30.55,9809
30.56,9807
30.57,9806
30.58,9804
30.59,9801
30.6,9793
30.61,9791
30.62,9788
30.63,9786
30.64,9783
30.65,9781
30.66,9780
30.67,9774
30.71,9772
30.77,9771
30.78,9769
30.8,9767
30.82,9763
30.84,9760
30.85,9758
30.86,9757
30.88,9756
30.89,9753
30.9,9752
30.92,9751
30.94,9746
30.95,9744
30.96,9743
30.97,9741
30.98,9738
30.99,9737
31.0,9735
31.48,9734
31.5,9731
31.52,9724
31.54,9721
32.05,9716
32.06,9715
32.07,9714
32.53,9712
32.54,9711
32.55,9709
32.56,9708
32.59,9706
32.6,9705
32.61,9702
32.62,9700
32.63,9698
32.64,9696
32.69,9692
33.14,9689
33.15,9687
33.16,9685
33.17,9682
33.2,9681
33.21,9678
33.22,9675
33.25,9674
33.26,9672
33.28,9667
33.29,9663
33.3,9661
33.31,9660
33.32,9658
33.34,9657
33.37,9654
33.4,9648
33.41,9644
33.42,9642
33.43,9641
33.44,9637
33.45,9635
33.46,9631
33.48,9630
33.5,9625
33.51,9620
33.52,9616
33.53,9615
33.54,9610
33.55,9606
33.56,9604
33.57,9602
33.58,9601
33.6,9599
33.62,9594
33.64,9591
33.65,9588
33.66,9587
33.67,9586
33.69,9585
33.7,9583
33.71,9582
33.72,9580
33.74,9579
33.75,9577
33.77,9576
33.99,9575
34.01,9573
34.02,9572
34.03,9570
34.05,9569
34.06,9567
34.07,9564
34.31,9561
34.32,9559
34.34,9557
34.35,9555
34.37,9554
34.4,9553
34.41,9552
34.42,9551
34.43,9547
34.44,9546
34.45,9538
34.46,9536
34.47,9533
34.48,9529
34.49,9525
34.5,9521
34.52,9519
34.54,9518
34.55,9516
34.56,9512
34.58,9510
34.59,9508
35.13,9507
35.14,9503
35.15,9501
35.16,9500
35.66,9498
35.67,9495
35.69,9491
35.7,9489
35.71,9488
35.74,9487
35.77,9484
35.78,9483
35.79,9479
35.8,9478
35.83,9475
35.86,9473
35.87,9467
35.88,9464
35.89,9462
35.9,9461
35.91,9460
35.92,9457
35.93,9456
35.94,9452
35.97,9450
35.98,9448
36.0,9446
36.02,9445
36.03,9442
36.53,9441
36.55,9440
36.58,9436
36.59,9431
36.6,9428
36.61,9423
36.63,9418
36.64,9415
36.65,9412
36.66,9410
37.15,9409
37.16,9405
37.17,9401
37.18,9398
37.19,9397
37.2,9391
37.21,9388
37.22,9384
37.24,9383
37.26,9382
37.27,9381
37.28,9378
37.29,9373
37.3,9372
37.31,9371
37.32,9369
37.33,9368
37.34,9364
37.36,9362
37.37,9360
37.41,9358
37.42,9357
37.43,9354
37.44,9353
37.45,9352
37.48,9351
37.49,9350
37.52,9349
37.53,9348
37.54,9347
37.57,9345
37.58,9343
37.59,9340
37.6,9338
37.62,9334
37.65,9331
37.66,9329
37.67,9328
37.68,9326
37.69,9319
37.7,9316
37.73,9315
37.74,9313
37.75,9309
37.76,9307
37.78,9306
37.79,9305
37.8,9303
37.81,9301
37.82,9299
37.84,9295
37.87,9291
37.88,9290
37.89,9289
37.9,9288
37.91,9286
37.92,9280
37.94,9277
37.95,9272
39.02,9269
39.03,9268
39.04,9265
39.05,9263
39.07,9262
39.09,9259
39.11,9258
39.13,9257
39.14,9254
39.15,9253
39.18,9249
39.19,9247
39.2,9245
39.21,9242
39.22,9241
39.23,9239
39.24,9237
39.26,9234
39.27,9233
39.28,9231
39.29,9229
39.3,9226
39.32,9221
39.33,9219
39.36,9218
39.37,9216
39.38,9215
39.39,9208
39.4,9207
39.41,9206
39.42,9204
39.44,9201
39.45,9197
39.46,9195
39.47,9193
39.48,9191
39.49,9188
39.51,9187
39.53,9184
39.54,9179
39.55,9176
39.56,9174
39.57,9169
39.58,9168
39.59,9167
39.6,9166
39.62,9162
39.63,9160
39.64,9159
39.65,9158
39.68,9157
39.69,9153
39.7,9151
39.71,9147
39.72,9143
39.75,9142
39.76,9141
39.77,9140
39.79,9137
39.81,9134
39.84,9133
39.85,9131
39.86,9130
39.87,9126
39.88,9125
39.89,9123
39.9,9122
39.91,9118
39.93,9117
39.94,9113
40.43,9110
40.44,9108
40.45,9102
40.46,9101
40.47,9100
40.5,9097
40.51,9095
40.53,9094
40.55,9093
40.56,9092
40.58,9091
40.59,9089
40.6,9088
40.62,9086
40.63,9085
40.65,9083
40.66,9082
40.68,9080
40.7,9078
40.71,9077
40.72,9076
40.74,9075
40.75,9073
40.76,9071
40.79,9068
40.8,9066
40.81,9059
40.83,9058
40.84,9057
40.86,9054
40.87,9051
40.89,9048
40.9,9046
40.93,9045
40.94,9040
40.95,9035
40.96,9031
40.97,9030
40.98,9027
40.99,9024
41.0,9022
41.01,9019
41.02,9016
41.04,9014
41.05,9012
41.08,9009
41.09,9005
41.1,9004
41.13,9003
41.15,9002
41.17,9001
41.19,9000
41.2,8999
41.21,8998
41.22,8995
41.23,8994
41.24,8990
41.27,8989
41.29,8984
41.3,8983
41.32,8982
41.33,8980
41.35,8976
41.36,8973
41.37,8970
41.38,8967
41.39,8965
41.41,8964
41.42,8961
41.43,8958
41.44,8953
41.45,8951
41.46,8950
41.47,8947
41.48,8945
41.49,8939
41.5,8938
41.53,8936
41.54,8933
41.55,8932
41.56,8929
41.57,8928
41.59,8927
41.61,8926
41.62,8925
41.63,8920
41.65,8919
41.67,8917
41.68,8913
41.72,8909
41.73,8908
41.75,8905
41.76,8904
41.77,8899
41.78,8897
41.79,8895
41.8,8894
41.83,8891
41.85,8889
41.86,8885
41.87,8883
41.89,8882
41.9,8881
41.91,8880
41.92,8878
41.93,8873
41.94,8871
41.95,8866
41.96,8864
41.97,8863
41.98,8862
41.99,8860
42.0,8859
42.01,8857
42.02,8855
42.03,8852
42.04,8850
42.05,8846
42.07,8844
42.08,8841
42.09,8840
42.1,8838
42.11,8834
42.14,8833
42.19,8831
42.2,8830
42.23,8828
42.24,8824
42.25,8822
42.26,8820
42.27,8817
42.28,8816
42.29,8814
42.3,8813
42.32,8811
42.33,8809
42.35,8807
42.37,8806
42.38,8805
42.75,8804
42.76,8803
42.77,8799
42.78,8797
42.79,8796
42.81,8795
42.84,8794
42.86,8793
42.87,8790
42.88,8789
42.89,8785
42.9,8784
42.91,8783
42.92,8782
42.94,8776
42.96,8774
42.97,8771
43.0,8770
43.02,8769
43.04,8765
43.05,8762
43.06,8761
43.07,8760
43.09,8756
43.1,8753
43.11,8751
43.13,8749
43.14,8747
43.15,8744
43.16,8741
43.18,8740
43.2,8739
43.21,8738
43.22,8736
43.23,8734
43.24,8729
43.48,8728
43.49,8727
43.52,8726
43.53,8724
43.54,8723
43.55,8722
43.56,8718
43.57,8716
43.58,8713
43.59,8711
43.61,8709
43.62,8707
43.63,8705
43.64,8704
43.65,8703
43.66,8701
43.69,8699
43.7,8696
43.71,8694
43.73,8690
43.74,8688
43.75,8686
43.76,8684
43.77,8681
43.78,8680
43.79,8675
43.8,8674
43.83,8670
43.84,8669
43.85,8667
43.86,8665
43.87,8662
43.88,8658
43.89,8656
43.9,8655
43.93,8654
43.94,8652
43.95,8650
43.97,8649
43.99,8648
44.0,8646
44.01,8644
44.02,8642
44.03,8640
44.06,8636
44.07,8635
44.09,8634
44.12,8632
44.13,8631
44.14,8627
44.16,8624
44.18,8623
44.19,8620
44.2,8618
44.21,8615
44.22,8611
44.23,8609
44.24,8608
44.27,8606
44.28,8603
44.29,8602
44.3,8598
44.31,8597
44.32,8595
44.35,8594
44.39,8589
44.4,8585
44.41,8584
44.45,8581
44.47,8578
44.48,8577
44.49,8575
44.54,8574
44.92,8570
44.93,8568
45.31,8567
45.33,8565
45.35,8564
45.36,8562
45.37,8561
45.38,8559
45.39,8558
45.4,8557
45.41,8556
45.42,8553
45.43,8552
45.44,8550
45.45,8547
45.47,8546
45.48,8542
45.51,8541
45.99,8539
46.0,8538
46.02,8537
46.05,8536
46.06,8535
46.45,8534
46.46,8533
46.47,8531
46.48,8529
46.5,8528
46.51,8525
46.52,8524
46.53,8522
46.56,8519
46.57,8518
46.58,8516
46.59,8514
46.6,8511
46.61,8510
46.63,8508
46.64,8507
46.65,8503
46.89,8501
46.9,8499
46.91,8496
46.92,8495
46.93,8494
46.94,8491
46.95,8490
46.96,8488
46.97,8487
46.98,8485
46.99,8482
47.04,8481
47.05,8480
47.06,8479
47.28,8473
47.3,8472
47.31,8471
47.33,8468
47.34,8467
47.35,8464
47.36,8462
47.37,8458
47.38,8457
47.39,8456
47.4,8453
47.41,8450
47.42,8449
47.43,8448
47.44,8447
47.45,8446
47.46,8442
47.47,8441
47.49,8439
47.5,8437
47.51,8436
47.52,8434
47.53,8431
47.54,8427
47.55,8423
47.56,8422
48.0,8421
48.01,8420
48.02,8417
48.03,8416
48.04,8415
48.08,8413
48.09,8412
48.1,8410
48.11,8407
48.12,8406
48.13,8403
48.14,8400
48.15,8399
48.17,8392
48.2,8391
48.22,8390
48.25,8388
48.26,8387
48.31,8386
48.33,8385
48.34,8382
48.35,8380
48.36,8376
48.37,8375
48.39,8374
48.4,8372
48.42,8369
48.43,8367
48.45,8366
48.5,8365
48.55,8363
48.56,8361
48.57,8359
48.58,8356
48.59,8351
48.6,8349
48.61,8348
48.62,8347
48.63,8346
48.64,8344
48.65,8341
49.07,8340
49.08,8338
49.09,8336
49.1,8334
49.12,8330
49.13,8329
49.14,8325
49.15,8324
49.16,8322
49.18,8321
49.19,8320
49.2,8319
49.21,8318
49.22,8317
49.23,8316
49.26,8315
49.29,8313
49.32,8312
49.34,8308
49.36,8307
49.37,8304
49.44,8301
49.45,8299
49.46,8298
49.48,8297
49.49,8293
49.5,8292
49.51,8290
49.52,8287
49.54,8284
49.56,8283
49.57,8282
49.58,8280
49.59,8279
49.6,8277
49.61,8275
49.63,8272
49.66,8271
49.68,8268
49.71,8267
49.72,8265
49.73,8263
49.74,8261
49.75,8259
49.76,8256
49.77,8255
49.78,8253
49.79,8252
49.82,8248
49.83,8246
49.84,8244
49.85,8242
50.3,8239
50.31,8238
50.32,8237
50.34,8236
50.35,8234
50.36,8233
50.37,8231
50.38,8230
50.4,8228
50.41,8227
50.42,8225
50.43,8223
50.44,8222
50.45,8219
50.46,8218
50.47,8217
50.48,8216
50.5,8215
50.51,8213
50.52,8210
50.53,8207
50.54,8206
50.56,8205
50.59,8203
50.62,8201
50.64,8200
50.68,8199
50.69,8196
50.72,8195
50.76,8194
50.78,8193
50.79,8192
50.83,8189
50.84,8188
50.85,8187
50.86,8186
50.87,8184
50.88,8183
50.89,8182
50.91,8180
50.92,8177
50.93,8174
50.94,8171
50.95,8170
50.97,8169
50.98,8167
51.0,8166
51.01,8165
51.03,8162
51.04,8160
51.05,8158
51.07,8156
51.09,8154
51.1,8151
51.11,8146
51.13,8144
51.14,8143
51.16,8142
51.17,8140
51.22,8138
51.24,8137
51.26,8136
51.29,8135
51.31,8134
51.32,8129
51.33,8123
51.35,8122
51.36,8120
51.37,8118
51.38,8116
51.4,8113
51.43,8112
51.44,8108
51.45,8105
51.46,8102
51.47,8097
51.48,8094
51.49,8093
51.5,8092
51.52,8091
51.53,8089
51.55,8086
51.56,8083
51.57,8082
52.01,8081
52.02,8078
52.07,8077
52.09,8076
52.1,8072
52.11,8071
52.13,8070
52.14,8069
52.15,8066
52.17,8063
52.18,8058
52.2,8056
52.21,8054
52.22,8052
52.25,8051
52.26,8048
52.27,8045
52.28,8044
52.29,8042
52.3,8041
52.31,8040
52.32,8036
52.34,8034
52.35,8033
52.36,8031
52.4,8029
52.41,8028
52.61,8027
52.62,8024
52.63,8023
52.65,8022
52.66,8020
52.7,8018
52.72,8016
52.73,8014
52.74,8012
52.78,8011
52.79,8010
52.8,8009
52.81,8008
52.82,8007
52.86,8005
52.87,8004
52.88,8001
52.89,7996
52.91,7995
52.93,7994
52.94,7991
52.95,7989
52.97,7986
52.98,7985
52.99,7984
53.0,7982
53.02,7980
53.04,7976
53.06,7975
53.07,7973
53.09,7972
53.11,7970
53.12,7967
53.13,7964
53.16,7963
53.17,7962
53.18,7959
53.19,7955
53.2,7954
53.23,7952
53.24,7951
53.25,7950
53.28,7948
53.29,7945
53.3,7944
53.31,7943
53.32,7942
53.33,7940
53.34,7938
53.39,7935
53.4,7934
53.41,7932
53.42,7929
53.43,7928
53.44,7927
53.45,7925
53.46,7924
53.47,7922
53.48,7920
53.49,7918
53.51,7913
53.52,7912
54.03,7910
54.04,7909
54.05,7908
54.06,7906
54.07,7905
54.08,7904
54.09,7902
54.1,7900
54.11,7898
54.12,7895
54.14,7892
54.17,7891
54.22,7890
54.23,7888
54.24,7884
54.25,7883
54.26,7882
54.27,7880
54.3,7876
54.32,7875
54.34,7874
54.37,7873
54.38,7871
54.83,7870
54.84,7868
54.85,7867
54.86,7865
54.87,7863
54.89,7861
54.9,7857
54.91,7856
54.95,7854
54.96,7851
54.98,7849
54.99,7848
55.0,7847
55.09,7846
55.14,7845
55.15,7844
55.18,7843
55.21,7842
55.23,7841
55.24,7838
55.26,7836
55.28,7834
55.29,7833
55.31,7832
55.33,7830
55.34,7828
55.35,7827
55.36,7825
55.37,7823
55.39,7821
55.4,7820
55.45,7819
55.5,7818
55.51,7817
55.73,7816
55.74,7814
55.75,7812
55.76,7809
55.79,7808
55.81,7807
55.85,7802
55.91,7801
55.93,7800
55.94,7798
55.95,7797
55.96,7796
55.97,7793
55.98,7792
56.0,7790
56.02,7789
56.04,7788
56.06,7783
56.09,7782
56.1,7781
56.12,7780
56.13,7778
56.14,7777
56.15,7775
56.16,7774
56.21,7773
56.22,7771
56.26,7770
56.28,7769
56.29,7768
56.3,7766
56.32,7765
56.33,7760
56.34,7759
56.35,7756
56.36,7752
56.84,7750
56.86,7748
56.87,7741
56.88,7740
56.9,7739
56.91,7737
56.92,7734
56.94,7733
56.95,7732
56.96,7731
56.97,7730
56.98,7728
56.99,7727
57.0,7726
57.01,7725
57.02,7723
57.03,7722
57.08,7721
57.09,7716
57.1,7713
57.12,7712
57.14,7711
57.16,7708
57.17,7707
57.2,7706
57.21,7704
57.22,7701
57.23,7699
57.24,7696
57.25,7695
57.26,7694
57.7,7693
57.71,7691
57.73,7689
57.75,7687
57.79,7685
57.81,7684
57.82,7683
57.84,7682
57.85,7681
57.86,7680
57.87,7679
57.89,7677
57.96,7675
57.97,7674
57.98,7673
58.03,7670
58.04,7669
58.05,7668
58.07,7667
58.08,7663
58.1,7660
58.14,7657
58.15,7656
58.16,7655
58.18,7654
58.2,7652
58.23,7651
58.25,7650
58.26,7649
58.3,7648
58.31,7645
58.33,7644
58.37,7643
58.4,7642
58.41,7640
58.45,7638
58.46,7635
58.47,7634
58.48,7633
58.5,7630
58.53,7628
58.54,7627
58.55,7626
58.63,7625
58.67,7622
58.71,7621
58.73,7620
58.74,7618
58.78,7616
58.8,7615
58.81,7614
58.82,7611
58.86,7610
58.87,7609
58.91,7608
58.92,7607
58.93,7604
58.95,7600
58.96,7598
58.98,7597
59.0,7596
59.01,7595
59.03,7593
59.04,7589
59.06,7588
59.07,7587
59.08,7585
59.09,7584
59.1,7583
59.11,7582
59.14,7579
59.15,7577
59.17,7575
59.18,7574
59.19,7572
59.21,7571
59.22,7569
59.23,7567
59.24,7562
59.25,7559
59.26,7556
59.28,7555
59.31,7554
59.34,7553
59.35,7552
59.36,7548
59.38,7546
59.39,7544
59.4,7542
59.45,7541
59.46,7540
59.48,7539
59.49,7536
59.5,7534
59.51,7533
59.53,7532
59.54,7531
59.56,7528
59.57,7525
59.6,7522
59.61,7521
59.62,7520
59.63,7518
59.64,7515
59.65,7513
59.67,7512
59.7,7511
59.71,7510
59.72,7509
59.73,7508
59.76,7506
59.77,7505
59.78,7504
59.79,7502
59.84,7501
59.85,7498
59.87,7496
59.88,7494
59.89,7493
59.9,7492
59.91,7489
59.92,7488
59.93,7486
59.94,7483
59.95,7482
59.96,7479
59.97,7476
59.98,7475
59.99,7473
60.02,7471
60.03,7470
60.04,7469
60.05,7467
60.09,7466
60.1,7463
60.11,7461
60.12,7460
60.13,7459
60.14,7457
60.15,7456
60.17,7453
60.18,7452
60.19,7450
60.2,7447
60.21,7445
60.22,7444
60.23,7440
60.24,7439
60.27,7437
60.28,7436
60.3,7435
60.34,7432
60.36,7431
60.37,7428
60.39,7426
60.42,7424
60.44,7421
60.45,7419
60.47,7417
60.49,7413
60.52,7412
60.74,7408
60.78,7407
60.8,7406
60.81,7404
60.83,7403
61.13,7402
61.14,7400
61.17,7398
61.19,7396
61.21,7395
61.72,7394
61.76,7390
61.77,7389
61.78,7388
61.79,7387
62.03,7385
62.04,7381
62.08,7379
62.09,7378
62.11,7377
62.12,7376
62.13,7374
62.14,7372
62.15,7369
62.16,7367
62.18,7364
62.21,7361
62.22,7355
62.24,7354
62.25,7352
62.26,7351
62.27,7349
62.29,7348
62.31,7346
62.33,7345
62.34,7344
62.35,7343
62.38,7339
62.41,7338
62.45,7337
62.54,7334
62.57,7333
62.58,7330
62.59,7329
62.6,7326
62.64,7325
62.66,7324
62.67,7321
62.68,7320
62.73,7319
62.76,7318
62.77,7317
62.79,7314
62.83,7313
63.09,7311
63.1,7306
63.12,7304
63.16,7302
63.17,7301
63.19,7298
63.2,7296
63.22,7292
63.24,7290
63.25,7289
63.26,7286
63.27,7284
63.29,7282
63.3,7279
63.33,7278
63.34,7277
63.35,7275
63.38,7273
63.4,7272
63.43,7270
63.44,7266
63.45,7265
63.47,7264
63.48,7262
63.49,7260
63.51,7259
63.52,7258
63.54,7257
63.55,7256
63.56,7255
63.58,7254
63.59,7252
63.61,7251
63.62,7249
63.64,7248
63.66,7246
63.69,7243
63.72,7242
63.74,7241
63.75,7240
63.76,7238
63.79,7237
63.8,7236
63.81,7235
63.82,7234
63.84,7232
63.89,7230
63.9,7228
63.92,7227
64.39,7225
64.4,7224
64.44,7223
64.45,7222
64.46,7221
64.47,7219
64.48,7215
64.49,7212
64.53,7210
64.54,7206
64.79,7205
64.8,7202
64.81,7197
64.83,7195
64.84,7194
64.85,7193
64.88,7190
64.89,7189
64.96,7188
64.99,7187
65.01,7186
65.02,7184
65.03,7182
65.04,7178
65.05,7176
65.06,7175
65.11,7172
65.14,7171
65.17,7169
65.37,7167
65.39,7166
65.4,7163
65.43,7162
65.44,7159
65.45,7158
65.46,7157
65.48,7155
65.5,7154
65.53,7152
65.55,7150
65.59,7149
65.6,7147
65.64,7146
65.69,7145
65.71,7144
65.72,7143
65.73,7142
65.75,7141
65.76,7140
65.77,7138
65.8,7137
65.82,7134
65.84,7133
65.85,7132
65.87,7129
65.94,7126
65.95,7125
65.96,7122
65.97,7121
65.98,7118
66.0,7117
66.55,7115
66.56,7112
66.59,7109
66.61,7106
66.62,7104
66.63,7102
66.64,7100
66.66,7099
66.86,7097
66.87,7094
66.96,7093
66.97,7090
67.0,7089
67.01,7086
67.03,7085
67.05,7084
67.06,7082
67.07,7079
67.09,7077
67.1,7074
67.31,7073
67.32,7067
67.33,7066
67.34,7064
67.36,7062
67.42,7061
67.43,7059
67.44,7057
67.45,7055
67.48,7053
67.49,7052
67.5,7050
67.52,7049
67.53,7048
67.54,7045
67.55,7043
68.0,7042
68.01,7041
68.03,7040
68.04,7039
68.07,7034
68.08,7032
68.1,7031
68.11,7029
68.13,7028
68.15,7026
68.16,7024
68.18,7023
68.19,7021
68.2,7020
68.21,7017
68.44,7016
68.45,7014
68.48,7013
68.51,7012
68.53,7011
68.54,7010
68.55,7006
68.58,7005
68.59,7003
68.63,7001
68.65,7000
68.68,6996
68.7,6995
68.71,6994
68.76,6993
68.77,6992
68.8,6991
68.81,6990
68.82,6988
68.88,6986
68.9,6985
68.92,6982
68.93,6979
68.95,6978
68.96,6976
68.97,6975
68.99,6974
69.0,6973
69.04,6971
69.05,6968
69.06,6967
69.08,6966
69.1,6964
69.12,6963
69.13,6961
69.14,6960
69.19,6959
69.2,6957
69.21,6955
69.22,6954
69.23,6953
69.24,6952
69.25,6949
69.27,6946
69.28,6945
69.34,6941
69.35,6938
69.36,6937
69.39,6936
69.42,6932
69.43,6928
69.44,6926
69.5,6922
69.51,6918
69.53,6917
69.57,6915
69.59,6913
69.61,6912
70.06,6910
70.07,6909
70.08,6908
70.1,6906
70.11,6905
70.13,6900
70.16,6899
70.18,6897
70.19,6896
70.2,6895
70.21,6892
70.22,6890
70.23,6889
70.25,6888
70.28,6886
70.3,6883
70.31,6881
70.4,6879
70.41,6878
70.42,6877
70.46,6876
70.48,6874
70.49,6873
70.5,6872
70.53,6871
70.54,6870
70.58,6869
70.59,6868
70.6,6867
70.61,6865
71.01,6864
71.02,6861
71.03,6859
71.04,6858
71.05,6856
71.1,6855
71.11,6853
71.13,6852
71.14,6851
71.17,6848
71.22,6845
71.23,6842
71.25,6840
71.27,6836
71.29,6833
71.3,6832
71.32,6829
71.35,6828
71.37,6826
71.4,6823
71.41,6822
71.42,6819
71.5,6818
71.52,6817
71.53,6816
71.54,6814
71.57,6812
71.58,6811
71.59,6810
71.6,6809
71.61,6807
72.03,6806
72.04,6805
72.06,6804
72.07,6803
72.08,6802
72.09,6800
72.1,6799
72.11,6798
72.12,6795
72.13,6793
72.19,6792
72.2,6791
72.24,6790
72.26,6789
72.27,6788
72.61,6785
72.63,6784
72.67,6783
72.69,6782
72.7,6781
72.71,6777
72.75,6775
72.77,6774
72.83,6773
72.86,6767
72.89,6765
72.93,6763
72.94,6759
72.96,6757
72.98,6755
72.99,6754
73.0,6753
73.02,6751
73.03,6749
73.04,6748
73.05,6746
73.07,6744
73.09,6743
73.39,6740
73.4,6737
73.41,6736
73.42,6735
73.44,6734
73.47,6733
73.49,6732
73.5,6727
73.55,6726
73.57,6725
73.58,6724
73.62,6722
73.63,6721
73.66,6720
73.7,6719
73.71,6718
73.72,6717
73.74,6716
73.75,6715
73.76,6714
73.77,6713
73.8,6712
73.81,6711
73.82,6709
73.89,6708
73.9,6707
73.91,6706
73.93,6705
73.95,6704
73.97,6702
73.99,6700
74.02,6699
74.05,6698
74.09,6697
74.1,6696
74.12,6694
74.13,6693
74.19,6692
74.21,6690
74.24,6688
74.25,6685
74.27,6684
74.28,6682
74.29,6681
74.3,6680
74.32,6679
74.33,6678
74.36,6675
74.39,6673
74.4,6672
74.42,6670
74.43,6668
74.45,6667
74.97,6665
74.99,6662
75.02,6660
75.07,6657
75.59,6655
75.6,6654
75.63,6653
75.64,6652
75.65,6651
75.69,6650
75.73,6648
75.74,6647
75.76,6645
75.77,6644
75.82,6643
75.83,6641
75.86,6637
75.87,6636
75.89,6633
75.9,6632
76.86,6631
76.88,6630
76.94,6629
76.97,6628
77.03,6627
77.04,6624
77.06,6622
77.07,6618
77.1,6617
77.12,6616
77.13,6614
77.59,6613
77.61,6612
77.62,6611
78.2,6608
78.26,6605
78.32,6603
78.35,6600
78.38,6599
78.41,6597
78.43,6595
78.46,6594
78.48,6592
78.51,6590
78.52,6589
78.53,6586
78.56,6583
78.59,6580
78.6,6578
78.61,6574
78.64,6573
78.66,6571
78.67,6570
78.68,6569
78.7,6568
78.73,6567
78.74,6566
78.75,6565
78.79,6564
78.8,6563
78.82,6562
78.83,6561
79.16,6560
79.42,6558
79.45,6556
79.46,6555
79.47,6554
79.51,6553
79.52,6551
79.54,6549
79.55,6548
79.56,6547
79.59,6546
79.61,6545
79.64,6542
79.66,6541
79.67,6537
79.68,6535
79.69,6533
79.7,6532
80.33,6531
80.35,6526
80.38,6524
80.39,6522
80.42,6520
80.44,6518
80.45,6517
80.47,6516
80.49,6515
80.52,6513
81.1,6512
81.13,6509
81.15,6507
81.17,6505
81.18,6504
81.2,6503
81.21,6502
81.23,6501
81.27,6499
81.29,6498
81.3,6496
81.33,6493
81.6,6492
81.62,6490
81.63,6489
81.64,6488
81.67,6486
82.13,6485
82.14,6484
82.17,6483
82.18,6481
82.69,6480
82.71,6478
82.73,6476
82.76,6475
82.81,6474
82.82,6471
82.89,6469
82.95,6468
82.96,6467
83.45,6465
83.46,6464
83.51,6463
83.52,6462
83.53,6461
83.58,6460
83.59,6459
83.61,6457
83.64,6455
83.66,6454
83.67,6453
83.68,6452
83.7,6449
83.74,6447
83.75,6446
83.78,6445
83.85,6443
83.88,6440
83.89,6439
83.97,6438
83.98,6437
83.99,6435
84.01,6434
84.03,6433
84.1,6432
84.11,6431
84.14,6430
84.15,6429
84.21,6428
84.25,6427
84.27,6425
84.3,6423
84.54,6422
84.55,6420
84.6,6419
84.63,6418
84.64,6417
84.65,6416
84.66,6414
84.7,6413
84.74,6411
84.75,6410
84.76,6409
84.77,6408
84.78,6406
84.79,6403
84.81,6402
85.11,6401
85.12,6400
85.13,6399
85.16,6398
85.17,6396
85.22,6395
85.23,6394
85.25,6392
85.26,6391
85.29,6389
85.31,6387
85.37,6386
85.39,6383
85.41,6382
86.04,6381
86.46,6380
86.48,6379
86.49,6377
86.5,6373
86.51,6372
86.53,6370
86.56,6368
86.57,6367
86.58,6365
86.59,6364
86.6,6363
86.62,6362
86.83,6361
86.87,6360
86.89,6357
86.9,6356
86.91,6355
86.93,6354
87.35,6353
87.36,6352
87.37,6350
87.42,6349
87.45,6348
87.46,6347
87.48,6345
87.49,6344
87.51,6343
87.52,6342
87.56,6340
87.61,6339
87.62,6338
87.65,6337
87.66,6336
87.67,6335
87.69,6334
87.77,6333
87.78,6332
87.8,6330
87.83,6327
87.85,6326
87.89,6325
87.92,6324
87.93,6323
87.94,6322
87.95,6321
87.96,6319
87.97,6318
87.98,6317
88.01,6316
88.03,6315
88.1,6313
88.11,6312
88.12,6311
88.15,6310
88.16,6308
88.19,6307
88.2,6305
88.23,6302
88.24,6298
88.28,6297
88.29,6296
88.3,6295
88.31,6294
88.33,6292
88.36,6290
88.37,6288
88.38,6286
88.39,6285
88.4,6284
88.42,6283
88.44,6282
88.49,6281
88.72,6280
88.76,6279
88.78,6278
88.8,6277
88.81,6276
88.83,6275
88.85,6273
88.87,6272
88.88,6269
88.91,6268
88.92,6267
88.93,6266
88.95,6265
88.96,6263
89.01,6261
89.02,6260
89.04,6259
89.07,6258
89.09,6257
89.1,6256
89.14,6254
89.15,6253
89.17,6249
89.22,6248
89.23,6247
89.24,6245
89.28,6244
89.29,6242
89.3,6241
89.32,6240
89.35,6239
89.37,6237
89.42,6236
89.44,6234
89.45,6233
90.0,6232
90.02,6231
90.03,6230
90.04,6229
90.05,6228
90.06,6227
90.08,6226
90.1,6225
90.14,6223
90.16,6222
90.17,6220
90.18,6218
90.2,6217
90.21,6216
90.27,6213
90.28,6212
90.29,6211
90.3,6208
90.33,6207
90.35,6205
90.36,6204
90.74,6200
91.38,6199
91.42,6197
91.43,6196
91.46,6195
91.48,6194
91.49,6192
91.92,6191
91.97,6188
91.99,6186
92.0,6184
92.01,6182
92.03,6180
92.05,6178
92.06,6176
92.07,6174
92.08,6173
92.48,6171
92.52,6169
92.53,6168
92.57,6167
92.58,6166
92.6,6165
92.62,6164
92.67,6159
92.69,6157
92.72,6156
92.73,6155
92.74,6154
92.75,6153
92.81,6152
92.82,6149
92.87,6146
92.91,6145
92.93,6143
92.94,6142
92.95,6141
92.96,6140
92.98,6137
92.99,6136
93.01,6135
93.03,6133
93.04,6132
93.05,6130
93.06,6129
93.09,6128
93.1,6125
93.11,6124
93.12,6123
93.51,6122
93.55,6120
93.57,6119
93.58,6115
93.59,6114
93.6,6113
93.62,6110
93.64,6109
93.65,6108
93.66,6107
93.67,6106
93.93,6105
93.96,6104
94.0,6102
94.02,6100
94.05,6099
94.07,6098
94.09,6096
94.1,6095
94.12,6094
94.13,6092
94.14,6090
94.18,6089
94.2,6088
94.28,6087
94.31,6086
94.33,6085
94.41,6084
94.46,6082
94.49,6081
94.53,6080
94.54,6079
94.81,6078
94.86,6077
94.87,6074
95.31,6072
95.34,6070
95.45,6069
95.46,6067
95.53,6066
95.64,6065
95.65,6064
95.7,6063
95.71,6062
95.72,6060
95.73,6059
95.75,6058
95.79,6057
95.8,6054
95.86,6051
95.94,6050
95.95,6048
96.01,6046
96.08,6045
96.1,6043
96.12,6042
96.14,6040
96.15,6039
96.17,6038
96.18,6036
96.21,6035
96.22,6034
96.24,6033
96.27,6032
96.28,6031
96.32,6030
96.33,6029
96.35,6028
96.36,6025
96.75,6023
96.76,6022
96.78,6021
96.79,6020
96.8,6019
96.86,6018
96.89,6017
96.93,6015
96.94,6013
96.95,6012
97.0,6010
97.03,6009
97.05,6008
97.06,6005
97.09,6004
97.12,6003
97.14,6002
97.15,6000
97.17,5999
97.18,5997
97.19,5995
97.21,5994
97.22,5993
97.26,5992
97.27,5990
97.31,5988
97.32,5987
97.33,5986
97.37,5985
97.39,5982
97.4,5980
97.41,5979
97.45,5976
97.46,5975
97.49,5974
97.52,5972
97.54,5970
97.57,5969
97.62,5967
97.64,5966
97.65,5964
97.67,5963
97.68,5962
97.69,5960
97.73,5959
97.77,5958
97.78,5957
97.81,5956
97.83,5955
97.87,5954
97.92,5953
97.98,5952
97.99,5949
98.44,5945
98.52,5943
98.54,5942
98.55,5941
98.57,5939
98.58,5938
98.59,5937
98.6,5936
98.63,5935
99.03,5933
99.04,5931
99.06,5930
99.29,5929
99.34,5926
99.37,5925
99.38,5924
99.39,5923
99.4,5922
99.43,5921
99.48,5920
99.95,5919
99.97,5918
99.98,5917
99.99,5915
100.0,5914
100.06,5913
100.07,5912
100.49,5911
100.5,5910
100.52,5909
100.58,5907
100.59,5906
100.62,5905
100.68,5904
100.71,5903
100.72,5902
100.74,5900
100.79,5898
100.8,5897
100.87,5896
100.89,5895
100.93,5894
100.95,5893
100.99,5891
101.01,5890
101.02,5889
101.04,5886
101.05,5885
101.06,5884
101.08,5883
101.09,5882
101.11,5880
101.12,5879
101.14,5877
101.16,5876
101.39,5875
101.4,5874
101.43,5873
101.45,5872
101.46,5871
101.83,5869
101.84,5868
101.93,5867
101.94,5866
101.96,5865
101.98,5863
101.99,5862
102.0,5859
102.03,5858
102.06,5856
102.08,5855
102.11,5854
102.12,5852
102.14,5849
102.17,5846
102.18,5845
102.21,5844
102.25,5843
102.27,5841
102.28,5840
102.54,5839
102.82,5837
102.83,5835
102.84,5834
102.89,5833
102.9,5831
102.94,5830
102.95,5828
102.97,5827
103.0,5826
103.02,5825
103.03,5823
103.04,5822
103.05,5821
103.09,5820
103.1,5818
103.13,5817
103.14,5816
103.17,5814
103.24,5813
103.65,5811
103.66,5810
103.69,5808
103.7,5807
103.75,5805
103.76,5804
103.82,5803
103.88,5802
103.9,5801
103.91,5800
103.93,5799
103.99,5798
104.65,5797
104.66,5796
104.67,5792
104.68,5791
104.7,5789
104.71,5787
104.74,5786
105.46,5785
105.49,5784
105.51,5783
105.52,5782
105.55,5781
105.92,5780
105.94,5779
105.95,5778
106.03,5777
106.06,5776
106.1,5775
106.12,5774
106.14,5773
106.19,5772
106.21,5771
106.23,5770
106.28,5769
106.29,5768
106.33,5767
106.35,5766
106.36,5765
106.41,5764
106.44,5763
106.45,5762
106.46,5761
106.47,5759
106.49,5756
106.54,5754
106.59,5753
106.6,5751
106.64,5749
106.65,5747
106.7,5746
106.71,5743
106.73,5742
106.75,5741
106.76,5738
106.77,5737
106.78,5735
106.82,5734
106.85,5733
106.86,5731
107.06,5729
107.08,5727
107.11,5726
107.13,5725
107.15,5723
107.19,5722
107.2,5721
107.57,5720
107.63,5719
107.66,5718
107.67,5717
107.69,5716
107.7,5714
107.74,5711
107.87,5710
107.88,5708
107.89,5707
107.93,5705
107.94,5704
107.95,5703
108.01,5702
108.39,5699
108.65,5698
108.67,5697
108.72,5695
108.8,5694
108.81,5693
108.83,5692
108.84,5691
108.88,5689
108.89,5688
108.9,5687
108.95,5686
109.0,5685
109.03,5684
109.05,5683
109.06,5680
109.09,5678
109.1,5676
109.15,5675
109.17,5674
109.2,5673
109.21,5672
109.24,5667
109.43,5665
109.45,5664
109.46,5663
109.47,5662
109.51,5661
109.52,5660
109.92,5659
110.0,5658
110.01,5657
110.03,5656
110.06,5655
110.19,5654
110.21,5653
110.22,5652
110.24,5651
110.3,5649
110.83,5648
110.84,5647
110.85,5646
110.86,5645
110.87,5644
111.11,5643
111.12,5642
111.13,5641
111.16,5639
111.18,5637
111.58,5636
111.59,5635
111.6,5634
111.68,5633
111.69,5632
111.7,5631
111.72,5630
112.3,5629
112.33,5628
112.39,5627
112.4,5626
112.43,5625
112.53,5624
113.23,5620
113.25,5619
113.45,5618
113.46,5617
113.5,5616
113.52,5615
113.9,5614
113.91,5613
113.92,5612
113.93,5611
114.27,5609
114.3,5608
114.33,5607
114.37,5606
114.4,5605
114.71,5603
114.76,5602
114.84,5600
114.93,5599
114.95,5598
114.97,5596
114.98,5595
115.39,5594
115.41,5593
115.45,5592
115.46,5588
115.47,5587
115.49,5586
115.51,5585
115.52,5584
115.54,5583
115.55,5582
115.58,5580
115.64,5578
115.68,5577
115.76,5576
115.77,5575
115.79,5574
115.8,5573
116.17,5572
116.23,5570
116.65,5568
116.73,5567
116.76,5566
116.77,5565
116.8,5563
116.82,5562
116.83,5561
116.85,5560
116.86,5559
116.9,5558
116.92,5557
116.96,5556
116.97,5555
117.03,5553
117.42,5550
117.43,5549
117.47,5548
117.49,5547
117.5,5546
117.94,5545
117.97,5544
118.07,5543
118.08,5542
118.47,5540
118.51,5538
118.53,5537
118.56,5536
118.57,5535
119.02,5534
119.03,5533
119.04,5532
119.07,5530
119.09,5529
119.1,5528
119.11,5525
119.55,5524
119.59,5523
119.63,5522
119.64,5521
119.66,5520
119.67,5519
119.68,5518
119.71,5515
119.72,5513
119.73,5510
119.77,5508
120.01,5507
120.05,5506
120.06,5505
120.08,5504
120.43,5503
120.5,5501
120.51,5500
120.52,5499
120.56,5498
120.6,5496
120.61,5495
120.71,5494
120.72,5493
120.73,5492
120.74,5490
120.8,5489
120.82,5488
121.35,5487
121.37,5485
121.39,5484
121.43,5483
121.44,5482
121.78,5480
121.8,5477
121.82,5476
121.85,5475
121.9,5474
121.97,5473
121.99,5472
122.0,5471
122.47,5469
122.84,5468
123.0,5467
123.02,5466
123.03,5464
123.07,5463
123.08,5461
123.09,5460
123.1,5459
123.12,5458
123.13,5457
123.19,5456
123.22,5454
123.23,5453
123.28,5452
123.48,5451
123.52,5450
123.54,5449
123.55,5448
123.57,5446
123.76,5445
123.78,5444
123.88,5442
124.1,5441
124.15,5439
124.36,5438
124.44,5437
124.52,5436
124.55,5435
124.57,5433
124.58,5432
124.65,5430
124.66,5429
124.69,5428
124.7,5427
124.77,5426
124.78,5425
124.79,5424
124.82,5423
124.83,5422
124.85,5421
124.89,5420
124.95,5418
124.96,5416
124.98,5414
125.03,5413
125.04,5412
125.05,5411
125.18,5410
125.19,5409
125.2,5407
125.21,5405
125.22,5404
125.28,5403
125.63,5402
125.65,5401
126.15,5400
126.17,5399
126.61,5398
126.64,5397
126.65,5396
126.9,5394
126.94,5393
127.05,5391
127.06,5390
127.09,5388
127.11,5387
127.46,5386
127.47,5385
127.48,5384
127.49,5383
127.51,5382
127.56,5381
127.63,5380
127.66,5379
127.69,5377
127.75,5376
128.2,5375
128.4,5373
128.44,5371
128.48,5370
128.56,5367
128.6,5364
128.64,5363
128.67,5362
128.91,5360
128.92,5359
128.97,5358
128.99,5357
129.0,5356
129.21,5355
129.24,5354
129.29,5352
129.38,5351
129.42,5350
129.43,5349
129.47,5348
129.51,5345
129.55,5344
129.56,5343
129.57,5342
129.58,5341
129.6,5340
129.63,5339
130.06,5338
130.11,5337
130.12,5336
130.15,5334
130.18,5332
130.21,5331
130.24,5330
130.25,5328
130.27,5327
130.29,5326
130.32,5324
130.33,5322
130.34,5321
130.36,5320
130.37,5319
130.38,5317
130.45,5316
130.52,5314
130.61,5313
130.78,5312
130.84,5311
130.88,5310
130.94,5308
130.95,5307
130.98,5306
131.46,5305
131.48,5304
131.49,5303
131.51,5302
131.52,5301
131.53,5300
131.54,5299
131.6,5297
131.69,5296
131.72,5295
131.75,5294
131.97,5293
132.01,5292
132.02,5291
132.04,5290
132.06,5289
132.07,5288
132.1,5287
132.11,5286
132.14,5285
132.16,5284
132.31,5283
132.34,5280
132.37,5279
132.54,5278
132.66,5277
132.76,5276
132.78,5275
132.81,5274
133.36,5273
133.41,5272
133.46,5270
133.54,5269
133.57,5268
133.98,5267
133.99,5266
134.01,5265
134.03,5264
134.06,5262
134.09,5261
134.13,5260
134.14,5259
134.15,5257
134.2,5256
134.22,5255
134.24,5253
134.27,5252
134.29,5251
134.34,5250
134.35,5249
134.43,5247
134.48,5246
134.5,5245
135.01,5244
135.02,5242
135.03,5240
135.05,5239
135.06,5238
135.11,5234
135.13,5232
135.15,5231
135.17,5230
135.18,5229
135.19,5228
135.22,5227
135.41,5225
135.61,5224
135.63,5222
135.64,5220
135.66,5219
136.1,5218
136.11,5217
136.5,5216
136.51,5215
136.52,5214
136.55,5212
136.58,5211
136.59,5210
137.08,5209
137.09,5208
137.19,5207
137.28,5206
137.53,5205
137.54,5204
137.56,5203
137.6,5202
137.65,5201
137.66,5200
137.67,5199
137.7,5198
137.74,5197
138.41,5196
138.43,5195
138.45,5194
138.49,5193
138.55,5192
138.56,5191
138.57,5190
138.67,5189
139.02,5188
139.04,5187
139.05,5186
139.14,5185
139.49,5184
139.5,5183
139.52,5182
139.6,5181
139.61,5180
139.65,5179
139.7,5178
139.72,5176
139.74,5175
139.75,5174
139.77,5173
140.07,5171
140.09,5170
140.12,5169
140.35,5166
140.42,5165
140.43,5163
140.47,5162
140.5,5160
140.76,5159
140.77,5158
140.81,5157
140.84,5156
140.89,5155
140.91,5152
141.55,5151
141.65,5150
141.68,5148
141.71,5147
141.72,5146
141.73,5145
142.08,5142
142.11,5141
142.14,5140
142.18,5138
142.21,5137
142.24,5136
142.26,5134
142.43,5133
142.49,5132
142.52,5131
142.54,5130
142.56,5129
142.58,5128
142.65,5126
142.66,5125
142.72,5124
143.1,5123
143.11,5122
143.12,5121
143.22,5120
143.24,5119
143.26,5118
143.29,5117
143.36,5116
143.37,5115
143.39,5113
143.48,5112
143.82,5111
143.91,5110
144.03,5109
144.05,5108
144.11,5107
144.21,5106
144.24,5104
144.59,5103
144.65,5102
144.71,5101
145.14,5099
145.17,5097
145.38,5096
145.4,5095
145.43,5093
145.45,5092
145.64,5091
145.68,5089
145.74,5088
145.95,5087
146.06,5086
146.12,5085
146.23,5084
146.26,5083
146.29,5082
146.67,5081
147.09,5080
147.11,5079
147.16,5078
147.2,5077
147.21,5076
147.23,5075
147.26,5074
147.27,5072
147.28,5071
147.39,5070
147.47,5069
147.7,5068
148.11,5067
148.14,5066
148.16,5065
148.22,5064
148.23,5061
148.26,5060
148.36,5058
148.4,5056
148.46,5055
148.47,5054
148.57,5053
148.76,5051
148.93,5050
148.96,5048
149.34,5046
150.13,5045
150.67,5044
150.96,5042
151.18,5041
151.29,5040
151.59,5039
151.79,5038
151.83,5036
151.85,5035
151.93,5034
152.14,5033
152.18,5032
152.21,5031
152.38,5030
152.47,5029
152.5,5028
152.56,5027
152.57,5026
152.6,5025
152.61,5024
152.62,5023
152.7,5022
152.72,5021
152.78,5020
152.87,5019
152.9,5018
152.92,5017
153.31,5016
153.35,5015
153.44,5014
153.5,5013
153.56,5012
153.58,5011
153.6,5010
153.67,5009
153.74,5008
153.76,5007
153.99,5005
154.11,5004
154.45,5003
154.5,5002
154.89,5000
154.96,4999
155.18,4998
155.69,4996
156.09,4995
156.11,4994
156.16,4993
156.17,4992
156.22,4991
156.61,4990
156.66,4989
156.87,4988
156.99,4987
157.19,4986
157.28,4985
157.75,4984
157.82,4983
157.85,4982
157.86,4981
157.91,4980
158.03,4979
158.04,4978
158.16,4977
158.18,4975
158.2,4974
158.23,4973
158.27,4972
158.4,4971
158.44,4970
158.46,4969
158.57,4968
159.43,4967
159.49,4966
159.5,4965
159.56,4964
159.72,4962
160.13,4961
160.15,4960
160.21,4959
160.29,4958
160.88,4957
161.08,4956
161.64,4955
161.74,4954
161.76,4953
162.01,4952
162.02,4951
162.57,4950
162.65,4949
163.07,4948
163.3,4946
163.32,4945
163.36,4944
163.37,4943
163.44,4942
163.46,4941
163.49,4940
163.57,4938
163.61,4937
163.62,4936
163.68,4935
163.72,4934
163.76,4933
164.09,4932
164.15,4930
164.38,4929
164.39,4928
164.42,4927
164.75,4926
164.76,4924
164.84,4923
165.72,4922
165.8,4921
166.12,4920
166.26,4918
166.65,4917
167.16,4916
167.31,4915
167.37,4914
167.38,4913
167.45,4912
167.48,4911
167.5,4910
167.54,4909
167.55,4908
167.57,4907
168.45,4906
169.44,4905
169.52,4904
169.54,4903
169.71,4902
169.96,4901
170.16,4900
170.17,4899
170.25,4898
170.34,4897
170.74,4896
170.82,4895
171.44,4894
171.79,4893
171.89,4892
171.93,4891
171.94,4890
171.95,4889
172.25,4888
172.26,4887
172.5,4886
172.52,4885
173.33,4884
173.37,4883
173.38,4882
173.39,4881
173.4,4880
173.46,4879
174.33,4878
174.76,4877
175.21,4876
175.22,4875
175.6,4874
175.63,4873
175.82,4872
175.89,4871
176.49,4870
176.91,4869
177.51,4868
177.6,4867
177.64,4866
177.97,4865
178.01,4864
178.12,4863
178.17,4862
178.2,4861
178.75,4860
179.19,4859
179.21,4858
179.45,4857
179.53,4855
179.79,4854
180.7,4853
180.71,4852
181.0,4851
181.02,4850
181.2,4849
181.96,4848
182.42,4847
182.49,4846
182.5,4845
182.53,4844
182.54,4843
182.65,4842
182.72,4841
184.12,4840
184.52,4839
184.79,4838
184.87,4837
184.92,4835
185.03,4834
185.08,4832
185.14,4831
185.28,4830
185.35,4829
185.48,4828
185.62,4827
185.71,4826
185.78,4825
185.85,4824
186.06,4823
186.1,4822
186.89,4821
187.09,4820
187.32,4819
187.52,4818
187.53,4817
188.01,4816
188.02,4815
188.1,4814
188.21,4813
188.52,4812
188.94,4811
188.99,4810
189.01,4809
189.02,4808
189.18,4807
189.6,4806
189.63,4805
190.17,4804
190.33,4803
190.76,4802
191.14,4801
191.18,4800
191.42,4799
191.91,4798
192.03,4797
192.13,4796
192.19,4795
192.28,4794
192.33,4793
192.95,4792
193.04,4791
193.1,4790
193.36,4789
193.48,4787
193.5,4786
193.79,4785
193.9,4784
195.55,4783
195.83,4782
196.82,4781
196.87,4780
197.11,4779
197.59,4778
198.0,4777
198.25,4776
198.55,4775
198.98,4774
199.02,4773
199.09,4770
199.99,4769
200.21,4768
200.31,4767
200.58,4766
200.62,4765
200.66,4764
201.16,4762
201.59,4761
201.92,4760
201.94,4759
202.0,4758
202.25,4757
202.26,4756
203.43,4755
203.6,4754
204.13,4753
204.18,4752
204.59,4751
204.63,4750
205.07,4749
205.14,4748
205.28,4747
205.38,4746
205.91,4745
206.38,4744
207.12,4743
207.64,4742
208.38,4740
209.41,4739
209.59,4738
209.73,4737
209.98,4735
210.28,4734
210.3,4733
210.9,4732
210.96,4731
211.02,4730
211.12,4729
211.19,4728
211.82,4727
211.85,4726
211.89,4725
211.96,4724
213.28,4723
213.6,4722
213.61,4721
214.56,4720
214.8,4719
215.15,4718
215.43,4717
216.33,4716
216.5,4715
216.51,4714
217.09,4713
217.37,4712
217.66,4711
217.67,4710
218.62,4709
218.72,4708
219.05,4707
219.15,4706
219.64,4705
219.99,4704
220.13,4702
220.49,4701
220.95,4700
221.39,4699
222.21,4698
222.55,4697
222.61,4696
223.01,4695
223.63,4694
224.72,4693
224.83,4692
225.31,4691
225.65,4690
225.76,4689
226.15,4688
226.19,4687
226.28,4686
226.36,4685
226.99,4684
227.0,4683
227.27,4682
228.78,4681
229.68,4680
230.08,4679
230.3,4678
230.36,4677
230.46,4676
231.0,4674
231.74,4673
231.88,4672
231.9,4671
233.0,4670
233.04,4669
234.47,4668
235.15,4667
235.47,4666
236.59,4665
237.92,4664
239.31,4663
239.89,4662
242.08,4661
242.33,4660
242.88,4659
242.97,4658
243.05,4657
243.33,4656
243.75,4655
246.94,4654
248.76,4653
248.85,4652
249.52,4651
250.02,4650
251.37,4649
255.17,4648
257.75,4647
258.54,4646
259.56,4645
260.91,4644
262.89,4643
263.45,4641
263.52,4640
264.23,4639
264.59,4638
267.6,4637
268.01,4636
268.04,4635
269.25,4634
271.04,4633
271.7,4632
271.8,4631
272.88,4630
273.53,4629
274.83,4628
275.09,4627
277.5,4626
277.52,4625
278.46,4624
278.62,4623
281.69,4622
283.88,4621
285.87,4620
286.18,4619
288.58,4618
288.74,4617
288.99,4616
289.79,4615
289.81,4614
295.22,4613
300.54,4612
307.48,4611
311.72,4610
313.26,4609
313.79,4608
313.87,4607
314.02,4606
314.55,4605
321.7,4604
321.72,4603
323.05,4602
324.24,4601
329.56,4600
329.62,4599
342.96,4598
349.56,4597
352.31,4596
354.93,4595
355.41,4594
356.7,4593
360.09,4592
361.46,4591
386.18,4590
387.94,4589
389.6,4588
391.64,4587
423.34,4586
426.41,4585
428.85,4584
435.18,4583
444.18,4582
448.92,4581
457.33,4580
471.85,4579
477.06,4578
497.39,4577
510.72,4576
513.39,4575
518.03,4574
528.2,4573
573.59,4572
587.83,4571
596.86,4570
