0.0,14109
0.04,14108
0.11,14107
0.18,14106
0.23,14105
0.29,14104
0.36,14103
0.42,14102
0.48,14101
0.54,14100
0.6,14099
0.67,14098
0.75,14097
0.82,14096
0.88,14095
0.94,14094
0.98,14093
1.05,14092
1.1,14091
1.14,14090
1.21,14089
1.28,14088
1.34,14087
1.39,14086
1.47,14085
1.56,14084
1.64,14083
1.72,14082
1.81,14081
1.89,14080
1.96,14079
2.05,14078
2.14,14077
2.21,14076
2.31,14075
2.44,14074
2.52,14073
2.59,14072
2.67,14071
2.74,14070
2.82,14069
2.88,14068
2.96,14067
3.01,14066
3.07,14065
3.12,14064
3.22,14063
3.3,14062
3.37,14061
3.44,14060
3.5,14059
3.61,14058
3.69,14057
3.77,14056
3.84,14055
3.91,14054
3.96,14053
4.03,14052
4.09,14051
4.15,14050
4.22,14049
4.29,14048
4.36,14047
4.41,14046
4.47,14045
4.55,14044
4.6,14043
4.66,14042
4.72,14041
4.78,14040
4.85,14039
4.9,14038
4.96,14037
5.04,14036
5.1,14035
5.16,14034
5.2,14033
5.26,14032
5.32,14031
5.37,14030
5.44,14029
5.51,14028
5.64,14027
5.74,14026
5.84,14025
5.93,14024
6.02,14023
6.11,14022
6.19,14021
6.29,14020
6.38,14019
6.47,14018
6.55,14017
6.64,14016
6.73,14015
6.82,14014
6.92,14013
7.04,14012
7.15,14011
7.26,14010
7.37,14009
7.47,14008
7.57,14007
7.68,14006
7.79,14005
7.89,14004
8.0,14003
8.09,14002
8.19,14001
8.29,14000
8.38,13999
8.47,13998
8.57,13997
8.7,13996
8.79,13995
8.89,13994
8.98,13993
9.08,13992
9.18,13991
9.28,13990
9.38,13989
9.48,13988
9.58,13987
9.69,13986
9.8,13985
9.95,13984
10.07,13983
10.17,13982
10.28,13981
10.38,13980
10.48,13979
10.58,13978
10.68,13977
10.78,13976
10.87,13975
10.95,13974
11.05,13973
11.13,13972
11.25,13971
11.33,13970
11.41,13969
11.49,13968
11.56,13967
11.64,13966
11.71,13965
11.78,13964
11.85,13963
11.9,13962
11.95,13961
12.02,13960
12.09,13959
12.16,13958
12.23,13957
12.3,13956
12.37,13955
12.44,13954
12.51,13953
12.58,13952
12.66,13951
12.72,13950
12.78,13949
12.85,13948
12.92,13947
12.99,13946
13.06,13945
13.12,13944
13.19,13943
13.25,13942
13.32,13941
13.37,13940
13.44,13939
13.5,13938
13.56,13937
13.62,13936
13.67,13935
13.75,13934
13.81,13933
13.89,13932
13.97,13931
14.02,13930
14.09,13929
14.15,13928
14.21,13927
14.27,13926
14.34,13925
14.41,13924
14.49,13923
14.56,13922
14.63,13921
14.7,13920
14.78,13919
14.84,13918
14.92,13917
14.98,13916
15.04,13915
15.1,13914
15.17,13913
15.21,13912
15.29,13911
15.37,13910
15.44,13909
15.52,13908
15.59,13907
15.65,13906
15.71,13905
15.77,13904
15.85,13903
15.93,13902
15.98,13901
16.04,13900
16.11,13899
16.18,13898
16.25,13897
16.32,13896
16.39,13895
16.47,13894
16.55,13893
16.62,13892
16.72,13891
16.82,13890
16.9,13889
16.96,13888
17.01,13887
17.08,13886
17.14,13885
17.22,13884
17.31,13883
17.41,13882
17.48,13881
17.56,13880
17.63,13879
17.72,13878
17.77,13877
17.83,13876
17.92,13875
17.99,13874
18.05,13873
18.12,13872
18.21,13871
18.28,13870
18.36,13869
18.43,13868
18.51,13867
18.6,13866
18.68,13865
18.76,13864
18.85,13863
18.93,13862
19.01,13861
19.09,13860
19.17,13859
19.29,13858
19.49,13857
19.65,13856
19.81,13855
19.96,13854
20.06,13853
20.24,13852
20.35,13851
20.46,13850
20.56,13849
20.66,13848
20.76,13847
20.86,13846
20.97,13845
21.08,13844
21.19,13843
21.33,13842
21.43,13841
21.54,13840
21.64,13839
21.74,13838
21.84,13837
21.94,13836
22.04,13835
22.14,13834
22.25,13833
22.37,13832
22.52,13831
22.76,13830
22.85,13829
22.94,13828
23.02,13827
23.08,13826
23.15,13825
23.23,13824
23.31,13823
23.39,13822
23.47,13821
23.55,13820
23.63,13819
23.71,13818
23.82,13817
23.9,13816
23.96,13815
24.04,13814
24.13,13813
24.19,13812
24.26,13811
24.33,13810
24.4,13809
24.47,13808
24.54,13807
24.62,13806
24.69,13805
24.76,13804
24.84,13803
24.91,13802
24.99,13801
25.07,13800
25.13,13799
25.21,13798
25.27,13797
25.34,13796
25.41,13795
25.48,13794
25.56,13793
25.62,13792
25.7,13791
25.75,13790
25.82,13789
25.89,13788
25.94,13787
26.0,13786
26.07,13785
26.15,13784
26.24,13783
26.32,13782
26.4,13781
26.48,13780
26.56,13779
26.66,13778
26.75,13777
26.84,13776
26.92,13775
27.01,13774
27.11,13773
27.17,13772
27.24,13771
27.32,13770
27.39,13769
27.46,13768
27.54,13767
27.61,13766
27.7,13765
27.81,13764
27.87,13763
27.93,13762
28.0,13761
28.07,13760
28.13,13759
28.19,13758
28.26,13757
28.32,13756
28.39,13755
28.45,13754
28.5,13753
28.57,13752
28.63,13751
28.71,13750
28.78,13749
28.85,13748
28.92,13747
28.99,13746
29.06,13745
29.12,13744
29.19,13743
29.27,13742
29.35,13741
29.41,13740
29.48,13739
29.55,13738
29.64,13737
29.71,13736
29.79,13735
29.86,13734
29.96,13733
30.02,13732
30.1,13731
30.15,13730
30.22,13729
30.29,13728
30.36,13727
30.4,13726
30.48,13725
30.54,13724
30.61,13723
30.66,13722
30.73,13721
30.79,13720
30.86,13719
30.9,13718
30.96,13717
31.01,13716
31.06,13715
31.11,13714
31.16,13713
31.26,13712
31.35,13711
31.44,13710
31.54,13709
31.62,13708
31.71,13707
31.79,13706
31.89,13705
31.98,13704
32.08,13703
32.17,13702
32.25,13701
32.33,13700
32.41,13699
32.49,13698
32.58,13697
32.66,13696
32.75,13695
32.83,13694
32.91,13693
33.0,13692
33.09,13691
33.2,13690
33.29,13689
33.38,13688
33.47,13687
33.55,13686
33.65,13685
33.73,13684
33.82,13683
33.9,13682
33.99,13681
34.07,13680
34.17,13679
34.27,13678
34.35,13677
34.43,13676
34.52,13675
34.6,13674
34.69,13673
34.76,13672
34.84,13671
34.93,13670
35.02,13669
35.1,13668
35.18,13667
35.27,13666
35.36,13665
35.47,13664
35.57,13663
35.68,13662
35.77,13661
35.85,13660
35.94,13659
36.02,13658
36.09,13657
36.18,13656
36.26,13655
36.35,13654
36.46,13653
36.54,13652
36.62,13651
36.71,13650
36.79,13649
36.88,13648
36.97,13647
37.05,13646
37.21,13645
37.31,13644
37.4,13643
37.48,13642
37.57,13641
37.66,13640
37.74,13639
37.82,13638
37.9,13637
37.99,13636
38.07,13635
38.15,13634
38.23,13633
38.31,13632
38.4,13631
38.48,13630
38.56,13629
38.64,13628
38.72,13627
38.8,13626
38.9,13625
38.99,13624
39.07,13623
39.15,13622
39.23,13621
39.31,13620
39.41,13619
39.49,13618
39.58,13617
39.66,13616
39.75,13615
39.83,13614
39.91,13613
39.99,13612
40.11,13611
40.19,13610
40.28,13609
40.38,13608
40.46,13607
40.55,13606
40.64,13605
40.74,13604
40.85,13603
40.94,13602
41.04,13601
41.12,13600
41.2,13599
41.28,13598
41.37,13597
41.46,13596
41.55,13595
41.64,13594
41.72,13593
41.8,13592
41.88,13591
41.96,13590
42.05,13589
42.13,13588
42.21,13587
42.3,13586
42.38,13585
42.46,13584
42.55,13583
42.63,13582
42.73,13581
42.81,13580
42.89,13579
42.98,13578
43.06,13577
43.14,13576
43.22,13575
43.3,13574
43.38,13573
43.46,13572
43.55,13571
43.63,13570
43.71,13569
43.79,13568
43.88,13567
43.96,13566
44.05,13565
44.13,13564
44.21,13563
44.29,13562
44.38,13561
44.48,13560
44.57,13559
44.65,13558
44.67,13558
44.75,13557
44.83,13556
44.91,13555
45.02,13554
45.12,13553
45.23,13552
45.31,13551
45.39,13550
45.47,13549
45.55,13548
45.63,13547
45.72,13546
45.81,13545
45.9,13544
45.98,13543
46.06,13542
46.15,13541
46.23,13540
46.31,13539
46.4,13538
46.48,13537
46.57,13536
46.65,13535
46.74,13534
46.82,13533
46.9,13532
46.99,13531
47.06,13530
47.14,13529
47.23,13528
47.32,13527
47.42,13526
47.54,13525
47.67,13524
47.8,13523
47.93,13522
48.06,13521
48.18,13520
48.3,13519
48.4,13518
48.51,13517
48.6,13516
48.73,13515
48.84,13514
48.94,13513
49.06,13512
49.18,13511
49.3,13510
49.43,13509
49.54,13508
49.66,13507
49.82,13506
49.98,13505
50.09,13504
50.24,13503
50.38,13502
50.55,13501
50.74,13500
50.88,13499
51.02,13498
51.18,13497
51.28,13496
51.39,13495
51.54,13494
51.69,13493
51.79,13492
51.9,13491
52.04,13490
52.14,13489
52.26,13488
52.37,13487
52.49,13486
52.59,13485
52.68,13484
52.78,13483
52.86,13482
52.96,13481
53.07,13480
53.19,13479
53.33,13478
53.44,13477
53.55,13476
53.68,13475
53.86,13474
53.99,13473
54.09,13472
54.23,13471
54.36,13470
54.46,13469
54.58,13468
54.75,13467
54.86,13466
54.97,13465
55.09,13464
55.18,13463
55.27,13462
55.36,13461
55.46,13460
55.55,13459
55.64,13458
55.72,13457
55.82,13456
55.91,13455
55.99,13454
56.07,13453
56.16,13452
56.25,13451
56.34,13450
56.42,13449
56.54,13448
56.62,13447
56.73,13446
56.84,13445
56.97,13444
57.08,13443
57.17,13442
57.32,13441
57.41,13440
57.5,13439
57.63,13438
57.72,13437
57.8,13436
57.91,13435
57.99,13434
58.08,13433
58.16,13432
58.25,13431
58.33,13430
58.41,13429
58.5,13428
58.58,13427
58.66,13426
58.75,13425
58.86,13424
58.94,13423
59.03,13422
59.11,13421
59.19,13420
59.27,13419
59.35,13418
59.43,13417
59.51,13416
59.59,13415
59.68,13414
59.76,13413
59.84,13412
59.93,13411
60.01,13410
60.09,13409
60.17,13408
60.25,13407
60.33,13406
60.41,13405
60.49,13404
60.57,13403
60.66,13402
60.75,13401
60.84,13400
60.93,13399
61.02,13398
61.1,13397
61.19,13396
61.27,13395
61.38,13394
61.5,13393
61.59,13392
61.7,13391
61.83,13390
61.91,13389
61.99,13388
62.08,13387
62.16,13386
62.24,13385
62.34,13384
62.43,13383
62.52,13382
62.6,13381
62.68,13380
62.77,13379
62.85,13378
62.93,13377
63.04,13376
63.13,13375
63.22,13374
63.3,13373
63.4,13372
63.53,13371
63.55,13371
63.64,13370
63.72,13369
63.8,13368
63.88,13367
63.96,13366
64.05,13365
64.13,13364
64.21,13363
64.29,13362
64.37,13361
64.44,13360
64.54,13359
64.62,13358
64.73,13357
64.82,13356
64.9,13355
64.98,13354
65.07,13353
65.2,13352
65.3,13351
65.41,13350
65.53,13349
65.66,13348
65.78,13347
65.88,13346
65.99,13345
66.12,13344
66.21,13343
66.32,13342
66.41,13341
66.54,13340
66.66,13339
66.8,13338
66.89,13337
67.02,13336
67.14,13335
67.25,13334
67.37,13333
67.47,13332
67.63,13331
67.76,13330
67.91,13329
68.03,13328
68.13,13327
68.24,13326
68.36,13325
68.46,13324
68.59,13323
68.76,13322
68.86,13321
68.98,13320
69.1,13319
69.19,13318
69.3,13317
69.41,13316
69.51,13315
69.62,13314
69.72,13313
69.84,13312
69.94,13311
70.06,13310
70.15,13309
70.26,13308
70.38,13307
70.48,13306
70.59,13305
70.69,13304
70.8,13303
70.9,13302
71.01,13301
71.13,13300
71.26,13299
71.35,13298
71.48,13297
71.59,13296
71.69,13295
71.8,13294
71.92,13293
72.01,13292
72.14,13291
72.25,13290
72.34,13289
72.46,13288
72.56,13287
72.68,13286
72.79,13285
72.89,13284
73.02,13283
73.12,13282
73.25,13281
73.36,13280
73.48,13279
73.6,13278
73.7,13277
73.88,13276
74.0,13275
74.16,13274
74.33,13273
74.48,13272
74.59,13271
74.83,13270
74.99,13269
75.1,13269
75.22,13268
75.42,13267
75.59,13266
75.75,13265
75.9,13264
76.02,13263
76.21,13262
76.33,13261
76.46,13260
76.61,13259
76.76,13258
76.9,13257
77.01,13256
77.19,13255
77.32,13254
77.43,13253
77.56,13252
77.67,13251
77.8,13250
77.92,13249
78.05,13248
78.17,13247
78.26,13246
78.37,13245
78.49,13244
78.57,13243
78.68,13242
78.77,13241
78.89,13240
78.97,13239
79.09,13238
79.19,13237
79.3,13236
79.39,13235
79.5,13234
79.63,13233
79.76,13232
79.85,13231
79.98,13230
80.13,13229
80.25,13228
80.37,13227
80.48,13226
80.58,13225
80.7,13224
80.86,13223
80.97,13222
81.1,13221
81.21,13220
81.32,13219
81.43,13218
81.55,13217
81.66,13216
81.76,13215
81.88,13214
82.0,13213
82.12,13212
82.21,13211
82.34,13210
82.45,13209
82.55,13208
82.56,13208
82.68,13207
82.79,13206
82.91,13205
83.0,13204
83.1,13203
83.2,13202
83.29,13201
83.4,13200
83.51,13199
83.6,13198
83.71,13197
83.82,13196
83.91,13195
84.03,13194
84.11,13193
84.22,13192
84.31,13191
84.43,13190
84.51,13189
84.62,13188
84.74,13187
84.82,13186
84.93,13185
85.02,13184
85.12,13183
85.23,13182
85.35,13181
85.46,13180
85.58,13179
85.69,13178
85.79,13177
85.9,13176
86.0,13175
86.1,13174
86.21,13173
86.31,13172
86.41,13171
86.51,13170
86.6,13169
86.71,13168
86.83,13167
86.91,13166
87.02,13165
87.1,13164
87.21,13163
87.3,13162
87.41,13161
87.53,13160
87.64,13159
87.77,13158
87.89,13157
88.0,13156
88.12,13155
88.26,13154
88.37,13153
88.48,13152
88.58,13151
88.69,13150
88.78,13149
88.89,13148
88.99,13147
89.09,13146
89.21,13145
89.33,13144
89.43,13143
89.58,13142
89.68,13141
89.78,13140
89.9,13139
90.01,13138
90.09,13137
90.24,13136
90.35,13135
90.47,13134
90.6,13133
90.72,13132
90.84,13131
90.94,13130
91.04,13129
91.14,13128
91.23,13127
91.34,13126
91.44,13125
91.54,13124
91.65,13123
91.76,13122
91.85,13121
91.96,13120
92.08,13119
92.17,13118
92.3,13117
92.41,13116
92.57,13115
92.72,13114
92.88,13113
93.01,13112
93.14,13111
93.26,13110
93.4,13109
93.53,13108
93.65,13107
93.76,13106
93.9,13105
94.02,13104
94.13,13103
94.26,13102
94.38,13101
94.51,13100
94.63,13099
94.81,13098
94.96,13097
95.08,13096
95.21,13095
95.33,13094
95.48,13093
95.6,13092
95.73,13091
95.84,13090
95.96,13089
96.1,13088
96.21,13087
96.34,13086
96.46,13085
96.59,13084
96.7,13083
96.83,13082
96.95,13081
97.08,13080
97.2,13079
97.33,13078
97.44,13077
97.58,13076
97.7,13075
97.82,13074
97.97,13073
98.1,13072
98.22,13071
98.34,13070
98.46,13069
98.63,13068
98.76,13067
98.89,13066
99.02,13065
99.16,13064
99.29,13063
99.42,13062
99.54,13061
99.68,13060
99.84,13059
100.02,13058
100.19,13057
100.39,13056
100.58,13055
100.76,13054
100.93,13053
101.16,13052
101.31,13051
101.47,13050
101.62,13049
101.81,13048
101.95,13047
102.1,13046
102.21,13045
102.33,13044
102.49,13043
102.67,13042
102.83,13041
103.0,13040
103.18,13039
103.34,13038
103.51,13037
103.64,13036
103.83,13035
103.99,13034
104.11,13033
104.3,13032
104.31,13032
104.53,13031
104.67,13030
104.78,13029
104.97,13028
105.17,13027
105.31,13026
105.47,13025
105.63,13024
105.76,13023
105.92,13022
106.06,13021
106.23,13020
106.37,13019
106.52,13018
106.64,13017
106.77,13016
106.93,13015
107.07,13014
107.2,13013
107.33,13012
107.46,13011
107.62,13010
107.76,13009
107.89,13008
108.02,13007
108.14,13006
108.28,13005
108.39,13004
108.53,13003
108.64,13002
108.78,13001
108.89,13000
109.02,12999
109.14,12998
109.17,12998
109.29,12997
109.4,12996
109.53,12995
109.65,12994
109.8,12993
109.91,12992
110.03,12991
110.15,12990
110.28,12989
110.39,12988
110.52,12987
110.64,12986
110.76,12985
110.88,12984
110.99,12983
111.12,12982
111.25,12981
111.37,12980
111.48,12979
111.62,12978
111.73,12977
111.86,12976
111.97,12975
112.1,12974
112.21,12973
112.34,12972
112.45,12971
112.59,12970
112.71,12969
112.83,12968
112.95,12967
113.08,12966
113.2,12965
113.33,12964
113.45,12963
113.62,12962
113.77,12961
113.9,12960
114.01,12959
114.14,12958
114.27,12957
114.41,12956
114.53,12955
114.68,12954
114.79,12953
114.92,12952
115.04,12951
115.17,12950
115.31,12949
115.45,12948
115.58,12947
115.75,12946
115.86,12945
115.99,12944
116.1,12943
116.23,12942
116.35,12941
116.48,12940
116.59,12939
116.73,12938
116.84,12937
116.97,12936
117.08,12935
117.19,12934
117.32,12933
117.43,12932
117.56,12931
117.68,12930
117.8,12929
117.94,12928
118.08,12927
118.19,12926
118.32,12925
118.46,12924
118.62,12923
118.81,12922
118.97,12921
119.14,12920
119.28,12919
119.43,12918
119.6,12917
119.73,12916
119.86,12915
120.02,12914
120.14,12913
120.31,12912
120.44,12911
120.59,12910
120.73,12909
120.91,12908
121.03,12907
121.24,12906
121.43,12905
121.58,12904
121.78,12903
121.96,12902
122.12,12901
122.29,12900
122.44,12899
122.59,12898
122.72,12897
122.89,12896
123.02,12895
123.22,12894
123.38,12893
123.52,12892
123.7,12891
123.84,12890
124.02,12889
124.21,12888
124.4,12887
124.52,12886
124.7,12885
124.83,12884
125.12,12883
125.32,12882
125.52,12881
125.67,12880
125.85,12879
125.98,12878
126.14,12877
126.31,12876
126.44,12875
126.61,12874
126.74,12873
126.91,12872
127.03,12871
127.2,12870
127.33,12869
127.5,12868
127.63,12867
127.8,12866
127.92,12865
128.09,12864
128.23,12863
128.38,12862
128.52,12861
128.69,12860
128.81,12859
128.98,12858
129.1,12857
129.27,12856
129.42,12855
129.61,12854
129.77,12853
129.9,12852
130.09,12851
130.22,12850
130.39,12849
130.52,12848
130.69,12847
130.84,12846
131.09,12845
131.33,12844
131.54,12843
131.77,12842
131.97,12841
132.18,12840
132.37,12839
132.56,12838
132.71,12837
132.9,12836
133.03,12835
133.2,12834
133.32,12833
133.5,12832
133.63,12831
133.8,12830
133.94,12829
134.09,12828
134.21,12827
134.38,12826
134.54,12825
134.57,12825
134.72,12824
134.9,12823
135.05,12822
135.21,12821
135.36,12820
135.62,12819
135.83,12818
136.03,12817
136.17,12816
136.33,12815
136.48,12814
136.63,12813
136.77,12812
136.91,12811
137.04,12810
137.21,12809
137.33,12808
137.5,12807
137.64,12806
137.77,12805
137.91,12804
138.04,12803
138.21,12802
138.34,12801
138.53,12800
138.67,12799
138.82,12798
138.94,12797
139.1,12796
139.24,12795
139.39,12794
139.53,12793
139.69,12792
139.7,12792
139.83,12791
140.0,12790
140.12,12789
140.29,12788
140.42,12787
140.6,12786
140.75,12785
140.89,12784
141.02,12783
141.18,12782
141.31,12781
141.48,12780
141.62,12779
141.76,12778
141.91,12777
142.04,12776
142.21,12775
142.34,12774
142.51,12773
142.67,12772
142.82,12771
142.96,12770
143.11,12769
143.25,12768
143.41,12767
143.55,12766
143.67,12765
143.83,12764
143.99,12763
144.12,12762
144.28,12761
144.43,12760
144.59,12759
144.73,12758
144.88,12757
145.04,12756
145.21,12755
145.36,12754
145.54,12753
145.67,12752
145.83,12751
145.95,12750
146.12,12749
146.25,12748
146.44,12747
146.6,12746
146.78,12745
146.95,12744
147.09,12743
147.25,12742
147.38,12741
147.55,12740
147.69,12739
147.84,12738
147.98,12737
148.14,12736
148.28,12735
148.47,12734
148.59,12733
148.76,12732
148.88,12731
149.04,12730
149.18,12729
149.33,12728
149.34,12728
149.5,12727
149.63,12726
149.8,12725
149.93,12724
150.08,12723
150.22,12722
150.38,12721
150.54,12720
150.68,12719
150.83,12718
150.85,12718
151.0,12717
151.15,12716
151.33,12715
151.54,12714
151.69,12713
151.92,12712
152.11,12711
152.25,12710
152.43,12709
152.56,12708
152.71,12707
152.88,12706
152.99,12705
153.18,12704
153.36,12703
153.54,12702
153.76,12701
153.94,12700
154.15,12699
154.31,12698
154.51,12697
154.69,12696
154.87,12695
155.08,12694
155.26,12693
155.46,12692
155.64,12691
155.86,12690
156.06,12689
156.28,12688
156.53,12687
156.79,12686
156.96,12685
157.12,12684
157.27,12683
157.45,12682
157.64,12681
157.78,12680
157.95,12679
158.11,12678
158.36,12677
158.52,12676
158.68,12675
158.86,12674
158.94,12674
159.13,12673
159.31,12672
159.52,12671
159.71,12670
159.94,12669
160.11,12668
160.27,12667
160.47,12666
160.64,12665
160.65,12665
160.81,12664
160.95,12663
160.96,12663
161.11,12662
161.25,12661
161.4,12660
161.56,12659
161.72,12658
161.87,12657
162.02,12656
162.17,12655
162.31,12654
162.48,12653
162.5,12653
162.67,12652
162.79,12651
162.83,12651
162.97,12650
163.14,12649
163.27,12648
163.43,12647
163.57,12646
163.73,12645
163.86,12644
164.01,12643
164.15,12642
164.3,12641
164.43,12640
164.6,12639
164.73,12638
164.87,12637
164.89,12637
165.04,12636
165.18,12635
165.32,12634
165.49,12633
165.54,12633
165.67,12632
165.86,12631
166.03,12630
166.18,12629
166.35,12628
166.52,12627
166.68,12626
166.81,12625
166.97,12624
167.12,12623
167.31,12622
167.46,12621
167.64,12620
167.65,12620
167.83,12619
167.97,12618
168.12,12617
168.24,12616
168.41,12615
168.42,12615
168.55,12614
168.71,12613
168.83,12612
168.99,12611
169.12,12610
169.27,12609
169.41,12608
169.58,12607
169.71,12606
169.86,12605
169.99,12604
170.16,12603
170.17,12603
170.32,12602
170.46,12601
170.62,12600
170.75,12599
170.9,12598
171.04,12597
171.19,12596
171.32,12595
171.5,12594
171.64,12593
171.8,12592
171.92,12591
172.08,12590
172.22,12589
172.37,12588
172.54,12587
172.7,12586
172.87,12585
173.0,12584
173.17,12583
173.29,12582
173.47,12581
173.59,12580
173.75,12579
173.88,12578
174.04,12577
174.17,12576
174.33,12575
174.48,12574
174.64,12573
174.77,12572
174.89,12571
175.05,12570
175.06,12570
175.21,12569
175.35,12568
175.5,12567
175.65,12566
175.8,12565
175.86,12565
175.98,12564
176.14,12563
176.27,12562
176.47,12561
176.63,12560
176.8,12559
177.0,12558
177.13,12557
177.17,12557
177.32,12556
177.49,12555
177.63,12554
177.79,12553
177.95,12552
178.13,12551
178.3,12550
178.49,12549
178.65,12548
178.81,12547
178.95,12546
179.1,12545
179.24,12544
179.4,12543
179.54,12542
179.69,12541
179.8,12540
179.95,12539
180.09,12538
180.25,12537
180.45,12536
180.67,12535
180.86,12534
181.04,12533
181.26,12532
181.48,12531
181.64,12530
181.83,12529
181.99,12528
182.13,12527
182.31,12526
182.47,12525
182.65,12524
182.81,12523
182.99,12522
183.14,12521
183.32,12520
183.47,12519
183.66,12518
183.84,12517
183.99,12516
184.17,12515
184.32,12514
184.51,12513
184.66,12512
184.81,12511
185.01,12510
185.2,12509
185.35,12508
185.5,12507
185.69,12506
185.84,12505
186.02,12504
186.17,12503
186.36,12502
186.56,12501
186.7,12500
186.89,12499
187.03,12498
187.18,12497
187.39,12496
187.4,12496
187.59,12495
187.79,12494
188.02,12493
188.25,12492
188.45,12491
188.77,12490
189.07,12489
189.25,12488
189.55,12487
189.78,12486
190.01,12485
190.27,12484
190.46,12483
190.68,12482
190.84,12481
191.08,12480
191.32,12479
191.5,12478
191.71,12477
191.88,12476
192.09,12475
192.29,12474
192.48,12473
192.67,12472
192.83,12471
193.03,12470
193.25,12469
193.43,12468
193.63,12467
193.82,12466
193.98,12465
193.99,12465
194.18,12464
194.34,12463
194.54,12462
194.78,12461
195.0,12460
195.15,12459
195.38,12458
195.55,12457
195.74,12456
195.93,12455
196.09,12454
196.27,12453
196.28,12453
196.44,12452
196.62,12451
196.77,12450
196.95,12449
197.1,12448
197.28,12447
197.44,12446
197.63,12445
197.78,12444
197.95,12443
198.1,12442
198.28,12441
198.43,12440
198.62,12439
198.76,12438
198.77,12438
198.95,12437
199.09,12436
199.27,12435
199.42,12434
199.6,12433
199.74,12432
199.92,12431
200.06,12430
200.24,12429
200.39,12428
200.57,12427
200.72,12426
200.77,12426
200.91,12425
201.06,12424
201.24,12423
201.39,12422
201.58,12421
201.76,12420
201.91,12419
202.05,12418
202.24,12417
202.44,12416
202.6,12415
202.79,12414
202.93,12413
203.12,12412
203.26,12411
203.44,12410
203.59,12409
203.74,12408
203.92,12407
204.08,12406
204.28,12405
204.49,12404
204.64,12403
204.83,12402
204.84,12402
204.99,12401
205.18,12400
205.33,12399
205.53,12398
205.67,12397
205.87,12396
206.03,12395
206.23,12394
206.44,12393
206.59,12392
206.78,12391
206.94,12390
207.12,12389
207.27,12388
207.46,12387
207.62,12386
207.77,12385
207.94,12384
208.09,12383
208.27,12382
208.41,12381
208.6,12380
208.76,12379
208.94,12378
209.09,12377
209.27,12376
209.43,12375
209.62,12374
209.77,12373
209.95,12372
210.1,12371
210.29,12370
210.44,12369
210.63,12368
210.77,12367
210.95,12366
211.12,12365
211.33,12364
211.5,12363
211.7,12362
211.85,12361
212.03,12360
212.17,12359
212.32,12358
212.51,12357
212.65,12356
212.83,12355
212.98,12354
213.16,12353
213.3,12352
213.51,12351
213.66,12350
213.84,12349
213.99,12348
214.16,12347
214.31,12346
214.5,12345
214.51,12345
214.7,12344
214.85,12343
215.03,12342
215.17,12341
215.35,12340
215.51,12339
215.69,12338
215.84,12337
216.01,12336
216.16,12335
216.31,12334
216.52,12333
216.66,12332
216.9,12331
217.13,12330
217.31,12329
217.61,12328
217.77,12327
217.98,12326
218.14,12325
218.37,12324
218.61,12323
218.77,12322
218.99,12321
219.15,12320
219.41,12319
219.66,12318
219.87,12317
220.1,12316
220.27,12315
220.54,12314
220.73,12313
220.98,12312
221.17,12311
221.4,12310
221.65,12309
221.84,12308
222.04,12307
222.21,12306
222.42,12305
222.43,12305
222.59,12304
222.79,12303
222.95,12302
223.18,12301
223.35,12300
223.57,12299
223.72,12298
223.93,12297
223.94,12297
223.95,12297
224.14,12296
224.32,12295
224.56,12294
224.71,12293
224.92,12292
225.09,12291
225.28,12290
225.46,12289
225.66,12288
225.83,12287
226.03,12286
226.2,12285
226.43,12284
226.59,12283
226.81,12282
226.98,12281
227.19,12280
227.36,12279
227.59,12278
227.75,12277
227.97,12276
228.15,12275
228.2,12275
228.38,12274
228.61,12273
228.78,12272
229.0,12271
229.15,12270
229.36,12269
229.54,12268
229.75,12267
229.9,12266
230.08,12265
230.09,12265
230.3,12264
230.47,12263
230.69,12262
230.84,12261
231.05,12260
231.21,12259
231.37,12258
231.6,12257
231.79,12256
231.95,12255
232.14,12254
232.34,12253
232.49,12252
232.74,12251
232.91,12250
233.12,12249
233.27,12248
233.5,12247
233.65,12246
233.87,12245
234.04,12244
234.25,12243
234.48,12242
234.63,12241
234.86,12240
235.03,12239
235.09,12239
235.11,12239
235.31,12238
235.49,12237
235.7,12236
235.85,12235
236.06,12234
236.22,12233
236.44,12232
236.62,12231
236.83,12230
236.99,12229
237.2,12228
237.37,12227
237.58,12226
237.75,12225
238.01,12224
238.23,12223
238.5,12222
238.75,12221
238.93,12220
239.14,12219
239.32,12218
239.5,12217
239.65,12216
239.86,12215
240.01,12214
240.22,12213
240.38,12212
240.59,12211
240.77,12210
240.98,12209
241.13,12208
241.34,12207
241.51,12206
241.7,12205
241.87,12204
242.08,12203
242.23,12202
242.44,12201
242.61,12200
242.77,12199
242.98,12198
243.13,12197
243.34,12196
243.49,12195
243.7,12194
243.87,12193
244.07,12192
244.25,12191
244.45,12190
244.61,12189
244.81,12188
244.98,12187
245.18,12186
245.38,12185
245.55,12184
245.76,12183
245.91,12182
246.12,12181
246.28,12180
246.48,12179
246.65,12178
246.72,12178
246.87,12177
247.08,12176
247.24,12175
247.43,12174
247.58,12173
247.79,12172
247.93,12171
248.15,12170
248.31,12169
248.5,12168
248.52,12168
248.73,12167
248.9,12166
249.1,12165
249.27,12164
249.46,12163
249.63,12162
249.84,12161
249.98,12160
250.14,12159
250.35,12158
250.5,12157
250.71,12156
250.72,12156
250.93,12155
251.08,12154
251.29,12153
251.47,12152
251.68,12151
251.83,12150
252.04,12149
252.2,12148
252.4,12147
252.57,12146
252.78,12145
252.94,12144
252.99,12144
253.16,12143
253.32,12142
253.53,12141
253.69,12140
253.89,12139
254.06,12138
254.27,12137
254.44,12136
254.64,12135
254.81,12134
255.0,12133
255.16,12132
255.37,12131
255.54,12130
255.74,12129
255.89,12128
256.09,12127
256.27,12126
256.47,12125
256.64,12124
256.82,12123
256.99,12122
257.2,12121
257.35,12120
257.52,12119
257.73,12118
257.89,12117
258.1,12116
258.27,12115
258.48,12114
258.69,12113
258.85,12112
259.06,12111
259.22,12110
259.38,12109
259.59,12108
259.76,12107
259.95,12106
260.12,12105
260.3,12104
260.48,12103
260.68,12102
260.83,12101
261.04,12100
261.2,12099
261.4,12098
261.55,12097
261.77,12096
261.94,12095
261.95,12095
262.16,12094
262.32,12093
262.53,12092
262.69,12091
262.89,12090
263.05,12089
263.25,12088
263.42,12087
263.62,12086
263.78,12085
263.97,12084
264.14,12083
264.35,12082
264.55,12081
264.71,12080
264.92,12079
265.1,12078
265.25,12077
265.46,12076
265.53,12076
265.54,12076
265.75,12075
265.9,12074
266.1,12073
266.26,12072
266.46,12071
266.63,12070
266.83,12069
267.0,12068
267.2,12067
267.36,12066
267.57,12065
267.72,12064
267.93,12063
268.1,12062
268.29,12061
268.46,12060
268.67,12059
268.68,12059
268.88,12058
269.05,12057
269.25,12056
269.42,12055
269.47,12055
269.63,12054
269.84,12053
269.99,12052
270.2,12051
270.36,12050
270.37,12050
270.43,12050
270.59,12049
270.8,12048
270.95,12047
271.16,12046
271.33,12045
271.54,12044
271.69,12043
271.9,12042
272.05,12041
272.26,12040
272.43,12039
272.62,12038
272.79,12037
273.0,12036
273.18,12035
273.4,12034
273.57,12033
273.75,12032
273.93,12031
274.1,12030
274.29,12029
274.46,12028
274.67,12027
274.85,12026
275.06,12025
275.21,12024
275.39,12023
275.56,12022
275.75,12021
275.92,12020
276.12,12019
276.14,12019
276.15,12019
276.19,12019
276.35,12018
276.55,12017
276.72,12016
276.77,12016
276.93,12015
277.13,12014
277.3,12013
277.46,12012
277.67,12011
277.82,12010
278.03,12009
278.2,12008
278.42,12007
278.58,12006
278.78,12005
278.94,12004
279.14,12003
279.31,12002
279.36,12002
279.52,12001
279.73,12000
279.89,11999
280.1,11998
280.27,11997
280.47,11996
280.63,11995
280.84,11994
280.98,11993
281.19,11992
281.34,11991
281.55,11990
281.71,11989
281.9,11988
282.07,11987
282.22,11986
282.43,11985
282.59,11984
282.65,11984
282.85,11983
283.03,11982
283.18,11981
283.38,11980
283.54,11979
283.6,11979
283.75,11978
283.93,11977
284.11,11976
284.3,11975
284.47,11974
284.68,11973
284.83,11972
285.04,11971
285.22,11970
285.42,11969
285.59,11968
285.78,11967
285.95,11966
286.16,11965
286.32,11964
286.53,11963
286.69,11962
286.92,11961
286.93,11961
287.08,11960
287.31,11959
287.49,11958
287.74,11957
287.92,11956
287.95,11956
288.13,11955
288.35,11954
288.52,11953
288.73,11952
288.89,11951
289.09,11950
289.26,11949
289.45,11948
289.61,11947
289.78,11946
289.98,11945
290.14,11944
290.35,11943
290.52,11942
290.73,11941
290.74,11941
290.95,11940
291.13,11939
291.35,11938
291.5,11937
291.71,11936
291.88,11935
292.1,11934
292.25,11933
292.47,11932
292.64,11931
292.84,11930
293.05,11929
293.22,11928
293.44,11927
293.61,11926
293.82,11925
293.98,11924
294.18,11923
294.33,11922
294.54,11921
294.69,11920
294.9,11919
295.07,11918
295.26,11917
295.43,11916
295.59,11915
295.79,11914
295.95,11913
296.15,11912
296.32,11911
296.52,11910
296.69,11909
296.89,11908
297.05,11907
297.26,11906
297.43,11905
297.62,11904
297.79,11903
298.01,11902
298.18,11901
298.39,11900
298.54,11899
298.75,11898
298.9,11897
299.11,11896
299.25,11895
299.46,11894
299.64,11893
299.83,11892
300.0,11891
300.21,11890
300.36,11889
300.57,11888
300.74,11887
300.95,11886
301.1,11885
301.31,11884
301.32,11884
301.49,11883
301.71,11882
301.88,11881
302.06,11880
302.24,11879
302.43,11878
302.6,11877
302.8,11876
302.95,11875
303.13,11874
303.34,11873
303.52,11872
303.7,11871
303.88,11870
304.08,11869
304.24,11868
304.44,11867
304.59,11866
304.8,11865
304.98,11864
305.17,11863
305.35,11862
305.39,11862
305.54,11861
305.71,11860
305.89,11859
306.08,11858
306.27,11857
306.43,11856
306.64,11855
306.85,11854
307.03,11853
307.18,11852
307.39,11851
307.55,11850
307.75,11849
307.92,11848
308.11,11847
308.29,11846
308.54,11845
308.78,11844
308.96,11843
309.21,11842
309.44,11841
309.62,11840
309.86,11839
310.02,11838
310.23,11837
310.39,11836
310.59,11835
310.76,11834
310.96,11833
310.98,11833
311.2,11832
311.36,11831
311.57,11830
311.73,11829
311.93,11828
312.09,11827
312.3,11826
312.47,11825
312.69,11824
312.85,11823
313.06,11822
313.22,11821
313.42,11820
313.59,11819
313.78,11818
313.95,11817
314.14,11816
314.31,11815
314.36,11815
314.51,11814
314.72,11813
314.9,11812
315.1,11811
315.25,11810
315.46,11809
315.61,11808
315.82,11807
315.97,11806
316.2,11805
316.35,11804
316.56,11803
316.58,11803
316.79,11802
316.94,11801
317.16,11800
317.32,11799
317.53,11798
317.71,11797
317.89,11796
318.07,11795
318.26,11794
318.43,11793
318.44,11793
318.64,11792
318.79,11791
319.01,11790
319.15,11789
319.37,11788
319.54,11787
319.73,11786
319.91,11785
319.96,11785
319.97,11785
320.18,11784
320.35,11783
320.54,11782
320.71,11781
320.72,11781
320.9,11780
321.07,11779
321.26,11778
321.43,11777
321.64,11776
321.79,11775
322.0,11774
322.16,11773
322.36,11772
322.53,11771
322.73,11770
322.9,11769
323.1,11768
323.26,11767
323.41,11766
323.62,11765
323.64,11765
323.84,11764
324.01,11763
324.21,11762
324.37,11761
324.58,11760
324.73,11759
324.94,11758
325.11,11757
325.32,11756
325.47,11755
325.68,11754
325.83,11753
326.04,11752
326.21,11751
326.4,11750
326.57,11749
326.77,11748
326.93,11747
327.13,11746
327.3,11745
327.49,11744
327.67,11743
327.73,11743
327.9,11742
328.11,11741
328.28,11740
328.5,11739
328.67,11738
328.88,11737
329.04,11736
329.24,11735
329.4,11734
329.61,11733
329.77,11732
329.97,11731
330.14,11730
330.33,11729
330.5,11728
330.7,11727
330.86,11726
331.07,11725
331.22,11724
331.43,11723
331.6,11722
331.79,11721
331.97,11720
332.18,11719
332.33,11718
332.4,11718
332.56,11717
332.77,11716
332.94,11715
332.99,11715
333.16,11714
333.31,11713
333.38,11713
333.57,11712
333.74,11711
333.95,11710
334.1,11709
334.32,11708
334.46,11707
334.68,11706
334.84,11705
335.04,11704
335.21,11703
335.36,11702
335.58,11701
335.75,11700
335.95,11699
336.11,11698
336.32,11697
336.47,11696
336.68,11695
336.84,11694
337.04,11693
337.21,11692
337.4,11691
337.57,11690
337.77,11689
337.93,11688
338.14,11687
338.3,11686
338.5,11685
338.57,11685
338.75,11684
338.92,11683
338.94,11683
339.12,11682
339.33,11681
339.48,11680
339.68,11679
339.7,11679
339.91,11678
339.93,11678
340.13,11677
340.3,11676
340.5,11675
340.52,11675
340.57,11675
340.74,11674
340.75,11674
340.95,11673
341.1,11672
341.32,11671
341.48,11670
341.68,11669
341.85,11668
342.05,11667
342.21,11666
342.39,11665
342.56,11664
342.61,11664
342.77,11663
342.98,11662
343.13,11661
343.34,11660
343.51,11659
343.7,11658
343.88,11657
344.08,11656
344.24,11655
344.4,11654
344.6,11653
344.62,11653
344.84,11652
345.01,11651
345.25,11650
345.47,11649
345.62,11648
345.83,11647
345.98,11646
346.19,11645
346.36,11644
346.57,11643
346.72,11642
346.86,11641
346.91,11641
347.08,11640
347.28,11639
347.3,11639
347.46,11638
347.64,11637
347.79,11636
347.99,11635
348.14,11634
348.35,11633
348.52,11632
348.74,11631
348.89,11630
349.1,11629
349.26,11628
349.46,11627
349.63,11626
349.82,11625
349.99,11624
350.21,11623
350.38,11622
350.61,11621
350.78,11620
350.85,11620
350.86,11620
351.06,11619
351.23,11618
351.38,11617
351.57,11616
351.74,11615
351.95,11614
352.1,11613
352.31,11612
352.48,11611
352.53,11611
352.71,11610
352.89,11609
352.9,11609
353.11,11608
353.26,11607
353.47,11606
353.65,11605
353.79,11604
353.97,11603
354.15,11602
354.33,11601
354.51,11600
354.56,11600
354.77,11599
354.94,11598
355.09,11597
355.3,11596
355.45,11595
355.66,11594
355.83,11593
356.02,11592
356.2,11591
356.27,11591
356.48,11590
356.66,11589
356.86,11588
357.02,11587
357.22,11586
357.24,11586
357.43,11585
357.6,11584
357.8,11583
357.99,11582
358.2,11581
358.35,11580
358.41,11580
358.42,11580
358.59,11579
358.79,11578
358.95,11577
359.0,11577
359.17,11576
359.37,11575
359.54,11574
359.75,11573
359.89,11572
359.95,11572
360.12,11571
360.32,11570
360.48,11569
360.7,11568
360.85,11567
361.07,11566
361.23,11565
361.42,11564
361.6,11563
361.82,11562
361.83,11562
362.02,11561
362.2,11560
362.41,11559
362.58,11558
362.74,11557
362.93,11556
363.09,11555
363.3,11554
363.47,11553
363.67,11552
363.83,11551
364.03,11550
364.19,11549
364.39,11548
364.56,11547
364.77,11546
364.94,11545
365.13,11544
365.3,11543
365.51,11542
365.66,11541
365.67,11541
365.88,11540
366.04,11539
366.26,11538
366.42,11537
366.43,11537
366.65,11536
366.82,11535
367.02,11534
367.18,11533
367.39,11532
367.56,11531
367.61,11531
367.77,11530
367.97,11529
368.14,11528
368.34,11527
368.35,11527
368.56,11526
368.57,11526
368.74,11525
368.93,11524
369.1,11523
369.31,11522
369.47,11521
369.68,11520
369.85,11519
370.04,11518
370.21,11517
370.41,11516
370.58,11515
370.8,11514
370.94,11513
371.15,11512
371.31,11511
371.36,11511
371.53,11510
371.74,11509
371.9,11508
372.1,11507
372.25,11506
372.46,11505
372.63,11504
372.82,11503
372.99,11502
373.19,11501
373.36,11500
373.57,11499
373.72,11498
373.93,11497
374.09,11496
374.15,11496
374.16,11496
374.31,11495
374.52,11494
374.68,11493
374.89,11492
375.04,11491
375.24,11490
375.41,11489
375.62,11488
375.78,11487
375.99,11486
376.15,11485
376.35,11484
376.52,11483
376.72,11482
376.74,11482
376.94,11481
377.11,11480
377.3,11479
377.47,11478
377.68,11477
377.84,11476
378.04,11475
378.2,11474
378.41,11473
378.58,11472
378.77,11471
378.94,11470
379.1,11469
379.3,11468
379.47,11467
379.67,11466
379.87,11465
380.04,11464
380.2,11463
380.42,11462
380.5,11462
380.7,11461
380.87,11460
381.07,11459
381.08,11459
381.15,11459
381.31,11458
381.52,11457
381.68,11456
381.88,11455
382.04,11454
382.26,11453
382.41,11452
382.62,11451
382.79,11450
382.98,11449
383.14,11448
383.34,11447
383.51,11446
383.7,11445
383.71,11445
383.93,11444
384.09,11443
384.28,11442
384.45,11441
384.51,11441
384.67,11440
384.87,11439
385.04,11438
385.22,11437
385.4,11436
385.64,11435
385.85,11434
386.11,11433
386.12,11433
386.34,11432
386.52,11431
386.73,11430
386.9,11429
387.1,11428
387.26,11427
387.47,11426
387.54,11426
387.75,11425
387.92,11424
388.11,11423
388.29,11422
388.5,11421
388.68,11420
388.86,11419
389.04,11418
389.05,11418
389.1,11418
389.31,11417
389.46,11416
389.47,11416
389.68,11415
389.86,11414
390.04,11413
390.22,11412
390.33,11412
390.47,11411
390.53,11411
390.71,11410
390.9,11409
390.92,11409
391.12,11408
391.27,11407
391.33,11407
391.48,11406
391.69,11405
391.84,11404
392.05,11403
392.22,11402
392.44,11401
392.59,11400
392.8,11399
392.96,11398
393.12,11397
393.33,11396
393.52,11395
393.54,11395
393.75,11394
393.92,11393
394.11,11392
394.29,11391
394.47,11390
394.65,11389
394.85,11388
395.0,11387
395.21,11386
395.36,11385
395.58,11384
395.75,11383
395.81,11383
395.99,11382
396.22,11381
396.38,11380
396.6,11379
396.77,11378
396.99,11377
397.01,11377
397.22,11376
397.37,11375
397.6,11374
397.77,11373
397.97,11372
398.14,11371
398.35,11370
398.36,11370
398.51,11369
398.73,11368
398.88,11367
399.11,11366
399.28,11365
399.51,11364
399.68,11363
399.87,11362
400.05,11361
400.12,11361
400.34,11360
400.5,11359
400.56,11359
400.75,11358
400.97,11357
401.14,11356
401.36,11355
401.54,11354
401.61,11354
401.84,11353
402.03,11352
402.04,11352
402.23,11351
402.24,11351
402.47,11350
402.65,11349
402.84,11348
403.03,11347
403.25,11346
403.41,11345
403.66,11344
403.81,11343
404.04,11342
404.05,11342
404.27,11341
404.45,11340
404.63,11339
404.82,11338
405.0,11337
405.04,11337
405.23,11336
405.42,11335
405.43,11335
405.61,11334
405.81,11333
405.99,11332
406.03,11332
406.12,11332
406.28,11331
406.49,11330
406.66,11329
406.71,11329
406.89,11328
407.08,11327
407.25,11326
407.46,11325
407.61,11324
407.82,11323
407.97,11322
407.98,11322
408.19,11321
408.34,11320
408.52,11319
408.69,11318
408.91,11317
409.07,11316
409.29,11315
409.46,11314
409.51,11314
409.66,11313
409.75,11313
409.95,11312
410.12,11311
410.17,11311
410.32,11310
410.53,11309
410.54,11309
410.69,11308
410.9,11307
411.07,11306
411.28,11305
411.43,11304
411.64,11303
411.65,11303
411.82,11302
412.03,11301
412.18,11300
412.39,11299
412.59,11298
412.76,11297
412.77,11297
412.83,11297
412.99,11296
413.2,11295
413.36,11294
413.55,11293
413.73,11292
413.92,11291
414.09,11290
414.25,11289
414.45,11288
414.66,11287
414.82,11286
415.02,11285
415.18,11284
415.38,11283
415.55,11282
415.71,11281
415.89,11280
416.05,11279
416.25,11278
416.43,11277
416.49,11277
416.7,11276
416.86,11275
417.07,11274
417.24,11273
417.42,11272
417.59,11271
417.77,11270
417.98,11269
418.2,11268
418.35,11267
418.56,11266
418.73,11265
418.92,11264
419.09,11263
419.1,11263
419.31,11262
419.39,11262
419.59,11261
419.74,11260
419.91,11259
420.1,11258
420.27,11257
420.33,11257
420.54,11256
420.56,11256
420.77,11255
420.92,11254
421.13,11253
421.28,11252
421.48,11251
421.65,11250
421.81,11249
422.02,11248
422.2,11247
422.23,11247
422.41,11246
422.64,11245
422.79,11244
422.89,11244
423.06,11243
423.27,11242
423.48,11241
423.64,11240
423.79,11239
424.0,11238
424.17,11237
424.37,11236
424.39,11236
424.58,11235
424.78,11234
424.94,11233
425.15,11232
425.3,11231
425.47,11230
425.68,11229
425.88,11228
425.9,11228
426.06,11227
426.27,11226
426.42,11225
426.64,11224
426.79,11223
426.99,11222
427.16,11221
427.38,11220
427.53,11219
427.74,11218
427.89,11217
428.1,11216
428.27,11215
428.48,11214
428.63,11213
428.84,11212
429.0,11211
429.06,11211
429.21,11210
429.42,11209
429.57,11208
429.78,11207
429.95,11206
430.14,11205
430.28,11204
430.5,11203
430.67,11202
430.84,11201
431.05,11200
431.21,11199
431.26,11199
431.47,11198
431.64,11197
431.7,11197
431.84,11196
432.05,11195
432.21,11194
432.37,11193
432.58,11192
432.73,11191
432.94,11190
433.1,11189
433.3,11188
433.46,11187
433.66,11186
433.73,11186
433.89,11185
434.05,11184
434.17,11184
434.33,11183
434.34,11183
434.54,11182
434.56,11182
434.77,11181
434.93,11180
435.13,11179
435.3,11178
435.5,11177
435.67,11176
435.87,11175
436.03,11174
436.24,11173
436.39,11172
436.6,11171
436.68,11171
436.85,11170
437.06,11169
437.07,11169
437.22,11168
437.28,11168
437.45,11167
437.65,11166
437.66,11166
437.85,11165
438.03,11164
438.1,11164
438.31,11163
438.46,11162
438.67,11161
438.83,11160
439.03,11159
439.1,11159
439.27,11158
439.48,11157
439.5,11157
439.69,11156
439.86,11155
439.92,11155
440.13,11154
440.14,11154
440.31,11153
440.5,11152
440.68,11151
440.87,11150
441.03,11149
441.23,11148
441.4,11147
441.47,11147
441.67,11146
441.84,11145
442.04,11144
442.21,11143
442.22,11143
442.43,11142
442.58,11141
442.79,11140
442.94,11139
443.15,11138
443.31,11137
443.44,11137
443.61,11136
443.62,11136
443.84,11135
443.9,11135
444.07,11134
444.3,11133
444.47,11132
444.67,11131
444.92,11130
445.16,11129
445.41,11128
445.59,11127
445.65,11127
445.81,11126
446.02,11125
446.09,11125
446.26,11124
446.38,11124
446.53,11123
446.59,11123
446.75,11122
446.76,11122
446.82,11122
447.03,11121
447.19,11120
447.39,11119
447.56,11118
447.71,11117
447.92,11116
448.11,11115
448.28,11114
448.49,11113
448.67,11112
448.81,11111
448.85,11111
449.01,11110
449.21,11109
449.39,11108
449.58,11107
449.75,11106
449.95,11105
450.12,11104
450.35,11103
450.53,11102
450.59,11102
450.77,11101
451.0,11100
451.14,11099
451.35,11098
451.52,11097
451.72,11096
451.88,11095
452.09,11094
452.24,11093
452.45,11092
452.6,11091
452.8,11090
452.98,11089
453.19,11088
453.34,11087
453.55,11086
453.72,11085
453.91,11084
454.08,11083
454.23,11082
454.44,11081
454.61,11080
454.8,11079
454.97,11078
455.17,11077
455.33,11076
455.54,11075
455.71,11074
455.9,11073
456.05,11072
456.26,11071
456.4,11070
456.47,11070
456.62,11069
456.84,11068
457.01,11067
457.16,11066
457.23,11066
457.24,11066
457.25,11066
457.43,11065
457.45,11065
457.66,11064
457.83,11063
457.87,11063
458.05,11062
458.1,11062
458.26,11061
458.42,11060
458.63,11059
458.79,11058
458.99,11057
459.15,11056
459.35,11055
459.52,11054
459.57,11054
459.65,11054
459.8,11053
459.97,11052
460.17,11051
460.33,11050
460.39,11050
460.4,11050
460.6,11049
460.76,11048
460.97,11047
461.13,11046
461.19,11046
461.35,11045
461.55,11044
461.72,11043
461.92,11042
461.94,11042
462.13,11041
462.29,11040
462.5,11039
462.67,11038
462.82,11037
463.03,11036
463.04,11036
463.25,11035
463.41,11034
463.62,11033
463.63,11033
463.81,11032
463.98,11031
464.19,11030
464.35,11029
464.56,11028
464.71,11027
464.91,11026
465.07,11025
465.27,11024
465.42,11023
465.63,11022
465.8,11021
465.99,11020
466.16,11019
466.35,11018
466.37,11018
466.57,11017
466.73,11016
466.94,11015
467.1,11014
467.3,11013
467.47,11012
467.68,11011
467.84,11010
468.04,11009
468.06,11009
468.27,11008
468.41,11007
468.63,11006
468.78,11005
469.01,11004
469.02,11004
469.1,11004
469.28,11003
469.45,11002
469.65,11001
469.83,11000
470.01,10999
470.02,10999
470.23,10998
470.39,10997
470.59,10996
470.76,10995
470.98,10994
471.22,10993
471.4,10992
471.63,10991
471.81,10990
471.91,10990
472.14,10989
472.33,10988
472.41,10988
472.56,10987
472.76,10986
472.92,10985
473.12,10984
473.28,10983
473.47,10982
473.63,10981
473.84,10980
473.99,10979
474.2,10978
474.37,10977
474.58,10976
474.65,10976
474.82,10975
474.87,10975
475.03,10974
475.23,10973
475.4,10972
475.59,10971
475.77,10970
475.92,10969
476.13,10968
476.35,10967
476.5,10966
476.74,10965
476.89,10964
476.98,10964
477.13,10963
477.35,10962
477.52,10961
477.71,10960
477.88,10959
478.1,10958
478.28,10957
478.49,10956
478.64,10955
478.86,10954
478.87,10954
478.92,10954
478.94,10954
479.16,10953
479.17,10953
479.38,10952
479.54,10951
479.74,10950
479.91,10949
480.07,10948
480.28,10947
480.42,10946
480.64,10945
480.81,10944
481.0,10943
481.1,10943
481.28,10942
481.46,10941
481.66,10940
481.81,10939
481.82,10939
482.03,10938
482.18,10937
482.39,10936
482.56,10935
482.61,10935
482.76,10934
482.97,10933
483.11,10932
483.16,10932
483.34,10931
483.54,10930
483.7,10929
483.91,10928
484.06,10927
484.15,10927
484.31,10926
484.52,10925
484.66,10924
484.87,10923
485.04,10922
485.24,10921
485.41,10920
485.45,10920
485.6,10919
485.81,10918
485.98,10917
486.18,10916
486.2,10916
486.36,10915
486.57,10914
486.73,10913
486.77,10913
486.94,10912
487.14,10911
487.3,10910
487.38,10910
487.59,10909
487.76,10908
487.97,10907
488.12,10906
488.33,10905
488.49,10904
488.72,10903
488.88,10902
489.09,10901
489.11,10901
489.3,10900
489.47,10899
489.68,10898
489.83,10897
490.04,10896
490.26,10895
490.42,10894
490.62,10893
490.79,10892
490.99,10891
491.16,10890
491.17,10890
491.38,10889
491.55,10888
491.6,10888
491.61,10888
491.77,10887
491.97,10886
492.14,10885
492.34,10884
492.5,10883
492.72,10882
492.73,10882
492.94,10881
493.1,10880
493.16,10880
493.18,10880
493.32,10879
493.33,10879
493.54,10878
493.68,10877
493.89,10876
494.05,10875
494.26,10874
494.43,10873
494.63,10872
494.79,10871
495.0,10870
495.15,10869
495.36,10868
495.53,10867
495.75,10866
495.9,10865
495.95,10865
496.12,10864
496.32,10863
496.48,10862
496.69,10861
496.76,10861
496.78,10861
496.98,10860
497.14,10859
497.34,10858
497.51,10857
497.72,10856
497.74,10856
497.93,10855
498.11,10854
498.31,10853
498.46,10852
498.63,10851
498.83,10850
498.99,10849
499.2,10848
499.35,10847
499.54,10846
499.7,10845
499.76,10845
499.97,10844
500.13,10843
500.14,10843
500.35,10842
500.43,10842
500.45,10842
500.65,10841
500.81,10840
501.01,10839
501.17,10838
501.38,10837
501.53,10836
501.74,10835
501.9,10834
502.11,10833
502.27,10832
502.48,10831
502.65,10830
502.84,10829
503.02,10828
503.06,10828
503.23,10827
503.28,10827
503.44,10826
503.65,10825
503.8,10824
504.01,10823
504.18,10822
504.37,10821
504.52,10820
504.73,10819
504.9,10818
505.09,10817
505.26,10816
505.48,10815
505.66,10814
505.87,10813
506.04,10812
506.23,10811
506.41,10810
506.61,10809
506.62,10809
506.84,10808
507.03,10807
507.24,10806
507.4,10805
507.62,10804
507.78,10803
507.99,10802
508.15,10801
508.36,10800
508.51,10799
508.71,10798
508.72,10798
508.93,10797
508.94,10797
509.14,10796
509.31,10795
509.52,10794
509.68,10793
509.88,10792
510.05,10791
510.11,10791
510.25,10790
510.46,10789
510.64,10788
510.69,10788
510.84,10787
510.85,10787
511.07,10786
511.24,10785
511.44,10784
511.6,10783
511.8,10782
511.97,10781
512.17,10780
512.34,10779
512.55,10778
512.71,10777
512.92,10776
513.07,10775
513.08,10775
513.28,10774
513.44,10773
513.65,10772
513.82,10771
514.01,10770
514.18,10769
514.39,10768
514.46,10768
514.48,10768
514.7,10767
514.85,10766
515.06,10765
515.27,10764
515.42,10763
515.5,10763
515.7,10762
515.88,10761
516.08,10760
516.25,10759
516.42,10758
516.6,10757
516.78,10756
516.97,10755
516.99,10755
517.06,10755
517.26,10754
517.28,10754
517.33,10754
517.49,10753
517.69,10752
517.86,10751
518.05,10750
518.22,10749
518.28,10749
518.46,10748
518.66,10747
518.87,10746
519.04,10745
519.24,10744
519.42,10743
519.49,10743
519.7,10742
519.72,10742
519.92,10741
520.07,10740
520.29,10739
520.47,10738
520.69,10737
520.85,10736
520.9,10736
521.07,10735
521.26,10734
521.43,10733
521.63,10732
521.8,10731
522.0,10730
522.17,10729
522.37,10728
522.53,10727
522.6,10727
522.76,10726
522.97,10725
523.12,10724
523.33,10723
523.49,10722
523.69,10721
523.86,10720
523.92,10720
523.93,10720
524.11,10719
524.28,10718
524.49,10717
524.64,10716
524.85,10715
524.93,10715
525.14,10714
525.16,10714
525.37,10713
525.53,10712
525.73,10711
525.75,10711
525.95,10710
526.1,10709
526.27,10708
526.48,10707
526.63,10706
526.84,10705
526.99,10704
527.2,10703
527.37,10702
527.56,10701
527.73,10700
527.93,10699
527.94,10699
528.01,10699
528.16,10698
528.36,10697
528.52,10696
528.72,10695
528.89,10694
529.09,10693
529.27,10692
529.46,10691
529.64,10690
529.83,10689
529.99,10688
530.21,10687
530.37,10686
530.56,10685
530.72,10684
530.93,10683
530.95,10683
531.16,10682
531.32,10681
531.52,10680
531.68,10679
531.88,10678
532.06,10677
532.12,10677
532.28,10676
532.33,10676
532.48,10675
532.53,10675
532.55,10675
532.76,10674
532.92,10673
533.13,10672
533.15,10672
533.16,10672
533.36,10671
533.37,10671
533.58,10670
533.64,10670
533.8,10669
533.96,10668
534.17,10667
534.33,10666
534.52,10665
534.67,10664
534.88,10663
535.03,10662
535.23,10661
535.47,10660
535.62,10659
535.8,10658
535.81,10658
536.01,10657
536.03,10657
536.21,10656
536.38,10655
536.56,10654
536.7,10653
536.88,10652
537.02,10651
537.2,10650
537.35,10649
537.53,10648
537.67,10647
537.85,10646
538.03,10645
538.07,10645
538.08,10645
538.1,10645
538.28,10644
538.43,10643
538.61,10642
538.75,10641
538.8,10641
538.94,10640
539.12,10639
539.27,10638
539.31,10638
539.45,10637
539.64,10636
539.79,10635
539.83,10635
539.98,10634
540.13,10633
540.3,10632
540.48,10631
540.63,10630
540.81,10629
540.96,10628
541.14,10627
541.28,10626
541.47,10625
541.49,10625
541.69,10624
541.83,10623
542.02,10622
542.16,10621
542.21,10621
542.39,10620
542.54,10619
542.68,10618
542.72,10618
542.87,10617
542.88,10617
543.06,10616
543.22,10615
543.26,10615
543.41,10614
543.6,10613
543.74,10612
543.92,10611
544.1,10610
544.25,10609
544.45,10608
544.6,10607
544.78,10606
544.92,10605
545.1,10604
545.25,10603
545.43,10602
545.57,10601
545.58,10601
545.63,10601
545.77,10600
545.95,10599
545.97,10599
546.04,10599
546.21,10598
546.23,10598
546.4,10597
546.55,10596
546.73,10595
546.88,10594
547.06,10593
547.21,10592
547.4,10591
547.55,10590
547.6,10590
547.8,10589
547.97,10588
548.15,10587
548.16,10587
548.31,10586
548.35,10586
548.37,10586
548.55,10585
548.56,10585
548.77,10584
548.84,10584
548.99,10583
549.17,10582
549.18,10582
549.36,10581
549.5,10580
549.68,10579
549.83,10578
550.01,10577
550.16,10576
550.34,10575
550.49,10574
550.67,10573
550.82,10572
550.99,10571
551.15,10570
551.33,10569
551.48,10568
551.54,10568
551.72,10567
551.87,10566
552.05,10565
552.07,10565
552.25,10564
552.39,10563
552.57,10562
552.76,10561
552.9,10560
553.08,10559
553.23,10558
553.41,10557
553.55,10556
553.7,10555
553.74,10555
553.89,10554
554.07,10553
554.14,10553
554.29,10552
554.46,10551
554.61,10550
554.79,10549
554.94,10548
555.09,10547
555.1,10547
555.25,10546
555.45,10545
555.59,10544
555.77,10543
555.91,10542
555.96,10542
556.1,10541
556.28,10540
556.43,10539
556.61,10538
556.75,10537
556.93,10536
557.08,10535
557.26,10534
557.42,10533
557.61,10532
557.75,10531
557.93,10530
558.08,10529
558.26,10528
558.41,10527
558.59,10526
558.74,10525
558.93,10524
559.08,10523
559.25,10522
559.4,10521
559.45,10521
559.6,10520
559.77,10519
559.78,10519
559.92,10518
560.1,10517
560.24,10516
560.42,10515
560.57,10514
560.62,10514
560.76,10513
560.94,10512
561.09,10511
561.26,10510
561.41,10509
561.59,10508
561.74,10507
561.92,10506
562.06,10505
562.21,10504
562.27,10504
562.46,10503
562.53,10503
562.68,10502
562.86,10501
562.93,10501
563.15,10500
563.16,10500
563.31,10499
563.49,10498
563.51,10498
563.68,10497
563.83,10496
564.01,10495
564.02,10495
564.2,10494
564.34,10493
564.53,10492
564.54,10492
564.72,10491
564.79,10491
564.93,10490
565.12,10489
565.26,10488
565.44,10487
565.58,10486
565.76,10485
565.91,10484
566.05,10483
566.23,10482
566.24,10482
566.42,10481
566.57,10480
566.58,10480
566.61,10480
566.62,10480
566.63,10480
566.77,10479
566.81,10479
566.97,10478
567.15,10477
567.3,10476
567.35,10476
567.49,10475
567.69,10474
567.84,10473
567.89,10473
568.03,10472
568.21,10471
568.35,10470
568.36,10470
568.54,10469
568.69,10468
568.87,10467
569.02,10466
569.2,10465
569.38,10464
569.53,10463
569.71,10462
569.74,10462
569.92,10461
570.06,10460
570.11,10460
570.25,10459
570.43,10458
570.59,10457
570.77,10456
570.91,10455
571.09,10454
571.24,10453
571.29,10453
571.3,10453
571.48,10452
571.63,10451
571.82,10450
571.96,10449
572.0,10449
572.01,10449
572.02,10449
572.2,10448
572.23,10448
572.41,10447
572.55,10446
572.74,10445
572.93,10444
573.08,10443
573.26,10442
573.4,10441
573.58,10440
573.6,10440
573.78,10439
573.93,10438
574.11,10437
574.26,10436
574.44,10435
574.59,10434
574.77,10433
574.92,10432
574.96,10432
574.97,10432
575.15,10431
575.16,10431
575.3,10430
575.48,10429
575.49,10429
575.68,10428
575.83,10427
576.01,10426
576.16,10425
576.33,10424
576.48,10423
576.66,10422
576.81,10421
576.87,10421
577.05,10420
577.2,10419
577.38,10418
577.45,10418
577.59,10417
577.77,10416
577.78,10416
577.85,10416
578.01,10415
578.16,10414
578.32,10413
578.44,10412
578.62,10411
578.77,10410
578.92,10409
579.13,10408
579.27,10407
579.43,10406
579.55,10405
579.72,10404
579.85,10403
580.01,10402
580.14,10401
580.3,10400
580.42,10399
580.59,10398
580.71,10397
580.85,10396
580.89,10396
581.01,10395
581.19,10394
581.31,10393
581.46,10392
581.51,10392
581.65,10391
581.8,10390
581.93,10389
582.1,10388
582.22,10387
582.39,10386
582.51,10385
582.67,10384
582.8,10383
582.97,10382
583.09,10381
583.14,10381
583.27,10380
583.42,10379
583.55,10378
583.6,10378
583.65,10378
583.79,10377
583.94,10376
584.07,10375
584.23,10374
584.36,10373
584.49,10372
584.65,10371
584.78,10370
584.94,10369
585.1,10368
585.23,10367
585.38,10366
585.51,10365
585.64,10364
585.78,10363
585.93,10362
586.09,10361
586.14,10361
586.2,10361
586.36,10360
586.41,10360
586.42,10360
586.56,10359
586.71,10358
586.84,10357
587.0,10356
587.12,10355
587.28,10354
587.3,10354
587.46,10353
587.59,10352
587.74,10351
587.87,10350
587.93,10350
588.08,10349
588.22,10348
588.37,10347
588.51,10346
588.67,10345
588.8,10344
588.95,10343
589.08,10342
589.23,10341
589.38,10340
589.54,10339
589.55,10339
589.71,10338
589.84,10337
589.99,10336
590.05,10336
590.19,10335
590.34,10334
590.47,10333
590.63,10332
590.76,10331
590.92,10330
590.94,10330
590.98,10330
591.02,10330
591.16,10329
591.31,10328
591.45,10327
591.6,10326
591.74,10325
591.86,10324
592.01,10323
592.15,10322
592.29,10321
592.43,10320
592.6,10319
592.74,10318
592.9,10317
593.03,10316
593.19,10315
593.32,10314
593.36,10314
593.48,10313
593.64,10312
593.7,10312
593.83,10311
593.98,10310
593.99,10310
594.0,10310
594.15,10309
594.29,10308
594.43,10307
594.58,10306
594.73,10305
594.86,10304
595.02,10303
595.15,10302
595.3,10301
595.43,10300
595.58,10299
595.71,10298
595.87,10297
596.0,10296
596.16,10295
596.28,10294
596.44,10293
596.57,10292
596.74,10291
596.89,10290
597.04,10289
597.16,10288
597.32,10287
597.45,10286
597.6,10285
597.73,10284
597.78,10284
597.91,10283
597.94,10283
598.02,10283
598.14,10282
598.3,10281
598.43,10280
598.58,10279
598.72,10278
598.76,10278
598.78,10278
598.93,10277
598.94,10277
599.06,10276
599.21,10275
599.24,10275
599.39,10274
599.53,10273
599.68,10272
599.81,10271
599.84,10271
599.97,10270
