0.0,14109
0.11,14108
0.22,14107
0.34,14106
0.46,14105
0.59,14104
0.74,14103
0.84,14102
0.98,14101
1.07,14100
1.19,14099
1.28,14098
1.41,14097
1.52,14096
1.68,14095
1.8,14094
1.92,14093
2.01,14092
2.13,14091
2.22,14090
2.33,14089
2.44,14088
2.54,14087
2.65,14086
2.76,14085
2.87,14084
2.99,14083
3.09,14082
3.2,14081
3.3,14080
3.42,14079
3.52,14078
3.63,14077
3.73,14076
3.83,14075
3.94,14074
4.06,14073
4.17,14072
4.28,14071
4.38,14070
4.47,14069
4.58,14068
4.67,14067
4.78,14066
4.89,14065
5.0,14064
5.09,14063
5.23,14062
5.31,14061
5.42,14060
5.52,14059
5.64,14058
5.73,14057
5.86,14056
5.97,14055
6.09,14054
6.2,14053
6.32,14052
6.45,14051
6.58,14050
6.73,14049
6.88,14048
7.04,14047
7.23,14046
7.38,14045
7.53,14044
7.72,14043
7.89,14042
8.05,14041
8.26,14040
8.43,14039
8.61,14038
8.77,14037
8.88,14036
9.01,14035
9.17,14034
9.28,14033
9.42,14032
9.6,14031
9.7,14030
9.84,14029
10.0,14028
10.12,14027
10.26,14026
10.41,14025
10.54,14024
10.64,14023
10.77,14022
10.86,14021
10.99,14020
11.08,14019
11.19,14018
11.27,14017
11.39,14016
11.49,14015
11.58,14014
11.7,14013
11.82,14012
11.93,14011
12.05,14010
12.14,14009
12.26,14008
12.34,14007
12.46,14006
12.57,14005
12.69,14004
12.82,14003
12.95,14002
13.09,14001
13.2,14000
13.33,13999
13.45,13998
13.57,13997
13.71,13996
13.84,13995
13.97,13994
14.08,13993
14.18,13992
14.29,13991
14.41,13990
14.51,13989
14.65,13988
14.74,13987
14.86,13986
14.98,13985
15.1,13984
15.19,13983
15.31,13982
15.41,13981
15.54,13980
15.64,13979
15.75,13978
15.86,13977
15.96,13976
16.06,13975
16.17,13974
16.26,13973
16.37,13972
16.46,13971
16.57,13970
16.67,13969
16.79,13968
16.88,13967
16.99,13966
17.08,13965
17.2,13964
17.31,13963
17.42,13962
17.51,13961
17.62,13960
17.73,13959
17.81,13958
17.93,13957
18.04,13956
18.12,13955
18.24,13954
18.36,13953
18.48,13952
18.56,13951
18.64,13950
18.75,13949
18.85,13948
18.95,13947
19.06,13946
19.16,13945
19.26,13944
19.37,13943
19.47,13942
19.57,13941
19.68,13940
19.76,13939
19.84,13938
19.96,13937
20.07,13936
20.17,13935
20.27,13934
20.41,13933
20.5,13932
20.62,13931
20.7,13930
20.81,13929
20.9,13928
21.05,13927
21.16,13926
21.28,13925
21.38,13924
21.5,13923
21.59,13922
21.7,13921
21.8,13920
21.91,13919
22.01,13918
22.13,13917
22.23,13916
22.36,13915
22.48,13914
22.58,13913
22.7,13912
22.79,13911
22.9,13910
22.98,13909
23.1,13908
23.24,13907
23.35,13906
23.45,13905
23.59,13904
23.71,13903
23.82,13902
23.92,13901
24.03,13900
24.12,13899
24.23,13898
24.31,13897
24.32,13897
24.43,13896
24.53,13895
24.63,13894
24.73,13893
24.83,13892
24.94,13891
25.06,13890
25.18,13889
25.31,13888
25.46,13887
25.59,13886
25.75,13885
25.9,13884
26.02,13883
26.17,13882
26.3,13881
26.41,13880
26.56,13879
26.67,13878
26.79,13877
26.91,13876
27.04,13875
27.16,13874
27.3,13873
27.42,13872
27.55,13871
27.73,13870
27.87,13869
27.99,13868
28.11,13867
28.24,13866
28.38,13865
28.5,13864
28.63,13863
28.74,13862
28.89,13861
29.0,13860
29.13,13859
29.25,13858
29.38,13857
29.49,13856
29.62,13855
29.73,13854
29.86,13853
29.98,13852
30.09,13851
30.22,13850
30.33,13849
30.47,13848
30.58,13847
30.73,13846
30.85,13845
30.99,13844
31.11,13843
31.25,13842
31.38,13841
31.55,13840
31.69,13839
31.8,13838
31.94,13837
32.06,13836
32.2,13835
32.33,13834
32.47,13833
32.59,13832
32.71,13831
32.85,13830
33.0,13829
33.17,13828
33.39,13827
33.57,13826
33.7,13825
33.92,13824
34.12,13823
34.29,13822
34.43,13821
34.55,13820
34.77,13819
34.91,13818
35.03,13817
35.14,13816
35.27,13815
35.47,13814
35.59,13813
35.79,13812
35.98,13811
36.17,13810
36.34,13809
36.49,13808
36.61,13807
36.82,13806
36.93,13805
37.07,13804
37.27,13803
37.47,13802
37.62,13801
37.73,13800
37.9,13799
38.09,13798
38.22,13797
38.39,13796
38.55,13795
38.68,13794
38.83,13793
38.99,13792
39.15,13791
39.32,13790
39.44,13789
39.58,13788
39.7,13787
39.87,13786
39.99,13785
40.13,13784
40.25,13783
40.41,13782
40.54,13781
40.69,13780
40.81,13779
40.96,13778
41.08,13777
41.21,13776
41.33,13775
41.46,13774
41.57,13773
41.7,13772
41.81,13771
41.93,13770
42.06,13769
42.18,13768
42.3,13767
42.41,13766
42.56,13765
42.68,13764
42.83,13763
42.94,13762
43.05,13761
43.18,13760
43.29,13759
43.42,13758
43.54,13757
43.67,13756
43.78,13755
43.91,13754
44.02,13753
44.16,13752
44.27,13751
44.4,13750
44.52,13749
44.65,13748
44.76,13747
44.89,13746
45.0,13745
45.14,13744
45.24,13743
45.37,13742
45.48,13741
45.6,13740
45.72,13739
45.83,13738
45.97,13737
46.08,13736
46.21,13735
46.33,13734
46.5,13733
46.65,13732
46.78,13731
46.9,13730
47.02,13729
47.15,13728
47.29,13727
47.41,13726
47.56,13725
47.67,13724
47.8,13723
47.91,13722
48.04,13721
48.18,13720
48.32,13719
48.46,13718
48.62,13717
48.74,13716
48.87,13715
48.98,13714
49.11,13713
49.22,13712
49.35,13711
49.47,13710
49.6,13709
49.71,13708
49.84,13707
49.96,13706
50.07,13705
50.2,13704
50.31,13703
50.44,13702
50.55,13701
50.68,13700
50.82,13699
50.95,13698
51.07,13697
51.2,13696
51.34,13695
51.5,13694
51.63,13693
51.82,13692
51.98,13691
52.13,13690
52.26,13689
52.42,13688
52.56,13687
52.71,13686
52.85,13685
53.0,13684
53.13,13683
53.29,13682
53.43,13681
53.59,13680
53.73,13679
53.89,13678
54.05,13677
54.23,13676
54.39,13675
54.59,13674
54.75,13673
54.91,13672
55.12,13671
55.25,13670
55.41,13669
55.56,13668
55.71,13667
55.84,13666
56.0,13665
56.22,13664
56.36,13663
56.52,13662
56.65,13661
56.82,13660
56.96,13659
57.18,13658
57.33,13657
57.5,13656
57.64,13655
57.82,13654
58.12,13653
58.27,13652
58.46,13651
58.63,13650
58.78,13649
58.91,13648
59.06,13647
59.21,13646
59.36,13645
59.5,13644
59.65,13643
59.78,13642
59.94,13641
60.06,13640
60.23,13639
60.36,13638
60.5,13637
60.66,13636
60.79,13635
60.95,13634
61.1,13633
61.25,13632
61.37,13631
61.55,13630
61.71,13629
61.89,13628
62.03,13627
62.2,13626
62.33,13625
62.5,13624
62.63,13623
62.78,13622
62.96,13621
63.09,13620
63.27,13619
63.42,13618
63.57,13617
63.71,13616
63.95,13615
64.15,13614
64.38,13613
64.59,13612
64.82,13611
64.98,13610
65.18,13609
65.36,13608
65.53,13607
65.71,13606
65.87,13605
66.02,13604
66.15,13603
66.31,13602
66.45,13601
66.62,13600
66.75,13599
66.92,13598
67.05,13597
67.21,13596
67.34,13595
67.53,13594
67.67,13593
67.85,13592
68.0,13591
68.16,13590
68.38,13589
68.4,13589
68.6,13588
68.83,13587
68.99,13586
69.14,13585
69.28,13584
69.45,13583
69.59,13582
69.73,13581
69.87,13580
70.04,13579
70.17,13578
70.34,13577
70.48,13576
70.62,13575
70.75,13574
70.91,13573
71.04,13572
71.2,13571
71.34,13570
71.5,13569
71.63,13568
71.78,13567
71.92,13566
72.06,13565
72.2,13564
72.34,13563
72.51,13562
72.64,13561
72.81,13560
72.93,13559
73.1,13558
73.23,13557
73.4,13556
73.55,13555
73.7,13554
73.83,13553
73.98,13552
74.11,13551
74.26,13550
74.4,13549
74.56,13548
74.69,13547
74.84,13546
74.98,13545
75.13,13544
75.27,13543
75.45,13542
75.59,13541
75.74,13540
75.87,13539
76.03,13538
76.15,13537
76.32,13536
76.44,13535
76.61,13534
76.74,13533
76.9,13532
77.04,13531
77.07,13531
77.21,13530
77.37,13529
77.51,13528
77.66,13527
77.81,13526
77.97,13525
78.17,13524
78.33,13523
78.49,13522
78.62,13521
78.77,13520
78.92,13519
79.07,13518
79.21,13517
79.4,13516
79.59,13515
79.75,13514
79.93,13513
80.06,13512
80.22,13511
80.38,13510
80.54,13509
80.68,13508
80.83,13507
80.96,13506
81.13,13505
81.25,13504
81.41,13503
81.55,13502
81.7,13501
81.84,13500
81.99,13499
82.12,13498
82.25,13497
82.45,13496
82.57,13495
82.74,13494
82.87,13493
83.02,13492
83.16,13491
83.33,13490
83.46,13489
83.6,13488
83.73,13487
83.88,13486
84.03,13485
84.2,13484
84.42,13483
84.57,13482
84.78,13481
84.94,13480
85.09,13479
85.26,13478
85.43,13477
85.55,13476
85.71,13475
85.86,13474
86.03,13473
86.16,13472
86.34,13471
86.55,13470
86.74,13469
86.93,13468
87.11,13467
87.28,13466
87.5,13465
87.67,13464
87.87,13463
88.03,13462
88.26,13461
88.47,13460
88.63,13459
88.87,13458
89.11,13457
89.26,13456
89.52,13455
89.68,13454
89.89,13453
90.04,13452
90.22,13451
90.23,13451
90.42,13450
90.57,13449
90.73,13448
90.87,13447
91.09,13446
91.32,13445
91.5,13444
91.68,13443
91.83,13442
92.05,13441
92.23,13440
92.38,13439
92.58,13438
92.8,13437
92.97,13436
93.13,13435
93.31,13434
93.47,13433
93.65,13432
93.78,13431
93.92,13430
94.06,13429
94.21,13428
94.36,13427
94.53,13426
94.69,13425
94.83,13424
94.99,13423
95.12,13422
95.28,13421
95.43,13420
95.58,13419
95.71,13418
95.88,13417
96.01,13416
96.15,13415
96.29,13414
96.46,13413
96.59,13412
96.75,13411
96.87,13410
97.04,13409
97.19,13408
97.35,13407
97.5,13406
97.65,13405
97.77,13404
97.94,13403
98.06,13402
98.22,13401
98.39,13400
98.56,13399
98.71,13398
98.89,13397
99.04,13396
99.22,13395
99.41,13394
99.55,13393
99.71,13392
99.85,13391
100.04,13390
100.19,13389
100.38,13388
100.54,13387
100.72,13386
100.86,13385
101.01,13384
101.15,13383
101.3,13382
101.44,13381
101.59,13380
101.72,13379
101.87,13378
102.01,13377
102.13,13376
102.3,13375
102.43,13374
102.58,13373
102.71,13372
102.87,13371
102.99,13370
103.16,13369
103.28,13368
103.45,13367
103.59,13366
103.71,13365
103.86,13364
104.0,13363
104.16,13362
104.34,13361
104.47,13360
104.63,13359
104.76,13358
104.92,13357
105.03,13356
105.19,13355
105.35,13354
105.51,13353
105.66,13352
105.82,13351
105.94,13350
106.1,13349
106.24,13348
106.42,13347
106.54,13346
106.7,13345
106.83,13344
106.99,13343
107.11,13342
107.27,13341
107.42,13340
107.58,13339
107.7,13338
107.86,13337
107.98,13336
108.14,13335
108.27,13334
108.43,13333
108.55,13332
108.69,13331
108.84,13330
108.96,13329
109.13,13328
109.28,13327
109.45,13326
109.65,13325
109.82,13324
109.99,13323
110.12,13322
110.29,13321
110.41,13320
110.6,13319
110.74,13318
110.93,13317
111.06,13316
111.24,13315
111.38,13314
111.56,13313
111.7,13312
111.87,13311
111.99,13310
112.14,13309
112.27,13308
112.43,13307
112.56,13306
112.72,13305
112.84,13304
113.01,13303
113.16,13302
113.36,13301
113.52,13300
113.74,13299
113.93,13298
114.09,13297
114.31,13296
114.46,13295
114.67,13294
114.83,13293
114.97,13292
115.15,13291
115.3,13290
115.46,13289
115.66,13288
115.8,13287
115.99,13286
116.13,13285
116.32,13284
116.47,13283
116.65,13282
116.79,13281
116.97,13280
117.12,13279
117.31,13278
117.46,13277
117.64,13276
117.81,13275
118.01,13274
118.16,13273
118.35,13272
118.5,13271
118.68,13270
118.82,13269
119.01,13268
119.16,13267
119.37,13266
119.52,13265
119.7,13264
119.84,13263
120.02,13262
120.18,13261
120.38,13260
120.54,13259
120.8,13258
121.01,13257
121.2,13256
121.43,13255
121.8,13254
122.01,13253
122.24,13252
122.51,13251
122.75,13250
123.02,13249
123.32,13248
123.51,13247
123.71,13246
123.9,13245
124.12,13244
124.36,13243
124.55,13242
124.74,13241
124.92,13240
125.11,13239
125.32,13238
125.51,13237
125.66,13236
125.88,13235
126.04,13234
126.28,13233
126.44,13232
126.64,13231
126.83,13230
127.0,13229
127.2,13228
127.35,13227
127.65,13226
127.82,13225
128.02,13224
128.18,13223
128.39,13222
128.56,13221
128.75,13220
128.9,13219
129.08,13218
129.24,13217
129.43,13216
129.57,13215
129.75,13214
129.9,13213
130.09,13212
130.23,13211
130.43,13210
130.58,13209
130.76,13208
130.91,13207
131.09,13206
131.23,13205
131.42,13204
131.57,13203
131.71,13202
131.89,13201
132.03,13200
132.21,13199
132.36,13198
132.54,13197
132.68,13196
132.86,13195
133.01,13194
133.19,13193
133.33,13192
133.51,13191
133.66,13190
133.84,13189
133.99,13188
134.13,13187
134.3,13186
134.46,13185
134.64,13184
134.79,13183
134.97,13182
135.12,13181
135.31,13180
135.52,13179
135.66,13178
135.84,13177
135.99,13176
136.17,13175
136.32,13174
136.51,13173
136.66,13172
136.85,13171
137.0,13170
137.2,13169
137.37,13168
137.59,13167
137.74,13166
137.93,13165
138.09,13164
138.28,13163
138.43,13162
138.61,13161
138.76,13160
138.83,13160
139.04,13159
139.2,13158
139.41,13157
139.62,13156
139.77,13155
139.95,13154
140.1,13153
140.28,13152
140.43,13151
140.58,13150
140.76,13149
140.9,13148
141.08,13147
141.22,13146
141.42,13145
141.56,13144
141.74,13143
141.89,13142
142.07,13141
142.23,13140
142.42,13139
142.57,13138
142.76,13137
142.91,13136
143.09,13135
143.24,13134
143.43,13133
143.59,13132
143.76,13131
143.91,13130
144.12,13129
144.28,13128
144.48,13127
144.63,13126
144.82,13125
144.96,13124
145.14,13123
145.29,13122
145.48,13121
145.63,13120
145.8,13119
145.95,13118
146.12,13117
146.27,13116
146.42,13115
146.6,13114
146.79,13113
146.94,13112
147.11,13111
147.26,13110
147.47,13109
147.62,13108
147.8,13107
147.95,13106
148.09,13105
148.27,13104
148.42,13103
148.6,13102
148.74,13101
148.92,13100
149.07,13099
149.24,13098
149.41,13097
149.6,13096
149.79,13095
150.01,13094
150.26,13093
150.47,13092
150.69,13091
150.85,13090
151.07,13089
151.31,13088
151.5,13087
151.72,13086
151.88,13085
152.11,13084
152.34,13083
152.61,13082
152.79,13081
153.03,13080
153.22,13079
153.44,13078
153.62,13077
153.86,13076
154.1,13075
154.3,13074
154.56,13073
154.74,13072
154.94,13071
155.11,13070
155.33,13069
155.51,13068
155.71,13067
155.89,13066
156.1,13065
156.28,13064
156.48,13063
156.66,13062
156.87,13061
157.03,13060
157.26,13059
157.45,13058
157.65,13057
157.81,13056
158.01,13055
158.16,13054
158.38,13053
158.54,13052
158.75,13051
158.92,13050
159.12,13049
159.29,13048
159.47,13047
159.69,13046
159.86,13045
160.06,13044
160.23,13043
160.44,13042
160.62,13041
160.83,13040
161.01,13039
161.22,13038
161.4,13037
161.61,13036
161.78,13035
161.98,13034
162.15,13033
162.35,13032
162.52,13031
162.72,13030
162.89,13029
163.04,13028
163.24,13027
163.42,13026
163.63,13025
163.79,13024
164.0,13023
164.15,13022
164.37,13021
164.55,13020
164.74,13019
164.9,13018
165.12,13017
165.29,13016
165.3,13016
165.52,13015
165.68,13014
165.88,13013
166.05,13012
166.26,13011
166.45,13010
166.67,13009
166.83,13008
167.04,13007
167.2,13006
167.43,13005
167.61,13004
167.85,13003
168.01,13002
168.21,13001
168.38,13000
168.59,12999
168.76,12998
168.95,12997
169.13,12996
169.33,12995
169.51,12994
169.72,12993
169.9,12992
170.09,12991
170.26,12990
170.48,12989
170.64,12988
170.89,12987
171.13,12986
171.38,12985
171.6,12984
171.83,12983
172.02,12982
172.19,12981
172.37,12980
172.55,12979
172.69,12978
172.9,12977
173.07,12976
173.26,12975
173.41,12974
173.62,12973
173.77,12972
173.98,12971
174.13,12970
174.31,12969
174.51,12968
174.66,12967
174.87,12966
175.02,12965
175.23,12964
175.38,12963
175.59,12962
175.74,12961
175.91,12960
176.11,12959
176.27,12958
176.47,12957
176.62,12956
176.69,12956
176.84,12955
177.06,12954
177.23,12953
177.42,12952
177.59,12951
177.75,12950
177.95,12949
178.12,12948
178.32,12947
178.48,12946
178.68,12945
178.84,12944
179.04,12943
179.21,12942
179.4,12941
179.57,12940
179.77,12939
179.93,12938
180.14,12937
180.29,12936
180.5,12935
180.66,12934
180.82,12933
181.03,12932
181.18,12931
181.39,12930
181.56,12929
181.76,12928
181.92,12927
182.13,12926
182.28,12925
182.45,12924
182.64,12923
182.81,12922
183.02,12921
183.17,12920
183.38,12919
183.53,12918
183.73,12917
183.92,12916
184.1,12915
184.27,12914
184.42,12913
184.64,12912
184.81,12911
185.02,12910
185.16,12909
185.37,12908
185.55,12907
185.74,12906
185.9,12905
186.1,12904
186.26,12903
186.42,12902
186.62,12901
186.78,12900
186.99,12899
187.17,12898
187.38,12897
187.52,12896
187.73,12895
187.88,12894
188.09,12893
188.24,12892
188.45,12891
188.62,12890
188.77,12889
188.98,12888
189.13,12887
189.33,12886
189.49,12885
189.7,12884
189.87,12883
190.06,12882
190.23,12881
190.44,12880
190.6,12879
190.8,12878
190.96,12877
191.17,12876
191.33,12875
191.55,12874
191.71,12873
191.91,12872
192.08,12871
192.28,12870
192.44,12869
192.64,12868
192.8,12867
192.97,12866
193.18,12865
193.19,12865
193.37,12864
193.54,12863
193.75,12862
193.9,12861
194.11,12860
194.26,12859
194.47,12858
194.64,12857
194.82,12856
194.99,12855
195.19,12854
195.35,12853
195.56,12852
195.72,12851
195.88,12850
196.09,12849
196.24,12848
196.45,12847
196.6,12846
196.82,12845
196.98,12844
197.19,12843
197.34,12842
197.55,12841
197.72,12840
197.9,12839
198.06,12838
198.26,12837
198.43,12836
198.62,12835
198.79,12834
199.0,12833
199.15,12832
199.21,12832
199.37,12831
199.52,12830
199.73,12829
199.89,12828
200.09,12827
200.26,12826
200.45,12825
200.62,12824
200.83,12823
200.98,12822
201.19,12821
201.36,12820
201.55,12819
201.73,12818
201.92,12817
202.09,12816
202.25,12815
202.45,12814
202.61,12813
202.82,12812
202.98,12811
203.18,12810
203.33,12809
203.54,12808
203.7,12807
203.9,12806
204.07,12805
204.21,12804
204.42,12803
204.57,12802
204.78,12801
204.92,12800
205.13,12799
205.3,12798
205.49,12797
205.66,12796
205.84,12795
206.05,12794
206.2,12793
206.41,12792
206.56,12791
206.77,12790
206.94,12789
206.99,12789
207.16,12788
207.35,12787
207.52,12786
207.67,12785
207.85,12784
208.02,12783
208.23,12782
208.38,12781
208.59,12780
208.76,12779
208.97,12778
209.12,12777
209.17,12777
209.34,12776
209.55,12775
209.71,12774
209.91,12773
210.06,12772
210.27,12771
210.44,12770
210.6,12769
210.8,12768
210.95,12767
211.16,12766
211.31,12765
211.52,12764
211.59,12764
211.81,12763
211.97,12762
212.17,12761
212.34,12760
212.53,12759
212.7,12758
212.86,12757
213.04,12756
213.21,12755
213.42,12754
213.57,12753
213.78,12752
213.95,12751
214.14,12750
214.31,12749
214.51,12748
214.68,12747
214.88,12746
215.05,12745
215.24,12744
215.41,12743
215.56,12742
215.77,12741
215.93,12740
216.13,12739
216.3,12738
216.5,12737
216.66,12736
216.87,12735
217.03,12734
217.23,12733
217.4,12732
217.59,12731
217.76,12730
217.81,12730
217.96,12729
218.18,12728
218.34,12727
218.5,12726
218.71,12725
218.86,12724
219.07,12723
219.22,12722
219.4,12721
219.57,12720
219.8,12719
219.96,12718
220.18,12717
220.36,12716
220.42,12716
220.66,12715
220.82,12714
221.04,12713
221.22,12712
221.38,12711
221.59,12710
221.75,12709
221.8,12709
221.95,12708
222.12,12707
222.34,12706
222.5,12705
222.7,12704
222.87,12703
223.07,12702
223.24,12701
223.45,12700
223.61,12699
223.82,12698
224.0,12697
224.21,12696
224.37,12695
224.58,12694
224.75,12693
224.96,12692
225.12,12691
225.29,12690
225.5,12689
225.65,12688
225.87,12687
226.01,12686
226.19,12685
226.37,12684
226.58,12683
226.75,12682
226.94,12681
227.11,12680
227.32,12679
227.47,12678
227.68,12677
227.83,12676
228.04,12675
228.2,12674
228.39,12673
228.57,12672
228.77,12671
228.93,12670
229.09,12669
229.29,12668
229.46,12667
229.65,12666
229.83,12665
230.01,12664
230.19,12663
230.38,12662
230.56,12661
230.77,12660
230.95,12659
231.01,12659
231.18,12658
231.36,12657
231.53,12656
231.68,12655
231.89,12654
232.03,12653
232.24,12652
232.41,12651
232.6,12650
232.77,12649
232.96,12648
233.13,12647
233.32,12646
233.49,12645
233.7,12644
233.85,12643
234.06,12642
234.21,12641
234.44,12640
234.59,12639
234.8,12638
234.97,12637
235.16,12636
235.33,12635
235.49,12634
235.7,12633
235.86,12632
236.05,12631
236.23,12630
236.4,12629
236.41,12629
236.59,12628
236.77,12627
236.94,12626
237.15,12625
237.3,12624
237.52,12623
237.67,12622
237.88,12621
238.04,12620
238.24,12619
238.42,12618
238.6,12617
238.77,12616
238.97,12615
239.14,12614
239.35,12613
239.5,12612
239.73,12611
239.88,12610
240.09,12609
240.25,12608
240.45,12607
240.62,12606
240.81,12605
240.99,12604
241.2,12603
241.38,12602
241.64,12601
241.81,12600
242.04,12599
242.22,12598
242.45,12597
242.64,12596
242.86,12595
243.03,12594
243.22,12593
243.39,12592
243.59,12591
243.75,12590
243.83,12590
244.04,12589
244.21,12588
244.42,12587
244.59,12586
244.79,12585
244.96,12584
245.15,12583
245.32,12582
245.54,12581
245.71,12580
245.9,12579
246.07,12578
246.26,12577
246.43,12576
246.64,12575
246.8,12574
247.0,12573
247.16,12572
247.37,12571
247.54,12570
247.72,12569
247.9,12568
248.1,12567
248.26,12566
248.47,12565
248.65,12564
248.85,12563
249.01,12562
249.19,12561
249.39,12560
249.55,12559
249.76,12558
249.91,12557
250.13,12556
250.29,12555
250.49,12554
250.66,12553
250.7,12553
250.88,12552
251.06,12551
251.24,12550
251.41,12549
251.6,12548
251.8,12547
251.96,12546
252.1,12545
252.31,12544
252.46,12543
252.67,12542
252.82,12541
253.03,12540
253.21,12539
253.42,12538
253.57,12537
253.78,12536
253.94,12535
254.14,12534
254.3,12533
254.46,12532
254.66,12531
254.67,12531
254.88,12530
255.04,12529
255.24,12528
255.43,12527
255.62,12526
255.79,12525
256.0,12524
256.15,12523
256.36,12522
256.52,12521
256.69,12520
256.89,12519
257.04,12518
257.25,12517
257.41,12516
257.61,12515
257.76,12514
257.97,12513
258.13,12512
258.28,12511
258.49,12510
258.65,12509
258.72,12509
258.91,12508
259.08,12507
259.23,12506
259.44,12505
259.61,12504
259.81,12503
259.96,12502
260.16,12501
260.32,12500
260.53,12499
260.7,12498
260.9,12497
261.07,12496
261.24,12495
261.45,12494
261.62,12493
261.82,12492
261.83,12492
262.03,12491
262.2,12490
262.35,12489
262.56,12488
262.72,12487
262.92,12486
263.09,12485
263.29,12484
263.45,12483
263.65,12482
263.8,12481
264.01,12480
264.17,12479
264.37,12478
264.54,12477
264.69,12476
264.9,12475
265.1,12474
265.26,12473
265.42,12472
265.62,12471
265.8,12470
266.01,12469
266.17,12468
266.37,12467
266.53,12466
266.74,12465
266.89,12464
267.1,12463
267.25,12462
267.48,12461
267.5,12461
267.69,12460
267.86,12459
268.06,12458
268.22,12457
268.39,12456
268.61,12455
268.76,12454
268.96,12453
268.98,12453
269.18,12452
269.34,12451
269.55,12450
269.7,12449
269.71,12449
269.92,12448
270.13,12447
270.28,12446
270.42,12445
270.64,12444
270.79,12443
271.0,12442
271.17,12441
271.36,12440
271.53,12439
271.72,12438
271.9,12437
271.95,12437
272.11,12436
272.31,12435
272.48,12434
272.66,12433
272.84,12432
273.02,12431
273.2,12430
273.39,12429
273.55,12428
273.75,12427
273.91,12426
274.13,12425
274.28,12424
274.48,12423
274.65,12422
274.84,12421
275.02,12420
275.21,12419
275.37,12418
275.38,12418
275.59,12417
275.75,12416
275.96,12415
276.11,12414
276.32,12413
276.49,12412
276.68,12411
276.83,12410
277.04,12409
277.2,12408
277.4,12407
277.57,12406
277.79,12405
277.86,12405
278.04,12404
278.25,12403
278.44,12402
278.64,12401
278.82,12400
279.03,12399
279.18,12398
279.38,12397
279.53,12396
279.7,12395
279.89,12394
280.07,12393
280.12,12393
280.13,12393
280.34,12392
280.5,12391
280.71,12390
280.88,12389
280.94,12389
281.11,12388
281.29,12387
281.47,12386
281.64,12385
281.7,12385
281.86,12384
282.08,12383
282.24,12382
282.44,12381
282.59,12380
282.8,12379
282.96,12378
283.19,12377
283.36,12376
283.59,12375
283.77,12374
283.98,12373
284.14,12372
284.34,12371
284.51,12370
284.69,12369
284.7,12369
284.87,12368
285.06,12367
285.23,12366
285.44,12365
285.63,12364
285.81,12363
285.95,12362
286.16,12361
286.34,12360
286.55,12359
286.72,12358
286.91,12357
287.09,12356
287.3,12355
287.44,12354
287.65,12353
287.66,12353
287.85,12352
288.02,12351
288.21,12350
288.38,12349
288.53,12348
288.74,12347
288.9,12346
289.11,12345
289.27,12344
289.48,12343
289.63,12342
289.84,12341
290.0,12340
290.2,12339
290.37,12338
290.58,12337
290.74,12336
290.98,12335
291.13,12334
291.14,12334
291.35,12333
291.52,12332
291.57,12332
291.73,12331
291.93,12330
292.09,12329
292.1,12329
292.3,12328
292.46,12327
292.66,12326
292.83,12325
293.04,12324
293.2,12323
293.41,12322
293.57,12321
293.74,12320
293.92,12319
294.09,12318
294.29,12317
294.46,12316
294.67,12315
294.82,12314
295.03,12313
295.18,12312
295.4,12311
295.56,12310
295.57,12310
295.76,12309
295.92,12308
296.13,12307
296.29,12306
296.49,12305
296.5,12305
296.66,12304
296.86,12303
297.02,12302
297.23,12301
297.39,12300
297.6,12299
297.75,12298
297.96,12297
298.11,12296
298.33,12295
298.5,12294
298.65,12293
298.85,12292
299.01,12291
299.22,12290
299.39,12289
299.6,12288
299.76,12287
299.97,12286
300.13,12285
300.33,12284
300.5,12283
300.71,12282
300.86,12281
301.07,12280
301.23,12279
301.29,12279
301.45,12278
301.66,12277
301.82,12276
302.02,12275
302.19,12274
302.33,12273
302.54,12272
302.7,12271
302.9,12270
303.06,12269
303.27,12268
303.43,12267
303.64,12266
303.81,12265
304.01,12264
304.17,12263
304.38,12262
304.54,12261
304.75,12260
304.9,12259
305.07,12258
305.27,12257
305.43,12256
305.47,12256
305.64,12255
305.84,12254
306.01,12253
306.22,12252
306.37,12251
306.58,12250
306.74,12249
306.94,12248
307.11,12247
307.3,12246
307.47,12245
307.64,12244
307.83,12243
308.01,12242
308.21,12241
308.38,12240
308.58,12239
308.75,12238
308.94,12237
309.1,12236
309.3,12235
309.47,12234
309.67,12233
309.83,12232
310.04,12231
310.2,12230
310.41,12229
310.56,12228
310.76,12227
310.94,12226
311.13,12225
311.31,12224
311.52,12223
311.67,12222
311.88,12221
312.04,12220
312.23,12219
312.4,12218
312.56,12217
312.76,12216
312.92,12215
313.13,12214
313.3,12213
313.52,12212
313.68,12211
313.87,12210
314.04,12209
314.23,12208
314.41,12207
314.61,12206
314.77,12205
314.97,12204
315.13,12203
315.29,12202
315.5,12201
315.67,12200
315.86,12199
316.04,12198
316.25,12197
316.4,12196
316.61,12195
316.77,12194
316.97,12193
317.14,12192
317.35,12191
317.51,12190
317.71,12189
317.87,12188
318.08,12187
318.25,12186
318.46,12185
318.7,12184
318.95,12183
319.12,12182
319.36,12181
319.51,12180
319.72,12179
319.88,12178
320.08,12177
320.25,12176
320.4,12175
320.61,12174
320.78,12173
320.96,12172
321.14,12171
321.34,12170
321.49,12169
321.71,12168
321.85,12167
321.9,12167
322.08,12166
322.29,12165
322.43,12164
322.64,12163
322.8,12162
323.0,12161
323.17,12160
323.38,12159
323.54,12158
323.7,12157
323.9,12156
324.07,12155
324.26,12154
324.43,12153
324.62,12152
324.79,12151
325.0,12150
325.15,12149
325.36,12148
325.37,12148
325.53,12147
325.73,12146
325.9,12145
326.1,12144
326.26,12143
326.47,12142
326.61,12141
326.82,12140
326.97,12139
327.17,12138
327.35,12137
327.53,12136
327.71,12135
327.91,12134
328.07,12133
328.21,12132
328.42,12131
328.58,12130
328.79,12129
328.97,12128
329.17,12127
329.35,12126
329.56,12125
329.73,12124
329.93,12123
330.1,12122
330.29,12121
330.47,12120
330.68,12119
330.86,12118
331.06,12117
331.24,12116
331.44,12115
331.61,12114
331.82,12113
331.83,12113
332.0,12112
332.2,12111
332.39,12110
332.45,12110
332.6,12109
332.8,12108
332.96,12107
333.17,12106
333.34,12105
333.57,12104
333.77,12103
333.97,12102
334.15,12101
334.34,12100
334.52,12099
334.72,12098
334.9,12097
335.1,12096
335.26,12095
335.48,12094
335.66,12093
335.85,12092
336.03,12091
336.27,12090
336.45,12089
336.46,12089
336.68,12088
336.85,12087
337.04,12086
337.2,12085
337.42,12084
337.57,12083
337.79,12082
337.95,12081
338.16,12080
338.34,12079
338.56,12078
338.72,12077
338.94,12076
339.08,12075
339.29,12074
339.47,12073
339.65,12072
339.8,12071
340.02,12070
340.19,12069
340.34,12068
340.55,12067
340.72,12066
340.91,12065
341.08,12064
341.12,12064
341.13,12064
341.3,12063
341.51,12062
341.69,12061
341.89,12060
342.07,12059
342.27,12058
342.44,12057
342.65,12056
342.79,12055
343.0,12054
343.15,12053
343.32,12052
343.52,12051
343.69,12050
343.9,12049
343.97,12049
344.19,12048
344.34,12047
344.55,12046
344.72,12045
344.91,12044
345.08,12043
345.28,12042
345.47,12041
345.66,12040
345.83,12039
346.0,12038
346.21,12037
346.36,12036
346.57,12035
346.73,12034
346.94,12033
346.95,12033
347.15,12032
347.32,12031
347.52,12030
347.69,12029
347.89,12028
347.9,12028
348.1,12027
348.27,12026
348.42,12025
348.63,12024
348.78,12023
349.0,12022
349.16,12021
349.35,12020
349.53,12019
349.72,12018
349.89,12017
350.09,12016
350.24,12015
350.28,12015
350.3,12015
350.45,12014
350.65,12013
350.8,12012
351.04,12011
351.2,12010
351.4,12009
351.58,12008
351.77,12007
351.94,12006
352.14,12005
352.3,12004
352.51,12003
352.68,12002
352.87,12001
353.04,12000
353.21,11999
353.4,11998
353.57,11997
353.63,11997
353.8,11996
353.98,11995
353.99,11995
354.16,11994
354.2,11994
354.37,11993
354.56,11992
354.73,11991
354.88,11990
355.08,11989
355.24,11988
355.46,11987
355.62,11986
355.86,11985
356.03,11984
356.22,11983
356.39,11982
356.61,11981
356.78,11980
356.97,11979
357.14,11978
357.34,11977
357.52,11976
357.71,11975
357.87,11974
358.08,11973
358.24,11972
358.44,11971
358.6,11970
358.61,11970
358.82,11969
358.98,11968
359.18,11967
359.34,11966
359.54,11965
359.71,11964
359.77,11964
359.93,11963
360.13,11962
360.28,11961
360.48,11960
360.66,11959
360.84,11958
361.01,11957
361.2,11956
361.37,11955
361.42,11955
361.59,11954
361.78,11953
361.95,11952
362.16,11951
362.31,11950
362.32,11950
362.53,11949
362.68,11948
362.89,11947
363.06,11946
363.25,11945
363.41,11944
363.6,11943
363.77,11942
363.98,11941
364.14,11940
364.34,11939
364.5,11938
364.52,11938
364.57,11938
364.73,11937
364.94,11936
365.11,11935
365.31,11934
365.47,11933
365.64,11932
365.83,11931
366.0,11930
366.19,11929
366.35,11928
366.54,11927
366.56,11927
366.77,11926
366.93,11925
367.13,11924
367.3,11923
367.49,11922
367.66,11921
367.86,11920
368.02,11919
368.23,11918
368.39,11917
368.6,11916
368.77,11915
368.96,11914
369.14,11913
369.33,11912
369.5,11911
369.69,11910
369.86,11909
370.07,11908
370.22,11907
370.43,11906
370.59,11905
370.79,11904
370.96,11903
371.17,11902
371.33,11901
371.54,11900
371.72,11899
371.92,11898
372.08,11897
372.29,11896
372.44,11895
372.61,11894
372.8,11893
372.97,11892
373.18,11891
373.2,11891
373.4,11890
373.56,11889
373.77,11888
373.93,11887
373.94,11887
374.13,11886
374.31,11885
374.52,11884
374.67,11883
374.85,11882
375.02,11881
375.21,11880
375.38,11879
375.59,11878
375.6,11878
375.79,11877
375.97,11876
376.17,11875
376.33,11874
376.54,11873
376.71,11872
376.94,11871
377.1,11870
377.31,11869
377.48,11868
377.7,11867
378.02,11866
378.03,11866
378.24,11865
378.46,11864
378.69,11863
378.84,11862
379.05,11861
379.22,11860
379.43,11859
379.44,11859
379.6,11858
379.81,11857
379.96,11856
380.17,11855
380.33,11854
380.53,11853
380.7,11852
380.9,11851
381.06,11850
381.2,11849
381.41,11848
381.57,11847
381.78,11846
381.94,11845
382.15,11844
382.3,11843
382.51,11842
382.66,11841
382.87,11840
383.04,11839
383.05,11839
383.26,11838
383.28,11838
383.52,11837
383.53,11837
383.69,11836
383.92,11835
383.99,11835
384.16,11834
384.35,11833
384.52,11832
384.72,11831
384.73,11831
384.89,11830
385.1,11829
385.25,11828
385.46,11827
385.61,11826
385.82,11825
385.99,11824
386.2,11823
386.35,11822
386.56,11821
386.71,11820
386.92,11819
387.08,11818
387.1,11818
387.3,11817
387.46,11816
387.67,11815
387.82,11814
388.02,11813
388.18,11812
388.4,11811
388.57,11810
388.75,11809
388.93,11808
389.13,11807
389.28,11806
389.5,11805
389.66,11804
389.88,11803
390.03,11802
390.24,11801
390.41,11800
390.6,11799
390.77,11798
390.98,11797
391.14,11796
391.34,11795
391.51,11794
391.71,11793
391.88,11792
392.08,11791
392.24,11790
392.3,11790
392.47,11789
392.67,11788
392.84,11787
393.04,11786
393.2,11785
393.41,11784
393.57,11783
393.77,11782
393.93,11781
394.13,11780
394.3,11779
394.51,11778
394.67,11777
394.87,11776
395.03,11775
395.1,11775
395.11,11775
395.31,11774
395.47,11773
395.54,11773
395.7,11772
395.91,11771
395.92,11771
396.12,11770
396.27,11769
396.49,11768
396.64,11767
396.85,11766
397.02,11765
397.21,11764
397.38,11763
397.59,11762
397.74,11761
397.95,11760
398.11,11759
398.31,11758
398.46,11757
398.67,11756
398.84,11755
399.03,11754
399.17,11753
399.38,11752
399.54,11751
399.74,11750
399.9,11749
400.12,11748
400.28,11747
400.48,11746
400.64,11745
400.65,11745
400.86,11744
401.07,11743
401.22,11742
401.39,11741
401.6,11740
401.75,11739
401.89,11739
402.07,11738
402.28,11737
402.43,11736
402.6,11735
402.79,11734
402.97,11733
403.18,11732
403.33,11731
403.53,11730
403.7,11729
403.92,11728
404.09,11727
404.33,11726
404.34,11726
404.58,11725
404.81,11724
404.99,11723
405.24,11722
405.4,11721
405.61,11720
405.78,11719
405.97,11718
406.14,11717
406.35,11716
406.43,11716
406.44,11716
406.61,11715
406.81,11714
406.97,11713
407.17,11712
407.33,11711
407.53,11710
407.7,11709
407.9,11708
408.07,11707
408.27,11706
408.43,11705
408.64,11704
408.8,11703
409.0,11702
409.01,11702
409.22,11701
409.38,11700
409.55,11699
409.74,11698
409.91,11697
409.96,11697
410.11,11696
410.32,11695
410.38,11695
410.56,11694
410.57,11694
410.76,11693
410.95,11692
411.17,11691
411.34,11690
411.53,11689
411.7,11688
411.91,11687
412.08,11686
412.26,11685
412.44,11684
412.63,11683
412.8,11682
413.01,11681
413.16,11680
413.37,11679
413.52,11678
413.73,11677
413.9,11676
414.11,11675
414.26,11674
414.27,11674
414.45,11673
414.65,11672
414.82,11671
415.01,11670
415.18,11669
415.39,11668
415.54,11667
415.75,11666
415.77,11666
415.98,11665
416.12,11664
416.34,11663
416.35,11663
416.55,11662
416.56,11662
416.62,11662
416.78,11661
416.99,11660
417.17,11659
417.23,11659
417.38,11658
417.47,11658
417.65,11657
417.83,11656
418.0,11655
418.18,11654
418.39,11653
418.54,11652
418.75,11651
418.9,11650
419.05,11649
419.26,11648
419.43,11647
419.64,11646
419.79,11645
420.0,11644
420.16,11643
420.36,11642
420.53,11641
420.74,11640
420.89,11639
421.1,11638
421.25,11637
421.47,11636
421.64,11635
421.87,11634
422.02,11633
422.23,11632
422.38,11631
422.59,11630
422.76,11629
422.83,11629
423.04,11628
423.21,11627
423.4,11626
423.57,11625
423.78,11624
423.94,11623
424.15,11622
424.31,11621
424.51,11620
424.69,11619
424.89,11618
425.05,11617
425.26,11616
425.27,11616
425.43,11615
425.63,11614
425.65,11614
425.7,11614
425.87,11613
426.05,11612
426.22,11611
426.4,11610
426.58,11609
426.77,11608
426.94,11607
427.15,11606
427.16,11606
427.35,11605
427.53,11604
427.7,11603
427.9,11602
428.06,11601
428.27,11600
428.43,11599
428.65,11598
428.85,11597
429.02,11596
429.21,11595
429.38,11594
429.59,11593
429.75,11592
429.95,11591
430.11,11590
430.27,11589
430.48,11588
430.64,11587
430.85,11586
431.0,11585
431.21,11584
431.37,11583
431.57,11582
431.59,11582
431.79,11581
431.96,11580
432.16,11579
432.32,11578
432.53,11577
432.7,11576
432.89,11575
433.07,11574
433.28,11573
433.43,11572
433.64,11571
433.82,11570
434.03,11569
434.23,11568
434.39,11567
434.41,11567
434.61,11566
434.77,11565
434.84,11565
435.01,11564
435.22,11563
435.37,11562
435.56,11561
435.62,11561
435.78,11560
435.95,11559
436.0,11559
436.15,11558
436.36,11557
436.52,11556
436.72,11555
436.73,11555
436.91,11554
437.1,11553
437.31,11552
437.48,11551
437.69,11550
437.84,11549
438.06,11548
438.21,11547
438.42,11546
438.44,11546
438.65,11545
438.8,11544
439.01,11543
439.19,11542
439.38,11541
439.54,11540
439.77,11539
439.99,11538
440.16,11537
440.37,11536
440.39,11536
440.59,11535
440.76,11534
440.97,11533
441.13,11532
441.33,11531
441.5,11530
441.71,11529
441.72,11529
441.87,11528
442.08,11527
442.09,11527
442.3,11526
442.48,11525
442.67,11524
442.84,11523
443.03,11522
443.2,11521
443.41,11520
443.57,11519
443.77,11518
443.94,11517
444.13,11516
444.3,11515
444.35,11515
444.51,11514
444.67,11513
444.87,11512
445.04,11511
445.25,11510
445.4,11509
445.61,11508
445.76,11507
445.96,11506
446.13,11505
446.33,11504
446.34,11504
446.55,11503
446.71,11502
446.91,11501
447.07,11500
447.23,11499
447.45,11498
447.63,11497
447.8,11496
448.0,11495
448.16,11494
448.37,11493
448.54,11492
448.7,11491
448.89,11490
449.1,11489
449.12,11489
449.33,11488
449.41,11488
449.56,11487
449.74,11486
449.95,11485
450.11,11484
450.27,11483
450.48,11482
450.69,11481
450.84,11480
451.05,11479
451.22,11478
451.37,11477
451.43,11477
451.61,11476
451.81,11475
451.83,11475
452.02,11474
452.04,11474
452.25,11473
452.47,11472
452.63,11471
452.65,11471
452.69,11471
452.85,11470
453.06,11469
453.24,11468
453.45,11467
453.62,11466
453.83,11465
453.99,11464
454.0,11464
454.06,11464
454.22,11463
454.43,11462
454.59,11461
454.79,11460
454.95,11459
455.15,11458
455.31,11457
455.52,11456
455.68,11455
455.88,11454
456.05,11453
456.25,11452
456.41,11451
456.62,11450
456.78,11449
456.99,11448
457.16,11447
457.35,11446
457.52,11445
457.73,11444
457.88,11443
458.08,11442
458.26,11441
458.45,11440
458.62,11439
458.85,11438
459.01,11437
459.21,11436
459.36,11435
459.53,11434
459.72,11433
459.89,11432
460.1,11431
460.25,11430
460.45,11429
460.61,11428
460.82,11427
460.97,11426
461.18,11425
461.32,11424
461.53,11423
461.68,11422
461.88,11421
462.04,11420
462.26,11419
462.43,11418
462.64,11417
462.81,11416
463.02,11415
463.19,11414
463.34,11413
463.55,11412
463.62,11412
463.84,11411
463.99,11410
464.2,11409
464.36,11408
464.56,11407
464.57,11407
464.74,11406
464.8,11406
465.01,11405
465.16,11404
465.17,11404
465.38,11403
465.56,11402
465.6,11402
465.76,11401
465.98,11400
465.99,11400
466.2,11399
466.35,11398
466.56,11397
466.72,11396
466.93,11395
467.08,11394
467.28,11393
467.44,11392
467.64,11391
467.65,11391
467.8,11390
467.85,11390
468.01,11389
468.22,11388
468.41,11387
468.59,11386
468.74,11385
468.81,11385
468.97,11384
469.15,11383
469.31,11382
469.49,11381
469.64,11380
469.81,11379
469.96,11378
470.0,11378
470.15,11377
470.3,11376
470.48,11375
470.63,11374
470.81,11373
470.98,11372
471.04,11372
471.21,11371
471.37,11370
471.55,11369
471.7,11368
471.87,11367
472.02,11366
472.17,11365
472.34,11364
472.4,11364
472.41,11364
472.59,11363
472.75,11362
472.92,11361
473.07,11360
473.25,11359
473.39,11358
473.57,11357
473.72,11356
473.9,11355
473.92,11355
474.09,11354
474.24,11353
474.43,11352
474.59,11351
474.77,11350
474.92,11349
475.1,11348
475.25,11347
475.43,11346
475.58,11345
475.63,11345
475.82,11344
475.96,11343
476.15,11342
476.3,11341
476.44,11340
476.62,11339
476.77,11338
476.95,11337
477.09,11336
477.28,11335
477.29,11335
477.47,11334
477.61,11333
477.62,11333
477.66,11333
477.8,11332
477.98,11331
478.13,11330
478.3,11329
478.45,11328
478.63,11327
478.78,11326
478.95,11325
479.1,11324
479.27,11323
479.42,11322
479.6,11321
479.75,11320
479.93,11319
480.07,11318
480.08,11318
480.26,11317
480.41,11316
480.6,11315
480.61,11315
480.81,11314
480.96,11313
481.15,11312
481.29,11311
481.47,11310
481.67,11309
481.85,11308
482.0,11307
482.04,11307
482.18,11306
482.36,11305
482.38,11305
482.55,11304
482.7,11303
482.84,11302
483.02,11301
483.17,11300
483.35,11299
483.5,11298
483.68,11297
483.86,11296
484.02,11295
484.19,11294
484.34,11293
484.52,11292
484.67,11291
484.84,11290
484.99,11289
485.18,11288
485.32,11287
485.5,11286
485.65,11285
485.83,11284
485.98,11283
486.15,11282
486.3,11281
486.48,11280
486.63,11279
486.82,11278
486.97,11277
487.15,11276
487.29,11275
487.3,11275
487.48,11274
487.62,11273
487.8,11272
487.87,11272
488.05,11271
488.2,11270
488.38,11269
488.53,11268
488.71,11267
488.86,11266
489.04,11265
489.19,11264
489.2,11264
489.38,11263
489.56,11262
489.71,11261
489.85,11260
490.03,11259
490.18,11258
490.37,11257
490.38,11257
490.39,11257
490.57,11256
490.72,11255
490.9,11254
491.04,11253
491.22,11252
491.36,11251
491.55,11250
491.69,11249
491.88,11248
491.89,11248
492.07,11247
492.22,11246
492.4,11245
492.55,11244
492.6,11244
492.75,11243
492.93,11242
492.95,11242
493.13,11241
493.27,11240
493.45,11239
493.6,11238
493.78,11237
493.92,11236
494.1,11235
494.11,11235
494.26,11234
494.44,11233
494.62,11232
494.77,11231
494.95,11230
495.1,11229
495.11,11229
495.3,11228
495.46,11227
495.64,11226
495.79,11225
496.0,11224
496.15,11223
496.34,11222
496.4,11222
496.41,11222
496.55,11221
496.74,11220
496.88,11219
497.06,11218
497.21,11217
497.39,11216
497.4,11216
497.59,11215
497.73,11214
497.91,11213
498.06,11212
498.24,11211
498.38,11210
498.56,11209
498.58,11209
498.75,11208
498.9,11207
499.08,11206
499.22,11205
499.4,11204
499.41,11204
499.46,11204
499.61,11203
499.79,11202
499.94,11201
500.12,11200
500.27,11199
500.45,11198
500.61,11197
500.79,11196
500.81,11196
501.0,11195
501.14,11194
501.32,11193
501.48,11192
501.53,11192
501.68,11191
501.86,11190
501.88,11190
502.06,11189
502.23,11188
502.38,11187
502.39,11187
502.58,11186
502.72,11185
502.9,11184
503.05,11183
503.23,11182
503.37,11181
503.56,11180
503.7,11179
503.88,11178
503.94,11178
504.08,11177
504.22,11176
504.4,11175
504.6,11174
504.75,11173
504.93,11172
504.94,11172
505.0,11172
505.14,11171
505.32,11170
505.34,11170
505.53,11169
505.68,11168
505.88,11167
506.06,11166
506.2,11165
506.35,11164
506.53,11163
506.68,11162
506.87,11161
507.05,11160
507.2,11159
507.38,11158
507.52,11157
507.7,11156
507.72,11156
507.9,11155
508.05,11154
508.23,11153
508.37,11152
508.45,11152
508.63,11151
508.81,11150
508.96,11149
509.1,11148
509.28,11147
509.44,11146
509.47,11146
509.63,11145
509.81,11144
509.96,11143
510.1,11142
510.28,11141
510.43,11140
510.61,11139
510.62,11139
510.8,11138
510.95,11137
510.96,11137
511.13,11136
511.26,11135
511.3,11135
511.42,11134
511.6,11133
511.75,11132
511.91,11131
511.92,11131
512.12,11130
512.26,11129
512.41,11128
512.54,11127
512.7,11126
512.83,11125
512.84,11125
512.99,11124
513.13,11123
513.15,11123
513.29,11122
513.44,11121
513.58,11120
513.62,11120
513.74,11119
513.92,11118
514.04,11117
514.09,11117
514.23,11116
514.35,11115
514.5,11114
514.63,11113
514.79,11112
514.93,11111
515.08,11110
515.2,11109
515.36,11108
515.48,11107
515.65,11106
515.66,11106
515.71,11106
515.75,11106
515.77,11106
515.92,11105
516.06,11104
516.21,11103
516.23,11103
516.39,11102
516.44,11102
516.45,11102
516.58,11101
516.6,11101
516.73,11100
516.87,11099
516.9,11099
517.04,11098
517.19,11097
517.33,11096
517.48,11095
517.62,11094
517.77,11093
517.9,11092
517.94,11092
518.07,11091
518.23,11090
518.36,11089
518.52,11088
518.53,11088
518.57,11088
518.7,11087
518.87,11086
519.0,11085
519.15,11084
519.28,11083
519.44,11082
519.57,11081
519.72,11080
519.78,11080
519.91,11079
520.06,11078
520.19,11077
520.34,11076
520.36,11076
520.52,11075
520.65,11074
520.81,11073
520.97,11072
521.1,11071
521.26,11070
521.38,11069
521.53,11068
521.66,11067
521.81,11066
521.95,11065
522.1,11064
522.11,11064
522.23,11063
522.41,11062
522.54,11061
522.55,11061
522.7,11060
522.82,11059
522.99,11058
523.0,11058
523.15,11057
523.27,11056
523.28,11056
523.44,11055
523.57,11054
523.73,11053
523.74,11053
523.86,11052
524.03,11051
524.15,11050
524.3,11049
524.36,11049
524.42,11049
524.44,11049
524.59,11048
524.73,11047
524.78,11047
524.93,11046
524.96,11046
525.11,11045
525.24,11044
525.41,11043
525.6,11042
525.62,11042
525.78,11041
525.9,11040
526.06,11039
526.19,11038
526.24,11038
526.39,11037
526.53,11036
526.68,11035
526.81,11034
526.96,11033
526.98,11033
527.1,11032
527.15,11032
527.28,11031
527.44,11030
527.58,11029
527.72,11028
527.73,11028
527.78,11028
527.91,11027
527.95,11027
528.08,11026
528.23,11025
528.36,11024
528.41,11024
528.54,11023
528.71,11022
528.72,11022
528.87,11021
528.88,11021
529.0,11020
529.17,11019
529.29,11018
529.45,11017
529.58,11016
529.76,11015
529.9,11014
530.04,11013
530.17,11012
530.2,11012
530.33,11011
530.46,11010
530.61,11009
530.73,11008
530.89,11007
531.05,11006
531.2,11005
531.33,11004
531.49,11003
531.54,11003
531.67,11002
531.71,11002
531.83,11001
531.98,11000
531.99,11000
532.12,10999
532.27,10998
532.3,10998
532.45,10997
532.58,10996
532.73,10995
532.85,10994
533.01,10993
533.15,10992
533.31,10991
533.43,10990
533.56,10989
533.67,10988
533.83,10987
533.94,10986
534.06,10985
534.18,10984
534.36,10983
534.48,10982
534.6,10981
534.71,10980
534.87,10979
534.98,10978
535.12,10977
535.23,10976
535.35,10975
535.47,10974
535.61,10973
535.72,10972
535.84,10971
535.95,10970
536.09,10969
536.11,10969
536.24,10968
536.35,10967
536.36,10967
536.49,10966
536.62,10965
536.73,10964
536.85,10963
536.98,10962
536.99,10962
537.03,10962
537.17,10961
537.28,10960
537.41,10959
537.53,10958
537.64,10957
537.77,10956
537.78,10956
537.89,10955
538.03,10954
538.04,10954
538.17,10953
538.3,10952
538.44,10951
538.55,10950
538.68,10949
538.81,10948
538.99,10947
539.11,10946
539.13,10946
539.24,10945
539.38,10944
539.49,10943
539.62,10942
539.74,10941
539.87,10940
539.98,10939
540.11,10938
540.22,10937
540.23,10937
540.36,10936
540.47,10935
540.6,10934
540.71,10933
540.75,10933
540.87,10932
540.99,10931
541.1,10930
541.24,10929
541.35,10928
541.37,10928
541.38,10928
541.52,10927
541.54,10927
541.65,10926
541.78,10925
541.79,10925
541.92,10924
542.03,10923
542.17,10922
542.28,10921
542.41,10920
542.53,10919
542.56,10919
542.67,10918
542.8,10917
542.92,10916
543.05,10915
543.17,10914
543.21,10914
543.34,10913
543.45,10912
543.46,10912
543.59,10911
543.71,10910
543.83,10909
543.97,10908
544.08,10907
544.2,10906
544.34,10905
544.46,10904
544.6,10903
544.71,10902
544.84,10901
544.95,10900
545.09,10899
545.2,10898
545.31,10897
545.38,10897
545.5,10896
545.63,10895
545.74,10894
545.78,10894
545.89,10893
546.02,10892
546.13,10891
546.26,10890
546.37,10889
546.49,10888
546.62,10887
546.73,10886
546.86,10885
546.97,10884
547.1,10883
547.15,10883
547.27,10882
547.3,10882
547.31,10882
547.44,10881
547.55,10880
547.68,10879
547.8,10878
547.91,10877
547.94,10877
548.08,10876
548.2,10875
548.21,10875
548.36,10874
548.37,10874
548.5,10873
548.61,10872
548.73,10871
548.87,10870
548.88,10870
549.0,10869
549.12,10868
549.17,10868
549.29,10867
549.41,10866
549.52,10865
549.65,10864
549.77,10863
549.9,10862
550.01,10861
550.14,10860
550.16,10860
550.2,10860
550.33,10859
550.44,10858
550.58,10857
550.63,10857
550.74,10856
550.87,10855
550.98,10854
551.11,10853
551.13,10853
551.26,10852
551.27,10852
551.4,10851
551.52,10850
551.57,10850
551.7,10849
551.81,10848
551.94,10847
552.07,10846
552.2,10845
552.31,10844
552.45,10843
552.47,10843
552.58,10842
552.74,10841
552.87,10840
552.98,10839
553.11,10838
553.22,10837
553.36,10836
553.48,10835
553.51,10835
553.62,10834
553.75,10833
553.86,10832
553.99,10831
554.1,10830
554.23,10829
554.35,10828
554.47,10827
554.59,10826
554.73,10825
554.84,10824
554.97,10823
555.08,10822
555.19,10821
555.32,10820
555.44,10819
555.56,10818
555.67,10817
555.72,10817
555.73,10817
555.85,10816
555.97,10815
556.1,10814
556.22,10813
556.23,10813
556.35,10812
556.46,10811
556.59,10810
556.7,10809
556.85,10808
556.96,10807
557.1,10806
557.22,10805
557.25,10805
557.38,10804
557.5,10803
557.62,10802
557.73,10801
557.87,10800
557.98,10799
558.13,10798
558.25,10797
558.38,10796
558.49,10795
558.63,10794
558.74,10793
558.87,10792
558.98,10791
559.12,10790
559.23,10789
559.34,10788
559.47,10787
559.58,10786
559.71,10785
559.82,10784
559.95,10783
560.06,10782
560.19,10781
560.31,10780
560.44,10779
560.56,10778
560.69,10777
560.8,10776
560.94,10775
561.03,10774
561.17,10773
561.28,10772
561.32,10772
561.43,10771
561.57,10770
561.69,10769
561.81,10768
561.93,10767
562.06,10766
562.17,10765
562.3,10764
562.41,10763
562.55,10762
562.66,10761
562.79,10760
562.9,10759
563.04,10758
563.15,10757
563.29,10756
563.4,10755
563.53,10754
563.64,10753
563.78,10752
563.8,10752
563.82,10752
563.94,10751
564.08,10750
564.2,10749
564.33,10748
564.44,10747
564.45,10747
564.57,10746
564.69,10745
564.82,10744
564.93,10743
565.06,10742
565.17,10741
565.3,10740
565.42,10739
565.55,10738
565.66,10737
565.79,10736
565.89,10735
566.02,10734
566.06,10734
566.08,10734
566.14,10734
566.16,10734
566.26,10733
566.35,10732
566.49,10731
566.58,10730
566.69,10729
566.77,10728
566.92,10727
567.03,10726
567.15,10725
567.24,10724
567.35,10723
567.46,10722
567.56,10721
567.66,10720
567.76,10719
567.86,10718
567.89,10718
567.99,10717
568.09,10716
568.2,10715
568.28,10714
568.36,10713
568.47,10712
568.58,10711
568.67,10710
568.78,10709
568.89,10708
568.98,10707
569.03,10707
569.04,10707
569.13,10706
569.24,10705
569.25,10705
569.34,10704
569.44,10703
569.55,10702
569.64,10701
569.75,10700
569.84,10699
569.94,10698
570.06,10697
570.16,10696
570.26,10695
570.28,10695
570.29,10695
570.4,10694
570.49,10693
570.53,10693
570.62,10692
570.73,10691
570.82,10690
570.92,10689
571.01,10688
571.05,10688
571.14,10687
571.2,10687
571.28,10686
571.4,10685
571.51,10684
571.55,10684
571.64,10683
571.75,10682
571.85,10681
571.95,10680
572.06,10679
572.17,10678
572.2,10678
572.29,10677
572.41,10676
572.53,10675
572.61,10674
572.72,10673
572.84,10672
572.95,10671
573.04,10670
573.15,10669
573.24,10668
573.35,10667
573.37,10667
573.38,10667
573.4,10667
573.51,10666
573.6,10665
573.71,10664
573.73,10664
573.83,10663
573.94,10662
574.03,10661
574.04,10661
574.15,10660
574.25,10659
574.31,10659
574.4,10658
574.51,10657
574.62,10656
574.72,10655
574.81,10654
574.82,10654
574.84,10654
574.89,10654
574.98,10653
574.99,10653
575.02,10653
575.13,10652
575.22,10651
575.25,10651
575.35,10650
575.45,10649
575.55,10648
575.56,10648
575.68,10647
575.8,10646
575.82,10646
575.91,10645
576.02,10644
576.13,10643
576.14,10643
576.24,10642
576.34,10641
576.43,10640
576.45,10640
576.56,10639
576.6,10639
576.71,10638
576.83,10637
576.92,10636
577.02,10635
577.13,10634
577.23,10633
577.33,10632
577.44,10631
577.53,10630
577.64,10629
577.75,10628
577.84,10627
577.95,10626
578.07,10625
578.15,10624
578.18,10624
578.29,10623
578.39,10622
578.48,10621
578.5,10621
578.6,10620
578.61,10620
578.71,10619
578.8,10618
578.92,10617
579.0,10616
579.12,10615
579.23,10614
579.32,10613
579.43,10612
579.54,10611
579.62,10610
579.74,10609
579.82,10608
579.83,10608
579.96,10607
580.06,10606
580.17,10605
580.27,10604
580.29,10604
580.38,10603
580.49,10602
580.61,10601
580.7,10600
580.81,10599
580.92,10598
581.01,10597
581.12,10596
581.21,10595
581.22,10595
581.33,10594
581.43,10593
581.46,10593
581.55,10592
581.65,10591
581.67,10591
581.81,10590
581.9,10589
582.0,10588
582.1,10587
582.22,10586
582.32,10585
582.43,10584
582.54,10583
582.65,10582
582.77,10581
582.87,10580
582.97,10579
582.99,10579
583.13,10578
583.26,10577
583.4,10576
583.5,10575
583.62,10574
583.72,10573
583.83,10572
583.94,10571
584.04,10570
584.15,10569
584.25,10568
584.36,10567
584.38,10567
584.47,10566
584.58,10565
584.67,10564
584.77,10563
584.88,10562
584.92,10562
585.0,10561
585.11,10560
585.22,10559
585.25,10559
585.34,10558
585.45,10557
585.55,10556
585.56,10556
585.66,10555
585.67,10555
585.7,10555
585.79,10554
585.89,10553
585.91,10553
585.93,10553
586.03,10552
586.12,10551
586.23,10550
586.33,10549
586.44,10548
586.53,10547
586.58,10547
586.68,10546
586.78,10545
586.89,10544
586.98,10543
587.09,10542
587.18,10541
587.29,10540
587.4,10539
587.48,10538
587.49,10538
587.59,10537
587.68,10536
587.79,10535
587.89,10534
588.01,10533
588.1,10532
588.2,10531
588.29,10530
588.32,10530
588.44,10529
588.53,10528
588.64,10527
588.68,10527
588.78,10526
588.81,10526
588.89,10525
588.95,10525
589.04,10524
589.18,10523
589.29,10522
589.38,10521
589.49,10520
589.6,10519
589.69,10518
589.8,10517
589.9,10516
589.99,10515
590.08,10514
590.19,10513
590.29,10512
590.38,10511
590.5,10510
590.58,10509
590.7,10508
590.78,10507
590.9,10506
591.03,10505
591.12,10504
591.22,10503
591.34,10502
591.43,10501
591.45,10501
591.57,10500
591.62,10500
591.73,10499
591.76,10499
591.77,10499
591.85,10498
591.94,10497
592.04,10496
592.13,10495
592.14,10495
592.25,10494
592.33,10493
592.45,10492
592.53,10491
592.64,10490
592.72,10489
592.81,10488
592.91,10487
592.96,10487
593.07,10486
593.1,10486
593.13,10486
593.27,10485
593.36,10484
593.47,10483
593.48,10483
593.6,10482
593.69,10481
593.81,10480
593.9,10479
593.93,10479
594.04,10478
594.05,10478
594.14,10477
594.24,10476
594.26,10476
594.36,10475
594.4,10475
594.49,10474
594.6,10473
594.7,10472
594.81,10471
594.83,10471
594.93,10470
595.03,10469
595.14,10468
595.24,10467
595.33,10466
595.35,10466
595.47,10465
595.56,10464
595.63,10464
595.71,10463
595.82,10462
595.84,10462
595.86,10462
595.98,10461
596.06,10460
596.1,10460
596.21,10459
596.24,10459
596.34,10458
596.45,10457
596.57,10456
596.65,10455
596.77,10454
596.86,10453
596.96,10452
597.07,10451
597.16,10450
597.24,10449
597.35,10448
597.47,10447
597.55,10446
597.66,10445
597.75,10444
597.89,10443
597.98,10442
598.1,10441
598.2,10440
598.29,10439
598.41,10438
598.51,10437
598.61,10436
598.71,10435
598.81,10434
598.91,10433
599.02,10432
599.11,10431
599.17,10431
599.26,10430
599.38,10429
599.47,10428
599.59,10427
599.7,10426
599.81,10425
599.92,10424
