0.0,14109
0.08,14108
0.16,14107
0.26,14106
0.36,14105
0.45,14104
0.55,14103
0.64,14102
0.73,14101
0.81,14100
0.9,14099
0.99,14098
1.08,14097
1.17,14096
1.25,14095
1.35,14094
1.44,14093
1.52,14092
1.6,14091
1.68,14090
1.76,14089
1.84,14088
1.92,14087
2.01,14086
2.09,14085
2.17,14084
2.25,14083
2.33,14082
2.41,14081
2.5,14080
2.62,14079
2.73,14078
2.84,14077
2.92,14076
3.0,14075
3.08,14074
3.16,14073
3.24,14072
3.32,14071
3.41,14070
3.49,14069
3.6,14068
3.68,14067
3.77,14066
3.85,14065
3.94,14064
4.02,14063
4.11,14062
4.2,14061
4.32,14060
4.45,14059
4.54,14058
4.62,14057
4.72,14056
4.8,14055
4.88,14054
4.96,14053
5.04,14052
5.12,14051
5.21,14050
5.28,14049
5.36,14048
5.44,14047
5.52,14046
5.61,14045
5.69,14044
5.77,14043
5.85,14042
5.93,14041
6.02,14040
6.13,14039
6.21,14038
6.29,14037
6.37,14036
6.45,14035
6.54,14034
6.64,14033
6.73,14032
6.81,14031
6.89,14030
6.97,14029
7.05,14028
7.13,14027
7.24,14026
7.32,14025
7.41,14024
7.49,14023
7.58,14022
7.66,14021
7.77,14020
7.86,14019
7.99,14018
8.11,14017
8.21,14016
8.29,14015
8.37,14014
8.46,14013
8.56,14012
8.64,14011
8.73,14010
8.81,14009
8.89,14008
8.98,14007
9.06,14006
9.15,14005
9.23,14004
9.31,14003
9.39,14002
9.47,14001
9.57,14000
9.65,13999
9.73,13998
9.82,13997
9.91,13996
9.99,13995
10.07,13994
10.15,13993
10.24,13992
10.33,13991
10.41,13990
10.49,13989
10.57,13988
10.65,13987
10.73,13986
10.81,13985
10.89,13984
10.97,13983
11.06,13982
11.14,13981
11.22,13980
11.31,13979
11.39,13978
11.47,13977
11.56,13976
11.65,13975
11.73,13974
11.82,13973
11.9,13972
11.99,13971
12.06,13970
12.16,13969
12.28,13968
12.38,13967
12.46,13966
12.54,13965
12.61,13964
12.69,13963
12.78,13962
12.86,13961
12.95,13960
13.03,13959
13.12,13958
13.2,13957
13.28,13956
13.36,13955
13.45,13954
13.54,13953
13.62,13952
13.71,13951
13.79,13950
13.87,13949
13.95,13948
14.03,13947
14.11,13946
14.19,13945
14.28,13944
14.35,13943
14.46,13942
14.54,13941
14.65,13940
14.77,13939
14.89,13938
15.02,13937
15.13,13936
15.25,13935
15.37,13934
15.47,13933
15.58,13932
15.69,13931
15.79,13930
15.88,13929
16.0,13928
16.13,13927
16.28,13926
16.38,13925
16.48,13924
16.6,13923
16.7,13922
16.81,13921
16.98,13920
17.15,13919
17.28,13918
17.41,13917
17.56,13916
17.73,13915
17.92,13914
18.06,13913
18.19,13912
18.36,13911
18.47,13910
18.59,13909
18.73,13908
18.9,13907
19.01,13906
19.09,13905
19.22,13904
19.33,13903
19.45,13902
19.58,13901
19.68,13900
19.78,13899
19.87,13898
19.96,13897
20.05,13896
20.14,13895
20.25,13894
20.37,13893
20.5,13892
20.63,13891
20.73,13890
20.83,13889
20.99,13888
21.13,13887
21.24,13886
21.38,13885
21.51,13884
21.61,13883
21.7,13882
21.89,13881
22.0,13880
22.09,13879
22.23,13878
22.32,13877
22.4,13876
22.49,13875
22.57,13874
22.68,13873
22.76,13872
22.84,13871
22.93,13870
23.03,13869
23.12,13868
23.21,13867
23.29,13866
23.37,13865
23.46,13864
23.54,13863
23.62,13862
23.71,13861
23.79,13860
23.9,13859
24.0,13858
24.15,13857
24.26,13856
24.35,13855
24.5,13854
24.59,13853
24.7,13852
24.82,13851
24.9,13850
24.98,13849
25.09,13848
25.17,13847
25.26,13846
25.34,13845
25.42,13844
25.5,13843
25.58,13842
25.67,13841
25.75,13840
25.83,13839
25.91,13838
25.99,13837
26.08,13836
26.16,13835
26.24,13834
26.32,13833
26.4,13832
26.49,13831
26.57,13830
26.65,13829
26.73,13828
26.8,13827
26.89,13826
26.97,13825
27.05,13824
27.13,13823
27.21,13822
27.3,13821
27.38,13820
27.45,13819
27.53,13818
27.61,13817
27.7,13816
27.78,13815
27.87,13814
27.95,13813
28.03,13812
28.12,13811
28.21,13810
28.29,13809
28.38,13808
28.46,13807
28.57,13806
28.68,13805
28.77,13804
28.87,13803
28.96,13802
29.06,13801
29.14,13800
29.22,13799
29.31,13798
29.4,13797
29.49,13796
29.59,13795
29.67,13794
29.76,13793
29.85,13792
29.93,13791
30.01,13790
30.1,13789
30.21,13788
30.3,13787
30.39,13786
30.47,13785
30.55,13784
30.65,13783
30.74,13782
30.84,13781
30.92,13780
31.01,13779
31.09,13778
31.17,13777
31.25,13776
31.33,13775
31.41,13774
31.49,13773
31.57,13772
31.65,13771
31.74,13770
31.82,13769
31.91,13768
32.01,13767
32.1,13766
32.19,13765
32.31,13764
32.4,13763
32.52,13762
32.64,13761
32.76,13760
32.88,13759
32.98,13758
33.09,13757
33.21,13756
33.34,13755
33.44,13754
33.55,13753
33.65,13752
33.77,13751
33.9,13750
34.0,13749
34.12,13748
34.21,13747
34.34,13746
34.46,13745
34.58,13744
34.71,13743
34.85,13742
34.99,13741
35.11,13740
35.21,13739
35.34,13738
35.45,13737
35.56,13736
35.69,13735
35.85,13734
35.97,13733
36.09,13732
36.17,13731
36.26,13730
36.37,13729
36.48,13728
36.58,13727
36.7,13726
36.8,13725
36.92,13724
37.02,13723
37.12,13722
37.23,13721
37.36,13720
37.45,13719
37.57,13718
37.67,13717
37.78,13716
37.88,13715
37.96,13714
38.04,13713
38.16,13712
38.27,13711
38.38,13710
38.49,13709
38.6,13708
38.71,13707
38.83,13706
38.91,13705
39.03,13704
39.15,13703
39.25,13702
39.38,13701
39.52,13700
39.63,13699
39.74,13698
39.85,13697
39.95,13696
40.06,13695
40.17,13694
40.3,13693
40.42,13692
40.52,13691
40.64,13690
40.74,13689
40.87,13688
41.0,13687
41.11,13686
41.27,13685
41.43,13684
41.62,13683
41.75,13682
41.88,13681
42.08,13680
42.25,13679
42.46,13678
42.62,13677
42.8,13676
42.96,13675
43.1,13674
43.22,13673
43.41,13672
43.52,13671
43.64,13670
43.8,13669
43.95,13668
44.08,13667
44.18,13666
44.34,13665
44.48,13664
44.62,13663
44.76,13662
44.86,13661
44.98,13660
45.08,13659
45.19,13658
45.29,13657
45.38,13656
45.48,13655
45.6,13654
45.69,13653
45.79,13652
45.89,13651
46.0,13650
46.11,13649
46.19,13648
46.28,13647
46.4,13646
46.49,13645
46.6,13644
46.71,13643
46.81,13642
46.93,13641
47.04,13640
47.18,13639
47.3,13638
47.44,13637
47.55,13636
47.69,13635
47.79,13634
47.91,13633
48.06,13632
48.17,13631
48.3,13630
48.41,13629
48.52,13628
48.63,13627
48.73,13626
48.86,13625
48.96,13624
49.07,13623
49.2,13622
49.31,13621
49.4,13620
49.52,13619
49.63,13618
49.74,13617
49.87,13616
49.95,13615
50.07,13614
50.17,13613
50.28,13612
50.38,13611
50.47,13610
50.57,13609
50.67,13608
50.78,13607
50.87,13606
50.98,13605
51.09,13604
51.2,13603
51.28,13602
51.4,13601
51.52,13600
51.63,13599
51.72,13598
51.83,13597
51.94,13596
52.03,13595
52.13,13594
52.25,13593
52.33,13592
52.47,13591
52.56,13590
52.64,13589
52.75,13588
52.86,13587
52.95,13586
53.04,13585
53.14,13584
53.24,13583
53.35,13582
53.44,13581
53.55,13580
53.65,13579
53.76,13578
53.86,13577
53.97,13576
54.07,13575
54.16,13574
54.28,13573
54.38,13572
54.47,13571
54.59,13570
54.7,13569
54.82,13568
54.94,13567
55.05,13566
55.16,13565
55.32,13564
55.43,13563
55.55,13562
55.66,13561
55.77,13560
55.86,13559
55.97,13558
56.08,13557
56.17,13556
56.28,13555
56.39,13554
56.51,13553
56.63,13552
56.72,13551
56.81,13550
56.92,13549
57.03,13548
57.11,13547
57.23,13546
57.31,13545
57.42,13544
57.54,13543
57.56,13543
57.67,13542
57.8,13541
57.93,13540
58.05,13539
58.15,13538
58.26,13537
58.36,13536
58.46,13535
58.55,13534
58.65,13533
58.76,13532
58.86,13531
58.97,13530
59.06,13529
59.17,13528
59.27,13527
59.37,13526
59.49,13525
59.64,13524
59.8,13523
59.93,13522
60.09,13521
60.23,13520
60.35,13519
60.5,13518
60.62,13517
60.76,13516
60.88,13515
61.02,13514
61.13,13513
61.26,13512
61.37,13511
61.51,13510
61.63,13509
61.76,13508
61.89,13507
62.06,13506
62.18,13505
62.31,13504
62.42,13503
62.56,13502
62.67,13501
62.8,13500
62.92,13499
63.03,13498
63.17,13497
63.29,13496
63.43,13495
63.54,13494
63.67,13493
63.79,13492
63.91,13491
64.02,13490
64.15,13489
64.27,13488
64.4,13487
64.51,13486
64.64,13485
64.76,13484
64.9,13483
65.03,13482
65.18,13481
65.3,13480
65.44,13479
65.56,13478
65.73,13477
65.87,13476
66.0,13475
66.12,13474
66.25,13473
66.38,13472
66.52,13471
66.67,13470
66.79,13469
66.92,13468
67.1,13467
67.25,13466
67.42,13465
67.63,13464
67.79,13463
67.92,13462
68.13,13461
68.32,13460
68.5,13459
68.67,13458
68.79,13457
68.97,13456
69.15,13455
69.27,13454
69.38,13453
69.5,13452
69.69,13451
69.88,13450
70.04,13449
70.23,13448
70.45,13447
70.59,13446
70.75,13445
70.87,13444
71.06,13443
71.19,13442
71.32,13441
71.53,13440
71.73,13439
71.86,13438
71.99,13437
72.14,13436
72.34,13435
72.49,13434
72.63,13433
72.79,13432
72.92,13431
73.08,13430
73.23,13429
73.4,13428
73.56,13427
73.69,13426
73.83,13425
73.84,13425
73.96,13424
74.14,13423
74.26,13422
74.39,13421
74.51,13420
74.66,13419
74.79,13418
74.95,13417
75.07,13416
75.21,13415
75.32,13414
75.45,13413
75.57,13412
75.7,13411
75.81,13410
75.94,13409
76.06,13408
76.2,13407
76.31,13406
76.43,13405
76.55,13404
76.66,13403
76.8,13402
76.94,13401
77.05,13400
77.16,13399
77.3,13398
77.41,13397
77.54,13396
77.65,13395
77.78,13394
77.9,13393
78.01,13392
78.15,13391
78.26,13390
78.39,13389
78.51,13388
78.63,13387
78.76,13386
78.89,13385
79.0,13384
79.13,13383
79.25,13382
79.38,13381
79.48,13380
79.61,13379
79.72,13378
79.85,13377
79.96,13376
80.11,13375
80.23,13374
80.35,13373
80.47,13372
80.58,13371
80.74,13370
80.9,13369
81.03,13368
81.18,13367
81.3,13366
81.44,13365
81.57,13364
81.71,13363
81.83,13362
81.96,13361
82.07,13360
82.21,13359
82.33,13358
82.48,13357
82.61,13356
82.76,13355
82.9,13354
83.03,13353
83.14,13352
83.28,13351
83.29,13351
83.4,13350
83.53,13349
83.64,13348
83.78,13347
83.89,13346
84.02,13345
84.13,13344
84.26,13343
84.37,13342
84.48,13341
84.61,13340
84.72,13339
84.85,13338
84.96,13337
85.12,13336
85.23,13335
85.36,13334
85.48,13333
85.64,13332
85.78,13331
85.95,13330
86.1,13329
86.27,13328
86.4,13327
86.57,13326
86.75,13325
86.9,13324
87.04,13323
87.19,13322
87.31,13321
87.44,13320
87.6,13319
87.75,13318
87.92,13317
88.05,13316
88.21,13315
88.41,13314
88.57,13313
88.74,13312
88.9,13311
89.05,13310
89.22,13309
89.31,13309
89.47,13308
89.63,13307
89.76,13306
89.89,13305
90.04,13304
90.2,13303
90.32,13302
90.51,13301
90.66,13300
90.83,13299
90.97,13298
91.14,13297
91.34,13296
91.54,13295
91.7,13294
91.85,13293
92.0,13292
92.3,13291
92.5,13290
92.71,13289
92.87,13288
93.06,13287
93.18,13286
93.35,13285
93.49,13284
93.67,13283
93.82,13282
93.96,13281
94.11,13280
94.25,13279
94.37,13278
94.53,13277
94.68,13276
94.83,13275
94.97,13274
95.12,13273
95.29,13272
95.44,13271
95.57,13270
95.73,13269
95.88,13268
96.03,13267
96.16,13266
96.32,13265
96.45,13264
96.61,13263
96.76,13262
96.94,13261
97.07,13260
97.25,13259
97.39,13258
97.55,13257
97.69,13256
97.85,13255
98.01,13254
98.21,13253
98.46,13252
98.66,13251
98.96,13250
99.12,13249
99.34,13248
99.55,13247
99.7,13246
99.89,13245
100.08,13244
100.21,13243
100.36,13242
100.49,13241
100.64,13240
100.78,13239
100.95,13238
101.09,13237
101.26,13236
101.38,13235
101.55,13234
101.68,13233
101.87,13232
102.07,13231
102.21,13230
102.38,13229
102.52,13228
102.75,13227
102.97,13226
103.21,13225
103.34,13224
103.47,13223
103.65,13222
103.79,13221
103.94,13220
104.07,13219
104.23,13218
104.36,13217
104.52,13216
104.66,13215
104.82,13214
104.95,13213
105.07,13212
105.23,13211
105.36,13210
105.52,13209
105.65,13208
105.8,13207
105.92,13206
106.07,13205
106.19,13204
106.35,13203
106.47,13202
106.64,13201
106.77,13200
106.9,13199
107.06,13198
107.19,13197
107.37,13196
107.49,13195
107.68,13194
107.83,13193
108.0,13192
108.13,13191
108.27,13190
108.41,13189
108.56,13188
108.7,13187
108.87,13186
109.0,13185
109.17,13184
109.29,13183
109.47,13182
109.61,13181
109.79,13180
109.92,13179
110.09,13178
110.22,13177
110.37,13176
110.5,13175
110.68,13174
110.8,13173
110.96,13172
111.09,13171
111.25,13170
111.39,13169
111.54,13168
111.69,13167
111.84,13166
111.96,13165
112.14,13164
112.3,13163
112.44,13162
112.62,13161
112.76,13160
112.91,13159
113.05,13158
113.2,13157
113.34,13156
113.5,13155
113.67,13154
113.85,13153
114.01,13152
114.18,13151
114.31,13150
114.46,13149
114.62,13148
114.77,13147
114.9,13146
115.07,13145
115.21,13144
115.38,13143
115.5,13142
115.68,13141
115.8,13140
115.97,13139
116.09,13138
116.25,13137
116.38,13136
116.54,13135
116.7,13134
116.87,13133
117.0,13132
117.16,13131
117.3,13130
117.44,13129
117.58,13128
117.74,13127
117.87,13126
118.01,13125
118.15,13124
118.31,13123
118.46,13122
118.67,13121
118.85,13120
119.06,13119
119.26,13118
119.39,13117
119.54,13116
119.71,13115
119.86,13114
120.0,13113
120.14,13112
120.31,13111
120.48,13110
120.67,13109
120.9,13108
121.08,13107
121.29,13106
121.47,13105
121.64,13104
121.81,13103
121.97,13102
122.19,13101
122.34,13100
122.53,13099
122.72,13098
122.94,13097
123.16,13096
123.33,13095
123.56,13094
123.8,13093
124.0,13092
124.19,13091
124.32,13090
124.51,13089
124.67,13088
124.83,13087
124.99,13086
125.14,13085
125.4,13084
125.58,13083
125.77,13082
125.92,13081
126.09,13080
126.33,13079
126.47,13078
126.66,13077
126.87,13076
127.04,13075
127.22,13074
127.34,13073
127.55,13072
127.73,13071
127.86,13070
128.02,13069
128.16,13068
128.32,13067
128.45,13066
128.61,13065
128.77,13064
128.93,13063
129.05,13062
129.22,13061
129.34,13060
129.5,13059
129.65,13058
129.82,13057
129.95,13056
130.13,13055
130.25,13054
130.4,13053
130.53,13052
130.71,13051
130.84,13050
131.0,13049
131.13,13048
131.28,13047
131.41,13046
131.58,13045
131.73,13044
131.88,13043
132.02,13042
132.15,13041
132.31,13040
132.43,13039
132.61,13038
132.8,13037
132.94,13036
133.12,13035
133.27,13034
133.44,13033
133.58,13032
133.76,13031
133.92,13030
134.08,13029
134.23,13028
134.42,13027
134.57,13026
134.77,13025
134.95,13024
135.09,13023
135.24,13022
135.38,13021
135.53,13020
135.67,13019
135.79,13018
135.96,13017
136.08,13016
136.25,13015
136.39,13014
136.54,13013
136.68,13012
136.83,13011
136.96,13010
137.12,13009
137.25,13008
137.4,13007
137.54,13006
137.7,13005
137.82,13004
137.95,13003
138.1,13002
138.24,13001
138.4,13000
138.53,12999
138.72,12998
138.85,12997
139.0,12996
139.14,12995
139.29,12994
139.42,12993
139.6,12992
139.75,12991
139.94,12990
140.1,12989
140.22,12988
140.23,12988
140.38,12987
140.53,12986
140.54,12986
140.7,12985
140.83,12984
140.98,12983
141.1,12982
141.26,12981
141.4,12980
141.55,12979
141.69,12978
141.82,12977
141.97,12976
142.1,12975
142.25,12974
142.39,12973
142.55,12972
142.69,12971
142.84,12970
142.96,12969
143.13,12968
143.25,12967
143.42,12966
143.55,12965
143.72,12964
143.84,12963
144.06,12962
144.22,12961
144.37,12960
144.51,12959
144.69,12958
144.82,12957
144.99,12956
145.15,12955
145.18,12955
145.32,12954
145.49,12953
145.63,12952
145.82,12951
146.0,12950
146.12,12949
146.27,12948
146.42,12947
146.55,12946
146.71,12945
146.85,12944
146.99,12943
147.14,12942
147.29,12941
147.43,12940
147.63,12939
147.79,12938
147.98,12937
148.16,12936
148.35,12935
148.56,12934
148.73,12933
148.93,12932
149.06,12931
149.23,12930
149.38,12929
149.56,12928
149.76,12927
149.91,12926
150.06,12925
150.24,12924
150.39,12923
150.57,12922
150.73,12921
150.91,12920
151.05,12919
151.23,12918
151.38,12917
151.56,12916
151.71,12915
151.9,12914
152.06,12913
152.25,12912
152.41,12911
152.59,12910
152.74,12909
152.92,12908
153.07,12907
153.25,12906
153.4,12905
153.6,12904
153.75,12903
153.93,12902
154.08,12901
154.25,12900
154.42,12899
154.62,12898
154.83,12897
155.04,12896
155.26,12895
155.44,12894
155.66,12893
156.03,12892
156.27,12891
156.52,12890
156.81,12889
156.99,12888
157.26,12887
157.47,12886
157.75,12885
157.94,12884
158.1,12883
158.37,12882
158.63,12881
158.8,12880
158.99,12879
159.15,12878
159.37,12877
159.55,12876
159.75,12875
159.9,12874
160.12,12873
160.27,12872
160.52,12871
160.73,12870
160.88,12869
161.1,12868
161.3,12867
161.46,12866
161.62,12865
161.92,12864
162.13,12863
162.29,12862
162.52,12861
162.69,12860
162.88,12859
163.03,12858
163.23,12857
163.37,12856
163.56,12855
163.72,12854
163.9,12853
164.05,12852
164.23,12851
164.38,12850
164.56,12849
164.73,12848
164.91,12847
165.06,12846
165.24,12845
165.39,12844
165.57,12843
165.73,12842
165.91,12841
166.06,12840
166.24,12839
166.39,12838
166.57,12837
166.59,12837
166.75,12836
166.92,12835
167.07,12834
167.25,12833
167.4,12832
167.57,12831
167.74,12830
167.93,12829
168.07,12828
168.26,12827
168.4,12826
168.58,12825
168.73,12824
168.91,12823
169.06,12822
169.24,12821
169.39,12820
169.6,12819
169.76,12818
169.94,12817
170.08,12816
170.26,12815
170.41,12814
170.6,12813
170.75,12812
170.94,12811
171.1,12810
171.28,12809
171.43,12808
171.68,12807
171.84,12806
172.03,12805
172.18,12804
172.38,12803
172.53,12802
172.72,12801
172.87,12800
173.05,12799
173.21,12798
173.41,12797
173.57,12796
173.78,12795
173.95,12794
174.14,12793
174.28,12792
174.46,12791
174.61,12790
174.83,12789
174.98,12788
175.16,12787
175.31,12786
175.49,12785
175.65,12784
175.83,12783
175.97,12782
176.16,12781
176.31,12780
176.49,12779
176.65,12778
176.83,12777
176.98,12776
177.16,12775
177.31,12774
177.5,12773
177.66,12772
177.85,12771
178.0,12770
178.17,12769
178.35,12768
178.56,12767
178.76,12766
178.91,12765
179.11,12764
179.26,12763
179.3,12763
179.45,12762
179.6,12761
179.64,12761
179.79,12760
179.96,12759
180.11,12758
180.25,12757
180.43,12756
180.58,12755
180.76,12754
180.91,12753
181.1,12752
181.24,12751
181.42,12750
181.57,12749
181.76,12748
181.94,12747
182.09,12746
182.24,12745
182.41,12744
182.56,12743
182.76,12742
182.91,12741
183.09,12740
183.24,12739
183.41,12738
183.56,12737
183.76,12736
183.92,12735
184.16,12734
184.33,12733
184.59,12732
184.79,12731
185.0,12730
185.22,12729
185.41,12728
185.63,12727
185.8,12726
186.01,12725
186.19,12724
186.42,12723
186.68,12722
186.86,12721
187.11,12720
187.3,12719
187.54,12718
187.74,12717
187.98,12716
188.0,12716
188.27,12715
188.52,12714
188.74,12713
188.98,12712
189.14,12711
189.35,12710
189.56,12709
189.74,12708
189.94,12707
190.13,12706
190.35,12705
190.53,12704
190.77,12703
190.79,12703
191.0,12702
191.15,12701
191.37,12700
191.55,12699
191.77,12698
191.94,12697
192.15,12696
192.3,12695
192.52,12694
192.7,12693
192.86,12692
192.91,12692
193.07,12691
193.28,12690
193.43,12689
193.65,12688
193.83,12687
194.02,12686
194.18,12685
194.38,12684
194.56,12683
194.8,12682
194.96,12681
195.19,12680
195.36,12679
195.54,12678
195.77,12677
195.93,12676
196.14,12675
196.29,12674
196.5,12673
196.67,12672
196.87,12671
197.04,12670
197.22,12669
197.39,12668
197.54,12667
197.77,12666
197.93,12665
198.14,12664
198.21,12664
198.42,12663
198.57,12662
198.79,12661
198.95,12660
199.11,12659
199.35,12658
199.51,12657
199.74,12656
199.9,12655
200.08,12654
200.25,12653
200.45,12652
200.66,12651
200.84,12650
200.86,12650
201.08,12649
201.24,12648
201.46,12647
201.64,12646
201.69,12646
201.88,12645
202.13,12644
202.29,12643
202.5,12642
202.67,12641
202.88,12640
203.04,12639
203.25,12638
203.26,12638
203.42,12637
203.63,12636
203.81,12635
204.02,12634
204.18,12633
204.39,12632
204.4,12632
204.58,12631
204.77,12630
204.99,12629
205.19,12628
205.49,12627
205.66,12626
205.9,12625
206.07,12624
206.28,12623
206.44,12622
206.64,12621
206.82,12620
206.97,12619
207.18,12618
207.38,12617
207.54,12616
207.72,12615
207.91,12614
208.09,12613
208.27,12612
208.44,12611
208.64,12610
208.8,12609
209.01,12608
209.16,12607
209.37,12606
209.53,12605
209.73,12604
209.91,12603
210.09,12602
210.24,12601
210.44,12600
210.59,12599
210.77,12598
210.97,12597
211.12,12596
211.34,12595
211.51,12594
211.71,12593
211.79,12593
211.96,12592
212.15,12591
212.32,12590
212.52,12589
212.68,12588
212.89,12587
213.04,12586
213.25,12585
213.41,12584
213.6,12583
213.78,12582
213.98,12581
214.14,12580
214.35,12579
214.5,12578
214.71,12577
214.88,12576
215.08,12575
215.25,12574
215.44,12573
215.6,12572
215.8,12571
215.81,12571
215.97,12570
216.18,12569
216.33,12568
216.54,12567
216.68,12566
216.89,12565
217.04,12564
217.23,12563
217.39,12562
217.61,12561
217.76,12560
217.96,12559
218.12,12558
218.34,12557
218.49,12556
218.7,12555
218.84,12554
219.01,12553
219.22,12552
219.37,12551
219.58,12550
219.73,12549
219.94,12548
220.11,12547
220.31,12546
220.47,12545
220.67,12544
220.83,12543
220.99,12542
221.18,12541
221.35,12540
221.55,12539
221.73,12538
221.91,12537
222.08,12536
222.28,12535
222.44,12534
222.66,12533
222.83,12532
223.04,12531
223.2,12530
223.36,12529
223.57,12528
223.73,12527
223.93,12526
224.09,12525
224.29,12524
224.44,12523
224.65,12522
224.83,12521
225.01,12520
225.18,12519
225.4,12518
225.56,12517
225.77,12516
225.93,12515
226.13,12514
226.3,12513
226.46,12512
226.66,12511
226.82,12510
227.02,12509
227.19,12508
227.38,12507
227.39,12507
227.56,12506
227.75,12505
227.92,12504
228.13,12503
228.27,12502
228.48,12501
228.64,12500
228.85,12499
229.02,12498
229.21,12497
229.38,12496
229.58,12495
229.74,12494
229.94,12493
230.11,12492
230.31,12491
230.32,12491
230.48,12490
230.68,12489
230.84,12488
231.05,12487
231.22,12486
231.42,12485
231.57,12484
231.78,12483
231.95,12482
232.15,12481
232.31,12480
232.52,12479
232.67,12478
232.84,12477
233.03,12476
233.19,12475
233.2,12475
233.41,12474
233.56,12473
233.77,12472
233.94,12471
234.13,12470
234.3,12469
234.5,12468
234.67,12467
234.88,12466
235.02,12465
235.23,12464
235.39,12463
235.59,12462
235.76,12461
235.96,12460
236.13,12459
236.28,12458
236.49,12457
236.66,12456
236.86,12455
237.02,12454
237.22,12453
237.38,12452
237.58,12451
237.75,12450
237.95,12449
238.11,12448
238.12,12448
238.32,12447
238.48,12446
238.69,12445
238.87,12444
239.07,12443
239.22,12442
239.4,12441
239.58,12440
239.79,12439
239.94,12438
240.14,12437
240.29,12436
240.47,12435
240.65,12434
240.82,12433
241.01,12432
241.18,12431
241.36,12430
241.53,12429
241.72,12428
241.9,12427
242.1,12426
242.26,12425
242.46,12424
242.63,12423
242.82,12422
242.99,12421
243.2,12420
243.35,12419
243.56,12418
243.72,12417
243.89,12416
244.08,12415
244.24,12414
244.45,12413
244.6,12412
244.82,12411
244.96,12410
245.17,12409
245.34,12408
245.53,12407
245.71,12406
245.92,12405
246.07,12404
246.28,12403
246.43,12402
246.64,12401
246.79,12400
247.0,12399
247.15,12398
247.36,12397
247.53,12396
247.73,12395
247.9,12394
248.06,12393
248.25,12392
248.42,12391
248.61,12390
248.78,12389
248.98,12388
249.14,12387
249.35,12386
249.51,12385
249.72,12384
249.88,12383
250.08,12382
250.24,12381
250.45,12380
250.46,12380
250.61,12379
250.82,12378
250.98,12377
251.18,12376
251.35,12375
251.54,12374
251.71,12373
251.92,12372
252.07,12371
252.23,12370
252.45,12369
252.61,12368
252.81,12367
252.97,12366
253.17,12365
253.34,12364
253.55,12363
253.56,12363
253.78,12362
253.95,12361
254.12,12360
254.35,12359
254.56,12358
254.75,12357
254.97,12356
255.15,12355
255.36,12354
255.54,12353
255.74,12352
255.89,12351
256.06,12350
256.25,12349
256.42,12348
256.63,12347
256.78,12346
257.0,12345
257.15,12344
257.36,12343
257.52,12342
257.74,12341
257.91,12340
258.11,12339
258.28,12338
258.5,12337
258.68,12336
258.86,12335
259.03,12334
259.24,12333
259.41,12332
259.63,12331
259.79,12330
260.0,12329
260.15,12328
260.36,12327
260.51,12326
260.74,12325
260.91,12324
261.1,12323
261.28,12322
261.47,12321
261.63,12320
261.84,12319
262.0,12318
262.16,12317
262.36,12316
262.53,12315
262.74,12314
262.89,12313
262.95,12313
263.11,12312
263.32,12311
263.47,12310
263.68,12309
263.84,12308
264.04,12307
264.21,12306
264.4,12305
264.56,12304
264.76,12303
264.9,12302
265.13,12301
265.28,12300
265.43,12299
265.64,12298
265.81,12297
266.0,12296
266.18,12295
266.39,12294
266.56,12293
266.74,12292
266.92,12291
267.12,12290
267.27,12289
267.48,12288
267.63,12287
267.87,12286
268.01,12285
268.19,12284
268.38,12283
268.55,12282
268.78,12281
268.94,12280
269.11,12279
269.29,12278
269.49,12277
269.66,12276
269.86,12275
270.02,12274
270.21,12273
270.39,12272
270.6,12271
270.75,12270
270.97,12269
271.14,12268
271.29,12267
271.5,12266
271.67,12265
271.88,12264
272.04,12263
272.25,12262
272.26,12262
272.47,12261
272.62,12260
272.63,12260
272.84,12259
272.85,12259
273.06,12258
273.21,12257
273.42,12256
273.6,12255
273.65,12255
273.81,12254
274.03,12253
274.19,12252
274.39,12251
274.56,12250
274.72,12249
274.92,12248
275.08,12247
275.29,12246
275.47,12245
275.72,12244
275.95,12243
276.13,12242
276.35,12241
276.53,12240
276.76,12239
276.94,12238
277.17,12237
277.33,12236
277.53,12235
277.69,12234
277.9,12233
278.06,12232
278.27,12231
278.28,12231
278.44,12230
278.65,12229
278.81,12228
278.88,12228
279.08,12227
279.25,12226
279.44,12225
279.61,12224
279.83,12223
279.99,12222
280.16,12221
280.21,12221
280.37,12220
280.58,12219
280.74,12218
280.95,12217
281.1,12216
281.31,12215
281.46,12214
281.67,12213
281.85,12212
282.06,12211
282.21,12210
282.42,12209
282.59,12208
282.81,12207
282.95,12206
283.16,12205
283.34,12204
283.54,12203
283.71,12202
283.9,12201
284.08,12200
284.29,12199
284.46,12198
284.47,12198
284.69,12197
284.84,12196
285.05,12195
285.22,12194
285.41,12193
285.58,12192
285.78,12191
285.94,12190
286.15,12189
286.32,12188
286.51,12187
286.66,12186
286.87,12185
287.02,12184
287.23,12183
287.37,12182
287.45,12182
287.6,12181
287.81,12180
287.96,12179
288.17,12178
288.34,12177
288.49,12176
288.55,12176
288.72,12175
288.92,12174
288.93,12174
289.13,12173
289.29,12172
289.5,12171
289.68,12170
289.88,12169
290.04,12168
290.25,12167
290.42,12166
290.61,12165
290.77,12164
290.97,12163
291.14,12162
291.34,12161
291.5,12160
291.7,12159
291.87,12158
292.08,12157
292.25,12156
292.46,12155
292.61,12154
292.82,12153
292.97,12152
293.14,12151
293.34,12150
293.5,12149
293.7,12148
293.86,12147
293.92,12147
294.08,12146
294.29,12145
294.45,12144
294.61,12143
294.82,12142
294.99,12141
295.2,12140
295.38,12139
295.59,12138
295.77,12137
295.98,12136
296.13,12135
296.34,12134
296.5,12133
296.7,12132
296.86,12131
297.07,12130
297.22,12129
297.42,12128
297.58,12127
297.59,12127
297.8,12126
297.95,12125
298.16,12124
298.32,12123
298.51,12122
298.69,12121
298.87,12120
299.04,12119
299.25,12118
299.4,12117
299.58,12116
299.79,12115
299.94,12114
300.17,12113
300.33,12112
300.53,12111
300.69,12110
300.89,12109
301.06,12108
301.27,12107
301.42,12106
301.63,12105
301.8,12104
301.99,12103
302.17,12102
302.35,12101
302.52,12100
302.73,12099
302.74,12099
302.89,12098
303.1,12097
303.25,12096
303.45,12095
303.61,12094
303.82,12093
303.85,12093
304.05,12092
304.2,12091
304.41,12090
304.58,12089
304.79,12088
304.95,12087
305.13,12086
305.31,12085
305.5,12084
305.67,12083
305.88,12082
306.03,12081
306.25,12080
306.42,12079
306.63,12078
306.78,12077
306.98,12076
307.14,12075
307.35,12074
307.5,12073
307.71,12072
307.88,12071
308.03,12070
308.24,12069
308.38,12068
308.6,12067
308.77,12066
308.97,12065
309.13,12064
309.18,12064
309.35,12063
309.55,12062
309.71,12061
309.87,12060
310.07,12059
310.24,12058
310.43,12057
310.44,12057
310.65,12056
310.66,12056
310.83,12055
311.04,12054
311.2,12053
311.4,12052
311.56,12051
311.77,12050
311.93,12049
312.15,12048
312.16,12048
312.39,12047
312.57,12046
312.78,12045
312.93,12044
313.13,12043
313.29,12042
313.5,12041
313.67,12040
313.84,12039
314.05,12038
314.25,12037
314.41,12036
314.58,12035
314.78,12034
314.93,12033
314.94,12033
315.12,12032
315.29,12031
315.5,12030
315.51,12030
315.72,12029
315.9,12028
316.09,12027
316.26,12026
316.47,12025
316.62,12024
316.82,12023
316.98,12022
317.19,12021
317.37,12020
317.54,12019
317.77,12018
318.01,12017
318.16,12016
318.32,12015
318.52,12014
318.69,12013
318.74,12013
318.91,12012
318.96,12012
319.11,12011
319.32,12010
319.5,12009
319.68,12008
319.85,12007
320.04,12006
320.22,12005
320.27,12005
320.41,12004
320.62,12003
320.64,12003
320.86,12002
321.03,12001
321.21,12000
321.39,11999
321.6,11998
321.75,11997
321.93,11996
322.1,11995
322.32,11994
322.49,11993
322.68,11992
322.85,11991
323.05,11990
323.13,11990
323.28,11989
323.48,11988
323.65,11987
323.84,11986
324.01,11985
324.21,11984
324.37,11983
324.56,11982
324.73,11981
324.89,11980
325.1,11979
325.28,11978
325.49,11977
325.65,11976
325.85,11975
326.02,11974
326.21,11973
326.38,11972
326.58,11971
326.75,11970
326.95,11969
327.1,11968
327.29,11967
327.46,11966
327.66,11965
327.83,11964
328.04,11963
328.19,11962
328.35,11961
328.55,11960
328.73,11959
328.91,11958
329.08,11957
329.14,11957
329.29,11956
329.5,11955
329.67,11954
329.87,11953
330.03,11952
330.24,11951
330.3,11951
330.46,11950
330.62,11949
330.83,11948
330.99,11947
331.19,11946
331.36,11945
331.56,11944
331.73,11943
331.93,11942
332.09,11941
332.14,11941
332.31,11940
332.5,11939
332.67,11938
332.82,11937
333.03,11936
333.18,11935
333.4,11934
333.61,11933
333.78,11932
333.93,11931
334.14,11930
334.3,11929
334.51,11928
334.68,11927
334.73,11927
334.9,11926
335.09,11925
335.23,11924
335.44,11923
335.6,11922
335.8,11921
335.97,11920
336.12,11919
336.33,11918
336.48,11917
336.7,11916
336.86,11915
337.06,11914
337.22,11913
337.23,11913
337.45,11912
337.62,11911
337.81,11910
337.96,11909
338.17,11908
338.35,11907
338.56,11906
338.72,11905
338.77,11905
338.94,11904
339.14,11903
339.3,11902
339.5,11901
339.66,11900
339.87,11899
340.03,11898
340.23,11897
340.4,11896
340.6,11895
340.77,11894
340.97,11893
340.98,11893
341.13,11892
341.34,11891
341.49,11890
341.7,11889
341.87,11888
342.08,11887
342.24,11886
342.45,11885
342.62,11884
342.82,11883
342.98,11882
343.19,11881
343.34,11880
343.51,11879
343.72,11878
343.88,11877
344.08,11876
344.24,11875
344.44,11874
344.59,11873
344.8,11872
344.97,11871
345.12,11870
345.34,11869
345.49,11868
345.7,11867
345.87,11866
346.07,11865
346.24,11864
346.44,11863
346.6,11862
346.8,11861
346.81,11861
346.87,11861
347.04,11860
347.24,11859
347.41,11858
347.62,11857
347.78,11856
347.98,11855
348.14,11854
348.35,11853
348.51,11852
348.59,11852
348.8,11851
348.96,11850
349.15,11849
349.32,11848
349.53,11847
349.68,11846
349.89,11845
350.04,11844
350.25,11843
350.4,11842
350.61,11841
350.77,11840
350.97,11839
351.15,11838
351.35,11837
351.51,11836
351.71,11835
351.87,11834
352.07,11833
352.24,11832
352.4,11831
352.61,11830
352.81,11829
353.06,11828
353.27,11827
353.48,11826
353.67,11825
353.88,11824
354.04,11823
354.24,11822
354.4,11821
354.61,11820
354.76,11819
354.97,11818
355.14,11817
355.32,11816
355.5,11815
355.71,11814
355.85,11813
356.07,11812
356.21,11811
356.42,11810
356.57,11809
356.74,11808
356.75,11808
356.95,11807
357.11,11806
357.18,11806
357.33,11805
357.54,11804
357.56,11804
357.77,11803
357.92,11802
358.13,11801
358.29,11800
358.49,11799
358.66,11798
358.74,11798
358.92,11797
359.09,11796
359.14,11796
359.32,11795
359.52,11794
359.68,11793
359.89,11792
360.03,11791
360.1,11791
360.26,11790
360.46,11789
360.62,11788
360.79,11787
360.98,11786
361.15,11785
361.35,11784
361.36,11784
361.51,11783
361.72,11782
361.89,11781
362.07,11780
362.24,11779
362.43,11778
362.6,11777
362.61,11777
362.81,11776
362.97,11775
363.19,11774
363.36,11773
363.58,11772
363.75,11771
363.96,11770
364.13,11769
364.33,11768
364.5,11767
364.72,11766
364.89,11765
365.05,11764
365.27,11763
365.42,11762
365.64,11761
365.66,11761
365.71,11761
365.88,11760
366.08,11759
366.26,11758
366.49,11757
366.66,11756
366.67,11756
366.88,11755
367.03,11754
367.24,11753
367.39,11752
367.48,11752
367.69,11751
367.89,11750
368.12,11749
368.28,11748
368.5,11747
368.66,11746
368.88,11745
369.06,11744
369.27,11743
369.45,11742
369.5,11742
369.51,11742
369.69,11741
369.88,11740
370.07,11739
370.29,11738
370.46,11737
370.71,11736
370.86,11735
371.07,11734
371.26,11733
371.48,11732
371.64,11731
371.82,11730
372.0,11729
372.16,11728
372.37,11727
372.55,11726
372.77,11725
372.93,11724
373.15,11723
373.3,11722
373.51,11721
373.68,11720
373.89,11719
374.04,11718
374.26,11717
374.41,11716
374.62,11715
374.79,11714
375.0,11713
375.15,11712
375.36,11711
375.37,11711
375.51,11710
375.72,11709
375.74,11709
375.97,11708
376.13,11707
376.34,11706
376.35,11706
376.56,11705
376.71,11704
376.88,11703
377.07,11702
377.24,11701
377.45,11700
377.62,11699
377.82,11698
377.99,11697
378.19,11696
378.35,11695
378.56,11694
378.73,11693
378.94,11692
379.09,11691
379.3,11690
379.47,11689
379.63,11688
379.84,11687
380.0,11686
380.21,11685
380.36,11684
380.57,11683
380.72,11682
380.93,11681
381.08,11680
381.29,11679
381.3,11679
381.46,11678
381.66,11677
381.82,11676
382.02,11675
382.19,11674
382.23,11674
382.39,11673
382.6,11672
382.77,11671
382.96,11670
383.13,11669
383.3,11668
383.49,11667
383.65,11666
383.72,11666
383.87,11665
384.08,11664
384.23,11663
384.43,11662
384.61,11661
384.82,11660
384.97,11659
385.19,11658
385.36,11657
385.54,11656
385.55,11656
385.72,11655
385.93,11654
385.99,11654
386.14,11653
386.32,11652
386.52,11651
386.68,11650
386.88,11649
387.03,11648
387.24,11647
387.41,11646
387.6,11645
387.77,11644
387.98,11643
388.13,11642
388.34,11641
388.49,11640
388.7,11639
388.86,11638
389.03,11637
389.23,11636
389.37,11635
389.57,11634
389.74,11633
389.94,11632
390.11,11631
390.32,11630
390.49,11629
390.68,11628
390.85,11627
391.04,11626
391.21,11625
391.42,11624
391.57,11623
391.78,11622
391.93,11621
392.14,11620
392.3,11619
392.5,11618
392.67,11617
392.87,11616
392.88,11616
392.89,11616
393.09,11615
393.26,11614
393.31,11614
393.47,11613
393.67,11612
393.68,11612
393.85,11611
394.03,11610
394.2,11609
394.4,11608
394.56,11607
394.77,11606
394.92,11605
395.1,11604
395.31,11603
395.46,11602
395.64,11601
395.81,11600
395.86,11600
396.01,11599
396.22,11598
396.39,11597
396.58,11596
396.75,11595
396.96,11594
397.11,11593
397.32,11592
397.33,11592
397.5,11591
397.69,11590
397.74,11590
397.91,11589
398.12,11588
398.28,11587
398.48,11586
398.64,11585
398.81,11584
399.01,11583
399.2,11582
399.37,11581
399.52,11580
399.73,11579
399.89,11578
400.09,11577
400.26,11576
400.47,11575
400.63,11574
400.84,11573
400.99,11572
401.19,11571
401.35,11570
401.55,11569
401.71,11568
401.91,11567
402.08,11566
402.09,11566
402.3,11565
402.45,11564
402.68,11563
402.83,11562
403.04,11561
403.2,11560
403.39,11559
403.55,11558
403.77,11557
403.93,11556
404.14,11555
404.3,11554
404.51,11553
404.66,11552
404.87,11551
405.03,11550
405.19,11549
405.38,11548
405.55,11547
405.76,11546
405.81,11546
405.97,11545
406.14,11544
406.34,11543
406.49,11542
406.7,11541
406.86,11540
407.06,11539
407.23,11538
407.29,11538
407.46,11537
407.65,11536
407.8,11535
407.84,11535
408.01,11534
408.22,11533
408.37,11532
408.55,11531
408.74,11530
408.91,11529
409.12,11528
409.28,11527
409.48,11526
409.49,11526
409.71,11525
409.88,11524
410.08,11523
410.24,11522
410.45,11521
410.47,11521
410.69,11520
410.86,11519
411.08,11518
411.25,11517
411.47,11516
411.48,11516
411.69,11515
411.85,11514
412.08,11513
412.36,11512
412.57,11511
412.64,11511
412.82,11510
413.03,11509
413.18,11508
413.39,11507
413.56,11506
413.76,11505
413.93,11504
414.14,11503
414.29,11502
414.5,11501
414.65,11500
414.86,11499
414.92,11499
415.09,11498
415.26,11497
415.32,11497
415.48,11496
415.69,11495
415.86,11494
416.07,11493
416.22,11492
416.42,11491
416.58,11490
416.79,11489
416.95,11488
416.96,11488
417.0,11488
417.16,11487
417.32,11486
417.54,11485
417.55,11485
417.78,11484
417.95,11483
418.13,11482
418.34,11481
418.48,11480
418.68,11479
418.83,11478
419.04,11477
419.05,11477
419.1,11477
419.26,11476
419.46,11475
419.63,11474
419.79,11473
420.0,11472
420.15,11471
420.35,11470
420.53,11469
420.58,11469
420.75,11468
420.96,11467
421.11,11466
421.31,11465
421.47,11464
421.52,11464
421.69,11463
421.91,11462
422.08,11461
422.26,11460
422.27,11460
422.47,11459
422.48,11459
422.64,11458
422.85,11457
423.03,11456
423.21,11455
423.39,11454
423.59,11453
423.75,11452
423.95,11451
424.1,11450
424.31,11449
424.48,11448
424.67,11447
424.84,11446
424.99,11445
425.2,11444
425.37,11443
425.42,11443
425.58,11442
425.78,11441
425.95,11440
426.17,11439
426.33,11438
426.53,11437
426.69,11436
426.9,11435
426.91,11435
426.98,11435
427.19,11434
427.21,11434
427.41,11433
427.42,11433
427.61,11432
427.78,11431
427.98,11430
428.14,11429
428.15,11429
428.35,11428
428.52,11427
428.72,11426
428.88,11425
429.09,11424
429.25,11423
429.45,11422
429.61,11421
429.82,11420
429.99,11419
430.18,11418
430.39,11417
430.54,11416
430.75,11415
430.93,11414
431.13,11413
431.14,11413
431.29,11412
431.5,11411
431.51,11411
431.66,11410
431.87,11409
431.88,11409
432.09,11408
432.1,11408
432.31,11407
432.46,11406
432.67,11405
432.84,11404
432.99,11403
433.2,11402
433.37,11401
433.57,11400
433.78,11399
433.95,11398
434.11,11397
434.31,11396
434.48,11395
434.67,11394
434.84,11393
435.05,11392
435.2,11391
435.25,11391
435.42,11390
435.62,11389
435.79,11388
435.99,11387
436.0,11387
436.19,11386
436.39,11385
436.55,11384
436.75,11383
436.77,11383
436.96,11382
437.13,11381
437.35,11380
437.52,11379
437.71,11378
437.73,11378
437.93,11377
438.1,11376
438.34,11375
438.52,11374
438.75,11373
438.99,11372
439.17,11371
439.39,11370
439.41,11370
439.63,11369
439.8,11368
440.01,11367
440.02,11367
440.09,11367
440.27,11366
440.45,11365
440.66,11364
440.67,11364
440.87,11363
441.03,11362
441.2,11361
441.38,11360
441.59,11359
441.75,11358
441.95,11357
442.12,11356
442.28,11355
442.49,11354
442.57,11354
442.77,11353
442.92,11352
443.09,11351
443.29,11350
443.45,11349
443.49,11349
443.67,11348
443.89,11347
443.91,11347
444.12,11346
444.3,11345
444.49,11344
444.66,11343
444.88,11342
445.06,11341
445.3,11340
445.45,11339
445.66,11338
445.67,11338
445.84,11337
446.04,11336
446.23,11335
446.42,11334
446.58,11333
446.76,11332
446.78,11332
446.99,11331
447.14,11330
447.15,11330
447.35,11329
447.36,11329
447.55,11328
447.72,11327
447.93,11326
447.95,11326
448.13,11325
448.3,11324
448.51,11323
448.69,11322
448.89,11321
449.05,11320
449.26,11319
449.41,11318
449.61,11317
449.77,11316
449.97,11315
450.12,11314
450.13,11314
450.33,11313
450.48,11312
450.49,11312
450.7,11311
450.86,11310
450.94,11310
451.13,11309
451.32,11308
451.53,11307
451.54,11307
451.69,11306
451.9,11305
452.04,11304
452.25,11303
452.42,11302
452.61,11301
452.79,11300
452.99,11299
453.14,11298
453.37,11297
453.53,11296
453.73,11295
453.89,11294
454.1,11293
454.25,11292
454.46,11291
454.62,11290
454.63,11290
454.84,11289
455.0,11288
455.22,11287
455.23,11287
455.41,11286
455.59,11285
455.79,11284
455.97,11283
456.18,11282
456.34,11281
456.56,11280
456.72,11279
456.91,11278
456.92,11278
457.09,11277
457.1,11277
457.28,11276
457.45,11275
457.66,11274
457.81,11273
458.02,11272
458.19,11271
458.39,11270
458.55,11269
458.75,11268
458.92,11267
458.93,11267
459.13,11266
459.14,11266
459.34,11265
459.51,11264
459.69,11263
459.85,11262
460.05,11261
460.23,11260
460.42,11259
460.51,11259
460.66,11258
460.72,11258
460.93,11257
461.08,11256
461.29,11255
461.45,11254
461.62,11253
461.82,11252
461.99,11251
462.18,11250
462.35,11249
462.54,11248
462.71,11247
462.93,11246
462.94,11246
463.15,11245
463.3,11244
463.51,11243
463.66,11242
463.88,11241
464.05,11240
464.25,11239
464.41,11238
464.61,11237
464.76,11236
464.91,11235
465.12,11234
465.28,11233
465.48,11232
465.65,11231
465.86,11230
466.01,11229
466.22,11228
466.38,11227
466.59,11226
466.75,11225
466.96,11224
467.11,11223
467.32,11222
467.48,11221
467.55,11221
467.71,11220
467.91,11219
468.07,11218
468.27,11217
468.44,11216
468.64,11215
468.81,11214
469.01,11213
469.18,11212
469.39,11211
469.54,11210
469.75,11209
469.9,11208
470.11,11207
470.13,11207
470.17,11207
470.19,11207
470.39,11206
470.41,11206
470.47,11206
470.63,11205
470.83,11204
471.0,11203
471.18,11202
471.36,11201
471.37,11201
471.58,11200
471.73,11199
471.94,11198
472.09,11197
472.33,11196
472.48,11195
472.69,11194
472.86,11193
473.07,11192
473.08,11192
473.27,11191
473.43,11190
473.59,11189
473.81,11188
474.05,11187
474.23,11186
474.45,11185
474.6,11184
474.82,11183
474.83,11183
475.03,11182
475.2,11181
475.37,11180
475.57,11179
475.75,11178
475.94,11177
476.03,11177
476.18,11176
476.38,11175
476.54,11174
476.75,11173
476.92,11172
477.09,11171
477.1,11171
477.27,11170
477.46,11169
477.47,11169
477.67,11168
477.69,11168
477.9,11167
478.06,11166
478.15,11166
478.37,11165
478.54,11164
478.74,11163
478.9,11162
479.1,11161
479.27,11160
479.48,11159
479.64,11158
479.84,11157
479.85,11157
480.01,11156
480.21,11155
480.38,11154
480.57,11153
480.74,11152
480.95,11151
481.11,11150
481.31,11149
481.33,11149
481.49,11148
481.68,11147
481.86,11146
482.06,11145
482.26,11144
482.43,11143
482.44,11143
482.64,11142
482.65,11142
482.85,11141
483.03,11140
483.25,11139
483.4,11138
483.61,11137
483.77,11136
483.97,11135
484.12,11134
484.33,11133
484.5,11132
484.7,11131
484.86,11130
485.06,11129
485.22,11128
485.42,11127
485.59,11126
485.78,11125
485.79,11125
485.96,11124
486.16,11123
486.33,11122
486.55,11121
486.71,11120
486.91,11119
486.93,11119
487.14,11118
487.31,11117
487.5,11116
487.67,11115
487.9,11114
488.06,11113
488.27,11112
488.43,11111
488.63,11110
488.79,11109
489.01,11108
489.16,11107
489.37,11106
489.53,11105
489.73,11104
489.9,11103
490.1,11102
490.25,11101
490.26,11101
490.46,11100
490.47,11100
490.63,11099
490.83,11098
491.01,11097
491.19,11096
491.36,11095
491.37,11095
491.56,11094
491.73,11093
491.79,11093
492.0,11092
492.18,11091
492.39,11090
492.41,11090
492.62,11089
492.78,11088
492.96,11087
493.13,11086
493.34,11085
493.51,11084
493.72,11083
493.87,11082
494.08,11081
494.23,11080
494.44,11079
494.61,11078
494.81,11077
494.97,11076
495.04,11076
495.1,11076
495.27,11075
495.39,11075
495.56,11074
495.77,11073
495.78,11073
495.98,11072
496.14,11071
496.3,11070
496.51,11069
496.69,11068
496.88,11067
497.05,11066
497.09,11066
497.27,11065
497.47,11064
497.64,11063
497.8,11062
498.02,11061
498.17,11060
498.38,11059
498.39,11059
498.59,11058
498.61,11058
498.81,11057
498.98,11056
499.04,11056
499.21,11055
499.42,11054
499.61,11053
499.62,11053
499.82,11052
499.9,11052
499.92,11052
500.13,11051
500.3,11050
500.5,11049
500.66,11048
500.87,11047
501.03,11046
501.23,11045
501.39,11044
501.59,11043
501.74,11042
501.92,11041
502.03,11041
502.19,11040
502.3,11040
502.45,11039
502.68,11038
502.87,11037
503.02,11036
503.22,11035
503.36,11034
503.57,11033
503.71,11032
503.76,11032
503.91,11031
504.09,11030
504.23,11029
504.41,11028
504.56,11027
504.74,11026
504.88,11025
505.06,11024
505.24,11023
505.42,11022
505.56,11021
505.75,11020
505.9,11019
506.08,11018
506.22,11017
506.37,11016
506.42,11016
506.56,11015
506.74,11014
506.89,11013
506.92,11013
506.94,11013
507.13,11012
507.14,11012
507.29,11011
507.47,11010
507.61,11009
507.79,11008
507.93,11007
508.11,11006
508.25,11005
508.31,11005
508.49,11004
508.5,11004
508.64,11003
508.83,11002
508.98,11001
509.16,11000
509.3,10999
509.35,10999
509.49,10998
509.67,10997
509.68,10997
509.83,10996
510.01,10995
510.15,10994
510.35,10993
510.53,10992
510.67,10991
510.85,10990
511.0,10989
511.18,10988
511.33,10987
511.38,10987
511.54,10986
511.72,10985
511.87,10984
512.04,10983
512.05,10983
512.2,10982
512.37,10981
512.52,10980
512.7,10979
512.84,10978
513.02,10977
513.03,10977
513.17,10976
513.35,10975
513.5,10974
513.55,10974
513.6,10974
513.75,10973
513.93,10972
514.08,10971
514.25,10970
514.4,10969
514.55,10968
514.74,10967
514.75,10967
514.81,10967
514.96,10966
515.15,10965
515.33,10964
515.48,10963
515.49,10963
515.67,10962
515.87,10961
516.02,10960
516.21,10959
516.36,10958
516.54,10957
516.68,10956
516.86,10955
516.93,10955
517.07,10954
517.25,10953
517.4,10952
517.44,10952
517.59,10951
517.77,10950
517.92,10949
518.09,10948
518.24,10947
518.39,10946
518.56,10945
518.71,10944
518.89,10943
519.03,10942
519.21,10941
519.36,10940
519.53,10939
519.68,10938
519.86,10937
520.0,10936
520.04,10936
520.19,10935
520.37,10934
520.52,10933
520.57,10933
520.71,10932
520.76,10932
520.92,10931
521.1,10930
521.25,10929
521.42,10928
521.57,10927
521.62,10927
521.77,10926
521.94,10925
522.09,10924
522.27,10923
522.29,10923
522.46,10922
522.53,10922
522.68,10921
522.86,10920
523.0,10919
523.15,10918
523.33,10917
523.34,10917
523.52,10916
523.66,10915
523.84,10914
523.99,10913
524.17,10912
524.31,10911
524.49,10910
524.64,10909
524.68,10909
524.83,10908
524.84,10908
525.02,10907
525.07,10907
525.22,10906
525.36,10905
525.4,10905
525.56,10904
525.74,10903
525.89,10902
526.08,10901
526.22,10900
526.4,10899
526.55,10898
526.73,10897
526.87,10896
527.05,10895
527.2,10894
527.37,10893
527.52,10892
527.7,10891
527.84,10890
528.02,10889
528.16,10888
528.31,10887
528.49,10886
528.63,10885
528.69,10885
528.87,10884
529.02,10883
529.19,10882
529.35,10881
529.52,10880
529.69,10879
529.76,10879
529.94,10878
530.08,10877
530.29,10876
530.45,10875
530.63,10874
530.78,10873
530.96,10872
531.11,10871
531.29,10870
531.3,10870
531.36,10870
531.54,10869
531.69,10868
531.87,10867
532.01,10866
532.19,10865
532.34,10864
532.48,10863
532.67,10862
532.81,10861
532.99,10860
533.13,10859
533.31,10858
533.46,10857
533.64,10856
533.78,10855
533.96,10854
534.12,10853
534.16,10853
534.3,10852
534.31,10852
534.48,10851
534.63,10850
534.82,10849
534.84,10849
535.02,10848
535.17,10847
535.32,10846
535.5,10845
535.68,10844
535.7,10844
535.88,10843
536.02,10842
536.17,10841
536.35,10840
536.49,10839
536.67,10838
536.82,10837
536.86,10837
536.92,10837
537.07,10836
537.21,10835
537.39,10834
537.45,10834
537.59,10833
537.78,10832
537.85,10832
537.99,10831
538.17,10830
538.31,10829
538.32,10829
538.5,10828
538.65,10827
538.85,10826
539.0,10825
539.18,10824
539.33,10823
539.5,10822
539.65,10821
539.7,10821
539.85,10820
539.9,10820
540.06,10819
540.24,10818
540.26,10818
540.3,10818
540.45,10817
540.63,10816
540.77,10815
540.96,10814
541.11,10813
541.29,10812
541.44,10811
541.62,10810
541.76,10809
541.95,10808
541.96,10808
542.14,10807
542.28,10806
542.33,10806
542.48,10805
542.62,10804
542.81,10803
542.82,10803
543.0,10802
543.02,10802
543.07,10802
543.22,10801
543.26,10801
543.4,10800
543.58,10799
543.73,10798
543.92,10797
544.07,10796
544.25,10795
544.4,10794
544.58,10793
544.73,10792
544.91,10791
545.06,10790
545.21,10789
545.36,10788
545.53,10787
545.65,10786
545.7,10786
545.78,10786
545.96,10785
546.09,10784
546.29,10783
546.43,10782
546.61,10781
546.77,10780
546.92,10779
546.93,10779
547.1,10778
547.22,10777
547.23,10777
547.39,10776
547.51,10775
547.67,10774
547.8,10773
547.96,10772
548.09,10771
548.24,10770
548.38,10769
548.53,10768
548.66,10767
548.82,10766
548.94,10765
549.0,10765
549.16,10764
549.29,10763
549.44,10762
549.57,10761
549.73,10760
549.79,10760
549.92,10759
549.96,10759
550.09,10758
550.25,10757
550.37,10756
550.52,10755
550.58,10755
550.72,10754
550.87,10753
551.0,10752
551.16,10751
551.3,10750
551.36,10750
551.52,10749
551.67,10748
551.8,10747
551.96,10746
552.09,10745
552.1,10745
552.26,10744
552.38,10743
552.53,10742
552.67,10741
552.82,10740
552.83,10740
552.88,10740
553.02,10739
553.18,10738
553.31,10737
553.32,10737
553.47,10736
553.6,10735
553.76,10734
553.89,10733
553.92,10733
554.06,10732
554.21,10731
554.34,10730
554.49,10729
554.5,10729
554.66,10728
554.79,10727
554.94,10726
555.07,10725
555.24,10724
555.36,10723
555.37,10723
555.52,10722
555.65,10721
555.82,10720
555.94,10719
556.09,10718
556.23,10717
556.24,10717
556.38,10716
556.52,10715
556.69,10714
556.7,10714
556.86,10713
556.98,10712
557.11,10711
557.27,10710
557.39,10709
557.4,10709
557.55,10708
557.56,10708
557.71,10707
557.74,10707
557.91,10706
558.03,10705
558.18,10704
558.32,10703
558.47,10702
558.61,10701
558.76,10700
558.9,10699
558.94,10699
559.06,10698
559.11,10698
559.23,10697
559.39,10696
559.4,10696
559.52,10695
559.7,10694
559.88,10693
560.01,10692
560.17,10691
560.19,10691
560.34,10690
560.47,10689
560.6,10688
560.63,10688
560.76,10687
560.92,10686
561.05,10685
561.14,10685
561.27,10684
561.43,10683
561.55,10682
561.72,10681
561.85,10680
561.98,10679
562.13,10678
562.27,10677
562.42,10676
562.56,10675
562.71,10674
562.84,10673
563.0,10672
563.03,10672
563.18,10671
563.29,10670
563.46,10669
563.59,10668
563.74,10667
563.88,10666
564.05,10665
564.2,10664
564.35,10663
564.48,10662
564.52,10662
564.65,10661
564.69,10661
564.83,10660
565.0,10659
565.13,10658
565.14,10658
565.22,10658
565.28,10658
565.43,10657
565.45,10657
565.6,10656
565.74,10655
565.89,10654
566.03,10653
566.04,10653
566.19,10652
566.35,10651
566.47,10650
566.51,10650
566.64,10649
566.8,10648
566.82,10648
566.97,10647
567.09,10646
567.22,10645
567.39,10644
567.54,10643
567.67,10642
567.81,10641
567.92,10640
568.06,10639
568.18,10638
568.22,10638
568.27,10638
568.4,10637
568.55,10636
568.67,10635
568.7,10635
568.83,10634
568.95,10633
569.1,10632
569.22,10631
569.25,10631
569.37,10630
569.49,10629
569.61,10628
569.74,10627
569.85,10626
569.86,10626
569.89,10626
569.9,10626
570.01,10625
570.14,10624
570.16,10624
570.29,10623
570.4,10622
570.53,10621
570.64,10620
570.77,10619
570.88,10618
570.92,10618
571.03,10617
571.17,10616
571.28,10615
571.41,10614
571.52,10613
571.56,10613
571.67,10612
571.71,10612
571.82,10611
571.95,10610
571.97,10610
572.1,10609
572.22,10608
572.36,10607
572.47,10606
572.61,10605
572.72,10604
572.85,10603
572.86,10603
572.99,10602
573.05,10602
573.2,10601
573.32,10600
573.44,10599
573.46,10599
573.48,10599
573.61,10598
573.72,10597
573.85,10596
573.97,10595
574.08,10594
574.21,10593
574.32,10592
574.34,10592
574.45,10591
574.56,10590
574.6,10590
574.73,10589
574.84,10588
574.98,10587
575.09,10586
575.21,10585
575.33,10584
575.44,10583
575.57,10582
575.69,10581
575.82,10580
575.93,10579
576.06,10578
576.18,10577
576.22,10577
576.35,10576
576.36,10576
576.46,10575
576.6,10574
576.71,10573
576.84,10572
576.96,10571
577.09,10570
577.2,10569
577.33,10568
577.45,10567
577.57,10566
577.68,10565
577.82,10564
577.83,10564
577.94,10563
578.06,10562
578.19,10561
578.32,10560
578.44,10559
578.56,10558
578.68,10557
578.81,10556
578.93,10555
579.04,10554
579.07,10554
579.11,10554
579.16,10554
579.28,10553
579.4,10552
579.51,10551
579.65,10550
579.76,10549
579.89,10548
580.0,10547
580.13,10546
580.24,10545
580.35,10544
580.49,10543
580.54,10543
580.67,10542
580.78,10541
580.79,10541
580.82,10541
580.94,10540
581.07,10539
581.08,10539
581.2,10538
581.22,10538
581.33,10537
581.36,10537
581.47,10536
581.6,10535
581.72,10534
581.84,10533
581.97,10532
582.08,10531
582.1,10531
582.22,10530
582.26,10530
582.27,10530
582.43,10529
582.44,10529
582.56,10528
582.68,10527
582.8,10526
582.93,10525
583.05,10524
583.18,10523
583.3,10522
583.43,10521
583.54,10520
583.67,10519
583.78,10518
583.92,10517
584.03,10516
584.16,10515
584.27,10514
584.4,10513
584.51,10512
584.55,10512
584.66,10511
584.79,10510
584.91,10509
585.04,10508
585.15,10507
585.16,10507
585.29,10506
585.4,10505
585.53,10504
585.64,10503
585.77,10502
585.78,10502
585.89,10501
586.03,10500
586.14,10499
586.27,10498
586.42,10497
586.54,10496
586.65,10495
586.77,10494
586.93,10493
587.1,10492
587.21,10491
587.34,10490
587.45,10489
587.5,10489
587.57,10489
587.7,10488
587.82,10487
587.86,10487
587.9,10487
588.01,10486
588.15,10485
588.26,10484
588.39,10483
588.5,10482
588.64,10481
588.75,10480
588.78,10480
588.9,10479
589.03,10478
589.14,10477
589.27,10476
589.39,10475
589.52,10474
589.54,10474
589.66,10473
589.77,10472
589.78,10472
589.91,10471
590.02,10470
590.05,10470
590.17,10469
590.3,10468
590.41,10467
590.42,10467
590.55,10466
590.66,10465
590.79,10464
590.9,10463
591.04,10462
591.15,10461
591.18,10461
591.29,10460
591.43,10459
591.45,10459
591.56,10458
591.68,10457
591.82,10456
591.93,10455
592.05,10454
592.17,10453
592.32,10452
592.43,10451
592.44,10451
592.58,10450
592.69,10449
592.82,10448
592.93,10447
593.07,10446
593.08,10446
593.21,10445
593.32,10444
593.38,10444
593.51,10443
593.63,10442
593.75,10441
593.76,10441
593.87,10440
594.0,10439
594.05,10439
594.16,10438
594.19,10438
594.21,10438
594.34,10437
594.45,10436
594.58,10435
594.7,10434
594.83,10433
594.94,10432
595.08,10431
595.2,10430
595.32,10429
595.43,10428
595.57,10427
595.68,10426
595.81,10425
595.92,10424
596.05,10423
596.17,10422
596.3,10421
596.41,10420
596.52,10419
596.55,10419
596.68,10418
596.81,10417
596.92,10416
596.95,10416
596.97,10416
597.1,10415
597.21,10414
597.35,10413
597.47,10412
597.61,10411
597.72,10410
597.74,10410
597.85,10409
597.99,10408
598.1,10407
598.22,10406
598.35,10405
598.48,10404
598.49,10404
598.6,10403
598.63,10403
598.75,10402
598.87,10401
598.88,10401
598.99,10400
599.12,10399
599.23,10398
599.36,10397
599.47,10396
599.6,10395
599.72,10394
599.85,10393
599.97,10392
