0.0,14109
0.05,14108
0.11,14107
0.16,14106
0.22,14105
0.25,14104
0.31,14103
0.37,14102
0.44,14101
0.51,14100
0.58,14099
0.63,14098
0.69,14097
0.74,14096
0.8,14095
0.85,14094
0.91,14093
0.96,14092
1.02,14091
1.11,14090
1.19,14089
1.26,14088
1.33,14087
1.38,14086
1.42,14085
1.48,14084
1.52,14083
1.58,14082
1.64,14081
1.7,14080
1.76,14079
1.81,14078
1.87,14077
1.92,14076
1.97,14075
2.02,14074
2.07,14073
2.13,14072
2.18,14071
2.24,14070
2.29,14069
2.34,14068
2.39,14067
2.45,14066
2.49,14065
2.55,14064
2.61,14063
2.65,14062
2.71,14061
2.77,14060
2.82,14059
2.87,14058
2.92,14057
2.97,14056
3.02,14055
3.07,14054
3.13,14053
3.18,14052
3.24,14051
3.28,14050
3.34,14049
3.4,14048
3.45,14047
3.49,14046
3.55,14045
3.6,14044
3.66,14043
3.74,14042
3.8,14041
3.85,14040
3.9,14039
3.95,14038
4.01,14037
4.07,14036
4.13,14035
4.19,14034
4.25,14033
4.31,14032
4.37,14031
4.42,14030
4.49,14029
4.53,14028
4.57,14027
4.63,14026
4.68,14025
4.75,14024
4.79,14023
4.84,14022
4.9,14021
4.95,14020
5.01,14019
5.08,14018
5.14,14017
5.21,14016
5.26,14015
5.34,14014
5.39,14013
5.44,14012
5.52,14011
5.58,14010
5.63,14009
5.72,14008
5.77,14007
5.83,14006
5.88,14005
5.94,14004
6.0,14003
6.05,14002
6.11,14001
6.16,14000
6.21,13999
6.25,13998
6.3,13997
6.36,13996
6.41,13995
6.47,13994
6.54,13993
6.6,13992
6.65,13991
6.71,13990
6.77,13989
6.83,13988
6.89,13987
6.95,13986
7.02,13985
7.09,13984
7.15,13983
7.25,13982
7.38,13981
7.55,13980
7.7,13979
7.87,13978
7.98,13977
8.06,13976
8.13,13975
8.18,13974
8.24,13973
8.28,13972
8.33,13971
8.38,13970
8.43,13969
8.48,13968
8.54,13967
8.6,13966
8.65,13965
8.72,13964
8.77,13963
8.82,13962
8.86,13961
8.91,13960
8.96,13959
9.01,13958
9.07,13957
9.13,13956
9.19,13955
9.26,13954
9.31,13953
9.36,13952
9.41,13951
9.47,13950
9.52,13949
9.57,13948
9.62,13947
9.68,13946
9.73,13945
9.78,13944
9.84,13943
9.89,13942
9.95,13941
10.0,13940
10.07,13939
10.18,13938
10.28,13937
10.41,13936
10.58,13935
10.68,13934
10.9,13933
11.09,13932
11.23,13931
11.43,13930
11.56,13929
11.69,13928
11.8,13927
11.87,13926
11.96,13925
12.05,13924
12.15,13923
12.22,13922
12.28,13921
12.35,13920
12.41,13919
12.47,13918
12.53,13917
12.59,13916
12.66,13915
12.75,13914
12.81,13913
12.87,13912
12.92,13911
12.99,13910
13.05,13909
13.11,13908
13.17,13907
13.21,13906
13.28,13905
13.33,13904
13.39,13903
13.45,13902
13.5,13901
13.55,13900
13.65,13899
13.72,13898
13.83,13897
13.9,13896
13.96,13895
14.01,13894
14.06,13893
14.12,13892
14.21,13891
14.28,13890
14.33,13889
14.38,13888
14.44,13887
14.49,13886
14.55,13885
14.61,13884
14.67,13883
14.74,13882
14.8,13881
14.86,13880
14.91,13879
14.96,13878
15.01,13877
15.08,13876
15.13,13875
15.18,13874
15.24,13873
15.29,13872
15.33,13871
15.39,13870
15.43,13869
15.48,13868
15.54,13867
15.6,13866
15.65,13865
15.72,13864
15.77,13863
15.84,13862
15.9,13861
15.96,13860
16.01,13859
16.08,13858
16.14,13857
16.19,13856
16.24,13855
16.3,13854
16.37,13853
16.43,13852
16.51,13851
16.6,13850
16.69,13849
16.79,13848
16.89,13847
16.98,13846
17.04,13845
17.1,13844
17.16,13843
17.21,13842
17.26,13841
17.32,13840
17.38,13839
17.42,13838
17.47,13837
17.53,13836
17.58,13835
17.64,13834
17.7,13833
17.76,13832
17.82,13831
17.88,13830
17.93,13829
17.99,13828
18.04,13827
18.1,13826
18.16,13825
18.21,13824
18.27,13823
18.33,13822
18.39,13821
18.45,13820
18.52,13819
18.56,13818
18.61,13817
18.67,13816
18.76,13815
18.82,13814
18.88,13813
18.94,13812
18.99,13811
19.05,13810
19.13,13809
19.18,13808
19.23,13807
19.29,13806
19.35,13805
19.41,13804
19.47,13803
19.53,13802
19.58,13801
19.63,13800
19.69,13799
19.73,13798
19.78,13797
19.83,13796
19.88,13795
19.92,13794
19.97,13793
20.02,13792
20.11,13791
20.17,13790
20.22,13789
20.29,13788
20.35,13787
20.4,13786
20.45,13785
20.5,13784
20.54,13783
20.6,13782
20.66,13781
20.72,13780
20.77,13779
20.85,13778
20.94,13777
21.01,13776
21.09,13775
21.15,13774
21.22,13773
21.27,13772
21.34,13771
21.42,13770
21.49,13769
21.55,13768
21.63,13767
21.69,13766
21.76,13765
21.81,13764
21.88,13763
21.93,13762
21.99,13761
22.07,13760
22.12,13759
22.19,13758
22.25,13757
22.32,13756
22.39,13755
22.44,13754
22.49,13753
22.56,13752
22.63,13751
22.71,13750
22.77,13749
22.82,13748
22.87,13747
22.91,13746
22.95,13745
23.0,13744
23.06,13743
23.11,13742
23.19,13741
23.27,13740
23.34,13739
23.39,13738
23.44,13737
23.48,13736
23.55,13735
23.61,13734
23.69,13733
23.78,13732
23.87,13731
23.95,13730
24.05,13729
24.13,13728
24.21,13727
24.29,13726
24.36,13725
24.43,13724
24.57,13723
24.66,13722
24.73,13721
24.8,13720
24.85,13719
24.91,13718
24.97,13717
25.04,13716
25.1,13715
25.18,13714
25.23,13713
25.3,13712
25.39,13711
25.46,13710
25.52,13709
25.56,13708
25.64,13707
25.73,13706
25.83,13705
25.9,13704
25.96,13703
26.0,13702
26.07,13701
26.13,13700
26.21,13699
26.27,13698
26.33,13697
26.38,13696
26.46,13695
26.51,13694
26.59,13693
26.65,13692
26.72,13691
26.8,13690
26.87,13689
26.92,13688
26.97,13687
27.05,13686
27.11,13685
27.18,13684
27.24,13683
27.29,13682
27.35,13681
27.42,13680
27.46,13679
27.54,13678
27.6,13677
27.68,13676
27.81,13675
27.9,13674
28.01,13673
28.1,13672
28.18,13671
28.27,13670
28.37,13669
28.45,13668
28.46,13668
28.55,13667
28.65,13666
28.74,13665
28.82,13664
28.9,13663
28.99,13662
29.08,13661
29.17,13660
29.3,13659
29.41,13658
29.52,13657
29.62,13656
29.72,13655
29.83,13654
29.95,13653
30.05,13652
30.15,13651
30.24,13650
30.34,13649
30.44,13648
30.54,13647
30.64,13646
30.74,13645
30.87,13644
30.96,13643
31.06,13642
31.15,13641
31.24,13640
31.34,13639
31.44,13638
31.56,13637
31.66,13636
31.76,13635
31.88,13634
31.99,13633
32.12,13632
32.23,13631
32.33,13630
32.43,13629
32.53,13628
32.64,13627
32.75,13626
32.85,13625
32.96,13624
33.06,13623
33.15,13622
33.27,13621
33.38,13620
33.47,13619
33.55,13618
33.62,13617
33.68,13616
33.75,13615
33.82,13614
33.89,13613
33.95,13612
34.02,13611
34.1,13610
34.16,13609
34.23,13608
34.3,13607
34.36,13606
34.44,13605
34.51,13604
34.57,13603
34.63,13602
34.69,13601
34.77,13600
34.84,13599
34.89,13598
34.97,13597
35.03,13596
35.08,13595
35.15,13594
35.21,13593
35.28,13592
35.32,13591
35.39,13590
35.46,13589
35.52,13588
35.59,13587
35.65,13586
35.7,13585
35.77,13584
35.85,13583
35.91,13582
35.97,13581
36.03,13580
36.08,13579
36.12,13578
36.19,13577
36.28,13576
36.34,13575
36.39,13574
36.45,13573
36.51,13572
36.57,13571
36.62,13570
36.69,13569
36.76,13568
36.84,13567
36.91,13566
36.96,13565
37.02,13564
37.08,13563
37.16,13562
37.22,13561
37.28,13560
37.34,13559
37.41,13558
37.49,13557
37.57,13556
37.63,13555
37.69,13554
37.77,13553
37.84,13552
37.91,13551
37.96,13550
38.01,13549
38.05,13548
38.12,13547
38.18,13546
38.25,13545
38.33,13544
38.4,13543
38.47,13542
38.53,13541
38.59,13540
38.65,13539
38.74,13538
38.8,13537
38.91,13536
38.99,13535
39.08,13534
39.17,13533
39.24,13532
39.29,13531
39.34,13530
39.4,13529
39.45,13528
39.54,13527
39.63,13526
39.69,13525
39.77,13524
39.83,13523
39.92,13522
40.0,13521
40.01,13521
40.08,13520
40.17,13519
40.23,13518
40.3,13517
40.38,13516
40.43,13515
40.52,13514
40.59,13513
40.65,13512
40.76,13511
40.84,13510
40.93,13509
41.01,13508
41.1,13507
41.18,13506
41.26,13505
41.33,13504
41.44,13503
41.61,13502
41.75,13501
41.9,13500
42.07,13499
42.19,13498
42.34,13497
42.47,13496
42.57,13495
42.7,13494
42.8,13493
42.91,13492
43.0,13491
43.11,13490
43.22,13489
43.35,13488
43.44,13487
43.58,13486
43.67,13485
43.79,13484
43.88,13483
43.97,13482
44.07,13481
44.17,13480
44.28,13479
44.38,13478
44.48,13477
44.63,13476
44.81,13475
45.0,13474
45.09,13473
45.17,13472
45.25,13471
45.32,13470
45.39,13469
45.45,13468
45.53,13467
45.6,13466
45.66,13465
45.73,13464
45.81,13463
45.88,13462
46.01,13461
46.08,13460
46.15,13459
46.27,13458
46.34,13457
46.4,13456
46.46,13455
46.51,13454
46.57,13453
46.63,13452
46.69,13451
46.75,13450
46.83,13449
46.9,13448
46.96,13447
47.03,13446
47.11,13445
47.16,13444
47.22,13443
47.28,13442
47.34,13441
47.39,13440
47.46,13439
47.52,13438
47.58,13437
47.63,13436
47.68,13435
47.75,13434
47.82,13433
47.89,13432
47.95,13431
48.01,13430
48.08,13429
48.14,13428
48.21,13427
48.28,13426
48.36,13425
48.44,13424
48.53,13423
48.61,13422
48.7,13421
48.78,13420
48.87,13419
48.95,13418
49.04,13417
49.12,13416
49.21,13415
49.3,13414
49.36,13413
49.44,13412
49.5,13411
49.56,13410
49.63,13409
49.7,13408
49.77,13407
49.87,13406
49.96,13405
50.03,13404
50.11,13403
50.18,13402
50.24,13401
50.32,13400
50.37,13399
50.43,13398
50.49,13397
50.56,13396
50.63,13395
50.7,13394
50.77,13393
50.83,13392
50.92,13391
50.99,13390
51.06,13389
51.13,13388
51.2,13387
51.28,13386
51.35,13385
51.41,13384
51.46,13383
51.51,13382
51.58,13381
51.64,13380
51.71,13379
51.8,13378
51.87,13377
51.93,13376
52.0,13375
52.08,13374
52.18,13373
52.24,13372
52.31,13371
52.37,13370
52.44,13369
52.5,13368
52.57,13367
52.63,13366
52.68,13365
52.75,13364
52.81,13363
52.88,13362
52.94,13361
53.0,13360
53.06,13359
53.14,13358
53.21,13357
53.28,13356
53.37,13355
53.46,13354
53.55,13353
53.64,13352
53.73,13351
53.82,13350
53.91,13349
54.0,13348
54.08,13347
54.19,13346
54.3,13345
54.38,13344
54.46,13343
54.54,13342
54.61,13341
54.7,13340
54.78,13339
54.88,13338
54.96,13337
55.04,13336
55.13,13335
55.21,13334
55.3,13333
55.39,13332
55.49,13331
55.58,13330
55.67,13329
55.76,13328
55.85,13327
55.94,13326
56.02,13325
56.11,13324
56.2,13323
56.27,13322
56.38,13321
56.48,13320
56.56,13319
56.64,13318
56.72,13317
56.8,13316
56.89,13315
56.97,13314
57.06,13313
57.14,13312
57.23,13311
57.31,13310
57.39,13309
57.48,13308
57.6,13307
57.72,13306
57.81,13305
57.91,13304
57.99,13303
58.07,13302
58.15,13301
58.23,13300
58.31,13299
58.39,13298
58.47,13297
58.57,13296
58.67,13295
58.75,13294
58.83,13293
58.92,13292
59.01,13291
59.09,13290
59.18,13289
59.27,13288
59.43,13287
59.52,13286
59.61,13285
59.7,13284
59.79,13283
59.87,13282
59.95,13281
60.03,13280
60.11,13279
60.19,13278
60.28,13277
60.36,13276
60.43,13275
60.47,13275
60.56,13274
60.64,13273
60.72,13272
60.8,13271
60.88,13270
60.96,13269
61.06,13268
61.16,13267
61.24,13266
61.33,13265
61.41,13264
61.49,13263
61.58,13262
61.67,13261
61.75,13260
61.83,13259
61.91,13258
62.0,13257
62.08,13256
62.16,13255
62.29,13254
62.37,13253
62.45,13252
62.54,13251
62.62,13250
62.7,13249
62.82,13248
62.93,13247
63.04,13246
63.14,13245
63.24,13244
63.32,13243
63.4,13242
63.49,13241
63.58,13240
63.66,13239
63.75,13238
63.84,13237
63.92,13236
64.0,13235
64.1,13234
64.11,13234
64.19,13233
64.27,13232
64.35,13231
64.43,13230
64.53,13229
64.61,13228
64.7,13227
64.78,13226
64.86,13225
64.95,13224
65.03,13223
65.12,13222
65.2,13221
65.28,13220
65.38,13219
65.46,13218
65.54,13217
65.63,13216
65.71,13215
65.8,13214
65.88,13213
65.96,13212
66.04,13211
66.13,13210
66.21,13209
66.29,13208
66.37,13207
66.46,13206
66.54,13205
66.63,13204
66.71,13203
66.79,13202
66.88,13201
66.95,13200
67.04,13199
67.14,13198
67.24,13197
67.34,13196
67.44,13195
67.52,13194
67.6,13193
67.68,13192
67.76,13191
67.85,13190
67.94,13189
68.04,13188
68.12,13187
68.2,13186
68.28,13185
68.37,13184
68.45,13183
68.53,13182
68.62,13181
68.71,13180
68.8,13179
68.88,13178
68.96,13177
69.05,13176
69.13,13175
69.21,13174
69.29,13173
69.37,13172
69.45,13171
69.53,13170
69.66,13169
69.79,13168
69.88,13167
70.0,13166
70.12,13165
70.24,13164
70.37,13163
70.48,13162
70.59,13161
70.7,13160
70.81,13159
70.96,13158
71.07,13157
71.17,13156
71.31,13155
71.41,13154
71.5,13153
71.63,13152
71.73,13151
71.85,13150
72.0,13149
72.15,13148
72.26,13147
72.4,13146
72.53,13145
72.69,13144
72.88,13143
73.04,13142
73.19,13141
73.33,13140
73.44,13139
73.55,13138
73.71,13137
73.86,13136
73.97,13135
74.07,13134
74.18,13133
74.33,13132
74.47,13131
74.59,13130
74.69,13129
74.8,13128
74.9,13127
74.99,13126
75.07,13125
75.16,13124
75.29,13123
75.42,13122
75.54,13121
75.65,13120
75.76,13119
75.86,13118
76.04,13117
76.16,13116
76.29,13115
76.42,13114
76.54,13113
76.63,13112
76.76,13111
76.93,13110
77.04,13109
77.16,13108
77.26,13107
77.35,13106
77.44,13105
77.53,13104
77.63,13103
77.73,13102
77.81,13101
77.9,13100
78.0,13099
78.09,13098
78.17,13097
78.26,13096
78.35,13095
78.44,13094
78.53,13093
78.61,13092
78.71,13091
78.8,13090
78.89,13089
79.01,13088
79.14,13087
79.27,13086
79.38,13085
79.52,13084
79.62,13083
79.72,13082
79.82,13081
79.91,13080
80.0,13079
80.11,13078
80.2,13077
80.28,13076
80.36,13075
80.44,13074
80.53,13073
80.62,13072
80.7,13071
80.79,13070
80.87,13069
80.95,13068
81.03,13067
81.13,13066
81.22,13065
81.3,13064
81.39,13063
81.47,13062
81.55,13061
81.63,13060
81.71,13059
81.79,13058
81.87,13057
81.95,13056
82.03,13055
82.11,13054
82.2,13053
82.28,13052
82.36,13051
82.44,13050
82.53,13049
82.61,13048
82.69,13047
82.78,13046
82.87,13045
82.95,13044
83.03,13043
83.12,13042
83.22,13041
83.31,13040
83.39,13039
83.47,13038
83.58,13037
83.67,13036
83.76,13035
83.88,13034
83.98,13033
84.07,13032
84.15,13031
84.24,13030
84.32,13029
84.4,13028
84.49,13027
84.59,13026
84.68,13025
84.76,13024
84.84,13023
84.92,13022
85.0,13021
85.1,13020
85.18,13019
85.29,13018
85.37,13017
85.46,13016
85.54,13015
85.65,13014
85.77,13013
85.85,13012
85.94,13011
86.01,13010
86.1,13009
86.18,13008
86.26,13007
86.34,13006
86.42,13005
86.5,13004
86.58,13003
86.66,13002
86.75,13001
86.83,13000
86.95,12999
87.03,12998
87.11,12997
87.2,12996
87.3,12995
87.42,12994
87.52,12993
87.64,12992
87.75,12991
87.87,12990
87.97,12989
88.08,12988
88.2,12987
88.3,12986
88.41,12985
88.5,12984
88.62,12983
88.71,12982
88.83,12981
88.95,12980
89.06,12979
89.18,12978
89.28,12977
89.41,12976
89.54,12975
89.65,12974
89.8,12973
89.83,12973
89.99,12972
90.11,12971
90.24,12970
90.34,12969
90.47,12968
90.59,12967
90.6,12967
90.7,12966
90.88,12965
91.0,12964
91.1,12963
91.21,12962
91.32,12961
91.42,12960
91.53,12959
91.63,12958
91.74,12957
91.84,12956
91.96,12955
92.06,12954
92.17,12953
92.27,12952
92.4,12951
92.49,12950
92.59,12949
92.69,12948
92.8,12947
92.9,12946
93.02,12945
93.11,12944
93.23,12943
93.35,12942
93.47,12941
93.57,12940
93.69,12939
93.78,12938
93.8,12938
93.92,12937
94.0,12936
94.11,12935
94.25,12934
94.37,12933
94.48,12932
94.62,12931
94.72,12930
94.84,12929
94.94,12928
95.05,12927
95.18,12926
95.3,12925
95.42,12924
95.54,12923
95.65,12922
95.77,12921
95.89,12920
96.05,12919
96.21,12918
96.39,12917
96.55,12916
96.69,12915
96.84,12914
97.07,12913
97.22,12912
97.4,12911
97.61,12910
97.78,12909
97.94,12908
98.11,12907
98.22,12906
98.4,12905
98.53,12904
98.65,12903
98.82,12902
98.95,12901
99.1,12900
99.22,12899
99.4,12898
99.55,12897
99.69,12896
99.82,12895
99.96,12894
100.07,12893
100.18,12892
100.31,12891
100.43,12890
100.52,12889
100.62,12888
100.74,12887
100.84,12886
100.94,12885
101.06,12884
101.17,12883
101.29,12882
101.38,12881
101.5,12880
101.61,12879
101.71,12878
101.81,12877
101.94,12876
102.07,12875
102.19,12874
102.33,12873
102.45,12872
102.57,12871
102.7,12870
102.81,12869
102.95,12868
103.07,12867
103.2,12866
103.31,12865
103.43,12864
103.52,12863
103.65,12862
103.75,12861
103.89,12860
103.98,12859
104.1,12858
104.22,12857
104.34,12856
104.42,12855
104.55,12854
104.65,12853
104.77,12852
104.88,12851
104.98,12850
105.1,12849
105.2,12848
105.3,12847
105.41,12846
105.51,12845
105.62,12844
105.72,12843
105.81,12842
105.92,12841
106.01,12840
106.11,12839
106.2,12838
106.31,12837
106.43,12836
106.51,12835
106.62,12834
106.71,12833
106.82,12832
106.94,12831
107.05,12830
107.16,12829
107.25,12828
107.36,12827
107.44,12826
107.52,12825
107.63,12824
107.72,12823
107.83,12822
107.94,12821
108.03,12820
108.15,12819
108.25,12818
108.35,12817
108.45,12816
108.57,12815
108.65,12814
108.74,12813
108.85,12812
108.93,12811
109.03,12810
109.13,12809
109.24,12808
109.34,12807
109.44,12806
109.55,12805
109.69,12804
109.79,12803
109.9,12802
110.02,12801
110.13,12800
110.23,12799
110.37,12798
110.49,12797
110.59,12796
110.71,12795
110.81,12794
110.91,12793
111.01,12792
111.02,12792
111.12,12791
111.22,12790
111.34,12789
111.43,12788
111.55,12787
111.64,12786
111.77,12785
111.88,12784
111.99,12783
112.08,12782
112.19,12781
112.3,12780
112.39,12779
112.52,12778
112.62,12777
112.75,12776
112.89,12775
113.02,12774
113.12,12773
113.22,12772
113.33,12771
113.42,12770
113.53,12769
113.63,12768
113.75,12767
113.85,12766
113.95,12765
114.05,12764
114.16,12763
114.25,12762
114.35,12761
114.47,12760
114.61,12759
114.73,12758
114.88,12757
115.04,12756
115.16,12755
115.31,12754
115.43,12753
115.54,12752
115.65,12751
115.79,12750
115.9,12749
116.04,12748
116.15,12747
116.29,12746
116.4,12745
116.53,12744
116.65,12743
116.79,12742
116.93,12741
117.07,12740
117.2,12739
117.33,12738
117.45,12737
117.6,12736
117.72,12735
117.85,12734
117.96,12733
118.1,12732
118.22,12731
118.36,12730
118.47,12729
118.6,12728
118.73,12727
118.85,12726
118.96,12725
119.1,12724
119.21,12723
119.34,12722
119.4,12722
119.51,12721
119.64,12720
119.76,12719
119.9,12718
120.02,12717
120.17,12716
120.3,12715
120.44,12714
120.56,12713
120.72,12712
120.88,12711
121.0,12710
121.13,12709
121.25,12708
121.39,12707
121.51,12706
121.65,12705
121.77,12704
121.94,12703
122.09,12702
122.23,12701
122.41,12700
122.61,12699
122.78,12698
122.94,12697
123.13,12696
123.37,12695
123.51,12694
123.67,12693
123.83,12692
124.02,12691
124.17,12690
124.28,12689
124.42,12688
124.54,12687
124.72,12686
124.88,12685
125.05,12684
125.22,12683
125.43,12682
125.57,12681
125.73,12680
125.85,12679
126.05,12678
126.18,12677
126.31,12676
126.51,12675
126.69,12674
126.85,12673
126.97,12672
127.13,12671
127.31,12670
127.48,12669
127.63,12668
127.78,12667
127.9,12666
127.91,12666
128.07,12665
128.23,12664
128.4,12663
128.52,12662
128.7,12661
128.83,12660
128.95,12659
129.12,12658
129.24,12657
129.27,12657
129.39,12656
129.52,12655
129.67,12654
129.82,12653
129.95,12652
130.08,12651
130.2,12650
130.33,12649
130.45,12648
130.58,12647
130.69,12646
130.84,12645
130.95,12644
130.98,12644
131.09,12643
131.23,12642
131.34,12641
131.47,12640
131.58,12639
131.72,12638
131.83,12637
131.96,12636
132.08,12635
132.2,12634
132.34,12633
132.45,12632
132.52,12632
132.63,12631
132.75,12630
132.89,12629
133.0,12628
133.02,12628
133.13,12627
133.25,12626
133.38,12625
133.49,12624
133.63,12623
133.74,12622
133.87,12621
133.99,12620
134.12,12619
134.23,12618
134.36,12617
134.47,12616
134.61,12615
134.73,12614
134.85,12613
134.97,12612
135.09,12611
135.21,12610
135.35,12609
135.46,12608
135.59,12607
135.73,12606
135.88,12605
136.01,12604
136.16,12603
136.27,12602
136.42,12601
136.54,12600
136.69,12599
136.81,12598
136.95,12597
137.06,12596
137.2,12595
137.31,12594
137.45,12593
137.58,12592
137.74,12591
137.91,12590
138.02,12589
138.15,12588
138.26,12587
138.37,12586
138.5,12585
138.62,12584
138.75,12583
138.87,12582
138.99,12581
139.11,12580
139.23,12579
139.35,12578
139.48,12577
139.59,12576
139.72,12575
139.83,12574
139.94,12573
140.09,12572
140.22,12571
140.34,12570
140.46,12569
140.62,12568
140.78,12567
140.91,12566
141.11,12565
141.29,12564
141.42,12563
141.58,12562
141.72,12561
141.88,12560
142.01,12559
142.17,12558
142.29,12557
142.42,12556
142.58,12555
142.72,12554
142.89,12553
143.01,12552
143.19,12551
143.38,12550
143.55,12549
143.74,12548
143.76,12548
143.96,12547
144.09,12546
144.29,12545
144.47,12544
144.61,12543
144.79,12542
144.94,12541
145.07,12540
145.22,12539
145.41,12538
145.56,12537
145.73,12536
145.86,12535
146.03,12534
146.17,12533
146.42,12532
146.56,12531
146.62,12531
146.74,12530
146.91,12529
147.06,12528
147.36,12527
147.56,12526
147.75,12525
147.96,12524
148.1,12523
148.22,12522
148.4,12521
148.52,12520
148.7,12519
148.85,12518
148.99,12517
149.11,12516
149.27,12515
149.4,12514
149.56,12513
149.69,12512
149.85,12511
149.98,12510
150.14,12509
150.2,12509
150.34,12508
150.5,12507
150.63,12506
150.79,12505
150.95,12504
151.1,12503
151.12,12503
151.29,12502
151.41,12501
151.59,12500
151.73,12499
151.88,12498
152.02,12497
152.19,12496
152.33,12495
152.5,12494
152.63,12493
152.77,12492
152.93,12491
153.11,12490
153.35,12489
153.55,12488
153.77,12487
154.0,12486
154.21,12485
154.48,12484
154.66,12483
154.82,12482
154.99,12481
155.15,12480
155.3,12479
155.43,12478
155.6,12477
155.74,12476
155.91,12475
156.05,12474
156.2,12473
156.35,12472
156.52,12471
156.64,12470
156.85,12469
157.0,12468
157.17,12467
157.35,12466
157.48,12465
157.69,12464
157.85,12463
158.08,12462
158.26,12461
158.39,12460
158.58,12459
158.72,12458
158.88,12457
159.0,12456
159.15,12455
159.29,12454
159.44,12453
159.57,12452
159.74,12451
159.87,12450
160.04,12449
160.16,12448
160.31,12447
160.44,12446
160.61,12445
160.63,12445
160.64,12445
160.8,12444
160.93,12443
161.09,12442
161.22,12441
161.37,12440
161.5,12439
161.68,12438
161.82,12437
161.98,12436
162.11,12435
162.27,12434
162.41,12433
162.57,12432
162.71,12431
162.88,12430
163.03,12429
163.2,12428
163.33,12427
163.49,12426
163.62,12425
163.79,12424
163.92,12423
164.05,12422
164.21,12421
164.34,12420
164.5,12419
164.68,12418
164.84,12417
165.0,12416
165.12,12415
165.28,12414
165.3,12414
165.42,12413
165.57,12412
165.71,12411
165.86,12410
165.99,12409
166.15,12408
166.28,12407
166.44,12406
166.45,12406
166.62,12405
166.76,12404
166.91,12403
167.06,12402
167.1,12402
167.23,12401
167.42,12400
167.56,12399
167.72,12398
167.87,12397
168.02,12396
168.15,12395
168.31,12394
168.44,12393
168.63,12392
168.77,12391
168.95,12390
169.13,12389
169.26,12388
169.42,12387
169.54,12386
169.72,12385
169.85,12384
170.01,12383
170.16,12382
170.31,12381
170.45,12380
170.61,12379
170.76,12378
170.9,12377
171.02,12376
171.16,12375
171.31,12374
171.44,12373
171.62,12372
171.74,12371
171.9,12370
172.04,12369
172.2,12368
172.33,12367
172.49,12366
172.67,12365
172.8,12364
172.97,12363
173.09,12362
173.23,12361
173.41,12360
173.59,12359
173.75,12358
173.94,12357
174.11,12356
174.3,12355
174.46,12354
174.63,12353
174.8,12352
174.92,12351
175.07,12350
175.22,12349
175.39,12348
175.55,12347
175.77,12346
175.93,12345
176.11,12344
176.32,12343
176.46,12342
176.66,12341
176.82,12340
177.02,12339
177.19,12338
177.38,12337
177.54,12336
177.73,12335
177.95,12334
178.15,12333
178.39,12332
178.61,12331
178.86,12330
179.09,12329
179.24,12328
179.28,12328
179.43,12327
179.6,12326
179.77,12325
179.93,12324
180.07,12323
180.27,12322
180.54,12321
180.7,12320
180.88,12319
181.03,12318
181.21,12317
181.43,12316
181.58,12315
181.8,12314
181.97,12313
182.16,12312
182.32,12311
182.48,12310
182.67,12309
182.81,12308
182.97,12307
183.09,12306
183.26,12305
183.38,12304
183.55,12303
183.76,12302
183.9,12301
184.05,12300
184.18,12299
184.34,12298
184.48,12297
184.64,12296
184.77,12295
184.92,12294
185.06,12293
185.22,12292
185.35,12291
185.51,12290
185.65,12289
185.81,12288
185.94,12287
186.1,12286
186.23,12285
186.39,12284
186.51,12283
186.65,12282
186.8,12281
186.94,12280
187.1,12279
187.11,12279
187.26,12278
187.39,12277
187.55,12276
187.57,12276
187.77,12275
187.9,12274
188.09,12273
188.24,12272
188.42,12271
188.55,12270
188.74,12269
188.9,12268
189.04,12267
189.22,12266
189.38,12265
189.57,12264
189.74,12263
189.92,12262
190.05,12261
190.22,12260
190.34,12259
190.5,12258
190.63,12257
190.79,12256
190.91,12255
190.96,12255
191.09,12254
191.24,12253
191.36,12252
191.51,12251
191.66,12250
191.81,12249
191.94,12248
192.07,12247
192.23,12246
192.36,12245
192.37,12245
192.51,12244
192.66,12243
192.84,12242
192.97,12241
193.13,12240
193.25,12239
193.42,12238
193.54,12237
193.72,12236
193.86,12235
194.01,12234
194.14,12233
194.32,12232
194.44,12231
194.64,12230
194.79,12229
194.95,12228
195.09,12227
195.24,12226
195.38,12225
195.54,12224
195.69,12223
195.83,12222
195.96,12221
196.12,12220
196.25,12219
196.41,12218
196.53,12217
196.7,12216
196.83,12215
196.99,12214
197.0,12214
197.15,12213
197.28,12212
197.44,12211
197.57,12210
197.75,12209
197.87,12208
198.04,12207
198.16,12206
198.33,12205
198.48,12204
198.65,12203
198.8,12202
198.99,12201
199.19,12200
199.32,12199
199.47,12198
199.61,12197
199.77,12196
199.79,12196
199.93,12195
200.12,12194
200.25,12193
200.44,12192
200.59,12191
200.79,12190
200.93,12189
201.09,12188
201.23,12187
201.38,12186
201.51,12185
201.68,12184
201.8,12183
201.97,12182
202.08,12181
202.23,12180
202.37,12179
202.54,12178
202.75,12177
202.97,12176
203.13,12175
203.32,12174
203.54,12173
203.72,12172
203.92,12171
204.05,12170
204.21,12169
204.35,12168
204.53,12167
204.69,12166
204.88,12165
205.03,12164
205.21,12163
205.35,12162
205.53,12161
205.69,12160
205.87,12159
206.02,12158
206.19,12157
206.34,12156
206.53,12155
206.68,12154
206.87,12153
207.02,12152
207.22,12151
207.29,12151
207.44,12150
207.63,12149
207.78,12148
207.96,12147
208.11,12146
208.29,12145
208.44,12144
208.63,12143
208.78,12142
208.96,12141
209.11,12140
209.3,12139
209.45,12138
209.5,12138
209.67,12137
209.68,12137
209.89,12136
209.9,12136
210.13,12135
210.35,12134
210.53,12133
210.82,12132
211.15,12131
211.19,12131
211.43,12130
211.74,12129
211.92,12128
212.2,12127
212.4,12126
212.67,12125
212.87,12124
212.88,12124
213.04,12123
213.32,12122
213.56,12121
213.76,12120
213.92,12119
214.12,12118
214.33,12117
214.52,12116
214.72,12115
214.87,12114
215.11,12113
215.31,12112
215.5,12111
215.56,12111
215.57,12111
215.79,12110
215.96,12109
216.15,12108
216.32,12107
216.37,12107
216.53,12106
216.81,12105
217.0,12104
217.21,12103
217.42,12102
217.61,12101
217.8,12100
217.95,12099
218.14,12098
218.3,12097
218.48,12096
218.64,12095
218.84,12094
218.99,12093
219.17,12092
219.32,12091
219.5,12090
219.67,12089
219.86,12088
220.01,12087
220.19,12086
220.33,12085
220.51,12084
220.66,12083
220.85,12082
220.99,12081
221.17,12080
221.32,12079
221.49,12078
221.66,12077
221.84,12076
221.99,12075
222.17,12074
222.32,12073
222.5,12072
222.64,12071
222.83,12070
222.97,12069
223.15,12068
223.3,12067
223.48,12066
223.49,12066
223.65,12065
223.83,12064
223.97,12063
224.16,12062
224.31,12061
224.51,12060
224.66,12059
224.85,12058
225.0,12057
225.17,12056
225.32,12055
225.5,12054
225.67,12053
225.85,12052
226.01,12051
226.19,12050
226.34,12049
226.56,12048
226.73,12047
226.92,12046
227.11,12045
227.27,12044
227.46,12043
227.61,12042
227.8,12041
227.95,12040
228.14,12039
228.31,12038
228.51,12037
228.68,12036
228.73,12036
228.88,12035
229.08,12034
229.22,12033
229.41,12032
229.42,12032
229.56,12031
229.8,12030
229.95,12029
230.13,12028
230.27,12027
230.45,12026
230.61,12025
230.79,12024
230.94,12023
230.95,12023
231.13,12022
231.32,12021
231.47,12020
231.65,12019
231.83,12018
231.98,12017
232.16,12016
232.17,12016
232.35,12015
232.5,12014
232.7,12013
232.85,12012
232.99,12011
233.18,12010
233.36,12009
233.51,12008
233.74,12007
233.89,12006
234.08,12005
234.24,12004
234.28,12004
234.43,12003
234.61,12002
234.76,12001
234.9,12000
235.08,11999
235.23,11998
235.41,11997
235.55,11996
235.6,11996
235.75,11995
235.93,11994
236.08,11993
236.26,11992
236.4,11991
236.59,11990
236.74,11989
236.92,11988
237.07,11987
237.25,11986
237.39,11985
237.53,11984
237.72,11983
237.87,11982
238.05,11981
238.19,11980
238.37,11979
238.52,11978
238.72,11977
238.89,11976
239.12,11975
239.29,11974
239.34,11974
239.55,11973
239.8,11972
239.97,11971
240.18,11970
240.4,11969
240.58,11968
240.81,11967
240.98,11966
241.2,11965
241.39,11964
241.66,11963
241.89,11962
242.12,11961
242.35,11960
242.52,11959
242.78,11958
242.95,11957
243.22,11956
243.24,11956
243.46,11955
243.68,11954
243.88,11953
244.09,11952
244.25,11951
244.47,11950
244.65,11949
244.87,11948
245.02,11947
245.24,11946
245.41,11945
245.65,11944
245.66,11944
245.67,11944
245.86,11943
246.08,11942
246.25,11941
246.47,11940
246.65,11939
246.87,11938
247.02,11937
247.22,11936
247.37,11935
247.58,11934
247.76,11933
247.97,11932
248.13,11931
248.34,11930
248.52,11929
248.75,11928
248.93,11927
249.11,11926
249.27,11925
249.49,11924
249.65,11923
249.87,11922
250.03,11921
250.21,11920
250.43,11919
250.6,11918
250.83,11917
251.0,11916
251.19,11915
251.36,11914
251.57,11913
251.59,11913
251.81,11912
251.96,11911
252.17,11910
252.34,11909
252.55,11908
252.72,11907
252.78,11907
252.93,11906
253.14,11905
253.3,11904
253.5,11903
253.51,11903
253.69,11902
253.9,11901
254.05,11900
254.1,11900
254.29,11899
254.48,11898
254.64,11897
254.88,11896
255.05,11895
255.26,11894
255.42,11893
255.67,11892
255.68,11892
255.85,11891
256.07,11890
256.28,11889
256.46,11888
256.69,11887
256.87,11886
257.11,11885
257.28,11884
257.48,11883
257.67,11882
257.87,11881
258.04,11880
258.25,11879
258.41,11878
258.45,11878
258.63,11877
258.85,11876
259.01,11875
259.22,11874
259.24,11874
259.46,11873
259.66,11872
259.86,11871
260.05,11870
260.36,11869
260.37,11869
260.47,11869
260.71,11868
260.72,11868
260.91,11867
261.14,11866
261.32,11865
261.5,11864
261.67,11863
261.71,11863
261.86,11862
262.03,11861
262.25,11860
262.39,11859
262.61,11858
262.77,11857
262.98,11856
263.14,11855
263.34,11854
263.51,11853
263.72,11852
263.87,11851
264.08,11850
264.23,11849
264.44,11848
264.61,11847
264.67,11847
264.82,11846
265.03,11845
265.2,11844
265.39,11843
265.41,11843
265.61,11842
265.78,11841
265.97,11840
266.14,11839
266.3,11838
266.52,11837
266.68,11836
266.88,11835
267.04,11834
267.25,11833
267.41,11832
267.62,11831
267.78,11830
267.83,11830
267.99,11829
268.15,11828
268.35,11827
268.52,11826
268.71,11825
268.88,11824
269.07,11823
269.08,11823
269.28,11822
269.31,11822
269.51,11821
269.68,11820
269.87,11819
270.05,11818
270.2,11817
270.4,11816
270.57,11815
270.77,11814
270.79,11814
270.99,11813
271.15,11812
271.35,11811
271.52,11810
271.71,11809
271.88,11808
272.09,11807
272.27,11806
272.46,11805
272.63,11804
272.84,11803
272.99,11802
273.21,11801
273.36,11800
273.57,11799
273.74,11798
273.89,11797
274.1,11796
274.25,11795
274.46,11794
274.52,11794
274.53,11794
274.54,11794
274.75,11793
274.89,11792
275.1,11791
275.26,11790
275.46,11789
275.63,11788
275.84,11787
275.99,11786
276.16,11785
276.21,11785
276.37,11784
276.58,11783
276.74,11782
276.94,11781
277.1,11780
277.29,11779
277.46,11778
277.62,11777
277.83,11776
278.02,11775
278.19,11774
278.36,11773
278.56,11772
278.73,11771
278.93,11770
279.09,11769
279.3,11768
279.47,11767
279.66,11766
279.83,11765
280.04,11764
280.2,11763
280.41,11762
280.58,11761
280.79,11760
280.95,11759
280.96,11759
281.16,11758
281.32,11757
281.53,11756
281.69,11755
281.89,11754
282.05,11753
282.25,11752
282.43,11751
282.61,11750
282.79,11749
282.99,11748
283.15,11747
283.35,11746
283.53,11745
283.74,11744
283.89,11743
284.1,11742
284.25,11741
284.46,11740
284.62,11739
284.83,11738
284.9,11738
285.06,11737
285.26,11736
285.43,11735
285.62,11734
285.79,11733
285.95,11732
286.01,11732
286.16,11731
286.37,11730
286.38,11730
286.59,11729
286.6,11729
286.75,11728
286.96,11727
287.13,11726
287.34,11725
287.49,11724
287.7,11723
287.85,11722
288.06,11721
288.23,11720
288.44,11719
288.59,11718
288.8,11717
288.96,11716
289.16,11715
289.18,11715
289.39,11714
289.54,11713
289.75,11712
289.77,11712
289.98,11711
290.13,11710
290.33,11709
290.51,11708
290.69,11707
290.87,11706
291.02,11705
291.23,11704
291.39,11703
291.59,11702
291.76,11701
291.96,11700
292.12,11699
292.32,11698
292.48,11697
292.68,11696
292.85,11695
293.05,11694
293.07,11694
293.28,11693
293.45,11692
293.66,11691
293.81,11690
294.02,11689
294.19,11688
294.4,11687
294.56,11686
294.77,11685
294.94,11684
295.12,11683
295.29,11682
295.44,11681
295.65,11680
295.83,11679
296.04,11678
296.19,11677
296.4,11676
296.55,11675
296.76,11674
296.93,11673
297.14,11672
297.29,11671
297.5,11670
297.68,11669
297.74,11669
297.91,11668
298.1,11667
298.27,11666
298.47,11665
298.63,11664
298.84,11663
298.99,11662
299.2,11661
299.37,11660
299.56,11659
299.73,11658
299.79,11658
299.96,11657
300.16,11656
300.32,11655
300.53,11654
300.7,11653
300.91,11652
301.07,11651
301.28,11650
301.44,11649
301.65,11648
301.81,11647
302.02,11646
302.18,11645
302.37,11644
302.53,11643
302.73,11642
302.9,11641
302.96,11641
303.13,11640
303.34,11639
303.5,11638
303.55,11638
303.72,11637
303.92,11636
303.94,11636
304.14,11635
304.34,11634
304.5,11633
304.51,11633
304.72,11632
304.88,11631
305.08,11630
305.25,11629
305.44,11628
305.61,11627
305.81,11626
305.82,11626
305.97,11625
306.17,11624
306.33,11623
306.53,11622
306.68,11621
306.89,11620
307.06,11619
307.27,11618
307.44,11617
307.49,11617
307.66,11616
307.81,11615
308.02,11614
308.18,11613
308.37,11612
308.53,11611
308.74,11610
308.92,11609
309.14,11608
309.32,11607
309.54,11606
309.72,11605
309.93,11604
310.12,11603
310.29,11602
310.52,11601
310.69,11600
310.9,11599
311.07,11598
311.27,11597
311.34,11597
311.42,11597
311.5,11597
311.71,11596
311.87,11595
312.07,11594
312.24,11593
312.44,11592
312.45,11592
312.67,11591
312.83,11590
313.04,11589
313.21,11588
313.44,11587
313.61,11586
313.82,11585
313.97,11584
314.18,11583
314.36,11582
314.56,11581
314.75,11580
314.94,11579
315.11,11578
315.3,11577
315.47,11576
315.48,11576
315.7,11575
315.86,11574
316.07,11573
316.08,11573
316.23,11572
316.28,11572
316.45,11571
316.66,11570
316.84,11569
317.03,11568
317.2,11567
317.4,11566
317.42,11566
317.48,11566
317.63,11565
317.68,11565
317.85,11564
318.05,11563
318.2,11562
318.42,11561
318.58,11560
318.78,11559
318.94,11558
318.95,11558
319.02,11558
319.23,11557
319.38,11556
319.59,11555
319.74,11554
319.92,11553
320.09,11552
320.31,11551
320.32,11551
320.49,11550
320.69,11549
320.85,11548
321.06,11547
321.21,11546
321.41,11545
321.56,11544
321.77,11543
321.95,11542
322.15,11541
322.31,11540
322.52,11539
322.59,11539
322.66,11539
322.83,11538
323.02,11537
323.03,11537
323.24,11536
323.41,11535
323.47,11535
323.64,11534
323.85,11533
323.86,11533
324.07,11532
324.22,11531
324.43,11530
324.58,11529
324.73,11528
324.94,11527
325.1,11526
325.29,11525
325.46,11524
325.65,11523
325.8,11522
326.01,11521
326.19,11520
326.37,11519
326.54,11518
326.76,11517
326.82,11517
326.99,11516
327.18,11515
327.36,11514
327.56,11513
327.72,11512
327.87,11511
328.07,11510
328.24,11509
328.43,11508
328.59,11507
328.79,11506
328.97,11505
329.17,11504
329.35,11503
329.54,11502
329.7,11501
329.91,11500
330.07,11499
330.28,11498
330.42,11497
330.69,11496
330.88,11495
330.94,11495
331.16,11494
331.33,11493
331.52,11492
331.74,11491
331.92,11490
332.14,11489
332.31,11488
332.51,11487
332.52,11487
332.72,11486
332.89,11485
333.09,11484
333.26,11483
333.47,11482
333.64,11481
333.83,11480
333.84,11480
334.05,11479
334.22,11478
334.41,11477
334.56,11476
334.77,11475
334.93,11474
335.14,11473
335.3,11472
335.5,11471
335.65,11470
335.86,11469
336.03,11468
336.22,11467
336.39,11466
336.54,11465
336.75,11464
336.89,11463
337.1,11462
337.25,11461
337.46,11460
337.47,11460
337.53,11460
337.7,11459
337.74,11459
337.89,11458
338.11,11457
338.28,11456
338.48,11455
338.65,11454
338.66,11454
338.86,11453
339.02,11452
339.23,11451
339.39,11450
339.62,11449
339.79,11448
340.0,11447
340.16,11446
340.36,11445
340.52,11444
340.73,11443
340.88,11442
341.08,11441
341.26,11440
341.44,11439
341.62,11438
341.84,11437
341.99,11436
342.16,11435
342.37,11434
342.52,11433
342.73,11432
342.87,11431
343.08,11430
343.09,11430
343.24,11429
343.45,11428
343.61,11427
343.67,11427
343.83,11426
344.03,11425
344.2,11424
344.4,11423
344.56,11422
344.79,11421
344.94,11420
345.15,11419
345.32,11418
345.51,11417
345.53,11417
345.74,11416
345.89,11415
346.1,11414
346.25,11413
346.46,11412
346.61,11411
346.83,11410
346.84,11410
347.04,11409
347.19,11408
347.4,11407
347.41,11407
347.58,11406
347.78,11405
347.98,11404
348.15,11403
348.23,11403
348.43,11402
348.59,11401
348.79,11400
348.95,11399
349.11,11398
349.17,11398
349.18,11398
349.39,11397
349.55,11396
349.75,11395
349.93,11394
350.1,11393
350.31,11392
350.48,11391
350.69,11390
350.88,11389
350.89,11389
351.06,11388
351.07,11388
351.27,11387
351.43,11386
351.63,11385
351.79,11384
352.0,11383
352.16,11382
352.22,11382
352.43,11381
352.44,11381
352.59,11380
352.65,11380
352.66,11380
352.82,11379
353.02,11378
353.18,11377
353.39,11376
353.55,11375
353.75,11374
353.92,11373
354.12,11372
354.28,11371
354.46,11370
354.63,11369
354.83,11368
355.0,11367
355.22,11366
355.23,11366
355.39,11365
355.6,11364
355.75,11363
355.96,11362
356.12,11361
356.32,11360
356.49,11359
356.7,11358
356.86,11357
357.06,11356
357.22,11355
357.42,11354
357.57,11353
357.78,11352
357.93,11351
357.99,11351
358.16,11350
358.37,11349
358.52,11348
358.58,11348
358.74,11347
358.95,11346
359.1,11345
359.31,11344
359.47,11343
359.54,11343
359.7,11342
359.9,11341
360.08,11340
360.27,11339
360.43,11338
360.64,11337
360.79,11336
360.97,11335
361.15,11334
361.33,11333
361.54,11332
361.69,11331
361.9,11330
361.91,11330
362.11,11329
362.27,11328
362.43,11327
362.63,11326
362.8,11325
363.0,11324
363.16,11323
363.37,11322
363.38,11322
363.6,11321
363.74,11320
363.95,11319
364.12,11318
364.31,11317
364.49,11316
364.53,11316
364.7,11315
364.77,11315
364.78,11315
364.83,11315
364.99,11314
365.2,11313
365.37,11312
365.56,11311
365.73,11310
365.95,11309
366.02,11309
366.19,11308
366.39,11307
366.55,11306
366.63,11306
366.84,11305
367.02,11304
367.23,11303
367.41,11302
367.46,11302
367.64,11301
367.83,11300
368.0,11299
368.11,11299
368.28,11298
368.46,11297
368.64,11296
368.82,11295
368.88,11295
368.93,11295
369.1,11294
369.11,11294
369.3,11293
369.46,11292
369.66,11291
369.67,11291
369.83,11290
370.05,11289
370.21,11288
370.41,11287
370.56,11286
370.77,11285
370.95,11284
371.15,11283
371.3,11282
371.51,11281
371.67,11280
371.88,11279
372.05,11278
372.24,11277
372.43,11276
372.65,11275
372.83,11274
373.05,11273
373.22,11272
373.43,11271
373.58,11270
373.74,11269
373.81,11269
373.95,11268
374.16,11267
374.34,11266
374.53,11265
374.7,11264
374.91,11263
375.07,11262
375.27,11261
375.45,11260
375.63,11259
375.78,11258
375.99,11257
376.0,11257
376.21,11256
376.36,11255
376.57,11254
376.75,11253
376.95,11252
376.97,11252
377.16,11251
377.33,11250
377.39,11250
377.54,11249
377.75,11248
377.91,11247
378.11,11246
378.28,11245
378.48,11244
378.64,11243
378.85,11242
378.88,11242
379.07,11241
379.24,11240
379.44,11239
379.61,11238
379.81,11237
379.97,11236
380.2,11235
380.37,11234
380.42,11234
380.58,11233
380.78,11232
380.94,11231
380.95,11231
381.15,11230
381.32,11229
381.52,11228
381.67,11227
381.88,11226
382.04,11225
382.05,11225
382.1,11225
382.26,11224
382.46,11223
382.63,11222
382.68,11222
382.86,11221
383.05,11220
383.06,11220
383.13,11220
383.15,11220
383.35,11219
383.52,11218
383.67,11217
383.88,11216
384.03,11215
384.23,11214
384.41,11213
384.6,11212
384.77,11211
384.98,11210
385.13,11209
385.34,11208
385.5,11207
385.71,11206
385.87,11205
386.07,11204
386.23,11203
386.43,11202
386.6,11201
386.77,11200
386.97,11199
387.13,11198
387.34,11197
387.49,11196
387.7,11195
387.87,11194
388.07,11193
388.24,11192
388.42,11191
388.44,11191
388.64,11190
388.8,11189
389.01,11188
389.16,11187
389.33,11186
389.51,11185
389.68,11184
389.87,11183
390.04,11182
390.25,11181
390.41,11180
390.62,11179
390.78,11178
390.98,11177
391.15,11176
391.34,11175
391.36,11175
391.55,11174
391.71,11173
391.91,11172
392.07,11171
392.27,11170
392.44,11169
392.65,11168
392.82,11167
393.01,11166
393.18,11165
393.38,11164
393.46,11164
393.61,11163
393.83,11162
393.97,11161
394.19,11160
394.33,11159
394.54,11158
394.57,11158
394.78,11157
394.94,11156
395.14,11155
395.31,11154
395.51,11153
395.68,11152
395.88,11151
395.89,11151
395.96,11151
396.12,11150
396.32,11149
396.49,11148
396.68,11147
396.85,11146
397.06,11145
397.22,11144
397.42,11143
397.59,11142
397.8,11141
397.95,11140
398.16,11139
398.23,11139
398.26,11139
398.46,11138
398.62,11137
398.83,11136
398.99,11135
399.19,11134
399.36,11133
399.55,11132
399.72,11131
399.93,11130
400.08,11129
400.29,11128
400.45,11127
400.66,11126
400.83,11125
401.02,11124
401.04,11124
401.25,11123
401.4,11122
401.57,11121
401.77,11120
401.93,11119
402.13,11118
402.3,11117
402.5,11116
402.67,11115
402.87,11114
403.03,11113
403.24,11112
403.25,11112
403.45,11111
403.61,11110
403.78,11109
403.99,11108
404.14,11107
404.35,11106
404.5,11105
404.71,11104
404.89,11103
405.09,11102
405.16,11102
405.3,11101
405.37,11101
405.57,11100
405.73,11099
405.93,11098
406.09,11097
406.11,11097
406.17,11097
406.32,11096
406.44,11096
406.6,11095
406.81,11094
406.97,11093
407.13,11092
407.34,11091
407.49,11090
407.69,11089
407.92,11088
408.18,11087
408.36,11086
408.4,11086
408.61,11085
408.82,11084
408.98,11083
409.03,11083
409.2,11082
409.4,11081
409.55,11080
409.63,11080
409.84,11079
410.01,11078
410.2,11077
410.37,11076
410.57,11075
410.73,11074
410.9,11073
411.09,11072
411.26,11071
411.37,11071
411.54,11070
411.75,11069
411.9,11068
412.05,11067
412.25,11066
412.42,11065
412.63,11064
412.79,11063
413.0,11062
413.15,11061
413.36,11060
413.51,11059
413.72,11058
413.8,11058
413.96,11057
414.17,11056
414.32,11055
414.53,11054
414.69,11053
414.89,11052
414.91,11052
415.12,11051
415.27,11050
415.48,11049
415.65,11048
415.86,11047
416.01,11046
416.07,11046
416.24,11045
416.45,11044
416.6,11043
416.68,11043
416.86,11042
416.9,11042
417.05,11041
417.26,11040
417.43,11039
417.58,11038
417.8,11037
417.95,11036
418.17,11035
418.18,11035
418.4,11034
418.57,11033
418.78,11032
418.95,11031
419.17,11030
419.32,11029
419.53,11028
419.71,11027
419.78,11027
419.85,11027
420.02,11026
420.24,11025
420.4,11024
420.61,11023
420.79,11022
420.99,11021
421.17,11020
421.39,11019
421.56,11018
421.64,11018
421.66,11018
421.71,11018
421.89,11017
422.1,11016
422.11,11016
422.26,11015
422.48,11014
422.64,11013
422.88,11012
423.07,11011
423.12,11011
423.31,11010
423.5,11009
423.52,11009
423.75,11008
423.9,11007
424.13,11006
424.32,11005
424.54,11004
424.7,11003
424.76,11003
424.94,11002
425.17,11001
425.34,11000
425.56,10999
425.77,10998
425.81,10998
425.96,10997
426.18,10996
426.36,10995
426.58,10994
426.74,10993
426.96,10992
427.13,10991
427.33,10990
427.51,10989
427.72,10988
427.73,10988
427.75,10988
427.95,10987
428.14,10986
428.35,10985
428.36,10985
428.54,10984
428.72,10983
428.9,10982
429.07,10981
429.29,10980
429.44,10979
429.65,10978
429.82,10977
430.01,10976
430.18,10975
430.38,10974
430.53,10973
430.68,10972
430.89,10971
431.07,10970
431.12,10970
431.3,10969
431.36,10969
431.51,10968
431.73,10967
431.88,10966
431.95,10966
432.11,10965
432.18,10965
432.39,10964
432.56,10963
432.77,10962
432.95,10961
433.14,10960
433.16,10960
433.37,10959
433.54,10958
433.75,10957
433.9,10956
434.11,10955
434.27,10954
434.47,10953
434.64,10952
434.84,10951
435.01,10950
435.22,10949
435.23,10949
435.43,10948
435.59,10947
435.76,10946
435.96,10945
435.97,10945
436.18,10944
436.2,10944
436.4,10943
436.48,10943
436.55,10943
436.71,10942
436.92,10941
437.12,10940
437.28,10939
437.44,10938
437.5,10938
437.66,10937
437.71,10937
437.87,10936
437.92,10936
438.09,10935
438.29,10934
438.46,10933
438.53,10933
438.7,10932
438.75,10932
438.91,10931
438.98,10931
439.12,10930
439.33,10929
439.49,10928
439.69,10927
439.87,10926
440.07,10925
440.08,10925
440.27,10924
440.33,10924
440.4,10924
440.48,10924
440.64,10923
440.84,10922
441.02,10921
441.21,10920
441.38,10919
441.58,10918
441.74,10917
441.78,10917
441.96,10916
442.11,10915
442.24,10915
442.38,10914
442.59,10913
442.75,10912
442.8,10912
442.97,10911
443.17,10910
443.18,10910
443.33,10909
443.54,10908
443.7,10907
443.9,10906
444.06,10905
444.26,10904
444.41,10903
444.45,10903
444.6,10902
444.83,10901
445.01,10900
445.23,10899
445.37,10898
445.58,10897
445.73,10896
445.94,10895
446.11,10894
446.3,10893
446.47,10892
446.48,10892
446.67,10891
446.83,10890
446.88,10890
447.03,10889
447.24,10888
447.39,10887
447.6,10886
447.75,10885
447.76,10885
447.97,10884
448.13,10883
448.33,10882
448.49,10881
448.69,10880
448.86,10879
448.91,10879
449.08,10878
449.27,10877
449.44,10876
449.65,10875
449.8,10874
449.97,10873
450.18,10872
450.33,10871
450.54,10870
450.72,10869
450.91,10868
451.08,10867
451.28,10866
451.43,10865
451.64,10864
451.65,10864
451.86,10863
452.01,10862
452.22,10861
452.37,10860
452.58,10859
452.61,10859
452.67,10859
452.88,10858
453.05,10857
453.26,10856
453.41,10855
453.58,10854
453.79,10853
453.94,10852
454.14,10851
454.22,10851
454.42,10850
454.58,10849
454.79,10848
454.94,10847
455.15,10846
455.32,10845
455.52,10844
455.69,10843
455.74,10843
455.91,10842
456.07,10841
456.27,10840
456.44,10839
456.64,10838
456.8,10837
457.0,10836
457.16,10835
457.36,10834
457.51,10833
457.73,10832
457.89,10831
458.06,10830
458.26,10829
458.43,10828
458.63,10827
458.8,10826
459.01,10825
459.17,10824
459.38,10823
459.53,10822
459.75,10821
459.9,10820
460.1,10819
460.27,10818
460.46,10817
460.63,10816
460.82,10815
460.96,10814
461.03,10814
461.04,10814
461.25,10813
461.42,10812
461.61,10811
461.78,10810
461.99,10809
462.14,10808
462.35,10807
462.52,10806
462.6,10806
462.66,10806
462.83,10805
463.01,10804
463.02,10804
463.22,10803
463.38,10802
463.44,10802
463.61,10801
463.62,10801
463.66,10801
463.82,10800
464.03,10799
464.2,10798
464.24,10798
464.42,10797
464.61,10796
464.78,10795
464.96,10794
464.99,10794
465.2,10793
465.26,10793
465.42,10792
465.63,10791
465.8,10790
466.01,10789
466.03,10789
466.24,10788
466.42,10787
466.62,10786
466.63,10786
466.79,10785
467.01,10784
467.33,10783
467.34,10783
467.59,10782
467.77,10781
467.98,10780
468.06,10780
468.08,10780
468.28,10779
468.44,10778
468.66,10777
468.8,10776
468.87,10776
468.88,10776
469.09,10775
469.26,10774
469.45,10773
469.62,10772
469.68,10772
469.84,10771
470.04,10770
470.21,10769
470.4,10768
470.57,10767
470.74,10766
470.89,10765
471.1,10764
471.26,10763
471.46,10762
471.47,10762
471.64,10761
471.83,10760
472.0,10759
472.2,10758
472.36,10757
472.43,10757
472.61,10756
472.86,10755
473.04,10754
473.26,10753
473.42,10752
473.63,10751
473.8,10750
473.99,10749
474.16,10748
474.36,10747
474.52,10746
474.73,10745
474.79,10745
474.8,10745
474.95,10744
475.15,10743
475.32,10742
475.37,10742
475.52,10741
475.73,10740
475.88,10739
476.04,10738
476.1,10738
476.26,10737
476.45,10736
476.63,10735
476.81,10734
476.98,10733
477.16,10732
477.18,10732
477.23,10732
477.41,10731
477.59,10730
477.77,10729
477.98,10728
478.13,10727
478.34,10726
478.51,10725
478.69,10724
478.87,10723
478.88,10723
479.06,10722
479.21,10721
479.34,10721
479.51,10720
479.67,10719
479.87,10718
480.02,10717
480.24,10716
480.4,10715
480.6,10714
480.77,10713
480.98,10712
481.14,10711
481.34,10710
481.49,10709
481.58,10709
481.78,10708
481.94,10707
482.14,10706
482.31,10705
482.51,10704
482.68,10703
482.88,10702
482.9,10702
483.1,10701
483.26,10700
483.46,10699
483.62,10698
483.83,10697
483.84,10697
484.0,10696
484.2,10695
484.36,10694
484.57,10693
484.73,10692
484.92,10691
484.94,10691
485.14,10690
485.29,10689
485.5,10688
485.67,10687
485.73,10687
485.88,10686
486.09,10685
486.11,10685
486.17,10685
486.37,10684
486.39,10684
486.6,10683
486.77,10682
486.85,10682
487.03,10681
487.2,10680
487.28,10680
487.49,10679
487.66,10678
487.87,10677
488.03,10676
488.24,10675
488.41,10674
488.6,10673
488.78,10672
488.98,10671
489.14,10670
489.35,10669
489.51,10668
489.7,10667
489.71,10667
489.91,10666
490.07,10665
490.23,10664
490.43,10663
490.49,10663
490.5,10663
490.66,10662
490.87,10661
490.94,10661
491.11,10660
491.32,10659
491.48,10658
491.69,10657
491.86,10656
492.08,10655
492.26,10654
492.47,10653
492.62,10652
492.83,10651
492.99,10650
493.22,10649
493.4,10648
493.64,10647
493.82,10646
493.88,10646
494.07,10645
494.3,10644
494.48,10643
494.61,10643
494.79,10642
494.98,10641
495.16,10640
495.37,10639
495.54,10638
495.6,10638
495.75,10637
495.95,10636
495.96,10636
496.12,10635
496.32,10634
496.49,10633
496.69,10632
496.72,10632
496.9,10631
497.07,10630
497.27,10629
497.44,10628
497.63,10627
497.8,10626
497.86,10626
498.07,10625
498.23,10624
498.3,10624
498.45,10623
498.66,10622
498.67,10622
498.86,10621
499.07,10620
499.22,10619
499.43,10618
499.59,10617
499.8,10616
499.95,10615
500.19,10614
500.37,10613
500.58,10612
500.73,10611
500.94,10610
501.09,10609
501.32,10608
501.53,10607
501.68,10606
501.73,10606
501.91,10605
502.09,10604
502.27,10603
502.48,10602
502.63,10601
502.84,10600
503.02,10599
503.21,10598
503.38,10597
503.59,10596
503.6,10596
503.75,10595
503.96,10594
504.12,10593
504.32,10592
504.49,10591
504.6,10591
504.78,10590
504.99,10589
505.16,10588
505.37,10587
505.53,10586
505.73,10585
505.89,10584
506.1,10583
506.26,10582
506.47,10581
506.65,10580
506.86,10579
507.01,10578
507.22,10577
507.39,10576
507.44,10576
507.46,10576
507.67,10575
507.69,10575
507.9,10574
507.96,10574
508.13,10573
508.28,10572
508.49,10571
508.65,10570
508.86,10569
509.02,10568
509.22,10567
509.39,10566
509.59,10565
509.76,10564
509.96,10563
510.03,10563
510.2,10562
510.41,10561
510.56,10560
510.61,10560
510.79,10559
511.02,10558
511.18,10557
511.39,10556
511.54,10555
511.76,10554
511.9,10553
512.11,10552
512.27,10551
512.47,10550
512.64,10549
512.84,10548
513.01,10547
513.23,10546
513.39,10545
513.47,10545
513.63,10544
513.83,10543
514.0,10542
514.2,10541
514.27,10541
514.43,10540
514.48,10540
514.65,10539
514.86,10538
515.02,10537
515.23,10536
515.4,10535
515.61,10534
515.76,10533
515.96,10532
516.12,10531
516.29,10530
516.33,10530
516.51,10529
516.69,10528
516.7,10528
516.87,10527
517.08,10526
517.23,10525
517.31,10525
517.51,10524
517.68,10523
517.74,10523
517.91,10522
518.12,10521
518.28,10520
518.49,10519
518.5,10519
518.71,10518
518.87,10517
519.08,10516
519.24,10515
519.44,10514
519.46,10514
519.59,10514
519.74,10513
519.95,10512
520.1,10511
520.31,10510
520.47,10509
520.54,10509
520.69,10508
520.9,10507
521.06,10506
521.26,10505
521.43,10504
521.48,10504
521.49,10504
521.7,10503
521.85,10502
522.06,10501
522.21,10500
522.42,10499
522.59,10498
522.78,10497
522.95,10496
523.16,10495
523.31,10494
523.52,10493
523.68,10492
523.74,10492
523.9,10491
524.11,10490
524.27,10489
524.34,10489
524.51,10488
524.72,10487
524.88,10486
525.09,10485
525.24,10484
525.45,10483
525.51,10483
525.53,10483
525.74,10482
525.92,10481
526.11,10480
526.19,10480
526.34,10479
526.55,10478
526.73,10477
526.91,10476
526.94,10476
527.15,10475
527.36,10474
527.53,10473
527.54,10473
527.59,10473
527.74,10472
527.95,10471
528.12,10470
528.27,10469
528.48,10468
528.68,10467
528.86,10466
529.08,10465
529.25,10464
529.47,10463
529.63,10462
529.84,10461
530.01,10460
530.09,10460
530.3,10459
530.46,10458
530.67,10457
530.82,10456
531.03,10455
531.2,10454
531.25,10454
531.4,10453
531.61,10452
531.78,10451
531.86,10451
532.07,10450
532.22,10449
532.42,10448
532.58,10447
532.78,10446
532.96,10445
533.17,10444
533.32,10443
533.4,10443
533.56,10442
533.76,10441
533.92,10440
533.97,10440
534.13,10439
534.33,10438
534.49,10437
534.55,10437
534.71,10436
534.77,10436
534.79,10436
535.0,10435
535.16,10434
535.32,10433
535.52,10432
535.73,10431
535.88,10430
535.89,10430
535.96,10430
536.11,10429
536.16,10429
536.33,10428
536.53,10427
536.56,10427
536.75,10426
536.92,10425
537.12,10424
537.14,10424
537.34,10423
537.42,10423
537.58,10422
537.79,10421
537.86,10421
538.03,10420
538.08,10420
538.23,10419
538.45,10418
538.61,10417
538.81,10416
538.98,10415
539.19,10414
539.37,10413
539.57,10412
539.65,10412
539.81,10411
540.01,10410
540.02,10410
540.18,10409
540.38,10408
540.54,10407
540.76,10406
540.92,10405
541.13,10404
541.28,10403
541.33,10403
541.5,10402
541.71,10401
541.88,10400
541.94,10400
542.11,10399
542.29,10398
542.31,10398
542.49,10397
542.68,10396
542.69,10396
542.93,10395
543.1,10394
543.3,10393
543.47,10392
543.67,10391
543.84,10390
544.04,10389
544.2,10388
544.41,10387
544.56,10386
544.61,10386
544.77,10385
544.84,10385
545.0,10384
545.06,10384
545.14,10384
545.3,10383
545.51,10382
545.52,10382
545.71,10381
545.88,10380
546.06,10379
546.07,10379
546.13,10379
546.3,10378
546.36,10378
546.51,10377
546.52,10377
546.72,10376
546.74,10376
546.95,10375
547.09,10374
547.23,10374
547.38,10373
547.59,10372
547.76,10371
547.97,10370
548.15,10369
548.36,10368
548.51,10367
548.72,10366
548.9,10365
549.11,10364
549.26,10363
549.47,10362
549.62,10361
549.83,10360
550.0,10359
550.19,10358
550.21,10358
550.29,10358
550.48,10357
550.57,10357
550.73,10356
550.94,10355
551.14,10354
551.34,10353
551.52,10352
551.71,10351
551.88,10350
552.06,10349
552.21,10348
552.28,10348
552.43,10347
552.6,10346
552.8,10345
552.97,10344
553.16,10343
553.33,10342
553.53,10341
553.69,10340
553.89,10339
554.05,10338
554.26,10337
554.41,10336
554.62,10335
554.68,10335
554.74,10335
554.9,10334
555.11,10333
555.28,10332
555.34,10332
555.5,10331
555.7,10330
555.86,10329
556.06,10328
556.22,10327
556.39,10326
556.57,10325
556.73,10324
556.8,10324
556.81,10324
557.01,10323
557.16,10322
557.36,10321
557.52,10320
557.61,10320
557.8,10319
557.94,10318
558.16,10317
558.31,10316
558.38,10316
558.57,10315
558.72,10314
558.9,10313
559.05,10312
559.23,10311
559.37,10310
559.56,10309
559.57,10309
559.75,10308
559.9,10307
559.93,10307
560.08,10306
560.25,10305
560.43,10304
560.58,10303
560.76,10302
560.82,10302
560.96,10301
561.14,10300
561.29,10299
561.34,10299
561.49,10298
561.66,10297
561.86,10296
562.01,10295
562.19,10294
562.33,10293
562.48,10292
562.66,10291
562.8,10290
562.85,10290
563.0,10289
563.18,10288
563.32,10287
563.5,10286
563.64,10285
563.83,10284
563.98,10283
564.16,10282
564.31,10281
564.37,10281
564.55,10280
564.69,10279
564.75,10279
564.89,10278
565.07,10277
565.22,10276
565.4,10275
565.55,10274
565.73,10273
565.87,10272
566.05,10271
566.2,10270
566.38,10269
566.53,10268
566.71,10267
566.86,10266
566.9,10266
566.92,10266
567.1,10265
567.25,10264
567.29,10264
567.44,10263
567.62,10262
567.76,10261
567.94,10260
568.08,10259
568.14,10259
568.28,10258
568.29,10258
568.32,10258
568.47,10257
568.65,10256
568.8,10255
568.85,10255
568.99,10254
569.17,10253
569.32,10252
569.37,10252
569.51,10251
569.71,10250
569.88,10249
569.93,10249
570.09,10248
570.28,10247
570.43,10246
570.61,10245
570.76,10244
570.96,10243
571.03,10243
571.08,10243
571.25,10242
571.43,10241
571.58,10240
571.63,10240
571.78,10239
571.96,10238
572.1,10237
572.28,10236
572.43,10235
572.61,10234
572.77,10233
572.94,10232
573.09,10231
573.27,10230
573.28,10230
573.46,10229
573.61,10228
573.8,10227
573.94,10226
574.08,10225
574.19,10225
574.26,10225
574.27,10225
574.46,10224
574.6,10223
574.8,10222
574.94,10221
575.12,10220
575.27,10219
575.45,10218
575.6,10217
575.78,10216
575.93,10215
576.12,10214
576.26,10213
576.41,10212
576.59,10211
576.77,10210
576.78,10210
576.84,10210
576.86,10210
576.92,10210
577.1,10209
577.16,10209
577.31,10208
577.49,10207
577.51,10207
577.66,10206
577.83,10205
577.98,10204
578.16,10203
578.31,10202
578.49,10201
578.67,10200
578.82,10199
579.0,10198
579.07,10198
579.22,10197
579.39,10196
579.55,10195
579.73,10194
579.76,10194
579.82,10194
580.0,10193
580.02,10193
580.19,10192
580.34,10191
580.52,10190
580.67,10189
580.85,10188
581.0,10187
581.19,10186
581.2,10186
581.38,10185
581.39,10185
581.4,10185
581.58,10184
581.73,10183
581.79,10183
581.97,10182
582.12,10181
582.29,10180
582.44,10179
582.62,10178
582.77,10177
582.95,10176
582.96,10176
583.15,10175
583.29,10174
583.47,10173
583.62,10172
583.68,10172
583.82,10171
583.87,10171
583.88,10171
584.06,10170
584.21,10169
584.4,10168
584.55,10167
584.74,10166
584.75,10166
584.9,10165
585.08,10164
585.28,10163
585.43,10162
585.61,10161
585.77,10160
585.95,10159
585.98,10159
586.04,10159
586.18,10158
586.36,10157
586.54,10156
586.69,10155
586.84,10154
587.02,10153
587.19,10152
587.21,10152
587.39,10151
587.42,10151
587.6,10150
587.78,10149
587.93,10148
587.98,10148
588.12,10147
588.3,10146
588.45,10145
588.63,10144
588.78,10143
588.92,10142
589.11,10141
589.29,10140
589.44,10139
589.62,10138
589.77,10137
589.96,10136
589.99,10136
590.17,10135
590.19,10135
590.37,10134
590.51,10133
590.69,10132
590.84,10131
591.02,10130
591.17,10129
591.22,10129
591.4,10128
591.55,10127
591.73,10126
591.88,10125
592.05,10124
592.2,10123
592.38,10122
592.52,10121
592.58,10121
592.59,10121
592.78,10120
592.93,10119
592.98,10119
593.13,10118
593.32,10117
593.5,10116
593.64,10115
593.65,10115
593.71,10115
593.76,10115
593.77,10115
593.92,10114
594.1,10113
594.25,10112
594.42,10111
594.57,10110
594.63,10110
594.81,10109
594.96,10108
595.02,10108
595.03,10108
595.22,10107
595.36,10106
595.54,10105
595.56,10105
595.62,10105
595.8,10104
595.95,10103
596.13,10102
596.28,10101
596.29,10101
596.35,10101
596.36,10101
596.53,10100
596.68,10099
596.73,10099
596.88,10098
597.06,10097
597.21,10096
597.39,10095
597.47,10095
597.62,10094
597.79,10093
597.94,10092
598.0,10092
598.14,10091
598.2,10091
598.39,10090
598.4,10090
598.59,10089
598.74,10088
598.92,10087
598.99,10087
599.13,10086
599.31,10085
599.49,10084
599.63,10083
599.64,10083
599.65,10083
599.69,10083
599.85,10082
