0.0,2
0.01,6
0.02,8
0.03,9
0.04,14
0.05,10
0.06,20
0.07,22
0.08,24
0.09,28
0.1,30
0.11,34
0.12,36
0.13,38
0.14,42
0.15,44
0.16,46
0.17,32
0.18,52
0.19,54
0.2,56
0.21,58
0.22,62
0.23,64
0.24,66
0.25,68
0.26,72
0.27,74
0.28,76
0.29,43
0.3,80
0.31,76
0.32,86
0.33,88
0.34,90
0.35,92
0.36,94
0.37,77
0.38,99
0.39,101
0.4,99
0.41,99
0.42,108
0.43,110
0.44,67
0.45,114
0.46,117
0.47,115
0.48,117
0.49,123
0.5,126
0.51,128
0.52,130
0.53,132
0.54,134
0.55,117
0.56,140
0.57,142
0.58,75
0.59,147
0.6,144
0.61,151
0.62,154
0.63,118
0.64,159
0.65,162
0.66,104
0.67,167
0.68,169
0.69,170
0.7,173
0.71,141
0.72,111
0.73,178
0.74,180
0.75,163
0.76,185
0.77,180
0.78,189
0.79,192
0.8,194
0.81,196
0.82,198
0.83,200
0.84,197
0.85,198
0.86,206
0.87,208
0.88,210
0.89,212
0.9,119
0.91,216
0.92,220
0.93,222
0.94,224
0.95,189
0.96,229
0.97,232
0.98,234
0.99,144
1.0,239
1.01,241
1.02,244
1.03,246
1.04,228
1.05,252
1.06,254
1.07,240
1.08,257
1.09,225
1.1,243
1.11,266
1.12,268
1.13,270
1.14,272
1.15,274
1.16,275
1.17,277
1.18,280
1.19,282
1.2,284
1.21,286
1.22,158
1.23,286
1.24,294
1.25,296
1.26,298
1.27,300
1.28,261
1.29,305
1.3,308
1.31,310
1.32,312
1.33,247
1.34,314
1.35,319
1.36,322
1.37,324
1.38,326
1.39,284
1.4,332
1.41,334
1.42,216
1.43,339
1.44,342
1.45,344
1.46,310
1.47,349
1.48,352
1.49,354
1.5,348
1.51,360
1.52,362
1.53,365
1.54,368
1.55,320
1.56,374
1.57,376
1.58,374
1.59,382
1.6,316
1.61,388
1.62,390
1.63,393
1.64,396
1.65,255
1.66,402
1.67,404
1.68,406
1.69,409
1.7,412
1.71,409
1.72,418
1.73,420
1.74,423
1.75,426
1.76,289
1.77,432
1.78,434
1.79,270
1.8,439
1.81,442
1.82,444
1.83,421
1.84,450
1.85,452
1.86,54
1.87,451
1.88,460
1.89,462
1.9,391
1.91,468
1.92,470
1.93,330
1.94,475
1.95,478
1.96,480
1.97,373
1.98,486
1.99,488
2.0,490
2.01,417
2.02,495
2.03,498
2.04,500
2.05,422
2.06,505
2.07,507
2.08,510
2.09,512
2.1,514
2.11,516
2.12,503
2.13,516
2.14,523
2.15,526
2.16,528
2.17,467
2.18,533
2.19,536
2.2,537
2.21,540
2.22,542
2.23,545
2.24,548
2.25,404
2.26,554
2.27,556
2.28,551
2.29,562
2.3,564
2.31,566
2.32,568
2.33,570
2.34,564
2.35,576
2.36,578
2.37,494
2.38,582
2.39,516
2.4,588
2.41,590
2.42,591
2.43,594
2.44,596
2.45,598
2.46,569
2.47,603
2.48,606
2.49,608
2.5,610
2.51,612
2.52,614
2.53,616
2.54,362
2.55,620
2.56,624
2.57,367
2.58,629
2.59,632
2.6,440
2.61,637
2.62,640
2.63,360
2.64,645
2.65,648
2.66,650
2.67,648
2.68,656
2.69,658
2.7,603
2.71,664
2.72,666
2.73,669
2.74,672
2.75,510
2.76,678
2.77,680
2.78,653
2.79,686
2.8,688
2.81,674
2.82,694
2.83,696
2.84,689
2.85,702
2.86,703
2.87,691
2.88,709
2.89,104
2.9,715
2.91,717
2.92,541
2.93,723
2.94,725
2.95,451
2.96,730
2.97,733
2.98,735
2.99,738
3.0,741
3.01,424
3.02,746
3.03,749
3.04,439
3.05,754
3.06,757
3.07,406
3.08,762
3.09,765
3.1,767
3.11,769
3.12,773
3.13,775
3.14,711
3.15,781
3.16,783
3.17,786
3.18,789
3.19,792
3.2,795
3.21,613
3.22,801
3.23,803
3.24,788
3.25,809
3.26,490
3.27,815
3.28,817
3.29,801
3.3,823
3.31,761
3.32,829
3.33,129
3.34,835
3.35,837
3.36,838
3.37,843
3.38,199
3.39,848
3.4,851
3.41,853
3.42,772
3.43,859
3.44,861
3.45,794
3.46,867
3.47,869
3.48,871
3.49,718
3.5,877
3.51,879
3.52,882
3.53,885
3.54,867
3.55,891
3.56,585
3.57,897
3.58,899
3.59,902
3.6,905
3.61,877
3.62,911
3.63,287
3.64,917
3.65,919
3.66,891
3.67,925
3.68,927
3.69,930
3.7,933
3.71,890
3.72,939
3.73,210
3.74,944
3.75,947
3.76,921
3.77,953
3.78,955
3.79,883
3.8,961
3.81,963
3.82,643
3.83,967
3.84,971
3.85,973
3.86,969
3.87,979
3.88,981
3.89,974
3.9,987
3.91,686
3.92,992
3.93,995
3.94,748
3.95,1000
3.96,1003
3.97,922
3.98,1009
3.99,1011
4.0,851
4.01,1016
4.02,1019
4.03,1021
4.04,1023
4.05,96
4.06,1028
4.07,1030
4.08,1033
4.09,940
4.1,1039
4.11,1041
4.12,1023
4.13,1045
4.14,921
4.15,1049
4.16,1053
4.17,1055
4.18,1057
4.19,1059
4.2,961
4.21,1061
4.22,1066
4.23,1069
4.24,735
4.25,1073
4.26,1077
4.27,1079
4.28,981
4.29,1085
4.3,1087
4.31,402
4.32,1090
4.33,1095
4.34,1097
4.35,1019
4.36,1103
4.37,1105
4.38,711
4.39,1108
4.4,1113
4.41,1115
4.42,1021
4.43,1121
4.44,1123
4.45,644
4.46,1126
4.47,1131
4.48,1133
4.49,1057
4.5,1139
4.51,570
4.52,1144
4.53,1147
4.54,1137
4.55,1153
4.56,969
4.57,1159
4.58,140
4.59,1164
4.6,1167
4.61,1127
4.62,1173
4.63,671
4.64,1179
4.65,1181
4.66,1182
4.67,1187
4.68,1189
4.69,1143
4.7,1195
4.71,68
4.72,1198
4.73,1203
4.74,1205
4.75,1169
4.76,1211
4.77,1213
4.78,1151
4.79,1085
4.8,1220
4.81,1223
4.82,137
4.83,795
4.84,1228
4.85,1233
4.86,732
4.87,1235
4.88,1241
4.89,1243
4.9,1245
4.91,1241
4.92,1251
4.93,79
4.94,1254
4.95,1259
4.96,428
4.97,1261
4.98,1267
4.99,1269
5.0,1227
5.01,1275
5.02,1277
5.03,1275
5.04,1283
5.05,1285
5.06,1288
5.07,1291
5.08,955
5.09,1297
5.1,1299
5.11,1232
5.12,1305
5.13,1307
5.14,1252
5.15,1313
5.16,1315
5.17,1313
5.18,1321
5.19,1323
5.2,1109
5.21,1328
5.22,1331
5.23,607
5.24,1335
5.25,1339
5.26,958
5.27,1341
5.28,1347
5.29,819
5.3,1352
5.31,1355
5.32,898
5.33,1361
5.34,1363
5.35,904
5.36,1368
5.37,1371
5.38,1360
5.39,1377
5.4,806
5.41,1381
5.42,1385
5.43,869
5.44,1390
5.45,1393
5.46,702
5.47,1398
5.48,1401
5.49,913
5.5,1404
5.51,1409
5.52,981
5.53,1414
5.54,1417
5.55,900
5.56,1422
5.57,1425
5.58,1078
5.59,1430
5.6,1433
5.61,1110
5.62,1439
5.63,1441
5.64,1311
5.65,1447
5.66,1449
5.67,856
5.68,1455
5.69,1457
5.7,1137
5.71,1463
5.72,1465
5.73,1298
5.74,1471
5.75,1473
5.76,1203
5.77,1478
5.78,1481
5.79,1483
5.8,1482
5.81,1489
5.82,1491
5.83,1489
5.84,1497
5.85,1499
5.86,1471
5.87,1505
5.88,1507
5.89,977
5.9,1512
5.91,1515
5.92,287
5.93,1516
5.94,1523
5.95,372
5.96,1522
5.97,1531
5.98,1533
5.99,1500
6.0,1539
6.01,1541
6.02,1219
6.03,1546
6.04,1549
6.05,1053
6.06,1555
6.07,1557
6.08,1366
6.09,1563
6.1,1565
6.11,1395
6.12,1570
6.13,1573
6.14,206
6.15,1568
6.16,1581
6.17,1016
6.18,1355
6.19,1588
6.2,1591
6.21,1126
6.22,1589
6.23,1599
6.24,1601
6.25,1577
6.26,1607
6.27,1609
6.28,1600
6.29,1614
6.3,1616
6.31,1608
6.32,1622
6.33,321
6.34,1620
6.35,1630
6.36,360
6.37,1631
6.38,1638
6.39,1640
6.4,1636
6.41,1646
6.42,1045
6.43,1652
6.44,1654
6.45,1640
6.46,1660
6.47,256
6.48,1658
6.49,1668
6.5,1670
6.51,1551
6.52,1675
6.53,1678
6.54,1086
6.55,1683
6.56,1686
6.57,1688
6.58,1673
6.59,1694
6.6,1696
6.61,1638
6.62,1702
6.63,1704
6.64,1408
6.65,1710
6.66,1712
6.67,1156
6.68,1717
6.69,1720
6.7,1271
6.71,1725
6.72,1728
6.73,516
6.74,1726
6.75,1736
6.76,1738
6.77,1734
6.78,1744
6.79,1746
6.8,1089
6.81,1744
6.82,1754
6.83,1756
6.84,1747
6.85,1762
6.86,474
6.87,1757
6.88,1770
6.89,1772
6.9,1711
6.91,1778
6.92,1780
6.93,1619
6.94,1786
6.95,1788
6.96,1277
6.97,1794
6.98,1796
6.99,931
7.0,1801
7.01,1804
7.02,1470
7.03,1809
7.04,1812
7.05,1661
7.06,1818
7.07,1820
7.08,1533
7.09,1826
7.1,1828
7.11,1703
7.12,1832
7.13,1836
7.14,1389
7.15,1842
7.16,1844
7.17,1627
7.18,1850
7.19,1852
7.2,1788
7.21,1858
7.22,1860
7.23,1725
7.24,1866
7.25,1868
7.26,1830
7.27,1874
7.28,1876
7.29,1872
7.3,1882
7.31,264
7.32,1879
7.33,1890
7.34,1196
7.35,1896
7.36,1888
7.37,1900
7.38,1902
7.39,1515
7.4,1908
7.41,1910
7.42,1885
7.43,1916
7.44,1918
7.45,1851
7.46,1924
7.47,1926
7.48,1133
7.49,1920
7.5,1934
7.51,1936
7.52,962
7.53,1941
7.54,1944
7.55,1189
7.56,1949
7.57,1952
7.58,577
7.59,1949
7.6,1960
7.61,26
7.62,1918
7.63,1968
7.64,1970
7.65,1373
7.66,1968
7.67,1978
7.68,1980
7.69,1535
7.7,1984
7.71,1988
7.72,223
7.73,1985
7.74,1996
7.75,1998
7.76,1921
7.77,2004
7.78,2006
7.79,585
7.8,1947
7.81,2014
7.82,2016
7.83,1740
7.84,2020
7.85,2024
7.86,1084
7.87,2024
7.88,2032
7.89,2034
7.9,1998
7.91,2040
7.92,2042
7.93,1519
7.94,2048
7.95,2050
7.96,2052
7.97,2047
7.98,2058
7.99,2060
8.0,907
8.01,2044
8.02,2068
8.03,2070
8.04,2072
8.05,1384
8.06,2069
8.07,2080
8.08,1139
8.09,1994
8.1,2088
8.11,2090
8.12,2012
8.13,2096
8.14,2098
8.15,1898
8.16,2104
8.17,2106
8.18,1454
8.19,2106
8.2,2114
8.21,2116
8.22,2109
8.23,2122
8.24,2124
8.25,2030
8.26,2130
8.27,2132
8.28,2094
8.29,2138
8.3,2140
8.31,2112
8.32,2146
8.33,2148
8.34,1985
8.35,2154
8.36,2156
8.37,1939
8.38,2162
8.39,353
8.4,2158
8.41,2170
8.42,2060
8.43,2176
8.44,1084
8.45,2182
8.46,2184
8.47,1498
8.48,2190
8.49,2192
8.5,2185
8.51,2198
8.52,2200
8.53,1947
8.54,2203
8.55,2208
8.56,1602
8.57,2203
8.58,2216
8.59,2218
8.6,529
8.61,2199
8.62,2226
8.63,2228
8.64,2230
8.65,896
8.66,2230
8.67,2227
8.68,2240
8.69,2242
8.7,2244
8.71,800
8.72,2248
8.73,2250
8.74,1174
8.75,2252
8.76,2258
8.77,2260
8.78,2262
8.79,2264
8.8,1618
8.81,2249
8.82,1899
8.83,2258
8.84,2276
8.85,2278
8.86,988
8.87,2269
8.88,2286
8.89,2288
8.9,2120
8.91,2292
8.92,2294
8.93,1688
8.94,2292
8.95,2241
8.96,2181
8.97,2220
8.98,2306
8.99,2096
9.0,2250
9.01,2314
9.02,2316
9.03,2310
9.04,2302
9.05,2296
9.06,2322
9.07,2326
9.08,2328
9.09,1143
9.1,2316
9.11,2325
9.12,2338
9.13,2338
9.14,1747
9.15,853
9.16,2298
9.17,2346
9.18,2350
9.19,2352
9.2,2354
9.21,1809
9.22,2348
9.23,2362
9.24,2364
9.25,2182
9.26,2370
9.27,2372
9.28,1353
9.29,2367
9.3,2380
9.31,2382
9.32,1665
9.33,2315
9.34,2390
9.35,2392
9.36,2292
9.37,2398
9.38,2400
9.39,2333
9.4,2406
9.41,2408
9.42,2392
9.43,2414
9.44,1454
9.45,2418
9.46,2422
9.47,1472
9.48,2421
9.49,2430
9.5,2432
9.51,1931
9.52,2438
9.53,2440
9.54,1852
9.55,2442
9.56,2448
9.57,2450
9.58,2452
9.59,1334
9.6,2451
9.61,2460
9.62,282
9.63,2457
9.64,2468
9.65,2470
9.66,2472
9.67,974
9.68,2473
9.69,2480
9.7,2482
9.71,2484
9.72,34
9.73,2411
9.74,2491
9.75,2494
9.76,2496
9.77,2139
9.78,2501
9.79,2504
9.8,1893
9.81,2510
9.82,2512
9.83,2335
9.84,2518
9.85,2520
9.86,1916
9.87,2526
9.88,2528
9.89,2506
9.9,2534
9.91,2536
9.92,2217
9.93,2541
9.94,2544
9.95,2490
9.96,2550
9.97,2552
9.98,1303
9.99,2542
10.0,2560
10.01,2562
10.02,2433
10.03,2568
10.04,649
10.05,1943
10.06,1359
10.07,2418
10.08,2569
10.09,2237
10.1,2582
10.11,2586
10.12,2588
10.13,1545
10.14,2558
10.15,2593
10.16,2598
10.17,2600
10.18,1952
10.19,2594
10.2,2608
10.21,1356
10.22,2612
10.23,2616
10.24,1884
10.25,2619
10.26,2624
10.27,854
10.28,2614
10.29,2632
10.3,1230
10.31,2636
10.32,2640
10.33,2594
10.34,2646
10.35,2648
10.36,2573
10.37,2654
10.38,2656
10.39,2386
10.4,2662
10.41,2664
10.42,1136
10.43,2658
10.44,2672
10.45,2674
10.46,2279
10.47,2676
10.48,2682
10.49,2684
10.5,2252
10.51,2688
10.52,2692
10.53,2597
10.54,2698
10.55,2700
10.56,516
10.57,2098
10.58,2691
10.59,2710
10.6,2712
10.61,2714
10.62,1603
10.63,2700
10.64,2722
10.65,2724
10.66,2726
10.67,2728
10.68,2730
10.69,2680
10.7,2736
10.71,2738
10.72,1392
10.73,2742
10.74,2744
10.75,487
10.76,2698
10.77,2752
10.78,2754
10.79,2756
10.8,2756
10.81,2760
10.82,2762
10.83,2385
10.84,2750
10.85,2770
10.86,2772
10.87,2774
10.88,2776
10.89,1138
10.9,2500
10.91,379
10.92,253
10.93,2786
10.94,2788
10.95,1804
10.96,2733
10.97,2792
10.98,2798
10.99,2800
11.0,2802
11.01,1005
11.02,2644
11.03,2766
11.04,2812
11.05,2814
11.06,2816
11.07,2818
11.08,1276
11.09,2216
11.1,2805
11.11,2828
11.12,2830
11.13,2832
11.14,2834
11.15,1880
11.16,2791
11.17,2839
11.18,2844
11.19,2846
11.2,2848
11.21,1522
11.22,2826
11.23,2856
11.24,2858
11.25,2860
11.26,1673
11.27,2351
11.28,2856
11.29,2870
11.3,2872
11.31,2874
11.32,1903
11.33,2610
11.34,2882
11.35,2884
11.36,2886
11.37,2888
11.38,1357
11.39,2884
11.4,2896
11.41,843
11.42,2881
11.43,2904
11.44,498
11.45,2892
11.46,2912
11.47,2914
11.48,2717
11.49,2920
11.5,2922
11.51,2126
11.52,2928
11.53,2930
11.54,2847
11.55,886
11.56,1375
11.57,2913
11.58,2942
11.59,2309
11.6,2887
11.61,2925
11.62,2950
11.63,2952
11.64,2954
11.65,2956
11.66,2393
11.67,2394
11.68,2961
11.69,2966
11.7,2968
11.71,2970
11.72,2972
11.73,2236
11.74,2920
11.75,2965
11.76,2740
11.77,2405
11.78,2439
11.79,2986
11.8,2988
11.81,2990
11.82,1099
11.83,2736
11.84,2979
11.85,3000
11.86,3002
11.87,3004
11.88,2661
11.89,3007
11.9,3012
11.91,374
11.92,2891
11.93,3019
11.94,3022
11.95,165
11.96,2997
11.97,3030
11.98,905
11.99,3015
12.0,3038
12.01,3040
12.02,3012
12.03,3046
12.04,1504
12.05,3042
12.06,3054
12.07,3056
12.08,2973
12.09,3062
12.1,3064
12.11,3020
12.12,3063
12.13,3072
12.14,345
12.15,3056
12.16,3080
12.17,90
12.18,2612
12.19,3070
12.2,3090
12.21,3092
12.22,1453
12.23,3009
12.24,3094
12.25,3102
12.26,3104
12.27,3106
12.28,3108
12.29,3110
12.3,1963
12.31,3035
12.32,3111
12.33,3103
12.34,3122
12.35,3124
12.36,3126
12.37,2217
12.38,2061
12.39,3132
12.4,2898
12.41,3138
12.42,3140
12.43,3142
12.44,3144
12.45,3146
12.46,3148
12.47,2015
12.48,2722
12.49,3154
12.5,3156
12.51,3158
12.52,3063
12.53,3164
12.54,13
12.55,3075
12.56,3172
12.57,3174
12.58,2984
12.59,3180
12.6,3182
12.61,3148
12.62,3186
12.63,3188
12.64,1059
12.65,3161
12.66,3096
12.67,1899
12.68,3198
12.69,3200
12.7,3202
12.71,2536
12.72,3165
12.73,2610
12.74,397
12.75,2761
12.76,3206
12.77,3218
12.78,3220
12.79,3222
12.8,3224
12.81,702
12.82,2348
12.83,3197
12.84,3234
12.85,3236
12.86,212
12.87,2935
12.88,3187
12.89,3246
12.9,3248
12.91,3250
12.92,2931
12.93,3230
12.94,3258
12.95,3260
12.96,176
12.97,3018
12.98,3264
12.99,3270
13.0,3272
13.01,2446
13.02,3274
13.03,3280
13.04,2324
13.05,3286
13.06,3288
13.07,2785
13.08,3294
13.09,3296
13.1,3240
13.11,3302
13.12,3304
13.13,899
13.14,3025
13.15,2477
13.16,2653
13.17,3282
13.18,3296
13.19,3320
13.2,3322
13.21,223
13.22,3326
13.23,3328
13.24,139
13.25,2421
13.26,3336
13.27,3338
13.28,1231
13.29,3288
13.3,3346
13.31,3333
13.32,3321
13.33,1687
13.34,2995
13.35,2978
13.36,3315
13.37,3360
13.38,3362
13.39,3364
13.4,3366
13.41,1350
13.42,3204
13.43,3349
13.44,3376
13.45,3378
13.46,3380
13.47,3382
13.48,1277
13.49,2638
13.5,3334
13.51,3392
13.52,3394
13.53,2548
13.54,3392
13.55,3402
13.56,1077
13.57,3390
13.58,3410
13.59,1475
13.6,3389
13.61,3418
13.62,3420
13.63,2198
13.64,3388
13.65,3428
13.66,1530
13.67,3428
13.68,3436
13.69,2282
13.7,3413
13.71,3444
13.72,3446
13.73,229
13.74,3112
13.75,3446
13.76,3456
13.77,3458
13.78,2432
13.79,3449
13.8,3466
13.81,3468
13.82,1834
13.83,3430
13.84,3476
13.85,3478
13.86,137
13.87,2238
13.88,3470
13.89,3488
13.9,3490
13.91,3492
13.92,3494
13.93,3496
13.94,3498
13.95,2397
13.96,3452
13.97,1615
13.98,2796
13.99,3510
14.0,3512
14.01,3514
14.02,3516
14.03,3518
14.04,3520
14.05,3083
14.06,3526
14.07,3504
14.08,3459
14.09,3474
14.1,3513
14.11,3536
14.12,3538
14.13,3540
14.14,3337
14.15,1422
14.16,3456
14.17,3525
14.18,2738
14.19,3525
14.2,3553
14.21,3556
14.22,3558
14.23,3560
14.24,1383
14.25,3186
14.26,3553
14.27,3570
14.28,3572
14.29,192
14.3,2239
14.31,3311
14.32,3542
14.33,3578
14.34,3586
14.35,3588
14.36,3590
14.37,3592
14.38,566
14.39,2557
14.4,3423
14.41,3534
14.42,3604
14.43,3606
14.44,3608
14.45,326
14.46,3054
14.47,3556
14.48,3618
14.49,3620
14.5,47
14.51,2959
14.52,3608
14.53,3630
14.54,3632
14.55,798
14.56,3456
14.57,3640
14.58,3642
14.59,3644
14.6,3050
14.61,3627
14.62,3652
14.63,3654
14.64,1542
14.65,3583
14.66,3662
14.67,3664
14.68,882
14.69,3539
14.7,3672
14.71,3674
14.72,112
14.73,2157
14.74,3682
14.75,3684
14.76,2941
14.77,3687
14.78,3692
14.79,414
14.8,3190
14.81,1203
14.82,3545
14.83,443
14.84,2153
14.85,1055
14.86,616
14.87,1929
14.88,1056
14.89,3714
14.9,3716
14.91,3718
14.92,3720
14.93,3722
14.94,3724
14.95,762
14.96,1204
14.97,719
14.98,843
14.99,1465
15.0,3478
15.01,3717
15.02,3742
15.03,3744
15.04,3746
15.05,3748
15.06,1624
15.07,3619
15.08,3756
15.09,3758
15.1,3760
15.11,2774
15.12,3749
15.13,3768
15.14,951
15.15,3749
15.16,3776
15.17,2723
15.18,3782
15.19,3784
15.2,3449
15.21,3790
15.22,3792
15.23,3500
15.24,3798
15.25,3800
15.26,3705
15.27,3806
15.28,3808
15.29,3478
15.3,3781
15.31,3816
15.32,924
15.33,3793
15.34,3824
15.35,2257
15.36,3830
15.37,3832
15.38,1756
15.39,3757
15.4,3840
15.41,3842
15.42,692
15.43,3561
15.44,3844
15.45,3852
15.46,3854
15.47,2661
15.48,3816
15.49,3862
15.5,3864
15.51,1950
15.52,3754
15.53,3872
15.54,3874
15.55,46
15.56,3764
15.57,3882
15.58,63
15.59,3771
15.6,3890
15.61,2034
15.62,3891
15.63,3898
15.64,3315
15.65,3904
15.66,3906
15.67,3423
15.68,3912
15.69,643
15.7,3876
15.71,3920
15.72,1999
15.73,3926
15.74,3928
15.75,3789
15.76,3934
15.77,177
15.78,3804
15.79,3942
15.8,3944
15.81,3742
15.82,3950
15.83,3952
15.84,3379
15.85,3950
15.86,3960
15.87,3962
15.88,2974
15.89,3929
15.9,3970
15.91,3972
15.92,1218
15.93,3967
15.94,3980
15.95,3424
15.96,3986
15.97,3988
15.98,1869
15.99,3983
16.0,3996
16.01,3864
16.02,4002
16.03,4004
16.04,3824
16.05,4010
16.06,4012
16.07,2280
16.08,3869
16.09,4020
16.1,274
16.11,3926
16.12,4028
16.13,4030
16.14,2931
16.15,4011
16.16,4038
16.17,4040
16.18,1136
16.19,3887
16.2,4015
16.21,4050
16.22,4052
16.23,4054
16.24,4056
16.25,201
16.26,1996
16.27,3862
16.28,4057
16.29,4063
16.3,4070
16.31,4072
16.32,2067
16.33,3307
16.34,3775
16.35,4082
16.36,4084
16.37,226
16.38,2133
16.39,3693
16.4,4061
16.41,4074
16.42,4023
16.43,3632
16.44,1417
16.45,2054
16.46,3668
16.47,4098
16.48,4110
16.49,4112
16.5,2517
16.51,4010
16.52,4120
16.53,4122
16.54,4124
16.55,468
16.56,3176
16.57,4009
16.58,4122
16.59,4136
16.6,4138
16.61,4140
16.62,523
16.63,2572
16.64,3961
16.65,4150
16.66,4152
16.67,4154
16.68,580
16.69,3731
16.7,3725
16.71,3681
16.72,4153
16.73,4168
16.74,4170
16.75,1717
16.76,3903
16.77,4177
16.78,4180
16.79,4182
16.8,4184
16.81,4186
16.82,320
16.83,1741
16.84,2680
16.85,3595
16.86,4073
16.87,4200
16.88,4068
16.89,4204
16.9,4206
16.91,2163
16.92,3515
16.93,2859
16.94,3294
16.95,1773
16.96,2314
16.97,3956
16.98,4204
16.99,4200
17.0,4228
17.01,4230
17.02,668
17.03,2608
17.04,2939
17.05,4208
17.06,4242
17.07,4244
17.08,3045
17.09,4169
17.1,4252
17.11,4170
17.12,4256
17.13,4258
17.14,4260
17.15,169
17.16,3960
17.17,3947
17.18,3498
17.19,3913
17.2,2776
17.21,4047
17.22,4278
17.23,4190
17.24,3954
17.25,4085
17.26,4023
17.27,3889
17.28,4239
17.29,4292
17.3,4294
17.31,4296
17.32,4298
17.33,2647
17.34,4119
17.35,4306
17.36,4308
17.37,4310
17.38,4312
17.39,48
17.4,2259
17.41,4132
17.42,4322
17.43,4324
17.44,3850
17.45,4330
17.46,4332
17.47,2375
17.48,4323
17.49,4340
17.5,2325
17.51,4313
17.52,4348
17.53,54
17.54,3945
17.55,4356
17.56,4358
17.57,3271
17.58,4364
17.59,4366
17.6,1285
17.61,4269
17.62,4374
17.63,1676
17.64,3484
17.65,4288
17.66,4382
17.67,4385
17.68,3512
17.69,4386
17.7,4391
17.71,4395
17.72,3338
17.73,4290
17.74,4393
17.75,4401
17.76,719
17.77,4124
17.78,4398
17.79,4411
17.8,1202
17.81,4285
17.82,4413
17.83,1849
17.84,3942
17.85,189
17.86,4060
17.87,4415
17.88,4434
17.89,2597
17.9,3029
17.91,3928
17.92,4071
17.93,4073
17.94,3741
17.95,4385
17.96,4426
17.97,4444
17.98,171
17.99,1825
18.0,2936
18.01,3783
18.02,4329
18.03,4435
18.04,4445
18.05,4456
18.06,4478
18.07,1395
18.08,4144
18.09,4434
18.1,4339
18.11,4214
18.12,3627
18.13,4023
18.14,532
18.15,4485
18.16,1462
18.17,3979
18.18,4384
18.19,4451
18.2,4478
18.21,4487
18.22,4505
18.23,1651
18.24,2504
18.25,4329
18.26,4226
18.27,2984
18.28,3916
18.29,4173
18.3,4349
18.31,4462
18.32,4487
18.33,4502
18.34,4511
18.35,4520
18.36,1631
18.37,4191
18.38,4475
18.39,4516
18.4,4539
18.41,1172
18.42,3282
18.43,4436
18.44,4502
18.45,4540
18.46,1030
18.47,3610
18.48,4425
18.49,4501
18.5,4537
18.51,4551
18.52,4574
18.53,1591
18.54,3489
18.55,2084
18.56,4468
18.57,4552
18.58,1138
18.59,4130
18.6,4499
18.61,4562
18.62,1079
18.63,4383
18.64,4526
18.65,4580
18.66,1101
18.67,3783
18.68,4512
18.69,4584
18.7,3101
18.71,4529
18.72,4618
18.73,2731
18.74,1967
18.75,1551
18.76,1821
18.77,628
18.78,1787
18.79,897
18.8,348
18.81,4630
18.82,2022
18.83,4488
18.84,4605
18.85,4627
18.86,4609
18.87,4614
18.88,4651
18.89,720
18.9,4652
18.91,4608
18.92,4652
18.93,340
18.94,1221
18.95,3259
18.96,4039
18.97,4229
18.98,4237
18.99,4457
19.0,4591
19.01,4624
19.02,4642
19.03,687
19.04,2349
19.05,4194
19.06,4437
19.07,4543
19.08,4577
19.09,4632
19.1,4670
19.11,578
19.12,2848
19.13,4299
19.14,4553
19.15,4623
19.16,4677
19.17,2026
19.18,4571
19.19,4707
19.2,2262
19.21,4526
19.22,4667
19.23,595
19.24,4152
19.25,4592
19.26,4690
19.27,803
19.28,3830
19.29,4557
19.3,4682
19.31,257
19.32,3899
19.33,4646
19.34,1100
19.35,3739
19.36,4429
19.37,4583
19.38,4710
19.39,4784
19.4,2518
19.41,4450
19.42,4619
19.43,4713
19.44,4782
19.45,852
19.46,2878
19.47,4380
19.48,4647
19.49,4764
19.5,1533
19.51,4812
19.52,2037
19.53,4152
19.54,4600
19.55,4667
19.56,4623
19.57,4650
19.58,4774
19.59,767
19.6,2827
19.61,4106
19.62,4608
19.63,4696
19.64,4810
19.65,1740
19.66,2298
19.67,1211
19.68,2955
19.69,2320
19.7,4214
19.71,4493
19.72,4680
19.73,4283
19.74,4116
19.75,4599
19.76,4710
19.77,4786
19.78,4838
19.79,4874
19.8,698
19.81,1558
19.82,2778
19.83,4442
19.84,4671
19.85,4742
19.86,4811
19.87,130
19.88,2606
19.89,3952
19.9,4489
19.91,4687
19.92,4782
19.93,4851
19.94,4907
19.95,1158
19.96,4065
19.97,4584
19.98,4673
19.99,4728
20.0,4810
20.01,79
20.02,2290
20.03,3902
20.04,4449
20.05,4712
20.06,4814
20.07,4937
20.08,2690
20.09,4505
20.1,4709
20.11,4827
20.12,4924
20.13,1521
20.14,3831
20.15,4614
20.16,4734
20.17,4867
20.18,698
20.19,3561
20.2,4646
20.21,4794
20.22,4936
20.23,2118
20.24,4370
20.25,4713
20.26,4865
20.27,4985
20.28,2104
20.29,4436
20.3,4727
20.31,4891
20.32,417
20.33,3480
20.34,4662
20.35,4815
20.36,4951
20.37,1349
20.38,4153
20.39,4701
20.4,4862
20.41,4998
20.42,5022
20.43,734
20.44,4622
20.45,4924
20.46,2798
20.47,4715
20.48,4987
20.49,4942
20.5,4828
20.51,4822
20.52,5013
20.53,2836
20.54,4436
20.55,3487
20.56,4683
20.57,4824
20.58,4905
20.59,4958
20.6,784
20.61,4425
20.62,3167
20.63,773
20.64,2619
20.65,4578
20.66,4758
20.67,4856
20.68,4955
20.69,4981
20.7,556
20.71,2217
20.72,3564
20.73,4489
20.74,4767
20.75,4920
20.76,5009
20.77,5071
20.78,374
20.79,1658
20.8,2842
20.81,4732
20.82,4996
20.83,1805
20.84,4670
20.85,4959
20.86,578
20.87,4302
20.88,4855
20.89,5087
20.9,3105
20.91,4741
20.92,4959
20.93,5130
20.94,4352
20.95,4894
20.96,5124
20.97,3359
20.98,4770
20.99,4933
21.0,227
21.01,4019
21.02,4815
21.03,5084
21.04,5155
21.05,3418
21.06,4769
21.07,5090
21.08,3430
21.09,4806
21.1,5081
21.11,5188
21.12,253
21.13,999
21.14,2443
21.15,4636
21.16,4792
21.17,4903
21.18,5153
21.19,2501
21.2,4029
21.21,2755
21.22,4707
21.23,5047
21.24,1716
21.25,4670
21.26,4696
21.27,4468
21.28,4906
21.29,5184
21.3,3502
21.31,4433
21.32,4668
21.33,4840
21.34,4196
21.35,4817
21.36,4968
21.37,4850
21.38,5040
21.39,5175
21.4,1914
21.41,4737
21.42,4746
21.43,4736
21.44,4718
21.45,4256
21.46,4747
21.47,4743
21.48,2349
21.49,3478
21.5,4696
21.51,4827
21.52,4875
21.53,4997
21.54,5173
21.55,5286
21.56,555
21.57,1649
21.58,3908
21.59,4746
21.6,4882
21.61,5010
21.62,5137
21.63,5268
21.64,633
21.65,2897
21.66,4315
21.67,4706
21.68,4930
21.69,4990
21.7,5059
21.71,5073
21.72,4913
21.73,4983
21.74,5082
21.75,5134
21.76,5186
21.77,5222
21.78,5260
21.79,5315
21.8,1641
21.81,4169
21.82,4841
21.83,4872
21.84,5021
21.85,5067
21.86,5135
21.87,5189
21.88,5271
21.89,5345
21.9,1147
21.91,3457
21.92,4799
21.93,4972
21.94,5225
21.95,5312
21.96,1347
21.97,3715
21.98,4783
21.99,4987
22.0,5209
22.01,996
22.02,1528
22.03,3980
22.04,4923
22.05,5214
22.06,5245
22.07,1070
22.08,4716
22.09,5111
22.1,84
22.11,4312
22.12,4522
22.13,2360
22.14,297
22.15,2649
22.16,4159
22.17,4883
22.18,5045
22.19,5279
22.2,943
22.21,4152
22.22,4912
22.23,5222
22.24,5258
22.25,238
22.26,5261
22.27,5144
22.28,5223
22.29,5331
22.3,263
22.31,2409
22.32,3990
22.33,4899
22.34,3768
22.35,4116
22.36,4400
22.37,4557
22.38,3957
22.39,2733
22.4,1921
22.41,1296
22.42,66
22.43,5466
22.44,184
22.45,2248
22.46,4924
22.47,5246
22.48,1048
22.49,4212
22.5,5092
22.51,18
22.52,4003
22.53,4956
22.54,5283
22.55,5477
22.56,1865
22.57,4495
22.58,5200
22.59,646
22.6,4788
22.61,5043
22.62,5440
22.63,2544
22.64,4909
22.65,5292
22.66,1376
22.67,1244
22.68,4302
22.69,5129
22.7,5531
22.71,3645
22.72,4895
22.73,5069
22.74,5264
22.75,5503
22.76,1908
22.77,4023
22.78,4868
22.79,4977
22.8,5203
22.81,5338
22.82,5530
22.83,5432
22.84,5578
22.85,2719
22.86,4622
22.87,4213
22.88,2301
22.89,1986
22.9,4327
22.91,4974
22.92,4944
22.93,4602
22.94,5044
22.95,5273
22.96,5540
22.97,5583
22.98,5574
22.99,1710
23.0,2728
23.01,4968
23.02,5051
23.03,4513
23.04,1759
23.05,76
23.06,1907
23.07,3967
23.08,4485
23.09,4999
23.1,5115
23.11,5196
23.12,5281
23.13,5359
23.14,5438
23.15,5478
23.16,5546
23.17,5566
23.18,886
23.19,2840
23.2,2833
23.21,4557
23.22,5054
23.23,5289
23.24,5510
23.25,5602
23.26,1513
23.27,2721
23.28,3282
23.29,4557
23.3,4972
23.31,5018
23.32,5079
23.33,5147
23.34,5316
23.35,5642
23.36,2892
23.37,4488
23.38,5013
23.39,5173
23.4,5375
23.41,5621
23.42,1141
23.43,2524
23.44,3535
23.45,4156
23.46,4738
23.47,5093
23.48,5320
23.49,5580
23.5,641
23.51,2805
23.52,4237
23.53,5025
23.54,5269
23.55,5507
23.56,5681
23.57,1566
23.58,3931
23.59,4998
23.6,5241
23.61,5528
23.62,171
23.63,2909
23.64,4954
23.65,5210
23.66,4812
23.67,4990
23.68,5376
23.69,5616
23.7,5519
23.71,432
23.72,4270
23.73,5205
23.74,5569
23.75,2035
23.76,4212
23.77,5046
23.78,5129
23.79,5440
23.8,5735
23.81,2939
23.82,4700
23.83,5129
23.84,5477
23.85,5729
23.86,1205
23.87,2881
23.88,4463
23.89,5155
23.9,5385
23.91,5513
23.92,5592
23.93,5696
23.94,5765
23.95,5817
23.96,611
23.97,1911
23.98,3957
23.99,5081
24.0,5359
24.01,5723
24.02,1625
24.03,3834
24.04,4905
24.05,5229
24.06,5516
24.07,5678
24.08,5856
24.09,1742
24.1,3855
24.11,4779
24.12,5183
24.13,5441
24.14,5768
24.15,2268
24.16,4404
24.17,5108
24.18,5315
24.19,5569
24.2,5768
24.21,600
24.22,2320
24.23,3901
24.24,4778
24.25,5141
24.26,5334
24.27,5520
24.28,5677
24.29,5837
24.3,1049
24.31,2425
24.32,3498
24.33,4445
24.34,5117
24.35,5286
24.36,5384
24.37,5468
24.38,5552
24.39,5725
24.4,1171
24.41,4065
24.42,5144
24.43,5437
24.44,5703
24.45,37
24.46,1925
24.47,3636
24.48,4658
24.49,5175
24.5,5668
24.51,432
24.52,2680
24.53,4377
24.54,5160
24.55,5695
24.56,808
24.57,3025
24.58,4667
24.59,5324
24.6,5707
24.61,1390
24.62,4414
24.63,5265
24.64,5651
24.65,5969
24.66,2140
24.67,4027
24.68,4820
24.69,5208
24.7,5570
24.71,1170
24.72,2099
24.73,4496
24.74,5445
24.75,5894
24.76,1477
24.77,4391
24.78,5189
24.79,5535
24.8,635
24.81,4588
24.82,5254
24.83,5820
24.84,2544
24.85,5207
24.86,5773
24.87,525
24.88,4465
24.89,5564
24.9,933
24.91,4915
24.92,5488
24.93,5766
24.94,971
24.95,4432
24.96,5358
24.97,5724
24.98,5988
24.99,2801
25.0,5468
25.01,8
25.02,4059
25.03,5324
25.04,5814
25.05,509
25.06,3313
25.07,4833
25.08,5552
25.09,20
25.1,4322
25.11,5681
25.12,6054
25.13,2395
25.14,4449
25.15,5506
25.16,5997
25.17,2130
25.18,4891
25.19,5536
25.2,5912
25.21,749
25.22,3368
25.23,4706
25.24,5360
25.25,5744
25.26,6020
25.27,885
25.28,2994
25.29,4527
25.3,5259
25.31,5739
25.32,5831
25.33,110
25.34,2709
25.35,5010
25.36,5648
25.37,5784
25.38,6125
25.39,1463
25.4,4319
25.41,5316
25.42,5761
25.43,6134
25.44,781
25.45,1975
25.46,3095
25.47,3792
25.48,4171
25.49,4632
25.5,5158
25.51,5347
25.52,5456
25.53,5816
25.54,159
25.55,3576
25.56,5242
25.57,5652
25.58,6103
25.59,1458
25.6,4157
25.61,5310
25.62,5450
25.63,5455
25.64,5839
25.65,541
25.66,3884
25.67,4735
25.68,4294
25.69,5121
25.7,5633
25.71,6181
25.72,6241
25.73,1696
25.74,4206
25.75,5375
25.76,5783
25.77,5998
25.78,6133
25.79,2394
25.8,4157
25.81,3613
25.82,2270
25.83,545
25.84,6209
25.85,6191
25.86,187
25.87,2897
25.88,5311
25.89,6005
25.9,2508
25.91,5343
25.92,5988
25.93,880
25.94,1167
25.95,153
25.96,6168
25.97,6005
25.98,5942
25.99,5842
26.0,5691
26.01,5587
26.02,5437
26.03,5306
26.04,5104
26.05,5167
26.06,5474
26.07,5881
26.08,818
26.09,4224
26.1,5456
26.11,6027
26.12,621
26.13,3749
26.14,5170
26.15,5827
26.16,6275
26.17,1962
26.18,4293
26.19,4910
26.2,4727
26.21,4168
26.22,3565
26.23,2982
26.24,3444
26.25,4094
26.26,5257
26.27,6059
26.28,1947
26.29,3048
26.3,2482
26.31,1689
26.32,1007
26.33,153
26.34,6289
26.35,6175
26.36,6086
26.37,5813
26.38,5457
26.39,5158
26.4,5306
26.41,5559
26.42,5972
26.43,6265
26.44,6192
26.45,6077
26.46,5887
26.47,5743
26.48,5591
26.49,5597
26.5,5719
26.51,6110
26.52,2191
26.53,4289
26.54,3810
26.55,3020
26.56,2044
26.57,1078
26.58,706
26.59,983
26.6,2786
26.61,5373
26.62,6115
26.63,255
26.64,6397
26.65,6282
26.66,6142
26.67,5950
26.68,5861
26.69,5826
26.7,5969
26.71,6177
26.72,2485
26.73,4823
26.74,5760
26.75,6170
26.76,517
26.77,3002
26.78,4884
26.79,5747
26.8,6470
26.81,4256
26.82,5634
26.83,6330
26.84,3172
26.85,4244
26.86,3662
26.87,2495
26.88,1530
26.89,848
26.9,1563
26.91,3265
26.92,5293
26.93,5892
26.94,6293
26.95,6241
26.96,6092
26.97,5954
26.98,5806
26.99,5744
27.0,6008
27.01,6244
27.02,2161
27.03,5350
27.04,6021
27.05,5991
27.06,5860
27.07,5758
27.08,5596
27.09,5496
27.1,5695
27.11,6005
27.12,562
27.13,4484
27.14,5789
27.15,6305
27.16,1412
27.17,3797
27.18,4993
27.19,5848
27.2,6311
27.21,658
27.22,3568
27.23,5783
27.24,6362
27.25,6458
27.26,6378
27.27,6238
27.28,6119
27.29,6048
27.3,6136
27.31,6337
27.32,2093
27.33,5282
27.34,5688
27.35,5472
27.36,5183
27.37,4836
27.38,4481
27.39,4536
27.4,5056
27.41,5924
27.42,6593
27.43,4310
27.44,6020
27.45,1089
27.46,5070
27.47,6169
27.48,798
27.49,4530
27.5,6139
27.51,1588
27.52,4856
27.53,5898
27.54,6331
27.55,430
27.56,4071
27.57,5925
27.58,6401
27.59,772
27.6,3549
27.61,5084
27.62,5919
27.63,6251
27.64,507
27.65,4771
27.66,6154
27.67,6669
27.68,3428
27.69,5415
27.7,6419
27.71,2457
27.72,5286
27.73,6264
27.74,967
27.75,2343
27.76,1477
27.77,399
27.78,6606
27.79,6570
27.8,37
27.81,1729
27.82,3628
27.83,5023
27.84,5671
27.85,6313
27.86,6706
27.87,2436
27.88,4287
27.89,5327
27.9,5374
27.91,5233
27.92,5207
27.93,5200
27.94,5030
27.95,4867
27.96,4514
27.97,4230
27.98,3669
27.99,2538
28.0,1943
28.01,1262
28.02,534
28.03,6735
28.04,6718
28.05,662
28.06,2745
28.07,5334
28.08,6499
28.09,3000
28.1,5856
28.11,6630
28.12,2799
28.13,5434
28.14,6466
28.15,1945
28.16,5679
28.17,6568
28.18,2683
28.19,5696
28.2,6598
28.21,2075
28.22,4926
28.23,6044
28.24,6587
28.25,1785
28.26,4467
28.27,5909
28.28,6670
28.29,436
28.3,70
28.31,6717
28.32,6609
28.33,6532
28.34,6586
28.35,6754
28.36,2309
28.37,5153
28.38,6265
28.39,6719
28.4,2415
28.41,4709
28.42,5771
28.43,6335
28.44,6683
28.45,3074
28.46,5921
28.47,6721
28.48,2499
28.49,5171
28.5,6449
28.51,995
28.52,810
28.53,1794
28.54,4322
28.55,6089
28.56,6800
28.57,2829
28.58,5445
28.59,6489
28.6,1170
28.61,4387
28.62,4552
28.63,3235
28.64,5359
28.65,5325
28.66,6456
28.67,6819
28.68,1108
28.69,2335
28.7,3344
28.71,4666
28.72,5491
28.73,6000
28.74,6340
28.75,6588
28.76,6739
28.77,6854
28.78,450
28.79,1578
28.8,3323
28.81,4578
28.82,5645
28.83,6523
28.84,6928
28.85,2956
28.86,5009
28.87,6084
28.88,6526
28.89,6827
28.9,884
28.91,309
28.92,6874
28.93,6757
28.94,6672
28.95,6748
28.96,6935
28.97,2828
28.98,5718
28.99,6592
29.0,1000
29.01,4118
29.02,5558
29.03,6769
29.04,3218
29.05,6014
29.06,6993
29.07,4418
29.08,6260
29.09,791
29.1,5068
29.11,6623
29.12,598
29.13,4265
29.14,5920
29.15,6840
29.16,3488
29.17,5973
29.18,6847
29.19,2179
29.2,5178
29.21,6392
29.22,6947
29.23,2516
29.24,5132
29.25,6443
29.26,7033
29.27,3034
29.28,5197
29.29,6398
29.3,1022
29.31,5008
29.32,6405
29.33,837
29.34,5097
29.35,6653
29.36,1566
29.37,4877
29.38,6213
29.39,6932
29.4,2548
29.41,5268
29.42,6264
29.43,7019
29.44,3652
29.45,6122
29.46,254
29.47,4300
29.48,6056
29.49,6933
29.5,2914
29.51,5409
29.52,6489
29.53,7056
29.54,3234
29.55,5602
29.56,6667
29.57,264
29.58,3365
29.59,5557
29.6,6638
29.61,413
29.62,3773
29.63,5430
29.64,6504
29.65,64
29.66,2922
29.67,5326
29.68,6246
29.69,6866
29.7,771
29.71,3758
29.72,5325
29.73,6135
29.74,6775
29.75,7110
29.76,2076
29.77,4121
29.78,5367
29.79,6229
29.8,6892
29.81,449
29.82,2924
29.83,5653
29.84,6922
29.85,2484
29.86,5229
29.87,6391
29.88,7050
29.89,1983
29.9,4704
29.91,6069
29.92,6836
29.93,7213
29.94,2691
29.95,4921
29.96,6402
29.97,7196
29.98,3948
29.99,5984
30.0,7087
30.01,2526
30.02,5150
30.03,6348
30.04,7109
30.05,2729
30.06,5437
30.07,6526
30.08,611
30.09,4349
30.1,6057
30.11,6875
30.12,375
30.13,3054
30.14,5040
30.15,6188
30.16,6970
30.17,377
30.18,2580
30.19,4610
30.2,5990
30.21,6698
30.22,7163
30.23,1316
30.24,3869
30.25,5560
30.26,6429
30.27,7001
30.28,173
30.29,2365
30.3,4832
30.31,6139
30.32,6659
30.33,7116
30.34,869
30.35,3725
30.36,5388
30.37,6242
30.38,6780
30.39,7263
30.4,2383
30.41,4760
30.42,6032
30.43,6752
30.44,7303
30.45,2470
30.46,4688
30.47,5582
30.48,6452
30.49,313
30.5,4671
30.51,6011
30.52,6652
30.53,7105
30.54,1503
30.55,5208
30.56,6644
30.57,7123
30.58,632
30.59,3776
30.6,6249
30.61,7073
30.62,543
30.63,2746
30.64,4652
30.65,5866
30.66,6641
30.67,7079
30.68,1146
30.69,5248
30.7,6748
30.71,1700
30.72,5363
30.73,6814
30.74,7342
30.75,4026
30.76,6094
30.77,7009
30.78,1263
30.79,4981
30.8,6666
30.81,638
30.82,3065
30.83,4957
30.84,6451
30.85,7389
30.86,3762
30.87,6024
30.88,6954
30.89,1621
30.9,5089
30.91,6603
30.92,7431
30.93,3356
30.94,6062
30.95,6987
30.96,1620
30.97,4576
30.98,6322
30.99,7238
31.0,3076
31.01,6026
31.02,7005
31.03,1510
31.04,4994
31.05,6683
31.06,695
31.07,4289
31.08,6230
31.09,7258
31.1,3254
31.11,6102
31.12,7058
31.13,2404
31.14,5804
31.15,6940
31.16,454
31.17,3990
31.18,6460
31.19,7454
31.2,3911
31.21,6116
31.22,7037
31.23,905
31.24,4400
31.25,6073
31.26,7016
31.27,7272
31.28,1538
31.29,4065
31.3,6064
31.31,6827
31.32,7336
31.33,935
31.34,2961
31.35,4681
31.36,5923
31.37,6470
31.38,7090
31.39,887
31.4,7580
