0.0,14108
0.01,14104
0.02,14101
0.03,14098
0.04,14090
0.05,14089
0.32,14087
0.33,14081
0.34,14079
0.61,14078
0.62,14073
0.63,14067
0.64,14059
0.65,14052
0.66,14048
0.67,14042
0.68,14036
0.69,14032
0.7,14028
0.71,14025
0.72,14020
0.73,14013
0.74,14006
0.75,14004
0.76,13999
0.77,13994
0.78,13989
0.79,13988
0.8,13983
0.81,13977
0.82,13972
0.83,13967
0.84,13962
0.85,13956
0.86,13954
0.87,13949
0.88,13944
0.89,13942
0.9,13936
0.91,13933
0.92,13929
0.93,13924
0.94,13918
0.95,13913
0.96,13908
0.97,13904
0.98,13899
0.99,13894
1.0,13888
1.01,13882
1.02,13878
1.03,13872
1.04,13869
1.05,13865
1.06,13860
1.07,13854
1.08,13850
1.09,13848
1.1,13843
1.11,13842
1.12,13838
1.13,13835
1.14,13832
1.15,13829
1.16,13823
1.17,13818
1.18,13814
1.19,13810
1.2,13807
1.21,13800
1.22,13795
1.23,13789
1.24,13785
1.25,13780
1.26,13778
1.27,13774
1.28,13773
1.3,13770
1.31,13767
1.32,13760
1.33,13757
1.34,13753
1.35,13751
1.36,13749
1.37,13745
1.38,13742
1.39,13737
1.4,13732
1.41,13727
1.42,13719
1.43,13715
1.44,13713
1.45,13708
1.46,13700
1.47,13699
1.48,13696
1.49,13688
1.5,13684
1.51,13682
2.14,13679
2.15,13676
2.16,13675
2.17,13673
2.18,13665
2.19,13663
2.78,13661
2.79,13657
2.8,13655
2.81,13648
2.82,13641
2.83,13636
2.84,13634
2.85,13632
2.86,13629
2.87,13626
2.88,13623
2.89,13617
2.9,13613
2.91,13607
2.92,13600
2.93,13595
2.94,13591
3.57,13588
3.58,13583
3.59,13578
3.6,13575
3.61,13569
3.62,13566
3.63,13565
3.64,13561
3.65,13558
3.66,13553
3.67,13550
3.68,13547
3.69,13545
3.7,13539
3.71,13534
3.73,13532
3.74,13526
3.75,13523
3.76,13520
3.77,13518
3.78,13513
3.79,13509
3.81,13503
3.82,13498
3.83,13491
3.84,13488
3.85,13487
3.86,13482
3.88,13477
3.89,13474
3.9,13471
3.91,13468
3.92,13464
3.93,13461
3.94,13457
3.95,13454
3.96,13444
3.97,13441
3.98,13437
3.99,13436
4.0,13433
4.01,13430
4.02,13428
4.03,13426
4.04,13422
4.05,13415
4.06,13411
4.59,13409
4.6,13404
4.61,13403
5.23,13401
5.87,13397
5.88,13395
5.89,13393
5.9,13387
5.91,13383
5.92,13379
5.93,13376
5.94,13375
5.95,13372
5.96,13368
5.97,13367
5.98,13365
5.99,13364
6.0,13363
6.01,13359
6.02,13355
6.03,13352
6.04,13350
6.05,13348
6.06,13346
6.07,13344
6.08,13340
6.09,13336
6.1,13333
6.11,13329
6.12,13327
6.13,13324
6.14,13320
6.15,13317
6.16,13315
6.17,13313
6.18,13309
6.19,13305
6.2,13304
6.21,13300
6.22,13297
6.23,13295
6.24,13294
6.25,13292
6.26,13288
6.27,13285
6.28,13281
6.29,13279
6.3,13275
6.31,13273
6.32,13272
6.33,13270
6.34,13264
6.35,13260
6.36,13256
6.37,13253
6.38,13248
6.39,13245
6.4,13240
6.41,13232
6.42,13230
6.43,13225
6.44,13224
6.45,13221
6.46,13216
6.47,13213
6.48,13211
6.49,13206
6.5,13204
6.51,13196
6.52,13194
6.53,13190
6.54,13189
6.56,13185
6.57,13182
6.58,13178
6.59,13171
6.6,13168
6.61,13166
6.62,13164
6.63,13158
6.64,13155
6.65,13151
6.66,13150
6.67,13146
6.68,13144
6.69,13141
6.7,13136
6.71,13132
6.72,13128
6.73,13127
6.74,13126
6.75,13123
6.76,13122
6.77,13120
6.78,13116
6.79,13109
6.8,13106
6.81,13102
6.82,13099
6.83,13096
6.84,13094
6.85,13090
6.86,13085
6.87,13081
6.88,13079
6.89,13077
6.9,13073
7.41,13072
7.42,13066
7.43,13063
7.44,13059
7.45,13058
7.46,13054
7.47,13048
7.48,13047
7.49,13045
7.5,13040
7.51,13035
7.52,13031
7.53,13030
7.54,13029
7.55,13024
7.56,13023
7.57,13019
7.58,13018
7.59,13016
7.6,13011
7.62,13008
7.63,13003
7.64,12996
7.65,12992
7.67,12986
7.68,12982
7.69,12979
7.7,12975
7.71,12972
7.72,12967
7.73,12966
7.74,12960
7.75,12957
7.76,12952
7.77,12947
7.78,12941
7.79,12935
7.8,12929
7.81,12921
7.82,12915
7.83,12910
7.84,12903
7.85,12899
7.86,12894
7.87,12892
7.88,12890
7.89,12885
7.9,12882
7.91,12880
7.92,12879
7.93,12873
7.94,12869
7.95,12866
7.96,12864
7.97,12862
7.98,12857
7.99,12852
8.01,12850
8.03,12846
8.04,12842
8.05,12837
8.06,12834
8.07,12830
8.08,12828
8.09,12824
8.1,12821
8.11,12820
8.12,12817
8.13,12816
8.14,12813
8.15,12810
8.16,12804
8.17,12802
8.18,12798
8.19,12796
8.2,12791
8.21,12785
8.22,12783
8.23,12779
8.24,12773
8.25,12767
8.26,12763
8.82,12762
8.83,12760
8.84,12751
8.85,12743
8.86,12741
8.87,12738
8.88,12734
8.89,12731
8.9,12729
8.91,12726
8.92,12724
8.93,12719
8.94,12715
8.95,12709
8.96,12704
8.97,12697
8.98,12693
8.99,12689
9.0,12684
9.01,12681
9.02,12679
9.03,12678
9.04,12673
9.05,12672
9.63,12670
9.64,12669
9.65,12666
9.66,12665
9.67,12659
9.68,12655
9.69,12653
9.71,12649
9.72,12646
9.75,12641
9.76,12638
9.77,12636
9.78,12633
9.79,12632
9.8,12631
9.82,12626
9.83,12625
9.84,12621
9.85,12620
9.86,12618
9.87,12617
9.88,12613
9.89,12608
9.9,12606
9.91,12605
9.93,12604
9.94,12602
9.95,12599
9.96,12598
9.97,12596
9.98,12593
9.99,12588
10.02,12585
10.03,12582
10.04,12580
10.05,12577
10.06,12572
10.07,12568
10.08,12566
10.09,12561
10.1,12558
10.11,12556
10.13,12552
10.14,12550
10.15,12547
10.16,12544
10.17,12542
10.19,12541
10.2,12539
10.21,12537
10.22,12534
10.24,12533
10.25,12530
10.26,12527
10.27,12521
10.28,12515
10.29,12511
10.31,12510
10.32,12506
10.33,12503
10.34,12499
10.35,12495
10.36,12492
10.37,12491
11.04,12489
11.05,12485
11.07,12480
11.09,12479
11.1,12473
11.11,12468
11.12,12465
11.13,12464
11.14,12463
11.15,12462
11.16,12461
11.71,12460
11.72,12456
11.73,12453
11.74,12451
12.31,12450
12.32,12448
12.33,12447
12.34,12446
12.35,12443
12.36,12441
12.86,12439
12.87,12437
12.88,12432
12.89,12430
12.9,12427
12.91,12425
12.92,12422
12.93,12418
12.94,12411
12.96,12407
12.97,12406
12.98,12404
13.01,12403
13.02,12400
13.04,12399
13.05,12395
13.06,12392
13.07,12389
13.08,12384
13.09,12379
13.1,12377
13.33,12376
13.34,12371
13.35,12367
13.36,12365
13.38,12360
13.39,12357
13.4,12355
13.41,12352
13.42,12347
13.43,12344
13.44,12343
13.45,12338
13.46,12335
13.47,12332
13.48,12329
13.49,12325
13.5,12320
13.51,12317
13.52,12313
13.53,12308
13.54,12307
13.55,12306
13.56,12302
13.57,12301
13.58,12298
13.59,12296
13.62,12292
13.63,12289
13.64,12287
13.65,12283
13.66,12279
13.67,12277
13.68,12274
13.69,12267
13.7,12264
13.71,12262
13.72,12259
13.74,12257
13.75,12254
13.76,12252
13.77,12251
13.79,12247
13.8,12243
13.81,12241
13.82,12237
13.83,12234
13.84,12232
13.85,12231
13.86,12223
13.87,12220
13.88,12219
13.89,12212
13.9,12211
13.91,12210
13.92,12206
13.93,12199
13.94,12196
13.95,12192
13.97,12187
13.98,12183
13.99,12175
14.0,12172
14.01,12171
14.02,12165
14.03,12163
14.04,12158
14.05,12152
14.07,12147
14.08,12146
14.1,12144
14.11,12143
14.12,12141
14.13,12140
14.14,12136
14.15,12132
14.17,12127
14.18,12124
14.19,12121
14.2,12117
14.21,12115
14.78,12113
14.79,12106
15.28,12099
15.29,12097
15.3,12095
15.31,12088
15.32,12085
15.35,12083
15.36,12079
15.37,12075
15.38,12072
15.39,12070
15.4,12069
15.41,12068
15.42,12064
15.43,12063
15.44,12057
15.45,12055
15.46,12053
15.47,12048
15.49,12045
15.5,12041
15.51,12039
15.52,12036
15.53,12032
15.54,12031
15.55,12027
15.56,12024
15.57,12019
15.58,12015
15.6,12013
15.61,12010
15.63,12008
15.64,12005
15.65,12004
15.66,12000
15.68,11995
15.69,11994
15.7,11991
15.71,11988
15.72,11987
15.73,11984
15.74,11980
15.75,11978
15.76,11976
15.77,11974
15.78,11973
15.79,11971
15.8,11968
15.81,11961
15.82,11957
15.83,11955
15.84,11952
15.85,11948
15.86,11946
15.87,11944
15.88,11941
15.89,11932
15.9,11931
15.92,11926
15.93,11922
15.94,11916
15.95,11912
15.96,11908
15.97,11905
15.98,11903
15.99,11897
16.0,11894
16.01,11890
16.02,11888
16.03,11886
16.04,11883
16.05,11879
16.06,11878
16.07,11875
16.08,11872
16.09,11870
16.1,11868
16.11,11865
16.12,11863
16.13,11862
16.14,11856
16.15,11849
16.16,11844
16.17,11843
16.18,11838
16.19,11834
16.2,11828
16.21,11823
16.22,11819
16.23,11815
16.24,11810
16.25,11809
16.26,11805
16.27,11804
16.28,11803
16.29,11797
16.3,11791
16.31,11786
16.32,11783
16.33,11781
16.35,11778
16.36,11774
16.37,11771
16.38,11768
16.39,11762
16.41,11756
16.42,11751
16.43,11746
16.44,11743
16.45,11741
16.46,11739
16.47,11737
16.48,11731
16.49,11729
16.5,11726
16.51,11725
16.52,11722
16.53,11721
16.54,11719
16.55,11718
16.56,11714
16.57,11713
17.11,11712
17.12,11711
17.13,11708
17.14,11705
17.15,11701
17.16,11697
17.17,11695
17.18,11690
17.19,11684
17.2,11681
17.21,11677
17.22,11675
17.23,11673
17.24,11670
17.25,11665
17.26,11662
17.28,11661
17.29,11657
17.3,11652
17.31,11650
17.32,11648
17.33,11644
17.34,11639
17.35,11637
17.36,11632
17.37,11629
17.38,11622
17.39,11616
17.4,11613
17.41,11607
17.42,11604
17.43,11602
17.44,11597
17.45,11594
17.46,11590
17.47,11587
17.48,11582
17.49,11580
17.5,11579
17.51,11576
17.52,11572
17.53,11570
17.99,11567
18.0,11560
18.01,11555
18.02,11553
18.03,11551
18.04,11548
18.08,11547
18.09,11545
18.1,11542
18.11,11537
18.12,11535
18.13,11533
18.14,11530
18.15,11529
18.16,11526
18.17,11523
18.18,11520
18.19,11516
18.21,11515
18.23,11513
18.24,11508
18.26,11507
18.28,11503
18.29,11498
18.3,11495
18.32,11494
18.33,11492
18.34,11489
18.35,11488
18.36,11482
18.37,11480
18.39,11477
18.4,11475
18.42,11472
18.43,11470
18.44,11469
18.45,11466
18.46,11460
18.47,11456
18.5,11453
18.51,11450
18.52,11448
18.53,11444
18.55,11437
18.56,11430
18.57,11426
18.59,11419
18.6,11414
18.61,11410
18.62,11406
18.63,11405
18.66,11404
18.67,11402
18.68,11400
18.69,11397
18.71,11396
18.72,11394
18.73,11388
18.74,11383
18.75,11382
18.76,11378
18.77,11375
18.78,11370
18.79,11369
18.8,11366
18.81,11360
18.82,11354
18.83,11352
18.84,11350
18.85,11348
18.86,11347
18.88,11345
18.89,11344
18.9,11341
18.92,11338
18.93,11335
18.94,11334
18.95,11331
18.96,11330
18.97,11327
18.98,11322
18.99,11319
19.0,11315
19.03,11313
19.05,11312
19.06,11311
19.07,11308
19.08,11304
19.09,11299
19.1,11297
19.11,11289
19.12,11283
19.13,11279
19.14,11277
19.15,11271
19.17,11266
19.19,11261
19.2,11257
19.21,11256
19.23,11251
19.24,11250
19.25,11247
19.26,11243
19.27,11242
19.28,11240
19.29,11238
19.3,11236
19.31,11234
19.32,11233
19.33,11228
19.34,11222
19.35,11216
19.36,11215
19.37,11214
19.38,11213
19.39,11212
19.41,11210
19.42,11207
19.43,11204
19.44,11200
19.45,11199
19.46,11196
19.47,11194
19.48,11192
19.49,11191
19.5,11189
19.51,11184
19.52,11181
19.53,11176
19.54,11175
19.55,11171
19.56,11169
19.57,11165
19.6,11162
19.61,11158
19.62,11154
19.63,11150
19.65,11148
19.66,11146
19.67,11143
19.68,11142
20.18,11138
20.2,11133
20.21,11132
20.22,11130
20.23,11128
20.24,11124
20.25,11120
20.26,11119
20.28,11117
20.29,11116
20.31,11114
20.32,11110
20.33,11107
20.34,11105
20.35,11102
20.36,11098
20.37,11096
20.39,11093
20.4,11092
20.85,11091
20.87,11089
20.89,11086
20.91,11082
20.93,11081
21.2,11078
21.21,11077
21.22,11075
21.24,11073
21.25,11072
21.26,11070
21.27,11069
21.29,11066
21.32,11063
21.34,11060
21.35,11058
21.37,11055
21.38,11052
21.42,11051
21.43,11045
21.44,11044
21.45,11043
21.46,11040
21.47,11036
21.48,11033
21.5,11032
21.51,11028
21.52,11026
21.53,11025
21.54,11023
21.55,11021
21.56,11017
21.57,11016
21.58,11012
21.59,11009
21.6,11004
21.61,11002
21.63,10999
21.65,10991
21.66,10987
21.67,10983
21.68,10978
21.69,10975
21.7,10972
21.71,10967
21.72,10961
21.73,10960
21.74,10956
21.75,10954
21.76,10952
21.77,10950
21.78,10948
21.79,10946
21.8,10944
21.81,10939
21.82,10935
21.83,10932
21.84,10930
21.85,10929
21.86,10928
21.87,10926
21.88,10924
21.89,10922
21.9,10920
21.91,10919
21.92,10918
21.94,10914
21.95,10912
21.96,10909
21.97,10906
21.98,10905
22.0,10904
22.01,10903
22.02,10901
22.04,10893
22.06,10892
22.07,10890
22.09,10888
22.11,10883
22.12,10877
22.13,10871
22.14,10867
22.15,10866
22.16,10863
22.17,10862
22.18,10857
22.19,10856
22.2,10854
22.21,10851
22.63,10850
22.64,10849
22.65,10848
22.66,10846
22.67,10843
22.68,10841
22.69,10840
22.7,10837
22.71,10833
22.72,10831
22.73,10828
22.74,10825
22.77,10824
22.78,10821
22.8,10820
22.81,10816
22.82,10813
22.83,10812
22.84,10810
22.85,10807
23.34,10806
23.35,10803
23.36,10800
23.37,10795
23.38,10794
23.39,10792
23.4,10789
23.41,10785
23.42,10784
23.43,10781
23.44,10780
23.45,10778
23.47,10776
23.96,10775
23.97,10773
23.98,10770
23.99,10766
24.01,10763
24.02,10760
24.03,10757
24.04,10754
24.05,10752
24.09,10750
24.11,10746
24.12,10744
24.52,10740
24.53,10739
24.54,10738
24.56,10736
24.57,10731
24.58,10728
24.59,10724
24.6,10720
24.61,10716
24.63,10715
24.64,10712
24.65,10711
25.14,10708
25.15,10703
25.16,10700
25.17,10698
25.18,10694
25.2,10693
25.21,10690
25.22,10687
25.23,10685
25.24,10683
25.25,10681
25.26,10678
25.27,10675
25.28,10674
25.29,10672
25.3,10671
25.31,10666
25.32,10664
25.33,10662
25.34,10659
25.35,10657
25.76,10656
25.77,10651
25.8,10643
25.81,10639
26.31,10638
26.32,10637
26.33,10634
26.34,10633
26.36,10631
26.37,10629
26.39,10625
26.4,10622
26.41,10620
26.42,10617
26.45,10613
26.47,10610
26.49,10609
26.5,10605
26.51,10600
26.52,10596
26.53,10594
26.54,10591
27.03,10590
27.04,10586
27.05,10583
27.06,10582
27.07,10580
27.1,10579
27.11,10577
27.12,10574
27.14,10573
27.16,10571
27.17,10566
27.18,10563
27.19,10562
27.2,10559
27.21,10555
27.66,10554
27.67,10547
27.87,10544
27.88,10543
27.89,10538
27.9,10536
27.91,10534
27.92,10532
27.93,10530
27.94,10526
27.95,10523
27.96,10522
27.97,10521
27.98,10517
27.99,10516
28.02,10515
28.47,10509
28.97,10507
28.98,10506
28.99,10500
29.0,10498
29.01,10496
29.02,10494
29.44,10490
29.45,10487
29.46,10484
29.47,10483
29.48,10480
29.49,10478
29.5,10477
29.51,10473
29.52,10472
29.53,10471
29.55,10470
29.56,10469
29.57,10464
29.58,10459
29.59,10456
29.6,10452
29.61,10451
29.62,10445
29.63,10440
29.64,10433
29.65,10431
29.66,10426
29.67,10421
29.68,10417
29.69,10414
29.7,10411
29.71,10408
29.72,10406
29.73,10405
29.74,10403
29.75,10402
29.94,10399
29.96,10398
29.97,10394
29.98,10392
29.99,10390
30.0,10386
30.01,10385
30.02,10383
30.03,10382
30.04,10380
30.05,10379
30.06,10375
30.07,10374
30.08,10373
30.09,10368
30.1,10367
30.32,10365
30.33,10364
30.34,10362
30.35,10359
30.36,10357
30.37,10355
30.38,10352
30.39,10350
30.4,10346
30.41,10345
30.42,10344
30.43,10343
30.44,10341
30.45,10339
30.46,10333
30.47,10329
30.48,10328
30.49,10326
30.5,10323
30.51,10320
30.52,10314
30.53,10310
30.54,10307
30.55,10305
30.57,10304
30.58,10303
30.59,10302
30.6,10298
30.61,10296
30.62,10293
30.64,10288
30.65,10287
30.66,10284
30.67,10282
30.68,10278
30.69,10274
30.7,10271
30.71,10266
30.72,10262
30.73,10260
30.74,10259
30.75,10254
30.76,10249
30.77,10244
30.78,10243
30.79,10239
30.8,10236
30.81,10234
30.82,10233
30.83,10231
30.85,10229
30.88,10225
30.9,10222
30.91,10221
30.94,10220
30.97,10217
30.98,10212
30.99,10205
31.0,10203
31.01,10199
31.02,10196
31.03,10194
31.05,10193
31.06,10190
31.07,10187
31.09,10184
31.1,10177
31.11,10174
31.12,10171
31.13,10167
31.15,10165
31.16,10163
31.17,10162
31.18,10161
31.2,10160
31.21,10159
31.22,10157
31.23,10154
31.24,10153
31.25,10152
31.26,10151
31.27,10149
31.28,10148
31.29,10147
31.32,10144
31.33,10140
31.34,10136
31.35,10135
31.36,10132
31.38,10129
31.39,10128
31.4,10127
31.41,10126
31.42,10124
31.43,10121
31.45,10120
31.46,10117
31.47,10115
31.48,10114
31.49,10107
31.5,10104
31.52,10103
31.54,10102
31.55,10097
31.58,10094
31.59,10093
31.6,10090
31.61,10088
31.62,10087
31.63,10083
31.64,10082
31.65,10078
31.67,10072
31.68,10069
31.69,10066
31.7,10060
31.71,10057
31.72,10054
31.73,10052
31.74,10050
31.75,10048
31.78,10046
31.79,10041
31.8,10040
31.81,10035
31.83,10033
31.84,10031
31.85,10027
31.86,10026
31.87,10020
31.88,10014
31.89,10012
31.9,10010
31.91,10008
32.28,10007
32.3,10000
32.31,9996
32.32,9993
32.33,9989
32.34,9987
32.35,9985
32.36,9981
32.37,9977
32.38,9976
32.39,9972
32.4,9971
32.41,9969
32.42,9967
32.43,9966
32.45,9960
32.46,9954
32.47,9952
32.48,9950
32.49,9945
32.5,9944
32.51,9942
32.52,9941
32.53,9937
32.54,9934
32.55,9933
32.57,9932
32.58,9928
32.59,9926
32.6,9923
32.61,9922
32.62,9918
32.64,9916
32.65,9914
32.66,9912
32.67,9909
32.68,9906
32.69,9904
32.7,9903
32.71,9897
32.72,9891
32.73,9890
32.74,9889
32.75,9886
32.76,9883
32.77,9881
33.23,9880
33.25,9878
33.26,9877
33.27,9876
33.28,9875
33.31,9874
33.37,9871
33.38,9870
33.39,9868
33.4,9867
33.41,9864
33.42,9860
33.44,9858
33.45,9853
33.9,9849
33.92,9847
33.93,9845
33.94,9843
33.95,9840
33.96,9834
33.97,9830
33.98,9829
33.99,9827
34.0,9824
34.02,9821
34.05,9819
34.06,9816
34.07,9812
34.08,9810
34.09,9809
34.1,9806
34.11,9804
34.12,9802
34.13,9799
34.14,9797
34.16,9796
34.19,9794
34.2,9793
34.21,9788
34.24,9787
34.25,9784
34.26,9783
34.29,9781
34.3,9780
34.31,9775
34.32,9774
34.34,9772
34.35,9770
34.36,9766
34.37,9763
34.38,9761
34.39,9758
34.4,9754
34.86,9752
34.87,9751
34.88,9749
34.9,9747
34.91,9743
34.92,9739
34.93,9738
34.94,9737
34.96,9735
34.97,9732
34.98,9731
34.99,9729
35.0,9726
35.01,9725
35.02,9724
35.06,9722
35.07,9719
35.11,9718
35.12,9717
35.14,9716
35.17,9715
35.2,9714
35.21,9709
35.22,9707
35.23,9705
35.24,9699
35.25,9696
35.26,9693
35.27,9689
35.28,9688
35.29,9683
35.3,9678
35.33,9676
35.34,9675
35.35,9670
35.36,9668
35.37,9665
35.38,9660
35.39,9658
35.4,9656
35.42,9653
35.44,9652
35.45,9651
35.47,9650
35.48,9647
35.49,9645
35.5,9642
35.51,9641
35.52,9639
35.54,9638
35.55,9637
35.57,9633
35.58,9632
35.59,9631
35.61,9629
35.62,9626
35.63,9625
35.64,9623
35.67,9621
35.69,9620
35.72,9618
35.73,9617
35.75,9614
35.76,9612
35.77,9610
36.18,9609
36.19,9607
36.21,9606
36.22,9605
36.23,9603
36.24,9600
36.26,9598
36.31,9597
36.32,9595
36.34,9594
36.37,9589
36.39,9583
36.4,9581
36.41,9578
36.42,9574
36.46,9573
36.48,9571
36.49,9569
36.51,9564
36.53,9561
36.54,9560
36.55,9559
36.56,9557
36.57,9554
36.58,9550
36.6,9548
36.61,9546
36.62,9545
36.63,9543
36.64,9539
36.66,9536
36.68,9533
36.69,9532
36.7,9530
36.72,9527
37.2,9526
37.22,9525
37.23,9522
37.24,9519
37.25,9517
37.3,9514
37.33,9511
37.34,9510
37.78,9507
37.79,9506
37.8,9505
37.81,9503
37.82,9502
37.83,9500
37.84,9498
37.86,9497
37.87,9493
37.88,9492
37.89,9490
37.9,9487
37.91,9485
37.92,9483
37.93,9478
37.94,9476
37.95,9474
37.96,9473
37.97,9469
37.98,9467
37.99,9464
38.0,9463
38.01,9462
38.02,9458
38.03,9456
38.04,9455
38.05,9453
38.06,9452
38.07,9451
38.08,9450
38.09,9449
38.17,9444
38.18,9443
38.2,9442
38.21,9439
38.22,9437
38.23,9431
38.25,9430
38.27,9425
38.29,9422
38.3,9418
38.32,9416
38.33,9412
38.34,9410
38.35,9408
38.36,9405
38.37,9403
38.38,9402
38.39,9399
38.4,9397
38.42,9395
38.43,9393
38.68,9389
38.93,9386
38.94,9385
38.96,9383
38.98,9382
39.0,9380
39.01,9377
39.02,9376
39.03,9375
39.04,9371
39.06,9367
39.08,9365
39.11,9363
39.15,9361
39.16,9356
39.18,9354
39.19,9352
39.21,9351
39.23,9350
39.25,9349
39.26,9345
39.27,9344
39.29,9341
39.31,9340
39.34,9336
39.35,9335
39.36,9332
39.37,9331
39.38,9330
39.41,9326
39.42,9325
39.43,9322
39.45,9318
39.46,9317
39.48,9313
39.49,9312
39.51,9310
39.53,9309
39.54,9308
39.56,9307
39.57,9306
39.59,9303
39.6,9301
39.62,9299
40.05,9298
40.06,9294
40.07,9293
40.09,9291
40.1,9290
40.12,9289
40.13,9286
40.14,9284
40.15,9283
40.16,9281
40.18,9280
40.19,9279
40.21,9278
40.22,9276
40.41,9275
40.42,9273
40.44,9270
40.45,9267
40.46,9266
40.47,9265
40.48,9259
40.49,9258
40.5,9257
40.52,9254
40.54,9252
40.55,9250
40.56,9247
40.57,9244
40.6,9241
40.62,9239
40.63,9237
40.85,9236
40.86,9233
40.87,9230
41.43,9229
41.44,9228
41.45,9227
41.47,9222
41.48,9218
41.5,9217
41.51,9215
41.53,9214
41.54,9209
41.55,9207
41.56,9206
41.57,9205
41.59,9202
41.6,9200
41.61,9199
41.62,9197
41.64,9194
41.65,9191
41.67,9187
41.68,9185
41.7,9184
41.71,9182
41.74,9181
41.75,9179
41.78,9178
41.82,9176
41.83,9173
41.85,9172
42.38,9170
42.42,9168
42.43,9161
42.44,9159
42.45,9157
42.47,9156
42.52,9155
42.53,9153
42.54,9152
42.55,9150
42.57,9148
42.58,9146
42.59,9145
42.61,9143
42.62,9141
42.63,9138
42.68,9137
42.7,9135
42.71,9134
42.73,9131
42.74,9130
42.76,9127
42.77,9126
42.78,9125
42.81,9124
42.82,9123
42.83,9121
42.84,9117
42.85,9112
42.86,9111
42.88,9106
42.89,9103
42.9,9101
42.91,9099
42.93,9098
42.94,9096
42.95,9093
42.96,9092
42.97,9089
42.98,9088
42.99,9084
43.02,9082
43.03,9079
43.48,9078
43.5,9075
43.51,9073
43.53,9072
43.54,9071
43.56,9070
43.58,9068
43.59,9066
43.6,9065
43.63,9064
43.64,9062
43.66,9060
43.67,9055
43.69,9051
43.7,9050
43.71,9049
43.72,9046
44.19,9044
44.21,9040
44.23,9038
44.24,9037
44.27,9036
44.28,9034
44.29,9033
44.3,9032
44.31,9030
44.32,9028
44.33,9025
44.35,9022
44.36,9018
44.37,9017
44.38,9014
44.39,9009
44.41,9005
44.42,9002
44.45,9001
44.47,8998
44.48,8996
44.5,8994
44.51,8991
44.52,8990
44.55,8988
44.56,8986
44.57,8984
44.58,8980
44.59,8978
44.6,8977
44.62,8976
44.63,8973
44.64,8972
44.68,8971
44.69,8969
44.7,8968
44.72,8963
44.73,8962
44.74,8960
44.75,8958
44.76,8955
44.79,8954
44.8,8953
44.81,8952
44.82,8949
44.83,8946
44.84,8943
44.85,8941
44.87,8937
44.88,8936
44.89,8934
44.92,8931
44.94,8930
44.95,8928
44.96,8927
45.01,8923
45.02,8921
45.03,8920
45.05,8918
45.07,8916
45.09,8915
45.1,8914
45.11,8912
45.12,8911
45.18,8910
45.19,8905
45.21,8904
45.22,8903
45.23,8902
45.26,8900
45.73,8898
45.74,8893
45.75,8891
45.76,8888
45.77,8887
45.79,8883
45.81,8882
45.82,8881
45.83,8877
45.85,8875
45.86,8872
45.87,8868
45.89,8865
45.91,8864
45.92,8863
45.93,8862
45.94,8853
45.96,8849
45.97,8846
45.98,8844
45.99,8843
46.01,8841
46.02,8840
46.03,8838
46.04,8834
46.05,8831
46.06,8829
46.08,8827
46.1,8826
46.11,8825
46.13,8824
46.14,8823
46.15,8821
46.17,8817
46.19,8815
46.21,8812
46.22,8810
46.24,8807
46.25,8803
46.26,8802
46.27,8798
46.3,8793
46.31,8791
46.32,8786
46.33,8785
46.34,8783
46.36,8780
46.37,8778
46.4,8776
46.41,8775
46.42,8774
46.43,8773
46.44,8769
46.45,8767
46.46,8764
46.47,8762
46.51,8760
46.54,8758
46.55,8757
46.56,8756
46.57,8755
46.58,8753
46.59,8750
46.6,8744
46.62,8743
46.64,8741
46.66,8740
46.68,8738
46.69,8736
46.72,8735
46.73,8734
46.74,8733
46.77,8731
46.79,8727
46.8,8724
46.82,8723
46.83,8721
46.84,8718
47.29,8717
47.3,8715
47.31,8714
47.33,8710
47.34,8709
47.35,8706
47.36,8703
47.37,8701
47.38,8698
47.39,8697
47.4,8695
47.41,8694
47.42,8692
47.43,8691
47.45,8687
47.46,8681
47.5,8680
47.51,8678
47.52,8673
47.53,8670
47.54,8668
47.55,8667
47.58,8666
47.59,8663
47.6,8662
47.61,8659
47.64,8658
47.65,8657
47.68,8655
47.7,8654
48.15,8651
48.16,8648
48.17,8646
48.18,8645
48.2,8642
48.23,8640
48.24,8638
48.47,8633
48.48,8632
48.49,8631
48.52,8630
48.57,8629
48.58,8625
49.15,8624
49.16,8623
49.17,8621
49.18,8619
49.19,8615
49.2,8613
49.23,8611
49.24,8608
49.25,8607
49.26,8606
49.27,8605
49.28,8601
49.31,8599
49.32,8597
49.33,8593
49.35,8591
49.36,8588
49.37,8587
49.39,8584
49.4,8583
49.41,8581
49.42,8580
49.43,8578
49.44,8576
49.46,8575
49.47,8574
49.49,8572
49.5,8571
49.52,8570
49.55,8566
49.56,8565
49.57,8564
49.58,8562
49.59,8560
49.6,8559
49.64,8558
49.65,8555
49.66,8553
49.67,8550
49.68,8549
49.7,8548
49.71,8545
49.72,8542
49.73,8540
49.74,8539
49.75,8537
49.76,8535
49.78,8532
49.8,8531
49.84,8528
49.85,8527
49.86,8522
49.91,8521
49.93,8520
49.95,8519
50.0,8514
50.01,8513
50.02,8512
50.07,8510
50.09,8507
50.1,8505
50.11,8502
50.12,8501
50.13,8500
50.14,8499
50.18,8498
50.19,8497
50.24,8495
50.25,8493
50.27,8490
50.28,8487
50.29,8486
50.3,8485
50.31,8484
50.33,8483
50.35,8482
50.37,8480
50.38,8479
50.39,8478
50.4,8477
50.41,8474
50.45,8472
50.46,8470
50.47,8468
50.48,8467
50.51,8466
50.52,8465
50.54,8463
50.55,8459
50.56,8458
50.57,8457
50.61,8456
50.63,8455
50.64,8449
50.65,8448
50.67,8445
50.71,8443
50.72,8442
50.73,8441
50.77,8440
50.81,8437
50.82,8434
50.84,8431
50.86,8430
50.87,8429
50.88,8428
50.89,8423
50.9,8421
50.91,8420
50.94,8417
50.95,8414
50.96,8413
51.01,8409
51.02,8405
51.03,8404
51.04,8402
51.05,8401
51.06,8399
51.07,8398
51.08,8397
51.09,8396
51.11,8395
51.12,8394
51.4,8391
51.44,8389
51.46,8386
51.49,8384
51.52,8382
51.54,8379
51.55,8377
51.56,8376
51.58,8374
51.59,8373
51.6,8372
51.61,8370
51.62,8369
51.64,8368
51.65,8367
51.66,8366
51.67,8364
51.68,8363
51.69,8359
51.7,8357
51.73,8356
51.98,8354
52.01,8353
52.02,8351
52.03,8348
52.04,8345
52.05,8344
52.06,8342
52.08,8341
52.09,8339
52.11,8338
52.12,8337
52.13,8336
52.14,8333
52.15,8332
52.17,8331
52.18,8329
52.19,8328
52.2,8326
52.24,8325
52.25,8323
52.26,8321
52.28,8316
52.29,8315
52.3,8314
52.31,8310
52.32,8307
52.35,8305
52.36,8304
52.37,8300
52.38,8298
52.39,8295
52.4,8291
52.41,8290
52.43,8289
52.44,8288
52.45,8286
52.46,8284
52.49,8283
52.5,8281
52.52,8279
52.53,8278
52.54,8277
52.56,8276
52.58,8275
52.6,8274
52.61,8273
52.62,8272
52.63,8270
52.64,8266
52.66,8264
52.67,8262
52.71,8261
52.72,8257
52.76,8256
52.77,8255
52.78,8254
52.8,8253
52.81,8252
52.82,8249
52.85,8247
52.86,8246
52.87,8244
52.9,8242
52.91,8237
52.93,8236
52.95,8234
52.99,8233
53.0,8232
53.01,8231
53.04,8227
53.05,8226
53.08,8223
53.09,8222
53.12,8221
53.14,8219
53.15,8218
53.6,8217
53.61,8212
53.63,8211
53.64,8209
53.65,8207
53.67,8203
53.68,8202
53.71,8201
53.74,8199
53.78,8197
53.79,8196
53.81,8194
53.83,8192
53.86,8191
53.87,8188
53.9,8187
53.95,8186
53.96,8185
54.01,8184
54.05,8183
54.06,8181
54.07,8179
54.08,8178
54.09,8176
54.1,8173
54.11,8172
54.12,8171
54.14,8170
54.15,8169
54.16,8168
54.17,8164
54.19,8163
54.2,8161
54.21,8159
54.23,8158
54.24,8157
54.72,8155
54.73,8153
54.74,8152
54.75,8151
54.78,8149
54.79,8148
55.21,8147
55.23,8146
55.25,8143
55.3,8139
55.38,8138
55.39,8137
55.4,8133
55.42,8131
55.43,8128
55.45,8127
55.47,8125
55.48,8124
55.49,8123
55.52,8121
55.53,8120
55.54,8119
55.57,8118
55.58,8116
55.59,8114
55.6,8113
55.61,8108
55.62,8106
55.63,8105
56.12,8104
56.13,8103
56.16,8100
56.18,8097
56.19,8095
56.25,8093
56.27,8092
56.28,8091
56.29,8090
56.31,8089
56.32,8088
56.33,8085
56.34,8083
56.37,8082
56.38,8080
56.39,8079
56.41,8078
56.45,8077
56.46,8076
56.47,8075
56.5,8074
56.51,8073
56.52,8071
56.56,8070
56.61,8069
56.62,8068
56.63,8064
56.65,8063
56.7,8062
56.71,8061
56.73,8060
56.74,8058
56.8,8057
57.34,8055
57.36,8054
57.43,8053
57.46,8052
57.48,8050
57.49,8048
57.52,8047
57.55,8043
57.57,8042
57.6,8041
57.61,8040
57.62,8039
57.63,8038
57.64,8036
57.65,8035
57.66,8032
57.67,8026
57.68,8025
57.91,8023
58.25,8022
58.27,8020
58.29,8018
58.31,8016
58.33,8015
58.34,8013
58.35,8011
58.43,8009
58.48,8006
58.49,8005
58.51,8004
58.54,8002
58.55,8000
58.57,7999
58.61,7997
58.62,7996
58.64,7993
58.65,7991
58.67,7990
58.68,7987
58.69,7985
58.95,7982
58.97,7979
59.01,7977
59.03,7976
59.05,7975
59.07,7973
59.08,7972
59.09,7971
59.1,7969
59.11,7968
59.15,7967
59.16,7966
59.17,7965
59.19,7964
59.2,7963
59.25,7962
59.28,7961
59.36,7960
59.38,7958
59.39,7954
59.4,7953
59.41,7952
59.44,7949
59.48,7948
59.5,7947
59.51,7945
59.52,7943
59.57,7939
59.86,7938
59.87,7937
59.88,7935
59.9,7932
59.92,7931
59.93,7929
59.94,7928
59.95,7926
59.96,7924
59.97,7923
59.98,7921
60.01,7916
60.02,7913
60.03,7910
60.04,7905
60.06,7904
60.08,7903
60.09,7902
60.16,7901
60.23,7900
60.24,7899
60.3,7898
60.31,7897
60.32,7892
60.34,7889
60.35,7887
60.4,7886
60.41,7885
60.45,7884
60.46,7883
60.47,7882
60.5,7880
60.51,7878
60.52,7877
60.53,7876
60.55,7874
60.57,7873
60.58,7872
60.6,7870
60.62,7869
60.63,7867
60.67,7866
60.69,7865
60.76,7863
60.77,7862
60.78,7861
60.8,7860
60.82,7859
61.57,7858
61.61,7857
61.62,7856
61.63,7855
61.65,7854
61.69,7853
61.73,7852
62.31,7849
62.36,7847
62.37,7846
62.38,7845
62.4,7843
62.41,7842
62.43,7841
62.45,7839
62.47,7837
62.48,7836
62.5,7834
62.51,7831
62.52,7827
62.54,7826
62.6,7825
62.61,7823
62.65,7822
62.66,7821
62.68,7820
62.69,7819
62.7,7816
62.72,7815
62.74,7814
62.76,7811
62.77,7810
62.78,7809
62.79,7808
62.81,7807
62.82,7805
62.83,7804
62.84,7803
62.88,7800
62.9,7799
62.91,7797
62.93,7796
62.95,7792
62.96,7790
62.97,7789
62.99,7787
63.01,7785
63.02,7782
63.03,7778
63.04,7776
63.05,7774
63.1,7771
63.11,7768
63.12,7766
63.13,7764
63.15,7762
63.17,7761
63.2,7759
63.23,7758
63.24,7757
63.25,7755
63.27,7753
63.28,7752
63.29,7750
63.3,7747
63.31,7744
63.32,7741
63.33,7739
63.34,7738
63.35,7737
63.36,7736
63.39,7735
63.41,7733
63.71,7732
63.72,7728
63.73,7726
63.75,7725
63.76,7721
63.77,7720
63.82,7719
63.85,7718
63.86,7717
63.89,7715
63.9,7714
63.94,7713
63.95,7711
63.97,7708
64.02,7707
64.04,7706
64.05,7704
64.06,7702
64.07,7699
64.08,7695
64.1,7694
64.12,7693
64.13,7691
64.14,7686
64.16,7685
64.25,7683
64.27,7679
64.29,7677
64.31,7676
64.32,7675
64.33,7673
64.34,7670
64.36,7668
64.38,7667
64.42,7666
64.43,7664
64.44,7662
64.47,7660
64.53,7658
64.57,7657
64.58,7656
64.61,7655
64.62,7653
64.7,7652
64.72,7651
64.75,7650
64.76,7646
64.77,7643
64.78,7642
64.8,7638
64.82,7637
64.85,7636
64.86,7635
64.87,7633
64.89,7631
64.9,7629
64.93,7627
65.78,7626
65.82,7624
65.85,7623
65.86,7622
65.87,7621
66.28,7620
66.31,7619
66.32,7617
66.36,7616
66.39,7614
66.4,7612
66.43,7611
66.46,7610
66.48,7607
66.5,7606
66.55,7605
66.56,7604
66.61,7603
66.64,7599
66.65,7597
66.67,7596
66.68,7594
66.69,7593
66.7,7589
66.72,7588
66.73,7587
66.74,7586
66.75,7585
66.76,7583
66.77,7581
66.78,7580
66.83,7579
67.15,7578
67.18,7577
67.24,7575
67.28,7574
67.3,7572
67.32,7571
67.33,7568
67.91,7567
67.92,7566
67.93,7563
67.96,7561
67.98,7560
68.0,7559
68.01,7557
68.03,7555
68.04,7553
68.05,7551
68.06,7550
68.07,7547
68.1,7546
68.11,7545
68.56,7544
68.58,7542
68.59,7541
68.6,7539
68.61,7538
68.62,7534
68.63,7532
68.64,7530
68.67,7527
68.7,7525
68.71,7524
68.72,7523
68.73,7521
68.76,7519
68.77,7518
68.8,7517
68.82,7515
68.84,7514
68.86,7513
68.87,7512
68.88,7509
68.89,7508
68.92,7505
68.96,7504
69.0,7503
69.01,7499
69.02,7498
69.03,7497
69.06,7496
69.08,7495
69.11,7493
69.16,7492
69.2,7490
69.22,7488
69.23,7487
69.24,7485
69.26,7483
69.27,7481
69.28,7480
69.3,7479
69.33,7478
69.34,7477
69.37,7476
69.38,7475
69.42,7472
69.48,7469
69.52,7468
69.53,7466
69.54,7465
69.56,7464
69.6,7463
69.65,7460
69.69,7455
69.98,7453
69.99,7452
70.0,7451
70.02,7449
70.03,7447
70.06,7446
70.76,7445
70.79,7444
70.82,7442
70.84,7441
70.86,7440
70.87,7436
70.88,7433
70.89,7432
70.9,7431
70.95,7430
70.96,7427
70.97,7425
71.0,7424
71.03,7423
71.04,7421
71.06,7420
71.09,7419
71.1,7417
71.12,7415
71.83,7413
71.86,7412
71.87,7411
71.88,7410
71.92,7409
71.93,7406
71.97,7405
71.98,7404
72.0,7403
72.03,7402
72.32,7399
72.34,7396
72.35,7393
72.36,7392
72.37,7391
72.39,7390
72.4,7389
72.42,7388
72.44,7385
72.46,7383
72.49,7382
72.51,7379
72.53,7375
72.54,7374
72.55,7373
72.59,7372
72.61,7370
72.64,7368
72.65,7366
72.67,7365
72.71,7364
72.75,7363
72.76,7361
72.77,7360
72.78,7357
72.8,7355
72.81,7350
72.82,7348
72.83,7347
72.84,7346
72.85,7345
72.87,7344
72.92,7343
72.93,7341
72.96,7340
72.97,7338
73.01,7336
73.07,7335
73.08,7334
73.13,7333
73.16,7332
73.17,7331
73.2,7328
73.22,7326
73.25,7324
73.26,7323
73.31,7322
73.34,7321
73.43,7320
73.45,7319
73.46,7318
73.47,7317
73.49,7315
73.5,7314
73.51,7313
73.52,7312
73.54,7310
73.57,7309
73.62,7308
73.63,7305
73.65,7304
73.71,7302
73.73,7298
73.77,7297
73.8,7296
73.81,7294
73.85,7292
73.9,7290
73.94,7288
73.95,7287
73.97,7286
73.98,7285
73.99,7284
74.06,7282
74.07,7280
74.09,7277
74.1,7275
74.11,7273
74.12,7271
74.14,7268
74.15,7267
74.16,7266
74.17,7265
74.18,7264
74.19,7260
74.23,7258
74.26,7256
74.27,7255
74.3,7254
74.31,7253
74.32,7252
74.33,7250
74.35,7249
74.4,7248
74.41,7247
74.47,7245
74.56,7244
74.57,7243
74.59,7242
74.6,7241
74.61,7238
74.62,7237
75.11,7236
75.12,7234
75.47,7233
75.48,7232
75.49,7228
75.5,7227
75.51,7226
75.52,7224
75.53,7223
75.54,7221
76.06,7219
76.08,7218
76.09,7217
76.1,7216
76.11,7215
76.15,7213
76.2,7212
76.23,7211
76.24,7210
76.25,7209
76.27,7208
76.28,7207
76.29,7203
76.3,7202
76.31,7201
76.32,7198
76.33,7197
76.34,7195
76.36,7194
76.39,7193
76.4,7192
76.41,7189
76.45,7188
76.46,7187
76.47,7185
76.51,7184
76.52,7183
76.54,7182
76.57,7181
76.58,7179
76.59,7178
77.1,7177
77.12,7175
77.15,7174
77.16,7172
77.17,7169
77.18,7168
77.19,7167
77.21,7166
77.22,7165
77.23,7164
77.25,7162
77.27,7160
77.28,7157
77.31,7156
77.33,7154
77.34,7153
77.35,7150
77.38,7147
77.42,7146
77.44,7144
77.45,7143
77.46,7141
77.47,7140
77.49,7139
77.51,7137
77.52,7136
77.53,7134
77.54,7132
77.55,7131
77.57,7128
77.6,7127
77.65,7125
77.66,7124
77.67,7123
77.68,7122
77.7,7119
77.72,7117
77.73,7116
77.78,7115
77.79,7114
77.81,7113
77.85,7111
77.88,7110
77.89,7109
77.9,7108
77.91,7107
77.94,7106
77.99,7105
78.0,7103
78.02,7102
78.03,7100
78.04,7099
78.06,7097
78.08,7095
78.11,7092
78.12,7088
78.13,7087
78.17,7086
78.19,7085
78.23,7084
78.27,7082
78.77,7080
78.78,7079
78.79,7076
78.87,7073
78.88,7069
78.89,7066
78.93,7065
78.95,7064
78.96,7063
78.97,7062
79.0,7061
79.04,7060
79.07,7059
79.08,7058
79.11,7055
79.16,7054
79.17,7053
79.19,7051
79.2,7050
79.21,7048
79.25,7047
79.31,7046
79.6,7045
79.61,7044
79.64,7043
79.66,7041
79.68,7040
79.7,7039
79.71,7038
79.8,7037
79.82,7036
79.83,7034
79.88,7032
79.9,7031
79.93,7030
79.97,7029
80.03,7028
80.04,7027
80.05,7026
80.08,7025
80.11,7024
80.12,7023
80.13,7021
80.67,7018
81.25,7017
81.27,7016
81.33,7014
81.35,7012
81.36,7011
81.38,7010
81.46,7007
81.53,7005
81.56,7003
81.58,7001
81.65,7000
81.66,6996
81.67,6995
81.68,6993
81.69,6991
81.71,6989
81.73,6988
81.74,6986
81.78,6985
81.81,6984
81.82,6983
81.83,6981
81.86,6977
81.87,6975
81.92,6971
81.93,6970
81.98,6969
82.0,6968
82.04,6967
82.08,6966
82.1,6964
82.11,6962
82.12,6961
82.41,6960
82.42,6959
82.44,6956
82.49,6954
82.5,6949
82.51,6948
82.54,6947
82.55,6945
82.56,6944
82.58,6943
82.59,6940
82.6,6939
82.62,6938
82.65,6935
82.67,6933
82.69,6932
82.71,6930
82.72,6928
82.73,6927
82.75,6925
82.8,6924
82.82,6923
82.83,6919
82.84,6917
82.85,6914
82.86,6913
82.87,6912
82.88,6909
82.91,6907
82.92,6906
82.94,6903
83.22,6902
83.25,6901
83.27,6899
83.28,6897
83.31,6896
83.32,6894
83.35,6892
83.37,6891
83.39,6890
83.4,6889
83.42,6888
83.43,6886
83.47,6884
83.48,6883
83.49,6881
83.5,6880
83.52,6878
83.53,6877
83.55,6876
83.58,6875
83.92,6874
83.93,6873
83.95,6872
83.96,6871
84.0,6870
84.01,6869
84.02,6868
84.03,6867
84.07,6866
84.08,6865
84.42,6863
84.43,6862
84.45,6859
84.46,6857
84.52,6856
84.54,6855
84.55,6854
84.56,6853
84.62,6852
84.63,6851
84.67,6848
84.68,6847
84.7,6846
84.71,6844
84.76,6843
84.78,6842
84.84,6841
84.86,6840
84.87,6837
84.88,6836
84.89,6835
84.9,6834
84.95,6831
84.96,6830
84.97,6829
85.0,6828
85.01,6827
85.06,6824
85.07,6823
85.09,6821
85.1,6820
85.14,6819
85.15,6817
85.82,6816
85.86,6814
85.87,6813
85.88,6811
85.92,6810
85.93,6809
85.94,6807
85.96,6806
85.99,6805
86.01,6803
86.03,6800
86.05,6799
86.06,6797
86.11,6794
86.12,6792
86.18,6791
86.21,6790
86.25,6789
86.26,6787
86.29,6786
86.3,6784
86.34,6783
86.35,6779
86.38,6778
86.39,6777
86.4,6775
86.42,6774
86.44,6772
86.45,6770
86.47,6769
86.5,6767
86.51,6766
86.55,6762
86.57,6760
87.12,6759
87.13,6758
87.15,6757
87.18,6754
87.19,6753
87.77,6752
87.78,6751
87.82,6750
87.83,6749
87.88,6748
87.89,6747
87.91,6746
87.92,6745
87.94,6743
87.95,6742
87.98,6741
87.99,6738
88.0,6736
88.01,6735
88.03,6732
88.05,6731
88.1,6730
88.11,6729
88.12,6728
88.14,6725
88.17,6723
88.18,6721
88.47,6719
88.48,6718
88.5,6717
88.51,6715
88.53,6714
88.54,6713
88.85,6712
88.86,6709
88.89,6708
88.92,6707
88.95,6706
89.01,6705
89.02,6702
89.03,6700
89.06,6698
89.11,6696
89.13,6695
89.14,6694
89.54,6693
89.57,6691
89.59,6690
89.65,6689
89.67,6686
89.71,6685
89.72,6683
90.66,6682
90.68,6681
90.69,6680
90.7,6676
90.71,6675
90.73,6674
90.74,6672
90.76,6671
90.79,6669
90.8,6668
90.84,6666
90.89,6665
90.91,6663
90.92,6662
90.93,6661
90.95,6660
90.96,6659
91.01,6658
91.04,6657
91.05,6656
91.09,6655
91.12,6654
91.13,6652
91.14,6651
91.2,6649
91.24,6647
91.32,6646
91.36,6645
91.5,6644
91.53,6643
91.54,6642
91.55,6640
91.59,6639
91.62,6636
91.64,6634
91.65,6633
91.69,6632
91.7,6631
91.72,6630
91.73,6629
91.77,6627
91.79,6626
91.83,6625
91.84,6623
91.88,6622
91.92,6621
91.93,6620
91.94,6619
91.96,6618
91.98,6617
92.02,6616
92.1,6615
92.71,6612
92.73,6611
92.77,6610
92.79,6608
92.83,6606
92.88,6605
92.89,6604
93.0,6603
93.03,6602
93.04,6601
93.05,6600
93.06,6599
93.09,6597
93.12,6596
93.15,6595
93.2,6594
93.21,6593
93.53,6592
93.54,6591
93.55,6590
93.56,6589
93.57,6588
93.83,6586
93.86,6585
93.87,6584
93.91,6583
93.92,6582
93.95,6581
93.98,6578
93.99,6577
94.02,6576
94.06,6574
94.07,6573
94.1,6572
94.39,6571
94.4,6568
94.43,6567
94.44,6565
94.46,6564
94.48,6563
94.49,6561
94.5,6560
94.55,6559
94.57,6558
94.58,6556
94.61,6555
94.62,6552
94.64,6550
94.65,6549
94.67,6548
94.71,6547
94.72,6546
94.77,6544
94.78,6542
95.39,6540
95.47,6535
95.53,6534
95.54,6532
95.91,6530
95.92,6529
95.95,6526
96.01,6525
96.33,6523
96.34,6522
96.35,6519
96.4,6516
96.41,6515
96.45,6514
96.46,6513
96.49,6512
96.5,6511
97.15,6510
97.16,6509
97.18,6508
97.2,6507
97.23,6506
97.25,6505
97.28,6504
97.31,6503
97.33,6502
97.34,6501
97.35,6499
97.36,6498
97.38,6497
97.4,6493
97.41,6492
97.46,6491
97.5,6490
97.52,6489
97.54,6488
97.55,6486
97.64,6485
97.66,6481
97.67,6480
97.68,6479
97.7,6477
97.73,6475
97.77,6474
97.83,6473
97.84,6472
97.86,6471
97.87,6470
97.88,6468
97.9,6464
97.91,6462
97.92,6461
97.93,6460
97.96,6459
98.0,6457
98.01,6456
98.02,6455
98.05,6454
98.07,6452
98.09,6451
98.1,6450
98.11,6448
98.15,6446
98.17,6445
98.2,6444
98.22,6443
98.23,6442
98.28,6440
98.35,6439
98.41,6437
98.47,6435
98.49,6434
98.5,6433
98.55,6432
98.62,6431
98.63,6429
98.64,6426
98.66,6424
98.68,6422
98.71,6421
98.72,6420
98.79,6419
98.8,6418
98.83,6416
98.84,6415
98.88,6414
98.89,6411
99.22,6410
99.26,6409
99.3,6408
99.31,6406
99.33,6405
99.36,6404
99.37,6403
99.41,6402
99.42,6401
99.43,6398
99.47,6395
99.49,6394
99.52,6393
99.53,6392
99.55,6390
99.62,6389
99.63,6388
99.64,6387
99.66,6385
99.68,6383
99.72,6382
99.73,6381
99.75,6380
99.76,6378
99.77,6377
99.79,6375
99.82,6374
99.89,6372
99.91,6370
99.92,6369
99.93,6366
99.94,6364
99.98,6362
99.99,6360
100.02,6358
100.04,6356
100.05,6355
100.06,6354
100.07,6353
100.12,6352
100.16,6348
100.7,6347
100.71,6346
100.73,6345
100.75,6344
101.28,6343
101.29,6342
101.3,6341
101.34,6339
101.36,6338
101.37,6337
101.79,6336
101.8,6335
101.81,6334
101.85,6332
101.88,6331
101.9,6330
101.94,6329
101.97,6328
101.98,6327
102.0,6325
102.06,6324
102.1,6321
102.12,6320
102.13,6319
102.14,6318
102.23,6315
102.24,6314
102.26,6313
102.31,6309
102.33,6308
102.36,6307
102.38,6306
102.51,6305
102.53,6304
102.64,6300
102.65,6298
102.68,6297
102.69,6296
102.71,6295
102.72,6293
102.76,6292
102.77,6291
102.8,6290
102.81,6288
102.82,6287
102.83,6286
102.85,6285
102.87,6284
102.88,6282
102.89,6281
102.91,6280
102.95,6276
102.96,6275
102.99,6273
103.0,6272
103.02,6271
103.08,6270
103.09,6269
103.1,6268
103.11,6267
103.48,6265
103.49,6264
103.5,6263
103.54,6262
103.59,6259
103.62,6257
103.65,6256
103.67,6255
103.69,6254
103.7,6253
103.72,6252
103.73,6251
103.74,6249
103.82,6247
103.84,6246
103.87,6244
103.88,6242
103.89,6241
103.92,6240
103.95,6239
103.97,6238
103.98,6236
104.0,6233
104.04,6232
104.05,6231
104.08,6230
104.12,6228
104.17,6227
104.2,6225
104.21,6224
104.25,6223
104.29,6222
104.3,6221
104.31,6220
104.82,6219
105.26,6218
105.83,6216
105.84,6215
105.85,6214
105.88,6213
105.93,6212
105.98,6211
106.03,6208
106.04,6207
106.05,6206
106.1,6205
106.12,6204
106.14,6203
106.16,6202
106.17,6201
106.18,6200
106.22,6199
106.24,6198
106.29,6196
106.3,6195
106.36,6194
106.37,6191
106.41,6189
106.42,6188
106.44,6187
106.46,6186
106.47,6185
106.49,6184
106.54,6183
106.57,6182
106.58,6181
106.62,6180
106.85,6179
106.95,6178
106.96,6177
106.97,6176
106.99,6175
107.0,6174
107.01,6173
107.05,6172
107.06,6171
107.13,6169
107.14,6168
107.2,6167
107.21,6166
107.22,6165
107.24,6164
107.25,6163
107.26,6162
107.27,6161
107.28,6160
107.31,6159
107.77,6158
107.78,6157
107.8,6156
107.83,6155
108.32,6154
108.38,6150
108.41,6149
108.42,6148
108.43,6145
108.69,6144
108.76,6140
108.78,6137
108.79,6136
108.8,6135
108.81,6133
108.82,6131
109.05,6130
109.06,6128
109.08,6127
109.1,6125
109.14,6124
109.15,6123
109.18,6122
110.03,6121
110.04,6120
110.05,6118
110.06,6117
110.07,6116
110.45,6115
110.47,6114
110.68,6112
110.69,6109
110.7,6108
110.73,6105
110.74,6104
110.75,6103
110.76,6102
110.77,6100
110.83,6099
110.84,6098
110.86,6097
110.87,6096
110.91,6095
110.95,6094
110.96,6093
110.97,6091
110.99,6090
111.0,6089
111.04,6088
111.09,6086
111.1,6085
111.11,6084
111.12,6083
111.13,6082
111.84,6076
111.85,6075
111.86,6073
111.87,6069
111.95,6067
111.98,6066
111.99,6063
112.01,6062
112.07,6061
112.1,6060
112.11,6059
112.12,6057
112.15,6056
112.16,6055
112.17,6054
112.19,6053
112.2,6052
112.23,6051
112.25,6050
112.54,6049
112.57,6047
112.58,6045
112.59,6044
112.6,6043
113.04,6042
113.09,6041
113.11,6039
113.12,6038
113.14,6037
113.17,6036
113.18,6035
113.21,6034
113.23,6033
113.24,6032
113.25,6031
113.72,6029
113.75,6026
113.77,6023
114.15,6022
114.2,6020
114.64,6019
114.67,6018
114.68,6017
114.92,6016
114.93,6014
114.95,6013
114.96,6012
114.97,6009
114.98,6007
115.0,6004
115.02,6003
115.03,6002
115.04,6001
115.05,5998
115.06,5997
115.14,5995
115.15,5993
115.17,5992
115.19,5988
115.2,5987
115.21,5986
115.25,5985
115.29,5984
115.31,5981
115.32,5980
115.33,5979
115.37,5978
115.38,5977
115.39,5976
115.4,5975
115.41,5974
115.48,5973
115.5,5972
115.53,5971
115.56,5969
115.62,5968
115.85,5967
115.86,5965
115.87,5964
115.89,5963
115.91,5962
115.94,5961
116.22,5959
116.25,5958
116.32,5957
116.37,5956
116.38,5955
116.39,5954
116.65,5953
116.66,5952
116.67,5951
116.69,5949
116.71,5948
116.72,5947
116.73,5946
116.74,5945
116.75,5943
116.82,5942
116.83,5941
117.23,5940
117.25,5939
117.27,5938
117.3,5937
117.32,5935
117.4,5934
117.41,5933
117.42,5932
117.43,5931
117.44,5930
117.48,5928
117.5,5927
117.82,5926
118.03,5925
118.05,5923
118.06,5921
118.08,5920
118.09,5919
118.11,5917
118.12,5916
118.14,5915
118.38,5914
118.39,5913
118.4,5912
118.42,5911
118.44,5909
118.45,5908
118.47,5907
118.5,5906
118.51,5905
118.53,5903
118.57,5902
118.62,5901
118.64,5900
119.04,5899
119.06,5898
119.07,5896
119.1,5895
119.13,5894
119.16,5893
119.17,5891
119.18,5890
119.2,5888
119.24,5887
119.25,5886
119.3,5885
119.31,5883
119.32,5882
119.36,5881
119.37,5880
119.88,5879
119.93,5877
119.94,5876
120.37,5874
120.38,5873
120.44,5871
120.47,5870
120.49,5869
120.5,5868
120.55,5866
120.56,5865
120.57,5863
120.58,5860
120.6,5859
120.61,5858
120.62,5857
120.82,5856
120.83,5855
120.9,5853
120.94,5852
120.95,5850
120.98,5849
121.0,5847
121.04,5846
121.05,5845
121.25,5844
121.27,5843
121.28,5842
121.31,5841
121.9,5840
121.92,5838
121.95,5837
122.3,5836
122.31,5834
122.34,5833
122.36,5831
122.43,5830
122.47,5829
122.48,5825
122.49,5824
122.52,5822
122.53,5820
122.54,5818
122.56,5817
122.64,5815
122.65,5814
122.66,5813
123.02,5812
123.03,5811
123.04,5809
123.07,5807
123.1,5806
123.11,5803
123.12,5799
123.14,5798
123.16,5797
123.18,5796
123.22,5792
123.25,5791
123.3,5790
123.31,5787
123.36,5785
123.38,5784
123.41,5782
123.42,5781
123.43,5780
123.47,5779
123.48,5778
123.5,5777
123.51,5775
123.52,5774
123.53,5773
123.55,5771
123.56,5770
123.6,5769
123.63,5768
123.64,5767
123.66,5766
123.67,5765
123.68,5764
123.74,5763
123.77,5762
123.78,5761
123.8,5758
123.81,5755
123.86,5754
123.91,5751
123.93,5750
123.94,5748
123.97,5747
124.01,5746
124.03,5745
124.05,5744
124.09,5743
124.11,5742
124.15,5740
124.2,5739
124.24,5738
124.27,5737
124.31,5734
124.33,5733
124.35,5732
124.37,5731
124.39,5729
124.46,5727
124.48,5726
124.5,5724
124.52,5723
124.53,5722
124.58,5721
124.63,5720
124.64,5719
124.7,5718
124.72,5717
124.75,5716
124.8,5715
124.82,5713
124.9,5711
124.91,5710
124.92,5709
124.94,5707
124.95,5706
125.0,5704
125.04,5703
125.06,5702
125.11,5701
125.48,5700
125.49,5699
125.53,5697
125.56,5696
125.57,5695
125.94,5693
125.97,5691
126.01,5688
126.03,5687
126.04,5686
126.05,5684
126.28,5683
126.36,5682
126.6,5681
126.61,5678
126.62,5677
126.7,5676
126.77,5675
126.78,5671
126.8,5670
126.82,5669
126.83,5668
126.84,5667
126.94,5665
126.98,5664
126.99,5662
127.3,5660
127.31,5659
127.32,5658
127.69,5657
127.72,5656
127.73,5655
127.74,5654
127.75,5653
127.77,5651
127.79,5650
127.8,5649
127.81,5648
127.82,5646
127.98,5645
128.0,5644
128.01,5643
128.02,5642
128.03,5641
128.04,5640
128.05,5639
128.26,5638
128.29,5635
128.31,5634
128.33,5632
128.35,5631
128.41,5630
128.44,5629
128.45,5628
128.46,5627
128.47,5626
128.49,5625
128.51,5624
128.52,5623
128.53,5622
128.54,5621
128.57,5617
128.6,5616
128.62,5615
128.63,5614
128.64,5613
128.76,5612
128.78,5608
128.84,5607
128.85,5606
128.89,5605
128.9,5604
128.92,5603
128.94,5601
129.13,5600
129.17,5599
129.19,5598
129.2,5597
129.23,5596
129.25,5595
129.52,5594
129.53,5593
129.54,5592
129.57,5591
129.97,5588
130.1,5587
130.11,5586
130.14,5585
130.17,5584
130.2,5582
130.46,5581
130.47,5580
130.92,5579
130.93,5578
130.95,5576
130.98,5575
130.99,5574
131.0,5573
131.06,5572
131.08,5571
131.11,5569
131.15,5568
131.16,5567
131.38,5566
131.39,5565
131.4,5564
131.41,5563
131.45,5562
131.46,5561
131.5,5560
131.51,5559
131.52,5558
131.64,5556
131.67,5554
131.71,5553
131.77,5552
131.78,5551
131.79,5550
132.23,5549
132.24,5547
132.25,5545
132.29,5544
132.51,5542
132.54,5540
132.91,5539
133.08,5538
133.09,5537
133.14,5536
133.16,5534
133.17,5532
133.22,5530
133.23,5529
133.24,5528
133.27,5527
133.31,5525
133.32,5524
133.35,5521
133.36,5520
133.38,5519
133.4,5518
133.42,5517
133.44,5516
133.48,5515
133.51,5514
133.53,5513
133.56,5511
133.6,5510
133.63,5509
133.8,5508
133.81,5506
133.82,5505
133.87,5504
134.28,5502
134.32,5501
134.59,5500
134.61,5498
134.62,5497
134.64,5496
134.65,5495
134.67,5493
134.68,5492
134.69,5491
134.75,5490
134.76,5489
134.77,5485
134.79,5483
134.84,5481
134.86,5480
134.87,5479
134.88,5478
134.96,5475
135.0,5474
135.02,5473
135.03,5472
135.07,5471
135.32,5470
135.33,5469
135.35,5468
135.39,5467
135.41,5466
135.44,5465
135.5,5463
135.52,5462
135.54,5461
135.55,5460
135.56,5459
135.62,5457
135.86,5456
135.87,5455
135.9,5454
135.92,5453
135.93,5452
136.11,5451
136.12,5450
136.13,5449
136.14,5448
136.2,5447
136.24,5446
136.27,5445
136.31,5444
136.33,5443
136.71,5442
136.75,5441
136.77,5440
136.78,5437
136.8,5436
136.81,5435
136.86,5434
136.9,5433
137.1,5431
137.12,5430
137.14,5429
137.16,5425
137.17,5423
137.24,5422
137.36,5421
137.4,5420
137.41,5419
137.43,5418
137.44,5417
137.45,5416
137.5,5415
137.58,5413
137.66,5412
137.68,5409
137.69,5408
137.7,5407
137.76,5406
137.8,5404
138.15,5403
138.17,5401
138.18,5399
138.2,5396
138.24,5395
138.3,5394
138.37,5393
138.39,5392
138.4,5390
138.61,5389
138.62,5387
138.63,5386
138.66,5385
138.77,5384
138.85,5382
138.88,5381
138.93,5379
138.98,5377
139.35,5376
139.38,5374
139.42,5373
139.43,5372
139.44,5371
139.45,5370
139.85,5369
139.86,5368
139.88,5367
139.91,5365
139.93,5363
139.99,5362
140.01,5361
140.04,5360
140.48,5359
140.5,5358
140.85,5357
140.88,5356
140.89,5355
140.92,5354
140.95,5353
140.99,5352
141.05,5351
141.06,5350
141.07,5349
141.08,5348
141.09,5347
141.12,5346
141.19,5344
141.21,5343
141.25,5342
141.27,5341
141.29,5340
141.32,5338
141.36,5337
141.37,5335
141.46,5333
141.48,5332
141.51,5331
141.53,5329
141.59,5327
141.6,5326
142.01,5324
142.19,5323
142.3,5320
142.32,5319
142.35,5318
142.37,5317
142.41,5315
142.67,5314
142.68,5311
142.7,5310
142.76,5309
142.77,5308
142.84,5307
142.92,5306
142.95,5304
142.98,5303
143.02,5302
143.3,5301
143.31,5300
143.32,5299
143.35,5298
143.39,5297
143.41,5296
143.44,5295
143.51,5294
143.53,5292
143.74,5290
143.76,5289
144.0,5288
144.06,5287
144.16,5286
144.28,5285
144.29,5283
144.39,5280
144.66,5278
145.04,5276
145.07,5275
145.11,5274
145.16,5272
145.17,5271
145.18,5269
145.43,5268
145.44,5267
145.45,5263
145.57,5262
145.62,5261
145.65,5260
145.7,5259
145.71,5258
145.73,5257
145.78,5256
145.82,5255
145.84,5254
145.86,5253
145.9,5252
145.93,5251
145.94,5250
145.99,5249
146.01,5247
146.05,5246
146.08,5245
146.46,5244
146.48,5243
146.51,5242
146.57,5241
146.61,5240
146.64,5237
146.68,5236
146.71,5235
146.73,5234
146.8,5233
146.81,5230
146.85,5229
146.89,5228
147.24,5227
147.32,5226
147.33,5225
147.36,5224
147.37,5223
147.41,5221
147.47,5220
147.51,5218
147.54,5217
147.55,5216
147.95,5215
147.98,5214
148.32,5212
148.36,5211
148.4,5210
148.43,5208
148.46,5207
148.48,5206
148.5,5205
148.51,5204
148.56,5203
148.63,5202
149.74,5201
149.75,5200
149.88,5199
149.93,5198
149.96,5197
150.07,5196
150.09,5194
150.11,5193
150.14,5192
150.16,5191
150.19,5190
150.3,5189
150.84,5187
150.85,5185
150.88,5184
150.92,5183
150.96,5182
150.97,5180
151.01,5179
151.02,5178
151.05,5177
151.12,5176
151.15,5175
151.19,5174
151.24,5172
151.26,5171
151.3,5170
151.34,5169
151.41,5168
151.44,5167
151.48,5166
151.55,5165
151.56,5164
151.65,5163
151.84,5162
152.46,5161
152.51,5160
152.84,5159
153.07,5158
153.09,5157
153.1,5156
153.12,5155
153.51,5154
153.57,5152
153.58,5150
153.6,5149
153.65,5148
153.66,5146
153.8,5145
153.81,5143
153.83,5142
154.23,5141
154.3,5140
154.36,5139
154.6,5138
154.98,5137
154.99,5136
155.08,5134
155.13,5133
155.14,5132
155.15,5131
155.6,5130
155.73,5128
155.87,5127
155.88,5126
155.9,5125
156.09,5124
156.11,5123
156.43,5122
156.47,5121
156.74,5120
156.99,5119
157.03,5118
157.04,5116
157.07,5115
157.5,5114
158.31,5112
158.34,5111
158.45,5110
158.51,5109
158.53,5107
158.57,5106
158.61,5105
159.29,5104
159.37,5103
159.38,5102
159.64,5101
159.68,5099
159.69,5097
159.7,5096
159.74,5095
159.76,5094
160.17,5093
160.22,5092
160.44,5091
160.45,5090
160.47,5089
160.52,5088
160.55,5087
160.57,5086
160.93,5085
160.94,5082
160.96,5081
161.01,5080
161.26,5079
161.29,5078
161.31,5077
161.49,5076
161.5,5075
161.72,5074
161.8,5073
162.19,5072
162.82,5071
162.84,5070
163.09,5069
163.21,5068
163.27,5067
163.28,5066
163.31,5065
163.39,5064
163.45,5063
163.49,5062
163.5,5060
163.56,5059
163.57,5057
163.94,5056
163.96,5054
164.0,5053
164.12,5052
164.13,5051
164.47,5050
164.9,5049
164.91,5048
165.57,5047
165.59,5046
165.61,5045
165.64,5044
166.63,5043
166.66,5042
166.88,5041
166.9,5040
166.93,5038
167.27,5037
167.5,5036
167.52,5035
167.67,5034
167.68,5033
167.72,5032
167.74,5031
167.81,5030
167.86,5029
167.87,5028
167.88,5027
168.14,5026
168.64,5025
169.16,5024
169.19,5023
169.24,5022
169.63,5021
169.69,5020
170.39,5019
170.4,5018
170.67,5017
170.71,5016
170.76,5015
170.9,5014
170.96,5013
170.98,5012
171.0,5011
171.06,5010
171.22,5009
171.43,5008
171.46,5007
171.48,5006
171.51,5005
171.53,5004
171.56,5003
171.57,5002
171.65,5001
171.73,5000
172.28,4999
172.56,4997
172.76,4996
172.87,4995
172.88,4994
172.91,4993
173.1,4992
173.32,4991
173.34,4990
173.48,4989
173.57,4988
173.6,4987
173.63,4986
174.96,4985
174.98,4984
174.99,4983
175.03,4982
175.2,4981
175.51,4980
175.67,4979
176.07,4978
176.08,4977
176.57,4976
176.62,4974
176.97,4973
177.06,4972
177.18,4971
177.35,4970
177.47,4969
177.78,4968
177.8,4967
178.12,4966
178.13,4965
178.14,4964
178.19,4963
178.2,4960
178.25,4959
178.59,4958
178.79,4957
178.8,4956
178.88,4955
178.92,4954
178.97,4953
178.98,4952
178.99,4951
179.0,4950
179.05,4949
179.09,4948
179.12,4947
179.19,4946
179.24,4944
179.48,4943
180.05,4942
180.77,4941
180.8,4940
180.81,4938
180.87,4937
180.91,4936
180.95,4935
181.23,4934
181.58,4933
181.67,4932
181.68,4931
181.74,4930
181.76,4929
181.78,4926
181.79,4925
181.8,4924
182.04,4923
182.07,4922
182.12,4921
182.46,4920
182.48,4919
182.64,4918
182.74,4917
183.06,4916
183.07,4915
183.09,4914
183.45,4913
183.76,4912
183.87,4911
183.9,4910
184.01,4909
184.38,4908
184.43,4907
184.5,4906
184.57,4905
184.94,4904
184.96,4903
185.31,4902
185.76,4901
185.8,4899
186.21,4898
186.24,4897
186.66,4896
186.69,4895
187.01,4894
187.06,4893
187.89,4892
187.96,4891
188.13,4890
188.55,4889
188.7,4888
188.9,4887
188.91,4886
189.03,4885
189.07,4884
189.19,4883
189.22,4882
189.9,4881
189.99,4878
190.12,4877
190.16,4876
190.29,4875
190.31,4874
190.33,4873
190.38,4872
190.53,4871
190.57,4870
190.61,4869
190.98,4868
191.04,4867
191.86,4866
191.9,4864
192.04,4862
192.11,4861
192.17,4860
192.19,4858
192.58,4857
192.82,4856
193.23,4855
194.04,4854
194.05,4852
194.06,4851
194.1,4850
194.31,4847
195.1,4846
195.31,4845
195.35,4844
195.39,4843
195.4,4842
195.43,4841
195.45,4840
195.53,4839
195.58,4838
196.19,4837
196.23,4836
196.3,4835
196.35,4834
196.37,4833
196.9,4832
196.93,4831
196.95,4830
197.06,4829
197.07,4828
197.27,4827
197.49,4826
197.51,4825
197.59,4824
198.27,4823
198.53,4822
198.57,4821
198.61,4820
198.95,4819
199.22,4818
199.25,4817
199.26,4816
199.32,4815
199.7,4814
199.86,4813
199.92,4812
199.94,4811
200.01,4810
200.69,4809
200.72,4808
200.77,4807
200.93,4806
201.54,4805
201.61,4804
201.71,4803
201.92,4802
201.94,4801
202.48,4800
202.5,4799
202.59,4798
202.91,4797
203.23,4796
203.3,4795
203.75,4794
204.09,4793
204.3,4792
204.53,4791
205.23,4790
205.39,4788
206.15,4787
206.29,4786
206.33,4785
206.38,4784
206.54,4783
206.59,4782
206.63,4781
206.97,4780
207.35,4779
207.37,4778
207.57,4777
207.88,4776
207.98,4775
208.07,4774
208.09,4773
208.17,4772
208.53,4771
208.75,4770
208.82,4769
208.83,4768
208.86,4767
209.84,4766
210.93,4765
211.86,4764
211.9,4763
212.03,4762
212.63,4761
212.64,4760
212.67,4758
212.8,4757
213.07,4756
213.61,4755
213.63,4754
213.67,4753
213.99,4752
214.0,4751
214.05,4750
214.12,4749
214.35,4748
214.41,4747
214.5,4746
215.34,4745
216.13,4744
216.15,4743
216.69,4742
216.93,4741
217.25,4740
217.26,4739
217.27,4737
217.28,4736
217.29,4735
217.39,4733
217.42,4732
217.43,4731
218.07,4730
218.41,4729
218.42,4728
219.05,4727
219.35,4726
220.12,4725
220.15,4724
220.66,4723
220.67,4722
220.71,4721
220.96,4720
221.43,4719
221.71,4718
221.98,4717
222.59,4716
222.7,4715
222.78,4714
223.04,4713
223.07,4712
224.38,4711
224.43,4710
224.56,4709
224.63,4708
224.72,4707
224.73,4706
226.69,4705
226.75,4704
227.54,4703
227.56,4702
228.45,4701
228.98,4700
229.6,4699
230.44,4698
231.73,4697
233.21,4696
233.46,4695
233.96,4694
234.08,4693
234.22,4692
234.26,4691
234.28,4690
234.88,4689
234.91,4688
235.0,4687
235.7,4686
236.08,4685
236.12,4684
236.36,4683
236.93,4682
237.17,4681
238.29,4680
238.52,4678
238.98,4677
239.56,4676
240.2,4675
241.32,4674
241.36,4673
241.88,4672
241.92,4671
243.31,4670
244.25,4669
244.36,4668
244.75,4667
245.1,4666
245.71,4665
245.93,4664
246.14,4663
246.39,4662
246.52,4661
247.17,4660
247.23,4659
247.76,4658
248.02,4657
248.04,4656
249.55,4655
250.49,4654
250.82,4653
250.99,4652
251.2,4651
251.23,4650
251.38,4649
251.58,4648
251.65,4647
251.93,4646
253.26,4645
253.29,4644
253.68,4643
253.69,4642
253.92,4641
254.19,4640
254.94,4639
255.43,4638
255.76,4637
256.15,4636
256.36,4635
257.15,4634
257.16,4633
257.22,4632
257.83,4631
258.6,4630
259.45,4629
259.94,4628
260.04,4627
261.4,4626
261.92,4625
263.26,4624
265.87,4623
267.31,4622
271.94,4621
272.64,4620
272.8,4619
272.81,4618
273.27,4617
275.21,4616
278.08,4615
280.07,4614
281.49,4613
282.21,4612
283.88,4611
284.76,4610
285.04,4609
286.82,4608
287.26,4607
287.68,4606
288.05,4605
288.1,4604
289.95,4603
300.42,4602
305.9,4601
306.48,4600
307.5,4599
309.05,4598
309.67,4597
311.44,4596
313.54,4595
313.62,4594
316.61,4593
316.87,4592
317.16,4591
318.37,4590
320.68,4589
324.18,4588
327.57,4587
332.53,4586
339.11,4585
340.48,4584
340.57,4583
342.31,4582
342.73,4581
349.34,4580
359.41,4579
370.36,4578
400.13,4577
410.03,4576
411.64,4575
416.04,4574
419.18,4573
419.84,4572
430.02,4571
435.53,4570
441.07,4569
446.06,4568
461.42,4567
476.86,4566
483.66,4565
537.78,4564
537.79,4563
548.01,4562
588.93,4561
590.11,4560
