0.0,14107
0.01,14101
0.02,14097
0.03,14089
0.04,14083
0.05,14078
0.06,14073
0.07,14068
0.08,14062
0.09,14056
0.1,14048
0.11,14043
0.12,14036
0.13,14029
0.14,14027
0.7,14024
0.71,14019
0.72,14011
0.73,14005
0.74,13998
0.75,13991
0.76,13987
0.77,13980
0.78,13975
0.79,13973
0.8,13970
0.81,13967
0.82,13960
0.83,13950
0.84,13944
0.85,13937
0.86,13930
0.87,13923
0.88,13916
0.89,13912
0.9,13908
0.91,13905
0.92,13900
0.93,13894
0.94,13889
0.95,13884
0.96,13881
0.97,13878
1.62,13873
1.63,13864
1.64,13860
1.65,13853
1.66,13848
1.67,13841
1.68,13835
1.69,13829
1.7,13825
1.71,13820
1.72,13813
1.73,13809
1.74,13805
1.75,13802
1.76,13796
1.77,13791
1.78,13787
1.79,13782
1.8,13777
1.81,13770
1.82,13765
2.42,13763
2.43,13756
2.44,13750
2.45,13746
2.46,13742
2.47,13736
2.48,13732
2.49,13729
2.5,13724
2.51,13720
2.52,13715
2.53,13708
2.54,13704
2.55,13700
2.56,13695
2.57,13687
2.58,13682
2.59,13679
2.6,13674
2.61,13665
2.62,13661
2.63,13658
2.64,13654
2.65,13649
2.66,13645
2.67,13639
2.68,13635
3.25,13632
3.26,13624
3.27,13620
3.29,13618
3.3,13613
3.31,13611
3.32,13605
3.33,13604
3.34,13597
3.35,13595
3.36,13593
3.37,13583
3.38,13582
3.39,13577
3.4,13567
3.41,13564
3.42,13556
3.43,13551
3.44,13546
3.45,13542
3.46,13540
3.47,13532
3.48,13525
3.49,13518
3.5,13514
3.51,13509
3.52,13504
3.53,13500
3.54,13496
3.55,13495
3.56,13490
3.57,13489
3.58,13485
3.59,13481
3.6,13479
3.61,13473
3.62,13466
3.63,13461
3.64,13455
3.65,13453
3.66,13446
3.67,13439
3.68,13429
3.69,13421
3.7,13416
3.71,13412
3.72,13406
3.73,13404
3.74,13401
3.75,13395
3.76,13389
3.77,13387
3.78,13382
3.79,13378
3.8,13372
3.81,13369
3.82,13366
3.83,13365
3.84,13359
3.85,13354
4.45,13352
4.46,13348
4.48,13345
4.49,13342
4.5,13341
4.51,13338
4.52,13332
4.53,13328
4.55,13323
4.56,13319
4.57,13315
4.58,13311
4.59,13305
4.6,13297
4.61,13294
4.62,13287
4.63,13282
4.64,13278
4.65,13273
4.66,13272
4.67,13270
4.68,13263
4.69,13262
4.7,13258
4.71,13255
4.72,13252
4.73,13250
4.74,13249
4.75,13245
4.76,13244
4.77,13242
4.78,13240
4.79,13238
4.8,13236
4.81,13232
4.82,13229
4.83,13227
4.84,13225
5.46,13221
5.47,13218
5.48,13209
5.49,13205
5.5,13201
5.51,13192
5.52,13189
5.53,13187
5.54,13185
5.55,13178
5.56,13175
5.57,13172
5.58,13168
5.59,13167
5.6,13164
6.13,13162
6.14,13159
6.15,13157
6.16,13151
6.17,13149
6.18,13144
6.19,13141
6.21,13140
6.22,13136
6.23,13133
6.24,13131
6.25,13130
6.26,13128
6.27,13123
6.28,13119
6.29,13115
6.3,13112
6.31,13109
6.32,13105
6.33,13102
6.34,13096
6.35,13090
6.36,13083
6.37,13081
6.38,13075
6.39,13071
6.4,13067
6.41,13065
6.42,13062
6.43,13058
6.44,13056
6.45,13052
6.47,13045
6.48,13042
6.49,13037
6.5,13035
6.51,13032
6.52,13027
6.53,13024
6.54,13020
6.55,13015
6.56,13007
6.57,13003
6.58,12997
6.59,12995
6.6,12993
6.61,12990
6.62,12988
6.63,12987
6.64,12982
6.65,12977
6.66,12976
6.67,12972
6.68,12969
6.69,12961
6.7,12957
6.71,12953
6.72,12951
6.73,12946
6.74,12944
6.75,12942
6.76,12939
6.77,12937
6.78,12932
6.79,12930
6.8,12926
6.81,12923
6.82,12916
6.83,12912
6.84,12909
6.86,12902
6.87,12897
6.88,12895
6.89,12888
6.9,12882
6.91,12879
6.92,12877
6.93,12873
6.94,12869
6.95,12863
6.96,12854
6.97,12849
6.98,12847
6.99,12845
7.0,12842
7.01,12839
7.02,12837
7.03,12835
7.04,12829
7.05,12826
7.07,12824
7.08,12817
7.09,12812
7.1,12810
7.11,12807
7.12,12805
7.13,12801
7.14,12799
7.15,12796
7.17,12792
7.18,12789
7.19,12784
7.2,12779
7.21,12778
7.22,12776
7.23,12770
7.24,12769
7.25,12767
7.26,12763
7.27,12758
7.28,12755
7.29,12752
7.3,12747
7.31,12746
7.32,12740
7.33,12736
7.34,12732
7.35,12724
7.36,12722
7.37,12718
7.38,12714
7.39,12708
7.4,12706
7.41,12703
7.42,12701
7.43,12696
7.44,12692
7.45,12688
7.46,12685
7.47,12684
7.48,12680
7.49,12679
7.5,12674
7.51,12671
7.52,12663
7.53,12658
7.54,12654
7.55,12650
7.56,12646
7.57,12645
7.58,12642
7.59,12640
7.6,12632
7.61,12627
7.62,12621
7.63,12618
7.64,12615
7.65,12612
7.66,12607
7.67,12605
7.7,12600
7.71,12598
7.72,12593
7.73,12591
7.74,12587
7.75,12583
7.76,12578
7.77,12576
7.78,12575
7.79,12574
7.8,12571
7.81,12566
7.82,12563
7.84,12559
7.85,12555
7.86,12551
7.87,12549
7.89,12548
7.9,12545
7.91,12543
7.92,12539
7.93,12533
7.94,12531
7.95,12526
7.96,12521
7.97,12519
7.98,12516
7.99,12513
8.0,12510
8.01,12508
8.02,12502
8.03,12500
8.04,12498
8.05,12495
8.6,12493
8.61,12490
8.62,12485
8.63,12479
8.64,12478
8.66,12476
8.67,12474
8.68,12467
8.69,12462
8.7,12457
8.71,12453
8.72,12447
8.73,12444
8.74,12439
8.75,12437
8.76,12435
8.77,12431
8.78,12426
8.79,12424
8.8,12422
8.81,12417
8.82,12414
8.83,12410
8.84,12405
8.85,12402
8.86,12400
8.87,12396
8.88,12393
9.45,12390
9.46,12384
9.48,12381
9.49,12378
9.5,12373
9.51,12372
9.52,12370
9.53,12368
9.55,12364
9.56,12361
9.57,12359
9.58,12356
9.59,12355
9.6,12350
9.61,12342
9.62,12339
9.63,12333
9.64,12331
9.65,12330
9.66,12324
9.67,12321
9.69,12320
9.71,12317
9.73,12314
9.74,12309
9.75,12306
9.76,12304
9.77,12301
9.78,12296
9.8,12291
9.81,12288
9.83,12287
9.84,12285
9.85,12281
9.86,12279
9.87,12276
9.88,12272
9.89,12268
9.9,12266
9.91,12263
9.92,12259
9.94,12256
9.96,12254
9.97,12250
9.98,12247
9.99,12244
10.0,12241
10.01,12240
10.02,12237
10.03,12235
10.04,12231
10.05,12227
10.06,12226
10.07,12224
10.08,12219
10.09,12214
10.1,12212
10.6,12211
10.61,12208
10.62,12202
10.63,12200
10.64,12195
10.65,12193
10.66,12186
10.67,12178
10.68,12174
10.69,12169
10.7,12165
10.71,12164
10.72,12163
10.73,12162
10.74,12158
10.75,12155
10.76,12150
10.77,12146
10.78,12142
10.79,12140
10.81,12139
10.83,12135
10.84,12131
10.85,12126
11.44,12125
11.45,12122
11.46,12119
11.47,12115
11.48,12113
11.49,12108
11.5,12107
11.51,12104
11.52,12102
11.53,12099
11.54,12098
11.55,12096
11.56,12094
11.57,12093
11.58,12091
11.59,12087
11.6,12082
11.61,12080
11.62,12076
11.63,12072
11.64,12067
11.65,12065
11.66,12064
11.67,12056
12.16,12055
12.18,12052
12.19,12049
12.2,12048
12.21,12045
12.22,12042
12.23,12037
12.24,12035
12.25,12034
12.27,12032
12.28,12029
12.29,12025
12.3,12022
12.31,12015
12.32,12013
12.33,12007
12.34,12001
12.36,11998
12.37,11991
12.38,11988
12.39,11986
12.4,11984
12.41,11976
12.42,11975
12.43,11971
12.44,11969
12.45,11968
12.46,11963
12.47,11961
12.48,11960
12.49,11958
12.5,11955
12.52,11951
12.53,11947
12.54,11945
12.55,11942
12.56,11937
12.57,11934
12.58,11929
12.59,11927
12.6,11922
12.61,11920
12.62,11919
12.63,11918
12.64,11913
12.65,11912
12.66,11911
12.67,11904
12.68,11900
12.69,11896
12.7,11891
12.71,11884
12.72,11878
12.73,11875
12.74,11874
12.75,11873
12.76,11871
12.77,11867
12.78,11865
12.79,11864
12.8,11861
12.81,11855
12.82,11850
12.84,11849
12.85,11846
12.86,11843
12.87,11841
12.88,11835
12.89,11834
12.9,11829
12.91,11827
13.4,11826
13.41,11824
13.42,11822
13.43,11820
13.44,11815
13.45,11813
13.46,11812
13.47,11809
13.52,11804
13.53,11799
13.54,11798
13.57,11793
13.58,11790
13.59,11787
13.6,11782
13.61,11780
13.62,11776
13.63,11772
13.65,11768
13.66,11763
13.68,11756
13.7,11755
13.72,11754
13.73,11751
13.74,11750
13.75,11747
13.76,11743
13.77,11736
13.78,11734
13.79,11728
13.81,11727
13.82,11724
13.83,11720
14.57,11719
14.59,11717
14.6,11716
14.61,11715
14.62,11711
14.63,11709
14.64,11707
14.65,11700
14.66,11698
14.67,11692
14.68,11691
14.69,11688
14.7,11686
14.71,11683
14.72,11680
14.73,11678
14.74,11676
14.75,11674
14.76,11670
14.78,11669
14.79,11666
14.8,11662
14.83,11660
14.84,11653
14.85,11652
14.87,11647
14.88,11646
14.89,11644
14.9,11641
14.91,11640
14.92,11638
14.93,11636
14.94,11635
14.95,11634
14.96,11631
14.97,11627
14.98,11624
14.99,11621
15.0,11619
15.01,11617
15.02,11613
15.03,11612
15.04,11609
15.05,11607
15.06,11603
15.07,11597
15.08,11596
15.09,11590
15.1,11589
15.11,11585
15.12,11584
15.13,11582
15.14,11579
15.15,11578
15.16,11576
15.17,11566
15.18,11562
15.19,11561
15.2,11556
15.21,11554
15.75,11552
15.76,11546
15.78,11542
15.79,11541
15.8,11539
15.81,11533
15.82,11531
15.83,11528
15.84,11523
15.85,11519
15.86,11518
15.88,11514
15.89,11512
15.91,11508
15.92,11507
15.93,11500
15.94,11499
15.95,11495
15.96,11489
15.97,11486
15.98,11482
15.99,11481
16.0,11477
16.01,11476
16.02,11474
16.03,11471
16.04,11465
16.05,11459
16.06,11458
16.07,11455
16.08,11453
16.09,11452
16.1,11449
16.11,11447
16.12,11441
16.13,11438
16.14,11436
16.15,11433
16.16,11426
16.17,11424
16.18,11423
16.19,11421
16.21,11417
16.22,11412
16.23,11409
16.24,11406
16.25,11404
16.26,11399
16.28,11394
16.29,11393
16.3,11386
16.31,11384
16.32,11383
16.33,11380
16.36,11372
16.37,11369
16.38,11362
16.39,11361
16.4,11357
16.41,11354
16.42,11352
16.43,11349
16.44,11347
16.45,11345
16.46,11341
16.47,11338
16.48,11337
16.49,11335
16.51,11332
16.52,11328
16.53,11325
16.55,11321
16.56,11318
16.57,11317
17.04,11315
17.05,11312
17.06,11309
17.07,11308
17.08,11307
17.1,11305
17.13,11301
17.14,11298
17.16,11295
17.17,11293
17.19,11290
17.2,11287
17.22,11286
17.25,11285
17.26,11283
17.27,11280
17.29,11276
17.3,11272
17.33,11270
17.34,11268
17.35,11266
17.36,11262
17.37,11260
17.38,11257
17.39,11256
17.4,11252
17.41,11249
17.42,11246
17.44,11243
17.45,11241
17.47,11238
17.48,11235
17.49,11233
17.5,11232
17.51,11228
17.52,11226
17.53,11224
17.54,11223
17.55,11220
17.56,11214
17.57,11210
17.59,11207
17.6,11203
17.61,11197
17.62,11194
17.63,11190
17.64,11188
17.65,11187
17.67,11183
17.68,11182
17.7,11177
17.71,11176
17.72,11175
17.74,11173
17.75,11171
17.76,11168
17.77,11165
17.78,11161
17.79,11160
17.8,11157
17.81,11155
17.82,11151
17.83,11149
17.84,11144
17.85,11139
17.86,11135
17.87,11133
17.89,11130
17.9,11127
17.91,11126
17.92,11125
17.94,11122
17.95,11120
17.96,11117
17.97,11115
17.98,11113
17.99,11110
18.01,11109
18.02,11107
18.03,11105
18.05,11101
18.06,11099
18.08,11095
18.11,11092
18.12,11091
18.13,11086
18.14,11085
18.15,11084
18.66,11083
18.67,11082
18.68,11081
18.69,11076
18.7,11072
18.71,11068
18.72,11067
18.74,11064
18.75,11063
18.76,11059
19.05,11058
19.28,11057
19.29,11054
19.31,11053
19.32,11050
19.33,11047
19.35,11046
19.36,11045
19.37,11044
19.38,11043
19.39,11041
19.4,11038
19.41,11033
19.43,11031
19.44,11029
19.45,11027
19.46,11022
19.47,11019
19.48,11018
19.49,11016
19.5,11010
19.51,11008
19.52,11006
19.53,11001
19.76,10999
19.78,10997
19.79,10996
19.8,10995
19.81,10994
19.82,10993
19.83,10990
19.84,10988
19.88,10985
19.89,10982
19.9,10979
19.91,10978
19.92,10975
19.93,10972
19.95,10969
19.97,10964
19.98,10962
19.99,10960
20.0,10954
20.01,10950
20.02,10949
20.03,10947
20.04,10940
20.05,10937
20.06,10936
20.07,10930
20.08,10929
20.09,10926
20.12,10923
20.13,10920
20.14,10919
20.15,10915
20.16,10913
20.18,10909
20.19,10907
20.2,10905
20.21,10900
20.22,10898
20.24,10897
20.25,10896
20.26,10895
20.28,10893
20.29,10889
20.3,10887
20.31,10882
20.32,10880
20.33,10877
20.35,10876
20.36,10873
20.37,10867
20.39,10862
20.4,10860
20.41,10859
20.42,10857
20.43,10852
20.44,10850
20.45,10847
20.46,10844
20.47,10842
20.48,10840
20.49,10838
20.5,10834
20.51,10830
20.52,10828
20.53,10827
20.54,10824
20.55,10821
20.56,10814
20.57,10811
20.58,10809
20.59,10807
20.62,10805
20.63,10803
20.64,10797
20.66,10796
20.68,10794
20.69,10792
20.7,10790
20.71,10789
20.72,10788
20.73,10786
20.74,10781
20.76,10777
20.77,10773
20.78,10769
20.79,10767
20.83,10766
20.84,10764
20.85,10763
20.88,10760
20.89,10757
20.9,10756
20.91,10754
20.92,10751
20.93,10748
20.94,10739
20.95,10735
20.96,10731
20.97,10730
20.98,10729
20.99,10726
21.0,10725
21.02,10722
21.03,10720
21.04,10715
21.05,10713
21.06,10711
21.07,10709
21.08,10706
21.67,10704
21.68,10701
21.69,10700
21.7,10696
21.71,10690
21.72,10688
21.73,10685
21.74,10683
21.77,10682
21.78,10681
21.79,10678
21.81,10675
21.82,10673
21.84,10672
21.87,10667
21.88,10663
21.9,10662
21.92,10660
21.93,10658
21.94,10656
21.98,10654
21.99,10653
22.0,10651
22.03,10650
22.04,10648
22.05,10646
22.06,10643
22.07,10640
22.08,10639
22.1,10638
22.11,10634
22.12,10630
22.13,10629
22.14,10624
22.16,10621
22.17,10620
22.18,10618
22.19,10616
22.2,10614
22.21,10611
22.23,10609
22.24,10606
22.27,10605
22.29,10604
22.3,10600
22.31,10598
22.32,10595
22.33,10590
22.34,10588
22.35,10586
22.36,10582
22.37,10578
22.38,10574
22.39,10573
22.41,10571
23.04,10569
23.05,10567
23.06,10565
23.07,10562
23.08,10560
23.09,10557
23.12,10556
23.13,10554
23.66,10553
23.67,10552
23.7,10551
23.71,10549
23.72,10547
23.74,10545
23.75,10540
23.77,10539
23.78,10538
23.79,10536
23.8,10534
23.82,10533
23.85,10531
23.86,10530
23.87,10529
23.88,10528
23.93,10524
23.94,10521
23.95,10518
23.96,10515
23.97,10514
23.98,10513
23.99,10512
24.0,10506
24.04,10505
24.05,10501
24.08,10500
24.09,10499
24.1,10498
24.11,10497
24.12,10492
24.13,10491
24.14,10487
24.15,10484
24.16,10483
24.17,10482
24.18,10481
24.19,10480
24.2,10478
24.21,10475
24.22,10471
24.25,10470
24.32,10468
24.33,10467
24.34,10462
24.35,10460
24.38,10457
24.39,10453
24.4,10448
24.41,10445
24.43,10443
24.44,10440
24.45,10437
24.46,10434
24.47,10431
24.49,10430
24.5,10427
24.51,10426
24.52,10425
24.54,10424
24.55,10421
24.56,10416
24.57,10409
24.58,10408
24.6,10406
24.61,10405
24.63,10403
24.64,10401
24.65,10399
24.66,10395
24.68,10391
24.69,10387
24.7,10386
24.71,10380
24.72,10376
24.73,10373
24.74,10372
24.75,10370
24.76,10367
24.77,10362
24.78,10356
24.8,10352
24.81,10349
24.82,10345
24.83,10340
24.85,10338
24.86,10337
24.87,10334
24.91,10333
24.92,10331
24.93,10330
24.94,10328
24.98,10326
24.99,10325
25.0,10323
25.01,10317
25.02,10316
25.03,10314
25.05,10313
25.06,10310
25.07,10308
25.08,10306
25.09,10304
25.1,10301
25.11,10300
25.12,10297
25.13,10292
25.14,10289
25.15,10288
25.45,10286
25.47,10285
25.48,10283
25.49,10280
25.51,10276
25.54,10273
25.55,10271
25.56,10267
25.57,10264
25.59,10261
25.6,10260
25.61,10259
25.62,10255
25.63,10254
25.66,10252
25.68,10248
25.7,10247
25.71,10244
25.72,10242
25.73,10240
25.74,10236
25.75,10233
25.76,10228
25.77,10226
25.78,10222
25.79,10218
25.82,10214
25.83,10212
25.84,10210
25.85,10209
25.87,10207
25.89,10203
25.92,10202
25.93,10200
25.94,10199
25.95,10196
25.96,10195
25.97,10191
25.99,10190
26.0,10188
26.01,10184
26.02,10182
26.03,10181
26.04,10177
26.06,10176
26.07,10172
26.08,10167
26.09,10166
26.1,10164
26.11,10162
26.13,10159
26.14,10158
26.15,10157
26.16,10156
26.17,10155
26.2,10153
26.21,10152
26.22,10151
26.23,10148
26.24,10147
26.25,10146
26.26,10141
26.27,10139
26.28,10134
26.29,10133
26.3,10132
26.33,10129
26.34,10126
26.35,10123
26.36,10122
26.37,10121
26.38,10120
26.39,10116
26.4,10114
26.41,10111
26.42,10110
26.43,10108
26.47,10107
26.48,10105
26.49,10102
26.5,10100
26.52,10097
26.53,10095
26.54,10091
26.55,10088
26.56,10085
26.57,10081
26.58,10079
26.59,10077
26.6,10075
26.61,10074
26.65,10071
26.68,10069
26.69,10067
26.7,10066
26.71,10061
26.72,10059
26.73,10058
26.74,10053
26.76,10049
26.77,10045
26.78,10042
26.79,10038
26.82,10036
26.84,10033
26.85,10032
26.86,10031
26.87,10030
26.88,10027
26.89,10023
27.58,10021
27.59,10020
27.6,10018
27.61,10015
27.62,10013
27.65,10012
27.66,10010
27.69,10007
27.71,10006
27.72,10004
27.74,10003
27.75,10002
27.76,9999
27.77,9998
27.79,9997
27.81,9994
27.84,9990
27.86,9989
27.87,9987
27.89,9986
27.9,9984
27.92,9981
27.93,9977
27.94,9975
28.01,9974
28.02,9973
28.04,9971
28.05,9968
28.64,9967
28.65,9965
28.66,9964
28.69,9963
28.72,9961
28.76,9958
28.77,9956
28.78,9954
28.79,9953
28.81,9952
28.82,9950
28.83,9947
28.84,9944
28.85,9940
28.87,9939
28.9,9937
28.91,9934
28.92,9931
28.93,9930
28.94,9929
28.95,9925
28.97,9924
28.98,9923
28.99,9919
29.0,9917
29.01,9914
29.02,9911
29.03,9905
29.04,9903
29.05,9900
29.06,9896
29.08,9895
29.09,9893
29.11,9888
29.12,9886
29.13,9880
29.14,9877
29.18,9873
29.2,9870
29.21,9868
29.23,9866
29.24,9865
29.72,9863
29.73,9861
29.74,9860
29.75,9857
29.76,9854
29.77,9852
29.78,9851
29.79,9848
29.8,9844
29.81,9842
29.82,9839
29.83,9837
29.84,9833
29.85,9830
29.87,9826
29.88,9824
29.9,9822
29.91,9821
29.92,9820
29.93,9819
29.94,9818
29.97,9813
29.98,9812
30.02,9811
30.03,9804
30.06,9803
30.07,9801
30.08,9799
30.09,9798
30.1,9793
30.11,9787
30.12,9785
30.13,9779
30.14,9778
30.16,9776
30.17,9775
30.18,9772
30.19,9766
30.21,9762
30.22,9760
30.23,9759
30.24,9753
30.25,9752
30.26,9751
30.27,9749
30.28,9747
30.31,9746
30.63,9745
30.64,9741
30.67,9738
30.69,9737
30.7,9734
30.71,9732
30.73,9730
30.75,9726
30.76,9725
30.77,9721
30.78,9720
30.81,9718
30.82,9714
30.83,9713
30.84,9711
30.85,9710
30.86,9707
30.91,9706
30.93,9704
30.94,9699
30.95,9698
30.97,9695
30.98,9694
30.99,9691
31.0,9687
31.01,9686
31.03,9684
31.05,9682
31.06,9681
31.07,9680
31.08,9677
31.09,9675
31.1,9673
31.16,9672
31.17,9671
31.18,9669
31.19,9667
31.24,9666
31.25,9662
31.26,9661
31.28,9659
31.3,9658
31.31,9656
31.34,9653
31.36,9652
31.95,9650
31.96,9646
31.97,9644
31.98,9638
31.99,9636
32.0,9635
32.01,9631
32.02,9629
32.05,9627
32.06,9625
32.09,9622
32.1,9617
32.11,9616
32.12,9613
32.13,9612
32.14,9610
32.17,9608
32.18,9604
32.19,9602
32.2,9600
32.22,9597
32.23,9595
32.24,9594
32.25,9591
32.27,9590
32.3,9587
32.33,9586
32.34,9585
32.35,9581
32.37,9580
32.38,9579
32.39,9577
32.4,9573
32.42,9568
32.44,9565
32.46,9564
32.47,9561
32.49,9559
32.5,9558
32.51,9557
32.52,9555
32.53,9553
32.54,9551
32.55,9548
32.58,9547
32.59,9545
32.6,9541
32.61,9537
32.62,9535
32.63,9534
32.64,9533
32.65,9530
32.9,9527
32.93,9525
32.95,9522
32.96,9521
33.66,9519
33.67,9516
33.69,9514
33.71,9510
33.72,9508
33.73,9506
33.74,9503
33.75,9498
33.76,9497
33.78,9496
33.79,9494
33.81,9493
33.82,9491
33.84,9489
33.85,9486
33.86,9484
33.88,9481
33.89,9480
33.9,9478
33.91,9476
33.92,9475
33.94,9474
33.95,9473
33.96,9471
33.98,9467
34.0,9465
34.01,9463
34.04,9462
34.05,9461
34.06,9460
34.1,9457
34.13,9455
34.14,9454
34.16,9452
34.18,9450
34.19,9448
34.2,9447
34.21,9445
34.22,9442
34.23,9436
34.24,9435
34.25,9432
34.26,9430
34.27,9426
34.28,9423
34.31,9422
34.34,9419
34.35,9414
34.38,9411
34.39,9409
34.4,9408
34.42,9407
34.43,9402
34.47,9400
34.49,9398
34.52,9395
34.53,9392
34.55,9389
34.56,9386
34.57,9384
34.6,9383
34.61,9382
34.62,9380
34.68,9379
34.69,9378
35.24,9376
35.25,9375
35.26,9373
35.28,9372
35.3,9370
35.32,9367
35.33,9365
35.35,9364
35.36,9361
35.37,9360
35.4,9357
35.41,9354
35.43,9352
35.44,9350
35.45,9349
35.46,9347
35.48,9342
35.49,9339
35.5,9335
35.51,9332
35.52,9328
35.53,9323
35.54,9322
35.55,9320
35.56,9319
35.57,9318
36.02,9317
36.03,9316
36.04,9312
36.05,9310
36.06,9307
36.09,9304
36.1,9302
36.12,9298
36.13,9297
36.14,9296
36.15,9291
36.16,9289
36.17,9284
36.18,9283
36.19,9281
36.2,9278
36.21,9277
36.48,9271
36.49,9269
36.5,9268
36.51,9266
36.52,9265
36.53,9264
36.55,9263
36.56,9259
36.57,9258
36.58,9255
36.59,9253
36.6,9252
36.61,9249
36.62,9247
36.66,9244
36.67,9242
36.68,9240
36.7,9239
36.71,9236
36.73,9233
37.33,9231
37.34,9229
37.36,9227
37.4,9226
37.41,9225
37.42,9224
37.43,9220
37.44,9218
37.45,9216
37.46,9215
37.47,9214
37.48,9213
37.49,9210
37.5,9208
37.57,9205
37.59,9202
37.6,9200
37.61,9199
37.62,9197
37.64,9194
37.65,9191
37.66,9189
37.68,9187
37.7,9184
37.71,9181
37.72,9177
37.73,9172
37.74,9171
37.75,9167
37.76,9166
37.79,9165
37.82,9163
37.83,9157
37.85,9156
37.86,9154
37.87,9152
37.89,9151
38.37,9150
38.38,9148
38.39,9146
38.42,9141
38.43,9139
38.95,9138
38.96,9135
38.97,9132
38.98,9127
38.99,9125
39.0,9124
39.01,9123
39.03,9122
39.07,9121
39.08,9120
39.09,9118
39.67,9117
39.68,9116
39.69,9112
39.7,9109
39.71,9108
39.72,9103
39.73,9101
39.74,9096
39.75,9094
39.76,9093
39.78,9091
39.79,9089
39.8,9087
39.81,9084
39.85,9083
39.86,9079
39.87,9078
39.88,9075
39.89,9073
39.9,9072
39.91,9071
39.92,9068
39.93,9067
39.94,9066
39.97,9061
39.99,9059
40.01,9057
40.02,9055
40.03,9052
40.04,9051
40.06,9049
40.07,9047
40.56,9046
40.57,9043
40.58,9042
40.6,9040
40.62,9037
40.65,9034
40.66,9031
40.67,9030
40.69,9028
40.7,9025
40.71,9022
40.73,9021
40.74,9019
40.75,9018
40.76,9017
40.77,9014
40.78,9009
40.79,9005
40.8,9004
40.81,9002
40.83,9001
40.85,8998
40.87,8997
40.88,8995
41.41,8992
41.42,8989
41.43,8987
41.45,8986
41.46,8981
41.47,8980
41.48,8979
41.49,8978
41.51,8977
41.52,8975
41.53,8973
41.55,8972
41.56,8970
41.57,8967
41.6,8963
41.62,8961
41.63,8959
41.64,8955
41.66,8953
41.67,8951
41.7,8948
41.71,8945
41.77,8944
42.37,8943
42.38,8942
42.39,8940
42.4,8939
42.41,8938
42.44,8936
42.45,8935
42.46,8933
42.47,8930
42.49,8928
42.5,8926
42.51,8924
42.52,8918
42.54,8917
42.55,8915
42.57,8914
42.63,8913
42.65,8912
42.68,8911
42.7,8908
42.71,8907
42.78,8905
42.79,8904
42.8,8902
42.81,8901
42.82,8897
42.83,8895
43.36,8894
43.37,8892
43.38,8889
43.39,8888
43.42,8886
43.43,8884
43.45,8883
43.47,8881
43.48,8877
43.49,8876
43.51,8874
43.52,8872
43.54,8868
43.55,8866
43.59,8862
43.61,8859
43.62,8856
43.63,8854
43.64,8850
43.67,8847
43.68,8842
43.69,8840
43.7,8838
43.71,8835
43.72,8834
43.75,8832
43.77,8828
43.78,8827
43.79,8826
43.8,8824
43.81,8819
44.38,8818
44.42,8817
44.43,8814
44.44,8812
44.45,8808
44.46,8807
44.47,8806
44.48,8804
44.98,8803
45.0,8802
45.01,8801
45.02,8800
45.03,8797
45.04,8796
45.57,8795
45.59,8793
45.61,8790
45.62,8788
45.63,8785
45.64,8782
45.65,8781
45.67,8780
45.68,8777
45.69,8775
45.7,8774
45.71,8773
45.72,8771
45.73,8767
45.79,8766
45.8,8765
45.83,8763
45.84,8761
45.86,8760
45.87,8758
45.88,8757
45.89,8755
45.9,8753
45.91,8750
45.92,8749
45.93,8748
45.94,8743
45.96,8741
45.97,8740
45.98,8738
46.01,8736
46.02,8734
46.03,8733
46.06,8731
46.07,8729
46.13,8728
46.14,8727
46.17,8725
46.18,8724
46.19,8722
46.21,8720
46.23,8719
46.26,8718
46.28,8716
46.29,8715
46.3,8711
46.31,8708
46.35,8704
46.36,8701
46.91,8700
46.93,8697
46.94,8695
46.96,8694
46.99,8693
47.0,8692
47.02,8690
47.05,8688
47.06,8687
47.11,8684
47.12,8682
47.13,8679
47.15,8678
47.19,8677
47.2,8676
47.22,8675
47.24,8673
47.27,8672
47.28,8671
47.29,8670
47.3,8669
47.32,8667
47.33,8666
47.34,8665
47.38,8664
47.39,8661
47.4,8660
47.42,8657
47.43,8656
47.44,8654
47.45,8650
47.49,8649
47.51,8646
47.52,8643
47.53,8641
47.56,8639
47.57,8638
47.6,8636
47.61,8635
47.67,8634
47.7,8631
47.71,8629
47.72,8628
47.73,8626
47.75,8624
47.76,8622
47.78,8621
47.79,8620
47.8,8619
47.81,8616
47.82,8615
47.83,8614
47.84,8613
47.87,8608
47.9,8607
47.91,8605
47.93,8604
47.94,8603
47.95,8600
47.96,8599
47.98,8597
48.01,8595
48.02,8594
48.03,8593
48.06,8592
48.07,8589
48.12,8587
48.13,8584
48.14,8582
48.15,8581
48.16,8578
48.19,8577
48.2,8576
48.21,8574
48.23,8572
48.25,8570
48.26,8568
48.27,8566
48.28,8564
48.29,8562
48.3,8560
48.31,8558
48.32,8556
48.33,8552
48.35,8549
48.37,8547
48.38,8545
48.43,8543
48.45,8541
48.46,8537
48.47,8535
48.5,8534
48.52,8533
48.54,8532
48.55,8531
48.56,8530
48.58,8529
48.6,8528
48.63,8526
48.66,8524
48.68,8522
48.69,8520
48.7,8519
48.71,8518
49.3,8517
49.31,8515
49.32,8513
49.34,8511
49.37,8507
49.38,8505
49.43,8504
49.45,8503
49.46,8502
49.47,8498
49.49,8497
49.5,8495
49.51,8491
49.53,8486
49.55,8483
49.58,8482
49.6,8481
49.63,8477
49.64,8476
49.68,8474
49.69,8472
49.7,8471
49.72,8470
49.73,8468
49.74,8467
49.75,8466
49.77,8463
49.78,8462
49.79,8461
49.8,8459
49.83,8458
49.84,8456
49.85,8454
49.86,8453
49.87,8452
49.88,8451
49.89,8447
49.95,8445
49.96,8444
49.97,8438
49.98,8435
50.0,8434
50.02,8433
50.03,8432
50.04,8430
50.07,8428
50.1,8426
50.11,8425
50.13,8424
50.16,8423
50.18,8422
50.23,8421
50.28,8420
50.3,8419
50.94,8418
50.95,8414
50.96,8410
51.3,8407
51.31,8406
51.34,8405
51.37,8403
51.38,8401
51.39,8400
51.42,8398
51.43,8396
51.44,8394
51.45,8393
51.47,8390
51.49,8389
51.5,8388
51.51,8381
51.53,8380
51.57,8377
51.58,8374
51.63,8373
51.67,8370
51.68,8369
51.69,8366
51.7,8365
51.73,8363
51.74,8361
51.75,8360
51.78,8357
51.79,8356
51.8,8355
51.81,8354
51.83,8352
51.85,8347
51.86,8346
51.87,8342
51.89,8340
51.9,8339
51.91,8336
51.93,8334
51.94,8333
51.96,8332
51.97,8327
51.98,8323
51.99,8320
52.0,8317
52.02,8316
52.04,8314
52.06,8313
52.07,8311
52.1,8310
52.12,8308
52.13,8307
52.15,8306
52.16,8303
52.17,8301
52.18,8300
52.2,8299
52.22,8298
52.23,8295
52.26,8291
52.27,8288
52.28,8286
52.29,8285
52.32,8284
52.35,8283
52.42,8282
52.43,8281
52.45,8280
52.47,8278
52.48,8275
52.49,8273
52.5,8272
52.51,8269
52.54,8267
52.55,8266
52.57,8265
52.6,8262
52.64,8260
52.7,8258
52.71,8255
52.72,8253
52.73,8252
52.77,8251
52.78,8250
52.8,8248
52.82,8245
52.83,8243
52.84,8242
52.85,8238
52.86,8236
52.88,8235
52.93,8232
52.95,8231
52.96,8228
52.99,8225
53.0,8223
53.01,8219
53.02,8217
53.03,8216
53.04,8215
53.06,8214
53.08,8213
53.09,8211
53.1,8210
53.11,8209
53.12,8208
53.13,8207
53.15,8204
53.2,8202
53.22,8200
53.23,8198
53.27,8196
53.28,8195
53.3,8194
53.31,8192
53.33,8190
53.34,8189
53.35,8187
53.36,8186
53.37,8185
53.42,8184
53.45,8183
53.46,8182
53.47,8180
53.48,8177
53.49,8176
53.5,8175
53.54,8173
53.55,8172
53.59,8171
53.6,8169
53.62,8165
53.65,8164
53.66,8163
53.7,8161
53.71,8160
53.72,8159
53.73,8157
53.74,8155
53.77,8153
53.78,8152
53.8,8151
53.81,8150
53.83,8149
53.84,8147
53.88,8144
53.91,8143
53.92,8142
53.93,8140
53.98,8137
53.99,8135
54.03,8134
54.04,8132
54.05,8131
54.08,8130
54.11,8128
54.14,8127
54.15,8126
54.18,8125
54.24,8123
54.27,8122
54.28,8119
54.29,8117
54.32,8116
54.34,8114
54.37,8113
54.38,8112
54.43,8111
54.45,8110
54.46,8107
54.47,8104
54.5,8103
54.52,8102
54.53,8101
54.54,8099
54.55,8097
54.57,8096
54.58,8094
54.59,8093
54.6,8092
54.61,8091
54.62,8089
54.63,8086
54.66,8085
54.67,8084
54.71,8083
54.72,8082
54.74,8081
54.78,8078
54.8,8076
54.82,8075
54.83,8074
54.84,8073
54.85,8072
54.86,8071
54.89,8070
54.9,8068
54.92,8063
54.93,8062
54.94,8059
54.95,8057
54.97,8053
54.99,8052
55.0,8050
55.01,8049
55.65,8047
55.66,8045
55.69,8044
55.76,8043
55.77,8041
55.78,8039
55.8,8037
55.81,8035
55.83,8034
55.84,8033
55.85,8032
55.86,8029
55.87,8025
55.88,8024
55.89,8023
55.9,8022
55.91,8019
55.92,8016
55.93,8015
55.94,8014
55.95,8012
55.98,8011
56.57,8010
56.6,8008
56.62,8006
56.64,8004
56.65,8002
56.68,8001
56.7,7999
56.71,7998
56.74,7996
56.77,7995
56.78,7993
56.79,7992
56.81,7990
56.84,7985
56.85,7984
56.89,7983
56.9,7982
57.2,7980
57.21,7979
57.22,7977
57.23,7974
57.8,7973
57.81,7970
57.85,7969
57.89,7967
57.9,7966
57.91,7965
57.93,7964
57.94,7962
57.95,7961
57.96,7960
57.97,7957
58.0,7956
58.06,7955
58.07,7954
58.09,7952
58.1,7951
58.11,7950
58.12,7949
58.13,7947
58.14,7945
58.15,7944
58.16,7943
58.19,7942
58.21,7940
58.26,7938
58.27,7937
58.29,7935
58.31,7934
58.35,7933
58.36,7930
58.38,7929
58.41,7928
58.44,7927
58.47,7926
58.49,7925
58.52,7923
58.53,7922
58.56,7921
58.58,7919
58.59,7916
58.6,7915
58.64,7914
58.66,7913
58.68,7912
58.71,7911
58.72,7909
58.73,7905
58.74,7904
59.29,7903
59.3,7902
59.32,7901
59.33,7898
59.34,7894
59.35,7891
59.36,7887
59.37,7884
59.38,7881
59.42,7879
59.43,7878
59.44,7875
59.45,7874
59.5,7873
59.51,7872
59.52,7870
59.56,7866
59.85,7863
59.86,7862
59.87,7860
59.89,7859
59.9,7856
59.91,7853
59.92,7849
60.45,7847
60.46,7846
60.47,7845
60.5,7843
60.54,7842
60.56,7840
60.57,7838
60.59,7837
60.6,7836
60.62,7835
60.63,7834
60.64,7832
60.66,7831
60.68,7830
60.69,7828
60.7,7825
60.71,7823
60.73,7820
60.74,7817
60.78,7816
60.79,7815
60.81,7814
60.84,7811
60.85,7810
60.86,7809
60.87,7806
60.9,7804
60.91,7797
60.92,7796
60.93,7794
60.94,7792
60.96,7790
60.97,7789
60.98,7788
61.02,7787
61.03,7786
61.04,7784
61.06,7780
61.07,7779
61.13,7778
61.17,7776
61.18,7772
61.19,7771
61.43,7770
62.07,7768
62.08,7767
62.11,7766
62.13,7763
62.14,7762
62.16,7761
62.18,7758
62.24,7756
62.25,7755
62.26,7754
62.27,7753
62.28,7752
62.32,7750
62.33,7747
62.35,7744
62.36,7741
62.37,7740
62.41,7739
62.42,7738
62.43,7737
62.44,7734
62.47,7733
62.48,7731
62.5,7730
62.51,7728
62.52,7727
62.54,7726
62.55,7725
62.57,7724
62.58,7722
62.59,7720
62.6,7716
62.61,7715
62.62,7714
63.23,7713
63.25,7712
63.26,7709
63.29,7708
63.31,7706
63.32,7702
63.33,7700
63.36,7698
63.38,7696
63.39,7695
63.4,7694
63.41,7693
63.43,7692
63.45,7690
63.46,7685
63.48,7683
63.54,7680
63.55,7678
63.56,7676
63.57,7675
63.58,7673
63.59,7672
63.63,7671
63.65,7668
63.66,7667
63.69,7665
63.71,7664
63.77,7662
63.78,7661
63.8,7660
63.81,7659
63.82,7658
63.85,7657
63.87,7655
63.88,7654
63.89,7653
63.9,7652
63.96,7650
63.97,7649
63.98,7648
63.99,7647
64.0,7645
64.01,7644
64.27,7643
64.3,7638
64.31,7636
64.35,7635
64.38,7633
64.39,7630
64.44,7628
64.45,7626
64.46,7624
64.47,7623
64.48,7618
64.51,7617
64.53,7616
64.57,7615
64.58,7614
64.59,7613
64.62,7612
64.63,7611
64.64,7610
64.65,7606
64.66,7603
64.68,7602
64.69,7601
64.72,7599
64.75,7596
64.76,7593
64.77,7592
64.78,7591
64.81,7588
64.82,7586
64.83,7585
64.85,7580
64.86,7576
64.9,7575
64.92,7574
64.93,7572
64.94,7568
64.95,7567
64.97,7566
65.04,7564
65.06,7561
65.07,7559
65.11,7557
65.12,7555
65.13,7554
65.14,7551
65.17,7550
65.19,7548
65.21,7547
65.24,7545
65.28,7542
65.3,7541
65.31,7540
65.32,7539
65.34,7538
65.98,7537
65.99,7535
66.0,7531
66.01,7530
66.02,7528
66.03,7527
66.04,7524
66.05,7523
66.06,7521
66.08,7520
66.1,7518
66.11,7517
66.12,7516
66.13,7515
66.15,7514
66.16,7512
66.18,7511
66.19,7510
66.2,7509
66.22,7507
66.24,7506
66.25,7504
66.27,7503
66.53,7502
66.54,7501
66.55,7499
66.56,7496
66.59,7495
66.6,7491
66.62,7490
66.63,7486
66.64,7482
66.69,7480
66.74,7479
66.76,7478
66.79,7477
66.81,7475
66.82,7472
66.84,7469
66.85,7467
66.86,7466
66.89,7465
66.93,7462
66.94,7461
67.2,7459
67.23,7458
67.24,7457
67.25,7455
67.28,7454
67.3,7453
67.31,7452
67.84,7451
67.86,7447
67.88,7445
67.9,7444
67.91,7443
67.92,7438
67.96,7435
67.97,7434
67.99,7431
68.01,7430
68.02,7429
68.06,7427
68.07,7426
68.12,7424
68.14,7423
68.15,7421
68.17,7417
68.69,7415
68.7,7414
68.71,7412
68.73,7410
68.74,7409
68.77,7406
68.78,7403
68.83,7401
68.86,7399
68.88,7397
68.9,7395
68.91,7394
68.93,7392
68.99,7391
69.52,7390
69.55,7387
69.57,7384
70.19,7383
70.21,7381
70.69,7380
70.75,7379
70.76,7378
70.78,7377
70.8,7375
70.81,7374
70.82,7371
71.39,7370
71.4,7369
71.43,7365
71.45,7364
71.46,7362
71.48,7361
71.49,7357
71.5,7356
71.52,7353
71.53,7352
71.56,7351
71.58,7349
71.59,7347
71.6,7344
71.61,7340
71.62,7338
71.64,7336
71.65,7333
71.67,7331
71.69,7330
71.7,7329
71.71,7327
71.73,7325
71.74,7323
71.77,7322
71.8,7320
71.81,7316
71.84,7314
71.85,7313
71.86,7312
71.87,7311
71.88,7309
71.9,7308
71.91,7304
71.92,7303
71.93,7302
72.46,7301
72.51,7300
72.54,7299
72.55,7298
72.56,7297
72.57,7296
72.6,7295
72.61,7293
72.85,7292
72.88,7291
72.89,7290
72.9,7288
72.91,7287
72.93,7284
72.94,7283
72.95,7281
72.97,7280
72.98,7278
72.99,7277
73.54,7276
73.56,7274
73.57,7272
73.61,7271
74.23,7268
74.24,7267
74.25,7266
74.26,7265
74.27,7264
74.28,7263
74.32,7261
74.33,7260
74.35,7258
74.4,7257
74.41,7255
74.42,7254
74.44,7253
74.45,7252
74.47,7251
74.48,7248
74.52,7247
74.55,7246
74.57,7245
74.59,7243
74.61,7242
74.64,7241
74.65,7240
74.69,7236
74.99,7235
75.04,7234
75.05,7233
75.06,7231
75.07,7230
75.08,7229
75.1,7228
75.17,7227
75.19,7226
75.2,7225
75.21,7224
75.22,7223
75.23,7221
75.24,7219
75.26,7218
75.27,7216
75.28,7213
75.29,7211
75.31,7210
75.33,7208
75.34,7207
75.36,7206
75.39,7203
75.4,7202
75.41,7201
75.42,7199
75.43,7198
75.44,7196
75.47,7195
75.48,7194
75.5,7193
75.51,7190
75.52,7189
75.53,7186
75.55,7185
76.31,7184
76.32,7182
76.34,7181
76.4,7179
76.43,7178
76.44,7177
76.49,7175
76.5,7172
76.52,7171
77.08,7169
77.09,7167
77.1,7165
77.11,7162
77.12,7160
77.13,7158
77.16,7157
77.18,7156
77.19,7155
77.2,7152
77.23,7151
77.3,7150
77.32,7148
77.35,7147
77.36,7145
77.38,7144
77.39,7143
77.45,7141
77.49,7136
77.5,7135
77.51,7134
77.53,7133
77.55,7132
77.57,7130
77.59,7129
77.6,7128
77.61,7126
77.62,7124
77.63,7123
77.64,7119
77.65,7118
77.66,7117
77.7,7116
77.72,7115
77.75,7113
77.76,7111
77.78,7108
77.8,7107
78.04,7106
78.07,7104
78.08,7101
78.09,7100
78.12,7099
78.14,7098
78.16,7097
78.17,7096
78.18,7093
78.19,7091
78.2,7090
78.21,7087
78.23,7085
78.24,7084
78.26,7083
78.27,7082
78.32,7079
78.33,7076
78.36,7075
78.37,7073
78.38,7071
78.4,7070
78.41,7069
78.42,7065
78.43,7064
78.44,7062
78.48,7061
78.49,7060
78.51,7059
78.52,7057
78.54,7056
78.55,7055
78.56,7054
78.57,7053
78.59,7049
78.62,7047
78.69,7046
78.72,7045
78.73,7043
78.76,7042
78.77,7040
78.78,7039
78.8,7038
78.82,7036
78.83,7032
78.87,7031
78.88,7030
78.89,7029
78.96,7025
78.97,7023
78.98,7022
79.01,7021
79.02,7018
79.03,7017
79.05,7014
79.08,7012
79.09,7011
79.11,7007
79.14,7005
79.38,7003
79.39,7000
79.44,6997
79.45,6994
79.46,6992
79.47,6991
79.51,6989
79.52,6988
79.56,6987
79.58,6985
79.59,6983
79.61,6982
79.62,6981
79.63,6980
79.66,6979
79.67,6978
79.69,6976
79.7,6973
79.71,6971
79.73,6968
79.76,6967
79.77,6966
79.79,6960
79.8,6957
79.81,6955
79.84,6954
79.87,6952
79.88,6951
79.9,6950
79.93,6949
79.95,6947
79.98,6946
80.01,6943
80.03,6942
80.07,6940
80.1,6939
80.12,6938
80.13,6937
80.52,6934
80.53,6933
80.55,6932
80.61,6930
80.63,6929
80.64,6928
80.66,6927
80.67,6926
80.7,6925
80.71,6922
80.73,6921
80.79,6920
80.82,6918
80.83,6916
80.85,6914
80.88,6913
80.89,6911
80.92,6905
80.95,6904
80.99,6903
81.02,6902
81.03,6898
81.04,6897
81.06,6896
81.07,6894
81.08,6892
81.09,6891
81.11,6890
81.12,6888
81.17,6887
81.18,6886
81.2,6885
81.23,6884
81.24,6883
81.26,6882
81.28,6881
81.3,6880
81.31,6879
81.33,6878
81.34,6875
81.35,6874
81.37,6872
81.4,6869
81.41,6868
81.42,6867
81.43,6865
81.44,6861
81.45,6859
81.46,6857
81.48,6854
81.52,6852
81.54,6850
81.55,6849
81.57,6847
81.61,6846
81.62,6842
81.67,6841
81.68,6840
81.71,6839
81.73,6837
81.74,6836
81.75,6835
81.76,6834
81.79,6833
81.83,6832
81.84,6831
81.87,6830
82.36,6828
82.44,6827
82.45,6826
82.48,6823
82.49,6822
82.51,6820
82.52,6819
82.56,6817
82.57,6815
82.66,6814
82.68,6813
82.71,6812
82.75,6811
82.76,6810
82.77,6809
82.79,6808
82.8,6806
82.81,6805
82.88,6804
82.89,6801
82.9,6800
82.92,6799
82.94,6797
82.97,6796
82.98,6795
82.99,6794
83.01,6793
83.05,6791
83.06,6790
83.08,6789
83.12,6787
83.13,6786
83.16,6785
83.17,6783
83.22,6782
83.23,6779
83.27,6778
83.28,6777
83.29,6776
83.31,6774
83.32,6773
83.33,6772
83.38,6771
83.86,6770
83.88,6768
83.91,6767
83.94,6766
83.95,6765
83.96,6764
83.99,6762
84.0,6761
84.03,6760
84.05,6757
84.06,6755
84.07,6754
84.13,6751
84.15,6750
84.16,6749
84.18,6748
84.19,6747
84.24,6746
84.31,6745
84.33,6743
84.34,6741
84.35,6740
84.37,6739
84.4,6736
84.44,6735
84.46,6734
84.5,6733
84.51,6732
84.52,6731
84.53,6730
84.56,6729
84.57,6725
84.82,6724
84.83,6723
84.84,6721
84.87,6719
84.88,6718
84.89,6717
84.9,6716
84.91,6714
84.99,6713
85.01,6712
85.03,6711
85.04,6710
85.05,6709
85.06,6707
85.07,6706
85.09,6705
85.12,6704
85.14,6703
85.15,6701
85.16,6698
85.19,6697
85.21,6696
85.22,6695
85.23,6694
85.25,6689
85.27,6688
85.28,6686
85.3,6685
85.33,6683
85.4,6681
85.42,6679
85.43,6677
85.44,6676
85.48,6673
85.49,6672
85.51,6670
85.53,6669
85.56,6666
85.57,6664
85.59,6663
85.61,6661
85.63,6660
85.65,6658
85.69,6657
85.71,6656
85.74,6655
86.22,6654
86.24,6653
86.25,6652
86.27,6651
86.28,6649
86.3,6648
86.31,6644
86.32,6643
86.33,6642
86.35,6641
86.36,6639
86.37,6638
86.92,6636
86.98,6635
86.99,6633
87.09,6632
87.11,6630
87.14,6628
87.21,6627
87.26,6626
87.27,6624
87.28,6623
87.29,6622
87.3,6621
87.31,6619
88.02,6618
88.04,6617
88.06,6616
88.07,6612
88.12,6610
88.14,6609
88.15,6608
88.18,6607
88.21,6606
88.22,6604
88.24,6603
88.25,6602
88.26,6601
88.67,6598
88.7,6597
88.71,6595
88.75,6592
88.76,6590
88.77,6589
88.84,6588
88.85,6587
88.91,6585
88.92,6584
88.93,6582
88.94,6581
88.97,6580
88.98,6577
89.02,6576
89.05,6572
89.06,6569
89.09,6568
89.1,6567
89.13,6566
89.15,6565
89.16,6563
89.17,6562
89.18,6560
89.2,6559
89.21,6558
89.22,6557
89.24,6553
89.29,6551
89.32,6550
89.34,6548
89.35,6547
89.5,6546
89.51,6545
89.54,6544
89.58,6543
89.59,6539
89.6,6537
89.61,6536
89.63,6535
89.64,6532
89.69,6531
89.7,6530
89.76,6529
89.78,6527
89.8,6525
89.82,6524
89.84,6523
89.86,6522
89.88,6521
89.89,6519
89.95,6514
89.98,6513
90.0,6511
90.01,6510
90.03,6508
90.04,6507
90.05,6506
90.06,6504
90.07,6502
90.08,6501
90.11,6500
90.13,6499
90.14,6498
90.2,6497
90.24,6496
90.25,6495
90.31,6494
90.33,6493
90.36,6492
90.41,6491
90.42,6490
90.47,6489
90.71,6488
90.74,6487
90.76,6485
90.77,6484
90.78,6483
90.79,6482
90.81,6481
90.85,6480
90.9,6479
90.92,6476
91.0,6470
91.01,6469
91.27,6462
91.33,6461
91.36,6460
91.39,6458
91.43,6457
91.56,6456
91.88,6455
91.94,6454
91.96,6452
91.97,6451
92.01,6449
92.05,6447
92.43,6446
92.44,6445
92.45,6443
92.46,6441
92.48,6439
92.49,6437
92.5,6436
92.51,6434
92.76,6432
92.77,6429
92.78,6427
92.8,6426
92.82,6425
92.84,6424
92.86,6423
92.89,6419
93.35,6418
93.36,6417
93.39,6416
93.4,6415
93.41,6414
93.82,6412
93.83,6411
93.84,6410
93.85,6408
93.86,6407
93.87,6406
94.32,6403
94.33,6402
94.38,6400
94.4,6399
94.42,6397
94.43,6396
94.5,6395
94.51,6394
94.55,6392
94.57,6391
94.58,6390
94.6,6389
94.61,6388
94.62,6386
94.64,6384
94.67,6383
94.69,6381
94.7,6379
94.71,6376
94.72,6375
94.74,6374
94.75,6373
94.76,6371
94.8,6370
94.81,6369
94.83,6368
94.85,6366
94.87,6365
94.88,6364
94.89,6363
94.93,6361
94.96,6360
94.98,6359
95.0,6357
95.01,6354
95.05,6353
95.07,6351
95.44,6349
95.45,6348
95.46,6347
95.47,6346
95.48,6342
95.5,6341
95.52,6340
95.54,6339
95.57,6336
95.6,6335
95.63,6334
95.67,6333
95.69,6328
95.7,6325
95.73,6324
95.74,6323
95.76,6321
95.78,6320
96.32,6319
96.33,6317
96.35,6316
96.36,6315
96.37,6314
96.38,6313
96.41,6312
96.42,6311
96.43,6310
96.44,6307
96.45,6306
96.53,6305
96.57,6304
96.6,6303
96.61,6302
96.62,6300
96.63,6299
96.64,6298
96.65,6296
96.67,6293
96.68,6292
96.71,6290
96.72,6289
96.75,6287
96.81,6286
96.82,6285
96.89,6283
96.92,6282
96.94,6280
96.95,6279
97.38,6278
97.41,6276
97.43,6275
97.44,6272
97.45,6270
97.49,6268
97.5,6267
97.51,6262
97.54,6261
97.55,6260
97.56,6257
97.59,6256
97.6,6254
97.62,6253
97.63,6251
97.64,6250
97.66,6249
98.06,6248
98.08,6246
98.09,6243
98.14,6242
98.16,6240
98.2,6239
98.22,6238
98.25,6235
98.26,6234
98.27,6233
98.32,6232
98.33,6231
98.34,6229
98.37,6228
98.38,6226
98.42,6225
98.84,6223
98.85,6222
98.86,6221
98.89,6217
98.92,6216
98.93,6215
98.94,6214
98.96,6212
99.01,6211
99.04,6210
99.05,6208
99.06,6206
99.08,6205
99.09,6204
99.1,6203
99.11,6202
99.12,6200
99.13,6197
99.15,6196
99.16,6194
99.17,6192
99.22,6191
99.27,6190
99.28,6189
99.29,6188
99.3,6187
99.74,6186
99.76,6185
99.77,6182
99.78,6180
99.8,6179
100.02,6178
100.39,6177
100.41,6176
100.44,6175
100.5,6173
100.55,6172
100.56,6170
100.58,6169
100.59,6168
100.6,6166
100.62,6165
100.65,6163
100.69,6162
100.7,6160
100.72,6158
100.76,6156
100.77,6155
100.78,6153
100.79,6150
100.8,6147
100.82,6145
100.84,6144
100.86,6143
100.87,6139
100.9,6138
100.91,6134
100.95,6133
100.96,6131
100.97,6130
100.99,6129
101.01,6128
101.03,6127
101.06,6126
101.08,6125
101.47,6124
101.48,6120
101.5,6118
101.53,6116
101.54,6114
101.55,6112
101.56,6111
101.59,6110
101.61,6109
101.62,6108
101.63,6105
102.07,6103
102.08,6102
102.1,6100
102.15,6099
102.18,6098
102.19,6097
102.21,6096
102.57,6095
102.58,6094
102.64,6091
102.67,6090
102.9,6089
102.93,6087
102.96,6084
102.97,6083
102.99,6082
103.0,6079
103.25,6078
103.26,6077
103.28,6075
103.29,6074
103.49,6072
103.51,6070
103.52,6069
103.53,6068
103.54,6066
103.56,6064
103.57,6062
103.59,6061
103.64,6057
103.67,6056
103.68,6055
103.73,6054
103.74,6052
103.76,6049
103.78,6048
104.19,6047
104.63,6044
104.65,6042
105.15,6041
105.16,6040
105.17,6037
105.19,6033
105.2,6031
105.22,6030
105.23,6027
105.25,6026
105.29,6024
105.31,6023
105.35,6022
105.36,6020
105.37,6019
105.42,6018
105.44,6017
105.47,6015
105.48,6014
105.5,6013
105.54,6012
105.55,6011
105.59,6010
105.6,6009
105.61,6008
105.63,6007
105.66,6004
105.68,6003
105.7,6000
105.72,5998
105.73,5996
105.75,5995
105.77,5994
105.9,5993
105.93,5992
105.99,5991
106.02,5990
106.05,5989
106.06,5987
106.07,5985
106.11,5984
106.12,5982
106.13,5981
106.14,5978
106.16,5975
106.18,5974
106.26,5973
106.32,5972
106.33,5971
106.34,5970
106.4,5969
106.43,5967
106.47,5965
106.48,5964
106.49,5962
106.51,5961
106.57,5960
106.58,5958
107.02,5957
107.04,5955
107.05,5954
107.06,5953
107.07,5952
107.08,5951
107.09,5950
107.1,5949
107.11,5948
107.13,5947
107.16,5946
107.19,5945
107.2,5943
107.21,5942
107.25,5941
107.26,5939
107.27,5938
107.28,5937
107.34,5935
107.36,5934
107.38,5931
107.44,5930
107.45,5929
107.48,5928
107.5,5927
107.54,5926
107.55,5924
107.58,5923
107.6,5919
107.62,5918
107.68,5917
107.69,5915
107.71,5914
107.73,5912
107.74,5911
107.96,5910
107.97,5907
107.98,5906
108.04,5905
108.05,5904
108.06,5902
108.07,5901
108.09,5900
108.11,5899
108.13,5898
108.16,5897
108.17,5896
108.2,5895
108.21,5894
108.22,5893
108.25,5892
108.47,5889
108.51,5888
108.52,5886
108.55,5885
108.58,5884
108.6,5881
108.96,5880
108.97,5879
108.98,5876
108.99,5875
109.0,5872
109.01,5871
109.03,5870
109.04,5869
109.05,5868
109.06,5867
109.46,5865
109.47,5864
109.5,5862
109.53,5861
109.54,5860
109.56,5858
109.57,5857
109.58,5856
109.6,5855
109.61,5854
109.63,5853
109.64,5850
109.69,5849
110.08,5848
110.13,5847
110.19,5845
110.24,5844
110.27,5843
110.28,5840
110.31,5839
110.34,5837
110.37,5836
110.38,5835
110.41,5833
110.46,5831
110.47,5830
110.5,5829
110.55,5828
110.56,5826
110.58,5825
110.59,5823
110.61,5822
110.63,5821
110.64,5820
110.66,5819
111.06,5818
111.44,5817
111.47,5815
111.51,5814
111.53,5813
111.56,5812
111.6,5811
111.61,5810
111.62,5808
111.63,5807
111.65,5806
111.68,5805
111.71,5804
111.91,5803
112.0,5801
112.01,5800
112.05,5799
112.07,5798
112.09,5797
112.11,5796
112.16,5794
112.21,5790
112.22,5788
112.24,5786
112.26,5785
112.27,5784
112.29,5783
112.33,5782
112.34,5781
112.36,5779
112.42,5778
112.43,5777
112.46,5776
112.88,5775
112.94,5774
113.0,5773
113.02,5771
113.06,5769
113.08,5767
113.15,5766
113.22,5765
113.28,5763
113.29,5762
113.3,5761
113.32,5760
113.35,5758
113.36,5757
113.37,5754
113.39,5753
113.41,5752
113.61,5751
113.63,5750
113.66,5749
113.67,5745
113.68,5744
113.69,5743
113.89,5742
113.9,5740
113.92,5739
113.93,5738
114.01,5737
114.03,5736
114.4,5734
114.43,5732
114.44,5731
114.67,5730
114.68,5729
114.71,5726
114.74,5724
114.76,5722
114.78,5719
115.13,5718
115.14,5717
115.16,5715
115.17,5714
115.18,5712
115.21,5711
115.23,5710
115.25,5708
115.27,5707
115.54,5706
115.58,5705
115.62,5703
115.65,5702
115.66,5701
115.67,5700
115.68,5698
115.7,5697
115.71,5696
115.72,5695
115.73,5694
115.75,5693
115.77,5692
115.79,5691
115.8,5690
116.17,5688
116.21,5686
116.25,5685
116.26,5684
116.3,5683
116.33,5682
116.38,5681
116.39,5680
116.4,5679
116.42,5678
116.47,5677
116.5,5676
116.53,5675
116.55,5674
116.57,5673
116.58,5672
116.62,5671
116.65,5670
116.66,5669
116.71,5668
116.72,5667
116.77,5664
116.86,5663
117.23,5662
117.24,5661
117.34,5659
117.39,5658
117.46,5656
117.51,5655
117.56,5654
117.61,5652
117.64,5651
117.65,5649
117.66,5647
117.67,5644
117.73,5643
117.74,5640
117.75,5639
117.76,5638
117.78,5637
117.79,5636
117.99,5634
118.0,5632
118.03,5631
118.06,5630
118.07,5629
118.09,5628
118.1,5626
118.11,5624
118.13,5623
118.31,5621
118.33,5618
118.35,5616
118.58,5615
118.62,5614
118.63,5609
119.05,5608
119.07,5607
119.54,5606
119.58,5605
119.59,5604
119.6,5603
119.64,5599
119.66,5597
119.73,5595
119.74,5594
120.17,5593
120.6,5592
120.62,5591
120.65,5589
120.67,5588
120.71,5586
120.72,5584
120.73,5582
120.74,5581
120.75,5580
120.79,5579
120.8,5578
120.87,5576
120.9,5574
120.91,5573
120.99,5572
121.05,5571
121.06,5570
121.08,5568
121.48,5565
121.49,5564
121.5,5563
121.53,5562
121.56,5561
121.57,5560
121.59,5559
121.6,5558
121.61,5557
121.66,5556
121.68,5554
121.71,5553
121.77,5552
121.79,5551
121.83,5550
121.84,5549
121.85,5548
122.02,5547
122.07,5546
122.16,5544
122.2,5543
122.23,5542
122.26,5541
122.27,5540
122.28,5538
122.32,5536
122.36,5535
122.39,5534
122.4,5533
122.41,5532
122.44,5531
122.51,5530
122.52,5529
122.57,5528
122.65,5527
122.68,5526
122.71,5525
122.73,5523
122.74,5522
122.81,5519
122.83,5518
122.88,5517
122.89,5516
122.93,5515
123.34,5514
123.54,5512
123.55,5511
123.59,5510
123.6,5508
123.67,5507
123.7,5506
123.72,5504
123.77,5503
123.81,5502
123.85,5501
123.88,5500
123.94,5499
123.95,5497
123.99,5496
124.01,5493
124.03,5490
124.04,5489
124.05,5488
124.09,5487
124.11,5486
124.16,5484
124.19,5483
124.27,5481
124.28,5479
124.29,5478
124.31,5477
124.33,5476
124.35,5475
124.75,5474
124.76,5473
124.78,5472
124.86,5469
124.89,5468
124.91,5467
124.96,5466
124.97,5465
124.99,5464
125.01,5463
125.03,5462
125.05,5460
125.06,5459
125.07,5458
125.11,5457
125.15,5455
125.18,5454
125.57,5453
125.6,5452
125.98,5451
125.99,5450
126.03,5449
126.06,5448
126.1,5446
126.15,5445
126.16,5443
126.19,5442
126.2,5441
126.22,5439
126.23,5438
126.24,5437
126.28,5436
126.3,5435
126.31,5432
126.32,5431
126.33,5430
126.54,5428
126.81,5426
126.83,5425
126.86,5423
126.89,5422
126.92,5421
126.95,5420
126.97,5418
126.99,5417
127.03,5416
127.04,5415
127.07,5414
127.08,5413
127.1,5412
127.12,5411
127.31,5409
127.33,5407
127.34,5405
127.37,5401
127.79,5400
127.82,5399
127.84,5398
127.87,5396
127.88,5395
127.9,5393
127.91,5391
127.94,5390
127.96,5389
127.97,5388
127.99,5386
128.06,5385
128.07,5384
128.08,5383
128.1,5382
128.11,5381
128.27,5380
128.29,5379
128.37,5378
128.76,5377
128.8,5376
129.18,5374
129.21,5373
129.6,5372
129.65,5371
130.03,5369
130.04,5368
130.06,5367
130.17,5366
130.19,5365
130.21,5364
130.23,5362
130.26,5361
130.3,5360
130.42,5359
130.45,5358
130.59,5357
130.6,5355
130.62,5354
130.65,5350
130.67,5349
130.71,5348
130.76,5347
130.77,5346
130.79,5344
130.83,5343
131.11,5342
131.16,5341
131.17,5340
131.2,5339
131.22,5337
131.41,5336
131.58,5335
131.65,5334
131.66,5333
132.05,5332
132.1,5329
132.27,5328
132.28,5326
132.61,5325
132.65,5324
132.72,5323
132.75,5321
132.78,5320
132.83,5319
132.84,5318
132.87,5317
133.25,5316
133.29,5314
133.33,5313
133.37,5312
133.41,5310
133.42,5309
133.58,5307
133.65,5306
133.67,5305
133.7,5304
133.74,5303
133.76,5302
133.78,5301
133.79,5300
134.13,5297
134.18,5296
134.19,5295
134.22,5294
134.24,5293
134.26,5292
134.34,5290
134.35,5289
134.36,5287
134.42,5286
134.44,5285
134.45,5284
134.59,5283
134.6,5282
134.66,5280
134.69,5278
134.7,5277
134.72,5276
134.74,5275
134.85,5273
134.88,5272
134.89,5271
134.9,5270
134.91,5269
134.92,5268
135.54,5267
135.62,5266
135.69,5264
135.73,5263
135.75,5260
135.77,5259
135.78,5257
135.8,5256
136.19,5255
136.22,5254
136.29,5253
136.32,5252
136.33,5251
136.36,5249
136.42,5248
136.46,5247
136.54,5246
136.97,5245
136.99,5244
137.0,5243
137.06,5242
137.07,5241
137.15,5240
137.16,5239
137.17,5238
137.34,5237
137.35,5236
137.81,5235
138.14,5234
138.15,5231
138.19,5230
138.24,5229
138.26,5228
138.28,5226
138.32,5225
138.34,5224
138.4,5223
138.42,5222
138.46,5221
138.47,5219
138.49,5218
138.51,5217
138.53,5216
138.59,5214
138.71,5213
138.79,5212
138.81,5211
138.85,5210
138.87,5209
138.89,5207
138.99,5205
139.16,5204
139.2,5203
139.22,5202
139.23,5201
139.3,5200
139.36,5199
139.72,5198
139.76,5197
139.77,5196
139.78,5195
139.83,5194
139.87,5193
139.91,5192
139.97,5191
140.06,5190
140.08,5189
140.12,5188
140.13,5187
140.16,5185
140.21,5184
140.32,5182
140.38,5181
140.41,5180
140.44,5179
140.47,5178
140.48,5176
140.53,5174
140.54,5173
140.56,5172
140.97,5171
141.01,5170
141.47,5169
142.18,5167
142.2,5166
142.22,5162
142.32,5161
142.39,5159
142.44,5158
142.46,5157
142.5,5156
142.61,5155
142.62,5154
142.75,5153
143.06,5152
143.73,5151
144.04,5150
144.06,5149
144.1,5148
144.16,5146
144.23,5145
144.32,5142
144.33,5141
144.38,5140
144.41,5139
144.84,5138
144.93,5137
144.95,5136
144.99,5135
145.3,5134
145.35,5133
145.38,5132
145.47,5131
145.63,5130
145.65,5129
145.74,5127
145.75,5126
145.79,5125
146.55,5123
146.61,5122
146.68,5121
147.11,5119
147.21,5118
147.62,5117
147.67,5116
147.76,5113
147.81,5112
147.84,5111
147.85,5110
147.95,5108
147.99,5106
148.03,5104
148.11,5103
148.14,5102
148.15,5101
148.17,5100
148.21,5099
148.42,5098
148.45,5097
148.52,5096
148.58,5095
148.59,5094
148.76,5093
148.8,5092
148.83,5091
148.84,5090
149.31,5089
149.37,5088
149.64,5087
150.03,5086
150.11,5085
150.13,5084
150.14,5083
150.16,5082
150.17,5081
150.18,5080
150.29,5079
150.31,5078
150.32,5077
150.34,5076
150.36,5075
150.37,5074
150.38,5073
150.45,5072
150.51,5071
150.76,5070
150.84,5069
150.87,5068
150.98,5067
151.44,5066
151.47,5065
152.43,5064
152.44,5063
152.49,5062
152.67,5061
152.76,5060
153.19,5059
153.2,5058
153.21,5057
153.22,5056
153.26,5055
153.29,5054
153.92,5053
153.99,5052
154.37,5050
154.41,5049
154.75,5047
154.78,5046
154.79,5045
154.84,5044
154.93,5043
154.95,5042
154.96,5041
155.67,5040
155.71,5038
156.12,5037
156.69,5036
156.71,5035
157.08,5034
157.13,5033
157.18,5032
157.87,5031
157.93,5030
157.94,5029
157.95,5028
157.96,5027
157.97,5026
158.03,5025
158.1,5023
158.12,5022
158.45,5021
158.54,5020
158.55,5019
158.6,5018
159.07,5017
159.13,5016
159.17,5015
159.2,5014
159.3,5013
159.4,5011
159.47,5010
159.51,5009
159.89,5008
160.3,5007
160.41,5006
160.74,5005
160.76,5004
160.79,5003
161.05,5002
161.1,5001
161.15,5000
161.23,4999
161.29,4998
161.41,4997
161.46,4996
161.6,4995
161.85,4994
161.9,4993
161.91,4992
161.92,4991
162.01,4990
162.39,4989
162.4,4988
162.63,4987
162.78,4986
162.83,4985
162.89,4983
162.91,4981
163.09,4980
163.1,4979
163.11,4978
163.48,4977
163.5,4975
164.44,4974
164.48,4973
164.56,4972
164.88,4971
165.25,4970
165.34,4969
165.71,4968
166.09,4967
166.44,4966
166.53,4965
166.56,4964
166.92,4962
167.02,4961
167.23,4960
167.98,4958
168.26,4957
168.64,4956
168.68,4955
168.73,4954
169.11,4953
169.58,4952
169.91,4951
169.94,4950
170.35,4949
170.72,4948
170.91,4947
170.96,4946
171.07,4944
171.1,4942
171.11,4941
171.65,4940
171.68,4939
171.76,4938
171.89,4937
171.91,4936
171.94,4934
172.5,4933
172.91,4932
173.2,4931
173.23,4930
173.26,4928
173.29,4926
173.34,4925
173.38,4924
173.75,4923
173.84,4922
173.92,4921
174.35,4920
174.42,4919
174.54,4918
174.69,4917
174.79,4916
174.86,4915
174.91,4914
175.63,4913
175.66,4912
176.17,4911
176.2,4910
176.69,4909
177.1,4908
177.17,4907
177.79,4906
178.28,4905
178.66,4904
178.73,4903
178.75,4901
178.99,4900
179.4,4899
179.43,4898
179.47,4897
179.62,4896
179.92,4895
179.94,4894
179.96,4892
179.98,4890
180.03,4889
180.12,4888
180.14,4887
180.22,4886
180.23,4885
181.04,4884
181.5,4883
181.98,4882
182.79,4881
182.81,4880
182.83,4879
182.96,4878
182.98,4877
183.57,4876
183.58,4875
184.31,4874
184.45,4873
184.92,4872
184.95,4871
185.11,4870
185.42,4869
185.71,4868
186.08,4866
186.11,4865
186.26,4864
186.77,4863
186.79,4862
187.17,4860
187.28,4859
187.3,4858
187.32,4857
187.38,4856
188.03,4855
188.42,4854
188.45,4853
188.54,4852
188.57,4851
188.63,4850
189.03,4849
189.75,4848
189.87,4847
189.96,4846
190.03,4845
190.45,4844
190.55,4842
190.67,4841
190.82,4840
190.83,4838
191.08,4836
191.12,4835
191.18,4834
191.21,4833
191.54,4832
191.68,4831
191.97,4830
192.03,4829
192.52,4828
192.55,4827
192.92,4826
193.16,4825
193.45,4824
193.77,4823
193.82,4822
193.85,4821
193.9,4820
194.11,4819
194.63,4818
195.12,4817
195.19,4816
195.25,4815
196.14,4814
196.8,4813
196.84,4812
197.77,4811
198.28,4810
198.42,4809
198.59,4807
198.6,4806
198.64,4805
198.89,4804
198.95,4803
199.75,4802
200.84,4801
200.86,4800
200.95,4799
201.83,4798
202.41,4797
202.43,4796
203.57,4795
203.71,4794
203.89,4793
204.68,4792
205.03,4791
205.09,4790
205.16,4789
205.42,4788
205.62,4787
206.0,4786
206.06,4785
206.07,4784
206.71,4783
206.79,4782
206.87,4781
207.09,4780
207.18,4779
208.17,4778
208.54,4777
208.99,4776
209.01,4775
209.16,4774
209.28,4773
209.77,4772
209.84,4771
209.94,4770
210.01,4769
210.56,4768
210.69,4767
210.74,4766
210.75,4765
210.8,4764
211.63,4763
212.27,4762
212.73,4761
214.0,4760
214.02,4759
214.37,4758
214.42,4757
215.05,4756
215.65,4755
216.68,4754
216.8,4753
217.28,4752
217.32,4751
218.22,4750
218.6,4749
218.79,4748
219.24,4747
221.21,4746
221.37,4745
221.65,4744
222.07,4743
223.09,4742
223.16,4741
223.36,4740
223.43,4739
223.54,4738
224.55,4737
225.65,4736
225.66,4735
225.73,4734
227.93,4733
228.25,4732
228.48,4731
228.57,4730
229.46,4729
229.51,4728
230.23,4727
230.98,4726
231.37,4725
231.46,4724
232.08,4723
232.5,4722
233.63,4721
234.29,4720
234.5,4719
235.08,4718
235.32,4717
235.37,4716
236.08,4715
237.39,4714
237.65,4713
237.98,4712
238.22,4711
240.5,4710
240.61,4709
240.67,4708
241.24,4707
241.44,4706
241.54,4705
241.87,4704
243.58,4703
244.23,4702
244.53,4701
245.0,4700
245.74,4699
245.83,4698
245.93,4697
246.38,4696
246.6,4695
247.49,4694
248.44,4693
251.42,4692
254.7,4691
255.55,4690
256.14,4689
257.52,4688
260.22,4687
260.51,4686
260.77,4685
261.72,4684
261.81,4683
262.24,4682
264.37,4681
264.56,4680
264.72,4679
269.43,4678
271.67,4677
272.79,4676
272.86,4675
273.93,4674
274.61,4673
275.58,4672
275.59,4671
277.59,4670
278.43,4669
280.94,4668
281.82,4667
281.84,4666
284.38,4665
287.21,4664
287.32,4663
288.75,4662
290.19,4661
291.05,4660
292.06,4659
294.35,4658
294.7,4657
297.62,4656
297.79,4655
301.6,4654
301.94,4653
303.72,4652
304.94,4651
305.02,4650
307.46,4649
307.5,4648
311.1,4647
318.93,4646
323.43,4645
324.13,4644
325.63,4643
327.76,4642
329.77,4641
330.53,4640
336.72,4639
341.04,4638
341.36,4637
342.98,4636
344.95,4635
348.56,4634
349.24,4633
356.56,4632
361.82,4631
365.15,4630
368.42,4629
369.22,4628
371.36,4627
373.51,4626
373.85,4625
376.58,4624
379.37,4623
380.54,4622
384.15,4621
384.79,4620
385.93,4619
392.58,4618
393.96,4617
395.01,4616
397.63,4615
399.12,4614
406.88,4613
407.91,4612
411.31,4611
412.83,4610
416.72,4609
416.77,4608
419.76,4607
420.61,4606
423.12,4605
425.0,4604
429.79,4603
442.87,4602
444.72,4601
447.4,4600
447.47,4599
451.12,4598
451.33,4597
457.53,4596
471.1,4595
471.42,4594
472.13,4593
474.32,4592
474.93,4591
482.03,4590
494.71,4589
498.04,4588
500.95,4587
507.03,4586
508.68,4585
512.61,4584
519.61,4583
524.61,4582
532.23,4581
533.03,4580
533.69,4579
540.01,4578
541.87,4577
549.24,4576
551.09,4575
566.38,4574
569.9,4573
580.89,4572
585.15,4571
