0.0,14107
0.01,14101
0.02,14096
0.03,14091
0.04,14085
0.05,14078
0.06,14069
0.07,14062
0.08,14056
0.09,14051
0.1,14045
0.11,14039
0.12,14035
0.13,14029
0.14,14023
0.15,14017
0.16,14012
0.17,14007
0.18,14002
0.19,13996
0.2,13989
0.21,13987
0.22,13985
0.23,13981
0.24,13976
0.25,13972
0.26,13968
0.27,13960
0.28,13957
0.29,13951
0.3,13944
0.31,13940
0.32,13932
0.33,13928
0.34,13923
0.35,13918
0.36,13912
0.37,13909
0.38,13908
0.39,13903
0.4,13900
0.41,13893
0.42,13886
0.43,13878
0.44,13873
0.45,13867
0.46,13861
0.47,13853
0.48,13848
0.49,13842
0.5,13836
0.51,13831
0.52,13825
0.53,13820
0.54,13811
0.55,13805
0.56,13799
0.57,13793
0.58,13789
0.59,13781
0.6,13776
0.61,13772
0.62,13771
0.63,13764
0.64,13761
0.65,13756
0.66,13750
0.67,13747
1.23,13744
1.24,13739
1.25,13734
1.26,13726
1.27,13719
1.28,13715
1.29,13710
1.31,13705
1.32,13698
1.33,13692
1.34,13687
1.35,13683
1.36,13676
1.37,13671
1.38,13666
1.39,13662
1.4,13655
1.41,13649
1.42,13646
1.44,13640
1.45,13639
1.46,13636
1.47,13630
1.48,13626
1.49,13621
1.5,13619
1.51,13614
1.52,13607
1.53,13603
1.54,13599
1.55,13596
1.56,13592
1.57,13587
1.58,13586
1.59,13585
1.6,13583
1.61,13580
1.62,13576
1.63,13573
1.64,13565
1.65,13561
1.66,13555
1.67,13553
1.68,13549
1.69,13547
1.7,13541
1.71,13537
1.72,13533
1.73,13532
1.74,13530
1.75,13526
1.76,13525
1.77,13519
1.78,13515
1.79,13506
1.8,13501
1.81,13495
1.82,13491
1.83,13484
1.84,13480
1.85,13477
1.86,13470
1.87,13467
1.88,13462
1.89,13458
1.9,13453
1.91,13448
1.92,13443
1.93,13439
1.94,13436
1.96,13435
1.97,13428
1.98,13423
1.99,13418
2.0,13415
2.01,13409
2.02,13403
2.03,13399
2.04,13391
2.05,13383
2.06,13378
2.07,13374
2.08,13369
2.09,13363
2.1,13359
2.11,13356
2.13,13353
2.14,13350
2.15,13345
2.16,13338
2.17,13335
2.18,13332
2.19,13325
2.2,13324
2.21,13322
2.22,13317
2.23,13312
2.24,13306
2.25,13304
2.26,13302
2.27,13298
2.28,13292
2.29,13290
2.3,13286
2.31,13281
2.32,13277
2.33,13271
2.34,13269
2.35,13263
2.36,13258
2.37,13254
2.38,13251
2.39,13249
2.4,13245
2.41,13243
2.42,13241
2.43,13235
2.44,13232
2.45,13229
2.46,13224
2.47,13218
2.48,13214
2.49,13210
2.5,13204
2.52,13199
2.53,13193
2.54,13190
2.55,13185
2.56,13179
2.57,13174
2.58,13169
2.6,13165
2.62,13162
2.63,13156
2.64,13155
2.66,13151
2.67,13145
2.68,13143
2.69,13137
2.7,13133
2.71,13128
2.72,13123
2.73,13122
2.74,13119
2.75,13116
2.76,13111
2.77,13109
2.78,13107
2.79,13104
3.4,13103
3.41,13099
3.42,13094
3.44,13089
3.45,13087
3.46,13080
3.47,13076
3.48,13070
3.49,13064
3.5,13062
3.51,13061
3.52,13055
3.53,13050
3.54,13047
3.55,13039
3.56,13035
3.57,13028
3.58,13019
3.59,13018
3.6,13015
3.61,13013
3.62,13010
3.63,13003
3.64,13002
3.65,13000
3.66,12999
3.68,12998
3.69,12995
3.7,12992
3.71,12989
3.72,12986
3.73,12984
3.74,12980
3.75,12976
3.76,12971
3.77,12965
3.78,12963
3.79,12962
3.8,12960
3.82,12954
3.83,12953
3.84,12949
3.85,12946
4.42,12940
4.43,12938
4.44,12934
4.45,12928
4.47,12922
4.48,12919
4.49,12917
4.5,12912
4.51,12909
4.52,12908
4.53,12901
4.54,12895
4.55,12888
4.56,12886
4.57,12884
4.58,12882
4.59,12877
4.6,12871
4.61,12869
4.62,12864
4.63,12860
4.64,12851
4.65,12849
4.66,12846
4.67,12841
4.69,12835
4.7,12828
4.71,12821
4.72,12820
4.74,12819
4.75,12814
4.76,12810
4.77,12806
4.78,12804
4.79,12800
4.8,12794
4.81,12788
4.82,12787
4.83,12783
4.84,12778
4.85,12776
4.86,12773
4.87,12769
4.88,12764
4.89,12761
4.9,12757
4.91,12752
4.92,12746
4.93,12742
4.94,12737
4.96,12731
4.97,12726
4.98,12723
4.99,12721
5.0,12717
5.01,12713
5.02,12710
5.32,12708
5.33,12703
5.34,12700
5.35,12697
5.36,12695
5.37,12691
5.38,12689
5.39,12686
5.4,12683
5.41,12678
5.42,12670
5.43,12667
5.44,12665
5.46,12663
5.47,12661
5.48,12658
5.49,12653
5.5,12647
5.51,12641
5.52,12638
5.53,12635
5.54,12630
5.55,12627
5.56,12625
5.57,12624
5.58,12622
5.59,12616
5.6,12614
5.61,12610
5.62,12605
5.63,12599
5.64,12593
5.65,12592
5.66,12589
5.67,12588
5.69,12586
5.7,12585
5.72,12582
5.73,12580
5.74,12575
5.75,12572
5.76,12570
5.77,12567
5.78,12566
5.79,12563
5.8,12561
5.81,12560
5.82,12554
5.83,12552
5.84,12548
5.85,12547
5.86,12541
5.87,12538
5.88,12534
5.89,12531
5.9,12529
5.91,12524
5.92,12521
5.93,12520
5.94,12518
5.95,12514
5.97,12512
5.99,12510
6.0,12506
6.01,12503
6.02,12499
6.04,12496
6.05,12494
6.06,12491
6.07,12486
6.08,12482
6.09,12480
6.1,12476
6.11,12471
6.12,12466
6.13,12465
6.14,12461
6.15,12460
6.16,12456
6.17,12449
6.18,12444
6.19,12438
6.2,12432
6.21,12423
6.22,12418
6.25,12414
6.27,12410
6.28,12405
6.29,12401
6.3,12398
6.31,12395
6.32,12389
6.33,12386
6.34,12382
6.35,12377
6.36,12374
6.37,12367
6.38,12365
6.39,12363
6.4,12357
6.41,12354
6.42,12352
6.43,12351
6.44,12348
6.45,12345
6.46,12338
6.48,12337
6.49,12334
6.5,12331
6.51,12327
6.52,12324
6.53,12322
6.54,12319
6.55,12318
6.56,12315
6.57,12313
6.58,12311
6.59,12305
6.6,12298
6.61,12293
6.62,12290
6.65,12286
6.66,12282
7.17,12279
7.18,12278
7.19,12276
7.2,12272
7.22,12265
7.46,12263
7.47,12261
7.48,12258
7.49,12254
7.5,12253
8.06,12252
8.07,12251
8.08,12246
8.09,12242
8.1,12241
8.11,12238
8.12,12234
8.13,12231
8.14,12230
8.15,12224
8.16,12223
8.18,12219
8.19,12214
8.2,12208
8.23,12204
8.25,12203
8.26,12200
8.27,12198
8.28,12195
8.29,12191
8.3,12188
8.32,12187
8.33,12181
8.34,12173
8.35,12170
8.36,12166
8.38,12165
8.39,12162
8.4,12159
8.41,12151
8.43,12148
8.44,12146
8.45,12144
8.46,12141
8.47,12140
8.48,12134
8.49,12132
8.5,12130
8.51,12128
8.52,12126
8.53,12121
8.54,12120
8.55,12116
8.56,12115
8.57,12112
8.58,12108
8.59,12107
8.6,12105
8.61,12099
8.62,12097
8.63,12091
8.64,12087
8.65,12083
9.14,12078
9.15,12074
9.16,12067
9.17,12062
9.18,12059
9.19,12055
9.2,12053
9.21,12051
9.22,12048
9.23,12045
9.24,12043
9.25,12040
9.26,12038
9.28,12037
9.29,12036
9.3,12032
9.31,12027
9.32,12024
9.33,12023
9.34,12019
9.35,12011
9.36,12005
9.37,12001
9.38,11997
9.39,11991
9.4,11987
9.41,11984
9.42,11981
9.43,11976
9.44,11970
9.45,11963
9.46,11960
9.47,11953
9.48,11950
9.49,11944
9.53,11940
9.54,11937
9.55,11933
9.56,11928
9.57,11921
9.58,11919
9.59,11918
9.6,11915
9.61,11912
9.63,11910
9.64,11904
9.65,11900
9.66,11894
9.67,11888
9.68,11882
9.69,11880
9.7,11874
9.71,11873
9.72,11869
9.73,11864
9.74,11861
9.76,11856
9.77,11851
9.78,11846
9.79,11839
9.8,11834
9.81,11830
9.82,11826
9.83,11824
9.84,11821
9.85,11818
9.86,11815
9.87,11811
9.88,11807
9.89,11802
9.9,11800
9.91,11798
9.94,11795
9.95,11788
9.96,11784
9.97,11782
9.98,11781
9.99,11777
10.0,11774
10.01,11771
10.02,11768
10.03,11766
10.04,11762
10.05,11761
10.07,11759
10.08,11757
10.1,11752
10.11,11749
10.13,11746
10.14,11743
10.15,11740
10.17,11737
10.18,11736
10.19,11732
10.21,11728
10.46,11726
10.47,11722
10.93,11719
10.94,11718
10.95,11717
10.96,11715
10.97,11712
10.98,11708
10.99,11706
11.0,11702
11.01,11698
11.03,11696
11.04,11695
11.05,11690
11.06,11688
11.07,11686
11.08,11685
11.1,11683
11.11,11681
11.12,11679
11.13,11676
11.14,11668
11.15,11664
11.16,11662
11.17,11655
11.18,11647
11.19,11643
11.21,11640
11.22,11637
11.23,11633
11.24,11630
11.25,11627
11.26,11623
11.27,11617
11.28,11613
11.29,11610
11.3,11608
11.31,11607
11.32,11604
11.33,11603
11.34,11602
11.35,11598
11.36,11594
11.37,11591
11.79,11590
11.81,11585
11.82,11583
11.83,11581
11.84,11579
11.85,11575
12.28,11573
12.29,11571
12.3,11569
12.31,11567
12.32,11565
12.33,11562
12.34,11560
12.35,11558
12.36,11556
12.37,11553
12.38,11551
12.39,11545
12.41,11539
12.42,11537
12.43,11536
12.44,11532
12.47,11531
12.48,11530
12.5,11527
12.51,11525
12.52,11524
12.53,11521
12.54,11520
12.55,11518
12.57,11517
12.58,11515
12.59,11512
12.61,11510
12.62,11503
12.63,11499
12.64,11497
12.65,11492
12.66,11490
12.67,11488
12.68,11484
12.69,11482
12.71,11480
12.73,11477
12.74,11476
12.75,11474
12.77,11473
12.78,11469
12.79,11461
12.8,11455
12.81,11454
12.82,11449
12.83,11447
12.84,11446
12.85,11445
12.86,11439
12.87,11438
12.89,11437
12.9,11435
12.91,11431
12.92,11427
12.94,11425
12.95,11423
12.96,11422
12.97,11418
12.98,11416
13.0,11415
13.02,11411
13.03,11409
13.05,11407
13.06,11403
13.07,11399
13.09,11396
13.1,11391
13.11,11389
13.12,11387
13.13,11385
13.14,11379
13.15,11376
13.16,11375
13.19,11373
13.2,11370
13.21,11368
13.22,11362
13.23,11359
13.24,11356
13.25,11354
13.26,11350
13.27,11345
13.28,11340
13.3,11336
13.31,11334
13.32,11332
13.33,11330
13.34,11324
13.35,11317
13.36,11316
13.37,11314
13.38,11309
13.39,11307
13.4,11304
13.42,11302
13.45,11298
13.46,11294
13.48,11293
13.49,11292
13.52,11289
13.54,11288
13.56,11286
13.57,11281
13.58,11277
13.59,11275
13.6,11273
13.62,11270
13.63,11269
13.64,11267
13.65,11261
13.68,11257
13.69,11251
13.71,11248
13.72,11244
13.74,11242
13.75,11236
13.77,11234
13.8,11233
13.81,11231
13.82,11228
13.84,11225
13.85,11224
13.86,11222
13.87,11221
13.89,11220
13.9,11217
13.91,11215
13.92,11213
13.93,11209
13.94,11207
13.95,11206
13.97,11204
13.98,11202
14.0,11199
14.01,11197
14.02,11194
14.03,11192
14.04,11190
14.05,11185
14.08,11183
14.09,11180
14.1,11178
14.11,11175
14.12,11174
14.13,11171
14.14,11169
14.15,11166
14.16,11161
14.17,11156
14.18,11154
14.19,11151
14.2,11149
14.21,11146
14.22,11144
14.23,11142
14.25,11141
14.27,11140
14.28,11139
14.29,11134
14.33,11132
14.34,11129
14.35,11127
14.36,11123
14.37,11121
14.38,11118
14.39,11117
14.4,11114
14.42,11110
14.43,11104
14.45,11101
14.46,11100
14.48,11098
14.51,11095
14.52,11094
14.53,11090
14.54,11088
14.57,11082
14.58,11077
14.59,11073
14.6,11070
14.61,11065
15.09,11064
15.1,11063
15.11,11062
15.12,11060
15.13,11056
15.14,11055
15.15,11050
15.16,11047
15.17,11046
15.18,11045
15.19,11040
15.21,11036
15.22,11033
15.23,11030
15.24,11029
15.25,11024
15.26,11021
15.27,11020
15.28,11016
15.29,11013
15.3,11010
15.31,11009
15.32,11005
15.34,11001
15.35,10996
15.37,10995
15.38,10988
15.39,10983
15.4,10982
15.41,10978
15.42,10976
15.43,10971
15.44,10967
15.45,10966
15.47,10965
15.49,10959
15.5,10957
15.52,10955
15.54,10954
15.55,10951
15.56,10949
15.57,10946
15.58,10944
15.59,10942
15.6,10937
15.62,10935
15.63,10933
15.65,10930
15.66,10926
15.67,10923
15.68,10922
15.69,10920
15.7,10914
15.71,10912
15.72,10909
15.74,10903
15.75,10900
15.76,10898
15.77,10895
15.78,10892
15.79,10890
15.8,10889
15.81,10883
15.82,10881
15.83,10880
15.85,10879
15.86,10877
15.87,10876
15.88,10875
15.9,10871
15.91,10868
15.93,10865
15.94,10860
15.95,10856
15.96,10854
15.97,10852
15.98,10851
15.99,10849
16.0,10848
16.02,10847
16.03,10844
16.04,10841
16.05,10840
16.06,10839
16.07,10838
16.09,10832
16.1,10828
16.11,10826
16.12,10820
16.13,10815
16.14,10810
16.15,10809
16.16,10803
16.17,10800
16.18,10799
16.2,10797
16.22,10794
16.23,10788
16.24,10786
16.25,10783
16.27,10780
16.28,10779
16.29,10777
16.31,10775
16.33,10770
16.34,10764
16.35,10761
16.36,10758
16.37,10756
16.78,10754
16.79,10752
16.8,10747
16.81,10745
16.82,10744
17.06,10741
17.07,10737
17.08,10735
17.09,10730
17.1,10728
17.11,10726
17.12,10723
17.14,10720
17.17,10718
17.18,10717
17.19,10714
17.2,10711
17.21,10708
17.23,10707
17.24,10703
17.25,10699
17.26,10698
17.27,10697
17.28,10693
17.29,10691
17.3,10686
17.31,10685
17.32,10684
17.33,10682
17.36,10678
17.37,10670
17.38,10668
17.4,10664
17.41,10661
17.45,10656
17.47,10654
17.48,10651
17.49,10648
17.5,10646
17.51,10643
17.52,10641
17.53,10637
17.54,10633
17.56,10630
17.57,10627
17.59,10624
17.6,10623
17.61,10621
17.62,10616
17.63,10615
17.64,10613
17.65,10606
17.66,10605
17.67,10603
17.68,10601
17.69,10595
17.7,10591
17.71,10586
17.72,10582
17.73,10580
17.74,10579
17.75,10575
17.78,10571
17.79,10565
17.8,10564
18.28,10559
18.72,10556
18.75,10554
18.76,10552
18.77,10550
18.78,10549
18.8,10547
18.81,10540
18.82,10538
18.83,10537
18.85,10536
18.88,10534
18.89,10532
18.9,10531
18.91,10530
18.92,10528
18.93,10524
18.95,10523
18.96,10519
18.97,10518
18.98,10515
18.99,10514
19.0,10512
19.02,10508
19.04,10506
19.05,10502
19.06,10501
19.07,10500
19.08,10498
19.1,10496
19.11,10490
19.12,10484
19.13,10482
19.14,10478
19.15,10476
19.16,10469
19.59,10465
19.6,10464
19.61,10459
19.62,10456
19.63,10452
19.64,10448
19.66,10447
20.09,10446
20.1,10444
20.11,10442
20.12,10441
20.13,10439
20.14,10435
20.15,10433
20.16,10431
20.18,10429
20.22,10428
20.23,10426
20.24,10423
20.25,10416
20.26,10413
20.29,10412
20.33,10411
20.34,10408
20.36,10404
20.37,10403
20.38,10402
20.39,10399
20.4,10398
20.44,10397
20.45,10393
20.46,10392
20.47,10390
20.69,10386
20.7,10383
20.71,10379
20.72,10378
20.73,10377
20.74,10372
20.75,10367
20.76,10361
20.77,10359
20.78,10357
20.79,10356
20.8,10355
20.81,10353
20.82,10352
20.83,10351
20.84,10348
20.86,10347
20.87,10345
20.89,10342
20.9,10340
20.92,10339
20.93,10338
20.95,10336
20.96,10335
20.98,10330
20.99,10328
21.0,10327
21.01,10323
21.03,10322
21.04,10320
21.05,10313
21.06,10312
21.07,10311
21.08,10303
21.09,10301
21.1,10300
21.11,10299
21.12,10297
21.13,10296
21.15,10292
21.16,10289
21.17,10281
21.18,10280
21.19,10277
21.2,10274
21.22,10269
21.23,10268
21.73,10263
21.74,10259
21.75,10256
21.76,10253
21.77,10250
21.79,10246
21.8,10244
21.81,10239
21.82,10237
21.83,10235
21.84,10231
21.85,10229
21.86,10224
21.87,10221
21.88,10217
21.89,10216
21.9,10215
21.91,10212
21.92,10207
21.94,10202
21.95,10200
21.96,10197
21.97,10193
21.98,10189
21.99,10187
22.0,10186
22.01,10184
22.03,10182
22.49,10177
22.5,10173
22.51,10172
22.52,10170
22.54,10168
22.55,10165
22.56,10164
22.57,10159
22.58,10155
22.59,10154
22.6,10153
22.62,10152
22.63,10150
22.64,10145
22.65,10144
23.06,10143
23.07,10142
23.08,10140
23.09,10139
23.1,10135
23.11,10133
23.12,10131
23.13,10129
23.14,10127
23.16,10121
23.17,10117
23.18,10116
23.2,10114
23.22,10108
23.23,10106
23.24,10104
23.27,10100
23.64,10098
23.65,10093
23.66,10092
23.67,10089
23.68,10087
23.7,10083
23.71,10080
23.72,10079
23.74,10075
23.75,10072
23.76,10068
23.77,10064
23.8,10061
23.81,10056
23.82,10055
23.83,10052
23.84,10048
23.85,10047
23.86,10046
23.87,10044
23.88,10042
23.89,10041
23.9,10038
23.91,10035
23.93,10033
23.94,10031
23.95,10029
23.99,10027
24.0,10026
24.01,10022
24.02,10019
24.03,10018
24.04,10015
24.05,10013
24.06,10011
24.08,10007
24.09,10006
24.1,10005
24.11,10003
24.13,10001
24.15,9999
24.17,9998
24.18,9993
24.19,9989
24.2,9988
24.21,9985
24.22,9983
24.23,9977
24.24,9973
24.25,9972
24.26,9969
24.28,9966
24.29,9962
24.3,9958
24.31,9955
24.32,9952
24.33,9946
24.34,9944
24.35,9941
24.36,9935
24.37,9929
24.38,9928
24.44,9926
24.45,9925
24.48,9924
24.49,9923
24.51,9920
24.52,9919
24.53,9917
24.56,9915
24.57,9914
24.58,9913
24.59,9910
24.6,9908
24.62,9903
25.11,9899
25.12,9893
25.13,9890
25.14,9886
25.15,9881
25.16,9880
25.17,9875
25.4,9874
25.41,9870
25.42,9867
25.43,9865
25.44,9862
25.45,9860
25.47,9859
25.48,9857
25.49,9852
25.5,9846
25.51,9844
25.52,9840
25.53,9834
25.54,9833
25.55,9832
25.57,9828
25.58,9821
25.59,9820
25.6,9818
25.61,9815
25.62,9814
25.64,9813
25.65,9811
25.67,9810
25.68,9809
25.69,9808
25.7,9806
25.72,9805
25.73,9804
25.74,9802
25.76,9801
25.77,9799
25.78,9797
25.79,9794
25.81,9790
25.82,9786
25.83,9781
26.32,9780
26.69,9779
27.07,9778
27.08,9777
27.09,9772
27.1,9771
27.13,9767
27.14,9766
27.15,9763
27.18,9762
27.19,9759
27.2,9757
27.21,9754
27.22,9752
27.23,9751
27.24,9745
27.26,9744
27.28,9743
27.3,9738
27.31,9736
27.32,9735
27.33,9734
27.35,9728
27.37,9727
27.77,9726
27.78,9725
27.79,9723
27.8,9721
27.81,9716
27.82,9709
27.83,9705
27.84,9703
27.85,9702
27.86,9699
27.87,9697
27.88,9696
27.89,9692
27.9,9690
27.91,9687
27.92,9686
27.93,9684
27.97,9682
27.99,9681
28.0,9680
28.01,9679
28.04,9677
28.05,9674
28.07,9673
28.08,9670
28.09,9668
28.1,9665
28.12,9664
28.13,9663
28.14,9662
28.15,9660
28.19,9658
28.21,9656
28.22,9655
28.23,9653
28.28,9652
28.29,9650
28.3,9645
28.31,9643
28.32,9642
28.34,9639
28.35,9638
28.36,9635
28.37,9633
28.39,9631
28.4,9629
28.41,9627
28.45,9625
28.46,9622
28.47,9621
28.5,9615
28.51,9614
28.52,9612
28.53,9610
28.54,9608
28.56,9607
28.57,9606
28.58,9604
28.6,9603
28.61,9601
28.62,9600
28.64,9599
28.65,9597
28.68,9596
28.69,9595
28.7,9594
28.71,9591
28.72,9589
28.73,9587
28.75,9586
28.77,9585
28.78,9583
28.8,9582
28.83,9580
28.84,9578
28.87,9574
28.88,9573
28.91,9569
28.94,9566
28.97,9564
28.98,9562
29.0,9558
29.01,9557
29.05,9554
29.06,9552
29.09,9551
29.1,9548
29.12,9544
29.13,9542
29.16,9541
29.17,9540
29.18,9538
29.19,9532
29.2,9531
29.21,9526
29.22,9524
29.23,9522
29.24,9521
29.25,9520
29.26,9519
29.27,9516
29.28,9514
29.82,9512
29.83,9509
29.86,9508
29.87,9507
29.88,9505
29.89,9504
29.9,9501
29.92,9500
29.95,9499
29.96,9494
29.97,9492
29.98,9491
30.0,9487
30.01,9484
30.02,9483
30.03,9481
30.05,9479
30.06,9478
30.08,9475
30.1,9474
30.11,9472
30.12,9467
30.13,9464
30.14,9459
30.15,9458
30.16,9452
30.17,9446
30.18,9443
30.2,9442
30.21,9438
30.22,9437
30.23,9431
30.24,9430
30.25,9429
30.26,9427
30.27,9425
30.28,9419
30.29,9417
30.3,9416
30.32,9413
30.34,9412
30.35,9407
30.36,9404
30.37,9402
30.38,9400
30.39,9398
30.4,9396
30.41,9392
30.42,9390
30.43,9388
30.45,9386
30.46,9385
30.47,9382
30.48,9381
30.49,9379
30.9,9378
30.91,9377
30.93,9376
30.94,9374
30.95,9371
30.96,9370
31.0,9368
31.02,9366
31.04,9365
31.05,9363
31.07,9359
31.08,9358
31.09,9357
31.1,9354
31.12,9352
31.14,9348
31.15,9346
31.18,9344
31.19,9342
31.22,9338
31.23,9335
31.24,9334
31.26,9332
31.27,9331
31.29,9325
31.53,9324
31.54,9321
31.58,9320
31.59,9317
31.61,9316
31.62,9314
31.64,9311
31.65,9310
31.66,9309
31.67,9305
31.7,9303
31.71,9300
31.72,9298
31.73,9294
31.76,9293
31.77,9292
31.78,9285
31.79,9283
31.8,9279
31.81,9278
31.84,9277
31.85,9275
31.86,9274
31.87,9273
31.88,9269
31.89,9268
31.9,9267
31.91,9266
31.93,9264
31.95,9262
31.97,9261
31.99,9260
32.02,9259
32.03,9257
32.06,9255
32.07,9252
32.08,9250
32.11,9249
32.12,9245
32.16,9244
32.17,9241
32.18,9240
32.19,9239
32.2,9234
32.21,9231
32.23,9229
32.25,9228
32.26,9227
32.29,9225
32.3,9224
32.31,9221
32.32,9220
32.33,9219
32.34,9218
32.35,9216
32.37,9215
32.38,9213
32.4,9211
32.41,9207
32.42,9204
32.43,9198
32.44,9194
32.45,9193
32.46,9191
32.47,9190
32.48,9187
32.49,9184
32.52,9182
32.53,9178
32.55,9177
32.56,9176
32.58,9174
32.6,9172
32.61,9167
32.65,9166
32.66,9163
32.67,9162
32.68,9157
32.69,9155
32.7,9153
32.71,9148
32.72,9147
32.74,9144
32.75,9141
32.79,9140
32.8,9137
32.81,9134
32.82,9133
32.84,9132
32.86,9129
32.87,9126
32.88,9124
32.89,9122
32.9,9120
32.92,9119
32.93,9116
32.94,9114
32.96,9111
32.97,9110
32.98,9108
32.99,9107
33.0,9104
33.04,9103
33.05,9098
33.06,9097
33.08,9095
33.09,9093
33.1,9092
33.11,9091
33.13,9089
33.15,9086
33.16,9080
33.17,9079
33.2,9078
33.23,9077
33.24,9074
33.25,9073
33.27,9068
33.28,9064
33.29,9063
33.3,9060
33.71,9058
33.72,9057
33.73,9055
33.79,9054
33.8,9053
33.82,9050
34.38,9047
34.4,9046
34.43,9044
34.45,9043
34.46,9040
34.47,9038
34.48,9037
34.49,9033
34.52,9030
34.53,9029
34.54,9028
34.56,9027
34.57,9026
34.58,9025
34.59,9024
34.6,9020
34.61,9016
34.62,9014
34.64,9013
34.65,9011
34.68,9010
34.69,9009
34.7,9006
34.74,9003
34.77,8995
34.78,8990
34.79,8989
34.8,8984
34.81,8983
34.82,8981
34.83,8979
34.84,8973
34.85,8971
34.86,8969
34.87,8966
34.88,8963
34.91,8961
34.92,8958
34.93,8956
34.95,8955
34.96,8954
34.98,8953
34.99,8952
35.0,8950
35.01,8949
35.02,8947
35.03,8946
35.04,8943
35.05,8942
35.06,8940
35.11,8939
35.59,8937
35.61,8932
35.62,8928
35.63,8922
35.66,8921
35.67,8919
35.68,8918
35.69,8917
35.7,8916
35.71,8914
35.72,8913
35.73,8911
35.74,8909
35.75,8908
35.76,8901
35.77,8899
35.78,8898
35.79,8894
35.8,8890
35.81,8887
35.82,8886
36.33,8884
36.34,8880
36.36,8879
36.39,8878
36.4,8876
36.41,8875
36.44,8874
36.45,8873
36.46,8871
36.47,8870
36.48,8869
36.5,8867
36.52,8863
36.53,8861
36.54,8856
36.55,8851
36.56,8847
36.58,8846
37.13,8844
37.17,8843
37.18,8840
37.19,8834
37.2,8830
37.21,8829
37.22,8827
37.24,8826
37.25,8823
37.29,8822
37.3,8821
37.31,8819
37.32,8816
37.36,8814
37.37,8811
37.38,8810
37.39,8806
37.42,8803
37.43,8802
37.44,8800
37.45,8798
37.48,8796
37.49,8794
37.5,8788
37.51,8784
37.52,8782
37.53,8779
37.54,8778
37.56,8777
37.58,8773
37.59,8772
37.6,8770
37.61,8765
37.84,8763
37.87,8761
37.88,8759
37.89,8758
37.9,8756
37.91,8753
37.92,8751
37.94,8749
37.95,8748
38.24,8747
38.27,8746
38.28,8745
38.29,8744
38.3,8743
38.32,8742
38.86,8741
38.87,8740
38.89,8738
38.91,8737
38.92,8736
38.94,8732
38.96,8731
38.97,8728
38.98,8724
38.99,8723
39.0,8717
39.01,8716
39.02,8713
39.04,8712
39.05,8710
39.06,8709
39.07,8707
39.09,8705
39.12,8704
39.14,8703
39.15,8701
39.16,8699
39.17,8696
39.18,8695
39.19,8694
39.2,8691
39.22,8689
39.23,8688
39.72,8684
39.74,8679
39.75,8676
39.76,8674
39.77,8673
39.78,8672
39.8,8670
39.82,8667
39.83,8666
39.84,8664
39.85,8663
39.87,8658
39.88,8656
39.9,8655
39.91,8653
39.95,8652
39.96,8650
40.02,8649
40.48,8648
40.49,8644
40.5,8643
40.51,8642
40.52,8640
40.54,8639
40.55,8637
40.56,8634
40.58,8633
40.59,8631
40.6,8629
40.61,8626
40.62,8625
40.65,8624
40.67,8622
40.68,8621
40.74,8619
40.77,8613
40.78,8612
40.82,8611
40.89,8610
40.91,8609
40.92,8606
40.93,8604
40.95,8602
40.98,8601
41.0,8598
41.01,8597
41.04,8593
41.05,8590
41.06,8588
41.07,8587
41.65,8586
41.66,8584
41.71,8583
41.76,8582
41.77,8579
41.78,8578
41.79,8576
41.8,8572
41.81,8568
41.83,8566
41.86,8565
41.87,8564
41.89,8561
42.38,8560
42.39,8559
42.4,8556
42.42,8554
42.43,8553
42.44,8551
42.45,8546
42.46,8543
42.48,8542
42.5,8541
42.51,8540
42.52,8539
42.53,8537
42.54,8535
42.56,8533
42.58,8531
42.59,8527
42.6,8526
42.61,8524
42.62,8521
42.63,8517
42.66,8513
42.67,8511
42.7,8510
42.71,8507
42.72,8505
42.75,8503
42.76,8502
42.78,8500
42.79,8499
42.8,8498
42.81,8495
42.82,8493
42.84,8491
42.85,8490
42.86,8489
43.37,8488
43.38,8486
43.41,8484
43.42,8483
43.43,8482
43.44,8479
43.45,8478
43.47,8476
43.48,8475
43.51,8473
43.54,8472
43.55,8469
43.56,8467
43.57,8466
43.58,8465
43.6,8464
43.61,8461
43.62,8459
43.63,8456
43.64,8453
43.66,8451
43.67,8448
43.69,8446
43.7,8445
43.71,8442
43.75,8441
44.26,8440
44.74,8439
44.76,8436
44.77,8434
44.78,8432
44.79,8431
44.8,8429
44.81,8426
44.82,8424
44.83,8423
44.85,8419
45.12,8418
45.13,8416
45.18,8412
45.2,8411
45.22,8410
45.23,8409
45.24,8407
45.25,8406
45.27,8405
45.28,8401
45.29,8400
45.3,8398
45.31,8396
45.32,8392
45.34,8391
45.35,8390
45.36,8389
45.37,8387
45.39,8386
45.42,8384
45.43,8383
45.45,8381
45.46,8380
45.48,8377
45.49,8375
45.5,8374
45.51,8373
45.53,8370
45.55,8368
45.58,8366
45.59,8364
45.6,8363
45.62,8362
45.63,8358
45.64,8357
45.65,8353
45.66,8351
45.68,8350
45.72,8349
45.74,8346
45.76,8345
45.77,8343
45.79,8342
45.8,8340
45.81,8338
45.82,8337
45.83,8335
45.84,8334
45.85,8331
45.86,8328
45.9,8327
45.91,8325
45.92,8324
45.95,8322
45.96,8321
45.97,8320
45.98,8319
46.0,8317
46.03,8315
46.05,8312
46.1,8306
46.11,8305
46.13,8303
46.14,8302
46.15,8299
46.18,8297
46.21,8293
46.23,8292
46.28,8289
46.29,8287
46.3,8286
46.31,8283
46.32,8277
46.34,8276
46.35,8275
46.36,8273
46.37,8271
46.38,8267
46.39,8265
46.4,8264
46.41,8262
46.42,8261
46.43,8259
46.45,8257
46.46,8255
46.5,8254
46.52,8253
46.54,8251
46.55,8250
46.56,8248
46.57,8246
46.58,8244
46.59,8242
46.6,8240
46.61,8238
46.62,8237
46.63,8235
46.65,8234
46.66,8233
46.67,8231
46.68,8230
47.04,8229
47.05,8228
47.09,8226
47.11,8225
47.12,8224
47.13,8223
47.14,8220
47.15,8217
47.16,8215
47.19,8214
47.2,8211
47.21,8208
47.22,8206
47.23,8205
47.28,8204
47.29,8203
47.31,8201
47.32,8199
47.34,8197
47.35,8195
47.36,8194
47.37,8193
47.38,8192
47.39,8191
47.43,8190
47.44,8189
47.47,8188
47.5,8187
47.52,8186
47.56,8185
47.57,8183
47.58,8181
47.6,8179
47.62,8177
47.64,8176
47.66,8175
47.68,8174
47.69,8172
47.75,8170
47.76,8168
47.78,8167
47.79,8166
48.34,8165
48.36,8164
48.38,8161
48.39,8160
48.4,8159
48.42,8158
48.46,8156
48.49,8154
49.32,8153
49.34,8152
49.35,8150
49.37,8149
49.44,8148
49.45,8147
49.47,8145
49.5,8143
49.54,8142
49.56,8140
49.57,8139
49.58,8138
49.59,8136
49.62,8135
49.64,8134
49.84,8130
49.85,8129
49.87,8128
49.88,8125
49.9,8122
49.91,8120
49.93,8118
49.94,8117
49.95,8114
49.97,8113
50.51,8112
50.53,8109
50.54,8108
50.58,8107
50.59,8105
50.6,8104
50.62,8101
50.63,8100
50.64,8097
50.66,8095
50.68,8094
50.69,8092
50.7,8091
50.71,8090
50.75,8088
50.76,8087
50.79,8086
50.8,8083
50.83,8082
50.85,8080
50.87,8078
50.89,8073
50.9,8071
50.91,8070
50.92,8067
50.93,8065
50.94,8063
50.95,8062
50.96,8060
50.97,8059
50.98,8058
50.99,8057
51.0,8056
51.01,8055
51.02,8053
51.03,8051
51.04,8050
51.05,8049
51.08,8048
51.12,8044
51.16,8040
51.19,8039
51.22,8037
51.25,8036
51.29,8035
51.3,8034
51.32,8031
51.33,8024
51.34,8023
51.37,8021
51.39,8018
51.42,8017
51.43,8015
51.44,8014
51.46,8013
51.47,8012
51.48,8011
51.5,8010
51.51,8007
51.52,8006
51.55,8004
51.58,8001
51.59,8000
51.6,7998
51.63,7997
51.64,7996
52.12,7995
52.13,7994
52.15,7991
52.17,7990
52.18,7988
52.2,7986
52.21,7984
52.22,7980
52.23,7979
52.25,7978
52.27,7977
52.28,7971
52.29,7970
52.32,7966
52.33,7962
52.34,7960
52.35,7959
52.36,7958
52.37,7957
52.38,7955
52.41,7954
52.42,7953
52.43,7952
52.44,7951
52.47,7950
52.48,7949
52.51,7947
52.52,7943
52.53,7940
52.54,7938
52.55,7934
52.56,7929
52.57,7928
52.61,7927
52.62,7926
52.64,7925
52.67,7923
52.7,7921
52.71,7920
52.72,7918
52.74,7917
53.28,7916
53.3,7914
53.31,7913
53.34,7912
53.38,7910
53.39,7906
53.4,7904
53.41,7903
53.45,7902
53.49,7900
53.5,7899
53.52,7897
53.53,7896
53.54,7895
53.55,7893
53.58,7892
53.59,7889
53.61,7886
53.62,7885
53.65,7884
53.68,7883
53.71,7882
53.72,7881
53.75,7878
53.76,7877
53.79,7876
53.88,7874
53.89,7873
53.91,7871
53.93,7870
54.01,7868
54.02,7866
54.03,7862
54.04,7861
54.09,7860
54.1,7858
54.15,7855
54.21,7853
54.22,7852
54.23,7851
54.24,7849
54.26,7846
54.28,7845
54.32,7842
54.34,7841
54.39,7840
54.41,7839
54.42,7835
54.43,7833
54.44,7832
54.46,7830
54.47,7829
54.49,7828
54.51,7826
54.52,7825
54.53,7824
54.55,7821
54.56,7819
54.57,7816
54.61,7815
54.63,7814
54.65,7813
54.67,7812
54.68,7810
54.71,7809
54.74,7807
54.75,7806
54.78,7804
54.79,7803
55.26,7802
55.28,7801
55.3,7799
55.34,7798
55.36,7797
55.38,7796
55.39,7792
55.4,7789
55.41,7787
55.46,7784
55.47,7781
55.51,7779
55.52,7778
55.78,7777
55.79,7775
55.8,7772
55.81,7771
55.83,7769
55.86,7768
55.9,7766
55.91,7765
55.92,7762
55.93,7760
55.95,7758
55.96,7756
55.97,7753
55.98,7751
55.99,7750
56.03,7749
56.04,7748
56.05,7746
56.06,7744
56.07,7741
56.08,7740
56.12,7738
56.14,7737
56.16,7736
56.17,7735
56.18,7734
56.2,7733
56.21,7732
56.22,7731
56.23,7730
56.26,7729
56.27,7728
56.29,7726
56.32,7725
56.36,7724
56.44,7723
56.45,7722
56.46,7721
56.47,7720
56.49,7718
56.5,7717
56.53,7716
56.57,7714
56.58,7713
56.61,7711
56.62,7708
56.63,7707
56.65,7704
56.66,7703
56.67,7702
56.71,7700
56.72,7698
56.73,7697
56.74,7693
56.75,7692
56.76,7691
56.77,7689
56.79,7688
56.8,7687
56.81,7684
56.82,7683
56.85,7682
56.88,7678
56.92,7676
56.93,7674
56.95,7673
57.03,7672
57.06,7671
57.54,7669
57.56,7668
57.57,7667
57.6,7665
57.61,7664
57.62,7663
57.63,7661
57.65,7659
57.68,7655
57.69,7653
57.71,7651
57.73,7650
57.74,7649
57.75,7647
57.77,7646
57.79,7644
57.8,7643
57.87,7642
57.88,7640
57.9,7639
57.91,7638
57.99,7635
58.0,7632
58.02,7630
58.03,7627
58.07,7626
58.08,7625
58.09,7624
58.11,7623
58.12,7622
58.13,7620
58.14,7616
58.15,7615
58.16,7614
58.17,7609
58.18,7608
58.19,7606
58.2,7605
58.21,7604
58.24,7601
58.27,7600
58.34,7599
58.35,7598
58.37,7597
58.42,7593
58.46,7592
58.48,7591
58.49,7590
58.51,7589
58.58,7588
58.62,7587
58.63,7584
58.69,7583
58.7,7581
58.76,7580
58.78,7577
58.82,7576
59.51,7575
59.52,7574
59.54,7572
59.55,7571
59.57,7570
59.66,7569
60.1,7568
60.11,7565
60.12,7563
60.13,7560
60.14,7559
60.15,7557
60.16,7554
60.21,7551
60.23,7550
60.25,7549
60.27,7547
60.28,7541
60.29,7538
60.3,7536
60.31,7535
60.35,7531
60.64,7529
60.65,7528
61.22,7527
61.23,7522
61.24,7520
61.28,7518
61.29,7517
61.31,7516
61.35,7515
61.36,7511
61.41,7510
61.42,7507
61.44,7506
61.46,7505
61.48,7504
61.49,7502
61.51,7501
61.52,7498
61.54,7496
61.56,7495
61.57,7493
61.6,7488
61.61,7485
61.62,7483
61.64,7482
61.65,7481
61.67,7480
61.71,7479
61.76,7478
61.77,7477
61.81,7474
61.82,7473
61.85,7472
61.88,7471
61.91,7470
61.93,7469
61.94,7468
61.98,7465
61.99,7463
62.01,7462
62.02,7459
62.04,7458
62.07,7457
62.08,7455
62.09,7454
62.1,7452
62.12,7450
62.13,7448
62.14,7446
62.16,7445
62.83,7444
62.88,7443
62.92,7442
62.95,7441
62.96,7440
62.97,7437
62.98,7435
62.99,7434
63.0,7433
63.01,7432
63.04,7431
63.05,7430
63.07,7429
63.08,7428
63.12,7427
63.14,7426
63.17,7424
63.2,7422
63.27,7421
63.32,7420
63.36,7419
63.8,7416
63.81,7412
63.82,7407
63.87,7406
63.88,7404
63.89,7402
63.9,7401
63.91,7399
63.92,7398
63.94,7396
63.95,7391
63.96,7387
63.98,7386
64.02,7379
64.03,7378
64.04,7377
64.05,7375
64.08,7374
64.11,7372
64.14,7371
64.15,7367
64.16,7365
64.22,7364
64.23,7362
64.25,7358
64.29,7357
64.3,7356
64.31,7355
64.32,7353
64.43,7352
64.45,7351
64.9,7350
64.91,7349
64.97,7348
64.98,7346
64.99,7345
65.31,7344
65.33,7343
65.34,7341
65.36,7340
65.37,7338
65.38,7336
65.4,7333
65.41,7331
65.43,7330
65.47,7325
65.51,7322
65.52,7318
65.53,7317
65.54,7316
65.56,7315
65.58,7311
65.61,7310
65.62,7309
65.64,7308
65.65,7306
65.67,7303
65.68,7302
65.69,7300
65.72,7298
65.73,7296
65.74,7293
65.75,7291
65.76,7288
65.77,7285
65.81,7284
66.35,7283
66.98,7281
67.01,7278
67.02,7276
67.06,7273
67.09,7272
67.1,7270
67.13,7269
67.17,7267
67.18,7262
67.19,7258
67.21,7256
67.22,7255
67.23,7251
67.32,7249
67.37,7248
67.39,7247
67.4,7246
67.42,7245
67.43,7244
67.49,7241
67.52,7240
67.54,7239
67.57,7236
67.59,7233
67.62,7230
67.63,7229
67.66,7227
67.69,7224
67.71,7222
67.72,7220
67.76,7219
67.77,7216
68.35,7215
68.36,7213
68.38,7212
68.39,7211
68.4,7210
68.42,7209
68.46,7208
68.47,7207
68.48,7205
69.03,7203
69.04,7201
69.08,7199
69.09,7198
69.11,7197
69.12,7196
69.13,7193
69.14,7192
69.16,7189
69.19,7188
69.2,7185
69.21,7184
69.22,7182
69.24,7181
69.25,7179
69.26,7176
69.27,7175
69.29,7174
69.31,7173
69.34,7171
69.35,7170
69.36,7169
69.37,7168
69.38,7167
69.39,7162
69.42,7161
69.43,7160
69.44,7157
69.45,7156
70.02,7155
70.03,7152
70.05,7151
70.09,7149
70.1,7148
70.11,7147
70.41,7146
70.43,7145
70.45,7142
70.51,7140
70.54,7139
70.55,7138
70.58,7134
70.59,7131
70.6,7129
70.62,7127
70.63,7124
70.64,7122
70.66,7121
70.69,7119
70.7,7115
70.72,7114
70.77,7112
70.78,7108
70.79,7107
70.8,7106
71.33,7103
71.34,7102
71.35,7101
71.38,7099
71.4,7096
71.42,7095
71.43,7093
71.47,7092
71.48,7089
71.49,7087
71.51,7086
71.55,7084
71.59,7083
71.6,7081
71.61,7079
71.65,7078
71.67,7076
71.69,7075
71.7,7074
71.71,7070
71.76,7069
71.77,7068
71.78,7067
71.79,7064
71.82,7063
71.85,7061
71.86,7059
71.88,7058
71.89,7057
71.9,7055
72.2,7052
72.24,7051
72.26,7050
72.29,7049
72.32,7048
72.33,7047
72.38,7046
72.4,7044
72.41,7043
72.42,7041
72.49,7040
73.08,7039
73.11,7038
73.13,7037
73.14,7036
73.42,7034
73.43,7032
73.7,7030
73.71,7029
73.72,7027
73.77,7024
73.79,7022
73.8,7021
73.81,7020
73.82,7017
73.85,7016
73.88,7014
73.89,7013
73.9,7011
73.91,7010
73.92,7008
73.94,7007
73.98,7006
73.99,7004
74.0,7003
74.04,7002
74.59,6997
74.6,6996
75.17,6994
75.22,6993
75.27,6991
75.28,6990
75.29,6989
75.3,6985
75.89,6984
75.9,6983
75.91,6980
75.93,6978
75.98,6977
76.29,6976
76.3,6975
76.34,6974
76.36,6973
76.37,6970
76.41,6966
76.43,6965
76.46,6963
76.53,6961
76.55,6959
76.57,6958
76.58,6957
76.62,6952
76.64,6951
76.65,6948
76.67,6947
76.68,6946
76.69,6945
76.94,6943
76.95,6939
76.96,6936
77.02,6934
77.03,6932
77.05,6931
77.06,6930
77.07,6929
77.09,6927
77.1,6926
77.11,6925
77.12,6924
77.13,6923
77.14,6922
77.17,6921
77.18,6919
77.23,6918
77.28,6917
77.84,6915
77.89,6914
77.9,6913
77.93,6912
77.96,6911
78.6,6909
78.61,6906
78.62,6904
78.65,6902
78.67,6900
78.68,6899
78.69,6898
78.7,6897
78.71,6896
78.72,6895
78.76,6894
78.78,6893
78.79,6892
78.81,6888
78.83,6887
78.86,6886
78.88,6885
78.89,6884
78.9,6882
78.91,6881
78.94,6879
78.95,6878
78.98,6877
79.01,6876
79.58,6875
79.61,6874
79.63,6873
79.64,6872
79.69,6871
79.73,6869
79.75,6867
79.76,6866
79.77,6865
79.82,6861
79.83,6860
79.86,6859
79.88,6856
79.89,6855
79.91,6854
79.93,6853
79.94,6851
80.32,6850
80.33,6847
80.34,6845
80.86,6843
80.88,6842
80.89,6840
80.9,6839
80.92,6837
80.93,6835
80.96,6833
81.0,6832
81.01,6831
81.02,6830
81.06,6829
81.07,6827
81.1,6826
81.19,6824
81.21,6823
81.22,6822
81.24,6821
81.29,6820
81.3,6819
81.33,6818
81.34,6816
81.35,6815
81.37,6814
81.38,6813
81.39,6812
81.4,6810
81.41,6808
81.42,6807
81.44,6806
81.47,6805
81.48,6804
81.49,6803
81.5,6802
81.51,6801
81.52,6800
81.56,6799
81.59,6795
81.62,6794
81.63,6793
81.65,6791
81.66,6790
81.68,6789
81.69,6788
81.71,6787
81.74,6786
81.85,6785
81.86,6784
81.87,6782
81.95,6779
81.97,6778
81.99,6777
82.02,6776
82.04,6775
82.05,6772
82.07,6771
82.08,6770
82.1,6768
82.14,6766
82.16,6764
82.55,6763
82.59,6762
82.62,6760
82.66,6758
82.7,6757
83.29,6756
83.33,6755
83.37,6754
83.38,6752
83.43,6751
83.45,6749
83.5,6748
83.51,6747
83.53,6746
83.54,6745
83.56,6743
83.57,6742
83.58,6741
83.6,6740
83.63,6738
83.66,6736
83.68,6733
83.71,6732
83.73,6731
83.74,6729
83.77,6728
83.78,6727
84.33,6726
84.41,6725
84.42,6724
84.74,6723
84.75,6722
84.76,6720
84.79,6718
84.82,6716
84.84,6715
84.86,6712
84.87,6709
84.89,6707
84.9,6705
84.93,6704
84.94,6702
84.95,6701
84.97,6700
84.99,6698
85.01,6697
85.05,6696
85.06,6695
85.07,6694
85.08,6693
85.09,6691
85.1,6689
85.11,6688
85.12,6687
85.15,6686
85.19,6685
85.21,6683
85.22,6681
85.24,6679
85.25,6678
85.26,6677
85.27,6676
85.3,6675
85.32,6673
85.34,6672
85.35,6671
85.38,6669
85.39,6668
85.4,6665
85.45,6664
85.48,6663
85.49,6662
85.52,6661
85.53,6660
86.24,6659
86.49,6658
86.51,6656
86.53,6655
86.54,6653
87.08,6652
87.12,6651
87.13,6649
87.15,6647
87.16,6646
87.17,6643
87.31,6641
87.38,6639
87.44,6636
87.45,6635
87.46,6634
87.49,6632
87.52,6629
87.54,6626
87.57,6624
87.63,6623
87.64,6622
87.65,6621
87.68,6620
87.69,6619
87.71,6617
87.75,6616
87.77,6614
87.79,6612
87.83,6611
87.84,6610
87.91,6609
87.92,6608
87.93,6607
87.95,6606
87.96,6603
87.98,6601
88.01,6600
88.04,6599
88.08,6598
88.09,6597
88.14,6596
88.15,6595
88.19,6594
88.21,6592
88.24,6591
88.25,6590
88.3,6588
88.33,6587
88.34,6586
88.35,6584
88.36,6583
88.37,6582
88.39,6580
88.42,6578
88.45,6576
88.46,6575
88.5,6573
88.51,6572
88.55,6571
88.58,6570
88.69,6568
88.71,6567
88.72,6566
88.79,6565
88.81,6563
88.82,6562
88.84,6560
88.85,6559
88.86,6558
88.87,6557
88.89,6556
88.91,6555
88.94,6553
88.96,6552
89.02,6551
89.1,6550
89.21,6549
89.22,6547
89.25,6546
89.26,6545
89.27,6544
89.29,6541
89.36,6540
89.39,6539
89.4,6538
89.43,6537
89.44,6536
89.45,6535
89.47,6534
89.49,6533
89.5,6529
89.51,6528
89.57,6527
89.58,6526
89.59,6525
89.64,6523
89.66,6522
89.67,6521
89.69,6520
89.7,6519
89.72,6518
89.73,6517
89.78,6516
89.87,6514
89.88,6513
89.91,6512
89.93,6511
89.94,6510
89.96,6508
89.98,6507
90.01,6505
90.07,6504
90.2,6503
90.21,6502
90.23,6500
90.26,6499
90.28,6497
90.31,6496
90.32,6495
90.43,6493
90.44,6492
90.46,6491
90.47,6490
90.55,6489
90.57,6488
90.58,6487
90.59,6486
90.65,6485
90.66,6484
90.76,6482
90.8,6481
90.84,6480
90.85,6478
90.86,6477
90.94,6476
90.95,6475
90.96,6474
90.99,6473
91.0,6470
91.58,6469
91.63,6467
91.69,6466
91.7,6465
91.71,6462
91.76,6461
91.77,6460
91.85,6458
91.89,6457
91.9,6456
91.93,6454
91.96,6453
92.0,6451
92.02,6450
92.04,6449
92.05,6447
92.07,6446
92.08,6445
92.09,6443
92.1,6442
92.14,6440
92.15,6439
92.16,6437
92.27,6436
92.28,6433
92.29,6432
92.3,6431
92.36,6430
92.37,6429
92.38,6428
92.65,6427
92.66,6423
92.73,6421
92.76,6420
92.8,6419
92.81,6418
92.82,6417
92.86,6416
92.89,6415
92.94,6414
92.96,6413
92.97,6412
92.98,6411
93.73,6410
93.74,6407
93.76,6406
93.78,6405
93.79,6401
93.81,6400
93.84,6398
93.87,6396
93.91,6395
93.93,6394
93.94,6392
93.95,6391
93.96,6390
93.97,6389
93.98,6388
94.4,6387
94.45,6386
94.5,6384
94.54,6383
94.55,6382
94.57,6381
94.6,6379
94.61,6376
94.62,6374
94.68,6372
94.7,6370
94.74,6368
94.75,6367
94.76,6366
94.77,6365
94.81,6363
94.87,6361
94.88,6360
94.91,6359
94.93,6358
94.94,6357
94.98,6356
94.99,6355
95.04,6354
95.05,6353
95.08,6350
95.13,6349
95.15,6347
95.17,6346
95.24,6345
95.26,6343
95.32,6342
95.33,6341
95.35,6339
95.36,6338
95.39,6337
95.41,6335
95.42,6333
95.46,6330
95.5,6328
95.55,6326
95.59,6325
95.61,6322
95.63,6321
95.67,6320
95.68,6319
95.74,6317
95.75,6316
96.24,6314
96.27,6312
96.28,6311
96.32,6310
96.33,6309
96.34,6308
96.35,6307
96.37,6306
96.39,6305
96.45,6304
96.46,6303
96.48,6301
96.95,6300
96.96,6299
96.97,6297
97.06,6296
97.13,6295
97.14,6293
97.15,6292
97.16,6291
97.2,6290
97.22,6289
97.24,6288
97.33,6287
97.36,6285
97.39,6283
97.41,6281
97.42,6278
97.43,6277
97.44,6276
97.91,6273
97.92,6272
97.93,6271
97.96,6269
98.01,6268
98.03,6266
98.05,6264
98.09,6263
98.11,6260
98.13,6259
98.14,6258
98.2,6256
98.23,6255
98.24,6253
98.29,6252
98.3,6251
98.34,6250
98.35,6249
98.38,6248
98.39,6247
98.41,6246
98.42,6244
98.43,6241
98.46,6240
98.48,6238
98.49,6237
98.5,6234
98.52,6232
98.53,6231
98.54,6229
98.55,6227
98.58,6225
98.59,6223
98.6,6221
98.61,6218
98.63,6216
98.67,6213
98.73,6212
98.74,6210
98.75,6208
98.78,6207
98.8,6205
98.84,6204
98.86,6202
98.93,6200
98.94,6199
99.01,6198
99.02,6197
99.03,6196
99.04,6195
99.07,6194
99.09,6192
99.1,6190
99.15,6189
99.16,6187
99.17,6185
99.21,6184
99.22,6183
99.23,6181
99.25,6180
99.26,6179
99.29,6178
99.31,6175
99.34,6174
99.37,6173
99.38,6172
99.4,6171
99.41,6170
99.42,6169
99.83,6166
99.84,6165
99.85,6164
99.88,6163
99.91,6162
99.92,6161
99.94,6160
99.97,6159
99.99,6157
100.0,6155
100.06,6154
100.1,6153
100.2,6152
100.22,6150
100.23,6149
100.47,6148
100.48,6146
100.49,6144
100.51,6143
100.53,6142
100.55,6140
100.58,6138
100.6,6136
100.61,6134
100.62,6133
100.63,6131
100.89,6130
100.91,6129
100.92,6128
100.93,6127
100.95,6126
100.97,6125
100.98,6123
101.03,6122
101.06,6121
101.07,6120
101.08,6119
101.09,6118
101.14,6115
101.18,6114
101.19,6113
101.21,6112
101.29,6111
101.3,6110
101.31,6109
101.35,6108
101.37,6107
101.38,6105
101.47,6104
101.48,6103
101.5,6102
101.54,6101
101.55,6099
101.56,6098
101.57,6097
101.58,6095
101.6,6094
101.65,6092
101.67,6091
101.71,6090
101.73,6089
101.75,6087
101.76,6084
101.77,6083
102.0,6081
102.03,6079
102.04,6078
102.07,6076
102.09,6074
102.1,6072
102.17,6071
102.22,6070
102.25,6069
102.47,6068
102.51,6067
102.52,6066
102.54,6064
102.55,6063
102.56,6062
102.6,6061
102.61,6060
102.83,6058
102.85,6057
102.86,6055
102.88,6054
102.9,6053
102.93,6050
102.95,6049
103.34,6047
103.35,6046
103.37,6045
103.38,6044
103.41,6039
103.42,6036
103.45,6035
103.46,6034
103.47,6032
103.71,6029
103.73,6027
103.74,6024
103.78,6023
103.79,6022
103.8,6020
103.82,6019
103.83,6018
103.89,6017
103.9,6016
103.91,6015
103.94,6011
103.95,6009
103.98,6008
103.99,6005
104.0,6002
104.02,6001
104.07,5999
104.08,5998
104.09,5997
104.1,5996
104.13,5995
104.15,5993
104.16,5992
104.18,5991
104.23,5990
104.26,5989
104.62,5988
104.66,5987
104.67,5986
104.68,5983
104.69,5982
104.7,5981
104.71,5979
104.72,5978
104.74,5977
104.76,5975
104.8,5974
104.81,5973
104.82,5972
104.85,5971
104.86,5969
104.87,5968
104.88,5967
104.94,5964
104.97,5962
105.0,5961
105.02,5960
105.06,5959
105.09,5958
105.1,5957
105.15,5956
105.23,5953
105.24,5952
105.27,5950
105.32,5949
105.33,5948
105.74,5947
105.75,5946
105.96,5945
105.99,5944
106.0,5941
106.02,5940
106.07,5939
106.11,5937
106.13,5936
106.16,5934
106.17,5933
106.19,5930
106.24,5929
106.26,5928
106.28,5927
106.29,5925
106.31,5924
106.34,5923
106.37,5922
106.38,5921
106.4,5918
106.42,5917
106.43,5916
106.46,5915
106.47,5914
106.5,5911
106.51,5909
106.6,5908
106.61,5907
106.62,5906
106.63,5905
106.64,5904
106.65,5903
106.66,5902
107.14,5900
107.15,5898
107.17,5897
107.18,5895
107.2,5894
107.27,5893
107.5,5890
107.51,5888
107.52,5887
107.54,5886
107.57,5884
107.59,5883
107.61,5882
107.71,5881
107.72,5880
107.74,5879
108.08,5878
108.09,5877
108.1,5875
108.13,5874
108.16,5873
108.25,5872
108.51,5871
108.88,5870
108.93,5869
108.94,5866
108.95,5863
109.41,5861
109.42,5860
109.43,5859
109.76,5857
109.77,5856
109.78,5855
109.8,5854
110.28,5853
110.3,5852
110.31,5849
110.34,5848
110.35,5846
110.39,5845
110.41,5843
110.43,5842
110.49,5841
110.53,5839
110.54,5838
110.56,5836
110.58,5834
110.61,5833
111.06,5832
111.1,5831
111.33,5830
111.35,5829
111.57,5827
111.65,5825
111.67,5823
111.68,5822
111.71,5821
111.73,5820
111.74,5819
111.79,5818
111.85,5817
111.86,5816
111.87,5815
111.89,5814
111.91,5813
111.92,5811
111.93,5808
111.94,5806
111.95,5805
111.96,5804
111.97,5803
112.33,5801
112.34,5799
112.35,5798
112.4,5797
112.43,5795
112.46,5794
112.49,5792
112.51,5791
112.54,5790
112.58,5789
112.61,5788
112.62,5787
112.64,5784
112.65,5783
112.69,5782
112.7,5781
112.77,5780
112.85,5779
112.88,5778
112.9,5777
112.95,5775
113.24,5774
113.69,5773
113.7,5772
113.71,5770
113.72,5768
113.73,5767
113.74,5766
113.77,5764
113.78,5763
113.99,5762
114.38,5760
114.39,5759
114.65,5758
114.68,5756
114.7,5755
114.71,5753
114.72,5752
114.73,5750
114.76,5748
114.77,5746
114.79,5745
114.84,5743
114.86,5742
114.88,5739
115.28,5738
115.46,5736
115.48,5735
115.49,5734
115.51,5733
115.54,5731
115.55,5730
115.56,5728
115.59,5726
115.6,5724
115.94,5722
115.97,5721
116.3,5720
116.33,5718
116.34,5717
116.67,5715
116.68,5714
116.69,5713
116.76,5711
116.77,5709
116.82,5707
116.85,5705
116.86,5704
117.27,5703
117.32,5701
117.33,5700
117.34,5699
117.38,5698
117.41,5697
117.42,5696
117.47,5693
117.51,5692
117.52,5690
117.53,5689
117.61,5688
117.62,5687
117.64,5686
117.67,5684
117.68,5683
117.69,5681
117.71,5680
117.72,5679
117.73,5678
117.76,5677
117.78,5676
118.02,5675
118.12,5674
118.35,5671
118.4,5670
118.41,5668
118.44,5667
118.45,5665
118.46,5664
118.47,5662
118.49,5660
118.5,5659
118.53,5658
118.55,5656
118.57,5655
118.61,5652
118.63,5651
118.66,5650
118.72,5649
118.74,5647
118.75,5645
118.77,5644
119.09,5640
119.13,5639
119.14,5636
119.15,5635
119.19,5634
119.38,5632
119.42,5631
120.19,5629
120.21,5628
120.23,5627
120.24,5626
120.25,5625
120.26,5624
120.33,5623
120.36,5622
120.83,5621
120.85,5620
120.89,5619
121.07,5618
121.08,5617
121.09,5616
121.1,5615
121.11,5614
121.12,5611
121.16,5609
121.2,5608
121.21,5607
121.22,5605
121.28,5602
121.29,5599
121.32,5598
121.34,5596
121.35,5595
121.4,5594
121.5,5593
121.55,5592
121.57,5591
121.58,5590
121.59,5589
121.61,5587
121.62,5586
121.63,5584
121.67,5583
121.69,5582
121.7,5580
121.76,5579
121.8,5578
121.87,5577
121.91,5576
121.92,5575
121.98,5574
121.99,5572
122.02,5571
122.04,5569
122.07,5568
122.08,5567
122.11,5566
122.13,5564
122.15,5563
122.18,5561
122.19,5560
122.4,5558
122.83,5556
122.87,5555
122.89,5553
122.91,5552
122.92,5551
122.96,5550
122.97,5549
123.02,5548
123.49,5545
123.5,5544
123.51,5540
123.53,5539
123.55,5538
123.61,5536
123.62,5535
123.67,5534
123.68,5533
123.69,5532
123.74,5529
123.77,5526
123.81,5525
123.83,5523
123.85,5522
124.0,5520
124.03,5517
124.04,5516
124.06,5515
124.1,5514
124.11,5512
124.12,5511
124.15,5509
124.2,5508
124.22,5506
124.24,5503
124.31,5502
124.35,5501
124.37,5499
124.38,5498
124.42,5497
124.43,5496
124.47,5494
124.7,5492
124.71,5491
124.92,5490
124.99,5489
125.01,5488
125.07,5487
125.16,5486
125.19,5485
125.21,5484
125.26,5483
125.32,5482
125.35,5480
125.39,5479
125.41,5477
125.76,5476
125.78,5475
125.79,5473
125.88,5472
125.89,5471
125.96,5470
126.03,5469
126.04,5468
126.37,5466
126.38,5465
126.4,5464
126.41,5463
126.65,5461
126.68,5460
126.7,5459
126.72,5458
126.73,5457
126.76,5456
126.78,5454
126.79,5453
126.86,5451
126.88,5450
126.92,5448
127.31,5447
127.68,5446
127.72,5445
128.08,5444
128.11,5443
128.15,5442
128.2,5441
128.22,5439
128.42,5437
128.44,5432
128.45,5430
128.49,5429
128.54,5428
128.57,5427
128.62,5426
128.63,5425
128.66,5422
128.67,5421
128.69,5419
128.85,5417
128.92,5416
128.98,5415
128.99,5413
129.01,5412
129.09,5410
129.14,5409
129.15,5408
129.18,5407
129.23,5406
129.58,5405
129.66,5402
129.68,5400
129.89,5399
129.94,5397
129.95,5396
129.97,5393
130.0,5392
130.05,5391
130.1,5389
130.19,5388
130.36,5387
130.73,5386
130.75,5385
130.76,5384
130.77,5383
130.8,5382
130.82,5381
130.83,5380
130.88,5379
130.9,5378
130.94,5377
131.0,5376
131.04,5375
131.08,5374
131.09,5373
131.1,5371
131.11,5370
131.17,5369
131.2,5368
131.22,5367
131.25,5366
131.82,5364
131.86,5363
131.88,5362
132.21,5361
132.22,5360
132.44,5359
132.52,5358
132.75,5357
132.77,5356
132.78,5355
132.97,5354
132.98,5353
132.99,5352
133.09,5351
133.12,5350
133.14,5348
133.2,5347
133.3,5346
133.34,5345
133.35,5344
133.36,5343
133.37,5342
133.4,5341
133.41,5339
133.45,5338
133.46,5337
133.49,5335
133.5,5334
133.53,5333
133.58,5332
133.59,5330
133.85,5328
133.86,5327
133.88,5326
134.26,5325
134.27,5323
134.33,5322
134.35,5321
134.36,5319
134.39,5318
134.4,5317
134.44,5316
134.48,5314
134.5,5313
134.51,5309
134.53,5308
134.54,5307
134.57,5306
134.61,5305
134.63,5304
134.64,5302
135.12,5301
135.13,5300
135.53,5298
135.55,5297
135.71,5296
135.75,5295
135.77,5294
135.89,5293
135.9,5292
135.91,5290
135.93,5289
135.95,5287
135.96,5286
135.98,5285
136.0,5284
136.02,5281
136.03,5280
136.09,5278
136.11,5277
136.53,5275
136.67,5274
136.87,5273
136.88,5272
136.91,5271
136.94,5270
137.15,5269
137.16,5268
137.17,5267
137.3,5266
137.36,5265
137.58,5263
137.63,5262
137.71,5259
137.72,5258
137.75,5257
137.8,5256
137.94,5255
137.95,5253
137.96,5252
138.01,5251
138.02,5249
138.1,5248
138.11,5247
138.15,5246
138.25,5245
138.62,5244
138.64,5243
139.09,5241
139.1,5239
139.13,5237
139.17,5236
139.23,5235
139.37,5234
139.41,5233
139.42,5232
139.44,5231
139.49,5230
139.57,5229
139.58,5227
139.61,5226
139.62,5225
139.66,5224
139.69,5222
139.74,5221
139.77,5220
139.84,5219
139.86,5218
139.87,5216
140.05,5215
140.09,5214
140.1,5212
140.15,5211
140.2,5210
140.25,5209
140.26,5207
140.32,5206
140.33,5205
140.34,5204
140.39,5203
140.42,5202
140.47,5200
140.49,5199
140.5,5198
140.55,5197
140.57,5196
140.95,5195
140.96,5193
140.99,5192
141.75,5191
141.77,5189
141.82,5188
141.87,5187
141.96,5186
141.97,5184
142.29,5183
142.3,5182
142.49,5181
142.53,5180
142.56,5179
142.63,5178
142.64,5177
142.66,5176
142.69,5175
142.96,5174
142.99,5173
143.0,5172
143.11,5171
143.18,5170
143.19,5168
143.26,5167
143.68,5166
143.74,5165
143.79,5164
143.81,5163
143.82,5161
143.85,5160
143.87,5159
143.89,5158
143.95,5156
143.96,5155
144.01,5153
144.02,5152
144.42,5150
144.47,5149
144.49,5148
144.51,5147
144.52,5146
144.53,5145
144.56,5144
144.57,5143
144.58,5142
144.61,5140
144.67,5139
144.73,5138
144.74,5136
144.77,5135
144.83,5134
144.87,5133
144.93,5132
144.94,5130
144.95,5129
145.98,5128
146.0,5126
146.01,5125
146.1,5123
146.16,5122
146.17,5121
146.22,5120
146.23,5116
146.24,5115
146.25,5114
146.27,5113
146.35,5112
146.38,5111
146.39,5110
146.43,5109
146.49,5108
146.51,5107
146.52,5106
146.71,5105
147.03,5103
147.08,5102
147.14,5101
147.61,5100
147.63,5099
148.16,5098
148.23,5097
148.31,5096
148.35,5095
148.37,5094
148.38,5092
148.39,5091
148.43,5089
148.44,5088
148.79,5087
148.89,5086
148.99,5085
149.36,5084
149.43,5083
149.49,5082
149.5,5081
149.52,5079
149.54,5078
150.02,5077
150.34,5076
150.42,5075
150.63,5074
150.64,5073
150.69,5071
150.73,5070
150.86,5069
151.07,5068
151.14,5066
151.15,5065
151.37,5064
151.4,5062
151.46,5061
151.48,5060
151.51,5059
151.6,5057
151.67,5056
152.61,5055
152.63,5054
152.66,5053
152.67,5052
153.09,5050
153.1,5048
153.11,5047
153.47,5046
153.68,5045
153.8,5044
153.81,5043
153.82,5042
153.83,5040
153.94,5039
153.96,5038
154.21,5037
154.23,5035
154.28,5034
154.64,5033
154.74,5032
154.75,5031
154.88,5030
155.09,5029
155.95,5028
156.05,5027
156.09,5026
156.17,5025
156.25,5024
156.26,5022
156.37,5021
156.5,5020
156.85,5019
156.91,5018
156.94,5017
156.95,5016
157.02,5015
157.08,5014
157.09,5013
157.1,5012
157.28,5011
157.35,5010
157.36,5009
158.06,5008
158.08,5007
158.8,5006
159.51,5005
159.53,5004
159.64,5003
159.88,5001
159.93,5000
159.94,4999
160.02,4998
160.06,4997
160.35,4996
160.38,4995
160.4,4994
160.42,4993
160.55,4992
160.58,4991
160.82,4990
160.85,4989
160.87,4988
160.89,4987
161.64,4986
161.65,4985
161.68,4984
161.73,4983
162.23,4982
162.31,4981
162.32,4980
162.33,4979
163.15,4978
163.22,4977
163.31,4975
163.4,4974
163.48,4973
163.55,4972
163.56,4971
163.58,4970
163.65,4967
163.66,4966
163.83,4965
163.88,4964
164.26,4963
164.65,4962
164.76,4960
165.45,4959
165.47,4957
165.71,4956
166.32,4955
166.38,4954
166.72,4953
166.73,4952
166.98,4951
167.11,4950
167.4,4949
167.86,4948
168.11,4947
168.14,4946
168.18,4945
168.2,4944
168.51,4943
168.53,4942
169.1,4940
169.12,4939
169.18,4938
169.19,4937
169.21,4936
169.51,4935
169.53,4934
169.58,4933
169.63,4932
169.9,4931
169.93,4930
169.96,4929
169.97,4928
169.98,4927
170.0,4926
170.04,4925
170.13,4924
170.14,4923
170.24,4922
170.25,4921
170.34,4920
170.37,4919
170.39,4917
170.57,4916
170.59,4915
170.69,4914
170.7,4913
171.26,4911
171.28,4910
171.37,4909
171.41,4908
171.49,4907
171.84,4906
171.95,4905
172.04,4904
173.17,4903
173.22,4902
173.23,4901
173.28,4900
173.34,4899
173.47,4898
173.92,4897
174.79,4896
174.92,4894
175.16,4892
175.54,4891
175.58,4890
175.74,4889
175.91,4888
176.08,4887
176.17,4886
176.37,4885
176.42,4884
177.18,4883
177.19,4882
177.27,4881
177.59,4880
177.65,4879
178.02,4878
178.06,4876
178.07,4875
178.32,4874
178.35,4873
178.47,4872
178.53,4871
178.56,4870
178.6,4869
179.07,4868
179.57,4867
180.02,4866
180.19,4865
180.63,4864
180.7,4863
180.73,4862
180.88,4861
181.5,4860
181.68,4859
181.7,4858
182.26,4857
182.31,4856
182.61,4855
183.05,4854
183.08,4852
183.1,4851
183.21,4850
183.47,4849
183.5,4848
183.64,4847
183.88,4846
184.03,4845
184.11,4844
184.35,4843
184.37,4842
184.39,4841
184.46,4840
185.11,4839
185.16,4838
185.37,4837
185.58,4836
185.7,4835
185.77,4834
186.32,4833
186.41,4832
186.49,4831
186.78,4830
186.85,4829
187.01,4828
187.23,4827
187.25,4826
187.3,4825
187.31,4824
188.33,4823
188.49,4822
188.89,4821
189.44,4820
190.03,4818
190.37,4817
191.23,4816
191.27,4815
191.34,4814
191.43,4813
191.49,4812
191.91,4811
191.92,4810
192.12,4809
192.13,4808
192.34,4807
192.36,4806
192.78,4805
194.37,4804
194.4,4803
194.66,4802
194.69,4801
194.71,4800
194.77,4799
194.88,4798
194.9,4797
195.42,4796
195.45,4795
195.79,4794
195.82,4792
196.21,4791
196.22,4790
196.29,4789
196.3,4788
196.72,4787
196.74,4786
197.16,4785
197.53,4784
197.54,4783
197.59,4782
198.43,4781
199.03,4780
199.08,4779
199.62,4778
199.77,4777
199.82,4776
199.9,4775
200.25,4774
200.28,4773
200.29,4772
200.33,4771
200.48,4770
200.49,4769
200.61,4768
201.6,4767
201.61,4766
201.92,4765
202.17,4764
202.81,4763
203.01,4762
203.04,4761
203.05,4760
203.27,4759
203.32,4758
203.34,4757
203.76,4756
204.55,4755
204.79,4754
204.89,4753
204.91,4752
205.07,4751
205.26,4750
205.32,4749
205.39,4748
205.4,4747
206.13,4746
206.17,4745
206.45,4744
206.77,4743
207.04,4742
207.3,4740
207.84,4739
207.99,4738
208.13,4737
208.42,4736
208.61,4735
208.69,4734
208.9,4733
209.01,4732
209.39,4731
209.6,4730
209.64,4729
210.54,4727
210.66,4725
210.99,4723
211.3,4722
212.28,4721
212.58,4720
213.27,4719
213.5,4718
213.57,4717
214.25,4716
214.63,4715
214.85,4714
214.9,4713
215.84,4712
215.93,4711
216.12,4710
216.14,4709
216.17,4708
216.18,4707
216.23,4706
216.25,4705
217.21,4704
219.78,4703
221.15,4702
221.46,4701
221.52,4700
221.56,4699
221.8,4698
222.3,4696
223.11,4695
223.14,4694
223.37,4692
223.39,4691
223.42,4690
223.53,4689
223.87,4688
225.61,4687
226.11,4686
226.59,4685
226.6,4684
227.28,4683
227.47,4682
227.49,4681
227.56,4680
227.73,4678
227.99,4677
228.07,4676
228.71,4675
229.63,4674
229.77,4673
229.95,4672
230.02,4671
230.31,4670
230.32,4669
230.33,4668
230.38,4666
230.82,4665
231.04,4664
231.77,4663
232.0,4662
232.39,4661
232.51,4660
233.86,4659
233.89,4658
234.81,4657
236.17,4656
236.57,4655
237.11,4654
237.62,4653
237.98,4652
238.0,4651
241.33,4650
241.98,4649
242.8,4648
242.89,4647
243.5,4646
243.54,4645
243.96,4644
244.38,4643
244.51,4642
244.54,4641
244.94,4640
244.95,4639
245.73,4638
247.01,4637
247.8,4636
248.34,4634
248.96,4633
249.5,4632
249.77,4631
253.19,4630
253.89,4629
254.42,4628
256.35,4627
256.38,4626
256.78,4625
257.93,4624
258.83,4623
259.06,4622
261.0,4621
261.37,4620
263.48,4619
264.41,4618
266.12,4616
266.34,4615
267.14,4614
268.46,4613
271.12,4612
271.87,4611
272.33,4610
273.24,4609
275.64,4608
276.03,4607
276.2,4606
277.44,4605
278.69,4604
280.46,4603
283.83,4602
288.5,4601
289.04,4600
290.13,4599
292.05,4598
292.44,4597
294.04,4596
294.42,4595
301.4,4594
302.59,4593
305.48,4592
306.09,4591
310.2,4590
311.87,4589
313.35,4588
314.34,4587
326.19,4586
335.65,4585
343.01,4584
344.35,4583
344.92,4582
346.4,4581
351.25,4580
351.75,4579
351.92,4578
354.37,4577
355.95,4576
355.98,4575
357.6,4574
370.28,4573
370.36,4572
396.2,4571
399.33,4570
402.97,4569
419.95,4568
421.28,4567
428.88,4566
440.1,4565
445.07,4564
447.38,4563
447.6,4562
462.49,4561
494.88,4560
553.89,4559
582.55,4558
