0.0,2
0.01,4
0.02,6
0.03,8
0.04,10
0.05,7
0.06,8
0.07,13
0.08,20
0.09,22
0.1,24
0.11,26
0.12,28
0.13,30
0.14,17
0.15,18
0.16,19
0.17,40
0.18,42
0.19,44
0.2,46
0.21,48
0.22,50
0.23,27
0.24,28
0.25,58
0.26,60
0.27,62
0.28,64
0.29,66
0.3,68
0.31,70
0.32,37
0.33,38
0.34,76
0.35,80
0.36,82
0.37,84
0.38,86
0.39,88
0.4,46
0.41,47
0.42,48
0.43,95
0.44,100
0.45,102
0.46,104
0.47,106
0.48,108
0.49,56
0.5,57
0.51,63
0.52,118
0.53,120
0.54,122
0.55,124
0.56,126
0.57,128
0.58,66
0.59,67
0.6,100
0.61,138
0.62,140
0.63,142
0.64,144
0.65,146
0.66,148
0.67,150
0.68,77
0.69,78
0.7,152
0.71,160
0.72,162
0.73,164
0.74,166
0.75,168
0.76,74
0.77,87
0.78,88
0.79,89
0.8,172
0.81,182
0.82,184
0.83,186
0.84,188
0.85,190
0.86,192
0.87,98
0.88,99
0.89,144
0.9,202
0.91,204
0.92,206
0.93,208
0.94,210
0.95,212
0.96,108
0.97,109
0.98,110
0.99,212
1.0,224
1.01,226
1.02,228
1.03,230
1.04,232
1.05,118
1.06,119
1.07,124
1.08,242
1.09,244
1.1,246
1.11,248
1.12,250
1.13,252
1.14,254
1.15,129
1.16,130
1.17,250
1.18,264
1.19,266
1.2,268
1.21,270
1.22,272
1.23,274
1.24,139
1.25,140
1.26,270
1.27,284
1.28,286
1.29,288
1.3,290
1.31,292
1.32,294
1.33,149
1.34,150
1.35,151
1.36,290
1.37,306
1.38,308
1.39,310
1.4,312
1.41,314
1.42,316
1.43,160
1.44,161
1.45,162
1.46,312
1.47,328
1.48,330
1.49,332
1.5,334
1.51,336
1.52,338
1.53,6
1.54,172
1.55,173
1.56,246
1.57,350
1.58,352
1.59,354
1.6,356
1.61,358
1.62,360
1.63,362
1.64,183
1.65,184
1.66,199
1.67,372
1.68,374
1.69,376
1.7,378
1.71,380
1.72,382
1.73,384
1.74,386
1.75,195
1.76,196
1.77,376
1.78,396
1.79,398
1.8,400
1.81,402
1.82,404
1.83,406
1.84,64
1.85,206
1.86,207
1.87,208
1.88,398
1.89,420
1.9,422
1.91,424
1.92,426
1.93,428
1.94,430
1.95,70
1.96,218
1.97,219
1.98,412
1.99,442
2.0,444
2.01,446
2.02,448
2.03,450
2.04,452
2.05,454
2.06,229
2.07,230
2.08,439
2.09,464
2.1,466
2.11,468
2.12,470
2.13,472
2.14,474
2.15,57
2.16,240
2.17,241
2.18,242
2.19,458
2.2,488
2.21,490
2.22,492
2.23,494
2.24,496
2.25,498
2.26,251
2.27,252
2.28,266
2.29,506
2.3,510
2.31,512
2.32,514
2.33,516
2.34,518
2.35,520
2.36,522
2.37,263
2.38,264
2.39,481
2.4,531
2.41,534
2.42,536
2.43,538
2.44,540
2.45,542
2.46,544
2.47,274
2.48,275
2.49,426
2.5,530
2.51,555
2.52,558
2.53,560
2.54,562
2.55,564
2.56,566
2.57,568
2.58,286
2.59,287
2.6,292
2.61,546
2.62,579
2.63,582
2.64,584
2.65,586
2.66,588
2.67,590
2.68,592
2.69,187
2.7,299
2.71,300
2.72,540
2.73,603
2.74,606
2.75,608
2.76,610
2.77,612
2.78,614
2.79,616
2.8,310
2.81,311
2.82,312
2.83,592
2.84,626
2.85,629
2.86,632
2.87,634
2.88,636
2.89,638
2.9,640
2.91,642
2.92,644
2.93,646
2.94,325
2.95,326
2.96,327
2.97,449
2.98,646
2.99,655
3.0,658
3.01,661
3.02,663
3.03,666
3.04,98
3.05,337
3.06,338
3.07,634
3.08,674
3.09,678
3.1,681
3.11,683
3.12,685
3.13,689
3.14,347
3.15,348
3.16,568
3.17,693
3.18,697
3.19,700
3.2,703
3.21,705
3.22,708
3.23,357
3.24,358
3.25,359
3.26,676
3.27,716
3.28,720
3.29,722
3.3,725
3.31,727
3.32,730
3.33,734
3.34,369
3.35,370
3.36,667
3.37,734
3.38,741
3.39,744
3.4,747
3.41,749
3.42,751
3.43,755
3.44,380
3.45,381
3.46,588
3.47,756
3.48,763
3.49,766
3.5,769
3.51,771
3.52,774
3.53,84
3.54,391
3.55,392
3.56,742
3.57,781
3.58,785
3.59,788
3.6,791
3.61,793
3.62,796
3.63,149
3.64,402
3.65,403
3.66,764
3.67,803
3.68,807
3.69,810
3.7,813
3.71,815
3.72,818
3.73,3
3.74,413
3.75,414
3.76,786
3.77,825
3.78,829
3.79,832
3.8,835
3.81,837
3.82,839
3.83,843
3.84,424
3.85,425
3.86,632
3.87,844
3.88,851
3.89,854
3.9,856
3.91,859
3.92,861
3.93,864
3.94,84
3.95,436
3.96,437
3.97,659
3.98,868
3.99,875
4.0,878
4.01,881
4.02,883
4.03,886
4.04,377
4.05,447
4.06,501
4.07,854
4.08,895
4.09,898
4.1,901
4.11,903
4.12,906
4.13,910
4.14,457
4.15,458
4.16,459
4.17,703
4.18,871
4.19,909
4.2,913
4.21,915
4.22,919
4.23,922
4.24,923
4.25,926
4.26,934
4.27,122
4.28,472
4.29,473
4.3,474
4.31,885
4.32,923
4.33,927
4.34,934
4.35,941
4.36,944
4.37,946
4.38,949
4.39,953
4.4,956
4.41,962
4.42,970
4.43,488
4.44,489
4.45,490
4.46,906
4.47,944
4.48,949
4.49,961
4.5,972
4.51,975
4.52,982
4.53,994
4.54,484
4.55,501
4.56,502
4.57,929
4.58,968
4.59,972
4.6,985
4.61,995
4.62,998
4.63,1004
4.64,1019
4.65,506
4.66,513
4.67,514
4.68,949
4.69,987
4.7,992
4.71,1007
4.72,1017
4.73,1020
4.74,1026
4.75,1039
4.76,407
4.77,525
4.78,526
4.79,969
4.8,1008
4.81,1012
4.82,1022
4.83,1034
4.84,1042
4.85,1048
4.86,1057
4.87,1070
4.88,537
4.89,538
4.9,539
4.91,993
4.92,1032
4.93,1036
4.94,1048
4.95,1060
4.96,1069
4.97,1074
4.98,1084
4.99,1096
5.0,550
5.01,551
5.02,1014
5.03,1053
5.04,1059
5.05,1076
5.06,1086
5.07,1094
5.08,1107
5.09,213
5.1,561
5.11,562
5.12,1035
5.13,1075
5.14,1082
5.15,1099
5.16,1108
5.17,1116
5.18,1131
5.19,245
5.2,572
5.21,573
5.22,1055
5.23,1094
5.24,1099
5.25,1112
5.26,1125
5.27,1134
5.28,1140
5.29,1154
5.3,312
5.31,584
5.32,585
5.33,1065
5.34,1114
5.35,1119
5.36,1133
5.37,1148
5.38,1157
5.39,1163
5.4,1180
5.41,282
5.42,596
5.43,597
5.44,1098
5.45,1136
5.46,1141
5.47,1157
5.48,1169
5.49,1178
5.5,1188
5.51,1204
5.52,423
5.53,608
5.54,609
5.55,972
5.56,1154
5.57,1161
5.58,1173
5.59,1186
5.6,1197
5.61,1204
5.62,1221
5.63,1236
5.64,503
5.65,621
5.66,622
5.67,1142
5.68,1181
5.69,1185
5.7,1205
5.71,1217
5.72,1226
5.73,1232
5.74,1250
5.75,1262
5.76,617
5.77,634
5.78,635
5.79,1166
5.8,1205
5.81,1208
5.82,1220
5.83,1234
5.84,1245
5.85,1252
5.86,1267
5.87,1279
5.88,1290
5.89,77
5.9,648
5.91,649
5.92,650
5.93,651
5.94,652
5.95,653
5.96,1034
5.97,1190
5.98,1226
5.99,1233
6.0,1237
6.01,1244
6.02,1264
6.03,1282
6.04,1294
6.05,1320
6.06,462
6.07,666
6.08,725
6.09,1250
6.1,1257
6.11,1275
6.12,1296
6.13,1310
6.14,1326
6.15,1346
6.16,646
6.17,677
6.18,1044
6.19,1274
6.2,1279
6.21,1297
6.22,1318
6.23,1332
6.24,1351
6.25,1368
6.26,610
6.27,688
6.28,907
6.29,1294
6.3,1301
6.31,1315
6.32,1335
6.33,1354
6.34,1370
6.35,1390
6.36,646
6.37,699
6.38,830
6.39,1311
6.4,1323
6.41,1336
6.42,1353
6.43,1371
6.44,1382
6.45,1405
6.46,120
6.47,710
6.48,711
6.49,1087
6.5,1340
6.51,1347
6.52,1361
6.53,1376
6.54,1392
6.55,1403
6.56,1422
6.57,1440
6.58,646
6.59,723
6.6,724
6.61,1330
6.62,1369
6.63,1376
6.64,1391
6.65,1408
6.66,1426
6.67,1434
6.68,1457
6.69,345
6.7,735
6.71,736
6.72,1102
6.73,1390
6.74,1397
6.75,1411
6.76,1427
6.77,1444
6.78,1454
6.79,1468
6.8,1484
6.81,440
6.82,748
6.83,749
6.84,1380
6.85,1419
6.86,1425
6.87,1440
6.88,1457
6.89,1475
6.9,1484
6.91,1507
6.92,318
6.93,760
6.94,761
6.95,1306
6.96,1442
6.97,1449
6.98,1465
6.99,1483
7.0,1501
7.01,1523
7.02,241
7.03,771
7.04,772
7.05,1426
7.06,1467
7.07,1481
7.08,1501
7.09,1520
7.1,1536
7.11,1558
7.12,626
7.13,782
7.14,940
7.15,1482
7.16,1489
7.17,1507
7.18,1529
7.19,1543
7.2,1567
7.21,296
7.22,792
7.23,793
7.24,1468
7.25,1509
7.26,1526
7.27,1545
7.28,1562
7.29,1582
7.3,23
7.31,802
7.32,803
7.33,1406
7.34,1527
7.35,1535
7.36,1557
7.37,1572
7.38,1587
7.39,1609
7.4,329
7.41,813
7.42,814
7.43,1510
7.44,1550
7.45,1563
7.46,1582
7.47,1604
7.48,1619
7.49,1640
7.5,738
7.51,824
7.52,1166
7.53,1568
7.54,1575
7.55,1591
7.56,1610
7.57,1626
7.58,1642
7.59,1664
7.6,757
7.61,835
7.62,1034
7.63,1588
7.64,1595
7.65,1611
7.66,1629
7.67,1648
7.68,1662
7.69,1684
7.7,623
7.71,846
7.72,995
7.73,1610
7.74,1617
7.75,1631
7.76,1646
7.77,1663
7.78,1675
7.79,1697
7.8,21
7.81,820
7.82,858
7.83,1103
7.84,1634
7.85,1641
7.86,1655
7.87,1671
7.88,1688
7.89,1700
7.9,1722
7.91,168
7.92,869
7.93,870
7.94,1346
7.95,1660
7.96,1665
7.97,1682
7.98,1700
7.99,1718
8.0,1734
8.01,1755
8.02,699
8.03,881
8.04,1301
8.05,1682
8.06,1689
8.07,1709
8.08,1728
8.09,1742
8.1,1763
8.11,218
8.12,891
8.13,892
8.14,1638
8.15,1705
8.16,1714
8.17,1736
8.18,1756
8.19,1768
8.2,1792
8.21,503
8.22,902
8.23,958
8.24,1704
8.25,1729
8.26,1743
8.27,1761
8.28,1781
8.29,1793
8.3,1818
8.31,554
8.32,913
8.33,1031
8.34,1744
8.35,1751
8.36,1766
8.37,1782
8.38,1801
8.39,1810
8.4,1833
8.41,239
8.42,924
8.43,925
8.44,1486
8.45,1771
8.46,1778
8.47,1797
8.48,1816
8.49,1828
8.5,1850
8.51,1866
8.52,682
8.53,936
8.54,1051
8.55,1756
8.56,1797
8.57,1806
8.58,1826
8.59,1843
8.6,1855
8.61,1875
8.62,1890
8.63,712
8.64,948
8.65,949
8.66,1780
8.67,1820
8.68,1829
8.69,1850
8.7,1867
8.71,1879
8.72,1899
8.73,1
8.74,810
8.75,960
8.76,1120
8.77,1804
8.78,1844
8.79,1852
8.8,1873
8.81,1888
8.82,1900
8.83,1917
8.84,1936
8.85,482
8.86,972
8.87,973
8.88,1502
8.89,1864
8.9,1871
8.91,1883
8.92,1900
8.93,1917
8.94,1929
8.95,1949
8.96,1
8.97,741
8.98,985
8.99,1035
9.0,1888
9.01,1895
9.02,1912
9.03,1931
9.04,1948
9.05,1963
9.06,1982
9.07,535
9.08,996
9.09,1077
9.1,1910
9.11,1917
9.12,1934
9.13,1952
9.14,1970
9.15,1986
9.16,2006
9.17,730
9.18,1007
9.19,1379
9.2,1934
9.21,1941
9.22,1960
9.23,1980
9.24,1992
9.25,2015
9.26,2030
9.27,754
9.28,1018
9.29,1305
9.3,1954
9.31,1961
9.32,1975
9.33,1991
9.34,2008
9.35,2020
9.36,2041
9.37,285
9.38,1029
9.39,1030
9.4,1527
9.41,1981
9.42,1987
9.43,2004
9.44,2024
9.45,2038
9.46,2054
9.47,2074
9.48,531
9.49,1041
9.5,1095
9.51,1966
9.52,2005
9.53,2013
9.54,2034
9.55,2050
9.56,2062
9.57,2078
9.58,2096
9.59,466
9.6,1053
9.61,1054
9.62,1953
9.63,2029
9.64,2036
9.65,2055
9.66,2072
9.67,2086
9.68,2093
9.69,2113
9.7,2126
9.71,805
9.72,1066
9.73,1201
9.74,2016
9.75,2056
9.76,2063
9.77,2077
9.78,2094
9.79,2112
9.8,2118
9.81,2142
9.82,2
9.83,643
9.84,1079
9.85,1080
9.86,1834
9.87,2081
9.88,2088
9.89,2102
9.9,2117
9.91,2134
9.92,2140
9.93,2157
9.94,2176
9.95,471
9.96,1069
9.97,1093
9.98,1238
9.99,2048
10.0,2110
10.01,2117
10.02,2130
10.03,2144
10.04,2159
10.05,2169
10.06,2184
10.07,2200
10.08,200
10.09,823
10.1,1107
10.11,1108
10.12,1800
10.13,2136
10.14,2141
10.15,2148
10.16,2162
10.17,2177
10.18,2191
10.19,2201
10.2,2217
10.21,2234
10.22,393
10.23,818
10.24,1122
10.25,1123
10.26,1715
10.27,2147
10.28,2170
10.29,2175
10.3,2188
10.31,2202
10.32,2213
10.33,2226
10.34,2231
10.35,2246
10.36,2262
10.37,153
10.38,695
10.39,1138
10.4,1139
10.41,1298
10.42,2087
10.43,2201
10.44,2205
10.45,2214
10.46,2229
10.47,2241
10.48,2251
10.49,2262
10.5,2270
10.51,2287
10.52,2300
10.53,372
10.54,784
10.55,1155
10.56,1156
10.57,1327
10.58,2025
10.59,2234
10.6,2239
10.61,2244
10.62,2257
10.63,2270
10.64,2282
10.65,2289
10.66,2298
10.67,2304
10.68,2317
10.69,2332
10.7,139
10.71,578
10.72,1173
10.73,1174
10.74,1175
10.75,1390
10.76,1914
10.77,2270
10.78,2275
10.79,2281
10.8,2288
10.81,2302
10.82,2312
10.83,2324
10.84,2336
10.85,2341
10.86,2351
10.87,2366
10.88,2378
10.89,448
10.9,790
10.91,1193
10.92,1194
10.93,1195
10.94,1647
10.95,2191
10.96,2310
10.97,2315
10.98,2319
10.99,2323
11.0,2335
11.01,2349
11.02,2359
11.03,2372
11.04,2381
11.05,2394
11.06,2409
11.07,16
11.08,652
11.09,1212
11.1,1213
11.11,1760
11.12,2344
11.13,2351
11.14,2357
11.15,2372
11.16,2387
11.17,2401
11.18,2411
11.19,2424
11.2,2441
11.21,303
11.22,743
11.23,1227
11.24,1228
11.25,1559
11.26,2284
11.27,2379
11.28,2383
11.29,2392
11.3,2407
11.31,2416
11.32,2428
11.33,2440
11.34,2448
11.35,2465
11.36,2480
11.37,488
11.38,1112
11.39,1244
11.4,1245
11.41,1853
11.42,2408
11.43,2415
11.44,2420
11.45,2434
11.46,2447
11.47,2460
11.48,2472
11.49,2478
11.5,2496
11.51,2506
11.52,186
11.53,606
11.54,1235
11.55,1261
11.56,1262
11.57,1601
11.58,2275
11.59,2447
11.6,2450
11.61,2453
11.62,2461
11.63,2477
11.64,2488
11.65,2498
11.66,2510
11.67,2515
11.68,2528
11.69,2537
11.7,2550
11.71,138
11.72,511
11.73,1095
11.74,1281
11.75,1282
11.76,1283
11.77,1897
11.78,2148
11.79,2484
11.8,2490
11.81,2493
11.82,2498
11.83,2509
11.84,2513
11.85,2525
11.86,2529
11.87,2541
11.88,2553
11.89,2556
11.9,2562
11.91,2575
11.92,2588
11.93,2598
11.94,2602
11.95,479
11.96,922
11.97,1269
11.98,1306
11.99,1307
12.0,2097
12.01,2527
12.02,2534
12.03,2541
12.04,2556
12.05,2566
12.06,2579
12.07,2591
12.08,2599
12.09,2615
12.1,2634
12.11,262
12.12,859
12.13,1322
12.14,1323
12.15,1709
12.16,2488
12.17,2562
12.18,2566
12.19,2575
12.2,2595
12.21,2607
12.22,2622
12.23,2629
12.24,2639
12.25,2653
12.26,2668
12.27,233
12.28,824
12.29,1339
12.3,1340
12.31,1747
12.32,2300
12.33,2596
12.34,2600
12.35,2609
12.36,2627
12.37,2637
12.38,2649
12.39,2659
12.4,2671
12.41,2691
12.42,2702
12.43,325
12.44,698
12.45,1356
12.46,1357
12.47,1533
12.48,2020
12.49,2627
12.5,2632
12.51,2636
12.52,2641
12.53,2655
12.54,2669
12.55,2682
12.56,2694
12.57,2697
12.58,2706
12.59,2725
12.6,2740
12.61,247
12.62,654
12.63,1298
12.64,1376
12.65,1377
12.66,1715
12.67,2137
12.68,2667
12.69,2672
12.7,2678
12.71,2688
12.72,2702
12.73,2708
12.74,2717
12.75,2727
12.76,2737
12.77,2743
12.78,2755
12.79,2773
12.8,2784
12.81,426
12.82,712
12.83,1232
12.84,1397
12.85,1398
12.86,1701
12.87,2189
12.88,2603
12.89,2714
12.9,2718
12.91,2720
12.92,2725
12.93,2734
12.94,2742
12.95,2755
12.96,2766
12.97,2775
12.98,2783
12.99,2789
13.0,2806
13.01,2826
13.02,408
13.03,1001
13.04,1418
13.05,1419
13.06,2075
13.07,2749
13.08,2756
13.09,2763
13.1,2780
13.11,2790
13.12,2805
13.13,2815
13.14,2824
13.15,2844
13.16,2858
13.17,466
13.18,1050
13.19,1434
13.2,1435
13.21,2014
13.22,2776
13.23,2788
13.24,2793
13.25,2807
13.26,2820
13.27,2832
13.28,2846
13.29,2853
13.3,2867
13.31,2885
13.32,32
13.33,559
13.34,1090
13.35,1451
13.36,1452
13.37,1903
13.38,2551
13.39,2820
13.4,2824
13.41,2829
13.42,2840
13.43,2856
13.44,2869
13.45,2882
13.46,2889
13.47,2902
13.48,2920
13.49,2930
13.5,555
13.51,956
13.52,1240
13.53,1470
13.54,1471
13.55,1595
13.56,2207
13.57,2729
13.58,2860
13.59,2864
13.6,2868
13.61,2875
13.62,2888
13.63,2899
13.64,2911
13.65,2924
13.66,2931
13.67,2944
13.68,2962
13.69,126
13.7,664
13.71,1389
13.72,1490
13.73,1721
13.74,2413
13.75,2896
13.76,2900
13.77,2906
13.78,2919
13.79,2933
13.8,2946
13.81,2959
13.82,2966
13.83,2979
13.84,2997
13.85,52
13.86,531
13.87,1081
13.88,1507
13.89,1508
13.9,2129
13.91,2767
13.92,2932
13.93,2936
13.94,2945
13.95,2960
13.96,2973
13.97,2985
13.98,2995
13.99,3004
14.0,3028
14.01,73
14.02,678
14.03,1412
14.04,1524
14.05,2060
14.06,2807
14.07,2965
14.08,2971
14.09,2986
14.1,3003
14.11,3019
14.12,3029
14.13,3042
14.14,3062
14.15,228
14.16,721
14.17,1292
14.18,1539
14.19,1609
14.2,2426
14.21,2994
14.22,2998
14.23,3012
14.24,3028
14.25,3042
14.26,3055
14.27,3062
14.28,3081
14.29,3098
14.3,282
14.31,782
14.32,1540
14.33,1555
14.34,1959
14.35,2704
14.36,3026
14.37,3032
14.38,3043
14.39,3059
14.4,3072
14.41,3087
14.42,3093
14.43,3106
14.44,3126
14.45,200
14.46,745
14.47,1458
14.48,1571
14.49,1962
14.5,2674
14.51,3058
14.52,3062
14.53,3070
14.54,3086
14.55,3099
14.56,3111
14.57,3121
14.58,3128
14.59,3149
14.6,3164
14.61,221
14.62,676
14.63,1257
14.64,1588
14.65,1589
14.66,2241
14.67,2819
14.68,3094
14.69,3100
14.7,3112
14.71,3128
14.72,3140
14.73,3154
14.74,3161
14.75,3173
14.76,3185
14.77,3200
14.78,373
14.79,797
14.8,1393
14.81,1606
14.82,1607
14.83,1982
14.84,2567
14.85,3087
14.86,3133
14.87,3138
14.88,3144
14.89,3157
14.9,3169
14.91,3182
14.92,3195
14.93,3202
14.94,3214
14.95,3232
14.96,64
14.97,583
14.98,1147
14.99,1625
15.0,1793
15.01,2571
15.02,3166
15.03,3170
15.04,3184
15.05,3200
15.06,3214
15.07,3227
15.08,3236
15.09,3256
15.1,3272
15.11,608
15.12,1363
15.13,1640
15.14,2018
15.15,2723
15.16,3196
15.17,3202
15.18,3216
15.19,3231
15.2,3245
15.21,3257
15.22,3269
15.23,3290
15.24,79
15.25,651
15.26,1390
15.27,1655
15.28,1984
15.29,2752
15.3,3226
15.31,3232
15.32,3244
15.33,3260
15.34,3274
15.35,3287
15.36,3294
15.37,3315
15.38,3330
15.39,476
15.4,949
15.41,1670
15.42,1671
15.43,2188
15.44,2804
15.45,3258
15.46,3262
15.47,3270
15.48,3288
15.49,3300
15.5,3318
15.51,3323
15.52,3336
15.53,3353
15.54,3366
15.55,459
15.56,931
15.57,1623
15.58,1688
15.59,2128
15.6,2838
15.61,3292
15.62,3296
15.63,3305
15.64,3324
15.65,3333
15.66,3345
15.67,3355
15.68,3364
15.69,3383
15.7,3398
15.71,455
15.72,936
15.73,1563
15.74,1705
15.75,2119
15.76,2731
15.77,3312
15.78,3330
15.79,3336
15.8,3349
15.81,3362
15.82,3375
15.83,3389
15.84,3395
15.85,3408
15.86,3423
15.87,3436
15.88,459
15.89,947
15.9,1463
15.91,1723
15.92,1838
15.93,2521
15.94,3150
15.95,3365
15.96,3370
15.97,3382
15.98,3395
15.99,3406
16.0,3424
16.01,3431
16.02,3448
16.03,3468
16.04,384
16.05,952
16.06,1655
16.07,1740
16.08,2262
16.09,2901
16.1,3396
16.11,3402
16.12,3415
16.13,3430
16.14,3444
16.15,3457
16.16,3466
16.17,3485
16.18,3502
16.19,537
16.2,1149
16.21,1755
16.22,1816
16.23,2594
16.24,3230
16.25,3430
16.26,3435
16.27,3449
16.28,3464
16.29,3477
16.3,3489
16.31,3501
16.32,3521
16.33,3534
16.34,522
16.35,1117
16.36,1771
16.37,1772
16.38,2427
16.39,3114
16.4,3462
16.41,3467
16.42,3478
16.43,3494
16.44,3507
16.45,3520
16.46,3527
16.47,3540
16.48,3559
16.49,20
16.5,552
16.51,1198
16.52,1788
16.53,1789
16.54,2280
16.55,3016
16.56,3494
16.57,3500
16.58,3512
16.59,3527
16.6,3535
16.61,3547
16.62,3557
16.63,3564
16.64,3585
16.65,3600
16.66,370
16.67,654
16.68,1233
16.69,1806
16.7,1807
16.71,2112
16.72,2577
16.73,3027
16.74,3532
16.75,3536
16.76,3543
16.77,3557
16.78,3568
16.79,3580
16.8,3594
16.81,3602
16.82,3614
16.83,3633
16.84,3642
16.85,461
16.86,866
16.87,1462
16.88,1826
16.89,1842
16.9,2521
16.91,3190
16.92,3570
16.93,3574
16.94,3581
16.95,3593
16.96,3606
16.97,3615
16.98,3625
16.99,3635
17.0,3649
17.01,3667
17.02,44
17.03,641
17.04,1338
17.05,1844
17.06,2099
17.07,2882
17.08,3604
17.09,3610
17.1,3622
17.11,3638
17.12,3652
17.13,3665
17.14,3676
17.15,3695
17.16,3710
17.17,476
17.18,1155
17.19,1859
17.2,1918
17.21,2653
17.22,3429
17.23,3638
17.24,3647
17.25,3666
17.26,3676
17.27,3694
17.28,3698
17.29,3709
17.3,3727
17.31,3742
17.32,518
17.33,1110
17.34,1709
17.35,1876
17.36,2240
17.37,2829
17.38,3487
17.39,3672
17.4,3676
17.41,3688
17.42,3703
17.43,3711
17.44,3724
17.45,3734
17.46,3742
17.47,3761
17.48,3778
17.49,479
17.5,1195
17.51,1801
17.52,1894
17.53,2355
17.54,2989
17.55,3631
17.56,3708
17.57,3714
17.58,3727
17.59,3741
17.6,3754
17.61,3767
17.62,3774
17.63,3790
17.64,3805
17.65,3814
17.66,479
17.67,897
17.68,1368
17.69,1912
17.7,2012
17.71,2601
17.72,3192
17.73,3743
17.74,3748
17.75,3762
17.76,3776
17.77,3785
17.78,3795
17.79,3805
17.8,3812
17.81,3828
17.82,3843
17.83,70
17.84,576
17.85,1097
17.86,1763
17.87,1931
17.88,2333
17.89,2907
17.9,3343
17.91,3781
17.92,3786
17.93,3792
17.94,3806
17.95,3817
17.96,3828
17.97,3835
17.98,3845
17.99,3851
18.0,3873
18.01,3888
18.02,427
18.03,1030
18.04,1810
18.05,1992
18.06,2817
18.07,3527
18.08,3818
18.09,3826
18.1,3845
18.11,3857
18.12,3874
18.13,3881
18.14,3898
18.15,3914
18.16,230
18.17,781
18.18,1562
18.19,1965
18.2,2424
18.21,3150
18.22,3846
18.23,3852
18.24,3864
18.25,3880
18.26,3893
18.27,3907
18.28,3914
18.29,3932
18.3,3950
18.31,342
18.32,779
18.33,1486
18.34,1981
18.35,2279
18.36,3050
18.37,3715
18.38,3882
18.39,3889
18.4,3906
18.41,3916
18.42,3928
18.43,3941
18.44,3948
18.45,3965
18.46,3979
18.47,188
18.48,575
18.49,1056
18.5,1876
18.51,1999
18.52,2562
18.53,3107
18.54,3807
18.55,3918
18.56,3925
18.57,3938
18.58,3951
18.59,3964
18.6,3977
18.61,3984
18.62,3988
18.63,3999
18.64,4013
18.65,4024
18.66,342
18.67,654
18.68,1304
18.69,1928
18.7,2019
18.71,2581
18.72,3285
18.73,3706
18.74,3958
18.75,3964
18.76,3976
18.77,3989
18.78,3996
18.79,4007
18.8,4019
18.81,4026
18.82,4037
18.83,4053
18.84,4065
18.85,406
18.86,871
18.87,1366
18.88,1869
18.89,2039
18.9,2543
18.91,3036
18.92,3500
18.93,3997
18.94,4002
18.95,4009
18.96,4019
18.97,4032
18.98,4041
18.99,4049
19.0,4063
19.01,4078
19.02,4096
19.03,177
19.04,625
19.05,1384
19.06,2057
19.07,2420
19.08,3204
19.09,3837
19.1,4034
19.11,4043
19.12,4061
19.13,4073
19.14,4090
19.15,4097
19.16,4112
19.17,4132
19.18,271
19.19,779
19.2,1545
19.21,2073
19.22,2560
19.23,3344
19.24,4057
19.25,4067
19.26,4077
19.27,4091
19.28,4103
19.29,4113
19.3,4125
19.31,4134
19.32,4155
19.33,4170
19.34,474
19.35,898
19.36,1541
19.37,2090
19.38,2451
19.39,3127
19.4,3936
19.41,4099
19.42,4106
19.43,4121
19.44,4134
19.45,4146
19.46,4159
19.47,4166
19.48,4183
19.49,4200
19.5,392
19.51,775
19.52,1391
19.53,1895
19.54,2108
19.55,2558
19.56,3174
19.57,3833
19.58,4135
19.59,4141
19.6,4154
19.61,4168
19.62,4181
19.63,4194
19.64,4201
19.65,4214
19.66,4230
19.67,4242
19.68,459
19.69,791
19.7,1400
19.71,1951
19.72,2185
19.73,2889
19.74,3522
19.75,4170
19.76,4175
19.77,4180
19.78,4192
19.79,4205
19.8,4213
19.81,4223
19.82,4235
19.83,4242
19.84,4253
19.85,4265
19.86,4278
19.87,4284
19.88,454
19.89,679
19.9,1227
19.91,1695
19.92,2148
19.93,2333
19.94,2790
19.95,3317
19.96,3722
19.97,4184
19.98,4221
19.99,4231
20.0,4250
20.01,4264
20.02,4277
20.03,4284
20.04,4301
20.05,4320
20.06,380
20.07,939
20.08,1598
20.09,2166
20.1,2660
20.11,3274
20.12,3996
20.13,4253
20.14,4263
20.15,4281
20.16,4290
20.17,4308
20.18,4315
20.19,4328
20.2,4347
20.21,113
20.22,654
20.23,1400
20.24,2138
20.25,2506
20.26,3220
20.27,3885
20.28,4283
20.29,4288
20.3,4301
20.31,4316
20.32,4330
20.33,4343
20.34,4350
20.35,4366
20.36,4381
20.37,85
20.38,613
20.39,1225
20.4,1888
20.41,2200
20.42,2600
20.43,3259
20.44,3863
20.45,4318
20.46,4324
20.47,4337
20.48,4352
20.49,4365
20.5,4378
20.51,4386
20.52,4398
20.53,4409
20.54,4424
20.55,168
20.56,634
20.57,1271
20.58,1782
20.59,2219
20.6,2722
20.61,3269
20.62,3910
20.63,4356
20.64,4362
20.65,4375
20.66,4386
20.67,4392
20.68,4405
20.69,4418
20.7,4425
20.71,4437
20.72,4451
20.73,4466
20.74,435
20.75,853
20.76,1461
20.77,1923
20.78,2239
20.79,2605
20.8,3046
20.81,3585
20.82,4115
20.83,4398
20.84,4404
20.85,4416
20.86,4430
20.87,4439
20.88,4450
20.89,4460
20.9,4467
20.91,4472
20.92,4485
20.93,4500
20.94,4510
20.95,458
20.96,789
20.97,1333
20.98,1993
20.99,2261
21.0,2933
21.01,3692
21.02,4411
21.03,4444
21.04,4457
21.05,4472
21.06,4486
21.07,4499
21.08,4508
21.09,4529
21.1,4544
21.11,483
21.12,1095
21.13,1816
21.14,2277
21.15,2889
21.16,3557
21.17,4184
21.18,4474
21.19,4481
21.2,4498
21.21,4510
21.22,4523
21.23,4535
21.24,4550
21.25,4568
21.26,93
21.27,519
21.28,1186
21.29,1814
21.3,2332
21.31,3088
21.32,3761
21.33,4431
21.34,4509
21.35,4523
21.36,4538
21.37,4551
21.38,4564
21.39,4572
21.4,4590
21.41,4608
21.42,104
21.43,621
21.44,1292
21.45,1914
21.46,2320
21.47,3033
21.48,3707
21.49,4380
21.5,4543
21.51,4556
21.52,4567
21.53,4578
21.54,4588
21.55,4600
21.56,4608
21.57,4620
21.58,4636
21.59,4648
21.6,545
21.61,1096
21.62,1694
21.63,2329
21.64,2694
21.65,3244
21.66,3933
21.67,4387
21.68,4580
21.69,4591
21.7,4605
21.71,4616
21.72,4628
21.73,4639
21.74,4646
21.75,4664
21.76,4680
21.77,4686
21.78,388
21.79,602
21.8,942
21.81,1407
21.82,1862
21.83,2086
21.84,2371
21.85,2830
21.86,3415
21.87,3998
21.88,4620
21.89,4624
21.9,4631
21.91,4646
21.92,4656
21.93,4668
21.94,4674
21.95,4684
21.96,4692
21.97,4705
21.98,4720
21.99,4730
22.0,520
22.01,1201
22.02,1945
22.03,2467
22.04,3233
22.05,3950
22.06,4658
22.07,4665
22.08,4681
22.09,4696
22.1,4709
22.11,4720
22.12,4734
22.13,4751
22.14,4762
22.15,443
22.16,902
22.17,1309
22.18,1986
22.19,2488
22.2,3211
22.21,3884
22.22,4587
22.23,4698
22.24,4711
22.25,4726
22.26,4739
22.27,4752
22.28,4757
22.29,4764
22.3,4785
22.31,4798
22.32,427
22.33,850
22.34,1504
22.35,2152
22.36,2593
22.37,3246
22.38,3693
22.39,3971
22.4,4560
22.41,4734
22.42,4741
22.43,4752
22.44,4765
22.45,4777
22.46,4786
22.47,4796
22.48,4804
22.49,4818
22.5,4833
22.51,40
22.52,546
22.53,832
22.54,1359
22.55,1933
22.56,2427
22.57,3034
22.58,3645
22.59,4262
22.6,4772
22.61,4779
22.62,4792
22.63,4805
22.64,4812
22.65,4821
22.66,4834
22.67,4838
22.68,4846
22.69,4865
22.7,4878
22.71,148
22.72,575
22.73,1169
22.74,1575
22.75,2201
22.76,2698
22.77,3283
22.78,3747
22.79,4256
22.8,4814
22.81,4820
22.82,4833
22.83,4847
22.84,4856
22.85,4866
22.86,4876
22.87,4884
22.88,4896
22.89,4907
22.9,4922
22.91,209
22.92,515
22.93,1005
22.94,1381
22.95,1908
22.96,2412
22.97,2888
22.98,3423
22.99,3849
23.0,4733
23.01,4862
23.02,4874
23.03,4889
23.04,4903
23.05,4916
23.06,4924
23.07,4936
23.08,4954
23.09,4964
23.1,552
23.11,1067
23.12,1691
23.13,2285
23.14,2870
23.15,3596
23.16,4357
23.17,4892
23.18,4904
23.19,4922
23.2,4932
23.21,4940
23.22,4952
23.23,4961
23.24,4981
23.25,4991
23.26,54
23.27,525
23.28,978
23.29,1666
23.3,2223
23.31,2706
23.32,3353
23.33,3947
23.34,4630
23.35,4932
23.36,4944
23.37,4960
23.38,4968
23.39,4980
23.4,4992
23.41,5000
23.42,5019
23.43,5034
23.44,246
23.45,646
23.46,1077
23.47,1670
23.48,2322
23.49,2939
23.5,3452
23.51,4050
23.52,4381
23.53,4901
23.54,4975
23.55,4986
23.56,5000
23.57,5009
23.58,5020
23.59,5031
23.6,5038
23.61,5054
23.62,5068
23.63,5078
23.64,432
23.65,922
23.66,1429
23.67,1947
23.68,2545
23.69,3076
23.7,3578
23.71,3962
23.72,4440
23.73,4880
23.74,5014
23.75,5020
23.76,5031
23.77,5044
23.78,5048
23.79,5061
23.8,5073
23.81,5078
23.82,5084
23.83,5096
23.84,5111
23.85,5122
23.86,222
23.87,557
23.88,1010
23.89,1550
23.9,2237
23.91,2696
23.92,3178
23.93,3708
23.94,4158
23.95,4533
23.96,4981
23.97,5064
23.98,5075
23.99,5084
24.0,5100
24.01,5117
24.02,5125
24.03,5139
24.04,5158
24.05,249
24.06,727
24.07,1305
24.08,1998
24.09,2726
24.1,2921
24.11,3424
24.12,3770
24.13,4234
24.14,4669
24.15,4964
24.16,5098
24.17,5103
24.18,5111
24.19,5122
24.2,5129
24.21,5135
24.22,5143
24.23,5154
24.24,5156
24.25,5163
24.26,5172
24.27,5175
24.28,5186
24.29,5195
24.3,5201
24.31,5205
24.32,5206
24.33,5207
24.34,41
24.35,5209
24.36,5210
24.37,5211
24.38,193
24.39,337
24.4,510
24.41,499
24.42,502
24.43,654
24.44,839
24.45,1144
24.46,1277
24.47,1435
24.48,1594
24.49,1835
24.5,2010
24.51,2178
24.52,2271
24.53,2483
24.54,2519
24.55,2670
24.56,2804
24.57,2892
24.58,3106
24.59,3027
24.6,3127
24.61,3033
24.62,3058
24.63,3153
24.64,3348
24.65,3429
24.66,3609
24.67,3240
24.68,3502
24.69,3434
24.7,3753
24.71,3964
24.72,3896
24.73,3824
24.74,3933
24.75,4523
24.76,4538
24.77,4647
24.78,4685
24.79,4698
24.8,4727
24.81,4991
24.82,5026
24.83,5068
24.84,5175
24.85,5036
24.86,4931
24.87,4917
24.88,5035
24.89,5070
24.9,5182
24.91,5183
24.92,5185
24.93,5185
24.94,5188
24.95,5190
24.96,5191
24.97,5192
24.98,5193
24.99,5194
25.0,5198
25.01,5204
25.02,5207
25.03,5210
25.04,5217
25.05,5224
25.06,5229
25.07,5237
25.08,5240
25.09,5245
25.1,5252
25.11,5254
25.12,5254
25.13,5257
25.14,5261
25.15,5263
25.16,5266
25.17,5272
25.18,5281
25.19,5286
25.2,5299
25.21,5304
25.22,5305
25.23,5306
25.24,5307
25.25,5308
25.26,32
25.27,5310
25.28,5311
25.29,5312
25.3,318
25.31,485
25.32,833
25.33,921
25.34,1027
25.35,1255
25.36,1355
25.37,1485
25.38,1647
25.39,1866
25.4,1892
25.41,2270
25.42,2315
25.43,2355
25.44,2178
25.45,2409
25.46,2639
25.47,2715
25.48,2689
25.49,2815
25.5,3139
25.51,3124
25.52,2963
25.53,2771
25.54,2889
25.55,2962
25.56,3277
25.57,3354
25.58,3632
25.59,3491
25.6,3434
25.61,3520
25.62,3375
25.63,3313
25.64,3245
25.65,3123
25.66,2725
25.67,2276
25.68,2233
25.69,2277
25.7,2155
25.71,2410
25.72,2604
25.73,2459
25.74,2614
25.75,2765
25.76,2797
25.77,2566
25.78,2445
25.79,2405
25.8,2557
25.81,2426
25.82,2550
25.83,2173
25.84,2297
25.85,2501
25.86,2494
25.87,2413
25.88,2194
25.89,2307
25.9,2232
25.91,2138
25.92,1799
25.93,1563
25.94,1313
25.95,1360
25.96,1154
25.97,1200
25.98,1202
25.99,1237
26.0,1249
26.01,1396
26.02,1565
26.03,1503
26.04,1690
26.05,1689
26.06,1965
26.07,2164
26.08,2501
26.09,2772
26.1,3090
26.11,3450
26.12,3534
26.13,3818
26.14,3870
26.15,4133
26.16,4286
26.17,4383
26.18,4200
26.19,4159
26.2,4233
26.21,4218
26.22,4459
26.23,4810
26.24,5129
26.25,4974
26.26,5027
26.27,4841
26.28,4822
26.29,4820
26.3,5005
26.31,4757
26.32,4829
26.33,4782
26.34,4889
26.35,4965
26.36,5343
26.37,5346
26.38,5349
26.39,5350
26.4,5356
26.41,5360
26.42,5361
26.43,5362
26.44,5362
26.45,5364
26.46,5371
26.47,5379
26.48,5380
26.49,5387
26.5,5388
26.51,5389
26.52,5390
26.53,5400
26.54,5400
26.55,5402
26.56,5405
26.57,5406
26.58,5409
26.59,5406
26.6,5411
26.61,5417
26.62,5420
26.63,5424
26.64,5422
26.65,5423
26.66,5425
26.67,5426
26.68,5426
26.69,5427
26.7,5428
26.71,5429
26.72,5429
26.73,5425
26.74,5433
26.75,5434
26.76,5435
26.77,5434
26.78,5429
26.79,5430
26.8,5431
26.81,5432
26.82,5431
26.83,5435
26.84,5433
26.85,5434
26.86,5434
26.87,5439
26.88,5447
26.89,5439
26.9,5443
26.91,5441
26.92,5440
26.93,5435
26.94,5435
26.95,5432
26.96,5433
26.97,5432
26.98,5434
26.99,5433
27.0,5443
27.01,5451
27.02,5453
27.03,5458
27.04,5464
27.05,5466
27.06,5468
27.07,5473
27.08,5475
27.09,5478
27.1,5484
27.11,5492
27.12,5498
27.13,5507
27.14,5514
27.15,5515
27.16,5518
27.17,5519
27.18,5520
27.19,5521
27.2,5522
27.21,5523
27.22,59
27.23,173
27.24,282
27.25,468
27.26,628
27.27,624
27.28,793
27.29,849
27.3,1013
27.31,1082
27.32,1284
27.33,1389
27.34,1603
27.35,1703
27.36,1983
27.37,2196
27.38,2347
27.39,2666
27.4,2568
27.41,2803
27.42,2952
27.43,3172
27.44,3304
27.45,3532
27.46,3676
27.47,3907
27.48,4032
27.49,4293
27.5,4613
27.51,4994
27.52,5002
27.53,4858
27.54,4922
27.55,4868
27.56,4843
27.57,4904
27.58,5000
27.59,4980
27.6,5128
27.61,5063
27.62,5194
27.63,5126
27.64,5485
27.65,5487
27.66,5490
27.67,5496
27.68,5497
27.69,5501
27.7,5503
27.71,5509
27.72,5512
27.73,5517
27.74,5518
27.75,5524
27.76,5527
27.77,5534
27.78,5535
27.79,5537
27.8,5540
27.81,5541
27.82,5540
27.83,5541
27.84,5544
27.85,5547
27.86,5547
27.87,5554
27.88,5555
27.89,5558
27.9,5561
27.91,5563
27.92,5566
27.93,5565
27.94,5568
27.95,5566
27.96,5570
27.97,5571
27.98,5573
27.99,5574
28.0,5585
28.01,5595
28.02,5605
28.03,5611
28.04,5612
28.05,5615
28.06,5616
28.07,5617
28.08,26
28.09,184
28.1,461
28.11,460
28.12,630
28.13,833
28.14,1260
28.15,1566
28.16,1469
28.17,1518
28.18,1520
28.19,1572
28.2,1773
28.21,2030
28.22,2013
28.23,2281
28.24,2418
28.25,2785
28.26,2968
28.27,3384
28.28,3631
28.29,3700
28.3,3921
28.31,4059
28.32,4214
28.33,4339
28.34,4563
28.35,4706
28.36,4758
28.37,4874
28.38,5048
28.39,5087
28.4,5345
28.41,5570
28.42,5571
28.43,5577
28.44,5580
28.45,5584
28.46,5586
28.47,5591
28.48,5595
28.49,5597
28.5,5601
28.51,5604
28.52,5604
28.53,5610
28.54,5617
28.55,5617
28.56,5620
28.57,5621
28.58,5622
28.59,5624
28.6,5634
28.61,5626
28.62,5631
28.63,5628
28.64,5637
28.65,5640
28.66,5643
28.67,5648
28.68,5649
28.69,5651
28.7,5652
28.71,5655
28.72,5657
28.73,5665
28.74,5666
28.75,5671
28.76,5674
28.77,5671
28.78,5675
28.79,5681
28.8,5684
28.81,5683
28.82,5684
28.83,5694
28.84,5694
28.85,5690
28.86,5691
28.87,5692
28.88,5691
28.89,5692
28.9,5700
28.91,5702
28.92,5705
28.93,5707
28.94,5711
28.95,5712
28.96,5713
28.97,5714
28.98,5717
28.99,5718
29.0,5719
29.01,35
29.02,302
29.03,577
29.04,846
29.05,941
29.06,1170
29.07,1302
29.08,1484
29.09,1638
29.1,1893
29.11,2015
29.12,2270
29.13,2424
29.14,2746
29.15,2946
29.16,3651
29.17,3813
29.18,3935
29.19,4174
29.2,4394
29.21,4663
29.22,4647
29.23,4893
29.24,4852
29.25,5150
29.26,5242
29.27,5467
29.28,5665
29.29,5676
29.3,5682
29.31,5690
29.32,5691
29.33,5693
29.34,5694
29.35,5696
29.36,5698
29.37,5699
29.38,5703
29.39,5708
29.4,5711
29.41,5716
29.42,5723
29.43,5727
29.44,5728
29.45,5731
29.46,5732
29.47,5736
29.48,5738
29.49,5741
29.5,5747
29.51,5751
29.52,5752
29.53,5762
29.54,5763
29.55,5767
29.56,5774
29.57,5771
29.58,5768
29.59,5766
29.6,5770
29.61,5771
29.62,5772
29.63,5773
29.64,5776
29.65,5779
29.66,5784
29.67,5786
29.68,5789
29.69,5788
29.7,5793
29.71,5794
29.72,5797
29.73,5796
29.74,5797
29.75,5798
29.76,5801
29.77,5802
29.78,5804
29.79,64
29.8,125
29.81,271
29.82,563
29.83,651
29.84,657
29.85,484
29.86,492
29.87,545
29.88,461
29.89,478
29.9,567
29.91,619
29.92,834
29.93,872
29.94,900
29.95,1152
29.96,1134
29.97,1067
29.98,1063
29.99,1173
30.0,1487
30.01,1648
30.02,1784
30.03,2034
30.04,2202
30.05,2460
30.06,2623
30.07,2666
30.08,2674
30.09,2763
30.1,2828
30.11,2800
30.12,2876
30.13,3132
30.14,3263
30.15,3968
30.16,4233
30.17,4408
30.18,4674
30.19,4842
30.2,5127
30.21,5272
30.22,5534
30.23,5466
30.24,5702
30.25,5772
30.26,5778
30.27,5777
30.28,5781
30.29,5784
30.3,5792
30.31,5798
30.32,5801
30.33,5802
30.34,5804
30.35,5809
30.36,5810
30.37,5816
30.38,5818
30.39,5822
30.4,5826
30.41,5832
30.42,5833
30.43,5836
30.44,5838
30.45,5842
30.46,5843
30.47,5844
30.48,5847
30.49,5854
30.5,5855
30.51,5848
30.52,5850
30.53,5852
30.54,5853
30.55,5862
30.56,5863
30.57,5868
30.58,5869
30.59,5875
30.6,5876
30.61,5880
30.62,5882
30.63,5887
30.64,5889
30.65,5889
30.66,5893
30.67,5896
30.68,5899
30.69,5901
30.7,5902
30.71,5903
30.72,5904
30.73,5905
30.74,5906
30.75,5907
30.76,5908
30.77,5
30.78,5910
30.79,5911
30.8,5912
30.81,145
30.82,149
30.83,203
30.84,151
30.85,246
30.86,50
30.87,173
30.88,240
30.89,363
30.9,415
30.91,472
30.92,488
30.93,509
30.94,559
30.95,440
30.96,399
30.97,202
30.98,144
30.99,53
31.0,83
31.01,393
31.02,494
31.03,644
31.04,956
31.05,1097
31.06,1147
31.07,1269
31.08,1418
31.09,1557
31.1,1844
31.11,1988
31.12,2225
31.13,2373
31.14,2630
31.15,2773
31.16,2843
31.17,3016
31.18,3262
31.19,3418
31.2,3684
31.21,3828
31.22,3897
31.23,4038
31.24,4287
31.25,4034
31.26,4230
31.27,4333
31.28,4511
31.29,4445
31.3,4429
31.31,4568
31.32,5189
31.33,5355
31.34,5664
31.35,5675
31.36,5705
31.37,5830
31.38,5896
31.39,5897
31.4,5900
31.41,5901
31.42,5904
31.43,5908
31.44,5914
31.45,5917
31.46,5919
31.47,5921
31.48,5926
31.49,5924
31.5,5925
31.51,5929
31.52,5931
31.53,5932
31.54,5938
31.55,5940
31.56,5942
31.57,5943
31.58,5944
31.59,5944
31.6,5946
31.61,5947
31.62,5957
31.63,5954
31.64,5953
31.65,5961
31.66,5955
31.67,5958
31.68,5967
31.69,5968
31.7,5969
31.71,5969
31.72,5971
31.73,5972
31.74,5974
31.75,5973
31.76,5974
31.77,5975
31.78,5977
31.79,5978
31.8,5981
31.81,5979
31.82,5980
31.83,5981
31.84,5982
31.85,5989
31.86,5990
31.87,5992
31.88,5993
31.89,5992
31.9,5995
31.91,5997
31.92,6000
31.93,6003
31.94,6008
31.95,6009
31.96,6012
31.97,6013
31.98,6014
31.99,6016
32.0,6024
32.01,6026
32.02,6031
32.03,6028
32.04,6033
32.05,6037
32.06,6042
32.07,6045
32.08,6049
32.09,6050
32.1,148
32.11,352
32.12,455
32.13,518
32.14,573
32.15,738
32.16,907
32.17,1042
32.18,1332
32.19,1270
32.2,1463
32.21,1596
32.22,1595
32.23,1690
32.24,1868
32.25,1978
32.26,1962
32.27,1998
32.28,2114
32.29,2152
32.3,2286
32.31,2392
32.32,2565
32.33,2612
32.34,2619
32.35,2712
32.36,2813
32.37,2905
32.38,2961
32.39,3036
32.4,3292
32.41,3416
32.42,3618
32.43,3851
32.44,3719
32.45,3576
32.46,3676
32.47,3825
32.48,3892
32.49,4053
32.5,4173
32.51,4322
32.52,4301
32.53,4386
32.54,4416
32.55,4464
32.56,4483
32.57,4614
32.58,4641
32.59,4606
32.6,4714
32.61,4571
32.62,4639
32.63,4671
32.64,4710
32.65,4858
32.66,4955
32.67,4902
32.68,5001
32.69,5037
32.7,4856
32.71,4810
32.72,4752
32.73,4769
32.74,4712
32.75,4785
32.76,4649
32.77,4416
32.78,4279
32.79,4269
32.8,4133
32.81,4145
32.82,4270
32.83,4284
32.84,4407
32.85,4450
32.86,4417
32.87,4276
32.88,4361
32.89,4245
32.9,4502
32.91,4686
32.92,4556
32.93,4617
32.94,4624
32.95,4558
32.96,4582
32.97,4570
32.98,4557
32.99,4661
33.0,4864
33.01,5097
33.02,5122
33.03,5332
33.04,5462
33.05,5695
33.06,5844
33.07,6065
33.08,6079
33.09,6084
33.1,6089
33.11,6094
33.12,6097
33.13,6102
33.14,6110
33.15,6111
33.16,6115
33.17,6114
33.18,6119
33.19,6125
33.2,6133
33.21,6135
33.22,6136
33.23,6140
33.24,6146
33.25,6141
33.26,6142
33.27,6146
33.28,6151
33.29,6145
33.3,6144
33.31,6153
33.32,6156
33.33,6162
33.34,6170
33.35,6171
33.36,6178
33.37,6180
33.38,6185
33.39,6189
33.4,6190
33.41,6191
33.42,6192
33.43,69
33.44,166
33.45,224
33.46,425
33.47,475
33.48,460
33.49,469
33.5,625
33.51,675
33.52,685
33.53,888
33.54,960
33.55,1030
33.56,1079
33.57,1207
33.58,1267
33.59,1397
33.6,1446
33.61,1578
33.62,1655
33.63,1705
33.64,1747
33.65,1722
33.66,1752
33.67,1708
33.68,1768
33.69,1881
33.7,2072
33.71,2416
33.72,2609
33.73,2606
33.74,2707
33.75,2747
33.76,2450
33.77,2380
33.78,2456
33.79,2297
33.8,2394
33.81,2230
33.82,2325
33.83,2346
33.84,2454
33.85,2402
33.86,2475
33.87,2491
33.88,2427
33.89,2542
33.9,2505
33.91,2693
33.92,2529
33.93,2621
33.94,2319
33.95,2241
33.96,1959
33.97,1878
33.98,1717
33.99,1604
34.0,1698
34.01,1762
34.02,1752
34.03,1856
34.04,1961
34.05,2277
34.06,2466
34.07,2824
34.08,3112
34.09,3255
34.1,3524
34.11,3654
34.12,3494
34.13,3570
34.14,3692
34.15,3810
34.16,3870
34.17,4022
34.18,4150
34.19,4352
34.2,4423
34.21,4732
34.22,4905
34.23,4934
34.24,5144
34.25,5277
34.26,5280
34.27,5344
34.28,5542
34.29,5638
34.3,5878
34.31,5794
34.32,5944
34.33,6026
34.34,6215
34.35,6158
34.36,6219
34.37,6219
34.38,6227
34.39,6233
34.4,6234
34.41,6236
34.42,6236
34.43,6238
34.44,6240
34.45,6243
34.46,6245
34.47,6247
34.48,6244
34.49,6245
34.5,6249
34.51,6250
34.52,6253
34.53,6259
34.54,6262
34.55,6263
34.56,6266
34.57,6264
34.58,6265
34.59,6266
34.6,6270
34.61,6271
34.62,6274
34.63,6268
34.64,6271
34.65,6273
34.66,6281
34.67,6286
34.68,6287
34.69,6288
34.7,6289
34.71,6290
34.72,6291
34.73,6292
34.74,6293
34.75,6294
34.76,6294
34.77,6296
34.78,6291
34.79,6298
34.8,6300
34.81,6301
34.82,6302
34.83,6303
34.84,6304
34.85,6305
34.86,6306
34.87,6307
34.88,6308
34.89,6309
34.9,6312
34.91,6313
34.92,6313
34.93,6314
34.94,6314
34.95,6315
34.96,6317
34.97,6316
34.98,6311
34.99,6312
35.0,6321
35.01,6324
35.02,6329
35.03,6330
35.04,6332
35.05,6333
35.06,6336
35.07,6342
35.08,6350
35.09,6351
35.1,6357
35.11,6360
35.12,6359
35.13,6360
35.14,6362
35.15,6366
35.16,6370
35.17,6372
35.18,6381
35.19,6383
35.2,6384
35.21,6385
35.22,6386
35.23,6387
35.24,40
35.25,467
35.26,602
35.27,609
35.28,668
35.29,732
35.3,1028
35.31,1136
35.32,992
35.33,1248
35.34,1103
35.35,1290
35.36,1295
35.37,1585
35.38,1718
35.39,1779
35.4,2025
35.41,2175
35.42,2099
35.43,2265
35.44,2403
35.45,2672
35.46,2991
35.47,3114
35.48,3418
35.49,3421
35.5,4014
35.51,4563
35.52,5021
35.53,5142
35.54,5261
35.55,5460
35.56,5706
35.57,5898
35.58,6074
35.59,5983
35.6,6300
35.61,6364
35.62,6371
35.63,6368
35.64,6367
35.65,6368
35.66,6379
35.67,6381
35.68,6382
35.69,6383
35.7,6387
35.71,6388
35.72,6391
35.73,6398
35.74,6400
35.75,6400
35.76,6401
35.77,6402
35.78,6404
35.79,6412
35.8,6417
35.81,6417
35.82,6418
35.83,6410
35.84,6411
35.85,6421
35.86,6423
35.87,6421
35.88,6420
35.89,6419
35.9,6424
35.91,6430
35.92,6431
35.93,6431
35.94,6429
35.95,6426
35.96,6427
35.97,6430
35.98,6434
35.99,6431
36.0,6439
36.01,6440
36.02,6443
36.03,6448
36.04,6450
36.05,6450
36.06,6451
36.07,6454
36.08,6465
36.09,6475
36.1,6476
36.11,6477
36.12,6482
36.13,6487
36.14,6494
36.15,6497
36.16,6498
36.17,6499
36.18,6500
36.19,146
36.2,271
36.21,345
36.22,459
36.23,311
36.24,348
36.25,581
36.26,753
36.27,814
36.28,947
36.29,994
36.3,1221
36.31,1521
36.32,1537
36.33,1415
36.34,1463
36.35,1417
36.36,1571
36.37,1914
36.38,1999
36.39,2033
36.4,2644
36.41,2867
36.42,3007
36.43,3226
36.44,3258
36.45,3394
36.46,3332
36.47,3312
36.48,3397
36.49,3196
36.5,3302
36.51,3377
36.52,3228
36.53,3423
36.54,3717
36.55,3877
36.56,3951
36.57,3833
36.58,3912
36.59,4043
36.6,4025
36.61,4017
36.62,4095
36.63,4102
36.64,4141
36.65,4354
36.66,4843
36.67,5411
36.68,5879
36.69,6095
36.7,6420
36.71,6497
36.72,6503
36.73,6504
36.74,6495
36.75,6504
36.76,6508
36.77,6511
36.78,6513
36.79,6514
36.8,6516
36.81,6517
36.82,6516
36.83,6522
36.84,6524
36.85,6520
36.86,6520
36.87,6521
36.88,6523
36.89,6529
36.9,6535
36.91,6536
36.92,6537
36.93,6537
36.94,6536
36.95,6543
36.96,6543
36.97,6539
36.98,6540
36.99,6538
37.0,6542
37.01,6550
37.02,6554
37.03,6555
37.04,6563
37.05,6566
37.06,6569
37.07,6571
37.08,6575
37.09,6575
37.1,6577
37.11,6581
37.12,6590
37.13,6591
37.14,6596
37.15,6599
37.16,6603
37.17,6609
37.18,6616
37.19,6620
37.2,6619
37.21,6622
37.22,6625
37.23,6627
37.24,6628
37.25,6629
37.26,6630
37.27,118
37.28,423
37.29,522
37.3,607
37.31,746
37.32,749
37.33,989
37.34,1296
37.35,1802
37.36,1803
37.37,2384
37.38,2354
37.39,2400
37.4,2394
37.41,2570
37.42,2590
37.43,2757
37.44,2623
37.45,2543
37.46,2635
37.47,3211
37.48,3254
37.49,3208
37.5,3253
37.51,3427
37.52,3571
37.53,3505
37.54,3547
37.55,3506
37.56,3567
37.57,3856
37.58,4035
37.59,4057
37.6,3988
37.61,3997
37.62,4199
37.63,4342
37.64,4546
37.65,4549
37.66,4614
37.67,4616
37.68,4659
37.69,4945
37.7,5064
37.71,5104
37.72,5194
37.73,5670
37.74,5615
37.75,5450
37.76,5243
37.77,5170
37.78,4877
37.79,4770
37.8,4917
37.81,5071
37.82,5211
37.83,5123
37.84,5351
37.85,5464
37.86,5462
37.87,5688
37.88,5671
37.89,5437
37.9,5558
37.91,5566
37.92,5770
37.93,5883
37.94,5857
37.95,5774
37.96,5833
37.97,5860
37.98,6011
37.99,6005
38.0,6333
38.01,6661
38.02,6663
38.03,6664
38.04,6666
38.05,6667
38.06,6668
38.07,6670
38.08,6673
38.09,6677
38.1,6679
38.11,6685
38.12,6685
38.13,6685
38.14,6688
38.15,6690
38.16,6692
38.17,6704
38.18,6706
38.19,6709
38.2,6712
38.21,6714
38.22,6715
38.23,6718
38.24,6719
38.25,6727
38.26,6729
38.27,6734
38.28,6735
38.29,6743
38.3,6743
38.31,6744
38.32,6747
38.33,6751
38.34,6754
38.35,6752
38.36,6752
38.37,6754
38.38,6751
38.39,6756
38.4,6758
38.41,6762
38.42,6763
38.43,6769
38.44,6771
38.45,6770
38.46,6773
38.47,6774
38.48,6777
38.49,6778
38.5,6779
38.51,6780
38.52,6781
38.53,6782
38.54,6783
38.55,6784
38.56,6785
38.57,6786
38.58,6788
38.59,6789
38.6,6790
38.61,6791
38.62,6786
38.63,6786
38.64,6787
38.65,6788
38.66,6786
38.67,6789
38.68,6791
38.69,6789
38.7,6790
38.71,6795
38.72,6795
38.73,6789
38.74,6787
38.75,6786
38.76,6781
38.77,6779
38.78,6780
38.79,6785
38.8,6784
38.81,6783
38.82,6780
38.83,6782
38.84,6783
38.85,6787
38.86,6784
38.87,6783
38.88,6782
38.89,6789
38.9,6789
38.91,6790
38.92,6791
38.93,6793
38.94,6793
38.95,6794
38.96,6795
38.97,6796
38.98,6797
38.99,6795
39.0,6796
39.01,6798
39.02,6801
39.03,6802
39.04,6804
39.05,6805
39.06,6807
39.07,6808
39.08,6808
39.09,6809
39.1,6812
39.11,6813
39.12,6822
39.13,6819
39.14,6819
39.15,6821
39.16,6827
39.17,6828
39.18,6834
39.19,6837
39.2,6842
39.21,6845
39.22,6850
39.23,6851
39.24,6849
39.25,6852
39.26,6855
39.27,6857
39.28,6857
39.29,6859
39.3,6864
39.31,6865
39.32,6866
39.33,6863
39.34,6868
39.35,6867
39.36,6870
39.37,6871
39.38,6872
39.39,6873
39.4,6874
39.41,6876
39.42,6875
39.43,6878
39.44,6879
39.45,6880
39.46,6881
39.47,6884
39.48,6885
39.49,6886
39.5,6887
39.51,6888
39.52,6889
39.53,6890
39.54,6891
39.55,6893
39.56,6892
39.57,6893
39.58,6894
39.59,6895
39.6,6896
39.61,6894
39.62,6893
39.63,6886
39.64,6887
39.65,6883
39.66,6889
39.67,6890
39.68,6891
39.69,6893
39.7,6892
39.71,6886
39.72,6887
39.73,6885
39.74,6880
39.75,6880
39.76,6881
39.77,6881
39.78,6882
39.79,6883
39.8,6884
39.81,6884
39.82,6883
39.83,6883
39.84,6884
39.85,6878
39.86,6875
39.87,6874
39.88,6872
39.89,6873
39.9,6873
39.91,6873
39.92,6874
39.93,6872
39.94,6873
39.95,6872
39.96,6874
39.97,6720
39.98,6389
39.99,6246
40.0,6602
40.01,6643
40.02,6829
40.03,6660
40.04,6654
40.05,6747
40.06,6884
40.07,6886
40.08,6888
40.09,6892
40.1,6898
40.11,6895
40.12,6896
40.13,6894
40.14,6898
40.15,6899
40.16,6900
40.17,6902
40.18,6907
40.19,6910
40.2,6912
40.21,6915
40.22,6916
40.23,6918
40.24,6925
40.25,6927
40.26,6918
40.27,6920
40.28,6921
40.29,6922
40.3,6927
40.31,6928
40.32,6934
40.33,6935
40.34,6937
40.35,6938
40.36,6938
40.37,6940
40.38,6940
40.39,6942
40.4,6941
40.41,6939
40.42,6939
40.43,6941
40.44,6942
40.45,6943
40.46,6953
40.47,6953
40.48,6955
40.49,6956
40.5,6960
40.51,6960
40.52,6959
40.53,6959
40.54,6959
40.55,6961
40.56,6962
40.57,6963
40.58,6970
40.59,6971
40.6,6972
40.61,6974
40.62,6975
40.63,6975
40.64,6975
40.65,6977
40.66,6975
40.67,6975
40.68,6977
40.69,6978
40.7,6978
40.71,6979
40.72,6980
40.73,6981
40.74,6981
40.75,6982
40.76,6978
40.77,6978
40.78,6976
40.79,6979
40.8,6990
40.81,6996
40.82,7001
40.83,7008
40.84,7013
40.85,7020
40.86,7021
40.87,7025
40.88,7023
40.89,7024
40.9,7025
40.91,7026
40.92,7021
40.93,7025
40.94,7022
40.95,7023
40.96,7024
40.97,7027
40.98,7023
40.99,7020
41.0,7027
41.01,7034
41.02,7040
41.03,7050
41.04,7056
41.05,7059
41.06,7060
41.07,7061
41.08,7062
41.09,7064
41.1,7065
41.11,64
41.12,349
41.13,439
41.14,651
41.15,857
41.16,976
41.17,1047
41.18,1314
41.19,1302
41.2,1660
41.21,1931
41.22,2042
41.23,2095
41.24,2173
41.25,2291
41.26,2642
41.27,2897
41.28,3036
41.29,3106
41.3,3368
41.31,3499
41.32,3687
41.33,3910
41.34,3924
41.35,3905
41.36,4014
41.37,4079
41.38,4052
41.39,4093
41.4,4173
41.41,4142
41.42,3984
41.43,4045
41.44,3871
41.45,3914
41.46,3668
41.47,3636
41.48,3672
41.49,3666
41.5,3701
41.51,3706
41.52,3603
41.53,3491
41.54,3365
41.55,3059
41.56,2911
41.57,2730
41.58,2603
41.59,2193
41.6,1972
41.61,1827
41.62,1888
41.63,1860
41.64,1821
41.65,1800
41.66,1774
41.67,1606
41.68,1827
41.69,1871
41.7,2473
41.71,2685
41.72,3021
41.73,3329
41.74,3760
41.75,4103
41.76,4469
41.77,4841
41.78,5233
41.79,5511
41.8,5950
41.81,6242
41.82,6487
41.83,6833
41.84,7066
41.85,7089
41.86,7096
41.87,7101
41.88,7110
41.89,7111
41.9,7117
41.91,7119
41.92,7123
41.93,7132
41.94,7133
41.95,7134
41.96,7136
41.97,7142
41.98,7148
41.99,7154
42.0,7161
42.01,7164
42.02,96
42.03,462
42.04,576
42.05,581
42.06,808
42.07,1131
42.08,1345
42.09,1615
42.1,1926
42.11,2036
42.12,2330
42.13,2713
42.14,2920
42.15,2986
42.16,3113
42.17,3285
42.18,3481
42.19,3710
42.2,3837
42.21,4033
42.22,4365
42.23,4790
42.24,5039
42.25,5319
42.26,5464
42.27,5728
42.28,6027
42.29,6160
42.3,6416
42.31,6527
42.32,6811
42.33,7078
42.34,7148
42.35,7155
42.36,7163
42.37,7165
42.38,7168
42.39,7170
42.4,7174
42.41,7177
42.42,7186
42.43,7196
42.44,7197
42.45,7206
42.46,7213
42.47,7216
42.48,7217
42.49,7218
42.5,150
42.51,244
42.52,457
42.53,631
42.54,701
42.55,860
42.56,1130
42.57,955
42.58,1189
42.59,1401
42.6,1690
42.61,1952
42.62,2225
42.63,2444
42.64,2679
42.65,3038
42.66,3205
42.67,3465
42.68,3735
42.69,3946
42.7,4147
42.71,4373
42.72,4547
42.73,4736
42.74,4938
42.75,5219
42.76,5224
42.77,5429
42.78,5626
42.79,5642
42.8,5605
42.81,5698
42.82,5381
42.83,5450
42.84,5442
42.85,5340
42.86,5526
42.87,5613
42.88,5781
42.89,5842
42.9,6118
42.91,6275
42.92,6236
42.93,6317
42.94,6506
42.95,6202
42.96,6367
42.97,6253
42.98,6540
42.99,6646
43.0,7155
43.01,7224
43.02,7229
43.03,7238
43.04,7240
43.05,7245
43.06,7249
43.07,7258
43.08,7270
43.09,7283
43.1,7286
43.11,112
43.12,471
43.13,571
43.14,878
43.15,1220
43.16,1239
43.17,1505
43.18,1965
43.19,2412
43.2,2790
43.21,3160
43.22,3506
43.23,3847
43.24,4174
43.25,4586
43.26,4891
43.27,5040
43.28,5337
43.29,5646
43.3,5903
43.31,6161
43.32,6197
43.33,6531
43.34,6875
43.35,7056
43.36,7258
43.37,7264
43.38,7262
43.39,7267
43.4,7277
43.41,7281
43.42,7282
43.43,7284
43.44,7289
43.45,7291
43.46,7299
43.47,7304
43.48,7313
43.49,7321
43.5,7328
43.51,7331
43.52,7333
43.53,193
43.54,317
43.55,453
43.56,464
43.57,545
43.58,795
43.59,1113
43.6,1306
43.61,1628
43.62,1953
43.63,2052
43.64,2099
43.65,2246
43.66,2338
43.67,2470
43.68,2751
43.69,2823
43.7,2948
43.71,3035
43.72,3356
43.73,3523
43.74,3753
43.75,3872
43.76,4115
43.77,4489
43.78,4721
43.79,4789
43.8,4714
43.81,4802
43.82,5031
43.83,5387
43.84,5494
43.85,5545
43.86,5739
43.87,5905
43.88,5992
43.89,6050
43.9,6258
43.91,6333
43.92,6267
43.93,6586
43.94,6905
43.95,6831
43.96,7106
43.97,7267
43.98,7278
43.99,7333
44.0,7340
44.01,7348
44.02,7352
44.03,7356
44.04,7367
44.05,7380
44.06,7384
44.07,7391
44.08,7396
44.09,30
44.1,455
44.11,584
44.12,920
44.13,1155
44.14,1408
44.15,1772
44.16,2035
44.17,2344
44.18,2541
44.19,2771
44.2,3070
44.21,3263
44.22,3617
44.23,3874
44.24,4188
44.25,4660
44.26,5103
44.27,5379
44.28,5643
44.29,5873
44.3,6162
44.31,6495
44.32,6623
44.33,6963
44.34,7281
44.35,7376
44.36,7381
44.37,7390
44.38,7391
44.39,7394
44.4,7398
44.41,7400
44.42,7403
44.43,7411
44.44,7417
44.45,7425
44.46,7438
44.47,7441
44.48,165
44.49,444
44.5,660
44.51,907
44.52,962
44.53,973
44.54,1317
44.55,1643
44.56,1913
44.57,2124
44.58,2318
44.59,2473
44.6,2651
44.61,2749
44.62,2826
44.63,2947
44.64,3160
44.65,3444
44.66,3610
44.67,3817
44.68,3972
44.69,4042
44.7,4083
44.71,4232
44.72,4324
44.73,4206
44.74,4374
44.75,4737
44.76,4931
44.77,5101
44.78,5070
44.79,4974
44.8,4905
44.81,4970
44.82,5176
44.83,5543
44.84,5667
44.85,5852
44.86,5801
44.87,5639
44.88,5349
44.89,5536
44.9,5745
44.91,5740
44.92,6002
44.93,6168
44.94,6048
44.95,5901
44.96,5871
44.97,5893
44.98,5908
44.99,5993
45.0,6603
45.01,7212
45.02,7382
45.03,7191
45.04,7452
45.05,7463
45.06,7473
45.07,7476
45.08,7479
45.09,7483
45.1,7480
45.11,7483
45.12,7488
45.13,7497
45.14,7510
45.15,7518
45.16,7525
45.17,7526
45.18,7530
45.19,7531
45.2,336
45.21,639
45.22,933
45.23,1196
45.24,1288
45.25,1424
45.26,1671
45.27,1993
45.28,2328
45.29,2339
45.3,2651
45.31,2888
45.32,2820
45.33,2913
45.34,2779
45.35,2710
45.36,2948
45.37,3284
45.38,3388
45.39,3596
45.4,3696
45.41,3793
45.42,3891
45.43,4188
45.44,4367
45.45,4520
45.46,4770
45.47,5049
45.48,5038
45.49,5051
45.5,5246
45.51,4966
45.52,5257
45.53,5410
45.54,5465
45.55,5515
45.56,5507
45.57,5525
45.58,5791
45.59,5700
45.6,5913
45.61,6108
45.62,6345
45.63,6366
45.64,6219
45.65,6384
45.66,6584
45.67,6463
45.68,6691
45.69,6858
45.7,6759
45.71,6962
45.72,7047
45.73,7026
45.74,7157
45.75,7197
45.76,7351
45.77,7554
45.78,7555
45.79,7556
45.8,7558
45.81,7559
45.82,7561
45.83,7562
45.84,7565
45.85,7567
45.86,7568
45.87,7571
45.88,7572
45.89,7575
45.9,7580
45.91,7582
45.92,7584
45.93,7585
45.94,7587
45.95,7590
45.96,7590
45.97,7591
45.98,7593
45.99,7594
46.0,7601
46.01,7615
46.02,7625
46.03,7630
46.04,7634
46.05,7638
46.06,7641
46.07,43
46.08,462
46.09,682
46.1,860
46.11,984
46.12,1346
46.13,1591
46.14,2069
46.15,2489
46.16,2773
46.17,3011
46.18,3189
46.19,3314
46.2,3701
46.21,3861
46.22,4258
46.23,4489
46.24,4733
46.25,4828
46.26,4768
46.27,4839
46.28,4930
46.29,5173
46.3,5371
46.31,5739
46.32,5989
46.33,6293
46.34,6362
46.35,6445
46.36,6745
46.37,7044
46.38,7336
46.39,7633
46.4,7639
46.41,7645
46.42,7641
46.43,7648
46.44,7650
46.45,7651
46.46,7653
46.47,7659
46.48,7662
46.49,7669
46.5,7671
46.51,7667
46.52,7676
46.53,7677
46.54,7687
46.55,7689
46.56,7693
46.57,7696
46.58,7699
46.59,7699
46.6,7703
46.61,7705
46.62,7712
46.63,7714
46.64,7715
46.65,7716
46.66,7717
46.67,7719
46.68,7720
46.69,164
46.7,480
46.71,488
46.72,603
46.73,653
46.74,636
46.75,621
46.76,504
46.77,695
46.78,812
46.79,931
46.8,1023
46.81,1034
46.82,816
46.83,749
46.84,879
46.85,1127
46.86,1252
46.87,1329
46.88,1365
46.89,1283
46.9,1271
46.91,1353
46.92,1315
46.93,1380
46.94,1633
46.95,1551
46.96,1631
46.97,1542
46.98,1595
46.99,1711
47.0,2210
47.01,2651
47.02,3094
47.03,3267
47.04,3630
47.05,3755
47.06,3838
47.07,4017
47.08,4363
47.09,4792
47.1,5207
47.11,5574
47.12,5947
47.13,6179
47.14,6355
47.15,6678
47.16,6955
47.17,7054
47.18,7227
47.19,7573
47.2,7736
47.21,7746
47.22,7748
47.23,7750
47.24,7753
47.25,7754
47.26,7758
47.27,7764
47.28,7774
47.29,7783
47.3,7790
47.31,7796
47.32,7799
47.33,76
47.34,199
47.35,438
47.36,470
47.37,636
47.38,767
47.39,1083
47.4,1303
47.41,1514
47.42,1712
47.43,1935
47.44,2089
47.45,2020
47.46,2250
47.47,2437
47.48,2600
47.49,2694
47.5,2634
47.51,2825
47.52,3270
47.53,3214
47.54,3263
47.55,3408
47.56,3480
47.57,3708
47.58,3978
47.59,4321
47.6,4478
47.61,4620
47.62,4857
47.63,4961
47.64,4961
47.65,5132
47.66,5307
47.67,5459
47.68,5657
47.69,5850
47.7,5920
47.71,5965
47.72,6120
47.73,6367
47.74,6341
47.75,6343
47.76,6379
47.77,6574
47.78,6705
47.79,6921
47.8,7095
47.81,7329
47.82,7547
47.83,7697
47.84,7761
47.85,7703
47.86,7736
47.87,7810
47.88,7811
47.89,7757
47.9,7685
47.91,7820
47.92,7818
47.93,7822
47.94,7770
47.95,7712
47.96,7540
47.97,7684
47.98,7747
47.99,7829
48.0,7840
48.01,7841
48.02,7846
48.03,7850
48.04,7856
48.05,7860
48.06,7870
48.07,7873
48.08,7881
48.09,7888
48.1,156
48.11,400
48.12,531
48.13,542
48.14,512
48.15,653
48.16,779
48.17,873
48.18,1124
48.19,1490
48.2,1734
48.21,2077
48.22,2371
48.23,2572
48.24,2729
48.25,3115
48.26,3315
48.27,3576
48.28,3877
48.29,4251
48.3,4457
48.31,4737
48.32,5021
48.33,5329
48.34,5620
48.35,5925
48.36,6148
48.37,6398
48.38,6536
48.39,6903
48.4,7192
48.41,7438
48.42,7880
48.43,7888
48.44,7890
48.45,7893
48.46,7897
48.47,7901
48.48,7910
48.49,7920
48.5,7927
48.51,7921
48.52,7924
48.53,7925
48.54,7926
48.55,7927
48.56,7933
48.57,7939
48.58,7945
48.59,7947
48.6,238
48.61,285
48.62,437
48.63,109
48.64,169
48.65,383
48.66,423
48.67,430
48.68,570
48.69,700
48.7,945
48.71,1147
48.72,1257
48.73,1435
48.74,1551
48.75,1793
48.76,1850
48.77,2033
48.78,2083
48.79,2288
48.8,2507
48.81,2520
48.82,2551
48.83,2426
48.84,2438
48.85,2672
48.86,2695
48.87,2821
48.88,2699
48.89,2613
48.9,2836
48.91,3107
48.92,3151
48.93,3252
48.94,3350
48.95,3541
48.96,3746
48.97,3803
48.98,3930
48.99,3993
49.0,4505
49.01,4926
49.02,5184
49.03,5535
49.04,5833
49.05,6084
49.06,6360
49.07,6692
49.08,7001
49.09,7235
49.1,7628
49.11,7956
49.12,7965
49.13,7969
49.14,7974
49.15,7975
49.16,7979
49.17,7987
49.18,7988
49.19,7995
49.2,8001
49.21,8008
49.22,8014
49.23,162
49.24,489
49.25,702
49.26,1034
49.27,1125
49.28,1349
49.29,1615
49.3,1459
49.31,1727
49.32,2011
49.33,2056
49.34,2258
49.35,2588
49.36,2657
49.37,2942
49.38,3087
49.39,3186
49.4,3418
49.41,3689
49.42,3567
49.43,3814
49.44,3642
49.45,3757
49.46,3662
49.47,3708
49.48,3712
49.49,3759
49.5,4374
49.51,4265
49.52,4326
49.53,4267
49.54,4416
49.55,4250
49.56,4493
49.57,4631
49.58,4561
49.59,4497
49.6,4553
49.61,4425
49.62,4205
49.63,4083
49.64,4025
49.65,3741
49.66,3700
49.67,3459
49.68,3078
49.69,3059
49.7,3055
49.71,2755
49.72,2697
49.73,2700
49.74,2512
49.75,2568
49.76,2265
49.77,2300
49.78,2142
49.79,2020
49.8,1800
49.81,1933
49.82,1902
49.83,1621
49.84,1481
49.85,1431
49.86,1313
49.87,1169
49.88,939
49.89,350
49.9,273
49.91,123
49.92,8098
49.93,8099
49.94,8100
49.95,8102
49.96,8103
49.97,8104
49.98,8103
49.99,8100
50.0,8107
50.01,8108
50.02,8109
50.03,8110
50.04,8111
50.05,8112
50.06,8113
50.07,8114
50.08,90
50.09,131
50.1,185
50.11,143
50.12,232
50.13,104
50.14,171
50.15,182
50.16,293
50.17,109
50.18,324
50.19,338
50.2,329
50.21,448
50.22,296
50.23,652
50.24,737
50.25,827
50.26,910
50.27,938
50.28,754
50.29,626
50.3,1110
50.31,1223
50.32,1327
50.33,1158
50.34,1236
50.35,1150
50.36,1182
50.37,888
50.38,736
50.39,651
50.4,692
50.41,570
50.42,487
50.43,489
50.44,517
50.45,153
50.46,17
50.47,8160
50.48,8161
50.49,8162
50.5,8163
50.51,8162
50.52,8163
50.53,8159
50.54,8154
50.55,8158
50.56,8157
50.57,8154
50.58,8148
50.59,8149
50.6,8150
50.61,8146
50.62,8144
50.63,8143
50.64,8144
50.65,8142
50.66,8143
50.67,8142
50.68,8144
50.69,8145
50.7,8144
50.71,8138
50.72,8028
50.73,7965
50.74,7762
50.75,7520
50.76,7314
50.77,7181
50.78,6744
50.79,6842
50.8,6748
50.81,6608
50.82,6545
50.83,6337
50.84,6208
50.85,5823
50.86,5550
50.87,5247
50.88,5132
50.89,4938
50.9,4845
50.91,4631
50.92,4509
50.93,3989
50.94,4020
50.95,3656
50.96,3421
50.97,3384
50.98,3235
50.99,3258
51.0,3400
51.01,3406
51.02,3348
51.03,3332
51.04,3302
51.05,3350
51.06,3498
51.07,3860
51.08,4137
51.09,4208
51.1,4222
51.11,4031
51.12,4068
51.13,3451
51.14,3233
51.15,3090
51.16,3218
51.17,3166
51.18,3329
51.19,3091
51.2,3408
51.21,3644
51.22,3564
51.23,3709
51.24,3697
51.25,3817
51.26,3662
51.27,3535
51.28,3335
51.29,3320
51.3,3373
51.31,3563
51.32,3582
51.33,3678
51.34,3775
51.35,3686
51.36,3707
51.37,3729
51.38,3811
51.39,3557
51.4,3508
51.41,3472
51.42,3253
51.43,3193
51.44,3169
51.45,3214
51.46,3403
51.47,3464
51.48,3497
51.49,3527
51.5,3493
51.51,3397
51.52,3091
51.53,2939
51.54,2815
51.55,2670
51.56,2632
51.57,2622
51.58,2713
51.59,2811
51.6,2891
51.61,2743
51.62,2827
51.63,2795
51.64,2624
51.65,2103
51.66,1856
51.67,1633
51.68,1592
51.69,1383
51.7,1492
51.71,1456
51.72,1528
51.73,1644
51.74,1324
51.75,1274
51.76,765
51.77,568
51.78,269
51.79,67
51.8,8302
51.81,8303
51.82,8304
51.83,8305
51.84,8306
51.85,8307
51.86,8309
51.87,8310
51.88,8311
51.89,8310
51.9,8306
51.91,8299
51.92,8292
51.93,8292
51.94,8286
51.95,8284
51.96,8284
51.97,8281
51.98,8282
51.99,8283
52.0,8284
52.01,8286
52.02,8287
52.03,8229
52.04,7912
52.05,7809
52.06,7687
52.07,7832
52.08,7882
52.09,7891
52.1,8052
52.11,8296
52.12,8298
52.13,8298
52.14,8300
52.15,8300
52.16,8302
52.17,8302
52.18,8303
52.19,8304
52.2,8305
52.21,8306
52.22,7978
52.23,8079
52.24,8310
52.25,8312
52.26,8312
52.27,8314
52.28,8314
52.29,8315
52.3,8316
52.31,8079
52.32,8064
52.33,8176
52.34,7871
52.35,7987
52.36,8061
52.37,8222
52.38,8243
52.39,8063
52.4,7958
52.41,7658
52.42,7393
52.43,7262
52.44,7228
52.45,6391
52.46,6416
52.47,6075
52.48,6047
52.49,6127
52.5,6293
52.51,6309
52.52,6209
52.53,6021
52.54,5994
52.55,6039
52.56,5818
52.57,5862
52.58,5867
52.59,5763
52.6,5592
52.61,5730
52.62,5521
52.63,5559
52.64,5577
52.65,5374
52.66,5429
52.67,5163
52.68,5117
52.69,4951
52.7,4814
52.71,4559
52.72,4422
52.73,4086
52.74,3941
52.75,3863
52.76,3866
52.77,3893
52.78,3622
52.79,3666
52.8,3592
52.81,3504
52.82,3303
52.83,3350
52.84,2954
52.85,2426
52.86,2265
52.87,2223
52.88,1894
52.89,1954
52.9,1955
52.91,1807
52.92,1629
52.93,1318
52.94,1189
52.95,953
52.96,858
52.97,639
52.98,871
52.99,647
53.0,664
53.01,693
53.02,649
53.03,778
53.04,614
53.05,571
53.06,551
53.07,490
53.08,533
53.09,647
53.1,528
53.11,535
53.12,545
53.13,660
53.14,636
53.15,610
53.16,631
53.17,490
53.18,531
53.19,485
53.2,573
53.21,563
53.22,535
53.23,500
53.24,461
53.25,441
53.26,499
53.27,495
53.28,490
53.29,567
53.3,497
53.31,527
53.32,471
53.33,461
53.34,323
53.35,328
53.36,141
53.37,43
53.38,17
53.39,195
53.4,126
53.41,117
53.42,245
53.43,73
53.44,35
53.45,6
53.46,8481
53.47,8482
53.48,8483
53.49,8484
53.5,8485
53.51,8480
53.52,8479
53.53,8477
53.54,8474
53.55,8478
53.56,8482
53.57,8478
53.58,8474
53.59,8471
53.6,8471
53.61,8465
53.62,8464
53.63,8464
53.64,8465
53.65,8462
53.66,8147
53.67,8090
53.68,8109
53.69,7766
53.7,7638
53.71,7347
53.72,6487
53.73,6363
53.74,6159
53.75,6033
53.76,5763
53.77,5623
53.78,5211
53.79,5029
53.8,4927
53.81,4946
53.82,4937
53.83,4664
53.84,4534
53.85,4153
53.86,3956
53.87,3663
53.88,3424
53.89,3274
53.9,3208
53.91,2988
53.92,2796
53.93,2635
53.94,2260
53.95,2206
53.96,1934
53.97,1770
53.98,1626
53.99,1638
54.0,1846
54.01,2018
54.02,2098
54.03,2167
54.04,2241
54.05,2476
54.06,2605
54.07,2934
54.08,3179
54.09,3040
54.1,3170
54.11,3251
54.12,3395
54.13,3169
54.14,3283
54.15,3291
54.16,3425
54.17,3369
54.18,3616
54.19,3655
54.2,4003
54.21,4023
54.22,4007
54.23,4100
54.24,3933
54.25,4044
54.26,3901
54.27,3641
54.28,3579
54.29,3686
54.3,3616
54.31,3733
54.32,3684
54.33,3833
54.34,3871
54.35,3677
54.36,3735
54.37,3386
54.38,3242
54.39,3172
54.4,3189
54.41,3178
54.42,3152
54.43,2922
54.44,2858
54.45,2888
54.46,2762
54.47,2895
54.48,2645
54.49,2256
54.5,2192
54.51,1837
54.52,1451
54.53,1242
54.54,1282
54.55,717
54.56,808
54.57,586
54.58,713
54.59,720
54.6,791
54.61,642
54.62,667
54.63,645
54.64,643
54.65,500
54.66,527
54.67,470
54.68,553
54.69,609
54.7,678
54.71,651
54.72,665
54.73,663
54.74,442
54.75,490
54.76,102
54.77,107
54.78,8622
54.79,8623
54.8,8624
54.81,8625
54.82,8626
54.83,8627
54.84,8628
54.85,8627
54.86,8628
54.87,8626
54.88,8626
54.89,8625
54.9,8627
54.91,8628
54.92,8628
54.93,8622
54.94,8625
54.95,8622
54.96,8616
54.97,8616
54.98,8616
54.99,8609
55.0,8618
55.01,8620
55.02,8622
55.03,8623
55.04,8624
55.05,8625
55.06,8630
55.07,8631
55.08,8637
55.09,8638
55.1,8643
55.11,8645
55.12,8645
55.13,8651
55.14,8652
55.15,8655
55.16,8657
55.17,8658
55.18,8661
55.19,8662
55.2,8663
55.21,8664
55.22,8667
55.23,8668
55.24,8669
55.25,8670
55.26,8671
55.27,8672
55.28,8671
55.29,8674
55.3,8675
55.31,8676
55.32,8675
55.33,8678
55.34,8679
55.35,8680
55.36,8681
55.37,8682
55.38,8681
55.39,8682
55.4,8683
55.41,8684
55.42,8685
55.43,8686
55.44,8682
55.45,8685
55.46,8692
55.47,8693
55.48,8694
55.49,8695
55.5,8696
55.51,8698
55.52,8699
55.53,8700
55.54,8701
55.55,8702
55.56,8703
55.57,8702
55.58,8701
55.59,8699
55.6,8701
55.61,8701
55.62,8698
55.63,8695
55.64,8696
55.65,8697
55.66,8697
55.67,8691
55.68,8691
55.69,8692
55.7,8693
55.71,8692
55.72,8692
55.73,8695
55.74,8692
55.75,8696
55.76,8691
55.77,8690
55.78,8687
55.79,8466
55.8,8472
55.81,8368
55.82,8074
55.83,8066
55.84,7997
55.85,8087
55.86,8057
55.87,8034
55.88,8092
55.89,7946
55.9,8003
55.91,7903
55.92,7779
55.93,7606
55.94,7310
55.95,7240
55.96,6983
55.97,6926
55.98,6945
55.99,6820
56.0,7067
56.01,7043
56.02,7174
56.03,7178
56.04,7293
56.05,7146
56.06,7261
56.07,7289
56.08,7380
56.09,7372
56.1,7519
56.11,7572
56.12,7520
56.13,7548
56.14,7649
56.15,7687
56.16,7798
56.17,7774
56.18,7884
56.19,7910
56.2,8167
56.21,8026
56.22,7871
56.23,7915
56.24,7840
56.25,7991
56.26,7973
56.27,8068
56.28,8056
56.29,8150
56.3,8207
56.31,8130
56.32,8143
56.33,8066
56.34,8050
56.35,8143
56.36,8168
56.37,8267
56.38,8278
56.39,8209
56.4,8003
56.41,8097
56.42,8033
56.43,8138
56.44,8165
56.45,8193
56.46,7992
56.47,7886
56.48,7812
56.49,7956
56.5,7993
56.51,7894
56.52,7871
56.53,8033
56.54,7852
56.55,7942
56.56,8057
56.57,8368
56.58,8178
56.59,8223
56.6,8223
56.61,8304
56.62,8310
56.63,8399
56.64,8382
56.65,8364
56.66,8333
56.67,8333
56.68,8021
56.69,8017
56.7,7980
56.71,7686
56.72,7410
56.73,7432
56.74,7453
56.75,7455
56.76,7266
56.77,7306
56.78,7216
56.79,7118
56.8,7137
56.81,7118
56.82,6701
56.83,6554
56.84,6531
56.85,6437
56.86,6427
56.87,6297
56.88,6276
56.89,6008
56.9,5919
56.91,5740
56.92,5584
56.93,5366
56.94,5304
56.95,5167
56.96,5001
56.97,4859
56.98,4666
56.99,4208
57.0,4508
57.01,4559
57.02,4693
57.03,4705
57.04,4797
57.05,4843
57.06,4976
57.07,4983
57.08,4740
57.09,4730
57.1,4792
57.11,4833
57.12,5073
57.13,5202
57.14,5137
57.15,5334
57.16,5353
57.17,5246
57.18,5135
57.19,5140
57.2,5137
57.21,5119
57.22,5271
57.23,5351
57.24,5313
57.25,5409
57.26,5540
57.27,5548
57.28,5601
57.29,5611
57.3,5759
57.31,5738
57.32,5812
57.33,5773
57.34,5834
57.35,5803
57.36,5884
57.37,5903
57.38,5770
57.39,5869
57.4,5911
57.41,5911
57.42,6326
57.43,5840
57.44,5891
57.45,5910
57.46,5955
57.47,5942
57.48,5941
57.49,5563
57.5,5647
57.51,5510
57.52,5351
57.53,5120
57.54,5075
57.55,5525
57.56,5344
57.57,5279
57.58,5304
57.59,5232
57.6,5305
57.61,5288
57.62,5378
57.63,5293
57.64,5534
57.65,5385
57.66,5346
57.67,5372
57.68,5140
57.69,4981
57.7,4946
57.71,4931
57.72,4832
57.73,4847
57.74,4650
57.75,4764
57.76,4515
57.77,4465
57.78,4334
57.79,4302
57.8,4287
57.81,4091
57.82,3978
57.83,3977
57.84,3782
57.85,3711
57.86,3653
57.87,3681
57.88,3357
57.89,3381
57.9,3363
57.91,3313
57.92,3075
57.93,2790
57.94,2602
57.95,2494
57.96,2477
57.97,2299
57.98,2343
57.99,2109
58.0,2399
58.01,2440
58.02,2555
58.03,2522
58.04,2655
58.05,2299
58.06,2242
58.07,2285
58.08,2417
58.09,2427
58.1,2554
58.11,2538
58.12,2702
58.13,2785
58.14,2751
58.15,2844
58.16,2713
58.17,2796
58.18,2702
58.19,2842
58.2,2900
58.21,2960
58.22,3021
58.23,3165
58.24,3214
58.25,3375
58.26,3358
58.27,3362
58.28,3329
58.29,3346
58.3,3314
58.31,3389
58.32,3336
58.33,3508
58.34,3566
58.35,3519
58.36,3695
58.37,3682
58.38,3714
58.39,3681
58.4,3753
58.41,3716
58.42,3738
58.43,3592
58.44,3678
58.45,3634
58.46,3483
58.47,3490
58.48,3601
58.49,3651
58.5,3833
58.51,3793
58.52,3760
58.53,3705
58.54,3550
58.55,3468
58.56,3690
58.57,3834
58.58,3794
58.59,3823
58.6,3750
58.61,3817
58.62,3802
58.63,3754
58.64,3691
58.65,3520
58.66,3485
58.67,3455
58.68,3274
58.69,3341
58.7,3282
58.71,3275
58.72,3079
58.73,2874
58.74,2738
58.75,2714
58.76,2555
58.77,2293
58.78,2059
58.79,1809
58.8,1503
58.81,1307
58.82,1293
58.83,1059
58.84,926
58.85,767
58.86,643
58.87,596
58.88,848
58.89,743
58.9,622
58.91,584
58.92,474
58.93,446
58.94,394
58.95,449
58.96,450
58.97,382
58.98,145
58.99,9062
59.0,19
59.01,9064
59.02,9065
59.03,9066
59.04,37
59.05,9068
59.06,9069
59.07,9070
59.08,9071
59.09,9072
59.1,9073
59.11,9074
59.12,9075
59.13,118
59.14,185
59.15,385
59.16,357
59.17,195
59.18,203
59.19,328
59.2,369
59.21,412
59.22,448
59.23,501
59.24,528
59.25,618
59.26,610
59.27,668
59.28,359
59.29,473
59.3,513
59.31,462
59.32,494
59.33,461
59.34,463
59.35,411
59.36,290
59.37,257
59.38,297
59.39,9104
59.4,9105
59.41,9106
59.42,9107
59.43,9108
59.44,9109
59.45,9110
59.46,9111
59.47,67
59.48,159
59.49,359
59.5,406
59.51,397
59.52,374
59.53,289
59.54,238
59.55,253
59.56,156
59.57,89
59.58,9124
59.59,9125
59.6,9126
59.61,9127
59.62,9128
59.63,9129
59.64,12
59.65,9132
59.66,9133
59.67,9134
59.68,9135
59.69,9136
59.7,9137
59.71,9138
59.72,9139
59.73,9140
59.74,9141
59.75,9142
59.76,9141
59.77,9144
59.78,9143
59.79,9145
59.8,9148
59.81,9147
59.82,9148
59.83,9149
59.84,9146
59.85,9141
59.86,9141
59.87,9140
59.88,9141
59.89,9137
59.9,9137
59.91,9136
59.92,9144
59.93,9147
59.94,9148
59.95,9140
59.96,9138
59.97,9135
59.98,9133
59.99,9134
60.0,9135
60.01,9138
60.02,9142
60.03,9148
60.04,9149
60.05,9152
60.06,9152
60.07,9153
60.08,9147
60.09,9147
60.1,9146
60.11,9148
60.12,9150
60.13,9149
60.14,9152
60.15,9158
60.16,9167
60.17,9173
60.18,9174
60.19,9175
60.2,9176
60.21,9179
60.22,9181
60.23,9186
60.24,9188
60.25,9194
60.26,9195
60.27,9197
60.28,9200
60.29,9199
60.3,9200
60.31,9201
60.32,9201
60.33,9200
60.34,9204
60.35,9205
60.36,9208
60.37,9209
60.38,9207
60.39,9210
60.4,9211
60.41,9212
60.42,9213
60.43,9214
60.44,9215
60.45,9217
60.46,9220
60.47,9221
60.48,9222
60.49,9223
60.5,9224
60.51,9225
60.52,9227
60.53,9228
60.54,9229
60.55,9230
60.56,9231
60.57,9232
60.58,9233
60.59,9235
60.6,9236
60.61,9237
60.62,9238
60.63,1
60.64,104
60.65,66
60.66,194
60.67,9244
60.68,9245
60.69,9247
60.7,9248
60.71,9249
60.72,9251
60.73,9252
60.74,103
60.75,279
60.76,505
60.77,613
60.78,807
60.79,912
60.8,952
60.81,1035
60.82,1149
60.83,1322
60.84,1422
60.85,1373
60.86,1558
60.87,1699
60.88,1729
60.89,1618
60.9,1684
60.91,1567
60.92,1559
60.93,1589
60.94,1573
60.95,1441
60.96,1395
60.97,1265
60.98,1225
60.99,1435
61.0,1779
61.01,1809
61.02,1920
61.03,2444
61.04,2710
61.05,2923
61.06,2964
61.07,3062
61.08,3091
61.09,3318
61.1,3547
61.11,3748
61.12,3787
61.13,3895
61.14,3924
61.15,4144
61.16,4446
61.17,4440
61.18,4093
61.19,4227
61.2,4312
61.21,4439
61.22,4773
61.23,4968
61.24,5016
61.25,5138
61.26,5129
61.27,5297
61.28,5526
61.29,5687
61.3,5728
61.31,5825
61.32,5592
61.33,5781
61.34,5977
61.35,5908
61.36,5847
61.37,5699
61.38,5781
61.39,5708
61.4,5861
61.41,5837
61.42,5861
61.43,5467
61.44,5592
61.45,5805
61.46,5782
61.47,5720
61.48,5738
61.49,5735
61.5,5924
61.51,5880
61.52,5959
61.53,5869
61.54,5910
61.55,5658
61.56,5599
61.57,5688
61.58,5728
61.59,5633
61.6,5558
61.61,5443
61.62,5584
61.63,5765
61.64,5876
61.65,5605
61.66,5629
61.67,5437
61.68,5173
61.69,5366
61.7,5491
61.71,5218
61.72,5157
61.73,5064
61.74,5242
61.75,5349
61.76,5351
61.77,5175
61.78,5146
61.79,5045
61.8,5142
61.81,5275
61.82,5249
61.83,4902
61.84,4855
61.85,4597
61.86,4557
61.87,4547
61.88,4646
61.89,4505
61.9,4344
61.91,4240
61.92,4196
61.93,4268
61.94,4521
61.95,4683
61.96,4581
61.97,4619
61.98,4527
61.99,4603
62.0,4877
62.01,5011
62.02,5041
62.03,5188
62.04,5576
62.05,5578
62.06,5590
62.07,5419
62.08,5388
62.09,5391
62.1,5568
62.11,5840
62.12,5857
62.13,5878
62.14,5961
62.15,5767
62.16,5951
62.17,6160
62.18,6315
62.19,6265
62.2,6377
62.21,6362
62.22,6582
62.23,6913
62.24,7133
62.25,7007
62.26,6685
62.27,6846
62.28,7025
62.29,7135
62.3,7002
62.31,7017
62.32,6942
62.33,7070
62.34,7317
62.35,7429
62.36,7420
62.37,7511
62.38,7495
62.39,7463
62.4,7681
62.41,7835
62.42,7401
62.43,7358
62.44,7494
62.45,7456
62.46,7436
62.47,7432
62.48,7445
62.49,7448
62.5,7701
62.51,7753
62.52,7677
62.53,7393
62.54,7409
62.55,7228
62.56,7275
62.57,7418
62.58,7521
62.59,7457
62.6,7457
62.61,7346
62.62,7376
62.63,7369
62.64,7373
62.65,7199
62.66,7089
62.67,6926
62.68,7006
62.69,7022
62.7,6940
62.71,6728
62.72,6765
62.73,6671
62.74,6721
62.75,6982
62.76,6918
62.77,6835
62.78,6536
62.79,6586
62.8,6637
62.81,6632
62.82,6080
62.83,5924
62.84,5953
62.85,6038
62.86,5981
62.87,5871
62.88,5810
62.89,5680
62.9,5788
62.91,5662
62.92,5629
62.93,5466
62.94,5403
62.95,5262
62.96,5016
62.97,5187
62.98,5129
62.99,4966
63.0,5242
63.01,5160
63.02,5367
63.03,5533
63.04,5724
63.05,5746
63.06,6316
63.07,6472
63.08,6755
63.09,6940
63.1,6973
63.11,6993
63.12,7285
63.13,7852
63.14,7942
63.15,8248
63.16,8392
63.17,8419
63.18,8642
63.19,8855
63.2,9009
63.21,9260
63.22,9304
63.23,9367
63.24,9529
63.25,9530
63.26,9355
63.27,9534
63.28,9535
63.29,9536
63.3,9538
63.31,9532
63.32,9247
63.33,9130
63.34,9095
63.35,9054
63.36,8929
63.37,8913
63.38,8951
63.39,8895
63.4,8779
63.41,8721
63.42,8765
63.43,8668
63.44,8770
63.45,8675
63.46,8694
63.47,8767
63.48,8692
63.49,8794
63.5,8554
63.51,8235
63.52,8175
63.53,8103
63.54,8040
63.55,8076
63.56,8029
63.57,7919
63.58,7766
63.59,7141
63.6,7186
63.61,7150
63.62,6745
63.63,6642
63.64,6620
63.65,6453
63.66,6272
63.67,6161
63.68,6048
63.69,5773
63.7,5952
63.71,5694
63.72,5546
63.73,5506
63.74,5387
63.75,5160
63.76,4973
63.77,4690
63.78,4587
63.79,4284
63.8,4300
63.81,4175
63.82,3842
63.83,3767
63.84,3741
63.85,3533
63.86,3202
63.87,2900
63.88,2618
63.89,2147
63.9,1935
63.91,1686
63.92,1470
63.93,809
63.94,649
63.95,517
63.96,464
63.97,377
63.98,326
63.99,113
64.0,14
64.01,9637
64.02,510
64.03,564
64.04,671
64.05,645
64.06,1194
64.07,1213
64.08,1355
64.09,1232
64.1,1296
64.11,1352
64.12,1594
64.13,1534
64.14,1479
64.15,1610
64.16,1686
64.17,1732
64.18,1812
64.19,1818
64.2,1992
64.21,2015
64.22,2171
64.23,2232
64.24,2326
64.25,2415
64.26,2603
64.27,2537
64.28,2484
64.29,2630
64.3,2670
64.31,2624
64.32,2683
64.33,2708
64.34,2729
64.35,2645
64.36,2758
64.37,2793
64.38,2913
64.39,2915
64.4,3160
64.41,3031
64.42,2943
64.43,3016
64.44,3090
64.45,3000
64.46,3019
64.47,3070
64.48,3183
64.49,3016
64.5,2985
64.51,2671
64.52,2521
64.53,2196
64.54,2233
64.55,1676
64.56,1337
64.57,1238
64.58,1315
64.59,1161
64.6,1162
64.61,1137
64.62,1188
64.63,1034
64.64,1098
64.65,1005
64.66,947
64.67,923
64.68,824
64.69,634
64.7,506
64.71,480
64.72,474
64.73,425
64.74,247
64.75,141
64.76,9719
64.77,9720
64.78,9721
64.79,9722
64.8,9723
64.81,9724
64.82,9723
64.83,9726
64.84,9725
64.85,9714
64.86,9715
64.87,9712
64.88,9670
64.89,9550
64.9,9476
64.91,9395
64.92,9341
64.93,9306
64.94,9129
64.95,8998
64.96,8808
64.97,8655
64.98,8381
64.99,8038
65.0,8260
65.01,8402
65.02,8334
65.03,8472
65.04,8526
65.05,8584
65.06,8614
65.07,8717
65.08,8746
65.09,8776
65.1,8722
65.11,8761
65.12,8695
65.13,8462
65.14,8550
65.15,8544
65.16,8246
65.17,8163
65.18,8277
65.19,8016
65.2,8076
65.21,8062
65.22,8120
65.23,8159
65.24,8379
65.25,8194
65.26,8093
65.27,8074
65.28,8218
65.29,8237
65.3,8330
65.31,8315
65.32,8335
65.33,8281
65.34,8244
65.35,7857
65.36,7949
65.37,7865
65.38,8041
65.39,7998
65.4,7957
65.41,7846
65.42,7911
65.43,7907
65.44,8000
65.45,7984
65.46,8054
65.47,8108
65.48,8122
65.49,8024
65.5,8003
65.51,7804
65.52,7857
65.53,7768
65.54,7420
65.55,7356
65.56,7317
65.57,7256
65.58,7008
65.59,6891
65.6,6850
65.61,6826
65.62,6786
65.63,6674
65.64,7141
65.65,6850
65.66,6910
65.67,6725
65.68,6718
65.69,6775
65.7,6782
65.71,6822
65.72,6770
65.73,6674
65.74,6200
65.75,6127
65.76,5915
65.77,5829
65.78,5561
65.79,5182
65.8,4898
65.81,4739
65.82,4392
65.83,4237
65.84,3925
65.85,3736
65.86,3462
65.87,3384
65.88,3247
65.89,3312
65.9,3259
65.91,3344
65.92,3063
65.93,3013
65.94,3042
65.95,3051
65.96,2910
65.97,2915
65.98,2675
65.99,2617
66.0,2779
66.01,2848
66.02,2817
66.03,2943
66.04,2979
66.05,3173
66.06,3570
66.07,4074
66.08,4512
66.09,4789
66.1,5016
66.11,4955
66.12,5237
66.13,5399
66.14,5343
66.15,5567
66.16,5678
66.17,6005
66.18,6222
66.19,6222
66.2,6460
66.21,6575
66.22,6926
66.23,7161
66.24,7273
66.25,7310
66.26,7372
66.27,7035
66.28,7203
66.29,7243
66.3,7259
66.31,7397
66.32,7442
66.33,7697
66.34,7804
66.35,7843
66.36,7690
66.37,7890
66.38,7885
66.39,8189
66.4,8376
66.41,8749
66.42,8788
66.43,8703
66.44,8615
66.45,8625
66.46,8665
66.47,8696
66.48,8934
66.49,8989
66.5,9053
66.51,9101
66.52,8949
66.53,8921
66.54,9067
66.55,9120
66.56,9314
66.57,9272
66.58,9297
66.59,9156
66.6,9221
66.61,9210
66.62,9001
66.63,8865
66.64,8722
66.65,8575
66.66,8459
66.67,8247
66.68,8178
66.69,7813
66.7,7759
66.71,7561
66.72,7487
66.73,7434
66.74,7276
66.75,7163
66.76,6926
66.77,6632
66.78,6532
66.79,6384
66.8,6142
66.81,6065
66.82,5831
66.83,5517
66.84,5339
66.85,5236
66.86,5191
66.87,5138
66.88,4970
66.89,4815
66.9,4651
66.91,4690
66.92,4712
66.93,5143
66.94,5217
66.95,5545
66.96,5731
66.97,5813
66.98,6052
66.99,6321
67.0,6793
67.01,7190
67.02,7307
67.03,7545
67.04,7759
67.05,8079
67.06,8269
67.07,8515
67.08,8802
67.09,9316
67.1,9744
67.11,9967
67.12,9977
67.13,9980
67.14,173
67.15,466
67.16,648
67.17,955
67.18,1266
67.19,1489
67.2,1839
67.21,1880
67.22,1977
67.23,2312
67.24,2348
67.25,2663
67.26,2969
67.27,3151
67.28,3255
67.29,3456
67.3,3529
67.31,3735
67.32,3931
67.33,4168
67.34,4415
67.35,4600
67.36,4907
67.37,5236
67.38,5367
67.39,5672
67.4,5972
67.41,6202
67.42,6441
67.43,6741
67.44,6896
67.45,7003
67.46,7145
67.47,7290
67.48,7687
67.49,7943
67.5,8120
67.51,8085
67.52,8228
67.53,8425
67.54,8614
67.55,8779
67.56,8792
67.57,8931
67.58,9162
67.59,9475
67.6,9705
67.61,9889
67.62,9985
67.63,9990
67.64,10027
67.65,10033
67.66,10038
67.67,10039
67.68,10040
67.69,10041
67.7,10045
67.71,9
67.72,14
67.73,30
67.74,16
67.75,57
67.76,46
67.77,145
67.78,104
67.79,72
67.8,322
67.81,463
67.82,517
67.83,558
67.84,651
67.85,767
67.86,888
67.87,969
67.88,952
67.89,1110
67.9,1409
67.91,1693
67.92,1800
67.93,2015
67.94,2030
67.95,2015
67.96,2022
67.97,1917
67.98,1758
67.99,1639
68.0,2065
68.01,2404
68.02,2707
68.03,3002
68.04,2975
68.05,3267
68.06,3391
68.07,3680
68.08,3940
68.09,4276
68.1,4611
68.11,4970
68.12,5424
68.13,5836
68.14,5979
68.15,6277
68.16,6558
68.17,6878
68.18,7030
68.19,7134
68.2,7273
68.21,7568
68.22,7904
68.23,8123
68.24,8515
68.25,8851
68.26,9074
68.27,9271
68.28,9524
68.29,9832
68.3,10098
68.31,10104
68.32,10111
68.33,10112
68.34,10113
68.35,10117
68.36,10118
68.37,110
68.38,340
68.39,524
68.4,722
68.41,934
68.42,1180
68.43,1366
68.44,1529
68.45,1776
68.46,2020
68.47,2074
68.48,2164
68.49,2388
68.5,2723
68.51,2835
68.52,2878
68.53,3190
68.54,3537
68.55,3666
68.56,3838
68.57,3867
68.58,3983
68.59,4122
68.6,4352
68.61,4561
68.62,4761
68.63,4910
68.64,5139
68.65,5333
68.66,5553
68.67,5756
68.68,5955
68.69,6062
68.7,6229
68.71,6445
68.72,6650
68.73,6698
68.74,6852
68.75,6903
68.76,7103
68.77,7200
68.78,7386
68.79,7265
68.8,7430
68.81,7501
68.82,7533
68.83,7549
68.84,7681
68.85,7872
68.86,8092
68.87,8315
68.88,8451
68.89,8621
68.9,8688
68.91,8767
68.92,8933
68.93,9106
68.94,9160
68.95,9229
68.96,9156
68.97,9313
68.98,9359
68.99,9248
69.0,9486
69.01,9660
69.02,9757
69.03,9908
69.04,9867
69.05,9885
69.06,9853
69.07,10092
69.08,10185
69.09,10195
69.1,10199
69.11,41
69.12,371
69.13,571
69.14,831
69.15,1159
69.16,1243
69.17,1356
69.18,1590
69.19,1913
69.2,2182
69.21,2477
69.22,2444
69.23,2566
69.24,2853
69.25,3469
69.26,3688
69.27,3896
69.28,4176
69.29,4371
69.3,4615
69.31,4885
69.32,5091
69.33,5069
69.34,5302
69.35,5529
69.36,5794
69.37,6080
69.38,6209
69.39,6278
69.4,6703
69.41,7027
69.42,7116
69.43,7622
69.44,7742
69.45,7921
69.46,8158
69.47,8427
69.48,8607
69.49,8815
69.5,9106
69.51,9172
69.52,9138
69.53,9391
69.54,9544
69.55,9338
69.56,9524
69.57,9683
69.58,9772
69.59,9981
69.6,10247
69.61,10255
69.62,10258
69.63,10257
69.64,10260
69.65,10261
69.66,10264
69.67,10265
69.68,106
69.69,342
69.7,581
69.71,702
69.72,906
69.73,1002
69.74,1074
69.75,1141
69.76,1238
69.77,1071
69.78,1282
69.79,1476
69.8,1632
69.81,1861
69.82,1960
69.83,2019
69.84,2001
69.85,2048
69.86,1987
69.87,2150
69.88,2106
69.89,2127
69.9,2347
69.91,2571
69.92,2565
69.93,2681
69.94,2580
69.95,2499
69.96,2613
69.97,2780
69.98,2812
69.99,2843
70.0,3408
70.01,3752
70.02,3979
70.03,4105
70.04,4031
70.05,3960
70.06,4281
70.07,4564
70.08,4782
70.09,5121
70.1,5423
70.11,5728
70.12,5604
70.13,5638
70.14,5946
70.15,6231
70.16,6591
70.17,6725
70.18,7042
70.19,7289
70.2,7197
70.21,7405
70.22,7572
70.23,7819
70.24,8196
70.25,8489
70.26,8352
70.27,8014
70.28,7958
70.29,8090
70.3,8173
70.31,8367
70.32,8600
70.33,8774
70.34,8726
70.35,8744
70.36,8648
70.37,8142
70.38,8405
70.39,8626
70.4,8991
70.41,9307
70.42,9488
70.43,9750
70.44,9609
70.45,9618
70.46,9567
70.47,9676
70.48,9834
70.49,10094
70.5,10194
70.51,10090
70.52,10032
70.53,10077
70.54,10271
70.55,10364
70.56,10370
70.57,10374
70.58,10373
70.59,10374
70.6,10375
70.61,10377
70.62,10378
70.63,10381
70.64,10382
70.65,132
70.66,345
70.67,310
70.68,157
70.69,323
70.7,485
70.71,524
70.72,629
70.73,676
70.74,773
70.75,653
70.76,555
70.77,590
70.78,365
70.79,560
70.8,668
70.81,810
70.82,708
70.83,676
70.84,556
70.85,638
70.86,766
70.87,958
70.88,1054
70.89,1038
70.9,868
70.91,712
70.92,490
70.93,75
70.94,150
70.95,259
70.96,135
70.97,191
70.98,10425
70.99,10426
71.0,274
71.01,475
71.02,689
71.03,1027
71.04,1318
71.05,1518
71.06,1460
71.07,1431
71.08,1716
71.09,1984
71.1,2395
71.11,2780
71.12,3016
71.13,3256
71.14,3375
71.15,3509
71.16,3764
71.17,4054
71.18,4442
71.19,4563
71.2,4802
71.21,4987
71.22,4906
71.23,5029
71.24,5270
71.25,5575
71.26,5746
71.27,6046
71.28,6270
71.29,6513
71.3,6608
71.31,6527
71.32,6618
71.33,6857
71.34,7212
71.35,7484
71.36,7695
71.37,7894
71.38,7941
71.39,7907
71.4,8032
71.41,8244
71.42,8547
71.43,8863
71.44,9020
71.45,9204
71.46,9211
71.47,9223
71.48,9472
71.49,9441
71.5,9689
71.51,9886
71.52,9963
71.53,10103
71.54,10092
71.55,9924
71.56,10021
71.57,9876
71.58,10081
71.59,10252
71.6,10089
71.61,10275
71.62,10284
71.63,10265
71.64,10302
71.65,10508
71.66,10512
71.67,10513
71.68,10514
71.69,10515
71.7,10517
71.71,10518
71.72,10519
71.73,89
71.74,49
71.75,38
71.76,10524
71.77,10525
71.78,10527
71.79,10528
71.8,183
71.81,433
71.82,424
71.83,475
71.84,463
71.85,356
71.86,465
71.87,509
71.88,677
71.89,757
71.9,929
71.91,972
71.92,935
71.93,823
71.94,819
71.95,902
71.96,1133
71.97,1272
71.98,1201
71.99,1070
72.0,784
72.01,1107
72.02,1348
72.03,1741
72.04,2132
72.05,2407
72.06,2719
72.07,2567
72.08,2698
72.09,2990
72.1,3467
72.11,3854
72.12,4123
72.13,4387
72.14,4323
72.15,4424
72.16,4709
72.17,5002
72.18,5405
72.19,5715
72.2,5861
72.21,5942
72.22,5909
72.23,5827
72.24,5871
72.25,6023
72.26,6146
72.27,6197
72.28,6408
72.29,6421
72.3,6447
72.31,6700
72.32,6701
72.33,7101
72.34,7176
72.35,7364
72.36,7472
72.37,7528
72.38,7784
72.39,7878
72.4,8171
72.41,8404
72.42,8679
72.43,8893
72.44,9124
72.45,9282
72.46,9439
72.47,9517
72.48,9736
72.49,9940
72.5,10291
72.51,10232
72.52,10312
72.53,10620
72.54,10623
72.55,10624
72.56,10625
72.57,57
72.58,72
72.59,322
72.6,498
72.61,605
72.62,702
72.63,1030
72.64,1006
72.65,1063
72.66,895
72.67,893
72.68,1070
72.69,1270
72.7,1441
72.71,1323
72.72,1521
72.73,1796
72.74,1989
72.75,2187
72.76,2133
72.77,2058
72.78,2177
72.79,2107
72.8,2232
72.81,2216
72.82,2295
72.83,2643
72.84,2777
72.85,2873
72.86,2487
72.87,2176
72.88,2180
72.89,1861
72.9,2023
72.91,2001
72.92,2021
72.93,2002
72.94,2252
72.95,2460
72.96,2402
72.97,2382
72.98,2493
72.99,2447
73.0,2845
73.01,3131
73.02,3322
73.03,3419
73.04,3608
73.05,3951
73.06,4232
73.07,4493
73.08,4687
73.09,4597
73.1,4632
73.11,4801
73.12,5020
73.13,5262
73.14,5425
73.15,5766
73.16,5924
73.17,6000
73.18,6276
73.19,6356
73.2,6562
73.21,6801
73.22,7108
73.23,7244
73.24,7596
73.25,7879
73.26,8078
73.27,8124
73.28,8126
73.29,8378
73.3,8627
73.31,8881
73.32,9104
73.33,9365
73.34,9697
73.35,9939
73.36,10153
73.37,10380
73.38,10516
73.39,10393
73.4,10481
73.41,10606
73.42,10723
73.43,10724
73.44,10725
73.45,82
73.46,259
73.47,380
73.48,162
73.49,121
73.5,339
73.51,440
73.52,367
73.53,375
73.54,488
73.55,594
73.56,725
73.57,922
73.58,1141
73.59,1287
73.6,1426
73.61,1623
73.62,1787
73.63,2035
73.64,2155
73.65,2260
73.66,2233
73.67,2387
73.68,2502
73.69,2543
73.7,2617
73.71,2781
73.72,3022
73.73,2866
73.74,3153
73.75,3111
73.76,3162
73.77,3105
73.78,2996
73.79,3165
73.8,3330
73.81,3442
73.82,3564
73.83,3615
73.84,3724
73.85,3900
73.86,3943
73.87,4105
73.88,4212
73.89,4437
73.9,4556
73.91,4694
73.92,4858
73.93,4935
73.94,4937
73.95,5120
73.96,5168
73.97,5470
73.98,5329
73.99,5484
74.0,5891
74.01,6181
74.02,6395
74.03,6683
74.04,6929
74.05,7104
74.06,7398
74.07,7702
74.08,8090
74.09,8356
74.1,8417
74.11,8354
74.12,8498
74.13,8480
74.14,8756
74.15,8928
74.16,9157
74.17,9463
74.18,9848
74.19,10176
74.2,10458
74.21,10727
74.22,10814
74.23,10815
74.24,265
74.25,388
74.26,462
74.27,455
74.28,611
74.29,871
74.3,1092
74.31,1307
74.32,1498
74.33,1579
74.34,1731
74.35,1981
74.36,2179
74.37,2441
74.38,2793
74.39,3102
74.4,3260
74.41,3231
74.42,3435
74.43,3488
74.44,3676
74.45,3863
74.46,3947
74.47,4132
74.48,10844
