0.0,14105
0.01,14098
0.02,14090
0.03,14082
0.04,14074
0.05,14068
0.06,14059
0.07,14053
0.08,14046
0.09,14040
0.1,14033
0.11,14026
0.12,14020
0.13,14015
0.14,14007
0.15,13998
0.16,13988
0.17,13980
0.18,13973
0.19,13968
0.2,13961
0.21,13954
0.22,13944
0.23,13941
0.24,13934
0.25,13925
0.26,13917
0.27,13909
0.74,13904
0.75,13895
0.76,13885
0.77,13880
0.78,13875
0.79,13871
0.8,13867
0.81,13862
0.82,13856
0.83,13852
0.84,13848
0.85,13841
0.86,13833
0.87,13822
0.88,13815
0.89,13809
0.9,13803
0.91,13797
0.92,13793
0.93,13788
0.94,13779
0.95,13773
0.96,13765
0.97,13757
0.98,13750
0.99,13744
1.0,13739
1.01,13733
1.02,13725
1.03,13714
1.04,13708
1.05,13700
1.06,13692
1.07,13683
1.08,13680
1.09,13674
1.1,13668
1.11,13660
1.12,13658
1.13,13650
1.14,13643
1.15,13637
1.16,13631
1.17,13624
1.18,13614
1.19,13608
1.2,13602
1.21,13594
1.22,13587
1.23,13586
1.24,13580
1.25,13572
1.26,13564
1.27,13558
1.28,13550
1.29,13547
1.3,13540
1.31,13538
1.32,13530
1.33,13520
1.34,13516
1.35,13512
1.36,13509
1.37,13505
1.38,13498
1.39,13489
1.4,13482
1.41,13478
1.42,13470
1.43,13464
1.44,13455
1.45,13451
1.46,13448
1.47,13445
1.48,13437
1.49,13433
1.5,13429
1.51,13426
1.52,13422
1.53,13420
1.54,13416
1.55,13410
1.56,13407
1.57,13403
1.58,13397
1.59,13390
1.6,13382
1.61,13380
1.62,13374
1.63,13371
1.64,13367
1.65,13364
1.66,13358
1.67,13353
1.68,13348
1.69,13344
1.7,13341
1.71,13333
1.72,13326
1.73,13321
1.74,13316
1.75,13309
1.76,13305
2.17,13304
2.19,13303
2.2,13297
2.22,13290
2.23,13286
2.24,13283
2.25,13278
2.26,13274
2.27,13268
2.28,13262
2.29,13256
2.3,13251
2.31,13248
2.32,13244
2.33,13240
2.34,13234
2.35,13227
2.36,13223
2.37,13215
2.38,13210
2.39,13206
2.4,13201
2.41,13194
2.42,13190
2.43,13185
2.44,13178
2.45,13174
2.46,13166
2.47,13162
2.48,13159
2.49,13154
2.5,13144
2.51,13138
2.53,13136
2.54,13131
2.55,13127
2.56,13121
2.57,13117
2.58,13112
2.59,13107
2.6,13105
2.61,13097
2.62,13096
2.63,13091
2.64,13084
2.65,13074
2.66,13066
2.67,13063
2.68,13055
2.7,13054
2.89,13045
2.9,13039
2.91,13036
2.92,13032
2.93,13028
2.94,13021
2.95,13008
2.96,13003
2.97,12995
2.98,12990
2.99,12989
3.0,12985
3.01,12983
3.03,12982
3.04,12979
3.05,12975
3.06,12971
3.07,12969
3.08,12964
3.09,12960
3.1,12954
3.11,12951
3.12,12948
3.13,12947
3.14,12946
3.15,12937
3.16,12931
3.17,12925
3.59,12922
3.6,12917
3.61,12911
3.62,12903
3.63,12901
3.64,12899
3.65,12895
3.66,12891
3.67,12883
3.68,12875
3.69,12871
3.7,12868
3.71,12864
3.72,12861
3.73,12857
3.74,12854
3.75,12848
3.76,12841
3.77,12839
3.78,12836
3.79,12833
3.8,12827
3.81,12824
3.82,12823
3.83,12818
3.84,12813
3.85,12805
3.87,12802
3.88,12801
3.89,12795
3.9,12791
3.91,12785
3.92,12781
3.93,12772
3.94,12770
3.95,12767
3.96,12766
3.97,12765
3.98,12759
3.99,12757
4.0,12756
4.01,12751
4.03,12749
4.04,12745
4.05,12738
4.06,12732
4.07,12727
4.08,12725
4.09,12721
4.1,12714
4.11,12711
4.12,12705
4.13,12701
4.15,12697
4.16,12696
4.17,12687
4.19,12685
4.2,12679
4.21,12677
4.22,12674
4.23,12671
4.24,12669
4.25,12667
4.26,12665
4.27,12656
4.28,12653
4.29,12649
4.3,12646
4.31,12644
4.32,12641
4.33,12636
4.34,12630
4.35,12621
4.38,12620
4.39,12617
4.4,12610
4.41,12604
4.42,12600
4.43,12596
4.44,12593
4.45,12587
4.46,12584
4.47,12576
4.48,12572
4.49,12570
4.5,12566
4.51,12562
4.52,12556
4.53,12550
4.54,12545
4.55,12544
4.56,12538
4.57,12535
4.58,12529
4.59,12526
4.6,12520
4.61,12511
4.62,12505
4.63,12504
4.64,12499
4.65,12492
4.66,12489
4.67,12488
4.68,12483
4.69,12479
5.07,12476
5.08,12473
5.09,12470
5.1,12468
5.11,12465
5.12,12464
5.13,12458
5.14,12457
5.15,12453
5.16,12446
5.17,12441
5.18,12435
5.19,12430
5.2,12425
5.21,12421
5.22,12417
5.23,12416
5.25,12415
5.26,12414
5.29,12413
5.3,12409
5.31,12407
5.32,12404
5.33,12400
5.34,12397
5.35,12390
5.36,12388
5.37,12380
5.38,12379
5.39,12377
5.84,12375
5.85,12366
5.86,12360
5.87,12358
5.88,12355
6.27,12354
6.28,12349
6.29,12344
6.3,12338
6.31,12335
6.32,12331
6.33,12328
6.34,12325
6.35,12324
6.36,12315
6.37,12308
6.39,12306
6.41,12305
6.42,12302
6.43,12296
6.44,12290
6.45,12286
6.46,12280
6.47,12279
6.48,12276
6.49,12268
6.5,12264
6.51,12260
6.52,12252
6.53,12247
6.54,12245
6.55,12238
6.56,12232
6.57,12230
6.58,12226
6.59,12224
6.6,12217
6.61,12212
6.62,12211
6.63,12205
6.64,12196
6.65,12191
6.66,12186
6.67,12182
6.68,12179
6.7,12172
6.71,12167
6.72,12163
6.73,12160
6.74,12155
6.75,12151
6.76,12149
6.77,12143
6.78,12141
6.79,12137
6.8,12133
6.81,12131
6.82,12122
6.83,12117
6.84,12114
6.85,12109
6.86,12107
6.87,12103
6.88,12098
6.89,12096
6.9,12092
6.91,12088
6.92,12084
6.93,12083
6.94,12076
6.95,12067
6.96,12061
6.97,12054
6.98,12049
6.99,12042
7.0,12041
7.43,12039
7.44,12035
7.45,12032
7.46,12027
7.47,12022
7.48,12019
7.49,12015
7.5,12011
7.51,12010
7.52,12008
7.53,12006
7.54,11999
7.55,11995
7.56,11992
7.57,11987
7.58,11985
7.59,11979
7.6,11976
7.61,11969
7.62,11964
7.63,11962
7.64,11956
7.65,11954
7.66,11948
7.67,11944
7.68,11938
7.69,11933
7.7,11931
7.71,11925
7.72,11920
7.73,11918
7.74,11911
7.75,11909
7.76,11908
7.77,11905
7.78,11900
7.79,11896
7.8,11893
7.81,11885
7.82,11877
7.83,11873
7.84,11868
7.85,11867
7.86,11863
7.87,11859
7.88,11856
7.89,11850
7.91,11842
7.92,11839
7.93,11835
7.94,11830
7.95,11827
7.96,11821
7.97,11817
7.98,11814
7.99,11809
8.0,11804
8.01,11802
8.02,11798
8.03,11795
8.04,11793
8.05,11790
8.06,11786
8.07,11780
8.08,11779
8.09,11775
8.12,11770
8.13,11767
8.14,11766
8.15,11764
8.16,11757
8.17,11751
8.18,11749
8.19,11747
8.2,11739
8.21,11737
8.22,11732
8.23,11727
8.24,11722
8.25,11715
8.26,11712
8.28,11707
8.31,11702
8.32,11700
8.33,11699
8.34,11697
8.37,11694
8.38,11693
8.39,11686
8.4,11679
8.43,11675
8.44,11673
8.45,11670
8.46,11667
8.47,11666
8.49,11656
8.5,11650
8.51,11645
8.52,11644
8.53,11640
8.54,11637
8.55,11632
8.56,11627
8.57,11622
8.58,11618
8.59,11613
8.6,11607
8.61,11605
8.62,11601
8.63,11597
8.65,11595
8.66,11594
8.67,11591
8.68,11587
8.69,11585
8.7,11580
8.71,11575
8.72,11573
8.73,11570
8.74,11566
8.75,11562
8.76,11555
8.77,11548
8.78,11540
8.79,11536
8.81,11534
8.83,11527
8.85,11526
8.86,11519
8.88,11515
8.89,11512
8.9,11507
8.91,11506
8.92,11505
8.93,11503
8.94,11494
8.95,11491
8.96,11489
8.97,11485
8.98,11484
9.0,11479
9.01,11478
9.02,11477
9.03,11476
9.04,11471
9.05,11469
9.06,11464
9.07,11463
9.08,11460
9.09,11455
9.1,11450
9.11,11446
9.12,11445
9.13,11439
9.14,11431
9.15,11424
9.16,11420
9.17,11415
9.18,11414
9.21,11411
9.23,11410
9.24,11409
9.25,11407
9.26,11405
9.27,11403
9.28,11401
9.31,11399
9.32,11396
9.33,11390
9.35,11388
9.36,11385
9.37,11381
9.38,11378
9.39,11377
9.4,11375
9.41,11371
9.42,11369
9.43,11366
9.44,11362
9.45,11360
9.46,11357
9.47,11354
9.5,11350
9.51,11348
9.52,11345
9.53,11342
9.54,11340
9.55,11337
9.56,11334
9.57,11333
9.59,11329
9.6,11327
9.61,11325
9.62,11320
9.63,11316
9.64,11314
9.66,11312
9.67,11304
9.68,11300
10.08,11298
10.09,11295
10.1,11294
10.11,11293
10.12,11289
10.13,11287
10.14,11282
10.16,11281
10.17,11278
10.18,11272
10.19,11264
10.2,11258
10.21,11252
10.22,11248
10.23,11242
10.24,11240
10.25,11236
10.26,11234
10.27,11229
10.28,11227
10.29,11223
10.3,11219
10.31,11217
10.32,11215
10.33,11211
10.34,11207
10.35,11203
10.36,11201
10.38,11194
10.39,11192
10.4,11190
10.41,11189
10.42,11185
10.43,11182
10.44,11179
10.46,11178
10.47,11174
10.48,11171
10.49,11169
10.5,11166
10.51,11162
10.52,11160
10.53,11153
10.54,11149
10.55,11145
10.56,11142
10.57,11141
10.59,11138
10.6,11137
10.61,11132
10.62,11128
10.63,11127
10.64,11126
10.65,11122
10.66,11119
10.67,11118
10.68,11115
10.69,11112
10.7,11111
10.71,11108
10.72,11107
10.73,11106
10.74,11100
10.75,11095
10.76,11091
10.78,11090
10.79,11089
10.8,11088
10.82,11085
10.84,11080
10.87,11077
10.88,11074
10.9,11072
10.92,11070
10.93,11068
10.94,11063
10.95,11061
10.96,11059
10.97,11058
10.98,11056
10.99,11055
11.0,11052
11.01,11049
11.02,11048
11.04,11044
11.05,11039
11.06,11032
11.07,11030
11.08,11027
11.09,11024
11.1,11018
11.11,11012
11.12,11010
11.52,11008
11.53,11006
11.54,11003
11.55,10998
11.95,10995
11.96,10994
11.97,10991
11.98,10989
12.34,10985
12.35,10981
12.36,10980
12.37,10978
12.38,10975
12.39,10972
12.4,10968
12.41,10963
12.42,10961
12.43,10954
12.45,10950
12.46,10948
12.47,10945
12.48,10944
12.49,10938
12.5,10937
12.51,10934
12.52,10929
12.53,10924
12.54,10922
12.55,10918
12.56,10915
12.57,10913
12.58,10911
12.77,10909
12.78,10905
12.79,10902
12.8,10901
12.83,10899
12.84,10898
12.86,10896
12.87,10895
13.12,10892
13.13,10888
13.14,10878
13.16,10877
13.17,10876
13.18,10873
13.19,10872
13.2,10871
13.21,10869
13.22,10867
13.23,10861
13.24,10855
13.25,10850
13.27,10847
13.28,10845
13.29,10841
13.3,10838
13.31,10836
13.32,10834
13.34,10833
13.35,10831
13.36,10826
13.37,10823
13.38,10818
13.39,10813
13.4,10810
13.42,10809
13.44,10808
13.45,10804
13.46,10803
13.48,10801
13.49,10800
13.5,10798
13.52,10795
13.53,10791
13.54,10789
13.55,10788
13.56,10785
13.57,10783
13.58,10781
13.59,10779
13.6,10774
13.61,10767
13.62,10766
13.63,10764
13.64,10762
13.65,10760
13.67,10756
13.68,10755
13.7,10751
13.71,10748
13.72,10743
13.73,10740
13.74,10736
13.75,10734
13.76,10728
13.78,10722
13.79,10721
14.29,10719
14.3,10717
14.31,10714
14.33,10713
14.34,10711
14.35,10710
14.38,10707
14.39,10703
14.4,10697
14.41,10694
14.42,10692
14.44,10689
14.46,10687
14.47,10685
14.49,10684
14.52,10682
14.53,10680
14.84,10677
14.85,10676
14.87,10675
14.89,10674
14.9,10671
14.91,10669
14.93,10667
14.94,10665
14.98,10663
15.03,10660
15.05,10658
15.06,10657
15.07,10654
15.08,10653
15.1,10651
15.49,10650
15.51,10649
15.96,10648
15.97,10645
15.98,10644
15.99,10641
16.0,10640
16.01,10636
16.02,10635
16.03,10631
16.06,10629
16.07,10628
16.08,10625
16.09,10624
16.1,10621
16.11,10619
16.12,10616
16.13,10613
16.14,10609
16.15,10604
16.16,10600
16.18,10596
16.19,10594
16.2,10590
16.21,10587
16.22,10584
16.23,10583
16.24,10580
16.25,10579
16.26,10576
16.27,10573
16.28,10567
16.29,10566
16.3,10564
16.31,10559
16.32,10558
16.33,10556
16.34,10555
16.35,10553
16.36,10550
16.37,10547
16.38,10544
16.4,10542
16.41,10541
16.42,10539
16.43,10535
16.44,10533
16.46,10529
16.47,10525
16.49,10522
16.5,10517
16.51,10514
16.52,10513
16.53,10512
16.54,10510
16.57,10507
16.59,10505
16.6,10504
16.61,10499
16.62,10498
16.88,10497
16.89,10495
16.9,10493
16.91,10491
16.92,10489
16.94,10485
16.95,10482
16.96,10479
16.97,10477
16.98,10476
17.01,10474
17.02,10472
17.03,10470
17.04,10467
17.05,10466
17.06,10465
17.08,10464
17.09,10462
17.1,10459
17.35,10457
17.37,10455
17.38,10454
17.39,10453
17.41,10451
17.42,10450
17.43,10449
17.45,10448
17.46,10446
17.47,10444
17.48,10441
17.49,10440
17.5,10439
17.51,10438
17.52,10436
17.53,10432
17.54,10429
17.55,10427
17.56,10426
17.58,10422
17.59,10419
17.6,10416
17.61,10409
17.62,10408
17.63,10407
17.65,10405
17.66,10404
17.68,10401
17.69,10399
17.7,10398
17.71,10396
17.72,10394
17.73,10393
17.74,10391
17.75,10390
17.76,10388
17.77,10387
17.78,10384
17.79,10382
17.81,10379
17.82,10378
18.31,10375
18.33,10372
18.34,10369
18.35,10368
18.36,10366
18.38,10362
18.39,10361
18.4,10359
18.42,10358
18.43,10356
18.45,10351
18.46,10348
18.48,10342
18.49,10341
18.5,10340
18.51,10334
18.52,10332
18.53,10331
18.54,10326
18.55,10321
18.57,10318
18.58,10317
18.59,10316
18.6,10314
18.62,10312
18.63,10311
18.64,10308
18.65,10303
19.13,10302
19.14,10296
19.15,10291
19.16,10290
19.18,10289
19.19,10287
19.2,10282
19.22,10280
19.23,10275
19.25,10274
19.7,10268
19.71,10263
19.73,10261
19.75,10260
19.76,10258
19.77,10255
19.78,10254
19.82,10253
19.83,10250
19.84,10249
19.85,10246
19.86,10245
19.87,10244
19.88,10241
19.89,10239
19.92,10237
19.94,10233
19.97,10231
19.98,10229
19.99,10227
20.0,10226
20.01,10225
20.06,10224
20.58,10221
20.59,10219
20.6,10218
20.62,10216
20.63,10213
20.66,10211
20.68,10206
20.69,10199
20.7,10197
20.71,10196
20.72,10195
20.74,10194
20.75,10191
20.77,10189
20.78,10188
20.79,10187
20.8,10186
20.81,10185
20.82,10184
20.83,10182
20.84,10179
20.85,10177
20.87,10173
20.88,10170
20.89,10169
20.9,10168
20.91,10166
20.92,10161
20.93,10157
20.94,10153
20.95,10150
20.96,10147
20.98,10146
20.99,10144
21.0,10141
21.01,10140
21.02,10137
21.03,10136
21.04,10135
21.05,10131
21.06,10126
21.07,10125
21.08,10123
21.1,10122
21.11,10119
21.12,10118
21.13,10116
21.14,10114
21.16,10113
21.17,10110
21.18,10105
21.72,10104
21.74,10103
21.75,10100
21.76,10099
22.28,10097
22.29,10093
22.3,10091
22.31,10088
22.32,10086
22.34,10082
22.36,10079
22.38,10078
22.39,10077
22.4,10075
22.41,10072
22.42,10071
22.43,10063
22.44,10060
22.45,10058
22.46,10054
22.47,10052
22.48,10050
22.5,10048
22.51,10046
22.52,10042
22.53,10039
22.54,10037
22.56,10034
22.99,10033
23.01,10032
23.02,10031
23.03,10026
23.05,10025
23.06,10024
23.07,10022
23.09,10021
23.1,10018
23.11,10017
23.12,10014
23.13,10013
23.14,10009
23.16,10006
23.17,9998
23.18,9997
23.19,9995
23.2,9990
23.21,9989
23.23,9987
23.24,9986
23.25,9984
23.26,9982
23.27,9979
23.28,9976
23.29,9973
23.3,9969
23.31,9965
23.33,9964
23.35,9963
23.36,9962
23.38,9959
23.39,9958
23.44,9955
23.45,9952
23.46,9951
23.47,9949
23.48,9942
23.49,9940
23.5,9939
23.51,9937
23.87,9933
24.31,9931
24.32,9929
24.34,9928
24.35,9927
24.37,9923
24.38,9921
24.39,9920
24.4,9917
24.42,9916
24.43,9915
24.44,9914
24.47,9913
24.48,9911
24.49,9910
24.51,9908
24.52,9904
24.53,9903
24.6,9901
24.62,9899
24.63,9895
24.65,9894
25.09,9893
25.1,9891
25.58,9887
25.59,9884
25.6,9878
25.62,9874
25.64,9872
25.67,9871
25.68,9868
25.69,9867
25.71,9866
25.75,9863
26.26,9861
26.27,9858
26.29,9853
26.31,9850
26.32,9847
26.33,9844
26.34,9841
26.35,9839
26.36,9835
26.37,9833
26.38,9829
26.39,9826
26.4,9823
26.41,9822
26.42,9821
26.44,9815
26.46,9814
26.47,9813
26.48,9811
26.49,9809
26.5,9806
26.51,9805
26.52,9802
26.53,9800
26.54,9797
26.55,9792
26.56,9789
26.57,9786
26.61,9782
26.62,9777
26.63,9776
26.64,9774
26.65,9773
26.67,9769
26.68,9767
26.7,9764
26.71,9758
26.72,9756
26.73,9753
26.74,9752
26.75,9748
26.97,9747
26.98,9746
27.01,9740
27.02,9738
27.03,9737
27.05,9734
27.06,9732
27.09,9730
27.11,9727
27.12,9721
27.13,9720
27.14,9719
27.15,9716
27.16,9715
27.17,9713
27.18,9711
27.19,9709
27.21,9707
27.22,9706
27.23,9704
27.24,9703
27.25,9700
27.26,9694
27.27,9690
27.28,9683
27.3,9681
27.34,9679
27.35,9675
27.36,9672
27.37,9669
27.38,9664
27.39,9663
27.4,9662
27.41,9660
27.42,9659
27.43,9658
27.45,9657
27.46,9656
27.48,9654
27.5,9653
27.51,9652
27.52,9649
27.53,9647
27.55,9645
27.56,9642
27.57,9641
27.58,9638
27.95,9637
27.96,9632
27.97,9630
27.98,9626
27.99,9624
28.0,9623
28.02,9621
28.03,9620
28.04,9619
28.05,9617
28.06,9616
28.07,9614
28.08,9613
28.53,9611
28.54,9609
28.55,9608
28.56,9602
28.57,9601
28.58,9598
28.59,9595
28.6,9594
28.61,9591
28.62,9588
28.63,9585
28.64,9579
28.65,9578
28.66,9577
28.67,9572
28.69,9571
28.7,9570
28.71,9567
28.73,9560
28.74,9555
28.75,9553
28.76,9551
28.79,9550
28.8,9548
28.81,9543
28.82,9541
28.83,9538
28.84,9537
28.87,9535
28.88,9532
28.89,9529
28.9,9526
28.92,9525
28.93,9522
28.94,9521
28.95,9519
28.96,9517
28.97,9515
28.98,9512
28.99,9510
29.0,9509
29.01,9507
29.02,9506
29.03,9505
29.05,9504
29.06,9501
29.07,9500
29.08,9494
29.09,9490
29.1,9485
29.11,9483
29.13,9479
29.17,9474
29.18,9472
29.19,9470
29.21,9465
29.22,9463
29.23,9461
29.49,9459
29.5,9457
29.51,9453
29.52,9451
29.55,9450
29.56,9448
29.57,9447
29.58,9446
29.6,9445
29.61,9444
29.63,9441
29.66,9440
29.67,9435
29.68,9432
29.71,9430
29.72,9429
29.73,9427
29.74,9426
29.75,9425
30.25,9421
30.26,9420
30.27,9418
30.29,9416
30.3,9411
30.31,9409
30.32,9408
30.33,9407
30.34,9404
30.35,9403
30.36,9401
30.37,9400
30.39,9398
30.4,9397
30.41,9396
30.42,9395
30.44,9392
30.46,9389
30.49,9387
30.52,9385
30.54,9383
30.56,9381
30.57,9378
30.58,9374
30.59,9370
30.6,9365
30.61,9362
30.62,9357
30.63,9354
30.65,9351
30.67,9349
30.68,9347
30.69,9346
30.7,9343
30.71,9341
30.72,9337
30.73,9335
30.74,9329
30.76,9328
30.77,9325
30.78,9323
30.8,9317
31.21,9313
31.22,9312
31.23,9311
31.25,9310
31.26,9308
31.3,9306
31.31,9304
31.32,9301
31.33,9298
31.35,9295
31.36,9294
31.38,9293
31.39,9288
31.4,9286
31.41,9283
31.42,9280
31.43,9277
31.44,9276
31.47,9272
31.48,9270
31.49,9266
31.5,9263
31.51,9257
31.52,9255
31.53,9254
31.54,9253
31.55,9250
31.56,9248
31.57,9247
31.58,9245
31.59,9244
31.61,9242
31.62,9238
31.63,9233
31.64,9230
31.68,9229
31.69,9226
31.7,9225
31.71,9221
31.72,9220
31.73,9217
31.74,9211
31.75,9208
31.79,9206
31.8,9205
31.81,9204
31.82,9203
31.83,9200
31.84,9199
31.85,9197
31.87,9192
31.88,9191
31.89,9189
31.91,9186
31.94,9184
31.95,9181
31.96,9178
31.97,9177
31.98,9174
31.99,9168
32.0,9166
32.01,9163
32.02,9162
32.04,9160
32.05,9158
32.08,9157
32.1,9154
32.11,9153
32.12,9151
32.14,9149
32.15,9146
32.16,9143
32.17,9142
32.18,9141
32.19,9136
32.42,9134
32.43,9131
32.44,9128
32.46,9126
32.47,9125
32.48,9124
32.51,9123
32.52,9120
32.53,9119
32.54,9117
32.55,9113
32.73,9111
32.98,9107
32.99,9103
33.0,9100
33.02,9099
33.03,9094
33.05,9092
33.07,9090
33.08,9089
33.11,9088
33.13,9087
33.14,9085
33.15,9079
33.17,9078
33.18,9073
33.19,9071
33.21,9068
33.22,9067
33.24,9065
33.25,9064
33.26,9062
33.27,9055
33.28,9052
33.29,9049
33.3,9046
33.31,9044
33.32,9039
33.33,9036
33.34,9031
33.35,9030
33.36,9029
33.38,9028
33.42,9025
33.43,9023
33.44,9019
33.45,9018
33.46,9016
33.49,9009
33.5,9006
33.51,9002
33.52,9001
33.53,9000
33.54,8997
33.55,8994
33.56,8988
33.57,8986
33.58,8985
33.59,8983
33.6,8980
33.61,8979
33.62,8977
33.63,8973
33.65,8971
33.66,8968
33.69,8966
33.71,8964
33.72,8959
33.73,8958
34.26,8957
34.27,8955
34.28,8951
34.3,8949
34.31,8947
34.33,8943
34.34,8940
34.35,8937
34.37,8934
34.83,8932
34.84,8929
34.86,8925
34.89,8922
34.9,8920
34.91,8916
34.92,8911
34.93,8909
34.94,8904
34.98,8901
34.99,8898
35.0,8897
35.02,8896
35.04,8893
35.5,8891
35.51,8890
35.52,8888
35.53,8885
35.54,8884
35.55,8883
35.56,8881
35.57,8879
35.58,8875
35.59,8872
35.61,8871
35.62,8869
35.64,8868
35.65,8867
36.09,8865
36.1,8863
36.42,8860
36.43,8858
36.44,8857
36.46,8856
36.49,8855
36.5,8853
36.51,8852
36.52,8845
36.53,8839
36.54,8838
36.55,8834
36.56,8831
36.57,8828
36.58,8826
36.59,8825
36.6,8821
36.61,8819
36.62,8815
36.63,8813
36.65,8811
36.66,8806
36.67,8804
36.68,8798
36.69,8796
36.72,8794
36.73,8790
36.75,8789
36.77,8787
37.24,8786
37.25,8785
37.27,8782
37.29,8781
37.3,8779
37.31,8778
37.32,8772
37.83,8771
37.84,8769
37.85,8768
37.89,8766
37.91,8765
37.92,8763
37.95,8761
38.21,8758
38.22,8754
38.23,8750
38.24,8749
38.25,8745
38.27,8742
38.28,8740
38.29,8738
38.3,8737
38.31,8736
38.34,8735
38.36,8733
38.37,8732
38.38,8728
38.54,8727
38.58,8726
38.6,8724
38.61,8721
38.62,8718
38.63,8712
38.65,8707
38.66,8706
38.69,8705
38.7,8704
39.11,8702
39.12,8701
39.14,8700
39.15,8699
39.18,8694
39.19,8692
39.2,8691
39.21,8688
39.23,8687
39.24,8682
39.25,8681
39.26,8677
39.28,8675
39.29,8673
39.3,8672
39.31,8671
39.33,8670
39.34,8669
39.35,8666
39.36,8663
39.37,8662
39.38,8660
39.4,8659
39.41,8655
39.42,8652
39.43,8650
39.44,8649
39.47,8647
39.48,8646
39.49,8645
39.52,8643
39.53,8642
39.54,8641
39.57,8640
39.58,8639
39.59,8638
39.6,8637
39.64,8636
39.65,8632
39.66,8628
39.67,8626
39.68,8625
39.7,8623
39.71,8620
39.72,8618
39.73,8615
39.74,8614
39.75,8613
40.19,8611
40.21,8610
40.22,8608
40.47,8607
40.48,8604
40.72,8603
40.73,8601
40.74,8599
40.76,8597
40.77,8596
40.79,8595
40.8,8591
40.83,8590
40.84,8589
40.9,8588
40.93,8586
40.94,8585
40.97,8581
40.98,8577
41.48,8573
41.49,8572
41.5,8571
41.54,8569
42.15,8567
42.16,8565
42.42,8563
42.43,8560
42.46,8556
42.47,8553
42.48,8552
42.49,8549
42.5,8548
42.51,8547
42.52,8545
42.55,8544
43.21,8542
43.22,8541
43.26,8540
43.27,8539
43.3,8538
43.32,8537
43.33,8536
43.34,8534
43.36,8533
43.39,8532
43.41,8527
43.42,8526
43.46,8525
43.47,8524
43.48,8523
43.49,8520
43.5,8518
43.51,8516
43.52,8515
43.54,8512
43.59,8510
43.6,8509
43.61,8508
43.62,8507
43.64,8506
43.65,8504
43.66,8501
43.67,8498
43.71,8497
43.72,8496
43.73,8495
43.74,8492
43.76,8491
43.77,8489
43.78,8485
43.82,8484
43.83,8482
43.85,8478
43.86,8474
43.9,8473
43.91,8472
43.94,8471
43.95,8468
43.96,8466
43.98,8464
44.0,8461
44.01,8460
44.02,8459
44.03,8457
44.04,8456
44.3,8455
44.31,8450
44.32,8447
44.33,8446
44.34,8445
44.35,8444
44.4,8440
44.41,8439
44.42,8433
44.43,8430
44.44,8426
44.45,8425
44.46,8424
44.47,8422
44.48,8421
44.49,8417
44.51,8416
44.52,8414
44.54,8412
44.55,8410
44.56,8407
44.57,8404
44.58,8403
44.59,8402
44.6,8400
44.61,8397
44.64,8396
44.65,8395
44.66,8392
44.67,8388
44.68,8387
44.69,8385
44.7,8383
44.72,8381
45.23,8380
45.3,8379
45.32,8378
45.33,8374
45.34,8372
45.35,8366
45.36,8365
45.37,8362
45.38,8361
45.4,8359
45.42,8356
45.43,8355
45.44,8354
45.45,8353
45.46,8352
45.48,8351
45.49,8350
45.5,8349
45.51,8347
45.52,8344
45.53,8343
45.55,8340
45.56,8339
45.57,8337
45.79,8336
45.8,8335
45.81,8334
45.83,8331
45.85,8325
45.89,8323
45.9,8322
45.91,8320
45.92,8318
45.95,8314
45.96,8312
45.97,8311
45.98,8308
45.99,8306
46.0,8304
46.02,8301
46.03,8299
46.04,8298
46.05,8297
46.06,8295
46.07,8294
46.08,8293
46.11,8291
46.13,8290
46.14,8288
46.15,8282
46.16,8280
46.17,8277
46.18,8274
46.19,8272
46.2,8271
46.21,8269
46.23,8266
46.24,8263
46.26,8262
46.61,8261
46.62,8258
46.65,8257
46.66,8256
46.68,8254
46.73,8253
46.78,8252
46.79,8250
46.81,8248
46.82,8245
46.83,8243
46.84,8241
46.86,8239
46.87,8236
46.88,8235
46.9,8234
46.91,8232
46.92,8231
46.94,8230
46.96,8229
46.97,8228
46.98,8226
47.0,8224
47.01,8221
47.03,8220
47.04,8219
47.06,8218
47.08,8217
47.09,8216
47.11,8215
47.13,8214
47.14,8211
47.18,8209
47.19,8208
47.2,8207
47.21,8205
47.22,8203
47.23,8201
47.24,8198
47.26,8197
47.27,8195
47.28,8190
47.29,8188
47.3,8184
47.31,8183
47.38,8182
47.39,8181
47.42,8180
47.44,8176
47.45,8175
47.48,8171
47.5,8170
47.51,8169
47.52,8166
47.53,8163
47.55,8162
47.56,8161
47.57,8159
47.58,8157
47.59,8154
47.61,8152
47.62,8147
47.63,8146
47.65,8144
47.67,8143
47.69,8140
47.7,8137
47.71,8133
47.72,8132
47.75,8131
47.78,8130
47.79,8128
47.81,8125
47.83,8123
47.85,8121
47.88,8119
47.9,8117
47.91,8115
47.93,8111
47.94,8108
47.95,8107
47.96,8102
47.97,8097
47.98,8096
47.99,8093
48.0,8092
48.02,8090
48.03,8088
48.04,8087
48.05,8086
48.06,8084
48.07,8083
48.11,8080
48.12,8079
48.15,8078
48.16,8075
48.17,8074
48.18,8073
48.21,8072
48.22,8070
48.23,8067
48.26,8065
48.28,8061
48.29,8060
48.3,8059
48.31,8057
48.32,8056
48.33,8055
48.35,8050
48.36,8049
48.41,8048
48.42,8044
48.43,8042
48.44,8041
48.46,8040
48.5,8038
48.51,8035
48.56,8033
48.58,8029
48.59,8028
48.62,8027
48.63,8024
48.64,8022
48.65,8020
48.66,8018
48.67,8017
48.68,8016
48.71,8015
48.74,8012
48.76,8010
48.79,8007
48.8,8005
48.81,8004
48.82,8002
48.85,7999
48.87,7998
48.9,7997
48.91,7996
48.92,7995
48.94,7994
48.95,7993
48.96,7992
48.99,7989
49.0,7987
49.01,7986
49.04,7985
49.21,7982
49.24,7980
49.25,7979
49.27,7977
49.28,7972
49.3,7969
49.31,7967
49.34,7965
49.35,7962
49.37,7959
49.38,7958
49.39,7957
49.4,7956
49.41,7955
49.42,7954
49.43,7953
49.44,7950
49.46,7949
49.51,7948
49.56,7946
49.59,7942
49.6,7940
49.61,7939
49.62,7937
49.63,7936
49.64,7934
49.66,7933
49.67,7931
49.68,7930
49.69,7929
49.72,7928
49.74,7926
49.76,7925
49.77,7924
49.78,7923
49.81,7921
49.82,7917
49.83,7911
49.84,7910
49.85,7908
49.87,7907
49.88,7905
49.89,7904
49.93,7903
49.94,7901
49.95,7899
49.96,7897
50.0,7895
50.01,7894
50.02,7892
50.06,7891
50.07,7890
50.09,7886
50.1,7884
50.12,7883
50.14,7881
50.16,7880
50.17,7879
50.19,7876
50.2,7875
50.24,7873
50.27,7872
50.28,7868
50.3,7866
50.31,7865
50.32,7864
50.34,7863
50.35,7862
50.39,7860
50.41,7859
50.42,7858
50.45,7856
50.46,7855
50.73,7854
50.77,7852
50.78,7849
50.84,7848
50.86,7847
50.89,7844
50.91,7843
50.92,7839
50.93,7838
50.94,7837
50.95,7836
50.96,7834
50.97,7833
50.99,7830
51.01,7828
51.02,7827
51.03,7825
51.04,7824
51.05,7822
51.08,7818
51.09,7814
51.16,7813
51.19,7811
51.2,7809
51.22,7808
51.23,7807
51.24,7805
51.25,7802
51.26,7801
51.27,7799
51.29,7798
51.3,7797
51.31,7795
51.34,7792
51.35,7791
51.82,7790
51.83,7789
51.84,7788
51.85,7787
51.87,7785
51.88,7783
51.9,7781
51.93,7776
51.94,7775
51.96,7773
51.97,7772
52.02,7770
52.04,7769
52.06,7767
52.07,7765
52.08,7764
52.09,7763
52.1,7761
52.11,7760
52.13,7759
52.15,7758
52.16,7754
52.17,7753
52.19,7751
52.21,7750
52.22,7748
52.23,7746
52.24,7743
52.25,7740
52.26,7738
52.27,7734
52.36,7732
52.37,7731
52.38,7729
52.39,7726
52.4,7723
52.43,7720
52.46,7715
52.72,7711
52.73,7709
52.75,7708
52.76,7706
52.77,7703
52.78,7702
52.82,7700
52.86,7699
52.87,7698
52.88,7696
52.89,7694
52.9,7690
52.91,7689
52.92,7687
52.94,7686
52.95,7685
52.96,7681
52.97,7678
53.01,7677
53.05,7676
53.07,7673
53.08,7671
53.09,7670
53.1,7668
53.11,7663
53.16,7662
53.17,7661
53.18,7660
53.19,7659
53.2,7657
53.22,7654
53.24,7653
53.25,7652
53.26,7651
53.27,7649
53.28,7644
53.3,7642
53.32,7639
53.33,7638
53.34,7637
53.35,7633
53.37,7628
53.38,7627
53.39,7626
53.4,7621
53.41,7620
53.42,7619
53.47,7617
53.49,7614
53.5,7613
53.51,7611
53.54,7609
53.55,7608
53.56,7604
53.57,7601
53.58,7599
54.0,7597
54.03,7596
54.04,7593
54.06,7592
54.09,7591
54.1,7590
54.14,7587
54.15,7585
54.16,7583
54.17,7582
54.19,7581
54.24,7579
54.25,7578
54.27,7577
54.28,7574
54.29,7573
54.3,7572
54.31,7570
54.32,7568
54.34,7567
54.36,7566
54.37,7565
54.4,7564
54.44,7561
54.46,7558
54.93,7557
54.94,7555
54.95,7553
55.03,7548
55.06,7545
55.08,7544
55.09,7543
55.1,7542
55.12,7541
55.16,7540
55.17,7538
55.18,7533
55.19,7532
55.67,7529
55.69,7528
55.7,7527
55.73,7526
55.74,7525
55.75,7523
56.04,7522
56.05,7518
56.11,7517
56.2,7515
56.21,7514
56.23,7513
56.25,7512
56.27,7511
56.28,7508
56.29,7502
56.31,7501
56.32,7498
56.33,7495
56.34,7493
56.35,7492
56.36,7491
56.39,7489
56.4,7486
56.41,7484
56.43,7482
56.45,7480
56.46,7478
56.47,7475
56.49,7474
56.52,7473
56.53,7468
56.55,7467
56.57,7466
56.58,7465
56.6,7464
56.62,7460
56.65,7459
56.66,7458
56.67,7457
56.68,7456
56.69,7455
56.74,7454
56.75,7453
56.76,7450
56.78,7449
56.81,7448
56.82,7444
56.83,7443
56.84,7441
56.86,7440
56.88,7438
56.89,7437
56.9,7435
56.97,7432
56.98,7431
57.01,7430
57.04,7429
57.05,7425
57.06,7424
57.07,7421
57.08,7419
57.09,7416
57.62,7415
57.63,7413
57.64,7412
57.66,7409
57.67,7408
57.71,7407
57.72,7406
57.74,7405
57.75,7402
58.27,7400
58.28,7399
58.3,7398
58.35,7397
58.36,7394
58.37,7392
58.4,7390
58.41,7389
58.43,7388
58.88,7387
59.29,7386
59.31,7385
59.34,7384
59.35,7382
59.37,7380
59.38,7377
59.39,7376
59.44,7374
59.45,7373
59.46,7372
59.5,7371
59.54,7370
59.78,7369
59.81,7365
59.86,7364
59.87,7363
59.89,7362
59.9,7361
59.92,7360
59.93,7359
59.94,7358
59.96,7356
59.97,7355
60.0,7353
60.01,7352
60.02,7351
60.03,7347
60.04,7345
60.06,7344
60.1,7341
60.12,7340
60.15,7339
60.17,7338
60.18,7337
60.24,7332
60.25,7329
60.26,7327
60.27,7324
60.28,7322
60.32,7321
60.34,7320
60.39,7319
60.41,7317
60.87,7315
60.88,7311
60.92,7309
60.96,7306
60.97,7302
60.98,7301
61.01,7300
61.02,7296
61.04,7295
61.05,7294
61.06,7293
61.09,7292
61.1,7291
61.13,7290
61.16,7288
61.68,7286
61.69,7285
61.71,7284
61.72,7282
61.75,7279
61.77,7278
61.81,7277
61.82,7275
61.83,7273
61.84,7271
61.85,7270
61.86,7268
61.87,7265
61.88,7263
61.93,7261
61.94,7260
62.45,7259
62.71,7258
62.72,7257
62.78,7256
62.82,7254
62.83,7253
62.85,7250
62.86,7247
62.88,7242
62.9,7241
62.91,7240
62.94,7239
62.96,7236
63.01,7235
63.05,7233
63.06,7232
63.07,7230
63.09,7229
63.12,7228
63.13,7227
63.14,7225
63.16,7222
63.18,7221
63.19,7219
63.21,7217
63.22,7216
63.23,7214
63.24,7211
63.28,7207
63.29,7204
63.56,7203
63.57,7202
63.58,7201
63.6,7200
63.64,7199
63.71,7197
63.72,7196
63.76,7195
63.77,7194
63.8,7193
63.84,7192
63.85,7190
63.86,7189
63.88,7186
63.89,7185
63.95,7184
63.97,7182
63.99,7181
64.31,7180
64.32,7179
64.34,7178
64.36,7177
64.38,7176
64.39,7175
64.41,7174
64.49,7173
64.51,7172
64.55,7171
64.59,7170
64.6,7167
64.61,7166
64.63,7164
64.65,7163
64.66,7162
64.67,7161
64.68,7159
64.7,7158
64.76,7156
64.77,7153
64.78,7151
64.82,7150
64.86,7148
64.88,7147
64.9,7146
64.93,7145
64.95,7142
64.97,7141
64.98,7140
64.99,7139
65.02,7138
65.03,7134
65.33,7132
65.34,7131
65.35,7130
65.38,7128
65.39,7127
65.41,7124
66.14,7122
66.15,7121
66.16,7120
66.17,7118
66.19,7117
66.2,7115
66.23,7114
66.24,7113
66.31,7111
66.34,7108
66.35,7106
66.36,7105
66.93,7102
66.98,7101
67.0,7099
67.04,7097
67.06,7096
67.07,7095
67.89,7094
67.9,7093
67.91,7092
67.93,7091
68.01,7089
68.02,7088
68.05,7087
68.06,7086
68.07,7084
68.08,7083
68.12,7082
68.13,7081
68.22,7080
68.23,7079
68.24,7078
68.26,7076
68.28,7075
68.29,7073
68.33,7072
68.36,7069
68.41,7068
68.43,7067
68.46,7064
68.47,7063
68.48,7062
68.5,7061
68.57,7060
68.85,7059
68.86,7056
68.88,7055
68.89,7054
68.9,7052
69.27,7051
69.29,7050
69.34,7048
69.35,7047
69.72,7046
69.74,7045
69.78,7044
69.79,7039
69.8,7038
69.82,7036
69.83,7033
69.84,7031
69.85,7029
69.93,7028
69.97,7025
69.99,7024
70.0,7021
70.01,7019
70.03,7018
70.08,7017
70.09,7013
70.11,7012
70.14,7011
70.15,7010
70.2,7007
70.24,7006
70.25,7005
70.51,7004
70.52,7003
70.53,7002
70.54,7001
70.62,7000
70.65,6999
70.66,6998
70.67,6995
70.68,6994
70.75,6993
70.76,6991
70.78,6990
70.79,6988
70.8,6986
70.82,6984
70.87,6983
70.94,6982
70.96,6981
70.98,6979
70.99,6974
71.0,6973
71.03,6972
71.04,6971
71.09,6970
71.11,6969
71.55,6968
71.56,6967
71.57,6966
71.58,6965
71.99,6964
72.02,6963
72.03,6962
72.06,6961
72.1,6960
72.14,6959
72.19,6956
72.21,6955
72.22,6954
72.24,6951
72.26,6950
72.28,6949
72.31,6947
72.32,6945
72.34,6944
72.37,6942
72.4,6941
72.41,6939
72.42,6936
72.44,6933
72.45,6932
72.47,6930
72.48,6929
72.49,6928
72.5,6927
72.52,6926
72.55,6925
72.57,6922
72.59,6921
72.6,6919
72.61,6917
72.63,6915
72.66,6913
72.68,6912
72.69,6911
72.71,6910
72.72,6909
72.75,6908
72.78,6906
72.79,6905
72.8,6904
72.81,6903
72.82,6901
72.83,6899
72.84,6897
72.86,6896
72.87,6894
72.9,6892
73.16,6891
73.22,6889
73.24,6887
73.25,6885
73.26,6884
73.27,6883
73.33,6881
73.36,6880
73.37,6879
73.38,6878
73.43,6876
73.44,6875
73.51,6874
73.53,6872
73.54,6868
73.56,6865
73.57,6864
73.58,6862
73.59,6859
73.61,6858
73.62,6857
73.65,6856
73.67,6853
73.69,6849
73.7,6848
73.72,6847
73.73,6846
73.76,6845
73.78,6843
73.83,6842
73.85,6839
73.89,6837
73.9,6836
73.92,6835
73.94,6834
73.95,6833
73.98,6832
74.0,6831
74.01,6830
74.02,6829
74.04,6828
74.06,6827
74.34,6826
74.38,6825
74.4,6824
74.41,6823
74.42,6822
74.43,6819
74.45,6818
74.46,6816
74.47,6815
74.48,6813
74.5,6812
74.52,6811
74.57,6810
74.61,6809
74.7,6804
74.73,6802
74.74,6800
75.28,6799
75.29,6796
75.35,6795
75.41,6794
75.43,6793
75.44,6792
75.5,6791
75.56,6787
75.6,6786
75.63,6785
75.66,6784
75.67,6781
75.69,6780
75.7,6779
75.74,6778
75.75,6776
75.78,6773
75.79,6772
76.05,6771
76.06,6770
76.07,6769
76.35,6767
76.38,6765
76.42,6762
76.43,6760
76.46,6759
76.48,6758
76.56,6757
76.58,6755
76.6,6753
76.62,6751
76.63,6750
76.87,6747
76.94,6745
76.95,6743
76.97,6742
76.98,6738
77.22,6737
77.81,6735
77.87,6734
77.89,6733
77.93,6732
77.97,6731
78.02,6729
78.05,6726
78.07,6725
78.08,6724
78.11,6723
78.12,6722
78.13,6721
78.19,6720
78.76,6717
78.78,6716
78.79,6715
78.8,6714
78.82,6708
78.85,6707
78.91,6705
78.92,6702
78.99,6700
79.0,6699
79.02,6698
79.11,6697
79.12,6696
79.73,6694
79.74,6692
79.76,6691
79.77,6690
79.79,6689
79.85,6688
79.88,6687
80.43,6686
80.45,6685
80.46,6683
80.47,6680
80.53,6678
80.59,6677
80.85,6676
80.86,6672
80.87,6670
80.9,6669
80.91,6667
80.97,6666
81.31,6665
81.32,6664
81.34,6663
81.36,6661
81.37,6660
81.4,6658
81.41,6656
81.43,6655
81.44,6654
81.46,6653
81.48,6651
81.51,6650
81.53,6649
81.56,6647
81.57,6646
82.05,6645
82.08,6644
82.1,6643
82.11,6642
82.13,6641
82.14,6640
82.17,6638
82.21,6635
82.22,6634
82.24,6633
82.25,6631
82.27,6630
82.32,6629
82.34,6627
82.35,6626
82.36,6625
82.38,6623
82.4,6621
82.46,6619
82.51,6618
82.54,6616
82.55,6615
82.58,6614
82.59,6609
83.13,6608
83.41,6606
83.43,6603
83.46,6602
83.47,6601
83.48,6599
83.5,6598
83.51,6596
83.53,6595
83.54,6594
83.56,6592
83.6,6591
83.61,6590
83.64,6586
83.67,6583
83.71,6579
83.72,6578
83.73,6576
83.74,6574
83.75,6572
83.78,6570
83.8,6569
83.88,6568
83.92,6566
83.93,6565
84.45,6564
84.48,6561
84.49,6559
84.53,6557
84.56,6555
84.58,6554
84.63,6553
84.64,6552
84.65,6550
84.68,6547
85.22,6546
85.23,6544
85.26,6541
85.27,6539
85.28,6538
85.56,6535
85.6,6534
85.62,6531
85.63,6529
85.68,6528
85.74,6527
85.77,6526
85.78,6525
86.04,6524
86.1,6523
86.13,6522
86.15,6519
86.16,6518
86.17,6517
86.19,6516
86.2,6515
86.22,6514
86.24,6513
86.28,6512
86.35,6510
86.36,6509
86.39,6508
86.4,6506
86.44,6505
86.45,6504
86.46,6503
86.91,6502
86.92,6501
86.98,6500
87.49,6497
87.53,6496
87.55,6495
87.58,6494
87.59,6491
87.61,6489
87.62,6488
87.64,6487
87.69,6486
87.7,6485
87.72,6484
87.73,6483
87.74,6482
87.77,6481
88.28,6480
88.31,6477
88.33,6476
88.34,6475
88.38,6474
88.4,6473
88.41,6471
88.43,6469
88.46,6468
88.48,6467
88.49,6465
88.51,6464
88.52,6463
88.54,6461
88.56,6460
88.59,6459
88.61,6458
88.63,6457
88.65,6455
88.71,6454
88.72,6453
88.75,6452
88.79,6450
88.8,6447
88.81,6446
88.82,6444
88.9,6442
88.91,6441
88.92,6439
88.95,6438
89.24,6437
89.28,6436
89.3,6434
89.32,6433
89.35,6431
89.36,6429
89.39,6428
89.42,6427
89.47,6426
89.48,6425
89.51,6424
89.52,6422
89.53,6421
89.54,6420
89.55,6418
89.57,6415
89.58,6413
89.59,6412
89.6,6411
89.61,6409
89.63,6407
89.66,6404
89.67,6401
89.69,6400
89.7,6396
89.71,6395
89.73,6393
90.0,6392
90.01,6389
90.03,6388
90.04,6387
90.07,6386
90.11,6385
90.12,6384
90.13,6383
90.17,6381
90.19,6380
90.2,6378
90.24,6377
90.26,6375
90.28,6374
90.29,6373
90.4,6371
90.41,6369
90.42,6368
90.43,6367
90.46,6366
90.49,6365
90.51,6364
90.56,6363
90.61,6362
90.62,6360
90.64,6359
90.65,6358
90.67,6357
90.69,6356
90.92,6355
90.94,6353
90.98,6351
90.99,6349
91.31,6347
91.32,6346
91.36,6345
91.55,6344
91.64,6343
92.18,6341
92.2,6340
92.21,6336
92.22,6334
92.27,6333
92.28,6332
92.87,6330
92.88,6327
92.89,6326
92.9,6325
92.92,6323
92.98,6322
92.99,6321
93.29,6320
93.31,6319
93.33,6316
93.35,6315
93.36,6312
93.39,6311
93.41,6310
93.72,6309
93.73,6307
93.75,6306
93.76,6305
93.77,6304
93.78,6303
93.81,6301
93.82,6298
93.84,6296
93.9,6294
94.18,6293
94.2,6292
94.21,6291
94.23,6290
94.25,6289
94.71,6288
94.74,6286
94.75,6284
94.82,6283
94.87,6282
94.9,6281
95.12,6280
95.13,6279
95.14,6277
95.15,6276
95.16,6274
95.17,6272
95.18,6271
95.21,6270
95.22,6269
95.23,6268
95.26,6266
95.27,6265
95.28,6264
95.32,6262
95.34,6260
95.37,6259
95.39,6258
95.4,6257
95.41,6256
95.45,6255
95.46,6254
95.49,6253
95.52,6251
95.53,6250
95.55,6249
95.59,6248
95.62,6247
95.64,6246
95.65,6245
95.74,6244
95.75,6243
95.77,6242
95.78,6241
95.8,6240
96.11,6239
96.12,6238
96.13,6237
96.16,6235
96.17,6234
96.21,6233
96.22,6229
96.23,6228
96.29,6227
96.31,6226
96.32,6225
96.33,6223
96.36,6222
96.37,6221
96.39,6220
96.4,6219
96.41,6217
96.44,6216
96.45,6215
96.5,6214
96.53,6212
96.54,6211
96.55,6210
96.92,6208
96.93,6207
96.99,6206
97.02,6204
97.05,6202
97.06,6201
97.08,6200
97.12,6199
97.17,6198
97.2,6197
97.25,6194
97.26,6193
97.27,6192
97.28,6191
97.3,6190
97.31,6188
97.34,6187
97.36,6185
97.38,6184
97.4,6183
97.41,6182
97.42,6181
97.44,6180
97.49,6178
97.56,6175
97.57,6174
97.63,6172
97.64,6171
97.65,6170
97.66,6169
97.67,6168
97.71,6167
97.75,6166
97.83,6164
97.84,6163
98.14,6162
98.17,6161
98.18,6160
98.22,6159
98.25,6157
98.26,6154
98.88,6153
98.89,6152
99.14,6150
99.15,6149
99.66,6148
99.68,6147
99.7,6146
99.83,6144
99.87,6142
99.91,6140
99.94,6139
99.99,6138
100.02,6136
100.06,6134
100.07,6133
100.08,6132
100.13,6130
100.14,6129
100.15,6127
100.16,6126
100.19,6125
100.2,6124
100.22,6123
100.23,6122
100.25,6121
100.27,6119
100.28,6118
100.3,6117
100.31,6114
100.82,6113
100.88,6112
100.89,6111
101.2,6110
101.22,6109
101.28,6108
101.32,6107
101.33,6106
101.36,6105
101.38,6104
101.39,6102
101.41,6101
101.42,6100
101.44,6099
101.49,6098
101.5,6097
101.53,6095
101.56,6094
101.65,6093
101.95,6092
101.98,6091
101.99,6090
102.0,6089
102.05,6088
102.07,6086
102.08,6084
102.11,6082
102.17,6081
102.18,6079
102.21,6078
102.23,6077
102.25,6076
102.27,6075
102.28,6074
102.3,6073
102.33,6072
102.34,6071
102.35,6070
102.65,6069
102.76,6068
102.82,6067
102.84,6066
102.86,6065
102.88,6063
103.45,6062
103.46,6061
103.49,6060
103.51,6059
103.53,6058
103.54,6057
103.58,6056
103.63,6054
103.64,6050
103.67,6048
103.68,6046
103.7,6045
103.76,6043
103.79,6042
103.8,6041
103.83,6038
103.86,6036
103.88,6035
103.9,6034
103.92,6032
103.93,6031
103.96,6030
104.04,6028
104.06,6027
104.08,6026
104.11,6025
104.13,6024
104.16,6023
104.61,6022
104.88,6021
104.9,6020
104.91,6019
105.05,6017
105.07,6015
105.13,6014
105.14,6013
105.19,6012
105.21,6011
105.22,6010
105.25,6009
105.29,6008
105.33,6007
105.34,6006
105.35,6005
105.36,6004
105.41,6003
105.43,6001
105.44,6000
105.45,5999
105.68,5996
105.71,5995
105.73,5994
105.74,5993
105.83,5991
105.9,5990
106.47,5989
106.49,5988
108.11,5987
108.14,5985
108.15,5984
108.19,5983
108.2,5982
108.23,5981
108.31,5980
108.7,5979
108.71,5977
108.73,5976
108.77,5975
108.78,5974
109.23,5973
109.26,5971
109.29,5970
110.12,5969
110.16,5968
110.18,5965
110.19,5964
110.21,5963
110.22,5962
110.23,5961
110.25,5960
110.77,5959
110.97,5957
110.98,5955
111.0,5953
111.46,5950
111.47,5948
111.48,5947
111.56,5946
111.57,5945
111.59,5944
111.6,5943
111.65,5942
111.68,5940
111.69,5939
111.71,5937
111.72,5936
111.77,5935
111.81,5933
111.82,5932
111.88,5929
111.97,5927
112.0,5926
112.01,5925
112.04,5924
112.05,5923
112.11,5922
112.14,5921
112.15,5920
112.22,5918
112.26,5916
112.33,5915
112.34,5913
112.35,5912
112.39,5911
112.43,5910
112.44,5909
112.48,5906
112.55,5904
112.58,5903
112.59,5902
112.6,5899
112.62,5898
112.69,5897
112.7,5896
112.71,5894
112.74,5892
113.11,5891
113.92,5890
113.96,5889
113.99,5888
114.22,5887
114.25,5886
114.27,5885
114.3,5884
114.31,5883
114.33,5882
114.34,5881
114.36,5880
114.37,5879
114.38,5877
114.39,5876
114.41,5875
114.43,5874
114.46,5873
114.48,5872
114.54,5870
114.59,5868
114.6,5867
114.62,5866
114.98,5865
115.05,5862
115.1,5860
115.12,5859
115.15,5858
115.53,5856
115.56,5855
115.59,5854
115.6,5853
115.61,5852
115.62,5851
115.65,5850
115.67,5849
115.7,5846
115.74,5844
115.78,5843
115.8,5842
115.83,5841
115.85,5839
115.88,5838
115.89,5837
115.91,5836
115.92,5835
115.95,5834
116.0,5833
116.02,5832
116.41,5831
116.42,5830
116.43,5829
116.44,5828
116.47,5827
116.51,5825
116.59,5824
116.61,5822
116.62,5819
116.67,5817
116.68,5814
116.7,5813
116.71,5812
116.77,5810
116.8,5809
116.83,5808
116.88,5807
116.89,5806
116.91,5805
116.93,5804
116.94,5802
116.95,5801
116.98,5800
117.02,5799
117.04,5798
117.05,5797
117.08,5796
117.11,5795
117.13,5794
117.14,5793
117.18,5792
117.59,5791
117.63,5790
117.65,5788
117.69,5787
117.71,5784
117.75,5782
117.76,5777
117.8,5776
117.81,5775
117.82,5773
117.84,5772
117.85,5769
117.87,5768
117.88,5767
117.89,5766
117.94,5765
117.96,5764
118.0,5763
118.01,5762
118.03,5761
118.04,5759
118.05,5758
118.42,5757
118.45,5756
118.46,5755
118.48,5753
118.49,5752
118.6,5751
118.61,5750
119.0,5749
119.01,5748
119.76,5747
119.77,5746
119.81,5744
119.83,5742
119.84,5741
119.85,5740
119.86,5738
119.87,5737
119.9,5736
120.09,5735
120.12,5733
120.14,5731
120.19,5729
120.21,5728
120.22,5727
120.25,5723
120.26,5722
120.27,5721
120.29,5720
120.33,5719
120.34,5718
120.35,5716
120.36,5715
120.39,5714
120.41,5713
120.47,5710
120.56,5709
120.58,5707
120.6,5706
120.62,5705
120.64,5704
120.65,5703
120.69,5702
120.71,5701
120.72,5700
120.74,5699
120.77,5698
120.8,5697
120.81,5695
120.82,5694
120.83,5692
120.84,5689
120.85,5688
120.86,5687
120.87,5686
121.29,5685
121.31,5684
121.32,5683
121.39,5682
121.41,5678
121.42,5677
121.43,5675
121.49,5674
121.52,5672
121.86,5671
121.88,5669
121.95,5668
122.13,5665
122.18,5664
122.2,5662
122.21,5661
122.22,5660
122.24,5659
122.26,5657
122.28,5655
122.29,5654
122.3,5652
122.31,5651
122.33,5650
122.34,5649
122.39,5648
122.44,5647
122.47,5646
122.48,5645
122.71,5644
123.06,5643
123.1,5642
123.11,5640
123.14,5639
123.17,5637
123.18,5635
123.26,5634
123.27,5631
123.28,5630
123.49,5628
123.53,5627
123.54,5626
123.94,5625
123.97,5624
124.0,5622
124.01,5621
124.05,5620
124.07,5618
124.08,5617
124.11,5615
124.17,5614
124.18,5612
124.21,5611
124.22,5610
124.25,5609
124.26,5607
124.28,5605
124.33,5604
124.38,5603
124.39,5602
124.4,5600
124.41,5599
124.42,5596
124.44,5595
124.48,5594
124.53,5593
124.64,5592
124.85,5590
124.88,5588
124.89,5587
124.9,5586
124.92,5584
124.97,5583
124.99,5580
125.02,5579
125.37,5578
125.56,5577
125.6,5575
125.64,5574
125.71,5573
125.78,5572
125.8,5570
126.31,5567
126.34,5566
126.39,5564
126.49,5563
126.55,5562
126.6,5560
126.76,5558
126.96,5557
127.37,5554
127.38,5552
127.41,5551
127.43,5550
127.48,5549
127.49,5547
127.51,5546
127.57,5545
127.59,5544
127.61,5541
127.69,5540
127.71,5539
127.73,5538
127.76,5537
127.82,5535
127.86,5534
127.89,5533
127.91,5532
127.92,5531
127.93,5529
127.96,5528
128.72,5527
128.77,5526
128.84,5525
128.86,5524
128.89,5523
128.9,5521
128.91,5519
128.93,5518
128.97,5517
129.05,5516
129.06,5514
129.07,5513
129.27,5512
129.33,5511
129.65,5510
130.09,5509
130.14,5506
130.15,5505
130.79,5504
130.83,5503
130.85,5502
130.86,5500
130.88,5499
130.92,5498
130.94,5497
130.99,5496
131.0,5495
131.04,5494
131.05,5493
131.08,5491
131.09,5490
131.1,5489
131.11,5488
131.12,5487
131.41,5485
131.42,5483
131.45,5482
131.46,5481
131.49,5480
131.67,5479
131.73,5478
131.74,5477
131.8,5476
131.82,5475
131.84,5474
131.85,5473
131.92,5472
131.94,5470
131.95,5469
131.96,5468
132.0,5467
132.62,5466
132.65,5465
132.66,5464
132.69,5463
132.71,5461
132.78,5460
132.81,5459
132.82,5458
132.86,5457
132.88,5456
132.89,5455
132.98,5454
132.99,5453
133.23,5452
133.26,5451
133.28,5450
133.73,5449
133.74,5448
133.75,5447
133.78,5446
133.79,5444
133.82,5441
133.85,5440
134.27,5439
134.78,5438
134.99,5436
135.03,5434
135.05,5433
135.06,5432
135.07,5431
135.1,5430
135.11,5429
135.2,5428
135.22,5427
135.23,5426
135.27,5425
135.49,5424
135.55,5423
135.58,5422
135.6,5421
135.78,5420
135.8,5419
135.83,5418
135.86,5417
135.97,5416
135.98,5414
135.99,5413
136.1,5412
136.12,5411
136.13,5410
136.17,5409
136.2,5407
136.59,5406
136.62,5405
136.66,5404
136.68,5403
136.85,5401
136.87,5400
137.2,5399
137.43,5397
137.44,5396
137.46,5394
137.48,5393
137.51,5392
137.69,5391
137.71,5390
137.75,5389
138.19,5388
138.21,5387
138.56,5386
138.58,5385
138.59,5384
138.6,5383
138.69,5382
138.7,5381
138.76,5380
138.77,5379
138.8,5378
138.82,5377
138.83,5376
138.84,5375
138.94,5374
138.96,5373
138.97,5372
138.99,5371
139.01,5370
139.27,5368
139.3,5367
139.31,5366
139.33,5365
139.34,5364
139.36,5363
139.37,5362
139.38,5361
139.43,5360
139.45,5359
139.47,5358
139.48,5357
139.49,5355
139.52,5354
139.54,5352
139.55,5350
139.58,5349
139.91,5348
139.98,5347
140.0,5346
140.01,5345
140.07,5344
140.12,5343
140.16,5342
140.37,5340
140.39,5337
140.41,5336
140.42,5335
140.43,5334
140.45,5333
140.5,5332
140.52,5331
140.53,5330
140.58,5328
140.59,5326
140.6,5325
140.63,5324
140.64,5322
140.7,5321
140.72,5319
140.77,5316
140.79,5315
140.97,5314
140.99,5313
141.01,5312
141.06,5311
141.09,5310
141.15,5308
141.2,5307
141.61,5306
141.63,5305
141.65,5304
141.67,5302
141.69,5301
141.71,5298
141.78,5297
141.8,5296
141.84,5295
141.88,5294
141.89,5293
141.91,5292
141.97,5291
142.02,5290
142.05,5289
142.11,5287
142.55,5286
142.62,5285
142.63,5284
142.99,5283
143.04,5282
143.09,5281
143.37,5280
143.42,5279
143.43,5278
144.02,5276
144.05,5275
144.13,5273
144.19,5271
144.22,5269
144.32,5268
144.33,5267
144.56,5266
144.61,5265
144.62,5264
144.64,5263
145.06,5262
145.14,5261
145.19,5260
145.65,5259
145.78,5258
145.79,5255
145.81,5253
145.82,5251
145.83,5250
145.84,5248
145.87,5246
145.88,5245
146.1,5244
146.13,5243
146.44,5242
146.76,5241
146.78,5240
146.8,5239
146.82,5238
147.96,5237
147.98,5236
147.99,5235
148.01,5233
148.23,5232
148.31,5231
148.32,5229
148.37,5228
148.38,5227
148.4,5226
148.41,5225
148.42,5224
148.69,5223
148.7,5222
148.77,5221
148.84,5220
148.85,5219
148.97,5218
148.99,5217
149.02,5215
150.1,5214
150.19,5213
150.21,5212
150.23,5211
150.27,5209
150.28,5208
150.29,5207
150.33,5206
150.39,5205
150.56,5204
150.95,5203
150.96,5202
151.06,5201
151.1,5200
151.18,5199
151.2,5198
151.25,5197
151.28,5196
151.29,5195
151.5,5194
151.51,5193
151.53,5192
151.66,5190
151.69,5189
151.74,5188
152.16,5187
152.21,5186
152.36,5185
152.37,5184
152.4,5182
152.64,5181
152.69,5180
152.88,5179
152.9,5178
153.24,5177
153.28,5176
153.32,5175
153.57,5174
153.58,5173
153.59,5172
153.62,5171
153.79,5170
153.84,5169
154.22,5167
154.29,5166
154.51,5165
154.53,5164
154.54,5162
154.89,5161
154.96,5160
154.97,5159
155.05,5158
155.46,5157
155.52,5156
155.57,5154
155.63,5153
155.91,5152
156.11,5150
156.17,5149
156.37,5148
156.39,5147
156.47,5146
156.51,5145
156.8,5144
156.84,5143
157.25,5140
157.3,5139
157.34,5138
157.35,5137
157.37,5136
157.39,5135
157.41,5134
157.49,5133
157.53,5131
157.95,5130
157.97,5129
158.02,5128
158.03,5127
158.18,5125
158.25,5123
158.29,5122
158.58,5121
158.68,5120
158.9,5119
158.98,5118
159.39,5117
159.4,5116
159.42,5115
159.44,5114
159.45,5112
159.53,5111
159.54,5109
159.56,5108
159.63,5107
159.65,5106
159.72,5105
159.73,5104
159.74,5103
159.75,5102
159.83,5101
160.15,5099
160.54,5098
160.57,5097
160.68,5096
160.74,5095
160.76,5094
160.78,5093
160.87,5092
161.0,5091
161.03,5090
161.08,5089
161.14,5088
161.15,5087
161.18,5086
161.19,5085
161.23,5084
161.27,5083
161.6,5082
161.64,5081
161.65,5080
161.72,5079
161.73,5078
161.87,5077
161.88,5076
162.32,5075
162.33,5074
162.35,5073
162.45,5072
162.54,5071
162.86,5070
163.47,5069
163.49,5067
163.58,5066
163.61,5065
163.64,5064
164.02,5063
164.29,5062
164.86,5061
164.93,5059
164.99,5058
165.03,5057
165.13,5056
165.17,5055
165.32,5054
165.35,5053
165.57,5052
165.58,5051
165.72,5049
165.74,5048
165.83,5047
165.84,5046
166.2,5045
166.25,5044
166.3,5043
166.56,5042
166.63,5041
166.74,5039
166.8,5038
167.04,5037
167.15,5035
167.18,5034
167.24,5032
167.9,5031
167.93,5030
167.96,5029
168.92,5028
168.95,5027
169.4,5026
169.8,5025
169.92,5024
169.96,5023
169.98,5022
170.1,5021
170.58,5019
170.79,5018
170.8,5017
170.97,5016
170.98,5014
171.02,5013
171.04,5012
171.18,5011
171.26,5010
171.67,5009
171.7,5008
171.76,5007
172.43,5006
172.53,5004
172.66,5003
172.67,5002
172.86,5001
172.94,5000
172.96,4999
172.98,4998
173.03,4997
173.1,4995
173.2,4994
173.61,4993
173.67,4992
173.72,4991
173.83,4990
174.21,4989
174.31,4988
174.32,4987
174.33,4986
174.36,4985
175.15,4984
175.44,4983
175.84,4982
176.4,4981
176.47,4980
176.52,4979
177.25,4978
177.28,4976
177.7,4975
178.06,4974
178.26,4973
178.5,4972
178.78,4970
179.52,4969
179.59,4968
179.64,4966
179.7,4965
180.35,4964
180.41,4963
180.46,4962
180.59,4961
180.6,4960
180.87,4958
181.38,4957
181.39,4956
181.45,4955
181.86,4954
182.15,4953
182.19,4952
182.21,4951
182.22,4949
183.33,4948
183.36,4947
183.42,4946
183.85,4945
183.86,4944
184.04,4942
184.33,4941
184.34,4940
185.11,4937
185.12,4936
185.17,4935
185.22,4934
185.24,4932
185.67,4931
185.72,4930
185.95,4929
186.12,4927
186.29,4926
186.33,4925
186.4,4924
186.69,4923
186.85,4921
186.88,4920
186.91,4919
186.95,4918
187.46,4917
187.47,4916
187.5,4915
187.56,4914
187.72,4913
187.73,4912
187.76,4911
187.82,4910
188.24,4908
188.28,4907
188.88,4906
189.04,4905
189.05,4904
189.09,4903
189.11,4902
189.24,4901
189.31,4900
189.73,4899
189.76,4896
189.78,4895
190.31,4894
190.34,4893
190.58,4892
190.59,4891
190.63,4889
191.19,4888
191.23,4887
191.59,4886
191.63,4885
191.65,4884
191.66,4883
191.69,4882
191.76,4881
191.83,4880
192.35,4879
192.36,4878
192.4,4877
192.55,4876
192.56,4875
192.76,4874
192.79,4873
192.83,4872
192.85,4871
192.99,4870
193.33,4869
193.34,4868
193.46,4867
193.51,4866
194.02,4865
194.19,4864
194.2,4862
194.25,4861
195.07,4860
195.13,4859
195.37,4858
195.66,4857
196.05,4856
197.35,4855
197.37,4854
197.91,4853
197.97,4852
199.03,4851
199.16,4850
199.34,4849
199.5,4848
199.57,4846
199.66,4845
199.7,4844
200.06,4843
200.95,4842
200.99,4841
201.36,4840
201.37,4838
201.38,4837
201.39,4836
201.66,4835
201.89,4834
202.66,4833
202.73,4832
202.77,4831
202.8,4830
203.28,4829
204.26,4828
204.3,4827
204.38,4826
204.59,4825
205.34,4823
205.91,4822
205.94,4821
205.97,4820
206.43,4819
206.47,4818
206.48,4817
206.75,4816
207.21,4815
208.02,4814
208.21,4813
208.47,4812
208.54,4811
208.86,4810
208.88,4809
209.57,4808
209.62,4807
209.94,4806
210.57,4805
210.67,4804
211.24,4803
212.27,4802
212.3,4801
212.34,4800
212.36,4799
213.18,4798
213.37,4797
213.38,4796
213.39,4795
214.0,4794
214.23,4793
214.32,4792
214.85,4791
215.34,4789
215.41,4788
215.57,4787
215.84,4786
216.04,4785
216.11,4784
216.18,4783
216.19,4782
216.27,4781
216.29,4780
216.48,4779
217.12,4778
217.2,4776
217.46,4774
217.71,4773
217.74,4772
218.28,4771
218.39,4770
218.51,4769
218.69,4768
219.46,4767
219.67,4766
219.84,4765
219.88,4764
219.99,4763
220.01,4762
220.11,4761
220.53,4760
221.11,4759
221.58,4758
222.29,4757
222.36,4756
222.51,4755
224.67,4754
224.76,4753
225.75,4752
225.84,4751
226.3,4750
227.41,4749
227.63,4748
228.06,4747
228.7,4746
228.74,4745
229.73,4744
229.74,4743
229.83,4742
230.39,4741
230.46,4740
231.25,4739
231.57,4738
231.6,4737
232.37,4736
232.52,4735
232.69,4734
232.7,4733
232.75,4732
233.72,4731
233.89,4730
233.91,4729
234.26,4728
234.82,4727
235.01,4726
235.05,4725
235.42,4724
237.73,4723
237.8,4722
238.01,4721
240.49,4719
241.09,4718
241.11,4717
241.32,4716
241.97,4715
242.91,4714
243.82,4713
243.84,4712
243.98,4711
244.85,4710
245.33,4709
245.82,4708
247.17,4707
247.24,4706
247.3,4705
248.45,4704
248.62,4703
249.44,4702
250.47,4701
250.63,4700
250.88,4699
251.23,4698
254.98,4697
255.75,4696
256.78,4695
257.13,4694
258.06,4693
258.87,4692
261.42,4691
262.66,4690
263.36,4689
264.88,4688
265.36,4687
265.9,4686
266.86,4685
267.44,4684
270.44,4683
270.8,4682
270.81,4681
270.83,4680
271.29,4679
271.31,4678
271.76,4677
274.04,4676
274.19,4675
274.2,4673
275.28,4672
278.55,4671
278.84,4670
280.22,4669
280.25,4668
280.43,4667
282.85,4666
283.69,4665
284.9,4664
285.25,4663
285.81,4662
287.35,4661
287.54,4660
288.09,4659
291.77,4658
294.32,4656
296.1,4655
296.75,4654
298.69,4653
298.85,4652
302.08,4651
304.36,4650
305.59,4649
306.25,4648
306.32,4647
307.97,4646
311.77,4645
312.81,4644
316.17,4643
316.88,4642
318.28,4641
321.03,4640
323.32,4639
324.22,4638
329.17,4637
333.96,4636
338.06,4635
338.14,4634
344.9,4633
349.19,4632
354.16,4631
363.57,4630
364.63,4629
368.34,4628
370.22,4627
374.61,4626
377.73,4625
378.76,4624
379.0,4623
380.7,4622
384.67,4621
384.72,4620
388.36,4619
390.58,4618
403.74,4617
404.29,4616
412.03,4615
415.33,4614
416.31,4613
417.21,4612
418.71,4611
418.91,4610
419.31,4609
420.66,4608
426.02,4607
429.59,4606
430.16,4605
431.14,4604
438.49,4603
440.59,4602
451.62,4601
452.43,4600
454.34,4599
458.36,4598
484.04,4597
487.65,4596
500.23,4595
502.93,4594
514.41,4593
519.83,4592
523.91,4591
529.45,4590
535.46,4589
540.63,4588
551.21,4587
556.98,4586
557.99,4585
565.41,4584
570.78,4583
575.69,4582
579.64,4581
590.95,4580
598.51,4579
