0.0,14109
0.15,14108
0.32,14107
0.47,14106
0.65,14105
0.8,14104
0.99,14103
1.14,14102
1.3,14101
1.51,14100
1.66,14099
1.85,14098
2.0,14097
2.18,14096
2.32,14095
2.51,14094
2.69,14093
2.85,14092
3.03,14091
3.18,14090
3.32,14089
3.51,14088
3.66,14087
3.87,14086
4.03,14085
4.26,14084
4.47,14083
4.65,14082
4.89,14081
5.17,14080
5.45,14079
5.69,14078
5.91,14077
6.18,14076
6.4,14075
6.63,14074
6.89,14073
7.06,14072
7.25,14071
7.4,14070
7.67,14069
7.87,14068
8.1,14067
8.25,14066
8.45,14065
8.61,14064
8.85,14063
9.01,14062
9.22,14061
9.39,14060
9.63,14059
9.86,14058
10.02,14057
10.22,14056
10.38,14055
10.57,14054
10.73,14053
10.97,14052
11.25,14051
11.42,14050
11.63,14049
11.81,14048
12.01,14047
12.16,14046
12.34,14045
12.49,14044
12.67,14043
12.82,14042
13.04,14041
13.18,14040
13.37,14039
13.51,14038
13.7,14037
13.86,14036
14.06,14035
14.2,14034
14.35,14033
14.53,14032
14.68,14031
14.87,14030
15.02,14029
15.2,14028
15.34,14027
15.52,14026
15.67,14025
15.85,14024
16.0,14023
16.14,14022
16.32,14021
16.47,14020
16.65,14019
16.79,14018
16.98,14017
17.12,14016
17.3,14015
17.44,14014
17.62,14013
17.77,14012
17.96,14011
18.11,14010
18.28,14009
18.44,14008
18.59,14007
18.77,14006
18.97,14005
19.12,14004
19.27,14003
19.44,14002
19.59,14001
19.77,14000
19.92,13999
20.11,13998
20.26,13997
20.44,13996
20.6,13995
20.8,13994
21.0,13993
21.19,13992
21.35,13991
21.54,13990
21.7,13989
21.88,13988
22.03,13987
22.22,13986
22.37,13985
22.59,13984
22.77,13983
22.95,13982
23.15,13981
23.31,13980
23.49,13979
23.64,13978
23.78,13977
23.98,13976
24.13,13975
24.3,13974
24.45,13973
24.63,13972
24.77,13971
24.97,13970
25.16,13969
25.3,13968
25.44,13967
25.64,13966
25.78,13965
25.98,13964
26.12,13963
26.31,13962
26.45,13961
26.64,13960
26.79,13959
26.98,13958
27.13,13957
27.31,13956
27.46,13955
27.64,13954
27.82,13953
28.02,13952
28.18,13951
28.36,13950
28.51,13949
28.69,13948
28.84,13947
29.02,13946
29.17,13945
29.35,13944
29.49,13943
29.64,13942
29.82,13941
29.99,13940
30.16,13939
30.31,13938
30.49,13937
30.64,13936
30.82,13935
30.98,13934
31.16,13933
31.3,13932
31.48,13931
31.62,13930
31.77,13929
31.95,13928
32.1,13927
32.27,13926
32.42,13925
32.6,13924
32.74,13923
32.94,13922
33.09,13921
33.33,13920
33.5,13919
33.76,13918
34.03,13917
34.2,13916
34.41,13915
34.59,13914
34.81,13913
34.99,13912
35.2,13911
35.38,13910
35.6,13909
35.82,13908
36.09,13907
36.27,13906
36.5,13905
36.74,13904
36.92,13903
37.16,13902
37.37,13901
37.62,13900
37.82,13899
38.07,13898
38.24,13897
38.25,13897
38.45,13896
38.61,13895
38.82,13894
39.0,13893
39.22,13892
39.4,13891
39.6,13890
39.78,13889
39.99,13888
40.15,13887
40.36,13886
40.53,13885
40.74,13884
40.93,13883
41.14,13882
41.29,13881
41.45,13880
41.64,13879
41.81,13878
42.03,13877
42.19,13876
42.4,13875
42.57,13874
42.79,13873
42.98,13872
43.16,13871
43.32,13870
43.53,13869
43.68,13868
43.92,13867
44.1,13866
44.27,13865
44.5,13864
44.65,13863
44.9,13862
45.1,13861
45.27,13860
45.41,13859
45.62,13858
45.77,13857
46.01,13856
46.17,13855
46.38,13854
46.55,13853
46.77,13852
46.94,13851
47.15,13850
47.3,13849
47.5,13848
47.67,13847
47.82,13846
48.05,13845
48.22,13844
48.44,13843
48.61,13842
48.82,13841
49.01,13840
49.22,13839
49.38,13838
49.58,13837
49.75,13836
49.93,13835
50.13,13834
50.3,13833
50.51,13832
50.68,13831
50.9,13830
51.07,13829
51.32,13828
51.49,13827
51.69,13826
51.88,13825
52.09,13824
52.25,13823
52.46,13822
52.63,13821
52.82,13820
53.01,13819
53.22,13818
53.38,13817
53.56,13816
53.76,13815
53.93,13814
54.14,13813
54.31,13812
54.64,13811
54.88,13810
55.07,13809
55.29,13808
55.45,13807
55.62,13806
55.82,13805
55.98,13804
56.19,13803
56.33,13802
56.38,13802
56.55,13801
56.74,13800
56.92,13799
57.11,13798
57.28,13797
57.49,13796
57.65,13795
57.86,13794
58.01,13793
58.22,13792
58.39,13791
58.54,13790
58.75,13789
58.91,13788
59.11,13787
59.28,13786
59.49,13785
59.64,13784
59.85,13783
60.0,13782
60.17,13781
60.37,13780
60.54,13779
60.76,13778
60.92,13777
61.12,13776
61.28,13775
61.48,13774
61.64,13773
61.84,13772
62.01,13771
62.22,13770
62.37,13769
62.54,13768
62.73,13767
62.9,13766
63.11,13765
63.26,13764
63.47,13763
63.63,13762
63.83,13761
63.99,13760
64.18,13759
64.35,13758
64.5,13757
64.71,13756
64.85,13755
65.06,13754
65.22,13753
65.42,13752
65.59,13751
65.74,13750
65.95,13749
66.12,13748
66.31,13747
66.48,13746
66.69,13745
66.85,13744
67.06,13743
67.23,13742
67.37,13741
67.59,13740
67.74,13739
67.95,13738
68.1,13737
68.3,13736
68.45,13735
68.66,13734
68.82,13733
69.02,13732
69.19,13731
69.39,13730
69.55,13729
69.75,13728
69.91,13727
70.07,13726
70.27,13725
70.44,13724
70.63,13723
70.8,13722
70.99,13721
71.16,13720
71.37,13719
71.52,13718
71.73,13717
71.91,13716
72.06,13715
72.26,13714
72.41,13713
72.62,13712
72.78,13711
72.99,13710
73.15,13709
73.34,13708
73.51,13707
73.66,13706
73.87,13705
74.04,13704
74.25,13703
74.41,13702
74.62,13701
74.79,13700
74.99,13699
75.16,13698
75.36,13697
75.52,13696
75.68,13695
75.88,13694
76.05,13693
76.24,13692
76.41,13691
76.59,13690
76.77,13689
76.98,13688
77.13,13687
77.33,13686
77.51,13685
77.65,13684
77.86,13683
78.03,13682
78.23,13681
78.4,13680
78.6,13679
78.76,13678
78.96,13677
79.12,13676
79.28,13675
79.48,13674
79.65,13673
79.84,13672
80.01,13671
80.21,13670
80.37,13669
80.57,13668
80.73,13667
80.93,13666
81.1,13665
81.26,13664
81.46,13663
81.63,13662
81.82,13661
81.99,13660
82.19,13659
82.34,13658
82.56,13657
82.72,13656
82.88,13655
83.09,13654
83.24,13653
83.44,13652
83.61,13651
83.8,13650
83.97,13649
84.18,13648
84.33,13647
84.54,13646
84.69,13645
84.86,13644
85.04,13643
85.22,13642
85.41,13641
85.58,13640
85.78,13639
85.94,13638
86.14,13637
86.31,13636
86.46,13635
86.67,13634
86.82,13633
87.04,13632
87.2,13631
87.4,13630
87.56,13629
87.77,13628
87.92,13627
88.13,13626
88.29,13625
88.44,13624
88.65,13623
88.79,13622
89.0,13621
89.15,13620
89.32,13619
89.5,13618
89.67,13617
89.88,13616
90.03,13615
90.2,13614
90.38,13613
90.53,13612
90.74,13611
90.9,13610
91.09,13609
91.26,13608
91.45,13607
91.59,13606
91.8,13605
91.95,13604
92.12,13603
92.32,13602
92.48,13601
92.68,13600
92.84,13599
93.04,13598
93.19,13597
93.36,13596
93.56,13595
93.71,13594
93.92,13593
94.09,13592
94.28,13591
94.45,13590
94.65,13589
94.81,13588
94.98,13587
95.17,13586
95.34,13585
95.54,13584
95.7,13583
95.91,13582
96.07,13581
96.28,13580
96.44,13579
96.6,13578
96.81,13577
96.96,13576
97.17,13575
97.32,13574
97.53,13573
97.69,13572
97.9,13571
98.05,13570
98.27,13569
98.43,13568
98.64,13567
98.81,13566
98.97,13565
99.17,13564
99.34,13563
99.55,13562
99.7,13561
99.9,13560
100.06,13559
100.26,13558
100.43,13557
100.63,13556
100.79,13555
101.0,13554
101.16,13553
101.36,13552
101.52,13551
101.69,13550
101.89,13549
102.05,13548
102.26,13547
102.41,13546
102.62,13545
102.79,13544
103.0,13543
103.18,13542
103.4,13541
103.56,13540
103.79,13539
103.97,13538
104.21,13537
104.37,13536
104.59,13535
104.76,13534
104.97,13533
105.14,13532
105.34,13531
105.5,13530
105.71,13529
105.85,13528
106.0,13527
106.21,13526
106.37,13525
106.57,13524
106.74,13523
106.95,13522
107.12,13521
107.28,13520
107.5,13519
107.69,13518
107.88,13517
108.03,13516
108.23,13515
108.41,13514
108.62,13513
108.77,13512
108.99,13511
109.16,13510
109.37,13509
109.52,13508
109.73,13507
109.9,13506
110.07,13505
110.29,13504
110.44,13503
110.64,13502
110.8,13501
111.01,13500
111.17,13499
111.36,13498
111.53,13497
111.68,13496
111.89,13495
112.05,13494
112.25,13493
112.41,13492
112.61,13491
112.77,13490
112.98,13489
113.14,13488
113.3,13487
113.5,13486
113.67,13485
113.86,13484
114.05,13483
114.26,13482
114.44,13481
114.65,13480
114.8,13479
115.0,13478
115.15,13477
115.32,13476
115.53,13475
115.7,13474
115.92,13473
116.09,13472
116.3,13471
116.45,13470
116.66,13469
116.81,13468
117.02,13467
117.19,13466
117.38,13465
117.55,13464
117.75,13463
117.92,13462
118.09,13461
118.28,13460
118.44,13459
118.65,13458
118.82,13457
119.04,13456
119.21,13455
119.4,13454
119.57,13453
119.79,13452
119.96,13451
120.17,13450
120.32,13449
120.49,13448
120.68,13447
120.85,13446
121.06,13445
121.22,13444
121.43,13443
121.59,13442
121.79,13441
121.93,13440
122.14,13439
122.29,13438
122.5,13437
122.65,13436
122.82,13435
123.02,13434
123.19,13433
123.4,13432
123.56,13431
123.77,13430
123.92,13429
124.13,13428
124.28,13427
124.49,13426
124.67,13425
124.92,13424
125.12,13423
125.34,13422
125.53,13421
125.77,13420
125.95,13419
126.18,13418
126.36,13417
126.56,13416
126.73,13415
126.93,13414
127.09,13413
127.26,13412
127.46,13411
127.63,13410
127.83,13409
127.99,13408
128.19,13407
128.36,13406
128.55,13405
128.71,13404
128.87,13403
129.09,13402
129.27,13401
129.47,13400
129.63,13399
129.83,13398
129.99,13397
130.2,13396
130.37,13395
130.58,13394
130.74,13393
130.94,13392
131.09,13391
131.23,13390
131.44,13389
131.59,13388
131.79,13387
131.94,13386
132.15,13385
132.33,13384
132.54,13383
132.71,13382
132.91,13381
133.07,13380
133.28,13379
133.43,13378
133.66,13377
133.82,13376
134.03,13375
134.2,13374
134.41,13373
134.56,13372
134.73,13371
134.94,13370
135.1,13369
135.31,13368
135.45,13367
135.66,13366
135.82,13365
136.02,13364
136.19,13363
136.38,13362
136.55,13361
136.7,13360
136.9,13359
137.06,13358
137.27,13357
137.44,13356
137.64,13355
137.8,13354
138.0,13353
138.16,13352
138.36,13351
138.53,13350
138.68,13349
138.91,13348
139.06,13347
139.27,13346
139.44,13345
139.63,13344
139.8,13343
139.99,13342
140.16,13341
140.35,13340
140.52,13339
140.72,13338
140.87,13337
141.04,13336
141.25,13335
141.41,13334
141.62,13333
141.79,13332
141.98,13331
142.15,13330
142.35,13329
142.51,13328
142.71,13327
142.87,13326
143.03,13325
143.24,13324
143.4,13323
143.6,13322
143.76,13321
143.97,13320
144.14,13319
144.35,13318
144.52,13317
144.73,13316
144.9,13315
145.1,13314
145.27,13313
145.47,13312
145.63,13311
145.79,13310
146.0,13309
146.15,13308
146.36,13307
146.5,13306
146.7,13305
146.86,13304
147.07,13303
147.22,13302
147.39,13301
147.59,13300
147.75,13299
147.96,13298
148.12,13297
148.32,13296
148.49,13295
148.67,13294
148.85,13293
149.05,13292
149.21,13291
149.26,13291
149.42,13290
149.63,13289
149.79,13288
150.0,13287
150.16,13286
150.36,13285
150.52,13284
150.71,13283
150.86,13282
151.07,13281
151.23,13280
151.39,13279
151.6,13278
151.76,13277
151.96,13276
152.12,13275
152.31,13274
152.49,13273
152.68,13272
152.85,13271
153.0,13270
153.2,13269
153.36,13268
153.56,13267
153.73,13266
153.94,13265
154.09,13264
154.3,13263
154.47,13262
154.62,13261
154.83,13260
155.01,13259
155.19,13258
155.37,13257
155.56,13256
155.73,13255
155.93,13254
156.09,13253
156.3,13252
156.47,13251
156.62,13250
156.83,13249
156.98,13248
157.18,13247
157.33,13246
157.54,13245
157.69,13244
157.9,13243
158.05,13242
158.21,13241
158.41,13240
158.57,13239
158.75,13238
158.93,13237
159.12,13236
159.29,13235
159.5,13234
159.65,13233
159.81,13232
160.03,13231
160.18,13230
160.39,13229
160.54,13228
160.75,13227
160.91,13226
161.11,13225
161.29,13224
161.51,13223
161.68,13222
161.89,13221
162.06,13220
162.25,13219
162.42,13218
162.57,13217
162.78,13216
162.92,13215
163.13,13214
163.28,13213
163.45,13212
163.67,13211
163.82,13210
164.04,13209
164.18,13208
164.39,13207
164.56,13206
164.77,13205
164.92,13204
165.1,13203
165.3,13202
165.45,13201
165.65,13200
165.81,13199
166.01,13198
166.16,13197
166.33,13196
166.53,13195
166.72,13194
166.93,13193
167.11,13192
167.33,13191
167.5,13190
167.7,13189
167.87,13188
168.07,13187
168.25,13186
168.44,13185
168.61,13184
168.81,13183
168.97,13182
169.14,13181
169.35,13180
169.5,13179
169.71,13178
169.88,13177
170.07,13176
170.24,13175
170.42,13174
170.56,13173
170.77,13172
170.92,13171
171.13,13170
171.28,13169
171.45,13168
171.63,13167
171.8,13166
171.99,13165
172.16,13164
172.36,13163
172.52,13162
172.73,13161
172.88,13160
173.09,13159
173.26,13158
173.41,13157
173.62,13156
173.78,13155
173.98,13154
174.15,13153
174.34,13152
174.54,13151
174.74,13150
174.9,13149
175.11,13148
175.26,13147
175.43,13146
175.62,13145
175.78,13144
175.99,13143
176.15,13142
176.36,13141
176.53,13140
176.69,13139
176.89,13138
177.05,13137
177.26,13136
177.41,13135
177.62,13134
177.63,13134
177.79,13133
177.98,13132
178.06,13132
178.23,13131
178.42,13130
178.59,13129
178.78,13128
178.94,13127
179.1,13126
179.3,13125
179.47,13124
179.67,13123
179.83,13122
180.04,13121
180.2,13120
180.39,13119
180.56,13118
180.72,13117
180.93,13116
181.09,13115
181.3,13114
181.47,13113
181.68,13112
181.83,13111
182.04,13110
182.19,13109
182.39,13108
182.56,13107
182.72,13106
182.92,13105
183.08,13104
183.29,13103
183.44,13102
183.64,13101
183.81,13100
184.0,13099
184.17,13098
184.32,13097
184.53,13096
184.69,13095
184.88,13094
185.05,13093
185.21,13092
185.41,13091
185.57,13090
185.77,13089
185.94,13088
186.15,13087
186.3,13086
186.51,13085
186.66,13084
186.88,13083
187.04,13082
187.25,13081
187.42,13080
187.63,13079
187.79,13078
187.95,13077
188.15,13076
188.32,13075
188.52,13074
188.68,13073
188.86,13072
189.03,13071
189.23,13070
189.39,13069
189.54,13068
189.74,13067
189.91,13066
190.11,13065
190.27,13064
190.48,13063
190.63,13062
190.8,13061
190.99,13060
191.16,13059
191.36,13058
191.52,13057
191.73,13056
191.89,13055
192.1,13054
192.26,13053
192.42,13052
192.62,13051
192.78,13050
192.99,13049
193.15,13048
193.35,13047
193.51,13046
193.71,13045
193.86,13044
194.04,13043
194.24,13042
194.39,13041
194.61,13040
194.76,13039
194.97,13038
195.12,13037
195.33,13036
195.49,13035
195.69,13034
195.85,13033
196.01,13032
196.21,13031
196.37,13030
196.58,13029
196.75,13028
196.95,13027
197.11,13026
197.32,13025
197.48,13024
197.68,13023
197.84,13022
197.99,13021
198.2,13020
198.35,13019
198.56,13018
198.72,13017
198.91,13016
199.09,13015
199.29,13014
199.44,13013
199.65,13012
199.8,13011
199.98,13010
200.16,13009
200.33,13008
200.54,13007
200.7,13006
200.9,13005
201.07,13004
201.26,13003
201.43,13002
201.63,13001
201.79,13000
201.97,12999
202.25,12998
202.45,12997
202.67,12996
202.86,12995
203.07,12994
203.23,12993
203.43,12992
203.59,12991
203.79,12990
203.97,12989
204.16,12988
204.32,12987
204.49,12986
204.7,12985
204.85,12984
205.06,12983
205.21,12982
205.41,12981
205.59,12980
205.78,12979
205.95,12978
206.1,12977
206.3,12976
206.45,12975
206.66,12974
206.81,12973
206.99,12972
207.16,12971
207.34,12970
207.52,12969
207.7,12968
207.87,12967
208.05,12966
208.23,12965
208.4,12964
208.6,12963
208.75,12962
208.97,12961
209.12,12960
209.33,12959
209.49,12958
209.65,12957
209.86,12956
210.01,12955
210.21,12954
210.38,12953
210.57,12952
210.74,12951
210.92,12950
211.09,12949
211.3,12948
211.45,12947
211.62,12946
211.83,12945
211.99,12944
212.2,12943
212.36,12942
212.58,12941
212.75,12940
212.82,12940
212.99,12939
213.19,12938
213.37,12937
213.57,12936
213.74,12935
213.9,12934
214.12,12933
214.29,12932
214.5,12931
214.67,12930
214.88,12929
215.07,12928
215.27,12927
215.45,12926
215.66,12925
215.84,12924
216.06,12923
216.23,12922
216.42,12921
216.59,12920
216.8,12919
216.98,12918
217.23,12917
217.39,12916
217.61,12915
217.79,12914
218.02,12913
218.21,12912
218.36,12911
218.58,12910
218.74,12909
218.97,12908
219.12,12907
219.34,12906
219.5,12905
219.74,12904
219.94,12903
220.16,12902
220.31,12901
220.53,12900
220.71,12899
220.93,12898
221.11,12897
221.31,12896
221.49,12895
221.7,12894
221.88,12893
222.09,12892
222.25,12891
222.48,12890
222.63,12889
222.8,12888
222.98,12887
223.13,12886
223.33,12885
223.51,12884
223.7,12883
223.87,12882
224.02,12881
224.23,12880
224.4,12879
224.6,12878
224.77,12877
224.97,12876
225.13,12875
225.34,12874
225.51,12873
225.66,12872
225.85,12871
226.02,12870
226.21,12869
226.38,12868
226.56,12867
226.71,12866
226.9,12865
227.06,12864
227.28,12863
227.44,12862
227.6,12861
227.81,12860
227.98,12859
228.17,12858
228.34,12857
228.55,12856
228.7,12855
228.91,12854
229.08,12853
229.26,12852
229.41,12851
229.57,12850
229.76,12849
229.94,12848
230.14,12847
230.29,12846
230.49,12845
230.65,12844
230.85,12843
231.01,12842
231.22,12841
231.37,12840
231.58,12839
231.73,12838
231.74,12838
231.94,12837
232.12,12836
232.33,12835
232.5,12834
232.66,12833
232.84,12832
233.01,12831
233.2,12830
233.37,12829
233.55,12828
233.72,12827
233.93,12826
234.08,12825
234.29,12824
234.47,12823
234.64,12822
234.83,12821
234.99,12820
235.21,12819
235.36,12818
235.52,12817
235.71,12816
235.89,12815
236.1,12814
236.27,12813
236.46,12812
236.63,12811
236.84,12810
236.99,12809
237.19,12808
237.37,12807
237.52,12806
237.72,12805
237.87,12804
238.08,12803
238.25,12802
238.46,12801
238.62,12800
238.83,12799
238.99,12798
239.22,12797
239.39,12796
239.58,12795
239.79,12794
239.97,12793
240.11,12792
240.15,12792
240.31,12791
240.47,12790
240.68,12789
240.83,12788
241.03,12787
241.21,12786
241.41,12785
241.57,12784
241.78,12783
241.94,12782
242.14,12781
242.3,12780
242.5,12779
242.67,12778
242.87,12777
243.03,12776
243.2,12775
243.39,12774
243.56,12773
243.77,12772
243.92,12771
244.13,12770
244.3,12769
244.48,12768
244.66,12767
244.8,12766
244.99,12765
245.16,12764
245.36,12763
245.51,12762
245.72,12761
245.87,12760
246.08,12759
246.25,12758
246.44,12757
246.62,12756
246.82,12755
246.97,12754
247.18,12753
247.19,12753
247.33,12752
247.55,12751
247.71,12750
247.91,12749
248.07,12748
248.24,12747
248.43,12746
248.59,12745
248.79,12744
248.95,12743
249.14,12742
249.31,12741
249.51,12740
249.68,12739
249.88,12738
250.03,12737
250.2,12736
250.4,12735
250.56,12734
250.76,12733
250.92,12732
251.12,12731
251.28,12730
251.48,12729
251.66,12728
251.71,12728
251.89,12727
252.09,12726
252.25,12725
252.27,12725
252.48,12724
252.62,12723
252.83,12722
252.99,12721
253.2,12720
253.34,12719
253.55,12718
253.71,12717
253.91,12716
254.06,12715
254.24,12714
254.44,12713
254.6,12712
254.8,12711
254.81,12711
255.03,12710
255.17,12709
255.38,12708
255.53,12707
255.7,12706
255.9,12705
256.06,12704
256.27,12703
256.42,12702
256.63,12701
256.8,12700
256.99,12699
257.0,12699
257.22,12698
257.36,12697
257.54,12696
257.72,12695
257.93,12694
258.08,12693
258.29,12692
258.44,12691
258.65,12690
258.82,12689
259.01,12688
259.18,12687
259.33,12686
259.54,12685
259.69,12684
259.87,12683
260.05,12682
260.28,12681
260.44,12680
260.67,12679
260.83,12678
261.05,12677
261.2,12676
261.5,12675
261.76,12674
261.94,12673
262.16,12672
262.32,12671
262.53,12670
262.68,12669
262.69,12669
262.9,12668
263.07,12667
263.26,12666
263.43,12665
263.63,12664
263.79,12663
263.95,12662
264.15,12661
264.32,12660
264.52,12659
264.68,12658
264.88,12657
265.03,12656
265.24,12655
265.4,12654
265.56,12653
265.77,12652
265.92,12651
266.13,12650
266.28,12649
266.49,12648
266.67,12647
266.89,12646
267.08,12645
267.3,12644
267.48,12643
267.49,12643
267.68,12642
267.85,12641
268.05,12640
268.21,12639
268.42,12638
268.57,12637
268.78,12636
268.93,12635
269.14,12634
269.3,12633
269.49,12632
269.51,12632
269.68,12631
269.89,12630
270.04,12629
270.24,12628
270.41,12627
270.6,12626
270.77,12625
270.97,12624
271.13,12623
271.3,12622
271.5,12621
271.66,12620
271.87,12619
272.04,12618
272.23,12617
272.41,12616
272.62,12615
272.79,12614
273.0,12613
273.15,12612
273.36,12611
273.51,12610
273.71,12609
273.88,12608
274.04,12607
274.24,12606
274.39,12605
274.59,12604
274.75,12603
274.96,12602
275.13,12601
275.33,12600
275.49,12599
275.68,12598
275.85,12597
276.06,12596
276.22,12595
276.42,12594
276.58,12593
276.74,12592
276.95,12591
277.11,12590
277.32,12589
277.48,12588
277.68,12587
277.85,12586
278.05,12585
278.21,12584
278.41,12583
278.57,12582
278.77,12581
278.93,12580
279.09,12579
279.3,12578
279.47,12577
279.65,12576
279.82,12575
280.03,12574
280.17,12573
280.34,12572
280.56,12571
280.71,12570
280.91,12569
281.06,12568
281.31,12567
281.48,12566
281.67,12565
281.84,12564
282.05,12563
282.2,12562
282.41,12561
282.58,12560
282.78,12559
282.94,12558
283.11,12557
283.31,12556
283.47,12555
283.67,12554
283.83,12553
284.03,12552
284.19,12551
284.2,12551
284.4,12550
284.57,12549
284.78,12548
284.94,12547
285.14,12546
285.29,12545
285.37,12545
285.55,12544
285.76,12543
285.91,12542
286.09,12541
286.3,12540
286.47,12539
286.68,12538
286.83,12537
287.04,12536
287.19,12535
287.42,12534
287.6,12533
287.84,12532
288.03,12531
288.26,12530
288.44,12529
288.67,12528
288.82,12527
289.03,12526
289.21,12525
289.41,12524
289.56,12523
289.77,12522
289.94,12521
290.1,12520
290.3,12519
290.45,12518
290.66,12517
290.83,12516
291.04,12515
291.2,12514
291.4,12513
291.57,12512
291.72,12511
291.92,12510
292.09,12509
292.29,12508
292.46,12507
292.66,12506
292.83,12505
293.04,12504
293.22,12503
293.43,12502
293.58,12501
293.75,12500
293.94,12499
294.12,12498
294.33,12497
294.51,12496
294.72,12495
294.87,12494
295.08,12493
295.25,12492
295.45,12491
295.63,12490
295.84,12489
295.99,12488
296.16,12487
296.36,12486
296.52,12485
296.7,12484
296.87,12483
297.08,12482
297.23,12481
297.44,12480
297.59,12479
297.8,12478
297.83,12478
298.03,12477
298.2,12476
298.4,12475
298.56,12474
298.77,12473
298.92,12472
299.13,12471
299.28,12470
299.45,12469
299.65,12468
299.81,12467
300.01,12466
300.02,12466
300.17,12465
300.38,12464
300.54,12463
300.75,12462
300.93,12461
301.13,12460
301.28,12459
301.49,12458
301.64,12457
301.84,12456
301.99,12455
302.16,12454
302.35,12453
302.54,12452
302.75,12451
302.91,12450
303.12,12449
303.28,12448
303.48,12447
303.64,12446
303.84,12445
304.01,12444
304.2,12443
304.37,12442
304.58,12441
304.73,12440
304.91,12439
305.11,12438
305.3,12437
305.41,12437
305.58,12436
305.73,12435
305.94,12434
306.1,12433
306.16,12433
306.17,12433
306.32,12432
306.53,12431
306.67,12430
306.88,12429
307.04,12428
307.24,12427
307.41,12426
307.63,12425
307.78,12424
307.92,12423
308.13,12422
308.28,12421
308.49,12420
308.65,12419
308.85,12418
309.0,12417
309.21,12416
309.36,12415
309.58,12414
309.74,12413
309.95,12412
310.13,12411
310.32,12410
310.49,12409
310.7,12408
310.71,12408
310.86,12407
311.07,12406
311.21,12405
311.42,12404
311.59,12403
311.8,12402
311.97,12401
312.17,12400
312.34,12399
312.53,12398
312.71,12397
312.91,12396
313.06,12395
313.21,12394
313.42,12393
313.58,12392
313.78,12391
313.95,12390
313.96,12390
314.01,12390
314.17,12389
314.38,12388
314.54,12387
314.71,12386
314.91,12385
315.06,12384
315.27,12383
315.43,12382
315.62,12381
315.79,12380
315.99,12379
316.15,12378
316.31,12377
316.51,12376
316.59,12376
316.67,12376
316.83,12375
317.03,12374
317.2,12373
317.39,12372
317.56,12371
317.76,12370
317.92,12369
317.93,12369
318.13,12368
318.28,12367
318.47,12366
318.48,12366
318.65,12365
318.86,12364
319.03,12363
319.23,12362
319.4,12361
319.55,12360
319.76,12359
319.91,12358
320.12,12357
320.29,12356
320.5,12355
320.64,12354
320.65,12354
320.86,12353
321.01,12352
321.22,12351
321.39,12350
321.44,12350
321.45,12350
321.63,12349
321.81,12348
321.96,12347
322.16,12346
322.31,12345
322.49,12344
322.66,12343
322.86,12342
323.03,12341
323.25,12340
323.43,12339
323.64,12338
323.81,12337
324.0,12336
324.01,12336
324.17,12335
324.39,12334
324.54,12333
324.75,12332
324.91,12331
325.1,12330
325.27,12329
325.43,12328
325.64,12327
325.65,12327
325.86,12326
326.0,12325
326.2,12324
326.36,12323
326.57,12322
326.74,12321
326.92,12320
327.1,12319
327.25,12318
327.46,12317
327.62,12316
327.83,12315
327.99,12314
328.19,12313
328.35,12312
328.55,12311
328.72,12310
328.93,12309
329.1,12308
329.3,12307
329.46,12306
329.67,12305
329.82,12304
330.03,12303
330.19,12302
330.39,12301
330.55,12300
330.71,12299
330.92,12298
331.07,12297
331.28,12296
331.45,12295
331.64,12294
331.82,12293
331.86,12293
332.03,12292
332.23,12291
332.38,12290
332.59,12289
332.74,12288
332.95,12287
333.12,12286
333.28,12285
333.48,12284
333.65,12283
333.85,12282
334.01,12281
334.21,12280
334.36,12279
334.57,12278
334.72,12277
334.89,12276
335.1,12275
335.26,12274
335.47,12273
335.62,12272
335.83,12271
335.84,12271
335.89,12271
336.06,12270
336.08,12270
336.28,12269
336.44,12268
336.65,12267
336.8,12266
337.01,12265
337.17,12264
337.38,12263
337.54,12262
337.74,12261
337.91,12260
338.12,12259
338.27,12258
338.44,12257
338.62,12256
338.79,12255
338.99,12254
339.15,12253
339.35,12252
339.51,12251
339.67,12250
339.88,12249
340.03,12248
340.24,12247
340.41,12246
340.6,12245
340.77,12244
340.98,12243
341.14,12242
341.34,12241
341.52,12240
341.73,12239
341.88,12238
342.05,12237
342.26,12236
342.43,12235
342.61,12234
342.79,12233
342.99,12232
343.14,12231
343.35,12230
343.5,12229
343.71,12228
343.88,12227
344.04,12226
344.24,12225
344.41,12224
344.6,12223
344.77,12222
344.82,12222
344.99,12221
345.19,12220
345.34,12219
345.55,12218
345.72,12217
345.89,12216
346.08,12215
346.22,12214
346.41,12213
346.58,12212
346.79,12211
346.95,12210
347.15,12209
347.31,12208
347.48,12207
347.68,12206
347.84,12205
348.05,12204
348.21,12203
348.4,12202
348.55,12201
348.76,12200
348.94,12199
349.15,12198
349.32,12197
349.53,12196
349.69,12195
349.85,12194
350.06,12193
350.22,12192
350.27,12192
350.43,12191
350.63,12190
350.79,12189
351.0,12188
351.15,12187
351.34,12186
351.49,12185
351.71,12184
351.91,12183
352.09,12182
352.24,12181
352.31,12181
352.5,12180
352.64,12179
352.84,12178
352.98,12177
353.16,12176
353.31,12175
353.45,12174
353.63,12173
353.78,12172
353.96,12171
354.11,12170
354.29,12169
354.46,12168
354.63,12167
354.78,12166
354.97,12165
355.11,12164
355.25,12163
355.44,12162
355.58,12161
355.76,12160
355.9,12159
356.08,12158
356.23,12157
356.42,12156
356.56,12155
356.74,12154
356.89,12153
357.07,12152
357.21,12151
357.39,12150
357.53,12149
357.71,12148
357.85,12147
358.06,12146
358.2,12145
358.39,12144
358.53,12143
358.54,12143
358.72,12142
358.86,12141
359.05,12140
359.19,12139
359.38,12138
359.52,12137
359.7,12136
359.85,12135
359.86,12135
360.04,12134
360.18,12133
360.37,12132
360.51,12131
360.69,12130
360.84,12129
361.02,12128
361.17,12127
361.34,12126
361.49,12125
361.67,12124
361.81,12123
361.96,12122
362.14,12121
362.28,12120
362.47,12119
362.61,12118
362.79,12117
362.93,12116
363.11,12115
363.26,12114
363.44,12113
363.59,12112
363.77,12111
363.93,12110
364.13,12109
364.3,12108
364.48,12107
364.63,12106
364.8,12105
364.95,12104
365.15,12103
365.3,12102
365.48,12101
365.63,12100
365.77,12099
365.95,12098
366.09,12097
366.27,12096
366.42,12095
366.6,12094
366.75,12093
366.8,12093
366.94,12092
367.12,12091
367.27,12090
367.46,12089
367.6,12088
367.78,12087
367.93,12086
368.12,12085
368.26,12084
368.44,12083
368.59,12082
368.77,12081
368.91,12080
369.09,12079
369.24,12078
369.42,12077
369.57,12076
369.75,12075
369.9,12074
370.08,12073
370.23,12072
370.41,12071
370.55,12070
370.69,12069
370.87,12068
371.01,12067
371.19,12066
371.33,12065
371.54,12064
371.55,12064
371.69,12063
371.9,12062
372.04,12061
372.22,12060
372.36,12059
372.54,12058
372.68,12057
372.86,12056
373.01,12055
373.19,12054
373.33,12053
373.34,12053
373.52,12052
373.66,12051
373.86,12050
374.01,12049
374.19,12048
374.33,12047
374.51,12046
374.65,12045
374.83,12044
374.98,12043
375.17,12042
375.32,12041
375.47,12040
375.65,12039
375.79,12038
375.97,12037
376.12,12036
376.3,12035
376.44,12034
376.62,12033
376.76,12032
376.94,12031
377.09,12030
377.27,12029
377.41,12028
377.59,12027
377.73,12026
377.75,12026
377.93,12025
378.08,12024
378.26,12023
378.4,12022
378.58,12021
378.59,12021
378.73,12020
378.92,12019
379.07,12018
379.08,12018
379.25,12017
379.41,12016
379.6,12015
379.74,12014
379.93,12013
380.07,12012
380.27,12011
380.41,12010
380.59,12009
380.74,12008
380.88,12007
381.06,12006
381.2,12005
381.25,12005
381.39,12004
381.57,12003
381.72,12002
381.9,12001
382.05,12000
382.22,11999
382.23,11999
382.38,11998
382.56,11997
382.57,11997
382.75,11996
382.9,11995
383.08,11994
383.22,11993
383.41,11992
383.56,11991
383.73,11990
383.88,11989
384.08,11988
384.23,11987
384.41,11986
384.55,11985
384.73,11984
384.88,11983
385.07,11982
385.22,11981
385.39,11980
385.54,11979
385.72,11978
385.86,11977
385.91,11977
386.07,11976
386.25,11975
386.39,11974
386.57,11973
386.72,11972
386.89,11971
387.04,11970
387.22,11969
387.37,11968
387.55,11967
387.69,11966
387.84,11965
388.02,11964
388.17,11963
388.34,11962
388.36,11962
388.54,11961
388.69,11960
388.86,11959
389.01,11958
389.19,11957
389.35,11956
389.53,11955
389.68,11954
389.86,11953
389.87,11953
390.06,11952
390.2,11951
390.38,11950
390.53,11949
390.71,11948
390.85,11947
391.03,11946
391.18,11945
391.36,11944
391.5,11943
391.68,11942
391.82,11941
391.83,11941
392.01,11940
392.16,11939
392.34,11938
392.49,11937
392.66,11936
392.81,11935
392.99,11934
393.13,11933
393.31,11932
393.46,11931
393.6,11930
393.78,11929
393.92,11928
394.1,11927
394.25,11926
394.43,11925
394.58,11924
394.73,11923
394.87,11922
395.05,11921
395.06,11921
395.22,11920
395.36,11919
395.55,11918
395.68,11917
395.82,11916
395.94,11915
396.09,11914
396.26,11913
396.39,11912
396.54,11911
396.68,11910
396.83,11909
396.97,11908
397.12,11907
397.25,11906
397.4,11905
397.42,11905
397.57,11904
397.71,11903
397.83,11902
397.99,11901
398.11,11900
398.27,11899
398.41,11898
398.55,11897
398.67,11896
398.83,11895
398.96,11894
399.12,11893
399.15,11893
399.31,11892
399.45,11891
399.6,11890
399.72,11889
399.88,11888
399.89,11888
400.01,11887
400.16,11886
400.29,11885
400.45,11884
400.58,11883
400.73,11882
400.87,11881
401.01,11880
401.14,11879
401.27,11878
401.43,11877
401.56,11876
401.71,11875
401.85,11874
402.0,11873
402.13,11872
402.28,11871
402.42,11870
402.58,11869
402.7,11868
402.86,11867
402.98,11866
403.14,11865
403.27,11864
403.4,11863
403.56,11862
403.69,11861
403.84,11860
403.85,11860
404.01,11859
404.14,11858
404.29,11857
404.42,11856
404.58,11855
404.59,11855
404.71,11854
404.87,11853
404.99,11852
405.15,11851
405.28,11850
405.44,11849
405.57,11848
405.69,11847
405.86,11846
406.0,11845
406.15,11844
406.16,11844
406.28,11843
406.44,11842
406.56,11841
406.72,11840
406.85,11839
406.9,11839
407.02,11838
407.19,11837
407.31,11836
407.47,11835
407.59,11834
407.75,11833
407.88,11832
408.03,11831
408.17,11830
408.32,11829
408.46,11828
408.61,11827
408.73,11826
408.89,11825
409.05,11824
409.21,11823
409.34,11822
409.46,11821
409.62,11820
409.75,11819
409.9,11818
409.91,11818
410.04,11817
410.18,11816
410.32,11815
410.47,11814
410.6,11813
410.75,11812
410.89,11811
411.05,11810
411.18,11809
411.21,11809
411.35,11808
411.51,11807
411.65,11806
411.81,11805
411.95,11804
412.09,11803
412.23,11802
412.35,11801
412.52,11800
412.64,11799
412.8,11798
412.93,11797
413.08,11796
413.23,11795
413.38,11794
413.51,11793
413.67,11792
413.8,11791
413.92,11790
414.08,11789
414.21,11788
414.36,11787
414.51,11786
414.67,11785
414.79,11784
414.95,11783
415.08,11782
415.24,11781
415.36,11780
415.52,11779
415.65,11778
415.79,11777
415.93,11776
415.94,11776
416.09,11775
416.22,11774
416.37,11773
416.5,11772
416.66,11771
416.67,11771
416.83,11770
416.84,11770
416.96,11769
417.1,11768
417.21,11767
417.36,11766
417.47,11765
417.54,11765
417.66,11764
417.85,11763
417.97,11762
418.1,11761
418.2,11760
418.36,11759
418.48,11758
418.61,11757
418.71,11756
418.83,11755
418.96,11754
419.07,11753
419.2,11752
419.31,11751
419.35,11751
419.46,11750
419.58,11749
419.7,11748
419.83,11747
419.84,11747
419.95,11746
420.08,11745
420.19,11744
420.32,11743
420.43,11742
420.56,11741
420.68,11740
420.81,11739
420.92,11738
421.03,11737
421.15,11736
421.27,11735
421.41,11734
421.52,11733
421.55,11733
421.67,11732
421.81,11731
421.93,11730
422.06,11729
422.17,11728
422.31,11727
422.45,11726
422.49,11726
422.6,11725
422.73,11724
422.84,11723
422.89,11723
423.02,11722
423.13,11721
423.27,11720
423.28,11720
423.39,11719
423.52,11718
423.63,11717
423.76,11716
423.87,11715
424.0,11714
424.12,11713
424.25,11712
424.36,11711
424.49,11710
424.6,11709
424.73,11708
424.84,11707
424.96,11706
425.08,11705
425.2,11704
425.33,11703
425.44,11702
425.57,11701
425.58,11701
425.71,11700
425.82,11699
425.95,11698
426.07,11697
426.18,11696
426.31,11695
426.42,11694
426.56,11693
426.67,11692
426.8,11691
426.91,11690
427.05,11689
427.16,11688
427.29,11687
427.39,11686
427.53,11685
427.65,11684
427.78,11683
427.92,11682
427.93,11682
428.05,11681
428.07,11681
428.19,11680
428.3,11679
428.44,11678
428.55,11677
428.56,11677
428.68,11676
428.8,11675
428.92,11674
429.04,11673
429.08,11673
429.2,11672
429.33,11671
429.44,11670
429.56,11669
429.68,11668
429.79,11667
429.92,11666
430.04,11665
430.16,11664
430.27,11663
430.4,11662
430.51,11661
430.64,11660
430.75,11659
430.88,11658
430.9,11658
431.01,11657
431.04,11657
431.15,11656
431.26,11655
431.39,11654
431.5,11653
431.65,11652
431.77,11651
431.8,11651
431.91,11650
432.05,11649
432.16,11648
432.28,11647
432.4,11646
432.54,11645
432.65,11644
432.78,11643
432.89,11642
433.0,11641
433.13,11640
433.15,11640
433.28,11639
433.39,11638
433.52,11637
433.63,11636
433.76,11635
433.87,11634
434.0,11633
434.11,11632
434.23,11631
434.36,11630
434.4,11630
434.51,11629
434.62,11628
434.75,11627
434.86,11626
434.99,11625
435.1,11624
435.24,11623
435.35,11622
435.39,11622
435.53,11621
435.66,11620
435.8,11619
435.82,11619
435.94,11618
436.05,11617
436.17,11616
436.32,11615
436.44,11614
436.56,11613
436.67,11612
436.83,11611
436.94,11610
436.97,11610
437.08,11609
437.21,11608
437.33,11607
437.44,11606
437.57,11605
437.7,11604
437.81,11603
437.92,11602
438.06,11601
438.18,11600
438.24,11600
438.36,11599
438.48,11598
438.61,11597
438.72,11596
438.84,11595
438.95,11594
439.07,11593
439.19,11592
439.32,11591
439.44,11590
439.55,11589
439.67,11588
439.78,11587
439.92,11586
440.03,11585
440.15,11584
440.27,11583
440.38,11582
440.5,11581
440.51,11581
440.65,11580
440.76,11579
440.88,11578
440.99,11577
441.13,11576
441.24,11575
441.37,11574
441.48,11573
441.63,11572
441.76,11571
441.88,11570
442.0,11569
442.13,11568
442.24,11567
442.38,11566
442.49,11565
442.61,11564
442.73,11563
442.84,11562
442.97,11561
443.08,11560
443.1,11560
443.21,11559
443.34,11558
443.46,11557
443.57,11556
443.6,11556
443.71,11555
443.84,11554
443.96,11553
444.09,11552
444.2,11551
444.33,11550
444.44,11549
444.45,11549
444.59,11548
444.71,11547
444.83,11546
444.94,11545
445.07,11544
445.09,11544
445.22,11543
445.33,11542
445.46,11541
445.57,11540
445.7,11539
445.81,11538
445.93,11537
446.05,11536
446.16,11535
446.29,11534
446.41,11533
446.43,11533
446.54,11532
446.58,11532
446.69,11531
446.83,11530
446.95,11529
447.06,11528
447.19,11527
447.3,11526
447.44,11525
447.57,11524
447.68,11523
447.69,11523
447.83,11522
447.85,11522
447.98,11521
448.09,11520
448.22,11519
448.23,11519
448.36,11518
448.47,11517
448.6,11516
448.72,11515
448.83,11514
448.95,11513
449.07,11512
449.2,11511
449.31,11510
449.45,11509
449.55,11508
449.57,11508
449.67,11507
449.78,11506
449.89,11505
450.02,11504
450.1,11503
450.21,11502
450.32,11501
450.45,11500
450.57,11499
450.67,11498
450.68,11498
450.71,11498
450.81,11497
450.91,11496
451.04,11495
451.15,11494
451.24,11493
451.35,11492
451.44,11491
451.46,11491
451.57,11490
451.65,11489
451.76,11488
451.87,11487
451.98,11486
452.0,11486
452.09,11485
452.19,11484
452.3,11483
452.39,11482
452.5,11481
452.59,11480
452.7,11479
452.78,11478
452.89,11477
452.99,11476
453.08,11475
453.2,11474
453.28,11473
453.39,11472
453.49,11471
453.59,11470
453.6,11470
453.61,11470
453.64,11470
453.68,11470
453.76,11469
453.87,11468
453.96,11467
454.06,11466
454.07,11466
454.18,11465
454.26,11464
454.37,11463
454.46,11462
454.47,11462
454.58,11461
454.67,11460
454.77,11459
454.86,11458
454.98,11457
455.1,11456
455.2,11455
455.22,11455
455.3,11454
455.4,11453
455.5,11452
455.61,11451
455.72,11450
455.81,11449
455.92,11448
456.03,11447
456.04,11447
456.06,11447
456.17,11446
456.28,11445
456.36,11444
456.47,11443
456.56,11442
456.66,11441
456.67,11441
456.72,11441
456.81,11440
456.91,11439
456.93,11439
457.04,11438
457.12,11437
457.24,11436
457.35,11435
457.44,11434
457.54,11433
457.63,11432
457.74,11431
457.84,11430
457.87,11430
457.96,11429
458.07,11428
458.08,11428
458.18,11427
458.2,11427
458.21,11427
458.32,11426
458.41,11425
458.52,11424
458.61,11423
458.72,11422
458.74,11422
458.85,11421
458.95,11420
459.05,11419
459.06,11419
459.18,11418
459.3,11417
459.39,11416
459.5,11415
459.6,11414
459.7,11413
459.82,11412
459.9,11411
460.01,11410
460.09,11409
460.18,11408
460.29,11407
460.3,11407
460.41,11406
460.43,11406
460.54,11405
460.62,11404
460.74,11403
460.82,11402
460.93,11401
461.01,11400
461.13,11399
461.21,11398
461.32,11397
461.4,11396
461.41,11396
461.42,11396
461.52,11395
461.62,11394
461.73,11393
461.84,11392
461.92,11391
462.04,11390
462.12,11389
462.16,11389
462.25,11388
462.36,11387
462.46,11386
462.57,11385
462.67,11384
462.77,11383
462.87,11382
462.98,11381
463.07,11380
463.18,11379
463.27,11378
463.37,11377
463.46,11376
463.56,11375
463.66,11374
463.76,11373
463.87,11372
463.96,11371
464.09,11370
464.17,11369
464.28,11368
464.39,11367
464.5,11366
464.58,11365
464.7,11364
464.79,11363
464.9,11362
464.99,11361
465.1,11360
465.18,11359
465.33,11358
465.42,11357
465.54,11356
465.64,11355
465.65,11355
465.69,11355
465.8,11354
465.82,11354
465.93,11353
466.05,11352
466.16,11351
466.26,11350
466.36,11349
466.47,11348
466.59,11347
466.71,11346
466.77,11346
466.78,11346
466.91,11345
467.02,11344
467.14,11343
467.24,11342
467.34,11341
467.44,11340
467.55,11339
467.67,11338
467.77,11337
467.87,11336
467.9,11336
467.92,11336
468.01,11335
468.1,11334
468.21,11333
468.3,11332
468.4,11331
468.51,11330
468.6,11329
468.71,11328
468.83,11327
468.93,11326
469.03,11325
469.13,11324
469.22,11323
469.33,11322
469.43,11321
469.53,11320
469.54,11320
469.64,11319
469.74,11318
469.84,11317
469.95,11316
470.04,11315
470.15,11314
470.25,11313
470.35,11312
470.36,11312
470.46,11311
470.51,11311
470.61,11310
470.71,11309
470.82,11308
470.9,11307
471.01,11306
471.12,11305
471.21,11304
471.32,11303
471.42,11302
471.51,11301
471.62,11300
471.63,11300
471.72,11299
471.83,11298
471.94,11297
472.04,11296
472.14,11295
472.15,11295
472.26,11294
472.37,11293
472.47,11292
472.58,11291
472.69,11290
472.83,11289
472.91,11288
473.02,11287
473.11,11286
473.21,11285
473.3,11284
473.41,11283
473.51,11282
473.6,11281
473.62,11281
473.63,11281
473.74,11280
473.83,11279
473.94,11278
474.04,11277
474.14,11276
474.16,11276
474.26,11275
474.35,11274
474.37,11274
474.5,11273
474.61,11272
474.72,11271
474.81,11270
474.92,11269
475.0,11268
475.12,11267
475.23,11266
475.24,11266
475.35,11265
475.43,11264
475.54,11263
475.62,11262
475.76,11261
475.87,11260
475.89,11260
476.0,11259
476.09,11258
476.2,11257
476.31,11256
476.41,11255
476.5,11254
476.62,11253
476.73,11252
476.85,11251
476.93,11250
477.04,11249
477.15,11248
477.26,11247
477.27,11247
477.37,11246
477.49,11245
477.58,11244
477.69,11243
477.77,11242
477.89,11241
477.99,11240
478.09,11239
478.19,11238
478.29,11237
478.39,11236
478.49,11235
478.51,11235
478.6,11234
478.72,11233
478.8,11232
478.92,11231
479.02,11230
479.13,11229
479.22,11228
479.33,11227
479.43,11226
479.56,11225
479.65,11224
479.75,11223
479.84,11222
479.9,11222
480.0,11221
480.1,11220
480.21,11219
480.3,11218
480.41,11217
480.52,11216
480.61,11215
480.72,11214
480.83,11213
480.92,11212
480.94,11212
481.06,11211
481.17,11210
481.2,11210
481.29,11209
481.4,11208
481.48,11207
481.59,11206
481.68,11205
481.79,11204
481.88,11203
481.99,11202
482.08,11201
482.19,11200
482.2,11200
482.3,11199
482.4,11198
482.5,11197
482.52,11197
482.63,11196
482.73,11195
482.84,11194
482.94,11193
483.04,11192
483.06,11192
483.12,11192
483.13,11192
483.22,11191
483.33,11190
483.36,11190
483.37,11190
483.47,11189
483.57,11188
483.68,11187
483.78,11186
483.86,11185
483.95,11184
484.03,11183
484.05,11183
484.13,11182
484.23,11181
484.31,11180
484.4,11179
484.43,11179
484.51,11178
484.6,11177
484.68,11176
484.81,11175
484.89,11174
484.93,11174
485.01,11173
485.1,11172
485.18,11171
485.26,11170
485.35,11169
485.43,11168
485.51,11167
485.59,11166
485.67,11165
485.69,11165
485.77,11164
485.85,11163
485.94,11162
486.02,11161
486.1,11160
486.18,11159
486.26,11158
486.34,11157
486.42,11156
486.5,11155
486.52,11155
486.6,11154
486.61,11154
486.69,11153
486.77,11152
486.85,11151
486.94,11150
487.02,11149
487.1,11148
487.18,11147
487.26,11146
487.34,11145
487.42,11144
487.5,11143
487.58,11142
487.66,11141
487.75,11140
487.83,11139
487.91,11138
487.92,11138
488.01,11137
488.1,11136
488.14,11136
488.22,11135
488.3,11134
488.38,11133
488.47,11132
488.55,11131
488.63,11130
488.71,11129
488.79,11128
488.87,11127
488.88,11127
488.96,11126
489.04,11125
489.13,11124
489.21,11123
489.29,11122
489.31,11122
489.39,11121
489.47,11120
489.48,11120
489.56,11119
489.64,11118
489.72,11117
489.8,11116
489.88,11115
489.96,11114
490.04,11113
490.06,11113
490.14,11112
490.16,11112
490.19,11112
490.27,11111
490.35,11110
490.43,11109
490.51,11108
490.59,11107
490.68,11106
490.76,11105
490.84,11104
490.93,11103
491.01,11102
491.09,11101
491.17,11100
491.25,11099
491.33,11098
491.41,11097
491.49,11096
491.57,11095
491.65,11094
491.75,11093
491.83,11092
491.87,11092
491.95,11091
492.03,11090
492.11,11089
492.19,11088
492.27,11087
492.28,11087
492.36,11086
492.44,11085
492.53,11084
492.61,11083
492.69,11082
492.77,11081
492.78,11081
492.86,11080
492.88,11080
492.96,11079
493.04,11078
493.12,11077
493.16,11077
493.24,11076
493.32,11075
493.4,11074
493.48,11073
493.56,11072
493.68,11071
493.76,11070
493.84,11069
493.92,11068
494.01,11067
494.09,11066
494.17,11065
494.25,11064
494.26,11064
494.34,11063
494.42,11062
494.5,11061
494.58,11060
494.66,11059
494.67,11059
494.75,11058
494.77,11058
494.85,11057
494.86,11057
494.87,11057
494.95,11056
494.96,11056
495.04,11055
495.12,11054
495.2,11053
495.28,11052
495.36,11051
495.45,11050
495.47,11050
495.55,11049
495.63,11048
495.71,11047
495.79,11046
495.87,11045
495.89,11045
495.9,11045
495.99,11044
496.07,11043
496.15,11042
496.23,11041
496.31,11040
496.39,11039
496.47,11038
496.55,11037
496.63,11036
496.7,11035
496.79,11034
496.87,11033
496.95,11032
497.03,11031
497.12,11030
497.2,11029
497.29,11028
497.3,11028
497.32,11028
497.4,11027
497.48,11026
497.5,11026
497.58,11025
497.67,11024
497.74,11023
497.83,11022
497.91,11021
497.99,11020
498.09,11019
498.17,11018
498.26,11017
498.34,11016
498.42,11015
498.5,11014
498.51,11014
498.59,11013
498.67,11012
498.76,11011
498.8,11011
498.88,11010
498.96,11009
499.04,11008
499.05,11008
499.08,11008
499.17,11007
499.25,11006
499.33,11005
499.42,11004
499.49,11003
499.58,11002
499.66,11001
499.69,11001
499.77,11000
499.85,10999
499.93,10998
500.01,10997
500.09,10996
500.18,10995
500.22,10995
500.3,10994
500.38,10993
500.47,10992
500.55,10991
500.63,10990
500.71,10989
500.72,10989
500.74,10989
500.82,10988
500.9,10987
500.93,10987
501.01,10986
501.09,10985
501.17,10984
501.25,10983
501.33,10982
501.41,10981
501.49,10980
501.57,10979
501.65,10978
501.73,10977
501.81,10976
501.9,10975
501.98,10974
501.99,10974
502.08,10973
502.16,10972
502.17,10972
502.26,10971
502.35,10970
502.43,10969
502.51,10968
502.59,10967
502.67,10966
502.76,10965
502.87,10964
502.95,10963
503.03,10962
503.07,10962
503.15,10961
503.23,10960
503.25,10960
503.33,10959
503.35,10959
503.43,10958
503.46,10958
503.54,10957
503.62,10956
503.7,10955
503.72,10955
503.8,10954
503.92,10953
504.05,10952
504.17,10951
504.27,10950
504.28,10950
504.37,10949
504.45,10948
504.47,10948
504.56,10947
504.65,10946
504.75,10945
504.83,10944
504.92,10943
505.01,10942
505.1,10941
505.18,10940
505.27,10939
505.35,10938
505.44,10937
505.52,10936
505.6,10935
505.62,10935
505.7,10934
505.78,10933
505.86,10932
505.94,10931
506.02,10930
506.03,10930
506.1,10929
506.18,10928
506.21,10928
506.22,10928
506.31,10927
506.33,10927
506.41,10926
506.49,10925
506.57,10924
506.65,10923
506.66,10923
506.69,10923
506.7,10923
506.78,10922
506.79,10922
506.82,10922
506.9,10921
506.98,10920
507.06,10919
507.14,10918
507.22,10917
507.24,10917
507.32,10916
507.33,10916
507.41,10915
507.49,10914
507.57,10913
507.66,10912
507.73,10911
507.81,10910
507.9,10909
507.98,10908
508.07,10907
508.15,10906
508.23,10905
508.32,10904
508.39,10903
508.4,10903
508.48,10902
508.56,10901
508.58,10901
508.66,10900
508.74,10899
508.82,10898
508.83,10898
508.91,10897
509.01,10896
509.09,10895
509.17,10894
509.25,10893
509.33,10892
509.41,10891
509.42,10891
509.5,10890
509.58,10889
509.65,10888
509.73,10887
509.75,10887
509.83,10886
509.91,10885
510.0,10884
510.08,10883
510.16,10882
510.24,10881
510.32,10880
510.4,10879
510.48,10878
510.57,10877
510.65,10876
510.73,10875
510.81,10874
510.89,10873
510.97,10872
511.06,10871
511.09,10871
511.18,10870
511.21,10870
511.31,10869
511.41,10868
511.43,10868
511.46,10868
511.55,10867
511.56,10867
511.66,10866
511.76,10865
511.86,10864
511.96,10863
512.05,10862
512.15,10861
512.25,10860
512.35,10859
512.44,10858
512.54,10857
512.63,10856
512.72,10855
512.73,10855
512.82,10854
512.91,10853
512.99,10852
513.07,10851
513.16,10850
513.23,10849
513.33,10848
513.42,10847
513.51,10846
513.52,10846
513.61,10845
513.69,10844
513.78,10843
513.87,10842
513.95,10841
514.04,10840
514.13,10839
514.22,10838
514.24,10838
514.33,10837
514.43,10836
514.52,10835
514.61,10834
514.63,10834
514.72,10833
514.82,10832
514.92,10831
515.02,10830
515.11,10829
515.21,10828
515.31,10827
515.43,10826
515.52,10825
515.61,10824
515.69,10823
515.78,10822
515.87,10821
515.89,10821
515.99,10820
516.07,10819
516.15,10818
516.25,10817
516.33,10816
516.43,10815
516.52,10814
516.61,10813
516.69,10812
516.71,10812
516.79,10811
516.88,10810
516.98,10809
517.08,10808
517.17,10807
517.27,10806
517.38,10805
517.49,10804
517.59,10803
517.69,10802
517.73,10802
517.81,10801
517.9,10800
517.98,10799
518.07,10798
518.08,10798
518.1,10798
518.19,10797
518.28,10796
518.37,10795
518.46,10794
518.55,10793
518.64,10792
518.73,10791
518.76,10791
518.84,10790
518.92,10789
519.01,10788
519.09,10787
519.14,10786
519.21,10785
519.22,10785
519.28,10784
519.34,10783
519.43,10782
519.5,10781
519.59,10780
519.67,10779
519.76,10778
519.8,10778
519.82,10778
519.9,10777
519.99,10776
520.07,10775
520.11,10774
520.12,10774
520.18,10773
520.25,10772
520.31,10771
520.37,10770
520.44,10769
520.48,10768
520.55,10767
520.61,10766
520.69,10765
520.74,10764
520.82,10763
520.88,10762
520.93,10761
521.0,10760
521.08,10759
521.1,10759
521.18,10758
521.19,10758
521.26,10757
521.33,10756
521.35,10756
521.41,10755
521.47,10754
521.54,10753
521.6,10752
521.67,10751
521.74,10750
521.8,10749
521.87,10748
521.93,10747
522.0,10746
522.01,10746
522.05,10746
522.11,10745
522.17,10744
522.25,10743
522.32,10742
522.33,10742
522.41,10741
522.47,10740
522.48,10740
522.53,10739
522.58,10738
522.6,10738
522.67,10737
522.72,10736
522.79,10735
522.84,10734
522.9,10733
522.97,10732
523.03,10731
523.09,10730
523.14,10729
523.21,10728
523.26,10727
523.32,10726
523.39,10725
523.45,10724
523.49,10723
523.55,10722
523.62,10721
523.63,10721
523.68,10720
523.75,10719
523.81,10718
523.88,10717
523.94,10716
524.02,10715
524.09,10714
524.15,10713
524.2,10712
524.26,10711
524.27,10711
524.34,10710
524.35,10710
524.41,10709
524.45,10708
524.5,10707
524.51,10707
524.57,10706
524.65,10705
524.71,10704
524.76,10703
524.82,10702
524.87,10701
524.93,10700
525.01,10699
525.02,10699
525.07,10698
525.13,10697
525.19,10696
525.28,10695
525.34,10694
525.43,10693
525.49,10692
525.57,10691
525.63,10690
525.65,10690
525.66,10690
525.74,10689
525.8,10688
525.85,10687
525.91,10686
525.96,10685
526.04,10684
526.12,10683
526.18,10682
526.26,10681
526.34,10680
526.42,10679
526.44,10679
526.5,10678
526.58,10677
526.64,10676
526.7,10675
526.75,10674
526.79,10673
526.84,10672
526.9,10671
526.98,10670
527.0,10670
527.07,10669
527.14,10668
527.2,10667
527.26,10666
527.31,10665
527.36,10664
527.37,10664
527.43,10663
527.49,10662
527.53,10661
527.59,10660
527.65,10659
527.71,10658
527.77,10657
527.83,10656
527.88,10655
527.93,10654
527.94,10654
528.0,10653
528.05,10652
528.11,10651
528.17,10650
528.22,10649
528.27,10648
528.32,10647
528.35,10647
528.41,10646
528.42,10646
528.43,10646
528.49,10645
528.55,10644
528.61,10643
528.66,10642
528.72,10641
528.77,10640
528.79,10640
528.84,10639
528.9,10638
528.91,10638
528.94,10638
528.95,10638
529.01,10637
529.08,10636
529.17,10635
529.26,10634
529.34,10633
529.41,10632
529.49,10631
529.55,10630
529.61,10629
529.67,10628
529.73,10627
529.74,10627
529.78,10626
529.79,10626
529.86,10625
529.93,10624
529.99,10623
530.07,10622
530.13,10621
530.18,10620
530.25,10619
530.31,10618
530.37,10617
530.42,10616
530.5,10615
530.57,10614
530.62,10613
530.7,10612
530.76,10611
530.79,10611
530.86,10610
530.9,10609
530.95,10608
531.03,10607
531.04,10607
531.11,10606
531.16,10605
531.17,10605
531.22,10604
531.27,10603
531.35,10602
531.4,10601
531.46,10600
531.51,10599
531.54,10599
531.55,10599
531.62,10598
531.68,10597
531.74,10596
531.79,10595
531.85,10594
531.93,10593
531.99,10592
532.05,10591
532.11,10590
532.19,10589
532.24,10588
532.25,10588
532.33,10587
532.39,10586
532.45,10585
532.51,10584
532.52,10584
532.6,10583
532.61,10583
532.67,10582
532.75,10581
532.78,10581
532.83,10580
532.9,10579
532.97,10578
533.02,10577
533.08,10576
533.16,10575
533.24,10574
533.29,10573
533.3,10573
533.37,10572
533.44,10571
533.45,10571
533.49,10570
533.55,10569
533.61,10568
533.67,10567
533.72,10566
533.77,10565
533.82,10564
533.89,10563
533.94,10562
534.01,10561
534.06,10560
534.11,10559
534.16,10558
534.22,10557
534.23,10557
534.24,10557
534.28,10556
534.29,10556
534.31,10556
534.38,10555
534.42,10554
534.47,10554
534.54,10553
534.6,10552
534.66,10551
534.73,10550
534.8,10549
534.81,10549
534.88,10548
534.95,10547
535.01,10546
535.08,10545
535.14,10544
535.19,10543
535.2,10543
535.25,10542
535.32,10541
535.37,10540
535.44,10539
535.51,10538
535.57,10537
535.64,10536
535.66,10536
535.73,10535
535.74,10535
535.81,10534
535.86,10533
535.93,10532
535.99,10531
536.05,10530
536.1,10529
536.16,10528
536.21,10527
536.25,10526
536.32,10525
536.38,10524
536.45,10523
536.51,10522
536.56,10521
536.62,10520
536.7,10519
536.77,10518
536.84,10517
536.92,10516
536.99,10515
537.06,10514
537.1,10513
537.15,10512
537.22,10511
537.27,10510
537.3,10510
537.35,10509
537.42,10508
537.52,10507
537.57,10506
537.64,10505
537.69,10504
537.75,10503
537.8,10502
537.86,10501
537.91,10500
537.97,10499
538.01,10498
538.07,10497
538.13,10496
538.22,10495
538.32,10494
538.33,10494
538.41,10493
538.42,10493
538.51,10492
538.57,10491
538.58,10491
538.63,10490
538.69,10489
538.7,10489
538.71,10489
538.74,10489
538.75,10489
538.81,10488
538.86,10487
538.87,10487
538.93,10486
538.94,10486
538.96,10486
539.02,10485
539.08,10484
539.13,10483
539.18,10482
539.19,10482
539.2,10482
539.26,10481
539.3,10480
539.31,10480
539.35,10479
539.39,10478
539.44,10477
539.45,10477
539.5,10476
539.55,10475
539.56,10475
539.61,10474
539.66,10473
539.72,10472
539.74,10472
539.81,10471
539.87,10470
539.92,10469
539.97,10468
540.02,10467
540.07,10466
540.08,10466
540.13,10465
540.14,10465
540.17,10465
540.21,10464
540.26,10463
540.31,10462
540.36,10461
540.42,10460
540.43,10460
540.49,10459
540.56,10458
540.61,10457
540.67,10456
540.72,10455
540.77,10454
540.8,10454
540.85,10453
540.9,10452
540.94,10451
541.0,10450
541.05,10449
541.11,10448
541.16,10447
541.17,10447
541.24,10446
541.34,10445
541.42,10444
541.49,10443
541.56,10442
541.61,10441
541.63,10441
541.69,10440
541.7,10440
541.75,10439
541.81,10438
541.82,10438
541.87,10437
541.93,10436
541.94,10436
541.95,10436
541.96,10436
542.02,10435
542.06,10434
542.12,10433
542.18,10432
542.24,10431
542.3,10430
542.35,10429
542.41,10428
542.46,10427
542.52,10426
542.58,10425
542.63,10424
542.7,10423
542.76,10422
542.82,10421
542.87,10420
542.91,10419
542.96,10418
542.98,10418
543.03,10417
543.07,10416
543.12,10415
543.18,10414
543.2,10414
543.26,10413
543.31,10412
543.36,10411
543.41,10410
543.46,10409
543.51,10408
543.55,10407
543.6,10406
543.65,10405
543.69,10404
543.74,10403
543.79,10402
543.84,10401
543.9,10400
543.93,10400
543.98,10399
544.03,10398
544.08,10397
544.1,10397
544.12,10397
544.16,10396
544.21,10395
544.26,10394
544.32,10393
544.33,10393
544.38,10392
544.43,10391
544.49,10390
544.52,10390
544.57,10389
544.58,10389
544.64,10388
544.7,10387
544.72,10387
544.77,10386
544.82,10385
544.86,10384
544.92,10383
544.97,10382
544.98,10382
545.0,10382
545.05,10381
545.07,10381
545.12,10380
545.14,10380
545.15,10380
545.21,10379
545.28,10378
545.32,10377
545.36,10376
545.41,10375
545.45,10374
545.5,10373
545.52,10373
545.58,10372
545.63,10371
545.65,10371
545.71,10370
545.77,10369
545.81,10368
545.86,10367
545.9,10366
545.95,10365
546.01,10364
546.07,10363
546.08,10363
546.15,10362
546.2,10361
546.22,10361
546.23,10361
546.28,10360
546.33,10359
546.34,10359
546.4,10358
546.46,10357
546.49,10357
546.54,10356
546.58,10355
546.63,10354
546.68,10353
546.73,10352
546.79,10351
546.84,10350
546.88,10349
546.95,10348
547.01,10347
547.06,10346
547.12,10345
547.16,10344
547.21,10343
547.26,10342
547.29,10342
547.34,10341
547.41,10340
547.46,10339
547.48,10339
547.5,10339
547.56,10338
547.62,10337
547.67,10336
547.72,10335
547.74,10335
547.8,10334
547.85,10333
547.91,10332
547.97,10331
548.02,10330
548.04,10330
548.09,10329
548.1,10329
548.15,10328
548.2,10327
548.26,10326
548.27,10326
548.33,10325
548.39,10324
548.44,10323
548.49,10322
548.54,10321
548.59,10320
548.65,10319
548.71,10318
548.75,10317
548.8,10316
548.82,10316
548.87,10315
548.92,10314
548.99,10313
549.04,10312
549.1,10311
549.15,10310
549.2,10309
549.25,10308
549.31,10307
549.32,10307
549.38,10306
549.39,10306
549.4,10306
549.41,10306
549.47,10305
549.53,10304
549.59,10303
549.64,10302
549.66,10302
549.73,10301
549.79,10300
549.85,10299
549.91,10298
549.96,10297
550.02,10296
550.04,10296
550.09,10295
550.15,10294
550.2,10293
550.21,10293
550.22,10293
550.27,10292
550.33,10291
550.38,10290
550.45,10289
550.5,10288
550.51,10288
550.57,10287
550.58,10287
550.64,10286
550.69,10285
550.74,10284
550.79,10283
550.85,10282
550.9,10281
550.96,10280
551.03,10279
551.1,10278
551.14,10277
551.19,10276
551.25,10275
551.31,10274
551.36,10273
551.42,10272
551.47,10271
551.51,10270
551.56,10269
551.62,10268
551.68,10267
551.75,10266
551.81,10265
551.87,10264
551.92,10263
551.99,10262
552.04,10261
552.09,10260
552.14,10259
552.2,10258
552.22,10258
552.27,10257
552.34,10256
552.38,10255
552.44,10254
552.49,10253
552.55,10252
552.6,10251
552.65,10250
552.7,10249
552.74,10248
552.81,10247
552.84,10247
552.91,10246
552.97,10245
552.98,10245
553.04,10244
553.11,10243
553.18,10242
553.19,10242
553.23,10241
553.29,10240
553.35,10239
553.42,10238
553.49,10237
553.52,10237
553.58,10236
553.64,10235
553.69,10234
553.75,10233
553.82,10232
553.87,10231
553.92,10230
553.98,10229
554.03,10228
554.09,10227
554.15,10226
554.16,10226
554.22,10225
554.28,10224
554.33,10223
554.39,10222
554.46,10221
554.47,10221
554.54,10220
554.6,10219
554.62,10219
554.68,10218
554.74,10217
554.75,10217
554.8,10216
554.82,10216
554.88,10215
554.89,10215
554.94,10214
555.0,10213
555.06,10212
555.13,10211
555.19,10210
555.25,10209
555.3,10208
555.35,10207
555.41,10206
555.42,10206
555.48,10205
555.54,10204
555.6,10203
555.66,10202
555.73,10201
555.78,10200
555.84,10199
555.89,10198
555.94,10197
556.01,10196
556.07,10195
556.09,10195
556.15,10194
556.2,10193
556.21,10193
556.27,10192
556.34,10191
556.4,10190
556.45,10189
556.49,10188
556.5,10188
556.56,10187
556.57,10187
556.62,10186
556.68,10185
556.74,10184
556.81,10183
556.86,10182
556.91,10181
556.96,10180
557.01,10179
557.06,10178
557.07,10178
557.11,10177
557.17,10176
557.24,10175
557.3,10174
557.31,10174
557.37,10173
557.42,10172
557.47,10171
557.51,10170
557.57,10169
557.62,10168
557.63,10168
557.68,10167
557.74,10166
557.79,10165
557.84,10164
557.85,10164
557.89,10163
557.95,10162
558.01,10161
558.02,10161
558.07,10160
558.1,10160
558.16,10159
558.21,10158
558.26,10157
558.27,10157
558.32,10156
558.36,10155
558.41,10154
558.47,10153
558.52,10152
558.58,10151
558.63,10150
558.64,10150
558.68,10149
558.74,10148
558.8,10147
558.86,10146
558.91,10145
558.97,10144
558.98,10144
559.03,10143
559.09,10142
559.13,10141
559.18,10140
559.25,10139
559.3,10138
559.34,10137
559.37,10137
559.43,10136
559.49,10135
559.54,10134
559.6,10133
559.65,10132
559.7,10131
559.76,10130
559.83,10129
559.88,10128
559.93,10127
559.99,10126
560.06,10125
560.11,10124
560.17,10123
560.23,10122
560.28,10121
560.34,10120
560.38,10119
560.42,10118
560.47,10117
560.49,10117
560.54,10116
560.59,10115
560.64,10114
560.7,10113
560.76,10112
560.81,10111
560.87,10110
560.91,10109
560.98,10108
560.99,10108
561.06,10107
561.11,10106
561.17,10105
561.18,10105
561.24,10104
561.29,10103
561.3,10103
561.31,10103
561.36,10102
561.42,10101
561.46,10100
561.51,10099
561.57,10098
561.63,10097
561.69,10096
561.78,10095
561.84,10094
561.86,10094
561.93,10093
562.0,10092
562.04,10091
562.1,10090
562.16,10089
562.19,10089
562.24,10088
562.3,10087
562.36,10086
562.42,10085
562.47,10084
562.52,10083
562.6,10082
562.67,10081
562.68,10081
562.75,10080
562.77,10080
562.83,10079
562.9,10078
562.96,10077
563.03,10076
563.05,10076
563.1,10075
563.15,10074
563.16,10074
563.18,10074
563.24,10073
563.25,10073
563.26,10073
563.31,10072
563.35,10071
563.41,10070
563.45,10069
563.5,10068
563.55,10067
563.6,10066
563.67,10065
563.69,10065
563.75,10064
563.81,10063
563.83,10063
563.84,10063
563.89,10062
563.94,10061
563.99,10060
564.06,10059
564.12,10058
564.18,10057
564.23,10056
564.29,10055
564.34,10054
564.4,10053
564.42,10053
564.48,10052
564.53,10051
564.54,10051
564.6,10050
564.66,10049
564.73,10048
564.79,10047
564.84,10046
564.9,10045
564.95,10044
565.0,10043
565.05,10042
565.09,10041
565.15,10040
565.2,10039
565.26,10038
565.27,10038
565.28,10038
565.33,10037
565.4,10036
565.45,10035
565.5,10034
565.55,10033
565.57,10033
565.58,10033
565.64,10032
565.69,10031
565.71,10031
565.77,10030
565.84,10029
565.89,10028
565.91,10028
565.97,10027
565.98,10027
566.03,10026
566.05,10026
566.1,10025
566.16,10024
566.22,10023
566.27,10022
566.31,10021
566.34,10021
566.4,10020
566.42,10020
566.47,10019
566.48,10019
566.53,10018
566.59,10017
566.65,10016
566.66,10016
566.71,10015
566.73,10015
566.74,10015
566.79,10014
566.86,10013
566.91,10012
566.97,10011
567.03,10010
567.08,10009
567.15,10008
567.2,10007
567.25,10006
567.27,10006
567.33,10005
567.4,10004
567.45,10003
567.5,10002
567.56,10001
567.62,10000
567.69,9999
567.7,9999
567.75,9998
567.76,9998
567.83,9997
567.88,9996
567.94,9995
567.96,9995
568.02,9994
568.04,9994
568.06,9994
568.12,9993
568.19,9992
568.2,9992
568.27,9991
568.32,9990
568.33,9990
568.4,9989
568.41,9989
568.46,9988
568.52,9987
568.57,9986
568.59,9986
568.65,9985
568.67,9985
568.73,9984
568.8,9983
568.86,9982
568.91,9981
568.97,9980
569.02,9979
569.08,9978
569.14,9977
569.19,9976
569.24,9975
569.3,9974
569.35,9973
569.36,9973
569.42,9972
569.49,9971
569.5,9971
569.54,9970
569.6,9969
569.65,9968
569.71,9967
569.76,9966
569.81,9965
569.82,9965
569.86,9964
569.87,9964
569.89,9964
569.96,9963
570.03,9962
570.08,9961
570.14,9960
570.19,9959
570.24,9958
570.29,9957
570.34,9956
570.41,9955
570.45,9954
570.5,9953
570.55,9952
570.6,9951
570.66,9950
570.72,9949
570.79,9948
570.84,9947
570.89,9946
570.96,9945
571.01,9944
571.05,9943
571.11,9942
571.12,9942
571.17,9941
571.24,9940
571.3,9939
571.35,9938
571.41,9937
571.46,9936
571.52,9935
571.54,9935
571.59,9934
571.64,9933
571.65,9933
571.71,9932
571.72,9932
571.79,9931
571.84,9930
571.89,9929
571.9,9929
571.95,9928
572.01,9927
572.06,9926
572.07,9926
572.11,9925
572.16,9924
572.21,9923
572.26,9922
572.31,9921
572.36,9920
572.37,9920
572.42,9919
572.48,9918
572.55,9917
572.57,9917
572.61,9916
572.68,9915
572.74,9914
572.81,9913
572.88,9912
572.93,9911
572.99,9910
573.05,9909
573.11,9908
573.16,9907
573.2,9906
573.25,9905
573.26,9905
573.32,9904
573.34,9904
573.4,9903
573.45,9902
573.5,9901
573.55,9900
573.61,9899
573.67,9898
573.69,9898
573.75,9897
573.77,9897
573.83,9896
573.89,9895
573.96,9894
574.01,9893
574.06,9892
574.12,9891
574.16,9890
574.21,9889
574.26,9888
574.31,9887
574.36,9886
574.41,9885
574.46,9884
574.52,9883
574.56,9882
574.62,9881
574.63,9881
574.69,9880
574.71,9880
574.77,9879
574.84,9878
574.91,9877
574.93,9877
574.98,9876
575.03,9875
575.08,9874
575.09,9874
575.1,9874
575.15,9873
575.2,9872
575.24,9871
575.3,9870
575.32,9870
575.38,9869
575.39,9869
575.44,9868
575.5,9867
575.56,9866
575.59,9866
575.64,9865
575.7,9864
575.77,9863
575.78,9863
575.84,9862
575.89,9861
575.94,9860
576.0,9859
576.05,9858
576.1,9857
576.15,9856
576.2,9855
576.24,9854
576.3,9853
576.35,9852
576.41,9851
576.46,9850
576.53,9849
576.58,9848
576.64,9847
576.65,9847
576.72,9846
576.77,9845
576.78,9845
576.84,9844
576.9,9843
576.96,9842
577.01,9841
577.02,9841
577.08,9840
577.14,9839
577.19,9838
577.23,9837
577.29,9836
577.35,9835
577.36,9835
577.43,9834
577.48,9833
577.49,9833
577.56,9832
577.61,9831
577.66,9830
577.72,9829
577.74,9829
577.79,9828
577.85,9827
577.87,9827
577.92,9826
577.97,9825
578.01,9824
578.06,9823
578.12,9822
578.18,9821
578.24,9820
578.29,9819
578.36,9818
578.41,9817
578.47,9816
578.48,9816
578.53,9815
578.55,9815
578.61,9814
578.65,9813
578.7,9812
578.76,9811
578.81,9810
578.86,9809
578.89,9809
578.96,9808
578.97,9808
579.02,9807
579.07,9806
579.14,9805
579.15,9805
579.21,9804
579.22,9804
579.28,9803
579.33,9802
579.39,9801
579.41,9801
579.47,9800
579.53,9799
579.55,9799
579.6,9798
579.66,9797
579.72,9796
579.79,9795
579.86,9794
579.91,9793
579.96,9792
580.02,9791
580.07,9790
580.09,9790
580.14,9789
580.15,9789
580.22,9788
580.28,9787
580.33,9786
580.39,9785
580.43,9784
580.48,9783
580.54,9782
580.58,9781
580.64,9780
580.7,9779
580.75,9778
580.77,9778
580.82,9777
580.86,9776
580.92,9775
580.99,9774
581.02,9774
581.03,9774
581.08,9773
581.15,9772
581.21,9771
581.26,9770
581.31,9769
581.35,9768
581.41,9767
581.47,9766
581.52,9765
581.57,9764
581.59,9764
581.66,9763
581.71,9762
581.72,9762
581.77,9761
581.78,9761
581.84,9760
581.89,9759
581.91,9759
581.92,9759
581.98,9758
582.03,9757
582.09,9756
582.16,9755
582.21,9754
582.28,9753
582.32,9752
582.37,9751
582.42,9750
582.49,9749
582.54,9748
582.6,9747
582.61,9747
582.65,9746
582.7,9745
582.76,9744
582.82,9743
582.88,9742
582.93,9741
582.98,9740
583.03,9739
583.09,9738
583.15,9737
583.21,9736
583.26,9735
583.31,9734
583.36,9733
583.43,9732
583.49,9731
583.54,9730
583.61,9729
583.63,9729
583.67,9728
583.68,9728
583.73,9727
583.74,9727
583.78,9726
583.81,9726
583.85,9725
583.92,9724
583.98,9723
584.04,9722
584.1,9721
584.15,9720
584.22,9719
584.27,9718
584.33,9717
584.4,9716
584.46,9715
584.51,9714
584.53,9714
584.59,9713
584.63,9712
584.66,9712
584.67,9712
584.71,9711
584.72,9711
584.78,9710
584.8,9710
584.82,9710
584.89,9709
584.96,9708
584.98,9708
585.04,9707
585.1,9706
585.16,9705
585.22,9704
585.29,9703
585.35,9702
585.37,9702
585.42,9701
585.49,9700
585.56,9699
585.63,9698
585.65,9698
585.7,9697
585.77,9696
585.78,9696
585.83,9695
585.84,9695
585.9,9694
585.95,9693
586.0,9692
586.07,9691
586.08,9691
586.14,9690
586.19,9689
586.26,9688
586.33,9687
586.35,9687
586.39,9686
586.41,9686
586.47,9685
586.52,9684
586.56,9683
586.61,9682
586.66,9681
586.72,9680
586.78,9679
586.83,9678
586.89,9677
586.94,9676
587.01,9675
587.03,9675
587.08,9674
587.14,9673
587.19,9672
587.25,9671
587.32,9670
587.37,9669
587.43,9668
587.48,9667
587.5,9667
587.56,9666
587.61,9665
587.66,9664
587.68,9664
587.74,9663
587.8,9662
587.81,9662
587.86,9661
587.91,9660
587.96,9659
588.01,9658
588.06,9657
588.07,9657
588.12,9656
588.18,9655
588.24,9654
588.29,9653
588.36,9652
588.41,9651
588.46,9650
588.51,9649
588.53,9649
588.59,9648
588.64,9647
588.69,9646
588.74,9645
588.8,9644
588.85,9643
588.92,9642
588.96,9641
589.02,9640
589.08,9639
589.1,9639
589.14,9638
589.19,9637
589.26,9636
589.29,9636
589.35,9635
589.41,9634
589.47,9633
589.53,9632
589.58,9631
589.62,9630
589.64,9630
589.69,9629
589.74,9628
589.8,9627
589.86,9626
589.91,9625
589.97,9624
590.02,9623
590.03,9623
590.09,9622
590.11,9622
590.12,9622
590.19,9621
590.26,9620
590.27,9620
590.34,9619
590.39,9618
590.44,9617
590.48,9616
590.5,9616
590.51,9616
590.52,9616
590.58,9615
590.64,9614
590.69,9613
590.74,9612
590.8,9611
590.87,9610
590.92,9609
590.99,9608
591.0,9608
591.02,9608
591.08,9607
591.14,9606
591.15,9606
591.21,9605
591.26,9604
591.31,9603
591.38,9602
591.43,9601
591.48,9600
591.55,9599
591.6,9598
591.66,9597
591.71,9596
591.76,9595
591.81,9594
591.87,9593
591.93,9592
591.97,9591
592.02,9590
592.07,9589
592.12,9588
592.18,9587
592.24,9586
592.29,9585
592.31,9585
592.36,9584
592.44,9583
592.51,9582
592.53,9582
592.6,9581
592.61,9581
592.67,9580
592.73,9579
592.82,9578
592.91,9577
592.99,9576
593.06,9575
593.13,9574
593.15,9574
593.2,9573
593.21,9573
593.24,9573
593.29,9572
593.35,9571
593.37,9571
593.42,9570
593.49,9569
593.54,9568
593.6,9567
593.66,9566
593.72,9565
593.73,9565
593.78,9564
593.84,9563
593.9,9562
593.96,9561
594.03,9560
594.1,9559
594.16,9558
594.17,9558
594.25,9557
594.29,9557
594.35,9556
594.4,9555
594.41,9555
594.49,9554
594.53,9553
594.58,9552
594.64,9551
594.65,9551
594.7,9550
594.76,9549
594.81,9548
594.86,9547
594.91,9546
594.97,9545
595.02,9544
595.04,9544
595.06,9544
595.1,9543
595.15,9542
595.21,9541
595.28,9540
595.32,9539
595.38,9538
595.43,9537
595.48,9536
595.52,9535
595.56,9534
595.61,9533
595.64,9533
595.69,9532
595.74,9531
595.79,9530
595.85,9529
595.86,9529
595.93,9528
595.98,9527
596.05,9526
596.1,9525
596.15,9524
596.21,9523
596.24,9523
596.29,9522
596.3,9522
596.31,9522
596.37,9521
596.38,9521
596.4,9521
596.44,9520
596.5,9519
596.56,9518
596.58,9518
596.64,9517
596.7,9516
596.75,9515
596.76,9515
596.77,9515
596.82,9514
596.89,9513
596.94,9512
597.0,9511
597.02,9511
597.08,9510
597.14,9509
597.17,9509
597.22,9508
597.28,9507
597.34,9506
597.36,9506
597.42,9505
597.47,9504
597.51,9503
597.57,9502
597.6,9502
597.65,9501
597.7,9500
597.71,9500
597.76,9499
597.81,9498
597.87,9497
597.93,9496
597.98,9495
597.99,9495
598.04,9494
598.09,9493
598.1,9493
598.16,9492
598.18,9492
598.23,9491
598.29,9490
598.34,9489
598.4,9488
598.46,9487
598.47,9487
598.49,9487
598.54,9486
598.55,9486
598.56,9486
598.58,9486
598.64,9485
598.7,9484
598.75,9483
598.8,9482
598.81,9482
598.85,9481
598.9,9480
598.97,9479
598.98,9479
599.02,9478
599.07,9477
599.1,9477
599.11,9477
599.12,9477
599.18,9476
599.22,9475
599.23,9475
599.29,9474
599.34,9473
599.4,9472
599.45,9471
599.46,9471
599.51,9470
599.52,9470
599.56,9469
599.61,9468
599.67,9467
599.73,9466
599.76,9466
599.81,9465
599.85,9464
599.91,9463
599.97,9462
