0.0,2
0.01,3
0.02,8
0.03,12
0.04,16
0.05,10
0.06,22
0.07,13
0.08,14
0.09,30
0.1,32
0.11,18
0.12,38
0.13,42
0.14,23
0.15,24
0.16,50
0.17,54
0.18,56
0.19,54
0.2,62
0.21,33
0.22,68
0.23,54
0.24,74
0.25,78
0.26,41
0.27,84
0.28,86
0.29,90
0.3,92
0.31,96
0.32,50
0.33,102
0.34,104
0.35,108
0.36,100
0.37,114
0.38,118
0.39,61
0.4,124
0.41,94
0.42,130
0.43,134
0.44,138
0.45,142
0.46,73
0.47,148
0.48,152
0.49,156
0.5,160
0.51,162
0.52,166
0.53,170
0.54,174
0.55,178
0.56,91
0.57,184
0.58,188
0.59,184
0.6,98
0.61,198
0.62,202
0.63,103
0.64,208
0.65,212
0.66,216
0.67,110
0.68,222
0.69,226
0.7,228
0.71,232
0.72,118
0.73,238
0.74,242
0.75,244
0.76,248
0.77,126
0.78,254
0.79,129
0.8,260
0.81,132
0.82,266
0.83,268
0.84,272
0.85,138
0.86,278
0.87,141
0.88,210
0.89,286
0.9,288
0.91,292
0.92,148
0.93,284
0.94,300
0.95,93
0.96,306
0.97,308
0.98,310
0.99,314
1.0,159
1.01,320
1.02,324
1.03,164
1.04,330
1.05,318
1.06,320
1.07,338
1.08,326
1.09,344
1.1,346
1.11,175
1.12,352
1.13,178
1.14,358
1.15,181
1.16,364
1.17,366
1.18,185
1.19,372
1.2,374
1.21,376
1.22,278
1.23,382
1.24,386
1.25,388
1.26,196
1.27,394
1.28,199
1.29,400
1.3,404
1.31,406
1.32,410
1.33,412
1.34,416
1.35,210
1.36,422
1.37,213
1.38,428
1.39,411
1.4,434
1.41,438
1.42,440
1.43,444
1.44,381
1.45,226
1.46,454
1.47,458
1.48,231
1.49,464
1.5,468
1.51,236
1.52,474
1.53,478
1.54,241
1.55,484
1.56,488
1.57,491
1.58,248
1.59,498
1.6,502
1.61,253
1.62,508
1.63,512
1.64,430
1.65,260
1.66,521
1.67,524
1.68,526
1.69,265
1.7,532
1.71,534
1.72,269
1.73,540
1.74,542
1.75,544
1.76,548
1.77,276
1.78,311
1.79,556
1.8,559
1.81,282
1.82,556
1.83,536
1.84,570
1.85,572
1.86,574
1.87,546
1.88,580
1.89,584
1.9,150
1.91,590
1.92,592
1.93,594
1.94,299
1.95,600
1.96,604
1.97,574
1.98,195
1.99,614
2.0,618
2.01,588
2.02,313
2.03,628
2.04,632
2.05,318
2.06,638
2.07,641
2.08,323
2.09,646
2.1,644
2.11,310
2.12,655
2.13,618
2.14,69
2.15,665
2.16,587
2.17,673
2.18,674
2.19,341
2.2,682
2.21,684
2.22,346
2.23,692
2.24,695
2.25,698
2.26,699
2.27,605
2.28,710
2.29,712
2.3,360
2.31,719
2.32,723
2.33,691
2.34,731
2.35,731
2.36,370
2.37,737
2.38,373
2.39,744
2.4,376
2.41,751
2.42,434
2.43,758
2.44,382
2.45,763
2.46,385
2.47,768
2.48,388
2.49,389
2.5,777
2.51,740
2.52,783
2.53,784
2.54,789
2.55,792
2.56,605
2.57,798
2.58,799
2.59,804
2.6,805
2.61,768
2.62,811
2.63,814
2.64,411
2.65,821
2.66,414
2.67,826
2.68,512
2.69,835
2.7,836
2.71,422
2.72,843
2.73,845
2.74,427
2.75,851
2.76,855
2.77,857
2.78,433
2.79,864
2.8,868
2.81,871
2.82,439
2.83,440
2.84,879
2.85,523
2.86,885
2.87,769
2.88,892
2.89,893
2.9,451
2.91,900
2.92,454
2.93,906
2.94,457
2.95,909
2.96,460
2.97,910
2.98,463
2.99,914
3.0,466
3.01,923
3.02,913
3.03,927
3.04,898
3.05,932
3.06,628
3.07,943
3.08,419
3.09,928
3.1,481
3.11,949
3.12,920
3.13,966
3.14,938
3.15,489
3.16,964
3.17,943
3.18,494
3.19,973
3.2,954
3.21,408
3.22,980
3.23,927
3.24,996
3.25,973
3.26,507
3.27,998
3.28,510
3.29,1010
3.3,982
3.31,515
3.32,247
3.33,1015
3.34,1003
3.35,961
3.36,524
3.37,1036
3.38,1026
3.39,1012
3.4,531
3.41,1056
3.42,1048
3.43,1034
3.44,1024
3.45,540
3.46,1053
3.47,1037
3.48,1064
3.49,546
3.5,1042
3.51,1062
3.52,550
3.53,1050
3.54,72
3.55,1058
3.56,1073
3.57,557
3.58,1076
3.59,1099
3.6,1082
3.61,1113
3.62,737
3.63,1039
3.64,1099
3.65,215
3.66,1088
3.67,571
3.68,1120
3.69,1055
3.7,1127
3.71,1061
3.72,1134
3.73,1088
3.74,1150
3.75,1111
3.76,585
3.77,1142
3.78,1080
3.79,1172
3.8,1141
3.81,593
3.82,494
3.83,1165
3.84,1157
3.85,1138
3.86,612
3.87,513
3.88,1177
3.89,1151
3.9,609
3.91,1214
3.92,1190
3.93,1165
3.94,383
3.95,1211
3.96,1200
3.97,1174
3.98,531
3.99,1210
4.0,1184
4.01,628
4.02,1228
4.03,1196
4.04,633
4.05,1233
4.06,1200
4.07,1271
4.08,1210
4.09,425
4.1,1237
4.11,853
4.12,1258
4.13,1217
4.14,1272
4.15,1028
4.16,1282
4.17,1224
4.18,1288
4.19,767
4.2,1264
4.21,659
4.22,1286
4.23,1218
4.24,1291
4.25,1326
4.26,1073
4.27,1330
4.28,1257
4.29,671
4.3,1263
4.31,1263
4.32,1287
4.33,676
4.34,1298
4.35,1345
4.36,1352
4.37,1278
4.38,1336
4.39,684
4.4,1315
4.41,1331
4.42,1292
4.43,1376
4.44,1183
4.45,1328
4.46,617
4.47,1309
4.48,1341
4.49,698
4.5,1357
4.51,646
4.52,986
4.53,1385
4.54,1329
4.55,30
4.56,1344
4.57,710
4.58,711
4.59,1345
4.6,1344
4.61,1422
4.62,1421
4.63,717
4.64,1392
4.65,1408
4.66,781
4.67,1403
4.68,724
4.69,1374
4.7,1375
4.71,652
4.72,1338
4.73,1438
4.74,1097
4.75,1422
4.76,735
4.77,1426
4.78,1356
4.79,519
4.8,1415
4.81,743
4.82,1454
4.83,1260
4.84,1474
4.85,1419
4.86,751
4.87,1474
4.88,1393
4.89,756
4.9,1433
4.91,1486
4.92,1386
4.93,1478
4.94,763
4.95,1493
4.96,1451
4.97,768
4.98,1482
4.99,771
5.0,500
5.01,1513
5.02,1471
5.03,778
5.04,1522
5.05,1479
5.06,631
5.07,1533
5.08,786
5.09,1508
5.1,789
5.11,1496
5.12,52
5.13,1504
5.14,1554
5.15,1325
5.16,1560
5.17,1108
5.18,1536
5.19,1580
5.2,1369
5.21,1577
5.22,1411
5.23,1563
5.24,1605
5.25,1605
5.26,816
5.27,1590
5.28,1508
5.29,1596
5.3,1395
5.31,1603
5.32,1461
5.33,1609
5.34,1526
5.35,1633
5.36,1570
5.37,83
5.38,1607
5.39,1579
5.4,833
5.41,1646
5.42,1607
5.43,1592
5.44,870
5.45,1672
5.46,1652
5.47,1634
5.48,1610
5.49,849
5.5,1689
5.51,1495
5.52,854
5.53,1677
5.54,1636
5.55,859
5.56,1687
5.57,1643
5.58,858
5.59,1696
5.6,1653
5.61,1734
5.62,1673
5.63,683
5.64,1689
5.65,875
5.66,1692
5.67,194
5.68,1675
5.69,146
5.7,1698
5.71,1752
5.72,885
5.73,1715
5.74,1306
5.75,1744
5.76,852
5.77,892
5.78,1736
5.79,1670
5.8,364
5.81,898
5.82,1678
5.83,1766
5.84,1718
5.85,127
5.86,905
5.87,1692
5.88,1060
5.89,1718
5.9,1810
5.91,1741
5.92,1807
5.93,1745
5.94,5
5.95,1756
5.96,1832
5.97,1757
5.98,1820
5.99,1726
6.0,1814
6.01,1732
6.02,1847
6.03,1789
6.04,931
6.05,1834
6.06,1787
6.07,936
6.08,1795
6.09,1809
6.1,1823
6.11,1850
6.12,1764
6.13,1807
6.14,1832
6.15,720
6.16,947
6.17,1863
6.18,1819
6.19,1852
6.2,1884
6.21,1210
6.22,955
6.23,1841
6.24,1869
6.25,136
6.26,1911
6.27,1838
6.28,1867
6.29,1920
6.3,1852
6.31,1924
6.32,1859
6.33,1936
6.34,1861
6.35,1893
6.36,1912
6.37,1568
6.38,1939
6.39,1877
6.4,1881
6.41,1951
6.42,1895
6.43,621
6.44,1913
6.45,1782
6.46,1956
6.47,1897
6.48,1976
6.49,1907
6.5,1954
6.51,447
6.52,1913
6.53,999
6.54,1934
6.55,474
6.56,1948
6.57,1005
6.58,1938
6.59,649
6.6,1961
6.61,1011
6.62,1989
6.63,1945
6.64,1016
6.65,2004
6.66,1967
6.67,1005
6.68,1970
6.69,1176
6.7,2001
6.71,1973
6.72,1029
6.73,2019
6.74,1877
6.75,2053
6.76,1991
6.77,667
6.78,2021
6.79,1040
6.8,2048
6.81,2000
6.82,2038
6.83,2070
6.84,2013
6.85,2020
6.86,2078
6.87,1982
6.88,2052
6.89,1022
6.9,2053
6.91,1057
6.92,2065
6.93,1060
6.94,2071
6.95,2104
6.96,1474
6.97,2096
6.98,1371
6.99,2093
7.0,2059
7.01,1072
7.02,2135
7.03,2093
7.04,2070
7.05,1079
7.06,2140
7.07,2108
7.08,1443
7.09,191
7.1,2140
7.11,2103
7.12,1406
7.13,371
7.14,2154
7.15,2116
7.16,1771
7.17,1100
7.18,2194
7.19,2157
7.2,2127
7.21,591
7.22,2203
7.23,2186
7.24,2145
7.25,2108
7.26,373
7.27,2167
7.28,1497
7.29,637
7.3,2210
7.31,2167
7.32,1126
7.33,2215
7.34,1776
7.35,2254
7.36,2183
7.37,589
7.38,2199
7.39,1039
7.4,2235
7.41,2194
7.42,2225
7.43,2282
7.44,2207
7.45,2284
7.46,2235
7.47,2292
7.48,1150
7.49,2267
7.5,1469
7.51,2273
7.52,1156
7.53,1596
7.54,2267
7.55,2004
7.56,2309
7.57,2269
7.58,2315
7.59,2124
7.6,2251
7.61,2270
7.62,1170
7.63,2259
7.64,2261
7.65,2290
7.66,2277
7.67,2295
7.68,1177
7.69,1178
7.7,1786
7.71,2302
7.72,1440
7.73,2332
7.74,1240
7.75,2328
7.76,1188
7.77,2323
7.78,1041
7.79,2315
7.8,468
7.81,2311
7.82,2381
7.83,2312
7.84,2396
7.85,1201
7.86,2369
7.87,1748
7.88,2378
7.89,2297
7.9,2410
7.91,2337
7.92,2402
7.93,2059
7.94,2394
7.95,1216
7.96,2378
7.97,559
7.98,2361
7.99,2434
8.0,2370
8.01,1225
8.02,2371
8.03,2420
8.04,664
8.05,2379
8.06,2455
8.07,2390
8.08,531
8.09,2421
8.1,2265
8.11,753
8.12,2452
8.13,2417
8.14,1863
8.15,687
8.16,2413
8.17,2447
8.18,2420
8.19,1234
8.2,2488
8.21,2455
8.22,2432
8.23,1054
8.24,2488
8.25,2444
8.26,645
8.27,2488
8.28,2452
8.29,91
8.3,1271
8.31,2463
8.32,2495
8.33,2542
8.34,1276
8.35,2499
8.36,2543
8.37,1280
8.38,2477
8.39,2483
8.4,288
8.41,2074
8.42,2508
8.43,2542
8.44,2270
8.45,1591
8.46,2535
8.47,2574
8.48,1294
8.49,2118
8.5,2560
8.51,1298
8.52,2540
8.53,931
8.54,2550
8.55,1304
8.56,2556
8.57,2565
8.58,1308
8.59,2527
8.6,2606
8.61,2539
8.62,112
8.63,2547
8.64,588
8.65,2560
8.66,1320
8.67,2602
8.68,2553
8.69,272
8.7,2592
8.71,1358
8.72,2630
8.73,2576
8.74,1227
8.75,2628
8.76,2582
8.77,1338
8.78,2665
8.79,2620
8.8,1750
8.81,2668
8.82,2632
8.83,2606
8.84,1350
8.85,455
8.86,2667
8.87,2130
8.88,1031
8.89,2677
8.9,2632
8.91,1051
8.92,2670
8.93,1365
8.94,2698
8.95,2648
8.96,803
8.97,2692
8.98,1919
8.99,2714
9.0,2508
9.01,2720
9.02,2693
9.03,1381
9.04,2714
9.05,2209
9.06,2718
9.07,2681
9.08,2725
9.09,2770
9.1,2709
9.11,2756
9.12,2707
9.13,2752
9.14,476
9.15,2745
9.16,1669
9.17,2787
9.18,2716
9.19,2720
9.2,2763
9.21,1407
9.22,2777
9.23,1081
9.24,2734
9.25,1067
9.26,2768
9.27,2577
9.28,2762
9.29,2802
9.3,1702
9.31,2749
9.32,406
9.33,2787
9.34,1426
9.35,2819
9.36,2687
9.37,2853
9.38,2780
9.39,2831
9.4,1435
9.41,2811
9.42,2786
9.43,1440
9.44,2791
9.45,1330
9.46,2873
9.47,2831
9.48,2806
9.49,2887
9.5,2898
9.51,454
9.52,51
9.53,1454
9.54,2870
9.55,2390
9.56,2877
9.57,1460
9.58,2860
9.59,314
9.6,2852
9.61,1466
9.62,2896
9.63,1553
9.64,2884
9.65,1472
9.66,2884
9.67,1371
9.68,2884
9.69,210
9.7,2870
9.71,2945
9.72,2880
9.73,263
9.74,2898
9.75,1380
9.76,2914
9.77,1119
9.78,2911
9.79,752
9.8,2910
9.81,433
9.82,2909
9.83,2964
9.84,937
9.85,2940
9.86,1503
9.87,2969
9.88,636
9.89,2951
9.9,3001
9.91,772
9.92,2934
9.93,2998
9.94,1401
9.95,2956
9.96,2997
9.97,2946
9.98,1520
9.99,3016
10.0,2983
10.01,1796
10.02,3041
10.03,2970
10.04,3009
10.05,1531
10.06,2991
10.07,821
10.08,1535
10.09,1724
10.1,2638
10.11,3013
10.12,2
10.13,3013
10.14,1515
10.15,3027
10.16,1546
10.17,3060
10.18,1314
10.19,3043
10.2,1552
10.21,3017
10.22,556
10.23,3029
10.24,536
10.25,3050
10.26,1561
10.27,3074
10.28,1564
10.29,3090
10.3,2181
10.31,3112
10.32,3052
10.33,654
10.34,3089
10.35,1774
10.36,3120
10.37,3068
10.38,599
10.39,3106
10.4,1838
10.41,3141
10.42,3086
10.43,958
10.44,3133
10.45,2995
10.46,3178
10.47,3116
10.48,1596
10.49,3160
10.5,3124
10.51,1562
10.52,3154
10.53,3120
10.54,1606
10.55,3154
10.56,3128
10.57,1156
10.58,3175
10.59,2775
10.6,3228
10.61,3149
10.62,476
10.63,3174
10.64,3005
10.65,3244
10.66,3165
10.67,41
10.68,3175
10.69,1027
10.7,3201
10.71,503
10.72,3185
10.73,392
10.74,3184
10.75,3274
10.76,3190
10.77,3227
10.78,1643
10.79,3206
10.8,213
10.81,3203
10.82,3272
10.83,532
10.84,3236
10.85,869
10.86,3220
10.87,3253
10.88,287
10.89,3228
10.9,648
10.91,3254
10.92,3274
10.93,3311
10.94,2113
10.95,3267
10.96,3310
10.97,769
10.98,1511
10.99,3253
11.0,515
11.01,3260
11.02,3303
11.03,3291
11.04,3292
11.05,3324
11.06,1793
11.07,3301
11.08,3327
11.09,167
11.1,3366
11.11,1910
11.12,3312
11.13,3303
11.14,3339
11.15,2571
11.16,3344
11.17,3277
11.18,3328
11.19,1567
11.2,3323
11.21,448
11.22,3316
11.23,3380
11.24,2963
11.25,3358
11.26,1413
11.27,3340
11.28,3405
11.29,2347
11.3,3374
11.31,665
11.32,3342
11.33,3402
11.34,2334
11.35,3404
11.36,3108
11.37,3408
11.38,1861
11.39,3427
11.4,3371
11.41,1729
11.42,3420
11.43,3376
11.44,1734
11.45,3442
11.46,3386
11.47,3437
11.48,344
11.49,3428
11.5,1731
11.51,3449
11.52,1811
11.53,3479
11.54,3436
11.55,2865
11.56,3489
11.57,3436
11.58,2208
11.59,3485
11.6,3445
11.61,2008
11.62,3506
11.63,3444
11.64,1247
11.65,3446
11.66,3497
11.67,634
11.68,3459
11.69,3520
11.7,3065
11.71,3464
11.72,3479
11.73,751
11.74,474
11.75,2872
11.76,3479
11.77,3525
11.78,3521
11.79,868
11.8,1777
11.81,3498
11.82,758
11.83,3494
11.84,3547
11.85,1641
11.86,3500
11.87,3558
11.88,1797
11.89,3515
11.9,646
11.91,3529
11.92,1089
11.93,3534
11.94,744
11.95,3575
11.96,3191
11.97,65
11.98,3568
11.99,3423
12.0,1008
12.01,3610
12.02,3564
12.03,1821
12.04,3632
12.05,3586
12.06,2451
12.07,3648
12.08,3596
12.09,2469
12.1,3662
12.11,3606
12.12,3544
12.13,1514
12.14,3663
12.15,3630
12.16,1843
12.17,3649
12.18,3602
12.19,778
12.2,3649
12.21,2493
12.22,3665
12.23,3044
12.24,1332
12.25,3687
12.26,3634
12.27,3716
12.28,3634
12.29,231
12.3,3657
12.31,1730
12.32,3660
12.33,476
12.34,3676
12.35,1277
12.36,3697
12.37,472
12.38,1877
12.39,3675
12.4,3756
12.41,3674
12.42,3702
12.43,3764
12.44,3696
12.45,1185
12.46,3715
12.47,1890
12.48,3554
12.49,3694
12.5,3724
12.51,1520
12.52,3704
12.53,3713
12.54,3762
12.55,3759
12.56,1901
12.57,3766
12.58,1839
12.59,3747
12.6,1810
12.61,3754
12.62,818
12.63,3738
12.64,3822
12.65,3740
12.66,221
12.67,3746
12.68,3829
12.69,3752
12.7,171
12.71,3760
12.72,3815
12.73,1996
12.74,3801
12.75,682
12.76,3208
12.77,3801
12.78,3860
12.79,2107
12.8,3831
12.81,1942
12.82,3824
12.83,3821
12.84,3845
12.85,3238
12.86,3862
12.87,3548
12.88,3877
12.89,3470
12.9,3866
12.91,2407
12.92,3857
12.93,2296
12.94,3883
12.95,3781
12.96,3910
12.97,3671
12.98,3888
12.99,3138
13.0,435
13.01,3870
13.02,1732
13.03,3901
13.04,3858
13.05,2035
13.06,3922
13.07,3886
13.08,3267
13.09,871
13.1,3921
13.11,3011
13.12,1359
13.13,3945
13.14,3892
13.15,3976
13.16,483
13.17,3899
13.18,1837
13.19,3951
13.2,3126
13.21,3976
13.22,3912
13.23,55
13.24,2873
13.25,3932
13.26,345
13.27,2227
13.28,3944
13.29,3967
13.3,2011
13.31,3974
13.32,2014
13.33,3981
13.34,2017
13.35,3986
13.36,600
13.37,1962
13.38,3955
13.39,4036
13.4,3498
13.41,4025
13.42,2286
13.43,4024
13.44,2066
13.45,4002
13.46,4060
13.47,2238
13.48,4035
13.49,2074
13.5,4044
13.51,914
13.52,3998
13.53,4052
13.54,3568
13.55,4067
13.56,2807
13.57,4078
13.58,4016
13.59,580
13.6,4043
13.61,1557
13.62,4065
13.63,2374
13.64,4086
13.65,3484
13.66,4120
13.67,4047
13.68,997
13.69,4081
13.7,2395
13.71,4116
13.72,4057
13.73,265
13.74,4079
13.75,1859
13.76,4111
13.77,3103
13.78,4162
13.79,4119
13.8,3928
13.81,364
13.82,4122
13.83,2907
13.84,709
13.85,4149
13.86,3685
13.87,4179
13.88,4129
13.89,2927
13.9,4202
13.91,4135
13.92,1955
13.93,4164
13.94,2344
13.95,4196
13.96,4140
13.97,733
13.98,4148
13.99,248
14.0,4186
14.01,2120
14.02,4203
14.03,4157
14.04,4199
14.05,2475
14.06,4214
14.07,3383
14.08,4174
14.09,4230
14.1,2003
14.11,4229
14.12,4193
14.13,2661
14.14,4192
14.15,4246
14.16,3178
14.17,486
14.18,4250
14.19,646
14.2,3725
14.21,3436
14.22,4285
14.23,4237
14.24,1070
14.25,3135
14.26,4285
14.27,2780
14.28,4279
14.29,2777
14.3,4242
14.31,4276
14.32,4294
14.33,3831
14.34,4295
14.35,2587
14.36,4295
14.37,124
14.38,4072
14.39,4311
14.4,3381
14.41,4330
14.42,3903
14.43,4353
14.44,3915
14.45,4353
14.46,2930
14.47,4316
14.48,411
14.49,4289
14.5,4373
14.51,3998
14.52,4367
14.53,2535
14.54,4330
14.55,103
14.56,3163
14.57,4349
14.58,649
14.59,4292
14.6,4374
14.61,3764
14.62,4399
14.63,4328
14.64,4395
14.65,3950
14.66,4402
14.67,2909
14.68,4394
14.69,4316
14.7,574
14.71,4385
14.72,2589
14.73,4424
14.74,4374
14.75,2228
14.76,4434
14.77,4398
14.78,3062
14.79,379
14.8,4412
14.81,2238
14.82,4446
14.83,2241
14.84,4406
14.85,1775
14.86,4450
14.87,4409
14.88,2249
14.89,4467
14.9,4396
14.91,562
14.92,4447
14.93,2257
14.94,4478
14.95,2260
14.96,4520
14.97,4443
14.98,1380
14.99,4497
15.0,4465
15.01,2983
15.02,95
15.03,4483
15.04,2398
15.05,4489
15.06,547
15.07,4491
15.08,3316
15.09,468
15.1,1592
15.11,4507
15.12,2287
15.13,4536
15.14,2960
15.15,4548
15.16,2741
15.17,4527
15.18,4583
15.19,4504
15.2,4570
15.21,2300
15.22,4528
15.23,152
15.24,4522
15.25,4608
15.26,4161
15.27,4582
15.28,4089
15.29,4620
15.3,4543
15.31,329
15.32,2537
15.33,4571
15.34,2319
15.35,4562
15.36,4625
15.37,1693
15.38,4595
15.39,1311
15.4,4567
15.41,4648
15.42,3873
15.43,4635
15.44,3636
15.45,4644
15.46,3850
15.47,4652
15.48,3813
15.49,4656
15.5,3787
15.51,4662
15.52,3705
15.53,4668
15.54,4174
15.55,4687
15.56,4612
15.57,1751
15.58,4668
15.59,4066
15.6,489
15.61,4650
15.62,3712
15.63,1601
15.64,4694
15.65,4647
15.66,2028
15.67,4691
15.68,3848
15.69,366
15.7,4685
15.71,2616
15.72,4693
15.73,2404
15.74,4745
15.75,4706
15.76,3254
15.77,4745
15.78,2113
15.79,4736
15.8,2603
15.81,4735
15.82,2298
15.83,4739
15.84,812
15.85,4719
15.86,696
15.87,4578
15.88,4745
15.89,2456
15.9,4764
15.91,2809
15.92,4753
15.93,4768
15.94,500
15.95,4734
15.96,28
15.97,3447
15.98,3958
15.99,4774
16.0,1683
16.01,4785
16.02,2267
16.03,3139
16.04,4761
16.05,810
16.06,4774
16.07,608
16.08,3094
16.09,4770
16.1,4849
16.11,3981
16.12,4830
16.13,1703
16.14,4791
16.15,4863
16.16,2951
16.17,4831
16.18,4882
16.19,4875
16.2,3516
16.21,4829
16.22,1260
16.23,4822
16.24,4887
16.25,4608
16.26,4894
16.27,4820
16.28,4897
16.29,3166
16.3,4870
16.31,1198
16.32,4846
16.33,4913
16.34,4269
16.35,4928
16.36,4852
16.37,564
16.38,4856
16.39,4942
16.4,4564
16.41,4943
16.42,4597
16.43,185
16.44,4870
16.45,4944
16.46,3196
16.47,4910
16.48,1741
16.49,4916
16.5,2076
16.51,4949
16.52,4908
16.53,2145
16.54,4956
16.55,4776
16.56,448
16.57,4929
16.58,2110
16.59,4965
16.6,3289
16.61,4994
16.62,4928
16.63,860
16.64,4960
16.65,2357
16.66,4992
16.67,3866
16.68,5026
16.69,4955
16.7,969
16.71,4992
16.72,2751
16.73,5011
16.74,1637
16.75,5019
16.76,4972
16.77,1627
16.78,5025
16.79,3594
16.8,5060
16.81,4989
16.82,5076
16.83,2870
16.84,5060
16.85,5014
16.86,5071
16.87,585
16.88,5009
16.89,79
16.9,561
16.91,935
16.92,5018
16.93,652
16.94,5022
16.95,5099
16.96,2567
16.97,5058
16.98,118
16.99,4602
17.0,5121
17.01,4129
17.02,5127
17.03,4647
17.04,5135
17.05,5054
17.06,5131
17.07,2201
17.08,5111
17.09,5122
17.1,4402
17.11,5102
17.12,2718
17.13,5147
17.14,5108
17.15,2282
17.16,5157
17.17,4699
17.18,474
17.19,5132
17.2,5031
17.21,1807
17.22,5155
17.23,5103
17.24,1044
17.25,5147
17.26,3415
17.27,5191
17.28,5122
17.29,1802
17.3,5167
17.31,4259
17.32,616
17.33,5150
17.34,3044
17.35,429
17.36,5153
17.37,1876
17.38,5174
17.39,3176
17.4,5206
17.41,5159
17.42,2604
17.43,5194
17.44,4407
17.45,5223
17.46,5161
17.47,3491
17.48,736
17.49,5183
17.5,2233
17.51,5191
17.52,2713
17.53,5193
17.54,3204
17.55,5210
17.56,2249
17.57,5182
17.58,5227
17.59,4460
17.6,5206
17.61,290
17.62,4788
17.63,5255
17.64,5177
17.65,5233
17.66,2637
17.67,5218
17.68,2348
17.69,5232
17.7,5270
17.71,1660
17.72,2555
17.73,5243
17.74,4802
17.75,5269
17.76,5247
17.77,2718
17.78,5244
17.79,2685
17.8,5236
17.81,1112
17.82,5203
17.83,5262
17.84,3528
17.85,5247
17.86,5292
17.87,696
17.88,3719
17.89,5228
17.9,5251
17.91,1816
17.92,5225
17.93,459
17.94,4845
17.95,5271
17.96,1381
17.97,5224
17.98,369
17.99,4211
18.0,5287
18.01,2825
18.02,5258
18.03,343
18.04,4073
18.05,5273
18.06,284
18.07,3531
18.08,5271
18.09,118
18.1,3686
18.11,5281
18.12,558
18.13,4315
18.14,5331
18.15,5110
18.16,556
18.17,5279
18.18,1845
18.19,5305
18.2,2164
18.21,5292
18.22,2930
18.23,5315
18.24,2825
18.25,5316
18.26,2578
18.27,5314
18.28,2270
18.29,5313
18.3,2027
18.31,5309
18.32,1360
18.33,5334
18.34,5285
18.35,5321
18.36,5333
18.37,3973
18.38,654
18.39,5338
18.4,5097
18.41,1181
18.42,5336
18.43,4126
18.44,5338
18.45,5379
18.46,3629
18.47,5305
18.48,5369
18.49,4223
18.5,5348
18.51,135
18.52,2917
18.53,5322
18.54,5387
18.55,4869
18.56,5381
18.57,2639
18.58,5331
18.59,5402
18.6,4378
18.61,5329
18.62,5365
18.63,1936
18.64,5341
18.65,5391
18.66,5404
18.67,4125
18.68,5409
18.69,4483
18.7,5393
18.71,468
18.72,3858
18.73,5391
18.74,1437
18.75,5317
18.76,5419
18.77,3980
18.78,5397
18.79,2294
18.8,5407
18.81,4046
18.82,5419
18.83,3897
18.84,5416
18.85,4715
18.86,1268
18.87,5414
18.88,3907
18.89,5451
18.9,5377
18.91,1113
18.92,5405
18.93,1484
18.94,5433
18.95,5383
18.96,1194
18.97,5415
18.98,1619
18.99,5424
19.0,4976
19.01,1156
19.02,5438
19.03,4254
19.04,5426
19.05,2390
19.06,5436
19.07,4929
19.08,1476
19.09,5428
19.1,1686
19.11,5455
19.12,3734
19.13,5474
19.14,3357
19.15,5454
19.16,1396
19.17,5431
19.18,1279
19.19,5435
19.2,482
19.21,4959
19.22,5505
19.23,4674
19.24,5460
19.25,5466
19.26,1380
19.27,5456
19.28,1131
19.29,4546
19.3,5517
19.31,5440
19.32,1152
19.33,5480
19.34,5516
19.35,5497
19.36,5526
19.37,2997
19.38,5521
19.39,1423
19.4,2115
19.41,2676
19.42,5502
19.43,2347
19.44,5474
19.45,370
19.46,5422
19.47,86
19.48,4228
19.49,5528
19.5,2938
19.51,5515
19.52,2077
19.53,5495
19.54,541
19.55,3783
19.56,5523
19.57,2068
19.58,5506
19.59,1047
19.6,5274
19.61,5539
19.62,2459
19.63,5533
19.64,2058
19.65,5507
19.66,5565
19.67,2585
19.68,5506
19.69,5558
19.7,2225
19.71,5546
19.72,2954
19.73,5547
19.74,3397
19.75,5558
19.76,3611
19.77,5559
19.78,3330
19.79,5536
19.8,307
19.81,5124
19.82,331
19.83,5537
19.84,1621
19.85,5556
19.86,3240
19.87,5566
19.88,4832
19.89,5565
19.9,2506
19.91,5594
19.92,4983
19.93,221
19.94,5540
19.95,765
19.96,5552
19.97,1226
19.98,5560
19.99,3155
20.0,5627
20.01,3422
20.02,77
20.03,5560
20.04,2790
20.05,5591
20.06,5633
20.07,5291
20.08,5595
20.09,3299
20.1,5609
20.11,3965
20.12,5577
20.13,5630
20.14,4638
20.15,5623
20.16,5624
20.17,3952
20.18,5637
20.19,3006
20.2,5606
20.21,1549
20.22,5605
20.23,1198
20.24,4720
20.25,5632
20.26,5640
20.27,1065
20.28,5242
20.29,5645
20.3,2042
20.31,5597
20.32,5670
20.33,3545
20.34,5644
20.35,1707
20.36,5605
20.37,360
20.38,5273
20.39,12
20.4,5120
20.41,5694
20.42,4986
20.43,166
20.44,5617
20.45,708
20.46,5633
20.47,3754
20.48,804
20.49,5648
20.5,3068
20.51,5699
20.52,5268
20.53,672
20.54,5633
20.55,1662
20.56,5688
20.57,5649
20.58,849
20.59,5665
20.6,2259
20.61,5691
20.62,4143
20.63,158
20.64,5653
20.65,1051
20.66,4648
20.67,5726
20.68,3956
20.69,5726
20.7,4170
20.71,5736
20.72,4500
20.73,5735
20.74,2860
20.75,5687
20.76,1110
20.77,5036
20.78,5742
20.79,1687
20.8,3213
20.81,5738
20.82,4187
20.83,5741
20.84,2389
20.85,4045
20.86,5692
20.87,1302
20.88,5733
20.89,5767
20.9,5742
20.91,5752
20.92,4177
20.93,5778
20.94,4716
20.95,5708
20.96,776
20.97,5144
20.98,5780
20.99,3401
21.0,5751
21.01,350
21.02,306
21.03,52
21.04,2246
21.05,4055
21.06,5790
21.07,4396
21.08,5777
21.09,4159
21.1,5772
21.11,3495
21.12,5757
21.13,824
21.14,5232
21.15,5792
21.16,3480
21.17,5781
21.18,2376
21.19,5777
21.2,2068
21.21,5757
21.22,643
21.23,4961
21.24,5815
21.25,4743
21.26,5793
21.27,2965
21.28,5792
21.29,2294
21.3,5794
21.31,2957
21.32,5799
21.33,2618
21.34,5788
21.35,2437
21.36,5799
21.37,1704
21.38,5797
21.39,1057
21.4,5788
21.41,1338
21.42,5786
21.43,668
21.44,5481
21.45,325
21.46,4528
21.47,5839
21.48,3222
21.49,5831
21.5,3541
21.51,5834
21.52,3095
21.53,5869
21.54,5803
21.55,2221
21.56,5836
21.57,3322
21.58,5850
21.59,4569
21.6,1467
21.61,5833
21.62,3843
21.63,5823
21.64,3520
21.65,674
21.66,5826
21.67,5854
21.68,986
21.69,2318
21.7,1594
21.71,957
21.72,465
21.73,5897
21.74,2401
21.75,5865
21.76,2696
21.77,5850
21.78,1450
21.79,5834
21.8,982
21.81,5829
21.82,346
21.83,3644
21.84,2525
21.85,3846
21.86,5883
21.87,2186
21.88,5873
21.89,5874
21.9,5877
21.91,2179
21.92,5870
21.93,2679
21.94,5889
21.95,3299
21.96,5900
21.97,5415
21.98,1827
21.99,5897
22.0,3857
22.01,886
22.02,5903
22.03,4007
22.04,5944
22.05,5702
22.06,672
22.07,5890
22.08,2237
22.09,5896
22.1,4477
22.11,907
22.12,5895
22.13,3824
22.14,713
22.15,5918
22.16,3914
22.17,5958
22.18,3943
22.19,805
22.2,5934
22.21,4006
22.22,5964
22.23,4746
22.24,5960
22.25,4791
22.26,5972
22.27,5327
22.28,5978
22.29,4697
22.3,5987
22.31,4065
22.32,5977
22.33,2496
22.34,5961
22.35,3395
22.36,5939
22.37,1665
22.38,3184
22.39,5928
22.4,65
22.41,5169
22.42,694
22.43,5035
22.44,3617
22.45,5934
22.46,2111
22.47,6004
22.48,4257
22.49,4889
22.5,6004
22.51,4867
22.52,6015
22.53,4542
22.54,5329
22.55,5986
22.56,2173
22.57,5953
22.58,6000
22.59,3776
22.6,5995
22.61,2741
22.62,5997
22.63,2617
22.64,5991
22.65,2619
22.66,5982
22.67,1120
22.68,5801
22.69,129
22.7,4901
22.71,6050
22.72,3851
22.73,6005
22.74,475
22.75,3911
22.76,6019
22.77,2076
22.78,5992
22.79,524
22.8,4595
22.81,6033
22.82,3929
22.83,6059
22.84,3786
22.85,6041
22.86,3540
22.87,6036
22.88,1992
22.89,6004
22.9,1129
22.91,6006
22.92,6081
22.93,4432
22.94,6074
22.95,3620
22.96,4925
22.97,1248
22.98,6041
22.99,2483
23.0,6062
23.01,3488
23.02,6065
23.03,4233
23.04,868
23.05,6048
23.06,2727
23.07,6067
23.08,6069
23.09,2092
23.1,5799
23.11,755
23.12,6044
23.13,1087
23.14,6056
23.15,2524
23.16,6087
23.17,6046
23.18,2538
23.19,6102
23.2,5139
23.21,5187
23.22,6115
23.23,4888
23.24,6072
23.25,6095
23.26,910
23.27,1415
23.28,4833
23.29,569
23.3,5457
23.31,6107
23.32,1215
23.33,5578
23.34,572
23.35,2775
23.36,5042
23.37,6136
23.38,3197
23.39,6119
23.4,3152
23.41,6116
23.42,4777
23.43,6114
23.44,508
23.45,5566
23.46,6141
23.47,2293
23.48,6111
23.49,838
23.5,5245
23.51,6153
23.52,2629
23.53,6112
23.54,1331
23.55,5968
23.56,6172
23.57,3183
23.58,6125
23.59,680
23.6,5174
23.61,6174
23.62,3634
23.63,6152
23.64,1880
23.65,6131
23.66,26
23.67,5730
23.68,1529
23.69,6153
23.7,3249
23.71,6178
23.72,6132
23.73,2907
23.74,6204
23.75,6154
23.76,3743
23.77,6175
23.78,4431
23.79,632
23.8,6157
23.81,1971
23.82,6160
23.83,1223
23.84,6165
23.85,3495
23.86,6219
23.87,6157
23.88,429
23.89,5962
23.9,1025
23.91,6164
23.92,1594
23.93,6175
23.94,305
23.95,5217
23.96,6236
23.97,3365
23.98,6212
23.99,3524
24.0,6219
24.01,3303
24.02,6249
24.03,680
24.04,5414
24.05,496
24.06,5537
24.07,6261
24.08,3601
24.09,6218
24.1,874
24.11,4398
24.12,6232
24.13,3640
24.14,3687
24.15,5844
24.16,462
24.17,6202
24.18,2921
24.19,2102
24.2,1790
24.21,4052
24.22,6245
24.23,2953
24.24,6234
24.25,1020
24.26,4476
24.27,6243
24.28,493
24.29,3282
24.3,6256
24.31,2387
24.32,5342
24.33,6260
24.34,2308
24.35,6247
24.36,1731
24.37,6244
24.38,1646
24.39,6247
24.4,1020
24.41,5584
24.42,6299
24.43,4799
24.44,6302
24.45,3310
24.46,6267
24.47,1407
24.48,6271
24.49,1141
24.5,6269
24.51,2059
24.52,6277
24.53,1928
24.54,6270
24.55,968
24.56,6263
24.57,494
24.58,6207
24.59,1125
24.6,6273
24.61,1827
24.62,6307
24.63,4495
24.64,223
24.65,6282
24.66,1842
24.67,6309
24.68,3794
24.69,6351
24.7,6079
24.71,2160
24.72,6327
24.73,2425
24.74,6331
24.75,4993
24.76,728
24.77,6311
24.78,2250
24.79,6336
24.8,4996
24.81,1628
24.82,6340
24.83,3909
24.84,140
24.85,2322
24.86,6356
24.87,6245
24.88,2548
24.89,6383
24.9,6323
24.91,2816
24.92,6385
24.93,6009
24.94,2588
24.95,6367
24.96,733
24.97,5020
24.98,593
24.99,6355
25.0,2117
25.01,2269
25.02,6354
25.03,1467
25.04,6062
25.05,6412
25.06,3095
25.07,6365
25.08,4
25.09,3659
25.1,6392
25.11,2414
25.12,4358
25.13,5699
25.14,6380
25.15,2472
25.16,6402
25.17,2405
25.18,6382
25.19,958
25.2,6380
25.21,490
25.22,6174
25.23,6451
25.24,4619
25.25,6433
25.26,3479
25.27,6425
25.28,3899
25.29,6457
25.3,6076
25.31,3216
25.32,6468
25.33,6253
25.34,2077
25.35,6435
25.36,3491
25.37,6443
25.38,4061
25.39,6475
25.4,5275
25.41,1150
25.42,6453
25.43,5946
25.44,2477
25.45,6478
25.46,3943
25.47,1289
25.48,6451
25.49,3742
25.5,6501
25.51,5763
25.52,576
25.53,5561
25.54,813
25.55,6477
25.56,3907
25.57,6495
25.58,4559
25.59,6487
25.6,4305
25.61,6507
25.62,3414
25.63,6475
25.64,1592
25.65,6483
25.66,2288
25.67,6471
25.68,631
25.69,4522
25.7,6519
25.71,4059
25.72,5087
25.73,6505
25.74,4074
25.75,6539
25.76,3853
25.77,5860
25.78,5680
25.79,6540
25.8,5159
25.81,302
25.82,4687
25.83,6526
25.84,2062
25.85,6507
25.86,6527
25.87,6540
25.88,598
25.89,3992
25.9,5008
25.91,231
25.92,4407
25.93,6552
25.94,3036
25.95,6522
25.96,349
25.97,4308
25.98,6552
25.99,1166
26.0,4379
26.01,6554
26.02,2073
26.03,5928
26.04,300
26.05,4624
26.06,6562
26.07,3047
26.08,6557
26.09,1998
26.1,6553
26.11,1960
26.12,6149
26.13,177
26.14,3686
26.15,6560
26.16,533
26.17,5701
26.18,6615
26.19,4428
26.2,6582
26.21,1886
26.22,6576
26.23,2127
26.24,6571
26.25,1390
26.26,6573
26.27,1319
26.28,6464
26.29,2028
26.3,3760
26.31,6624
26.32,4544
26.33,6632
26.34,4773
26.35,6633
26.36,5167
26.37,998
26.38,6596
26.39,2100
26.4,6617
26.41,3455
26.42,6642
26.43,4800
26.44,6659
26.45,5590
26.46,1781
26.47,6621
26.48,3442
26.49,6660
26.5,5236
26.51,882
26.52,6583
26.53,1638
26.54,6629
26.55,2763
26.56,5010
26.57,6637
26.58,6685
26.59,267
26.6,6134
26.61,6645
26.62,6690
26.63,258
26.64,2278
26.65,6652
26.66,2388
26.67,6044
26.68,6670
26.69,2473
26.7,6653
26.71,6662
26.72,6680
26.73,6691
26.74,1052
26.75,2403
26.76,6660
26.77,6709
26.78,4394
26.79,6710
26.8,3683
26.81,6689
26.82,2156
26.83,3949
26.84,3943
26.85,6715
26.86,4276
26.87,6705
26.88,3277
26.89,6701
26.9,4803
26.91,1222
26.92,6695
26.93,2612
26.94,6714
26.95,4269
26.96,6746
26.97,5621
26.98,1034
26.99,6709
27.0,3878
27.01,6749
27.02,6169
27.03,1892
27.04,6727
27.05,4199
27.06,6760
27.07,6290
27.08,2238
27.09,6736
27.1,3458
27.11,6744
27.12,3507
27.13,6750
27.14,5673
27.15,2077
27.16,6747
27.17,2567
27.18,6738
27.19,2500
27.2,6760
27.21,3032
27.22,6763
27.23,2771
27.24,6766
27.25,3042
27.26,6770
27.27,156
27.28,3868
27.29,6771
27.3,2141
27.31,6786
27.32,245
27.33,4481
27.34,1541
27.35,1716
27.36,6233
27.37,1217
27.38,6354
27.39,2118
27.4,6774
27.41,6769
27.42,3621
27.43,6798
27.44,2726
27.45,6799
27.46,4176
27.47,6776
27.48,2487
27.49,6789
27.5,6797
27.51,6803
27.52,6805
27.53,3213
27.54,6796
27.55,1421
27.56,6342
27.57,6836
27.58,4266
27.59,6815
27.6,1559
27.61,5580
27.62,651
27.63,5648
27.64,178
27.65,4657
27.66,6828
27.67,3461
27.68,6831
27.69,2662
27.7,6831
27.71,2570
27.72,6828
27.73,2571
27.74,6838
27.75,2010
27.76,6139
27.77,624
27.78,4970
27.79,6851
27.8,1165
27.81,6425
27.82,1232
27.83,5629
27.84,6859
27.85,1347
27.86,4764
27.87,6882
27.88,3635
27.89,6860
27.9,3842
27.91,6869
27.92,2596
27.93,6742
27.94,491
27.95,4451
27.96,6871
27.97,1156
27.98,4926
27.99,6875
28.0,4785
28.01,1140
28.02,6883
28.03,5211
28.04,1724
28.05,6892
28.06,5173
28.07,1274
28.08,6868
28.09,1586
28.1,6900
28.11,4754
28.12,1966
28.13,6904
28.14,2915
28.15,4845
28.16,998
28.17,6898
28.18,2901
28.19,6908
28.2,1918
28.21,3935
28.22,6914
28.23,1051
28.24,3469
28.25,6934
28.26,6925
28.27,6927
28.28,2044
28.29,6900
28.3,553
28.31,5463
28.32,6944
28.33,2816
28.34,4837
28.35,6937
28.36,939
28.37,2047
28.38,5027
28.39,6964
28.4,4127
28.41,6946
28.42,2192
28.43,5338
28.44,6948
28.45,1180
28.46,4255
28.47,6938
28.48,718
28.49,4566
28.5,6957
28.51,1058
28.52,5307
28.53,6975
28.54,2488
28.55,6131
28.56,6984
28.57,2706
28.58,6972
28.59,4831
28.6,7006
28.61,4922
28.62,6977
28.63,3640
28.64,6965
28.65,470
28.66,3353
28.67,6986
28.68,2267
28.69,5824
28.7,7001
28.71,2353
28.72,5605
28.73,134
28.74,6108
28.75,2090
28.76,6880
28.77,488
28.78,5140
28.79,7017
28.8,3926
28.81,6995
28.82,767
28.83,5427
28.84,7030
28.85,4089
28.86,5640
28.87,7030
28.88,3191
28.89,7008
28.9,1446
28.91,3942
28.92,5487
28.93,7062
28.94,4128
28.95,7041
28.96,1745
28.97,2569
28.98,6559
28.99,1032
29.0,7022
29.01,3186
29.02,4054
29.03,3723
29.04,7033
29.05,2348
29.06,7037
29.07,1301
29.08,335
29.09,759
29.1,5443
29.11,7090
29.12,4053
29.13,7080
29.14,3701
29.15,7046
29.16,932
29.17,5206
29.18,7064
29.19,1255
29.2,6472
29.21,1232
29.22,6260
29.23,103
29.24,4844
29.25,7079
29.26,2359
29.27,6165
29.28,471
29.29,4989
29.3,7096
29.31,2758
29.32,7073
29.33,1307
29.34,5312
29.35,3
29.36,4736
29.37,7123
29.38,4649
29.39,7107
29.4,2074
29.41,5425
29.42,7099
29.43,824
29.44,5090
29.45,7131
29.46,4313
29.47,6740
29.48,2843
29.49,6290
29.5,7108
29.51,4316
29.52,312
29.53,6077
29.54,1587
29.55,6296
29.56,7102
29.57,4033
29.58,7149
29.59,3618
29.6,7121
29.61,571
29.62,4078
29.63,6508
29.64,7130
29.65,7165
29.66,1298
29.67,2438
29.68,4461
29.69,6348
29.7,7146
29.71,1707
29.72,6715
29.73,6521
29.74,244
29.75,6163
29.76,470
29.77,2965
29.78,4376
29.79,7152
29.8,7153
29.81,7164
29.82,1510
29.83,5856
29.84,7152
29.85,105
29.86,3534
29.87,7192
29.88,2042
29.89,2303
29.9,2955
29.91,4292
29.92,3357
29.93,4877
29.94,4978
29.95,6507
29.96,183
29.97,5024
29.98,7207
29.99,3330
30.0,7180
30.01,2060
30.02,7165
30.03,1833
30.04,7189
30.05,4834
30.06,1207
30.07,7192
30.08,1169
30.09,7185
30.1,4223
30.11,245
30.12,5792
30.13,1680
30.14,7204
30.15,3839
30.16,7207
30.17,3791
30.18,7241
30.19,5981
30.2,1962
30.21,7223
30.22,5497
30.23,7251
30.24,5872
30.25,1988
30.26,7231
30.27,3389
30.28,6802
30.29,244
30.3,6162
30.31,1232
30.32,6794
30.33,543
30.34,3434
30.35,5086
30.36,7240
30.37,1314
30.38,6576
30.39,553
30.4,3795
30.41,7238
30.42,101
30.43,5513
30.44,7285
30.45,5055
30.46,7271
30.47,2603
30.48,7249
30.49,2287
30.5,7253
30.51,2140
30.52,5676
30.53,7294
30.54,4584
30.55,7283
30.56,3781
30.57,7269
30.58,389
30.59,3160
30.6,6411
30.61,426
30.62,5572
30.63,7282
30.64,2832
30.65,7274
30.66,1514
30.67,4688
30.68,7291
30.69,1923
30.7,5605
30.71,7305
30.72,1470
30.73,5834
30.74,7331
30.75,4137
30.76,7290
30.77,470
30.78,3719
30.79,7306
30.8,1252
30.81,5634
30.82,7321
30.83,1577
30.84,4452
30.85,6826
30.86,640
30.87,4806
30.88,7337
30.89,7345
30.9,715
30.91,3786
30.92,5815
30.93,7297
30.94,7363
30.95,3312
30.96,7323
30.97,1565
30.98,6721
30.99,934
31.0,6213
31.01,392
31.02,5775
31.03,68
31.04,4734
31.05,230
31.06,6280
31.07,155
31.08,4977
31.09,454
31.1,6121
31.11,1151
31.12,7170
31.13,2609
31.14,7350
31.15,463
31.16,4669
31.17,670
31.18,6633
31.19,1688
31.2,6125
31.21,7405
31.22,5488
31.23,1347
31.24,7369
31.25,3337
31.26,7396
31.27,4801
31.28,7422
31.29,2873
31.3,7412
31.31,5846
31.32,256
31.33,5751
31.34,971
31.35,7371
31.36,1193
31.37,6617
31.38,7415
31.39,7427
31.4,3749
31.41,7419
31.42,4885
31.43,7425
31.44,7424
31.45,7452
31.46,5570
31.47,7448
31.48,4732
31.49,7423
31.5,2608
31.51,7413
31.52,1087
31.53,5313
31.54,7432
31.55,2563
31.56,6020
31.57,7465
31.58,3526
31.59,6160
31.6,7445
31.61,2228
31.62,6245
31.63,7479
31.64,3780
31.65,7443
31.66,1656
31.67,5830
31.68,7474
31.69,3274
31.7,3118
31.71,5081
31.72,7457
31.73,4760
31.74,7493
31.75,7488
31.76,1803
31.77,5033
31.78,7504
31.79,4975
31.8,7509
31.81,5012
31.82,7501
31.83,5425
31.84,925
31.85,7178
31.86,2941
31.87,7487
31.88,4646
31.89,7521
31.9,6384
31.91,1381
31.92,7485
31.93,3500
31.94,7527
31.95,4316
31.96,457
31.97,6882
31.98,2944
31.99,7509
32.0,3869
32.01,7528
32.02,6201
32.03,1232
32.04,6654
32.05,2620
32.06,6528
32.07,861
32.08,6774
32.09,2659
32.1,7555
32.11,3740
32.12,7533
32.13,2157
32.14,7531
32.15,2117
32.16,6037
32.17,978
32.18,5446
32.19,424
32.2,3070
32.21,7539
32.22,7340
32.23,3572
32.24,7549
32.25,440
32.26,5075
32.27,7561
32.28,1084
32.29,1292
32.3,4848
32.31,7574
32.32,4230
32.33,6335
32.34,3083
32.35,5660
32.36,7591
32.37,1377
32.38,4983
32.39,4911
32.4,7619
32.41,6756
32.42,2405
32.43,1282
32.44,4886
32.45,1324
32.46,7581
32.47,4323
32.48,7510
32.49,6429
32.5,7598
32.51,6964
32.52,1197
32.53,7602
32.54,4818
32.55,1596
32.56,7600
32.57,4128
32.58,751
32.59,7616
32.6,584
32.61,88
32.62,1389
32.63,7624
32.64,4906
32.65,546
32.66,631
32.67,4331
32.68,5553
32.69,7670
32.7,4012
32.71,7636
32.72,2414
32.73,7629
32.74,1829
32.75,6010
32.76,7670
32.77,3763
32.78,7641
32.79,1426
32.8,6200
32.81,7694
32.82,3256
32.83,7657
32.84,2326
32.85,7649
32.86,1320
32.87,5022
32.88,7666
32.89,1381
32.9,5495
32.91,7677
32.92,2891
32.93,7173
32.94,1498
32.95,6463
32.96,7713
32.97,2574
32.98,5816
32.99,7691
33.0,1934
33.01,6419
33.02,1091
33.03,5894
33.04,7732
33.05,3568
33.06,7720
33.07,4459
33.08,217
33.09,5875
33.1,780
33.11,5818
33.12,7734
33.13,3662
33.14,7715
33.15,1431
33.16,5364
33.17,947
33.18,7487
33.19,3579
33.2,7720
33.21,4218
33.22,7745
33.23,4990
33.24,1403
33.25,7738
33.26,5296
33.27,1887
33.28,7756
33.29,6368
33.3,3402
33.31,239
33.32,7526
33.33,4319
33.34,1032
33.35,7758
33.36,5256
33.37,7787
33.38,7796
33.39,2949
33.4,5579
33.41,7181
33.42,704
33.43,5109
33.44,4836
33.45,7776
33.46,554
33.47,1641
33.48,4831
33.49,7625
33.5,7775
33.51,7775
33.52,932
33.53,4828
33.54,7808
33.55,2921
33.56,7542
33.57,1155
33.58,4886
33.59,7791
33.6,1758
33.61,5926
33.62,7822
33.63,6129
33.64,2033
33.65,7805
33.66,4477
33.67,448
33.68,5836
33.69,2189
33.7,7810
33.71,4514
33.72,124
33.73,6155
33.74,2410
33.75,7823
33.76,5378
33.77,1705
33.78,7823
33.79,2379
33.8,7855
33.81,6755
33.82,3425
33.83,130
33.84,5774
33.85,7863
33.86,3514
33.87,5509
33.88,1569
33.89,7843
33.9,2383
33.91,7224
33.92,1817
33.93,7842
33.94,2136
33.95,7053
33.96,1239
33.97,6757
33.98,436
33.99,5948
34.0,7894
34.01,2385
34.02,6434
34.03,1144
34.04,3722
34.05,7652
34.06,7906
34.07,4825
34.08,7891
34.09,4178
34.1,7888
34.11,7911
34.12,3674
34.13,5672
34.14,837
34.15,7415
34.16,3682
34.17,7927
34.18,1819
34.19,5085
34.2,4920
34.21,6681
34.22,1332
34.23,1573
34.24,1392
34.25,6064
34.26,7933
34.27,4106
34.28,7329
34.29,1224
34.3,6842
34.31,1047
34.32,5047
34.33,7929
34.34,3469
34.35,7896
34.36,2276
34.37,7022
34.38,884
34.39,5682
34.4,7961
34.41,4626
34.42,7940
34.43,3138
34.44,7922
34.45,3344
34.46,7962
34.47,6038
34.48,1024
34.49,4231
34.5,2833
34.51,3207
34.52,7737
34.53,3876
34.54,7950
34.55,4718
34.56,7986
34.57,5478
34.58,7984
34.59,6163
34.6,2195
34.61,7960
34.62,7961
34.63,7975
34.64,3282
34.65,7954
34.66,3469
34.67,7967
34.68,5328
34.69,1621
34.7,7970
34.71,4508
34.72,639
34.73,7687
34.74,3311
34.75,80
34.76,5421
34.77,7983
34.78,7988
34.79,1984
34.8,6973
34.81,471
34.82,4945
34.83,5277
34.84,301
34.85,5374
34.86,8015
34.87,3362
34.88,2151
34.89,5952
34.9,8032
34.91,3907
34.92,8015
34.93,8010
34.94,515
34.95,4235
34.96,8017
34.97,2885
34.98,7716
34.99,1657
35.0,7924
35.01,2689
35.02,8025
35.03,2171
35.04,7436
35.05,1998
35.06,4051
35.07,7687
35.08,1725
35.09,5627
35.1,8049
35.11,1699
35.12,4861
35.13,8047
35.14,1599
35.15,4934
35.16,8045
35.17,486
35.18,3790
35.19,7095
35.2,134
35.21,3327
35.22,6999
35.23,8094
35.24,3087
35.25,6981
35.26,8089
35.27,2723
35.28,8063
35.29,4049
35.3,8103
35.31,6566
35.32,2491
35.33,8075
35.34,3937
35.35,8112
35.36,4963
35.37,8087
35.38,3806
35.39,8089
35.4,4122
35.41,8123
35.42,6847
35.43,3020
35.44,8129
35.45,6526
35.46,2756
35.47,8131
35.48,6701
35.49,2489
35.5,5235
35.51,5075
35.52,8109
35.53,7526
35.54,877
35.55,1506
35.56,5306
35.57,8150
35.58,4443
35.59,8121
35.6,4613
35.61,203
35.62,6174
35.63,1625
35.64,8130
35.65,5275
35.66,999
35.67,7986
35.68,4199
35.69,581
35.7,7720
35.71,4344
35.72,448
35.73,6696
35.74,3610
35.75,558
35.76,7298
35.77,2073
35.78,6515
35.79,2613
35.8,8178
35.81,5930
35.82,2124
35.83,8156
35.84,1916
35.85,7441
35.86,2371
35.87,8170
35.88,4190
35.89,8194
35.9,3837
35.91,8177
35.92,3304
35.93,8027
35.94,1575
35.95,6628
35.96,8212
35.97,2908
35.98,8187
35.99,590
36.0,2380
36.01,6433
36.02,1275
36.03,7581
36.04,8223
36.05,4963
36.06,8222
36.07,4241
36.08,8202
36.09,3881
36.1,8208
36.11,3197
36.12,8210
36.13,4509
36.14,4585
36.15,6451
36.16,775
36.17,1393
36.18,6507
36.19,8219
36.2,3320
36.21,3153
36.22,7801
36.23,2024
36.24,6927
36.25,473
36.26,4518
36.27,8238
36.28,2896
36.29,7599
36.3,1716
36.31,5843
36.32,8254
36.33,3274
36.34,7450
36.35,8274
36.36,2157
36.37,5303
36.38,7665
36.39,1687
36.4,6696
36.41,604
36.42,5474
36.43,8282
36.44,3813
36.45,8254
36.46,3348
36.47,8144
36.48,1575
36.49,6996
36.5,665
36.51,5384
36.52,8268
36.53,3202
36.54,7819
36.55,1002
36.56,5970
36.57,8308
36.58,4688
36.59,8279
36.6,3501
36.61,8277
36.62,4347
36.63,363
36.64,6913
36.65,2514
36.66,8296
36.67,5254
36.68,1426
36.69,8069
36.7,4195
36.71,650
36.72,8182
36.73,4369
36.74,1134
36.75,8296
36.76,3620
36.77,5523
36.78,3564
36.79,8061
36.8,8195
36.81,3127
36.82,8336
36.83,5675
36.84,1411
36.85,8095
36.86,7572
36.87,1686
36.88,6977
36.89,481
36.9,5477
36.91,127
36.92,30
36.93,4385
36.94,5228
36.95,8358
36.96,4146
36.97,8347
36.98,3196
36.99,7141
37.0,1667
37.01,6092
37.02,270
37.03,4193
37.04,8345
37.05,1540
37.06,6202
37.07,1337
37.08,5989
37.09,8357
37.1,8385
37.11,4233
37.12,8362
37.13,1733
37.14,5915
37.15,629
37.16,5079
37.17,8374
37.18,3319
37.19,8234
37.2,2643
37.21,8382
37.22,5943
37.23,2005
37.24,8378
37.25,5047
37.26,1546
37.27,8387
37.28,4915
37.29,1013
37.3,7788
37.31,2739
37.32,3516
37.33,8393
37.34,4277
37.35,223
37.36,5889
37.37,8428
37.38,4024
37.39,1
37.4,5799
37.41,1293
37.42,7618
37.43,1583
37.44,7685
37.45,2618
37.46,8437
37.47,5741
37.48,955
37.49,5527
37.5,7957
37.51,8437
37.52,3428
37.53,7987
37.54,1835
37.55,6986
37.56,1536
37.57,7282
37.58,1539
37.59,7004
37.6,1348
37.61,6679
37.62,1343
37.63,3443
37.64,5902
37.65,8445
37.66,3219
37.67,8453
37.68,3677
37.69,4224
37.7,5298
37.71,8456
37.72,3882
37.73,7926
37.74,404
37.75,3589
37.76,7675
37.77,1409
37.78,5098
37.79,6654
37.8,965
37.81,4702
37.82,8146
37.83,1380
37.84,4594
37.85,7763
37.86,8510
37.87,2445
37.88,4856
37.89,5227
37.9,8511
37.91,3492
37.92,8230
37.93,2317
37.94,6831
37.95,8514
37.96,3761
37.97,7703
37.98,862
37.99,4333
38.0,7447
38.01,428
38.02,3792
38.03,8462
38.04,3273
38.05,7872
38.06,1658
38.07,7431
38.08,1280
38.09,6270
38.1,258
38.11,5211
38.12,8547
38.13,3061
38.14,8519
38.15,2391
38.16,5754
38.17,8529
38.18,3024
38.19,6653
38.2,8549
38.21,2400
38.22,5756
38.23,8533
38.24,2412
38.25,7263
38.26,520
38.27,6057
38.28,1347
38.29,5655
38.3,8544
38.31,1579
38.32,4913
38.33,8346
38.34,387
38.35,4765
38.36,7639
38.37,2426
38.38,8552
38.39,3977
38.4,8561
38.41,9
38.42,1821
38.43,6145
38.44,170
38.45,1637
38.46,5675
38.47,492
38.48,4551
38.49,8591
38.5,4576
38.51,8587
38.52,2800
38.53,7567
38.54,654
38.55,3808
38.56,7684
38.57,1503
38.58,6270
38.59,8606
38.6,1729
38.61,5552
38.62,8593
38.63,1529
38.64,5712
38.65,8592
38.66,2808
38.67,7357
38.68,1337
38.69,6566
38.7,1083
38.71,7299
38.72,3479
38.73,8639
38.74,6466
38.75,1938
38.76,8607
38.77,4063
38.78,8638
38.79,6219
38.8,1226
38.81,6292
38.82,2055
38.83,8623
38.84,3627
38.85,8646
38.86,5519
38.87,2165
38.88,8628
38.89,4935
38.9,1612
38.91,5120
38.92,1737
38.93,8198
38.94,4706
38.95,1426
38.96,5393
38.97,207
38.98,5058
38.99,1130
39.0,8207
39.01,2428
39.02,7226
39.03,2673
39.04,7765
39.05,2048
39.06,7281
39.07,383
39.08,5422
39.09,8525
39.1,2767
39.11,8541
39.12,1642
39.13,5086
39.14,8505
39.15,1068
39.16,5657
39.17,7737
39.18,8689
39.19,5644
39.2,8688
39.21,2978
39.22,8006
39.23,8075
39.24,248
39.25,6367
39.26,8721
39.27,3776
39.28,7280
39.29,128
39.3,3282
39.31,6485
39.32,7157
39.33,7828
39.34,2529
39.35,2645
39.36,4348
39.37,8725
39.38,3601
39.39,8539
39.4,8270
39.41,104
39.42,4034
39.43,8204
39.44,1633
39.45,5602
39.46,8735
39.47,3523
39.48,8201
39.49,2306
39.5,6893
39.51,8755
39.52,3661
39.53,8527
39.54,2634
39.55,6398
39.56,8749
39.57,1626
39.58,3987
39.59,7711
39.6,1876
39.61,5474
39.62,8739
39.63,1291
39.64,4429
39.65,8745
39.66,3025
39.67,7266
39.68,468
39.69,4289
39.7,8757
39.71,4015
39.72,8761
39.73,4836
39.74,8790
39.75,4860
39.76,8773
39.77,4155
39.78,473
39.79,7139
39.8,2853
39.81,6832
39.82,2589
39.83,8663
39.84,4410
39.85,478
39.86,7427
39.87,3659
39.88,8799
39.89,5643
39.9,1466
39.91,8784
39.92,5478
39.93,1339
39.94,8789
39.95,4820
39.96,300
39.97,1290
39.98,3278
39.99,8295
40.0,8817
40.01,2412
40.02,6236
40.03,8835
40.04,6375
40.05,2344
40.06,8822
40.07,4763
40.08,8813
40.09,3227
40.1,3039
40.11,4366
40.12,7908
40.13,8308
40.14,2726
40.15,7481
40.16,1101
40.17,5692
40.18,8843
40.19,3155
40.2,6681
40.21,8849
40.22,2000
40.23,6572
40.24,8852
40.25,2289
40.26,5429
40.27,8428
40.28,1525
40.29,6735
40.3,310
40.31,3821
40.32,8853
40.33,5261
40.34,679
40.35,7936
40.36,4470
40.37,876
40.38,7495
40.39,3398
40.4,8885
40.41,5462
40.42,891
40.43,7070
40.44,2254
40.45,8874
40.46,5684
40.47,1906
40.48,8748
40.49,5233
40.5,8875
40.51,5100
40.52,888
40.53,7482
40.54,3826
40.55,8884
40.56,1160
40.57,5533
40.58,1994
40.59,8891
40.6,4273
40.61,8913
40.62,3639
40.63,8659
40.64,1945
40.65,7019
40.66,153
40.67,2509
40.68,7451
40.69,1679
40.7,6612
40.71,8501
40.72,516
40.73,5446
40.74,1189
40.75,6541
40.76,6286
40.77,8892
40.78,640
40.79,6222
40.8,1073
40.81,4788
40.82,3949
40.83,3096
40.84,7465
40.85,2008
40.86,6469
40.87,5697
40.88,5829
40.89,7948
40.9,2228
40.91,6783
40.92,6384
40.93,8940
40.94,4135
40.95,8227
40.96,2185
40.97,6896
40.98,540
40.99,4006
41.0,7787
41.01,504
41.02,4177
41.03,6758
41.04,8953
41.05,677
41.06,4371
41.07,8370
41.08,1353
41.09,5023
41.1,8988
41.11,4325
41.12,8101
41.13,1077
41.14,5185
41.15,8491
41.16,1469
41.17,5196
41.18,8975
41.19,3386
41.2,8885
41.21,1782
41.22,4926
41.23,8240
41.24,665
41.25,4259
41.26,7262
41.27,673
41.28,5058
41.29,8990
41.3,1527
41.31,4175
41.32,8658
41.33,2775
41.34,7610
41.35,658
41.36,6152
41.37,729
41.38,5928
41.39,9035
41.4,5002
41.41,9007
41.42,2680
41.43,6374
41.44,9034
41.45,4744
41.46,9027
41.47,5342
41.48,1511
41.49,4649
41.5,9047
41.51,6588
41.52,3117
41.53,9057
41.54,6856
41.55,2964
41.56,8407
41.57,2439
41.58,8106
41.59,4290
41.6,344
41.61,6718
41.62,3215
41.63,9064
41.64,5184
41.65,8357
41.66,214
41.67,1506
41.68,5804
41.69,2147
41.7,3464
41.71,5932
41.72,259
41.73,1166
41.74,3149
41.75,7326
41.76,1192
41.77,5666
41.78,7912
41.79,305
41.8,6225
41.81,9101
41.82,884
41.83,2418
41.84,7008
41.85,373
41.86,4899
41.87,9088
41.88,2036
41.89,5018
41.9,8524
41.91,793
41.92,3859
41.93,7524
41.94,2668
41.95,9099
41.96,4865
41.97,433
41.98,7047
41.99,3349
42.0,200
42.01,6006
42.02,2716
42.03,8840
42.04,4978
42.05,921
42.06,7858
42.07,2794
42.08,9130
42.09,6799
42.1,3133
42.11,9149
42.12,4921
42.13,1515
42.14,7913
42.15,2696
42.16,9157
42.17,4321
42.18,9134
42.19,4496
42.2,946
42.21,8578
42.22,4164
42.23,9145
42.24,4066
42.25,9143
42.26,3619
42.27,9153
42.28,3780
42.29,7674
42.3,893
42.31,4827
42.32,8981
42.33,2976
42.34,7972
42.35,906
42.36,6232
42.37,64
42.38,3304
42.39,3549
42.4,8970
42.41,2628
42.42,7930
42.43,305
42.44,1766
42.45,4762
42.46,8463
42.47,2049
42.48,3757
42.49,3180
42.5,4610
42.51,9024
42.52,2155
42.53,5052
42.54,9102
42.55,2506
42.56,6537
42.57,576
42.58,4658
42.59,8511
42.6,1330
42.61,5711
42.62,9215
42.63,2938
42.64,6908
42.65,1167
42.66,6086
42.67,9236
42.68,4251
42.69,8438
42.7,2380
42.71,6922
42.72,967
42.73,5578
42.74,9227
42.75,2350
42.76,5706
42.77,8580
42.78,1457
42.79,5773
42.8,9253
42.81,4900
42.82,9241
42.83,3511
42.84,8585
42.85,1356
42.86,6327
42.87,730
42.88,5941
42.89,9263
42.9,4572
42.91,8593
42.92,2363
42.93,7400
42.94,1471
42.95,6009
42.96,1030
42.97,7702
42.98,2299
42.99,7364
43.0,2451
43.01,7167
43.02,2633
43.03,9287
43.04,6508
43.05,3230
43.06,9301
43.07,6576
43.08,1820
43.09,8625
43.1,4741
43.11,226
43.12,6108
43.13,2363
43.14,9299
43.15,6431
43.16,2061
43.17,9306
43.18,4558
43.19,6941
43.2,9297
43.21,4714
43.22,77
43.23,3716
43.24,4802
43.25,7976
43.26,275
43.27,6392
43.28,1364
43.29,4291
43.3,5303
43.31,9274
43.32,9337
43.33,3913
43.34,8776
43.35,3335
43.36,8107
43.37,2085
43.38,5707
43.39,9340
43.4,2436
43.41,6625
43.42,9356
43.43,3630
43.44,6661
43.45,101
43.46,3582
43.47,6746
43.48,9361
43.49,2834
43.5,9367
43.51,6139
43.52,2357
43.53,8788
43.54,499
43.55,6820
43.56,1183
43.57,6805
43.58,2865
43.59,8598
43.6,4105
43.61,9389
43.62,4910
43.63,494
43.64,7162
43.65,2988
43.66,9285
43.67,5055
43.68,1279
43.69,7855
43.7,3727
43.71,321
43.72,7041
43.73,2742
43.74,9419
43.75,4488
43.76,9428
43.77,6531
43.78,2299
43.79,8720
43.8,4918
43.81,6580
43.82,2510
43.83,9421
43.84,5042
43.85,9445
43.86,4386
43.87,8818
43.88,3221
43.89,9438
43.9,6182
43.91,876
43.92,6241
43.93,1563
43.94,5953
43.95,299
43.96,4218
43.97,8902
43.98,1635
43.99,6684
44.0,252
44.01,5049
44.02,6909
44.03,9474
44.04,3374
44.05,7982
44.06,1923
44.07,3849
44.08,5821
44.09,451
44.1,6735
44.11,1848
44.12,7461
44.13,7636
44.14,8631
44.15,341
44.16,6302
44.17,9497
44.18,3021
44.19,5366
44.2,8902
44.21,3317
44.22,8799
44.23,2799
44.24,8485
44.25,2292
44.26,5993
44.27,9500
44.28,3050
44.29,6829
44.3,9510
44.31,3927
44.32,7707
44.33,420
44.34,3998
44.35,8269
44.36,1742
44.37,5416
44.38,8442
44.39,1358
44.4,5267
44.41,9516
44.42,3825
44.43,7809
44.44,1435
44.45,5677
44.46,9535
44.47,2570
44.48,6610
44.49,9531
44.5,1781
44.51,4378
44.52,7862
44.53,1903
44.54,7905
44.55,2930
44.56,7685
44.57,1121
44.58,5377
44.59,9569
44.6,5076
44.61,9566
44.62,3904
44.63,8988
44.64,3222
44.65,9566
44.66,5746
44.67,2149
44.68,9104
44.69,5218
44.7,1268
44.71,7958
44.72,3677
44.73,9350
44.74,3429
44.75,86
44.76,6659
44.77,2276
44.78,8221
44.79,1900
44.8,5965
44.81,2493
44.82,7738
44.83,4050
44.84,9605
44.85,3422
44.86,5343
44.87,67
44.88,4440
44.89,279
44.9,6734
44.91,2700
44.92,9398
44.93,4347
44.94,9623
44.95,5749
44.96,9630
44.97,3955
44.98,2650
44.99,8256
45.0,3933
45.01,9218
45.02,2466
45.03,6227
45.04,26
45.05,4788
45.06,9577
45.07,3047
45.08,7750
45.09,1402
45.1,4791
45.11,8828
45.12,2193
45.13,7794
45.14,1515
45.15,5892
45.16,9652
45.17,3244
45.18,7940
45.19,1016
45.2,4401
45.21,7884
45.22,2282
45.23,7594
45.24,977
45.25,8144
45.26,4292
45.27,605
45.28,7864
45.29,3548
45.3,85
45.31,6700
45.32,2431
45.33,7707
45.34,1873
45.35,8706
45.36,4480
45.37,16
45.38,6918
45.39,3444
45.4,9621
45.41,3984
45.42,9689
45.43,6344
45.44,2986
45.45,9702
45.46,6227
45.47,3199
45.48,9696
45.49,1655
45.5,9056
45.51,4124
45.52,9536
45.53,4730
45.54,9726
45.55,7177
45.56,945
45.57,7161
45.58,3490
45.59,9477
45.6,4752
45.61,593
45.62,7308
45.63,2802
45.64,8890
45.65,4776
45.66,1242
45.67,7605
45.68,3975
45.69,7887
45.7,4663
45.71,1141
45.72,8484
45.73,4402
45.74,81
45.75,2728
45.76,9677
45.77,4960
45.78,1459
45.79,7965
45.8,2185
45.81,6806
45.82,1347
45.83,6582
45.84,1869
45.85,4106
45.86,6673
45.87,9780
45.88,3618
45.89,8458
45.9,2176
45.91,7022
45.92,9784
45.93,3073
45.94,7659
45.95,8079
45.96,126
45.97,6365
45.98,411
45.99,5307
46.0,8061
46.01,449
46.02,6094
46.03,9804
46.04,2828
46.05,4181
46.06,7053
46.07,879
46.08,5923
46.09,9805
46.1,3755
46.11,8742
46.12,2600
46.13,5913
46.14,9460
46.15,756
46.16,833
46.17,4944
46.18,9718
46.19,2384
46.2,6818
46.21,494
46.22,5542
46.23,9821
46.24,3784
46.25,8814
46.26,2931
46.27,6712
46.28,9619
46.29,1804
46.3,4781
46.31,7913
46.32,158
46.33,4293
46.34,8997
46.35,2695
46.36,6214
46.37,9404
46.38,3571
46.39,7666
46.4,892
46.41,5498
46.42,8766
46.43,2363
46.44,6518
46.45,9862
46.46,3014
46.47,8434
46.48,2247
46.49,6679
46.5,9876
46.51,3662
46.52,8874
46.53,2403
46.54,7053
46.55,712
46.56,3742
46.57,8044
46.58,817
46.59,3600
46.6,8005
46.61,2497
46.62,9423
46.63,5170
46.64,9070
46.65,2516
46.66,8606
46.67,1851
46.68,8302
46.69,3402
46.7,8234
46.71,4325
46.72,225
46.73,6437
46.74,1398
46.75,5935
46.76,1380
46.77,8267
46.78,3749
46.79,40
46.8,6668
46.81,1395
46.82,6480
46.83,9618
46.84,9740
46.85,4587
46.86,8719
46.87,2311
46.88,8632
46.89,4291
46.9,165
46.91,6949
46.92,1849
46.93,8630
46.94,8705
46.95,9832
46.96,2255
46.97,6559
46.98,9946
46.99,2938
47.0,9956
47.01,6900
47.02,9962
47.03,9698
47.04,3311
47.05,8023
47.06,738
47.07,6353
47.08,8904
47.09,2127
47.1,8376
47.11,519
47.12,9969
47.13,3748
47.14,8011
47.15,1101
47.16,5292
47.17,9977
47.18,5338
47.19,539
47.2,7377
47.21,3062
47.22,9986
47.23,5915
47.24,1414
47.25,8127
47.26,4266
47.27,698
47.28,7587
47.29,2380
47.3,9942
47.31,6512
47.32,3024
47.33,9937
47.34,3546
47.35,352
47.36,6823
47.37,2571
47.38,10008
47.39,4851
47.4,9659
47.41,3741
47.42,10018
47.43,6115
47.44,378
47.45,4910
47.46,9154
47.47,3302
47.48,7636
47.49,1509
47.5,6237
47.51,10035
47.52,4550
47.53,9165
47.54,2548
47.55,7055
47.56,10051
47.57,3743
47.58,9268
47.59,740
47.6,1721
47.61,7489
47.62,1352
47.63,6056
47.64,10048
47.65,2495
47.66,5682
47.67,8858
47.68,1570
47.69,5286
47.7,9814
47.71,9512
47.72,10007
47.73,4130
47.74,8452
47.75,9122
47.76,1625
47.77,1650
47.78,2947
47.79,7045
47.8,562
47.81,5485
47.82,9460
47.83,2517
47.84,7173
47.85,10091
47.86,3735
47.87,7873
47.88,650
47.89,4069
47.9,7550
47.91,10094
47.92,3244
47.93,7341
47.94,10104
47.95,3369
47.96,5884
47.97,9728
47.98,1708
47.99,5579
48.0,9467
48.01,1769
48.02,4939
48.03,8554
48.04,3348
48.05,8452
48.06,2391
48.07,7577
48.08,1195
48.09,5741
48.1,10127
48.11,4852
48.12,10119
48.13,4454
48.14,9756
48.15,4155
48.16,8908
48.17,1906
48.18,6383
48.19,1074
48.2,6416
48.21,2631
48.22,9750
48.23,5507
48.24,1377
48.25,8800
48.26,665
48.27,3416
48.28,1680
48.29,6515
48.3,447
48.31,6521
48.32,2127
48.33,9251
48.34,4196
48.35,7780
48.36,1399
48.37,7489
48.38,1925
48.39,8938
48.4,5385
48.41,1054
48.42,4089
48.43,6408
48.44,7496
48.45,10177
48.46,4837
48.47,9194
48.48,3408
48.49,8441
48.5,2956
48.51,7676
48.52,2542
48.53,7183
48.54,1350
48.55,6924
48.56,272
48.57,3549
48.58,6527
48.59,9395
48.6,1367
48.61,3805
48.62,8543
48.63,1804
48.64,8204
48.65,3129
48.66,9580
48.67,4647
48.68,758
48.69,7793
48.7,3378
48.71,10225
48.72,6372
48.73,2233
48.74,9232
48.75,5363
48.76,806
48.77,7756
48.78,3446
48.79,81
48.8,5747
48.81,1781
48.82,8696
48.83,4382
48.84,32
48.85,7685
48.86,3366
48.87,10250
48.88,5872
48.89,1191
48.9,8270
48.91,2039
48.92,8504
48.93,2876
48.94,7757
48.95,3501
48.96,10086
48.97,5650
48.98,919
48.99,7771
49.0,5232
49.01,2151
49.02,9855
49.03,6184
49.04,3112
49.05,10110
49.06,4765
49.07,1106
49.08,8248
49.09,4643
49.1,5678
49.11,9491
49.12,3885
49.13,10085
49.14,6653
49.15,145
49.16,9812
49.17,3648
49.18,8996
49.19,2454
49.2,6459
49.21,33
49.22,4513
49.23,10314
49.24,6332
49.25,2413
49.26,9587
49.27,6083
49.28,2061
49.29,9723
49.3,5502
49.31,2079
49.32,9228
49.33,4502
49.34,700
49.35,8229
49.36,4377
49.37,582
49.38,5963
49.39,2157
49.4,7833
49.41,3098
49.42,9607
49.43,4468
49.44,9901
49.45,4361
49.46,9306
49.47,5650
49.48,345
49.49,4774
49.5,9639
49.51,3041
49.52,7965
49.53,2149
49.54,7004
49.55,10112
49.56,4037
49.57,7600
49.58,2099
49.59,3215
49.6,4403
49.61,6869
49.62,633
49.63,5053
49.64,7368
49.65,6672
49.66,9199
49.67,1682
49.68,7507
49.69,9701
49.7,9634
49.71,10406
49.72,5278
49.73,9832
49.74,3055
49.75,2897
49.76,3904
49.77,8934
49.78,3540
49.79,8893
49.8,8270
49.81,9683
49.82,2134
49.83,7100
49.84,158
49.85,4558
49.86,8861
49.87,1954
49.88,4711
49.89,8136
49.9,463
49.91,2984
49.92,5284
49.93,7715
49.94,911
49.95,4339
49.96,7016
49.97,10443
49.98,1829
49.99,6064
50.0,302
50.01,4329
50.02,8960
50.03,1607
50.04,6001
50.05,10120
50.06,2945
50.07,6561
50.08,10467
50.09,4108
50.1,8449
50.11,2551
50.12,7448
50.13,1848
50.14,6810
50.15,15
50.16,3774
50.17,8433
50.18,2826
50.19,7719
50.2,1231
50.21,7103
50.22,2224
50.23,9082
50.24,5014
50.25,771
50.26,7588
50.27,3883
50.28,9187
50.29,4831
50.3,817
50.31,7438
50.32,3649
50.33,138
50.34,6509
50.35,3152
50.36,9698
50.37,3921
50.38,8397
50.39,3580
50.4,10112
50.41,4598
50.42,9820
50.43,4335
50.44,9765
50.45,3995
50.46,9403
50.47,3947
50.48,8928
50.49,4062
50.5,10117
50.51,4418
50.52,9792
50.53,4126
50.54,10553
50.55,6712
50.56,2575
50.57,9614
50.58,4175
50.59,4842
50.6,4558
50.61,8446
50.62,4421
50.63,10075
50.64,10376
50.65,2999
50.66,6880
50.67,155
50.68,1357
50.69,2183
50.7,4798
50.71,9028
50.72,2582
50.73,6174
50.74,10421
50.75,3464
50.76,6790
50.77,229
50.78,3293
50.79,6936
50.8,218
50.81,3799
50.82,7340
50.83,303
50.84,4221
50.85,9112
50.86,3715
50.87,8423
50.88,2079
50.89,7099
50.9,2645
50.91,7947
50.92,2961
50.93,8572
50.94,3596
50.95,8878
50.96,3867
50.97,9379
50.98,5170
50.99,758
51.0,6386
51.01,1505
51.02,8521
51.03,3946
51.04,10396
51.05,4551
51.06,565
51.07,7036
51.08,1574
51.09,7916
51.1,1849
51.11,7542
51.12,3423
51.13,9967
51.14,5412
51.15,1426
51.16,5123
51.17,9897
51.18,5191
51.19,820
51.2,7414
51.21,2051
51.22,6537
51.23,292
51.24,4787
51.25,10009
51.26,3036
51.27,8217
51.28,2371
51.29,8081
51.3,3962
51.31,7038
51.32,6137
51.33,9462
51.34,4697
51.35,811
51.36,6475
51.37,1726
51.38,905
51.39,4660
51.4,9439
51.41,4478
51.42,306
51.43,10708
51.44,2144
51.45,6758
51.46,2174
51.47,7523
51.48,1138
51.49,1142
51.5,2209
51.51,6634
51.52,877
51.53,6375
51.54,1040
51.55,5750
51.56,10482
51.57,3034
51.58,7079
51.59,9967
51.6,2510
51.61,7295
51.62,1218
51.63,7016
51.64,2479
51.65,8513
51.66,10219
51.67,3552
51.68,7676
51.69,1539
51.7,6232
51.71,9930
51.72,2583
51.73,6055
51.74,9347
51.75,2642
51.76,5718
51.77,8577
51.78,2021
51.79,5341
51.8,9323
51.81,2583
51.82,6400
51.83,10603
51.84,3866
51.85,7822
51.86,232
51.87,4547
51.88,8672
51.89,1505
51.9,5738
51.91,8305
51.92,1026
51.93,4767
51.94,7742
51.95,10358
51.96,2819
51.97,7604
51.98,718
51.99,4540
52.0,9815
52.01,1681
52.02,5675
52.03,10084
52.04,3388
52.05,6751
52.06,263
52.07,4147
52.08,7973
52.09,2229
52.1,8720
52.11,4889
52.12,893
52.13,7311
52.14,3009
52.15,8916
52.16,3957
52.17,10602
52.18,5506
52.19,1135
52.2,7257
52.21,3149
52.22,8314
52.23,3492
52.24,10625
52.25,6968
52.26,2592
52.27,9115
52.28,3793
52.29,10844
