0.0,14107
0.01,14101
0.02,14096
0.03,14092
0.04,14086
0.05,14081
0.06,14075
0.07,14068
0.08,14063
0.09,14058
0.1,14056
0.11,14052
0.12,14047
0.13,14043
0.14,14039
0.15,14031
0.16,14025
0.17,14024
0.18,14017
0.19,14012
0.2,14007
0.21,14002
0.22,13998
0.23,13994
0.24,13989
0.25,13986
0.26,13981
0.27,13974
0.28,13968
0.29,13960
0.3,13953
0.31,13948
0.32,13942
0.33,13938
0.34,13935
0.35,13928
0.36,13922
0.37,13919
0.38,13914
0.39,13909
0.4,13903
0.41,13898
0.42,13893
0.43,13889
0.44,13885
0.45,13880
0.46,13877
0.47,13871
0.48,13866
0.49,13863
0.5,13858
0.51,13854
0.52,13853
0.53,13849
0.54,13844
0.55,13836
0.56,13835
0.57,13829
0.58,13825
0.59,13820
0.6,13815
0.61,13812
0.62,13810
0.63,13802
0.64,13795
0.65,13792
0.66,13786
0.67,13785
0.68,13778
0.69,13772
0.7,13768
0.71,13764
0.72,13755
0.73,13752
0.74,13746
0.75,13744
0.76,13742
0.77,13737
0.78,13729
0.79,13724
0.8,13718
0.81,13712
0.82,13704
0.83,13700
0.84,13693
0.85,13687
0.86,13682
0.88,13680
0.9,13678
0.91,13674
0.92,13669
0.93,13666
0.94,13663
0.95,13657
0.96,13654
0.97,13650
0.98,13644
0.99,13639
1.0,13633
1.01,13628
1.02,13624
1.03,13623
1.04,13618
1.52,13613
1.53,13610
1.54,13606
2.12,13605
2.13,13602
2.14,13598
2.15,13594
2.16,13591
2.17,13588
2.18,13582
2.19,13573
2.2,13569
2.22,13564
2.23,13560
2.24,13557
2.25,13554
2.26,13550
2.27,13548
2.28,13544
2.29,13541
2.3,13539
2.31,13533
2.32,13529
2.9,13528
2.91,13525
2.92,13521
2.94,13519
2.95,13513
2.96,13508
2.97,13504
2.98,13503
2.99,13499
3.0,13498
3.01,13494
3.02,13488
3.03,13485
3.05,13481
3.06,13475
3.07,13469
3.08,13464
3.09,13461
3.1,13458
3.11,13451
3.12,13449
3.13,13445
3.14,13437
3.15,13436
3.16,13432
3.17,13427
3.18,13421
3.19,13415
3.2,13413
3.75,13411
3.76,13405
3.77,13401
3.78,13393
3.79,13389
3.8,13384
3.81,13380
3.82,13375
3.83,13373
3.84,13370
3.85,13364
3.86,13359
3.87,13357
3.88,13354
3.89,13350
3.9,13346
3.91,13339
3.92,13334
3.93,13329
3.94,13324
3.95,13322
3.96,13318
3.97,13314
3.98,13309
3.99,13303
4.0,13300
4.32,13299
4.33,13295
4.34,13290
4.35,13284
4.36,13283
4.37,13279
4.38,13274
4.4,13273
4.41,13269
4.42,13267
4.43,13266
4.44,13265
4.45,13263
4.47,13262
4.48,13260
4.49,13255
4.5,13254
4.51,13252
4.52,13248
4.53,13245
4.54,13244
4.55,13238
4.56,13235
4.57,13232
4.58,13228
4.59,13226
4.6,13222
4.61,13216
4.62,13214
4.63,13210
4.65,13203
4.66,13200
4.67,13198
4.68,13195
4.69,13192
4.7,13187
4.71,13185
4.72,13182
4.73,13181
4.74,13179
4.76,13176
4.77,13173
4.78,13171
4.79,13170
4.8,13166
4.81,13162
4.82,13160
4.84,13155
4.85,13153
4.88,13151
4.89,13147
4.9,13146
4.91,13144
4.92,13140
4.93,13135
4.94,13133
4.96,13130
5.56,13127
5.57,13125
5.58,13119
5.59,13118
5.6,13117
5.61,13112
5.62,13110
5.63,13107
5.64,13103
5.65,13099
5.66,13094
5.67,13092
5.68,13088
5.69,13086
5.7,13084
5.71,13082
5.72,13077
5.73,13076
5.74,13075
5.75,13071
5.76,13070
5.77,13067
5.79,13063
5.8,13061
5.81,13058
5.82,13057
5.83,13050
5.84,13047
5.85,13042
5.86,13041
5.87,13038
5.88,13033
5.89,13031
5.9,13030
5.91,13027
5.92,13024
5.93,13021
5.95,13020
5.96,13018
5.97,13012
5.98,13011
5.99,13009
6.0,13006
6.01,13004
6.02,13000
6.03,12997
6.04,12992
6.05,12991
6.07,12989
6.09,12986
6.1,12984
6.11,12983
6.12,12980
6.13,12979
6.81,12973
6.83,12969
6.84,12967
6.86,12966
6.87,12965
6.88,12964
6.89,12960
6.9,12958
6.91,12955
6.92,12951
6.93,12950
6.94,12947
6.95,12943
6.96,12938
6.97,12936
6.98,12931
6.99,12926
7.01,12920
7.02,12918
7.03,12916
7.04,12914
7.05,12913
7.06,12908
7.07,12904
7.08,12902
7.09,12898
7.11,12896
7.12,12891
7.13,12888
7.14,12886
7.16,12884
7.17,12883
7.18,12880
7.19,12878
7.2,12872
7.21,12866
7.22,12863
7.23,12862
7.24,12859
7.25,12856
7.26,12853
7.27,12850
7.28,12844
7.29,12842
7.3,12841
7.31,12840
7.32,12834
7.33,12830
7.34,12824
7.35,12819
7.36,12818
7.37,12815
7.38,12811
7.39,12806
7.4,12804
7.42,12800
7.43,12797
7.44,12795
7.46,12793
7.47,12785
7.48,12784
7.5,12779
7.51,12778
7.52,12776
7.53,12775
7.54,12772
7.56,12770
7.57,12769
7.58,12767
7.6,12764
7.62,12763
7.63,12760
7.64,12754
7.65,12753
7.66,12752
7.67,12746
7.68,12743
7.69,12741
8.29,12740
8.3,12736
8.31,12734
8.32,12727
8.33,12724
8.34,12718
8.35,12715
8.36,12712
8.37,12710
8.38,12707
8.39,12703
8.4,12701
8.41,12699
8.42,12697
8.43,12695
8.44,12694
8.45,12692
8.46,12691
8.47,12689
8.48,12684
8.97,12682
8.98,12679
8.99,12677
9.0,12672
9.01,12670
9.02,12665
9.03,12663
9.04,12661
9.05,12657
9.06,12655
9.07,12653
9.08,12650
9.09,12645
9.1,12642
9.12,12638
9.13,12634
9.16,12630
9.19,12625
9.21,12624
9.22,12621
9.23,12616
9.24,12610
9.25,12606
9.26,12601
9.27,12598
9.28,12596
9.29,12594
9.31,12592
9.32,12590
9.33,12587
9.34,12586
9.35,12581
9.36,12575
9.37,12568
9.38,12567
9.39,12563
9.4,12559
9.41,12558
9.42,12557
9.43,12555
9.45,12550
9.46,12545
9.47,12543
9.48,12538
9.49,12533
9.5,12529
9.51,12526
9.52,12525
9.53,12522
9.55,12519
9.56,12516
9.57,12512
9.58,12511
9.6,12508
9.61,12506
9.62,12502
9.63,12501
9.64,12495
9.65,12492
9.66,12491
9.67,12488
9.68,12480
9.69,12477
9.7,12474
9.71,12473
9.72,12472
9.73,12470
9.74,12468
9.75,12465
9.76,12464
9.77,12460
9.78,12458
9.79,12453
9.8,12448
9.81,12445
9.82,12441
9.83,12440
9.84,12436
9.85,12432
9.86,12430
9.87,12424
9.88,12420
9.89,12419
9.9,12418
9.91,12416
9.92,12413
9.93,12411
9.94,12408
9.95,12400
9.96,12396
9.97,12393
9.99,12390
10.0,12389
10.01,12388
10.02,12385
10.03,12383
10.04,12381
10.05,12374
10.06,12372
10.08,12369
10.09,12367
10.1,12363
10.11,12361
10.12,12359
10.13,12358
10.14,12356
10.15,12353
10.16,12348
10.17,12345
10.18,12342
10.19,12337
10.2,12334
10.21,12333
10.22,12330
10.23,12326
10.24,12324
10.25,12319
10.26,12314
10.28,12312
10.29,12311
10.31,12308
10.32,12302
10.33,12297
10.34,12292
10.35,12291
10.36,12289
10.37,12286
10.38,12282
10.39,12279
10.4,12274
10.41,12272
10.42,12267
10.43,12265
10.45,12260
10.46,12256
10.47,12253
10.48,12249
10.49,12248
10.5,12246
10.51,12242
10.53,12238
10.54,12234
10.55,12232
10.56,12228
10.57,12225
10.58,12220
10.59,12219
10.6,12215
10.61,12213
10.62,12210
10.63,12208
10.64,12203
10.65,12198
10.66,12195
10.67,12192
10.68,12190
10.7,12189
10.72,12185
10.73,12184
10.74,12179
10.75,12173
10.76,12172
10.77,12166
10.78,12162
10.79,12160
10.8,12157
10.81,12154
10.82,12148
10.83,12146
10.85,12142
10.86,12140
10.88,12136
10.89,12134
10.9,12130
10.91,12129
10.93,12126
10.94,12125
10.95,12123
10.96,12120
10.97,12116
10.99,12115
11.0,12112
11.01,12109
11.02,12108
11.03,12105
11.04,12101
11.05,12096
11.06,12095
11.07,12093
11.09,12089
11.1,12087
11.11,12084
11.12,12080
11.13,12079
11.14,12071
11.15,12067
11.16,12064
11.17,12058
11.18,12054
11.19,12052
11.2,12051
11.21,12043
11.22,12041
11.23,12039
11.24,12036
11.25,12031
11.26,12029
11.27,12027
11.3,12023
11.31,12021
11.96,12020
11.97,12013
11.98,12011
11.99,12009
12.0,12007
12.01,12005
12.02,12000
12.03,11998
12.04,11995
12.05,11992
12.06,11987
12.07,11982
12.08,11979
12.09,11976
12.1,11971
12.12,11966
12.13,11960
12.14,11957
12.68,11954
12.69,11952
12.7,11950
12.71,11948
12.72,11943
12.73,11936
12.74,11932
12.75,11926
12.76,11924
12.77,11920
13.06,11919
13.08,11917
13.09,11914
13.1,11910
13.11,11906
13.12,11900
13.13,11894
13.14,11892
13.15,11890
13.17,11888
13.18,11886
13.19,11885
13.2,11881
13.21,11874
13.22,11870
13.23,11868
13.24,11866
13.25,11861
13.26,11856
13.27,11855
13.28,11852
13.29,11849
13.31,11847
13.33,11844
13.34,11841
13.35,11840
13.37,11837
13.38,11834
13.39,11833
13.41,11830
13.42,11827
13.43,11825
13.46,11824
13.49,11821
13.5,11818
13.51,11816
13.52,11815
13.53,11813
13.54,11811
13.55,11810
13.56,11806
13.57,11804
13.58,11801
13.61,11798
13.62,11796
13.63,11795
13.64,11793
13.65,11790
13.66,11787
13.67,11785
13.68,11783
13.69,11781
13.7,11780
13.72,11778
13.74,11777
13.75,11776
14.0,11775
14.01,11773
14.02,11768
14.03,11766
14.04,11762
14.43,11758
14.44,11757
14.45,11750
14.46,11749
14.47,11748
14.48,11746
14.49,11743
14.5,11742
14.51,11740
14.52,11738
14.53,11734
14.54,11733
14.55,11729
14.56,11727
14.57,11726
14.58,11725
14.59,11724
14.6,11719
14.61,11716
14.62,11711
14.64,11709
14.65,11708
14.66,11706
14.67,11704
14.68,11702
14.69,11701
15.18,11696
15.19,11692
15.2,11690
15.23,11688
15.24,11681
15.25,11677
15.26,11672
15.27,11670
15.28,11667
15.29,11662
15.3,11661
15.31,11658
15.32,11656
15.33,11655
15.34,11654
15.35,11652
15.36,11648
15.37,11647
15.4,11645
15.41,11643
15.42,11640
15.43,11633
15.44,11631
15.45,11627
15.46,11622
15.47,11620
15.48,11618
15.49,11613
15.51,11611
15.52,11605
15.53,11601
15.54,11594
15.55,11593
15.56,11591
15.57,11586
15.58,11582
15.59,11579
15.6,11577
15.61,11575
15.64,11571
15.65,11569
15.66,11568
15.67,11566
16.22,11565
16.23,11563
16.24,11559
16.25,11556
16.26,11554
16.27,11552
16.28,11548
16.29,11547
16.91,11541
16.92,11537
16.93,11536
16.94,11529
16.95,11527
16.96,11521
16.97,11518
16.98,11516
16.99,11514
17.0,11511
17.01,11508
17.02,11504
17.03,11503
17.04,11501
17.05,11496
17.06,11493
17.07,11490
17.08,11487
17.09,11484
17.1,11480
17.11,11477
17.12,11476
17.74,11472
17.75,11469
17.76,11466
17.77,11463
17.78,11459
17.79,11457
17.8,11456
17.81,11455
17.82,11454
17.83,11449
17.85,11448
17.86,11441
17.87,11440
17.88,11439
17.89,11436
17.9,11435
17.91,11431
17.92,11429
17.93,11428
17.94,11425
17.95,11423
17.96,11422
17.97,11420
17.98,11417
17.99,11413
18.0,11409
18.02,11407
18.03,11405
18.05,11403
18.06,11398
18.07,11396
18.08,11392
18.09,11391
18.1,11385
18.11,11383
18.12,11382
18.15,11378
18.16,11370
18.17,11364
18.18,11358
18.19,11357
18.2,11354
18.21,11353
18.22,11352
18.23,11349
18.24,11345
18.25,11344
18.26,11343
18.27,11341
18.28,11339
18.29,11337
18.3,11335
18.31,11334
18.32,11332
18.33,11329
18.34,11324
18.35,11319
18.36,11315
18.37,11314
18.39,11313
18.4,11311
18.41,11310
18.42,11308
18.44,11307
18.45,11305
18.46,11303
18.47,11301
18.48,11298
18.49,11290
18.5,11288
18.51,11284
18.52,11283
18.53,11279
18.54,11276
18.56,11272
18.57,11264
18.58,11261
18.59,11259
18.6,11257
18.61,11254
18.62,11253
18.63,11250
18.64,11248
18.65,11244
18.66,11243
18.68,11238
18.69,11235
18.7,11234
18.71,11230
18.73,11226
18.74,11224
18.75,11222
18.76,11221
18.8,11219
18.81,11217
18.82,11216
18.83,11213
18.84,11209
18.85,11205
18.86,11204
18.87,11203
18.88,11202
18.89,11199
18.9,11198
18.91,11193
18.92,11186
18.93,11180
18.94,11177
18.95,11172
18.96,11169
19.0,11166
19.01,11165
19.02,11164
19.04,11163
19.05,11160
19.06,11155
19.79,11149
19.8,11148
19.83,11142
19.84,11138
19.85,11137
20.37,11136
20.88,11135
20.9,11134
20.91,11131
20.92,11127
20.93,11124
20.94,11123
20.95,11122
20.96,11119
20.97,11116
20.98,11114
20.99,11110
21.0,11108
21.01,11104
21.02,11103
21.03,11099
21.04,11096
21.05,11094
21.06,11089
21.07,11087
21.08,11086
21.1,11084
21.12,11077
21.13,11076
21.14,11075
21.15,11074
21.16,11066
21.17,11063
21.2,11061
21.21,11060
21.22,11059
21.24,11056
21.25,11053
21.26,11050
21.27,11048
21.28,11047
21.29,11045
21.3,11043
21.31,11042
21.32,11039
21.33,11035
21.34,11032
21.35,11031
21.36,11030
21.37,11028
21.38,11023
21.39,11021
21.4,11020
21.84,11019
21.85,11016
21.86,11015
21.87,11014
21.88,11010
21.89,11006
21.9,11002
21.91,10999
21.92,10995
21.93,10994
21.96,10993
21.99,10990
22.0,10985
22.01,10980
22.02,10978
22.03,10973
22.04,10970
22.05,10966
22.06,10962
22.07,10958
22.08,10957
22.09,10955
22.11,10951
22.12,10950
22.13,10947
22.14,10946
22.15,10944
22.16,10937
22.17,10936
22.18,10934
22.2,10932
22.21,10930
22.22,10929
22.23,10928
22.24,10926
22.25,10925
22.26,10921
22.27,10917
22.28,10914
22.29,10911
22.31,10903
22.32,10901
22.35,10895
22.36,10890
22.37,10887
22.38,10885
22.39,10883
22.4,10882
22.42,10880
22.43,10877
22.44,10874
22.45,10873
22.46,10871
22.47,10866
22.48,10865
22.99,10864
23.0,10861
23.01,10860
23.02,10859
23.06,10858
23.07,10857
23.08,10855
23.55,10853
23.56,10851
23.57,10850
23.58,10846
23.6,10845
23.64,10843
23.65,10841
23.66,10834
23.67,10832
23.68,10830
24.13,10828
24.14,10826
24.15,10825
24.16,10823
24.2,10821
24.21,10820
24.22,10819
24.23,10818
24.24,10817
24.25,10816
24.26,10813
24.27,10811
24.49,10810
24.5,10807
24.51,10805
24.52,10804
24.53,10802
24.54,10801
24.56,10799
24.57,10796
24.58,10795
24.59,10792
24.6,10791
24.61,10785
24.63,10783
24.64,10780
24.65,10776
24.66,10771
24.67,10768
24.68,10766
24.69,10765
24.7,10762
24.71,10760
24.72,10759
24.73,10757
24.74,10752
24.76,10750
24.77,10747
24.78,10741
24.79,10739
24.8,10737
24.81,10734
24.83,10733
24.84,10731
24.85,10729
24.87,10722
24.88,10720
24.89,10716
24.9,10712
24.91,10710
24.92,10703
24.93,10699
24.94,10696
24.95,10691
24.96,10686
24.97,10684
24.98,10682
24.99,10681
25.0,10680
25.03,10676
25.04,10675
25.05,10669
25.06,10668
25.07,10664
25.08,10660
25.09,10658
25.11,10657
25.12,10652
25.13,10649
25.14,10646
25.15,10644
25.16,10642
25.17,10638
25.19,10636
25.21,10631
25.22,10629
25.24,10626
25.25,10624
25.26,10619
25.27,10616
25.29,10611
25.3,10608
25.32,10606
25.33,10605
25.34,10602
25.35,10600
25.36,10597
25.37,10593
25.38,10591
25.39,10590
25.41,10587
25.42,10585
25.44,10584
25.45,10583
25.47,10580
25.48,10579
25.49,10578
25.5,10577
25.52,10572
25.53,10566
25.77,10565
25.78,10559
25.79,10556
25.81,10555
25.82,10553
25.83,10551
25.84,10548
25.85,10546
25.86,10544
25.87,10542
25.88,10541
25.89,10538
26.32,10536
26.33,10531
26.34,10524
26.35,10521
26.36,10519
26.37,10517
26.38,10512
26.39,10511
26.4,10510
26.41,10509
26.43,10508
26.44,10507
26.72,10505
26.73,10503
26.74,10500
26.75,10499
26.76,10497
26.77,10496
26.78,10494
26.79,10489
26.8,10488
26.81,10484
26.82,10479
26.83,10476
26.84,10472
26.85,10468
26.86,10467
26.89,10465
26.9,10460
26.91,10456
26.92,10452
26.93,10447
26.95,10443
26.96,10440
26.97,10437
26.98,10433
26.99,10426
27.0,10423
27.01,10421
27.02,10419
27.03,10417
27.04,10415
27.05,10413
27.06,10411
27.09,10410
27.1,10404
27.11,10402
27.13,10400
27.14,10398
27.15,10396
27.16,10392
27.66,10391
27.67,10389
27.68,10386
27.69,10380
27.71,10379
27.72,10375
27.73,10373
27.74,10370
27.75,10364
27.76,10363
27.77,10361
27.78,10359
27.79,10358
27.8,10357
27.81,10354
27.82,10349
27.83,10348
27.84,10344
27.86,10340
27.9,10339
27.91,10336
27.92,10333
27.93,10329
27.95,10328
27.96,10326
27.97,10323
27.98,10321
27.99,10315
28.0,10313
28.01,10312
28.02,10307
28.03,10305
28.05,10301
28.06,10299
28.08,10297
28.09,10294
28.1,10292
28.11,10289
28.13,10284
28.15,10282
28.16,10280
28.17,10275
28.18,10274
28.19,10273
28.21,10271
28.23,10265
28.24,10263
28.25,10261
28.26,10259
28.27,10256
28.28,10255
28.29,10251
28.3,10249
28.31,10246
28.32,10242
28.33,10238
28.34,10234
28.35,10232
28.74,10229
28.75,10226
28.77,10225
28.78,10223
28.8,10221
28.81,10218
28.82,10215
28.83,10211
28.84,10209
28.85,10207
28.86,10205
28.89,10203
28.92,10200
28.94,10197
28.95,10195
28.96,10192
28.97,10189
28.98,10187
28.99,10185
29.0,10183
29.01,10180
29.02,10176
29.03,10174
29.05,10173
29.06,10169
29.07,10167
29.08,10165
29.09,10163
29.1,10161
29.11,10152
29.12,10151
29.13,10148
29.14,10147
29.15,10143
29.16,10142
29.17,10136
29.18,10132
29.2,10129
29.21,10126
29.22,10120
29.23,10119
29.24,10117
29.25,10114
29.26,10113
29.27,10108
29.28,10101
29.29,10099
29.3,10095
29.31,10091
29.32,10090
29.34,10088
29.36,10086
29.38,10081
29.41,10079
29.43,10077
29.44,10076
29.45,10074
29.46,10072
29.47,10065
29.5,10064
29.53,10062
29.55,10059
29.57,10056
29.58,10055
29.6,10052
29.61,10049
29.62,10047
29.63,10043
29.64,10040
29.65,10038
29.66,10037
29.69,10035
29.7,10031
29.71,10028
29.72,10026
29.76,10021
29.77,10019
29.78,10018
29.79,10017
29.8,10011
29.81,10003
29.82,10001
29.83,10000
29.84,9994
29.85,9990
29.86,9988
29.88,9983
29.9,9978
29.91,9969
29.92,9965
29.94,9964
29.96,9963
29.97,9962
29.98,9961
29.99,9959
30.0,9955
30.01,9950
30.03,9946
30.04,9943
30.05,9942
30.06,9935
30.07,9932
30.08,9930
30.09,9927
30.1,9925
30.12,9920
30.13,9916
30.15,9911
30.16,9909
30.17,9906
30.18,9905
30.19,9901
30.2,9898
30.21,9895
30.22,9893
30.23,9890
30.25,9889
30.26,9887
30.27,9883
30.28,9882
30.29,9879
30.3,9876
30.31,9874
30.32,9871
30.33,9870
30.34,9869
30.35,9864
30.36,9859
30.38,9857
30.39,9853
30.42,9848
30.43,9847
30.44,9845
30.45,9842
30.46,9839
30.47,9834
30.48,9832
30.49,9830
30.5,9826
30.51,9825
30.52,9824
30.53,9820
30.54,9818
30.55,9816
30.58,9812
30.59,9810
30.6,9808
30.61,9806
30.64,9803
30.66,9802
30.67,9801
30.68,9799
30.69,9798
30.7,9795
30.71,9791
30.72,9790
30.75,9789
30.76,9788
30.77,9786
30.78,9785
30.79,9782
30.8,9779
31.24,9775
31.25,9770
31.26,9769
31.68,9768
31.69,9764
31.7,9759
31.72,9756
31.73,9752
31.74,9751
32.18,9750
32.19,9746
32.2,9739
32.21,9738
32.23,9737
32.24,9734
32.26,9731
32.27,9727
32.28,9725
32.29,9724
32.3,9723
32.32,9718
32.34,9713
32.35,9710
32.36,9708
32.37,9705
32.6,9703
32.61,9701
32.64,9698
32.65,9691
32.66,9688
32.67,9685
32.68,9681
33.12,9678
33.13,9675
33.14,9670
33.15,9669
33.16,9664
33.17,9662
33.18,9655
33.19,9651
33.2,9645
33.22,9640
33.23,9639
33.24,9635
33.27,9633
33.28,9629
33.31,9628
33.33,9622
33.34,9618
33.35,9617
33.69,9616
33.7,9615
33.71,9611
33.72,9609
34.1,9608
34.11,9606
34.12,9605
34.13,9600
34.14,9595
34.16,9591
34.17,9589
34.18,9588
34.19,9584
34.2,9581
34.23,9580
34.24,9579
34.65,9577
34.66,9575
34.68,9572
34.69,9571
34.7,9567
34.73,9563
34.75,9561
34.76,9556
34.77,9555
34.79,9554
34.8,9549
34.81,9545
34.82,9544
34.84,9541
34.85,9540
34.86,9539
34.87,9535
34.88,9533
34.91,9530
34.92,9529
34.93,9528
34.94,9527
34.96,9525
34.97,9523
34.98,9522
34.99,9517
35.01,9513
35.02,9510
35.04,9505
35.05,9504
35.06,9499
35.08,9498
35.09,9497
35.1,9496
35.11,9495
35.13,9492
35.14,9491
35.15,9490
35.16,9488
35.17,9486
35.19,9485
35.2,9483
35.21,9481
35.22,9478
35.25,9477
35.26,9474
35.27,9471
35.31,9467
35.32,9466
35.34,9459
35.35,9455
35.37,9454
35.38,9452
35.41,9451
35.42,9450
35.44,9449
35.45,9441
35.46,9440
35.47,9437
35.48,9430
35.49,9426
35.5,9423
35.51,9421
35.52,9420
35.53,9418
35.54,9416
35.55,9413
35.56,9411
35.57,9408
35.59,9405
36.01,9401
36.02,9400
36.03,9397
36.05,9395
36.41,9392
36.42,9387
36.82,9386
36.84,9381
36.85,9379
36.86,9374
36.89,9372
36.9,9371
36.92,9370
36.93,9369
36.94,9367
36.95,9362
36.98,9361
37.0,9360
37.01,9358
37.03,9355
37.04,9353
37.05,9352
37.07,9347
37.08,9345
37.1,9343
37.12,9342
37.14,9341
37.15,9339
37.16,9338
37.17,9334
37.19,9328
37.2,9326
37.22,9320
37.23,9317
37.24,9315
37.25,9312
37.27,9310
37.28,9308
37.29,9305
37.3,9303
37.31,9300
37.32,9293
37.33,9292
37.34,9290
37.35,9285
37.36,9283
37.39,9282
37.8,9279
37.81,9276
37.82,9273
38.2,9270
38.21,9267
38.22,9266
38.23,9260
38.24,9258
38.27,9257
38.28,9256
38.29,9254
38.3,9253
38.31,9252
38.32,9249
38.34,9247
38.35,9245
38.37,9243
38.38,9241
38.4,9238
38.41,9235
38.43,9234
38.44,9230
38.45,9227
38.47,9225
38.48,9224
38.5,9222
38.51,9221
38.52,9218
38.53,9216
38.54,9215
38.55,9213
38.57,9212
38.58,9206
38.59,9205
38.6,9204
38.61,9202
38.62,9200
38.63,9199
38.64,9198
38.65,9197
38.66,9196
38.67,9193
38.68,9192
38.69,9190
38.7,9186
38.71,9183
38.72,9181
38.73,9179
38.74,9177
38.75,9176
38.78,9172
38.81,9168
38.82,9164
38.83,9160
38.84,9156
38.85,9151
38.86,9149
38.87,9144
38.88,9140
38.89,9139
38.9,9136
38.91,9133
39.31,9130
39.33,9127
39.34,9126
39.35,9125
39.36,9122
39.38,9121
39.39,9118
39.4,9116
39.41,9115
39.42,9113
39.43,9110
39.45,9109
39.47,9104
39.95,9101
39.96,9100
39.98,9099
40.0,9098
40.01,9097
40.04,9094
40.05,9092
40.06,9090
40.07,9089
40.09,9087
40.11,9083
40.13,9079
40.14,9078
40.15,9076
40.17,9075
40.18,9071
40.21,9070
40.22,9066
40.23,9065
40.24,9062
40.25,9061
40.26,9060
40.27,9058
40.29,9057
40.3,9051
40.31,9045
40.32,9044
40.33,9043
40.36,9042
40.37,9040
40.39,9038
40.41,9036
40.42,9032
40.43,9028
40.44,9024
40.45,9019
40.46,9016
40.47,9015
40.48,9012
40.51,9010
40.52,9007
40.53,9004
40.54,9000
40.55,8998
40.56,8997
40.57,8996
40.58,8995
40.59,8993
40.6,8991
40.61,8989
40.62,8988
40.64,8986
40.67,8982
40.68,8980
40.7,8979
40.72,8976
40.73,8975
40.74,8974
40.76,8973
40.77,8972
40.78,8971
40.79,8968
40.8,8966
40.81,8964
40.82,8963
40.83,8960
40.84,8956
40.87,8951
40.9,8949
40.93,8948
40.94,8946
40.95,8942
40.96,8940
40.97,8938
40.98,8937
40.99,8932
41.0,8929
41.01,8924
41.02,8923
41.03,8921
41.04,8919
41.05,8917
41.08,8913
41.09,8911
41.1,8908
41.12,8906
41.13,8904
41.14,8902
41.15,8901
41.16,8900
41.17,8898
41.18,8896
41.19,8895
41.2,8893
41.21,8891
41.22,8888
41.23,8887
41.24,8886
41.26,8882
41.27,8881
41.29,8880
41.3,8879
41.31,8876
41.32,8874
41.33,8872
41.34,8871
41.35,8869
41.36,8866
41.37,8864
41.38,8863
41.41,8862
41.43,8861
41.68,8859
41.69,8857
41.71,8854
41.72,8851
41.73,8850
41.74,8849
41.75,8847
41.76,8846
41.8,8845
41.81,8844
41.82,8843
41.83,8841
41.85,8839
41.86,8835
41.87,8834
41.88,8833
41.89,8832
41.91,8829
41.92,8826
41.93,8825
41.94,8821
41.96,8819
41.99,8816
42.02,8813
42.03,8811
42.04,8809
42.05,8807
42.35,8806
42.38,8803
42.39,8802
42.4,8801
42.42,8799
42.43,8798
42.44,8797
42.46,8793
42.48,8791
42.51,8789
42.52,8787
42.55,8783
42.58,8781
42.62,8780
42.64,8779
42.65,8777
42.7,8776
42.77,8775
43.24,8772
43.25,8767
43.26,8764
43.3,8763
43.31,8759
43.33,8755
43.34,8750
43.35,8749
43.37,8748
43.38,8744
43.42,8742
43.43,8740
43.44,8738
43.45,8733
43.47,8731
43.49,8729
43.5,8727
43.51,8723
43.52,8721
43.54,8720
43.55,8719
43.56,8718
43.57,8714
43.58,8709
43.59,8708
43.6,8705
43.63,8703
43.65,8701
43.66,8700
43.67,8699
43.68,8698
43.69,8694
43.7,8692
44.09,8690
44.1,8689
44.11,8688
44.12,8685
44.13,8684
44.14,8681
44.15,8680
44.17,8677
44.19,8674
44.2,8672
44.21,8671
44.22,8670
44.24,8668
44.25,8667
44.26,8666
44.27,8665
44.28,8664
44.29,8662
44.3,8659
44.34,8658
44.36,8657
44.37,8656
44.38,8655
44.39,8654
44.41,8653
44.42,8652
44.43,8651
44.44,8650
44.45,8647
44.46,8643
44.47,8640
44.49,8635
44.5,8634
44.97,8631
44.98,8629
44.99,8625
45.04,8620
45.05,8619
45.06,8618
45.08,8616
45.09,8615
45.1,8614
45.11,8612
45.12,8610
45.14,8608
45.15,8604
45.18,8602
45.2,8601
45.21,8600
45.22,8599
45.23,8596
45.24,8593
45.25,8591
45.26,8590
45.28,8587
45.29,8586
45.33,8585
45.37,8583
45.38,8582
45.4,8580
45.41,8579
45.42,8578
45.44,8577
45.45,8574
45.47,8571
45.48,8569
45.49,8566
45.5,8565
45.52,8564
45.54,8563
45.55,8561
45.56,8559
45.57,8554
45.59,8552
45.6,8550
45.62,8549
45.64,8547
45.65,8546
45.67,8545
45.69,8544
45.71,8543
45.72,8539
45.74,8538
45.76,8537
45.79,8535
45.81,8534
45.84,8530
45.85,8528
45.86,8525
45.87,8523
45.88,8521
45.89,8520
45.9,8519
45.91,8516
45.92,8515
45.93,8510
45.95,8509
45.97,8502
45.99,8501
46.0,8499
46.01,8497
46.04,8495
46.05,8490
46.06,8487
46.07,8486
46.09,8484
46.12,8483
46.13,8482
46.14,8480
46.15,8479
46.16,8473
46.17,8470
46.18,8469
46.19,8466
46.2,8464
46.21,8462
46.22,8457
46.24,8454
46.25,8452
46.26,8450
46.27,8445
46.29,8443
46.3,8442
46.32,8439
46.35,8436
46.36,8433
46.37,8432
46.38,8431
46.39,8429
46.4,8426
46.42,8422
46.45,8418
46.47,8416
46.48,8415
46.49,8414
46.5,8412
46.51,8408
46.52,8405
46.53,8402
46.54,8400
46.57,8398
46.58,8397
46.61,8393
46.62,8389
46.63,8388
46.65,8386
46.66,8384
46.67,8382
46.68,8380
46.69,8378
46.7,8374
46.71,8371
46.74,8370
46.76,8365
46.79,8362
46.81,8361
46.82,8359
46.84,8355
46.85,8353
46.87,8351
46.88,8349
46.89,8348
47.08,8344
47.09,8342
47.11,8340
47.12,8339
47.13,8336
47.14,8335
47.16,8333
47.17,8330
47.18,8327
47.19,8324
47.2,8321
47.22,8318
47.23,8316
47.28,8314
47.29,8312
47.31,8309
47.32,8307
47.33,8306
47.34,8302
47.36,8301
47.37,8300
47.38,8299
47.39,8298
47.4,8294
47.41,8293
47.42,8285
47.44,8283
47.45,8282
47.48,8276
47.52,8275
47.53,8273
47.54,8271
47.55,8269
47.56,8268
47.57,8267
47.58,8262
47.61,8260
47.62,8259
47.63,8258
47.64,8257
47.65,8255
47.66,8253
47.69,8252
47.71,8251
47.72,8250
47.73,8249
47.75,8247
47.77,8245
47.78,8244
48.46,8241
48.48,8239
48.49,8238
48.51,8236
48.52,8235
48.53,8234
48.54,8233
48.55,8232
48.56,8231
48.58,8230
48.59,8229
48.61,8227
48.63,8226
48.64,8224
48.65,8221
48.66,8218
48.71,8217
48.74,8214
48.75,8213
48.77,8212
48.78,8210
48.79,8208
48.81,8207
48.82,8205
48.83,8203
48.84,8201
48.85,8200
48.87,8198
48.9,8197
49.36,8194
49.37,8193
49.39,8190
49.4,8188
49.41,8187
49.42,8183
49.45,8182
49.46,8179
49.48,8175
49.5,8173
49.54,8171
49.55,8168
49.56,8167
49.6,8166
49.61,8163
49.62,8159
49.65,8157
49.66,8151
49.67,8149
49.68,8148
49.69,8144
49.7,8141
49.72,8139
49.73,8138
49.74,8137
49.78,8136
49.79,8135
49.8,8133
49.85,8132
49.86,8131
49.87,8129
49.88,8127
49.9,8122
49.91,8120
49.93,8119
49.95,8118
49.96,8115
50.0,8112
50.38,8108
50.82,8107
50.83,8104
50.84,8103
50.85,8100
50.88,8099
50.89,8096
50.9,8093
50.91,8092
50.92,8090
50.93,8089
50.94,8088
50.96,8085
50.98,8082
50.99,8080
51.01,8076
51.02,8073
51.03,8069
51.04,8067
51.05,8066
51.06,8065
51.07,8062
51.09,8061
51.1,8059
51.11,8057
51.12,8056
51.13,8054
51.15,8053
51.18,8052
51.2,8050
51.21,8048
51.23,8045
51.78,8044
51.79,8043
51.8,8040
51.81,8038
51.85,8035
51.86,8033
51.87,8032
51.88,8031
51.89,8030
51.9,8029
51.92,8026
51.96,8025
52.03,8023
52.04,8020
52.06,8018
52.07,8017
52.13,8016
52.14,8014
52.15,8013
52.16,8011
52.18,8010
52.2,8009
52.21,8008
52.23,8005
52.24,8004
52.74,8002
52.76,8001
52.78,7998
52.81,7996
52.82,7994
52.83,7992
52.84,7990
52.85,7987
52.87,7985
52.88,7984
52.89,7982
52.9,7979
52.91,7975
52.92,7973
52.93,7972
52.94,7970
52.96,7969
52.97,7968
52.99,7965
53.0,7964
53.01,7961
53.06,7960
53.09,7959
53.1,7957
53.11,7956
53.12,7952
53.13,7951
53.15,7948
53.16,7946
53.18,7944
53.2,7943
53.24,7942
53.25,7940
53.28,7939
53.29,7938
53.3,7937
53.31,7935
53.32,7933
53.33,7931
53.34,7930
53.35,7929
53.36,7927
53.39,7926
53.42,7923
53.43,7922
53.44,7921
53.45,7919
53.46,7918
53.48,7917
53.49,7916
53.71,7912
53.72,7911
53.73,7909
53.74,7907
53.77,7906
53.78,7905
53.79,7901
53.81,7898
53.82,7896
53.84,7894
53.87,7893
53.88,7891
53.89,7888
53.9,7886
53.91,7885
53.92,7884
53.93,7882
53.94,7880
53.95,7878
53.96,7877
53.97,7875
53.98,7874
53.99,7871
54.0,7870
54.01,7869
54.02,7868
54.03,7867
54.07,7864
54.08,7863
54.09,7862
54.11,7861
54.14,7860
54.15,7859
54.16,7858
54.17,7856
54.21,7854
54.22,7852
54.25,7850
54.26,7849
54.27,7848
54.28,7847
54.33,7845
54.35,7843
54.36,7841
54.59,7840
54.6,7837
54.62,7836
54.63,7835
54.65,7834
54.67,7832
54.68,7831
54.69,7830
54.71,7829
54.73,7827
54.74,7826
54.76,7825
54.78,7823
54.79,7821
54.8,7817
55.33,7816
55.34,7814
55.35,7813
55.41,7811
55.42,7808
55.44,7806
56.42,7805
56.44,7803
56.45,7802
56.46,7799
56.47,7796
56.48,7795
56.49,7794
56.52,7793
56.53,7792
56.54,7789
56.57,7784
56.58,7783
56.59,7781
56.6,7780
57.07,7777
57.09,7775
57.11,7774
57.12,7773
57.13,7772
57.14,7768
57.15,7764
57.16,7763
57.18,7761
57.19,7760
57.21,7758
57.22,7757
57.23,7755
57.27,7753
57.3,7751
57.32,7749
57.33,7748
57.34,7744
57.35,7742
57.37,7740
57.38,7736
57.39,7735
57.45,7734
57.47,7732
57.48,7730
57.5,7728
57.51,7727
57.8,7726
57.88,7724
57.89,7721
57.92,7719
57.93,7718
57.95,7717
57.97,7716
57.98,7710
58.38,7708
58.39,7706
58.41,7705
58.42,7704
58.43,7700
58.44,7699
58.45,7698
58.46,7697
58.47,7691
58.48,7690
58.5,7688
58.52,7686
58.54,7685
58.56,7682
58.57,7681
58.58,7680
58.6,7678
58.63,7675
58.65,7674
58.66,7673
58.7,7671
58.71,7670
58.73,7669
58.75,7666
58.77,7665
58.78,7662
58.79,7660
58.8,7659
58.81,7658
58.82,7654
58.83,7652
58.85,7651
58.9,7650
58.91,7648
58.92,7647
58.93,7644
58.94,7643
58.97,7642
59.02,7641
59.03,7637
59.04,7636
59.07,7635
59.08,7633
59.13,7630
59.15,7629
59.16,7626
59.17,7623
59.18,7621
59.19,7618
59.2,7615
59.23,7612
59.26,7609
59.28,7605
59.3,7603
59.31,7600
59.32,7599
59.33,7597
59.34,7596
59.36,7593
59.42,7591
59.44,7589
59.7,7588
59.71,7587
60.19,7583
60.2,7582
60.43,7580
60.47,7579
60.49,7577
60.5,7576
60.51,7574
60.55,7569
60.56,7567
60.57,7566
60.6,7563
60.63,7561
60.67,7560
60.7,7559
60.74,7557
61.24,7556
61.27,7555
61.28,7552
61.3,7550
61.32,7547
61.33,7546
61.34,7545
61.36,7544
61.38,7543
61.39,7542
61.4,7540
61.43,7537
61.44,7532
61.45,7530
61.47,7528
61.49,7526
61.5,7524
61.51,7523
61.53,7522
61.54,7521
61.55,7518
61.82,7517
61.83,7516
61.86,7515
61.87,7513
61.88,7510
61.89,7509
62.14,7507
62.16,7506
62.17,7503
62.18,7502
62.2,7501
62.22,7500
62.29,7499
62.3,7497
62.32,7494
62.33,7493
62.34,7492
62.35,7491
62.37,7490
62.4,7488
62.41,7485
62.42,7484
62.45,7483
62.46,7482
62.48,7481
62.49,7479
62.53,7477
62.54,7474
62.55,7473
62.58,7471
62.59,7468
62.6,7466
62.65,7465
62.69,7464
62.7,7463
62.71,7462
62.73,7460
62.74,7459
62.75,7457
62.82,7456
63.45,7455
63.46,7453
63.47,7452
63.48,7451
63.49,7450
63.5,7445
63.53,7444
63.54,7442
63.55,7440
63.56,7437
63.57,7436
63.58,7435
63.59,7432
63.61,7431
63.66,7427
63.67,7426
63.68,7425
63.69,7424
63.7,7423
63.71,7421
63.72,7420
63.74,7418
63.8,7416
63.81,7415
63.82,7414
63.87,7411
63.97,7409
63.98,7407
64.0,7404
64.01,7402
64.02,7400
64.03,7399
64.05,7398
64.06,7396
64.1,7395
64.13,7394
64.14,7392
64.15,7391
64.19,7390
64.2,7387
64.23,7385
64.24,7382
64.25,7380
64.28,7379
64.29,7377
64.33,7375
64.82,7374
64.83,7372
64.84,7371
65.3,7368
65.32,7363
65.8,7362
65.84,7360
65.85,7359
65.87,7357
65.89,7355
65.9,7353
65.94,7352
65.95,7351
65.97,7350
65.98,7349
66.0,7346
66.01,7339
66.02,7336
66.03,7334
66.04,7332
66.06,7330
66.52,7327
67.03,7326
67.05,7325
67.09,7324
67.12,7323
67.16,7319
67.19,7317
67.21,7314
67.24,7313
67.28,7310
67.29,7308
67.3,7307
67.34,7306
67.35,7305
67.39,7304
67.4,7303
67.43,7302
67.46,7301
67.5,7298
67.54,7297
67.55,7294
67.66,7293
67.67,7291
67.69,7289
67.7,7286
67.72,7284
67.74,7281
67.76,7280
67.78,7279
67.81,7277
67.82,7276
67.84,7274
67.85,7272
68.37,7271
68.39,7267
68.4,7265
68.42,7264
68.46,7262
68.47,7261
68.48,7260
68.49,7258
68.51,7256
68.52,7255
68.53,7254
68.54,7252
69.09,7249
69.11,7247
69.12,7246
69.14,7244
69.16,7243
69.17,7242
69.18,7241
69.19,7240
69.21,7239
69.22,7235
69.23,7234
69.25,7232
69.26,7230
69.27,7228
69.3,7225
69.31,7221
69.32,7220
69.34,7219
69.35,7218
69.37,7217
69.4,7216
69.41,7215
69.43,7214
69.44,7213
69.45,7212
70.0,7208
70.07,7207
70.08,7206
70.35,7204
70.37,7203
70.39,7202
70.4,7200
70.41,7197
70.42,7196
70.45,7195
70.46,7193
70.52,7192
70.53,7191
70.54,7189
70.57,7187
70.58,7186
70.59,7184
70.62,7183
70.63,7182
70.64,7179
70.65,7178
70.67,7175
70.68,7172
70.69,7170
70.72,7168
70.73,7167
70.76,7166
70.77,7163
70.78,7160
70.8,7158
70.81,7157
70.82,7155
70.83,7154
70.87,7153
70.88,7151
70.9,7148
70.91,7147
70.93,7145
70.94,7143
71.32,7142
71.34,7140
71.37,7139
71.38,7137
71.4,7136
71.41,7133
71.42,7131
71.44,7130
71.45,7129
71.49,7126
71.53,7124
71.54,7123
71.55,7121
71.63,7120
71.65,7118
71.7,7117
71.71,7116
72.12,7115
72.89,7113
72.9,7112
72.94,7109
72.95,7108
72.96,7107
72.98,7105
72.99,7103
73.03,7102
73.06,7101
73.12,7100
73.13,7098
73.14,7097
73.15,7095
73.16,7093
73.17,7092
73.23,7090
73.26,7089
73.29,7088
73.3,7087
73.33,7086
73.35,7082
73.36,7081
73.39,7080
73.44,7079
73.5,7077
73.57,7076
73.58,7075
73.61,7073
73.62,7072
73.65,7070
73.66,7068
73.67,7066
73.68,7065
73.71,7064
73.74,7061
73.82,7059
73.85,7058
73.86,7056
73.87,7053
73.88,7052
73.9,7047
73.91,7046
73.93,7045
73.94,7044
74.51,7042
74.52,7041
74.54,7038
74.55,7037
74.58,7036
74.6,7035
74.61,7034
74.62,7033
74.64,7032
74.65,7030
74.67,7028
74.73,7025
74.76,7024
74.81,7023
74.82,7021
74.88,7020
74.91,7019
74.92,7018
74.94,7017
74.96,7016
74.97,7014
74.99,7012
75.58,7011
75.63,7010
75.68,7008
75.69,7007
75.7,7004
75.72,7003
75.73,7002
76.22,7001
76.24,7000
76.25,6999
76.26,6998
76.27,6997
76.29,6996
76.35,6994
76.36,6993
76.37,6992
76.4,6991
76.41,6990
76.42,6989
76.43,6988
76.48,6987
76.5,6984
76.52,6983
76.54,6982
76.55,6980
76.56,6978
77.07,6977
77.1,6976
77.13,6975
77.18,6971
77.25,6969
77.26,6968
77.3,6967
77.31,6966
77.33,6965
77.36,6964
77.42,6963
77.44,6962
77.45,6961
77.46,6959
77.47,6958
77.49,6957
77.51,6956
77.52,6954
77.54,6953
77.56,6952
77.58,6951
77.6,6950
77.61,6949
77.64,6946
77.66,6945
77.67,6944
77.7,6942
77.72,6941
78.42,6940
78.44,6938
78.47,6934
78.53,6933
78.59,6931
78.6,6929
78.63,6928
78.67,6925
78.68,6924
78.69,6922
78.73,6921
78.74,6920
78.76,6919
78.77,6918
78.83,6917
78.88,6915
78.93,6914
78.94,6913
78.97,6911
79.02,6908
79.06,6907
79.07,6906
79.12,6905
79.13,6904
79.19,6903
79.21,6902
79.24,6901
79.26,6900
79.27,6898
79.28,6897
79.35,6895
79.36,6893
79.38,6891
79.41,6889
79.46,6887
79.48,6886
79.53,6884
79.54,6883
79.55,6882
79.56,6881
79.58,6880
79.59,6879
79.61,6878
79.63,6877
79.67,6876
79.68,6874
79.7,6873
79.73,6871
79.76,6870
79.8,6869
79.81,6867
79.83,6866
79.84,6864
79.85,6863
79.91,6862
80.17,6861
80.18,6859
80.44,6857
80.45,6856
80.47,6855
80.51,6853
80.52,6850
80.57,6849
80.58,6846
80.59,6845
80.61,6844
80.63,6842
81.23,6841
81.24,6838
81.26,6837
81.27,6836
81.29,6835
81.33,6834
81.36,6833
81.43,6831
81.44,6829
81.45,6828
81.46,6825
81.48,6824
81.57,6823
82.12,6821
82.13,6818
82.15,6817
82.16,6816
82.17,6815
82.22,6813
82.25,6812
82.28,6811
82.29,6810
82.3,6808
82.34,6804
82.36,6803
82.4,6801
82.41,6800
82.45,6799
82.48,6798
82.49,6796
82.5,6795
82.51,6790
82.54,6788
82.56,6786
82.58,6785
82.6,6784
82.61,6781
82.64,6780
82.65,6779
82.66,6777
82.7,6776
82.72,6775
82.75,6774
82.76,6771
82.77,6768
82.79,6767
82.81,6766
82.83,6764
82.84,6763
82.86,6762
82.89,6761
82.94,6759
82.96,6758
82.97,6757
82.98,6756
83.0,6755
83.01,6753
83.03,6751
83.04,6749
83.08,6748
83.1,6746
83.13,6744
83.16,6743
83.19,6741
83.2,6740
83.22,6738
83.23,6736
83.26,6735
83.3,6734
83.32,6733
83.4,6732
83.44,6731
83.46,6730
83.76,6728
83.8,6727
83.82,6726
83.84,6725
83.87,6724
83.88,6723
83.89,6721
83.9,6719
83.94,6718
83.95,6717
83.97,6716
83.98,6713
83.99,6711
84.0,6710
84.01,6709
84.02,6707
84.03,6706
84.05,6704
84.06,6703
84.07,6702
84.08,6701
84.1,6700
84.11,6699
84.15,6697
84.16,6696
84.18,6695
84.22,6694
84.24,6691
84.27,6690
84.29,6689
84.33,6688
84.35,6687
84.41,6685
84.42,6683
84.43,6682
84.44,6681
84.47,6678
84.58,6676
84.62,6673
84.64,6672
84.65,6669
84.68,6667
84.69,6666
84.71,6665
84.76,6663
84.77,6662
84.79,6659
84.82,6656
84.86,6655
84.92,6652
85.46,6651
85.47,6650
85.5,6648
85.51,6647
85.52,6646
86.09,6645
86.1,6644
86.13,6643
86.14,6642
86.17,6641
86.18,6640
86.19,6638
86.2,6637
86.22,6635
86.26,6634
86.27,6632
86.28,6629
86.3,6628
86.32,6627
86.34,6625
86.38,6624
86.39,6622
86.41,6620
86.43,6619
86.49,6618
86.5,6617
86.54,6615
86.55,6614
86.56,6613
86.57,6612
86.58,6611
86.59,6608
86.6,6607
86.61,6606
86.65,6605
86.72,6604
86.74,6603
86.75,6601
86.77,6600
86.82,6597
86.85,6595
87.11,6594
87.12,6593
87.13,6590
87.14,6589
87.2,6588
87.24,6587
87.26,6585
87.3,6579
87.31,6578
87.4,6577
87.41,6575
87.44,6572
87.46,6571
87.49,6570
87.5,6569
87.53,6567
87.87,6566
87.9,6565
87.93,6564
87.95,6559
87.96,6557
87.98,6556
88.0,6553
88.04,6552
88.05,6551
88.07,6548
88.08,6546
88.61,6545
88.63,6544
88.65,6543
88.66,6541
89.2,6540
89.21,6538
89.22,6537
89.27,6536
89.31,6535
89.34,6534
89.36,6532
89.37,6531
89.41,6530
89.43,6528
89.44,6527
89.47,6526
89.48,6525
89.49,6524
89.99,6521
90.27,6520
90.29,6519
90.32,6518
90.33,6516
90.36,6515
90.41,6513
90.44,6512
90.46,6510
90.49,6509
90.54,6507
90.61,6506
90.69,6505
90.72,6502
90.75,6501
90.77,6500
90.78,6499
90.81,6497
91.36,6496
91.37,6495
91.39,6494
91.4,6493
91.45,6492
91.46,6491
91.49,6489
91.51,6488
91.52,6487
91.53,6484
91.54,6483
91.55,6480
91.56,6479
91.57,6478
92.1,6476
92.13,6475
92.4,6474
92.44,6473
92.46,6472
92.49,6471
92.5,6470
92.53,6469
93.18,6467
93.73,6466
93.75,6464
93.76,6462
93.79,6459
93.81,6458
93.83,6457
93.91,6453
93.94,6450
93.95,6449
93.96,6448
93.97,6447
93.98,6446
93.99,6443
94.0,6441
94.03,6439
94.64,6438
95.2,6437
95.23,6435
95.25,6434
95.26,6433
95.29,6432
95.32,6431
95.34,6430
95.35,6429
95.38,6428
95.39,6423
95.4,6422
95.41,6421
95.42,6420
95.46,6419
95.47,6418
95.52,6417
95.53,6415
95.57,6413
95.58,6412
95.62,6411
95.63,6409
95.64,6408
95.66,6407
95.67,6406
95.7,6405
95.72,6404
95.76,6402
95.77,6401
95.78,6400
95.79,6398
95.81,6396
95.82,6395
95.84,6394
95.85,6391
95.88,6389
95.9,6388
95.93,6387
95.96,6385
95.97,6384
96.03,6383
96.04,6382
96.41,6381
96.42,6380
96.43,6377
96.49,6376
96.51,6374
96.53,6373
96.54,6372
96.58,6370
96.63,6369
96.64,6367
96.69,6365
96.71,6364
96.72,6363
97.32,6361
97.36,6360
97.4,6359
97.41,6358
97.42,6357
97.7,6356
97.71,6355
97.73,6354
97.74,6352
97.76,6351
97.78,6350
97.79,6349
97.83,6348
97.87,6347
97.88,6346
97.89,6345
97.9,6344
97.91,6343
97.92,6342
97.95,6340
97.98,6339
97.99,6337
98.06,6335
98.07,6333
98.08,6332
98.09,6330
98.13,6329
98.15,6328
98.17,6327
98.19,6326
98.2,6324
98.21,6323
98.24,6321
98.27,6320
98.28,6319
98.34,6318
98.35,6317
98.38,6316
98.4,6315
98.42,6313
98.44,6311
98.47,6310
98.49,6308
98.5,6307
98.53,6306
98.57,6305
98.58,6303
98.61,6302
98.62,6300
98.65,6299
98.66,6298
98.67,6297
98.68,6294
98.69,6293
98.81,6292
98.82,6291
98.83,6290
98.86,6289
98.87,6288
98.91,6285
98.92,6284
98.94,6280
99.03,6279
99.06,6278
99.09,6275
99.11,6274
99.16,6273
99.17,6272
99.25,6271
99.26,6270
99.27,6267
99.29,6266
99.31,6264
99.89,6262
99.92,6261
99.93,6260
99.94,6257
99.95,6256
99.97,6255
99.98,6254
100.01,6251
100.02,6250
100.26,6248
100.31,6247
100.32,6246
100.33,6244
100.35,6243
100.36,6241
100.37,6240
100.39,6239
100.4,6237
100.42,6236
100.43,6235
100.45,6233
100.47,6232
100.5,6229
100.51,6228
100.54,6226
100.55,6225
100.61,6224
100.63,6222
100.65,6220
100.68,6219
100.69,6218
100.75,6216
101.02,6215
101.03,6213
101.59,6212
101.88,6211
101.98,6210
101.99,6209
102.0,6208
102.01,6206
102.03,6205
102.04,6203
102.1,6202
102.12,6201
102.13,6200
102.15,6199
102.94,6198
102.95,6197
103.0,6196
103.02,6195
103.05,6194
103.09,6193
103.75,6192
103.76,6190
103.78,6188
104.1,6187
104.12,6185
104.17,6184
104.18,6182
104.2,6181
104.21,6179
104.22,6178
104.24,6176
104.25,6175
104.33,6174
104.37,6173
104.4,6172
104.42,6171
104.47,6170
104.5,6169
104.55,6167
104.68,6166
104.8,6165
104.81,6164
104.93,6163
104.98,6162
104.99,6161
105.0,6160
105.01,6158
105.06,6157
105.08,6156
105.09,6155
105.1,6154
105.12,6153
105.14,6152
105.15,6149
105.16,6147
105.18,6146
105.2,6145
105.23,6143
105.24,6142
105.25,6140
105.27,6138
105.3,6136
105.34,6134
105.37,6132
105.88,6130
105.89,6129
105.9,6128
105.92,6127
105.93,6125
105.98,6124
106.0,6122
106.53,6121
106.58,6120
106.59,6118
106.62,6116
106.64,6114
106.66,6113
107.1,6111
107.11,6110
107.22,6109
107.23,6108
107.24,6107
107.25,6104
107.26,6103
107.7,6102
107.71,6101
107.72,6100
107.73,6098
107.8,6097
107.81,6096
107.85,6094
107.86,6093
107.87,6092
108.0,6090
108.01,6089
108.02,6088
108.06,6086
108.08,6084
108.13,6082
108.16,6081
108.21,6079
108.23,6078
108.27,6077
108.33,6076
108.34,6074
108.4,6072
108.42,6071
108.44,6070
108.48,6068
108.53,6067
108.56,6066
108.57,6065
108.59,6064
108.64,6063
108.65,6062
108.68,6060
108.7,6059
108.78,6057
108.83,6055
108.94,6054
108.96,6053
108.99,6052
109.02,6051
109.52,6050
109.56,6048
109.61,6044
109.65,6043
109.73,6042
109.75,6041
109.81,6039
109.9,6038
109.91,6037
109.93,6036
109.95,6035
110.01,6034
110.02,6033
110.03,6031
110.04,6029
110.06,6028
110.08,6026
110.12,6025
110.14,6020
110.16,6019
110.18,6018
110.19,6017
110.2,6016
110.21,6014
110.25,6009
110.27,6008
110.28,6007
110.3,6005
110.35,6004
110.36,6002
110.37,6001
110.39,6000
110.54,5998
110.56,5997
110.58,5996
110.61,5994
110.62,5991
110.65,5990
110.66,5989
110.67,5988
110.69,5986
110.7,5984
110.72,5983
110.78,5982
110.79,5980
110.81,5979
110.84,5977
110.85,5976
110.87,5975
110.89,5974
110.91,5973
110.93,5972
110.97,5970
111.17,5968
111.18,5967
111.23,5965
111.24,5964
111.54,5962
111.57,5961
111.64,5959
111.68,5958
111.69,5957
111.72,5956
111.77,5954
111.8,5953
111.81,5952
112.14,5951
112.15,5948
112.4,5947
112.44,5945
112.54,5942
112.56,5941
112.57,5940
112.58,5939
112.59,5938
112.63,5936
112.64,5935
113.44,5934
113.45,5933
113.46,5931
113.48,5930
113.51,5929
113.56,5928
113.64,5927
113.67,5925
113.68,5924
113.71,5923
113.73,5922
114.21,5921
114.27,5920
114.3,5919
114.31,5918
114.32,5917
114.4,5916
114.43,5914
114.45,5911
114.47,5910
114.48,5909
114.53,5908
114.56,5907
114.58,5906
114.61,5904
114.62,5903
114.64,5902
114.65,5901
114.68,5899
114.69,5898
114.71,5896
115.0,5893
115.01,5892
115.03,5891
115.04,5889
115.07,5888
115.08,5886
115.09,5885
115.1,5884
115.13,5882
115.15,5881
115.39,5880
115.42,5879
115.62,5878
115.65,5877
115.67,5876
115.69,5875
115.72,5873
115.74,5872
115.77,5871
115.81,5869
115.82,5867
115.86,5866
115.87,5865
115.9,5863
115.94,5862
115.95,5861
115.96,5860
115.97,5859
115.98,5857
115.99,5856
116.01,5855
116.02,5853
116.03,5852
116.06,5851
116.09,5850
116.14,5849
116.49,5847
116.52,5846
116.55,5845
116.75,5844
116.78,5842
116.81,5838
116.83,5836
116.84,5835
116.86,5834
116.88,5832
116.9,5831
116.91,5829
116.93,5828
116.97,5826
116.98,5825
117.02,5824
117.03,5822
117.07,5821
117.08,5819
117.09,5818
117.11,5817
117.12,5816
117.16,5815
117.18,5813
117.19,5812
117.2,5811
117.23,5810
117.26,5809
117.28,5805
117.29,5804
117.3,5802
117.31,5801
117.33,5800
117.51,5799
117.54,5798
117.55,5796
117.6,5795
117.61,5794
117.62,5793
117.64,5792
117.85,5791
117.89,5790
118.03,5788
118.04,5786
118.05,5785
118.09,5783
118.1,5781
118.11,5780
118.17,5779
118.19,5777
118.2,5776
118.23,5775
118.66,5774
118.67,5773
118.68,5772
118.69,5771
118.7,5770
119.15,5769
119.17,5767
119.18,5766
119.58,5765
119.59,5764
119.64,5762
119.66,5761
119.68,5760
119.69,5759
119.72,5758
119.73,5757
119.75,5755
119.8,5753
119.81,5752
119.88,5751
119.91,5750
120.15,5749
120.16,5748
120.52,5746
120.53,5745
120.95,5744
120.99,5741
121.01,5740
121.02,5739
121.03,5737
121.04,5736
121.05,5735
121.06,5734
121.11,5733
121.15,5729
121.2,5728
121.24,5727
121.26,5726
121.27,5725
121.28,5724
121.32,5723
121.58,5722
121.59,5720
121.64,5719
121.65,5717
121.68,5716
121.69,5714
121.7,5713
122.24,5712
122.25,5711
122.31,5710
122.34,5708
122.39,5706
122.51,5705
122.55,5704
122.57,5703
122.58,5702
122.97,5701
122.98,5698
123.01,5697
123.12,5696
123.23,5695
123.26,5694
123.27,5693
123.31,5692
123.68,5690
123.75,5689
123.76,5688
123.86,5687
123.87,5686
123.91,5685
124.36,5684
124.4,5683
124.41,5682
124.42,5681
124.82,5679
124.83,5678
124.84,5677
124.86,5676
124.88,5675
124.9,5674
124.97,5673
125.01,5671
125.02,5670
125.44,5669
125.47,5666
125.48,5665
125.49,5664
125.5,5663
125.52,5662
125.59,5661
125.6,5660
125.61,5659
125.63,5658
125.65,5657
125.67,5656
125.69,5655
125.71,5654
125.74,5652
125.75,5651
125.76,5650
125.79,5649
125.8,5648
125.82,5647
125.85,5645
126.3,5644
126.32,5642
126.33,5641
126.34,5639
126.37,5637
126.62,5635
126.63,5634
126.67,5632
126.7,5631
126.71,5630
126.73,5629
126.74,5627
127.1,5626
127.12,5625
127.13,5623
127.21,5622
127.22,5621
127.25,5620
127.26,5619
127.36,5617
127.38,5613
127.39,5611
127.41,5610
127.42,5609
127.44,5608
127.46,5605
127.47,5603
127.83,5602
127.86,5601
127.89,5600
127.97,5599
127.99,5598
128.0,5596
128.15,5595
128.17,5594
128.19,5593
128.2,5592
128.21,5591
128.22,5589
128.25,5588
128.26,5587
128.3,5586
128.32,5584
128.33,5582
128.35,5581
128.37,5579
128.41,5578
128.46,5577
128.48,5576
128.49,5575
128.53,5573
128.55,5572
128.57,5571
128.58,5570
128.6,5569
128.61,5567
128.64,5566
128.66,5563
128.71,5562
129.29,5560
129.32,5558
129.4,5557
129.41,5555
129.46,5554
129.47,5553
129.5,5552
129.55,5550
129.58,5549
129.59,5548
129.64,5547
129.65,5546
129.67,5545
129.9,5544
129.92,5543
130.0,5540
130.06,5539
130.08,5537
130.09,5536
130.11,5535
130.14,5534
130.15,5533
130.16,5531
130.19,5529
130.2,5528
130.21,5527
130.24,5526
131.06,5525
131.11,5524
131.14,5523
131.18,5522
131.19,5521
131.2,5520
131.61,5519
131.62,5518
131.63,5516
131.68,5515
131.69,5514
131.7,5513
131.8,5512
131.87,5510
131.92,5509
131.94,5508
131.95,5507
131.96,5506
132.02,5504
132.03,5503
132.04,5502
132.07,5501
132.1,5500
132.11,5498
132.46,5497
132.47,5495
132.52,5493
132.61,5492
132.62,5491
132.85,5490
133.27,5488
133.3,5486
133.35,5484
133.61,5483
134.01,5481
134.02,5480
134.03,5479
134.06,5478
134.09,5475
134.1,5473
134.11,5471
134.29,5469
134.31,5468
134.51,5467
134.58,5465
134.6,5464
134.61,5462
134.65,5461
134.66,5460
134.68,5457
134.69,5455
134.78,5454
134.88,5452
134.89,5451
135.36,5450
135.37,5448
135.39,5447
135.4,5444
135.45,5443
135.47,5442
135.48,5441
135.51,5440
135.54,5438
135.56,5437
135.6,5436
135.64,5435
135.65,5433
135.69,5432
135.7,5431
135.72,5430
135.74,5429
135.76,5428
135.8,5427
136.17,5426
136.39,5425
136.4,5424
136.42,5423
136.45,5422
136.49,5421
136.5,5420
136.51,5419
136.56,5417
136.57,5415
136.58,5414
136.62,5413
136.64,5412
136.79,5411
136.81,5410
137.21,5409
137.23,5408
137.24,5407
137.26,5404
137.3,5402
137.34,5401
137.35,5400
137.36,5399
137.39,5398
137.44,5395
137.81,5394
137.82,5393
137.83,5392
137.93,5391
138.3,5390
138.32,5389
138.4,5387
138.41,5386
138.42,5384
138.45,5383
138.48,5382
138.52,5381
138.57,5380
138.59,5379
138.61,5378
138.66,5377
138.7,5376
138.71,5375
138.72,5374
138.74,5371
138.76,5370
138.83,5369
138.91,5368
139.11,5367
139.13,5366
139.16,5365
139.18,5364
139.22,5362
139.25,5360
139.28,5359
139.32,5358
139.33,5355
139.38,5354
139.42,5353
140.03,5351
140.05,5350
140.09,5349
140.41,5347
140.45,5346
140.48,5345
140.5,5341
140.55,5340
140.56,5339
140.61,5338
140.65,5337
140.66,5336
140.68,5335
140.92,5334
140.93,5333
140.96,5332
140.97,5330
141.01,5329
141.04,5328
141.21,5327
141.22,5326
141.23,5325
141.31,5324
141.36,5322
141.4,5321
141.42,5320
141.46,5319
141.55,5318
141.58,5316
141.59,5315
141.67,5314
141.68,5312
141.7,5311
141.77,5310
141.84,5309
141.9,5307
141.94,5306
142.28,5304
142.29,5303
142.32,5302
142.37,5301
142.49,5300
142.52,5299
142.54,5298
142.58,5297
142.67,5295
142.71,5294
142.75,5293
142.81,5292
142.83,5291
143.18,5289
143.35,5287
143.36,5286
143.38,5284
143.42,5283
143.44,5281
143.46,5280
143.57,5279
143.59,5276
143.6,5275
143.62,5274
143.63,5273
143.64,5272
144.04,5271
144.06,5270
144.07,5269
144.1,5268
144.29,5267
144.61,5266
144.62,5265
144.64,5264
144.66,5263
144.69,5262
144.72,5261
144.75,5260
144.84,5259
145.03,5258
145.09,5256
145.2,5255
145.26,5254
145.27,5253
145.29,5252
145.3,5251
145.31,5250
145.32,5248
145.37,5247
145.38,5246
145.41,5244
145.43,5241
145.46,5240
145.49,5239
145.56,5238
145.57,5237
145.62,5236
145.65,5232
145.68,5231
145.71,5230
146.09,5229
146.43,5228
146.5,5227
146.51,5225
146.52,5224
146.53,5223
147.06,5222
147.07,5221
147.09,5220
147.15,5219
147.47,5218
147.49,5217
147.51,5216
147.55,5215
147.57,5214
147.58,5213
147.59,5212
147.63,5211
147.64,5210
147.66,5209
147.67,5208
148.1,5206
148.25,5205
148.27,5204
148.53,5203
148.72,5202
148.74,5201
148.8,5200
148.86,5199
148.97,5198
149.66,5197
149.68,5196
150.22,5195
150.26,5194
150.28,5193
150.36,5192
150.4,5191
150.51,5190
150.69,5187
150.73,5186
151.28,5185
151.3,5184
151.32,5183
151.34,5180
151.85,5179
151.94,5178
151.96,5177
152.47,5176
152.5,5175
152.52,5174
152.55,5173
152.56,5171
152.57,5170
152.58,5169
152.59,5168
153.03,5167
153.04,5166
153.06,5165
153.07,5164
153.15,5161
153.16,5160
153.25,5159
153.3,5157
153.31,5156
153.32,5155
153.33,5154
153.5,5153
153.52,5152
153.95,5151
154.21,5150
154.26,5149
154.29,5148
154.72,5146
154.92,5145
154.93,5143
154.96,5142
154.97,5141
155.0,5140
155.23,5139
155.25,5138
155.31,5137
155.32,5136
155.33,5135
155.35,5134
155.4,5133
155.72,5132
155.81,5131
155.88,5130
155.93,5129
156.19,5128
156.22,5127
156.27,5125
156.29,5124
156.31,5122
156.4,5121
156.45,5120
156.48,5119
156.52,5118
156.53,5117
156.58,5116
156.64,5115
156.66,5114
157.29,5113
157.32,5110
157.33,5109
157.37,5108
157.49,5107
157.52,5105
157.55,5104
157.57,5103
157.63,5101
157.93,5100
158.02,5099
158.03,5098
158.05,5097
158.12,5096
158.13,5095
158.17,5094
158.18,5092
158.2,5090
158.32,5089
158.36,5085
158.67,5084
158.68,5083
158.71,5082
158.78,5081
158.79,5080
158.8,5079
158.82,5078
158.83,5077
158.87,5076
158.89,5075
158.92,5074
158.96,5073
158.97,5072
158.98,5071
159.0,5070
159.04,5069
159.05,5068
159.14,5067
159.5,5064
160.81,5063
161.29,5062
161.33,5060
161.34,5059
161.7,5058
161.71,5056
161.77,5055
161.85,5054
161.96,5053
162.0,5052
162.01,5051
162.05,5050
162.09,5049
162.16,5048
162.17,5047
162.23,5046
162.91,5045
162.97,5044
162.99,5043
163.01,5042
163.03,5041
163.72,5040
163.76,5039
163.82,5038
163.97,5037
163.99,5036
164.01,5035
164.03,5034
164.4,5033
164.41,5032
164.43,5031
164.44,5029
164.47,5027
166.32,5026
166.43,5025
166.91,5024
166.92,5023
166.96,5022
166.97,5021
167.0,5020
167.1,5019
167.15,5018
167.19,5017
167.21,5016
167.43,5015
167.46,5014
167.72,5013
167.74,5012
168.64,5010
168.68,5009
168.75,5008
169.23,5006
169.3,5005
169.4,5004
169.46,5003
169.99,5002
170.05,5001
170.09,5000
170.13,4999
170.15,4998
170.2,4997
170.29,4996
170.4,4995
170.91,4993
170.97,4991
170.99,4990
171.34,4989
171.48,4988
171.51,4987
171.54,4986
171.55,4985
171.64,4984
171.65,4983
171.73,4982
171.83,4981
171.84,4980
172.35,4979
172.4,4978
172.56,4977
172.61,4976
172.63,4975
172.64,4974
172.73,4972
172.74,4971
172.78,4970
173.0,4969
173.02,4968
173.08,4967
173.09,4965
173.11,4964
173.14,4963
173.56,4962
174.14,4961
174.58,4959
174.63,4958
174.77,4957
174.8,4956
175.22,4955
175.23,4954
175.25,4953
175.26,4952
175.63,4951
176.01,4950
176.07,4948
176.2,4947
176.22,4946
176.26,4944
176.3,4943
176.32,4942
176.38,4941
176.44,4940
176.45,4939
176.47,4938
176.84,4937
177.41,4936
178.44,4935
178.45,4934
178.5,4932
178.74,4931
179.17,4930
179.19,4929
179.27,4927
179.39,4925
179.47,4924
179.51,4923
179.52,4922
179.56,4921
179.71,4920
179.8,4919
179.92,4918
179.95,4917
180.0,4916
180.19,4915
180.21,4914
180.51,4913
180.69,4912
180.76,4911
180.78,4910
181.04,4909
181.33,4908
181.4,4907
181.48,4906
181.91,4905
182.11,4904
182.26,4903
182.37,4902
183.23,4901
183.59,4900
183.6,4899
183.67,4898
183.7,4896
183.71,4895
183.73,4894
183.74,4893
184.28,4892
184.38,4891
184.93,4890
185.1,4889
185.11,4888
185.14,4887
185.18,4886
185.21,4885
185.45,4884
185.51,4883
185.74,4882
185.76,4881
185.83,4880
185.87,4879
185.91,4878
185.97,4877
186.02,4876
186.4,4875
186.87,4874
186.89,4873
186.98,4872
187.75,4871
187.76,4870
188.17,4869
188.2,4868
188.44,4867
188.83,4866
189.36,4865
189.38,4864
189.41,4863
189.45,4862
189.5,4861
189.95,4860
190.08,4859
190.14,4858
190.37,4857
190.85,4856
190.88,4855
190.9,4854
191.07,4853
191.43,4852
191.68,4851
191.7,4850
191.71,4848
191.77,4847
191.8,4846
192.01,4845
192.02,4844
193.04,4843
193.07,4842
193.11,4841
193.16,4839
193.19,4838
193.21,4837
193.3,4836
193.58,4834
193.61,4833
193.64,4832
193.73,4831
193.75,4830
193.82,4829
193.92,4828
194.07,4827
194.38,4826
194.55,4825
194.74,4824
194.76,4823
194.89,4822
195.17,4821
195.26,4820
195.72,4819
196.25,4818
196.38,4817
196.39,4816
196.43,4815
197.12,4813
197.22,4812
197.28,4811
198.07,4810
198.47,4809
199.57,4808
199.93,4807
199.95,4806
200.96,4805
201.84,4804
202.53,4802
202.61,4801
202.77,4800
202.84,4799
202.9,4798
203.21,4796
203.25,4795
204.42,4794
204.44,4793
205.09,4792
205.64,4791
206.12,4790
206.21,4789
206.68,4788
207.84,4787
208.3,4786
208.54,4785
209.0,4784
209.03,4783
209.17,4782
209.19,4781
209.65,4780
210.27,4779
210.46,4778
210.51,4777
211.78,4776
212.18,4775
212.19,4773
212.3,4772
212.4,4771
212.49,4770
212.55,4769
212.74,4768
212.78,4767
213.09,4766
213.46,4765
213.83,4764
214.42,4763
214.46,4762
215.17,4761
215.25,4759
215.46,4758
215.51,4757
216.1,4756
216.16,4755
216.35,4754
216.46,4753
216.5,4752
216.81,4751
217.19,4750
217.23,4749
217.24,4748
217.26,4747
217.83,4746
218.08,4745
218.17,4743
218.25,4742
218.32,4741
218.58,4739
218.6,4738
218.81,4737
219.36,4736
219.78,4735
219.83,4734
220.16,4733
220.31,4731
220.39,4730
220.79,4729
220.81,4728
220.86,4727
220.88,4726
221.09,4725
221.2,4724
221.24,4723
221.86,4722
222.16,4721
222.21,4720
222.35,4719
222.42,4718
222.95,4717
223.81,4716
224.46,4715
224.57,4714
224.79,4713
225.38,4712
225.82,4711
226.04,4710
226.84,4709
227.21,4708
228.14,4707
228.64,4706
229.06,4705
229.49,4704
230.38,4703
230.4,4702
230.77,4701
230.82,4700
230.94,4699
231.51,4697
232.3,4696
232.75,4695
232.96,4694
233.2,4693
234.22,4692
235.65,4691
236.18,4690
237.03,4689
237.67,4688
237.69,4687
237.87,4686
238.67,4685
239.26,4683
239.31,4682
239.32,4681
240.6,4680
240.79,4679
241.58,4678
241.61,4677
241.8,4676
242.24,4675
242.7,4674
242.92,4673
243.35,4672
243.58,4671
244.05,4670
244.11,4669
244.33,4668
244.76,4667
245.63,4666
245.91,4665
246.49,4664
247.13,4663
247.89,4662
248.35,4661
248.62,4659
249.03,4658
249.22,4657
249.79,4656
250.89,4654
251.7,4653
252.2,4652
252.81,4651
252.82,4650
254.09,4649
254.6,4648
254.82,4647
255.36,4646
255.61,4645
255.92,4644
255.93,4643
256.67,4642
256.86,4641
257.2,4640
257.45,4639
259.46,4638
259.6,4637
259.83,4636
261.75,4635
262.69,4634
263.7,4633
263.82,4632
263.95,4631
265.53,4630
265.77,4629
266.13,4628
267.58,4627
269.02,4626
270.6,4625
270.82,4624
271.6,4623
271.66,4622
271.75,4621
272.05,4620
272.43,4619
272.8,4618
272.97,4617
273.2,4616
273.25,4615
273.45,4614
273.54,4613
273.8,4612
276.56,4611
277.18,4610
277.95,4609
278.26,4608
278.39,4607
279.73,4606
280.16,4605
281.16,4604
281.2,4603
283.16,4602
283.69,4601
284.77,4600
286.43,4599
286.65,4598
287.18,4597
291.29,4596
292.26,4595
297.89,4594
299.58,4593
300.13,4592
304.67,4591
306.2,4590
309.38,4589
311.93,4588
312.69,4587
320.53,4586
325.13,4585
332.94,4584
334.12,4583
336.07,4582
337.81,4581
341.55,4580
341.85,4579
345.37,4578
346.91,4577
347.11,4576
350.16,4575
358.91,4574
365.21,4573
365.56,4572
372.98,4571
376.97,4570
387.48,4569
390.57,4568
398.13,4567
400.48,4566
400.76,4565
410.67,4564
411.81,4563
423.9,4562
433.39,4561
457.52,4560
461.94,4559
502.23,4558
534.09,4557
537.67,4556
554.17,4555
586.99,4554
