0.0,14109
0.22,14108
0.44,14107
0.68,14106
0.89,14105
1.08,14104
1.3,14103
1.47,14102
1.72,14101
1.93,14100
2.16,14099
2.38,14098
2.61,14097
2.8,14096
3.02,14095
3.25,14094
3.47,14093
3.69,14092
3.93,14091
4.18,14090
4.47,14089
4.71,14088
4.95,14087
5.18,14086
5.51,14085
5.71,14084
5.98,14083
6.21,14082
6.45,14081
6.7,14080
6.91,14079
7.23,14078
7.52,14077
7.84,14076
8.13,14075
8.4,14074
8.65,14073
9.03,14072
9.35,14071
9.61,14070
9.94,14069
10.13,14068
10.38,14067
10.55,14066
10.86,14065
11.05,14064
11.29,14063
11.51,14062
11.82,14061
12.09,14060
12.32,14059
12.53,14058
12.89,14057
13.14,14056
13.38,14055
13.69,14054
13.92,14053
14.17,14052
14.44,14051
14.74,14050
15.01,14049
15.27,14048
15.65,14047
15.87,14046
16.1,14045
16.34,14044
16.56,14043
16.79,14042
17.07,14041
17.26,14040
17.51,14039
17.71,14038
17.94,14037
18.17,14036
18.39,14035
18.63,14034
18.92,14033
19.16,14032
19.41,14031
19.59,14030
19.83,14029
20.08,14028
20.27,14027
20.52,14026
20.78,14025
20.96,14024
21.19,14023
21.41,14022
21.66,14021
21.83,14020
22.11,14019
22.32,14018
22.54,14017
22.78,14016
23.0,14015
23.18,14014
23.39,14013
23.62,14012
23.81,14011
24.0,14010
24.22,14009
24.47,14008
24.66,14007
24.83,14006
25.07,14005
25.27,14004
25.49,14003
25.71,14002
25.94,14001
26.16,14000
26.4,13999
26.58,13998
26.83,13997
27.02,13996
27.24,13995
27.46,13994
27.66,13993
27.94,13992
28.13,13991
28.38,13990
28.57,13989
28.75,13988
28.97,13987
29.19,13986
29.38,13985
29.6,13984
29.83,13983
30.01,13982
30.21,13981
30.41,13980
30.66,13979
30.89,13978
31.13,13977
31.35,13976
31.56,13975
31.77,13974
32.06,13973
32.27,13972
32.5,13971
32.73,13970
32.93,13969
33.16,13968
33.42,13967
33.66,13966
33.88,13965
34.17,13964
34.41,13963
34.64,13962
34.88,13961
35.11,13960
35.35,13959
35.59,13958
35.83,13957
36.06,13956
36.25,13955
36.47,13954
36.66,13953
36.87,13952
37.1,13951
37.3,13950
37.53,13949
37.79,13948
38.0,13947
38.29,13946
38.58,13945
38.85,13944
39.19,13943
39.4,13942
39.62,13941
39.85,13940
40.18,13939
40.4,13938
40.64,13937
40.91,13936
41.18,13935
41.47,13934
41.73,13933
41.99,13932
42.26,13931
42.57,13930
42.87,13929
43.12,13928
43.4,13927
43.72,13926
43.99,13925
44.21,13924
44.5,13923
44.87,13922
45.17,13921
45.44,13920
45.73,13919
45.97,13918
46.3,13917
46.61,13916
46.89,13915
47.2,13914
47.44,13913
47.7,13912
47.98,13911
48.23,13910
48.45,13909
48.76,13908
49.01,13907
49.31,13906
49.52,13905
49.81,13904
50.06,13903
50.24,13902
50.52,13901
50.76,13900
51.02,13899
51.23,13898
51.48,13897
51.68,13896
51.95,13895
52.17,13894
52.35,13893
52.6,13892
52.81,13891
53.07,13890
53.32,13889
53.57,13888
53.87,13887
54.12,13886
54.38,13885
54.63,13884
54.87,13883
55.19,13882
55.39,13881
55.65,13880
55.88,13879
56.16,13878
56.36,13877
56.54,13876
56.75,13875
57.01,13874
57.28,13873
57.51,13872
57.76,13871
58.03,13870
58.29,13869
58.55,13868
58.81,13867
59.09,13866
59.39,13865
59.67,13864
59.89,13863
60.19,13862
60.47,13861
60.75,13860
60.96,13859
61.19,13858
61.47,13857
61.74,13856
61.97,13855
62.25,13854
62.47,13853
62.74,13852
63.02,13851
63.22,13850
63.42,13849
63.7,13848
63.97,13847
64.23,13846
64.43,13845
64.69,13844
64.9,13843
65.13,13842
65.32,13841
65.6,13840
65.89,13839
66.13,13838
66.36,13837
66.7,13836
66.98,13835
67.23,13834
67.43,13833
67.72,13832
67.98,13831
68.25,13830
68.6,13829
68.79,13828
69.04,13827
69.33,13826
69.71,13825
69.97,13824
70.2,13823
70.44,13822
70.66,13821
70.92,13820
71.16,13819
71.41,13818
71.61,13817
71.89,13816
72.08,13815
72.27,13814
72.6,13813
72.91,13812
73.2,13811
73.52,13810
73.83,13809
74.06,13808
74.3,13807
74.56,13806
74.82,13805
75.13,13804
75.37,13803
75.67,13802
75.88,13801
76.12,13800
76.41,13799
76.66,13798
76.88,13797
77.16,13796
77.46,13795
77.7,13794
77.99,13793
78.27,13792
78.54,13791
78.81,13790
79.05,13789
79.31,13788
79.55,13787
79.82,13786
80.12,13785
80.37,13784
80.62,13783
80.87,13782
81.11,13781
81.37,13780
81.62,13779
81.87,13778
82.14,13777
82.43,13776
82.69,13775
82.95,13774
83.19,13773
83.39,13772
83.7,13771
83.93,13770
84.24,13769
84.45,13768
84.67,13767
84.87,13766
85.18,13765
85.4,13764
85.7,13763
85.92,13762
86.15,13761
86.43,13760
86.73,13759
86.99,13758
87.29,13757
87.53,13756
87.84,13755
88.15,13754
88.46,13753
88.7,13752
89.03,13751
89.32,13750
89.63,13749
89.87,13748
90.17,13747
90.48,13746
90.82,13745
91.04,13744
91.34,13743
91.56,13742
91.9,13741
92.21,13740
92.46,13739
92.77,13738
93.15,13737
93.37,13736
93.66,13735
93.9,13734
94.18,13733
94.46,13732
94.76,13731
95.06,13730
95.33,13729
95.68,13728
95.94,13727
96.24,13726
96.49,13725
96.8,13724
97.13,13723
97.57,13722
97.84,13721
98.16,13720
98.49,13719
98.9,13718
99.23,13717
99.52,13716
99.82,13715
100.07,13714
100.37,13713
100.64,13712
100.91,13711
101.21,13710
101.46,13709
101.73,13708
101.98,13707
102.22,13706
102.47,13705
102.73,13704
103.07,13703
103.36,13702
103.66,13701
103.9,13700
104.31,13699
104.74,13698
105.1,13697
105.45,13696
105.72,13695
106.06,13694
106.39,13693
106.66,13692
106.92,13691
107.22,13690
107.46,13689
107.78,13688
108.11,13687
108.37,13686
108.7,13685
108.93,13684
109.19,13683
109.5,13682
109.83,13681
110.07,13680
110.38,13679
110.74,13678
110.99,13677
111.3,13676
111.6,13675
111.87,13674
112.2,13673
112.46,13672
112.78,13671
113.11,13670
113.38,13669
113.69,13668
113.94,13667
114.18,13666
114.49,13665
114.85,13664
115.09,13663
115.32,13662
115.65,13661
115.89,13660
116.21,13659
116.46,13658
116.78,13657
117.04,13656
117.36,13655
117.68,13654
117.95,13653
118.23,13652
118.48,13651
118.77,13650
119.02,13649
119.28,13648
119.61,13647
119.88,13646
120.12,13645
120.38,13644
120.64,13643
120.88,13642
121.13,13641
121.4,13640
121.67,13639
122.0,13638
122.27,13637
122.56,13636
122.84,13635
123.04,13634
123.36,13633
123.59,13632
123.92,13631
124.2,13630
124.44,13629
124.74,13628
125.04,13627
125.28,13626
125.58,13625
125.82,13624
126.11,13623
126.34,13622
126.66,13621
126.87,13620
127.14,13619
127.44,13618
127.64,13617
127.86,13616
128.06,13616
128.35,13615
128.58,13614
128.81,13613
129.1,13612
129.4,13611
129.7,13610
129.91,13609
130.19,13608
130.5,13607
130.81,13606
131.05,13605
131.25,13604
131.57,13603
131.82,13602
132.1,13601
132.33,13600
132.63,13599
132.88,13598
133.19,13597
133.43,13596
133.73,13595
133.98,13594
134.27,13593
134.53,13592
134.84,13591
135.05,13590
135.29,13589
135.58,13588
135.83,13587
136.08,13586
136.32,13585
136.57,13584
136.82,13583
137.07,13582
137.32,13581
137.56,13580
137.81,13579
138.11,13578
138.36,13577
138.61,13576
138.87,13575
139.12,13574
139.36,13573
139.61,13572
139.86,13571
140.11,13570
140.39,13569
140.67,13568
140.9,13567
141.2,13566
141.5,13565
141.75,13564
142.04,13563
142.28,13562
142.55,13561
142.84,13560
143.06,13559
143.35,13558
143.56,13557
143.87,13556
144.14,13555
144.37,13554
144.66,13554
144.87,13553
145.09,13552
145.39,13551
145.68,13550
145.89,13549
146.19,13548
146.41,13547
146.71,13546
147.0,13545
147.22,13544
147.48,13544
147.8,13543
148.02,13542
148.28,13541
148.58,13540
148.81,13539
149.11,13538
149.34,13537
149.55,13536
149.89,13535
150.13,13534
150.36,13533
150.66,13532
150.91,13531
151.19,13530
151.43,13529
151.71,13528
151.95,13527
152.26,13526
152.49,13525
152.75,13524
153.05,13523
153.28,13522
153.57,13521
153.77,13520
153.97,13519
154.28,13518
154.49,13517
154.79,13516
155.07,13515
155.31,13514
155.57,13513
155.82,13512
156.04,13511
156.34,13510
156.57,13509
156.8,13508
157.07,13507
157.31,13506
157.61,13505
157.87,13504
158.11,13503
158.36,13502
158.61,13501
158.88,13500
159.13,13499
159.38,13498
159.64,13497
159.9,13496
160.15,13495
160.39,13494
160.69,13493
160.94,13492
161.2,13491
161.44,13490
161.73,13489
161.98,13488
162.24,13487
162.49,13486
162.75,13485
163.05,13484
163.33,13483
163.54,13482
163.83,13481
164.03,13480
164.32,13479
164.51,13478
164.8,13477
165.04,13476
165.28,13475
165.55,13474
165.88,13473
166.09,13472
166.32,13471
166.61,13470
166.92,13469
167.13,13468
167.41,13467
167.63,13466
167.83,13465
168.1,13464
168.39,13463
168.61,13462
168.89,13461
169.13,13460
169.36,13459
169.65,13458
169.88,13457
170.2,13456
170.47,13455
170.71,13454
170.99,13453
171.28,13452
171.48,13451
171.79,13450
172.02,13449
172.26,13448
172.52,13447
172.82,13446
173.05,13445
173.31,13444
173.58,13443
173.83,13442
174.12,13441
174.37,13440
174.7,13439
175.03,13438
175.25,13437
175.55,13436
175.77,13435
175.99,13434
176.31,13433
176.59,13432
176.82,13431
177.23,13430
177.46,13429
177.78,13428
178.0,13427
178.28,13426
178.5,13425
178.78,13424
179.02,13423
179.22,13422
179.51,13421
179.81,13420
180.08,13419
180.29,13418
180.54,13417
180.76,13416
181.03,13415
181.32,13414
181.65,13413
181.86,13412
182.08,13411
182.38,13410
182.7,13409
183.0,13408
183.25,13407
183.53,13406
183.77,13405
184.03,13404
184.28,13403
184.61,13402
184.87,13401
185.19,13400
185.42,13399
185.72,13398
185.95,13397
186.25,13396
186.46,13395
186.67,13394
186.89,13393
187.16,13392
187.44,13391
187.69,13390
188.02,13389
188.33,13388
188.55,13387
188.86,13386
189.22,13385
189.44,13384
189.76,13383
190.05,13382
190.29,13381
190.57,13380
190.79,13379
191.03,13378
191.27,13377
191.58,13376
191.79,13375
192.13,13374
192.41,13373
192.75,13372
192.97,13371
193.27,13370
193.49,13369
193.8,13368
194.12,13367
194.32,13366
194.59,13365
194.82,13364
195.12,13363
195.37,13362
195.66,13361
195.89,13360
196.2,13359
196.51,13358
196.75,13357
197.04,13356
197.32,13355
197.54,13354
197.83,13353
198.06,13352
198.35,13351
198.56,13350
198.84,13349
199.06,13348
199.34,13347
199.56,13346
199.87,13345
200.18,13344
200.4,13343
200.71,13342
201.01,13341
201.27,13340
201.56,13339
201.81,13338
202.09,13337
202.31,13336
202.59,13335
202.89,13334
203.14,13333
203.4,13332
203.72,13331
203.95,13330
204.14,13329
204.39,13328
204.71,13327
204.95,13326
205.24,13325
205.52,13324
205.71,13324
206.02,13323
206.25,13322
206.53,13321
206.78,13320
206.98,13319
207.27,13318
207.56,13317
207.85,13316
208.08,13315
208.33,13314
208.57,13313
208.83,13312
209.08,13311
209.33,13310
209.63,13309
209.88,13308
210.13,13307
210.37,13306
210.63,13305
210.89,13304
211.13,13303
211.38,13302
211.63,13301
211.89,13300
212.13,13299
212.38,13298
212.62,13297
212.92,13296
213.18,13295
213.41,13294
213.67,13293
213.93,13292
214.18,13291
214.39,13290
214.69,13289
214.91,13288
215.18,13287
215.38,13286
215.67,13285
215.88,13284
216.16,13283
216.39,13282
216.68,13281
216.9,13280
217.18,13279
217.48,13278
217.71,13277
218.02,13276
218.2,13275
218.47,13274
218.8,13273
219.01,13272
219.32,13271
219.54,13270
219.85,13269
220.07,13268
220.37,13267
220.68,13266
220.92,13265
221.15,13264
221.34,13263
221.56,13262
221.84,13261
222.06,13260
222.33,13259
222.55,13258
222.83,13257
223.05,13256
223.35,13255
223.66,13254
223.87,13253
224.17,13252
224.44,13251
224.67,13250
224.92,13249
225.23,13248
225.46,13247
225.74,13246
226.0,13245
226.24,13244
226.51,13243
226.75,13242
227.05,13241
227.3,13240
227.55,13239
227.81,13238
228.05,13237
228.3,13236
228.54,13235
228.8,13234
229.05,13233
229.29,13232
229.54,13231
229.8,13230
230.05,13229
230.29,13228
230.53,13227
230.85,13226
231.13,13225
231.32,13224
231.63,13223
231.85,13222
232.16,13221
232.37,13220
232.69,13219
232.91,13218
233.3,13217
233.53,13216
233.84,13215
234.1,13214
234.32,13213
234.6,13212
234.9,13211
235.13,13210
235.42,13209
235.65,13208
235.94,13207
236.13,13206
236.45,13205
236.75,13204
236.96,13203
237.19,13202
237.43,13201
237.81,13200
238.03,13199
238.21,13198
238.46,13197
238.75,13196
238.96,13195
239.18,13194
239.45,13193
239.64,13192
239.9,13191
240.14,13190
240.35,13189
240.59,13188
240.85,13187
241.14,13186
241.35,13185
241.56,13184
241.87,13183
242.12,13182
242.32,13181
242.64,13180
242.92,13179
243.14,13178
243.42,13177
243.65,13176
243.94,13175
244.16,13174
244.39,13173
244.64,13172
244.9,13171
245.17,13170
245.45,13169
245.65,13168
245.89,13167
246.17,13166
246.4,13165
246.7,13164
246.92,13163
247.14,13162
247.34,13161
247.64,13160
247.84,13159
248.1,13158
248.3,13157
248.6,13156
248.82,13155
249.1,13154
249.33,13153
249.64,13152
249.89,13151
250.13,13150
250.4,13149
250.65,13148
250.97,13147
251.21,13146
251.46,13145
251.71,13144
251.95,13143
252.2,13142
252.45,13141
252.7,13140
252.95,13139
253.2,13138
253.44,13137
253.7,13136
253.94,13135
254.24,13134
254.47,13133
254.71,13132
255.02,13131
255.25,13130
255.55,13129
255.82,13128
256.17,13127
256.37,13126
256.7,13125
256.93,13124
257.17,13123
257.43,13122
257.66,13121
257.97,13120
258.22,13119
258.44,13118
258.68,13117
258.97,13116
259.18,13115
259.48,13114
259.7,13113
260.03,13112
260.31,13111
260.59,13110
260.82,13109
261.09,13108
261.39,13107
261.72,13106
261.99,13105
262.22,13104
262.43,13103
262.73,13102
263.01,13101
263.21,13100
263.51,13099
263.73,13098
264.05,13097
264.26,13096
264.56,13095
264.88,13094
265.09,13093
265.33,13092
265.61,13091
265.92,13090
266.13,13089
266.44,13088
266.72,13087
266.96,13086
267.23,13085
267.48,13084
267.78,13083
268.0,13082
268.31,13081
268.54,13080
268.86,13079
269.1,13078
269.39,13077
269.65,13076
269.96,13075
270.21,13074
270.52,13073
270.75,13072
271.08,13071
271.3,13070
271.61,13069
271.95,13068
272.28,13067
272.49,13066
272.74,13065
273.0,13064
273.29,13063
273.63,13062
273.88,13061
274.09,13061
274.32,13060
274.66,13059
275.01,13058
275.24,13057
275.49,13056
275.79,13055
276.04,13054
276.36,13053
276.68,13052
276.96,13051
277.24,13050
277.5,13049
277.8,13048
278.06,13047
278.39,13046
278.69,13045
278.94,13044
279.18,13043
279.43,13042
279.69,13041
279.94,13040
280.19,13039
280.43,13038
280.69,13037
280.94,13036
281.19,13035
281.48,13034
281.74,13033
281.95,13032
282.17,13031
282.44,13030
282.75,13029
282.97,13028
283.26,13027
283.5,13026
283.72,13025
283.98,13024
284.22,13023
284.6,13022
284.81,13022
285.11,13021
285.34,13020
285.61,13019
285.9,13018
286.13,13017
286.44,13016
286.66,13015
286.92,13014
287.16,13013
287.44,13012
287.67,13011
287.96,13010
288.18,13009
288.39,13008
288.66,13007
288.93,13006
289.17,13005
289.41,13004
289.7,13003
289.94,13002
290.14,13001
290.45,13000
290.68,12999
290.96,12998
291.17,12997
291.39,12996
291.72,12995
291.93,12994
292.24,12993
292.46,12992
292.76,12991
293.01,12990
293.32,12989
293.53,12988
293.77,12987
294.05,12986
294.34,12985
294.55,12984
294.83,12983
295.06,12982
295.35,12981
295.56,12980
295.79,12979
296.07,12978
296.31,12977
296.55,12976
296.8,12975
297.06,12974
297.39,12973
297.66,12972
297.9,12971
298.15,12970
298.4,12969
298.65,12968
298.9,12967
299.14,12966
299.39,12965
299.63,12964
299.89,12963
300.14,12962
300.38,12961
300.64,12960
300.89,12959
301.14,12958
301.38,12957
301.64,12956
301.94,12955
302.13,12954
302.37,12953
302.7,12952
302.95,12951
303.14,12950
303.4,12949
303.74,12948
303.95,12947
304.25,12946
304.53,12945
304.76,12944
304.97,12943
305.25,12942
305.47,12941
305.67,12940
305.88,12939
306.16,12938
306.37,12937
306.56,12937
306.83,12936
307.14,12935
307.37,12934
307.69,12933
307.97,12932
308.25,12931
308.58,12930
308.92,12929
309.16,12928
309.43,12927
309.76,12926
310.0,12925
310.24,12924
310.55,12923
310.79,12922
311.08,12921
311.31,12920
311.65,12919
311.96,12918
312.23,12917
312.47,12916
312.77,12915
313.01,12914
313.32,12913
313.6,12912
313.92,12911
314.22,12910
314.48,12909
314.76,12908
314.98,12907
315.27,12906
315.55,12905
315.88,12904
316.08,12903
316.3,12902
316.58,12901
316.91,12900
317.1,12899
317.32,12898
317.62,12897
317.95,12896
318.15,12895
318.46,12894
318.71,12893
318.95,12892
319.2,12891
319.44,12890
319.7,12889
319.95,12888
320.2,12887
320.45,12886
320.7,12885
320.95,12884
321.25,12883
321.49,12882
321.75,12881
321.99,12880
322.25,12879
322.49,12878
322.75,12877
323.01,12876
323.26,12875
323.52,12874
323.79,12873
324.02,12872
324.26,12871
324.52,12870
324.81,12869
325.1,12868
325.31,12867
325.61,12866
325.86,12865
326.15,12864
326.45,12863
326.65,12862
327.01,12861
327.3,12860
327.57,12859
327.85,12858
328.09,12857
328.35,12856
328.63,12855
328.89,12854
329.18,12853
329.43,12852
329.71,12851
329.97,12850
330.12,12850
330.38,12849
330.63,12848
330.93,12847
331.19,12846
331.44,12845
331.72,12844
331.98,12843
332.26,12842
332.51,12841
332.8,12840
333.06,12839
333.34,12838
333.65,12837
333.94,12836
334.14,12835
334.47,12834
334.75,12833
334.95,12832
335.22,12831
335.47,12830
335.76,12829
336.02,12828
336.28,12827
336.47,12826
336.79,12825
336.98,12824
337.23,12824
337.46,12823
337.72,12822
337.95,12821
338.21,12820
338.44,12819
338.74,12818
339.02,12817
339.37,12816
339.65,12815
339.93,12814
340.12,12814
340.39,12813
340.66,12812
340.95,12811
341.23,12810
341.5,12809
341.78,12808
342.05,12807
342.33,12806
342.61,12805
342.93,12804
343.22,12803
343.58,12802
343.83,12801
344.14,12800
344.36,12799
344.69,12798
345.01,12797
345.26,12796
345.47,12795
345.77,12794
346.1,12793
346.33,12792
346.35,12792
346.63,12791
346.93,12790
347.23,12789
347.57,12788
347.83,12787
348.16,12786
348.44,12785
348.66,12784
348.99,12783
349.24,12782
349.57,12781
349.89,12780
350.1,12779
350.32,12778
350.61,12777
350.85,12776
351.11,12775
351.35,12774
351.64,12773
351.92,12772
352.22,12771
352.44,12770
352.75,12769
353.05,12768
353.24,12767
353.49,12766
353.68,12765
353.88,12765
354.15,12764
354.38,12763
354.57,12763
354.88,12762
355.11,12761
355.42,12760
355.62,12759
355.88,12758
356.1,12757
356.38,12756
356.57,12755
356.88,12754
357.1,12753
357.37,12752
357.66,12751
357.91,12750
358.16,12749
358.4,12748
358.65,12747
358.9,12746
359.15,12745
359.39,12744
359.64,12743
359.89,12742
360.13,12741
360.37,12740
360.63,12739
360.87,12738
361.12,12737
361.37,12736
361.61,12735
361.86,12734
362.1,12733
362.34,12733
362.54,12732
362.84,12731
363.06,12730
363.36,12729
363.69,12728
363.89,12727
364.18,12726
364.41,12725
364.71,12724
364.93,12723
365.23,12722
365.47,12721
365.67,12720
365.96,12719
366.25,12718
366.53,12717
366.75,12716
367.04,12715
367.3,12714
367.58,12713
367.78,12712
367.98,12711
368.24,12710
368.53,12709
368.81,12708
369.03,12707
369.23,12706
369.56,12705
369.81,12704
370.08,12703
370.39,12702
370.72,12701
370.93,12700
371.22,12699
371.44,12698
371.72,12697
371.96,12696
372.17,12695
372.5,12694
372.7,12694
372.93,12693
373.22,12692
373.51,12691
373.77,12690
374.0,12689
374.27,12688
374.49,12687
374.77,12686
374.98,12685
375.23,12684
375.51,12683
375.78,12682
376.02,12681
376.27,12680
376.52,12679
376.81,12678
377.08,12677
377.34,12676
377.59,12675
377.85,12674
378.12,12673
378.43,12672
378.72,12671
378.99,12670
379.23,12669
379.45,12668
379.68,12667
379.93,12666
380.17,12665
380.4,12664
380.65,12663
380.89,12662
381.11,12661
381.34,12660
381.62,12659
381.82,12658
382.06,12657
382.33,12656
382.54,12655
382.77,12654
382.99,12653
383.24,12652
383.47,12651
383.67,12650
384.0,12649
384.22,12648
384.41,12647
384.69,12646
384.93,12645
385.11,12644
385.37,12643
385.55,12642
385.77,12641
386.03,12640
386.2,12640
386.46,12639
386.58,12639
386.83,12638
387.04,12637
387.23,12636
387.5,12635
387.76,12634
387.95,12633
388.22,12632
388.42,12631
388.66,12630
388.92,12629
389.13,12628
389.39,12627
389.61,12626
389.89,12625
390.15,12624
390.41,12623
390.7,12622
390.87,12621
391.14,12620
391.34,12619
391.55,12618
391.75,12617
392.0,12616
392.2,12615
392.44,12614
392.63,12613
392.89,12612
393.13,12611
393.32,12610
393.55,12609
393.79,12608
393.98,12607
394.19,12606
394.39,12605
394.58,12605
394.82,12604
395.0,12603
395.25,12602
395.44,12601
395.66,12600
395.86,12599
396.08,12598
396.25,12597
396.5,12596
396.66,12596
396.88,12595
397.08,12594
397.27,12593
397.46,12592
397.66,12591
397.91,12590
398.06,12590
398.25,12589
398.45,12588
398.66,12587
398.87,12586
399.07,12585
399.27,12584
399.47,12583
399.67,12582
399.88,12581
400.08,12580
400.31,12579
400.51,12578
400.71,12577
400.85,12577
401.05,12576
401.24,12575
401.44,12574
401.67,12573
401.86,12572
402.07,12571
402.3,12570
402.47,12569
402.67,12568
402.88,12567
403.11,12566
403.29,12565
403.53,12564
403.73,12563
403.96,12562
404.07,12562
404.29,12561
404.51,12560
404.68,12559
404.92,12558
405.09,12557
405.32,12556
405.51,12555
405.75,12554
405.94,12553
406.15,12552
406.34,12551
406.54,12550
406.76,12550
406.99,12549
407.16,12548
407.39,12547
407.56,12546
407.81,12545
407.97,12544
408.19,12543
408.38,12542
408.61,12541
408.83,12540
409.0,12539
409.23,12538
409.42,12537
409.63,12536
409.81,12535
410.03,12534
410.17,12533
410.36,12532
410.56,12531
410.75,12530
410.96,12529
411.13,12528
411.33,12527
411.55,12526
411.71,12525
411.96,12524
412.16,12523
412.34,12522
412.54,12521
412.74,12520
412.95,12519
413.09,12519
413.31,12518
413.51,12517
413.77,12516
413.98,12515
414.23,12514
414.45,12513
414.63,12512
414.87,12511
415.1,12510
415.32,12509
415.48,12508
415.65,12508
415.86,12507
416.07,12506
416.28,12505
416.5,12504
416.69,12503
416.89,12502
417.1,12501
417.29,12500
417.5,12499
417.69,12498
417.88,12497
418.1,12496
418.31,12495
418.47,12494
418.64,12493
418.83,12492
419.0,12491
419.18,12490
419.42,12489
419.56,12488
419.72,12487
419.89,12486
420.07,12485
420.28,12484
420.49,12483
420.78,12482
420.96,12481
421.16,12480
421.33,12479
421.55,12478
421.75,12477
421.93,12476
422.11,12475
422.3,12474
422.5,12473
422.77,12472
422.97,12471
423.17,12470
423.39,12469
423.61,12468
423.85,12467
424.11,12466
424.33,12465
424.49,12464
424.66,12463
424.82,12462
425.02,12461
425.19,12460
425.41,12459
425.57,12458
425.77,12457
425.97,12456
426.16,12455
426.35,12454
426.5,12454
426.69,12453
426.91,12452
427.08,12451
427.3,12450
427.46,12449
427.66,12448
427.82,12447
427.94,12446
428.1,12445
428.25,12444
428.43,12443
428.58,12442
428.75,12441
428.94,12440
429.12,12439
429.3,12438
429.48,12437
429.66,12436
429.84,12435
429.99,12435
430.16,12434
430.35,12433
430.46,12432
430.64,12431
430.8,12431
430.96,12430
431.13,12429
431.29,12428
431.45,12427
431.61,12426
431.74,12426
431.93,12425
432.06,12424
432.27,12423
432.39,12422
432.56,12421
432.73,12420
432.86,12419
433.01,12418
433.16,12417
433.3,12416
433.46,12415
433.62,12414
433.78,12413
433.94,12412
434.2,12411
434.41,12410
434.57,12409
434.74,12408
434.91,12407
435.14,12406
435.38,12405
435.55,12404
435.78,12403
435.97,12402
436.21,12401
436.4,12400
436.65,12399
436.83,12398
437.02,12397
437.25,12396
437.43,12395
437.63,12395
437.82,12394
438.01,12393
438.24,12392
438.4,12391
438.6,12391
438.8,12390
438.97,12389
439.16,12388
439.33,12387
439.54,12386
439.72,12386
439.91,12385
440.13,12384
440.33,12383
440.52,12382
440.77,12381
440.96,12380
441.17,12379
441.35,12378
441.51,12378
441.72,12377
441.97,12377
442.15,12376
442.35,12375
442.54,12374
442.78,12373
442.97,12372
443.19,12371
443.43,12370
443.63,12369
443.89,12368
444.1,12367
444.3,12366
444.5,12365
444.7,12364
444.9,12363
445.15,12362
445.35,12361
445.46,12361
445.68,12360
445.87,12359
446.06,12358
446.27,12358
446.44,12357
446.66,12356
446.86,12355
447.01,12354
447.19,12353
447.36,12352
447.52,12351
447.77,12350
447.93,12349
448.15,12348
448.33,12347
448.49,12346
448.71,12345
448.9,12344
449.1,12343
449.28,12342
449.43,12341
449.6,12340
449.78,12339
449.96,12338
450.13,12337
450.26,12336
450.43,12335
450.62,12334
450.79,12333
450.96,12332
451.1,12331
451.29,12330
451.45,12329
451.6,12328
451.76,12327
451.91,12326
452.05,12325
452.17,12324
452.31,12323
452.45,12322
452.57,12321
452.7,12320
452.86,12319
452.97,12318
453.09,12317
453.23,12316
453.36,12315
453.47,12314
453.63,12313
453.79,12312
453.93,12311
454.07,12310
454.17,12309
454.31,12308
454.42,12307
454.56,12306
454.7,12305
454.84,12304
454.93,12304
455.04,12303
455.19,12302
455.34,12301
455.46,12300
455.58,12299
455.78,12298
455.91,12297
456.06,12296
456.22,12295
456.35,12294
456.48,12293
456.62,12292
456.71,12292
456.88,12291
457.02,12290
457.15,12289
457.3,12288
457.39,12287
457.56,12286
457.67,12285
457.8,12284
457.97,12283
458.11,12282
458.24,12281
458.35,12280
458.47,12279
458.63,12278
458.75,12277
458.88,12276
459.03,12275
459.17,12274
459.28,12273
459.41,12272
459.55,12271
459.64,12271
459.83,12270
459.93,12269
460.1,12268
460.21,12267
460.34,12266
460.43,12266
460.56,12265
460.68,12264
460.81,12263
460.95,12262
461.07,12261
461.21,12260
461.35,12259
461.49,12258
461.65,12257
461.81,12256
461.92,12255
462.07,12254
462.2,12253
462.32,12252
462.42,12251
462.54,12250
462.67,12249
462.79,12248
462.95,12247
463.04,12246
463.17,12245
463.29,12244
463.46,12243
463.62,12242
463.78,12241
463.95,12240
464.04,12239
464.18,12238
464.31,12237
464.45,12236
464.6,12235
464.82,12234
464.98,12233
465.14,12232
465.28,12231
465.45,12231
465.62,12230
465.79,12229
465.91,12229
466.04,12228
466.18,12227
466.28,12227
466.44,12226
466.58,12225
466.72,12224
466.85,12223
467.0,12222
467.14,12221
467.28,12220
467.43,12219
467.52,12219
467.66,12218
467.8,12217
467.96,12216
468.11,12215
468.26,12214
468.4,12213
468.52,12212
468.66,12211
468.79,12210
468.9,12210
469.04,12209
469.19,12208
469.32,12207
469.45,12206
469.59,12205
469.77,12204
469.9,12203
470.01,12202
470.15,12201
470.26,12200
470.38,12199
470.51,12198
470.67,12197
470.84,12196
470.96,12195
471.09,12194
471.23,12193
471.38,12192
471.51,12191
471.65,12190
471.8,12189
471.9,12188
472.06,12187
472.24,12186
472.38,12185
472.51,12184
472.64,12183
472.82,12182
472.93,12181
473.04,12180
473.15,12179
473.29,12178
473.4,12177
473.53,12176
473.68,12175
473.84,12174
473.95,12173
474.09,12172
474.25,12171
474.38,12170
474.5,12169
474.66,12168
474.81,12167
474.94,12166
475.06,12165
475.19,12164
475.32,12163
475.46,12162
475.57,12161
475.7,12160
475.84,12159
475.97,12158
476.09,12157
476.2,12156
476.31,12156
476.43,12155
476.56,12154
476.69,12153
476.82,12152
476.94,12151
477.08,12150
477.18,12149
477.25,12149
477.38,12148
477.51,12147
477.63,12146
477.77,12145
477.9,12144
478.03,12143
478.14,12142
478.22,12142
478.36,12141
478.5,12140
478.61,12139
478.72,12138
478.85,12137
478.96,12136
479.05,12135
479.16,12134
479.26,12133
479.36,12132
479.47,12131
479.57,12130
479.68,12129
479.78,12128
479.91,12127
480.05,12126
480.15,12125
480.26,12124
480.37,12123
480.46,12122
480.58,12121
480.69,12120
480.81,12119
480.91,12118
480.98,12118
481.09,12117
481.19,12116
481.29,12115
481.39,12114
481.5,12113
481.6,12112
481.71,12111
481.81,12110
481.91,12109
482.02,12108
482.11,12107
482.22,12106
482.33,12105
482.42,12104
482.5,12104
482.59,12103
482.7,12102
482.8,12101
482.92,12100
483.02,12099
483.13,12098
483.24,12097
483.33,12096
483.44,12095
483.55,12094
483.66,12093
483.79,12092
483.9,12091
484.01,12090
484.1,12090
484.21,12089
484.32,12088
484.43,12087
484.53,12086
484.6,12086
484.67,12086
484.78,12085
484.9,12084
485.01,12084
485.13,12083
485.24,12082
485.35,12081
485.46,12080
485.56,12079
485.66,12078
485.77,12077
485.9,12076
486.0,12075
486.1,12074
486.21,12073
486.31,12072
486.41,12071
486.51,12070
486.61,12069
486.71,12068
486.83,12067
486.96,12066
487.06,12065
487.16,12064
487.17,12064
487.27,12063
487.38,12062
487.46,12061
487.6,12060
487.69,12059
487.79,12059
487.9,12058
488.01,12057
488.1,12056
488.21,12055
488.32,12054
488.43,12053
488.52,12052
488.63,12051
488.73,12050
488.83,12049
488.94,12048
489.04,12047
489.16,12046
489.26,12045
489.37,12044
489.46,12043
489.56,12043
489.71,12042
489.83,12041
489.93,12040
490.01,12040
490.12,12039
490.21,12038
490.32,12037
490.4,12037
490.46,12037
490.57,12036
490.67,12035
490.79,12034
490.9,12033
490.99,12032
491.09,12031
491.2,12030
491.29,12029
491.4,12028
491.46,12028
491.57,12027
491.66,12026
491.76,12025
491.88,12024
491.96,12023
492.07,12022
492.18,12021
492.28,12020
492.39,12019
492.48,12018
492.59,12017
492.68,12016
492.78,12016
492.88,12015
492.98,12014
493.09,12013
493.17,12013
493.27,12012
493.37,12011
493.47,12010
493.57,12009
493.66,12008
493.77,12007
493.88,12006
493.98,12005
494.08,12004
494.19,12003
494.3,12002
494.41,12001
494.51,12000
494.59,12000
494.69,11999
494.8,11998
494.91,11997
494.98,11997
495.09,11996
495.2,11995
495.32,11994
495.44,11993
495.55,11992
495.66,11991
495.75,11990
495.86,11989
495.96,11988
496.06,11987
496.17,11986
496.27,11985
496.37,11984
496.47,11983
496.57,11982
496.67,11981
496.79,11980
496.89,11979
496.98,11978
497.06,11978
497.17,11977
497.26,11976
497.36,11975
497.46,11974
497.55,11973
497.65,11972
497.76,11971
497.87,11970
497.99,11969
498.09,11968
498.2,11967
498.3,11966
498.43,11965
498.54,11964
498.66,11963
498.79,11962
498.91,11961
499.02,11960
499.18,11959
499.32,11958
499.46,11957
499.57,11956
499.75,11955
499.89,11954
500.05,11953
500.2,11952
500.31,11951
500.53,11950
500.66,11949
500.8,11948
500.95,11947
501.08,11946
501.16,11946
501.28,11945
501.39,11944
501.55,11943
501.67,11942
501.85,11941
501.95,11940
502.1,11939
502.25,11938
502.38,11937
502.53,11936
502.66,11935
502.81,11934
502.94,11933
503.08,11932
503.19,11931
503.35,11930
503.5,11929
503.64,11928
503.8,11927
503.94,11926
504.05,11925
504.14,11925
504.3,11924
504.41,11923
504.5,11922
504.64,11921
504.77,11920
504.89,11919
505.06,11918
505.19,11917
505.34,11916
505.44,11916
505.59,11915
505.77,11914
505.94,11913
506.08,11912
506.24,11911
506.42,11910
506.54,11909
506.67,11908
506.81,11907
506.95,11906
507.04,11905
507.17,11904
507.32,11903
507.42,11903
507.54,11902
507.63,11902
507.8,11901
507.97,11900
508.09,11899
508.19,11898
508.28,11897
508.4,11896
508.53,11895
508.64,11894
508.75,11893
508.85,11892
508.97,11891
509.07,11890
509.16,11889
509.26,11888
509.36,11887
509.46,11886
509.55,11885
509.65,11884
509.76,11883
509.86,11882
509.95,11881
510.05,11880
510.15,11879
510.25,11878
510.35,11877
510.45,11876
510.55,11875
510.65,11874
510.75,11873
510.85,11872
510.95,11871
511.04,11870
511.14,11869
511.24,11868
511.33,11867
511.43,11866
511.53,11865
511.64,11864
511.73,11863
511.84,11862
511.93,11861
512.05,11860
512.15,11859
512.24,11858
512.35,11857
512.48,11856
512.59,11855
512.67,11855
512.78,11854
512.89,11853
512.99,11852
513.1,11851
513.19,11851
513.29,11850
513.38,11849
513.49,11848
513.58,11847
513.68,11846
513.77,11846
513.86,11845
513.97,11844
514.07,11843
514.19,11842
514.3,11841
514.39,11840
514.5,11839
514.63,11838
514.72,11837
514.83,11836
514.94,11835
515.05,11834
515.14,11833
515.27,11832
515.36,11831
515.46,11830
515.57,11829
515.68,11828
515.79,11827
515.91,11826
516.02,11825
516.1,11825
516.22,11824
516.32,11823
516.43,11822
516.52,11821
516.63,11821
516.72,11820
516.85,11819
516.97,11818
517.08,11817
517.16,11816
517.27,11815
517.37,11814
517.48,11813
517.57,11813
517.68,11812
517.8,11811
517.94,11810
518.04,11809
518.15,11808
518.27,11807
518.4,11806
518.55,11805
518.69,11804
518.79,11804
518.91,11803
519.04,11802
519.18,11801
519.29,11800
519.38,11799
519.51,11798
519.62,11797
519.71,11797
519.8,11796
519.91,11795
520.01,11794
520.1,11793
520.21,11792
520.3,11791
520.38,11791
520.47,11790
520.57,11789
520.68,11788
520.77,11787
520.85,11787
520.93,11787
521.02,11786
521.12,11785
521.22,11784
521.33,11783
521.44,11782
521.54,11782
521.65,11781
521.76,11780
521.87,11779
521.94,11779
522.04,11778
522.15,11777
522.24,11776
522.35,11775
522.46,11774
522.54,11774
522.65,11773
522.75,11772
522.85,11771
522.92,11771
523.02,11770
523.12,11769
523.21,11768
523.31,11767
523.41,11766
523.51,11765
523.61,11764
523.71,11763
523.82,11762
523.92,11761
524.02,11760
524.12,11759
524.23,11758
524.33,11757
524.43,11756
524.53,11755
524.64,11754
524.74,11753
524.85,11752
524.95,11751
525.05,11750
525.15,11749
525.25,11748
525.33,11748
525.41,11748
525.51,11747
525.63,11746
525.72,11745
525.81,11745
525.91,11744
526.01,11743
526.11,11742
526.23,11741
526.34,11740
526.43,11739
526.53,11738
526.65,11737
526.76,11736
526.85,11736
526.95,11735
527.05,11734
527.15,11733
527.22,11733
527.32,11732
527.43,11731
527.54,11730
527.66,11729
527.78,11728
527.89,11727
528.0,11726
528.1,11726
528.22,11725
528.33,11724
528.43,11724
528.53,11723
528.64,11722
528.75,11721
528.86,11720
528.97,11719
529.07,11718
529.17,11717
529.28,11716
529.37,11715
529.48,11714
529.57,11713
529.68,11712
529.79,11711
529.87,11711
530.02,11710
530.14,11709
530.25,11708
530.34,11707
530.47,11706
530.6,11705
530.71,11704
530.82,11703
530.91,11702
531.07,11701
531.21,11700
531.3,11699
531.39,11698
531.52,11697
531.61,11697
531.72,11696
531.85,11695
531.93,11695
532.01,11695
532.1,11694
532.2,11693
532.33,11692
532.42,11691
532.53,11690
532.64,11689
532.77,11688
532.88,11687
533.0,11686
533.11,11685
533.23,11684
533.34,11683
533.45,11682
533.58,11681
533.7,11680
533.81,11679
533.94,11678
534.05,11677
534.16,11676
534.27,11675
534.38,11674
534.5,11673
534.61,11672
534.74,11671
534.85,11670
534.98,11669
535.07,11668
535.17,11667
535.27,11666
535.37,11665
535.51,11664
535.62,11663
535.77,11662
535.9,11661
536.03,11660
536.14,11659
536.24,11658
536.35,11657
536.41,11657
536.51,11657
536.62,11656
536.69,11656
536.83,11655
536.94,11654
537.06,11653
537.17,11652
537.27,11651
537.4,11650
537.5,11649
537.61,11648
537.72,11647
537.83,11646
537.94,11645
538.03,11644
538.15,11643
538.24,11642
538.35,11641
538.47,11640
538.58,11639
538.71,11638
538.82,11637
538.92,11636
539.02,11635
539.13,11634
539.21,11634
539.28,11634
539.41,11633
539.53,11632
539.64,11631
539.75,11630
539.86,11629
539.94,11629
540.05,11628
540.14,11627
540.24,11627
540.35,11626
540.44,11625
540.56,11624
540.68,11623
540.8,11622
540.91,11621
541.0,11620
541.12,11619
541.22,11618
541.3,11618
541.4,11617
541.49,11617
541.6,11616
541.69,11615
541.8,11614
541.9,11613
541.97,11612
542.05,11611
542.15,11610
542.21,11610
542.3,11609
542.4,11608
542.48,11607
542.54,11607
542.62,11606
542.71,11605
542.8,11604
542.88,11603
542.96,11602
543.04,11601
543.13,11600
543.23,11599
543.29,11598
543.34,11598
543.4,11598
543.49,11597
543.59,11596
543.7,11595
543.8,11594
543.88,11593
543.96,11592
544.05,11591
544.13,11590
544.19,11589
544.29,11588
544.35,11588
544.44,11587
544.52,11586
544.6,11586
544.7,11585
544.79,11584
544.86,11584
545.05,11583
545.16,11583
545.29,11582
545.42,11581
545.55,11581
545.68,11580
545.82,11579
546.0,11578
546.15,11577
546.27,11576
546.4,11575
546.46,11574
546.55,11573
546.63,11572
546.71,11572
546.78,11571
546.86,11570
546.95,11569
547.05,11568
547.14,11567
547.22,11566
547.3,11565
547.36,11565
547.43,11564
547.51,11564
547.6,11563
547.7,11562
547.79,11561
547.88,11560
547.97,11559
548.07,11558
548.16,11557
548.25,11556
548.34,11555
548.41,11554
548.49,11553
548.56,11553
548.63,11552
548.73,11551
548.81,11550
548.92,11549
549.05,11548
549.17,11547
549.29,11546
549.38,11545
549.48,11544
549.57,11543
549.67,11542
549.78,11541
549.91,11540
550.0,11539
550.12,11538
550.2,11538
550.29,11538
550.37,11537
550.45,11536
550.54,11535
550.6,11534
550.68,11534
550.78,11533
550.82,11533
550.89,11532
550.99,11531
551.1,11530
551.18,11529
551.28,11528
551.35,11527
551.43,11527
551.49,11527
551.57,11526
551.67,11525
551.73,11525
551.77,11525
551.87,11524
551.93,11523
552.02,11522
552.09,11521
552.18,11520
552.29,11519
552.36,11518
552.43,11517
552.48,11517
552.56,11516
552.65,11516
552.73,11516
552.81,11515
552.89,11514
552.96,11513
553.04,11512
553.12,11511
553.18,11511
553.26,11510
553.31,11510
553.37,11509
553.46,11508
553.54,11507
553.62,11506
553.72,11505
553.8,11504
553.89,11503
553.97,11502
554.03,11502
554.11,11501
554.2,11500
554.27,11499
554.36,11498
554.44,11497
554.52,11496
554.58,11495
554.67,11494
554.74,11494
554.8,11494
554.89,11493
554.94,11493
555.04,11492
555.12,11492
555.21,11491
555.27,11491
555.35,11490
555.39,11490
555.49,11489
555.6,11488
555.69,11487
555.74,11487
555.83,11486
555.89,11485
555.99,11485
556.06,11484
556.15,11483
556.24,11482
556.33,11481
556.42,11480
556.48,11479
556.56,11478
556.65,11477
556.75,11476
556.83,11475
556.89,11474
556.96,11474
557.05,11473
557.14,11472
557.21,11471
557.28,11470
557.34,11469
557.4,11468
557.5,11467
557.57,11466
557.67,11465
557.75,11464
557.84,11463
557.95,11462
558.01,11462
558.09,11461
558.16,11460
558.24,11459
558.3,11459
558.35,11458
558.46,11457
558.54,11456
558.61,11455
558.68,11455
558.75,11454
558.85,11453
558.9,11453
558.98,11452
559.09,11451
559.16,11450
559.26,11449
559.33,11448
559.41,11447
559.5,11446
559.61,11445
559.72,11444
559.82,11443
559.9,11443
559.96,11442
560.02,11441
560.1,11441
560.18,11440
560.26,11439
560.35,11438
560.44,11437
560.52,11436
560.6,11436
560.7,11435
560.82,11434
560.94,11433
561.05,11432
561.16,11431
561.24,11431
561.36,11430
561.46,11429
561.56,11428
561.67,11427
561.77,11426
561.87,11425
561.96,11424
562.05,11423
562.15,11422
562.23,11421
562.32,11420
562.41,11419
562.49,11418
562.57,11417
562.66,11416
562.76,11415
562.85,11414
562.94,11413
563.02,11412
563.13,11411
563.21,11410
563.31,11409
563.39,11408
563.44,11408
563.53,11407
563.65,11406
563.74,11405
563.83,11404
563.87,11404
563.96,11403
564.04,11402
564.13,11401
564.21,11400
564.29,11399
564.38,11398
564.49,11397
564.61,11396
564.71,11395
564.82,11394
564.93,11393
565.02,11393
565.09,11392
565.19,11391
565.26,11391
565.34,11390
565.43,11389
565.52,11388
565.6,11387
565.69,11386
565.78,11385
565.84,11385
565.92,11384
566.0,11384
566.09,11383
566.19,11382
566.24,11382
566.33,11381
566.42,11381
566.52,11380
566.62,11379
566.72,11378
566.83,11377
566.93,11376
567.03,11375
567.14,11374
567.23,11373
567.29,11373
567.37,11372
567.45,11371
567.49,11371
567.56,11370
567.62,11370
567.72,11369
567.79,11368
567.93,11367
568.03,11366
568.09,11365
568.2,11364
568.28,11363
568.38,11362
568.49,11361
568.57,11360
568.66,11359
568.74,11358
568.84,11357
568.92,11356
569.02,11355
569.09,11355
569.19,11354
569.28,11353
569.34,11353
569.41,11352
569.47,11351
569.57,11350
569.66,11349
569.75,11348
569.83,11347
569.91,11346
569.98,11345
570.07,11344
570.15,11343
570.24,11342
570.33,11341
570.41,11340
570.51,11339
570.58,11338
570.66,11337
570.76,11336
570.84,11335
570.92,11334
570.98,11333
571.07,11332
571.15,11332
571.22,11331
571.28,11330
571.37,11329
571.45,11328
571.55,11327
571.64,11326
571.72,11325
571.81,11324
571.91,11323
571.99,11323
572.06,11323
572.13,11323
572.21,11322
572.31,11321
572.4,11320
572.49,11319
572.55,11319
572.65,11318
572.72,11318
572.8,11317
572.9,11316
572.98,11315
573.05,11315
573.14,11314
573.2,11314
573.28,11313
573.36,11312
573.45,11311
573.53,11310
573.6,11309
573.7,11308
573.78,11307
573.86,11306
573.92,11305
574.02,11304
574.08,11303
574.18,11302
574.25,11301
574.3,11301
574.39,11300
574.47,11300
574.55,11299
574.61,11299
574.68,11299
574.75,11298
574.8,11298
574.88,11297
574.97,11296
575.05,11295
575.13,11294
575.19,11293
575.26,11293
575.33,11292
575.4,11291
575.48,11290
575.55,11289
575.63,11288
575.72,11287
575.79,11287
575.87,11286
575.98,11285
576.05,11285
576.14,11284
576.19,11284
576.27,11283
576.35,11282
576.46,11281
576.54,11280
576.63,11279
576.71,11278
576.8,11277
576.89,11276
576.98,11275
577.05,11274
577.13,11273
577.19,11272
577.3,11271
577.39,11270
577.48,11269
577.55,11268
577.63,11267
577.71,11266
577.75,11265
577.83,11264
577.92,11263
578.0,11263
578.08,11262
578.15,11261
578.21,11260
578.27,11259
578.35,11258
578.42,11257
578.49,11257
578.55,11256
578.63,11255
578.69,11254
578.76,11254
578.83,11253
578.9,11252
578.99,11251
579.05,11251
579.12,11250
579.19,11249
579.27,11248
579.33,11247
579.4,11246
579.46,11246
579.55,11245
579.63,11244
579.7,11243
579.77,11242
579.82,11241
579.88,11240
579.98,11239
580.06,11238
580.14,11237
580.2,11236
580.26,11235
580.35,11234
580.42,11234
580.49,11233
580.59,11232
580.67,11232
580.78,11231
580.86,11230
580.93,11230
580.99,11229
581.09,11228
581.17,11227
581.25,11226
581.31,11225
581.37,11224
581.43,11223
581.51,11222
581.56,11221
581.64,11220
581.73,11219
581.84,11218
581.95,11217
582.01,11217
582.1,11216
582.16,11215
582.25,11214
582.32,11213
582.42,11212
582.53,11212
582.65,11211
582.76,11210
582.87,11209
582.98,11208
583.06,11207
583.15,11206
583.23,11205
583.32,11204
583.41,11203
583.51,11202
583.61,11201
583.68,11201
583.78,11200
583.85,11199
583.92,11198
584.01,11197
584.1,11196
584.21,11195
584.29,11194
584.34,11193
584.43,11192
584.51,11191
584.59,11191
584.68,11190
584.76,11189
584.84,11188
584.91,11188
584.99,11187
585.07,11186
585.14,11185
585.21,11184
585.29,11183
585.38,11182
585.45,11181
585.53,11180
585.62,11179
585.68,11178
585.76,11178
585.81,11178
585.86,11178
585.92,11177
586.03,11176
586.14,11175
586.2,11174
586.29,11173
586.38,11172
586.45,11171
586.53,11170
586.61,11169
586.67,11169
586.78,11168
586.84,11168
586.91,11167
587.01,11166
587.11,11165
587.19,11164
587.26,11163
587.34,11162
587.4,11161
587.5,11160
587.59,11159
587.65,11159
587.7,11159
587.78,11158
587.86,11157
587.92,11157
588.0,11157
588.08,11157
588.17,11156
588.26,11155
588.34,11155
588.42,11154
588.51,11153
588.61,11152
588.7,11151
588.8,11150
588.87,11149
588.97,11148
589.05,11147
589.14,11146
589.22,11145
589.3,11144
589.36,11143
589.46,11142
589.51,11141
589.6,11140
589.68,11140
589.75,11139
589.83,11139
589.91,11138
590.0,11137
590.06,11136
590.12,11136
590.18,11136
590.26,11135
590.3,11134
590.4,11133
590.48,11133
590.55,11132
590.63,11131
590.71,11130
590.76,11129
590.87,11128
590.97,11127
591.05,11126
591.15,11125
591.21,11125
591.29,11125
591.35,11124
591.4,11124
591.49,11123
591.55,11122
591.61,11121
591.68,11121
591.75,11120
591.84,11119
591.93,11118
592.02,11117
592.06,11117
592.16,11116
592.27,11115
592.31,11115
592.41,11114
592.49,11113
592.56,11112
592.66,11111
592.74,11110
592.8,11109
592.91,11108
592.98,11108
593.06,11107
593.16,11106
593.22,11105
593.3,11104
593.38,11103
593.45,11102
593.52,11101
593.58,11101
593.67,11100
593.78,11099
593.87,11098
593.98,11097
594.03,11096
594.13,11095
594.17,11094
594.27,11093
594.34,11093
594.45,11092
594.54,11092
594.63,11091
594.71,11090
594.79,11089
594.87,11088
594.95,11087
595.02,11086
595.08,11085
595.14,11085
595.21,11084
595.27,11083
595.35,11082
595.42,11081
595.5,11080
595.55,11080
595.65,11079
595.72,11078
595.79,11078
595.85,11078
595.95,11077
596.0,11076
596.1,11075
596.16,11074
596.25,11073
596.33,11072
596.41,11072
596.49,11071
596.54,11070
596.61,11069
596.66,11069
596.77,11068
596.85,11067
596.94,11066
597.05,11065
597.13,11064
597.21,11063
597.27,11062
597.32,11062
597.4,11061
597.5,11060
597.55,11059
597.63,11058
597.71,11057
597.76,11057
597.83,11056
597.93,11055
598.01,11054
598.07,11054
598.15,11053
598.24,11052
598.34,11051
598.38,11050
598.46,11049
598.52,11048
598.6,11047
598.68,11046
598.74,11046
598.81,11045
598.89,11044
598.98,11043
599.05,11042
599.12,11042
599.17,11041
599.26,11040
599.36,11039
599.46,11038
599.52,11037
599.57,11036
599.66,11035
599.74,11034
599.83,11033
599.92,11032
