0.00, 11023
0.0035829544067382812,11023
0.0044040679931640625,11022
0.004624843597412109,11021
0.0054857730865478516,11020
0.0062029361724853516,11019
0.007462978363037109,11018
0.007691144943237305,11017
0.008566141128540039,11016
0.009299993515014648,11015
0.010010957717895508,11014
0.010998964309692383,11013
0.011739015579223633,11012
0.012517929077148438,11011
0.01271510124206543,11010
0.013527870178222656,11009
0.014354944229125977,11008
0.014525890350341797,11007
0.015074014663696289,11006
0.015177011489868164,11005
0.016110897064208984,11004
0.016340970993041992,11003
0.017399072647094727,11002
0.017663955688476562,11001
0.01880788803100586,11000
0.0200650691986084,10999
0.020991086959838867,10998
0.02193593978881836,10997
0.022104740142822266,10996
0.023364782333374023,10995
0.024013757705688477,10994
0.02420210838317871,10993
0.02433300018310547,10992
0.02519083023071289,10991
0.025310993194580078,10990
0.025487899780273438,10989
0.027512788772583008,10988
0.028752803802490234,10987
0.029521942138671875,10986
0.029698848724365234,10985
0.030630826950073242,10984
0.03079390525817871,10983
0.03107595443725586,10982
0.03128194808959961,10981
0.03135108947753906,10980
0.031442880630493164,10979
0.03238797187805176,10978
0.033435821533203125,10977
0.03355097770690918,10976
0.033720970153808594,10975
0.03428006172180176,10974
0.035382986068725586,10973
0.03603410720825195,10972
0.03696012496948242,10971
0.03786873817443848,10970
0.03839898109436035,10969
0.04074811935424805,10968
0.041407108306884766,10967
0.041563987731933594,10966
0.04164004325866699,10965
0.04243588447570801,10964
0.04251384735107422,10963
0.04268908500671387,10962
0.042909860610961914,10961
0.04356098175048828,10960
0.04365181922912598,10959
0.04454994201660156,10958
0.045320987701416016,10957
0.04579782485961914,10956
0.04681396484375,10955
0.04725313186645508,10954
0.04739093780517578,10953
0.04815387725830078,10952
0.049182891845703125,10951
0.05160093307495117,10950
0.05175185203552246,10949
0.05223894119262695,10948
0.05309700965881348,10947
0.053262948989868164,10946
0.05333209037780762,10945
0.05343484878540039,10944
0.05429410934448242,10943
0.056874990463256836,10942
0.05751395225524902,10941
0.057649850845336914,10940
0.058763980865478516,10939
0.05950593948364258,10938
0.0596318244934082,10937
0.05981016159057617,10936
0.059942007064819336,10935
0.06086611747741699,10934
0.06099987030029297,10933
0.06198596954345703,10932
0.06278085708618164,10931
0.06382489204406738,10930
0.06468486785888672,10929
0.06481599807739258,10928
0.06525182723999023,10927
0.06543111801147461,10926
0.06554293632507324,10925
0.06640195846557617,10924
0.06755995750427246,10923
0.06779694557189941,10922
0.06878995895385742,10921
0.0690009593963623,10920
0.06909894943237305,10919
0.06923699378967285,10918
0.06931686401367188,10917
0.06979799270629883,10916
0.06995105743408203,10915
0.07252001762390137,10914
0.07327699661254883,10913
0.07388496398925781,10912
0.07396411895751953,10911
0.07494401931762695,10910
0.0750420093536377,10909
0.07703614234924316,10908
0.07764101028442383,10907
0.07778215408325195,10906
0.07835912704467773,10905
0.07918119430541992,10904
0.07992887496948242,10903
0.0802760124206543,10902
0.08103299140930176,10901
0.08213090896606445,10900
0.08308577537536621,10899
0.0831911563873291,10898
0.08421516418457031,10897
0.08501410484313965,10896
0.08559274673461914,10895
0.08845686912536621,10894
0.08892393112182617,10893
0.08973503112792969,10892
0.08999204635620117,10891
0.09015679359436035,10890
0.09074783325195312,10889
0.09176397323608398,10888
0.09238409996032715,10887
0.09283995628356934,10886
0.09294295310974121,10885
0.09346485137939453,10884
0.09424901008605957,10883
0.09485697746276855,10882
0.09505009651184082,10881
0.09560084342956543,10880
0.09643912315368652,10879
0.0970609188079834,10878
0.09794902801513672,10877
0.09874582290649414,10876
0.09882974624633789,10875
0.10119104385375977,10874
0.10177803039550781,10873
0.10288786888122559,10872
0.10375714302062988,10871
0.10394096374511719,10870
0.1040189266204834,10869
0.10411500930786133,10868
0.10507488250732422,10867
0.10525798797607422,10866
0.10534000396728516,10865
0.10626792907714844,10864
0.10704803466796875,10863
0.10796093940734863,10862
0.10874390602111816,10861
0.1093759536743164,10860
0.10954713821411133,10859
0.10974693298339844,10858
0.10986709594726562,10857
0.11072397232055664,10856
0.11080408096313477,10855
0.11089110374450684,10854
0.11132287979125977,10853
0.1118009090423584,10852
0.11248493194580078,10851
0.1133279800415039,10850
0.11361098289489746,10849
0.11371803283691406,10848
0.11561298370361328,10847
0.11624503135681152,10846
0.11699104309082031,10845
0.11776280403137207,10844
0.11783194541931152,10843
0.1179349422454834,10842
0.11801600456237793,10841
0.1184988021850586,10840
0.11951804161071777,10839
0.11958694458007812,10838
0.12029290199279785,10837
0.12037777900695801,10836
0.12085986137390137,10835
0.12554407119750977,10834
0.125640869140625,10833
0.12642478942871094,10832
0.1270160675048828,10831
0.12718701362609863,10830
0.12797284126281738,10829
0.1287548542022705,10828
0.12891793251037598,10827
0.12900471687316895,10826
0.13007116317749023,10825
0.1313190460205078,10824
0.1318521499633789,10823
0.13239693641662598,10822
0.13323712348937988,10821
0.13332104682922363,10820
0.1337878704071045,10819
0.13605880737304688,10818
0.13658976554870605,10817
0.13747191429138184,10816
0.13819599151611328,10815
0.13826489448547363,10814
0.1387920379638672,10813
0.13889098167419434,10812
0.13968896865844727,10811
0.13977694511413574,10810
0.14046788215637207,10809
0.14110589027404785,10808
0.14156603813171387,10807
0.1416618824005127,10806
0.14233994483947754,10805
0.14307904243469238,10804
0.14387202262878418,10803
0.14397287368774414,10802
0.1440749168395996,10801
0.14420676231384277,10800
0.14481091499328613,10799
0.14565777778625488,10798
0.14623498916625977,10797
0.14726996421813965,10796
0.1478128433227539,10795
0.1482529640197754,10794
0.14922595024108887,10793
0.15009307861328125,10792
0.1506199836730957,10791
0.1508469581604004,10790
0.15190792083740234,10789
0.15266895294189453,10788
0.15368390083312988,10787
0.15415501594543457,10786
0.15525507926940918,10785
0.15534687042236328,10784
0.1555180549621582,10783
0.15718984603881836,10782
0.15766000747680664,10781
0.1584489345550537,10780
0.15961503982543945,10779
0.16032695770263672,10778
0.1620328426361084,10777
0.16268086433410645,10776
0.1631608009338379,10775
0.16417312622070312,10774
0.1650829315185547,10773
0.1669461727142334,10772
0.16770696640014648,10771
0.16787481307983398,10770
0.1686720848083496,10769
0.16945600509643555,10768
0.1717209815979004,10767
0.17283201217651367,10766
0.17393207550048828,10765
0.1740560531616211,10764
0.17456793785095215,10763
0.17568397521972656,10762
0.17610406875610352,10761
0.17627406120300293,10760
0.1792600154876709,10759
0.17935585975646973,10758
0.18235397338867188,10757
0.1825411319732666,10756
0.18276596069335938,10755
0.18381190299987793,10754
0.1839618682861328,10753
0.18866801261901855,10752
0.1891028881072998,10751
0.1892869472503662,10750
0.19119906425476074,10749
0.19204998016357422,10748
0.1937248706817627,10747
0.1945648193359375,10746
0.19466590881347656,10745
0.19573092460632324,10744
0.19666314125061035,10743
0.19742703437805176,10742
0.19819974899291992,10741
0.19828200340270996,10740
0.19875693321228027,10739
0.19959187507629395,10738
0.20017099380493164,10737
0.20035409927368164,10736
0.20052695274353027,10735
0.2005939483642578,10734
0.2025439739227295,10733
0.20320701599121094,10732
0.20403695106506348,10731
0.2071230411529541,10730
0.20760297775268555,10729
0.2087090015411377,10728
0.209183931350708,10727
0.20994782447814941,10726
0.21036911010742188,10725
0.2110588550567627,10724
0.21183395385742188,10723
0.2148728370666504,10722
0.21509575843811035,10721
0.21773791313171387,10720
0.21822190284729004,10719
0.21832489967346191,10718
0.21840906143188477,10717
0.21881818771362305,10716
0.2190690040588379,10715
0.2208099365234375,10714
0.22090983390808105,10713
0.2210829257965088,10712
0.2211620807647705,10711
0.22152996063232422,10710
0.22264599800109863,10709
0.22493195533752441,10708
0.226395845413208,10707
0.22649884223937988,10706
0.2266860008239746,10705
0.22895097732543945,10704
0.22904086112976074,10703
0.23354387283325195,10702
0.23426103591918945,10701
0.23434090614318848,10700
0.23539996147155762,10699
0.2354879379272461,10698
0.23638200759887695,10697
0.23645806312561035,10696
0.23693084716796875,10695
0.2405109405517578,10694
0.24168992042541504,10693
0.2417621612548828,10692
0.24188590049743652,10691
0.24253177642822266,10690
0.2429959774017334,10689
0.24472713470458984,10688
0.24520611763000488,10687
0.2456979751586914,10686
0.24591279029846191,10685
0.24605894088745117,10684
0.24698185920715332,10683
0.24711394309997559,10682
0.24792194366455078,10681
0.24839186668395996,10680
0.24896001815795898,10679
0.24905610084533691,10678
0.24980902671813965,10677
0.25023794174194336,10676
0.25302600860595703,10675
0.2547950744628906,10674
0.2555809020996094,10673
0.2576918601989746,10672
0.2586359977722168,10671
0.2587850093841553,10670
0.2589609622955322,10669
0.2596700191497803,10668
0.2627708911895752,10667
0.2630448341369629,10666
0.26497697830200195,10665
0.26551389694213867,10664
0.2665870189666748,10663
0.2675058841705322,10662
0.27172303199768066,10661
0.27191686630249023,10660
0.27257204055786133,10659
0.2747018337249756,10658
0.2767660617828369,10657
0.27686190605163574,10656
0.278641939163208,10655
0.27929186820983887,10654
0.27945494651794434,10653
0.2847929000854492,10652
0.2848808765411377,10651
0.2856309413909912,10650
0.28573083877563477,10649
0.2858901023864746,10648
0.28710293769836426,10647
0.2871968746185303,10646
0.2879638671875,10645
0.2937769889831543,10644
0.2961878776550293,10643
0.29636096954345703,10642
0.2971968650817871,10641
0.29737091064453125,10640
0.2975161075592041,10639
0.298206090927124,10638
0.2991199493408203,10637
0.29932403564453125,10636
0.2997550964355469,10635
0.29984498023986816,10634
0.30051493644714355,10633
0.30286192893981934,10632
0.3030531406402588,10631
0.30379199981689453,10630
0.30562782287597656,10629
0.30626487731933594,10628
0.3064608573913574,10627
0.30747079849243164,10626
0.3112499713897705,10625
0.3113529682159424,10624
0.31145405769348145,10623
0.31187987327575684,10622
0.31291699409484863,10621
0.317903995513916,10620
0.32014894485473633,10619
0.32091498374938965,10618
0.3217930793762207,10617
0.32228684425354004,10616
0.3224787712097168,10615
0.3226048946380615,10614
0.32284092903137207,10613
0.322983980178833,10612
0.32529211044311523,10611
0.3275887966156006,10610
0.32773303985595703,10609
0.3282499313354492,10608
0.3312649726867676,10607
0.3313620090484619,10606
0.33205199241638184,10605
0.3331000804901123,10604
0.3341357707977295,10603
0.3349788188934326,10602
0.33505892753601074,10601
0.3354809284210205,10600
0.3362410068511963,10599
0.33631396293640137,10598
0.3373079299926758,10597
0.33847999572753906,10596
0.3389289379119873,10595
0.33968591690063477,10594
0.3405609130859375,10593
0.347362756729126,10592
0.3478200435638428,10591
0.34870195388793945,10590
0.35039496421813965,10589
0.35055994987487793,10588
0.3513801097869873,10587
0.35146284103393555,10586
0.3520979881286621,10585
0.35278892517089844,10584
0.35365986824035645,10583
0.3543229103088379,10582
0.3544120788574219,10581
0.3549981117248535,10580
0.35509681701660156,10579
0.35526609420776367,10578
0.35640788078308105,10577
0.35650205612182617,10576
0.3575718402862549,10575
0.3609199523925781,10574
0.3610680103302002,10573
0.367232084274292,10572
0.36740589141845703,10571
0.3710289001464844,10570
0.3712749481201172,10569
0.37169694900512695,10568
0.37792491912841797,10567
0.3780949115753174,10566
0.3788619041442871,10565
0.3794581890106201,10564
0.3807671070098877,10563
0.3844428062438965,10562
0.38632774353027344,10561
0.3872668743133545,10560
0.38988709449768066,10559
0.3905658721923828,10558
0.39405179023742676,10557
0.3951139450073242,10556
0.3952808380126953,10555
0.3963961601257324,10554
0.3974459171295166,10553
0.39795994758605957,10552
0.40091609954833984,10551
0.40099000930786133,10550
0.40207386016845703,10549
0.4031538963317871,10548
0.40334486961364746,10547
0.40539979934692383,10546
0.4061887264251709,10545
0.41089391708374023,10544
0.41109299659729004,10543
0.41127705574035645,10542
0.4114649295806885,10541
0.4120199680328369,10540
0.4132270812988281,10539
0.41477298736572266,10538
0.41500401496887207,10537
0.41765880584716797,10536
0.41782498359680176,10535
0.41820812225341797,10534
0.41860198974609375,10533
0.4190957546234131,10532
0.41925692558288574,10531
0.4194188117980957,10530
0.4195070266723633,10529
0.41971802711486816,10528
0.42395973205566406,10527
0.4251410961151123,10526
0.4300270080566406,10525
0.4307079315185547,10524
0.4314749240875244,10523
0.43563389778137207,10522
0.43695497512817383,10521
0.43709492683410645,10520
0.4384639263153076,10519
0.438586950302124,10518
0.43869996070861816,10517
0.438809871673584,10516
0.43906688690185547,10515
0.4428260326385498,10514
0.4434330463409424,10513
0.4440498352050781,10512
0.4448878765106201,10511
0.44512391090393066,10510
0.4468350410461426,10509
0.4501659870147705,10508
0.4507319927215576,10507
0.4512200355529785,10506
0.452085018157959,10505
0.4525771141052246,10504
0.45265793800354004,10503
0.45278286933898926,10502
0.45285987854003906,10501
0.45690488815307617,10500
0.45766782760620117,10499
0.4582207202911377,10498
0.45830202102661133,10497
0.46163296699523926,10496
0.4624290466308594,10495
0.4628880023956299,10494
0.463972806930542,10493
0.4640529155731201,10492
0.4641590118408203,10491
0.467620849609375,10490
0.46933579444885254,10489
0.46994781494140625,10488
0.47110891342163086,10487
0.47185683250427246,10486
0.4719581604003906,10485
0.4726138114929199,10484
0.47671985626220703,10483
0.47719883918762207,10482
0.47801995277404785,10481
0.4823911190032959,10480
0.48252177238464355,10479
0.4826231002807617,10478
0.48322296142578125,10477
0.4916207790374756,10476
0.4929969310760498,10475
0.49358487129211426,10474
0.4940359592437744,10473
0.49413514137268066,10472
0.49471497535705566,10471
0.4948160648345947,10470
0.49521899223327637,10469
0.49831199645996094,10468
0.49916505813598633,10467
0.4993300437927246,10466
0.5026938915252686,10465
0.5084328651428223,10464
0.509868860244751,10463
0.5102789402008057,10462
0.5104131698608398,10461
0.5105080604553223,10460
0.5133750438690186,10459
0.5134739875793457,10458
0.5142648220062256,10457
0.5150840282440186,10456
0.5158069133758545,10455
0.5168530941009521,10454
0.5170178413391113,10453
0.5185930728912354,10452
0.5217468738555908,10451
0.5219111442565918,10450
0.5242540836334229,10449
0.526141881942749,10448
0.5266220569610596,10447
0.5289199352264404,10446
0.5346319675445557,10445
0.5347299575805664,10444
0.5352468490600586,10443
0.5353620052337646,10442
0.5371289253234863,10441
0.5378460884094238,10440
0.537930965423584,10439
0.5446207523345947,10438
0.5450320243835449,10437
0.5489468574523926,10436
0.5506439208984375,10435
0.5527119636535645,10434
0.5528740882873535,10433
0.5545680522918701,10432
0.5554158687591553,10431
0.5610928535461426,10430
0.568458080291748,10429
0.5713160037994385,10428
0.5718951225280762,10427
0.5726029872894287,10426
0.5733890533447266,10425
0.5739750862121582,10424
0.5771079063415527,10423
0.5780670642852783,10422
0.5781309604644775,10421
0.581212043762207,10420
0.5817098617553711,10419
0.5818328857421875,10418
0.5840599536895752,10417
0.5875887870788574,10416
0.5903449058532715,10415
0.5905427932739258,10414
0.591195821762085,10413
0.5977799892425537,10412
0.5995290279388428,10411
0.6063060760498047,10410
0.6072549819946289,10409
0.6073260307312012,10408
0.6074459552764893,10407
0.6075489521026611,10406
0.60801100730896,10405
0.6086900234222412,10404
0.6134181022644043,10403
0.6135029792785645,10402
0.6182949542999268,10401
0.6184341907501221,10400
0.620046854019165,10399
0.6209189891815186,10398
0.6224257946014404,10397
0.6228947639465332,10396
0.6229918003082275,10395
0.6231019496917725,10394
0.6263749599456787,10393
0.6268339157104492,10392
0.6284360885620117,10391
0.6319789886474609,10390
0.6321308612823486,10389
0.6323039531707764,10388
0.6343669891357422,10387
0.6350889205932617,10386
0.6351699829101562,10385
0.6383750438690186,10384
0.6389739513397217,10383
0.639754056930542,10382
0.6398558616638184,10381
0.6408877372741699,10380
0.6415259838104248,10379
0.6485121250152588,10378
0.649094820022583,10377
0.6491708755493164,10376
0.6514880657196045,10375
0.652630090713501,10374
0.6531229019165039,10373
0.6532187461853027,10372
0.6553080081939697,10371
0.6559491157531738,10370
0.6566348075866699,10369
0.6572260856628418,10368
0.6573708057403564,10367
0.6575591564178467,10366
0.6607818603515625,10365
0.6612758636474609,10364
0.6621649265289307,10363
0.6625621318817139,10362
0.6626870632171631,10361
0.6650059223175049,10360
0.6650807857513428,10359
0.6676459312438965,10358
0.6684279441833496,10357
0.6685178279876709,10356
0.6692759990692139,10355
0.6745870113372803,10354
0.6748738288879395,10353
0.6749639511108398,10352
0.6750438213348389,10351
0.6755459308624268,10350
0.6781959533691406,10349
0.6786928176879883,10348
0.6810891628265381,10347
0.6811809539794922,10346
0.6833040714263916,10345
0.6837787628173828,10344
0.6845059394836426,10343
0.6860599517822266,10342
0.6865737438201904,10341
0.688370943069458,10340
0.6885349750518799,10339
0.6886138916015625,10338
0.6973540782928467,10337
0.6994190216064453,10336
0.7007408142089844,10335
0.702286958694458,10334
0.7023880481719971,10333
0.7039628028869629,10332
0.7040457725524902,10331
0.7045760154724121,10330
0.704826831817627,10329
0.7075657844543457,10328
0.711622953414917,10327
0.7134721279144287,10326
0.7151210308074951,10325
0.7201931476593018,10324
0.724484920501709,10323
0.7249479293823242,10322
0.728024959564209,10321
0.7282178401947021,10320
0.7287428379058838,10319
0.7304458618164062,10318
0.7314410209655762,10317
0.7316398620605469,10316
0.7317781448364258,10315
0.7320249080657959,10314
0.7325630187988281,10313
0.7326810359954834,10312
0.7331910133361816,10311
0.7339968681335449,10310
0.7356019020080566,10309
0.7408661842346191,10308
0.7416667938232422,10307
0.741814136505127,10306
0.7453708648681641,10305
0.7460010051727295,10304
0.7476789951324463,10303
0.7504048347473145,10302
0.7593998908996582,10301
0.7595949172973633,10300
0.759735107421875,10299
0.7605850696563721,10298
0.7649738788604736,10297
0.7678310871124268,10296
0.7702810764312744,10295
0.773036003112793,10294
0.7731468677520752,10293
0.7772359848022461,10292
0.779655933380127,10291
0.7819669246673584,10290
0.7823708057403564,10289
0.7830548286437988,10288
0.7835359573364258,10287
0.7841098308563232,10286
0.7842929363250732,10285
0.7892799377441406,10284
0.7894439697265625,10283
0.7899651527404785,10282
0.7923548221588135,10281
0.7924501895904541,10280
0.7925488948822021,10279
0.7935078144073486,10278
0.7957849502563477,10277
0.7959051132202148,10276
0.7975208759307861,10275
0.7992079257965088,10274
0.8013169765472412,10273
0.8022489547729492,10272
0.8023288249969482,10271
0.8025338649749756,10270
0.8029179573059082,10269
0.8034670352935791,10268
0.8039298057556152,10267
0.8040199279785156,10266
0.8072199821472168,10265
0.8075499534606934,10264
0.8077549934387207,10263
0.8081419467926025,10262
0.8103418350219727,10261
0.810420036315918,10260
0.8109400272369385,10259
0.8114209175109863,10258
0.8115479946136475,10257
0.8200199604034424,10256
0.8201439380645752,10255
0.8202409744262695,10254
0.8203577995300293,10253
0.8212358951568604,10252
0.8213179111480713,10251
0.8214530944824219,10250
0.8216409683227539,10249
0.8217349052429199,10248
0.8218178749084473,10247
0.8223590850830078,10246
0.8292479515075684,10245
0.8298697471618652,10244
0.834587812423706,10243
0.8354067802429199,10242
0.8360230922698975,10241
0.8361821174621582,10240
0.8372218608856201,10239
0.8377518653869629,10238
0.8416268825531006,10237
0.8454999923706055,10236
0.8482198715209961,10235
0.8504540920257568,10234
0.8505768775939941,10233
0.8507649898529053,10232
0.85251784324646,10231
0.8546798229217529,10230
0.8548800945281982,10229
0.8564939498901367,10228
0.8566248416900635,10227
0.8570797443389893,10226
0.8592751026153564,10225
0.8604419231414795,10224
0.8667547702789307,10223
0.8677289485931396,10222
0.8683998584747314,10221
0.8688859939575195,10220
0.86962890625,10219
0.8700249195098877,10218
0.8757619857788086,10217
0.8762719631195068,10216
0.8809030055999756,10215
0.88161301612854,10214
0.8818449974060059,10213
0.881943941116333,10212
0.8838069438934326,10211
0.8916139602661133,10210
0.8916938304901123,10209
0.8977479934692383,10208
0.9002687931060791,10207
0.9012680053710938,10206
0.9019789695739746,10205
0.9021430015563965,10204
0.9032468795776367,10203
0.9033291339874268,10202
0.9086019992828369,10201
0.9091489315032959,10200
0.9093167781829834,10199
0.9094841480255127,10198
0.9107649326324463,10197
0.911297082901001,10196
0.9120299816131592,10195
0.9203751087188721,10194
0.9207320213317871,10193
0.9211320877075195,10192
0.9244270324707031,10191
0.9245140552520752,10190
0.9269020557403564,10189
0.9270679950714111,10188
0.9272439479827881,10187
0.9287619590759277,10186
0.935492992401123,10185
0.9356701374053955,10184
0.9393930435180664,10183
0.9395759105682373,10182
0.9396450519561768,10181
0.9422509670257568,10180
0.9428648948669434,10179
0.943540096282959,10178
0.9471909999847412,10177
0.9513130187988281,10176
0.9513847827911377,10175
0.9535918235778809,10174
0.9540958404541016,10173
0.9553449153900146,10172
0.9584388732910156,10171
0.9593150615692139,10170
0.9614150524139404,10169
0.9625837802886963,10168
0.963068962097168,10167
0.9660749435424805,10166
0.9666509628295898,10165
0.9667448997497559,10164
0.9672021865844727,10163
0.9677300453186035,10162
0.9684460163116455,10161
0.9689180850982666,10160
0.9698340892791748,10159
0.9705097675323486,10158
0.9734370708465576,10157
0.9738140106201172,10156
0.974876880645752,10155
0.9760239124298096,10154
0.9761838912963867,10153
0.9770157337188721,10152
0.9777209758758545,10151
0.9777839183807373,10150
0.978370189666748,10149
0.9803609848022461,10148
0.9818000793457031,10147
0.9819419384002686,10146
0.9838159084320068,10145
0.984626054763794,10144
0.9852087497711182,10143
0.9866249561309814,10142
0.9896819591522217,10141
0.992063045501709,10140
0.9925298690795898,10139
0.9937207698822021,10138
0.993826150894165,10137
0.9959189891815186,10136
0.9960169792175293,10135
0.996527910232544,10134
0.9983270168304443,10133
1.0007569789886475,10132
1.0026769638061523,10131
1.0052580833435059,10130
1.0059237480163574,10129
1.009988784790039,10128
1.0118858814239502,10127
1.012955904006958,10126
1.0152578353881836,10125
1.015937089920044,10124
1.0160279273986816,10123
1.0291399955749512,10122
1.0292260646820068,10121
1.0301730632781982,10120
1.0312128067016602,10119
1.0340559482574463,10118
1.0342228412628174,10117
1.0346498489379883,10116
1.0350840091705322,10115
1.0352199077606201,10114
1.035918951034546,10113
1.0371339321136475,10112
1.037248134613037,10111
1.0400619506835938,10110
1.0401458740234375,10109
1.0427279472351074,10108
1.047116994857788,10107
1.0522398948669434,10106
1.052673101425171,10105
1.0563888549804688,10104
1.0564770698547363,10103
1.0566620826721191,10102
1.0618669986724854,10101
1.0619878768920898,10100
1.0630710124969482,10099
1.0631580352783203,10098
1.063539981842041,10097
1.0644948482513428,10096
1.066215991973877,10095
1.0712149143218994,10094
1.07216477394104,10093
1.0730400085449219,10092
1.0740330219268799,10091
1.07682204246521,10090
1.0769081115722656,10089
1.0770728588104248,10088
1.0786268711090088,10087
1.0808520317077637,10086
1.0834629535675049,10085
1.0844581127166748,10084
1.085961103439331,10083
1.0949828624725342,10082
1.0962250232696533,10081
1.0962989330291748,10080
1.0981190204620361,10079
1.0982589721679688,10078
1.1036560535430908,10077
1.1037449836730957,10076
1.104515790939331,10075
1.1047618389129639,10074
1.1049129962921143,10073
1.1050100326538086,10072
1.1050939559936523,10071
1.107726812362671,10070
1.1079728603363037,10069
1.111832857131958,10068
1.1119270324707031,10067
1.114516019821167,10066
1.1146039962768555,10065
1.1146960258483887,10064
1.1266629695892334,10063
1.126875877380371,10062
1.1314587593078613,10061
1.1339800357818604,10060
1.135282039642334,10059
1.136103868484497,10058
1.13618803024292,10057
1.1394069194793701,10056
1.1394917964935303,10055
1.143852710723877,10054
1.1446428298950195,10053
1.1620087623596191,10052
1.1674509048461914,10051
1.169555902481079,10050
1.1696410179138184,10049
1.173048973083496,10048
1.173133134841919,10047
1.1760168075561523,10046
1.1798748970031738,10045
1.186269998550415,10044
1.1863460540771484,10043
1.1870598793029785,10042
1.187891960144043,10041
1.1894829273223877,10040
1.1899499893188477,10039
1.1900339126586914,10038
1.1901679039001465,10037
1.1918210983276367,10036
1.1923060417175293,10035
1.1963977813720703,10034
1.1964900493621826,10033
1.2009930610656738,10032
1.2018320560455322,10031
1.2058980464935303,10030
1.2059657573699951,10029
1.2087700366973877,10028
1.2123339176177979,10027
1.2157859802246094,10026
1.2298738956451416,10025
1.234907865524292,10024
1.236893892288208,10023
1.2369859218597412,10022
1.2376677989959717,10021
1.2383418083190918,10020
1.2390589714050293,10019
1.2392399311065674,10018
1.2919161319732666,10017
1.2940208911895752,10016
1.2944860458374023,10015
1.2987010478973389,10014
1.2997689247131348,10013
1.2998559474945068,10012
1.300034761428833,10011
1.300541877746582,10010
1.3023369312286377,10009
1.3058090209960938,10008
1.3059048652648926,10007
1.3083999156951904,10006
1.3090088367462158,10005
1.3115909099578857,10004
1.316519021987915,10003
1.3170959949493408,10002
1.317349910736084,10001
1.3174328804016113,10000
1.3178789615631104,9999
1.3180859088897705,9998
1.3182868957519531,9997
1.3188629150390625,9996
1.3208138942718506,9995
1.3245971202850342,9994
1.3246958255767822,9993
1.326286792755127,9992
1.328395128250122,9991
1.330482006072998,9990
1.3354909420013428,9989
1.3356060981750488,9988
1.3376920223236084,9987
1.3377799987792969,9986
1.3382458686828613,9985
1.3397819995880127,9984
1.342376947402954,9983
1.3424818515777588,9982
1.3445589542388916,9981
1.3446428775787354,9980
1.348330020904541,9979
1.3484089374542236,9978
1.3512661457061768,9977
1.3522241115570068,9976
1.353090763092041,9975
1.3596229553222656,9974
1.3598170280456543,9973
1.3599188327789307,9972
1.3619048595428467,9971
1.36474609375,9970
1.3718757629394531,9969
1.3752028942108154,9968
1.375412940979004,9967
1.3760268688201904,9966
1.377478837966919,9965
1.3794608116149902,9964
1.3796138763427734,9963
1.3799118995666504,9962
1.3800477981567383,9961
1.380133867263794,9960
1.3819069862365723,9959
1.3845367431640625,9958
1.3887019157409668,9957
1.389564037322998,9956
1.3923211097717285,9955
1.3924298286437988,9954
1.3930320739746094,9953
1.3931641578674316,9952
1.399878978729248,9951
1.4050660133361816,9950
1.40897798538208,9949
1.4125409126281738,9948
1.4163339138031006,9947
1.4183480739593506,9946
1.418445110321045,9945
1.42128586769104,9944
1.4218478202819824,9943
1.4222958087921143,9942
1.424062967300415,9941
1.4292988777160645,9940
1.4307069778442383,9939
1.4314548969268799,9938
1.4324398040771484,9937
1.4345180988311768,9936
1.4346168041229248,9935
1.4348270893096924,9934
1.437349796295166,9933
1.4389970302581787,9932
1.4420061111450195,9931
1.4420700073242188,9930
1.4421608448028564,9929
1.4439408779144287,9928
1.4473519325256348,9927
1.447417974472046,9926
1.4503848552703857,9925
1.4604179859161377,9924
1.4605770111083984,9923
1.4660849571228027,9922
1.469829797744751,9921
1.4699018001556396,9920
1.4703359603881836,9919
1.470966100692749,9918
1.4737749099731445,9917
1.473879098892212,9916
1.4792280197143555,9915
1.4853019714355469,9914
1.487034797668457,9913
1.4871318340301514,9912
1.4878768920898438,9911
1.4885540008544922,9910
1.4905788898468018,9909
1.4953680038452148,9908
1.4989020824432373,9907
1.498988151550293,9906
1.499748945236206,9905
1.4998207092285156,9904
1.499903917312622,9903
1.500610113143921,9902
1.501086950302124,9901
1.5029358863830566,9900
1.5059058666229248,9899
1.5086910724639893,9898
1.5088160037994385,9897
1.511181116104126,9896
1.5172770023345947,9895
1.5173728466033936,9894
1.5174880027770996,9893
1.522589921951294,9892
1.524399995803833,9891
1.527338981628418,9890
1.528533935546875,9889
1.528684139251709,9888
1.5306758880615234,9887
1.533228874206543,9886
1.5337738990783691,9885
1.5340008735656738,9884
1.534148931503296,9883
1.5347988605499268,9882
1.5348780155181885,9881
1.5380680561065674,9880
1.5389797687530518,9879
1.540860891342163,9878
1.5412890911102295,9877
1.5423569679260254,9876
1.5457820892333984,9875
1.5458738803863525,9874
1.5465381145477295,9873
1.5506970882415771,9872
1.5508949756622314,9871
1.5519261360168457,9870
1.5520179271697998,9869
1.5532608032226562,9868
1.5534920692443848,9867
1.5554368495941162,9866
1.5559298992156982,9865
1.556044101715088,9864
1.556704044342041,9863
1.5711469650268555,9862
1.5725889205932617,9861
1.572695016860962,9860
1.5761628150939941,9859
1.576807975769043,9858
1.5808539390563965,9857
1.582556962966919,9856
1.5836379528045654,9855
1.5837419033050537,9854
1.5843908786773682,9853
1.5862610340118408,9852
1.5900838375091553,9851
1.5930519104003906,9850
1.593634843826294,9849
1.5973560810089111,9848
1.6009700298309326,9847
1.6172559261322021,9846
1.6175308227539062,9845
1.6202077865600586,9844
1.6202919483184814,9843
1.6210031509399414,9842
1.62556791305542,9841
1.6256389617919922,9840
1.6365630626678467,9839
1.6378118991851807,9838
1.6378860473632812,9837
1.6379778385162354,9836
1.6384029388427734,9835
1.6385209560394287,9834
1.6413888931274414,9833
1.6419448852539062,9832
1.649878978729248,9831
1.650048017501831,9830
1.651547908782959,9829
1.6556658744812012,9828
1.6557528972625732,9827
1.6582419872283936,9826
1.6601839065551758,9825
1.6689739227294922,9824
1.669104814529419,9823
1.6691861152648926,9822
1.6722140312194824,9821
1.6723048686981201,9820
1.6723949909210205,9819
1.6724700927734375,9818
1.6744439601898193,9817
1.6751067638397217,9816
1.6756839752197266,9815
1.6819419860839844,9814
1.6820909976959229,9813
1.68231201171875,9812
1.6852469444274902,9811
1.6853210926055908,9810
1.685441017150879,9809
1.6865768432617188,9808
1.6892249584197998,9807
1.691554069519043,9806
1.697476863861084,9805
1.702113151550293,9804
1.7022638320922852,9803
1.7029430866241455,9802
1.7031638622283936,9801
1.7032477855682373,9800
1.7038390636444092,9799
1.7039968967437744,9798
1.707068920135498,9797
1.7080159187316895,9796
1.7095599174499512,9795
1.709650993347168,9794
1.7097868919372559,9793
1.7126519680023193,9792
1.7136878967285156,9791
1.7142510414123535,9790
1.7145118713378906,9789
1.7171180248260498,9788
1.717250108718872,9787
1.717440128326416,9786
1.7193479537963867,9785
1.7234339714050293,9784
1.7240819931030273,9783
1.7308909893035889,9782
1.7312378883361816,9781
1.7393968105316162,9780
1.7394969463348389,9779
1.7395808696746826,9778
1.74273681640625,9777
1.7428209781646729,9776
1.742913007736206,9775
1.7430007457733154,9774
1.749762773513794,9773
1.755537986755371,9772
1.7574849128723145,9771
1.7582941055297852,9770
1.7608568668365479,9769
1.7617170810699463,9768
1.7618649005889893,9767
1.762571096420288,9766
1.7655580043792725,9765
1.7656238079071045,9764
1.76652193069458,9763
1.768718957901001,9762
1.770240068435669,9761
1.770956039428711,9760
1.7737739086151123,9759
1.7747409343719482,9758
1.7756638526916504,9757
1.786177158355713,9756
1.786402940750122,9755
1.7864799499511719,9754
1.7865619659423828,9753
1.7920010089874268,9752
1.7953710556030273,9751
1.795593023300171,9750
1.800126075744629,9749
1.8002150058746338,9748
1.800367832183838,9747
1.8008298873901367,9746
1.8012659549713135,9745
1.802790880203247,9744
1.8029258251190186,9743
1.8078479766845703,9742
1.8103597164154053,9741
1.811011791229248,9740
1.8110790252685547,9739
1.8111560344696045,9738
1.8112258911132812,9737
1.811309814453125,9736
1.8204548358917236,9735
1.8220539093017578,9734
1.8226439952850342,9733
1.822901964187622,9732
1.823383092880249,9731
1.8255560398101807,9730
1.8262639045715332,9729
1.8307929039001465,9728
1.8365049362182617,9727
1.8367371559143066,9726
1.8375308513641357,9725
1.844588041305542,9724
1.8472309112548828,9723
1.850883960723877,9722
1.8526039123535156,9721
1.853175163269043,9720
1.855003833770752,9719
1.8558621406555176,9718
1.8586361408233643,9717
1.8610799312591553,9716
1.8645131587982178,9715
1.8652198314666748,9714
1.8661010265350342,9713
1.8661890029907227,9712
1.8684799671173096,9711
1.8764948844909668,9710
1.881525993347168,9709
1.8836610317230225,9708
1.8839519023895264,9707
1.884166955947876,9706
1.8861660957336426,9705
1.8883237838745117,9704
1.8915050029754639,9703
1.8916780948638916,9702
1.896393060684204,9701
1.8996169567108154,9700
1.9050629138946533,9699
1.9073801040649414,9698
1.9074680805206299,9697
1.9117939472198486,9696
1.9206688404083252,9695
1.9207539558410645,9694
1.9227941036224365,9693
1.9245069026947021,9692
1.9245808124542236,9691
1.9246699810028076,9690
1.9248709678649902,9689
1.926727056503296,9688
1.9268858432769775,9687
1.927088975906372,9686
1.9300999641418457,9685
1.9303040504455566,9684
1.9305338859558105,9683
1.9585189819335938,9682
1.9586100578308105,9681
1.9629299640655518,9680
1.9630200862884521,9679
1.9647748470306396,9678
1.9658048152923584,9677
1.9666659832000732,9676
1.976496934890747,9675
1.9772448539733887,9674
1.9773619174957275,9673
1.9823088645935059,9672
1.9887850284576416,9671
1.9900169372558594,9670
1.9901080131530762,9669
1.9901888370513916,9668
1.9907200336456299,9667
1.9922780990600586,9666
2.0146749019622803,9665
2.019218921661377,9664
2.020029067993164,9663
2.024495840072632,9662
2.031653881072998,9661
2.032294988632202,9660
2.0323867797851562,9659
2.0364460945129395,9658
2.0365240573883057,9657
2.036594867706299,9656
2.0377209186553955,9655
2.0414369106292725,9654
2.04152512550354,9653
2.043036937713623,9652
2.043684959411621,9651
2.0462100505828857,9650
2.0522079467773438,9649
2.05279278755188,9648
2.0567398071289062,9647
2.057262897491455,9646
2.057996988296509,9645
2.0582709312438965,9644
2.058359146118164,9643
2.060407876968384,9642
2.0605289936065674,9641
2.0663609504699707,9640
2.0710318088531494,9639
2.0711910724639893,9638
2.0744049549102783,9637
2.0758869647979736,9636
2.075974941253662,9635
2.0762031078338623,9634
2.0790679454803467,9633
2.0803158283233643,9632
2.0853898525238037,9631
2.085465908050537,9630
2.08723783493042,9629
2.087660074234009,9628
2.0952887535095215,9627
2.0990548133850098,9626
2.0992419719696045,9625
2.1040101051330566,9624
2.1057417392730713,9623
2.1063120365142822,9622
2.1064400672912598,9621
2.1101598739624023,9620
2.1102190017700195,9619
2.1108579635620117,9618
2.1112000942230225,9617
2.1148197650909424,9616
2.120835781097412,9615
2.12160587310791,9614
2.121821880340576,9613
2.122519016265869,9612
2.1258740425109863,9611
2.1267879009246826,9610
2.1268539428710938,9609
2.13032603263855,9608
2.132274866104126,9607
2.1326680183410645,9606
2.1332390308380127,9605
2.133310079574585,9604
2.1371798515319824,9603
2.2054500579833984,9602
2.211879014968872,9601
2.2177460193634033,9600
2.220944881439209,9599
2.2223398685455322,9598
2.229548931121826,9597
2.229619026184082,9596
2.230299949645996,9595
2.2304489612579346,9594
2.2311949729919434,9593
2.2312698364257812,9592
2.2319860458374023,9591
2.2467331886291504,9590
2.251386880874634,9589
2.2539689540863037,9588
2.254171848297119,9587
2.2593019008636475,9586
2.259718894958496,9585
2.2605807781219482,9584
2.2607929706573486,9583
2.2639451026916504,9582
2.26615309715271,9581
2.266248941421509,9580
2.2761449813842773,9579
2.2778780460357666,9578
2.2798969745635986,9577
2.282235860824585,9576
2.2828569412231445,9575
2.283106803894043,9574
2.2850518226623535,9573
2.2852249145507812,9572
2.290626049041748,9571
2.2939860820770264,9570
2.294708013534546,9569
2.2963321208953857,9568
2.2969391345977783,9567
2.2996838092803955,9566
2.3079659938812256,9565
2.308053970336914,9564
2.3081419467926025,9563
2.308879852294922,9562
2.3112950325012207,9561
2.3145627975463867,9560
2.3146560192108154,9559
2.3166909217834473,9558
2.3189289569854736,9557
2.3190228939056396,9556
2.319617986679077,9555
2.323425054550171,9554
2.3241899013519287,9553
2.327148914337158,9552
2.3273558616638184,9551
2.3346240520477295,9550
2.3354580402374268,9549
2.3355798721313477,9548
2.3378329277038574,9547
2.3380308151245117,9546
2.343441963195801,9545
2.3441710472106934,9544
2.346531867980957,9543
2.3466179370880127,9542
2.3467578887939453,9541
2.34739089012146,9540
2.3474860191345215,9539
2.3493518829345703,9538
2.3505899906158447,9537
2.352045774459839,9536
2.3526999950408936,9535
2.3527889251708984,9534
2.3574578762054443,9533
2.3588008880615234,9532
2.365710973739624,9531
2.36795711517334,9530
2.3685898780822754,9529
2.369058132171631,9528
2.371148109436035,9527
2.373624801635742,9526
2.376987934112549,9525
2.3776469230651855,9524
2.3792970180511475,9523
2.383544921875,9522
2.3840739727020264,9521
2.3900129795074463,9520
2.3909099102020264,9519
2.396345853805542,9518
2.3969039916992188,9517
2.3997130393981934,9516
2.3998830318450928,9515
2.401859760284424,9514
2.4034318923950195,9513
2.4060568809509277,9512
2.4077577590942383,9511
2.4110538959503174,9510
2.413707971572876,9509
2.4183809757232666,9508
2.4243478775024414,9507
2.426381826400757,9506
2.433245897293091,9505
2.448452949523926,9504
2.4546539783477783,9503
2.454922914505005,9502
2.4558420181274414,9501
2.4559240341186523,9500
2.4559900760650635,9499
2.4591050148010254,9498
2.4592981338500977,9497
2.4611599445343018,9496
2.4618079662323,9495
2.4652159214019775,9494
2.4683480262756348,9493
2.4723448753356934,9492
2.472935914993286,9491
2.475687026977539,9490
2.475767135620117,9489
2.4782190322875977,9488
2.478834867477417,9487
2.478907823562622,9486
2.484376907348633,9485
2.4851109981536865,9484
2.485853910446167,9483
2.4865429401397705,9482
2.488269805908203,9481
2.4895730018615723,9480
2.489900827407837,9479
2.4914278984069824,9478
2.491507053375244,9477
2.491588830947876,9476
2.498276948928833,9475
2.4987998008728027,9474
2.5024309158325195,9473
2.5120677947998047,9472
2.519679069519043,9471
2.5197551250457764,9470
2.5223140716552734,9469
2.5267200469970703,9468
2.529859781265259,9467
2.5358448028564453,9466
2.535922050476074,9465
2.536334991455078,9464
2.538814067840576,9463
2.5540130138397217,9462
2.5586209297180176,9461
2.56198787689209,9460
2.5688419342041016,9459
2.5742900371551514,9458
2.577096939086914,9457
2.5780529975891113,9456
2.579845905303955,9455
2.586030960083008,9454
2.5866048336029053,9453
2.5952987670898438,9452
2.596120834350586,9451
2.599231004714966,9450
2.5999648571014404,9449
2.6004297733306885,9448
2.601004123687744,9447
2.6017470359802246,9446
2.6075189113616943,9445
2.6094539165496826,9444
2.614339828491211,9443
2.6213109493255615,9442
2.6257920265197754,9441
2.627781867980957,9440
2.627958059310913,9439
2.6284360885620117,9438
2.635348081588745,9437
2.635456085205078,9436
2.636770009994507,9435
2.638887882232666,9434
2.6463840007781982,9433
2.653925895690918,9432
2.654042959213257,9431
2.660093069076538,9430
2.6667778491973877,9429
2.6675238609313965,9428
2.66972279548645,9427
2.669874906539917,9426
2.6712160110473633,9425
2.6713318824768066,9424
2.6714279651641846,9423
2.672900915145874,9422
2.6822009086608887,9421
2.6824378967285156,9420
2.68611478805542,9419
2.690124034881592,9418
2.6901907920837402,9417
2.6917760372161865,9416
2.693251848220825,9415
2.693434000015259,9414
2.694053888320923,9413
2.6953721046447754,9412
2.7006311416625977,9411
2.7024149894714355,9410
2.7024829387664795,9409
2.705141067504883,9408
2.7110469341278076,9407
2.7153968811035156,9406
2.715466022491455,9405
2.7191319465637207,9404
2.71974515914917,9403
2.720315933227539,9402
2.732438087463379,9401
2.734157085418701,9400
2.73482608795166,9399
2.7373600006103516,9398
2.740677833557129,9397
2.7455251216888428,9396
2.7505087852478027,9395
2.750730037689209,9394
2.7512457370758057,9393
2.7513628005981445,9392
2.7531988620758057,9391
2.756511926651001,9390
2.7627530097961426,9389
2.770967721939087,9388
2.777552843093872,9387
2.7777910232543945,9386
2.781026840209961,9385
2.784611940383911,9384
2.78955078125,9383
2.7928290367126465,9382
2.792909860610962,9381
2.793134927749634,9380
2.801140069961548,9379
2.80126690864563,9378
2.803191900253296,9377
2.803266763687134,9376
2.8153109550476074,9375
2.8157639503479004,9374
2.8258559703826904,9373
2.8259479999542236,9372
2.8316290378570557,9371
2.835789918899536,9370
2.837575912475586,9369
2.8376450538635254,9368
2.842935800552368,9367
2.8436028957366943,9366
2.843989133834839,9365
2.852849006652832,9364
2.8531861305236816,9363
2.926771879196167,9362
2.929831027984619,9361
2.9308009147644043,9360
2.931053876876831,9359
2.931138038635254,9358
2.931405782699585,9357
2.9432380199432373,9356
2.943323850631714,9355
2.945452928543091,9354
2.9456000328063965,9353
2.945662021636963,9352
2.9504189491271973,9351
2.9512441158294678,9350
2.9531688690185547,9349
2.954969882965088,9348
2.9633350372314453,9347
2.9635868072509766,9346
2.9656660556793213,9345
2.968384027481079,9344
2.9691059589385986,9343
2.971057891845703,9342
3.048521041870117,9341
3.049107074737549,9340
3.0498528480529785,9339
3.054194927215576,9338
3.0585999488830566,9337
3.0689921379089355,9336
3.0724680423736572,9335
3.0786209106445312,9334
3.07978892326355,9333
3.079864740371704,9332
3.085326910018921,9331
3.0920209884643555,9330
3.0921409130096436,9329
3.0922157764434814,9328
3.092749834060669,9327
3.0965330600738525,9326
3.0966060161590576,9325
3.0986340045928955,9324
3.098723888397217,9323
3.0990829467773438,9322
3.102329969406128,9321
3.105236053466797,9320
3.108628988265991,9319
3.110339879989624,9318
3.131450891494751,9317
3.1346709728240967,9316
3.134850025177002,9315
3.13508677482605,9314
3.1353909969329834,9313
3.139310836791992,9312
3.141698122024536,9311
3.1426990032196045,9310
3.150178909301758,9309
3.153846025466919,9308
3.156157970428467,9307
3.1581718921661377,9306
3.1583759784698486,9305
3.159289836883545,9304
3.1594088077545166,9303
3.1594879627227783,9302
3.1605358123779297,9301
3.1606099605560303,9300
3.160694122314453,9299
3.173496961593628,9298
3.1735727787017822,9297
3.17439603805542,9296
3.174478769302368,9295
3.177581787109375,9294
3.1820008754730225,9293
3.1933069229125977,9292
3.196467876434326,9291
3.1965508460998535,9290
3.2021749019622803,9289
3.204085111618042,9288
3.209036111831665,9287
3.2091012001037598,9286
3.209946870803833,9285
3.230018138885498,9284
3.230571985244751,9283
3.237837076187134,9282
3.244335889816284,9281
3.247004985809326,9280
3.2518410682678223,9279
3.265415906906128,9278
3.265488862991333,9277
3.2755751609802246,9276
3.2820398807525635,9275
3.2825207710266113,9274
3.2852299213409424,9273
3.2870421409606934,9272
3.2875211238861084,9271
3.287597894668579,9270
3.289477825164795,9269
3.2945358753204346,9268
3.30303692817688,9267
3.3083930015563965,9266
3.314128875732422,9265
3.3151638507843018,9264
3.3154819011688232,9263
3.324540853500366,9262
3.3246500492095947,9261
3.324727773666382,9260
3.347892999649048,9259
3.3573808670043945,9258
3.3673319816589355,9257
3.3692009449005127,9256
3.3727529048919678,9255
3.375736951828003,9254
3.3757991790771484,9253
3.3795437812805176,9252
3.3833019733428955,9251
3.3840599060058594,9250
3.3946919441223145,9249
3.3955588340759277,9248
3.404097080230713,9247
3.405729055404663,9246
3.412087917327881,9245
3.4180219173431396,9244
3.4200398921966553,9243
3.42250394821167,9242
3.4225821495056152,9241
3.4259860515594482,9240
3.430194854736328,9239
3.431367874145508,9238
3.4314639568328857,9237
3.4472010135650635,9236
3.4507110118865967,9235
3.454758882522583,9234
3.4580700397491455,9233
3.462035894393921,9232
3.4621410369873047,9231
3.4673149585723877,9230
3.468980073928833,9229
3.476749897003174,9228
3.4815168380737305,9227
3.486161947250366,9226
3.4862289428710938,9225
3.490787982940674,9224
3.492455005645752,9223
3.49470591545105,9222
3.495361089706421,9221
3.497602939605713,9220
3.503652811050415,9219
3.5077059268951416,9218
3.5084197521209717,9217
3.514475107192993,9216
3.5180680751800537,9215
3.518253803253174,9214
3.5183498859405518,9213
3.5222699642181396,9212
3.522536039352417,9211
3.5226759910583496,9210
3.5306408405303955,9209
3.535902976989746,9208
3.553776979446411,9207
3.5538487434387207,9206
3.5553207397460938,9205
3.5558998584747314,9204
3.5573718547821045,9203
3.557436943054199,9202
3.5575129985809326,9201
3.560194730758667,9200
3.567215919494629,9199
3.576079845428467,9198
3.576141834259033,9197
3.576798915863037,9196
3.5777668952941895,9195
3.577828884124756,9194
3.5799810886383057,9193
3.5902600288391113,9192
3.5903360843658447,9191
3.5912230014801025,9190
3.596626043319702,9189
3.5979437828063965,9188
3.5989749431610107,9187
3.602829933166504,9186
3.603578805923462,9185
3.606110095977783,9184
3.6073291301727295,9183
3.6115729808807373,9182
3.616858959197998,9181
3.625417947769165,9180
3.6260900497436523,9179
3.6362569332122803,9178
3.6409709453582764,9177
3.641047716140747,9176
3.64270281791687,9175
3.6428558826446533,9174
3.6490979194641113,9173
3.6491878032684326,9172
3.6499359607696533,9171
3.653817892074585,9170
3.661496877670288,9169
3.661573886871338,9168
3.6617658138275146,9167
3.6678099632263184,9166
3.6780519485473633,9165
3.6817009449005127,9164
3.6845479011535645,9163
3.688364028930664,9162
3.6957030296325684,9161
3.6989760398864746,9160
3.6990840435028076,9159
3.6996989250183105,9158
3.7047088146209717,9157
3.7114639282226562,9156
3.7124500274658203,9155
3.7125279903411865,9154
3.712953805923462,9153
3.7220051288604736,9152
3.723397970199585,9151
3.734980821609497,9150
3.736279010772705,9149
3.7388298511505127,9148
3.7389109134674072,9147
3.738992929458618,9146
3.7396199703216553,9145
3.742408037185669,9144
3.7460548877716064,9143
3.746699094772339,9142
3.7485289573669434,9141
3.7644870281219482,9140
3.7723100185394287,9139
3.7752199172973633,9138
3.7835850715637207,9137
3.7841150760650635,9136
3.784203052520752,9135
3.787179946899414,9134
3.7872557640075684,9133
3.795881986618042,9132
3.7961349487304688,9131
3.801240921020508,9130
3.80203914642334,9129
3.802107810974121,9128
3.8158090114593506,9127
3.8159120082855225,9126
3.817051887512207,9125
3.818527936935425,9124
3.818697929382324,9123
3.822030782699585,9122
3.8257179260253906,9121
3.8346707820892334,9120
3.8433330059051514,9119
3.8459348678588867,9118
3.846008777618408,9117
3.846497058868408,9116
3.847085952758789,9115
3.8507211208343506,9114
3.852764844894409,9113
3.853421926498413,9112
3.8709309101104736,9111
3.878776788711548,9110
3.8789069652557373,9109
3.8789761066436768,9108
3.880845069885254,9107
3.885629892349243,9106
3.8892078399658203,9105
3.889298915863037,9104
3.890758991241455,9103
3.892328977584839,9102
3.894315004348755,9101
3.896824836730957,9100
3.9014720916748047,9099
3.9037351608276367,9098
3.9038829803466797,9097
3.903970956802368,9096
3.9040310382843018,9095
3.9104020595550537,9094
3.9131410121917725,9093
3.913217067718506,9092
3.9133148193359375,9091
3.914315938949585,9090
3.916151762008667,9089
3.919768810272217,9088
3.9253509044647217,9087
3.929537057876587,9086
3.9375009536743164,9085
3.937570095062256,9084
3.946704864501953,9083
3.947005033493042,9082
3.948482036590576,9081
3.9486820697784424,9080
3.9640579223632812,9079
3.9646899700164795,9078
3.966458797454834,9077
3.966878890991211,9076
3.968580961227417,9075
3.9707119464874268,9074
3.9709320068359375,9073
3.976595878601074,9072
3.976712942123413,9071
3.9798989295959473,9070
3.983506917953491,9069
4.067489147186279,9068
4.0729968547821045,9067
4.083882093429565,9066
4.095069885253906,9065
4.099601984024048,9064
4.103376865386963,9063
4.105194091796875,9062
4.107139825820923,9061
4.107419967651367,9060
4.113999843597412,9059
4.120266914367676,9058
4.122689962387085,9057
4.122767925262451,9056
4.14087700843811,9055
4.140945911407471,9054
4.141056060791016,9053
4.163877964019775,9052
4.16736102104187,9051
4.169667959213257,9050
4.171612024307251,9049
4.17380690574646,9048
4.180008888244629,9047
4.180771827697754,9046
4.183712005615234,9045
4.186430931091309,9044
4.186852931976318,9043
4.202618837356567,9042
4.203458786010742,9041
4.2053608894348145,9040
4.210226058959961,9039
4.211612939834595,9038
4.2146477699279785,9037
4.222242832183838,9036
4.222724914550781,9035
4.222794055938721,9034
4.224685907363892,9033
4.231352806091309,9032
4.232820987701416,9031
4.233337879180908,9030
4.237492084503174,9029
4.254487752914429,9028
4.262586832046509,9027
4.262935161590576,9026
4.277906894683838,9025
4.286636114120483,9024
4.297482967376709,9023
4.299723148345947,9022
4.30282187461853,9021
4.302897930145264,9020
4.303851127624512,9019
4.304313898086548,9018
4.3045079708099365,9017
4.304594993591309,9016
4.305837869644165,9015
4.306660890579224,9014
4.308253049850464,9013
4.308455944061279,9012
4.315766096115112,9011
4.3220319747924805,9010
4.330253839492798,9009
4.330950021743774,9008
4.337536096572876,9007
4.35369610786438,9006
4.369590997695923,9005
4.372826814651489,9004
4.373005151748657,9003
4.38429594039917,9002
4.392787933349609,9001
4.392848014831543,9000
4.39294695854187,8999
4.396582841873169,8998
4.39726185798645,8997
4.399378061294556,8996
4.402638912200928,8995
4.405788898468018,8994
4.406210899353027,8993
4.41563081741333,8992
4.418587923049927,8991
4.418722867965698,8990
4.433150053024292,8989
4.437595844268799,8988
4.446486949920654,8987
4.451492786407471,8986
4.4517199993133545,8985
4.4525299072265625,8984
4.458479881286621,8983
4.458539962768555,8982
4.459633827209473,8981
4.460405111312866,8980
4.4604737758636475,8979
4.462831974029541,8978
4.4661688804626465,8977
4.466342926025391,8976
4.4688849449157715,8975
4.468950033187866,8974
4.472630023956299,8973
4.473137855529785,8972
4.473247051239014,8971
4.478160858154297,8970
4.481029987335205,8969
4.483065843582153,8968
4.509075880050659,8967
4.5130250453948975,8966
4.518027067184448,8965
4.518142938613892,8964
4.528120756149292,8963
4.528894901275635,8962
4.5325608253479,8961
4.53951096534729,8960
4.539577960968018,8959
4.540109872817993,8958
4.540887117385864,8957
4.548105001449585,8956
4.548354864120483,8955
4.557250022888184,8954
4.560443878173828,8953
4.566057920455933,8952
4.56696891784668,8951
4.569058179855347,8950
4.575891971588135,8949
4.578255891799927,8948
4.589996814727783,8947
4.590073823928833,8946
4.596605062484741,8945
4.5986950397491455,8944
4.610126972198486,8943
4.624768018722534,8942
4.624835968017578,8941
4.626621961593628,8940
4.626796007156372,8939
4.627027988433838,8938
4.627858877182007,8937
4.642469882965088,8936
4.653077125549316,8935
4.661558151245117,8934
4.6759748458862305,8933
4.6785008907318115,8932
4.683788061141968,8931
4.690814971923828,8930
4.698688983917236,8929
4.699784994125366,8928
4.6998820304870605,8927
4.705106973648071,8926
4.723743915557861,8925
4.7316529750823975,8924
4.731729030609131,8923
4.732576131820679,8922
4.734097003936768,8921
4.735687017440796,8920
4.7377610206604,8919
4.738601922988892,8918
4.752747058868408,8917
4.761291027069092,8916
4.785531997680664,8915
4.79314112663269,8914
4.793747901916504,8913
4.794493913650513,8912
4.798838138580322,8911
4.891700029373169,8910
4.891774892807007,8909
4.891981840133667,8908
4.8927319049835205,8907
4.897088050842285,8906
4.898423910140991,8905
4.903570890426636,8904
4.904618978500366,8903
4.908131837844849,8902
4.922538995742798,8901
4.925188779830933,8900
4.926607847213745,8899
4.933327913284302,8898
4.940546751022339,8897
4.96017599105835,8896
4.9722349643707275,8895
4.972844839096069,8894
4.976140975952148,8893
4.985111951828003,8892
4.9878339767456055,8891
4.989428997039795,8890
4.991144895553589,8889
4.991785049438477,8888
5.054275751113892,8887
5.054343938827515,8886
5.054531812667847,8885
5.0562169551849365,8884
5.063042163848877,8883
5.064495801925659,8882
5.068490028381348,8881
5.073485851287842,8880
5.074027061462402,8879
5.079689025878906,8878
5.08043098449707,8877
5.094305992126465,8876
5.098447799682617,8875
5.098510980606079,8874
5.103878974914551,8873
5.111909866333008,8872
5.129558086395264,8871
5.13297700881958,8870
5.135087966918945,8869
5.136565923690796,8868
5.138000965118408,8867
5.152786016464233,8866
5.153580904006958,8865
5.153641939163208,8864
5.156577110290527,8863
5.158345937728882,8862
5.165735960006714,8861
5.1664557456970215,8860
5.168696880340576,8859
5.1754350662231445,8858
5.175507068634033,8857
5.18367600440979,8856
5.27761697769165,8855
5.279415130615234,8854
5.281289100646973,8853
5.289113998413086,8852
5.30625581741333,8851
5.307070970535278,8850
5.311023950576782,8849
5.3263890743255615,8848
5.326465129852295,8847
5.3265368938446045,8846
5.334568023681641,8845
5.33540415763855,8844
5.344511985778809,8843
5.347433090209961,8842
5.347502946853638,8841
5.347563982009888,8840
5.347711086273193,8839
5.348531007766724,8838
5.349093914031982,8837
5.349827766418457,8836
5.354436874389648,8835
5.355777025222778,8834
5.360560894012451,8833
5.3606438636779785,8832
5.361687898635864,8831
5.366413116455078,8830
5.368462800979614,8829
5.373210906982422,8828
5.381505012512207,8827
5.383924961090088,8826
5.385145902633667,8825
5.394340991973877,8824
5.39440393447876,8823
5.398754835128784,8822
5.40069580078125,8821
5.400781154632568,8820
5.4102678298950195,8819
5.419343948364258,8818
5.4229419231414795,8817
5.423424005508423,8816
5.429023027420044,8815
5.429126977920532,8814
5.430797100067139,8813
5.432254076004028,8812
5.433578014373779,8811
5.43595290184021,8810
5.439702987670898,8809
5.444396734237671,8808
5.453196048736572,8807
5.453255891799927,8806
5.455451965332031,8805
5.45583701133728,8804
5.4562599658966064,8803
5.458323955535889,8802
5.459091901779175,8801
5.470228910446167,8800
5.470627784729004,8799
5.474276781082153,8798
5.474970817565918,8797
5.475039958953857,8796
5.4844560623168945,8795
5.489260911941528,8794
5.490957736968994,8793
5.491535902023315,8792
5.495445013046265,8791
5.49711799621582,8790
5.497177839279175,8789
5.5064568519592285,8788
5.507161855697632,8787
5.5096588134765625,8786
5.512931823730469,8785
5.512994766235352,8784
5.5142741203308105,8783
5.518631935119629,8782
5.529794931411743,8781
5.534713983535767,8780
5.536837816238403,8779
5.5385119915008545,8778
5.551638126373291,8777
5.554110050201416,8776
5.569928884506226,8775
5.584407806396484,8774
5.588274002075195,8773
5.59238600730896,8772
5.593613147735596,8771
5.595731019973755,8770
5.606661796569824,8769
5.609361886978149,8768
5.619469881057739,8767
5.6199188232421875,8766
5.625361919403076,8765
5.6285340785980225,8764
5.637036085128784,8763
5.643344879150391,8762
5.654987096786499,8761
5.658025026321411,8760
5.658084869384766,8759
5.677272796630859,8758
5.67745304107666,8757
5.677543878555298,8756
5.690239906311035,8755
5.6903979778289795,8754
5.6961328983306885,8753
5.696230888366699,8752
5.709490060806274,8751
5.7102210521698,8750
5.71028995513916,8749
5.711098909378052,8748
5.711574077606201,8747
5.715505838394165,8746
5.722016096115112,8745
5.723814010620117,8744
5.7269909381866455,8743
5.728296995162964,8742
5.728463888168335,8741
5.730442047119141,8740
5.731234788894653,8739
5.731434106826782,8738
5.7374427318573,8737
5.742357969284058,8736
5.742448806762695,8735
5.754188060760498,8734
5.759273052215576,8733
5.771435976028442,8732
5.771612882614136,8731
5.781484842300415,8730
5.7815470695495605,8729
5.7846457958221436,8728
5.786993980407715,8727
5.788160085678101,8726
5.7947468757629395,8725
5.7950379848480225,8724
5.802264928817749,8723
5.802775144577026,8722
5.802873849868774,8721
5.8029351234436035,8720
5.813026189804077,8719
5.815423965454102,8718
5.8188629150390625,8717
5.822797060012817,8716
5.8238019943237305,8715
5.827285051345825,8714
5.845087051391602,8713
5.850829839706421,8712
5.853571891784668,8711
5.8536458015441895,8710
5.867702007293701,8709
5.885889053344727,8708
5.897111177444458,8707
5.897290945053101,8706
5.898136854171753,8705
5.901310920715332,8704
5.901462078094482,8703
6.0167460441589355,8702
6.020590782165527,8701
6.02120304107666,8700
6.028799057006836,8699
6.039412975311279,8698
6.048739910125732,8697
6.050923109054565,8696
6.050979852676392,8695
6.061748027801514,8694
6.071721076965332,8693
6.071840047836304,8692
6.072540044784546,8691
6.083050966262817,8690
6.096614837646484,8689
6.104247808456421,8688
6.105802059173584,8687
6.120748043060303,8686
6.128122806549072,8685
6.1333959102630615,8684
6.13704776763916,8683
6.154169797897339,8682
6.158340930938721,8681
6.158785104751587,8680
6.160907030105591,8679
6.173737049102783,8678
6.176181077957153,8677
6.178958892822266,8676
6.182393789291382,8675
6.185698747634888,8674
6.1907289028167725,8673
6.191165924072266,8672
6.209686040878296,8671
6.223884105682373,8670
6.224103927612305,8669
6.238574981689453,8668
6.247408866882324,8667
6.253688812255859,8666
6.264553070068359,8665
6.267168998718262,8664
6.268355846405029,8663
6.278853893280029,8662
6.287928819656372,8661
6.293789863586426,8660
6.2994420528411865,8659
6.301460027694702,8658
6.302073955535889,8657
6.311112880706787,8656
6.314642906188965,8655
6.327691078186035,8654
6.336058855056763,8653
6.339976072311401,8652
6.340195894241333,8651
6.343427896499634,8650
6.349867105484009,8649
6.352757930755615,8648
6.361876010894775,8647
6.371068000793457,8646
6.379164934158325,8645
6.3829567432403564,8644
6.3920300006866455,8643
6.4015419483184814,8642
6.420809984207153,8641
6.424722909927368,8640
6.431807994842529,8639
6.431885004043579,8638
6.43380880355835,8637
6.439629793167114,8636
6.440739870071411,8635
6.443197965621948,8634
6.444774866104126,8633
6.447998046875,8632
6.450071096420288,8631
6.456418752670288,8630
6.457006931304932,8629
6.461335897445679,8628
6.461490869522095,8627
6.471226930618286,8626
6.4786529541015625,8625
6.479245901107788,8624
6.47931981086731,8623
6.4800660610198975,8622
6.480156898498535,8621
6.4852728843688965,8620
6.486037015914917,8619
6.486924171447754,8618
6.4869959354400635,8617
6.494699954986572,8616
6.501420736312866,8615
6.5157630443573,8614
6.526266813278198,8613
6.533650875091553,8612
6.536264896392822,8611
6.543442964553833,8610
6.5509679317474365,8609
6.553986072540283,8608
6.559300899505615,8607
6.574635982513428,8606
6.581243991851807,8605
6.581547975540161,8604
6.583859920501709,8603
6.59217095375061,8602
6.600183725357056,8601
6.600313901901245,8600
6.602324962615967,8599
6.607184886932373,8598
6.6095099449157715,8597
6.616789102554321,8596
6.617543935775757,8595
6.623003959655762,8594
6.623149871826172,8593
6.641912937164307,8592
6.641997814178467,8591
6.646281003952026,8590
6.649152040481567,8589
6.649214029312134,8588
6.651692152023315,8587
6.65584397315979,8586
6.65916895866394,8585
6.666988849639893,8584
6.673737049102783,8583
6.681625843048096,8582
6.6828601360321045,8581
6.696446895599365,8580
6.723278760910034,8579
6.723391056060791,8578
6.739871978759766,8577
6.743319034576416,8576
6.743391990661621,8575
6.743457078933716,8574
6.758116960525513,8573
6.765398025512695,8572
6.783022880554199,8571
6.785102844238281,8570
6.787781000137329,8569
6.789987802505493,8568
6.794273138046265,8567
6.8088719844818115,8566
6.812160015106201,8565
6.822890996932983,8564
6.824429750442505,8563
6.8291027545928955,8562
6.842630863189697,8561
6.844206809997559,8560
6.847846031188965,8559
6.847947120666504,8558
6.855433940887451,8557
6.856092929840088,8556
6.856291770935059,8555
6.85640287399292,8554
6.864329099655151,8553
6.867966890335083,8552
6.86814284324646,8551
6.868624925613403,8550
6.877832889556885,8549
6.884413003921509,8548
6.885379791259766,8547
6.89379096031189,8546
6.899876832962036,8545
6.908231973648071,8544
6.915861129760742,8543
6.9170050621032715,8542
6.917605876922607,8541
6.920307874679565,8540
6.920600891113281,8539
6.921220779418945,8538
6.9218058586120605,8537
6.922384977340698,8536
6.922438859939575,8535
6.930856943130493,8534
6.9310290813446045,8533
6.932790040969849,8532
6.932955980300903,8531
6.937847852706909,8530
6.940744876861572,8529
6.941420078277588,8528
6.944387912750244,8527
6.951049089431763,8526
6.959941864013672,8525
7.002218961715698,8524
7.005151987075806,8523
7.017421007156372,8522
7.0174880027771,8521
7.020111799240112,8520
7.020897150039673,8519
7.0288190841674805,8518
7.029508829116821,8517
7.040509939193726,8516
7.053045034408569,8515
7.056854009628296,8514
7.0673089027404785,8513
7.069891929626465,8512
7.069958925247192,8511
7.072695016860962,8510
7.072825908660889,8509
7.07371711730957,8508
7.080537796020508,8507
7.081265926361084,8506
7.085365056991577,8505
7.086009979248047,8504
7.086223840713501,8503
7.092568874359131,8502
7.095956087112427,8501
7.097793102264404,8500
7.101522922515869,8499
7.106173038482666,8498
7.10679292678833,8497
7.1074440479278564,8496
7.1132590770721436,8495
7.121105909347534,8494
7.136642932891846,8493
7.146558046340942,8492
7.152178049087524,8491
7.156674861907959,8490
7.15839695930481,8489
7.161251783370972,8488
7.170350790023804,8487
7.170881032943726,8486
7.1717870235443115,8485
7.174661874771118,8484
7.194042921066284,8483
7.20583701133728,8482
7.206468820571899,8481
7.210245847702026,8480
7.212788105010986,8479
7.220214128494263,8478
7.225718975067139,8477
7.226935148239136,8476
7.2337470054626465,8475
7.237818956375122,8474
7.238295078277588,8473
7.2389819622039795,8472
7.2405781745910645,8471
7.254910945892334,8470
7.257950067520142,8469
7.260795831680298,8468
7.261965036392212,8467
7.269212007522583,8466
7.269833087921143,8465
7.272183895111084,8464
7.272296905517578,8463
7.2730278968811035,8462
7.294705867767334,8461
7.294768810272217,8460
7.297852993011475,8459
7.303362846374512,8458
7.31594705581665,8457
7.320917129516602,8456
7.3210461139678955,8455
7.341778039932251,8454
7.349537134170532,8453
7.369978904724121,8452
7.373624801635742,8451
7.374303102493286,8450
7.377181053161621,8449
7.3855040073394775,8448
7.393610000610352,8447
7.394770860671997,8446
7.407076835632324,8445
7.407152891159058,8444
7.412967920303345,8443
7.443145036697388,8442
7.447181940078735,8441
7.456139087677002,8440
7.4738450050354,8439
7.474007844924927,8438
7.475917100906372,8437
7.487782001495361,8436
7.490551948547363,8435
7.493864059448242,8434
7.516865968704224,8433
7.524619102478027,8432
7.52962589263916,8431
7.53328800201416,8430
7.538020849227905,8429
7.541050910949707,8428
7.5537941455841064,8427
7.565036058425903,8426
7.583668947219849,8425
7.586000919342041,8424
7.591052055358887,8423
7.592706918716431,8422
7.596962928771973,8421
7.602650880813599,8420
7.605453014373779,8419
7.616523027420044,8418
7.618304014205933,8417
7.618459939956665,8416
7.6190149784088135,8415
7.631561994552612,8414
7.632849931716919,8413
7.633995056152344,8412
7.6481709480285645,8411
7.655594110488892,8410
7.6556618213653564,8409
7.657782077789307,8408
7.66357684135437,8407
7.6665098667144775,8406
7.684267044067383,8405
7.697355031967163,8404
7.70456600189209,8403
7.706650972366333,8402
7.719902992248535,8401
7.722595930099487,8400
7.726722002029419,8399
7.7411510944366455,8398
7.741919040679932,8397
7.745381832122803,8396
7.747537851333618,8395
7.751909971237183,8394
7.751977920532227,8393
7.755701065063477,8392
7.756393909454346,8391
7.757055044174194,8390
7.760083913803101,8389
7.7602009773254395,8388
7.762647867202759,8387
7.772223949432373,8386
7.7729270458221436,8385
7.783877849578857,8384
7.8056910037994385,8383
7.814687967300415,8382
7.829580068588257,8381
7.847226858139038,8380
7.973484754562378,8379
7.9836108684539795,8378
7.990651845932007,8377
7.99544882774353,8376
7.996941804885864,8375
8.1389799118042,8374
8.152290105819702,8373
8.15278697013855,8372
8.156803846359253,8371
8.192900896072388,8370
8.201730728149414,8369
8.234939813613892,8368
8.235469818115234,8367
8.25141191482544,8366
8.252928972244263,8365
8.255908966064453,8364
8.258573055267334,8363
8.272462844848633,8362
8.284228801727295,8361
8.284626960754395,8360
8.302228927612305,8359
8.313798904418945,8358
8.314626932144165,8357
8.3160719871521,8356
8.322582960128784,8355
8.350604057312012,8354
8.35081696510315,8353
8.356158971786499,8352
8.36033582687378,8351
8.361193895339966,8350
8.390257835388184,8349
8.405054092407227,8348
8.413527011871338,8347
8.421015739440918,8346
8.441580057144165,8345
8.461591005325317,8344
8.461655139923096,8343
8.46902084350586,8342
8.47690486907959,8341
8.478048086166382,8340
8.48206901550293,8339
8.491710901260376,8338
8.557797908782959,8337
8.567883014678955,8336
8.568143844604492,8335
8.58231782913208,8334
8.595849990844727,8333
8.600804805755615,8332
8.606379985809326,8331
8.616820096969604,8330
8.618459939956665,8329
8.705640077590942,8328
8.729727983474731,8327
8.73614501953125,8326
8.736389875411987,8325
8.746324062347412,8324
8.749643087387085,8323
8.753614902496338,8322
8.756694078445435,8321
8.770803928375244,8320
8.77087116241455,8319
8.779278755187988,8318
8.784269094467163,8317
8.793907880783081,8316
8.830400943756104,8315
8.83449387550354,8314
8.83459997177124,8313
8.837003946304321,8312
8.839186906814575,8311
8.842344045639038,8310
8.846837997436523,8309
8.863471984863281,8308
8.863605976104736,8307
8.866871118545532,8306
8.867815017700195,8305
8.871071100234985,8304
8.895178079605103,8303
8.904229879379272,8302
8.904767036437988,8301
8.91196084022522,8300
8.912662029266357,8299
8.91649317741394,8298
8.924920797348022,8297
8.925535917282104,8296
8.925591945648193,8295
8.939517974853516,8294
8.942338943481445,8293
8.956036806106567,8292
8.960771799087524,8291
8.97076416015625,8290
8.973880767822266,8289
8.989858150482178,8288
8.996535778045654,8287
9.004504919052124,8286
9.006464004516602,8285
9.010010957717896,8284
9.013642072677612,8283
9.016983032226562,8282
9.019853115081787,8281
9.028282880783081,8280
9.043794870376587,8279
9.051095008850098,8278
9.055596828460693,8277
9.083295106887817,8276
9.087499141693115,8275
9.095042943954468,8274
9.108994722366333,8273
9.121737957000732,8272
9.131625890731812,8271
9.133465766906738,8270
9.141396045684814,8269
9.149155855178833,8268
9.158292055130005,8267
9.158488750457764,8266
9.162302017211914,8265
9.16249394416809,8264
9.168614864349365,8263
9.170317888259888,8262
9.17098879814148,8261
9.17279601097107,8260
9.216500043869019,8259
9.22622013092041,8258
9.228852987289429,8257
9.231935977935791,8256
9.246483087539673,8255
9.247935056686401,8254
9.253102779388428,8253
9.258351802825928,8252
9.262440919876099,8251
9.26256275177002,8250
9.272902011871338,8249
9.274094820022583,8248
9.27599287033081,8247
9.287035942077637,8246
9.288021087646484,8245
9.299895763397217,8244
9.30182409286499,8243
9.302424907684326,8242
9.310412168502808,8241
9.314658880233765,8240
9.31475305557251,8239
9.342942953109741,8238
9.344897031784058,8237
9.354530096054077,8236
9.368489027023315,8235
9.386085987091064,8234
9.390496969223022,8233
9.568792819976807,8232
9.591655969619751,8231
9.601778984069824,8230
9.607209920883179,8229
9.615328073501587,8228
9.621986150741577,8227
9.62349796295166,8226
9.657536029815674,8225
9.659997940063477,8224
9.682029962539673,8223
9.685602903366089,8222
9.735499143600464,8221
9.735642910003662,8220
9.773265838623047,8219
9.783259868621826,8218
9.784415006637573,8217
9.785155773162842,8216
9.796749114990234,8215
9.807126998901367,8214
9.807253122329712,8213
9.81861400604248,8212
9.832523107528687,8211
9.832630157470703,8210
9.832911968231201,8209
10.05491304397583,8208
10.081591129302979,8207
10.086944103240967,8206
10.087411880493164,8205
10.09042477607727,8204
10.09073805809021,8203
10.096279859542847,8202
10.099015951156616,8201
10.101073026657104,8200
10.103019952774048,8199
10.106834888458252,8198
10.113707065582275,8197
10.118186950683594,8196
10.122004985809326,8195
10.131078958511353,8194
10.134482860565186,8193
10.142444849014282,8192
10.14275312423706,8191
10.14491605758667,8190
10.145055055618286,8189
10.151822805404663,8188
10.155654907226562,8187
10.159355878829956,8186
10.167535781860352,8185
10.181407928466797,8184
10.181832075119019,8183
10.182370901107788,8182
10.190346002578735,8181
10.196303844451904,8180
10.213580131530762,8179
10.214174032211304,8178
10.233247995376587,8177
10.24957799911499,8176
10.27158784866333,8175
10.27197790145874,8174
10.272418737411499,8173
10.279371976852417,8172
10.286748886108398,8171
10.302032947540283,8170
10.30469799041748,8169
10.306684017181396,8168
10.32111382484436,8167
10.32404088973999,8166
10.33667802810669,8165
10.339859008789062,8164
10.372844934463501,8163
10.375804901123047,8162
10.376115083694458,8161
10.3785560131073,8160
10.380198001861572,8159
10.392111778259277,8158
10.39999008178711,8157
10.406124114990234,8156
10.41038703918457,8155
10.432450771331787,8154
10.434983015060425,8153
10.435056924819946,8152
10.44645881652832,8151
10.454208135604858,8150
10.46589708328247,8149
10.469397068023682,8148
10.473097085952759,8147
10.475496053695679,8146
10.481391906738281,8145
10.484745979309082,8144
10.504992008209229,8143
10.51973295211792,8142
10.526195049285889,8141
10.527540922164917,8140
10.5333251953125,8139
10.561647891998291,8138
10.562098026275635,8137
10.56380295753479,8136
10.680413961410522,8135
10.692146062850952,8134
10.695234060287476,8133
10.712908029556274,8132
10.714653968811035,8131
10.72173285484314,8130
10.739573955535889,8129
10.742264747619629,8128
10.757159948348999,8127
10.757884979248047,8126
10.762860774993896,8125
10.768171072006226,8124
10.77269697189331,8123
10.783263921737671,8122
10.786081075668335,8121
10.78931474685669,8120
10.791264057159424,8119
10.797460079193115,8118
10.809015035629272,8117
10.927411079406738,8116
10.928564071655273,8115
10.962321996688843,8114
10.988547801971436,8113
10.991568803787231,8112
10.99301791191101,8111
11.00477385520935,8110
11.008797883987427,8109
11.032479047775269,8108
11.055737972259521,8107
11.064620018005371,8106
11.081499814987183,8105
11.162291049957275,8104
11.169049978256226,8103
11.17568588256836,8102
11.188546180725098,8101
11.190657138824463,8100
11.193762063980103,8099
11.19887399673462,8098
11.198915958404541,8097
11.209496974945068,8096
11.210164070129395,8095
11.219784021377563,8094
11.220288038253784,8093
11.265240907669067,8092
11.281780004501343,8091
11.285429954528809,8090
11.294466733932495,8089
11.301367044448853,8088
11.316913843154907,8087
11.3197340965271,8086
11.346715927124023,8085
11.365482091903687,8084
11.385694980621338,8083
11.385746955871582,8082
11.411067008972168,8081
11.448492765426636,8080
11.476108074188232,8079
11.514420986175537,8078
11.557647943496704,8077
11.563485860824585,8076
11.59418797492981,8075
11.628353118896484,8074
11.628934860229492,8073
11.633265018463135,8072
11.651866912841797,8071
11.658220052719116,8070
11.678264856338501,8069
11.728781938552856,8068
11.732976913452148,8067
11.733072996139526,8066
11.745633125305176,8065
11.74826192855835,8064
11.763895034790039,8063
11.768717050552368,8062
11.771949768066406,8061
11.785719871520996,8060
11.79365587234497,8059
11.806459903717041,8058
11.819252967834473,8057
11.826092004776001,8056
11.83042311668396,8055
11.83055591583252,8054
11.834683895111084,8053
11.842613935470581,8052
11.844897031784058,8051
11.857272863388062,8050
11.890978813171387,8049
11.898597955703735,8048
11.899389028549194,8047
11.91340708732605,8046
11.930418968200684,8045
11.943978071212769,8044
11.96433687210083,8043
11.973676919937134,8042
11.979418992996216,8041
11.985697984695435,8040
12.008233070373535,8039
12.00829005241394,8038
12.018176078796387,8037
12.02255892753601,8036
12.034937858581543,8035
12.035055875778198,8034
12.035115003585815,8033
12.05067491531372,8032
12.053377151489258,8031
12.053667783737183,8030
12.053719758987427,8029
12.07535696029663,8028
12.081372022628784,8027
12.107480764389038,8026
12.12021517753601,8025
12.123223781585693,8024
12.123687982559204,8023
12.13092303276062,8022
12.161947965621948,8021
12.172950983047485,8020
12.173582792282104,8019
12.173898935317993,8018
12.183677911758423,8017
12.183827877044678,8016
12.218770980834961,8015
12.218822002410889,8014
12.227572917938232,8013
12.259870052337646,8012
12.267362833023071,8011
12.2782621383667,8010
12.282238960266113,8009
12.300071954727173,8008
12.310525894165039,8007
12.310584783554077,8006
12.312193155288696,8005
12.317426919937134,8004
12.331547975540161,8003
12.340731859207153,8002
12.34093189239502,8001
12.356324911117554,8000
12.35644793510437,7999
12.372602939605713,7998
12.37345004081726,7997
12.387845993041992,7996
12.389384984970093,7995
12.391074180603027,7994
12.517328977584839,7993
12.764539957046509,7992
12.777581930160522,7991
12.782782077789307,7990
12.809058904647827,7989
12.809718132019043,7988
12.81463885307312,7987
13.052806854248047,7986
13.053268909454346,7985
13.062450885772705,7984
13.06679081916809,7983
13.080720901489258,7982
13.095078945159912,7981
13.096359014511108,7980
13.111341953277588,7979
13.121006965637207,7978
13.128923892974854,7977
13.130849123001099,7976
13.136262893676758,7975
13.136367797851562,7974
13.13975191116333,7973
13.149807929992676,7972
13.153605937957764,7971
13.157540798187256,7970
13.173544883728027,7969
13.201552867889404,7968
13.229185104370117,7967
13.239482879638672,7966
13.239800930023193,7965
13.260940074920654,7964
13.289067029953003,7963
13.309715032577515,7962
13.39114499092102,7961
13.44379711151123,7960
13.454524040222168,7959
13.45545506477356,7958
13.46445894241333,7957
13.468790054321289,7956
13.516836881637573,7955
13.528130054473877,7954
13.549232959747314,7953
13.575912952423096,7952
13.581719875335693,7951
13.630527973175049,7950
13.654563903808594,7949
13.6771080493927,7948
13.691566944122314,7947
13.691613912582397,7946
13.704344749450684,7945
13.721290111541748,7944
13.72274899482727,7943
13.739114046096802,7942
13.743553161621094,7941
13.765721797943115,7940
13.770161867141724,7939
13.784962177276611,7938
13.792795896530151,7937
13.804296016693115,7936
13.823827981948853,7935
13.827372789382935,7934
13.84636402130127,7933
13.85340404510498,7932
13.894495964050293,7931
13.905843019485474,7930
13.915678977966309,7929
13.93572998046875,7928
13.937428951263428,7927
13.948620080947876,7926
13.956674098968506,7925
13.964897155761719,7924
13.989339828491211,7923
13.992323875427246,7922
13.992536783218384,7921
13.99705982208252,7920
14.005114793777466,7919
14.01112985610962,7918
14.022180795669556,7917
14.022922992706299,7916
14.024585962295532,7915
14.024977922439575,7914
14.025727033615112,7913
14.041539907455444,7912
14.043436050415039,7911
14.077102899551392,7910
14.1316659450531,7909
14.143358945846558,7908
14.234647035598755,7907
14.246838092803955,7906
14.263170957565308,7905
14.290076971054077,7904
14.302574872970581,7903
14.326920986175537,7902
14.333932161331177,7901
14.51269793510437,7900
14.522593021392822,7899
14.526932954788208,7898
14.527034997940063,7897
14.576269149780273,7896
14.587602853775024,7895
14.613835096359253,7894
14.633741855621338,7893
14.652817964553833,7892
14.713292121887207,7891
14.725057125091553,7890
14.774837970733643,7889
14.775743961334229,7888
14.79624891281128,7887
14.838953018188477,7886
14.848700046539307,7885
14.900116920471191,7884
14.905452728271484,7883
14.910867929458618,7882
14.916047811508179,7881
14.919039964675903,7880
14.939924001693726,7879
14.963830947875977,7878
14.967435121536255,7877
14.967839002609253,7876
14.971963882446289,7875
14.972578048706055,7874
14.974017143249512,7873
14.974231004714966,7872
14.984269857406616,7871
14.990251064300537,7870
15.016159057617188,7869
15.01968002319336,7868
15.041772842407227,7867
15.042327165603638,7866
15.051367998123169,7865
15.0711829662323,7864
15.122111082077026,7863
15.145858764648438,7862
15.201509952545166,7861
15.221527814865112,7860
15.264461040496826,7859
15.313634872436523,7858
15.32058596611023,7857
15.351762056350708,7856
15.359202146530151,7855
15.370146036148071,7854
15.394747018814087,7853
15.404128074645996,7852
15.407635927200317,7851
15.464226007461548,7850
15.464392900466919,7849
15.472524166107178,7848
15.482203960418701,7847
15.51441216468811,7846
15.52582311630249,7845
15.526135921478271,7844
15.54268503189087,7843
15.546863794326782,7842
15.585033893585205,7841
15.624055862426758,7840
15.656553983688354,7839
15.680583000183105,7838
15.68767786026001,7837
15.693700790405273,7836
15.696873903274536,7835
15.703074932098389,7834
15.716785907745361,7833
15.71812105178833,7832
15.728044748306274,7831
15.791895151138306,7830
15.844250917434692,7829
15.844619989395142,7828
15.866467952728271,7827
15.900098085403442,7826
15.924945831298828,7825
15.926964044570923,7824
15.942538976669312,7823
15.952528953552246,7822
16.032556772232056,7821
16.038980960845947,7820
16.04225492477417,7819
16.0425968170166,7818
16.048694133758545,7817
16.048741817474365,7816
16.06433892250061,7815
16.116339921951294,7814
16.209643125534058,7813
16.20985198020935,7812
16.21536684036255,7811
16.215473890304565,7810
16.285470008850098,7809
16.326035022735596,7808
16.332669973373413,7807
16.363646030426025,7806
16.37373399734497,7805
16.376744985580444,7804
16.377293825149536,7803
16.400115966796875,7802
16.401931047439575,7801
16.405110120773315,7800
16.41550898551941,7799
16.41560983657837,7798
16.427939891815186,7797
16.443066835403442,7796
16.45695686340332,7795
16.483202934265137,7794
16.556010007858276,7793
16.56760287284851,7792
16.60324192047119,7791
16.62429189682007,7790
16.624746084213257,7789
16.643362045288086,7788
16.689637899398804,7787
16.691341161727905,7786
16.8108549118042,7785
16.81619882583618,7784
16.819554805755615,7783
16.83234691619873,7782
16.877100944519043,7781
16.945920944213867,7780
16.97927188873291,7779
16.99669098854065,7778
17.02690315246582,7777
17.03394317626953,7776
17.041577100753784,7775
17.052594900131226,7774
17.094293117523193,7773
17.096218824386597,7772
17.102786779403687,7771
17.1044340133667,7770
17.124573945999146,7769
17.188329935073853,7768
17.21195387840271,7767
17.21230173110962,7766
17.22203302383423,7765
17.263738870620728,7764
17.2894868850708,7763
17.302735805511475,7762
17.31804084777832,7761
17.3576500415802,7760
17.433677196502686,7759
17.445471048355103,7758
17.459128856658936,7757
17.487049102783203,7756
17.507667064666748,7755
17.551034927368164,7754
17.595717906951904,7753
17.607600927352905,7752
17.616621732711792,7751
17.616667985916138,7750
17.75368881225586,7749
17.76294779777527,7748
17.76681876182556,7747
17.767101049423218,7746
17.777646780014038,7745
17.7953679561615,7744
17.79607605934143,7743
17.912367820739746,7742
17.91449499130249,7741
17.915616035461426,7740
17.944469928741455,7739
17.969313144683838,7738
17.985445976257324,7737
18.01381778717041,7736
18.09187412261963,7735
18.159667015075684,7734
18.23554301261902,7733
18.32747507095337,7732
18.329079151153564,7731
18.337944746017456,7730
18.372384071350098,7729
18.37469482421875,7728
18.401344060897827,7727
18.402496099472046,7726
18.407068967819214,7725
18.418083906173706,7724
18.43787384033203,7723
18.468801021575928,7722
18.48300290107727,7721
18.48818588256836,7720
18.49726176261902,7719
18.497868061065674,7718
18.521992921829224,7717
18.562830924987793,7716
18.58962392807007,7715
18.615991830825806,7714
18.651367902755737,7713
18.668578147888184,7712
18.780808925628662,7711
18.781525135040283,7710
18.803053855895996,7709
18.844017028808594,7708
19.16637897491455,7707
19.167608976364136,7706
19.174376964569092,7705
19.253972053527832,7704
19.410510778427124,7703
19.42877197265625,7702
19.647521018981934,7701
19.67353081703186,7700
19.750788927078247,7699
19.801494121551514,7698
19.915356874465942,7697
19.923712968826294,7696
19.97110390663147,7695
20.031461000442505,7694
20.04331398010254,7693
20.070268869400024,7692
20.086488962173462,7691
20.16220998764038,7690
20.174817085266113,7689
20.224496841430664,7688
20.264482021331787,7687
20.264888763427734,7686
20.44570302963257,7685
20.490222930908203,7684
20.52419400215149,7683
20.524237155914307,7682
20.55028986930847,7681
20.697975873947144,7680
20.699832916259766,7679
20.70334792137146,7678
20.736063957214355,7677
20.788170099258423,7676
20.913886070251465,7675
21.053560972213745,7674
21.46499991416931,7673
21.553273916244507,7672
21.622212886810303,7671
21.685436964035034,7670
21.74457097053528,7669
22.004113912582397,7668
22.007966995239258,7667
22.055032968521118,7666
22.116745948791504,7665
22.159092903137207,7664
22.160408973693848,7663
22.196237087249756,7662
22.22822403907776,7661
22.423991918563843,7660
22.426267862319946,7659
22.483141899108887,7658
22.528271913528442,7657
22.557870864868164,7656
22.558357000350952,7655
22.558780908584595,7654
22.568007946014404,7653
22.659430980682373,7652
22.67186212539673,7651
22.77827787399292,7650
22.812912940979004,7649
22.813472986221313,7648
22.83450984954834,7647
22.869441032409668,7646
22.921090841293335,7645
22.93266797065735,7644
23.13526201248169,7643
23.19501495361328,7642
23.196187019348145,7641
23.241062879562378,7640
23.3176109790802,7639
23.391332864761353,7638
23.395806074142456,7637
23.43358278274536,7636
23.43890690803528,7635
23.44379496574402,7634
23.613265991210938,7633
23.64526104927063,7632
23.6893949508667,7631
23.720860958099365,7630
23.74526810646057,7629
23.8262300491333,7628
23.879849910736084,7627
23.89679789543152,7626
23.897696018218994,7625
23.943704843521118,7624
24.038198947906494,7623
24.05653405189514,7622
24.05809998512268,7621
24.19541311264038,7620
24.28507089614868,7619
24.30971384048462,7618
24.44723105430603,7617
24.49170684814453,7616
24.958274841308594,7615
25.07697105407715,7614
25.09694790840149,7613
25.16110110282898,7612
25.36429190635681,7611
25.55490493774414,7610
25.89298391342163,7609
25.922677040100098,7608
25.948286056518555,7607
25.965572834014893,7606
26.074684858322144,7605
26.130604028701782,7604
26.222097873687744,7603
26.222753047943115,7602
26.35367202758789,7601
26.453816890716553,7600
26.47685408592224,7599
26.531535863876343,7598
26.60268497467041,7597
26.737677097320557,7596
26.792879819869995,7595
26.835794925689697,7594
26.973917961120605,7593
26.97449803352356,7592
26.99784779548645,7591
27.175858974456787,7590
27.260847806930542,7589
27.37041997909546,7588
27.489141941070557,7587
27.598874807357788,7586
27.601338863372803,7585
27.66449999809265,7584
28.051695823669434,7583
28.087895154953003,7582
28.38105607032776,7581
28.44321298599243,7580
28.458138942718506,7579
28.562247037887573,7578
28.636478900909424,7577
28.73005700111389,7576
28.734527111053467,7575
28.751893043518066,7574
28.808920860290527,7573
28.82357883453369,7572
28.916889905929565,7571
29.029186010360718,7570
29.047693014144897,7569
29.049588918685913,7568
29.26807403564453,7567
29.318114042282104,7566
29.34796404838562,7565
29.36288285255432,7564
29.485776901245117,7563
29.507719039916992,7562
29.69025206565857,7561
29.69931387901306,7560
29.718178033828735,7559
29.907269954681396,7558
30.011075973510742,7557
30.06786799430847,7556
30.07978391647339,7555
30.393460035324097,7554
30.571465015411377,7553
30.754148960113525,7552
30.87529182434082,7551
31.043199062347412,7550
31.093026876449585,7549
31.183591842651367,7548
31.355895042419434,7547
31.413740873336792,7546
31.444506883621216,7545
31.445164918899536,7544
31.71879506111145,7543
31.751205921173096,7542
32.13185906410217,7541
32.360530853271484,7540
32.803682804107666,7539
32.817760944366455,7538
32.820366859436035,7537
33.002097845077515,7536
33.10175800323486,7535
33.20773506164551,7534
33.50450801849365,7533
33.64530682563782,7532
33.830650806427,7531
33.95488905906677,7530
34.220337867736816,7529
34.323403120040894,7528
34.446300983428955,7527
34.48253607749939,7526
34.514171838760376,7525
34.66939973831177,7524
34.694807052612305,7523
34.83675980567932,7522
35.071305990219116,7521
35.09759497642517,7520
35.12585091590881,7519
35.2349488735199,7518
35.54486083984375,7517
35.57069277763367,7516
35.593618869781494,7515
35.82017493247986,7514
35.90044689178467,7513
36.19420599937439,7512
36.421566009521484,7511
36.523963928222656,7510
36.65080189704895,7509
36.80748391151428,7508
37.04053092002869,7507
37.16135883331299,7506
37.205134868621826,7505
37.426677942276,7504
37.475680112838745,7503
37.55607986450195,7502
37.561973094940186,7501
37.58892893791199,7500
37.74268698692322,7499
38.26853799819946,7498
38.3377799987793,7497
38.677968978881836,7496
38.68759298324585,7495
38.69216275215149,7494
38.77074098587036,7493
39.195404052734375,7492
39.45612692832947,7491
39.657037019729614,7490
39.879727840423584,7489
40.37890315055847,7488
40.61650896072388,7487
40.77580809593201,7486
41.09778094291687,7485
41.49762201309204,7484
41.505828857421875,7483
41.58794188499451,7482
41.798510789871216,7481
42.22356986999512,7480
42.24614596366882,7479
42.37751793861389,7478
42.388880014419556,7477
42.4005389213562,7476
42.427433013916016,7475
42.5998957157135,7474
43.52800273895264,7473
43.5350878238678,7472
43.53583002090454,7471
43.70014691352844,7470
43.84964299201965,7469
44.144906997680664,7468
44.918354988098145,7467
45.03360295295715,7466
45.381645917892456,7465
45.39843678474426,7464
45.4278998374939,7463
45.59039902687073,7462
45.657519817352295,7461
45.664334774017334,7460
45.73300504684448,7459
45.73771095275879,7458
46.190165996551514,7457
46.208544969558716,7456
46.25838899612427,7455
46.322425842285156,7454
46.50149583816528,7453
46.52242302894592,7452
46.62903189659119,7451
46.95987296104431,7450
47.16067576408386,7449
47.55304288864136,7448
48.576013803482056,7447
50.2905490398407,7446
50.306782960891724,7445
50.497989892959595,7444
50.653088092803955,7443
50.653522968292236,7442
50.698729038238525,7441
50.99912095069885,7440
51.00771999359131,7439
51.21588397026062,7438
51.31781983375549,7437
51.43732690811157,7436
51.95148706436157,7435
52.11143708229065,7434
52.36615300178528,7433
52.50293302536011,7432
53.19714379310608,7431
54.84022307395935,7430
55.179672956466675,7429
55.24093794822693,7428
55.2957661151886,7427
55.49806499481201,7426
55.706685066223145,7425
55.96853303909302,7424
56.03835988044739,7423
56.625213861465454,7422
57.368812799453735,7421
57.6036159992218,7420
57.73810005187988,7419
58.24488878250122,7418
58.31168580055237,7417
58.73786497116089,7416
58.93875575065613,7415
59.558236837387085,7414
59.60008096694946,7413
60.838722944259644,7412
61.29585886001587,7411
61.88282084465027,7410
61.92584991455078,7409
62.15338182449341,7408
62.19441103935242,7407
63.0633978843689,7406
63.26984095573425,7405
63.31985688209534,7404
64.61837196350098,7403
65.05819392204285,7402
65.18828177452087,7401
65.2651059627533,7400
65.40929579734802,7399
65.60535979270935,7398
65.67620587348938,7397
66.79466795921326,7396
66.99136805534363,7395
67.03371977806091,7394
67.10476398468018,7393
67.32987189292908,7392
67.573086977005,7391
67.9290759563446,7390
68.94182682037354,7389
69.0635039806366,7388
69.0687518119812,7387
69.49783992767334,7386
69.71494197845459,7385
69.77315306663513,7384
70.491446018219,7383
71.06272602081299,7382
72.64136695861816,7381
72.93475580215454,7380
73.66704273223877,7379
73.90412282943726,7378
74.34529304504395,7377
74.77272987365723,7376
75.33371591567993,7375
75.35079979896545,7374
75.53495979309082,7373
75.86561107635498,7372
76.0192379951477,7371
76.0379159450531,7370
78.1905198097229,7369
78.19096493721008,7368
80.25838279724121,7367
80.28934407234192,7366
80.63725090026855,7365
82.56866884231567,7364
83.02975487709045,7363
83.15971779823303,7362
84.05866384506226,7361
84.1779248714447,7360
84.20549297332764,7359
84.3224127292633,7358
84.81012511253357,7357
85.05381894111633,7356
85.4092309474945,7355
85.67582583427429,7354
85.85909295082092,7353
86.60133576393127,7352
87.02122497558594,7351
89.47302889823914,7350
90.3244948387146,7349
90.5654399394989,7348
90.77562594413757,7347
90.92635917663574,7346
91.24219918251038,7345
91.43934082984924,7344
91.43999004364014,7343
91.48960995674133,7342
93.346914768219,7341
94.08797597885132,7340
94.11420893669128,7339
96.0692138671875,7338
98.35122585296631,7337
98.88660788536072,7336
99.18586492538452,7335
99.30810594558716,7334
100.68299293518066,7333
100.94453692436218,7332
101.05063104629517,7331
101.08703804016113,7330
101.23822498321533,7329
102.73055696487427,7328
104.48009610176086,7327
105.3492648601532,7326
107.91942310333252,7325
109.26305484771729,7324
111.15248584747314,7323
113.09202885627747,7322
113.34433317184448,7321
115.07605195045471,7320
118.24182105064392,7319
120.33782505989075,7318
121.80396795272827,7317
122.07685780525208,7316
124.56822776794434,7315
126.14747405052185,7314
129.0059118270874,7313
132.7913019657135,7312
132.89499592781067,7311
133.13373184204102,7310
137.54918694496155,7309
138.0905830860138,7308
138.95964908599854,7307
141.51930975914001,7306
144.87286186218262,7305
145.19525003433228,7304
148.18277192115784,7303
148.62531089782715,7302
158.12250304222107,7301
158.48027992248535,7300
159.1853609085083,7299
159.27488112449646,7298
159.40260195732117,7297
159.50174283981323,7296
160.41667008399963,7295
163.49077677726746,7294
163.67996287345886,7293
164.54282402992249,7292
167.33285784721375,7291
167.79816508293152,7290
169.59546089172363,7289
170.02707481384277,7288
170.3266429901123,7287
173.72210884094238,7286
175.0408239364624,7285
175.44037413597107,7284
175.59394097328186,7283
176.54063892364502,7282
177.3144760131836,7281
181.6831498146057,7280
183.18038988113403,7279
183.19697999954224,7278
184.5301148891449,7277
185.29943299293518,7276
188.30898690223694,7275
188.94294691085815,7274
190.30170392990112,7273
190.31840896606445,7272
192.86669492721558,7271
197.8034210205078,7270
199.00752115249634,7269
202.69843411445618,7268
202.94177198410034,7267
203.656240940094,7266
203.7543330192566,7265
205.1546790599823,7264
206.07689714431763,7263
208.35334992408752,7262
216.7432940006256,7261
217.55113816261292,7260
224.7567949295044,7259
224.8927628993988,7258
239.160817861557,7257
239.35523986816406,7256
240.1334090232849,7255
243.3279619216919,7254
243.9752390384674,7253
244.54164505004883,7252
270.4893231391907,7251
270.6460769176483,7250
274.8758919239044,7249
275.6429498195648,7248
278.21877789497375,7247
280.6236717700958,7246
282.5090069770813,7245
285.3035001754761,7244
293.10328102111816,7243
294.63703083992004,7242
297.5894799232483,7241
308.02391290664673,7240
321.16727685928345,7239
351.5812637805939,7238
356.6700990200043,7237
361.231880903244,7236
362.9603679180145,7235
368.7989058494568,7234
374.04594898223877,7233
375.3533787727356,7232
375.39667415618896,7231
378.6980690956116,7230
382.15595984458923,7229
382.6094799041748,7228
383.4354009628296,7227
399.9980778694153,7226
400.424751996994,7225
411.6589357852936,7224
413.0298409461975,7223
422.64335894584656,7222
425.18681597709656,7221
434.0289888381958,7220
438.22481393814087,7219
440.34344696998596,7218
476.4477798938751,7217
478.80215978622437,7216
495.3608429431915,7215
555.7885980606079,7214
556.2423198223114,7213
568.2947840690613,7212
576.3006570339203,7211
580.6730408668518,7210
583.5007660388947,7209
584.5260071754456,7208
585.3852407932281,7207
598.0228519439697,7206
