0.0,14106
0.01,14100
0.02,14093
0.03,14085
0.04,14076
0.05,14065
0.06,14056
0.07,14050
0.08,14044
0.09,14040
0.1,14028
0.11,14019
0.12,14014
0.13,14006
0.14,14000
0.15,13992
0.16,13985
0.17,13980
0.18,13973
0.19,13970
0.2,13964
0.21,13955
0.22,13945
0.23,13937
0.24,13929
0.25,13923
0.26,13918
0.27,13914
0.28,13910
0.29,13901
0.3,13897
0.31,13888
0.32,13886
0.33,13881
0.34,13876
0.35,13869
0.36,13866
0.37,13863
0.38,13861
0.39,13854
0.4,13852
0.92,13849
0.93,13844
0.94,13837
0.95,13835
0.96,13834
1.26,13827
1.27,13819
1.28,13815
1.29,13812
1.3,13806
1.31,13801
1.32,13796
1.33,13789
1.34,13785
1.35,13780
1.36,13776
1.37,13773
1.38,13770
1.39,13768
1.4,13764
1.41,13755
1.42,13753
1.43,13749
1.44,13744
1.45,13740
1.46,13736
1.47,13727
1.48,13717
1.49,13710
1.5,13705
1.51,13698
1.52,13695
1.53,13689
1.54,13687
1.55,13681
1.56,13674
1.57,13671
1.58,13664
1.59,13659
1.6,13654
1.61,13651
1.62,13646
1.63,13641
1.64,13633
1.65,13627
1.66,13617
1.67,13609
1.68,13608
1.69,13605
1.7,13594
1.71,13587
1.72,13578
1.73,13576
1.74,13569
1.75,13562
1.76,13556
1.77,13547
1.78,13540
1.79,13530
1.8,13521
1.81,13514
1.82,13512
2.21,13510
2.22,13504
2.23,13498
2.24,13492
2.25,13484
2.26,13481
2.27,13479
2.28,13476
2.29,13469
2.3,13461
2.31,13455
2.32,13443
2.33,13438
2.34,13434
2.35,13429
2.36,13423
2.37,13419
2.38,13415
2.39,13409
2.4,13399
2.41,13393
2.42,13389
2.43,13379
2.44,13373
2.45,13369
2.46,13364
2.47,13362
2.48,13359
2.49,13356
2.5,13352
2.51,13350
2.52,13345
2.53,13340
2.54,13335
2.55,13329
2.56,13325
2.57,13321
2.58,13315
2.59,13310
2.6,13306
2.61,13301
2.62,13294
2.63,13293
2.64,13288
2.66,13283
2.67,13276
2.68,13273
2.69,13267
2.7,13262
2.71,13256
2.72,13249
2.73,13246
2.74,13239
2.75,13233
2.76,13232
2.77,13228
2.78,13224
2.79,13219
2.8,13216
2.81,13211
2.82,13208
2.83,13202
2.84,13197
2.85,13195
2.86,13193
2.87,13191
2.88,13188
2.89,13186
2.9,13178
2.91,13173
3.43,13169
3.44,13164
3.45,13162
3.46,13158
3.47,13150
3.48,13146
3.5,13143
3.51,13137
3.53,13133
3.54,13127
3.55,13123
3.56,13120
3.57,13115
3.58,13111
3.59,13105
3.6,13103
3.61,13101
3.62,13095
3.63,13086
3.64,13079
3.65,13073
3.66,13071
3.67,13065
3.68,13063
4.06,13060
4.07,13056
4.08,13053
4.09,13045
4.1,13041
4.11,13038
4.12,13035
4.13,13034
4.14,13029
4.15,13026
4.16,13022
4.17,13014
4.18,13009
4.19,13008
4.65,13003
4.66,12998
4.67,12992
4.68,12985
4.69,12979
4.7,12978
4.71,12977
4.72,12976
4.73,12969
4.74,12963
4.75,12952
4.76,12946
4.77,12938
4.78,12931
4.79,12929
5.18,12925
5.19,12920
5.2,12913
5.21,12911
5.22,12908
5.23,12904
5.24,12897
5.25,12888
5.26,12884
5.27,12877
5.28,12871
5.29,12864
5.3,12859
5.31,12853
5.32,12849
5.33,12843
5.34,12836
5.35,12832
5.36,12823
5.37,12818
5.38,12815
5.39,12809
5.4,12808
5.41,12801
5.42,12797
5.43,12794
5.44,12793
5.45,12787
5.46,12779
5.47,12774
5.48,12772
5.49,12766
5.5,12762
5.51,12759
5.52,12754
5.53,12750
5.54,12742
5.55,12739
5.56,12733
5.57,12729
5.58,12724
5.59,12719
5.6,12712
5.61,12709
5.62,12703
5.63,12698
5.64,12694
5.65,12691
5.66,12687
5.67,12684
5.68,12680
5.69,12675
5.7,12670
5.71,12665
5.72,12657
5.73,12651
5.74,12646
5.75,12639
5.76,12633
5.77,12625
5.78,12623
5.79,12618
5.8,12611
5.81,12610
5.82,12607
5.83,12605
5.84,12602
5.85,12596
5.86,12591
5.87,12584
5.88,12576
5.89,12572
5.9,12568
5.91,12562
5.92,12558
5.93,12551
5.94,12546
6.15,12545
6.16,12541
6.17,12538
6.56,12535
6.57,12529
6.58,12524
6.59,12521
6.6,12517
6.61,12513
6.62,12508
6.63,12505
6.64,12504
6.65,12499
6.66,12497
6.67,12496
6.68,12493
6.7,12488
6.71,12483
6.73,12476
6.74,12470
6.75,12466
6.76,12461
6.77,12457
6.78,12451
6.79,12447
6.8,12446
6.81,12439
6.82,12434
6.83,12428
6.84,12420
6.85,12410
6.86,12404
6.87,12398
6.88,12392
6.89,12388
6.9,12386
6.92,12383
6.94,12380
6.95,12375
6.96,12371
6.97,12370
6.98,12364
6.99,12359
7.0,12356
7.01,12348
7.02,12345
7.03,12342
7.04,12341
7.22,12338
7.23,12333
7.24,12329
7.25,12323
7.26,12315
7.27,12311
7.28,12308
7.29,12307
7.3,12305
7.31,12297
7.32,12295
7.33,12291
7.34,12288
7.35,12281
7.36,12276
7.37,12271
7.38,12269
7.39,12266
7.4,12260
7.41,12254
7.42,12247
7.43,12246
7.44,12238
7.45,12233
7.46,12228
7.47,12227
7.48,12222
7.49,12217
7.5,12216
7.51,12214
7.52,12211
7.53,12208
7.54,12205
7.55,12198
7.56,12195
7.57,12191
7.58,12188
7.59,12184
7.6,12177
7.61,12172
7.62,12168
7.63,12161
7.64,12158
7.65,12155
7.66,12152
7.67,12149
7.68,12147
7.69,12141
7.7,12136
7.71,12129
7.72,12128
7.73,12125
7.74,12123
7.75,12120
7.76,12115
7.77,12110
7.78,12109
7.79,12105
7.8,12095
7.81,12089
7.82,12086
7.83,12084
7.84,12078
7.85,12075
7.86,12072
7.87,12068
7.88,12064
7.89,12058
7.9,12051
7.91,12047
7.92,12042
7.93,12041
7.94,12036
7.95,12035
7.96,12030
8.36,12025
8.37,12020
8.38,12018
8.39,12017
8.75,12012
8.76,12009
8.77,12006
8.78,12002
8.79,11997
8.8,11995
8.81,11992
8.82,11983
8.83,11981
8.84,11975
8.85,11970
8.86,11967
8.87,11965
8.88,11962
8.89,11958
8.9,11954
8.91,11948
8.92,11946
8.93,11944
8.94,11941
8.95,11938
8.96,11934
8.97,11930
8.98,11927
9.0,11923
9.01,11918
9.02,11916
9.03,11910
9.04,11908
9.05,11902
9.06,11901
9.07,11899
9.08,11896
9.09,11894
9.51,11892
9.52,11889
9.53,11885
9.54,11880
9.55,11878
9.56,11872
9.57,11869
9.59,11864
9.6,11861
9.61,11855
9.62,11853
9.63,11849
9.64,11844
9.65,11840
9.68,11838
9.69,11832
9.7,11827
9.71,11823
9.72,11821
9.73,11818
9.74,11813
9.75,11811
9.76,11807
9.77,11802
9.78,11800
9.79,11795
9.8,11790
9.81,11788
9.82,11786
9.84,11784
9.85,11783
9.86,11778
9.87,11776
9.88,11775
9.89,11774
9.9,11771
9.91,11766
9.92,11761
9.93,11760
9.94,11757
9.96,11750
9.97,11747
9.98,11746
10.0,11741
10.01,11737
10.02,11735
10.03,11732
10.04,11725
10.05,11722
10.06,11721
10.07,11714
10.08,11712
10.09,11708
10.1,11706
10.11,11701
10.14,11691
10.15,11690
10.16,11683
10.17,11680
10.18,11675
10.19,11670
10.2,11662
10.21,11659
10.22,11656
10.23,11653
10.24,11647
10.25,11641
10.26,11637
10.27,11632
10.28,11630
10.29,11625
10.49,11621
10.5,11614
10.51,11611
10.52,11608
10.54,11602
10.55,11601
10.94,11600
10.95,11593
10.96,11591
10.97,11589
10.98,11585
10.99,11583
11.0,11581
11.01,11575
11.02,11572
11.03,11567
11.04,11559
11.05,11557
11.06,11556
11.07,11553
11.08,11552
11.44,11550
11.45,11549
11.73,11545
11.74,11540
11.75,11534
11.76,11530
11.77,11529
11.78,11527
11.79,11525
11.8,11523
11.81,11517
11.82,11511
11.83,11508
11.84,11504
11.85,11500
11.86,11496
11.87,11494
11.88,11484
11.89,11482
11.9,11481
11.91,11480
11.92,11476
11.93,11471
11.94,11465
11.95,11464
12.29,11463
12.3,11460
12.32,11454
12.33,11449
12.34,11447
12.35,11444
12.36,11443
12.37,11441
12.38,11439
12.39,11433
12.4,11429
12.41,11428
12.42,11427
12.43,11426
12.44,11424
12.45,11422
12.46,11420
12.47,11419
12.48,11417
12.49,11412
12.5,11410
12.52,11405
12.54,11401
12.55,11397
12.56,11395
12.57,11391
12.58,11388
12.59,11383
12.6,11379
12.61,11376
12.62,11371
12.63,11369
12.64,11364
12.66,11361
13.01,11357
13.03,11354
13.41,11352
13.43,11349
13.44,11344
13.45,11342
13.46,11339
13.47,11337
13.48,11333
13.49,11331
13.5,11329
13.51,11327
13.52,11325
13.53,11323
13.54,11319
13.55,11316
13.57,11314
13.58,11313
13.59,11309
13.6,11303
13.61,11300
13.62,11298
13.63,11297
13.64,11294
13.65,11293
13.67,11287
13.68,11284
13.69,11275
13.7,11271
13.71,11268
13.72,11264
13.73,11261
13.74,11256
13.75,11251
13.76,11248
13.77,11243
13.78,11239
13.8,11233
13.81,11231
13.82,11227
13.83,11226
13.84,11223
13.85,11221
13.86,11218
13.87,11216
13.88,11213
13.89,11205
13.9,11198
13.92,11197
13.93,11192
13.94,11189
13.95,11187
13.96,11185
13.97,11180
13.98,11175
13.99,11173
14.0,11170
14.02,11167
14.03,11166
14.04,11161
14.05,11158
14.06,11157
14.07,11155
14.08,11152
14.09,11150
14.1,11146
14.11,11138
14.12,11135
14.13,11132
14.15,11127
14.16,11125
14.17,11122
14.18,11113
14.19,11112
14.2,11109
14.21,11103
14.22,11097
14.23,11093
14.24,11092
14.25,11088
14.26,11086
14.27,11083
14.65,11082
14.66,11078
14.67,11076
14.68,11073
14.69,11070
14.7,11068
14.71,11066
14.72,11061
14.73,11059
14.74,11055
14.75,11052
14.76,11051
14.77,11047
14.78,11042
14.8,11035
14.81,11034
14.82,11030
14.83,11026
14.84,11023
14.85,11020
14.86,11013
14.87,11008
14.88,11005
14.89,11000
14.9,10993
14.91,10990
14.92,10986
14.93,10983
14.94,10981
14.95,10975
14.96,10968
14.97,10965
14.98,10961
14.99,10959
15.0,10956
15.01,10955
15.02,10953
15.03,10951
15.05,10948
15.06,10946
15.07,10941
15.1,10939
15.11,10935
15.12,10932
15.13,10931
15.14,10928
15.15,10922
15.16,10917
15.17,10912
15.18,10911
15.19,10904
15.2,10899
15.21,10894
15.22,10887
15.24,10884
15.25,10881
15.26,10879
15.27,10878
15.28,10874
15.29,10867
15.3,10862
15.31,10858
15.32,10855
15.71,10851
15.73,10850
15.74,10847
15.75,10845
15.76,10842
15.77,10840
15.78,10837
15.79,10834
15.8,10832
15.81,10830
15.82,10828
15.84,10824
15.86,10823
15.87,10815
15.88,10810
15.89,10809
16.14,10805
16.15,10801
16.16,10798
16.17,10793
16.18,10791
16.19,10790
16.2,10787
16.21,10781
16.22,10777
16.23,10774
16.24,10771
16.25,10768
16.26,10766
16.27,10763
16.29,10762
16.56,10759
16.57,10751
16.58,10747
16.59,10743
16.6,10741
16.95,10740
16.96,10736
16.97,10729
16.98,10726
16.99,10722
17.0,10721
17.02,10719
17.03,10712
17.04,10708
17.05,10704
17.39,10702
17.41,10699
17.42,10695
17.43,10694
17.44,10690
17.45,10687
17.46,10683
17.47,10680
17.49,10676
17.5,10674
17.51,10671
17.52,10669
17.53,10666
17.54,10662
17.55,10658
17.56,10656
17.57,10653
17.58,10649
17.59,10642
17.6,10636
17.61,10635
17.62,10628
17.63,10625
17.64,10623
17.65,10621
17.66,10620
17.67,10616
17.7,10608
17.71,10607
17.72,10602
17.73,10596
17.74,10595
17.94,10594
17.95,10591
17.96,10584
17.97,10580
17.98,10579
17.99,10572
18.01,10566
18.02,10563
18.03,10562
18.04,10555
18.05,10553
18.06,10550
18.07,10548
18.08,10544
18.09,10542
18.1,10540
18.11,10538
18.12,10533
18.13,10532
18.43,10530
18.44,10526
18.45,10523
18.47,10520
18.48,10518
18.49,10515
18.5,10507
18.51,10505
18.52,10504
18.53,10501
18.54,10496
18.55,10491
18.56,10490
18.57,10485
18.58,10479
18.59,10477
18.6,10474
18.61,10472
18.62,10468
18.63,10465
18.64,10463
18.65,10461
18.66,10457
18.67,10452
18.68,10447
18.7,10438
18.71,10436
18.72,10431
18.74,10430
18.75,10427
18.76,10425
18.77,10420
18.78,10416
18.79,10415
18.8,10413
18.81,10411
19.18,10409
19.19,10407
19.2,10405
19.21,10401
19.22,10397
19.23,10396
19.24,10393
19.25,10389
19.26,10385
19.27,10381
19.28,10377
19.29,10373
19.67,10372
19.68,10367
19.69,10364
19.7,10361
19.71,10358
19.72,10351
19.73,10345
19.74,10341
19.75,10337
19.76,10335
19.77,10328
19.78,10326
19.8,10324
19.81,10320
19.82,10319
19.83,10318
19.84,10315
19.86,10314
19.87,10311
20.21,10309
20.22,10307
20.23,10304
20.24,10302
20.26,10300
20.27,10298
20.28,10296
20.29,10292
20.3,10289
20.31,10288
20.32,10287
20.33,10285
20.34,10284
20.35,10279
20.41,10276
20.42,10275
20.43,10270
20.44,10264
20.45,10261
20.46,10256
20.47,10253
20.48,10252
20.49,10250
20.53,10248
20.55,10244
20.58,10242
20.59,10236
20.6,10233
20.61,10229
20.62,10226
20.63,10224
20.65,10219
20.66,10218
20.67,10213
20.68,10206
20.69,10203
20.7,10200
20.71,10196
20.72,10193
20.73,10190
20.74,10187
20.75,10186
20.76,10184
20.77,10183
20.78,10178
20.81,10176
20.82,10175
20.83,10172
20.85,10170
20.86,10169
20.87,10166
20.88,10163
20.89,10159
21.24,10157
21.26,10155
21.27,10146
21.28,10143
21.29,10141
21.3,10137
21.31,10135
21.32,10132
21.33,10127
21.34,10125
21.35,10123
21.36,10118
21.37,10115
21.38,10114
21.39,10108
21.4,10101
21.41,10099
21.42,10097
21.43,10096
21.71,10095
21.73,10092
21.75,10091
21.76,10088
21.78,10085
21.79,10083
21.81,10082
21.82,10081
21.83,10080
21.84,10077
21.86,10076
21.87,10073
21.88,10071
21.89,10070
21.9,10067
21.91,10066
21.93,10065
22.31,10061
22.32,10058
22.33,10055
22.34,10052
22.35,10048
22.36,10043
22.38,10042
22.39,10041
22.4,10040
22.41,10038
22.42,10037
22.43,10034
22.44,10031
22.45,10030
22.46,10027
22.47,10022
22.48,10018
22.5,10017
22.51,10015
22.53,10012
22.54,10011
22.55,10007
22.56,10006
22.57,10004
22.59,10002
22.6,9998
22.61,9990
22.62,9988
22.63,9985
22.64,9984
22.65,9981
22.66,9978
22.67,9975
22.68,9973
22.71,9969
22.72,9967
22.73,9964
22.74,9962
22.75,9960
22.76,9958
22.77,9956
22.78,9952
22.79,9951
22.8,9950
22.82,9949
22.84,9946
23.15,9943
23.17,9938
23.18,9935
23.19,9931
23.2,9927
23.21,9923
23.22,9922
23.24,9921
23.26,9918
23.27,9914
23.28,9913
23.29,9909
23.3,9905
23.31,9902
23.32,9900
23.33,9895
23.34,9890
23.36,9886
23.37,9881
23.75,9880
23.76,9876
23.77,9875
23.78,9873
23.79,9871
23.8,9869
23.82,9868
23.83,9863
23.85,9862
23.86,9861
24.22,9858
24.23,9856
24.24,9853
24.25,9851
24.26,9849
24.27,9847
24.28,9845
24.29,9843
24.31,9840
24.32,9836
24.33,9832
24.34,9831
24.36,9828
24.37,9826
24.38,9823
24.39,9822
24.4,9821
24.41,9819
24.42,9812
24.43,9810
24.45,9808
24.46,9805
24.47,9797
24.48,9794
24.5,9792
24.51,9791
24.52,9788
24.53,9787
24.54,9785
24.55,9779
24.56,9777
24.57,9775
24.58,9772
24.59,9771
24.6,9768
24.61,9767
24.62,9764
24.64,9758
24.65,9757
24.66,9752
24.67,9749
24.68,9747
24.69,9742
24.7,9740
24.72,9738
24.73,9737
24.74,9736
24.75,9733
24.77,9731
24.78,9730
24.79,9728
24.8,9723
24.81,9722
25.22,9719
25.24,9717
25.26,9712
25.27,9709
25.28,9708
25.3,9706
25.31,9704
25.32,9702
25.33,9697
25.34,9695
25.35,9690
25.36,9688
25.37,9687
25.88,9685
25.89,9681
25.9,9680
25.93,9678
25.94,9676
25.95,9673
25.96,9669
25.97,9666
25.98,9662
25.99,9660
26.0,9658
26.02,9655
26.03,9652
26.04,9649
26.05,9648
26.06,9641
26.07,9639
26.08,9638
26.09,9637
26.1,9634
26.13,9633
26.14,9631
26.16,9625
26.17,9624
26.18,9621
26.19,9619
26.2,9617
26.21,9614
26.24,9611
26.25,9609
26.26,9602
26.27,9598
26.28,9597
26.31,9595
26.32,9589
26.33,9586
26.35,9585
26.36,9582
26.37,9581
26.38,9580
26.39,9576
26.4,9573
26.42,9571
26.43,9570
26.44,9567
26.79,9566
26.8,9563
26.81,9560
26.82,9555
26.83,9554
26.84,9552
26.85,9551
26.87,9549
26.88,9546
26.89,9545
26.9,9543
26.91,9542
26.93,9541
26.94,9538
26.95,9537
26.96,9534
26.97,9533
26.99,9532
27.21,9528
27.22,9527
27.23,9526
27.24,9525
27.25,9523
27.26,9520
27.27,9515
27.28,9513
27.29,9511
27.3,9508
27.31,9505
27.32,9502
27.33,9498
27.34,9493
27.35,9492
27.36,9489
27.37,9487
27.38,9485
27.39,9480
27.4,9479
27.41,9478
27.61,9477
27.62,9476
27.63,9474
27.65,9470
27.66,9468
27.67,9467
27.68,9466
27.69,9460
27.7,9457
27.71,9456
27.72,9453
27.73,9451
27.74,9447
27.75,9446
27.76,9445
27.77,9441
27.79,9440
27.8,9439
27.81,9435
27.82,9431
27.83,9428
27.84,9427
27.85,9425
27.87,9421
27.88,9417
27.89,9414
27.9,9411
27.91,9409
27.92,9408
27.93,9405
27.94,9403
27.95,9399
27.96,9398
27.97,9396
27.98,9395
27.99,9394
28.01,9391
28.02,9390
28.03,9389
28.05,9387
28.07,9385
28.69,9382
28.7,9381
28.73,9379
29.03,9378
29.04,9376
29.07,9374
29.09,9373
29.1,9369
29.12,9368
29.13,9367
29.14,9365
29.15,9364
29.16,9361
29.17,9355
29.18,9352
29.19,9350
29.21,9349
29.22,9348
29.23,9345
29.24,9344
29.25,9343
29.26,9338
29.27,9334
29.28,9331
29.31,9329
29.32,9326
29.34,9324
29.35,9321
29.36,9316
29.37,9313
29.42,9312
29.43,9310
29.44,9306
29.45,9305
29.46,9304
29.48,9301
29.49,9298
29.53,9296
29.54,9295
29.55,9289
29.57,9286
29.58,9284
29.59,9283
29.62,9278
29.63,9277
29.64,9274
29.65,9269
29.69,9264
29.7,9260
29.71,9258
29.72,9255
29.73,9252
29.74,9250
29.75,9248
29.76,9247
29.77,9244
29.78,9242
29.79,9239
29.8,9232
29.81,9230
29.82,9228
29.83,9227
29.84,9224
29.85,9221
29.87,9218
29.88,9217
29.91,9214
29.92,9211
29.93,9210
29.94,9209
29.96,9208
29.98,9207
29.99,9206
30.0,9204
30.02,9202
30.03,9200
30.04,9198
30.05,9197
30.06,9193
30.07,9192
30.08,9189
30.09,9188
30.1,9187
30.11,9181
30.12,9180
30.13,9176
30.14,9173
30.15,9170
30.16,9168
30.17,9166
30.18,9163
30.19,9159
30.2,9157
30.21,9153
30.22,9149
30.23,9146
30.25,9145
30.26,9142
30.27,9141
30.28,9139
30.7,9138
30.71,9137
30.73,9135
30.74,9134
30.75,9131
30.76,9129
30.77,9128
30.78,9126
30.79,9124
30.8,9120
30.81,9116
30.82,9115
30.83,9110
30.84,9108
30.85,9103
30.86,9100
30.87,9099
30.89,9096
30.9,9093
30.92,9092
30.93,9091
30.95,9087
30.97,9083
30.98,9082
31.0,9081
31.02,9080
31.03,9078
31.05,9077
31.06,9075
31.07,9073
31.08,9072
31.09,9069
31.1,9067
31.11,9066
31.13,9063
31.14,9062
31.15,9059
31.19,9058
31.2,9056
31.21,9055
31.22,9054
31.23,9050
31.24,9048
31.25,9047
31.26,9045
31.29,9044
31.3,9042
31.32,9037
31.33,9036
31.77,9032
31.81,9030
31.82,9028
31.83,9026
31.84,9024
31.87,9021
31.9,9019
32.25,9017
32.26,9015
32.27,9012
32.28,9011
32.29,9009
32.3,9007
32.34,9006
32.83,9004
32.84,9002
32.86,9000
32.87,8998
32.88,8997
32.9,8996
32.91,8993
32.92,8989
32.95,8988
32.96,8986
32.97,8985
32.99,8984
33.0,8979
33.01,8977
33.03,8975
33.04,8973
33.05,8968
33.06,8967
33.07,8965
33.08,8963
33.09,8961
33.1,8959
33.11,8957
33.12,8956
33.13,8954
33.15,8952
33.16,8948
33.18,8944
33.19,8942
33.2,8941
33.21,8940
33.22,8937
33.23,8934
33.24,8929
33.25,8926
33.26,8924
33.27,8921
33.29,8920
33.32,8917
33.33,8912
33.34,8911
33.35,8909
33.36,8906
33.38,8904
33.39,8901
33.4,8900
33.41,8899
33.43,8898
33.44,8893
33.45,8892
33.47,8887
33.48,8884
33.49,8881
33.5,8880
33.51,8876
33.52,8874
33.53,8873
33.54,8872
33.55,8871
33.56,8870
33.57,8866
33.61,8863
33.62,8862
33.63,8856
33.64,8854
33.65,8850
33.67,8849
33.68,8848
33.69,8847
33.7,8846
33.72,8843
33.73,8842
33.74,8840
33.76,8839
33.8,8838
33.82,8834
33.83,8828
33.84,8826
33.85,8824
34.25,8822
34.26,8816
34.27,8810
34.28,8809
34.29,8807
34.3,8806
34.31,8801
34.32,8800
34.33,8794
34.34,8791
34.35,8788
34.36,8787
34.38,8786
34.39,8785
34.79,8782
34.8,8780
34.82,8775
34.83,8768
34.84,8766
34.85,8765
34.86,8761
34.87,8758
34.88,8753
34.89,8751
34.9,8750
34.91,8747
34.93,8744
34.94,8743
34.97,8739
34.98,8738
35.0,8737
35.01,8730
35.02,8725
35.04,8723
35.05,8722
35.06,8716
35.07,8715
35.08,8711
35.09,8709
35.1,8705
35.12,8704
35.17,8696
35.18,8694
35.19,8691
35.2,8690
35.21,8688
35.23,8686
35.24,8685
35.25,8681
35.26,8680
35.28,8678
35.29,8674
35.3,8672
35.31,8671
35.72,8667
35.73,8666
35.74,8664
35.75,8661
35.78,8658
35.79,8656
35.82,8655
35.85,8652
35.86,8651
35.88,8647
35.89,8644
35.9,8643
36.28,8642
36.29,8641
36.3,8640
36.31,8639
36.32,8636
36.33,8632
36.34,8629
36.35,8626
36.37,8625
36.38,8617
36.39,8615
36.4,8611
36.43,8608
36.46,8605
36.48,8603
36.49,8602
36.5,8601
36.51,8599
36.52,8598
36.53,8596
36.55,8595
36.58,8594
36.59,8593
36.6,8590
36.61,8588
36.62,8584
36.64,8583
36.65,8582
36.67,8577
36.68,8576
36.69,8574
36.72,8573
36.73,8570
36.74,8567
36.75,8566
36.77,8561
36.78,8559
36.79,8557
36.82,8554
36.83,8551
36.84,8549
36.85,8548
36.86,8547
36.87,8546
36.88,8544
36.89,8543
36.9,8540
36.91,8539
36.93,8538
36.94,8536
36.95,8534
36.96,8528
36.98,8527
37.01,8526
37.02,8523
37.03,8519
37.04,8516
37.05,8515
37.06,8514
37.07,8509
37.08,8508
37.09,8505
37.1,8504
37.12,8503
37.13,8502
37.15,8501
37.16,8498
37.17,8495
37.18,8494
37.19,8493
37.21,8491
37.22,8486
37.23,8483
37.24,8481
37.25,8478
37.26,8475
37.28,8474
37.3,8473
37.32,8472
37.33,8470
37.34,8468
37.35,8465
37.37,8463
37.38,8460
37.39,8456
37.4,8454
37.41,8448
37.42,8445
37.43,8442
37.45,8441
37.9,8440
37.92,8438
37.93,8434
37.95,8433
37.96,8430
37.97,8427
37.98,8426
37.99,8425
38.0,8424
38.01,8422
38.02,8419
38.03,8418
38.04,8412
38.05,8410
38.06,8409
38.07,8407
38.08,8404
38.14,8401
38.15,8400
38.16,8397
38.17,8396
38.18,8395
38.19,8394
38.22,8390
38.23,8389
38.24,8387
38.25,8386
38.27,8385
38.28,8384
38.3,8383
38.31,8382
38.32,8381
38.34,8380
38.77,8379
38.78,8378
38.79,8373
38.8,8371
38.81,8369
38.82,8366
38.83,8362
38.85,8361
38.86,8358
38.87,8354
38.88,8352
38.89,8351
38.91,8349
38.92,8348
38.93,8347
38.94,8346
38.95,8344
38.99,8342
39.03,8341
39.04,8340
39.05,8339
39.06,8338
39.09,8337
39.1,8335
39.11,8334
39.14,8333
39.15,8329
39.16,8328
39.18,8327
39.19,8326
39.2,8323
39.21,8321
39.23,8316
39.24,8313
39.28,8310
39.29,8309
39.3,8307
39.31,8306
39.32,8303
39.33,8300
39.34,8298
39.52,8293
39.53,8288
39.54,8287
39.55,8286
39.56,8285
39.58,8284
39.59,8283
39.61,8282
39.62,8281
39.64,8279
39.65,8278
39.66,8274
39.68,8271
39.7,8270
39.72,8269
39.73,8267
39.74,8266
39.75,8265
39.76,8263
39.77,8260
39.78,8257
39.79,8256
39.8,8255
39.82,8253
40.15,8251
40.18,8250
40.19,8245
40.2,8243
40.21,8242
40.23,8241
40.24,8238
40.25,8235
40.28,8233
40.29,8232
40.3,8228
40.32,8226
40.33,8224
40.34,8219
40.35,8218
40.37,8217
40.39,8216
40.4,8213
40.41,8212
40.42,8211
40.43,8209
40.44,8207
40.45,8203
40.47,8201
40.48,8200
40.52,8198
40.54,8196
40.55,8195
40.57,8193
40.58,8191
40.59,8187
40.6,8186
40.62,8185
40.64,8181
40.84,8176
40.85,8175
40.87,8172
40.89,8170
40.9,8167
40.92,8165
40.93,8164
40.94,8161
40.95,8159
40.96,8157
40.97,8153
40.98,8151
40.99,8145
41.0,8143
41.01,8142
41.06,8139
41.1,8136
41.13,8135
41.14,8133
41.16,8131
41.17,8130
41.2,8129
41.21,8128
41.24,8127
41.25,8124
41.26,8118
41.28,8117
41.3,8115
41.31,8114
41.32,8108
41.34,8106
41.35,8102
41.36,8101
41.37,8100
41.39,8097
41.4,8091
41.41,8089
41.42,8088
41.44,8087
41.46,8086
41.48,8085
41.5,8083
41.51,8076
41.52,8075
41.53,8073
41.54,8072
41.56,8068
41.57,8067
41.58,8064
41.6,8061
41.61,8059
41.62,8057
41.63,8056
41.64,8055
41.65,8052
41.67,8051
41.68,8047
41.69,8046
41.7,8044
41.71,8043
41.72,8039
41.74,8036
41.75,8034
41.76,8030
41.77,8026
41.78,8025
41.79,8022
41.81,8021
42.03,8020
42.04,8019
42.05,8017
42.06,8015
42.07,8012
42.08,8010
42.09,8009
42.1,8006
42.11,8005
42.13,8003
42.14,7999
42.15,7997
42.16,7994
42.17,7993
42.18,7990
42.19,7987
42.2,7984
42.22,7983
42.23,7982
42.24,7979
42.25,7975
42.28,7974
42.29,7973
42.7,7971
42.71,7970
42.72,7969
42.74,7968
42.76,7963
42.77,7960
42.8,7957
42.81,7956
42.84,7955
42.85,7954
42.86,7953
42.88,7951
42.89,7950
42.92,7948
42.93,7947
42.94,7945
42.95,7944
42.96,7943
42.99,7940
43.01,7938
43.03,7937
43.04,7935
43.05,7932
43.06,7930
43.27,7927
43.28,7925
43.3,7922
43.31,7921
43.32,7919
43.34,7916
43.36,7914
43.37,7912
43.38,7908
43.4,7905
43.41,7904
43.43,7903
43.44,7901
43.45,7897
43.46,7896
43.47,7895
43.49,7892
43.51,7890
43.52,7888
43.53,7887
43.55,7885
43.58,7884
43.6,7883
43.65,7882
43.66,7880
43.69,7879
43.9,7877
43.91,7874
44.28,7873
44.29,7871
44.3,7870
44.31,7867
44.33,7866
44.34,7865
44.36,7864
44.37,7862
44.39,7855
44.4,7850
44.41,7849
44.43,7846
44.46,7844
44.47,7840
44.48,7839
44.51,7838
44.56,7837
44.57,7834
44.59,7833
44.62,7831
44.64,7828
44.66,7827
44.68,7824
44.69,7820
44.7,7819
44.71,7818
44.72,7817
44.77,7816
44.79,7814
44.8,7813
44.81,7812
44.85,7809
44.86,7807
44.87,7804
44.9,7801
44.92,7799
44.93,7797
45.3,7796
45.31,7794
45.32,7792
45.34,7790
45.35,7787
45.36,7786
45.37,7783
45.38,7780
45.39,7779
45.42,7777
45.45,7774
45.46,7773
45.47,7771
45.48,7767
45.5,7765
45.51,7763
45.52,7760
45.53,7757
45.55,7753
45.56,7751
45.57,7749
45.58,7748
45.59,7744
45.62,7742
45.63,7741
45.64,7740
45.65,7739
45.66,7738
45.68,7735
45.69,7734
45.72,7732
45.73,7731
45.75,7729
45.76,7727
45.77,7726
45.79,7723
45.8,7721
45.81,7720
45.83,7719
45.85,7718
45.86,7717
45.88,7715
45.89,7713
45.91,7712
45.92,7708
45.93,7707
45.94,7704
45.96,7703
45.97,7701
46.0,7700
46.01,7699
46.03,7698
46.05,7694
46.06,7693
46.07,7692
46.08,7690
46.09,7689
46.1,7688
46.12,7686
46.14,7685
46.17,7683
46.18,7681
46.19,7678
46.2,7675
46.21,7671
46.22,7670
46.23,7669
46.25,7668
46.28,7666
46.3,7663
46.31,7661
46.33,7660
46.34,7658
46.35,7653
46.36,7652
46.37,7648
46.38,7647
46.41,7644
46.43,7643
46.44,7641
46.45,7637
46.47,7636
46.48,7635
46.49,7633
46.5,7632
46.52,7631
46.54,7630
46.55,7626
46.56,7624
46.58,7623
46.59,7622
46.6,7621
46.62,7620
46.63,7618
46.64,7616
46.65,7615
46.68,7610
46.69,7609
46.7,7608
46.71,7606
46.72,7605
46.74,7602
46.75,7600
46.76,7599
46.77,7597
46.8,7595
46.82,7592
46.83,7591
46.84,7588
46.85,7587
46.86,7586
46.87,7584
46.88,7583
46.89,7581
47.27,7580
47.28,7579
47.29,7577
47.3,7575
47.31,7574
47.32,7573
47.34,7571
47.35,7569
47.36,7568
47.38,7567
47.39,7566
47.41,7561
47.42,7560
47.45,7559
47.47,7556
47.48,7554
47.49,7550
47.5,7549
47.51,7547
47.53,7546
47.54,7544
47.55,7542
47.58,7540
47.59,7538
47.62,7537
47.65,7536
47.66,7534
47.72,7533
47.73,7532
47.74,7531
47.75,7530
47.78,7527
47.79,7526
47.8,7525
47.84,7524
47.86,7523
47.87,7521
47.88,7519
47.89,7518
47.93,7517
47.95,7513
47.97,7511
47.98,7509
47.99,7506
48.0,7502
48.01,7501
48.02,7500
48.04,7499
48.05,7496
48.06,7494
48.08,7490
48.09,7488
48.1,7485
48.13,7483
48.17,7480
48.18,7477
48.19,7475
48.2,7474
48.21,7473
48.22,7472
48.23,7468
48.24,7467
48.25,7466
48.27,7465
48.28,7463
48.29,7461
48.3,7459
48.31,7458
48.34,7457
48.35,7452
48.36,7451
48.4,7447
48.41,7446
48.75,7444
48.77,7442
48.78,7441
48.79,7438
48.81,7437
48.82,7435
48.99,7434
49.04,7432
49.06,7431
49.07,7429
49.09,7428
49.13,7424
49.15,7422
49.16,7419
49.19,7415
49.2,7414
49.22,7413
49.25,7412
49.71,7411
49.74,7409
49.75,7406
49.76,7405
49.77,7404
49.79,7402
49.8,7401
49.82,7400
49.84,7398
49.85,7397
49.86,7394
49.87,7393
49.88,7392
49.89,7391
49.92,7390
50.31,7387
50.33,7386
50.34,7384
50.38,7382
50.42,7381
50.43,7379
50.61,7377
50.63,7374
50.66,7371
50.74,7369
50.75,7366
50.76,7365
50.78,7364
50.79,7363
50.8,7362
50.82,7360
50.85,7359
50.86,7355
50.87,7351
50.88,7350
50.89,7348
50.9,7345
50.93,7344
50.94,7343
50.96,7342
50.97,7341
50.98,7337
51.01,7336
51.02,7334
51.04,7332
51.05,7331
51.09,7328
51.1,7327
51.12,7325
51.15,7323
51.16,7322
51.17,7320
51.18,7319
51.2,7318
51.21,7317
51.23,7316
51.24,7315
51.26,7313
51.27,7312
51.29,7307
51.3,7305
51.31,7303
51.32,7301
51.33,7298
51.34,7297
51.36,7295
51.4,7293
51.41,7292
51.42,7291
51.44,7290
51.45,7289
51.48,7288
51.49,7284
51.5,7282
51.51,7280
51.55,7279
51.59,7278
51.61,7275
51.62,7273
51.65,7272
51.67,7270
51.69,7269
51.7,7268
51.71,7267
51.72,7266
51.73,7265
51.74,7264
51.75,7262
51.79,7261
51.81,7260
51.82,7259
51.83,7257
51.85,7255
51.89,7253
51.94,7252
51.95,7251
51.96,7248
51.97,7244
52.01,7240
52.02,7237
52.03,7236
52.04,7235
52.05,7231
52.09,7230
52.11,7229
52.14,7227
52.16,7226
52.18,7225
52.19,7224
52.21,7223
52.39,7222
52.4,7219
52.41,7218
52.44,7213
52.45,7211
52.46,7209
52.64,7208
52.65,7206
52.67,7205
52.68,7204
52.86,7203
52.87,7199
52.89,7198
52.9,7197
52.91,7196
52.92,7195
52.93,7193
52.97,7192
53.28,7191
53.29,7190
53.3,7188
53.49,7187
53.51,7186
53.54,7183
53.56,7180
53.57,7178
53.58,7177
53.6,7176
53.61,7174
53.62,7169
53.63,7168
53.64,7166
53.65,7164
53.66,7163
53.67,7162
53.69,7160
53.7,7159
53.71,7156
53.72,7155
53.76,7154
53.8,7152
53.81,7151
54.0,7150
54.2,7148
54.22,7147
54.25,7144
54.29,7143
54.31,7141
54.33,7140
54.35,7138
54.36,7136
54.37,7134
54.38,7132
54.41,7131
54.43,7130
54.45,7128
54.46,7125
54.47,7120
54.48,7116
54.68,7115
54.7,7114
54.72,7112
54.73,7109
54.75,7105
54.77,7102
54.78,7099
54.79,7098
54.8,7097
54.81,7094
54.85,7092
54.88,7091
54.89,7088
54.9,7084
54.91,7078
54.92,7076
54.93,7073
54.94,7070
54.96,7069
54.97,7067
54.98,7063
54.99,7061
55.37,7060
55.4,7058
55.41,7057
55.42,7055
55.43,7054
55.44,7053
55.46,7052
55.65,7051
55.68,7050
55.69,7048
55.71,7046
55.72,7045
55.73,7044
55.74,7043
55.75,7042
55.98,7041
56.0,7040
56.02,7039
56.03,7038
56.04,7037
56.05,7036
56.06,7035
56.08,7031
56.09,7030
56.1,7027
56.13,7024
56.2,7020
56.22,7014
56.25,7013
56.3,7010
56.31,7009
56.32,7008
56.34,7005
56.35,7004
56.36,7003
56.37,7001
56.38,7000
56.42,6999
56.44,6995
56.46,6992
56.47,6990
56.49,6988
56.5,6985
56.51,6983
56.52,6982
56.54,6981
56.57,6979
56.59,6978
56.6,6976
56.61,6975
56.63,6973
56.64,6971
56.68,6970
56.72,6968
56.73,6967
56.76,6966
56.77,6963
56.78,6961
56.8,6960
56.81,6959
56.82,6958
56.83,6957
56.85,6955
56.87,6953
56.88,6951
56.9,6950
56.91,6949
56.92,6948
56.93,6947
56.94,6946
56.95,6945
56.99,6944
57.0,6943
57.02,6941
57.04,6939
57.06,6937
57.46,6932
57.47,6929
57.49,6928
58.16,6925
58.18,6923
58.19,6922
58.2,6920
58.21,6919
58.65,6917
58.66,6916
58.67,6914
58.69,6910
58.76,6909
58.78,6908
58.8,6905
58.81,6904
58.87,6903
58.88,6900
58.89,6898
58.91,6895
58.92,6892
58.93,6890
58.95,6886
58.97,6883
58.98,6878
59.0,6877
59.01,6876
59.02,6873
59.04,6872
59.05,6871
59.08,6870
59.09,6868
59.1,6863
59.46,6861
59.47,6858
59.49,6857
59.5,6856
59.51,6855
59.53,6854
59.6,6853
59.61,6852
59.63,6851
59.66,6850
59.67,6848
59.7,6847
59.74,6846
59.76,6844
59.79,6843
59.82,6840
59.84,6839
59.85,6838
59.86,6836
59.88,6835
59.89,6834
60.37,6832
60.39,6831
60.4,6830
60.57,6829
60.62,6827
60.68,6825
60.69,6823
60.7,6822
60.71,6818
61.12,6817
61.13,6816
61.15,6815
61.16,6813
61.17,6812
61.18,6810
61.19,6809
61.2,6808
61.24,6806
61.25,6805
61.26,6803
61.28,6802
61.3,6801
61.31,6800
61.35,6799
61.69,6797
61.7,6796
61.71,6795
61.72,6794
61.73,6792
61.74,6789
61.75,6788
61.76,6784
61.77,6783
61.82,6782
61.83,6780
61.86,6777
61.87,6775
61.88,6774
61.9,6773
61.98,6772
62.0,6771
62.03,6770
62.05,6769
62.06,6768
62.07,6766
62.09,6765
62.1,6764
62.12,6763
62.13,6761
62.16,6760
62.18,6756
62.2,6755
62.22,6752
62.23,6751
62.27,6748
62.34,6745
62.38,6744
62.39,6742
62.41,6741
62.43,6739
62.44,6738
62.45,6737
62.47,6735
62.51,6734
62.52,6733
62.53,6732
62.54,6728
62.55,6727
62.56,6725
62.57,6721
62.58,6720
62.59,6717
62.6,6716
62.62,6710
62.64,6708
63.0,6707
63.01,6705
63.02,6704
63.03,6703
63.04,6702
63.05,6701
63.06,6699
63.07,6696
63.08,6695
63.09,6694
63.1,6690
63.11,6689
63.12,6688
63.15,6685
63.17,6684
63.19,6682
63.22,6679
63.24,6678
63.25,6676
63.62,6671
63.63,6669
63.64,6668
63.65,6667
63.66,6665
63.68,6663
63.7,6661
63.71,6659
63.73,6658
63.75,6656
63.76,6653
63.8,6651
63.81,6650
63.83,6647
63.84,6646
63.86,6645
63.87,6643
64.17,6641
64.62,6639
64.65,6637
64.86,6636
64.87,6635
64.89,6632
64.91,6630
64.92,6629
64.94,6627
64.96,6626
65.23,6622
65.24,6619
65.25,6618
65.26,6615
65.28,6614
65.3,6613
65.31,6611
65.5,6608
65.51,6607
65.53,6605
65.57,6603
65.58,6602
65.87,6601
66.05,6600
66.07,6597
66.08,6596
66.09,6594
66.13,6592
66.15,6591
66.16,6590
66.18,6589
66.19,6587
66.2,6582
66.22,6580
66.57,6579
66.58,6578
66.59,6576
66.6,6575
66.61,6574
66.62,6572
66.63,6571
66.65,6569
67.03,6565
67.09,6564
67.1,6563
67.11,6562
67.13,6561
67.16,6559
67.17,6558
67.21,6557
67.22,6556
67.23,6555
67.44,6552
67.47,6551
67.48,6550
67.49,6548
67.5,6545
67.51,6544
67.52,6543
67.73,6542
67.75,6539
67.76,6538
67.78,6536
67.83,6535
67.84,6533
67.86,6528
67.88,6525
67.89,6523
67.91,6522
67.92,6520
67.93,6518
67.94,6516
67.96,6515
67.97,6514
67.98,6510
68.0,6509
68.01,6508
68.05,6506
68.07,6505
68.09,6503
68.1,6502
68.12,6501
68.13,6499
68.14,6497
68.15,6495
68.16,6494
68.17,6492
68.18,6491
68.2,6489
68.23,6486
68.24,6485
68.25,6483
68.26,6482
68.74,6481
68.75,6480
68.81,6478
69.18,6477
69.19,6476
69.22,6475
69.56,6471
69.57,6470
69.58,6469
69.6,6467
69.61,6465
69.62,6464
69.67,6463
69.7,6461
69.74,6458
69.77,6456
69.78,6455
69.81,6452
69.82,6449
69.83,6448
69.84,6447
69.86,6446
69.88,6444
69.9,6442
69.91,6438
69.92,6437
69.94,6436
69.95,6435
69.96,6434
70.0,6433
70.01,6431
70.06,6430
70.38,6429
70.39,6427
70.42,6426
70.45,6425
70.46,6423
70.48,6422
70.5,6421
70.51,6419
70.53,6418
70.55,6417
70.56,6416
70.61,6415
70.65,6414
70.66,6412
70.68,6411
70.69,6410
70.72,6407
70.76,6406
71.22,6403
71.23,6402
71.25,6401
71.27,6399
71.33,6397
71.34,6396
71.36,6394
71.42,6392
71.43,6390
71.45,6389
71.46,6387
71.47,6386
71.48,6385
71.49,6384
71.51,6383
71.54,6382
71.59,6381
71.62,6380
71.64,6379
71.66,6378
72.11,6376
72.12,6374
72.13,6373
72.14,6370
72.15,6368
72.17,6366
72.56,6364
72.58,6360
72.75,6359
72.78,6357
73.34,6356
73.35,6354
73.39,6352
73.41,6350
73.42,6349
73.45,6348
73.46,6347
73.48,6346
73.5,6345
73.51,6343
73.52,6342
73.96,6341
73.97,6340
73.99,6339
74.0,6337
74.01,6336
74.02,6335
74.03,6334
74.04,6333
74.06,6332
74.07,6331
74.09,6330
74.13,6329
74.58,6328
74.59,6327
74.62,6325
74.63,6323
74.64,6322
74.65,6321
74.77,6320
74.79,6318
75.0,6317
75.01,6316
75.04,6315
75.05,6314
75.44,6313
75.88,6312
76.26,6311
76.32,6310
76.33,6309
76.36,6308
76.41,6306
76.44,6305
76.45,6303
76.5,6302
76.51,6301
76.54,6299
76.56,6298
76.58,6295
76.76,6294
76.77,6291
76.79,6287
76.81,6285
77.23,6283
77.29,6282
77.3,6281
77.31,6280
77.34,6279
77.37,6277
77.38,6276
77.4,6275
77.41,6273
77.42,6272
77.87,6268
77.89,6267
77.9,6266
77.92,6263
77.93,6259
77.94,6256
77.98,6255
77.99,6254
78.2,6253
78.21,6252
78.64,6250
78.68,6249
78.69,6248
78.7,6246
78.72,6245
78.78,6244
78.8,6242
78.82,6241
78.83,6239
78.85,6238
78.9,6237
78.91,6233
78.97,6232
78.98,6231
78.99,6227
79.19,6226
79.24,6225
79.25,6224
79.61,6223
79.62,6222
79.64,6220
79.65,6219
79.66,6217
79.67,6216
79.68,6215
80.14,6214
80.15,6212
80.16,6211
80.17,6210
80.19,6209
80.22,6208
80.23,6206
80.25,6205
80.26,6204
80.28,6202
80.31,6201
80.32,6200
80.34,6198
80.35,6197
80.36,6196
80.38,6195
80.39,6194
80.41,6190
80.42,6188
80.43,6185
80.44,6183
80.46,6182
80.51,6181
80.55,6179
80.56,6178
80.59,6176
80.61,6174
80.62,6172
80.64,6169
80.68,6168
80.71,6167
81.01,6166
81.04,6164
81.08,6162
81.11,6159
81.13,6158
81.14,6156
81.15,6155
81.16,6154
81.17,6152
81.62,6150
81.66,6149
81.68,6147
81.71,6146
81.72,6145
81.73,6144
81.76,6143
81.77,6142
81.82,6141
81.83,6140
82.24,6139
82.26,6138
82.43,6137
82.44,6136
82.49,6135
82.5,6134
82.53,6133
82.54,6131
82.55,6130
82.6,6128
82.61,6127
82.63,6126
82.64,6125
82.65,6124
82.66,6123
82.67,6122
82.68,6120
82.7,6118
82.71,6117
82.72,6116
82.73,6115
82.76,6112
82.77,6111
82.78,6110
82.79,6109
82.83,6108
82.85,6106
82.88,6105
82.92,6104
82.94,6103
82.97,6102
82.98,6100
82.99,6099
83.01,6097
83.02,6096
83.03,6095
83.04,6093
83.06,6092
83.07,6090
83.44,6088
83.46,6087
83.5,6085
83.55,6084
83.56,6083
83.57,6082
83.58,6081
83.62,6079
83.65,6077
83.67,6075
83.68,6074
83.74,6072
83.76,6069
83.77,6068
83.8,6067
83.82,6066
83.83,6062
83.85,6061
83.88,6060
83.9,6059
83.91,6057
83.92,6056
83.96,6055
83.97,6054
83.98,6053
84.02,6052
84.05,6051
84.06,6050
84.09,6048
84.11,6047
84.12,6043
84.14,6041
84.15,6040
84.16,6039
84.2,6037
84.21,6036
84.26,6035
84.58,6034
84.59,6033
84.61,6032
84.67,6030
84.69,6029
84.7,6026
84.71,6025
84.73,6023
84.77,6022
84.8,6021
84.84,6018
84.87,6016
85.63,6015
85.64,6014
85.66,6012
85.68,6010
86.08,6009
86.09,6008
86.12,6007
86.18,6005
86.19,6004
86.22,6003
86.48,6002
86.49,6000
86.5,5998
86.52,5997
86.55,5996
86.57,5995
86.58,5994
86.64,5991
86.65,5990
86.67,5989
86.68,5988
86.7,5986
86.71,5982
86.72,5979
86.74,5976
86.78,5975
86.8,5974
86.83,5973
86.85,5971
86.86,5969
86.89,5968
86.91,5966
86.93,5965
86.95,5963
87.01,5962
87.03,5961
87.04,5960
87.05,5959
87.06,5957
87.09,5955
87.1,5953
87.11,5950
87.12,5949
87.16,5948
87.18,5947
87.19,5946
87.2,5945
87.22,5944
87.25,5943
87.26,5942
87.28,5941
87.29,5938
87.33,5936
87.37,5935
87.39,5932
87.4,5928
87.44,5926
87.45,5924
87.46,5922
87.47,5920
87.48,5918
87.49,5917
87.51,5916
87.52,5914
87.56,5913
87.6,5912
87.64,5909
87.68,5908
87.69,5907
87.7,5906
87.72,5905
87.73,5904
87.74,5903
87.77,5902
87.78,5901
87.8,5900
88.17,5899
88.18,5898
88.2,5896
88.59,5895
88.64,5894
88.65,5893
88.68,5892
88.7,5890
88.72,5889
88.74,5887
88.77,5885
88.78,5884
88.79,5883
88.8,5882
88.81,5881
88.82,5880
88.83,5879
88.84,5877
88.86,5876
88.87,5874
88.88,5873
88.91,5872
88.92,5871
88.96,5869
88.99,5868
89.0,5867
89.04,5864
89.05,5863
89.06,5861
89.12,5860
89.15,5859
89.17,5858
89.18,5857
89.2,5856
89.22,5855
89.24,5853
89.32,5852
89.34,5851
89.77,5850
89.78,5849
89.83,5846
90.4,5845
90.43,5844
90.67,5843
90.68,5842
90.8,5840
90.82,5839
90.84,5836
90.85,5835
91.22,5834
91.24,5833
91.27,5831
91.4,5828
91.42,5827
91.45,5826
91.46,5825
91.48,5824
91.49,5822
91.51,5818
91.52,5816
91.54,5813
91.55,5812
91.56,5810
91.59,5808
91.62,5806
91.65,5805
91.66,5804
91.74,5803
91.75,5802
91.81,5801
91.82,5800
91.85,5798
91.89,5797
91.93,5796
91.95,5795
91.97,5793
91.98,5792
92.17,5791
92.18,5789
92.21,5787
92.54,5786
92.56,5785
92.57,5782
92.6,5781
92.69,5780
92.7,5777
92.71,5776
93.05,5775
93.06,5774
93.07,5773
93.09,5772
93.13,5771
93.18,5770
93.21,5769
93.62,5767
93.64,5766
93.66,5765
93.67,5763
93.68,5762
93.7,5761
93.73,5760
93.74,5759
93.76,5758
93.83,5757
93.84,5756
94.25,5755
94.26,5753
94.3,5752
94.5,5750
94.52,5749
94.69,5748
94.7,5747
94.72,5746
94.73,5743
94.74,5742
94.81,5741
94.82,5740
94.83,5739
94.85,5738
94.87,5737
94.89,5735
94.91,5734
94.92,5733
94.96,5731
94.99,5729
95.02,5727
95.05,5726
95.06,5725
95.41,5724
95.44,5723
95.75,5722
95.76,5720
95.84,5719
95.87,5718
95.92,5717
95.93,5715
95.96,5714
96.4,5712
96.46,5711
96.49,5709
96.55,5708
96.61,5707
96.63,5706
96.64,5704
96.97,5703
96.98,5702
97.0,5701
97.04,5700
97.05,5699
97.09,5697
97.1,5695
97.15,5694
97.17,5693
97.21,5691
97.22,5689
97.41,5688
97.42,5686
97.66,5685
97.67,5683
97.68,5681
97.69,5680
97.76,5679
98.13,5678
98.15,5676
98.16,5675
98.17,5672
98.26,5671
98.28,5670
98.29,5669
98.31,5668
98.32,5667
98.36,5666
98.38,5665
98.39,5664
98.4,5663
98.41,5661
98.56,5660
98.6,5659
98.64,5656
98.75,5655
98.79,5654
98.8,5653
98.83,5652
98.88,5651
98.91,5650
98.93,5649
98.94,5647
98.96,5646
98.97,5643
98.98,5642
99.03,5640
99.04,5639
99.06,5638
99.07,5637
99.08,5635
99.12,5634
99.14,5633
99.15,5631
99.17,5629
99.22,5628
99.23,5627
99.24,5626
99.28,5625
99.29,5624
99.61,5622
99.62,5621
99.64,5620
99.65,5619
99.67,5616
99.68,5615
99.69,5613
99.72,5611
99.73,5610
99.75,5609
99.78,5608
99.8,5606
99.83,5605
100.13,5603
100.14,5602
100.18,5601
100.19,5599
100.2,5597
100.22,5596
100.23,5595
100.25,5593
100.27,5592
100.29,5591
100.35,5590
100.39,5589
100.4,5587
100.42,5586
100.43,5584
100.47,5583
100.49,5582
100.51,5581
100.57,5580
100.59,5579
100.6,5578
100.62,5577
100.65,5576
100.98,5575
100.99,5574
101.01,5573
101.21,5572
101.37,5571
101.38,5568
101.41,5567
101.44,5565
101.46,5564
101.49,5560
101.5,5559
101.51,5557
101.53,5556
101.55,5555
101.56,5554
101.57,5553
101.6,5552
101.65,5551
101.66,5548
101.68,5547
101.7,5546
101.71,5545
101.72,5544
101.73,5540
101.74,5538
101.77,5537
101.78,5536
101.83,5534
101.84,5532
101.85,5531
102.03,5529
102.06,5527
102.07,5526
102.08,5523
102.27,5522
102.29,5521
102.37,5520
102.44,5519
102.45,5518
102.48,5516
102.53,5514
102.54,5513
102.56,5512
102.57,5511
102.61,5510
102.64,5508
102.65,5507
102.67,5506
102.68,5504
102.7,5503
102.72,5502
102.73,5501
102.74,5500
102.78,5499
102.83,5497
102.86,5496
102.87,5495
102.89,5493
102.9,5492
102.91,5490
102.93,5489
102.96,5488
103.03,5487
103.06,5486
103.07,5485
103.11,5484
103.15,5483
103.16,5482
103.17,5481
103.19,5480
103.2,5479
103.52,5477
103.54,5475
103.56,5473
103.57,5472
103.58,5471
103.62,5470
103.65,5469
103.66,5468
103.71,5467
103.75,5466
103.76,5465
103.79,5463
103.96,5461
103.98,5460
103.99,5458
104.01,5456
104.03,5455
104.06,5453
104.1,5452
104.11,5451
104.13,5450
104.14,5449
104.22,5448
104.72,5447
104.73,5443
104.74,5442
104.78,5440
104.79,5439
104.84,5438
104.85,5437
104.88,5436
104.89,5435
104.92,5434
104.94,5432
104.95,5431
104.98,5430
105.03,5429
105.09,5427
105.12,5426
105.5,5425
106.21,5424
106.25,5423
106.28,5421
106.57,5420
106.58,5419
106.59,5418
106.62,5417
106.98,5416
107.0,5415
107.01,5414
107.03,5411
107.04,5410
107.06,5409
107.08,5408
107.11,5407
107.12,5405
107.16,5403
107.2,5402
107.23,5401
107.31,5400
107.33,5399
107.38,5398
107.44,5397
107.45,5393
107.46,5392
107.48,5391
107.55,5390
107.57,5389
107.58,5388
107.62,5386
107.64,5385
107.66,5383
107.68,5382
107.74,5381
107.75,5380
107.78,5379
107.8,5378
107.82,5377
107.86,5375
107.88,5374
107.92,5371
107.93,5370
107.94,5369
107.96,5368
107.98,5367
108.18,5366
108.19,5365
108.22,5363
108.65,5362
108.66,5361
108.67,5360
108.68,5359
108.69,5358
108.7,5357
108.72,5355
108.76,5354
108.81,5352
108.83,5349
108.84,5348
109.02,5346
109.05,5345
109.06,5344
109.07,5343
109.09,5342
109.11,5341
109.13,5339
109.14,5338
109.59,5337
109.62,5335
109.63,5332
109.66,5330
109.69,5329
109.72,5328
109.78,5324
109.79,5323
109.8,5320
109.85,5318
109.87,5317
109.89,5316
109.97,5314
109.98,5313
110.02,5311
110.03,5310
110.06,5309
110.33,5308
110.61,5307
110.62,5305
110.8,5301
110.85,5299
110.89,5298
110.9,5297
110.92,5296
110.99,5294
111.0,5293
111.01,5292
111.03,5291
111.05,5289
111.08,5288
111.11,5287
111.16,5286
111.17,5285
111.23,5284
111.27,5283
111.28,5281
111.29,5279
111.35,5277
111.39,5276
111.43,5275
111.45,5274
111.58,5272
111.6,5271
111.61,5270
111.66,5269
111.67,5268
111.7,5267
111.71,5266
111.72,5265
111.9,5264
111.91,5262
112.2,5261
112.23,5260
112.26,5259
112.28,5258
112.3,5257
112.38,5254
112.45,5253
112.47,5252
112.49,5250
112.5,5248
112.64,5247
112.7,5246
112.71,5245
112.77,5244
112.78,5243
112.8,5242
112.81,5241
112.82,5239
112.85,5238
112.86,5237
112.87,5235
112.89,5234
112.9,5232
112.91,5231
113.0,5229
113.01,5228
113.02,5225
113.27,5224
113.29,5223
113.39,5222
113.63,5221
113.82,5219
113.84,5217
113.85,5216
113.86,5215
113.89,5214
113.95,5213
113.99,5212
114.0,5210
114.26,5209
114.56,5208
114.81,5207
114.84,5206
114.85,5205
114.9,5203
115.02,5202
115.03,5201
115.04,5200
115.06,5197
115.07,5195
115.11,5193
115.24,5192
115.58,5191
115.8,5190
115.84,5188
115.92,5187
115.99,5186
116.21,5185
116.23,5183
116.35,5182
116.36,5181
116.37,5179
116.43,5178
116.45,5177
116.73,5176
116.74,5175
116.75,5174
116.77,5173
116.86,5170
116.94,5169
116.97,5168
117.2,5167
117.21,5166
117.26,5165
117.28,5163
117.34,5162
117.35,5161
117.37,5160
117.41,5159
117.42,5158
117.43,5157
117.44,5156
117.46,5154
117.49,5153
117.51,5152
117.52,5150
117.77,5149
117.79,5148
117.82,5146
117.87,5145
117.89,5144
117.91,5142
117.92,5141
117.96,5140
117.97,5138
117.99,5137
118.02,5136
118.04,5134
118.05,5133
118.33,5132
118.35,5131
118.41,5130
118.43,5128
118.44,5127
118.45,5126
118.46,5125
118.53,5124
118.54,5123
119.04,5122
119.21,5121
119.23,5120
119.28,5119
119.55,5118
119.56,5117
119.62,5115
119.72,5114
119.85,5113
119.86,5112
119.92,5110
119.93,5109
119.97,5108
120.31,5107
120.49,5105
120.51,5103
120.56,5100
120.63,5099
120.65,5098
120.85,5097
120.87,5096
120.97,5095
120.99,5093
121.12,5092
121.22,5091
121.23,5089
121.27,5088
121.3,5087
121.56,5086
121.58,5085
121.59,5084
121.61,5083
121.65,5081
122.1,5080
122.11,5079
122.14,5078
122.15,5076
122.54,5075
122.6,5074
122.62,5073
122.65,5072
122.66,5071
122.67,5069
122.7,5067
122.71,5065
122.95,5064
122.99,5063
123.02,5062
123.05,5061
123.08,5060
123.41,5059
123.43,5058
123.46,5056
123.49,5054
123.51,5053
123.52,5052
123.55,5051
123.56,5050
123.57,5048
123.66,5046
123.7,5045
123.76,5043
123.81,5041
123.83,5040
124.1,5039
124.26,5038
124.27,5037
124.29,5036
124.3,5035
124.31,5034
124.32,5033
124.68,5031
124.69,5030
124.78,5029
124.8,5028
124.81,5027
124.83,5025
124.84,5024
124.86,5023
125.13,5022
125.14,5021
125.25,5020
125.31,5019
125.34,5018
125.37,5017
125.42,5016
125.5,5014
125.69,5013
125.73,5012
125.74,5010
125.86,5009
125.87,5008
126.44,5007
126.56,5006
126.63,5005
126.64,5004
126.7,5002
126.71,5001
127.13,5000
127.14,4999
127.45,4998
127.84,4997
127.85,4996
128.08,4995
128.11,4994
128.12,4993
128.19,4992
128.21,4991
128.38,4989
128.39,4988
128.41,4985
128.42,4984
128.45,4983
128.53,4982
128.66,4980
128.69,4979
128.72,4978
128.81,4977
128.82,4976
128.91,4975
128.94,4974
128.96,4973
128.98,4972
129.01,4971
129.06,4970
129.59,4969
129.6,4968
129.61,4967
129.63,4966
129.72,4965
129.73,4964
129.77,4963
129.83,4962
129.91,4960
129.93,4959
129.95,4958
130.0,4957
130.09,4956
130.11,4955
130.22,4954
130.24,4953
130.25,4950
130.27,4949
130.28,4948
130.32,4947
130.33,4946
130.35,4945
130.41,4944
130.42,4943
130.43,4942
131.54,4941
131.57,4940
131.6,4939
131.88,4938
131.89,4937
131.94,4936
131.95,4935
132.03,4934
132.17,4933
132.24,4932
132.42,4930
132.61,4929
132.78,4928
132.8,4927
133.02,4926
133.16,4925
133.24,4924
133.29,4923
133.53,4922
133.54,4921
133.58,4919
134.06,4918
134.07,4917
134.08,4916
134.1,4915
134.38,4914
134.63,4913
134.75,4912
135.04,4911
135.05,4910
135.27,4909
135.34,4908
136.03,4907
136.05,4906
136.06,4905
136.18,4904
136.98,4903
137.07,4902
137.23,4901
137.26,4900
137.33,4899
137.35,4898
137.46,4897
137.55,4896
137.56,4895
137.61,4894
137.66,4893
138.04,4892
138.75,4891
138.81,4890
138.95,4889
139.19,4888
139.64,4887
139.92,4886
139.95,4885
139.99,4884
140.15,4883
140.16,4882
140.17,4880
140.2,4879
140.25,4878
140.3,4877
140.68,4876
140.82,4875
140.98,4874
141.25,4873
141.47,4872
141.49,4871
141.51,4870
141.73,4869
141.8,4868
141.81,4867
141.89,4866
141.9,4865
142.59,4864
142.66,4863
142.67,4862
142.73,4861
143.61,4860
143.64,4859
143.67,4858
143.94,4857
143.96,4856
144.65,4855
145.17,4854
145.25,4853
145.59,4852
145.64,4851
145.67,4850
145.69,4849
145.85,4848
145.88,4847
145.91,4846
145.93,4845
145.94,4844
146.19,4843
146.27,4842
146.33,4841
146.43,4840
146.69,4839
146.71,4838
147.19,4837
147.52,4836
148.05,4835
148.27,4834
148.43,4833
148.47,4832
148.62,4831
148.68,4830
148.79,4829
148.83,4828
148.85,4827
149.27,4826
149.61,4825
149.64,4824
149.97,4823
149.98,4822
150.01,4821
150.32,4820
150.4,4819
150.53,4818
150.6,4817
150.64,4816
150.93,4815
150.99,4814
151.04,4813
151.19,4812
151.72,4811
151.87,4810
152.09,4809
152.12,4808
152.58,4807
152.72,4806
153.05,4805
153.07,4804
153.19,4803
153.31,4802
153.43,4801
153.46,4800
153.88,4799
153.94,4798
154.15,4797
154.48,4796
154.56,4795
154.57,4794
155.35,4793
155.39,4792
155.41,4791
155.67,4790
155.92,4789
155.93,4788
156.01,4787
156.05,4786
156.2,4785
156.26,4783
156.89,4782
156.92,4781
157.26,4780
157.3,4779
157.73,4778
157.83,4777
158.16,4776
158.34,4775
158.39,4774
158.42,4773
158.77,4772
159.1,4771
159.11,4770
159.15,4769
159.79,4767
160.19,4766
160.42,4765
160.5,4764
161.51,4763
161.68,4762
161.98,4761
162.07,4760
162.08,4759
162.2,4758
162.79,4757
163.34,4756
163.37,4755
163.72,4754
164.41,4753
164.42,4752
165.14,4751
165.63,4750
165.65,4749
165.75,4747
166.16,4746
166.71,4745
167.44,4744
168.11,4743
168.27,4742
168.8,4741
169.27,4740
169.35,4739
169.44,4738
169.99,4737
170.25,4736
170.67,4735
171.36,4734
171.73,4733
171.88,4732
172.13,4731
172.25,4730
172.39,4729
172.45,4728
174.19,4727
175.97,4726
176.63,4725
177.28,4724
177.5,4723
178.6,4722
178.74,4721
178.91,4720
178.92,4719
179.59,4718
179.82,4717
180.44,4716
181.78,4715
182.54,4714
182.68,4713
183.02,4712
184.0,4711
184.08,4710
184.64,4709
186.47,4708
187.38,4707
187.84,4706
188.87,4705
189.87,4704
190.0,4703
190.78,4702
191.04,4701
191.22,4700
191.35,4699
192.38,4698
192.4,4697
194.58,4696
197.04,4695
197.14,4694
197.62,4693
197.82,4692
198.83,4691
199.7,4690
201.05,4689
201.56,4688
202.48,4687
202.77,4686
203.19,4685
205.63,4684
206.18,4683
207.34,4682
207.48,4681
207.57,4680
209.69,4679
210.79,4678
210.83,4677
212.24,4676
213.01,4675
214.71,4674
214.76,4673
214.91,4672
216.17,4671
218.44,4670
218.68,4669
219.5,4668
219.65,4667
221.17,4666
221.71,4665
222.82,4664
223.62,4663
224.63,4662
224.66,4661
227.19,4660
227.47,4659
228.24,4658
231.34,4657
231.83,4656
234.05,4655
234.81,4654
235.63,4653
237.03,4652
243.38,4651
243.55,4650
243.74,4649
244.17,4648
245.63,4647
245.71,4646
246.07,4645
246.77,4644
248.2,4643
249.52,4642
249.59,4641
249.62,4640
250.19,4639
250.63,4638
250.79,4637
254.1,4636
254.53,4635
255.04,4633
258.0,4632
259.26,4631
260.34,4630
260.97,4629
262.45,4628
263.33,4627
265.18,4626
265.57,4625
268.14,4624
270.36,4623
270.65,4622
271.31,4620
274.45,4619
275.42,4618
275.97,4617
277.59,4616
278.56,4615
283.58,4614
287.65,4613
287.75,4612
288.41,4611
288.65,4610
290.94,4609
295.52,4608
296.57,4607
300.37,4606
303.73,4605
303.81,4604
315.92,4603
325.57,4602
328.35,4601
331.32,4600
333.11,4599
333.75,4598
335.37,4597
337.62,4596
337.75,4595
338.14,4594
338.35,4593
342.72,4592
343.81,4591
344.02,4590
346.09,4589
348.46,4588
350.86,4587
351.32,4586
359.61,4584
371.07,4583
372.84,4582
378.22,4581
379.51,4580
380.27,4579
383.12,4578
395.65,4577
396.25,4576
401.64,4575
402.16,4574
409.04,4573
409.27,4572
415.19,4571
424.35,4570
431.62,4569
441.12,4568
448.31,4567
449.67,4566
459.98,4565
462.27,4564
464.71,4563
477.44,4562
480.74,4561
484.31,4560
494.78,4559
566.38,4558
