0.0,2
0.01,4
0.02,6
0.03,5
0.04,8
0.05,10
0.06,12
0.07,14
0.08,16
0.09,18
0.1,17
0.11,20
0.12,22
0.13,24
0.14,26
0.15,28
0.16,30
0.17,32
0.18,27
0.19,34
0.2,36
0.21,38
0.22,40
0.23,42
0.24,44
0.25,46
0.26,31
0.27,48
0.28,50
0.29,52
0.3,54
0.31,56
0.32,58
0.33,58
0.34,36
0.35,62
0.36,64
0.37,66
0.38,68
0.39,70
0.4,72
0.41,57
0.42,74
0.43,76
0.44,78
0.45,80
0.46,82
0.47,83
0.48,84
0.49,79
0.5,88
0.51,90
0.52,92
0.53,94
0.54,96
0.55,97
0.56,97
0.57,83
0.58,102
0.59,104
0.6,106
0.61,108
0.62,109
0.63,110
0.64,96
0.65,114
0.66,116
0.67,118
0.68,120
0.69,122
0.7,123
0.71,119
0.72,66
0.73,128
0.74,130
0.75,132
0.76,134
0.77,135
0.78,129
0.79,83
0.8,140
0.81,142
0.82,144
0.83,146
0.84,147
0.85,147
0.86,123
0.87,152
0.88,154
0.89,156
0.9,158
0.91,160
0.92,161
0.93,153
0.94,102
0.95,166
0.96,168
0.97,170
0.98,172
0.99,173
1.0,175
1.01,162
1.02,16
1.03,180
1.04,182
1.05,184
1.06,186
1.07,187
1.08,187
1.09,172
1.1,99
1.11,194
1.12,196
1.13,198
1.14,200
1.15,201
1.16,196
1.17,136
1.18,206
1.19,208
1.2,210
1.21,212
1.22,213
1.23,213
1.24,195
1.25,218
1.26,220
1.27,222
1.28,224
1.29,226
1.3,227
1.31,215
1.32,141
1.33,232
1.34,234
1.35,236
1.36,238
1.37,239
1.38,238
1.39,140
1.4,244
1.41,246
1.42,248
1.43,250
1.44,251
1.45,237
1.46,152
1.47,256
1.48,258
1.49,260
1.5,262
1.51,263
1.52,262
1.53,227
1.54,268
1.55,270
1.56,272
1.57,274
1.58,276
1.59,277
1.6,253
1.61,150
1.62,282
1.63,284
1.64,286
1.65,288
1.66,289
1.67,267
1.68,126
1.69,294
1.7,296
1.71,298
1.72,300
1.73,301
1.74,290
1.75,185
1.76,306
1.77,308
1.78,310
1.79,312
1.8,313
1.81,310
1.82,244
1.83,318
1.84,320
1.85,322
1.86,324
1.87,325
1.88,321
1.89,247
1.9,330
1.91,332
1.92,334
1.93,336
1.94,337
1.95,335
1.96,280
1.97,342
1.98,344
1.99,346
2.0,348
2.01,350
2.02,351
2.03,317
2.04,139
2.05,356
2.06,358
2.07,360
2.08,362
2.09,363
2.1,329
2.11,194
2.12,368
2.13,370
2.14,372
2.15,374
2.16,374
2.17,327
2.18,378
2.19,380
2.2,382
2.21,384
2.22,385
2.23,382
2.24,327
2.25,390
2.26,392
2.27,394
2.28,396
2.29,398
2.3,398
2.31,356
2.32,28
2.33,404
2.34,406
2.35,408
2.36,410
2.37,411
2.38,368
2.39,37
2.4,416
2.41,418
2.42,420
2.43,422
2.44,422
2.45,349
2.46,426
2.47,428
2.48,430
2.49,432
2.5,433
2.51,430
2.52,325
2.53,438
2.54,440
2.55,442
2.56,444
2.57,442
2.58,331
2.59,448
2.6,450
2.61,452
2.62,454
2.63,455
2.64,412
2.65,65
2.66,460
2.67,462
2.68,464
2.69,465
2.7,450
2.71,280
2.72,470
2.73,472
2.74,474
2.75,476
2.76,477
2.77,424
2.78,480
2.79,482
2.8,484
2.81,486
2.82,487
2.83,472
2.84,275
2.85,492
2.86,494
2.87,496
2.88,498
2.89,496
2.9,420
2.91,502
2.92,504
2.93,506
2.94,508
2.95,509
2.96,495
2.97,285
2.98,514
2.99,516
3.0,518
3.01,520
3.02,521
3.03,516
3.04,391
3.05,526
3.06,528
3.07,530
3.08,532
3.09,533
3.1,530
3.11,443
3.12,538
3.13,540
3.14,542
3.15,544
3.16,545
3.17,540
3.18,394
3.19,550
3.2,552
3.21,554
3.22,556
3.23,557
3.24,546
3.25,412
3.26,562
3.27,564
3.28,566
3.29,568
3.3,569
3.31,561
3.32,417
3.33,574
3.34,576
3.35,578
3.36,580
3.37,581
3.38,562
3.39,341
3.4,586
3.41,588
3.42,590
3.43,592
3.44,593
3.45,546
3.46,287
3.47,598
3.48,600
3.49,602
3.5,604
3.51,605
3.52,596
3.53,401
3.54,610
3.55,612
3.56,614
3.57,616
3.58,617
3.59,602
3.6,460
3.61,622
3.62,624
3.63,626
3.64,628
3.65,630
3.66,625
3.67,525
3.68,634
3.69,636
3.7,638
3.71,640
3.72,642
3.73,639
3.74,500
3.75,646
3.76,648
3.77,650
3.78,652
3.79,653
3.8,640
3.81,456
3.82,658
3.83,660
3.84,662
3.85,664
3.86,665
3.87,597
3.88,668
3.89,670
3.9,672
3.91,674
3.92,675
3.93,664
3.94,510
3.95,680
3.96,682
3.97,684
3.98,686
3.99,687
4.0,643
4.01,414
4.02,692
4.03,694
4.04,696
4.05,698
4.06,699
4.07,693
4.08,598
4.09,703
4.1,705
4.11,707
4.12,709
4.13,711
4.14,712
4.15,683
4.16,477
4.17,717
4.18,719
4.19,721
4.2,723
4.21,725
4.22,722
4.23,621
4.24,729
4.25,731
4.26,733
4.27,735
4.28,737
4.29,736
4.3,630
4.31,741
4.32,743
4.33,745
4.34,747
4.35,749
4.36,750
4.37,693
4.38,210
4.39,755
4.4,757
4.41,759
4.42,760
4.43,691
4.44,763
4.45,765
4.46,767
4.47,769
4.48,770
4.49,756
4.5,555
4.51,775
4.52,777
4.53,779
4.54,781
4.55,782
4.56,743
4.57,401
4.58,787
4.59,789
4.6,791
4.61,793
4.62,794
4.63,762
4.64,488
4.65,799
4.66,801
4.67,803
4.68,805
4.69,806
4.7,763
4.71,497
4.72,811
4.73,813
4.74,815
4.75,817
4.76,818
4.77,753
4.78,363
4.79,823
4.8,825
4.81,827
4.82,829
4.83,826
4.84,681
4.85,833
4.86,835
4.87,837
4.88,839
4.89,840
4.9,825
4.91,582
4.92,845
4.93,847
4.94,849
4.95,851
4.96,851
4.97,761
4.98,119
4.99,857
5.0,859
5.01,861
5.02,863
5.03,864
5.04,683
5.05,867
5.06,869
5.07,871
5.08,873
5.09,874
5.1,869
5.11,708
5.12,879
5.13,881
5.14,883
5.15,885
5.16,886
5.17,882
5.18,771
5.19,50
5.2,893
5.21,895
5.22,897
5.23,899
5.24,900
5.25,821
5.26,96
5.27,905
5.28,907
5.29,909
5.3,911
5.31,912
5.32,808
5.33,915
5.34,917
5.35,919
5.36,921
5.37,923
5.38,902
5.39,697
5.4,927
5.41,929
5.42,931
5.43,933
5.44,933
5.45,827
5.46,937
5.47,939
5.48,941
5.49,943
5.5,943
5.51,863
5.52,129
5.53,949
5.54,951
5.55,953
5.56,953
5.57,909
5.58,571
5.59,959
5.6,961
5.61,963
5.62,964
5.63,940
5.64,564
5.65,969
5.66,971
5.67,973
5.68,974
5.69,970
5.7,802
5.71,979
5.72,981
5.73,983
5.74,985
5.75,985
5.76,942
5.77,584
5.78,991
5.79,993
5.8,995
5.81,996
5.82,979
5.83,618
5.84,1001
5.85,1003
5.86,1005
5.87,1006
5.88,1001
5.89,804
5.9,1011
5.91,1013
5.92,1015
5.93,1017
5.94,1017
5.95,993
5.96,700
5.97,1023
5.98,1025
5.99,1027
6.0,1029
6.01,1029
6.02,937
6.03,587
6.04,1035
6.05,1037
6.06,1039
6.07,1041
6.08,1041
6.09,1021
6.1,749
6.11,1047
6.12,1049
6.13,1051
6.14,1053
6.15,1023
6.16,750
6.17,1057
6.18,1059
6.19,1061
6.2,1063
6.21,1063
6.22,1043
6.23,716
6.24,1069
6.25,1071
6.26,1073
6.27,1075
6.28,1075
6.29,1021
6.3,605
6.31,1081
6.32,1083
6.33,1085
6.34,1087
6.35,1087
6.36,1061
6.37,815
6.38,1093
6.39,1095
6.4,1097
6.41,1099
6.42,1098
6.43,1000
6.44,308
6.45,1105
6.46,1107
6.47,1109
6.48,1110
6.49,1101
6.5,831
6.51,1115
6.52,1117
6.53,1119
6.54,1121
6.55,1120
6.56,1047
6.57,230
6.58,1127
6.59,1129
6.6,1131
6.61,1131
6.62,1096
6.63,766
6.64,1137
6.65,1139
6.66,1141
6.67,1143
6.68,1142
6.69,1058
6.7,280
6.71,1149
6.72,1151
6.73,1153
6.74,1154
6.75,1147
6.76,838
6.77,1159
6.78,1161
6.79,1163
6.8,1164
6.81,1153
6.82,955
6.83,1169
6.84,1171
6.85,1173
6.86,1175
6.87,1174
6.88,1011
6.89,29
6.9,1181
6.91,1183
6.92,1185
6.93,1186
6.94,1177
6.95,960
6.96,1191
6.97,1193
6.98,1195
6.99,1197
7.0,1198
7.01,1171
7.02,945
7.03,1203
7.04,1205
7.05,1207
7.06,1209
7.07,1210
7.08,1185
7.09,929
7.1,1215
7.11,1217
7.12,1219
7.13,1221
7.14,1221
7.15,1181
7.16,715
7.17,1227
7.18,1229
7.19,1231
7.2,1233
7.21,1232
7.22,1193
7.23,817
7.24,1239
7.25,1241
7.26,1243
7.27,1244
7.28,1231
7.29,738
7.3,1249
7.31,1251
7.32,1253
7.33,1255
7.34,1254
7.35,1160
7.36,95
7.37,1261
7.38,1263
7.39,1265
7.4,1265
7.41,1226
7.42,912
7.43,1271
7.44,1273
7.45,1275
7.46,1277
7.47,1277
7.48,1243
7.49,831
7.5,1283
7.51,1285
7.52,1287
7.53,1289
7.54,1287
7.55,1201
7.56,350
7.57,1295
7.58,1297
7.59,1299
7.6,1300
7.61,1292
7.62,1078
7.63,1305
7.64,1307
7.65,1309
7.66,1311
7.67,1312
7.68,1295
7.69,966
7.7,1317
7.71,1319
7.72,1321
7.73,1323
7.74,1321
7.75,1218
7.76,408
7.77,1329
7.78,1331
7.79,1333
7.8,1334
7.81,1329
7.82,1105
7.83,1339
7.84,1341
7.85,1343
7.86,1345
7.87,1343
7.88,1183
7.89,331
7.9,1351
7.91,1353
7.92,1355
7.93,1356
7.94,1345
7.95,1125
7.96,1361
7.97,1363
7.98,1365
7.99,1367
8.0,1367
8.01,1330
8.02,986
8.03,1373
8.04,1375
8.05,1377
8.06,1379
8.07,1380
8.08,1347
8.09,966
8.1,1385
8.11,1387
8.12,1389
8.13,1391
8.14,1391
8.15,1336
8.16,959
8.17,1397
8.18,1399
8.19,1401
8.2,1403
8.21,1401
8.22,1321
8.23,588
8.24,1409
8.25,1411
8.26,1413
8.27,1415
8.28,1413
8.29,1245
8.3,321
8.31,1421
8.32,1423
8.33,1425
8.34,1426
8.35,1385
8.36,1043
8.37,1431
8.38,1433
8.39,1435
8.4,1436
8.41,1427
8.42,1166
8.43,1441
8.44,1443
8.45,1445
8.46,1446
8.47,1443
8.48,1263
8.49,347
8.5,1453
8.51,1455
8.52,1457
8.53,1457
8.54,1344
8.55,622
8.56,1463
8.57,1465
8.58,1467
8.59,1468
8.6,1457
8.61,1169
8.62,1473
8.63,1475
8.64,1477
8.65,1479
8.66,1475
8.67,1200
8.68,7
8.69,1485
8.7,1487
8.71,1489
8.72,1485
8.73,1397
8.74,873
8.75,1495
8.76,1497
8.77,1499
8.78,1500
8.79,1479
8.8,1141
8.81,1505
8.82,1507
8.83,1509
8.84,1511
8.85,1497
8.86,1210
8.87,1515
8.88,1517
8.89,1519
8.9,1520
8.91,1397
8.92,94
8.93,1525
8.94,1527
8.95,1529
8.96,1523
8.97,1277
8.98,1533
8.99,1535
9.0,1537
9.01,1539
9.02,1538
9.03,1489
9.04,1048
9.05,1545
9.06,1547
9.07,1549
9.08,1551
9.09,1550
9.1,1512
9.11,1023
9.12,1557
9.13,1559
9.14,1561
9.15,1563
9.16,1561
9.17,1514
9.18,1130
9.19,1569
9.2,1571
9.21,1573
9.22,1575
9.23,1573
9.24,1506
9.25,960
9.26,1581
9.27,1583
9.28,1585
9.29,1586
9.3,1563
9.31,1214
9.32,1591
9.33,1593
9.34,1595
9.35,1597
9.36,1570
9.37,1073
9.38,1601
9.39,1603
9.4,1605
9.41,1607
9.42,1601
9.43,1215
9.44,1611
9.45,1613
9.46,1614
9.47,1616
9.48,1613
9.49,1513
9.5,503
9.51,1622
9.52,1624
9.53,1626
9.54,1627
9.55,1556
9.56,1033
9.57,1632
9.58,1634
9.59,1636
9.6,1630
9.61,1336
9.62,1640
9.63,1642
9.64,1644
9.65,1646
9.66,1639
9.67,1352
9.68,1650
9.69,1652
9.7,1654
9.71,1656
9.72,1640
9.73,1308
9.74,1660
9.75,1662
9.76,1664
9.77,1666
9.78,1652
9.79,1266
9.8,1670
9.81,1672
9.82,1674
9.83,1675
9.84,1629
9.85,1099
9.86,1680
9.87,1682
9.88,1684
9.89,1685
9.9,1671
9.91,1317
9.92,1690
9.93,1692
9.94,1694
9.95,1695
9.96,1675
9.97,1189
9.98,1700
9.99,1702
10.0,1704
10.01,1706
10.02,1688
10.03,1299
10.04,1710
10.05,1712
10.06,1714
10.07,1711
10.08,1617
10.09,68
10.1,1720
10.11,1722
10.12,1724
10.13,1718
10.14,1440
10.15,1728
10.16,1730
10.17,1732
10.18,1733
10.19,1707
10.2,1223
10.21,1738
10.22,1740
10.23,1742
10.24,1743
10.25,1694
10.26,786
10.27,1748
10.28,1750
10.29,1752
10.3,1749
10.31,1662
10.32,609
10.33,1758
10.34,1760
10.35,1762
10.36,1756
10.37,1549
10.38,38
10.39,1768
10.4,1770
10.41,1772
10.42,1762
10.43,1348
10.44,1776
10.45,1778
10.46,1780
10.47,1781
10.48,865
10.49,1784
10.5,1786
10.51,1788
10.52,1782
10.53,125
10.54,1792
10.55,1794
10.56,1795
10.57,1735
10.58,501
10.59,1800
10.6,1802
10.61,1804
10.62,1787
10.63,1097
10.64,1808
10.65,1810
10.66,1796
10.67,1264
10.68,1814
10.69,1816
10.7,1818
10.71,1816
10.72,1648
10.73,1822
10.74,1824
10.75,1826
10.76,1809
10.77,1185
10.78,1830
10.79,1832
10.8,1834
10.81,1828
10.82,1514
10.83,1838
10.84,1840
10.85,1842
10.86,1838
10.87,1653
10.88,1846
10.89,1848
10.9,1850
10.91,1844
10.92,1617
10.93,1854
10.94,1856
10.95,1858
10.96,1852
10.97,1530
10.98,1862
10.99,1864
11.0,1866
11.01,1860
11.02,1594
11.03,1870
11.04,1872
11.05,1874
11.06,1875
11.07,1815
11.08,1878
11.09,1880
11.1,1882
11.11,1883
11.12,1829
11.13,970
11.14,1888
11.15,1890
11.16,1891
11.17,1830
11.18,823
11.19,1896
11.2,1898
11.21,1899
11.22,1870
11.23,1285
11.24,1904
11.25,1906
11.26,1908
11.27,1908
11.28,1791
11.29,418
11.3,1914
11.31,1916
11.32,1918
11.33,1900
11.34,1380
11.35,1922
11.36,1924
11.37,1926
11.38,1923
11.39,1803
11.4,552
11.41,1932
11.42,1934
11.43,1936
11.44,1887
11.45,1066
11.46,1940
11.47,1942
11.48,1944
11.49,1942
11.5,1726
11.51,1948
11.52,1950
11.53,1952
11.54,1952
11.55,1896
11.56,402
11.57,1958
11.58,1960
11.59,1962
11.6,1955
11.61,1580
11.62,1966
11.63,1968
11.64,1970
11.65,1970
11.66,1897
11.67,1071
11.68,1976
11.69,1978
11.7,1980
11.71,1972
11.72,1535
11.73,1984
11.74,1986
11.75,1988
11.76,1985
11.77,1890
11.78,308
11.79,1994
11.8,1996
11.81,1996
11.82,1847
11.83,94
11.84,2002
11.85,2004
11.86,2004
11.87,1732
11.88,2008
11.89,2010
11.9,2012
11.91,2008
11.92,1839
11.93,2016
11.94,2018
11.95,2020
11.96,1992
11.97,721
11.98,2024
11.99,2026
12.0,2026
12.01,1953
12.02,1274
12.03,2032
12.04,2034
12.05,2033
12.06,1891
12.07,535
12.08,2040
12.09,2042
12.1,2044
12.11,2037
12.12,1612
12.13,2048
12.14,2050
12.15,2052
12.16,2044
12.17,1505
12.18,2056
12.19,2058
12.2,2060
12.21,2057
12.22,1931
12.23,187
12.24,2066
12.25,2068
12.26,2068
12.27,1805
12.28,2072
12.29,2074
12.3,2076
12.31,2069
12.32,1533
12.33,2080
12.34,2082
12.35,2084
12.36,2084
12.37,1924
12.38,364
12.39,2090
12.4,2092
12.41,2094
12.42,2076
12.43,1428
12.44,2098
12.45,2100
12.46,2102
12.47,2023
12.48,576
12.49,2106
12.5,2108
12.51,2110
12.52,2101
12.53,1239
12.54,2114
12.55,2116
12.56,2118
12.57,2111
12.58,1612
12.59,2122
12.6,2124
12.61,2126
12.62,2125
12.63,1989
12.64,8
12.65,2132
12.66,2134
12.67,2133
12.68,1976
12.69,264
12.7,2140
12.71,2142
12.72,2142
12.73,1947
12.74,2146
12.75,2148
12.76,2150
12.77,2143
12.78,1610
12.79,2154
12.8,2156
12.81,2158
12.82,2148
12.83,511
12.84,2162
12.85,2164
12.86,2166
12.87,2142
12.88,1106
12.89,2170
12.9,2172
12.91,2174
12.92,2150
12.93,1470
12.94,2178
12.95,2180
12.96,2182
12.97,2169
12.98,1079
12.99,2186
13.0,2188
13.01,2190
13.02,2181
13.03,1585
13.04,2194
13.05,2196
13.06,2198
13.07,2198
13.08,2122
13.09,401
13.1,2204
13.11,2206
13.12,2208
13.13,2193
13.14,1106
13.15,2212
13.16,2214
13.17,2216
13.18,2202
13.19,1393
13.2,2220
13.21,2222
13.22,2224
13.23,2223
13.24,2124
13.25,495
13.26,2230
13.27,2232
13.28,2234
13.29,2223
13.3,1675
13.31,2238
13.32,2240
13.33,2242
13.34,2222
13.35,1617
13.36,2246
13.37,2248
13.38,2250
13.39,2246
13.4,2090
13.41,96
13.42,2256
13.43,2258
13.44,2258
13.45,1705
13.46,2262
13.47,2264
13.48,2266
13.49,2259
13.5,1875
13.51,2270
13.52,2272
13.53,2274
13.54,2273
13.55,2070
13.56,303
13.57,2280
13.58,2282
13.59,2282
13.6,2225
13.61,730
13.62,2288
13.63,2290
13.64,2292
13.65,2279
13.66,1792
13.67,2296
13.68,2298
13.69,2300
13.7,2300
13.71,2276
13.72,1359
13.73,2306
13.74,2308
13.75,2310
13.76,2304
13.77,1994
13.78,2314
13.79,2316
13.8,2318
13.81,2316
13.82,2126
13.83,2322
13.84,2324
13.85,2326
13.86,2322
13.87,2168
13.88,284
13.89,2332
13.9,2334
13.91,2333
13.92,2200
13.93,656
13.94,2340
13.95,2342
13.96,2342
13.97,2244
13.98,501
13.99,2348
14.0,2350
14.01,2352
14.02,2331
14.03,1386
14.04,2356
14.05,2358
14.06,2360
14.07,2354
14.08,1884
14.09,2364
14.1,2366
14.11,2368
14.12,2367
14.13,2154
14.14,2372
14.15,2374
14.16,2376
14.17,2366
14.18,1506
14.19,2380
14.2,2382
14.21,2384
14.22,2364
14.23,1368
14.24,2388
14.25,2390
14.26,2392
14.27,2316
14.28,600
14.29,2396
14.3,2398
14.31,2400
14.32,2389
14.33,1636
14.34,2404
14.35,2406
14.36,2408
14.37,2406
14.38,1172
14.39,2412
14.4,2414
14.41,2414
14.42,2317
14.43,804
14.44,2420
14.45,2422
14.46,2424
14.47,2413
14.48,2038
14.49,2428
14.5,2430
14.51,2432
14.52,2394
14.53,1404
14.54,2436
14.55,2438
14.56,2440
14.57,2429
14.58,358
14.59,2444
14.6,2446
14.61,2448
14.62,2409
14.63,1406
14.64,2452
14.65,2454
14.66,2456
14.67,2346
14.68,766
14.69,2460
14.7,2462
14.71,2464
14.72,2444
14.73,1317
14.74,2468
14.75,2470
14.76,2472
14.77,2451
14.78,1516
14.79,2476
14.8,2478
14.81,2480
14.82,2401
14.83,1238
14.84,2484
14.85,2486
14.86,2488
14.87,2476
14.88,1712
14.89,2492
14.9,2494
14.91,2496
14.92,2488
14.93,2218
14.94,184
14.95,2502
14.96,2504
14.97,2504
14.98,2308
14.99,638
15.0,2510
15.01,2512
15.02,2512
15.03,2476
15.04,2516
15.05,2518
15.06,2520
15.07,2520
15.08,2498
15.09,1280
15.1,2526
15.11,2528
15.12,2530
15.13,2517
15.14,1917
15.15,2534
15.16,2536
15.17,2538
15.18,2537
15.19,2429
15.2,531
15.21,2544
15.22,2546
15.23,2548
15.24,2530
15.25,1504
15.26,2552
15.27,2554
15.28,2556
15.29,2547
15.3,1952
15.31,2560
15.32,2562
15.33,2564
15.34,2551
15.35,1613
15.36,2568
15.37,2570
15.38,2572
15.39,2555
15.4,1407
15.41,2576
15.42,2578
15.43,2580
15.44,2571
15.45,2026
15.46,2584
15.47,2586
15.48,2588
15.49,2574
15.5,2164
15.51,2592
15.52,2594
15.53,2594
15.54,2571
15.55,1374
15.56,2600
15.57,2602
15.58,2604
15.59,2231
15.6,143
15.61,2608
15.62,2610
15.63,2609
15.64,2388
15.65,2614
15.66,2616
15.67,2618
15.68,2615
15.69,1928
15.7,2622
15.71,2624
15.72,2626
15.73,2611
15.74,1521
15.75,2630
15.76,2632
15.77,2634
15.78,2618
15.79,2124
15.8,2638
15.81,2640
15.82,2642
15.83,2638
15.84,2496
15.85,306
15.86,2648
15.87,2650
15.88,2648
15.89,2602
15.9,805
15.91,2656
15.92,2658
15.93,2658
15.94,2575
15.95,418
15.96,2664
15.97,2666
15.98,2638
15.99,1712
16.0,2670
16.01,2672
16.02,2674
16.03,2656
16.04,1081
16.05,2678
16.06,2680
16.07,2682
16.08,2656
16.09,1768
16.1,2686
16.11,2688
16.12,2690
16.13,2685
16.14,2591
16.15,1372
16.16,2696
16.17,2698
16.18,2700
16.19,2685
16.2,1807
16.21,2704
16.22,2706
16.23,2708
16.24,2693
16.25,2229
16.26,2712
16.27,2714
16.28,2716
16.29,2713
16.3,2575
16.31,2720
16.32,2722
16.33,2724
16.34,2720
16.35,2493
16.36,426
16.37,2730
16.38,2732
16.39,2732
16.4,2702
16.41,1500
16.42,2738
16.43,2740
16.44,2742
16.45,2727
16.46,2181
16.47,2746
16.48,2748
16.49,2750
16.5,2742
16.51,1636
16.52,2754
16.53,2756
16.54,2758
16.55,2742
16.56,2197
16.57,2762
16.58,2764
16.59,2766
16.6,2701
16.61,993
16.62,2770
16.63,2772
16.64,2772
16.65,2732
16.66,1226
16.67,2778
16.68,2780
16.69,2780
16.7,1633
16.71,2784
16.72,2786
16.73,2786
16.74,2532
16.75,408
16.76,2792
16.77,2794
16.78,2784
16.79,2460
16.8,2798
16.81,2800
16.82,2802
16.83,2783
16.84,2194
16.85,2806
16.86,2808
16.87,2810
16.88,2791
16.89,1773
16.9,2814
16.91,2816
16.92,2818
16.93,2796
16.94,1755
16.95,2822
16.96,2824
16.97,2802
16.98,1169
16.99,2828
17.0,2830
17.01,2832
17.02,2804
17.03,635
17.04,2836
17.05,2838
17.06,2835
17.07,2745
17.08,814
17.09,2844
17.1,2846
17.11,2848
17.12,2826
17.13,2185
17.14,2852
17.15,2854
17.16,2856
17.17,2851
17.18,2736
17.19,1254
17.2,2862
17.21,2864
17.22,2866
17.23,2827
17.24,1679
17.25,2870
17.26,2872
17.27,2874
17.28,2783
17.29,1097
17.3,2878
17.31,2880
17.32,2882
17.33,2831
17.34,1069
17.35,2886
17.36,2888
17.37,2887
17.38,2842
17.39,1852
17.4,2894
17.41,2896
17.42,2898
17.43,2879
17.44,2489
17.45,2902
17.46,2904
17.47,2906
17.48,2905
17.49,2794
17.5,1043
17.51,2912
17.52,2914
17.53,2916
17.54,2895
17.55,1530
17.56,2920
17.57,2922
17.58,2924
17.59,2908
17.6,2323
17.61,2928
17.62,2930
17.63,2932
17.64,2924
17.65,2227
17.66,2936
17.67,2938
17.68,2940
17.69,2933
17.7,1123
17.71,2944
17.72,2946
17.73,2945
17.74,2851
17.75,741
17.76,2952
17.77,2954
17.78,2689
17.79,2956
17.8,2958
17.81,2960
17.82,2937
17.83,2962
17.84,2964
17.85,2966
17.86,2959
17.87,2645
17.88,2970
17.89,2972
17.9,2974
17.91,2969
17.92,2737
17.93,8
17.94,2980
17.95,2982
17.96,2975
17.97,2161
17.98,2986
17.99,2988
18.0,2990
18.01,2943
18.02,846
18.03,2994
18.04,2996
18.05,2989
18.06,2745
18.07,800
18.08,3002
18.09,3004
18.1,3006
18.11,2957
18.12,1682
18.13,3010
18.14,3012
18.15,3014
18.16,2997
18.17,2633
18.18,617
18.19,3020
18.2,3022
18.21,3021
18.22,2896
18.23,1073
18.24,3028
18.25,3030
18.26,3028
18.27,2935
18.28,579
18.29,3036
18.3,3038
18.31,3033
18.32,2752
18.33,405
18.34,3044
18.35,3046
18.36,3042
18.37,2773
18.38,88
18.39,3052
18.4,3054
18.41,3045
18.42,2566
18.43,407
18.44,3060
18.45,3062
18.46,3058
18.47,2798
18.48,3066
18.49,3068
18.5,3070
18.51,3055
18.52,2647
18.53,25
18.54,3076
18.55,3078
18.56,3071
18.57,2864
18.58,513
18.59,3084
18.6,3086
18.61,3084
18.62,2808
18.63,3090
18.64,3092
18.65,3093
18.66,1780
18.67,3096
18.68,3098
18.69,3100
18.7,2996
18.71,1138
18.72,3104
18.73,3106
18.74,3087
18.75,706
18.76,3110
18.77,3112
18.78,3110
18.79,3042
18.8,502
18.81,3118
18.82,3120
18.83,3100
18.84,2519
18.85,3124
18.86,3126
18.87,3128
18.88,3084
18.89,1370
18.9,3132
18.91,3134
18.92,3133
18.93,2975
18.94,162
18.95,3140
18.96,3142
18.97,3102
18.98,1068
18.99,3146
19.0,3148
19.01,3119
19.02,2568
19.03,3152
19.04,3154
19.05,3156
19.06,3149
19.07,3017
19.08,1033
19.09,3162
19.1,3164
19.11,3166
19.12,3108
19.13,1849
19.14,3170
19.15,3172
19.16,3174
19.17,3161
19.18,2696
19.19,3178
19.2,3180
19.21,3182
19.22,3172
19.23,2860
19.24,181
19.25,3188
19.26,3190
19.27,3183
19.28,2906
19.29,369
19.3,3196
19.31,3198
19.32,3195
19.33,2910
19.34,3202
19.35,3204
19.36,3206
19.37,3173
19.38,1303
19.39,3210
19.4,3212
19.41,3210
19.42,3074
19.43,1019
19.44,3218
19.45,3220
19.46,3218
19.47,3115
19.48,1416
19.49,3226
19.5,3228
19.51,3230
19.52,3172
19.53,1094
19.54,3234
19.55,3236
19.56,3231
19.57,2852
19.58,98
19.59,3242
19.6,3244
19.61,3210
19.62,1356
19.63,3248
19.64,3250
19.65,3205
19.66,3252
19.67,3254
19.68,3256
19.69,3213
19.7,3258
19.71,3260
19.72,3262
19.73,3249
19.74,2754
19.75,3266
19.76,3268
19.77,3258
19.78,2685
19.79,225
19.8,3274
19.81,3276
19.82,3234
19.83,2026
19.84,3280
19.85,3282
19.86,3270
19.87,2396
19.88,3286
19.89,3288
19.9,3290
19.91,3223
19.92,645
19.93,3294
19.94,3296
19.95,3269
19.96,2404
19.97,3300
19.98,3302
19.99,3300
20.0,3239
20.01,1730
20.02,3308
20.03,3310
20.04,3312
20.05,3264
20.06,2293
20.07,3316
20.08,3318
20.09,3320
20.1,3308
20.11,2993
20.12,841
20.13,3326
20.14,3328
20.15,3330
20.16,3227
20.17,1278
20.18,3334
20.19,3336
20.2,3338
20.21,3289
20.22,2019
20.23,3342
20.24,3344
20.25,3346
20.26,3319
20.27,1977
20.28,3350
20.29,3352
20.3,3346
20.31,2968
20.32,3356
20.33,3358
20.34,3360
20.35,3320
20.36,1933
20.37,3364
20.38,3366
20.39,3363
20.4,3155
20.41,31
20.42,3372
20.43,3374
20.44,3368
20.45,3080
20.46,951
20.47,3380
20.48,3382
20.49,3381
20.5,3267
20.51,1201
20.52,3388
20.53,3390
20.54,3384
20.55,2823
20.56,3394
20.57,3396
20.58,3398
20.59,3198
20.6,3400
20.61,3402
20.62,3399
20.63,3178
20.64,182
20.65,3408
20.66,3405
20.67,2840
20.68,16
20.69,3414
20.7,3416
20.71,3413
20.72,3179
20.73,3420
20.74,3422
20.75,3424
20.76,3295
20.77,1168
20.78,3428
20.79,3430
20.8,3427
20.81,3355
20.82,1633
20.83,3436
20.84,3438
20.85,3421
20.86,2479
20.87,3442
20.88,3444
20.89,3446
20.9,3314
20.91,3448
20.92,3450
20.93,3452
20.94,3416
20.95,2516
20.96,3456
20.97,3458
20.98,3460
20.99,3379
21.0,1761
21.01,3464
21.02,3466
21.03,3468
21.04,3402
21.05,1906
21.06,3472
21.07,3474
21.08,3472
21.09,3348
21.1,1462
21.11,3480
21.12,3482
21.13,3484
21.14,3434
21.15,1423
21.16,3488
21.17,3490
21.18,3487
21.19,3005
21.2,3494
21.21,3496
21.22,3498
21.23,3396
21.24,760
21.25,3502
21.26,3504
21.27,3486
21.28,3122
21.29,560
21.3,3510
21.31,3512
21.32,3510
21.33,3406
21.34,1499
21.35,3518
21.36,3520
21.37,3522
21.38,3389
21.39,1358
21.4,3526
21.41,3528
21.42,3525
21.43,3237
21.44,3532
21.45,3534
21.46,3536
21.47,3453
21.48,1007
21.49,3540
21.5,3542
21.51,3487
21.52,1362
21.53,3546
21.54,3548
21.55,3513
21.56,2525
21.57,3552
21.58,3554
21.59,3556
21.6,3475
21.61,3558
21.62,3560
21.63,3562
21.64,3486
21.65,1901
21.66,3566
21.67,3568
21.68,3051
21.69,446
21.7,3572
21.71,3574
21.72,3569
21.73,966
21.74,3578
21.75,3580
21.76,3563
21.77,2379
21.78,3584
21.79,3586
21.8,3532
21.81,1140
21.82,3590
21.83,3592
21.84,3581
21.85,1824
21.86,3596
21.87,3598
21.88,3591
21.89,3152
21.9,6
21.91,3604
21.92,3606
21.93,3504
21.94,532
21.95,3610
21.96,3612
21.97,3523
21.98,1342
21.99,3616
22.0,3618
22.01,3602
22.02,3257
22.03,664
22.04,3624
22.05,3626
22.06,3624
22.07,3308
22.08,283
22.09,3632
22.1,3634
22.11,3587
22.12,2064
22.13,3638
22.14,3640
22.15,3618
22.16,2278
22.17,3644
22.18,3646
22.19,3648
22.2,3423
22.21,499
22.22,3652
22.23,3654
22.24,3636
22.25,3057
22.26,270
22.27,3660
22.28,3662
22.29,3565
22.3,1589
22.31,3666
22.32,3668
22.33,3664
22.34,3503
22.35,1004
22.36,3674
22.37,3676
22.38,3663
22.39,2944
22.4,3680
22.41,3682
22.42,3682
22.43,3459
22.44,668
22.45,3688
22.46,3690
22.47,3659
22.48,3212
22.49,145
22.5,3696
22.51,3698
22.52,3685
22.53,2777
22.54,3702
22.55,3704
22.56,3706
22.57,3630
22.58,2185
22.59,3710
22.6,3712
22.61,3714
22.62,3199
22.63,761
22.64,3718
22.65,3720
22.66,3644
22.67,1848
22.68,3724
22.69,3726
22.7,3721
22.71,3299
22.72,838
22.73,3732
22.74,3734
22.75,2388
22.76,3736
22.77,3738
22.78,3671
22.79,1076
22.8,3742
22.81,3744
22.82,3589
22.83,450
22.84,3748
22.85,3750
22.86,3662
22.87,1425
22.88,3754
22.89,3756
22.9,3698
22.91,1939
22.92,3760
22.93,3762
22.94,3739
22.95,3043
22.96,58
22.97,3768
22.98,3770
22.99,3323
23.0,79
23.01,3774
23.02,3776
23.03,3706
23.04,2340
23.05,3780
23.06,3782
23.07,3748
23.08,2543
23.09,3786
23.1,3788
23.11,3778
23.12,639
23.13,3792
23.14,3794
23.15,3745
23.16,1919
23.17,3798
23.18,3800
23.19,3802
23.2,3708
23.21,881
23.22,3806
23.23,3808
23.24,3808
23.25,3623
23.26,1218
23.27,3814
23.28,3816
23.29,3807
23.3,3323
23.31,185
23.32,3822
23.33,3824
23.34,3754
23.35,2210
23.36,3828
23.37,3830
23.38,3829
23.39,3514
23.4,792
23.41,3836
23.42,3838
23.43,3829
23.44,3316
23.45,66
23.46,3844
23.47,3846
23.48,3710
23.49,1407
23.5,3850
23.51,3852
23.52,3846
23.53,3525
23.54,1048
23.55,3858
23.56,3860
23.57,3853
23.58,3594
23.59,945
23.6,3866
23.61,3868
23.62,3817
23.63,1434
23.64,3872
23.65,3874
23.66,3816
23.67,673
23.68,3878
23.69,3880
23.7,3736
23.71,1568
23.72,3884
23.73,3886
23.74,3251
23.75,3888
23.76,3890
23.77,3702
23.78,3892
23.79,3894
23.8,3895
23.81,3576
23.82,561
23.83,3900
23.84,3902
23.85,3791
23.86,1698
23.87,3906
23.88,3908
23.89,3896
23.9,3154
23.91,3912
23.92,3914
23.93,3877
23.94,2531
23.95,3918
23.96,3920
23.97,3758
23.98,495
23.99,3924
24.0,3926
24.01,3771
24.02,1173
24.03,3930
24.04,3932
24.05,3933
24.06,3716
24.07,1070
24.08,3938
24.09,3940
24.1,3882
24.11,2842
24.12,317
24.13,3946
24.14,3948
24.15,3937
24.16,3516
24.17,974
24.18,3954
24.19,3956
24.2,3944
24.21,3502
24.22,955
24.23,3962
24.24,3964
24.25,3944
24.26,3337
24.27,190
24.28,3970
24.29,3972
24.3,3948
24.31,3315
24.32,3976
24.33,3978
24.34,3980
24.35,3839
24.36,1724
24.37,3984
24.38,3986
24.39,3987
24.4,3706
24.41,986
24.42,3992
24.43,3994
24.44,3981
24.45,2987
24.46,3998
24.47,4000
24.48,4001
24.49,3679
24.5,683
24.51,4006
24.52,4008
24.53,3973
24.54,2888
24.55,4012
24.56,4014
24.57,4016
24.58,3883
24.59,2589
24.6,4020
24.61,4022
24.62,4006
24.63,3726
24.64,1238
24.65,4028
24.66,4030
24.67,3995
24.68,3518
24.69,621
24.7,4036
24.71,4038
24.72,3871
24.73,4040
24.74,4042
24.75,4011
24.76,2671
24.77,4046
24.78,4048
24.79,4032
24.8,2161
24.81,4052
24.82,4054
24.83,3915
24.84,792
24.85,4058
24.86,4060
24.87,3622
24.88,4062
24.89,4064
24.9,4066
24.91,3844
24.92,1014
24.93,4070
24.94,4072
24.95,4059
24.96,3725
24.97,350
24.98,4078
24.99,4080
25.0,3871
25.01,1047
25.02,4084
25.03,4086
25.04,3973
25.05,1150
25.06,4090
25.07,4092
25.08,4094
25.09,3892
25.1,1666
25.11,4098
25.12,4100
25.13,4102
25.14,3816
25.15,1309
25.16,4106
25.17,4108
25.18,4094
25.19,3622
25.2,929
25.21,4114
25.22,4116
25.23,4068
25.24,3005
25.25,187
25.26,4122
25.27,4124
25.28,4012
25.29,2680
25.3,4128
25.31,4130
25.32,4132
25.33,3922
25.34,1892
25.35,4136
25.36,4138
25.37,4140
25.38,3882
25.39,1385
25.4,4144
25.41,4146
25.42,4086
25.43,2380
25.44,4150
25.45,4152
25.46,4075
25.47,2658
25.48,4156
25.49,4158
25.5,4153
25.51,3774
25.52,330
25.53,4164
25.54,4166
25.55,3991
25.56,1761
25.57,4170
25.58,4172
25.59,4161
25.6,3656
25.61,192
25.62,4178
25.63,4180
25.64,4034
25.65,380
25.66,4184
25.67,4186
25.68,3888
25.69,473
25.7,4190
25.71,4120
25.72,409
25.73,4194
25.74,4158
25.75,1122
25.76,4198
25.77,4178
25.78,2631
25.79,4202
25.8,4204
25.81,4128
25.82,2676
25.83,4208
25.84,4210
25.85,4063
25.86,4212
25.87,4214
25.88,4202
25.89,2731
25.9,4218
25.91,4220
25.92,4202
25.93,3165
25.94,77
25.95,4226
25.96,4216
25.97,3372
25.98,4230
25.99,4232
26.0,4208
26.01,3745
26.02,195
26.03,4238
26.04,4240
26.05,3352
26.06,4242
26.07,4244
26.08,4225
26.09,2880
26.1,4248
26.11,4250
26.12,4252
26.13,4018
26.14,343
26.15,4256
26.16,4258
26.17,4177
26.18,2353
26.19,4262
26.2,4264
26.21,4264
26.22,3214
26.23,4268
26.24,4270
26.25,4272
26.26,4123
26.27,2257
26.28,4276
26.29,4278
26.3,4280
26.31,3894
26.32,753
26.33,4284
26.34,4286
26.35,4239
26.36,3140
26.37,4290
26.38,4292
26.39,4293
26.4,3150
26.41,4296
26.42,4298
26.43,4292
26.44,3157
26.45,4302
26.46,4304
26.47,4306
26.48,3889
26.49,1083
26.5,4310
26.51,4312
26.52,4151
26.53,2000
26.54,4316
26.55,4318
26.56,4319
26.57,3843
26.58,740
26.59,4324
26.6,4326
26.61,3993
26.62,1022
26.63,4330
26.64,4332
26.65,2710
26.66,4334
26.67,4336
26.68,3617
26.69,4338
26.7,4340
26.71,4314
26.72,3857
26.73,136
26.74,4346
26.75,4295
26.76,986
26.77,4350
26.78,4352
26.79,3931
26.8,656
26.81,4356
26.82,4358
26.83,4001
26.84,780
26.85,4362
26.86,4364
26.87,3600
26.88,4366
26.89,4368
26.9,4370
26.91,4123
26.92,1508
26.93,4374
26.94,4376
26.95,4132
26.96,1593
26.97,4380
26.98,4381
26.99,4282
27.0,3092
27.01,760
27.02,4387
27.03,4386
27.04,3219
27.05,4392
27.06,4392
27.07,4389
27.08,4150
27.09,2718
27.1,4400
27.11,4398
27.12,4393
27.13,4186
27.14,2403
27.15,4408
27.16,4403
27.17,4397
27.18,3246
27.19,320
27.2,4412
27.21,4335
27.22,2771
27.23,4420
27.24,4404
27.25,4130
27.26,677
27.27,4422
27.28,4406
27.29,4089
27.3,507
27.31,4427
27.32,4418
27.33,4406
27.34,3707
27.35,498
27.36,4434
27.37,4424
27.38,4218
27.39,2620
27.4,4446
27.41,4427
27.42,4381
27.43,3740
27.44,4452
27.45,4440
27.46,4421
27.47,2896
27.48,4458
27.49,4433
27.5,4243
27.51,2331
27.52,4464
27.53,4447
27.54,4427
27.55,4164
27.56,1905
27.57,4472
27.58,4454
27.59,4432
27.6,4303
27.61,2458
27.62,45
27.63,4465
27.64,4450
27.65,4276
27.66,2578
27.67,67
27.68,4470
27.69,4450
27.7,4360
27.71,3636
27.72,832
27.73,4483
27.74,4463
27.75,4420
27.76,1515
27.77,4493
27.78,4426
27.79,1744
27.8,4500
27.81,4475
27.82,4392
27.83,2485
27.84,4514
27.85,4447
27.86,2860
27.87,4518
27.88,4488
27.89,4450
27.9,4127
27.91,1880
27.92,4519
27.93,4495
27.94,4462
27.95,4142
27.96,692
27.97,4515
27.98,4488
27.99,4408
28.0,2229
28.01,4540
28.02,4485
28.03,4316
28.04,1922
28.05,4546
28.06,4512
28.07,4353
28.08,2551
28.09,4552
28.1,4522
28.11,4469
28.12,4049
28.13,364
28.14,4537
28.15,4506
28.16,4440
28.17,3005
28.18,4566
28.19,4536
28.2,4481
28.21,2917
28.22,4572
28.23,4505
28.24,4393
28.25,3129
28.26,306
28.27,4553
28.28,4519
28.29,4322
28.3,2191
28.31,4586
28.32,4550
28.33,4508
28.34,4349
28.35,2709
28.36,4594
28.37,4562
28.38,4521
28.39,4279
28.4,1771
28.41,4596
28.42,4563
28.43,4515
28.44,4398
28.45,3577
28.46,156
28.47,4577
28.48,4536
28.49,4266
28.5,1430
28.51,4604
28.52,4279
28.53,1936
28.54,4616
28.55,4396
28.56,2275
28.57,4626
28.58,4559
28.59,2920
28.6,4630
28.61,4591
28.62,4536
28.63,4349
28.64,2516
28.65,4638
28.66,4596
28.67,4524
28.68,4261
28.69,1956
28.7,4646
28.71,4553
28.72,4340
28.73,1829
28.74,4645
28.75,4505
28.76,4654
28.77,4612
28.78,4553
28.79,4197
28.8,1299
28.81,4645
28.82,4504
28.83,4005
28.84,4666
28.85,4600
28.86,4397
28.87,2328
28.88,4672
28.89,4347
28.9,2953
28.91,305
28.92,4635
28.93,4516
28.94,3776
28.95,690
28.96,4650
28.97,4592
28.98,4479
28.99,3555
29.0,760
29.01,4667
29.02,4620
29.03,4521
29.04,4101
29.05,1309
29.06,4684
29.07,4641
29.08,4554
29.09,4112
29.1,1876
29.11,4705
29.12,4646
29.13,4548
29.14,3312
29.15,719
29.16,4689
29.17,4584
29.18,4008
29.19,4720
29.2,4569
29.21,4222
29.22,813
29.23,4699
29.24,4617
29.25,4455
29.26,2448
29.27,4732
29.28,4632
29.29,4544
29.3,190
29.31,4693
29.32,4597
29.33,4341
29.34,1493
29.35,4728
29.36,4628
29.37,1719
29.38,4740
29.39,4601
29.4,4294
29.41,1098
29.42,4731
29.43,4608
29.44,4299
29.45,2133
29.46,4760
29.47,4662
29.48,4539
29.49,3226
29.5,332
29.51,4721
29.52,4650
29.53,4553
29.54,4139
29.55,1153
29.56,4753
29.57,4682
29.58,4410
29.59,4780
29.6,4659
29.61,4567
29.62,829
29.63,4756
29.64,4588
29.65,4112
29.66,1310
29.67,4774
29.68,4654
29.69,4321
29.7,1806
29.71,4789
29.72,4636
29.73,4401
29.74,4802
29.75,4712
29.76,4440
29.77,2805
29.78,4808
29.79,4618
29.8,4810
29.81,4728
29.82,4615
29.83,4052
29.84,929
29.85,4786
29.86,4669
29.87,4328
29.88,1590
29.89,4810
29.9,4694
29.91,4530
29.92,3207
29.93,98
29.94,4764
29.95,4655
29.96,4358
29.97,4836
29.98,4739
29.99,4544
30.0,2179
30.01,4842
30.02,4687
30.03,4529
30.04,1040
30.05,4821
30.06,4711
30.07,2022
30.08,4852
30.09,4763
30.1,4676
30.11,4409
30.12,2510
30.13,4860
30.14,4749
30.15,4649
30.16,2903
30.17,152
30.18,4811
30.19,4711
30.2,4550
30.21,3615
30.22,965
30.23,4845
30.24,4673
30.25,4382
30.26,1578
30.27,4867
30.28,4725
30.29,4558
30.3,4886
30.31,4795
30.32,4613
30.33,2791
30.34,4892
30.35,4810
30.36,4432
30.37,315
30.38,4840
30.39,4710
30.4,4031
30.41,1212
30.42,4878
30.43,4686
30.44,4090
30.45,637
30.46,4859
30.47,4718
30.48,4455
30.49,48
30.5,4842
30.51,4196
30.52,4918
30.53,4794
30.54,4652
30.55,3905
30.56,1157
30.57,4894
30.58,4755
30.59,4188
30.6,1495
30.61,4903
30.62,4760
30.63,4554
30.64,3158
30.65,4938
30.66,4845
30.67,4648
30.68,3358
30.69,4944
30.7,4839
30.71,4696
30.72,3875
30.73,4950
30.74,4801
30.75,4653
30.76,3517
30.77,690
30.78,4904
30.79,4772
30.8,4644
30.81,3770
30.82,4964
30.83,4789
30.84,4006
30.85,1273
30.86,4940
30.87,4779
30.88,4522
30.89,2481
30.9,4976
30.91,4883
30.92,4760
30.93,4529
30.94,2740
30.95,66
30.96,4898
30.97,4740
30.98,4382
30.99,2246
31.0,4992
31.01,4793
31.02,4636
31.03,1141
31.04,4967
31.05,4808
31.06,4494
31.07,5002
31.08,2236
31.09,5004
31.1,4904
31.11,4759
31.12,4353
31.13,2046
31.14,5012
31.15,4907
31.16,4721
31.17,4188
31.18,1760
31.19,5012
31.2,4901
31.21,4756
31.22,4496
31.23,339
31.24,4963
31.25,4538
31.26,5030
31.27,4713
31.28,406
31.29,4965
31.3,4757
31.31,3272
31.32,5038
31.33,4934
31.34,4791
31.35,4613
31.36,2990
31.37,5046
31.38,4935
31.39,4792
31.4,4313
31.41,1879
31.42,5052
31.43,4942
31.44,4714
31.45,4063
31.46,1410
31.47,5035
31.48,4865
31.49,4517
31.5,2037
31.51,5068
31.52,4860
31.53,4388
31.54,5072
31.55,4973
31.56,4777
31.57,4245
31.58,5078
31.59,4948
31.6,4543
31.61,851
31.62,5033
31.63,2869
31.64,5086
31.65,4921
31.66,4735
31.67,5090
31.68,4701
31.69,5092
31.7,4880
31.71,4646
31.72,1956
31.73,5094
31.74,4737
31.75,4144
31.76,5102
31.77,4952
31.78,4763
31.79,3006
31.8,5108
31.81,4913
31.82,4664
31.83,5112
31.84,4900
31.85,4679
31.86,2463
31.87,5118
31.88,4874
31.89,4642
31.9,3134
31.91,5124
31.92,4994
31.93,4740
31.94,4190
31.95,1316
31.96,5088
31.97,4947
31.98,4785
31.99,1785
32.0,5136
32.01,4933
32.02,4756
32.03,3868
32.04,1035
32.05,5096
32.06,4946
32.07,4666
32.08,1995
32.09,5152
32.1,4971
32.11,4659
32.12,2630
32.13,5158
32.14,4749
32.15,5160
32.16,5046
32.17,4809
32.18,2749
32.19,5166
32.2,5055
32.21,4838
32.22,4059
32.23,1578
32.24,5151
32.25,5010
32.26,4833
32.27,4575
32.28,1665
32.29,5164
32.3,3610
32.31,5184
32.32,4860
32.33,1910
32.34,5178
32.35,4401
32.36,1858
32.37,5182
32.38,4908
32.39,4628
32.4,2642
32.41,5198
32.42,5052
32.43,4863
32.44,4674
32.45,2875
32.46,5206
32.47,5066
32.48,4875
32.49,4490
32.5,1984
32.51,5211
32.52,5033
32.53,4785
32.54,3375
32.55,5220
32.56,5020
32.57,4821
32.58,3203
32.59,5226
32.6,4962
32.61,4733
32.62,3307
32.63,248
32.64,5119
32.65,4874
32.66,4529
32.67,1345
32.68,5191
32.69,5024
32.7,4709
32.71,1171
32.72,5183
32.73,4682
32.74,1662
32.75,5221
32.76,5051
32.77,4847
32.78,3887
32.79,1027
32.8,5189
32.81,4935
32.82,3953
32.83,5262
32.84,4808
32.85,2106
32.86,5253
32.87,5085
32.88,4642
32.89,2409
32.9,5272
32.91,5081
32.92,4868
32.93,4120
32.94,557
32.95,5168
32.96,4904
32.97,4033
32.98,5284
32.99,4602
33.0,5286
33.01,5141
33.02,4914
33.03,3542
33.04,5292
33.05,5162
33.06,4992
33.07,4738
33.08,2054
33.09,5300
33.1,5024
33.11,4768
33.12,2995
33.13,5306
33.14,5157
33.15,4926
33.16,4653
33.17,2165
33.18,5314
33.19,5098
33.2,4811
33.21,2958
33.22,5320
33.23,5181
33.24,4985
33.25,4329
33.26,5326
33.27,5078
33.28,4821
33.29,5330
33.3,4913
33.31,4603
33.32,2181
33.33,5336
33.34,5110
33.35,4886
33.36,4378
33.37,2216
33.38,5344
33.39,5041
33.4,4833
33.41,3340
33.42,5350
33.43,5120
33.44,4902
33.45,5354
33.46,5173
33.47,4806
33.48,20
33.49,5217
33.5,4853
33.51,1710
33.52,5329
33.53,5050
33.54,4842
33.55,3417
33.56,708
33.57,5277
33.58,5042
33.59,4804
33.6,5376
33.61,5130
33.62,2355
33.63,5380
33.64,4906
33.65,4012
33.66,839
33.67,5288
33.68,5060
33.69,4360
33.7,5390
33.71,5183
33.72,4952
33.73,3195
33.74,5396
33.75,5230
33.76,4946
33.77,4165
33.78,1420
33.79,5336
33.8,5134
33.81,4584
33.82,2436
33.83,5410
33.84,5171
33.85,4899
33.86,4140
33.87,1201
33.88,5343
33.89,5000
33.9,3530
33.91,5422
33.92,5012
33.93,5424
33.94,5206
33.95,4698
33.96,1071
33.97,5349
33.98,5097
33.99,4773
34.0,2314
34.01,5436
34.02,5240
34.03,4912
34.04,3598
34.05,5442
34.06,4938
34.07,4196
34.08,1366
34.09,5397
34.1,4561
34.11,5450
34.12,5253
34.13,4911
34.14,80
34.15,5302
34.16,4983
34.17,4275
34.18,1
34.19,5304
34.2,4890
34.21,3931
34.22,168
34.23,5310
34.24,4961
34.25,4318
34.26,1820
34.27,5444
34.28,5248
34.29,4956
34.3,3133
34.31,5480
34.32,5198
34.33,4927
34.34,3911
34.35,810
34.36,5387
34.37,4922
34.38,2450
34.39,5492
34.4,5282
34.41,4982
34.42,4353
34.43,2018
34.44,5495
34.45,5103
34.46,4844
34.47,3345
34.48,5506
34.49,5203
34.5,4913
34.51,156
34.52,5356
34.53,4987
34.54,475
34.55,5392
34.56,5053
34.57,4486
34.58,5520
34.59,5339
34.6,4992
34.61,3263
34.62,5526
34.63,5282
34.64,4945
34.65,5530
34.66,5242
34.67,4937
34.68,3683
34.69,5536
34.7,5363
34.71,5044
34.72,4368
34.73,1166
34.74,5454
34.75,3023
34.76,5546
34.77,5069
34.78,4372
34.79,1449
34.8,5498
34.81,5030
34.82,4389
34.83,415
34.84,5421
34.85,5106
34.86,4605
34.87,2295
34.88,5563
34.89,5195
34.9,4498
34.91,1526
34.92,5512
34.93,5281
34.94,4957
34.95,3508
34.96,734
34.97,5464
34.98,5148
34.99,2758
35.0,5582
35.01,4804
35.02,1755
35.03,5537
35.04,5264
35.05,4162
35.06,42
35.07,5429
35.08,5161
35.09,1522
35.1,5556
35.11,5230
35.12,4819
35.13,1295
35.14,5536
35.15,5316
35.16,4942
35.17,3175
35.18,5608
35.19,5422
35.2,5003
35.21,1652
35.22,5571
35.23,796
35.24,5509
35.25,5045
35.26,3726
35.27,1166
35.28,5535
35.29,5150
35.3,4781
35.31,1838
35.32,5589
35.33,5382
35.34,4948
35.35,3611
35.36,64
35.37,5461
35.38,5636
35.39,5114
35.4,3007
35.41,5640
35.42,5231
35.43,4912
35.44,842
35.45,5535
35.46,5277
35.47,4997
35.48,3856
35.49,5652
35.5,5458
35.51,5182
35.52,4506
35.53,2426
35.54,5660
35.55,5425
35.56,5124
35.57,4606
35.58,5666
35.59,5026
35.6,4105
35.61,667
35.62,5548
35.63,5201
35.64,4367
35.65,358
35.66,5505
35.67,4854
35.68,2159
35.69,5677
35.7,5014
35.71,5684
35.72,5453
35.73,5106
35.74,3123
35.75,148
35.76,5498
35.77,4985
35.78,3414
35.79,400
35.8,5541
35.81,5264
35.82,4753
35.83,2742
35.84,5704
35.85,5487
35.86,5158
35.87,4415
35.88,5710
35.89,5448
35.9,4485
35.91,1531
35.92,5632
35.93,5716
35.94,5204
35.95,4646
35.96,2303
35.97,5717
35.98,5404
35.99,4358
36.0,5726
36.01,5449
36.02,3256
36.03,28
36.04,5534
36.05,5156
36.06,4005
36.07,555
36.08,5601
36.09,5287
36.1,4455
36.11,2131
36.12,5744
36.13,5352
36.14,3900
36.15,5748
36.16,5160
36.17,3234
36.18,574
36.19,5613
36.2,5352
36.21,5040
36.22,3161
36.23,298
36.24,5586
36.25,5163
36.26,4331
36.27,1701
36.28,5715
36.29,5372
36.3,4188
36.31,971
36.32,5649
36.33,2254
36.34,5776
36.35,5058
36.36,3653
36.37,5780
36.38,5505
36.39,5060
36.4,2502
36.41,5786
36.42,5489
36.43,4489
36.44,5790
36.45,5371
36.46,5007
36.47,2581
36.48,5796
36.49,5295
36.5,600
36.51,5642
36.52,5093
36.53,3250
36.54,5804
36.55,5564
36.56,2826
36.57,6
36.58,5598
36.59,5123
36.6,2945
36.61,5814
36.62,5508
36.63,5156
36.64,3274
36.65,5820
36.66,5586
36.67,5118
36.68,4156
36.69,217
36.7,5644
36.71,5023
36.72,3349
36.73,5832
36.74,5576
36.75,5105
36.76,4096
36.77,486
36.78,5663
36.79,3515
36.8,323
36.81,5652
36.82,5100
36.83,3549
36.84,562
36.85,5676
36.86,5364
36.87,4900
36.88,2474
36.89,5856
36.9,5450
36.91,5068
36.92,3113
36.93,5862
36.94,5605
36.95,5864
36.97,5597
36.98,5097
36.99,2739
37.0,5870
37.01,5388
37.02,5025
37.03,3757
37.04,481
37.05,5714
37.06,5384
37.07,2271
37.08,5882
37.09,5614
37.1,2157
37.11,5886
37.12,5413
37.13,4954
37.14,5890
37.15,5625
37.16,5204
37.17,387
37.18,5723
37.19,5306
37.2,1230
37.21,5805
37.22,5520
37.23,5110
37.24,1202
37.25,5808
37.26,5522
37.27,5131
37.28,4029
37.29,5912
37.3,5571
37.31,1461
37.32,5842
37.33,5282
37.34,4321
37.35,5920
37.36,5655
37.37,4882
37.38,2708
37.39,5926
37.4,5134
37.41,3891
37.42,5930
37.43,5666
37.44,5315
37.45,4014
37.46,121
37.47,5710
37.48,3707
37.49,143
37.5,5722
37.51,5231
37.52,4089
37.53,5946
37.54,3564
37.55,5948
37.56,5238
37.57,3534
37.58,5952
37.59,5446
37.6,4431
37.61,2181
37.62,5950
37.63,5543
37.64,5046
37.65,2961
37.66,5964
37.67,5627
37.68,5229
37.69,3642
37.7,302
37.71,5767
37.72,4288
37.73,5974
37.74,5722
37.75,5127
37.76,2780
37.77,5980
37.78,5728
37.79,5171
37.8,944
37.81,5856
37.82,5429
37.83,4587
37.84,2287
37.85,5990
37.86,5710
37.87,5246
37.88,2956
37.89,5998
37.9,4987
37.91,2854
37.92,6002
37.93,5189
37.94,3396
37.95,6006
37.96,5682
37.97,4250
37.98,6010
37.99,5517
38.0,5177
38.01,3467
38.02,227
38.03,5824
38.04,5380
38.05,4354
38.06,1469
38.07,5955
38.08,5165
38.09,3935
38.1,1202
38.11,5930
38.12,2453
38.13,6032
38.14,5354
38.15,1331
38.16,5944
38.17,5283
38.18,151
38.19,5816
38.2,5438
38.21,2917
38.22,6044
38.23,5748
38.24,5202
38.25,3653
38.26,6050
38.27,5786
38.28,5423
38.29,3520
38.3,899
38.31,5921
38.32,5427
38.33,4637
38.34,1001
38.35,5927
38.36,5568
38.37,5086
38.38,3246
38.39,45
38.4,5824
38.41,5452
38.42,4464
38.43,2076
38.44,6076
38.45,5728
38.46,5380
38.47,4468
38.48,2455
38.49,6086
38.5,5605
38.51,4787
38.52,1473
38.53,6008
38.54,4936
38.55,6094
38.56,5393
38.57,4509
38.58,6098
38.59,5822
38.6,5085
38.61,3261
38.62,6104
38.63,5700
38.64,5248
38.65,3805
38.66,6110
38.67,5234
38.68,6112
38.69,5739
38.7,4993
38.71,1718
38.72,6044
38.73,5647
38.74,4995
38.75,3168
38.76,3
38.77,5850
38.78,5284
38.79,4272
38.8,1519
38.81,6029
38.82,5617
38.83,4814
38.84,2715
38.85,6138
38.86,5592
38.87,4525
38.88,2168
38.89,6142
38.9,5583
38.91,4921
38.92,1717
38.93,6091
38.94,4387
38.95,6152
38.96,5630
38.97,4711
38.98,6156
38.99,5338
39.0,2181
39.01,6095
39.02,5456
39.03,4736
39.04,2343
39.05,6166
39.06,5767
39.07,5176
39.08,2607
39.09,6172
39.1,5681
39.11,5300
39.12,4377
39.13,2109
39.14,6180
39.15,5779
39.16,5342
39.17,4455
39.18,6186
39.2,5768
39.21,3280
39.22,6190
39.23,5712
39.24,4798
39.25,2761
39.26,6196
39.27,5927
39.28,4477
39.29,1966
39.3,6174
39.31,5854
39.32,5019
39.33,2152
39.34,6208
39.35,5627
39.36,4815
39.37,6212
39.38,5706
39.39,4553
39.4,1611
39.41,6137
39.42,4809
39.43,1685
39.44,6154
39.45,5719
39.46,4332
39.47,413
39.48,5999
39.49,5498
39.5,4240
39.51,10
39.52,5941
39.53,5455
39.54,4633
39.55,2509
39.56,6240
39.57,5887
39.58,4796
39.59,2042
39.6,6219
39.61,3171
39.62,6248
39.63,5925
39.64,2438
39.65,6252
39.66,5694
39.67,5261
39.68,3568
39.69,6258
39.7,5977
39.71,5328
39.72,3007
39.73,6264
39.74,5902
39.75,5325
39.76,2458
39.77,6270
39.78,5946
39.79,5523
39.8,4629
39.81,686
39.82,6078
39.83,5623
39.84,4283
39.85,6282
39.86,5482
39.87,3750
39.88,6286
39.89,5961
39.9,5093
39.91,6290
39.92,5864
39.93,4899
39.94,3195
39.95,30
39.96,6009
39.97,2380
39.98,6298
39.99,5488
40.0,2511
40.01,6304
40.02,5963
40.03,5357
40.04,2217
40.05,6310
40.06,5817
40.07,5275
40.08,6314
40.09,5757
40.1,6316
40.11,5847
40.12,5054
40.13,1028
40.14,6184
40.15,5778
40.16,3022
40.17,6326
40.18,5705
40.19,5188
40.2,3873
40.21,755
40.22,6164
40.23,5594
40.24,4161
40.25,1740
40.26,6266
40.27,5816
40.28,5074
40.29,2523
40.3,6346
40.31,6031
40.32,5512
40.33,2713
40.34,126
40.35,6082
40.36,5707
40.37,5123
40.38,3816
40.39,903
40.4,6208
40.41,5726
40.42,4995
40.43,3549
40.44,6365
40.45,6075
40.46,5602
40.47,4507
40.48,1675
40.49,6299
40.5,5823
40.51,4831
40.52,2531
40.53,6377
40.54,5914
40.55,5126
40.56,2344
40.57,6379
40.58,5796
40.59,4503
40.6,120
40.61,6101
40.62,5705
40.63,4376
40.64,241
40.65,6132
40.66,5374
40.67,2819
40.68,6393
40.69,5729
40.7,4058
40.71,6396
40.72,4154
40.73,1606
40.74,6302
40.75,6400
40.76,5464
40.77,6402
40.78,4237
40.79,6404
40.8,2928
40.81,6406
40.82,4737
40.83,2592
40.84,6410
40.87,5284
40.88,6412
40.89,4781
40.9,6414
40.91,5707
40.92,2683
40.93,6418
40.94,5713
40.95,4496
40.96,6422
40.97,6091
40.98,4699
40.99,979
41.0,6298
41.01,6428
41.02,5926
41.03,6430
41.05,403
41.06,6213
41.07,5139
41.08,6434
41.09,5205
41.1,6436
41.11,5735
41.12,6438
41.13,5610
41.14,2922
41.15,6442
41.16,4331
41.17,6444
41.19,6033
41.2,6446
41.23,5684
41.24,1347
41.25,6333
41.26,5182
41.27,6452
41.28,5451
41.29,6454
41.3,5305
41.31,6456
41.35,6071
41.36,4970
41.37,6460
41.38,5194
41.39,6462
41.4,6016
41.41,6464
41.42,5947
41.43,5550
41.44,409
41.45,6243
41.46,6470
41.47,291
41.48,6218
41.49,6472
41.5,4337
41.51,6474
41.52,3435
41.53,6476
41.56,5954
41.57,6478
41.59,5302
41.6,6480
41.64,5595
41.65,6482
41.66,5667
41.67,6484
41.68,5879
41.69,3156
41.7,6488
41.71,1465
41.72,6387
41.73,5839
41.74,5167
41.75,6494
41.77,2130
41.78,6473
41.79,5734
41.8,6498
41.83,5953
41.84,6500
41.85,5034
41.86,6502
41.87,3989
41.88,6504
41.89,6095
41.9,6506
41.91,4074
41.92,6508
41.93,4698
41.94,2703
41.95,6512
41.96,5164
41.97,2791
41.98,6516
42.0,2524
42.01,6518
42.02,1841
42.03,6488
42.04,4484
42.05,6522
42.06,5760
42.07,113
42.08,6256
42.09,6526
42.1,5402
42.11,4385
42.12,6530
42.14,5122
42.15,2391
42.16,6534
42.17,6216
42.18,2122
42.19,6528
42.2,5731
42.21,6540
42.23,6225
42.24,6542
42.25,6090
42.26,4461
42.27,6546
42.28,5967
42.29,5201
42.3,3930
42.31,6552
42.32,4746
42.33,1330
42.34,6439
42.35,918
42.36,6399
42.37,5614
42.38,6560
42.39,5083
42.4,6562
42.42,6180
42.43,6564
42.44,1080
42.45,6410
42.46,6566
42.47,5347
42.48,3079
42.49,6570
42.5,4829
42.51,6572
42.54,5685
42.55,6574
42.56,5927
42.57,6576
42.58,6101
42.59,4438
42.6,6580
42.63,6088
42.64,4648
42.65,6584
42.66,5730
42.67,4731
42.68,6588
42.69,4480
42.7,6590
42.71,5048
42.72,6592
42.75,5833
42.76,4164
42.77,1757
42.78,6526
42.79,5861
42.8,4274
42.81,6602
42.82,2482
42.83,6604
42.85,908
42.86,6437
42.87,6606
42.88,4165
42.89,6608
42.9,3206
42.91,6610
42.93,6039
42.94,6612
42.95,5358
42.96,6614
42.97,6107
42.98,6616
43.0,5892
43.01,4600
43.02,6620
43.03,5195
43.04,2241
43.05,6614
43.06,5422
43.07,6626
43.08,6242
43.09,5402
43.1,6630
43.12,2608
43.13,6632
43.14,5873
43.15,4544
43.16,1445
43.17,6542
43.18,6207
43.19,5477
43.2,6642
43.22,2766
43.23,6644
43.24,1830
43.25,6616
43.26,6280
43.27,6648
43.29,6326
43.3,4362
43.31,6652
43.36,4855
43.37,6654
43.39,5227
43.4,1790
43.41,6577
43.42,6658
43.43,780
43.44,6471
43.45,5474
43.46,6662
43.48,2117
43.49,6654
43.5,6664
43.53,5922
43.54,6666
43.55,5967
43.56,5126
43.57,6670
43.61,5030
43.62,1079
43.63,6511
43.64,5908
43.65,6676
43.66,5402
43.67,6678
43.68,6251
43.69,6680
43.7,4496
43.71,986
43.72,6519
43.73,6684
43.74,4866
43.75,6686
43.76,5954
43.77,6688
43.78,6278
43.79,3740
43.8,6692
43.81,6126
43.82,229
43.83,6444
43.84,6696
43.85,3415
43.86,6698
43.87,1053
43.88,6526
43.89,6079
43.9,6702
43.91,6235
43.92,1542
43.93,6611
43.94,2222
43.95,6678
43.96,6708
43.97,4519
43.98,6710
43.99,5660
44.0,1466
44.01,6627
44.02,6189
44.03,6716
44.04,3165
44.05,6718
44.07,4397
44.08,6720
44.12,6222
44.13,6722
44.15,5951
44.16,6724
44.19,4711
44.2,6726
44.21,5166
44.22,3799
44.23,1267
44.24,6616
44.25,5811
44.26,4328
44.27,6736
44.28,5471
44.29,6738
44.31,6407
44.32,4633
44.33,6742
44.35,5832
44.36,6744
44.37,2177
44.38,6716
44.39,1984
44.4,6714
44.41,5303
44.42,6750
44.44,1691
44.45,6681
44.46,5858
44.47,6754
44.48,6270
44.49,6756
44.5,5924
44.51,4130
44.52,6760
44.53,6182
44.54,2285
44.55,6764
44.56,6440
44.57,5473
44.58,6768
44.6,3597
44.61,697
44.62,6568
44.63,3668
44.64,6774
44.65,6082
44.66,6776
44.67,1062
44.68,6627
44.69,5536
44.7,6780
44.71,4592
44.72,1661
44.73,6688
44.74,6306
44.75,2461
44.76,6788
44.77,3867
44.78,844
44.79,6577
44.8,3531
44.81,6794
44.82,4069
44.83,6796
44.84,4639
44.85,6798
44.87,5626
44.88,6800
44.89,4894
44.9,6802
44.92,4711
44.93,6804
44.94,5228
44.95,3494
44.96,6808
44.97,6367
44.98,4464
44.99,6812
45.0,6440
45.01,5188
45.02,3894
45.03,6818
45.06,5691
45.07,597
45.08,6613
45.09,2778
45.1,6824
45.11,4640
45.12,6826
45.15,6419
45.16,4251
45.17,6830
45.18,5701
45.19,6832
45.22,3684
45.23,6834
45.24,6125
45.25,6836
45.26,2421
45.27,6838
45.28,4184
45.29,6840
45.31,3902
45.32,1026
45.33,6696
45.34,6844
45.37,6265
45.38,6846
45.39,6336
45.4,3785
45.41,6850
45.43,3027
45.44,6852
45.45,5736
45.46,4261
45.47,1812
45.48,6782
45.49,5478
45.5,6860
45.51,6497
45.52,5358
45.53,4036
45.54,6866
45.57,5980
45.58,2129
45.59,6823
45.6,6470
45.61,3454
45.62,6874
45.65,6524
45.66,6876
45.67,6499
45.68,6878
45.7,6539
45.71,6880
45.72,6057
45.73,2186
45.74,6853
45.75,6004
45.76,5037
45.77,6888
45.78,6308
45.79,6890
45.81,4357
45.82,6892
45.83,6122
45.84,4186
45.85,6896
45.86,6537
45.87,2239
45.88,6890
45.89,6552
45.9,3768
45.91,6904
45.93,6492
45.94,799
45.95,6725
45.96,6908
45.98,776
45.99,6695
46.0,5382
46.01,4178
46.02,6914
46.03,1146
46.04,6779
46.05,6916
46.07,3061
46.08,6918
46.1,4932
46.11,6920
46.12,6412
46.13,6922
46.14,5979
46.15,6924
46.16,5949
46.17,6926
46.19,6637
46.2,16
46.21,6621
46.22,6930
46.23,6144
46.24,6932
46.25,2311
46.26,6925
46.27,4446
46.28,6936
46.29,5005
46.3,671
46.31,6735
46.32,5838
46.33,6942
46.35,5526
46.36,3099
46.37,6946
46.38,128
46.39,6677
46.4,6183
46.41,5339
46.42,6952
46.43,6658
46.44,6954
46.46,3938
46.47,6956
46.52,5899
46.53,6958
46.54,6424
46.55,5616
46.56,6962
46.57,4196
46.58,6964
46.59,6344
46.6,6966
46.61,6440
46.62,6968
46.63,3156
46.64,6970
46.65,5214
46.66,6972
46.67,5321
46.68,6974
46.69,5623
46.7,4363
46.71,6978
46.72,4256
46.73,6980
46.74,5440
46.75,6982
46.76,5821
46.77,6984
46.78,6138
46.79,3436
46.8,6988
46.82,6654
46.83,6990
46.86,418
46.87,6728
46.88,6992
46.89,5156
46.9,6994
46.91,6336
46.92,6996
46.94,6334
46.95,6998
46.96,6004
46.97,4902
46.98,7002
46.99,4551
47.0,7004
47.01,5102
47.02,7006
47.03,263
47.04,6762
47.05,6171
47.06,7010
47.07,5690
47.08,7012
47.1,6320
47.11,3558
47.12,7016
47.13,6726
47.14,7018
47.15,5372
47.16,998
47.17,6866
47.18,7022
47.19,6363
47.2,7024
47.21,5134
47.22,2053
47.23,7015
47.24,7028
47.25,6071
47.26,7030
47.28,2687
47.29,7032
47.3,1411
47.31,6924
47.32,5826
47.33,7036
47.34,5167
47.35,7038
47.37,778
47.38,6851
47.39,7040
47.42,429
47.43,6786
47.44,1173
47.45,6855
47.46,7044
47.47,6696
47.48,7046
47.49,6677
47.5,5585
47.51,7050
47.52,4405
47.53,1979
47.54,6996
47.55,2866
47.56,7056
47.57,6206
47.58,1910
47.59,7018
47.6,6382
47.61,7062
47.64,5536
47.65,1318
47.66,6939
47.67,5075
47.68,7068
47.69,6730
47.7,2830
47.71,7072
47.73,5837
47.74,7074
47.75,6393
47.76,5570
47.77,7078
47.78,6003
47.79,7080
47.8,5222
47.81,2343
47.82,7084
47.83,5678
47.84,2904
47.85,7088
47.86,5400
47.87,7090
47.88,6490
47.89,356
47.9,6846
47.91,7094
47.92,6740
47.93,5905
47.94,1908
47.95,7019
47.96,6261
47.97,3216
47.98,7104
48.02,4897
48.03,7106
48.04,3383
48.05,7108
48.07,6141
48.08,355
48.09,6871
48.1,7112
48.11,5905
48.12,7114
48.16,6069
48.17,7116
48.19,1167
48.2,6989
48.21,6464
48.22,2994
48.23,7122
48.26,6633
48.27,4491
48.28,7126
48.29,2941
48.3,7128
48.32,2135
48.33,7121
48.34,7130
48.36,6825
48.37,6193
48.38,7134
48.4,6824
48.41,7136
48.42,2136
48.43,7131
48.44,6803
48.45,2548
48.46,7142
48.47,6592
48.48,7144
48.49,3359
48.5,7146
48.51,6160
48.52,7148
48.53,6804
48.54,1835
48.55,7081
48.56,5269
48.57,7154
48.58,5597
48.59,7156
48.61,4416
48.62,7158
48.64,2307
48.65,7160
48.7,6098
48.71,7162
48.72,6278
48.73,7164
48.74,150
48.75,6888
48.76,7166
48.77,6208
48.78,7168
48.8,6076
48.81,7170
48.82,4622
48.83,7172
48.84,2896
48.85,41
48.86,6853
48.87,7176
48.89,3187
48.9,7178
48.91,4355
48.92,1000
48.93,7016
48.94,7182
48.95,4565
48.96,7184
48.99,5375
49.0,4001
49.01,7188
49.05,5859
49.06,7190
49.09,1467
49.1,7104
49.11,7192
49.12,6329
49.13,7194
49.14,4862
49.15,7196
49.16,6363
49.17,5562
49.18,7200
49.21,6756
49.22,5203
49.23,266
49.24,6946
49.25,7206
49.26,6108
49.27,4348
49.28,7210
49.32,6878
49.33,5063
49.34,7214
49.35,6808
49.36,7216
49.37,2129
49.38,7185
49.39,7218
49.4,2099
49.41,7200
49.42,6270
49.43,7222
49.45,4764
49.46,7224
49.47,395
49.48,6983
49.49,7226
49.5,6054
49.51,7228
49.52,5374
49.53,7230
49.54,1561
49.55,7104
49.56,6336
49.57,4019
49.58,7236
49.59,2599
49.6,7238
49.61,5905
49.62,7240
49.63,5944
49.64,7242
49.67,6695
49.68,4842
49.69,7246
49.72,6451
49.73,4504
49.74,7250
49.75,6213
49.76,7252
49.77,5518
49.78,7254
49.79,2876
49.8,7256
49.81,6406
49.82,7258
49.83,954
49.84,7063
49.85,6217
49.86,3319
49.87,477
49.88,6967
49.89,4292
49.9,7268
49.91,6673
49.92,5426
49.93,7272
49.94,5521
49.95,7274
49.97,1042
49.98,7101
49.99,1122
50.0,7163
50.01,3248
50.02,7280
50.03,6351
50.04,7282
50.06,5263
50.07,7284
50.08,5059
50.09,7286
50.1,420
50.11,7026
50.12,7288
50.13,533
50.14,7049
50.15,2968
50.16,7292
50.17,5079
50.18,7294
50.19,4997
50.2,932
50.21,7127
50.22,6545
50.23,5819
50.24,7302
50.27,4616
50.28,1527
50.29,7207
50.3,6138
50.31,2376
50.32,7310
50.33,3215
50.34,7312
50.35,4223
50.36,7314
50.38,4641
50.39,7316
50.41,1201
50.42,7159
50.43,1719
50.44,7210
50.45,7320
50.46,2963
50.47,7322
50.48,136
50.49,6987
50.5,5066
50.51,2583
50.52,7328
50.53,2622
50.54,7330
50.56,3706
50.57,7332
50.58,6075
50.59,7334
50.63,6448
50.64,7336
50.66,5365
50.67,7338
50.68,6277
50.69,1116
50.7,7160
50.71,4812
50.72,2595
50.73,7346
50.74,4624
50.75,2458
50.76,7342
50.77,6157
50.78,7352
50.79,6166
50.8,4286
50.81,7356
50.84,2997
50.85,7358
50.87,506
50.88,7033
50.89,7360
50.94,6803
50.95,7362
50.98,6674
50.99,3498
51.0,1009
51.01,7205
51.02,1959
51.03,7323
51.04,3773
51.05,7372
51.08,6204
51.09,4596
51.1,7376
51.11,4686
51.12,7378
51.13,2000
51.14,7318
51.15,6798
51.16,3135
51.17,7384
51.18,4978
51.19,7386
51.21,3759
51.22,920
51.23,7162
51.24,3122
51.25,7392
51.31,6552
51.32,7394
51.34,5388
51.35,7396
51.36,5200
51.37,7398
51.38,4269
51.39,7400
51.42,6699
51.43,6000
51.44,7404
51.45,6628
51.46,1078
51.47,7203
51.48,7408
51.49,6005
51.5,7410
51.52,327
51.53,7019
51.54,7412
51.58,3286
51.59,7414
51.6,6211
51.61,4512
51.62,7418
51.64,6920
51.65,2442
51.66,7422
51.67,2795
51.68,7424
51.69,6965
51.7,4948
51.71,7428
51.72,3543
51.73,7430
51.74,6363
51.75,7432
51.76,2862
51.77,7434
51.78,6663
51.79,7436
51.8,6000
51.81,7438
51.82,4689
51.83,7440
51.84,6982
51.85,7442
51.86,5972
51.87,1751
51.88,7370
51.89,6310
51.9,7448
51.91,591
51.92,7101
51.93,7450
51.94,6205
51.95,4790
51.96,7454
51.98,4594
51.99,7456
52.01,6880
52.02,7458
52.04,6429
52.05,4214
52.06,1483
52.07,7317
52.08,6769
52.09,6053
52.1,7468
52.11,6292
52.12,7470
52.13,3450
52.14,69
52.15,7039
52.16,7474
52.17,4341
52.18,7476
52.19,4666
52.2,7478
52.21,6613
52.22,7480
52.27,6167
52.28,6
52.29,7044
52.3,6353
52.31,7486
52.33,6803
52.34,7488
52.35,5548
52.36,7490
52.38,2001
52.39,7436
52.4,7492
52.43,2873
52.44,7494
52.45,6048
52.46,7496
52.47,2089
52.48,7483
52.49,5904
52.5,7500
52.51,6118
52.52,7502
52.53,6625
52.54,7504
52.55,4343
52.56,1583
52.57,7389
52.58,7508
52.59,6036
52.6,7510
52.61,6234
52.62,4959
52.63,999
52.64,7248
52.65,4438
52.66,7518
52.67,6940
52.68,7520
52.69,6504
52.7,7522
52.71,6988
52.72,5289
52.73,1206
52.74,7290
52.75,7528
52.77,7024
52.78,7530
52.79,5452
52.8,7532
52.82,6810
52.83,7534
52.84,2387
52.85,7521
52.86,7536
52.87,3750
52.88,675
52.89,7179
52.9,3997
52.91,7542
52.92,3920
52.93,7544
52.94,3149
52.95,7546
52.96,6438
52.97,4396
52.98,7550
52.99,6933
53.0,7552
53.01,6986
53.02,5818
53.03,7556
53.06,230
53.07,7132
53.08,6027
53.09,7560
53.11,5632
53.12,7562
53.13,97
53.14,7117
53.15,6092
53.16,7566
53.17,54
53.18,7088
53.19,5919
53.2,1930
53.21,7510
53.22,4219
53.23,7574
53.24,5358
53.25,7576
53.29,6516
53.3,2722
53.31,7580
