0.0,14108
0.01,14103
0.02,14098
0.03,14092
0.04,14089
0.05,14082
0.06,14078
0.07,14073
0.08,14068
0.09,14062
0.1,14056
0.11,14049
0.12,14044
0.13,14039
0.14,14034
0.15,14029
0.16,14026
0.17,14020
0.18,14016
0.19,14010
0.2,14003
0.21,13999
0.22,13995
0.23,13993
0.87,13992
0.88,13986
0.89,13983
0.9,13980
0.91,13978
0.92,13975
0.93,13971
0.94,13967
0.95,13962
0.96,13959
0.97,13954
0.98,13950
0.99,13945
1.0,13939
1.01,13934
1.61,13933
1.62,13927
1.63,13923
1.64,13918
2.39,13915
2.4,13911
2.41,13905
2.42,13902
2.43,13900
2.44,13897
3.07,13895
3.08,13891
3.09,13886
3.1,13882
3.11,13876
3.12,13869
3.13,13865
3.14,13859
3.15,13853
3.16,13845
3.17,13842
3.79,13838
3.8,13833
3.81,13830
3.82,13828
3.83,13822
3.84,13819
3.85,13814
3.86,13811
3.87,13804
3.88,13800
3.89,13796
3.9,13793
3.91,13791
3.92,13788
3.93,13781
3.94,13779
3.95,13774
3.96,13772
3.97,13768
3.98,13763
3.99,13760
4.0,13754
4.02,13752
4.03,13749
4.04,13746
4.05,13739
4.06,13738
4.07,13734
4.08,13732
4.09,13728
4.1,13723
4.11,13718
4.12,13712
4.13,13709
4.14,13705
4.15,13702
4.16,13697
4.17,13694
4.18,13690
4.19,13685
4.2,13683
4.21,13681
4.22,13676
4.23,13671
4.24,13667
4.25,13662
4.26,13655
4.27,13650
4.28,13646
4.29,13643
4.3,13636
4.31,13635
4.32,13629
4.33,13626
4.35,13624
4.36,13619
4.37,13613
4.38,13612
4.39,13610
4.4,13604
4.41,13602
4.42,13599
4.43,13597
4.44,13595
4.45,13587
4.46,13584
4.47,13581
4.48,13576
4.49,13571
4.5,13566
4.51,13561
4.52,13554
4.53,13553
4.54,13549
4.55,13546
4.56,13541
4.57,13539
4.58,13536
4.59,13534
4.6,13527
4.61,13521
5.31,13520
5.32,13516
5.33,13511
5.34,13507
5.35,13504
5.37,13502
5.38,13498
5.39,13497
5.4,13493
5.41,13490
5.42,13487
5.43,13484
5.44,13478
5.45,13474
5.46,13470
5.47,13465
5.48,13461
5.49,13457
5.5,13453
5.51,13449
5.52,13446
5.53,13445
5.54,13442
5.55,13440
6.21,13435
6.22,13433
6.23,13431
6.24,13427
6.25,13424
6.26,13423
6.27,13422
6.28,13418
6.31,13415
6.32,13412
6.33,13408
6.34,13404
6.35,13400
6.36,13399
6.37,13395
6.38,13392
6.39,13388
6.4,13384
6.41,13380
6.42,13378
6.43,13374
6.44,13372
6.45,13369
6.46,13365
6.47,13362
6.48,13358
6.49,13352
6.5,13350
6.51,13348
6.52,13347
6.53,13344
6.54,13342
6.55,13338
6.56,13336
6.57,13335
6.59,13328
6.6,13321
6.61,13317
6.62,13313
6.63,13312
6.64,13305
6.65,13303
6.66,13302
6.67,13300
6.68,13298
6.7,13296
6.71,13292
6.72,13286
6.73,13280
6.74,13277
6.75,13273
6.76,13270
6.77,13268
6.78,13267
6.79,13263
6.8,13260
6.81,13257
6.82,13253
6.83,13249
6.84,13246
6.85,13240
6.86,13239
6.87,13237
6.88,13231
6.89,13228
6.9,13222
6.91,13219
6.92,13214
6.93,13211
6.94,13209
6.95,13206
6.96,13204
6.97,13199
6.98,13195
6.99,13192
7.0,13190
7.01,13185
7.02,13181
7.35,13178
7.36,13174
7.38,13169
7.39,13168
7.4,13165
7.41,13164
7.43,13162
7.44,13156
7.45,13153
7.46,13147
7.47,13141
7.48,13137
7.49,13136
7.5,13132
7.51,13126
7.53,13123
7.54,13117
7.55,13115
7.56,13111
7.57,13110
7.87,13107
7.88,13102
7.89,13097
7.9,13093
7.91,13090
7.93,13088
7.94,13087
7.95,13085
7.96,13082
7.97,13079
7.98,13075
7.99,13070
8.0,13066
8.01,13063
8.02,13061
8.03,13056
8.04,13051
8.05,13048
8.07,13046
8.08,13044
8.09,13041
8.1,13040
8.11,13037
8.12,13032
8.8,13031
9.43,13028
9.44,13025
9.45,13024
9.46,13021
9.47,13014
9.48,13012
9.49,13011
9.5,13008
9.51,13005
9.52,13001
9.53,12996
9.54,12991
9.55,12989
9.57,12988
9.61,12987
9.62,12981
9.63,12978
9.64,12973
9.65,12971
9.66,12969
9.67,12966
9.68,12960
9.69,12958
9.7,12956
9.71,12954
9.72,12953
9.73,12952
9.74,12948
9.75,12947
9.76,12945
9.77,12940
9.78,12938
9.79,12936
9.8,12933
9.82,12931
9.84,12929
9.85,12925
9.86,12922
9.87,12920
9.88,12914
9.89,12908
9.9,12903
9.91,12900
9.92,12894
9.93,12891
9.94,12887
9.95,12886
9.96,12884
9.97,12883
9.98,12882
9.99,12879
10.0,12878
10.01,12876
10.02,12872
10.03,12868
10.04,12864
10.05,12861
10.06,12858
10.07,12854
10.11,12852
10.12,12848
10.13,12845
10.14,12840
10.15,12837
10.16,12835
10.17,12831
10.18,12828
10.19,12825
10.2,12823
10.22,12822
10.23,12821
10.24,12818
10.25,12817
10.26,12816
10.9,12810
10.91,12805
10.92,12799
10.93,12797
10.94,12790
10.95,12785
10.96,12781
10.98,12780
11.01,12777
11.02,12774
11.03,12768
11.04,12765
11.05,12758
11.06,12752
11.07,12748
11.08,12746
11.09,12742
11.1,12740
11.11,12734
11.12,12732
11.14,12728
11.15,12724
11.16,12722
11.17,12718
11.18,12716
11.19,12714
11.2,12710
11.21,12709
11.22,12708
11.23,12705
11.24,12702
11.25,12700
11.26,12697
11.28,12694
11.29,12691
11.3,12689
11.31,12686
11.32,12681
11.33,12677
11.34,12675
11.35,12673
11.36,12671
11.37,12666
11.38,12663
11.39,12659
11.4,12655
11.41,12652
11.42,12650
11.43,12647
11.44,12645
11.45,12642
11.79,12640
11.8,12639
11.81,12635
11.82,12633
11.83,12627
11.84,12624
11.85,12622
11.86,12619
11.87,12616
11.88,12613
11.89,12609
11.9,12605
11.91,12601
11.92,12597
11.93,12592
11.94,12589
11.95,12588
11.96,12587
11.97,12580
11.98,12579
12.55,12576
12.56,12575
12.57,12572
12.58,12570
12.59,12567
12.6,12564
12.62,12562
12.63,12561
12.65,12560
12.66,12558
12.67,12554
12.68,12551
12.69,12548
12.7,12546
12.71,12545
12.72,12539
12.73,12537
12.74,12535
12.75,12530
12.76,12527
12.77,12524
12.78,12523
12.79,12520
12.8,12518
12.81,12512
12.82,12507
12.83,12504
12.84,12502
12.85,12498
12.86,12494
12.87,12493
12.88,12492
12.89,12488
12.9,12483
12.91,12480
12.93,12475
12.94,12473
12.95,12467
12.96,12463
12.97,12458
12.98,12455
13.01,12452
13.03,12449
13.04,12444
13.06,12439
13.07,12437
13.08,12435
13.09,12434
13.11,12433
13.12,12432
13.13,12427
13.14,12423
13.15,12422
13.16,12421
13.17,12418
13.18,12415
13.19,12411
13.2,12409
13.21,12405
13.22,12403
13.23,12401
13.24,12397
13.25,12393
13.29,12390
13.3,12389
13.31,12387
13.32,12379
13.33,12377
13.34,12374
13.35,12372
13.36,12367
13.37,12364
13.38,12362
13.39,12361
13.41,12358
13.42,12357
13.43,12355
13.46,12350
13.47,12347
13.48,12342
13.49,12341
13.5,12338
13.51,12333
13.52,12327
13.54,12326
13.55,12322
13.56,12321
13.57,12316
13.59,12315
13.6,12313
13.61,12311
13.62,12307
13.63,12303
13.64,12301
13.65,12297
13.66,12294
13.67,12293
13.68,12289
13.69,12288
13.74,12287
13.75,12286
13.77,12282
13.78,12279
13.79,12276
13.8,12275
13.81,12272
13.83,12268
13.84,12267
13.85,12264
13.86,12263
13.88,12261
13.89,12257
13.9,12253
13.91,12250
13.92,12247
13.93,12245
13.94,12242
13.95,12240
13.96,12239
13.97,12238
13.98,12236
13.99,12233
14.62,12232
14.65,12229
14.66,12227
14.67,12225
14.68,12223
14.69,12221
14.7,12216
14.71,12213
14.73,12210
14.74,12204
14.75,12201
14.76,12199
14.77,12197
14.78,12193
14.8,12191
14.81,12186
14.82,12184
14.83,12181
14.84,12175
14.85,12169
14.86,12165
14.88,12164
14.89,12161
14.9,12157
14.91,12156
14.92,12154
14.93,12150
14.94,12146
14.95,12143
14.96,12141
14.97,12138
14.98,12133
14.99,12130
15.0,12128
15.01,12125
15.02,12123
15.03,12118
15.04,12114
15.06,12113
15.07,12110
15.08,12109
15.09,12106
15.1,12104
15.11,12102
15.12,12099
15.13,12098
15.14,12093
15.15,12091
15.16,12089
15.17,12088
15.18,12084
15.2,12080
15.21,12078
15.22,12072
15.23,12071
15.26,12070
15.28,12068
15.29,12066
15.3,12065
15.32,12063
15.33,12062
15.34,12061
15.35,12058
15.36,12053
15.37,12051
15.39,12048
15.41,12044
15.42,12041
15.43,12040
15.44,12039
15.45,12038
15.46,12036
15.47,12034
15.48,12029
15.49,12028
15.5,12024
15.51,12020
15.52,12018
15.53,12013
15.54,12011
15.55,12010
15.56,12008
15.57,12004
15.58,12002
15.61,11999
15.62,11996
15.63,11994
15.64,11991
15.65,11990
15.66,11985
15.67,11982
15.68,11977
15.69,11976
15.7,11975
15.73,11974
15.74,11972
15.75,11970
15.76,11967
15.78,11965
15.79,11962
15.8,11958
15.81,11955
15.82,11953
15.83,11951
15.84,11950
16.12,11949
16.13,11948
16.14,11946
16.15,11944
16.16,11940
16.17,11937
16.18,11935
16.19,11933
16.2,11929
16.21,11926
16.22,11925
16.24,11924
16.25,11920
16.28,11918
16.29,11917
16.3,11912
16.31,11911
16.32,11908
16.33,11906
16.34,11904
16.37,11901
16.38,11897
16.39,11896
16.41,11893
16.42,11890
16.43,11889
16.44,11887
16.45,11886
16.47,11884
16.48,11877
16.5,11876
16.54,11875
16.55,11874
16.56,11873
16.58,11870
16.59,11867
16.6,11865
17.21,11862
17.22,11861
17.23,11858
17.89,11856
17.9,11852
17.92,11850
17.93,11848
17.94,11844
17.95,11840
17.96,11836
17.97,11832
17.98,11830
17.99,11825
18.01,11822
18.02,11820
18.03,11819
18.04,11817
18.07,11813
18.09,11812
18.1,11808
18.11,11806
18.12,11802
18.13,11798
18.14,11796
18.15,11794
18.16,11789
18.17,11787
18.18,11786
18.19,11784
18.2,11779
18.23,11778
18.24,11775
18.25,11772
18.26,11771
18.27,11767
18.28,11764
18.29,11761
18.3,11757
18.31,11755
18.32,11754
18.33,11752
18.34,11748
18.73,11746
18.74,11743
18.75,11742
18.76,11738
18.77,11735
18.78,11730
18.79,11729
18.81,11725
18.82,11719
18.83,11715
18.84,11714
18.85,11708
18.86,11703
18.87,11699
18.88,11694
18.89,11692
18.9,11690
18.91,11688
18.92,11687
18.93,11685
18.94,11683
18.95,11679
18.97,11675
18.98,11674
18.99,11671
19.0,11669
19.01,11667
19.02,11663
19.06,11661
19.07,11656
19.08,11652
19.1,11650
19.11,11647
19.68,11644
19.69,11643
19.7,11640
19.71,11639
19.72,11636
19.73,11634
19.74,11632
19.75,11631
19.76,11629
20.25,11628
21.0,11627
21.01,11625
21.02,11623
21.03,11622
21.04,11621
21.05,11619
21.06,11618
21.07,11615
21.08,11614
21.1,11613
21.12,11612
21.15,11609
21.16,11605
21.18,11601
21.2,11599
21.21,11598
21.23,11593
21.24,11592
21.25,11588
21.27,11585
21.28,11584
21.29,11583
21.3,11582
21.31,11581
21.32,11579
21.33,11577
21.34,11573
21.35,11570
21.36,11568
21.37,11567
21.38,11565
21.39,11564
21.42,11562
21.43,11558
21.44,11557
21.45,11553
21.46,11551
21.48,11549
21.51,11545
21.52,11541
21.55,11538
21.56,11534
21.58,11532
21.59,11529
21.6,11527
21.61,11526
21.63,11524
21.64,11523
21.65,11518
21.66,11516
21.67,11513
21.68,11509
21.69,11508
21.7,11506
21.71,11504
21.73,11503
21.75,11499
21.76,11498
21.77,11495
21.78,11494
21.79,11492
21.8,11486
21.81,11484
21.82,11482
21.83,11476
21.84,11472
21.85,11469
21.86,11465
21.87,11462
21.88,11461
21.9,11458
21.92,11456
21.93,11455
21.94,11454
21.95,11448
21.96,11444
21.97,11443
21.98,11442
21.99,11441
22.0,11440
22.01,11439
22.02,11438
22.03,11435
22.04,11431
22.05,11430
22.06,11428
22.07,11424
22.08,11420
22.09,11414
22.1,11408
22.11,11404
22.12,11403
22.13,11402
22.14,11400
22.15,11397
22.17,11393
22.18,11387
22.19,11384
22.2,11383
22.21,11381
22.22,11380
22.23,11378
22.24,11377
22.25,11373
22.26,11370
22.27,11369
22.28,11368
22.29,11366
22.31,11364
22.32,11361
22.33,11359
22.35,11358
22.36,11357
22.38,11355
22.39,11354
22.4,11352
22.42,11351
22.43,11348
22.45,11345
22.46,11342
22.47,11339
22.49,11336
22.5,11330
22.51,11328
22.52,11323
22.53,11321
22.54,11315
22.55,11312
22.56,11311
22.58,11310
22.59,11307
22.6,11305
22.61,11304
22.62,11302
22.64,11301
22.65,11297
22.67,11296
22.69,11294
22.7,11292
22.72,11290
22.73,11288
22.75,11287
22.76,11281
22.77,11278
22.78,11275
22.79,11271
22.8,11268
22.81,11267
22.82,11262
22.84,11261
22.85,11257
22.86,11252
22.88,11251
22.89,11249
22.9,11248
22.91,11246
22.92,11242
22.93,11238
22.94,11237
22.95,11236
22.96,11235
22.97,11233
22.98,11230
22.99,11229
23.02,11228
23.03,11224
23.04,11219
23.05,11217
23.06,11213
23.08,11212
23.11,11210
23.12,11208
23.14,11206
23.15,11205
23.16,11204
23.17,11202
23.18,11200
23.76,11198
23.79,11197
23.8,11192
23.81,11189
23.83,11185
23.85,11183
23.87,11181
23.88,11178
23.89,11177
23.9,11176
23.91,11175
23.92,11173
23.93,11172
23.96,11171
23.97,11168
23.98,11162
23.99,11161
24.0,11160
24.02,11159
24.04,11155
24.05,11154
24.06,11150
24.08,11148
24.09,11145
24.11,11143
24.12,11139
24.13,11138
24.14,11137
24.15,11134
24.18,11133
24.19,11128
24.2,11126
24.21,11123
24.22,11122
24.23,11121
24.24,11120
24.27,11116
24.28,11112
24.29,11110
24.3,11109
24.33,11107
24.34,11103
24.35,11098
24.36,11097
24.38,11091
24.39,11090
24.4,11088
24.41,11084
24.43,11082
24.45,11081
24.46,11078
24.47,11077
24.48,11071
24.49,11069
24.5,11065
24.51,11064
24.53,11063
24.54,11062
24.55,11059
24.56,11058
24.57,11056
24.58,11055
24.59,11053
24.6,11051
24.61,11050
24.62,11047
24.63,11043
24.64,11042
24.65,11038
24.66,11036
24.68,11035
24.7,11034
24.71,11029
24.72,11024
24.73,11022
24.74,11020
24.75,11018
24.76,11015
24.77,11011
24.78,11008
24.79,11007
24.8,11003
24.81,11002
24.82,10999
24.83,10997
24.84,10995
24.86,10992
24.87,10991
24.88,10989
24.89,10985
24.9,10983
24.91,10980
24.92,10977
24.93,10975
24.94,10974
24.95,10973
24.96,10971
24.97,10969
24.98,10964
25.01,10960
25.02,10957
25.03,10954
25.07,10952
25.09,10950
25.14,10948
25.16,10946
25.17,10945
25.18,10940
25.19,10938
25.2,10936
25.21,10933
25.22,10930
25.23,10927
25.73,10926
25.75,10925
25.76,10923
25.77,10921
25.78,10919
25.79,10918
25.8,10916
25.83,10914
25.84,10913
25.86,10912
25.87,10911
25.88,10908
25.89,10907
25.91,10905
25.92,10902
25.93,10899
25.96,10896
25.97,10895
25.98,10894
25.99,10893
26.0,10892
26.02,10890
26.03,10887
26.04,10885
26.68,10884
26.7,10880
26.71,10877
26.72,10876
26.73,10875
26.74,10874
26.75,10872
26.76,10871
26.77,10868
26.78,10866
26.8,10864
26.82,10862
26.83,10860
26.85,10858
26.86,10857
26.87,10856
26.89,10855
26.9,10854
26.91,10852
26.92,10848
26.96,10847
26.97,10844
26.99,10840
27.0,10836
27.01,10833
27.02,10832
27.03,10830
27.05,10828
27.06,10826
27.08,10823
27.09,10822
27.1,10819
27.11,10816
27.12,10813
27.13,10812
27.14,10811
27.16,10806
27.17,10804
27.18,10802
27.19,10798
27.2,10797
27.21,10795
27.23,10794
27.24,10793
27.25,10791
27.29,10790
27.3,10789
27.31,10787
27.32,10785
27.34,10784
27.35,10783
27.36,10782
27.37,10780
27.38,10779
27.39,10774
27.4,10769
27.41,10765
27.43,10763
27.44,10762
27.45,10761
27.46,10759
27.47,10755
27.48,10754
27.5,10749
27.52,10748
27.53,10747
27.54,10744
27.55,10740
27.56,10737
27.57,10735
27.59,10732
27.62,10729
27.63,10726
27.64,10723
27.65,10721
27.66,10715
27.67,10712
27.68,10710
27.7,10708
27.72,10706
27.73,10704
27.74,10703
27.76,10702
27.79,10699
27.82,10698
27.83,10696
27.84,10695
27.85,10693
27.86,10692
28.39,10691
28.4,10689
28.41,10686
28.42,10685
28.43,10684
28.45,10681
28.46,10680
28.47,10677
28.48,10676
28.5,10675
28.52,10673
28.53,10670
28.54,10668
28.55,10666
28.56,10662
28.57,10661
28.58,10658
28.59,10657
28.6,10654
28.61,10653
28.62,10651
28.63,10649
28.64,10648
28.65,10647
28.66,10645
28.67,10642
28.69,10638
28.73,10637
28.75,10634
28.76,10633
28.77,10632
28.79,10631
28.8,10627
28.81,10625
28.82,10624
28.83,10621
28.84,10620
28.86,10619
28.88,10618
28.9,10617
28.91,10616
28.93,10615
28.95,10612
28.96,10609
28.99,10608
29.01,10607
29.02,10604
29.03,10601
29.04,10596
29.05,10595
29.07,10591
29.08,10590
29.09,10588
29.1,10586
29.11,10583
29.12,10579
29.13,10578
29.14,10577
29.15,10575
29.16,10570
29.17,10569
29.18,10568
29.19,10567
29.2,10563
29.21,10562
29.22,10557
29.23,10555
29.25,10553
29.26,10551
29.27,10550
29.28,10548
29.29,10547
29.32,10542
29.34,10537
29.35,10534
29.36,10528
29.37,10526
29.38,10521
29.39,10520
29.4,10516
29.96,10514
29.97,10512
29.98,10509
29.99,10506
30.0,10504
30.01,10503
30.02,10499
30.03,10497
30.04,10494
30.05,10493
30.08,10492
30.09,10490
30.1,10487
30.14,10485
30.16,10480
30.17,10477
30.18,10475
30.19,10473
30.2,10470
30.21,10468
30.23,10467
30.24,10465
30.25,10463
30.26,10462
30.27,10459
30.3,10456
30.34,10454
30.39,10450
30.4,10448
30.41,10445
30.42,10443
30.43,10441
30.45,10438
30.47,10435
30.48,10432
30.5,10429
30.51,10427
30.52,10426
30.54,10423
30.55,10422
30.57,10420
30.58,10418
30.59,10416
30.6,10414
30.63,10411
30.64,10409
30.65,10406
30.67,10405
30.68,10402
30.73,10396
30.74,10391
30.76,10388
30.78,10386
30.79,10385
30.8,10381
30.81,10379
30.83,10377
30.84,10376
30.85,10375
30.86,10374
30.87,10372
30.88,10369
30.9,10365
30.91,10361
30.92,10360
30.93,10356
30.95,10352
30.96,10350
30.99,10348
31.0,10347
31.01,10346
31.02,10342
31.03,10337
31.04,10336
31.05,10330
31.07,10328
31.09,10327
31.1,10325
31.11,10324
31.13,10322
31.14,10320
31.16,10318
31.17,10317
31.18,10314
31.19,10312
31.2,10308
31.22,10305
31.24,10304
31.25,10303
31.26,10300
31.27,10299
31.29,10298
31.31,10296
31.33,10295
31.34,10292
31.35,10291
31.36,10290
31.38,10288
31.39,10284
31.41,10283
31.42,10280
31.43,10279
31.44,10276
31.45,10273
31.46,10272
31.47,10271
31.48,10268
31.49,10267
31.5,10266
31.52,10265
31.53,10264
31.54,10261
31.56,10260
31.57,10258
31.6,10254
31.64,10251
31.65,10248
31.66,10247
31.67,10246
31.68,10243
31.69,10242
31.7,10238
31.71,10237
31.72,10236
31.74,10233
31.75,10232
31.76,10231
31.79,10228
31.8,10226
31.81,10224
31.82,10222
31.83,10221
31.84,10220
31.88,10216
31.89,10215
31.9,10213
31.91,10212
31.92,10208
31.93,10207
31.94,10206
31.96,10204
31.97,10203
31.99,10200
32.0,10196
32.01,10194
32.02,10193
32.03,10192
32.05,10189
32.07,10187
32.08,10185
32.09,10184
32.1,10183
32.11,10182
32.12,10180
32.73,10179
32.74,10176
32.75,10174
32.76,10173
32.77,10172
32.78,10171
32.81,10170
32.82,10168
32.83,10164
32.84,10161
32.85,10160
32.86,10159
32.87,10155
32.88,10151
32.89,10149
32.9,10148
33.41,10145
33.42,10140
33.89,10139
33.91,10138
33.92,10137
33.93,10135
33.94,10133
33.95,10127
33.96,10125
34.0,10124
34.24,10121
34.25,10115
34.26,10113
34.27,10111
34.28,10106
34.29,10104
34.3,10101
34.33,10100
34.34,10097
34.37,10094
34.38,10092
34.4,10091
34.41,10090
34.42,10087
34.43,10086
34.45,10083
34.47,10080
34.48,10073
34.5,10069
34.51,10067
34.52,10066
34.53,10063
34.54,10062
34.55,10058
34.56,10056
34.57,10054
34.59,10051
34.6,10050
34.61,10049
34.62,10045
34.63,10043
34.64,10042
34.65,10040
34.66,10037
34.67,10036
34.68,10035
34.69,10032
34.71,10027
34.72,10026
34.73,10023
34.75,10022
34.77,10021
34.79,10020
34.8,10017
34.81,10015
35.22,10014
35.23,10012
35.24,10009
35.25,10007
35.27,10004
35.28,9999
35.32,9997
35.33,9995
35.34,9994
35.35,9991
35.36,9990
35.4,9989
35.41,9988
35.43,9986
35.47,9984
35.48,9983
35.49,9978
35.51,9977
35.52,9976
35.53,9973
35.54,9971
35.55,9970
35.56,9969
35.58,9966
35.59,9963
35.6,9961
35.61,9959
35.63,9957
35.65,9956
35.66,9955
35.67,9952
35.68,9951
35.69,9947
35.7,9946
35.72,9941
35.73,9940
35.74,9937
35.75,9935
35.76,9933
35.77,9931
36.01,9929
36.03,9925
36.05,9922
36.06,9918
36.07,9915
36.08,9914
36.1,9913
36.11,9910
36.12,9907
36.13,9906
36.15,9905
36.16,9904
36.63,9903
36.65,9902
36.66,9901
36.67,9900
36.68,9899
36.69,9898
36.7,9896
36.71,9894
36.72,9893
36.75,9892
36.77,9890
36.79,9886
36.8,9885
36.83,9884
36.84,9882
36.85,9881
36.86,9877
37.38,9875
37.39,9872
37.4,9869
37.41,9867
37.43,9866
37.44,9863
37.45,9861
37.47,9859
37.49,9858
37.5,9855
37.51,9853
37.55,9850
37.56,9849
37.58,9846
37.59,9844
37.6,9843
37.61,9839
37.63,9836
37.64,9829
37.66,9826
37.69,9823
37.7,9820
37.71,9817
37.72,9814
37.73,9810
37.74,9809
37.75,9806
37.76,9804
37.78,9803
37.81,9801
37.82,9799
37.83,9797
37.84,9793
37.86,9790
37.89,9788
37.91,9784
37.92,9778
37.93,9774
37.94,9772
37.95,9771
37.96,9769
37.97,9765
38.0,9764
38.01,9763
38.02,9762
38.04,9759
38.05,9757
38.06,9755
38.07,9753
38.08,9751
38.09,9748
38.1,9747
38.12,9745
38.13,9744
38.14,9741
38.16,9738
38.17,9735
38.19,9730
38.2,9728
38.24,9725
38.25,9721
38.26,9717
38.33,9716
38.36,9715
38.37,9714
38.39,9712
38.92,9710
38.93,9708
38.95,9707
38.96,9706
38.97,9704
38.98,9702
38.99,9698
39.0,9696
39.02,9694
39.03,9693
39.09,9692
39.1,9691
39.11,9690
39.12,9689
39.13,9687
39.16,9684
39.17,9681
39.18,9679
39.2,9676
39.21,9673
39.22,9672
39.23,9670
39.24,9668
39.25,9663
39.26,9661
39.29,9658
39.3,9656
39.31,9655
39.33,9652
39.35,9649
39.37,9643
39.38,9642
39.41,9641
39.42,9639
39.43,9635
39.46,9632
39.47,9631
39.98,9630
39.99,9629
40.01,9627
40.02,9624
40.03,9621
40.05,9619
40.07,9616
40.08,9613
40.09,9609
40.11,9605
40.12,9601
40.14,9599
40.15,9597
40.16,9596
40.17,9592
40.18,9591
40.2,9590
40.24,9588
40.26,9587
40.27,9584
40.29,9583
40.3,9582
40.31,9581
40.33,9579
40.36,9578
40.38,9577
40.39,9576
40.4,9572
40.42,9568
40.43,9563
40.44,9562
40.45,9560
40.46,9558
40.47,9555
40.48,9554
40.72,9553
41.3,9552
41.31,9549
41.33,9548
41.34,9547
41.36,9546
41.37,9545
41.38,9544
41.39,9540
41.4,9537
41.41,9533
41.43,9531
41.44,9528
41.45,9527
41.47,9525
41.48,9522
41.49,9521
41.5,9518
41.51,9513
41.52,9511
41.53,9510
41.57,9509
41.6,9507
41.61,9504
41.62,9502
41.67,9501
41.68,9497
41.69,9496
41.7,9495
41.72,9491
41.73,9490
41.76,9488
41.77,9485
41.78,9481
41.79,9480
41.8,9479
41.81,9476
41.82,9474
41.83,9472
41.84,9469
41.85,9466
41.86,9462
41.87,9460
41.88,9457
41.89,9455
41.91,9453
41.92,9452
41.93,9451
41.94,9450
41.95,9444
41.96,9442
41.99,9440
42.0,9436
42.02,9433
42.03,9430
42.04,9428
42.06,9427
42.07,9423
42.08,9420
42.55,9419
42.56,9414
42.57,9412
42.59,9409
42.61,9406
42.62,9405
42.87,9404
42.88,9398
42.89,9395
42.9,9394
42.91,9389
42.92,9387
42.93,9386
42.94,9385
42.95,9383
42.96,9382
42.97,9378
42.98,9375
42.99,9372
43.0,9370
43.01,9369
43.02,9361
43.03,9360
43.05,9359
43.06,9358
43.07,9354
43.08,9349
43.09,9347
43.1,9344
43.12,9340
43.14,9334
43.15,9331
43.17,9329
43.18,9328
43.39,9327
43.4,9326
43.41,9324
43.42,9323
43.44,9321
43.5,9318
43.51,9317
43.56,9315
43.57,9314
43.6,9313
43.61,9311
43.62,9310
43.63,9306
43.64,9305
43.65,9304
43.66,9303
43.67,9299
43.69,9298
43.7,9296
43.71,9295
43.73,9293
43.74,9291
43.77,9289
43.79,9287
43.82,9286
43.83,9282
43.84,9281
43.86,9279
43.88,9278
43.89,9277
43.9,9272
43.95,9271
43.96,9269
43.97,9265
43.98,9263
43.99,9262
44.0,9260
44.01,9256
44.02,9250
44.03,9249
44.48,9248
44.49,9247
44.5,9246
44.53,9244
44.54,9243
44.55,9242
44.58,9240
44.59,9238
44.6,9237
44.61,9236
44.62,9233
44.63,9230
44.64,9229
44.66,9227
44.67,9223
44.69,9221
44.75,9220
44.76,9219
44.77,9218
44.8,9217
44.81,9216
44.82,9214
44.84,9211
44.86,9209
44.87,9204
44.88,9203
44.89,9201
44.93,9200
44.94,9197
44.96,9196
44.97,9194
44.99,9192
45.0,9191
45.01,9187
45.02,9183
45.03,9179
45.04,9177
45.05,9175
45.06,9174
45.08,9171
45.09,9170
45.11,9169
45.13,9167
45.14,9163
45.15,9162
45.16,9161
45.17,9159
45.18,9156
45.2,9155
45.21,9152
45.24,9151
45.27,9148
45.28,9143
45.29,9140
45.32,9139
45.74,9138
45.75,9137
45.76,9133
45.77,9130
45.78,9125
45.8,9123
45.81,9121
45.82,9116
45.83,9113
45.84,9112
45.85,9111
45.86,9109
45.87,9108
45.88,9104
45.89,9103
45.91,9102
45.92,9096
45.93,9094
45.94,9092
45.95,9090
45.96,9089
45.97,9087
45.98,9084
45.99,9083
46.01,9082
46.02,9081
46.03,9079
46.04,9076
46.05,9074
46.07,9073
46.1,9072
46.11,9068
46.12,9067
46.14,9066
46.16,9063
46.17,9062
46.18,9061
46.19,9060
46.2,9057
46.21,9054
46.22,9053
46.24,9049
46.25,9047
46.27,9046
46.28,9045
46.29,9040
46.3,9038
46.32,9036
46.33,9033
46.35,9032
46.36,9030
46.37,9028
46.38,9027
46.39,9026
46.4,9025
46.42,9021
46.44,9019
46.45,9018
46.46,9015
46.49,9012
46.51,9011
46.74,9010
46.75,9009
46.76,9007
46.77,9005
46.79,9000
46.8,8998
46.81,8997
46.82,8995
46.84,8993
46.86,8990
46.87,8988
46.88,8984
46.89,8983
46.92,8981
46.93,8978
46.94,8977
46.95,8973
46.96,8968
46.97,8967
46.99,8966
47.0,8964
47.01,8959
47.02,8957
47.03,8956
47.04,8955
47.05,8954
47.06,8953
47.07,8952
47.08,8950
47.11,8948
47.12,8944
47.13,8942
47.14,8941
47.15,8940
47.16,8935
47.18,8934
47.22,8933
47.23,8929
47.24,8927
47.26,8923
47.27,8919
47.28,8916
47.29,8915
47.31,8914
47.32,8910
47.33,8907
47.34,8905
47.35,8904
47.36,8900
47.77,8895
47.79,8894
47.82,8891
47.83,8889
47.84,8888
47.85,8886
47.86,8883
47.87,8882
47.88,8881
47.9,8878
47.91,8876
47.92,8875
47.93,8870
47.94,8868
47.95,8867
47.96,8866
47.97,8863
48.0,8860
48.01,8859
48.03,8854
48.04,8853
48.06,8852
48.07,8849
48.08,8847
48.09,8846
48.1,8845
48.11,8844
48.12,8840
48.13,8838
48.14,8834
48.15,8833
48.16,8831
48.17,8827
48.2,8826
48.22,8824
48.24,8823
48.25,8822
48.26,8821
48.27,8819
48.3,8818
48.31,8817
48.32,8816
48.33,8815
48.34,8811
48.35,8809
48.36,8806
48.37,8804
48.38,8801
48.39,8797
48.42,8792
48.43,8788
48.44,8786
48.47,8785
48.48,8784
48.5,8781
48.51,8779
48.52,8778
48.53,8775
48.54,8774
48.55,8773
48.56,8770
48.58,8766
48.6,8762
48.61,8759
48.62,8757
48.63,8752
48.64,8751
48.66,8750
48.67,8746
48.73,8743
48.74,8742
48.76,8740
48.77,8738
48.78,8737
48.79,8734
48.81,8733
48.83,8731
48.85,8730
48.87,8729
48.88,8727
48.89,8721
48.9,8719
48.91,8716
48.93,8710
48.95,8708
48.96,8707
48.97,8706
48.98,8704
48.99,8703
49.0,8699
49.01,8697
49.05,8696
49.06,8693
49.08,8692
49.09,8690
49.1,8687
49.32,8686
49.33,8684
49.34,8680
49.36,8679
49.84,8678
49.85,8675
49.87,8672
49.88,8667
49.89,8662
49.9,8661
49.91,8660
49.93,8659
49.94,8657
49.98,8656
50.0,8654
50.01,8652
50.03,8651
50.07,8650
50.08,8649
50.09,8647
50.1,8643
50.11,8638
50.12,8636
50.13,8633
50.14,8630
50.16,8629
50.17,8628
50.39,8627
50.4,8622
50.41,8617
50.42,8615
50.43,8612
50.44,8611
50.45,8610
50.46,8608
50.47,8605
50.48,8604
50.49,8603
50.5,8602
50.52,8600
50.53,8598
50.54,8595
50.55,8593
50.59,8592
50.6,8591
50.62,8589
50.63,8586
50.66,8583
50.67,8580
50.7,8578
50.71,8576
50.72,8571
50.73,8569
50.75,8568
50.76,8564
50.77,8559
50.78,8558
50.8,8554
50.83,8551
50.84,8549
50.86,8547
50.89,8546
50.9,8544
50.91,8542
50.92,8541
51.14,8539
51.15,8538
51.16,8536
51.17,8535
51.18,8533
51.19,8530
51.2,8527
51.21,8524
51.22,8521
51.24,8517
51.25,8516
51.26,8513
51.27,8512
51.28,8510
51.29,8508
51.3,8503
51.31,8501
51.32,8497
51.34,8495
51.35,8494
51.36,8491
51.37,8490
51.38,8488
51.39,8487
51.4,8486
51.41,8485
51.42,8484
51.44,8482
51.45,8480
51.47,8477
51.48,8473
51.49,8470
51.5,8467
51.89,8465
51.9,8461
51.91,8457
51.93,8455
51.96,8453
51.98,8452
52.0,8450
52.01,8449
52.02,8446
52.04,8445
52.05,8443
52.07,8442
52.08,8441
52.1,8439
52.11,8436
52.12,8435
52.14,8433
52.15,8432
52.16,8431
52.17,8422
52.18,8421
52.2,8420
52.21,8419
52.22,8416
52.24,8414
52.26,8412
52.27,8411
52.29,8410
52.3,8408
52.32,8407
52.33,8406
52.34,8405
52.35,8403
52.36,8402
52.38,8397
52.4,8396
52.41,8394
52.43,8393
52.44,8391
52.45,8390
52.46,8384
52.47,8382
52.48,8380
52.49,8378
52.5,8374
52.52,8372
52.53,8371
52.55,8370
52.56,8369
52.57,8367
52.58,8366
52.59,8364
52.61,8361
52.63,8357
52.64,8356
52.65,8354
52.66,8351
52.7,8348
52.72,8345
52.73,8343
52.74,8342
52.75,8341
52.78,8339
52.79,8337
52.8,8336
52.83,8333
52.84,8328
52.85,8327
52.86,8326
52.87,8325
52.89,8323
52.9,8320
52.91,8319
52.92,8318
52.93,8317
52.97,8315
52.98,8314
53.0,8311
53.01,8310
53.02,8309
53.03,8307
53.04,8301
53.05,8300
53.08,8299
53.09,8298
53.1,8295
53.11,8293
53.12,8291
53.13,8290
53.56,8288
53.57,8286
53.59,8285
53.6,8283
53.61,8281
53.62,8280
53.63,8274
53.65,8273
53.66,8272
54.05,8269
54.06,8268
54.07,8264
54.09,8263
54.1,8262
54.13,8259
54.14,8255
54.15,8254
54.16,8251
54.25,8248
54.26,8245
54.27,8244
54.28,8242
54.33,8237
54.35,8236
54.36,8235
54.38,8232
54.4,8231
54.41,8229
54.43,8227
54.45,8226
54.46,8225
54.48,8224
54.51,8219
54.99,8218
55.0,8216
55.01,8214
55.02,8208
55.03,8206
55.05,8204
55.06,8203
55.11,8200
55.12,8197
55.13,8194
55.14,8193
55.36,8187
55.37,8184
55.38,8181
55.39,8180
55.4,8179
55.43,8177
55.44,8173
55.46,8168
55.47,8165
55.48,8164
55.49,8162
55.5,8161
55.52,8160
55.54,8157
55.55,8156
55.57,8154
55.6,8153
56.05,8152
56.08,8151
56.09,8149
56.48,8147
56.49,8146
56.5,8143
56.54,8142
56.55,8139
56.56,8136
56.57,8135
56.58,8134
56.59,8133
56.6,8131
56.61,8130
56.62,8127
56.63,8126
56.65,8125
56.66,8123
56.67,8120
56.7,8118
56.71,8115
56.72,8113
56.95,8112
56.96,8109
56.99,8107
57.02,8106
57.03,8102
57.04,8098
57.05,8095
57.06,8093
57.07,8091
57.08,8089
57.09,8087
57.11,8086
57.12,8083
57.13,8081
57.44,8078
57.87,8077
57.9,8076
57.93,8074
57.94,8073
57.95,8069
57.96,8066
57.99,8060
58.0,8058
58.02,8057
58.05,8054
58.06,8052
58.07,8047
58.08,8044
58.09,8042
58.11,8040
58.12,8037
58.13,8035
58.14,8031
58.15,8030
58.17,8027
58.18,8025
58.2,8023
58.21,8022
58.22,8019
58.23,8013
58.26,8011
58.27,8008
58.28,8006
58.3,8003
58.31,8002
58.33,7998
58.34,7997
58.35,7996
58.4,7995
58.41,7994
58.43,7993
58.44,7991
58.46,7989
58.47,7985
58.48,7982
58.5,7981
58.51,7978
58.54,7976
58.56,7975
58.57,7974
58.58,7969
58.6,7968
58.62,7967
58.64,7964
58.65,7962
58.66,7961
58.67,7959
58.69,7958
58.7,7955
58.72,7954
58.73,7952
58.77,7951
58.78,7950
58.79,7949
58.81,7946
59.16,7944
59.17,7942
59.2,7940
59.21,7938
59.22,7936
59.23,7932
59.24,7931
59.25,7928
59.27,7927
59.28,7925
59.71,7922
59.72,7921
59.73,7919
59.74,7917
59.76,7915
59.77,7913
59.78,7911
59.81,7910
59.82,7909
59.83,7908
59.84,7905
59.85,7903
59.86,7900
59.87,7896
59.9,7895
59.91,7894
59.92,7893
59.94,7889
59.95,7887
59.97,7882
59.98,7881
60.0,7879
60.01,7877
60.02,7876
60.03,7875
60.04,7874
60.05,7872
60.06,7871
60.07,7869
60.08,7868
60.09,7867
60.5,7866
60.51,7865
60.52,7863
60.55,7862
60.56,7859
60.58,7858
60.59,7857
60.6,7855
60.61,7852
60.62,7848
60.63,7846
60.64,7845
60.65,7843
60.66,7841
60.68,7838
60.69,7837
60.84,7836
60.85,7835
60.86,7833
60.87,7832
60.89,7829
60.91,7828
60.92,7824
60.93,7823
60.95,7818
60.96,7817
60.98,7811
60.99,7809
61.0,7808
61.01,7807
61.03,7803
61.07,7799
61.08,7798
61.1,7797
61.13,7792
61.14,7789
61.15,7788
61.16,7785
61.17,7784
61.18,7782
61.59,7781
61.6,7778
61.65,7777
61.66,7776
61.67,7775
62.06,7773
62.07,7772
62.08,7771
62.09,7769
62.1,7768
62.11,7767
62.12,7765
62.13,7764
62.14,7761
62.15,7760
62.17,7758
62.18,7757
62.54,7756
62.6,7754
62.61,7752
62.62,7751
62.65,7748
62.67,7747
62.7,7745
62.72,7744
62.73,7743
62.74,7738
62.75,7736
62.76,7731
62.77,7730
62.8,7727
62.81,7723
62.82,7722
62.83,7721
62.84,7718
62.85,7717
62.87,7716
62.88,7713
62.89,7712
62.9,7709
62.91,7707
62.92,7705
62.96,7704
62.99,7701
63.02,7698
63.03,7696
63.04,7693
63.05,7691
63.06,7689
63.07,7688
63.47,7687
63.48,7685
63.67,7684
63.69,7681
63.7,7680
63.71,7677
63.73,7675
63.74,7674
63.75,7673
63.76,7670
63.78,7668
63.8,7667
63.81,7665
63.82,7663
63.83,7660
63.84,7659
63.85,7658
63.86,7657
63.87,7656
63.88,7655
63.89,7652
63.9,7649
63.93,7646
64.14,7645
64.16,7643
64.18,7640
64.19,7637
64.2,7636
64.21,7634
64.22,7630
64.23,7628
64.28,7624
64.29,7621
64.31,7620
64.32,7618
64.33,7617
64.34,7614
64.35,7613
64.36,7612
64.38,7610
64.39,7605
64.41,7603
64.42,7602
64.45,7601
64.48,7600
64.49,7599
64.5,7598
64.51,7597
64.53,7595
64.54,7594
64.56,7593
64.59,7590
64.61,7587
64.63,7581
64.64,7580
64.65,7579
64.66,7577
64.67,7575
64.68,7572
64.69,7570
64.7,7568
64.74,7567
64.75,7565
64.78,7564
64.8,7563
64.82,7561
64.83,7559
64.85,7558
65.08,7557
65.1,7556
65.13,7553
65.14,7550
65.17,7548
65.18,7546
65.19,7543
65.58,7542
65.6,7541
65.61,7540
65.62,7539
65.63,7537
65.68,7535
65.7,7534
65.72,7532
65.73,7531
65.94,7530
65.95,7529
65.97,7528
65.98,7527
65.99,7522
66.0,7521
66.01,7520
66.02,7519
66.03,7515
66.05,7514
66.06,7512
66.07,7511
66.11,7510
66.12,7508
66.14,7505
66.18,7503
66.19,7501
66.52,7499
66.54,7498
66.94,7497
66.97,7494
67.0,7493
67.02,7489
67.03,7488
67.05,7484
67.1,7483
67.11,7481
67.12,7480
67.14,7479
67.15,7478
67.16,7475
67.17,7474
67.18,7472
67.19,7469
67.21,7466
67.22,7465
67.23,7464
67.25,7461
67.26,7460
67.27,7458
67.28,7457
67.6,7454
67.62,7453
67.63,7449
67.64,7448
67.65,7445
67.66,7442
67.67,7440
67.68,7438
67.69,7434
67.71,7431
67.72,7430
67.73,7428
67.74,7427
67.76,7426
67.77,7425
67.83,7423
67.85,7422
67.86,7415
67.87,7411
67.88,7409
67.89,7408
68.28,7407
68.29,7405
68.32,7404
68.33,7400
68.34,7399
68.35,7397
68.36,7396
68.37,7394
68.39,7393
68.4,7391
68.41,7388
68.42,7385
68.43,7383
68.44,7382
68.88,7381
69.18,7376
69.19,7372
69.21,7371
69.22,7370
69.23,7369
69.24,7367
69.25,7366
69.26,7364
69.27,7360
69.28,7358
69.29,7356
69.3,7355
69.33,7353
69.34,7352
69.36,7350
69.71,7348
69.72,7346
69.73,7344
69.75,7342
69.76,7341
69.77,7340
69.79,7338
69.8,7335
69.81,7333
69.82,7330
69.83,7328
69.84,7322
69.88,7321
70.51,7320
70.52,7315
70.53,7314
70.54,7312
70.55,7310
70.57,7308
70.58,7305
70.6,7302
70.96,7300
70.97,7295
71.0,7292
71.01,7291
71.02,7290
71.04,7287
71.06,7286
71.07,7285
71.08,7281
71.11,7280
71.12,7279
71.19,7278
71.2,7277
71.22,7275
71.24,7271
71.25,7270
71.26,7267
71.28,7265
71.3,7262
71.32,7261
71.34,7258
71.36,7257
71.37,7256
71.4,7253
71.41,7252
71.42,7251
71.45,7249
71.46,7248
71.48,7246
71.5,7245
71.54,7243
71.55,7241
71.56,7240
71.57,7239
71.59,7237
71.61,7236
71.63,7233
71.64,7231
71.92,7229
71.94,7227
72.26,7226
72.27,7224
72.3,7220
72.31,7218
72.32,7214
72.33,7212
72.52,7210
72.53,7206
72.54,7205
72.55,7204
72.88,7202
72.89,7200
72.9,7195
72.91,7194
72.94,7192
72.95,7191
72.96,7190
72.97,7189
72.99,7185
73.0,7182
73.02,7181
73.03,7179
73.04,7177
73.05,7176
73.06,7175
73.23,7174
73.24,7172
73.25,7171
73.26,7169
73.28,7167
73.33,7165
73.34,7163
73.4,7162
73.41,7159
73.43,7154
73.44,7152
73.45,7150
73.46,7148
73.47,7147
73.5,7146
73.51,7144
73.53,7143
73.54,7142
73.56,7141
73.57,7140
73.58,7138
73.59,7137
73.6,7136
73.62,7132
73.63,7127
73.97,7125
73.99,7121
74.01,7117
74.02,7116
74.03,7115
74.04,7114
74.05,7112
74.06,7111
74.08,7110
74.09,7109
74.11,7108
74.12,7106
74.15,7105
74.16,7103
74.19,7099
74.2,7096
74.22,7095
74.23,7093
74.24,7090
74.29,7088
74.3,7087
74.32,7086
74.33,7083
74.34,7080
74.38,7078
74.39,7076
74.43,7074
74.44,7073
74.45,7072
74.46,7071
74.47,7070
74.48,7069
74.49,7068
74.51,7065
74.52,7063
74.53,7060
74.54,7058
74.55,7056
74.56,7055
74.57,7054
74.59,7053
74.61,7048
74.63,7047
74.64,7044
74.98,7042
74.99,7040
75.0,7036
75.01,7035
75.18,7034
75.19,7031
75.2,7030
75.21,7028
75.25,7026
75.26,7025
75.27,7024
75.28,7023
75.29,7022
75.3,7020
75.31,7018
75.32,7017
75.33,7015
75.34,7014
75.35,7013
75.36,7009
75.38,7008
75.39,7007
75.4,7006
75.42,7005
75.43,7004
75.46,7003
75.5,7001
75.52,6998
75.55,6997
75.56,6994
75.58,6992
75.6,6989
75.61,6988
75.62,6987
75.66,6985
75.7,6984
75.71,6981
75.73,6980
75.74,6977
75.75,6975
75.77,6974
75.78,6973
75.8,6969
75.83,6968
75.85,6967
75.87,6966
75.88,6965
75.9,6964
75.92,6963
75.93,6961
75.94,6960
75.95,6959
75.96,6956
75.97,6954
75.99,6952
76.0,6947
76.01,6946
76.02,6942
76.03,6941
76.04,6940
76.25,6939
76.27,6937
76.29,6936
76.31,6935
76.34,6934
76.37,6931
76.41,6930
76.42,6929
76.43,6927
76.44,6926
76.45,6925
76.49,6923
76.5,6922
76.51,6920
76.58,6918
76.59,6916
76.65,6915
76.68,6914
76.69,6913
76.72,6912
76.73,6911
76.74,6909
76.75,6907
76.83,6906
76.85,6905
76.86,6902
76.87,6901
76.88,6900
76.89,6897
76.92,6895
76.93,6894
76.94,6892
76.95,6890
76.96,6889
76.97,6888
76.98,6887
76.99,6886
77.01,6884
77.02,6883
77.03,6882
77.04,6879
77.05,6878
77.06,6876
77.07,6875
77.08,6873
77.09,6872
77.1,6866
77.11,6865
77.12,6864
77.14,6862
77.18,6861
77.2,6859
77.21,6858
77.25,6857
77.26,6855
77.27,6854
77.28,6853
77.29,6849
77.3,6848
77.31,6845
77.32,6844
77.51,6842
77.55,6839
77.57,6836
77.58,6834
77.64,6831
77.71,6830
77.72,6828
77.73,6826
77.74,6823
77.75,6821
77.77,6817
77.79,6816
77.83,6814
77.87,6811
77.88,6809
77.89,6808
77.9,6806
77.91,6805
77.92,6802
77.93,6801
77.94,6798
77.95,6796
77.96,6795
78.17,6793
78.18,6792
78.19,6790
78.2,6787
78.21,6786
78.25,6782
78.26,6780
78.28,6779
78.29,6778
78.3,6775
78.31,6774
78.32,6773
78.74,6772
78.75,6771
78.95,6770
78.96,6769
78.98,6766
79.41,6765
79.43,6763
79.46,6761
79.47,6760
79.5,6759
79.51,6758
79.52,6757
79.53,6756
79.54,6753
79.57,6752
79.6,6751
79.61,6750
79.8,6745
79.81,6741
79.83,6740
79.84,6737
80.21,6736
80.22,6735
80.23,6732
80.59,6729
80.61,6728
80.83,6727
80.84,6726
80.85,6725
80.89,6724
80.9,6722
80.91,6721
80.92,6719
80.94,6718
80.95,6717
80.97,6716
81.2,6715
81.23,6714
81.25,6713
81.26,6712
81.28,6709
81.31,6708
81.34,6706
81.36,6703
81.37,6701
81.38,6699
81.42,6698
81.45,6696
81.46,6695
81.51,6693
81.54,6691
81.55,6690
81.57,6688
81.59,6687
81.6,6686
81.61,6685
81.63,6683
81.64,6679
81.66,6678
81.67,6676
81.68,6675
81.7,6672
81.71,6670
81.72,6665
81.73,6664
81.74,6663
81.75,6661
81.76,6658
81.83,6657
81.86,6655
81.87,6653
81.93,6652
81.94,6651
81.95,6649
81.96,6647
81.99,6644
82.0,6643
82.01,6642
82.02,6638
82.03,6637
82.04,6636
82.06,6635
82.07,6632
82.08,6629
82.09,6628
82.11,6627
82.13,6622
82.14,6621
82.15,6619
82.16,6617
82.18,6615
82.2,6614
82.22,6613
82.27,6612
82.28,6611
82.29,6610
82.31,6609
82.32,6607
82.34,6605
82.35,6604
82.36,6602
82.37,6599
82.38,6597
82.39,6595
82.42,6594
82.43,6592
82.44,6590
82.45,6589
82.75,6588
82.77,6586
82.78,6582
82.8,6581
82.81,6578
83.02,6577
83.03,6574
83.38,6573
83.55,6572
83.56,6571
83.58,6569
83.59,6568
83.6,6567
83.63,6566
83.64,6565
83.65,6564
83.68,6562
83.69,6561
83.7,6556
83.71,6554
83.72,6553
83.76,6551
83.77,6548
83.95,6547
83.96,6546
84.0,6544
84.06,6543
84.07,6541
84.09,6540
84.11,6539
84.12,6538
84.16,6537
84.17,6533
84.2,6532
84.21,6531
84.22,6530
84.23,6528
84.25,6527
84.27,6524
84.31,6522
84.32,6521
84.48,6520
84.49,6519
84.86,6517
84.87,6515
84.88,6514
84.89,6510
84.91,6507
84.92,6504
84.93,6501
84.94,6500
84.96,6499
84.98,6497
84.99,6495
85.03,6493
85.04,6492
85.05,6489
85.07,6488
85.08,6485
85.1,6484
85.12,6482
85.13,6480
85.14,6479
85.15,6478
85.17,6477
85.19,6475
85.2,6472
85.21,6471
85.22,6469
85.25,6466
85.27,6463
85.28,6461
85.29,6459
85.3,6458
85.31,6455
85.33,6454
85.34,6453
85.37,6452
85.38,6448
85.41,6446
85.42,6444
85.44,6443
85.45,6439
85.46,6437
85.48,6433
85.81,6431
85.84,6427
85.85,6426
85.91,6425
85.93,6421
85.94,6417
85.95,6414
85.96,6413
85.99,6412
86.0,6411
86.02,6409
86.05,6406
86.06,6404
86.08,6401
86.1,6399
86.11,6398
86.13,6397
86.14,6396
86.34,6395
86.35,6393
86.4,6392
86.44,6391
86.46,6390
86.48,6389
86.49,6387
86.5,6382
86.52,6381
86.69,6377
86.74,6376
86.77,6375
86.78,6373
86.79,6372
86.8,6370
86.85,6368
86.87,6366
86.89,6365
86.9,6364
86.93,6363
86.99,6362
87.0,6358
87.01,6356
87.03,6354
87.04,6353
87.09,6349
87.1,6347
87.92,6346
87.93,6345
87.94,6344
87.95,6343
87.97,6342
88.0,6336
88.04,6333
88.05,6330
88.38,6329
88.4,6328
88.43,6327
88.47,6325
88.48,6324
88.5,6323
88.51,6320
88.52,6317
88.87,6316
88.89,6314
88.92,6313
88.93,6312
88.94,6311
88.96,6309
88.98,6308
89.04,6306
89.05,6303
89.06,6302
89.09,6301
89.11,6297
89.14,6296
89.15,6295
89.17,6294
89.18,6293
89.19,6292
89.21,6291
89.22,6289
89.25,6288
89.26,6287
89.33,6285
89.35,6284
89.44,6283
89.45,6282
89.47,6281
89.5,6279
89.51,6276
89.52,6275
89.53,6274
89.54,6273
89.55,6272
89.58,6270
89.59,6267
89.61,6266
89.62,6265
89.66,6263
89.67,6261
89.7,6260
89.73,6257
89.74,6255
89.76,6250
89.77,6248
89.78,6247
89.95,6245
89.96,6244
89.98,6243
90.01,6242
90.02,6241
90.03,6239
90.04,6238
90.22,6237
90.24,6236
90.25,6234
90.26,6232
90.29,6229
90.32,6228
90.33,6225
90.34,6223
90.35,6220
90.36,6219
90.37,6217
90.41,6215
90.42,6211
90.43,6210
90.44,6206
90.45,6204
90.46,6203
90.48,6202
90.5,6200
90.53,6199
90.58,6198
90.59,6196
90.6,6195
90.63,6192
90.64,6191
90.65,6189
90.66,6188
90.67,6186
90.68,6185
90.72,6184
90.73,6182
90.74,6180
90.75,6179
90.8,6178
90.81,6177
90.82,6174
90.84,6173
90.86,6169
90.87,6168
90.88,6164
90.91,6162
90.94,6161
90.96,6158
90.99,6156
91.0,6155
91.02,6154
91.03,6153
91.07,6150
91.08,6149
91.1,6147
91.13,6146
91.14,6145
91.16,6143
91.51,6142
91.52,6141
91.53,6139
91.55,6138
91.58,6135
91.6,6133
91.62,6131
92.08,6130
92.09,6127
92.13,6125
92.14,6124
92.15,6123
92.16,6122
92.17,6121
92.23,6119
92.25,6117
92.6,6116
92.61,6115
92.62,6114
92.64,6113
92.66,6110
92.75,6109
92.78,6107
92.8,6105
92.85,6103
92.86,6102
92.88,6101
92.9,6098
92.92,6096
92.93,6095
92.95,6094
92.96,6093
92.98,6092
92.99,6091
93.0,6090
93.01,6089
93.07,6088
93.1,6086
93.11,6084
93.13,6083
93.14,6082
93.16,6081
93.19,6080
93.2,6078
93.22,6076
93.23,6074
93.24,6071
93.25,6069
93.26,6068
93.27,6067
93.29,6066
93.3,6064
93.31,6063
93.36,6062
93.37,6061
93.39,6060
93.4,6059
93.42,6058
93.45,6057
93.47,6055
93.49,6054
93.51,6053
93.81,6051
93.82,6050
93.88,6049
93.9,6048
93.93,6047
93.95,6044
93.96,6043
93.97,6040
94.0,6039
94.02,6038
94.05,6037
94.07,6036
94.08,6035
94.09,6032
94.12,6031
94.17,6027
94.18,6025
94.19,6020
94.2,6019
94.21,6018
94.22,6015
94.23,6012
94.24,6011
94.25,6010
94.27,6009
94.41,6005
94.81,6004
95.01,6003
95.02,6002
95.04,6001
95.05,6000
95.06,5999
95.1,5998
95.11,5995
95.12,5992
95.13,5991
95.14,5990
95.16,5988
95.17,5987
95.18,5986
95.19,5985
95.21,5984
95.23,5981
95.24,5979
95.25,5977
95.26,5975
95.27,5974
95.3,5973
95.32,5972
95.36,5971
95.39,5970
95.42,5968
95.43,5967
95.47,5966
95.5,5964
95.54,5962
95.55,5960
95.61,5959
95.66,5957
95.67,5954
95.68,5952
95.69,5951
95.73,5950
95.74,5949
96.09,5948
96.1,5947
96.11,5946
96.12,5945
96.13,5944
96.14,5942
96.15,5941
96.18,5940
96.2,5937
96.22,5934
96.23,5933
96.24,5930
96.25,5929
96.29,5925
96.48,5923
96.52,5921
96.56,5919
96.6,5918
96.63,5917
96.65,5915
96.66,5914
97.05,5912
97.08,5911
97.11,5910
97.13,5909
97.14,5908
97.16,5907
97.22,5905
97.24,5904
97.67,5903
97.7,5902
97.73,5901
97.74,5899
97.75,5898
97.76,5897
97.77,5896
97.79,5895
97.8,5893
97.82,5892
97.83,5890
97.85,5888
98.05,5886
98.06,5885
98.09,5884
98.11,5883
98.13,5882
98.46,5881
98.48,5880
98.51,5879
98.54,5878
98.56,5875
98.61,5872
98.62,5871
98.63,5870
98.65,5869
98.66,5868
98.67,5864
98.7,5862
98.72,5858
98.75,5855
98.76,5853
98.79,5852
98.8,5850
98.82,5848
98.86,5847
98.88,5845
98.93,5844
98.94,5842
98.96,5841
98.98,5840
99.32,5838
99.48,5836
99.49,5834
99.5,5832
99.51,5831
99.74,5830
100.06,5828
100.09,5827
100.11,5823
100.12,5822
100.13,5820
100.14,5819
100.16,5818
100.18,5815
100.21,5813
100.65,5812
100.67,5811
100.68,5808
101.04,5806
101.06,5805
101.08,5803
101.14,5801
101.51,5799
101.52,5798
101.54,5797
101.55,5796
101.57,5794
101.63,5791
101.68,5789
101.69,5788
101.7,5787
101.75,5786
101.76,5785
101.78,5783
101.85,5782
101.87,5781
101.88,5780
101.89,5779
101.93,5777
101.97,5776
102.22,5775
102.23,5774
102.24,5773
102.25,5772
102.28,5769
102.3,5767
102.34,5765
102.35,5764
102.38,5763
102.4,5762
102.41,5761
102.45,5760
102.68,5759
102.71,5758
102.76,5757
102.77,5756
102.83,5755
102.91,5754
102.95,5753
102.97,5752
102.99,5751
103.0,5750
103.02,5749
103.16,5748
103.18,5746
103.19,5745
103.2,5743
103.63,5742
103.64,5741
103.65,5740
103.67,5737
103.68,5736
103.7,5735
103.79,5734
103.8,5733
103.82,5732
103.93,5731
103.95,5729
104.02,5728
104.04,5726
104.07,5725
104.08,5724
104.09,5723
104.1,5722
104.11,5720
104.19,5718
104.63,5717
104.65,5716
104.66,5714
104.67,5713
104.69,5711
104.7,5710
104.71,5709
105.05,5708
105.07,5707
105.08,5706
105.11,5705
105.19,5703
105.26,5702
105.64,5701
105.65,5700
105.68,5699
105.69,5698
105.72,5697
105.73,5693
105.77,5692
105.79,5691
106.15,5690
106.18,5689
106.2,5687
106.55,5686
106.93,5683
106.98,5681
106.99,5680
107.03,5679
107.24,5678
107.26,5677
107.28,5676
107.34,5675
107.35,5674
107.39,5673
107.4,5672
107.41,5671
107.76,5670
108.13,5669
108.16,5668
108.17,5667
108.18,5666
108.22,5665
108.25,5663
108.27,5662
108.28,5661
108.29,5660
108.3,5659
108.33,5658
108.34,5657
108.38,5656
108.4,5655
108.42,5654
108.44,5652
108.48,5651
108.5,5650
108.51,5649
108.56,5648
108.59,5645
108.61,5644
108.71,5643
108.72,5642
108.81,5640
108.83,5637
108.88,5636
108.9,5635
108.91,5634
108.92,5633
108.93,5632
108.96,5631
108.98,5629
109.0,5628
109.44,5627
109.48,5626
109.51,5624
109.52,5623
109.72,5622
110.15,5621
110.5,5620
110.51,5619
110.53,5618
110.56,5617
110.57,5616
110.58,5614
110.59,5611
110.61,5610
110.63,5609
110.64,5608
110.67,5605
110.68,5603
110.7,5601
110.72,5599
110.77,5598
110.81,5597
110.82,5596
110.85,5595
111.27,5594
111.29,5593
111.3,5592
111.32,5590
111.36,5588
111.38,5587
111.75,5586
111.86,5585
111.88,5584
111.9,5583
111.97,5582
112.02,5581
112.12,5579
112.13,5578
112.14,5577
112.52,5575
112.53,5574
112.54,5573
112.57,5572
112.59,5571
112.63,5569
112.65,5568
112.67,5567
112.68,5566
112.73,5565
112.78,5564
112.84,5563
112.9,5562
112.91,5561
112.93,5560
112.94,5558
113.03,5552
113.24,5551
113.26,5549
113.29,5548
113.32,5547
113.36,5546
113.45,5545
113.52,5544
113.55,5543
113.57,5542
113.59,5539
113.61,5538
113.62,5537
113.63,5536
113.66,5535
113.69,5534
113.71,5533
113.76,5531
113.77,5530
113.78,5529
113.8,5528
113.81,5527
113.82,5525
113.85,5524
113.87,5523
113.89,5522
113.93,5520
113.98,5519
114.03,5518
114.62,5517
114.65,5516
114.66,5513
114.68,5512
114.69,5511
114.7,5510
114.75,5509
114.79,5507
114.82,5506
114.84,5505
114.85,5504
114.86,5503
114.87,5501
114.88,5500
114.9,5499
114.92,5496
115.1,5495
115.11,5494
115.15,5493
115.16,5490
115.19,5489
115.2,5488
115.54,5486
115.56,5485
116.04,5484
116.3,5482
116.37,5480
116.39,5479
116.44,5477
116.46,5476
116.47,5475
116.5,5474
116.53,5473
116.58,5472
116.6,5471
116.61,5470
116.62,5469
116.64,5467
116.68,5466
116.7,5465
117.29,5464
117.3,5463
117.7,5462
117.72,5461
117.73,5460
117.75,5458
117.77,5457
117.81,5456
117.83,5455
117.85,5454
117.86,5453
117.87,5451
117.89,5450
117.9,5449
117.91,5448
117.98,5447
118.01,5446
118.02,5445
118.11,5444
118.16,5443
118.17,5442
118.48,5441
118.88,5439
118.9,5438
118.93,5437
118.98,5436
118.99,5434
119.0,5433
119.04,5432
119.15,5431
119.19,5430
119.22,5429
119.25,5427
119.28,5426
119.31,5422
119.34,5421
119.99,5420
120.0,5418
120.01,5415
120.02,5411
120.05,5410
120.38,5409
120.84,5408
120.87,5406
120.95,5405
120.96,5404
121.03,5402
121.06,5401
121.08,5400
121.09,5398
121.1,5397
121.11,5396
121.32,5395
121.34,5394
121.39,5393
121.4,5390
121.44,5389
121.52,5388
121.53,5387
121.54,5386
121.57,5385
121.58,5384
121.62,5383
121.71,5382
121.95,5381
122.04,5379
122.05,5378
122.32,5377
122.33,5375
122.67,5373
122.87,5372
122.89,5371
122.97,5370
123.0,5369
123.02,5368
123.33,5367
123.36,5366
123.38,5365
123.46,5364
124.17,5362
124.19,5361
124.22,5358
124.3,5357
124.32,5356
124.71,5353
124.74,5351
124.79,5350
125.21,5349
125.24,5348
125.27,5346
125.28,5345
125.39,5344
125.45,5343
125.65,5341
125.67,5340
125.9,5339
126.16,5338
126.27,5337
126.3,5336
126.53,5334
126.92,5333
126.93,5332
126.97,5331
126.98,5329
127.04,5328
127.07,5327
127.17,5326
127.18,5325
127.19,5323
127.6,5322
127.61,5321
127.62,5317
127.69,5316
127.7,5314
127.74,5313
127.75,5312
127.84,5311
127.86,5310
127.88,5309
127.9,5308
127.93,5307
127.94,5306
127.96,5305
128.25,5303
128.7,5302
128.71,5301
128.74,5300
128.77,5299
128.95,5298
128.99,5297
129.05,5295
129.07,5294
129.28,5293
129.31,5292
129.32,5291
129.34,5290
129.39,5289
129.44,5288
129.51,5287
129.52,5286
129.55,5285
129.58,5284
129.61,5283
129.62,5282
129.64,5281
129.67,5280
129.7,5279
129.73,5278
129.81,5277
129.82,5276
129.85,5275
129.88,5274
129.9,5273
129.95,5270
129.97,5269
129.98,5267
130.02,5266
130.42,5264
130.5,5263
130.75,5262
131.21,5261
131.23,5260
131.26,5259
131.27,5258
131.29,5257
131.3,5256
131.31,5255
131.34,5254
131.37,5252
131.38,5251
131.6,5249
131.63,5248
131.65,5247
131.82,5246
131.87,5245
131.92,5244
131.96,5243
131.99,5242
132.44,5241
132.45,5240
132.46,5239
132.78,5237
132.8,5236
132.81,5234
133.28,5233
133.32,5232
133.42,5231
133.43,5230
133.45,5229
133.49,5227
133.66,5226
133.69,5224
133.7,5223
134.16,5221
134.24,5220
134.35,5219
134.37,5218
134.45,5217
134.59,5216
134.87,5215
134.89,5214
134.9,5213
135.0,5212
135.01,5210
135.06,5208
135.07,5207
135.09,5206
135.1,5205
135.14,5204
135.16,5203
135.31,5202
135.37,5201
135.38,5200
135.43,5199
135.45,5198
135.51,5197
135.93,5196
135.95,5195
135.96,5194
136.03,5193
136.26,5192
136.75,5190
136.77,5189
136.8,5188
136.81,5187
136.84,5185
137.12,5184
137.16,5183
137.22,5182
137.26,5181
137.28,5180
137.3,5179
137.32,5178
137.57,5177
137.58,5176
138.01,5175
138.09,5173
138.1,5172
138.14,5171
138.19,5170
138.25,5169
138.33,5167
138.36,5166
138.37,5165
138.4,5164
138.74,5163
138.76,5162
138.79,5161
138.82,5160
138.85,5159
138.91,5158
138.96,5156
139.03,5155
139.06,5154
139.07,5153
139.21,5152
139.22,5151
139.73,5150
139.91,5149
139.99,5148
140.04,5147
140.07,5146
140.19,5145
140.2,5143
140.25,5142
140.28,5141
140.42,5140
140.43,5139
140.48,5138
140.82,5137
140.83,5136
140.85,5134
140.86,5133
140.95,5132
141.35,5131
141.36,5130
141.37,5129
141.42,5128
141.45,5127
141.49,5126
141.54,5125
141.66,5124
141.69,5123
141.74,5122
141.76,5121
141.82,5120
141.84,5119
141.86,5118
142.68,5117
142.74,5116
142.77,5115
143.59,5114
143.65,5112
143.68,5111
143.74,5110
144.12,5109
144.14,5108
144.15,5107
144.25,5106
144.33,5105
144.38,5104
144.42,5103
144.68,5102
144.69,5101
144.7,5100
144.72,5099
144.86,5098
144.87,5097
144.95,5096
144.98,5095
145.06,5094
145.07,5093
145.24,5092
145.27,5091
145.28,5090
145.32,5089
145.52,5088
145.53,5087
145.55,5086
145.57,5085
145.6,5084
145.64,5083
145.66,5082
145.97,5081
145.98,5080
146.0,5079
146.02,5077
146.13,5076
146.16,5075
146.17,5074
146.23,5072
146.26,5071
146.5,5070
146.52,5069
146.56,5068
146.74,5067
146.8,5066
146.81,5065
147.07,5064
147.08,5063
147.16,5061
147.23,5060
147.25,5059
147.28,5056
147.31,5055
147.34,5054
147.35,5053
147.36,5052
147.37,5051
147.44,5050
147.79,5049
147.92,5048
147.95,5047
147.99,5046
148.0,5045
148.01,5044
149.03,5043
149.08,5042
149.98,5041
150.05,5040
150.13,5039
150.2,5037
150.76,5036
150.82,5035
150.85,5034
151.27,5033
151.34,5032
151.37,5031
151.41,5029
151.42,5027
151.81,5026
153.32,5025
153.36,5024
153.78,5023
153.83,5022
153.86,5021
153.89,5020
153.95,5018
154.01,5017
154.18,5016
154.83,5015
154.85,5014
155.21,5013
155.3,5012
155.38,5011
155.8,5010
156.28,5009
156.3,5008
156.51,5007
156.52,5006
156.57,5005
156.6,5004
156.62,5003
156.64,5002
156.68,5000
156.78,4998
156.8,4996
156.81,4995
156.82,4994
156.86,4993
157.41,4992
157.43,4991
157.58,4990
157.59,4989
157.68,4988
157.76,4987
158.19,4986
158.24,4985
158.29,4984
158.34,4983
158.66,4982
158.71,4981
158.72,4980
158.88,4979
159.18,4978
159.23,4977
159.52,4976
159.59,4975
159.64,4974
159.87,4973
159.88,4972
159.92,4971
160.33,4970
160.44,4969
160.62,4968
160.63,4967
161.1,4966
161.72,4965
161.84,4964
161.87,4963
161.91,4962
162.19,4960
162.29,4959
162.31,4958
162.33,4957
162.35,4956
162.36,4955
162.38,4954
162.94,4953
163.19,4952
163.5,4951
163.57,4950
163.58,4949
163.69,4948
163.8,4947
163.96,4946
164.1,4945
164.11,4944
164.16,4943
164.17,4942
164.35,4941
164.63,4940
164.75,4939
164.76,4938
165.22,4937
165.25,4936
165.33,4935
165.41,4934
165.45,4933
165.47,4932
166.46,4931
167.17,4930
167.18,4929
167.24,4928
167.31,4927
167.57,4926
167.69,4925
167.75,4924
167.78,4923
168.21,4922
168.42,4921
168.67,4920
168.71,4919
168.83,4918
168.84,4917
169.02,4916
169.16,4915
169.17,4914
169.21,4913
170.22,4912
170.49,4911
171.91,4910
172.75,4909
172.77,4908
172.78,4907
172.87,4906
172.88,4905
173.06,4904
173.59,4903
174.14,4902
174.57,4901
174.62,4900
174.65,4899
175.18,4898
175.21,4897
175.54,4896
175.64,4895
176.04,4894
176.64,4893
176.66,4892
176.68,4891
176.91,4890
176.92,4889
176.94,4888
176.98,4887
177.0,4886
177.06,4885
177.12,4884
177.19,4883
177.39,4881
177.85,4880
177.88,4879
177.9,4878
177.94,4877
178.01,4876
178.13,4875
178.45,4874
178.97,4873
179.2,4872
179.65,4871
179.66,4870
179.7,4869
179.73,4868
179.9,4867
180.27,4866
180.29,4865
180.36,4864
180.95,4863
181.06,4862
181.22,4861
181.26,4860
181.31,4859
181.35,4858
181.76,4857
181.78,4856
181.89,4855
182.35,4854
182.39,4853
182.4,4852
182.81,4851
182.82,4849
183.28,4848
183.31,4847
183.34,4846
183.43,4845
183.84,4844
184.39,4843
184.89,4842
184.98,4841
184.99,4840
185.07,4839
185.08,4838
185.1,4837
185.6,4836
185.74,4835
185.78,4834
185.81,4833
185.83,4832
185.84,4831
186.12,4830
186.19,4829
186.48,4828
187.16,4827
187.27,4826
187.41,4825
187.48,4824
187.51,4823
187.58,4822
187.59,4821
187.62,4820
187.73,4819
187.91,4818
187.92,4816
188.06,4815
188.15,4814
188.32,4813
188.34,4812
188.35,4811
188.41,4810
188.48,4809
188.56,4808
188.59,4807
189.41,4806
189.91,4805
189.97,4804
190.32,4803
190.38,4802
190.78,4801
191.11,4800
191.36,4799
191.74,4798
192.69,4797
193.68,4795
194.52,4794
194.54,4793
194.86,4792
194.94,4791
195.08,4790
195.16,4789
196.2,4788
197.11,4787
197.63,4786
198.47,4785
198.89,4784
198.93,4783
199.2,4782
199.27,4781
199.28,4780
199.74,4779
199.99,4778
200.08,4777
200.27,4776
200.33,4775
200.65,4774
201.03,4772
201.12,4771
201.35,4770
201.37,4769
201.61,4768
201.72,4767
202.55,4766
203.43,4765
203.5,4764
203.57,4763
203.61,4762
204.21,4761
204.34,4760
204.35,4759
204.54,4758
205.6,4757
205.63,4756
206.71,4755
207.36,4754
207.67,4753
208.14,4752
208.2,4751
208.29,4750
209.21,4749
209.92,4748
210.66,4747
211.17,4746
211.64,4745
211.93,4744
212.13,4742
212.16,4741
212.17,4740
212.82,4739
212.87,4738
213.45,4737
214.75,4736
214.77,4735
214.99,4734
215.09,4733
215.13,4732
216.65,4731
217.18,4730
217.4,4729
217.8,4728
217.96,4727
218.36,4726
218.56,4725
220.03,4724
220.74,4723
221.54,4722
221.57,4721
221.66,4720
222.43,4719
222.45,4718
222.65,4717
223.41,4716
223.76,4715
224.81,4714
225.98,4713
226.36,4712
226.59,4711
226.85,4710
227.19,4709
227.21,4708
227.35,4707
228.04,4706
229.26,4705
230.8,4704
231.07,4703
232.51,4702
233.19,4701
233.25,4700
233.97,4699
234.31,4698
234.75,4697
235.38,4695
235.39,4694
237.37,4693
237.41,4692
238.78,4691
238.79,4690
239.03,4689
240.2,4688
240.25,4687
241.75,4686
241.83,4685
242.75,4684
242.88,4683
243.41,4682
244.5,4681
244.56,4680
245.8,4679
245.92,4678
248.43,4677
248.71,4676
249.87,4675
251.3,4674
251.77,4673
252.13,4672
252.25,4671
252.42,4669
252.53,4668
252.61,4667
253.04,4666
254.45,4665
255.52,4664
255.94,4663
258.91,4662
259.34,4661
260.49,4660
260.56,4659
261.07,4658
261.49,4657
261.72,4656
262.14,4655
264.49,4654
265.05,4653
265.65,4652
266.57,4651
266.93,4650
269.77,4649
270.05,4648
270.33,4647
271.65,4646
272.12,4645
272.64,4644
275.7,4643
276.28,4642
277.65,4641
278.7,4640
280.91,4639
281.52,4638
282.18,4637
282.72,4636
283.18,4635
283.57,4634
285.21,4633
285.52,4632
285.95,4631
288.0,4630
288.55,4629
288.96,4628
292.09,4627
292.23,4626
292.93,4625
295.27,4623
298.71,4622
299.28,4621
299.61,4620
300.81,4619
303.33,4618
305.21,4617
305.52,4616
306.6,4615
307.15,4614
313.32,4613
316.62,4612
316.9,4611
318.31,4610
318.45,4609
319.28,4608
319.83,4607
320.71,4606
321.28,4605
323.09,4604
323.19,4603
323.54,4602
327.91,4601
331.82,4600
333.76,4599
335.98,4598
336.27,4597
337.22,4596
340.0,4595
342.51,4594
345.71,4593
346.53,4592
349.4,4591
353.74,4590
356.76,4589
360.16,4588
360.99,4587
363.48,4586
364.65,4585
364.96,4584
365.52,4583
366.28,4582
366.8,4581
368.11,4580
368.87,4579
375.86,4578
379.1,4577
379.85,4576
383.76,4575
386.7,4574
389.86,4573
393.42,4572
395.05,4571
401.57,4570
402.05,4569
406.78,4568
420.03,4567
424.6,4566
504.65,4565
515.1,4564
551.01,4563
573.43,4562
