0.0,14106
0.01,14100
0.02,14092
0.03,14083
0.04,14079
0.05,14076
0.06,14070
0.07,14064
0.08,14057
0.09,14052
0.1,14049
0.11,14038
0.12,14030
0.13,14021
0.14,14016
0.15,14011
0.16,14002
0.17,13997
0.18,13994
0.19,13989
0.2,13981
0.21,13975
0.22,13968
0.23,13964
0.24,13960
0.25,13953
0.26,13947
0.27,13942
0.28,13935
0.29,13927
0.3,13920
0.31,13919
0.75,13916
0.76,13907
0.77,13901
0.78,13893
0.79,13886
0.8,13880
0.81,13877
0.82,13869
0.83,13863
0.84,13856
0.85,13850
0.86,13845
0.87,13839
0.88,13834
0.89,13830
0.9,13827
0.91,13821
0.92,13820
1.39,13818
1.4,13811
1.41,13805
1.42,13799
1.43,13791
1.44,13783
1.45,13775
1.46,13770
1.47,13765
1.48,13764
1.49,13758
1.5,13751
1.51,13744
1.52,13738
1.53,13729
1.54,13724
1.55,13720
1.56,13716
1.57,13710
1.58,13705
1.59,13702
1.6,13698
1.61,13695
1.63,13693
2.27,13690
2.28,13685
2.29,13681
2.3,13677
2.31,13668
2.32,13660
2.33,13657
2.34,13652
2.35,13644
2.36,13640
2.37,13637
2.38,13636
2.39,13628
2.4,13623
2.41,13616
2.42,13611
2.43,13605
2.44,13600
2.45,13597
2.46,13593
2.47,13585
2.48,13581
2.49,13580
2.5,13577
2.51,13574
2.52,13571
2.53,13567
2.55,13566
2.56,13558
2.57,13552
2.59,13547
2.6,13543
2.61,13535
2.62,13530
2.63,13525
2.97,13521
2.98,13515
2.99,13510
3.0,13503
3.01,13495
3.02,13485
3.03,13479
3.04,13472
3.05,13463
3.06,13455
3.07,13451
3.08,13444
3.09,13436
3.1,13431
3.11,13426
3.12,13422
3.13,13420
3.14,13417
3.15,13413
3.16,13406
3.17,13402
3.18,13399
3.19,13398
3.2,13395
3.21,13390
3.22,13385
3.23,13382
3.24,13375
3.25,13369
3.26,13364
3.27,13357
3.28,13354
3.29,13351
3.3,13349
3.79,13346
3.8,13344
3.81,13339
3.82,13332
3.83,13328
3.84,13324
3.85,13319
3.86,13315
3.87,13314
3.88,13312
3.89,13303
3.9,13298
3.91,13295
3.92,13291
3.93,13287
3.94,13281
3.95,13280
3.96,13278
3.97,13273
3.98,13272
3.99,13268
4.0,13266
4.01,13262
4.02,13257
4.03,13253
4.04,13248
4.05,13242
4.06,13238
4.07,13235
4.08,13231
4.09,13224
4.1,13221
4.11,13216
4.12,13213
4.13,13210
4.14,13207
4.15,13205
4.65,13204
4.66,13202
4.67,13201
4.68,13196
4.69,13193
4.7,13188
4.71,13184
4.72,13181
4.73,13178
4.74,13175
4.75,13171
4.76,13169
4.77,13166
4.78,13162
4.79,13156
4.8,13151
4.81,13150
5.16,13149
5.17,13145
5.18,13140
5.19,13139
5.2,13136
5.21,13132
5.22,13130
5.23,13127
5.24,13119
5.25,13115
5.26,13113
5.28,13110
5.29,13104
5.3,13099
5.31,13097
5.32,13095
5.33,13090
5.34,13085
5.35,13082
5.37,13079
5.38,13076
5.39,13073
5.4,13069
5.41,13063
5.42,13061
5.43,13057
5.44,13054
5.45,13053
5.46,13048
5.47,13043
5.48,13040
5.52,13039
5.53,13037
5.54,13030
5.55,13029
5.56,13028
5.58,13027
5.59,13025
5.6,13022
5.61,13020
5.62,13016
5.63,13010
5.64,13003
5.65,12998
5.66,12993
5.67,12990
5.68,12985
5.69,12982
5.7,12979
5.71,12977
5.72,12970
5.73,12965
5.74,12964
5.75,12957
5.76,12956
5.77,12952
5.78,12949
5.79,12943
5.8,12940
5.81,12934
5.82,12929
5.83,12924
5.84,12917
5.85,12916
5.86,12913
5.87,12908
5.88,12905
5.89,12896
5.9,12890
5.91,12887
5.92,12882
5.93,12881
5.94,12879
5.95,12874
5.96,12871
5.97,12867
5.98,12865
5.99,12860
6.0,12859
6.01,12856
6.02,12849
6.03,12847
6.04,12846
6.05,12841
6.06,12837
6.07,12831
6.09,12829
6.1,12828
6.12,12826
6.13,12825
6.14,12820
6.15,12818
6.62,12817
6.64,12813
6.65,12811
6.66,12807
6.67,12804
6.68,12803
6.69,12800
6.71,12794
6.72,12789
6.73,12787
6.74,12783
6.75,12780
6.76,12778
6.78,12771
6.79,12769
6.8,12765
6.81,12764
6.82,12761
6.83,12755
6.84,12753
6.85,12750
6.87,12747
6.88,12743
6.89,12741
6.9,12735
6.91,12734
6.92,12731
6.93,12727
6.94,12721
6.95,12716
6.96,12715
6.97,12712
6.98,12709
6.99,12705
7.0,12700
7.01,12697
7.02,12695
7.03,12691
7.04,12688
7.05,12686
7.06,12681
7.07,12679
7.08,12678
7.11,12676
7.12,12675
7.13,12670
7.14,12667
7.15,12665
7.17,12663
7.46,12659
7.47,12657
7.98,12655
7.99,12650
8.0,12644
8.01,12642
8.02,12641
8.05,12639
8.06,12636
8.07,12633
8.08,12630
8.09,12626
8.1,12624
8.11,12620
8.12,12618
8.13,12613
8.14,12608
8.15,12606
8.16,12598
8.17,12590
8.18,12585
8.19,12580
8.2,12578
8.21,12577
8.22,12574
8.71,12569
8.72,12564
8.73,12562
8.74,12561
8.75,12552
8.76,12550
8.77,12548
8.78,12546
9.33,12542
9.34,12541
9.37,12538
9.38,12536
9.39,12532
9.4,12531
9.41,12530
9.42,12525
9.43,12520
9.44,12513
9.45,12509
9.46,12506
9.47,12502
9.48,12499
9.49,12497
9.5,12495
9.51,12490
9.53,12485
9.54,12484
9.55,12482
9.56,12480
9.57,12478
9.58,12476
9.6,12474
9.61,12470
9.62,12464
9.63,12460
9.64,12456
9.65,12451
9.66,12446
9.67,12442
9.68,12440
9.69,12434
9.7,12430
9.72,12426
9.73,12421
9.74,12417
9.75,12414
9.76,12408
9.77,12405
9.78,12401
9.79,12400
9.8,12393
9.81,12386
9.82,12380
9.83,12378
9.84,12377
9.85,12373
9.86,12371
9.87,12370
9.88,12366
9.89,12364
10.42,12363
10.43,12362
10.44,12356
10.45,12350
10.46,12347
10.47,12341
10.48,12338
10.49,12337
10.5,12335
10.51,12333
10.52,12332
10.53,12329
10.54,12326
10.55,12322
10.56,12319
10.57,12317
10.59,12315
10.6,12312
10.61,12311
10.62,12309
10.63,12305
10.64,12304
10.65,12302
10.66,12298
10.67,12296
10.68,12293
10.69,12291
10.7,12289
10.72,12287
10.75,12285
10.76,12283
10.79,12281
10.8,12279
10.81,12276
10.82,12274
10.84,12272
10.85,12263
10.86,12258
10.87,12257
10.9,12256
10.91,12254
10.92,12251
10.93,12248
10.94,12243
10.95,12242
10.96,12241
10.97,12240
11.01,12238
11.02,12237
11.03,12234
11.04,12229
11.05,12227
11.06,12217
11.07,12215
11.08,12214
11.11,12211
11.12,12206
11.13,12205
11.14,12204
11.15,12201
11.16,12200
11.65,12199
11.66,12198
11.67,12193
11.68,12187
11.69,12184
11.7,12179
11.71,12175
11.72,12169
11.73,12168
11.74,12166
11.75,12163
11.76,12162
11.77,12158
11.79,12152
11.8,12147
11.81,12144
11.82,12138
11.83,12134
11.84,12132
11.85,12130
11.86,12128
12.43,12125
12.44,12122
12.45,12117
12.46,12115
12.47,12113
12.48,12110
12.49,12107
12.5,12106
12.51,12105
12.53,12104
12.55,12099
12.57,12098
12.58,12095
12.59,12093
12.6,12086
12.61,12084
12.62,12083
12.63,12082
12.64,12078
12.65,12076
12.67,12074
12.68,12073
12.69,12070
12.7,12066
12.71,12064
12.72,12060
13.21,12059
13.24,12058
13.25,12056
13.26,12053
13.27,12052
13.29,12050
13.3,12047
13.31,12046
13.32,12040
13.33,12035
13.34,12034
13.35,12030
13.36,12029
13.37,12023
13.38,12018
13.39,12013
13.4,12011
13.41,12005
13.42,12003
13.43,12001
13.44,11996
13.45,11993
13.46,11988
13.47,11983
13.49,11981
13.5,11977
13.51,11974
13.52,11972
13.53,11970
13.54,11968
13.55,11966
13.56,11962
13.57,11960
13.58,11958
13.61,11956
13.64,11954
13.65,11948
13.66,11945
13.67,11942
13.68,11941
13.69,11937
13.7,11936
13.71,11931
13.72,11928
13.73,11926
13.75,11924
13.76,11923
13.77,11917
13.78,11914
13.79,11910
13.8,11909
13.81,11908
13.82,11907
13.83,11904
13.84,11900
13.85,11898
13.86,11897
14.28,11893
14.29,11891
14.3,11889
14.32,11885
14.33,11884
14.34,11883
14.35,11879
14.36,11878
14.39,11877
14.4,11874
14.41,11871
14.43,11870
14.45,11867
14.46,11866
14.47,11865
14.48,11861
14.49,11859
14.5,11855
14.52,11853
14.53,11848
14.54,11847
14.55,11845
14.56,11841
14.58,11839
14.59,11837
14.6,11834
14.62,11832
14.63,11828
14.64,11827
14.65,11826
14.66,11823
14.67,11820
14.68,11814
14.69,11812
14.7,11808
14.71,11807
14.72,11804
14.73,11803
14.74,11800
14.75,11793
14.76,11789
14.77,11788
14.78,11784
14.79,11781
14.8,11777
14.81,11774
14.82,11772
14.83,11769
14.84,11766
14.85,11763
14.86,11762
14.87,11760
14.88,11759
14.89,11755
14.9,11752
14.91,11750
14.93,11747
14.94,11745
14.95,11743
14.97,11739
14.98,11734
14.99,11731
15.0,11727
15.01,11723
15.02,11722
15.03,11720
15.04,11717
15.06,11716
15.07,11715
15.08,11713
15.09,11709
15.1,11706
15.11,11702
15.12,11700
15.15,11699
15.17,11696
15.19,11690
15.2,11688
15.21,11686
15.56,11683
15.57,11679
15.58,11678
15.59,11675
15.6,11672
15.62,11668
15.64,11667
15.65,11665
15.66,11663
15.67,11662
15.68,11659
15.69,11657
15.7,11655
15.71,11651
15.72,11649
15.73,11648
15.74,11643
15.75,11641
15.76,11639
15.77,11637
15.82,11636
15.84,11635
15.85,11633
15.86,11630
15.87,11628
15.88,11623
15.89,11616
15.9,11613
15.91,11611
15.92,11609
15.93,11607
15.95,11605
15.96,11603
15.97,11601
15.98,11599
16.0,11596
16.01,11595
16.02,11591
16.03,11590
16.04,11587
16.05,11583
16.06,11579
16.07,11577
16.09,11575
16.1,11573
16.13,11572
16.14,11570
16.15,11568
16.16,11563
16.17,11561
16.18,11557
16.19,11551
16.2,11548
16.22,11545
16.23,11544
16.24,11542
16.25,11537
16.26,11536
16.27,11535
16.28,11534
16.75,11533
16.76,11530
16.79,11524
16.8,11520
16.81,11517
16.83,11515
16.84,11513
16.85,11512
16.86,11506
16.87,11504
16.88,11502
16.89,11500
16.9,11496
16.91,11494
16.92,11492
16.93,11489
16.94,11486
16.95,11480
16.97,11475
16.98,11468
16.99,11463
17.0,11460
17.01,11456
17.02,11450
17.41,11447
17.42,11440
17.43,11436
17.45,11434
17.46,11432
17.47,11429
17.48,11425
17.49,11423
17.5,11422
17.51,11419
17.52,11416
17.53,11412
17.54,11409
17.55,11405
17.56,11400
17.57,11397
17.58,11394
17.59,11392
17.6,11391
17.61,11387
17.62,11385
17.63,11381
17.65,11378
17.66,11372
17.67,11371
17.68,11368
17.69,11366
17.7,11364
17.71,11359
17.72,11353
17.73,11350
17.74,11349
17.75,11348
17.76,11347
17.77,11344
17.78,11340
17.79,11337
17.8,11335
17.81,11332
17.82,11329
17.83,11327
17.85,11325
17.86,11320
17.87,11319
17.88,11318
17.89,11316
17.91,11313
17.92,11308
17.93,11307
17.94,11302
17.95,11301
17.97,11299
17.99,11297
18.0,11293
18.01,11289
18.03,11288
18.04,11287
18.05,11283
18.06,11279
18.07,11277
18.08,11276
18.1,11274
18.11,11269
18.12,11266
18.13,11263
18.14,11259
18.15,11257
18.16,11255
18.17,11252
18.18,11249
18.21,11246
18.22,11243
18.23,11240
18.24,11234
18.25,11229
18.26,11228
18.27,11224
18.28,11222
18.29,11221
18.3,11218
18.31,11215
18.32,11213
18.34,11211
18.35,11209
18.36,11204
18.37,11201
18.38,11200
18.39,11196
18.4,11193
18.41,11191
18.43,11189
18.44,11183
18.45,11182
18.46,11181
18.47,11178
18.48,11177
18.49,11174
18.5,11170
18.51,11167
18.52,11165
18.53,11164
18.54,11158
18.55,11155
18.56,11153
18.57,11150
18.58,11147
18.59,11145
18.61,11144
18.62,11141
18.63,11136
19.11,11134
19.12,11132
19.13,11130
19.14,11126
19.15,11122
19.16,11121
19.17,11120
19.18,11115
19.2,11112
19.21,11111
19.23,11110
19.24,11107
19.26,11104
19.27,11103
19.29,11100
19.3,11097
19.31,11094
19.32,11093
19.33,11091
19.35,11089
19.36,11085
19.37,11082
19.38,11075
19.39,11072
19.4,11069
19.42,11066
19.43,11063
19.44,11061
19.45,11060
19.46,11058
19.47,11056
19.48,11053
19.49,11052
19.5,11050
19.51,11048
19.52,11047
19.53,11046
19.54,11045
19.56,11044
19.57,11041
19.58,11037
19.59,11034
19.62,11032
19.63,11030
19.64,11027
19.66,11022
19.67,11019
19.68,11015
19.69,11011
19.7,11009
19.71,11007
19.72,11005
19.73,11000
19.74,10998
19.75,10996
19.76,10995
19.77,10994
19.79,10993
19.8,10992
19.82,10990
19.83,10987
19.84,10985
19.85,10981
19.86,10979
19.87,10978
19.88,10977
19.89,10976
19.91,10975
20.51,10974
20.52,10971
20.53,10966
20.54,10964
20.55,10961
20.56,10959
20.57,10958
20.58,10957
20.59,10953
20.6,10951
20.61,10950
20.62,10945
20.63,10942
20.65,10941
20.66,10937
20.67,10932
20.68,10929
20.92,10928
20.95,10924
20.98,10922
20.99,10921
21.01,10918
21.02,10915
21.03,10914
21.04,10910
21.05,10908
21.06,10905
21.08,10903
21.09,10902
21.1,10901
21.11,10899
21.12,10897
21.13,10894
21.15,10891
21.16,10885
21.17,10883
21.18,10878
21.19,10876
21.2,10872
21.21,10870
21.22,10868
21.23,10865
21.24,10861
21.26,10860
21.27,10859
21.29,10857
21.3,10855
21.31,10852
21.32,10848
21.33,10846
21.37,10845
21.38,10843
21.4,10838
21.41,10834
21.42,10833
21.43,10831
21.44,10826
21.45,10824
21.46,10822
21.47,10818
21.48,10812
21.49,10807
21.51,10801
21.52,10797
21.53,10792
21.54,10787
21.55,10783
21.56,10781
21.57,10779
21.58,10775
21.59,10773
21.6,10769
21.62,10767
21.64,10763
21.65,10758
21.66,10756
21.67,10754
21.68,10752
21.69,10746
21.71,10743
21.74,10735
21.75,10734
21.76,10732
21.77,10731
21.78,10727
21.79,10725
21.82,10724
21.83,10723
22.26,10722
22.27,10719
22.29,10714
22.3,10710
22.31,10708
22.32,10704
22.34,10702
22.35,10698
22.36,10697
22.37,10692
22.38,10691
22.39,10690
22.4,10688
22.42,10685
22.91,10684
22.95,10679
22.96,10676
22.97,10675
22.98,10673
22.99,10671
23.0,10667
23.01,10666
23.03,10663
23.05,10661
23.07,10658
23.08,10655
23.09,10651
23.1,10650
23.11,10647
23.12,10645
23.13,10644
23.14,10641
23.17,10640
23.18,10639
23.19,10635
23.2,10633
23.21,10632
23.23,10630
23.24,10628
23.26,10625
23.27,10622
23.29,10615
23.3,10612
23.31,10608
23.32,10607
23.33,10604
23.85,10601
23.86,10599
23.89,10598
23.9,10595
23.91,10590
23.92,10584
23.93,10581
23.94,10579
23.95,10576
23.96,10572
23.97,10566
23.98,10563
23.99,10560
24.0,10556
24.01,10555
24.02,10554
24.04,10549
24.05,10546
24.55,10545
24.56,10537
24.57,10536
24.58,10535
24.59,10531
24.6,10529
24.62,10527
24.63,10525
24.64,10523
25.12,10522
25.13,10517
25.14,10514
25.15,10513
25.18,10511
25.19,10506
25.2,10503
25.21,10501
25.23,10500
25.24,10499
25.26,10498
25.27,10496
25.28,10495
25.29,10493
25.3,10491
25.31,10490
25.32,10483
25.33,10480
25.34,10473
25.35,10470
25.95,10466
25.96,10464
25.97,10462
25.98,10458
25.99,10456
26.0,10454
26.01,10452
26.02,10450
26.03,10448
26.05,10444
26.06,10441
26.08,10439
26.09,10435
26.1,10431
26.11,10425
26.12,10424
26.13,10417
26.15,10415
26.16,10412
26.19,10409
26.2,10406
26.21,10403
26.23,10400
26.24,10398
26.25,10393
26.26,10390
26.28,10389
26.29,10386
26.3,10384
26.31,10379
26.33,10378
26.34,10376
26.35,10372
26.36,10371
26.37,10369
26.38,10365
26.39,10359
26.4,10358
26.41,10356
26.42,10354
26.43,10349
26.44,10345
26.45,10343
26.46,10335
26.47,10331
26.48,10328
26.5,10327
26.51,10326
26.52,10324
26.53,10322
26.54,10320
26.55,10314
26.56,10312
26.57,10309
26.58,10308
26.59,10304
27.03,10303
27.05,10299
27.06,10293
27.07,10292
27.08,10289
27.09,10288
27.1,10287
27.11,10286
27.12,10281
27.13,10277
27.16,10274
27.17,10272
27.18,10269
27.2,10268
27.21,10266
27.23,10264
27.24,10260
27.25,10258
27.26,10255
27.27,10252
27.29,10250
27.3,10249
27.32,10248
27.33,10246
27.35,10245
27.36,10243
27.37,10236
27.38,10229
27.39,10228
27.94,10226
27.95,10221
27.96,10220
27.97,10219
28.21,10218
28.22,10217
28.23,10216
28.24,10213
28.25,10211
28.26,10207
28.27,10204
28.28,10202
29.08,10200
29.09,10196
29.1,10194
29.11,10192
29.12,10189
29.64,10188
29.7,10187
29.71,10186
30.0,10185
30.01,10183
30.02,10179
30.03,10176
30.04,10173
30.05,10172
30.6,10169
30.61,10168
30.91,10167
30.92,10163
30.94,10160
30.95,10154
30.96,10152
30.98,10148
30.99,10143
31.0,10137
31.03,10136
31.06,10133
31.07,10130
31.08,10127
31.09,10125
31.1,10122
31.11,10120
31.12,10119
31.13,10118
31.17,10113
31.18,10111
31.19,10109
31.2,10108
31.21,10105
31.23,10103
31.24,10101
31.25,10099
31.29,10096
31.3,10094
31.31,10093
31.33,10092
31.34,10091
31.35,10090
31.36,10088
31.37,10084
31.38,10080
31.42,10079
31.44,10077
31.45,10073
31.46,10070
31.47,10069
31.48,10067
31.49,10066
31.5,10064
31.51,10059
31.52,10057
31.53,10055
31.54,10053
31.55,10052
31.56,10049
31.58,10047
31.59,10046
31.6,10044
31.61,10043
31.62,10040
31.64,10037
31.65,10036
31.66,10034
31.67,10033
31.68,10032
31.69,10028
32.1,10026
32.15,10025
32.16,10024
32.17,10023
32.18,10021
32.19,10018
32.2,10013
32.21,10011
32.22,10009
32.24,10008
32.25,10007
32.26,10005
32.27,10002
32.28,10001
32.29,10000
32.3,9997
32.31,9996
32.36,9990
32.37,9989
32.38,9988
32.39,9987
32.4,9985
32.42,9984
32.43,9982
32.44,9981
32.45,9979
32.47,9976
32.48,9973
32.49,9972
32.52,9969
32.53,9968
32.55,9967
32.56,9962
32.58,9960
32.85,9958
32.89,9956
32.91,9954
32.92,9953
32.94,9952
32.95,9949
32.98,9948
32.99,9945
33.02,9944
33.03,9943
33.04,9941
33.05,9940
33.08,9937
33.09,9936
33.1,9932
33.11,9931
33.16,9930
33.18,9928
33.19,9925
33.2,9924
33.21,9923
33.23,9922
33.24,9919
33.25,9918
33.26,9917
33.27,9913
33.28,9910
33.29,9905
33.3,9904
33.31,9901
33.34,9900
33.35,9899
33.36,9896
33.38,9894
33.39,9892
33.41,9890
33.42,9889
33.43,9885
33.45,9884
33.47,9883
33.49,9882
33.5,9881
33.51,9880
33.52,9879
33.53,9878
33.54,9876
33.55,9872
33.56,9869
33.59,9866
33.6,9863
33.61,9861
33.62,9859
33.64,9857
33.66,9854
33.67,9853
33.69,9852
33.71,9850
33.72,9849
33.73,9848
33.76,9847
33.77,9846
33.78,9845
33.82,9844
33.84,9843
33.86,9841
33.91,9840
33.93,9839
33.95,9838
33.96,9834
33.97,9830
33.99,9828
34.02,9826
34.04,9824
34.61,9821
34.63,9818
34.64,9817
34.68,9814
34.69,9810
34.7,9805
34.71,9803
34.72,9801
34.73,9800
34.74,9799
34.76,9797
34.77,9796
34.8,9789
34.85,9786
34.86,9785
34.87,9784
34.88,9782
34.89,9777
34.9,9775
34.91,9773
34.92,9770
34.93,9766
34.94,9764
34.95,9763
34.96,9762
34.99,9758
35.0,9757
35.01,9754
35.02,9750
35.04,9749
35.05,9747
35.06,9746
35.09,9745
35.1,9744
35.11,9741
35.12,9739
35.15,9737
35.16,9736
35.17,9735
35.18,9734
35.19,9731
35.2,9729
35.21,9727
35.22,9726
35.24,9723
35.25,9720
35.26,9718
35.27,9717
35.28,9716
35.29,9715
35.3,9713
35.31,9706
35.62,9705
35.64,9703
35.65,9700
35.68,9698
35.69,9697
35.7,9694
35.72,9692
35.77,9690
35.78,9687
35.79,9683
35.8,9682
35.81,9677
35.82,9676
35.84,9675
35.86,9670
35.87,9669
35.88,9667
35.9,9665
35.91,9664
35.92,9663
35.93,9661
35.94,9660
35.95,9659
35.97,9658
35.98,9655
35.99,9651
36.0,9648
36.01,9647
36.02,9645
36.04,9644
36.05,9639
36.06,9638
36.63,9634
36.64,9630
36.65,9629
36.66,9628
36.68,9624
36.69,9621
36.7,9619
36.71,9618
36.73,9616
36.75,9614
36.78,9611
36.79,9609
36.8,9608
36.81,9607
36.83,9606
37.08,9605
37.09,9603
37.42,9601
37.43,9600
37.47,9598
37.48,9596
37.49,9590
37.5,9587
37.51,9585
37.52,9584
37.53,9582
37.54,9581
37.55,9580
37.57,9577
37.58,9575
37.6,9573
37.61,9572
37.62,9570
37.65,9569
37.66,9568
37.67,9567
37.69,9566
37.7,9564
37.71,9562
37.72,9560
37.73,9559
37.74,9558
37.78,9556
37.79,9555
37.8,9552
37.83,9551
37.84,9549
37.86,9547
37.87,9546
37.9,9544
37.92,9543
37.94,9542
37.96,9541
37.98,9540
37.99,9535
38.0,9533
38.01,9530
38.02,9527
38.03,9525
38.04,9519
38.05,9517
38.07,9515
38.08,9514
38.11,9512
38.12,9510
38.13,9509
38.14,9508
38.15,9504
38.17,9501
38.18,9500
38.19,9499
38.2,9498
38.21,9497
38.22,9495
38.23,9494
38.25,9492
38.26,9490
38.27,9489
38.28,9482
38.3,9481
38.31,9479
38.33,9477
38.34,9474
38.38,9472
38.39,9467
38.88,9465
38.89,9460
38.9,9459
38.93,9453
38.94,9449
38.95,9447
38.96,9443
38.97,9442
38.98,9441
38.99,9439
39.0,9438
39.01,9435
39.02,9433
39.03,9429
39.04,9428
39.06,9424
39.07,9423
39.73,9420
39.74,9416
39.75,9413
39.76,9410
39.77,9408
39.78,9406
39.79,9403
39.81,9400
39.84,9399
39.85,9398
39.87,9396
39.88,9395
39.89,9394
39.91,9393
39.93,9391
39.95,9389
39.96,9388
39.97,9384
39.98,9382
40.03,9381
40.05,9380
40.06,9377
40.1,9372
40.11,9371
40.12,9370
40.14,9368
40.75,9367
40.76,9365
40.77,9364
40.78,9362
40.79,9361
40.82,9360
40.83,9359
40.86,9358
40.87,9355
40.88,9354
40.91,9353
40.92,9352
40.94,9351
40.95,9349
40.96,9346
40.97,9341
40.98,9340
41.0,9339
41.01,9338
41.02,9337
41.05,9333
41.06,9330
41.07,9327
41.08,9325
41.09,9323
41.12,9320
41.15,9319
41.16,9317
41.17,9315
41.18,9312
41.2,9311
41.21,9309
41.22,9308
41.23,9307
41.24,9304
41.26,9303
41.27,9301
41.29,9299
41.3,9294
41.31,9293
41.32,9291
41.33,9287
41.34,9286
41.62,9285
41.64,9284
41.65,9281
41.66,9278
41.67,9275
41.68,9274
41.69,9272
41.71,9270
41.73,9268
41.74,9264
41.75,9259
41.76,9256
41.77,9252
41.78,9250
41.8,9249
41.81,9247
41.83,9245
41.84,9244
41.85,9243
41.87,9241
41.88,9240
41.89,9239
41.9,9238
41.93,9237
41.95,9236
41.96,9235
41.97,9233
41.99,9231
42.01,9230
42.02,9229
42.03,9228
42.04,9227
42.05,9224
42.08,9221
42.1,9217
42.12,9215
42.16,9214
42.19,9212
42.2,9210
42.21,9208
42.25,9207
42.27,9206
42.28,9205
42.3,9203
42.32,9202
42.35,9198
42.36,9197
42.38,9196
42.41,9193
42.43,9192
42.44,9190
42.46,9186
42.47,9185
42.49,9183
42.5,9182
42.51,9181
42.52,9180
42.54,9179
42.55,9178
42.56,9175
42.57,9173
42.6,9170
42.61,9169
42.62,9164
42.63,9162
42.65,9160
42.67,9156
42.68,9154
42.71,9153
42.72,9151
42.73,9148
42.74,9146
42.75,9144
42.76,9135
42.77,9133
42.8,9130
42.81,9127
42.82,9126
42.83,9125
42.84,9121
42.85,9119
42.86,9117
42.89,9116
42.93,9115
42.95,9114
42.96,9113
42.98,9112
43.0,9111
43.02,9110
43.07,9107
43.09,9106
43.1,9103
43.11,9102
43.12,9101
43.13,9100
43.21,9099
43.24,9097
43.25,9093
43.29,9091
43.31,9087
43.33,9085
43.38,9083
43.39,9082
43.4,9080
43.41,9079
43.42,9077
43.47,9076
43.48,9074
43.49,9073
43.5,9071
44.07,9070
44.08,9069
44.09,9067
44.1,9066
44.11,9061
44.12,9060
44.15,9058
44.16,9057
44.19,9056
44.22,9054
44.23,9053
44.24,9052
44.25,9051
44.26,9049
44.27,9046
44.28,9044
44.29,9043
44.3,9040
44.31,9038
44.34,9037
44.35,9036
44.36,9032
44.37,9031
44.41,9028
44.43,9026
44.45,9023
44.47,9022
44.49,9021
44.5,9019
44.52,9017
44.53,9016
44.54,9013
44.55,9011
44.56,9009
44.57,9006
44.58,9003
44.59,8997
44.6,8995
44.61,8994
44.62,8993
44.63,8990
44.64,8987
44.66,8985
44.68,8983
44.69,8982
44.7,8981
44.72,8979
44.74,8977
44.75,8976
44.76,8970
44.77,8968
44.78,8965
44.81,8962
44.82,8961
44.84,8958
44.87,8955
44.88,8952
45.52,8949
45.54,8948
45.55,8943
45.58,8940
45.59,8939
45.61,8934
45.62,8933
45.65,8932
45.66,8929
45.67,8928
45.69,8927
45.7,8924
45.71,8922
45.72,8920
45.74,8915
45.75,8911
45.76,8909
45.77,8908
45.79,8906
45.81,8905
45.82,8903
45.84,8901
45.86,8900
45.87,8898
45.88,8895
45.89,8890
45.9,8889
45.91,8888
45.92,8886
45.93,8881
45.94,8877
45.95,8875
45.96,8874
45.99,8873
46.01,8872
46.02,8871
46.05,8866
46.06,8865
46.09,8864
46.11,8863
46.12,8860
46.14,8858
46.15,8854
46.16,8852
46.23,8851
46.25,8848
46.26,8845
46.28,8843
46.29,8842
46.3,8839
46.31,8831
46.32,8830
46.34,8827
46.35,8825
46.36,8823
46.38,8820
46.39,8817
46.41,8816
46.93,8815
46.94,8811
46.95,8809
46.98,8807
46.99,8801
47.03,8799
47.05,8798
47.06,8793
47.07,8792
47.08,8790
47.1,8788
47.12,8783
47.13,8781
47.15,8780
47.16,8774
47.18,8773
47.21,8770
47.23,8766
47.25,8764
47.26,8758
47.29,8757
47.31,8756
47.32,8752
47.33,8751
47.34,8749
47.35,8747
47.36,8745
47.38,8744
47.39,8743
47.4,8739
47.41,8738
47.45,8737
47.47,8734
47.48,8733
47.49,8732
47.52,8730
47.54,8729
47.56,8727
47.59,8723
47.67,8722
47.69,8721
47.71,8720
47.74,8718
47.75,8717
47.76,8716
47.78,8715
47.79,8714
47.82,8713
47.88,8712
47.89,8710
47.9,8709
47.91,8708
47.92,8706
47.93,8703
47.96,8701
47.97,8698
47.98,8696
48.0,8695
48.01,8694
48.02,8689
48.04,8688
48.05,8685
48.06,8684
48.07,8679
48.08,8678
48.09,8676
48.1,8675
48.11,8671
48.12,8665
48.14,8661
48.15,8660
48.17,8659
48.21,8658
48.22,8657
48.24,8656
48.26,8653
48.27,8652
48.29,8649
48.3,8647
48.32,8645
48.34,8640
48.37,8639
48.38,8635
48.4,8634
48.41,8633
48.46,8632
48.48,8629
48.49,8625
48.51,8624
48.53,8623
48.56,8622
48.58,8619
48.59,8617
48.6,8614
48.62,8613
48.63,8610
48.64,8609
48.67,8608
48.68,8607
48.69,8606
48.71,8602
48.76,8600
48.78,8599
48.8,8598
48.81,8597
48.82,8595
48.83,8594
48.84,8593
48.85,8592
48.89,8591
48.92,8589
48.95,8584
48.97,8583
48.98,8581
49.01,8580
49.02,8578
49.03,8577
49.06,8574
49.07,8571
49.08,8570
49.5,8569
49.52,8568
50.14,8567
50.16,8564
50.17,8562
50.18,8561
50.19,8560
50.2,8559
50.21,8558
50.22,8554
50.23,8553
50.24,8552
50.25,8550
50.26,8549
50.27,8548
50.3,8547
50.31,8546
50.32,8545
50.33,8543
50.34,8542
50.35,8541
50.37,8540
50.38,8539
50.39,8538
50.41,8537
50.42,8535
50.44,8531
50.45,8530
50.47,8525
50.48,8524
50.51,8522
50.52,8520
50.54,8519
50.55,8517
50.56,8513
50.57,8511
50.58,8509
50.59,8507
50.6,8504
50.61,8501
50.63,8500
50.65,8498
50.66,8495
50.67,8494
50.68,8493
50.7,8492
50.72,8491
50.73,8489
50.74,8486
50.75,8483
50.78,8481
50.8,8480
51.37,8479
51.39,8478
51.98,8477
51.99,8474
52.01,8470
52.03,8469
52.04,8467
52.05,8466
52.1,8464
52.11,8462
52.13,8461
52.84,8460
52.85,8459
52.88,8458
52.91,8456
52.92,8453
52.95,8451
52.96,8450
52.97,8449
52.99,8447
53.0,8446
53.01,8445
53.03,8443
53.04,8441
53.05,8440
53.07,8438
53.08,8437
53.11,8436
53.12,8435
53.14,8432
53.15,8430
53.24,8428
53.25,8427
53.26,8425
53.28,8424
53.29,8423
53.33,8419
53.38,8418
53.39,8416
53.41,8411
53.42,8409
53.43,8406
53.44,8403
53.46,8402
53.52,8401
53.53,8400
53.56,8397
53.58,8396
53.6,8390
53.61,8388
53.62,8387
53.64,8386
53.65,8382
53.66,8380
53.67,8378
53.69,8376
53.7,8375
53.71,8374
53.72,8372
53.74,8371
53.75,8369
53.76,8367
53.8,8366
53.82,8364
53.83,8363
53.84,8362
53.86,8360
53.87,8358
53.88,8357
53.9,8354
53.93,8352
53.96,8351
54.0,8347
54.03,8346
54.04,8344
54.06,8343
54.11,8342
54.12,8341
54.43,8340
54.44,8338
54.45,8337
54.46,8335
54.47,8334
54.52,8333
54.54,8332
54.55,8330
54.56,8329
54.57,8328
54.62,8327
54.63,8324
54.64,8322
54.65,8320
54.66,8319
54.67,8318
54.68,8317
54.71,8316
54.72,8311
54.73,8308
54.74,8307
54.76,8305
54.81,8303
54.82,8302
54.83,8301
54.84,8300
54.86,8299
54.91,8298
54.92,8297
54.93,8295
54.95,8292
54.99,8291
55.07,8290
55.08,8289
55.14,8287
55.16,8283
55.17,8280
55.19,8277
55.21,8276
55.24,8275
55.25,8273
55.26,8271
55.29,8266
55.3,8265
55.32,8263
55.33,8257
55.34,8256
55.36,8255
55.39,8253
55.4,8252
55.44,8249
55.45,8248
55.46,8247
55.48,8242
55.51,8241
55.52,8238
55.53,8234
55.57,8233
55.58,8232
55.59,8230
55.63,8228
55.64,8226
55.65,8224
55.67,8223
55.7,8222
55.71,8219
56.39,8217
56.4,8215
56.41,8212
56.42,8210
56.43,8209
56.44,8207
56.46,8206
56.47,8204
56.56,8202
56.59,8201
56.6,8199
56.61,8198
56.65,8192
56.67,8191
56.68,8189
56.74,8187
56.76,8185
56.78,8184
56.81,8183
56.82,8180
56.84,8179
56.85,8178
56.86,8176
56.91,8175
56.92,8173
56.94,8171
56.95,8169
57.57,8168
57.59,8166
57.6,8165
57.61,8164
57.62,8161
57.63,8159
57.64,8156
57.67,8153
57.73,8149
57.74,8147
57.75,8146
57.76,8145
57.77,8144
57.78,8140
57.79,8139
57.8,8136
57.81,8134
57.82,8130
57.83,8129
57.85,8128
57.86,8127
57.87,8126
58.46,8124
58.47,8122
58.48,8121
58.51,8117
58.52,8116
58.53,8115
58.54,8114
58.59,8113
58.6,8110
58.61,8107
58.63,8104
58.64,8103
58.65,8102
58.66,8100
58.68,8097
58.69,8093
58.71,8092
58.73,8087
58.75,8086
58.77,8085
58.79,8083
58.8,8081
59.31,8080
59.39,8079
59.4,8077
59.51,8076
59.53,8074
59.55,8071
59.56,8069
59.57,8063
59.6,8061
59.65,8059
59.66,8058
59.69,8057
59.71,8056
59.72,8055
59.73,8053
59.74,8051
59.75,8050
59.78,8049
59.8,8048
59.81,8047
59.82,8045
59.83,8044
59.84,8040
59.85,8037
59.86,8036
59.88,8035
59.89,8033
59.9,8031
59.98,8028
59.99,8027
60.0,8024
60.02,8020
60.03,8018
60.05,8017
60.07,8016
60.11,8014
60.14,8013
60.15,8011
60.17,8010
60.18,8006
60.19,8005
60.21,8003
60.23,8002
60.24,8000
60.27,7999
60.28,7998
60.29,7997
60.32,7996
60.33,7995
60.34,7993
60.35,7990
60.37,7989
60.38,7987
60.41,7986
60.44,7985
60.45,7983
60.46,7982
60.47,7977
60.5,7976
60.51,7975
60.53,7974
60.56,7973
60.57,7969
60.59,7968
60.63,7966
60.95,7965
60.96,7963
60.98,7962
60.99,7960
61.01,7958
61.02,7956
61.03,7955
61.04,7954
61.05,7953
61.06,7951
61.08,7950
61.09,7946
61.7,7944
61.71,7943
61.73,7942
61.76,7941
61.77,7940
61.78,7939
61.8,7938
61.81,7936
61.83,7935
61.88,7933
61.89,7932
61.9,7931
61.93,7930
61.94,7929
61.95,7928
62.25,7927
62.26,7924
62.28,7923
62.3,7922
62.32,7920
62.33,7917
62.38,7915
62.39,7914
62.99,7910
63.0,7909
63.02,7905
63.04,7904
63.05,7901
63.06,7899
63.08,7898
63.09,7894
63.43,7891
63.44,7888
63.46,7885
63.49,7882
63.51,7877
63.52,7876
63.53,7875
63.54,7872
63.56,7868
63.57,7866
63.58,7865
63.59,7864
63.63,7863
63.69,7862
63.7,7861
63.99,7860
64.01,7858
64.02,7855
64.03,7853
64.04,7852
64.06,7850
64.07,7849
64.08,7847
64.09,7846
64.12,7845
64.13,7844
64.16,7843
64.17,7842
64.45,7841
64.49,7840
64.5,7838
64.55,7836
64.56,7835
64.57,7834
64.61,7833
64.63,7832
64.64,7829
64.65,7828
64.66,7826
64.7,7824
64.71,7823
64.73,7821
64.74,7817
64.75,7816
64.77,7813
64.79,7812
64.8,7811
64.81,7809
64.82,7808
64.83,7807
65.39,7806
65.4,7804
65.41,7802
65.96,7800
65.99,7799
66.01,7797
66.02,7795
66.03,7792
66.04,7790
66.05,7789
66.06,7787
66.08,7785
66.09,7784
66.1,7783
66.11,7780
66.12,7779
66.14,7778
66.18,7776
66.24,7775
66.28,7772
66.29,7770
66.3,7768
66.31,7767
66.32,7766
66.33,7763
66.34,7761
66.36,7759
66.37,7757
66.42,7756
66.46,7755
66.49,7753
66.5,7751
66.51,7750
66.52,7746
66.53,7745
66.57,7743
66.59,7742
66.67,7740
66.69,7739
66.7,7737
67.28,7736
67.3,7735
67.32,7734
67.37,7733
67.39,7730
67.4,7729
67.44,7728
67.49,7727
67.5,7726
67.52,7724
67.54,7723
67.57,7722
67.59,7721
67.6,7719
67.62,7718
67.63,7717
67.64,7713
67.65,7712
67.66,7709
67.67,7708
67.69,7706
67.7,7704
67.73,7700
67.74,7695
67.75,7694
67.76,7693
67.79,7691
67.8,7687
67.82,7686
67.83,7684
67.86,7683
68.11,7681
68.12,7680
68.13,7678
68.16,7677
68.17,7675
68.18,7674
68.2,7673
68.21,7671
68.22,7669
68.27,7667
68.3,7666
68.33,7662
68.35,7659
68.36,7657
68.37,7653
68.41,7652
68.42,7650
68.45,7648
68.46,7647
68.47,7645
68.51,7644
68.52,7643
68.54,7641
68.55,7639
68.56,7638
68.57,7637
68.58,7636
68.6,7634
68.61,7632
68.62,7631
68.63,7630
68.64,7628
68.68,7625
68.69,7622
68.7,7618
68.72,7617
68.74,7616
68.75,7614
68.77,7613
68.78,7612
68.79,7610
68.8,7609
68.82,7608
68.83,7607
68.84,7604
68.85,7601
68.87,7600
68.88,7598
68.89,7597
68.9,7594
68.91,7592
68.93,7589
68.95,7588
68.96,7586
68.99,7584
69.0,7583
69.02,7582
69.05,7581
69.07,7580
69.1,7578
69.11,7576
69.12,7570
69.13,7568
69.16,7567
69.17,7566
69.18,7565
69.19,7564
69.24,7563
69.26,7562
69.27,7561
69.28,7560
69.77,7559
69.8,7558
69.84,7557
69.87,7556
69.89,7555
69.9,7552
69.95,7550
69.97,7549
70.0,7548
70.02,7547
70.04,7546
70.06,7544
70.09,7542
70.11,7541
70.12,7540
70.15,7539
70.16,7538
70.18,7537
70.19,7535
70.2,7534
70.21,7533
70.28,7532
70.3,7529
70.31,7528
70.34,7527
70.36,7526
70.38,7525
70.4,7524
70.42,7523
70.44,7522
70.47,7521
70.48,7520
70.5,7517
70.51,7516
70.52,7515
70.57,7514
70.59,7511
70.62,7510
70.69,7509
70.71,7507
70.72,7506
70.73,7505
70.74,7503
70.75,7502
70.77,7501
70.78,7500
70.8,7499
70.81,7498
70.84,7497
70.87,7496
70.88,7495
70.9,7494
70.91,7492
70.94,7491
70.95,7489
70.97,7487
70.99,7485
71.01,7484
71.02,7483
71.06,7481
71.09,7480
71.1,7475
71.13,7474
71.14,7472
71.15,7471
71.19,7470
71.21,7468
71.24,7467
71.27,7465
71.34,7464
71.35,7462
71.38,7460
71.39,7459
71.42,7458
71.44,7457
71.49,7453
71.52,7452
71.53,7451
71.55,7450
71.6,7449
71.63,7448
71.64,7447
71.66,7445
71.67,7444
71.72,7443
71.73,7442
71.76,7441
71.77,7438
71.79,7437
71.8,7436
71.81,7435
71.83,7434
71.85,7432
71.86,7429
71.87,7423
71.88,7421
71.89,7418
71.9,7416
71.93,7414
71.95,7413
71.97,7412
72.0,7411
72.02,7410
72.04,7407
72.09,7405
72.16,7404
72.17,7402
72.18,7401
72.21,7400
72.23,7399
72.28,7398
72.29,7397
72.3,7395
72.31,7394
72.32,7393
72.35,7392
72.37,7391
72.81,7390
72.82,7388
72.83,7385
72.86,7383
72.91,7382
72.92,7380
72.98,7379
72.99,7378
73.03,7377
73.04,7374
73.05,7373
73.07,7368
73.12,7364
73.14,7362
73.15,7360
73.16,7359
73.18,7358
73.45,7357
73.49,7356
73.51,7353
73.56,7350
73.58,7348
73.6,7346
73.62,7344
73.66,7341
73.69,7339
73.71,7338
73.72,7337
73.74,7336
73.75,7334
73.76,7331
73.77,7330
73.79,7329
73.8,7328
73.81,7327
73.83,7325
73.84,7324
73.85,7319
73.86,7318
74.44,7317
74.47,7316
74.48,7314
74.51,7313
74.52,7310
74.53,7307
74.55,7306
74.59,7305
74.6,7301
74.61,7299
74.62,7298
74.64,7296
74.66,7295
74.67,7294
74.69,7292
74.7,7289
74.71,7288
74.73,7287
74.76,7286
74.78,7284
74.8,7283
74.81,7282
74.83,7280
74.87,7277
74.93,7276
74.94,7271
74.96,7270
74.97,7269
74.98,7267
74.99,7265
75.0,7263
75.01,7259
75.02,7258
75.04,7255
75.05,7251
75.07,7250
75.09,7249
75.1,7247
75.7,7246
75.71,7242
75.72,7241
75.73,7240
75.74,7239
75.75,7236
76.09,7235
76.1,7234
76.11,7231
76.12,7230
76.13,7229
76.15,7225
76.45,7224
76.48,7223
76.5,7222
76.53,7221
76.56,7220
76.58,7218
76.6,7216
76.61,7215
76.62,7212
76.64,7209
76.66,7207
76.68,7206
76.69,7205
76.7,7201
76.72,7198
76.73,7196
76.74,7195
76.78,7194
76.81,7193
76.82,7190
76.86,7188
76.89,7185
76.9,7183
76.91,7182
76.93,7181
77.21,7179
77.26,7178
77.33,7177
77.35,7175
77.38,7174
77.39,7173
77.4,7171
77.41,7170
77.47,7168
77.5,7167
77.51,7166
77.53,7165
77.57,7164
77.6,7163
77.67,7162
77.68,7161
77.7,7159
77.71,7158
77.72,7157
77.76,7156
77.77,7151
77.78,7149
77.8,7148
77.85,7147
77.86,7145
77.88,7144
77.89,7143
77.91,7141
77.93,7140
77.95,7139
77.97,7137
78.03,7136
78.05,7135
78.06,7134
78.59,7132
78.61,7131
78.65,7130
78.7,7129
78.72,7128
78.74,7123
78.76,7121
78.78,7117
78.79,7116
78.8,7112
78.83,7111
78.84,7110
78.85,7109
78.87,7107
78.88,7106
78.9,7104
78.92,7103
78.96,7101
78.97,7099
78.98,7098
78.99,7097
79.01,7095
79.04,7093
79.05,7092
79.09,7089
79.13,7088
79.14,7087
79.16,7085
79.17,7081
79.19,7080
79.2,7079
79.22,7076
79.27,7074
79.28,7073
79.31,7072
79.36,7071
79.93,7068
79.95,7067
79.96,7065
79.97,7064
80.03,7063
80.04,7061
80.06,7060
80.09,7058
80.11,7056
80.12,7054
80.4,7053
80.46,7052
80.48,7051
80.5,7050
80.53,7049
80.56,7048
80.57,7046
80.59,7044
80.63,7042
80.69,7041
80.7,7039
80.72,7038
80.76,7036
81.08,7033
81.09,7031
81.12,7030
81.17,7027
81.18,7024
81.21,7022
81.24,7021
81.26,7020
81.3,7019
82.11,7018
82.12,7017
82.14,7016
82.15,7015
82.18,7014
82.24,7013
82.25,7012
82.26,7011
82.27,7010
82.29,7007
82.3,7006
82.31,7005
82.35,7004
82.36,7001
82.38,7000
82.39,6998
82.4,6996
82.41,6995
82.43,6993
82.44,6992
82.46,6991
82.49,6989
82.5,6987
82.52,6986
82.55,6985
82.57,6984
82.58,6983
82.61,6981
82.63,6979
82.64,6978
82.7,6977
82.72,6976
82.74,6975
82.75,6972
82.8,6971
82.86,6970
82.87,6969
82.89,6968
82.91,6967
82.92,6965
82.93,6964
82.95,6963
82.96,6962
82.97,6961
82.98,6960
82.99,6959
83.27,6958
83.33,6957
83.34,6956
83.36,6955
83.38,6951
83.39,6950
83.4,6949
83.43,6946
83.45,6945
83.48,6944
83.49,6942
83.51,6941
83.52,6940
83.55,6939
83.57,6938
83.61,6933
83.62,6931
83.65,6930
83.66,6929
83.67,6928
83.69,6927
83.71,6924
83.73,6923
83.79,6922
83.81,6919
83.82,6917
83.84,6916
83.85,6913
83.86,6912
83.89,6906
83.91,6904
83.92,6902
83.94,6898
84.23,6895
84.26,6894
84.27,6892
84.28,6890
84.3,6889
84.33,6888
84.34,6887
84.35,6886
84.36,6882
84.37,6878
84.43,6876
84.44,6874
84.45,6871
84.46,6869
84.5,6866
84.51,6864
85.07,6862
85.09,6861
85.11,6860
85.12,6859
85.14,6858
85.16,6857
85.18,6855
85.43,6854
85.45,6853
85.46,6852
85.47,6851
85.49,6848
85.5,6846
85.51,6844
85.52,6842
85.54,6841
85.55,6840
85.57,6838
85.59,6835
85.61,6833
85.65,6831
85.67,6830
85.68,6829
85.69,6827
85.7,6825
85.72,6823
85.74,6822
85.8,6821
85.82,6817
85.83,6816
85.84,6815
85.85,6814
85.86,6812
85.87,6811
85.9,6810
85.92,6808
85.93,6807
85.95,6805
86.4,6802
86.66,6801
86.68,6798
86.69,6796
86.7,6795
86.71,6793
86.72,6792
86.73,6791
86.76,6790
86.8,6789
86.82,6788
86.84,6786
86.87,6784
86.88,6783
86.89,6782
86.91,6780
86.93,6778
86.94,6777
86.95,6776
86.96,6774
86.98,6773
86.99,6772
87.02,6770
87.04,6769
87.05,6767
87.06,6765
87.08,6764
87.09,6763
87.1,6762
87.52,6760
87.54,6758
87.56,6757
87.59,6756
87.6,6755
87.62,6752
87.64,6751
87.65,6750
87.66,6747
87.67,6746
87.69,6744
87.71,6743
87.72,6742
87.76,6740
87.77,6738
87.8,6737
87.84,6736
87.85,6735
87.86,6734
87.87,6733
87.91,6732
88.21,6731
88.22,6730
88.23,6729
88.27,6728
88.29,6727
88.31,6726
88.38,6725
88.39,6724
88.4,6723
88.41,6722
88.47,6719
88.48,6718
88.5,6717
88.53,6714
88.58,6713
88.6,6711
88.63,6709
88.7,6706
88.71,6705
88.72,6703
89.35,6702
89.36,6700
89.37,6699
89.39,6698
89.44,6697
89.47,6693
89.49,6692
89.51,6690
89.52,6688
89.55,6686
89.58,6684
89.6,6682
89.64,6681
89.67,6676
89.68,6673
89.69,6671
89.7,6670
89.72,6669
89.73,6668
89.74,6666
89.8,6665
89.82,6664
89.84,6663
89.85,6661
89.89,6659
89.92,6658
89.98,6655
89.99,6654
90.0,6653
90.02,6652
90.03,6651
90.04,6649
90.05,6647
90.1,6645
90.13,6641
90.19,6640
90.8,6637
90.81,6635
90.82,6633
90.9,6632
90.93,6631
90.96,6630
90.97,6629
90.99,6627
91.01,6625
91.03,6624
91.04,6621
91.06,6619
91.07,6616
91.08,6614
91.09,6613
91.1,6612
91.11,6611
91.69,6609
91.7,6608
91.72,6606
91.74,6605
91.76,6604
91.85,6603
91.88,6602
91.92,6601
91.93,6600
91.94,6599
91.95,6598
91.97,6597
92.0,6595
92.02,6594
92.04,6593
92.08,6591
92.1,6590
92.11,6589
92.13,6588
92.15,6587
92.18,6586
92.2,6584
92.21,6582
92.23,6580
92.24,6579
92.25,6578
92.29,6576
92.3,6573
92.33,6571
92.4,6570
92.45,6569
92.47,6568
92.5,6566
92.52,6564
92.54,6563
92.55,6561
92.56,6560
92.58,6558
92.59,6557
92.62,6555
92.63,6552
92.66,6547
92.68,6545
92.71,6541
92.73,6540
92.77,6538
92.78,6536
92.79,6535
92.8,6533
93.54,6530
93.57,6529
93.6,6527
93.62,6526
93.63,6524
93.65,6523
93.66,6521
93.67,6520
93.69,6519
93.7,6516
93.71,6515
93.72,6512
93.78,6510
93.81,6509
93.83,6508
93.84,6507
93.86,6506
93.87,6505
93.88,6504
93.94,6501
93.96,6500
93.97,6499
93.98,6498
94.02,6494
94.03,6493
94.04,6491
94.05,6489
94.06,6487
94.08,6484
94.09,6483
94.54,6482
94.61,6481
94.62,6480
94.63,6479
94.64,6478
94.66,6477
94.68,6476
94.69,6474
94.7,6471
94.71,6470
94.76,6469
94.77,6467
94.8,6466
94.81,6465
94.83,6464
94.84,6462
94.85,6460
94.87,6459
94.91,6457
94.93,6456
95.01,6455
95.02,6452
95.03,6450
95.06,6448
95.08,6446
95.1,6445
95.14,6444
95.16,6443
95.22,6442
95.23,6441
95.26,6440
95.49,6439
95.54,6438
95.55,6436
95.56,6434
95.59,6433
95.65,6432
95.66,6430
95.69,6428
95.71,6427
95.74,6426
95.75,6425
95.76,6424
95.79,6423
95.83,6420
95.88,6419
95.93,6418
95.94,6416
95.95,6415
95.96,6414
96.01,6413
96.02,6412
96.03,6411
96.06,6410
96.09,6409
96.11,6408
96.13,6407
96.15,6406
96.16,6405
96.17,6404
96.18,6403
96.19,6401
96.21,6400
96.23,6399
96.25,6398
96.27,6396
96.33,6395
96.89,6393
96.9,6392
96.92,6391
96.96,6390
96.97,6389
97.01,6388
97.03,6387
97.05,6386
97.06,6383
97.07,6382
97.11,6381
97.12,6380
97.16,6379
97.23,6377
97.26,6374
97.27,6373
98.03,6369
98.04,6368
98.09,6367
98.52,6366
98.55,6364
99.05,6363
99.06,6362
99.09,6359
99.1,6358
99.11,6357
99.13,6356
99.15,6355
99.18,6352
99.2,6351
99.21,6349
99.25,6348
99.26,6346
99.31,6344
99.38,6342
99.84,6341
99.85,6340
99.87,6339
99.89,6338
99.96,6335
99.98,6334
99.99,6332
100.02,6329
100.07,6328
100.08,6326
100.09,6324
100.11,6323
100.12,6322
100.15,6319
100.17,6318
100.2,6317
100.87,6316
100.99,6314
101.0,6313
101.04,6312
101.05,6311
101.08,6310
101.09,6308
101.1,6307
101.12,6306
101.13,6304
101.14,6302
101.16,6299
101.2,6298
101.21,6297
101.23,6294
101.25,6293
101.29,6292
101.32,6291
101.37,6289
101.38,6287
101.4,6286
101.43,6285
101.47,6284
101.48,6281
101.54,6280
101.55,6279
101.59,6277
101.6,6274
101.62,6272
101.63,6271
101.64,6269
101.65,6268
101.7,6266
101.71,6263
102.28,6262
102.29,6261
102.31,6260
102.35,6259
102.36,6258
102.39,6257
102.4,6256
102.41,6252
102.42,6251
102.43,6250
102.44,6249
102.48,6248
102.5,6246
102.6,6244
102.61,6243
102.62,6242
102.63,6241
102.64,6240
102.66,6239
102.67,6238
102.69,6236
102.7,6235
102.74,6234
103.17,6233
103.2,6230
103.21,6228
103.22,6226
103.24,6225
103.65,6224
103.67,6222
103.73,6221
103.74,6217
103.76,6216
103.95,6214
104.34,6213
104.35,6209
104.36,6207
104.38,6206
104.42,6205
104.43,6203
104.45,6202
104.46,6201
104.47,6199
104.57,6198
104.59,6197
104.61,6195
104.64,6194
104.72,6193
104.74,6192
104.75,6191
105.15,6190
105.16,6188
105.58,6187
105.6,6186
105.61,6185
105.65,6184
105.7,6183
105.72,6181
105.75,6180
105.79,6179
105.84,6178
105.87,6177
105.88,6173
105.9,6171
105.92,6170
105.93,6169
105.97,6168
105.98,6166
106.0,6164
106.02,6161
106.03,6160
106.05,6159
106.06,6158
106.09,6157
106.29,6156
106.3,6155
106.31,6154
106.33,6153
106.35,6151
106.41,6150
106.42,6149
106.43,6148
106.45,6147
106.46,6146
106.47,6143
106.87,6141
106.9,6138
106.91,6137
107.01,6135
107.02,6134
107.03,6133
107.04,6132
107.07,6131
107.08,6130
107.09,6129
107.13,6128
107.15,6127
107.16,6126
107.65,6125
107.66,6124
107.67,6123
107.75,6122
107.77,6120
107.78,6119
107.8,6118
107.83,6113
107.84,6111
107.85,6110
107.88,6109
107.89,6107
107.94,6106
107.95,6102
107.98,6100
108.0,6099
108.01,6098
108.4,6097
108.42,6096
108.5,6094
108.51,6092
108.53,6091
108.55,6090
108.57,6089
108.58,6087
108.59,6086
108.62,6085
108.66,6084
108.69,6083
109.1,6082
109.11,6078
109.13,6077
109.37,6075
109.38,6073
109.41,6072
109.43,6070
109.44,6069
109.5,6068
109.86,6067
109.87,6066
109.89,6064
109.94,6063
109.97,6062
110.01,6061
110.02,6060
110.04,6056
110.05,6053
110.47,6051
110.49,6050
110.51,6049
110.54,6048
110.55,6047
110.56,6044
110.95,6043
110.96,6041
110.99,6039
111.05,6038
111.07,6037
111.08,6036
111.12,6035
111.16,6034
111.23,6033
111.25,6032
111.26,6031
111.27,6030
111.28,6029
111.79,6028
111.8,6027
111.82,6026
111.84,6025
111.87,6023
111.9,6022
111.94,6021
111.95,6020
111.98,6019
112.02,6018
112.03,6017
112.05,6016
112.07,6015
112.08,6014
112.33,6013
112.4,6011
112.43,6009
112.46,6008
112.47,6007
112.51,6006
112.52,6004
112.56,6003
112.58,6002
112.63,6001
112.64,5999
112.67,5997
112.72,5996
112.74,5995
112.78,5994
113.01,5993
113.44,5990
113.48,5989
113.96,5988
113.99,5987
114.04,5986
114.07,5985
114.49,5982
114.51,5981
114.54,5980
114.6,5979
114.61,5978
114.64,5977
114.65,5976
114.66,5974
114.68,5973
114.72,5972
114.77,5971
114.82,5968
114.83,5967
114.84,5966
114.86,5964
114.88,5963
114.9,5961
114.91,5960
114.94,5959
114.95,5958
114.96,5955
115.0,5954
115.03,5952
115.04,5951
115.05,5950
115.64,5947
115.66,5946
115.68,5945
115.69,5944
115.7,5943
115.77,5942
115.8,5940
115.82,5939
115.83,5938
115.9,5937
115.92,5936
115.93,5935
115.94,5934
116.0,5933
116.01,5932
116.03,5931
116.04,5930
116.06,5929
116.07,5928
116.09,5927
116.16,5925
116.17,5923
116.2,5921
116.6,5919
116.66,5918
116.71,5917
116.72,5916
116.74,5915
116.82,5914
116.86,5910
116.87,5909
116.88,5908
116.89,5907
116.9,5906
116.93,5905
116.94,5903
117.0,5902
117.04,5901
117.06,5899
117.07,5897
117.1,5896
117.14,5895
117.17,5892
117.18,5891
117.21,5890
117.22,5888
117.23,5887
117.25,5886
117.63,5885
117.64,5884
117.68,5883
117.71,5881
117.72,5880
117.73,5878
117.77,5877
117.8,5876
117.81,5875
117.85,5873
117.86,5872
117.9,5871
117.91,5870
117.93,5869
117.94,5868
117.95,5864
117.97,5863
117.98,5862
118.0,5861
118.02,5860
118.05,5859
118.07,5856
118.08,5855
118.09,5853
118.12,5851
118.13,5850
118.14,5849
118.15,5848
118.19,5846
118.2,5845
118.22,5844
118.23,5843
118.24,5842
118.26,5841
118.31,5840
118.36,5838
118.37,5837
118.41,5836
118.43,5835
118.47,5834
118.49,5833
118.52,5832
118.54,5830
118.55,5829
118.58,5828
118.59,5826
118.6,5824
118.63,5823
118.65,5822
118.69,5819
118.7,5818
118.73,5816
119.19,5815
119.2,5814
119.22,5813
119.24,5809
119.27,5808
119.37,5807
119.45,5806
119.49,5805
119.55,5803
119.56,5802
119.59,5801
119.65,5799
119.66,5798
119.67,5797
119.68,5796
119.72,5795
119.79,5794
119.8,5793
119.84,5792
119.86,5790
119.9,5789
119.91,5788
119.92,5787
119.94,5786
119.95,5785
119.97,5781
120.02,5780
120.03,5779
120.04,5778
120.05,5777
120.1,5776
120.12,5775
120.14,5773
120.17,5772
120.2,5771
120.23,5769
120.24,5766
120.27,5765
120.3,5764
120.64,5763
120.72,5761
120.76,5759
120.77,5757
121.13,5755
121.19,5754
121.23,5753
121.25,5752
121.27,5750
121.29,5749
121.31,5747
121.32,5746
121.33,5745
121.34,5744
121.39,5742
121.44,5740
121.45,5738
121.47,5737
121.56,5736
121.58,5735
121.95,5734
121.97,5732
121.98,5731
122.02,5730
122.09,5729
122.11,5728
122.15,5724
122.16,5723
122.76,5721
122.78,5720
122.79,5719
122.98,5718
123.3,5717
123.31,5715
123.32,5714
123.33,5713
123.35,5712
123.4,5711
123.48,5710
123.5,5708
123.51,5707
123.55,5705
123.56,5704
123.6,5703
123.63,5702
123.67,5700
123.79,5699
123.81,5698
124.2,5697
124.21,5695
124.23,5692
124.24,5691
124.26,5690
124.27,5689
124.34,5688
124.35,5687
124.37,5686
124.4,5685
124.44,5684
124.45,5683
124.46,5682
124.51,5681
124.65,5679
124.66,5678
124.68,5677
124.73,5676
124.75,5675
124.77,5673
124.87,5672
124.89,5671
124.97,5670
125.01,5669
125.02,5668
125.03,5667
125.07,5666
125.43,5665
125.46,5664
125.48,5662
125.5,5661
125.51,5657
125.55,5656
125.56,5655
125.57,5653
125.61,5652
125.67,5651
125.7,5649
125.72,5648
125.75,5646
125.76,5645
125.8,5643
125.83,5642
125.85,5640
125.86,5639
125.88,5638
126.49,5637
126.5,5635
126.52,5632
126.55,5631
126.58,5630
126.6,5629
126.62,5628
126.65,5627
126.73,5626
126.74,5624
126.82,5623
126.83,5621
126.84,5620
126.95,5619
126.98,5618
127.05,5617
127.07,5616
127.09,5614
127.14,5612
127.16,5611
127.17,5610
127.19,5609
127.22,5608
127.25,5607
127.29,5606
127.3,5605
127.32,5603
127.42,5602
127.49,5599
127.88,5598
127.93,5596
127.95,5595
127.96,5594
127.99,5593
128.02,5592
128.08,5589
128.09,5588
128.11,5587
128.47,5586
128.51,5585
128.52,5584
128.53,5583
128.56,5581
128.59,5580
128.6,5578
128.61,5576
128.64,5575
128.66,5574
128.67,5572
128.68,5571
128.69,5570
128.72,5568
129.09,5567
129.1,5565
129.12,5564
129.13,5561
129.17,5560
129.23,5559
129.24,5558
129.25,5557
129.28,5556
129.3,5555
129.31,5554
129.32,5551
129.37,5550
129.39,5549
129.4,5547
129.42,5546
129.43,5545
129.44,5544
129.47,5543
129.53,5541
129.54,5539
129.74,5538
129.75,5536
129.82,5535
129.84,5534
129.85,5533
129.87,5532
129.91,5531
129.95,5529
130.29,5528
130.31,5526
130.32,5523
130.53,5522
130.57,5521
130.61,5520
130.62,5519
130.63,5518
130.64,5517
131.03,5514
131.04,5512
131.07,5510
131.51,5509
131.54,5508
131.56,5506
131.6,5505
131.62,5504
131.63,5503
131.67,5502
131.69,5501
131.71,5500
131.74,5498
131.75,5496
131.76,5495
132.09,5494
132.1,5492
132.11,5490
132.12,5489
132.15,5488
132.16,5487
132.2,5486
132.21,5485
132.24,5484
132.32,5483
132.35,5480
132.41,5479
132.43,5478
132.5,5477
132.56,5475
132.57,5474
132.61,5473
132.62,5472
132.67,5471
132.68,5470
132.73,5469
132.75,5468
132.77,5467
132.78,5465
132.81,5464
132.82,5463
132.84,5462
132.87,5461
132.9,5460
132.93,5459
132.96,5457
132.97,5456
132.98,5455
133.0,5452
133.02,5451
133.04,5449
133.05,5448
133.11,5447
133.22,5446
133.23,5445
133.27,5444
133.31,5443
133.34,5442
133.36,5441
133.4,5440
133.42,5438
133.43,5437
133.46,5436
133.47,5435
133.52,5434
133.54,5433
133.55,5432
133.58,5431
133.59,5430
133.6,5428
133.66,5427
133.67,5426
133.68,5425
133.7,5424
133.74,5422
133.8,5421
133.84,5420
133.85,5419
133.86,5417
133.87,5416
133.93,5415
133.95,5412
133.99,5410
134.0,5409
134.03,5408
134.04,5406
134.07,5405
134.08,5404
134.09,5401
134.11,5400
134.13,5399
134.21,5398
134.24,5397
134.26,5396
134.27,5394
134.29,5392
134.37,5391
134.38,5390
134.4,5389
134.43,5387
134.49,5385
134.51,5383
134.53,5382
134.55,5380
134.57,5378
134.64,5375
134.7,5374
134.76,5373
134.78,5371
134.79,5370
134.84,5369
134.85,5368
134.91,5366
134.94,5364
134.95,5362
135.18,5361
135.19,5359
135.42,5356
135.5,5355
135.86,5354
135.91,5352
135.98,5351
136.02,5350
136.04,5349
136.06,5348
136.11,5347
136.17,5346
136.41,5344
136.84,5343
136.87,5342
136.89,5340
137.28,5339
137.29,5338
137.3,5337
137.35,5335
137.38,5334
137.4,5333
137.77,5332
137.78,5331
137.8,5329
137.86,5327
137.87,5325
137.88,5324
137.96,5323
137.97,5322
137.98,5321
138.04,5320
138.06,5319
138.09,5317
138.13,5316
138.15,5315
138.18,5314
138.55,5311
138.59,5310
138.73,5309
138.76,5308
138.82,5307
138.83,5306
138.87,5305
138.92,5304
138.96,5303
139.01,5302
139.04,5301
139.08,5299
139.13,5298
139.14,5297
139.17,5295
139.19,5294
139.4,5293
139.45,5292
139.49,5290
139.53,5289
139.91,5288
139.97,5287
139.99,5286
140.04,5284
140.1,5283
140.19,5282
140.5,5281
140.51,5280
140.55,5279
140.56,5278
140.57,5277
140.61,5275
140.68,5274
140.71,5273
140.73,5272
140.75,5271
140.78,5270
140.84,5269
140.85,5267
141.26,5266
141.28,5265
141.62,5262
141.63,5261
141.97,5259
141.98,5258
141.99,5257
142.02,5256
142.03,5255
142.05,5254
142.07,5253
142.12,5252
142.55,5251
142.59,5250
142.62,5249
142.99,5247
143.0,5246
143.02,5245
143.76,5244
143.77,5243
143.81,5242
143.87,5241
143.88,5240
143.89,5238
143.94,5237
143.95,5236
144.0,5235
144.03,5234
144.07,5232
144.16,5230
144.19,5229
144.24,5228
144.33,5227
144.37,5224
144.38,5223
144.42,5222
144.57,5221
144.63,5220
144.9,5219
144.96,5216
145.04,5214
145.06,5213
145.26,5212
145.36,5211
145.38,5210
145.48,5209
145.51,5208
145.52,5207
145.53,5206
145.62,5205
145.83,5204
145.96,5203
146.0,5202
146.05,5200
146.07,5199
146.49,5198
146.68,5197
146.75,5195
146.9,5193
146.91,5192
146.93,5190
146.99,5189
147.07,5188
147.12,5187
147.16,5186
147.2,5185
147.24,5184
147.28,5183
147.32,5181
147.34,5180
147.35,5178
147.37,5177
147.7,5176
147.73,5175
147.75,5174
147.77,5173
147.87,5172
148.06,5171
148.07,5170
148.11,5169
148.52,5168
148.75,5167
148.76,5166
148.77,5164
149.04,5163
149.05,5162
149.11,5161
149.13,5160
149.43,5159
149.46,5158
149.52,5157
149.58,5156
149.59,5155
149.66,5154
149.7,5153
149.79,5152
149.81,5151
149.82,5150
150.17,5149
150.26,5148
150.28,5147
150.3,5146
150.32,5145
151.13,5144
151.24,5143
151.25,5140
151.28,5139
151.32,5138
151.68,5137
151.77,5136
152.13,5135
152.18,5133
152.27,5132
152.32,5130
152.39,5129
152.45,5128
152.47,5125
152.97,5124
153.02,5123
153.05,5122
153.1,5121
153.11,5120
153.13,5119
153.16,5118
153.44,5117
153.47,5116
153.48,5115
153.57,5113
153.61,5112
153.65,5111
153.71,5110
154.23,5109
154.26,5108
154.29,5107
154.32,5106
154.35,5105
154.39,5104
154.52,5103
154.72,5102
155.47,5101
155.49,5100
155.7,5099
155.72,5098
155.85,5096
155.87,5094
155.91,5092
155.96,5091
156.31,5090
156.34,5089
156.37,5088
156.4,5087
156.41,5086
156.42,5085
156.81,5084
156.85,5083
156.88,5082
156.93,5080
156.98,5079
156.99,5078
157.03,5077
157.11,5076
157.47,5075
157.74,5074
157.76,5073
157.89,5072
157.9,5071
158.42,5070
158.46,5069
158.65,5068
158.7,5067
158.73,5066
158.75,5065
158.77,5064
158.99,5063
159.0,5062
159.31,5061
159.55,5060
159.57,5059
159.63,5058
159.87,5057
160.23,5056
160.34,5055
160.36,5053
160.38,5052
160.4,5051
160.42,5050
160.49,5049
160.5,5048
160.53,5047
160.62,5046
160.67,5045
160.75,5043
160.79,5042
161.98,5041
161.99,5040
162.16,5039
162.21,5037
162.27,5036
162.35,5035
162.36,5033
162.4,5032
162.55,5031
162.57,5030
163.2,5029
163.34,5028
163.52,5027
163.57,5026
163.58,5025
163.6,5024
163.63,5023
163.7,5022
163.73,5021
163.75,5020
163.76,5019
163.77,5017
163.78,5016
163.83,5015
163.84,5013
163.87,5012
163.94,5011
163.98,5010
163.99,5009
164.0,5008
164.33,5007
164.38,5006
164.81,5005
165.49,5004
165.73,5003
166.12,5002
166.15,5000
166.17,4999
166.18,4998
166.19,4997
166.65,4996
166.71,4995
166.77,4994
167.09,4993
167.21,4992
167.28,4991
167.45,4990
167.76,4989
167.79,4988
168.73,4987
168.76,4986
168.78,4985
168.8,4983
168.86,4982
168.88,4981
168.95,4980
168.98,4978
169.0,4977
169.03,4976
169.11,4975
169.15,4974
169.16,4973
169.17,4971
169.3,4970
169.41,4969
169.64,4968
169.65,4967
169.69,4966
170.08,4965
170.11,4964
170.23,4963
170.33,4962
170.37,4961
170.45,4960
170.48,4957
170.54,4956
170.75,4955
170.82,4954
171.24,4953
171.3,4952
171.32,4951
171.46,4950
171.47,4949
171.5,4947
171.6,4946
171.61,4944
171.62,4943
171.69,4942
171.77,4941
171.78,4940
172.09,4939
172.15,4938
172.23,4937
172.25,4936
172.28,4935
172.32,4934
172.33,4933
172.46,4932
172.81,4931
173.79,4930
173.94,4929
173.98,4928
174.0,4927
174.03,4926
174.33,4925
175.29,4924
175.3,4923
175.63,4922
175.66,4921
175.72,4920
175.84,4919
175.87,4917
176.8,4916
177.16,4915
177.24,4914
177.31,4913
177.53,4912
177.74,4911
177.79,4910
178.35,4909
178.53,4908
178.54,4907
178.83,4906
178.87,4905
178.94,4904
179.63,4903
179.81,4902
179.91,4901
179.98,4900
180.0,4899
180.13,4898
180.17,4897
180.39,4896
180.42,4895
181.01,4894
181.03,4893
181.07,4892
181.16,4890
181.49,4889
181.59,4888
181.8,4887
181.82,4886
181.85,4885
182.03,4884
182.35,4883
182.39,4881
182.43,4880
182.46,4879
182.47,4878
182.48,4877
182.62,4875
183.06,4874
183.21,4873
183.53,4872
183.64,4870
184.04,4869
184.1,4868
184.17,4867
184.44,4866
184.5,4865
184.6,4864
184.62,4863
184.71,4862
184.93,4861
185.11,4860
185.14,4859
185.36,4858
185.44,4857
185.51,4856
185.54,4855
185.74,4854
185.82,4853
185.86,4852
185.99,4851
186.4,4850
186.42,4848
186.43,4847
186.92,4846
187.06,4845
187.24,4844
187.35,4843
187.47,4842
187.51,4841
187.52,4840
187.56,4839
188.26,4838
188.29,4837
188.31,4836
188.52,4835
188.67,4834
188.99,4833
189.34,4832
189.36,4831
190.5,4830
190.53,4829
190.54,4828
190.63,4827
190.7,4826
191.05,4824
191.26,4823
191.78,4822
191.83,4821
191.92,4820
192.0,4819
192.2,4818
192.25,4817
192.76,4816
192.8,4815
192.82,4814
193.65,4813
194.0,4812
195.58,4811
195.91,4810
195.97,4809
196.17,4808
196.52,4807
196.61,4806
196.62,4805
197.17,4804
197.41,4803
197.92,4802
198.52,4801
198.98,4800
199.19,4799
199.7,4798
199.75,4797
201.21,4796
201.69,4795
202.46,4794
202.94,4793
203.03,4792
203.05,4791
203.75,4790
203.82,4789
203.87,4788
203.97,4787
204.31,4786
204.41,4785
206.2,4784
206.86,4783
207.28,4782
207.62,4780
207.78,4779
207.82,4778
208.86,4777
208.92,4776
209.45,4775
209.6,4774
209.61,4773
210.81,4772
212.06,4771
212.2,4770
212.24,4769
213.13,4768
213.73,4767
213.92,4766
213.93,4765
213.97,4764
214.15,4763
214.18,4762
215.07,4761
215.16,4760
215.95,4759
215.98,4758
216.07,4757
217.12,4756
217.57,4755
217.64,4754
218.26,4753
218.97,4752
219.23,4751
220.03,4750
220.75,4749
220.78,4748
220.8,4747
220.82,4746
221.04,4745
221.56,4744
221.59,4743
221.72,4742
221.78,4741
222.0,4740
222.04,4739
222.94,4738
223.59,4737
224.43,4736
224.91,4735
226.91,4734
227.04,4733
227.99,4732
228.76,4731
229.01,4730
229.08,4729
229.19,4728
230.33,4727
230.34,4726
230.74,4725
230.79,4724
231.27,4723
231.55,4722
231.83,4721
231.85,4720
232.33,4719
232.35,4718
232.7,4717
232.88,4716
233.01,4715
233.31,4714
233.84,4713
234.09,4712
234.13,4711
234.51,4710
235.63,4709
235.67,4708
236.66,4707
237.06,4706
237.14,4705
238.38,4704
239.39,4703
239.66,4702
239.93,4701
240.97,4700
242.51,4699
244.26,4698
244.41,4697
245.05,4696
245.58,4695
247.04,4694
249.48,4693
249.68,4692
249.7,4691
250.79,4690
252.13,4689
252.19,4688
252.92,4687
254.16,4686
254.61,4685
254.64,4684
255.54,4683
256.06,4682
256.21,4681
259.4,4680
259.88,4679
259.92,4678
260.89,4677
261.78,4676
261.85,4675
261.9,4674
264.27,4673
264.91,4672
265.06,4671
266.26,4670
267.65,4669
268.22,4668
269.97,4667
270.49,4666
272.73,4665
272.82,4664
273.76,4663
273.77,4662
274.89,4661
275.39,4660
275.99,4659
276.64,4658
277.56,4657
278.78,4656
282.47,4655
282.58,4654
284.01,4653
284.56,4652
286.0,4651
287.57,4650
291.32,4649
293.29,4648
293.35,4647
293.72,4646
294.48,4645
295.72,4644
295.75,4643
299.75,4642
300.69,4641
300.73,4640
300.79,4639
301.55,4638
301.73,4637
301.92,4636
306.0,4635
308.99,4634
313.13,4633
314.7,4632
314.98,4631
316.52,4630
320.4,4629
328.44,4628
335.41,4627
335.65,4626
344.22,4625
347.55,4624
347.77,4623
356.78,4622
357.56,4621
368.39,4620
376.73,4619
388.92,4618
418.0,4617
421.11,4616
423.02,4615
423.24,4614
427.42,4613
429.08,4612
432.48,4611
435.34,4610
439.29,4609
443.21,4608
445.93,4607
446.29,4606
448.15,4605
448.17,4604
450.63,4603
451.52,4602
454.56,4601
457.27,4600
463.3,4599
467.8,4598
471.59,4597
492.01,4596
492.5,4595
496.72,4594
507.15,4593
516.21,4592
517.52,4591
529.91,4590
532.35,4589
535.35,4588
538.55,4587
541.61,4586
542.18,4585
543.41,4584
546.39,4583
554.52,4582
555.74,4581
555.83,4580
557.05,4579
564.1,4578
581.21,4577
591.18,4576
