0.0,14107
0.01,14101
0.02,14095
0.03,14090
0.04,14082
0.05,14073
0.06,14070
0.07,14062
0.08,14056
0.09,14049
0.1,14043
0.11,14036
0.12,14030
0.13,14025
0.14,14020
0.15,14016
0.16,14012
0.17,14008
0.18,14002
0.19,13996
0.2,13989
0.21,13982
0.22,13977
0.23,13971
0.24,13964
0.25,13958
0.26,13954
0.27,13948
0.28,13943
0.96,13941
0.97,13940
0.98,13934
0.99,13931
1.0,13925
1.01,13919
1.02,13912
1.03,13905
1.04,13899
1.05,13891
1.06,13885
1.07,13881
1.08,13877
1.09,13871
1.1,13868
1.11,13861
1.74,13857
1.75,13853
1.76,13850
1.77,13847
1.78,13842
1.79,13840
1.8,13838
1.81,13834
1.82,13832
1.83,13828
1.84,13822
1.85,13818
1.86,13814
1.87,13810
1.88,13803
1.89,13797
1.9,13791
1.91,13784
1.92,13778
1.93,13774
1.94,13767
1.95,13761
1.96,13753
1.97,13748
1.99,13744
2.0,13739
2.01,13736
2.02,13731
2.03,13726
2.04,13722
2.05,13718
2.06,13714
2.07,13713
2.08,13707
2.09,13704
2.1,13698
2.11,13694
2.12,13691
2.13,13684
2.14,13680
2.15,13679
2.16,13671
2.17,13668
2.18,13663
2.19,13660
2.2,13654
2.21,13648
2.22,13644
2.23,13640
2.24,13633
2.25,13627
2.26,13621
2.27,13615
2.28,13612
2.29,13610
2.3,13607
2.31,13605
2.32,13601
2.33,13598
2.34,13594
2.35,13593
2.36,13586
2.37,13583
2.38,13575
2.39,13567
2.4,13563
2.41,13559
2.42,13554
2.43,13551
2.44,13545
2.45,13540
2.46,13535
2.47,13531
2.48,13524
2.49,13517
2.5,13513
2.51,13508
2.52,13505
2.53,13499
2.54,13492
2.55,13489
2.56,13486
2.57,13483
2.58,13479
2.59,13473
2.6,13470
2.61,13468
2.62,13461
2.63,13457
2.64,13456
2.65,13454
2.66,13450
2.67,13447
2.68,13444
2.69,13441
2.7,13438
2.71,13433
2.72,13428
2.73,13422
2.74,13420
2.75,13416
2.76,13414
2.77,13413
3.45,13409
3.46,13404
3.47,13399
3.48,13395
3.49,13389
3.5,13386
3.51,13381
3.52,13378
3.53,13376
3.54,13373
3.55,13370
3.56,13366
3.57,13361
3.58,13355
4.23,13352
4.24,13345
4.25,13342
4.26,13337
4.27,13334
4.28,13333
4.29,13329
4.31,13322
4.32,13320
4.33,13316
4.34,13315
4.35,13312
4.36,13307
4.37,13306
4.38,13302
4.39,13299
4.4,13295
4.41,13291
4.42,13286
4.43,13282
4.44,13277
4.45,13273
4.46,13269
4.47,13264
4.48,13263
4.49,13261
4.5,13259
4.52,13256
4.53,13254
4.54,13251
4.55,13249
4.56,13247
4.57,13245
4.58,13241
4.59,13239
4.6,13236
4.61,13234
4.62,13232
4.63,13231
4.64,13227
4.65,13226
4.66,13220
4.67,13214
4.68,13205
4.69,13203
4.7,13199
4.71,13192
4.72,13188
4.73,13183
4.74,13174
4.75,13172
4.76,13171
4.77,13163
4.78,13161
4.79,13160
4.8,13158
4.81,13155
4.83,13151
4.84,13144
4.85,13140
4.86,13135
4.87,13134
4.88,13129
4.89,13124
4.91,13123
4.92,13122
4.93,13117
4.94,13114
5.57,13107
5.58,13104
5.59,13102
5.6,13098
5.61,13095
5.62,13089
5.63,13088
5.64,13084
5.65,13081
5.68,13076
6.3,13071
6.31,13067
6.32,13061
6.33,13055
6.34,13050
6.35,13049
6.36,13048
6.37,13047
6.38,13042
6.39,13040
6.4,13037
6.41,13034
6.42,13032
6.43,13027
6.44,13023
6.45,13021
6.46,13016
6.47,13014
6.49,13011
6.5,13009
6.51,13008
7.17,13007
7.18,13003
7.19,13000
7.2,12996
7.21,12991
7.22,12990
7.23,12987
7.24,12986
7.25,12982
7.26,12977
7.27,12973
7.28,12970
7.29,12968
7.3,12966
7.31,12961
7.32,12959
7.33,12958
7.34,12955
7.35,12952
7.36,12949
7.37,12942
7.38,12940
7.39,12939
7.4,12938
7.41,12936
7.42,12934
7.43,12931
7.44,12930
7.45,12928
7.46,12927
7.47,12926
7.48,12921
7.49,12917
7.5,12916
7.51,12912
7.52,12911
7.53,12907
7.54,12906
7.55,12903
7.56,12898
7.57,12896
7.58,12890
7.59,12882
7.6,12881
7.61,12880
7.62,12875
7.63,12872
7.64,12869
7.65,12868
7.66,12867
7.67,12862
7.68,12857
7.69,12854
8.38,12853
8.39,12851
8.4,12845
8.41,12840
8.42,12836
8.43,12835
8.44,12829
8.45,12826
8.46,12824
8.47,12821
8.48,12818
8.49,12814
8.51,12813
8.52,12812
8.53,12811
8.54,12810
8.55,12807
8.56,12802
8.57,12797
8.58,12793
8.59,12789
8.6,12785
8.61,12782
8.62,12781
8.63,12780
8.64,12778
8.65,12775
8.67,12774
8.68,12771
8.69,12767
8.7,12763
8.71,12758
8.72,12757
8.73,12756
8.74,12755
8.75,12751
8.76,12750
8.78,12748
8.79,12746
8.8,12742
8.81,12740
8.82,12736
8.83,12734
8.84,12730
8.85,12729
8.86,12725
8.87,12723
8.88,12720
8.89,12717
8.9,12713
8.91,12709
8.92,12707
8.93,12703
8.94,12702
8.95,12701
8.96,12699
8.98,12697
8.99,12693
9.0,12687
9.01,12683
9.03,12682
9.04,12680
9.06,12673
9.07,12671
9.08,12668
9.09,12664
9.1,12663
9.12,12662
9.13,12656
9.14,12654
9.15,12652
9.17,12649
9.18,12647
9.19,12646
9.2,12643
9.21,12641
9.22,12638
9.23,12635
9.24,12633
9.25,12629
9.26,12626
9.27,12622
9.28,12620
9.29,12618
9.3,12616
9.31,12612
9.32,12607
9.33,12602
9.34,12599
9.35,12596
9.64,12591
9.65,12589
9.66,12586
9.67,12583
9.68,12581
9.69,12580
9.7,12577
9.71,12575
9.72,12573
9.74,12572
9.75,12571
9.76,12570
9.77,12567
9.78,12563
9.79,12561
9.8,12557
9.81,12553
9.82,12552
9.83,12548
9.84,12545
9.85,12544
10.38,12542
10.39,12539
10.4,12535
10.41,12531
10.43,12526
10.44,12525
10.45,12523
10.46,12520
10.48,12519
11.02,12516
11.04,12509
11.05,12502
11.06,12498
11.07,12493
11.08,12492
11.09,12488
11.1,12486
11.11,12483
11.12,12481
11.14,12477
11.15,12474
11.16,12471
11.17,12467
11.18,12463
11.19,12459
11.2,12453
11.21,12449
11.22,12447
11.23,12442
11.24,12439
11.25,12436
11.26,12430
11.27,12428
11.28,12424
11.86,12422
11.87,12420
11.88,12418
11.89,12416
11.9,12413
11.91,12407
11.92,12404
11.94,12400
11.95,12395
11.96,12389
11.97,12387
11.98,12385
11.99,12384
12.0,12382
12.01,12377
12.02,12374
12.03,12373
12.04,12372
12.67,12370
12.68,12367
12.69,12366
12.7,12361
12.71,12359
12.73,12357
12.74,12353
12.75,12350
12.76,12348
12.77,12347
12.78,12343
12.79,12341
12.8,12336
12.81,12332
12.82,12330
12.83,12328
12.84,12326
12.85,12323
12.86,12320
12.87,12319
12.88,12317
12.89,12314
12.9,12312
12.91,12305
12.92,12301
12.93,12299
12.94,12296
12.95,12294
12.96,12292
12.97,12290
12.98,12284
12.99,12282
13.0,12279
13.01,12276
13.02,12270
13.03,12267
13.39,12262
13.4,12260
13.41,12254
13.95,12252
13.96,12250
13.98,12247
13.99,12242
14.0,12238
14.01,12236
14.02,12234
14.03,12231
14.04,12228
14.07,12227
14.08,12225
14.09,12224
14.1,12223
14.42,12219
14.43,12217
14.44,12215
14.45,12214
14.46,12212
14.47,12208
14.48,12207
14.49,12204
14.5,12203
14.51,12201
14.53,12199
14.54,12197
14.55,12196
14.56,12191
14.57,12188
14.58,12187
14.62,12184
14.63,12181
14.64,12180
15.15,12176
15.16,12174
15.17,12173
15.18,12170
15.19,12169
15.2,12164
15.21,12160
15.22,12159
15.23,12154
15.24,12150
15.25,12146
15.26,12144
15.27,12141
15.28,12139
15.29,12134
15.31,12129
15.32,12127
15.33,12126
15.34,12125
15.36,12122
15.38,12119
15.39,12113
15.4,12107
15.41,12105
15.43,12104
15.44,12102
15.46,12096
15.47,12092
15.48,12091
15.49,12087
15.5,12086
15.51,12082
15.52,12081
15.53,12078
15.54,12074
15.55,12073
15.56,12072
15.57,12071
15.58,12069
15.59,12068
15.6,12067
15.61,12062
15.62,12057
15.63,12056
15.65,12055
15.66,12052
15.67,12051
15.68,12048
15.69,12044
15.7,12042
15.71,12039
15.73,12038
15.74,12036
15.75,12035
15.76,12032
15.77,12030
15.78,12027
15.79,12024
15.8,12023
15.81,12020
15.82,12019
15.83,12016
15.84,12014
15.85,12010
15.86,12007
15.87,12005
15.88,12004
15.89,11997
15.9,11993
15.91,11986
15.92,11984
15.93,11980
15.94,11975
15.95,11970
15.96,11968
15.98,11966
15.99,11961
16.0,11958
16.01,11956
16.02,11955
16.03,11951
16.04,11949
16.05,11947
16.06,11943
16.61,11941
16.62,11937
16.63,11934
16.64,11932
16.65,11930
16.66,11926
16.67,11923
16.68,11921
16.69,11918
16.7,11910
16.72,11907
16.73,11903
16.74,11899
16.76,11898
16.77,11896
16.79,11894
16.8,11893
16.81,11889
16.83,11888
16.84,11881
16.85,11880
16.86,11877
16.88,11873
16.89,11870
16.9,11868
16.93,11864
16.94,11861
16.95,11860
16.96,11857
16.97,11853
17.54,11852
17.55,11848
17.56,11845
17.57,11840
17.58,11836
17.59,11832
17.6,11830
18.13,11825
18.14,11824
18.15,11819
18.16,11815
18.18,11813
18.2,11812
18.21,11808
18.22,11802
18.23,11797
18.24,11792
18.25,11784
18.27,11782
18.28,11780
18.29,11778
18.77,11777
18.79,11773
18.8,11772
18.81,11771
18.82,11767
18.83,11766
18.84,11761
18.85,11756
18.86,11753
18.87,11751
18.88,11748
18.89,11744
18.91,11741
18.93,11740
18.94,11737
18.95,11736
18.96,11730
18.97,11729
18.98,11728
18.99,11726
19.0,11723
19.02,11718
19.03,11715
19.04,11713
19.05,11712
19.06,11709
19.07,11704
19.08,11702
19.09,11698
19.1,11694
19.11,11691
19.12,11689
19.13,11685
19.14,11681
19.15,11676
19.16,11671
19.17,11668
19.18,11667
19.2,11664
19.21,11660
19.22,11657
19.23,11650
19.25,11649
19.26,11648
19.27,11646
19.28,11645
19.29,11643
19.3,11642
19.31,11638
19.32,11637
19.33,11634
19.34,11628
19.35,11624
19.36,11619
19.37,11616
19.86,11615
19.87,11610
19.88,11607
19.89,11603
19.9,11600
19.91,11595
19.92,11591
19.94,11587
19.95,11581
19.96,11580
19.97,11575
19.98,11573
19.99,11572
20.0,11571
20.03,11568
20.05,11565
20.06,11563
20.07,11560
20.08,11557
20.09,11556
20.1,11554
20.11,11553
20.12,11549
20.13,11544
20.14,11541
20.15,11539
20.16,11537
20.17,11534
20.18,11529
20.2,11525
20.22,11521
20.23,11515
20.24,11510
20.25,11507
20.26,11503
20.27,11500
20.28,11496
20.31,11491
20.34,11488
20.35,11484
20.36,11480
20.37,11471
20.38,11468
20.41,11463
20.42,11460
20.43,11458
20.44,11457
20.45,11455
20.46,11449
20.47,11447
20.48,11446
20.49,11444
20.51,11439
20.52,11436
20.53,11435
20.54,11432
20.55,11431
20.56,11429
20.57,11426
20.58,11424
20.59,11421
20.61,11417
20.63,11413
20.64,11408
20.65,11407
20.66,11406
20.67,11404
20.68,11403
20.69,11401
20.7,11397
20.71,11394
20.72,11393
20.73,11391
20.74,11390
20.75,11389
20.76,11387
20.77,11386
20.79,11385
20.8,11380
20.81,11378
20.82,11377
20.83,11374
20.84,11373
20.86,11369
20.87,11365
20.88,11361
20.89,11356
20.9,11352
20.91,11351
20.92,11349
20.93,11346
20.94,11345
20.95,11343
20.96,11338
20.99,11335
21.0,11331
21.01,11330
21.47,11329
21.48,11326
21.49,11322
21.5,11320
21.51,11318
21.52,11317
21.53,11315
21.54,11314
21.55,11310
21.56,11308
21.57,11306
21.58,11305
21.59,11299
21.6,11292
21.61,11290
22.14,11286
22.15,11285
22.16,11280
22.17,11277
22.18,11275
22.19,11272
22.2,11270
22.21,11269
22.22,11266
22.23,11265
22.24,11264
22.25,11263
22.29,11261
22.3,11260
22.32,11257
22.35,11255
22.37,11254
22.38,11251
22.39,11249
23.15,11247
23.16,11246
23.17,11242
23.18,11239
23.19,11236
23.2,11235
23.21,11230
23.22,11228
23.23,11226
23.24,11223
23.25,11219
23.26,11216
23.27,11211
23.28,11209
23.3,11206
23.31,11205
23.33,11201
23.34,11194
23.35,11192
23.37,11189
23.38,11188
23.39,11186
23.4,11184
23.41,11181
23.43,11180
23.44,11178
23.45,11176
23.46,11174
23.48,11172
24.04,11170
24.05,11167
24.06,11164
24.09,11163
24.64,11162
24.66,11159
24.68,11156
24.69,11150
24.71,11145
24.72,11144
24.73,11143
24.76,11142
24.77,11140
24.79,11136
24.8,11133
24.82,11130
24.83,11128
24.84,11127
24.85,11124
24.86,11123
24.87,11121
24.88,11120
24.89,11118
24.9,11116
24.91,11112
24.92,11110
24.94,11108
24.95,11107
24.96,11103
24.97,11100
24.98,11097
24.99,11096
25.01,11091
25.02,11089
25.04,11087
25.05,11086
25.06,11080
25.07,11077
25.08,11076
25.09,11073
25.1,11071
25.11,11069
25.14,11066
25.15,11065
25.16,11062
25.17,11059
25.18,11058
25.19,11056
25.2,11055
25.23,11054
25.24,11052
25.25,11051
25.26,11047
25.27,11046
25.28,11042
25.3,11038
25.31,11035
25.32,11032
25.34,11030
25.35,11026
25.36,11023
25.37,11021
25.38,11014
25.39,11009
25.4,11006
25.41,11003
25.42,11001
25.43,10996
25.45,10991
25.47,10988
25.48,10983
25.49,10982
25.5,10979
25.51,10976
25.52,10972
25.53,10970
25.55,10968
25.56,10963
25.57,10961
25.58,10959
25.59,10958
25.6,10957
25.62,10955
25.63,10952
25.64,10947
25.65,10945
25.66,10941
25.67,10939
25.68,10936
25.69,10932
25.7,10929
25.71,10923
25.72,10921
25.73,10920
25.74,10919
25.76,10918
25.77,10915
25.79,10913
25.8,10909
25.81,10908
25.83,10906
25.84,10904
25.85,10900
25.86,10896
25.87,10892
25.88,10890
25.89,10889
25.93,10888
25.95,10886
25.97,10884
25.98,10883
25.99,10882
26.0,10880
26.01,10876
26.02,10875
26.05,10873
26.06,10869
26.08,10868
26.09,10865
26.1,10864
26.12,10860
26.13,10857
26.14,10855
26.17,10854
26.18,10853
26.2,10844
26.21,10842
26.22,10837
26.24,10836
26.25,10835
26.26,10828
26.27,10826
26.28,10822
26.29,10818
26.3,10816
26.32,10815
26.33,10814
26.34,10811
26.35,10809
26.36,10805
26.37,10804
26.41,10798
26.42,10796
26.44,10795
26.46,10793
26.47,10790
26.48,10787
26.5,10785
26.52,10784
26.54,10783
26.55,10778
26.56,10776
26.57,10771
26.58,10770
26.59,10762
26.6,10758
26.61,10756
26.62,10753
26.63,10751
26.64,10748
26.65,10747
26.66,10745
26.67,10742
26.68,10741
26.69,10737
26.7,10735
26.74,10732
26.75,10731
26.76,10729
26.77,10726
26.78,10724
26.79,10723
26.82,10720
26.83,10718
26.84,10717
26.85,10715
26.87,10712
26.88,10711
26.89,10708
26.9,10707
26.91,10703
26.92,10700
26.93,10698
27.43,10696
27.98,10695
27.99,10693
28.0,10690
28.02,10687
28.03,10684
28.04,10683
28.05,10682
28.07,10681
28.08,10680
28.09,10677
28.1,10676
28.11,10675
28.12,10673
28.13,10671
28.14,10669
28.15,10666
28.17,10664
28.18,10661
28.2,10658
28.21,10657
28.22,10655
28.23,10650
28.24,10648
28.28,10646
28.29,10643
28.3,10641
28.31,10636
28.32,10635
28.34,10631
28.35,10628
28.36,10623
28.37,10617
28.38,10613
28.39,10610
28.4,10607
28.41,10605
28.42,10600
28.43,10597
28.44,10594
28.46,10589
28.47,10584
28.48,10580
28.49,10578
28.5,10576
28.52,10575
28.53,10574
28.54,10570
28.56,10568
28.57,10562
28.59,10558
28.62,10555
28.63,10551
28.64,10549
28.65,10543
28.66,10540
28.7,10539
28.71,10535
28.73,10534
28.74,10533
28.75,10531
28.76,10530
28.77,10527
28.78,10525
28.79,10524
28.81,10522
28.82,10520
28.85,10516
28.86,10515
28.88,10513
28.89,10512
28.9,10510
28.91,10509
28.93,10508
28.97,10505
28.99,10503
29.0,10501
29.02,10500
29.03,10498
29.04,10497
29.05,10496
29.62,10493
29.63,10490
29.64,10486
29.65,10483
29.66,10482
29.7,10481
29.72,10477
29.74,10475
29.76,10474
29.77,10473
29.78,10470
29.79,10469
29.81,10465
29.82,10464
29.83,10463
29.84,10462
29.85,10460
29.86,10457
29.87,10456
29.88,10449
29.89,10446
29.9,10445
29.91,10444
29.92,10443
29.93,10439
29.94,10438
29.95,10436
29.96,10432
29.97,10429
29.98,10428
29.99,10426
30.01,10425
30.03,10423
30.04,10422
30.05,10418
30.06,10413
30.07,10412
30.08,10410
30.11,10408
30.12,10407
30.13,10406
30.14,10403
30.15,10401
30.16,10400
30.17,10398
30.18,10395
30.19,10391
30.22,10390
30.23,10387
30.24,10386
30.26,10385
30.27,10384
30.28,10383
30.29,10380
30.3,10379
30.31,10376
30.32,10374
30.33,10373
30.35,10372
30.38,10371
30.39,10368
30.4,10366
30.42,10365
30.43,10363
30.44,10361
30.45,10356
30.48,10353
30.49,10349
30.5,10347
30.51,10342
30.52,10337
30.53,10332
30.54,10331
30.57,10329
30.58,10327
30.59,10326
30.6,10325
30.61,10324
30.62,10322
30.63,10320
30.64,10315
30.65,10312
30.66,10311
30.67,10310
30.68,10309
30.7,10307
31.22,10305
31.23,10304
31.24,10302
31.27,10299
31.28,10296
31.29,10294
31.3,10289
31.33,10282
31.34,10279
31.35,10276
31.36,10272
31.37,10271
31.38,10270
31.39,10269
31.4,10268
31.41,10263
31.42,10262
31.43,10261
31.44,10257
31.45,10256
31.48,10254
31.51,10252
31.52,10249
31.54,10248
31.55,10247
31.56,10243
31.57,10239
31.58,10236
31.59,10235
31.6,10234
31.61,10233
31.63,10231
31.64,10227
31.65,10225
32.25,10222
32.26,10219
32.28,10216
32.31,10214
32.32,10213
32.33,10212
32.34,10210
32.35,10207
32.36,10203
32.37,10202
32.38,10200
32.41,10198
32.42,10197
32.43,10194
32.45,10190
32.49,10188
32.5,10183
32.51,10181
32.53,10180
32.55,10179
32.56,10177
32.6,10175
32.61,10172
32.62,10171
32.63,10170
32.64,10165
32.66,10164
32.67,10161
32.72,10158
32.73,10156
32.74,10153
32.75,10149
32.76,10147
32.77,10145
32.78,10144
32.79,10143
32.8,10142
32.81,10141
32.82,10138
32.83,10137
32.84,10135
32.85,10132
32.86,10130
32.87,10126
32.88,10124
32.89,10122
32.9,10120
32.92,10117
32.93,10113
32.95,10107
32.96,10105
32.97,10103
32.98,10101
32.99,10097
33.01,10094
33.03,10091
33.04,10089
33.07,10088
33.09,10087
33.58,10085
33.6,10084
33.63,10083
33.65,10079
33.66,10077
33.67,10075
33.69,10072
33.7,10067
33.71,10066
33.72,10065
33.73,10064
33.74,10063
33.75,10060
33.76,10058
33.77,10057
33.78,10056
33.79,10051
33.8,10049
33.81,10045
33.82,10042
33.83,10041
33.84,10038
33.86,10036
33.87,10035
33.88,10032
33.89,10030
33.9,10027
33.91,10024
33.92,10021
33.94,10020
33.95,10016
33.98,10013
34.0,10012
34.01,10009
34.02,10008
34.04,10006
34.05,10005
34.06,9999
34.07,9997
34.08,9995
34.1,9992
34.12,9989
34.14,9983
34.15,9982
34.16,9980
34.18,9977
34.21,9976
34.22,9975
34.23,9974
34.24,9973
34.25,9968
34.26,9965
34.27,9964
34.28,9962
34.3,9959
34.31,9956
34.94,9954
34.95,9953
34.99,9951
35.0,9947
35.01,9945
35.02,9944
35.03,9943
35.04,9940
35.08,9939
35.09,9937
35.1,9936
35.11,9932
35.13,9929
35.14,9927
35.16,9924
35.17,9923
35.18,9919
35.19,9916
35.23,9914
35.24,9913
35.25,9909
35.27,9908
35.28,9907
35.29,9906
35.3,9904
35.31,9903
35.32,9902
35.33,9900
35.34,9899
35.35,9895
35.36,9893
35.38,9890
35.4,9889
35.41,9887
35.42,9886
35.44,9885
35.45,9881
35.46,9877
35.47,9875
36.04,9874
36.05,9873
36.06,9872
36.07,9869
36.08,9866
36.09,9865
36.1,9861
36.11,9858
36.12,9854
36.13,9852
36.14,9851
36.15,9847
36.16,9846
36.17,9844
36.18,9841
36.19,9840
36.2,9837
36.21,9836
36.22,9834
36.7,9833
36.71,9828
36.73,9827
36.74,9823
36.76,9821
36.78,9820
36.79,9814
36.81,9810
36.82,9808
36.86,9807
36.87,9805
36.88,9804
36.89,9800
36.93,9798
36.94,9794
36.95,9792
36.96,9788
36.97,9787
36.99,9786
37.0,9785
37.02,9784
37.03,9783
37.04,9775
37.05,9770
37.06,9762
37.07,9759
37.08,9758
37.09,9755
37.1,9754
37.11,9750
37.13,9748
37.15,9747
37.16,9746
37.18,9742
37.83,9741
37.84,9738
37.85,9733
37.87,9731
37.89,9727
37.9,9726
37.91,9719
37.92,9717
37.93,9714
37.94,9713
37.96,9709
37.97,9707
37.99,9706
38.0,9702
38.01,9701
38.02,9698
38.03,9694
38.04,9689
38.05,9686
38.06,9684
38.07,9683
38.09,9680
38.13,9678
38.14,9674
38.16,9672
38.18,9671
38.19,9669
38.21,9668
38.22,9667
38.23,9665
38.24,9664
38.26,9663
38.27,9660
38.28,9659
38.29,9655
38.3,9652
38.32,9651
38.33,9649
38.34,9648
38.35,9646
38.38,9645
38.39,9640
38.4,9637
38.41,9635
38.44,9631
38.46,9630
38.47,9628
38.48,9624
38.49,9622
38.5,9621
38.51,9620
38.53,9619
39.1,9618
39.11,9614
39.13,9613
39.16,9611
39.17,9610
39.19,9609
39.21,9606
39.22,9605
39.23,9603
39.24,9601
39.25,9599
39.26,9598
39.27,9595
39.29,9594
39.3,9593
39.33,9589
39.34,9588
39.35,9586
39.36,9583
39.37,9579
39.4,9577
39.41,9572
39.42,9569
39.43,9568
39.46,9565
39.47,9564
39.5,9561
39.51,9558
39.52,9557
39.54,9554
39.56,9552
39.59,9549
39.6,9548
39.62,9547
39.63,9546
39.67,9545
39.69,9544
39.72,9543
39.73,9538
39.74,9536
39.75,9534
39.76,9533
39.79,9532
39.81,9529
39.82,9528
39.83,9526
39.87,9522
40.37,9520
40.38,9518
40.39,9515
40.4,9514
40.41,9513
40.43,9510
40.44,9507
40.45,9505
40.46,9503
40.51,9502
40.52,9501
40.53,9500
40.54,9499
40.57,9497
40.58,9496
40.61,9490
40.64,9486
40.66,9485
40.67,9484
40.68,9482
40.71,9479
40.72,9475
40.74,9473
40.75,9471
40.76,9470
40.78,9467
40.8,9464
40.81,9462
40.82,9460
40.85,9456
40.86,9455
40.87,9453
40.88,9452
41.4,9451
41.42,9450
41.44,9449
41.45,9448
41.46,9447
41.47,9445
41.48,9444
41.49,9442
41.51,9441
41.52,9439
41.54,9437
41.55,9434
41.56,9432
41.57,9431
41.59,9429
41.6,9426
41.62,9425
41.63,9424
41.64,9422
41.67,9420
41.68,9417
41.69,9415
41.73,9414
41.74,9409
41.75,9407
42.25,9406
42.27,9405
42.28,9404
42.29,9403
42.31,9399
42.32,9398
42.35,9395
42.36,9393
42.37,9392
42.38,9387
42.4,9386
42.41,9383
42.42,9382
42.43,9380
42.46,9377
42.47,9374
42.49,9371
42.51,9369
42.52,9366
42.53,9363
42.55,9359
42.56,9355
42.57,9354
43.16,9351
43.17,9350
43.18,9348
43.19,9343
43.2,9341
43.21,9338
43.23,9337
43.24,9336
43.25,9335
43.26,9334
43.27,9329
43.28,9328
43.29,9326
43.31,9325
43.32,9322
43.33,9321
43.34,9319
43.35,9317
43.37,9315
43.38,9310
43.4,9309
43.41,9306
43.43,9305
43.44,9304
43.45,9301
43.46,9300
43.47,9299
43.49,9297
43.51,9293
43.52,9291
44.08,9287
44.09,9285
44.1,9283
44.11,9282
44.14,9281
44.15,9278
44.17,9274
44.18,9271
44.19,9267
44.2,9260
44.77,9258
44.79,9257
44.83,9256
44.86,9255
44.87,9251
44.88,9250
44.89,9249
44.9,9248
44.91,9245
44.92,9243
44.93,9241
44.94,9240
44.95,9236
44.96,9235
44.98,9234
45.0,9233
45.01,9232
45.03,9230
45.04,9226
45.05,9225
45.06,9224
45.09,9222
45.11,9218
45.85,9216
45.86,9212
45.88,9211
45.89,9207
45.9,9206
45.91,9202
45.92,9200
45.94,9198
45.96,9197
45.97,9195
45.98,9193
45.99,9191
46.03,9190
46.04,9188
46.05,9187
46.07,9184
46.12,9183
46.13,9180
46.15,9179
46.16,9177
46.17,9176
46.18,9174
46.19,9173
46.81,9172
46.83,9169
46.89,9167
46.91,9166
46.92,9165
46.93,9161
46.94,9160
46.95,9157
46.96,9156
46.98,9152
46.99,9147
47.01,9144
47.03,9142
47.05,9141
47.06,9140
47.07,9137
47.1,9136
47.11,9135
47.12,9134
47.13,9132
47.14,9131
47.15,9129
48.0,9125
48.01,9124
48.02,9122
48.03,9120
48.04,9118
48.05,9114
48.06,9113
48.07,9112
48.1,9111
48.12,9110
48.13,9104
48.14,9099
48.16,9095
48.17,9093
48.18,9091
48.19,9089
48.2,9086
48.21,9083
48.22,9082
48.23,9081
48.25,9079
48.26,9078
48.27,9077
48.28,9076
48.29,9072
48.3,9071
48.31,9069
48.32,9067
48.36,9065
48.38,9064
48.4,9063
48.41,9059
48.42,9058
48.43,9056
48.44,9055
48.46,9052
48.47,9048
48.48,9047
49.14,9043
49.15,9042
49.17,9039
49.18,9035
49.19,9034
49.2,9033
49.22,9031
49.23,9029
49.78,9026
49.79,9024
49.8,9022
49.81,9021
49.82,9018
49.84,9016
49.85,9013
49.86,9012
49.87,9010
49.89,9006
49.91,9005
49.92,9003
49.94,9002
49.95,9001
49.96,9000
49.99,8999
50.0,8998
50.01,8996
50.03,8994
50.07,8993
50.08,8991
50.09,8987
50.1,8986
50.11,8985
50.14,8983
50.18,8981
50.19,8978
50.2,8975
50.21,8974
50.22,8973
50.23,8972
50.26,8971
50.27,8969
50.33,8968
50.34,8964
50.35,8962
50.37,8960
50.38,8959
50.41,8957
50.44,8953
51.1,8950
51.12,8949
51.13,8946
51.14,8943
51.16,8940
51.17,8939
51.18,8938
51.19,8936
51.2,8934
51.21,8933
51.22,8932
51.23,8931
51.24,8930
51.25,8928
51.26,8924
51.27,8921
51.28,8920
51.29,8917
51.3,8914
51.31,8913
51.32,8911
51.89,8910
51.92,8909
51.93,8907
51.94,8906
51.95,8905
51.96,8900
51.97,8898
51.99,8896
52.0,8895
52.02,8894
52.13,8893
52.15,8891
52.19,8890
52.21,8888
52.22,8883
52.24,8881
52.25,8878
52.26,8877
52.28,8875
52.3,8874
52.31,8869
52.32,8868
52.35,8867
52.36,8865
52.37,8864
52.4,8863
52.41,8859
52.42,8858
52.45,8857
52.47,8855
52.48,8851
53.04,8850
53.05,8849
53.06,8848
53.07,8843
53.08,8840
53.09,8839
53.1,8838
53.11,8835
53.13,8834
53.14,8833
53.63,8832
53.64,8831
53.67,8828
53.68,8826
53.7,8824
53.71,8822
53.72,8819
53.75,8817
53.76,8816
53.77,8813
53.78,8811
53.82,8810
53.85,8809
53.88,8808
53.9,8805
53.91,8802
53.93,8799
53.94,8797
53.95,8793
53.96,8790
53.98,8789
53.99,8787
54.03,8786
54.05,8784
54.66,8781
54.67,8780
54.68,8778
54.69,8775
55.23,8774
55.24,8772
55.25,8770
55.28,8768
55.29,8766
55.3,8765
55.31,8763
55.32,8758
55.33,8754
55.35,8753
55.37,8751
55.38,8750
55.4,8749
55.41,8746
55.42,8745
55.45,8744
55.46,8740
55.47,8737
56.22,8735
56.23,8734
56.24,8733
56.25,8732
56.28,8731
56.29,8727
56.3,8725
56.31,8722
56.32,8721
56.33,8719
56.37,8718
56.89,8716
56.93,8715
56.94,8714
56.97,8710
56.98,8707
57.48,8706
57.49,8705
57.51,8704
57.53,8700
57.54,8698
57.58,8696
57.59,8695
57.6,8691
57.62,8690
57.64,8689
57.69,8687
57.7,8682
57.72,8681
57.73,8680
57.74,8679
57.75,8677
57.76,8676
57.78,8672
57.79,8671
57.81,8670
57.83,8669
57.84,8668
57.85,8665
57.86,8664
57.88,8662
57.92,8661
57.93,8660
57.94,8659
57.96,8658
57.97,8657
57.99,8656
58.01,8653
58.03,8652
58.04,8650
58.05,8649
58.06,8645
58.07,8643
58.08,8642
58.11,8640
58.13,8637
58.16,8634
58.17,8630
58.18,8627
58.22,8624
58.23,8623
58.26,8622
58.27,8619
58.28,8616
58.29,8615
58.31,8613
58.32,8612
58.33,8610
58.34,8609
58.35,8606
58.38,8605
58.39,8603
58.4,8601
58.42,8598
58.43,8596
58.44,8593
58.45,8592
58.46,8588
58.47,8587
58.5,8585
58.53,8583
58.54,8580
58.56,8578
58.57,8576
58.58,8574
58.6,8571
58.62,8570
58.63,8565
58.64,8564
58.65,8562
58.66,8561
58.69,8560
58.7,8558
58.71,8556
58.72,8554
58.73,8552
58.76,8551
58.77,8550
59.36,8549
59.37,8548
59.38,8547
59.43,8542
59.46,8539
59.47,8538
59.49,8535
59.5,8533
59.51,8532
59.52,8531
59.54,8530
59.58,8529
59.59,8526
59.62,8524
59.65,8523
59.66,8522
59.67,8520
59.69,8519
59.7,8518
59.71,8517
59.72,8516
59.73,8514
59.78,8511
59.8,8509
59.81,8508
59.82,8507
59.83,8506
59.84,8502
59.86,8501
59.87,8499
59.88,8498
59.94,8497
59.95,8495
59.96,8493
59.98,8490
59.99,8487
60.0,8486
60.02,8484
60.03,8483
60.04,8478
60.06,8473
60.07,8468
60.08,8465
60.09,8461
60.1,8456
60.11,8453
60.37,8452
60.38,8450
60.39,8446
60.42,8444
60.43,8441
60.45,8440
60.46,8439
60.47,8438
60.48,8435
60.51,8432
60.52,8431
60.53,8427
60.56,8426
60.57,8425
60.58,8424
60.59,8422
61.11,8419
61.12,8418
61.13,8415
61.14,8414
61.15,8411
61.16,8410
61.17,8408
61.18,8405
61.19,8404
61.76,8403
61.79,8402
61.81,8401
61.82,8400
61.84,8399
61.88,8397
61.9,8395
61.91,8391
61.94,8390
61.95,8388
61.96,8386
62.49,8384
62.5,8383
62.51,8382
62.52,8378
62.55,8375
62.56,8370
62.57,8368
62.58,8367
62.59,8366
62.6,8365
62.63,8364
62.65,8362
62.66,8360
62.67,8358
62.68,8356
62.7,8352
62.71,8350
62.72,8348
62.73,8347
62.74,8345
62.75,8344
62.77,8343
62.78,8342
62.79,8341
62.8,8340
62.81,8339
63.27,8336
63.29,8334
63.31,8333
63.33,8331
63.37,8327
63.38,8326
63.39,8324
63.42,8322
63.44,8318
63.45,8317
63.47,8315
63.49,8314
63.5,8310
63.51,8306
63.52,8304
63.54,8302
63.55,8300
63.56,8298
63.57,8297
63.58,8294
63.59,8292
63.6,8287
63.65,8286
63.67,8282
63.68,8281
63.69,8279
63.7,8278
63.71,8276
63.72,8275
63.76,8272
63.77,8271
63.78,8267
63.8,8266
63.81,8264
63.82,8262
64.33,8261
64.35,8260
64.37,8258
64.38,8257
64.39,8256
64.4,8255
64.42,8253
64.43,8252
64.44,8251
64.45,8249
64.46,8247
64.47,8245
64.48,8241
64.49,8240
64.51,8236
64.52,8232
64.53,8231
64.55,8227
64.56,8225
64.57,8220
64.58,8218
64.59,8216
64.61,8215
64.63,8213
64.64,8210
64.67,8209
64.68,8206
64.7,8205
64.72,8204
64.76,8202
64.77,8200
64.8,8198
64.82,8197
64.83,8196
64.86,8194
64.89,8193
64.9,8192
64.94,8190
64.95,8188
64.96,8185
64.97,8183
64.98,8181
65.38,8180
65.4,8178
65.41,8177
65.43,8176
65.44,8175
65.45,8174
65.46,8171
65.47,8170
65.48,8166
65.49,8165
65.5,8163
65.52,8160
65.54,8159
65.56,8158
65.57,8157
65.61,8155
65.62,8152
65.63,8151
65.65,8148
65.7,8145
65.71,8144
65.78,8143
65.79,8142
65.8,8139
65.81,8138
65.82,8136
65.84,8134
65.85,8133
65.86,8131
65.89,8130
65.92,8129
65.93,8128
65.96,8126
65.97,8125
65.99,8124
66.0,8121
66.01,8119
66.05,8117
66.06,8114
66.07,8113
66.08,8112
66.1,8110
66.11,8108
66.31,8105
66.32,8103
66.36,8102
66.37,8101
66.38,8100
66.4,8098
66.43,8096
66.46,8094
66.5,8093
66.51,8090
66.52,8089
66.55,8087
66.56,8086
66.61,8084
66.62,8083
66.63,8082
66.67,8081
66.68,8080
66.69,8078
66.7,8077
66.73,8076
66.75,8075
66.76,8073
66.77,8072
66.79,8071
66.8,8067
66.81,8064
66.84,8062
66.85,8061
66.86,8058
66.87,8057
66.89,8056
66.9,8052
66.93,8051
66.95,8049
66.96,8046
66.97,8044
66.98,8043
66.99,8041
67.4,8040
67.41,8039
67.42,8037
67.43,8035
67.44,8033
67.45,8032
67.46,8026
67.47,8025
67.98,8024
68.0,8022
68.01,8021
68.04,8020
68.56,8017
68.57,8015
68.61,8011
68.63,8010
68.67,8008
68.72,8006
68.73,8005
68.75,8003
68.77,8001
68.79,7997
68.82,7995
68.86,7992
68.89,7990
68.9,7988
68.92,7987
68.93,7986
68.97,7983
68.98,7981
69.0,7980
69.01,7979
69.02,7978
69.04,7977
69.05,7976
69.06,7974
69.07,7973
69.1,7972
69.12,7971
69.14,7970
69.15,7968
69.17,7967
69.21,7966
69.22,7960
69.23,7958
69.25,7957
69.28,7955
69.29,7954
69.3,7953
69.31,7950
69.32,7949
69.33,7944
69.34,7943
69.35,7941
69.37,7940
69.38,7939
69.39,7937
69.4,7936
69.41,7934
69.42,7933
69.43,7929
69.44,7928
69.45,7924
69.46,7921
69.5,7919
69.52,7918
70.06,7917
70.07,7916
70.13,7914
70.14,7911
70.19,7908
70.21,7907
70.22,7902
70.25,7898
70.26,7896
70.3,7894
70.32,7893
70.33,7891
70.35,7890
70.8,7889
70.83,7887
70.84,7886
70.85,7884
70.86,7879
70.87,7877
70.88,7876
70.89,7874
70.91,7871
70.92,7870
70.95,7866
70.96,7864
70.98,7862
70.99,7860
71.02,7858
71.03,7856
71.04,7853
71.05,7848
71.08,7847
71.09,7846
71.1,7845
71.11,7844
71.12,7842
71.13,7841
71.14,7838
71.15,7836
71.17,7835
71.19,7833
71.21,7832
71.24,7829
71.26,7828
71.28,7826
71.3,7825
71.31,7821
71.32,7820
71.33,7819
71.34,7818
71.35,7816
71.36,7815
71.39,7814
71.41,7813
71.42,7810
71.44,7807
71.45,7806
71.46,7804
71.48,7802
71.49,7801
71.51,7799
71.53,7797
71.55,7795
71.56,7794
71.57,7788
71.58,7786
71.59,7785
71.61,7782
71.63,7779
71.64,7777
71.65,7774
71.66,7771
71.68,7770
71.69,7765
71.71,7763
71.72,7759
71.73,7754
71.76,7751
71.77,7749
71.78,7748
71.8,7745
71.81,7744
71.82,7742
71.83,7741
71.84,7739
71.86,7736
71.87,7735
71.88,7734
71.9,7733
71.95,7732
71.97,7731
71.98,7727
71.99,7724
72.01,7723
72.02,7721
72.03,7719
72.05,7714
72.1,7713
72.11,7711
72.15,7708
72.16,7707
72.17,7706
72.38,7705
72.39,7702
72.4,7699
72.41,7697
72.42,7696
72.43,7693
72.45,7690
72.46,7689
72.47,7688
72.48,7686
72.49,7685
72.5,7683
72.53,7682
72.55,7679
72.57,7677
72.58,7674
72.59,7671
72.62,7670
72.63,7668
72.65,7667
72.67,7666
72.68,7664
72.69,7660
72.71,7658
72.72,7656
72.73,7655
72.74,7652
72.75,7649
72.78,7648
73.2,7647
73.21,7646
73.22,7645
73.23,7643
73.25,7642
73.26,7640
73.27,7638
73.3,7637
73.32,7636
73.33,7634
73.34,7633
73.35,7630
73.36,7629
73.37,7627
73.38,7626
73.39,7624
73.4,7622
73.41,7621
73.42,7619
73.43,7618
73.44,7617
73.48,7615
73.49,7614
73.5,7613
73.55,7612
73.57,7611
73.58,7610
73.59,7609
73.6,7607
73.61,7605
73.63,7603
73.64,7601
73.65,7600
73.66,7598
73.67,7596
73.68,7594
73.7,7592
73.71,7590
73.72,7589
73.73,7587
73.74,7586
73.76,7585
73.78,7583
73.81,7579
73.83,7577
73.84,7575
73.85,7574
73.87,7572
73.88,7569
73.89,7567
73.9,7566
73.93,7565
73.94,7564
73.95,7563
73.97,7562
74.01,7561
74.03,7558
74.04,7555
74.05,7554
74.08,7552
74.09,7550
74.11,7548
74.12,7547
74.13,7544
74.14,7543
74.15,7542
74.16,7541
74.18,7540
74.21,7539
74.63,7537
74.64,7535
74.65,7529
74.67,7528
74.68,7527
74.69,7526
74.74,7525
74.75,7524
74.77,7523
74.78,7522
74.8,7521
75.04,7520
75.06,7519
75.07,7513
75.48,7511
75.49,7509
75.5,7507
75.51,7506
75.52,7505
75.92,7503
75.93,7502
75.94,7501
75.95,7495
76.0,7493
76.01,7492
76.03,7491
76.38,7490
76.39,7489
76.4,7488
76.41,7484
76.44,7481
76.46,7479
76.47,7478
76.48,7476
76.49,7473
76.55,7472
76.56,7469
76.58,7468
76.61,7467
77.08,7466
77.09,7462
77.11,7461
77.12,7460
77.14,7459
77.15,7458
77.17,7456
77.18,7454
77.21,7452
77.22,7450
77.63,7448
77.65,7446
77.66,7445
77.67,7444
77.68,7443
77.7,7442
77.98,7441
78.0,7439
78.06,7437
78.08,7436
78.1,7434
78.11,7430
78.14,7429
78.15,7428
78.16,7427
78.18,7426
78.2,7423
78.22,7422
78.23,7421
78.24,7419
78.25,7418
78.28,7415
78.29,7414
78.3,7413
78.31,7412
78.33,7411
78.34,7409
78.38,7408
78.39,7406
78.41,7405
78.43,7401
78.46,7399
78.47,7398
78.48,7396
78.53,7395
78.56,7393
78.57,7392
78.58,7391
78.59,7388
78.6,7386
78.61,7383
78.62,7382
78.64,7381
78.65,7380
78.66,7377
78.69,7374
78.7,7373
78.71,7371
78.76,7368
78.77,7367
78.78,7366
78.79,7365
78.84,7364
78.86,7362
78.9,7360
78.92,7358
78.93,7357
78.94,7355
78.97,7354
78.99,7353
79.0,7352
79.01,7348
79.02,7345
79.03,7342
79.04,7341
79.05,7339
79.07,7336
79.08,7333
79.09,7332
79.1,7331
79.11,7329
79.16,7328
79.18,7325
79.19,7324
79.23,7321
79.24,7320
79.26,7318
79.27,7317
79.28,7316
79.3,7315
79.32,7314
79.35,7313
79.8,7312
79.81,7311
79.83,7310
79.84,7308
79.85,7306
79.87,7304
79.88,7303
79.89,7301
79.9,7300
79.91,7295
79.93,7292
79.94,7286
79.95,7285
79.96,7284
79.98,7283
79.99,7280
80.01,7276
80.02,7274
80.03,7273
80.06,7272
80.07,7269
80.1,7268
80.12,7265
80.14,7264
80.15,7263
80.17,7262
80.18,7260
80.2,7258
80.21,7257
80.23,7255
80.24,7253
80.29,7251
80.3,7250
80.31,7249
80.32,7246
80.34,7245
80.36,7243
80.38,7242
80.39,7241
80.4,7239
80.41,7237
80.42,7236
80.79,7235
80.8,7232
80.81,7231
80.83,7227
80.84,7225
80.85,7223
80.87,7222
80.89,7220
80.9,7219
80.91,7218
80.93,7215
80.94,7212
80.95,7211
80.96,7210
80.97,7208
80.99,7205
81.0,7202
81.02,7201
81.04,7199
81.06,7194
81.07,7193
81.08,7190
81.12,7188
81.13,7187
81.58,7186
81.6,7182
81.61,7180
81.62,7178
81.63,7177
81.64,7176
81.67,7174
81.68,7173
81.7,7171
81.72,7168
81.73,7166
81.74,7165
81.76,7164
81.77,7162
81.78,7160
81.8,7159
81.81,7156
81.84,7154
81.86,7151
81.87,7149
81.88,7147
81.89,7145
81.9,7144
81.91,7143
81.92,7142
81.93,7140
81.94,7139
81.95,7137
82.34,7134
82.73,7133
82.74,7130
82.77,7127
82.79,7126
82.8,7125
82.81,7124
82.83,7123
82.84,7122
82.85,7119
82.86,7117
82.87,7116
82.88,7115
82.89,7113
82.9,7111
82.92,7110
82.93,7109
82.94,7108
82.97,7107
82.98,7103
83.0,7099
83.02,7096
83.03,7094
83.05,7093
83.06,7092
83.07,7090
83.08,7088
83.12,7086
83.13,7085
83.14,7084
83.15,7082
83.17,7081
83.19,7079
83.2,7078
83.21,7077
83.22,7075
83.47,7074
83.5,7071
83.51,7068
83.53,7067
83.72,7066
83.73,7065
83.74,7064
83.76,7062
83.77,7060
83.79,7057
83.8,7056
83.82,7055
83.85,7053
83.86,7052
83.88,7049
83.89,7048
83.96,7046
83.97,7045
83.98,7044
83.99,7041
84.01,7040
84.02,7038
84.03,7036
84.04,7035
84.05,7033
84.07,7030
84.08,7029
84.24,7026
84.3,7025
84.31,7024
84.35,7021
84.39,7020
84.43,7019
84.44,7017
84.46,7015
84.47,7013
84.48,7010
84.52,7009
84.55,7008
84.56,7007
84.97,7005
85.03,7004
85.12,7002
85.13,7001
85.14,6999
85.15,6996
85.18,6995
85.19,6992
85.2,6991
85.23,6990
85.24,6989
85.26,6987
85.27,6986
85.29,6985
85.3,6984
85.32,6982
85.34,6979
85.71,6978
85.73,6973
85.75,6972
85.76,6971
85.77,6969
85.78,6967
85.79,6965
85.8,6963
85.81,6961
85.82,6960
85.83,6959
85.85,6958
85.86,6957
85.88,6956
85.89,6955
85.91,6953
85.92,6951
85.94,6948
85.95,6944
85.96,6943
85.99,6942
86.0,6941
86.38,6938
86.43,6937
86.44,6935
86.45,6934
86.46,6931
86.49,6930
86.51,6929
86.52,6928
86.53,6927
86.55,6926
86.56,6925
86.59,6924
87.06,6922
87.07,6920
87.09,6919
87.12,6917
87.14,6913
87.16,6912
87.19,6909
87.21,6907
87.22,6905
87.23,6903
87.24,6902
87.27,6901
87.28,6900
87.29,6899
87.31,6898
87.33,6896
87.37,6895
87.39,6892
88.33,6890
88.34,6889
88.35,6885
88.37,6884
88.39,6883
88.4,6882
88.41,6880
88.63,6878
88.87,6876
88.89,6873
88.9,6871
88.91,6870
88.92,6869
88.94,6868
88.96,6867
88.99,6866
89.01,6862
89.02,6859
89.03,6858
89.04,6855
89.05,6854
89.07,6853
89.08,6852
89.1,6850
89.47,6846
89.52,6844
89.54,6842
89.55,6840
89.56,6839
89.57,6837
89.58,6835
89.6,6833
89.65,6831
89.66,6828
89.68,6827
89.69,6826
89.7,6823
89.71,6822
89.72,6821
90.21,6820
90.22,6819
90.23,6815
90.24,6814
90.25,6813
90.26,6812
90.27,6811
90.29,6810
90.31,6808
90.32,6807
90.33,6805
90.34,6803
90.38,6802
90.4,6799
90.44,6798
90.45,6797
90.47,6794
90.51,6793
90.52,6792
90.53,6791
90.54,6790
90.55,6789
90.57,6788
91.2,6787
91.23,6786
91.24,6784
91.25,6783
91.26,6782
91.3,6781
91.56,6780
91.57,6778
91.6,6776
91.62,6775
91.63,6772
91.64,6771
91.66,6770
91.68,6769
91.7,6767
91.71,6764
91.72,6762
91.73,6761
91.74,6760
91.75,6759
91.76,6757
91.78,6756
91.81,6754
91.82,6751
91.83,6750
91.84,6748
91.88,6747
91.91,6746
91.92,6745
91.96,6742
91.98,6739
91.99,6736
92.0,6735
92.01,6734
92.02,6732
92.03,6731
92.06,6730
92.07,6729
92.08,6727
92.09,6726
92.45,6725
92.47,6723
92.48,6718
92.49,6717
92.52,6716
92.54,6714
92.56,6712
92.58,6710
92.6,6708
92.61,6704
92.63,6701
92.64,6700
92.67,6697
92.68,6696
92.7,6695
92.72,6694
93.2,6693
93.21,6690
93.26,6689
93.29,6687
93.69,6686
93.72,6685
93.73,6683
93.77,6681
93.79,6679
93.86,6675
93.88,6674
93.89,6672
93.91,6671
93.93,6670
93.94,6667
93.96,6666
93.97,6665
93.99,6662
94.02,6661
94.04,6660
94.05,6657
94.06,6656
94.08,6654
94.26,6651
94.27,6650
94.28,6649
94.29,6648
94.3,6646
94.31,6645
94.32,6644
94.35,6643
94.36,6641
94.37,6636
94.39,6635
94.41,6634
94.42,6633
94.43,6632
94.44,6631
94.45,6630
94.46,6629
94.47,6628
94.48,6627
94.52,6622
94.54,6619
94.55,6617
94.6,6616
94.63,6613
94.64,6612
94.65,6610
94.67,6609
94.68,6607
94.7,6606
94.73,6605
94.75,6604
94.77,6603
94.78,6600
94.79,6597
94.83,6596
94.84,6595
94.85,6594
94.86,6592
95.25,6590
95.26,6587
95.27,6586
95.28,6585
95.3,6584
95.32,6580
95.35,6576
95.37,6575
95.38,6573
95.42,6572
95.45,6571
95.47,6567
95.5,6566
95.51,6564
95.52,6563
95.53,6562
95.54,6560
95.56,6557
95.58,6554
95.61,6553
95.67,6551
95.68,6548
95.69,6543
95.71,6542
95.72,6541
95.73,6540
96.17,6539
96.18,6537
96.19,6536
96.24,6535
96.25,6533
96.27,6532
96.29,6531
96.3,6530
96.36,6529
96.4,6528
96.45,6527
96.46,6526
96.47,6525
96.48,6523
96.49,6522
96.54,6520
96.56,6519
96.57,6518
96.58,6516
96.6,6515
96.62,6513
96.63,6511
96.65,6510
96.68,6509
96.7,6508
96.71,6507
96.73,6506
96.75,6505
96.76,6504
96.79,6502
96.8,6500
96.81,6496
96.82,6495
96.83,6492
96.84,6490
97.04,6489
97.07,6487
97.08,6485
97.1,6484
97.11,6481
97.13,6480
97.16,6478
97.19,6476
97.21,6474
97.22,6473
97.23,6471
97.61,6470
97.96,6469
97.97,6468
97.98,6467
97.99,6466
98.02,6465
98.45,6464
98.46,6463
98.49,6462
98.5,6460
98.51,6459
98.52,6457
98.54,6456
98.55,6454
98.59,6452
98.6,6448
98.63,6447
98.64,6446
98.68,6445
98.69,6443
98.72,6440
98.73,6439
98.74,6438
98.77,6437
98.81,6436
98.82,6434
98.83,6433
98.85,6430
98.86,6429
98.89,6428
98.91,6426
98.94,6425
99.21,6423
99.25,6421
99.26,6420
99.28,6417
99.3,6416
99.31,6413
99.35,6412
99.36,6410
99.77,6409
99.79,6407
99.81,6406
99.82,6405
99.83,6404
99.85,6403
99.92,6402
99.94,6401
100.17,6398
100.18,6397
100.21,6396
100.23,6394
100.24,6393
100.29,6391
100.31,6390
100.32,6389
100.34,6388
100.35,6387
100.38,6385
100.58,6383
100.61,6382
100.62,6380
100.63,6378
100.64,6377
100.65,6376
100.66,6375
100.67,6369
100.68,6368
100.69,6367
100.7,6366
100.71,6365
100.76,6363
100.77,6361
100.79,6359
100.8,6357
101.0,6355
101.01,6352
101.09,6351
101.1,6350
101.12,6349
101.13,6347
101.14,6344
101.15,6342
101.16,6341
101.17,6340
101.53,6339
101.57,6338
101.6,6336
101.61,6335
101.62,6332
101.63,6329
101.68,6328
101.69,6327
101.72,6322
101.75,6321
101.76,6319
101.78,6318
101.82,6317
102.06,6316
102.08,6315
102.09,6313
102.11,6312
102.12,6311
102.15,6310
102.16,6309
102.22,6308
102.29,6307
102.3,6305
102.34,6304
102.35,6303
102.36,6302
102.38,6299
102.4,6298
102.43,6296
102.47,6295
102.5,6294
102.52,6293
102.54,6292
102.55,6285
102.57,6283
102.58,6282
102.78,6281
102.79,6280
103.16,6279
103.21,6278
103.23,6274
103.25,6273
103.26,6271
103.27,6270
103.28,6269
103.29,6268
103.3,6267
103.32,6266
103.33,6263
103.34,6262
103.36,6261
103.38,6260
103.4,6259
103.42,6258
103.45,6256
103.47,6255
103.49,6254
103.5,6253
103.51,6251
103.52,6250
103.89,6249
103.9,6248
103.91,6247
103.95,6246
103.96,6244
103.98,6243
103.99,6242
104.0,6238
104.02,6236
104.03,6234
104.07,6232
104.08,6230
104.1,6226
104.11,6225
104.13,6223
104.16,6222
104.17,6221
104.21,6220
104.22,6219
104.23,6218
104.24,6216
104.25,6215
104.28,6211
104.72,6210
104.74,6208
104.75,6207
104.77,6206
104.78,6205
104.79,6204
104.84,6203
104.87,6199
104.9,6198
104.95,6197
104.97,6196
105.01,6194
105.07,6193
105.08,6192
105.48,6191
105.49,6190
105.5,6189
105.51,6188
105.86,6187
105.89,6184
105.91,6183
105.93,6181
105.97,6180
106.37,6178
106.38,6176
106.39,6175
106.4,6174
106.44,6172
106.48,6171
106.49,6169
106.51,6167
106.75,6163
106.76,6162
106.83,6161
106.85,6160
107.22,6159
107.23,6158
107.26,6156
107.32,6155
107.33,6153
107.35,6151
107.38,6150
107.41,6149
107.44,6148
107.53,6146
107.54,6144
107.55,6143
107.57,6142
107.59,6141
107.6,6140
107.61,6139
107.62,6138
107.64,6137
107.67,6136
107.68,6132
107.76,6131
107.79,6130
107.86,6128
107.87,6127
107.88,6125
107.9,6124
107.91,6122
107.92,6121
107.93,6120
107.98,6119
108.01,6118
108.05,6117
108.08,6115
108.09,6113
108.11,6112
108.12,6111
108.14,6110
108.22,6109
108.23,6108
108.26,6107
108.28,6105
108.3,6104
108.31,6101
108.33,6100
108.73,6099
108.75,6098
108.77,6097
108.78,6096
108.83,6095
108.84,6094
108.85,6093
108.86,6092
108.88,6089
108.9,6088
108.91,6086
108.92,6085
108.96,6084
108.98,6082
108.99,6081
109.0,6080
109.04,6079
109.06,6077
109.09,6076
109.52,6075
109.54,6072
109.55,6069
109.56,6068
109.57,6067
109.58,6066
109.59,6065
109.8,6063
109.81,6062
109.86,6061
109.88,6059
109.93,6058
109.98,6057
110.02,6056
110.03,6055
110.05,6054
110.06,6052
110.07,6051
110.09,6050
110.5,6048
110.51,6046
110.52,6045
110.53,6044
110.54,6043
110.56,6040
110.57,6038
110.6,6037
110.61,6036
110.62,6035
110.64,6034
110.65,6033
110.68,6032
110.71,6031
110.72,6030
110.74,6028
110.75,6027
110.79,6024
110.81,6022
110.88,6021
110.9,6020
110.91,6019
110.92,6018
111.31,6016
111.32,6015
111.34,6014
111.36,6013
111.37,6012
111.38,6011
111.42,6010
111.46,6009
111.79,6007
111.8,6004
111.83,6002
111.85,6001
111.86,6000
111.88,5999
111.89,5997
111.9,5996
111.92,5994
111.93,5993
111.96,5992
111.98,5991
112.01,5990
112.02,5988
112.05,5986
112.07,5985
112.09,5983
112.11,5981
112.12,5980
112.14,5978
112.18,5977
112.2,5974
112.24,5972
112.25,5971
112.26,5970
112.28,5967
112.32,5966
112.36,5965
112.37,5964
112.39,5963
112.4,5962
112.43,5961
112.44,5960
112.45,5959
112.46,5958
112.48,5956
112.57,5955
112.58,5954
112.59,5953
112.64,5952
112.65,5950
112.69,5949
112.71,5948
112.72,5947
112.73,5944
112.74,5943
112.75,5942
113.14,5940
113.18,5938
113.19,5936
113.2,5935
113.22,5933
113.24,5932
113.25,5930
113.28,5927
113.29,5926
113.32,5925
113.33,5924
113.35,5923
113.36,5922
113.38,5921
113.39,5917
113.41,5916
113.43,5914
113.45,5912
113.46,5911
113.47,5909
113.48,5908
113.5,5906
113.58,5905
113.59,5904
113.63,5903
113.69,5902
113.71,5901
113.74,5900
113.77,5898
113.78,5897
113.8,5895
113.87,5894
113.91,5893
114.22,5892
114.25,5890
114.27,5889
114.34,5887
114.36,5885
114.37,5884
114.38,5883
114.39,5882
114.4,5881
114.41,5880
114.42,5879
114.43,5877
114.44,5876
114.45,5875
114.46,5874
114.51,5873
114.52,5872
114.53,5871
114.54,5870
114.55,5869
114.57,5868
114.59,5867
114.62,5865
114.63,5864
114.64,5862
114.65,5861
114.67,5858
114.69,5855
114.73,5854
114.75,5853
114.78,5851
114.84,5849
115.08,5848
115.09,5847
115.1,5846
115.11,5844
115.14,5841
115.16,5840
115.17,5839
115.23,5837
115.65,5836
115.7,5835
115.71,5834
115.72,5832
116.12,5831
116.3,5829
116.32,5828
116.38,5827
116.39,5826
116.4,5825
116.41,5824
116.71,5823
116.72,5822
116.73,5820
117.0,5819
117.16,5818
117.17,5815
117.25,5814
117.29,5813
117.31,5812
117.32,5811
117.34,5810
117.36,5807
117.37,5805
117.38,5804
117.43,5802
117.44,5801
117.48,5800
117.52,5798
117.54,5797
117.56,5796
117.6,5794
117.65,5792
117.7,5788
117.75,5787
117.77,5786
118.18,5785
118.21,5783
118.22,5782
118.26,5780
118.28,5778
118.29,5777
118.3,5776
118.31,5775
118.35,5774
118.36,5773
118.37,5772
118.38,5771
118.39,5770
118.4,5769
119.0,5766
119.11,5765
119.29,5764
119.3,5763
119.32,5762
119.33,5761
119.35,5760
119.56,5759
119.58,5757
119.59,5756
119.63,5755
119.64,5754
119.69,5753
119.7,5751
119.9,5750
119.92,5749
119.94,5748
119.95,5747
119.97,5746
119.98,5745
119.99,5744
120.0,5743
120.51,5742
120.89,5741
120.92,5740
120.93,5739
121.32,5738
121.35,5737
121.39,5736
121.44,5735
121.45,5733
121.46,5732
121.53,5731
121.56,5729
121.59,5728
121.61,5727
121.64,5726
121.65,5725
121.69,5724
121.7,5723
121.71,5720
121.74,5719
121.78,5718
121.8,5717
121.81,5716
121.83,5714
121.85,5713
121.92,5712
121.93,5711
121.96,5710
121.98,5708
122.01,5707
122.03,5706
122.05,5705
122.09,5704
122.1,5702
122.13,5700
122.14,5699
122.16,5698
122.53,5697
122.54,5696
122.56,5695
122.58,5694
122.6,5692
122.65,5691
122.68,5690
122.73,5688
122.74,5687
122.76,5685
122.84,5684
122.86,5683
122.87,5682
122.89,5681
122.9,5680
122.93,5679
122.95,5678
122.96,5677
122.99,5676
123.01,5674
123.02,5673
123.03,5672
123.05,5669
123.07,5668
123.08,5666
123.46,5665
123.47,5664
123.48,5661
123.49,5660
123.52,5659
123.54,5658
123.55,5656
123.56,5655
123.57,5654
123.58,5653
123.6,5652
123.62,5651
123.63,5650
123.64,5648
123.66,5645
123.68,5644
123.7,5643
123.71,5642
123.72,5641
123.75,5640
123.8,5637
123.81,5635
123.82,5634
124.08,5633
124.1,5632
124.12,5631
124.18,5630
124.19,5628
124.35,5627
124.37,5626
124.39,5625
124.73,5623
124.78,5622
124.81,5621
124.86,5620
124.91,5619
124.95,5618
124.97,5617
125.36,5615
125.8,5614
125.86,5612
125.87,5611
125.89,5610
125.9,5609
125.95,5608
126.19,5607
126.24,5606
126.25,5605
126.28,5603
126.31,5602
126.32,5601
126.34,5600
126.37,5599
126.43,5598
126.44,5597
126.45,5594
126.51,5593
126.55,5592
126.96,5591
127.0,5589
127.05,5588
127.06,5587
127.09,5585
127.15,5584
127.18,5583
127.21,5582
127.23,5581
127.24,5580
127.25,5579
127.26,5577
127.27,5576
127.29,5574
127.36,5573
127.37,5571
127.74,5570
127.76,5569
127.82,5568
127.83,5567
127.92,5566
127.93,5565
127.94,5563
127.95,5561
127.98,5560
128.0,5559
128.02,5558
128.03,5557
128.04,5556
128.09,5555
128.13,5553
128.14,5552
128.15,5550
128.19,5549
128.29,5548
128.31,5545
128.35,5544
128.36,5542
128.38,5541
128.42,5540
128.46,5539
128.74,5535
128.76,5534
128.81,5530
128.86,5529
128.87,5528
128.88,5526
128.92,5525
128.96,5524
128.98,5523
128.99,5521
129.03,5520
129.2,5518
129.28,5517
129.3,5516
129.33,5515
129.34,5514
129.36,5513
129.39,5512
129.4,5511
129.5,5510
129.51,5509
129.87,5508
129.9,5507
129.91,5505
129.97,5504
129.99,5503
130.0,5500
130.01,5498
130.02,5497
130.04,5496
130.1,5495
130.13,5492
130.49,5491
130.52,5490
130.54,5489
130.55,5488
130.92,5486
130.96,5485
131.0,5484
131.01,5483
131.26,5482
131.27,5481
131.28,5480
131.29,5478
131.3,5477
131.32,5474
131.35,5473
131.37,5472
131.39,5471
131.41,5470
131.43,5468
131.44,5466
131.46,5464
131.49,5462
131.5,5461
131.51,5460
131.52,5459
131.53,5458
131.72,5457
132.13,5456
132.14,5455
132.39,5454
132.4,5450
132.41,5449
132.45,5448
132.5,5447
132.53,5446
132.54,5445
132.55,5444
132.88,5443
132.9,5442
132.95,5441
132.98,5440
132.99,5439
133.36,5438
133.37,5436
133.41,5432
133.47,5431
133.84,5430
133.86,5427
133.88,5426
133.89,5425
133.9,5424
133.94,5422
133.99,5421
134.03,5420
134.06,5419
134.12,5418
134.13,5416
134.14,5414
134.15,5412
134.18,5411
134.21,5407
134.22,5406
134.24,5405
134.25,5403
134.26,5402
134.33,5401
134.34,5399
134.38,5398
134.4,5397
134.41,5396
134.44,5395
134.46,5392
134.48,5391
134.66,5389
134.69,5386
134.71,5385
134.79,5384
135.24,5383
135.28,5382
135.33,5381
135.36,5380
135.37,5379
135.38,5377
135.4,5376
135.57,5375
135.58,5374
135.6,5373
135.62,5371
135.63,5370
135.67,5369
135.7,5368
135.75,5367
135.79,5366
135.99,5364
136.06,5363
136.07,5362
136.09,5361
136.13,5360
136.18,5359
136.19,5358
136.2,5357
136.59,5356
136.68,5354
136.72,5353
136.8,5352
136.81,5351
136.82,5350
136.87,5349
136.88,5348
136.91,5347
136.92,5346
136.93,5345
137.03,5344
137.05,5343
137.44,5342
137.48,5339
137.53,5338
137.57,5337
137.6,5334
137.63,5333
138.0,5332
138.03,5331
138.11,5330
138.55,5329
138.57,5328
138.59,5327
138.6,5326
138.64,5325
138.7,5324
138.71,5323
138.73,5322
138.76,5321
138.84,5320
138.86,5319
138.87,5318
138.9,5317
138.94,5316
138.95,5315
139.0,5314
139.01,5313
139.02,5312
139.07,5311
139.09,5310
139.1,5309
139.11,5307
139.19,5306
139.21,5305
139.72,5304
139.74,5302
139.75,5301
139.77,5298
139.81,5297
139.83,5296
140.21,5295
140.22,5294
140.24,5293
140.26,5292
140.64,5291
140.66,5290
140.71,5288
140.74,5287
140.75,5285
140.8,5284
140.81,5283
140.82,5282
140.83,5281
140.84,5277
141.24,5275
141.25,5274
141.3,5273
141.37,5271
141.39,5270
141.41,5269
141.43,5268
141.45,5267
141.47,5266
141.52,5265
141.56,5264
141.61,5263
141.63,5262
141.8,5261
141.81,5260
142.05,5259
142.07,5258
142.09,5257
142.1,5256
142.12,5253
142.18,5252
142.23,5251
142.42,5248
142.45,5247
142.86,5245
142.93,5244
142.97,5243
143.07,5242
143.1,5240
143.11,5239
143.17,5238
143.52,5237
143.57,5235
143.58,5234
143.62,5232
143.67,5231
143.73,5230
144.83,5229
144.84,5228
144.86,5227
144.87,5226
145.07,5225
145.1,5224
145.48,5223
145.76,5221
145.97,5220
146.01,5219
146.04,5218
146.09,5217
146.17,5216
146.22,5215
146.24,5214
146.25,5213
146.26,5212
146.66,5211
146.67,5210
146.68,5209
146.69,5208
146.93,5207
146.97,5206
147.17,5205
147.23,5204
147.26,5203
147.31,5202
147.58,5201
147.62,5200
147.86,5199
147.87,5198
147.88,5197
147.91,5196
147.93,5195
147.95,5194
148.06,5193
148.08,5192
148.1,5191
148.16,5190
148.37,5189
148.63,5188
148.64,5187
148.69,5185
148.84,5184
148.89,5183
148.94,5182
149.02,5181
149.76,5180
149.81,5177
149.92,5176
149.96,5175
149.99,5174
150.04,5173
150.08,5172
150.11,5171
150.13,5170
150.17,5168
150.45,5167
150.48,5166
150.5,5165
150.53,5164
150.56,5163
151.29,5162
151.41,5161
151.49,5159
151.85,5157
151.88,5156
151.89,5155
152.34,5154
152.73,5153
152.76,5152
152.81,5150
152.84,5148
153.22,5147
153.28,5146
153.37,5145
153.73,5143
153.79,5142
153.81,5140
153.82,5139
153.85,5138
153.86,5137
153.92,5136
154.03,5135
154.04,5134
154.09,5132
154.23,5131
154.25,5129
154.3,5128
154.34,5127
154.35,5126
154.38,5125
154.45,5124
154.72,5123
155.03,5122
155.05,5121
155.12,5120
155.14,5119
155.19,5118
155.69,5117
155.7,5115
155.82,5114
155.83,5112
155.84,5110
155.91,5109
155.96,5108
156.28,5107
156.34,5104
156.38,5103
156.41,5102
156.42,5101
156.49,5100
156.73,5099
156.75,5098
157.18,5097
157.19,5096
157.22,5095
157.26,5093
157.27,5092
157.46,5091
157.53,5090
157.57,5089
157.64,5087
157.69,5086
157.7,5085
157.71,5083
157.88,5082
157.89,5081
157.96,5080
158.01,5079
158.03,5078
158.07,5077
158.11,5076
158.15,5075
158.16,5074
158.56,5072
158.58,5070
158.66,5069
158.68,5067
159.14,5064
159.18,5063
159.53,5062
159.79,5061
160.28,5060
160.34,5059
160.35,5058
160.53,5057
160.92,5056
160.99,5054
161.12,5052
161.13,5051
161.15,5050
161.17,5049
161.21,5048
161.22,5047
161.52,5046
161.79,5045
161.81,5043
161.97,5042
162.34,5041
162.8,5040
162.82,5039
163.6,5038
163.61,5037
163.7,5036
163.74,5035
163.99,5034
164.04,5033
164.09,5032
164.12,5031
164.15,5030
164.16,5029
164.32,5028
164.37,5027
164.4,5026
164.41,5025
164.43,5024
164.65,5023
164.66,5021
164.81,5020
164.82,5018
164.88,5017
164.9,5016
164.93,5015
164.99,5014
165.04,5013
165.39,5012
165.67,5010
165.78,5009
165.83,5008
165.84,5007
165.87,5006
165.96,5005
165.98,5004
166.1,5003
166.14,5002
166.2,4999
166.24,4998
166.89,4997
166.96,4996
167.06,4995
167.1,4994
167.15,4993
167.74,4992
167.76,4991
167.77,4990
167.95,4989
168.06,4987
168.09,4986
168.1,4985
168.13,4983
168.14,4982
168.43,4981
168.75,4980
168.81,4979
168.82,4978
168.84,4977
168.88,4976
169.04,4975
169.1,4974
169.14,4973
169.16,4972
169.27,4971
169.3,4970
169.34,4969
169.36,4968
169.4,4966
169.86,4965
169.87,4964
169.89,4963
170.03,4962
170.23,4961
170.24,4959
170.85,4958
171.86,4956
171.9,4955
171.97,4954
172.05,4953
172.07,4952
172.1,4950
172.14,4949
172.45,4948
172.48,4947
172.51,4946
172.79,4945
172.87,4944
172.89,4943
173.04,4942
173.18,4941
173.19,4940
173.27,4939
173.33,4938
173.38,4937
173.4,4936
173.45,4935
173.46,4934
173.81,4933
173.83,4932
173.84,4931
173.91,4930
174.57,4929
174.78,4928
175.25,4927
175.29,4926
175.38,4924
175.39,4923
175.73,4922
175.96,4921
175.98,4920
176.13,4919
176.32,4918
176.45,4917
177.02,4916
177.06,4915
177.25,4914
177.34,4913
177.55,4912
177.82,4911
177.85,4910
177.86,4909
178.3,4908
178.33,4907
178.63,4906
178.71,4905
178.91,4904
179.04,4903
179.16,4902
179.18,4901
179.5,4900
179.61,4899
179.83,4898
180.18,4897
180.27,4896
180.59,4895
180.81,4894
180.84,4893
181.16,4892
181.22,4891
181.29,4890
181.33,4889
181.36,4888
181.39,4887
181.43,4886
181.6,4885
181.71,4884
181.82,4883
181.84,4882
181.93,4880
182.22,4879
182.57,4878
182.59,4877
182.66,4876
182.67,4875
182.74,4874
182.84,4872
182.89,4871
182.92,4869
183.63,4868
183.65,4867
183.67,4866
183.69,4865
183.74,4864
183.75,4863
184.23,4862
184.27,4860
184.38,4859
184.45,4858
184.69,4857
184.7,4856
185.09,4855
185.12,4854
185.16,4853
185.21,4852
186.15,4851
186.23,4850
186.3,4849
186.33,4848
186.41,4847
186.45,4846
186.48,4845
186.52,4844
186.59,4843
186.92,4842
186.99,4841
187.29,4840
187.34,4839
187.52,4838
187.56,4837
187.57,4836
187.59,4835
187.64,4834
187.67,4833
188.02,4832
188.29,4831
188.35,4830
188.44,4829
189.05,4828
189.08,4827
189.36,4826
189.65,4825
189.79,4824
189.91,4823
190.29,4822
190.39,4821
190.94,4820
190.95,4819
191.0,4818
191.82,4817
191.86,4816
192.31,4815
192.98,4814
193.02,4813
193.3,4812
193.31,4811
193.36,4810
193.46,4809
193.49,4808
193.6,4807
193.91,4806
193.98,4805
194.67,4804
194.95,4803
195.02,4802
195.09,4801
195.41,4800
195.65,4799
195.66,4798
196.0,4797
196.55,4796
196.65,4795
196.82,4794
197.65,4793
197.69,4792
197.81,4791
198.1,4790
198.3,4789
198.47,4788
198.49,4787
198.73,4786
199.25,4785
199.45,4784
199.88,4783
200.43,4782
200.68,4781
200.99,4780
202.0,4779
202.11,4778
202.27,4777
202.32,4776
202.57,4775
202.6,4774
202.68,4773
202.78,4772
202.85,4771
202.92,4770
202.98,4769
203.0,4768
203.65,4767
203.89,4766
203.91,4765
204.39,4764
204.42,4763
204.75,4762
204.76,4761
204.86,4760
204.9,4759
205.07,4758
205.91,4756
206.36,4755
206.71,4754
207.4,4753
207.61,4752
207.65,4751
207.76,4750
208.04,4749
208.86,4748
209.41,4747
210.16,4746
210.17,4745
210.58,4744
210.62,4743
210.64,4742
210.68,4741
210.96,4740
211.32,4739
211.6,4738
212.3,4737
212.35,4736
212.9,4735
212.99,4734
213.59,4733
213.84,4732
213.86,4731
213.87,4730
213.88,4729
213.96,4728
214.06,4727
214.13,4726
214.36,4725
215.06,4724
215.3,4723
215.55,4722
215.81,4721
216.47,4720
216.6,4719
216.68,4718
216.78,4717
216.79,4716
217.1,4715
217.19,4714
217.5,4713
218.09,4712
218.34,4710
218.47,4709
218.77,4708
219.05,4707
219.09,4706
219.56,4705
219.66,4704
220.33,4703
220.88,4702
221.46,4701
222.51,4700
222.76,4699
222.98,4698
222.99,4697
223.35,4696
223.43,4695
223.48,4694
223.53,4693
224.09,4692
225.32,4691
225.61,4689
226.21,4688
226.35,4687
227.35,4686
227.37,4685
227.89,4683
227.99,4682
228.65,4681
230.77,4680
231.44,4679
232.87,4678
233.52,4677
233.68,4676
234.95,4675
235.08,4674
235.15,4673
235.62,4672
235.84,4671
236.57,4670
236.68,4669
236.85,4668
239.87,4667
241.78,4666
241.85,4665
241.99,4664
242.08,4663
242.82,4662
242.84,4661
243.08,4660
243.39,4659
243.89,4658
244.06,4657
244.13,4656
244.36,4655
244.78,4654
244.99,4653
245.98,4652
246.35,4651
248.96,4650
248.97,4649
249.16,4648
249.35,4647
251.1,4646
251.36,4645
251.67,4644
255.01,4643
255.06,4642
255.55,4641
256.13,4640
256.15,4639
256.87,4638
256.97,4637
258.32,4636
258.88,4635
262.65,4634
263.49,4633
264.3,4632
266.77,4631
267.42,4630
268.5,4629
271.83,4628
272.62,4627
273.95,4626
274.44,4625
275.74,4624
276.04,4623
277.08,4622
277.58,4621
278.4,4620
278.85,4619
279.04,4618
279.06,4617
280.93,4616
281.92,4615
283.13,4614
283.19,4613
283.35,4612
285.52,4611
287.71,4610
289.59,4609
291.15,4608
291.23,4607
297.55,4606
297.99,4605
307.17,4604
308.36,4603
309.65,4602
315.77,4601
316.0,4600
338.28,4599
345.93,4598
349.6,4597
349.82,4596
350.62,4595
359.97,4594
362.44,4593
366.53,4592
383.43,4591
390.82,4590
393.25,4589
400.28,4588
403.55,4587
404.91,4586
411.64,4585
415.02,4584
415.05,4583
420.73,4582
427.56,4581
433.48,4580
436.07,4579
442.9,4578
446.28,4577
452.29,4576
472.54,4575
478.37,4574
478.92,4573
490.97,4572
493.56,4571
520.92,4570
541.74,4569
555.32,4568
558.68,4567
