0.0,14109
0.04,14108
0.08,14107
0.12,14106
0.17,14105
0.22,14104
0.27,14103
0.31,14102
0.36,14101
0.4,14100
0.45,14099
0.49,14098
0.54,14097
0.59,14096
0.64,14095
0.68,14094
0.72,14093
0.77,14092
0.81,14091
0.87,14090
0.91,14089
0.95,14088
0.99,14087
1.03,14086
1.09,14085
1.12,14084
1.16,14083
1.21,14082
1.25,14081
1.29,14080
1.34,14079
1.38,14078
1.42,14077
1.47,14076
1.52,14075
1.57,14074
1.62,14073
1.66,14072
1.71,14071
1.75,14070
1.79,14069
1.83,14068
1.87,14067
1.92,14066
1.98,14065
2.02,14064
2.06,14063
2.1,14062
2.15,14061
2.19,14060
2.24,14059
2.28,14058
2.33,14057
2.38,14056
2.42,14055
2.46,14054
2.51,14053
2.55,14052
2.59,14051
2.64,14050
2.68,14049
2.72,14048
2.77,14047
2.81,14046
2.86,14045
2.9,14044
2.94,14043
2.98,14042
3.02,14041
3.07,14040
3.12,14039
3.16,14038
3.2,14037
3.25,14036
3.29,14035
3.33,14034
3.38,14033
3.42,14032
3.47,14031
3.51,14030
3.56,14029
3.61,14028
3.65,14027
3.7,14026
3.77,14025
3.82,14024
3.87,14023
3.92,14022
3.96,14021
4.01,14020
4.05,14019
4.08,14018
4.12,14017
4.18,14016
4.22,14015
4.26,14014
4.3,14013
4.34,14012
4.39,14011
4.43,14010
4.48,14009
4.53,14008
4.57,14007
4.62,14006
4.66,14005
4.71,14004
4.76,14003
4.81,14002
4.86,14001
4.9,14000
4.95,13999
4.99,13998
5.04,13997
5.08,13996
5.12,13995
5.16,13994
5.21,13993
5.25,13992
5.3,13991
5.34,13990
5.38,13989
5.43,13988
5.48,13987
5.52,13986
5.57,13985
5.62,13984
5.66,13983
5.7,13982
5.74,13981
5.78,13980
5.82,13979
5.86,13978
5.9,13977
5.94,13976
5.99,13975
6.03,13974
6.08,13973
6.12,13972
6.16,13971
6.21,13970
6.28,13969
6.32,13968
6.37,13967
6.41,13966
6.46,13965
6.51,13964
6.56,13963
6.6,13962
6.64,13961
6.69,13960
6.74,13959
6.79,13958
6.83,13957
6.87,13956
6.92,13955
6.96,13954
7.0,13953
7.05,13952
7.09,13951
7.13,13950
7.19,13949
7.24,13948
7.28,13947
7.31,13946
7.36,13945
7.4,13944
7.45,13943
7.49,13942
7.53,13941
7.58,13940
7.62,13939
7.66,13938
7.7,13937
7.74,13936
7.78,13935
7.82,13934
7.87,13933
7.91,13932
7.96,13931
8.01,13930
8.05,13929
8.09,13928
8.14,13927
8.19,13926
8.23,13925
8.28,13924
8.32,13923
8.37,13922
8.41,13921
8.45,13920
8.5,13919
8.54,13918
8.58,13917
8.63,13916
8.67,13915
8.71,13914
8.76,13913
8.81,13912
8.85,13911
8.89,13910
8.94,13909
8.99,13908
9.04,13907
9.1,13906
9.15,13905
9.2,13904
9.25,13903
9.31,13902
9.36,13901
9.42,13900
9.48,13899
9.53,13898
9.58,13897
9.63,13896
9.67,13895
9.73,13894
9.78,13893
9.83,13892
9.89,13891
9.94,13890
10.0,13889
10.05,13888
10.11,13887
10.17,13886
10.22,13885
10.28,13884
10.33,13883
10.38,13882
10.43,13881
10.48,13880
10.54,13879
10.59,13878
10.64,13877
10.69,13876
10.74,13875
10.8,13874
10.85,13873
10.9,13872
10.95,13871
11.0,13870
11.05,13869
11.11,13868
11.16,13867
11.24,13866
11.3,13865
11.36,13864
11.4,13863
11.45,13862
11.5,13861
11.55,13860
11.59,13859
11.64,13858
11.7,13857
11.75,13856
11.8,13855
11.86,13854
11.91,13853
11.96,13852
12.01,13851
12.07,13850
12.12,13849
12.16,13848
12.21,13847
12.26,13846
12.31,13845
12.37,13844
12.44,13843
12.49,13842
12.56,13841
12.61,13840
12.67,13839
12.72,13838
12.76,13837
12.81,13836
12.85,13835
12.89,13834
12.93,13833
12.98,13832
13.01,13831
13.06,13830
13.1,13829
13.15,13828
13.2,13827
13.25,13826
13.29,13825
13.33,13824
13.37,13823
13.45,13822
13.51,13821
13.56,13820
13.6,13819
13.64,13818
13.68,13817
13.73,13816
13.77,13815
13.82,13814
13.87,13813
13.91,13812
13.95,13811
13.99,13810
14.04,13809
14.08,13808
14.12,13807
14.16,13806
14.21,13805
14.26,13804
14.3,13803
14.34,13802
14.39,13801
14.43,13800
14.47,13799
14.52,13798
14.56,13797
14.61,13796
14.65,13795
14.69,13794
14.73,13793
14.77,13792
14.83,13791
14.87,13790
14.92,13789
14.96,13788
15.0,13787
15.04,13786
15.08,13785
15.12,13784
15.17,13783
15.21,13782
15.26,13781
15.3,13780
15.34,13779
15.38,13778
15.43,13777
15.47,13776
15.51,13775
15.55,13774
15.6,13773
15.64,13772
15.68,13771
15.72,13770
15.76,13769
15.81,13768
15.85,13767
15.9,13766
15.94,13765
15.99,13764
16.04,13763
16.08,13762
16.12,13761
16.17,13760
16.21,13759
16.25,13758
16.29,13757
16.34,13756
16.38,13755
16.42,13754
16.47,13753
16.51,13752
16.56,13751
16.6,13750
16.65,13749
16.7,13748
16.74,13747
16.78,13746
16.82,13745
16.87,13744
16.91,13743
16.95,13742
16.99,13741
17.04,13740
17.08,13739
17.12,13738
17.17,13737
17.21,13736
17.25,13735
17.3,13734
17.34,13733
17.39,13732
17.44,13731
17.48,13730
17.53,13729
17.57,13728
17.63,13727
17.68,13726
17.72,13725
17.77,13724
17.82,13723
17.88,13722
17.94,13721
17.98,13720
18.02,13719
18.07,13718
18.12,13717
18.16,13716
18.21,13715
18.25,13714
18.29,13713
18.33,13712
18.38,13711
18.43,13710
18.48,13709
18.52,13708
18.56,13707
18.61,13706
18.65,13705
18.7,13704
18.74,13703
18.79,13702
18.83,13701
18.88,13700
18.92,13699
18.96,13698
19.01,13697
19.06,13696
19.11,13695
19.15,13694
19.19,13693
19.24,13692
19.29,13691
19.33,13690
19.38,13689
19.43,13688
19.48,13687
19.52,13686
19.56,13685
19.6,13684
19.65,13683
19.7,13682
19.74,13681
19.78,13680
19.82,13679
19.86,13678
19.91,13677
19.95,13676
19.99,13675
20.03,13674
20.07,13673
20.11,13672
20.16,13671
20.2,13670
20.24,13669
20.3,13668
20.34,13667
20.39,13666
20.43,13665
20.47,13664
20.51,13663
20.57,13662
20.61,13661
20.65,13660
20.69,13659
20.73,13658
20.77,13657
20.81,13656
20.86,13655
20.9,13654
20.94,13653
20.99,13652
21.03,13651
21.07,13650
21.12,13649
21.18,13648
21.23,13647
21.27,13646
21.31,13645
21.35,13644
21.41,13643
21.46,13642
21.5,13641
21.55,13640
21.59,13639
21.63,13638
21.67,13637
21.72,13636
21.76,13635
21.8,13634
21.84,13633
21.9,13632
21.95,13631
21.99,13630
22.04,13629
22.08,13628
22.12,13627
22.16,13626
22.21,13625
22.26,13624
22.31,13623
22.35,13622
22.39,13621
22.44,13620
22.49,13619
22.53,13618
22.58,13617
22.62,13616
22.66,13615
22.7,13614
22.75,13613
22.8,13612
22.84,13611
22.89,13610
22.93,13609
22.97,13608
23.01,13607
23.06,13606
23.11,13605
23.15,13604
23.19,13603
23.23,13602
23.27,13601
23.32,13600
23.36,13599
23.41,13598
23.46,13597
23.5,13596
23.54,13595
23.59,13594
23.63,13593
23.67,13592
23.71,13591
23.75,13590
23.79,13589
23.84,13588
23.88,13587
23.92,13586
23.96,13585
24.01,13584
24.06,13583
24.11,13582
24.15,13581
24.19,13580
24.23,13579
24.28,13578
24.32,13577
24.36,13576
24.37,13576
24.41,13575
24.46,13574
24.51,13573
24.55,13572
24.59,13571
24.63,13570
24.68,13569
24.75,13568
24.8,13567
24.86,13566
24.94,13565
24.99,13564
25.04,13563
25.1,13562
25.15,13561
25.2,13560
25.24,13559
25.29,13558
25.34,13557
25.39,13556
25.43,13555
25.48,13554
25.53,13553
25.57,13552
25.62,13551
25.66,13550
25.71,13549
25.75,13548
25.82,13547
25.93,13546
26.0,13545
26.05,13544
26.13,13543
26.19,13542
26.23,13541
26.28,13540
26.32,13539
26.38,13538
26.42,13537
26.47,13536
26.51,13535
26.55,13534
26.6,13533
26.64,13532
26.68,13531
26.73,13530
26.79,13529
26.83,13528
26.87,13527
26.91,13526
26.96,13525
27.0,13524
27.05,13523
27.09,13522
27.14,13521
27.18,13520
27.22,13519
27.26,13518
27.32,13517
27.37,13516
27.42,13515
27.46,13514
27.5,13513
27.54,13512
27.59,13511
27.63,13510
27.67,13509
27.72,13508
27.76,13507
27.81,13506
27.85,13505
27.9,13504
27.95,13503
28.0,13502
28.04,13501
28.09,13500
28.19,13499
28.24,13498
28.29,13497
28.34,13496
28.44,13495
28.48,13494
28.53,13493
28.58,13492
28.63,13491
28.67,13490
28.72,13489
28.76,13488
28.81,13487
28.85,13486
28.89,13485
28.93,13484
28.97,13483
29.02,13482
29.08,13481
29.13,13480
29.34,13479
29.49,13478
29.7,13477
29.9,13476
30.12,13475
30.5,13474
30.64,13473
30.79,13472
30.96,13471
31.18,13470
31.27,13469
31.34,13468
31.52,13467
31.66,13466
31.74,13465
31.81,13464
31.88,13463
31.97,13462
32.1,13461
32.2,13460
32.3,13459
32.39,13458
32.46,13457
32.51,13456
32.56,13455
32.61,13454
32.67,13453
32.72,13452
32.77,13451
32.82,13450
32.87,13449
32.93,13448
32.98,13447
33.02,13446
33.06,13445
33.1,13444
33.15,13443
33.2,13442
33.28,13441
33.33,13440
33.38,13439
33.43,13438
33.48,13437
33.52,13436
33.57,13435
33.61,13434
33.66,13433
33.71,13432
33.75,13431
33.8,13430
33.84,13429
33.89,13428
33.94,13427
33.99,13426
34.05,13425
34.09,13424
34.13,13423
34.17,13422
34.18,13422
34.22,13421
34.26,13420
34.3,13419
34.35,13418
34.4,13417
34.45,13416
34.5,13415
34.54,13414
34.58,13413
34.62,13412
34.66,13411
34.7,13410
34.74,13409
34.79,13408
34.81,13408
34.86,13407
34.94,13406
35.0,13405
35.06,13404
35.13,13403
35.18,13402
35.22,13401
35.26,13400
35.31,13399
35.35,13398
35.39,13397
35.44,13396
35.49,13395
35.53,13394
35.57,13393
35.61,13392
35.65,13391
35.73,13390
35.79,13389
35.83,13388
35.87,13387
35.92,13386
35.97,13385
36.01,13384
36.06,13383
36.1,13382
36.14,13381
36.19,13380
36.25,13379
36.33,13378
36.43,13377
36.52,13376
36.58,13375
36.62,13374
36.67,13373
36.72,13372
36.76,13371
36.81,13370
36.85,13369
36.9,13368
36.94,13367
36.98,13366
37.04,13365
37.08,13364
37.12,13363
37.16,13362
37.2,13361
37.25,13360
37.3,13359
37.35,13358
37.4,13357
37.44,13356
37.48,13355
37.52,13354
37.56,13353
37.61,13352
37.67,13351
37.71,13350
37.75,13349
37.79,13348
37.84,13347
37.88,13346
37.92,13345
37.97,13344
38.01,13343
38.05,13342
38.11,13341
38.16,13340
38.21,13339
38.25,13338
38.29,13337
38.34,13336
38.38,13335
38.43,13334
38.47,13333
38.51,13332
38.55,13331
38.59,13330
38.64,13329
38.68,13328
38.73,13327
38.77,13326
38.82,13325
38.86,13324
38.91,13323
38.96,13322
39.02,13321
39.06,13320
39.1,13319
39.15,13318
39.19,13317
39.25,13316
39.29,13315
39.34,13314
39.38,13313
39.44,13312
39.52,13311
39.56,13310
39.61,13309
39.65,13308
39.69,13307
39.74,13306
39.79,13305
39.84,13304
39.88,13303
39.92,13302
39.96,13301
40.01,13300
40.05,13299
40.09,13298
40.13,13297
40.17,13296
40.21,13295
40.26,13294
40.32,13293
40.38,13292
40.42,13291
40.51,13290
40.55,13289
40.6,13288
40.65,13287
40.69,13286
40.74,13285
40.78,13284
40.82,13283
40.88,13282
40.92,13281
40.97,13280
41.01,13279
41.05,13278
41.09,13277
41.13,13276
41.17,13275
41.23,13274
41.28,13273
41.32,13272
41.37,13271
41.42,13270
41.46,13269
41.5,13268
41.54,13267
41.58,13266
41.63,13265
41.67,13264
41.7,13263
41.75,13262
41.79,13261
41.84,13260
41.89,13259
41.94,13258
41.98,13257
42.02,13256
42.07,13255
42.12,13254
42.16,13253
42.2,13252
42.25,13251
42.29,13250
42.33,13249
42.37,13248
42.41,13247
42.46,13246
42.51,13245
42.56,13244
42.63,13243
42.69,13242
42.74,13241
42.8,13240
42.85,13239
42.89,13238
42.93,13237
42.98,13236
43.04,13235
43.1,13234
43.16,13233
43.21,13232
43.26,13231
43.32,13230
43.38,13229
43.44,13228
43.51,13227
43.56,13226
43.62,13225
43.67,13224
43.72,13223
43.77,13222
43.82,13221
43.88,13220
43.93,13219
43.99,13218
44.05,13217
44.12,13216
44.18,13215
44.24,13214
44.3,13213
44.36,13212
44.42,13211
44.48,13210
44.53,13209
44.58,13208
44.63,13207
44.69,13206
44.8,13205
44.88,13204
44.95,13203
45.02,13202
45.07,13201
45.12,13200
45.18,13199
45.23,13198
45.28,13197
45.34,13196
45.4,13195
45.46,13194
45.51,13193
45.57,13192
45.62,13191
45.67,13190
45.73,13189
45.8,13188
45.85,13187
45.91,13186
45.96,13185
46.02,13184
46.06,13183
46.12,13182
46.17,13181
46.23,13180
46.3,13179
46.35,13178
46.4,13177
46.46,13176
46.51,13175
46.56,13174
46.61,13173
46.67,13172
46.72,13171
46.78,13170
46.83,13169
46.89,13168
46.93,13167
46.99,13166
47.04,13165
47.09,13164
47.14,13163
47.19,13162
47.24,13161
47.3,13160
47.35,13159
47.42,13158
47.48,13157
47.54,13156
47.59,13155
47.64,13154
47.7,13153
47.75,13152
47.81,13151
47.87,13150
47.92,13149
47.98,13148
48.03,13147
48.09,13146
48.15,13145
48.2,13144
48.25,13143
48.3,13142
48.37,13141
48.42,13140
48.47,13139
48.52,13138
48.58,13137
48.63,13136
48.69,13135
48.76,13134
48.83,13133
48.89,13132
48.94,13131
49.02,13130
49.07,13129
49.12,13128
49.21,13127
49.27,13126
49.32,13125
49.41,13124
49.46,13123
49.52,13122
49.58,13121
49.62,13120
49.68,13119
49.74,13118
49.8,13117
49.85,13116
49.89,13115
49.95,13114
50.02,13113
50.07,13112
50.12,13111
50.18,13110
50.25,13109
50.3,13108
50.36,13107
50.43,13106
50.49,13105
50.56,13104
50.62,13103
50.69,13102
50.76,13101
50.82,13100
50.9,13099
51.0,13098
51.16,13097
51.31,13096
51.48,13095
51.62,13094
51.71,13093
51.78,13092
51.83,13091
51.89,13090
51.95,13089
52.01,13088
52.07,13087
52.13,13086
52.18,13085
52.24,13084
52.29,13083
52.34,13082
52.4,13081
52.45,13080
52.5,13079
52.54,13078
52.6,13077
52.65,13076
52.7,13075
52.76,13074
52.81,13073
52.87,13072
52.93,13071
52.99,13070
53.03,13069
53.08,13068
53.13,13067
53.18,13066
53.25,13065
53.31,13064
53.37,13063
53.43,13062
53.47,13061
53.52,13060
53.58,13059
53.62,13058
53.67,13057
53.72,13056
53.78,13055
53.89,13054
53.99,13053
54.14,13052
54.28,13051
54.38,13050
54.6,13049
54.81,13048
54.95,13047
55.15,13046
55.29,13045
55.44,13044
55.53,13043
55.61,13042
55.7,13041
55.79,13040
55.89,13039
55.94,13038
56.02,13037
56.08,13036
56.14,13035
56.21,13034
56.27,13033
56.33,13032
56.42,13031
56.48,13030
56.54,13029
56.59,13028
56.67,13027
56.72,13026
56.79,13025
56.84,13024
56.9,13023
56.97,13022
57.03,13021
57.09,13020
57.15,13019
57.2,13018
57.25,13017
57.34,13016
57.41,13015
57.52,13014
57.59,13013
57.65,13012
57.7,13011
57.76,13010
57.81,13009
57.89,13008
57.96,13007
58.01,13006
58.06,13005
58.1,13004
58.15,13003
58.2,13002
58.26,13001
58.32,13000
58.33,13000
58.4,12999
58.46,12998
58.51,12997
58.58,12996
58.63,12995
58.68,12994
58.73,12993
58.79,12992
58.85,12991
58.9,12990
58.95,12989
59.01,12988
59.06,12987
59.11,12986
59.15,12985
59.19,12984
59.26,12983
59.31,12982
59.36,12981
59.43,12980
59.48,12979
59.54,12978
59.61,12977
59.65,12976
59.7,12975
59.77,12974
59.83,12973
59.88,12972
59.93,12971
59.99,12970
60.05,12969
60.13,12968
60.22,12967
60.31,12966
60.41,12965
60.51,12964
60.6,12963
60.69,12962
60.75,12961
60.8,12960
60.86,12959
60.91,12958
60.97,12957
61.03,12956
61.08,12955
61.14,12954
61.19,12953
61.26,12952
61.32,12951
61.38,12950
61.45,12949
61.5,12948
61.56,12947
61.62,12946
61.66,12945
61.73,12944
61.77,12943
61.82,12942
61.88,12941
61.94,12940
61.99,12939
62.04,12938
62.11,12937
62.17,12936
62.21,12935
62.26,12934
62.32,12933
62.38,12932
62.45,12931
62.52,12930
62.58,12929
62.64,12928
62.69,12927
62.77,12926
62.84,12925
62.89,12924
62.94,12923
63.0,12922
63.06,12921
63.11,12920
63.17,12919
63.23,12918
63.27,12917
63.33,12916
63.39,12915
63.44,12914
63.5,12913
63.56,12912
63.61,12911
63.66,12910
63.72,12909
63.81,12908
63.87,12907
63.94,12906
64.0,12905
64.05,12904
64.1,12903
64.16,12902
64.2,12901
64.26,12900
64.31,12899
64.37,12898
64.42,12897
64.49,12896
64.58,12895
64.65,12894
64.71,12893
64.77,12892
64.85,12891
64.93,12890
65.01,12889
65.05,12888
65.12,12887
65.18,12886
65.26,12885
65.31,12884
65.39,12883
65.46,12882
65.52,12881
65.57,12880
65.65,12879
65.7,12878
65.75,12877
65.83,12876
65.88,12875
65.95,12874
65.99,12873
66.07,12872
66.14,12871
66.21,12870
66.25,12869
66.3,12868
66.37,12867
66.45,12866
66.52,12865
66.59,12864
66.67,12863
66.73,12862
66.8,12861
66.87,12860
66.91,12859
66.96,12858
67.04,12857
67.12,12856
67.18,12855
67.25,12854
67.31,12853
67.39,12852
67.48,12851
67.57,12850
67.65,12849
67.72,12848
67.81,12847
67.88,12846
67.96,12845
68.05,12844
68.13,12843
68.15,12843
68.28,12842
68.37,12841
68.44,12840
68.5,12839
68.56,12838
68.63,12837
68.68,12836
68.76,12835
68.83,12834
68.89,12833
68.96,12832
69.03,12831
69.12,12830
69.2,12829
69.27,12828
69.31,12827
69.4,12826
69.5,12825
69.58,12824
69.63,12823
69.7,12822
69.75,12821
69.82,12820
69.88,12819
69.94,12818
70.0,12817
70.07,12816
70.12,12815
70.18,12814
70.24,12813
70.31,12812
70.36,12811
70.44,12810
70.5,12809
70.56,12808
70.63,12807
70.69,12806
70.76,12805
70.83,12804
70.88,12803
70.94,12802
71.01,12801
71.09,12800
71.16,12799
71.22,12798
71.28,12797
71.35,12796
71.47,12795
71.57,12794
71.67,12793
71.76,12792
71.85,12791
71.94,12790
72.02,12789
72.12,12788
72.22,12787
72.31,12786
72.41,12785
72.49,12784
72.58,12783
72.67,12782
72.68,12782
72.78,12781
72.89,12780
73.01,12779
73.12,12778
73.13,12778
73.26,12777
73.35,12776
73.46,12775
73.59,12774
73.7,12773
73.8,12772
73.9,12771
73.99,12770
74.09,12769
74.19,12768
74.29,12767
74.4,12766
74.53,12765
74.63,12764
74.73,12763
74.83,12762
74.92,12761
75.02,12760
75.12,12759
75.22,12758
75.32,12757
75.41,12756
75.51,12755
75.62,12754
75.75,12753
75.86,12752
75.97,12751
76.06,12750
76.16,12749
76.26,12748
76.36,12747
76.47,12746
76.57,12745
76.66,12744
76.75,12743
76.83,12742
76.93,12741
77.03,12740
77.13,12739
77.22,12738
77.28,12737
77.35,12736
77.42,12735
77.49,12734
77.56,12733
77.63,12732
77.7,12731
77.77,12730
77.84,12729
77.9,12728
77.96,12727
78.01,12726
78.06,12725
78.11,12724
78.16,12723
78.22,12722
78.28,12721
78.35,12720
78.41,12719
78.47,12718
78.52,12717
78.58,12716
78.66,12715
78.71,12714
78.78,12713
78.83,12712
78.9,12711
78.95,12710
79.02,12709
79.07,12708
79.14,12707
79.21,12706
79.28,12705
79.34,12704
79.42,12703
79.48,12702
79.54,12701
79.61,12700
79.68,12699
79.74,12698
79.81,12697
79.87,12696
79.92,12695
79.98,12694
80.05,12693
80.13,12692
80.2,12691
80.21,12691
80.27,12690
80.32,12689
80.37,12688
80.44,12687
80.48,12686
80.53,12685
80.59,12684
80.64,12683
80.65,12683
80.72,12682
80.77,12681
80.82,12680
80.88,12679
80.94,12678
81.01,12677
81.08,12676
81.13,12675
81.21,12674
81.28,12673
81.33,12672
81.39,12671
81.46,12670
81.53,12669
81.6,12668
81.68,12667
81.69,12667
81.76,12666
81.81,12665
81.89,12664
81.96,12663
82.04,12662
82.11,12661
82.16,12660
82.23,12659
82.28,12658
82.33,12657
82.41,12656
82.47,12655
82.57,12654
82.58,12654
82.67,12653
82.68,12653
82.76,12652
82.84,12651
82.91,12650
82.99,12649
83.06,12648
83.13,12647
83.22,12646
83.31,12645
83.36,12644
83.37,12644
83.44,12643
83.46,12643
83.51,12642
83.61,12641
83.68,12640
83.75,12639
83.84,12638
83.91,12637
84.0,12636
84.08,12635
84.15,12634
84.16,12634
84.25,12633
84.32,12632
84.43,12631
84.51,12630
84.59,12629
84.67,12628
84.73,12627
84.81,12626
84.9,12625
84.97,12624
85.05,12623
85.22,12622
85.39,12621
85.53,12620
85.68,12619
85.82,12618
85.94,12617
86.1,12616
86.2,12615
86.32,12614
86.44,12613
86.54,12612
86.64,12611
86.75,12610
86.89,12609
87.02,12608
87.15,12607
87.29,12606
87.4,12605
87.52,12604
87.61,12603
87.71,12602
87.81,12601
87.91,12600
87.92,12600
88.03,12599
88.14,12598
88.27,12597
88.45,12596
88.66,12595
88.75,12594
88.84,12593
88.91,12592
88.99,12591
89.06,12590
89.13,12589
89.21,12588
89.27,12587
89.33,12586
89.39,12585
89.49,12584
89.56,12583
89.68,12582
89.77,12581
89.83,12580
89.9,12579
90.0,12578
90.07,12577
90.14,12576
90.21,12575
90.28,12574
90.35,12573
90.43,12572
90.48,12571
90.53,12570
90.6,12569
90.67,12568
90.71,12567
90.8,12566
90.85,12565
90.92,12564
90.96,12563
91.03,12562
91.09,12561
91.15,12560
91.22,12559
91.27,12558
91.33,12557
91.38,12556
91.44,12555
91.5,12554
91.56,12553
91.63,12552
91.68,12551
91.75,12550
91.83,12549
91.88,12548
91.93,12547
92.0,12546
92.09,12545
92.18,12544
92.27,12543
92.35,12542
92.44,12541
92.52,12540
92.6,12539
92.69,12538
92.79,12537
92.88,12536
92.96,12535
92.98,12535
93.05,12534
93.12,12533
93.18,12532
93.25,12531
93.33,12530
93.4,12529
93.48,12528
93.55,12527
93.56,12527
93.65,12526
93.73,12525
93.79,12524
93.86,12523
93.92,12522
94.0,12521
94.07,12520
94.13,12519
94.19,12518
94.24,12517
94.31,12516
94.39,12515
94.46,12514
94.53,12513
94.6,12512
94.67,12511
94.74,12510
94.81,12509
94.88,12508
94.93,12507
94.97,12506
95.04,12505
95.1,12504
95.15,12503
95.21,12502
95.26,12501
95.35,12500
95.39,12499
95.48,12498
95.55,12497
95.62,12496
95.68,12495
95.75,12494
95.85,12493
95.91,12492
95.97,12491
96.03,12490
96.09,12489
96.14,12488
96.2,12487
96.26,12486
96.33,12485
96.41,12484
96.46,12483
96.53,12482
96.59,12481
96.64,12480
96.71,12479
96.78,12478
96.83,12477
96.9,12476
96.97,12475
96.98,12475
97.07,12474
97.16,12473
97.25,12472
97.35,12471
97.44,12470
97.53,12469
97.61,12468
97.7,12467
97.78,12466
97.89,12465
97.98,12464
98.07,12463
98.15,12462
98.16,12462
98.24,12461
98.32,12460
98.34,12460
98.42,12459
98.51,12458
98.59,12457
98.67,12456
98.76,12455
98.84,12454
98.93,12453
99.04,12452
99.14,12451
99.22,12450
99.31,12449
99.41,12448
99.49,12447
99.59,12446
99.61,12446
99.7,12445
99.79,12444
99.88,12443
99.95,12442
100.07,12441
100.16,12440
100.18,12440
100.26,12439
100.34,12438
100.42,12437
100.5,12436
100.59,12435
100.67,12434
100.76,12433
100.84,12432
100.85,12432
100.93,12431
101.01,12430
101.1,12429
101.21,12428
101.31,12427
101.42,12426
101.52,12425
101.62,12424
101.63,12424
101.71,12423
101.79,12422
101.87,12421
101.95,12420
102.03,12419
102.12,12418
102.2,12417
102.3,12416
102.38,12415
102.47,12414
102.56,12413
102.64,12412
102.73,12411
102.82,12410
102.9,12409
103.01,12408
103.16,12407
103.17,12407
103.26,12406
103.35,12405
103.44,12404
103.53,12403
103.61,12402
103.7,12401
103.78,12400
103.86,12399
103.94,12398
104.02,12397
104.1,12396
104.18,12395
104.27,12394
104.29,12394
104.37,12393
104.45,12392
104.53,12391
104.62,12390
104.71,12389
104.8,12388
104.88,12387
104.97,12386
105.05,12385
105.13,12384
105.21,12383
105.31,12382
105.39,12381
105.48,12380
105.56,12379
105.64,12378
105.72,12377
105.81,12376
105.92,12375
106.01,12374
106.09,12373
106.18,12372
106.27,12371
106.35,12370
106.45,12369
106.56,12368
106.7,12367
106.8,12366
106.9,12365
106.98,12364
107.06,12363
107.15,12362
107.24,12361
107.32,12360
107.41,12359
107.49,12358
107.58,12357
107.66,12356
107.74,12355
107.83,12354
107.91,12353
107.99,12352
108.08,12351
108.16,12350
108.25,12349
108.33,12348
108.42,12347
108.51,12346
108.6,12345
108.68,12344
108.69,12344
108.73,12344
108.81,12343
108.89,12342
108.98,12341
109.06,12340
109.14,12339
109.22,12338
109.3,12337
109.38,12336
109.47,12335
109.55,12334
109.63,12333
109.72,12332
109.8,12331
109.88,12330
109.96,12329
109.98,12329
110.06,12328
110.14,12327
110.23,12326
110.31,12325
110.4,12324
110.48,12323
110.57,12322
110.65,12321
110.73,12320
110.82,12319
110.93,12318
111.04,12317
111.14,12316
111.22,12315
111.3,12314
111.38,12313
111.48,12312
111.56,12311
111.66,12310
111.74,12309
111.83,12308
111.91,12307
111.99,12306
112.08,12305
112.16,12304
112.25,12303
112.34,12302
112.43,12301
112.51,12300
112.59,12299
112.67,12298
112.75,12297
112.84,12296
112.92,12295
113.0,12294
113.09,12293
113.1,12293
113.18,12292
113.31,12291
113.41,12290
113.53,12289
113.66,12288
113.78,12287
113.91,12286
114.04,12285
114.14,12284
114.25,12283
114.35,12282
114.45,12281
114.55,12280
114.67,12279
114.78,12278
114.92,12277
115.05,12276
115.18,12275
115.3,12274
115.4,12273
115.53,12272
115.69,12271
115.84,12270
115.97,12269
116.09,12268
116.25,12267
116.41,12266
116.59,12265
116.73,12264
116.87,12263
117.02,12262
117.14,12261
117.27,12260
117.39,12259
117.57,12258
117.68,12257
117.79,12256
117.93,12255
118.03,12254
118.19,12253
118.29,12252
118.4,12251
118.5,12250
118.6,12249
118.69,12248
118.78,12247
118.87,12246
118.99,12245
119.13,12244
119.25,12243
119.35,12242
119.47,12241
119.64,12240
119.66,12240
119.79,12239
119.93,12238
120.03,12237
120.17,12236
120.28,12235
120.37,12234
120.56,12233
120.69,12232
120.78,12231
120.91,12230
121.01,12229
121.1,12228
121.19,12227
121.28,12226
121.38,12225
121.46,12224
121.55,12223
121.64,12222
121.73,12221
121.82,12220
121.91,12219
122.0,12218
122.09,12217
122.17,12216
122.26,12215
122.35,12214
122.36,12214
122.45,12213
122.53,12212
122.65,12211
122.79,12210
122.92,12209
123.03,12208
123.19,12207
123.21,12207
123.32,12206
123.41,12205
123.53,12204
123.62,12203
123.7,12202
123.81,12201
123.89,12200
123.97,12199
124.05,12198
124.14,12197
124.22,12196
124.31,12195
124.39,12194
124.48,12193
124.56,12192
124.64,12191
124.73,12190
124.82,12189
124.91,12188
124.99,12187
125.07,12186
125.15,12185
125.24,12184
125.32,12183
125.41,12182
125.49,12181
125.58,12180
125.66,12179
125.75,12178
125.83,12177
125.91,12176
126.0,12175
126.08,12174
126.09,12174
126.17,12173
126.26,12172
126.34,12171
126.43,12170
126.52,12169
126.53,12169
126.61,12168
126.72,12167
126.81,12166
126.91,12165
126.99,12164
127.08,12163
127.18,12162
127.29,12161
127.38,12160
127.48,12159
127.59,12158
127.68,12157
127.72,12157
127.8,12156
127.89,12155
127.9,12155
127.98,12154
128.07,12153
128.16,12152
128.26,12151
128.35,12150
128.44,12149
128.53,12148
128.61,12147
128.71,12146
128.79,12145
128.9,12144
128.99,12143
129.08,12142
129.17,12141
129.26,12140
129.36,12139
129.45,12138
129.54,12137
129.55,12137
129.63,12136
129.71,12135
129.79,12134
129.88,12133
129.96,12132
130.04,12131
130.12,12130
130.2,12129
130.29,12128
130.37,12127
130.45,12126
130.53,12125
130.63,12124
130.71,12123
130.8,12122
130.89,12121
131.01,12120
131.11,12119
131.22,12118
131.33,12117
131.45,12116
131.46,12116
131.59,12115
131.68,12114
131.8,12113
131.91,12112
132.02,12111
132.13,12110
132.23,12109
132.35,12108
132.47,12107
132.6,12106
132.73,12105
132.83,12104
132.84,12104
132.96,12103
132.97,12103
133.09,12102
133.2,12101
133.32,12100
133.49,12099
133.6,12098
133.75,12097
133.88,12096
134.01,12095
134.11,12094
134.13,12094
134.26,12093
134.39,12092
134.55,12091
134.66,12090
134.79,12089
134.88,12088
134.99,12087
135.1,12086
135.21,12085
135.32,12084
135.42,12083
135.53,12082
135.64,12081
135.75,12080
135.86,12079
135.98,12078
136.08,12077
136.19,12076
136.28,12075
136.37,12074
136.48,12073
136.57,12072
136.68,12071
136.78,12070
136.79,12070
136.91,12069
137.02,12068
137.08,12068
137.18,12067
137.3,12066
137.42,12065
137.52,12064
137.63,12063
137.72,12062
137.83,12061
137.97,12060
138.12,12059
138.23,12058
138.34,12057
138.44,12056
138.56,12055
138.66,12054
138.77,12053
138.9,12052
139.02,12051
139.12,12050
139.24,12049
139.36,12048
139.37,12048
139.47,12047
139.6,12046
139.78,12045
139.87,12044
140.06,12043
140.27,12042
140.42,12041
140.6,12040
140.69,12040
140.88,12039
141.05,12038
141.25,12037
141.39,12036
141.58,12035
141.73,12034
141.86,12033
141.88,12033
141.91,12033
142.05,12032
142.18,12031
142.29,12030
142.45,12029
142.6,12028
142.72,12027
142.86,12026
143.04,12025
143.2,12024
143.34,12023
143.45,12022
143.58,12021
143.7,12020
143.83,12019
143.93,12018
144.05,12017
144.14,12016
144.25,12015
144.34,12014
144.46,12013
144.56,12012
144.69,12011
144.77,12010
144.89,12009
145.01,12008
145.12,12007
145.24,12006
145.25,12006
145.34,12005
145.46,12004
145.55,12003
145.63,12002
145.76,12001
145.9,12000
146.04,11999
146.14,11998
146.29,11997
146.41,11996
146.5,11995
146.67,11994
146.81,11993
146.92,11992
147.05,11991
147.14,11990
147.26,11989
147.36,11988
147.4,11988
147.5,11987
147.65,11986
147.74,11985
147.87,11984
147.99,11983
148.1,11982
148.2,11981
148.31,11980
148.43,11979
148.54,11978
148.66,11977
148.77,11976
148.87,11975
148.97,11974
149.08,11973
149.18,11972
149.27,11971
149.39,11970
149.5,11969
149.58,11968
149.7,11967
149.79,11966
149.9,11965
150.01,11964
150.1,11963
150.22,11962
150.3,11961
150.31,11961
150.43,11960
150.53,11959
150.62,11958
150.73,11957
150.75,11957
150.83,11956
150.93,11955
151.05,11954
151.13,11953
151.21,11952
151.33,11951
151.42,11950
151.53,11949
151.65,11948
151.77,11947
151.86,11946
151.97,11945
152.07,11944
152.17,11943
152.28,11942
152.39,11941
152.48,11940
152.59,11939
152.69,11938
152.82,11937
152.91,11936
153.02,11935
153.12,11934
153.22,11933
153.23,11933
153.34,11932
153.46,11931
153.58,11930
153.67,11929
153.68,11929
153.8,11928
153.92,11927
154.06,11926
154.17,11925
154.28,11924
154.39,11923
154.49,11922
154.6,11921
154.71,11920
154.8,11919
154.9,11918
155.02,11917
155.14,11916
155.25,11915
155.34,11914
155.44,11913
155.55,11912
155.63,11911
155.72,11910
155.82,11909
155.83,11909
155.94,11908
156.03,11907
156.14,11906
156.27,11905
156.38,11904
156.49,11903
156.61,11902
156.74,11901
156.76,11901
156.86,11900
156.87,11900
156.96,11899
157.07,11898
157.18,11897
157.28,11896
157.29,11896
157.39,11895
157.5,11894
157.6,11893
157.7,11892
157.8,11891
157.91,11890
158.01,11889
158.15,11888
158.29,11887
158.41,11886
158.58,11885
158.74,11884
158.86,11883
159.0,11882
159.12,11881
159.26,11880
159.38,11879
159.5,11878
159.51,11878
159.65,11877
159.77,11876
159.89,11875
160.01,11874
160.15,11873
160.26,11872
160.39,11871
160.55,11870
160.67,11869
160.82,11868
160.92,11867
161.07,11866
161.19,11865
161.22,11865
161.34,11864
161.37,11864
161.49,11863
161.63,11862
161.74,11861
161.88,11860
162.0,11859
162.13,11858
162.24,11857
162.37,11856
162.49,11855
162.52,11855
162.63,11854
162.76,11853
162.88,11852
163.01,11851
163.13,11850
163.26,11849
163.37,11848
163.5,11847
163.64,11846
163.8,11845
163.93,11844
164.05,11843
164.17,11842
164.19,11842
164.3,11841
164.47,11840
164.62,11839
164.63,11839
164.68,11839
164.8,11838
164.93,11837
165.05,11836
165.09,11836
165.21,11835
165.36,11834
165.48,11833
165.64,11832
165.82,11831
165.95,11830
166.13,11829
166.35,11828
166.36,11828
166.51,11827
166.68,11826
166.92,11825
167.13,11824
167.28,11823
167.42,11822
167.56,11821
167.74,11820
167.87,11819
167.91,11819
167.92,11819
167.96,11819
168.11,11818
168.23,11817
168.41,11816
168.58,11815
168.76,11814
168.97,11813
169.16,11812
169.34,11811
169.4,11811
169.55,11810
169.73,11809
169.78,11809
169.92,11808
170.06,11807
170.26,11806
170.43,11805
170.58,11804
170.76,11803
170.94,11802
171.08,11801
171.11,11801
171.2,11800
171.35,11799
171.49,11798
171.63,11797
171.8,11796
171.95,11795
172.12,11794
172.24,11793
172.41,11792
172.52,11791
172.66,11790
172.82,11789
172.95,11788
173.07,11787
173.22,11786
173.38,11785
173.53,11784
173.56,11784
173.69,11783
173.83,11782
173.95,11781
174.1,11780
174.21,11779
174.34,11778
174.35,11778
174.49,11777
174.61,11776
174.73,11775
174.85,11774
174.98,11773
175.0,11773
175.13,11772
175.24,11771
175.27,11771
175.39,11770
175.52,11769
175.64,11768
175.76,11767
175.88,11766
175.91,11766
176.03,11765
176.16,11764
176.27,11763
176.38,11762
176.52,11761
176.63,11760
176.76,11759
176.87,11758
176.92,11758
177.05,11757
177.17,11756
177.3,11755
177.42,11754
177.55,11753
177.67,11752
177.79,11751
177.91,11750
177.94,11750
178.06,11749
178.18,11748
178.19,11748
178.32,11747
178.33,11747
178.46,11746
178.58,11745
178.71,11744
178.72,11744
178.84,11743
178.98,11742
179.01,11742
179.12,11741
179.24,11740
179.4,11739
179.57,11738
179.7,11737
179.84,11736
179.86,11736
180.02,11735
180.17,11734
180.19,11734
180.33,11733
180.45,11732
180.59,11731
180.7,11730
180.83,11729
180.85,11729
180.99,11728
181.12,11727
181.16,11727
181.28,11726
181.45,11725
181.61,11724
181.63,11724
181.75,11723
181.87,11722
181.98,11721
182.11,11720
182.22,11719
182.35,11718
182.47,11717
182.49,11717
182.6,11716
182.72,11715
182.85,11714
182.97,11713
183.09,11712
183.21,11711
183.34,11710
183.45,11709
183.59,11708
183.7,11707
183.86,11706
183.98,11705
184.01,11705
184.12,11704
184.26,11703
184.27,11703
184.41,11702
184.56,11701
184.64,11701
184.81,11700
184.98,11699
185.11,11698
185.27,11697
185.41,11696
185.57,11695
185.71,11694
185.87,11693
186.0,11692
186.15,11691
186.3,11690
186.33,11690
186.47,11689
186.62,11688
186.76,11687
186.93,11686
187.12,11685
187.28,11684
187.47,11683
187.49,11683
187.69,11682
187.89,11681
188.03,11680
188.21,11679
188.34,11678
188.51,11677
188.64,11676
188.69,11676
188.81,11675
188.96,11674
189.14,11673
189.32,11672
189.33,11672
189.48,11671
189.63,11670
189.64,11670
189.81,11669
190.04,11668
190.2,11667
190.39,11666
190.51,11665
190.69,11664
191.0,11663
191.17,11662
191.37,11661
191.39,11661
191.58,11660
191.73,11659
191.89,11658
192.01,11657
192.18,11656
192.32,11655
192.49,11654
192.61,11653
192.77,11652
192.9,11651
193.05,11650
193.2,11649
193.36,11648
193.49,11647
193.65,11646
193.78,11645
193.95,11644
194.11,11643
194.23,11642
194.37,11641
194.53,11640
194.69,11639
194.82,11638
194.87,11638
195.02,11637
195.19,11636
195.33,11635
195.48,11634
195.62,11633
195.79,11632
195.95,11631
196.1,11630
196.25,11629
196.41,11628
196.53,11627
196.57,11627
196.73,11626
196.97,11625
197.22,11624
197.43,11623
197.63,11622
197.84,11621
198.12,11620
198.3,11619
198.47,11618
198.48,11618
198.66,11617
198.81,11616
198.97,11615
199.09,11614
199.24,11613
199.26,11613
199.43,11612
199.61,11611
199.74,11610
199.91,11609
199.92,11609
200.05,11608
200.21,11607
200.34,11606
200.54,11605
200.72,11604
200.86,11603
201.03,11602
201.16,11601
201.39,11600
201.61,11599
201.62,11599
201.85,11598
201.99,11597
202.17,11596
202.33,11595
202.48,11594
202.62,11593
202.76,11592
202.94,11591
203.07,11590
203.2,11589
203.37,11588
203.5,11587
203.65,11586
203.78,11585
203.94,11584
204.07,11583
204.22,11582
204.23,11582
204.38,11581
204.54,11580
204.67,11579
204.82,11578
204.95,11577
205.11,11576
205.24,11575
205.41,11574
205.53,11573
205.7,11572
205.83,11571
205.98,11570
206.04,11570
206.21,11569
206.36,11568
206.54,11567
206.69,11566
206.85,11565
206.98,11564
207.13,11563
207.26,11562
207.43,11561
207.57,11560
207.72,11559
207.85,11558
208.02,11557
208.16,11556
208.33,11555
208.49,11554
208.64,11553
208.79,11552
208.93,11551
209.07,11550
209.08,11550
209.2,11549
209.38,11548
209.51,11547
209.54,11547
209.68,11546
209.84,11545
209.98,11544
210.13,11543
210.27,11542
210.43,11541
210.57,11540
210.59,11540
210.73,11539
210.89,11538
210.91,11538
211.11,11537
211.24,11536
211.42,11535
211.55,11534
211.7,11533
211.85,11532
212.0,11531
212.14,11530
212.31,11529
212.51,11528
212.68,11527
212.86,11526
212.99,11525
213.15,11524
213.29,11523
213.45,11522
213.59,11521
213.74,11520
213.88,11519
214.04,11518
214.18,11517
214.34,11516
214.48,11515
214.63,11514
214.77,11513
214.92,11512
215.05,11511
215.06,11511
215.22,11510
215.4,11509
215.52,11508
215.69,11507
215.82,11506
215.88,11506
216.0,11505
216.16,11504
216.31,11503
216.47,11502
216.6,11501
216.75,11500
216.76,11500
216.8,11500
216.82,11500
216.98,11499
217.13,11498
217.34,11497
217.51,11496
217.69,11495
217.89,11494
218.04,11493
218.2,11492
218.36,11491
218.53,11490
218.66,11489
218.83,11488
218.97,11487
219.12,11486
219.27,11485
219.48,11484
219.68,11483
219.85,11482
220.06,11481
220.27,11480
220.44,11479
220.61,11478
220.81,11477
220.97,11476
221.19,11475
221.4,11474
221.56,11473
221.8,11472
222.02,11471
222.21,11470
222.45,11469
222.68,11468
222.84,11467
223.01,11466
223.2,11465
223.35,11464
223.54,11463
223.68,11462
223.85,11461
223.93,11461
224.19,11460
224.39,11459
224.52,11458
224.69,11457
224.84,11456
225.06,11455
225.23,11454
225.4,11453
225.63,11452
225.83,11451
225.84,11451
226.01,11450
226.14,11449
226.34,11448
226.48,11447
226.65,11446
226.8,11445
226.81,11445
226.93,11444
227.1,11443
227.26,11442
227.42,11441
227.58,11440
227.73,11439
227.88,11438
228.02,11437
228.18,11436
228.32,11435
228.36,11435
228.49,11434
228.66,11433
228.67,11433
228.83,11432
228.96,11431
229.11,11430
229.25,11429
229.43,11428
229.58,11427
229.71,11426
229.87,11425
230.0,11424
230.17,11423
230.29,11422
230.47,11421
230.6,11420
230.76,11419
230.78,11419
230.93,11418
230.99,11418
231.12,11417
231.3,11416
231.51,11415
231.64,11414
231.83,11413
231.97,11412
232.01,11412
232.16,11411
232.21,11411
232.36,11410
232.51,11409
232.65,11408
232.81,11407
233.01,11406
233.16,11405
233.35,11404
233.5,11403
233.54,11403
233.68,11402
233.84,11401
233.98,11400
234.14,11399
234.27,11398
234.43,11397
234.44,11397
234.6,11396
234.73,11395
234.89,11394
235.01,11393
235.17,11392
235.19,11392
235.37,11391
235.49,11390
235.65,11389
235.78,11388
235.93,11387
236.07,11386
236.22,11385
236.37,11384
236.53,11383
236.67,11382
236.81,11381
236.95,11380
236.98,11380
237.11,11379
237.3,11378
237.44,11377
237.45,11377
237.61,11376
237.74,11375
237.89,11374
238.01,11373
238.18,11372
238.33,11371
238.5,11370
238.67,11369
238.79,11368
238.8,11368
238.97,11367
239.1,11366
239.26,11365
239.41,11364
239.55,11363
239.68,11362
239.84,11361
239.97,11360
240.13,11359
240.27,11358
240.42,11357
240.55,11356
240.71,11355
240.83,11354
240.99,11353
241.12,11352
241.28,11351
241.42,11350
241.47,11350
241.58,11349
241.73,11348
241.74,11348
241.88,11347
242.06,11346
242.2,11345
242.37,11344
242.53,11343
242.72,11342
242.91,11341
243.04,11340
243.21,11339
243.35,11338
243.38,11338
243.52,11337
243.69,11336
243.85,11335
244.03,11334
244.18,11333
244.23,11333
244.4,11332
244.55,11331
244.56,11331
244.74,11330
244.85,11329
245.03,11328
245.15,11327
245.33,11326
245.44,11325
245.62,11324
245.73,11323
245.9,11322
246.03,11321
246.19,11320
246.35,11319
246.56,11318
246.62,11318
246.78,11317
247.0,11316
247.17,11315
247.38,11314
247.53,11313
247.71,11312
247.87,11311
248.0,11310
248.07,11310
248.26,11309
248.41,11308
248.59,11307
248.74,11306
248.92,11305
249.08,11304
249.25,11303
249.42,11302
249.6,11301
249.74,11300
249.92,11299
249.98,11299
250.12,11298
250.32,11297
250.33,11297
250.48,11296
250.67,11295
250.68,11295
250.87,11294
250.89,11294
251.04,11293
251.22,11292
251.38,11291
251.56,11290
251.62,11290
251.77,11289
251.95,11288
252.1,11287
252.3,11286
252.46,11285
252.64,11284
252.78,11283
252.83,11283
252.98,11282
253.19,11281
253.35,11280
253.39,11280
253.58,11279
253.59,11279
253.84,11278
254.07,11277
254.25,11276
254.5,11275
254.8,11274
255.02,11273
255.08,11273
255.35,11272
255.56,11271
255.83,11270
256.09,11269
256.32,11268
256.39,11268
256.59,11267
256.74,11266
256.99,11265
257.18,11264
257.27,11264
257.48,11263
257.68,11262
257.87,11261
258.07,11260
258.28,11259
258.47,11258
258.64,11257
258.65,11257
258.87,11256
259.09,11255
259.26,11254
259.47,11253
259.64,11252
259.84,11251
259.92,11251
259.97,11251
259.99,11251
260.18,11250
260.36,11249
260.67,11248
260.76,11248
260.96,11247
261.19,11246
261.36,11245
261.56,11244
261.71,11243
261.76,11243
261.9,11242
262.09,11241
262.16,11241
262.32,11240
262.51,11239
262.7,11238
262.71,11238
262.86,11237
263.04,11236
263.22,11235
263.39,11234
263.46,11234
263.61,11233
263.79,11232
263.93,11231
264.11,11230
264.26,11229
264.45,11228
264.6,11227
264.77,11226
264.92,11225
264.98,11225
265.13,11224
265.31,11223
265.47,11222
265.64,11221
265.66,11221
265.84,11220
265.99,11219
266.03,11219
266.17,11218
266.23,11218
266.32,11218
266.46,11217
266.52,11217
266.66,11216
266.84,11215
266.86,11215
267.04,11214
267.18,11213
267.37,11212
267.52,11211
267.7,11210
267.85,11209
268.03,11208
268.04,11208
268.24,11207
268.26,11207
268.46,11206
268.47,11206
268.65,11205
268.8,11204
268.98,11203
269.12,11202
269.31,11201
269.46,11200
269.64,11199
269.79,11198
269.98,11197
270.13,11196
270.37,11195
270.53,11194
270.72,11193
270.87,11192
271.06,11191
271.07,11191
271.26,11190
271.46,11189
271.61,11188
271.79,11187
271.97,11186
272.03,11186
272.19,11185
272.41,11184
272.57,11183
272.76,11182
272.91,11181
273.09,11180
273.23,11179
273.43,11178
273.61,11177
273.76,11176
273.94,11175
274.08,11174
274.23,11173
274.42,11172
274.56,11171
274.75,11170
274.94,11169
275.09,11168
275.28,11167
275.43,11166
275.62,11165
275.77,11164
275.95,11163
276.1,11162
276.3,11161
276.45,11160
276.63,11159
276.78,11158
276.96,11157
277.18,11156
277.35,11155
277.4,11155
277.56,11154
277.76,11153
277.91,11152
278.08,11151
278.23,11150
278.43,11149
278.58,11148
278.76,11147
278.91,11146
279.09,11145
279.23,11144
279.41,11143
279.56,11142
279.74,11141
279.89,11140
280.07,11139
280.22,11138
280.41,11137
280.55,11136
280.74,11135
280.88,11134
281.07,11133
281.22,11132
281.29,11132
281.49,11131
281.63,11130
281.81,11129
281.96,11128
282.14,11127
282.29,11126
282.42,11126
282.58,11125
282.83,11124
283.09,11123
283.28,11122
283.52,11121
283.74,11120
283.91,11119
284.14,11118
284.31,11117
284.53,11116
284.72,11115
284.91,11114
285.11,11113
285.42,11112
285.67,11111
285.86,11110
286.09,11109
286.27,11108
286.36,11108
286.58,11107
286.78,11106
287.03,11105
287.23,11104
287.24,11104
287.5,11103
287.71,11102
287.88,11101
288.09,11100
288.26,11099
288.47,11098
288.48,11098
288.65,11097
288.85,11096
289.07,11095
289.24,11094
289.25,11094
289.33,11094
289.48,11093
289.71,11092
289.73,11092
289.94,11091
290.11,11090
290.35,11089
290.51,11088
290.72,11087
290.87,11086
291.08,11085
291.23,11084
291.45,11083
291.61,11082
291.81,11081
291.99,11080
292.21,11079
292.4,11078
292.61,11077
292.79,11076
293.0,11075
293.08,11075
293.28,11074
293.3,11074
293.45,11073
293.67,11072
293.84,11071
294.06,11070
294.23,11069
294.47,11068
294.53,11068
294.55,11068
294.76,11067
294.92,11066
295.13,11065
295.28,11064
295.52,11063
295.67,11062
295.88,11061
296.03,11060
296.09,11060
296.31,11059
296.48,11058
296.69,11057
296.84,11056
297.05,11055
297.21,11054
297.43,11053
297.59,11052
297.61,11052
297.82,11051
298.0,11050
298.07,11050
298.3,11049
298.47,11048
298.69,11047
298.7,11047
298.89,11046
299.05,11045
299.29,11044
299.46,11043
299.67,11042
299.83,11041
300.04,11040
300.22,11039
300.27,11039
300.3,11039
300.35,11039
300.53,11038
300.76,11037
300.78,11037
300.99,11036
301.15,11035
301.38,11034
301.53,11033
301.75,11032
301.81,11032
301.98,11031
302.18,11030
302.36,11029
302.58,11028
302.78,11027
302.95,11026
302.96,11026
303.16,11025
303.33,11024
303.54,11023
303.57,11023
303.82,11022
304.1,11021
304.19,11021
304.38,11020
304.61,11019
304.84,11018
305.0,11017
305.2,11016
305.37,11015
305.56,11014
305.74,11013
305.95,11012
306.1,11011
306.27,11010
306.32,11010
306.47,11009
306.68,11008
306.69,11008
306.76,11008
306.93,11007
307.12,11006
307.3,11005
307.51,11004
307.57,11004
307.74,11003
307.93,11002
307.94,11002
308.02,11002
308.18,11001
308.39,11000
308.54,10999
308.76,10998
308.92,10997
308.97,10997
309.12,10996
309.19,10996
309.35,10995
309.56,10994
309.71,10993
309.93,10992
310.09,10991
310.29,10990
310.46,10989
310.66,10988
310.81,10987
311.02,10986
311.18,10985
311.39,10984
311.56,10983
311.77,10982
311.92,10981
312.12,10980
312.28,10979
312.45,10978
312.51,10978
312.58,10978
312.73,10977
312.94,10976
313.09,10975
313.3,10974
313.48,10973
313.68,10972
313.69,10972
313.89,10971
314.06,10970
314.26,10969
314.43,10968
314.64,10967
314.79,10966
314.8,10966
315.0,10965
315.02,10965
315.23,10964
315.25,10964
315.46,10963
315.65,10962
315.82,10961
315.98,10960
316.19,10959
316.35,10958
316.54,10957
316.71,10956
316.93,10955
317.08,10954
317.27,10953
317.44,10952
317.65,10951
317.8,10950
318.01,10949
318.16,10948
318.36,10947
318.37,10947
318.54,10946
318.74,10945
318.9,10944
319.11,10943
319.26,10942
319.47,10941
319.63,10940
319.84,10939
319.86,10939
320.07,10938
320.24,10937
320.31,10937
320.36,10937
320.54,10936
320.72,10935
320.9,10934
321.1,10933
321.27,10932
321.34,10932
321.56,10931
321.72,10930
321.93,10929
322.09,10928
322.29,10927
322.46,10926
322.66,10925
322.82,10924
323.0,10923
323.19,10922
323.36,10921
323.57,10920
323.73,10919
323.93,10918
324.1,10917
324.31,10916
324.48,10915
324.68,10914
324.84,10913
325.05,10912
325.21,10911
325.41,10910
325.57,10909
325.77,10908
325.95,10907
326.02,10907
326.22,10906
326.38,10905
326.58,10904
326.75,10903
326.91,10902
327.11,10901
327.33,10900
327.35,10900
327.4,10900
327.58,10899
327.77,10898
327.94,10897
328.15,10896
328.31,10895
328.51,10894
328.59,10894
328.75,10893
328.95,10892
328.96,10892
329.16,10891
329.32,10890
329.49,10889
329.6,10889
329.77,10888
329.82,10888
329.98,10887
330.18,10886
330.35,10885
330.56,10884
330.71,10883
330.92,10882
331.08,10881
331.24,10880
331.45,10879
331.46,10879
331.65,10878
331.68,10878
331.87,10877
331.88,10877
332.05,10876
332.25,10875
332.41,10874
332.47,10874
332.63,10873
332.84,10872
332.99,10871
333.2,10870
333.36,10869
333.57,10868
333.59,10868
333.8,10867
333.85,10867
334.03,10866
334.21,10865
334.23,10865
334.4,10864
334.59,10863
334.76,10862
334.77,10862
334.81,10862
334.97,10861
335.17,10860
335.33,10859
335.53,10858
335.69,10857
335.75,10857
335.92,10856
336.11,10855
336.13,10855
336.33,10854
336.34,10854
336.56,10853
336.71,10852
336.77,10852
336.93,10851
336.95,10851
337.15,10850
337.31,10849
337.52,10848
337.69,10847
337.9,10846
338.08,10845
338.26,10844
338.44,10843
338.62,10842
338.8,10841
338.98,10840
339.17,10839
339.34,10838
339.52,10837
339.7,10836
339.91,10835
340.08,10834
340.24,10833
340.45,10832
340.59,10831
340.8,10830
340.98,10829
341.16,10828
341.34,10827
341.55,10826
341.7,10825
341.75,10825
341.92,10824
341.96,10824
342.13,10823
342.19,10823
342.35,10822
342.56,10821
342.73,10820
342.93,10819
343.09,10818
343.3,10817
343.45,10816
343.65,10815
343.81,10814
344.01,10813
344.18,10812
344.37,10811
344.54,10810
344.75,10809
344.91,10808
345.12,10807
345.28,10806
345.5,10805
345.65,10804
345.66,10804
345.87,10803
345.88,10803
346.09,10802
346.25,10801
346.45,10800
346.62,10799
346.83,10798
346.99,10797
347.19,10796
347.35,10795
347.54,10794
347.7,10793
347.9,10792
348.06,10791
348.26,10790
348.42,10789
348.63,10788
348.79,10787
348.95,10786
349.16,10785
349.31,10784
349.51,10783
349.53,10783
349.74,10782
349.91,10781
350.1,10780
350.27,10779
350.46,10778
350.63,10777
350.84,10776
350.99,10775
351.2,10774
351.27,10774
351.44,10773
351.65,10772
351.81,10771
351.99,10770
352.17,10769
352.38,10768
352.4,10768
352.61,10767
352.78,10766
352.79,10766
353.01,10765
353.24,10764
353.42,10763
353.64,10762
353.85,10761
354.06,10760
354.24,10759
354.44,10758
354.51,10758
354.68,10757
354.89,10756
355.04,10755
355.25,10754
355.42,10753
355.63,10752
355.8,10751
356.0,10750
356.17,10749
356.38,10748
356.55,10747
356.76,10746
356.93,10745
357.02,10745
357.18,10744
357.39,10743
357.47,10743
357.63,10742
357.84,10741
357.85,10741
358.02,10740
358.08,10740
358.29,10739
358.47,10738
358.62,10737
358.69,10737
358.84,10736
359.05,10735
359.22,10734
359.44,10733
359.62,10732
359.81,10731
359.98,10730
360.03,10730
360.2,10729
360.25,10729
360.4,10728
360.61,10727
360.78,10726
360.97,10725
361.14,10724
361.32,10723
361.49,10722
361.65,10721
361.86,10720
361.91,10720
362.08,10719
362.28,10718
362.45,10717
362.65,10716
362.81,10715
362.97,10714
363.18,10713
363.34,10712
363.39,10712
363.54,10711
363.75,10710
363.95,10709
364.14,10708
364.31,10707
364.52,10706
364.67,10705
364.88,10704
365.06,10703
365.27,10702
365.42,10701
365.63,10700
365.77,10699
365.83,10699
366.0,10698
366.21,10697
366.36,10696
366.57,10695
366.74,10694
366.8,10694
366.95,10693
367.0,10693
367.17,10692
367.37,10691
367.55,10690
367.76,10689
367.91,10688
368.13,10687
368.29,10686
368.49,10685
368.66,10684
368.87,10683
369.02,10682
369.21,10681
369.39,10680
369.59,10679
369.74,10678
369.95,10677
370.1,10676
370.31,10675
370.48,10674
370.54,10674
370.7,10673
370.76,10673
370.93,10672
371.13,10671
371.28,10670
371.5,10669
371.67,10668
371.88,10667
372.04,10666
372.25,10665
372.26,10665
372.47,10664
372.48,10664
372.69,10663
372.87,10662
373.06,10661
373.08,10661
373.14,10661
373.29,10660
373.5,10659
373.51,10659
373.67,10658
373.87,10657
374.02,10656
374.24,10655
374.45,10654
374.67,10653
374.9,10652
374.99,10652
375.18,10651
375.41,10650
375.43,10650
375.66,10649
375.67,10649
375.89,10648
375.96,10648
376.12,10647
376.18,10647
376.35,10646
376.56,10645
376.72,10644
376.93,10643
376.95,10643
377.0,10643
377.21,10642
377.38,10641
377.58,10640
377.6,10640
377.74,10640
377.89,10639
377.9,10639
378.1,10638
378.28,10637
378.49,10636
378.51,10636
378.73,10635
378.9,10634
379.09,10633
379.26,10632
379.45,10631
379.6,10630
379.81,10629
379.98,10628
380.16,10627
380.33,10626
380.55,10625
380.7,10624
380.91,10623
381.06,10622
381.07,10622
381.13,10622
381.29,10621
381.5,10620
381.67,10619
381.85,10618
381.86,10618
382.03,10617
382.24,10616
382.39,10615
382.45,10615
382.6,10614
382.82,10613
382.96,10612
383.2,10611
383.37,10610
383.53,10609
383.74,10608
383.89,10607
383.95,10607
384.01,10607
384.22,10606
384.24,10606
384.25,10606
384.46,10605
384.47,10605
384.65,10604
384.82,10603
385.0,10602
385.15,10601
385.36,10600
385.51,10599
385.72,10598
385.9,10597
386.05,10596
386.26,10595
386.43,10594
386.5,10594
386.71,10593
386.88,10592
386.93,10592
387.08,10591
387.29,10590
387.46,10589
387.65,10588
387.67,10588
387.83,10587
388.04,10586
388.24,10585
388.42,10584
388.63,10583
388.79,10582
388.99,10581
389.14,10580
389.35,10579
389.51,10578
389.72,10577
389.87,10576
389.94,10576
390.09,10575
390.1,10575
390.31,10574
390.47,10573
390.67,10572
390.84,10571
391.04,10570
391.2,10569
391.41,10568
391.57,10567
391.78,10566
391.79,10566
391.99,10565
392.14,10564
392.35,10563
392.53,10562
392.72,10561
392.89,10560
393.08,10559
393.26,10558
393.46,10557
393.64,10556
393.85,10555
394.02,10554
394.24,10553
394.4,10552
394.61,10551
394.78,10550
394.98,10549
395.14,10548
395.34,10547
395.42,10547
395.59,10546
395.79,10545
395.96,10544
396.16,10543
396.33,10542
396.53,10541
396.54,10541
396.75,10540
396.91,10539
397.1,10538
397.28,10537
397.46,10536
397.63,10535
397.82,10534
398.0,10533
398.21,10532
398.36,10531
398.57,10530
398.74,10529
398.95,10528
399.12,10527
399.27,10526
399.48,10525
399.63,10524
399.84,10523
400.02,10522
400.23,10521
400.42,10520
400.59,10519
400.79,10518
400.8,10518
400.81,10518
400.87,10518
400.88,10518
401.03,10517
401.09,10517
401.11,10517
401.31,10516
401.46,10515
401.57,10515
401.73,10514
401.88,10513
401.93,10513
402.09,10512
402.3,10511
402.46,10510
402.67,10509
402.83,10508
403.03,10507
403.21,10506
403.41,10505
403.43,10505
403.48,10505
403.64,10504
403.69,10504
403.86,10503
404.07,10502
404.23,10501
404.36,10501
404.51,10500
404.52,10500
404.7,10499
404.85,10498
405.06,10497
405.22,10496
405.42,10495
405.44,10495
405.51,10495
405.72,10494
405.89,10493
406.08,10492
406.26,10491
406.46,10490
406.62,10489
406.83,10488
406.9,10488
406.95,10488
407.12,10487
407.31,10486
407.32,10486
407.49,10485
407.69,10484
407.76,10484
407.91,10483
408.11,10482
408.27,10481
408.48,10480
408.49,10480
408.51,10480
408.71,10479
408.87,10478
409.08,10477
409.1,10477
409.3,10476
409.46,10475
409.67,10474
409.82,10473
410.02,10472
410.18,10471
410.25,10471
410.46,10470
410.62,10469
410.85,10468
411.02,10467
411.23,10466
411.39,10465
411.6,10464
411.62,10464
411.63,10464
411.69,10464
411.85,10463
412.02,10462
412.18,10461
412.38,10460
412.53,10459
412.74,10458
412.89,10457
413.11,10456
413.27,10455
413.47,10454
413.64,10453
413.83,10452
413.84,10452
414.04,10451
414.2,10450
414.28,10450
414.46,10449
414.52,10449
414.68,10448
414.89,10447
414.97,10447
415.13,10446
415.18,10446
415.38,10445
415.54,10444
415.74,10443
415.9,10442
416.12,10441
416.28,10440
416.52,10439
416.71,10438
416.91,10437
417.08,10436
417.27,10435
417.28,10435
417.35,10435
417.5,10434
417.51,10434
417.71,10433
417.89,10432
418.07,10431
418.25,10430
418.29,10430
418.47,10429
418.66,10428
418.83,10427
418.9,10427
419.11,10426
419.12,10426
419.27,10425
419.48,10424
419.63,10423
419.84,10422
420.02,10421
420.23,10420
420.37,10419
420.58,10418
420.75,10417
420.94,10416
421.12,10415
421.32,10414
421.33,10414
421.49,10413
421.53,10413
421.7,10412
421.71,10412
421.91,10411
422.07,10410
422.27,10409
422.43,10408
422.64,10407
422.79,10406
423.0,10405
423.16,10404
423.36,10403
423.53,10402
423.73,10401
423.93,10400
424.13,10399
424.29,10398
424.5,10397
424.65,10396
424.86,10395
425.02,10394
425.22,10393
425.39,10392
425.45,10392
425.61,10391
425.81,10390
425.97,10389
426.02,10389
426.19,10388
426.39,10387
426.56,10386
426.77,10385
426.92,10384
427.13,10383
427.28,10382
427.5,10381
427.66,10380
427.86,10379
428.04,10378
428.25,10377
428.41,10376
428.61,10375
428.63,10375
428.83,10374
429.0,10373
429.06,10373
429.26,10372
429.42,10371
429.43,10371
429.64,10370
429.79,10369
430.0,10368
430.16,10367
430.37,10366
430.39,10366
430.6,10365
430.76,10364
430.96,10363
431.12,10362
431.33,10361
431.4,10361
431.57,10360
431.78,10359
431.93,10358
431.98,10358
432.15,10357
432.34,10356
432.51,10355
432.53,10355
432.73,10354
432.79,10354
432.95,10353
433.15,10352
433.18,10352
433.25,10352
433.37,10352
433.53,10351
433.7,10350
433.88,10349
434.05,10348
434.25,10347
434.42,10346
434.62,10345
434.63,10345
434.83,10344
434.99,10343
435.2,10342
435.36,10341
435.56,10340
435.73,10339
435.93,10338
436.1,10337
436.26,10336
436.47,10335
436.52,10335
436.7,10334
436.9,10333
437.06,10332
437.13,10332
437.3,10331
437.49,10330
437.56,10330
437.73,10329
437.79,10329
437.88,10329
438.07,10328
438.24,10327
438.39,10326
438.6,10325
438.81,10324
438.89,10324
439.04,10323
439.21,10322
439.41,10321
439.57,10320
439.78,10319
439.99,10318
440.14,10317
440.35,10316
440.5,10315
440.67,10314
440.86,10313
441.03,10312
441.23,10311
441.44,10310
441.6,10309
441.77,10308
441.98,10307
442.14,10306
442.35,10305
442.51,10304
442.72,10303
442.88,10302
443.08,10301
443.29,10300
443.46,10299
443.52,10299
443.67,10298
443.88,10297
443.89,10297
444.06,10296
444.26,10295
444.43,10294
444.64,10293
444.72,10293
444.88,10292
445.08,10291
445.25,10290
445.45,10289
445.61,10288
445.81,10287
445.97,10286
446.18,10285
446.35,10284
446.56,10283
446.72,10282
446.92,10281
447.09,10280
447.29,10279
447.37,10279
447.57,10278
447.59,10278
447.8,10277
447.97,10276
448.18,10275
448.33,10274
448.34,10274
448.54,10273
448.7,10272
448.91,10271
448.93,10271
449.14,10270
449.29,10269
449.35,10269
449.37,10269
449.58,10268
449.59,10268
449.79,10267
449.96,10266
450.02,10266
450.04,10266
450.11,10266
450.32,10265
450.33,10265
450.54,10264
450.75,10263
450.91,10262
451.12,10261
451.27,10260
451.51,10259
451.72,10258
451.98,10257
452.14,10256
452.4,10255
452.57,10254
452.77,10253
452.93,10252
453.14,10251
453.3,10250
453.5,10249
453.67,10248
453.89,10247
454.08,10246
454.25,10245
454.26,10245
454.47,10244
454.65,10243
454.72,10243
454.92,10242
455.08,10241
455.28,10240
455.43,10239
455.52,10239
455.57,10239
455.75,10238
455.93,10237
456.11,10236
456.32,10235
456.48,10234
456.68,10233
456.84,10232
457.05,10231
457.22,10230
457.28,10230
457.46,10229
457.54,10229
457.69,10228
457.87,10227
458.08,10226
458.23,10225
458.4,10224
458.46,10224
458.66,10223
458.82,10222
458.83,10222
459.03,10221
459.19,10220
459.4,10219
459.55,10218
459.75,10217
459.9,10216
460.11,10215
460.29,10214
460.5,10213
460.64,10212
460.86,10211
461.03,10210
461.24,10209
461.4,10208
461.61,10207
461.77,10206
461.99,10205
462.07,10205
462.25,10204
462.3,10204
462.46,10203
462.68,10202
462.85,10201
463.06,10200
463.08,10200
463.14,10200
463.21,10200
463.29,10200
463.47,10199
463.68,10198
463.84,10197
464.06,10196
464.22,10195
464.45,10194
464.61,10193
464.83,10192
464.99,10191
465.22,10190
465.38,10189
465.4,10189
465.61,10188
465.79,10187
465.99,10186
466.15,10185
466.37,10184
466.56,10183
466.78,10182
466.97,10181
467.17,10180
467.35,10179
467.57,10178
467.74,10177
467.96,10176
468.15,10175
468.35,10174
468.53,10173
468.75,10172
468.91,10171
469.14,10170
469.39,10169
469.4,10169
469.55,10168
469.64,10168
469.83,10167
469.99,10166
470.21,10165
470.37,10164
470.38,10164
470.59,10163
470.77,10162
470.97,10161
471.14,10160
471.36,10159
471.57,10158
471.59,10158
471.8,10157
471.98,10156
472.19,10155
472.22,10155
472.4,10154
472.58,10153
472.78,10152
472.86,10152
473.0,10151
473.21,10150
473.43,10149
473.58,10148
473.79,10147
473.94,10146
474.15,10145
474.32,10144
474.52,10143
474.7,10142
474.91,10141
475.07,10140
475.28,10139
475.46,10138
475.66,10137
475.82,10136
475.88,10136
475.89,10136
476.11,10135
476.28,10134
476.48,10133
476.66,10132
476.85,10131
477.03,10130
477.18,10129
477.38,10128
477.56,10127
477.74,10126
477.91,10125
477.98,10125
478.19,10124
478.35,10123
478.4,10123
478.41,10123
478.61,10122
478.76,10121
478.97,10120
478.98,10120
479.04,10120
479.21,10119
479.41,10118
479.44,10118
479.63,10117
479.84,10116
480.0,10115
480.21,10114
480.37,10113
480.38,10113
480.58,10112
480.74,10111
480.94,10110
481.11,10109
481.17,10109
481.33,10108
481.39,10108
481.54,10107
481.75,10106
481.9,10105
481.95,10105
482.12,10104
482.33,10103
482.49,10102
482.7,10101
482.87,10100
483.06,10099
483.23,10098
483.44,10097
483.59,10096
483.68,10096
483.9,10095
484.06,10094
484.26,10093
484.41,10092
484.47,10092
484.55,10092
484.71,10091
484.92,10090
485.09,10089
485.28,10088
485.45,10087
485.66,10086
485.82,10085
486.02,10084
486.19,10083
486.26,10083
486.41,10082
486.61,10081
486.77,10080
486.83,10080
486.98,10079
487.04,10079
487.21,10078
487.41,10077
487.57,10076
487.78,10075
487.85,10075
487.86,10075
488.08,10074
488.24,10073
488.46,10072
488.64,10071
488.73,10071
488.87,10070
489.08,10069
489.09,10069
489.29,10068
489.44,10067
489.61,10066
489.66,10066
489.81,10065
490.02,10064
490.18,10063
490.25,10063
490.4,10062
490.45,10062
490.62,10061
490.83,10060
490.85,10060
491.03,10059
491.2,10058
491.41,10057
491.57,10056
491.78,10055
491.93,10054
492.14,10053
492.31,10052
492.51,10051
492.52,10051
492.73,10050
492.9,10049
493.1,10048
493.26,10047
493.32,10047
493.49,10046
493.7,10045
493.85,10044
493.89,10044
494.06,10043
494.22,10042
494.43,10041
494.6,10040
494.79,10039
494.96,10038
495.17,10037
495.32,10036
495.53,10035
495.59,10035
495.76,10034
495.95,10033
496.13,10032
496.34,10031
496.51,10030
496.7,10029
496.87,10028
497.08,10027
497.24,10026
497.45,10025
497.62,10024
497.82,10023
497.98,10022
498.19,10021
498.26,10021
498.43,10020
498.63,10019
498.71,10019
498.9,10018
499.07,10017
499.08,10017
499.28,10016
499.45,10015
499.63,10014
499.8,10013
500.01,10012
500.17,10011
500.37,10010
500.53,10009
500.74,10008
500.9,10007
501.09,10006
501.28,10005
501.34,10005
501.49,10004
501.55,10004
501.75,10003
501.92,10002
502.13,10001
502.3,10000
502.37,10000
502.58,9999
502.74,9998
502.94,9997
503.1,9996
503.3,9995
503.48,9994
503.67,9993
503.84,9992
504.05,9991
504.22,9990
504.41,9989
504.43,9989
504.49,9989
504.66,9988
504.87,9987
505.02,9986
505.23,9985
505.39,9984
505.59,9983
505.76,9982
505.83,9982
506.04,9981
506.06,9981
506.27,9980
506.43,9979
506.49,9979
506.65,9978
506.7,9978
506.87,9977
506.88,9977
507.09,9976
507.11,9976
507.32,9975
507.33,9975
507.53,9974
507.69,9973
507.9,9972
508.07,9971
508.14,9971
508.35,9970
508.42,9970
508.44,9970
508.49,9970
508.66,9969
508.87,9968
509.03,9967
509.21,9966
509.38,9965
509.59,9964
509.76,9963
509.99,9962
510.16,9961
510.38,9960
510.6,9959
510.62,9959
510.9,9958
511.18,9957
511.35,9956
511.43,9956
511.65,9955
511.83,9954
511.84,9954
512.05,9953
512.11,9953
512.27,9952
512.48,9951
512.65,9950
512.86,9949
513.01,9948
513.22,9947
513.37,9946
513.59,9945
513.76,9944
513.95,9943
513.96,9943
514.18,9942
514.34,9941
514.55,9940
514.71,9939
514.9,9938
515.07,9937
515.28,9936
515.44,9935
515.49,9935
515.7,9934
515.86,9933
516.08,9932
516.24,9931
516.32,9931
516.5,9930
516.73,9929
516.91,9928
516.96,9928
517.13,9927
517.19,9927
517.41,9926
517.56,9925
517.57,9925
517.77,9924
517.93,9923
518.13,9922
518.31,9921
518.52,9920
518.67,9919
518.88,9918
519.03,9917
519.09,9917
519.24,9916
519.33,9916
519.48,9915
519.69,9914
519.84,9913
520.05,9912
520.21,9911
520.27,9911
520.42,9910
520.63,9909
520.8,9908
520.99,9907
521.13,9906
521.19,9906
521.24,9906
521.25,9906
521.43,9905
521.63,9904
521.69,9904
521.71,9904
521.78,9904
521.99,9903
522.14,9902
522.35,9901
522.37,9901
522.57,9900
522.72,9899
522.9,9898
523.08,9897
523.29,9896
523.44,9895
523.65,9894
523.82,9893
523.83,9893
524.02,9892
524.19,9891
524.23,9891
524.41,9890
524.61,9889
524.62,9889
524.83,9888
524.99,9887
525.19,9886
525.36,9885
525.43,9885
525.59,9884
525.79,9883
525.95,9882
526.15,9881
526.32,9880
526.38,9880
526.59,9879
526.75,9878
526.76,9878
526.96,9877
527.12,9876
527.32,9875
527.49,9874
527.7,9873
527.77,9873
527.93,9872
527.99,9872
528.15,9871
528.35,9870
528.51,9869
528.72,9868
528.88,9867
529.09,9866
529.26,9865
529.45,9864
529.46,9864
529.51,9864
529.52,9864
529.62,9864
529.69,9864
529.9,9863
530.05,9862
530.26,9861
530.41,9860
530.62,9859
530.79,9858
530.99,9857
531.16,9856
531.37,9855
531.55,9854
531.76,9853
531.91,9852
532.12,9851
532.13,9851
532.19,9851
532.2,9851
532.41,9850
532.59,9849
532.79,9848
532.96,9847
533.17,9846
533.33,9845
533.53,9844
533.7,9843
533.74,9843
533.92,9842
534.12,9841
534.14,9841
534.36,9840
534.52,9839
534.73,9838
534.91,9837
535.12,9836
535.32,9835
535.49,9834
535.54,9834
535.72,9833
535.91,9832
536.05,9831
536.26,9830
536.41,9829
536.62,9828
536.8,9827
537.04,9826
537.26,9825
537.27,9825
537.51,9824
537.7,9823
537.92,9822
538.1,9821
538.14,9821
538.32,9820
538.53,9819
538.6,9819
538.75,9818
538.84,9818
539.03,9817
539.2,9816
539.4,9815
539.42,9815
539.48,9815
539.63,9814
539.7,9814
539.85,9813
540.06,9812
540.22,9811
540.3,9811
540.49,9810
540.66,9809
540.71,9809
540.88,9808
541.08,9807
541.25,9806
541.43,9805
541.59,9804
541.61,9804
541.72,9804
541.89,9803
542.09,9802
542.27,9801
542.46,9800
542.64,9799
542.7,9799
542.88,9798
543.03,9797
543.04,9797
543.25,9796
543.43,9795
543.65,9794
543.86,9793
544.04,9792
544.1,9792
544.24,9791
544.45,9790
544.62,9789
544.75,9789
544.92,9788
545.12,9787
545.28,9786
545.48,9785
545.5,9785
545.71,9784
545.86,9783
545.87,9783
545.92,9783
546.09,9782
546.3,9781
546.31,9781
546.32,9781
546.5,9780
546.52,9780
546.73,9779
546.91,9778
547.09,9777
547.27,9776
547.48,9775
547.69,9774
547.84,9773
548.05,9772
548.06,9772
548.21,9771
548.42,9770
548.57,9769
548.78,9768
548.95,9767
549.16,9766
549.31,9765
549.38,9765
549.59,9764
549.75,9763
549.95,9762
550.11,9761
550.32,9760
550.33,9760
550.54,9759
550.69,9758
550.9,9757
551.05,9756
551.26,9755
551.27,9755
551.49,9754
551.63,9753
551.7,9753
551.91,9752
551.92,9752
552.1,9751
552.28,9750
552.45,9749
552.66,9748
552.82,9747
553.02,9746
553.18,9745
553.38,9744
553.56,9743
553.77,9742
553.92,9741
554.13,9740
554.15,9740
554.2,9740
554.37,9739
554.6,9738
554.82,9737
554.98,9736
555.05,9736
555.07,9736
555.27,9735
555.43,9734
555.62,9733
555.79,9732
555.85,9732
555.92,9732
556.08,9731
556.29,9730
556.44,9729
556.65,9728
556.82,9727
556.83,9727
557.05,9726
557.21,9725
557.42,9724
557.59,9723
557.8,9722
557.81,9722
558.03,9721
558.18,9720
558.4,9719
558.47,9719
558.64,9718
558.7,9718
558.91,9717
559.07,9716
559.27,9715
559.44,9714
559.64,9713
559.8,9712
560.01,9711
560.16,9710
560.38,9709
560.45,9709
560.62,9708
560.82,9707
560.89,9707
561.04,9706
561.12,9706
561.13,9706
561.2,9706
561.41,9705
561.42,9705
561.49,9705
561.67,9704
561.86,9703
562.03,9702
562.24,9701
562.43,9700
562.6,9699
562.81,9698
562.97,9697
563.02,9697
563.19,9696
563.4,9695
563.56,9694
563.77,9693
563.94,9692
564.15,9691
564.3,9690
564.51,9689
564.67,9688
564.87,9687
565.04,9686
565.24,9685
565.4,9684
565.46,9684
565.54,9684
565.69,9683
565.77,9683
565.97,9682
566.13,9681
566.34,9680
566.51,9679
566.7,9678
566.87,9677
566.93,9677
567.01,9677
567.17,9676
567.37,9675
567.38,9675
567.54,9674
567.74,9673
567.9,9672
567.98,9672
568.14,9671
568.35,9670
568.5,9669
568.71,9668
568.86,9667
569.07,9666
569.14,9666
569.31,9665
569.49,9664
569.65,9663
569.85,9662
570.07,9661
570.21,9660
570.4,9659
570.58,9658
570.78,9657
570.94,9656
571.0,9656
571.08,9656
571.23,9655
571.45,9654
571.59,9653
571.8,9652
571.82,9652
572.03,9651
572.18,9650
572.26,9650
572.27,9650
572.48,9649
572.54,9649
572.69,9648
572.77,9648
572.94,9647
573.16,9646
573.32,9645
573.38,9645
573.54,9644
573.74,9643
573.92,9642
573.96,9642
574.12,9641
574.13,9641
574.33,9640
574.5,9639
574.69,9638
574.7,9638
574.9,9637
575.05,9636
575.26,9635
575.41,9634
575.62,9633
575.79,9632
576.0,9631
576.16,9630
576.21,9630
576.29,9630
576.31,9630
576.46,9629
576.51,9629
576.72,9628
576.87,9627
576.93,9627
577.1,9626
577.3,9625
577.46,9624
577.66,9623
577.68,9623
577.89,9622
577.95,9622
577.97,9622
578.18,9621
578.34,9620
578.35,9620
578.41,9620
578.62,9619
578.64,9619
578.84,9618
578.92,9618
579.08,9617
579.13,9617
579.14,9617
579.3,9616
579.43,9616
579.59,9615
579.79,9614
579.96,9613
580.02,9613
580.09,9613
580.25,9612
580.47,9611
580.61,9611
580.77,9610
580.93,9609
581.13,9608
581.2,9608
581.36,9607
581.56,9606
581.79,9605
581.95,9604
582.16,9603
582.31,9602
582.52,9601
582.68,9600
582.69,9600
582.9,9599
583.06,9598
583.19,9598
583.35,9597
583.52,9596
583.71,9595
583.78,9595
583.86,9595
584.01,9594
584.22,9593
584.39,9592
584.59,9591
584.6,9591
584.81,9590
584.97,9589
585.17,9588
585.35,9587
585.56,9586
585.71,9585
585.92,9584
586.1,9583
586.31,9582
586.47,9581
586.7,9580
586.87,9579
587.06,9578
587.23,9577
587.44,9576
587.6,9575
587.8,9574
587.98,9573
588.17,9572
588.34,9571
588.54,9570
588.55,9570
588.7,9569
588.9,9568
589.08,9567
589.27,9566
589.35,9566
589.5,9565
589.56,9565
589.73,9564
589.93,9563
590.1,9562
590.3,9561
590.45,9560
590.66,9559
590.83,9558
590.9,9558
591.11,9557
591.27,9556
591.47,9555
591.63,9554
591.86,9553
592.07,9552
592.22,9551
592.24,9551
592.28,9551
592.45,9550
592.66,9549
592.68,9549
592.89,9548
593.04,9547
593.25,9546
593.4,9545
593.46,9545
593.52,9545
593.53,9545
593.69,9544
593.9,9543
594.05,9542
594.26,9541
594.42,9540
594.63,9539
594.83,9538
595.01,9537
595.22,9536
595.37,9535
595.58,9534
595.74,9533
595.95,9532
596.12,9531
596.33,9530
596.35,9530
596.4,9530
596.56,9529
596.78,9528
596.95,9527
597.15,9526
597.17,9526
597.37,9525
597.58,9524
597.74,9523
597.95,9522
598.12,9521
598.19,9521
598.4,9520
598.56,9519
598.77,9518
598.94,9517
599.14,9516
599.31,9515
599.51,9514
599.68,9513
599.88,9512
599.95,9512
