0.00, 4941
0.0,4941
0.0,4940
0.0,4939
0.0010008811950683594,4938
0.0010008811950683594,4937
0.0010008811950683594,4936
0.0010008811950683594,4935
0.0010008811950683594,4934
0.0010008811950683594,4933
0.0010008811950683594,4932
0.001999378204345703,4931
0.001999378204345703,4930
0.001999378204345703,4929
0.001999378204345703,4928
0.001999378204345703,4927
0.001999378204345703,4926
0.001999378204345703,4925
0.001999378204345703,4924
0.0029985904693603516,4923
0.0029985904693603516,4922
0.0029985904693603516,4921
0.0029985904693603516,4920
0.0029985904693603516,4919
0.003998994827270508,4918
0.003998994827270508,4917
0.003998994827270508,4916
0.003998994827270508,4915
0.003998994827270508,4914
0.003998994827270508,4913
0.003998994827270508,4912
0.003998994827270508,4911
0.003998994827270508,4910
0.00499725341796875,4909
0.00499725341796875,4908
0.00499725341796875,4907
0.00499725341796875,4906
0.00499725341796875,4905
0.00499725341796875,4904
0.0059967041015625,4903
0.0059967041015625,4902
0.0059967041015625,4901
0.0059967041015625,4900
0.0059967041015625,4899
0.0069963932037353516,4898
0.0069963932037353516,4897
0.0069963932037353516,4896
0.0069963932037353516,4895
0.00799560546875,4894
0.00799560546875,4893
0.00799560546875,4892
0.00799560546875,4891
0.00799560546875,4890
0.00799560546875,4889
0.008994817733764648,4888
0.008994817733764648,4887
0.008994817733764648,4886
0.008994817733764648,4885
0.008994817733764648,4884
0.008994817733764648,4883
0.008994817733764648,4882
0.008994817733764648,4881
0.009995460510253906,4880
0.009995460510253906,4879
0.009995460510253906,4878
0.009995460510253906,4877
0.009995460510253906,4876
0.009995460510253906,4875
0.010993719100952148,4874
0.010993719100952148,4873
0.010993719100952148,4872
0.010993719100952148,4871
0.010993719100952148,4870
0.010993719100952148,4869
0.010993719100952148,4868
0.010993719100952148,4867
0.011993169784545898,4866
0.011993169784545898,4865
0.012992620468139648,4864
0.012992620468139648,4863
0.012992620468139648,4862
0.012992620468139648,4861
0.012992620468139648,4860
0.012992620468139648,4859
0.012992620468139648,4858
0.012992620468139648,4857
0.013992071151733398,4856
0.013992071151733398,4855
0.013992071151733398,4854
0.013992071151733398,4853
0.013992071151733398,4852
0.014991521835327148,4851
0.014991521835327148,4850
0.014991521835327148,4849
0.014991521835327148,4848
0.014991521835327148,4847
0.0159909725189209,4846
0.0159909725189209,4845
0.0159909725189209,4844
0.0159909725189209,4843
0.0159909725189209,4842
0.0159909725189209,4841
0.01699042320251465,4840
0.01699042320251465,4839
0.01699042320251465,4838
0.01699042320251465,4837
0.01699042320251465,4836
0.017989635467529297,4835
0.017989635467529297,4834
0.017989635467529297,4833
0.017989635467529297,4832
0.017989635467529297,4831
0.017989635467529297,4830
0.018990039825439453,4829
0.018990039825439453,4828
0.018990039825439453,4827
0.018990039825439453,4826
0.018990039825439453,4825
0.018990039825439453,4824
0.019988536834716797,4823
0.019988536834716797,4822
0.019988536834716797,4821
0.020987987518310547,4820
0.020987987518310547,4819
0.020987987518310547,4818
0.021987438201904297,4817
0.021987438201904297,4816
0.021987438201904297,4815
0.021987438201904297,4814
0.021987438201904297,4813
0.021987438201904297,4812
0.021987438201904297,4811
0.021987438201904297,4810
0.021987438201904297,4809
0.021987438201904297,4808
0.021987438201904297,4807
0.022986888885498047,4806
0.022986888885498047,4805
0.022986888885498047,4804
0.022986888885498047,4803
0.0239865779876709,4802
0.0239865779876709,4801
0.0239865779876709,4800
0.024985790252685547,4799
0.024985790252685547,4798
0.025985240936279297,4797
0.025985240936279297,4796
0.025985240936279297,4795
0.025985240936279297,4794
0.026984453201293945,4793
0.027983903884887695,4792
0.027983903884887695,4791
0.027983903884887695,4790
0.027983903884887695,4789
0.028983354568481445,4788
0.028983354568481445,4787
0.028983354568481445,4786
0.028983354568481445,4785
0.028983354568481445,4784
0.029982805252075195,4783
0.029982805252075195,4782
0.029982805252075195,4781
0.029982805252075195,4780
0.029982805252075195,4779
0.029982805252075195,4778
0.030982255935668945,4777
0.030982255935668945,4776
0.030982255935668945,4775
0.031981706619262695,4774
0.031981706619262695,4773
0.031981706619262695,4772
0.031981706619262695,4771
0.031981706619262695,4770
0.031981706619262695,4769
0.031981706619262695,4768
0.031981706619262695,4767
0.031981706619262695,4766
0.032981157302856445,4765
0.033980607986450195,4764
0.033980607986450195,4763
0.033980607986450195,4762
0.033980607986450195,4761
0.033980607986450195,4760
0.033980607986450195,4759
0.03498077392578125,4758
0.03498077392578125,4757
0.03498077392578125,4756
0.03498077392578125,4755
0.03498077392578125,4754
0.03498077392578125,4753
0.035979270935058594,4752
0.035979270935058594,4751
0.035979270935058594,4750
0.035979270935058594,4749
0.035979270935058594,4748
0.036978721618652344,4747
0.036978721618652344,4746
0.036978721618652344,4745
0.036978721618652344,4744
0.036978721618652344,4743
0.036978721618652344,4742
0.036978721618652344,4741
0.036978721618652344,4740
0.037978172302246094,4739
0.037978172302246094,4738
0.037978172302246094,4737
0.037978172302246094,4736
0.037978172302246094,4735
0.037978172302246094,4734
0.038996219635009766,4733
0.038996219635009766,4732
0.038996219635009766,4731
0.038996219635009766,4730
0.03997921943664551,4729
0.03997921943664551,4728
0.03997921943664551,4727
0.03997921943664551,4726
0.03997921943664551,4725
0.03997921943664551,4724
0.04097723960876465,4723
0.04097723960876465,4722
0.04097723960876465,4721
0.04097723960876465,4720
0.04097723960876465,4719
0.04097723960876465,4718
0.04097723960876465,4717
0.042975425720214844,4716
0.042975425720214844,4715
0.042975425720214844,4714
0.042975425720214844,4713
0.042975425720214844,4712
0.042975425720214844,4711
0.042975425720214844,4710
0.043974876403808594,4709
0.043974876403808594,4708
0.043974876403808594,4707
0.04497408866882324,4706
0.04497408866882324,4705
0.04497408866882324,4704
0.04497408866882324,4703
0.04497408866882324,4702
0.04497408866882324,4701
0.045973777770996094,4700
0.045973777770996094,4699
0.045973777770996094,4698
0.045973777770996094,4697
0.04697299003601074,4696
0.04697299003601074,4695
0.04697299003601074,4694
0.04697299003601074,4693
0.04697299003601074,4692
0.04697299003601074,4691
0.04797244071960449,4690
0.04797244071960449,4689
0.04797244071960449,4688
0.04797244071960449,4687
0.04897189140319824,4686
0.04897189140319824,4685
0.04897189140319824,4684
0.04897189140319824,4683
0.04897189140319824,4682
0.049973249435424805,4681
0.049973249435424805,4680
0.049973249435424805,4679
0.049973249435424805,4678
0.049973249435424805,4677
0.049973249435424805,4676
0.049973249435424805,4675
0.049973249435424805,4674
0.049973249435424805,4673
0.05097246170043945,4672
0.05097246170043945,4671
0.05097246170043945,4670
0.05097246170043945,4669
0.0519719123840332,4668
0.05297136306762695,4667
0.05297136306762695,4666
0.05297136306762695,4665
0.0539708137512207,4664
0.0539708137512207,4663
0.0539708137512207,4662
0.0539708137512207,4661
0.0539708137512207,4660
0.054970502853393555,4659
0.054970502853393555,4658
0.054970502853393555,4657
0.054970502853393555,4656
0.054970502853393555,4655
0.054970502853393555,4654
0.054970502853393555,4653
0.0559697151184082,4652
0.0559697151184082,4651
0.0559697151184082,4650
0.0559697151184082,4649
0.0559697151184082,4648
0.0559697151184082,4647
0.05696916580200195,4646
0.05696916580200195,4645
0.05696916580200195,4644
0.05696916580200195,4643
0.05798530578613281,4642
0.05798530578613281,4641
0.05798530578613281,4640
0.05798530578613281,4639
0.05798530578613281,4638
0.05798530578613281,4637
0.05798530578613281,4636
0.05798530578613281,4635
0.05898451805114746,4634
0.05898451805114746,4633
0.05898451805114746,4632
0.05898451805114746,4631
0.05898451805114746,4630
0.05998396873474121,4629
0.05998396873474121,4628
0.05998396873474121,4627
0.05998396873474121,4626
0.05998396873474121,4625
0.05998396873474121,4624
0.05998396873474121,4623
0.06098365783691406,4622
0.06098365783691406,4621
0.06098365783691406,4620
0.06098365783691406,4619
0.06098365783691406,4618
0.06098365783691406,4617
0.06198310852050781,4616
0.06298255920410156,4615
0.06298255920410156,4614
0.06298255920410156,4613
0.06298255920410156,4612
0.06298255920410156,4611
0.06298255920410156,4610
0.06398224830627441,4609
0.06398224830627441,4608
0.06398224830627441,4607
0.06398224830627441,4606
0.06398224830627441,4605
0.06498146057128906,4604
0.06498146057128906,4603
0.06498146057128906,4602
0.0659646987915039,4601
0.0659646987915039,4600
0.06696367263793945,4599
0.06696367263793945,4598
0.06696367263793945,4597
0.06696367263793945,4596
0.067962646484375,4595
0.067962646484375,4594
0.067962646484375,4593
0.067962646484375,4592
0.067962646484375,4591
0.06896209716796875,4590
0.06896209716796875,4589
0.0699615478515625,4588
0.0699615478515625,4587
0.07096099853515625,4586
0.07096099853515625,4585
0.07096099853515625,4584
0.07096099853515625,4583
0.07096099853515625,4582
0.07096099853515625,4581
0.07096099853515625,4580
0.07196044921875,4579
0.07196044921875,4578
0.07196044921875,4577
0.07196044921875,4576
0.07295989990234375,4575
0.07295989990234375,4574
0.07295989990234375,4573
0.07295989990234375,4572
0.0739591121673584,4571
0.0739591121673584,4570
0.0739591121673584,4569
0.0739591121673584,4568
0.07495832443237305,4567
0.07495832443237305,4566
0.07495832443237305,4565
0.07495832443237305,4564
0.0759577751159668,4563
0.0759577751159668,4562
0.0759577751159668,4561
0.07695722579956055,4560
0.0779566764831543,4559
0.0779566764831543,4558
0.0779566764831543,4557
0.0779566764831543,4556
0.0779566764831543,4555
0.0779566764831543,4554
0.0779566764831543,4553
0.0779566764831543,4552
0.0779566764831543,4551
0.0779566764831543,4550
0.07895660400390625,4549
0.07895660400390625,4548
0.07895660400390625,4547
0.07895660400390625,4546
0.07895660400390625,4545
0.07895660400390625,4544
0.07895660400390625,4543
0.07895660400390625,4542
0.07895660400390625,4541
0.07895660400390625,4540
0.0799555778503418,4539
0.0799555778503418,4538
0.0799555778503418,4537
0.0799555778503418,4536
0.08095526695251465,4535
0.08095526695251465,4534
0.08095526695251465,4533
0.08095526695251465,4532
0.08095526695251465,4531
0.08095526695251465,4530
0.08195328712463379,4529
0.08195328712463379,4528
0.08195328712463379,4527
0.08195328712463379,4526
0.08295249938964844,4525
0.08295249938964844,4524
0.08295249938964844,4523
0.08295249938964844,4522
0.08395171165466309,4521
0.08395171165466309,4520
0.08395171165466309,4519
0.08395171165466309,4518
0.08395171165466309,4517
0.08395171165466309,4516
0.08395171165466309,4515
0.08395171165466309,4514
0.08395171165466309,4513
0.08495116233825684,4512
0.08495116233825684,4511
0.08495116233825684,4510
0.08495116233825684,4509
0.08495116233825684,4508
0.08495116233825684,4507
0.08495116233825684,4506
0.08595061302185059,4505
0.08595061302185059,4504
0.08595061302185059,4503
0.08595061302185059,4502
0.08595061302185059,4501
0.08595061302185059,4500
0.08595061302185059,4499
0.08595061302185059,4498
0.08695030212402344,4497
0.08695030212402344,4496
0.08695030212402344,4495
0.08695030212402344,4494
0.08695030212402344,4493
0.08695030212402344,4492
0.08695030212402344,4491
0.08794951438903809,4490
0.08794951438903809,4489
0.08794951438903809,4488
0.08794951438903809,4487
0.08794951438903809,4486
0.08794951438903809,4485
0.08794951438903809,4484
0.08894872665405273,4483
0.08894872665405273,4482
0.08894872665405273,4481
0.08894872665405273,4480
0.08894872665405273,4479
0.08994841575622559,4478
0.08994841575622559,4477
0.08994841575622559,4476
0.09094762802124023,4475
0.09094762802124023,4474
0.09094762802124023,4473
0.09094762802124023,4472
0.09194707870483398,4471
0.09194707870483398,4470
0.09194707870483398,4469
0.09194707870483398,4468
0.09194707870483398,4467
0.09194707870483398,4466
0.09194707870483398,4465
0.09294652938842773,4464
0.09294652938842773,4463
0.09294652938842773,4462
0.09294652938842773,4461
0.09294652938842773,4460
0.09294652938842773,4459
0.09394598007202148,4458
0.09394598007202148,4457
0.09394598007202148,4456
0.09394598007202148,4455
0.09394598007202148,4454
0.09494543075561523,4453
0.09494543075561523,4452
0.09494543075561523,4451
0.09594511985778809,4450
0.09594511985778809,4449
0.09594511985778809,4448
0.09594511985778809,4447
0.09594511985778809,4446
0.09594511985778809,4445
0.09594511985778809,4444
0.09694433212280273,4443
0.09796285629272461,4442
0.09796285629272461,4441
0.09894394874572754,4440
0.09894394874572754,4439
0.09996199607849121,4438
0.09996199607849121,4437
0.09996199607849121,4436
0.10094213485717773,4435
0.10394096374511719,4434
0.10394096374511719,4433
0.10494184494018555,4432
0.10494184494018555,4431
0.10494184494018555,4430
0.10593986511230469,4429
0.10593986511230469,4428
0.10593986511230469,4427
0.10693931579589844,4426
0.10793876647949219,4425
0.10793876647949219,4424
0.10793876647949219,4423
0.10793876647949219,4422
0.10993766784667969,4421
0.11093711853027344,4420
0.11093711853027344,4419
0.11193633079528809,4418
0.11193633079528809,4417
0.11293601989746094,4416
0.11293601989746094,4415
0.11393547058105469,4414
0.11493468284606934,4413
0.11493468284606934,4412
0.11593437194824219,4411
0.11693358421325684,4410
0.11693358421325684,4409
0.11693358421325684,4408
0.11693358421325684,4407
0.11793327331542969,4406
0.11993217468261719,4405
0.12093114852905273,4404
0.12392973899841309,4403
0.12492966651916504,4402
0.1259291172027588,4401
0.12692809104919434,4400
0.12792754173278809,4399
0.12892675399780273,4398
0.12892675399780273,4397
0.12892675399780273,4396
0.13092565536499023,4395
0.13092565536499023,4394
0.13392424583435059,4393
0.13392424583435059,4392
0.13492274284362793,4391
0.13492274284362793,4390
0.13492274284362793,4389
0.13592314720153809,4388
0.13692474365234375,4387
0.13692474365234375,4386
0.13692474365234375,4385
0.13692474365234375,4384
0.13692474365234375,4383
0.13692474365234375,4382
0.13892149925231934,4381
0.13892149925231934,4380
0.13892149925231934,4379
0.13892149925231934,4378
0.14291906356811523,4377
0.14291906356811523,4376
0.14291906356811523,4375
0.14291906356811523,4374
0.14291906356811523,4373
0.14391851425170898,4372
0.14391851425170898,4371
0.14391851425170898,4370
0.14391851425170898,4369
0.14391851425170898,4368
0.14391851425170898,4367
0.14391851425170898,4366
0.14391851425170898,4365
0.14493536949157715,4364
0.14493536949157715,4363
0.14493536949157715,4362
0.14493536949157715,4361
0.14693403244018555,4360
0.14693403244018555,4359
0.14693403244018555,4358
0.1479337215423584,4357
0.1479337215423584,4356
0.1479337215423584,4355
0.14891433715820312,4354
0.14891433715820312,4353
0.14891433715820312,4352
0.14891433715820312,4351
0.14891433715820312,4350
0.14991378784179688,4349
0.15091323852539062,4348
0.15091323852539062,4347
0.15091323852539062,4346
0.15091323852539062,4345
0.15191245079040527,4344
0.15191245079040527,4343
0.15191245079040527,4342
0.15191245079040527,4341
0.15191245079040527,4340
0.15191245079040527,4339
0.15291190147399902,4338
0.15291190147399902,4337
0.15291190147399902,4336
0.15391135215759277,4335
0.15391135215759277,4334
0.15391135215759277,4333
0.15391135215759277,4332
0.15491080284118652,4331
0.15491080284118652,4330
0.15491080284118652,4329
0.15491080284118652,4328
0.15491080284118652,4327
0.15491080284118652,4326
0.15491080284118652,4325
0.15591025352478027,4324
0.15591025352478027,4323
0.15591025352478027,4322
0.15591025352478027,4321
0.15591025352478027,4320
0.15691041946411133,4319
0.15790915489196777,4318
0.15790915489196777,4317
0.15790915489196777,4316
0.15890860557556152,4315
0.15890860557556152,4314
0.15990805625915527,4313
0.15990805625915527,4312
0.15990805625915527,4311
0.15990805625915527,4310
0.15990805625915527,4309
0.16090750694274902,4308
0.16090750694274902,4307
0.16090750694274902,4306
0.16190838813781738,4305
0.16190838813781738,4304
0.16190838813781738,4303
0.16290783882141113,4302
0.16290783882141113,4301
0.16290783882141113,4300
0.16290783882141113,4299
0.16290783882141113,4298
0.16290783882141113,4297
0.16290783882141113,4296
0.16390633583068848,4295
0.16390633583068848,4294
0.16390633583068848,4293
0.16390633583068848,4292
0.16390633583068848,4291
0.16490578651428223,4290
0.16490578651428223,4289
0.16490578651428223,4288
0.16490578651428223,4287
0.16490578651428223,4286
0.16590523719787598,4285
0.16590523719787598,4284
0.16590523719787598,4283
0.16590523719787598,4282
0.16690444946289062,4281
0.16690444946289062,4280
0.16690444946289062,4279
0.16690444946289062,4278
0.16790390014648438,4277
0.16790390014648438,4276
0.16790390014648438,4275
0.16890335083007812,4274
0.16890335083007812,4273
0.16990303993225098,4272
0.16990303993225098,4271
0.16990303993225098,4270
0.16990303993225098,4269
0.16990303993225098,4268
0.16990303993225098,4267
0.17090201377868652,4266
0.17090201377868652,4265
0.17190146446228027,4264
0.17290115356445312,4263
0.17290115356445312,4262
0.17290115356445312,4261
0.17390060424804688,4260
0.17390060424804688,4259
0.17390060424804688,4258
0.17589926719665527,4257
0.17589926719665527,4256
0.17589926719665527,4255
0.17589926719665527,4254
0.17689943313598633,4253
0.17689943313598633,4252
0.17689943313598633,4251
0.17789840698242188,4250
0.17789840698242188,4249
0.17789840698242188,4248
0.17889785766601562,4247
0.17989683151245117,4246
0.17989683151245117,4245
0.17989683151245117,4244
0.17989683151245117,4243
0.17989683151245117,4242
0.17989683151245117,4241
0.18089652061462402,4240
0.18089652061462402,4239
0.18089652061462402,4238
0.18089652061462402,4237
0.18089652061462402,4236
0.18089652061462402,4235
0.18089652061462402,4234
0.18289542198181152,4233
0.18289542198181152,4232
0.18289542198181152,4231
0.18389463424682617,4230
0.18389463424682617,4229
0.18389463424682617,4228
0.18389463424682617,4227
0.18489432334899902,4226
0.18489432334899902,4225
0.18489432334899902,4224
0.18489432334899902,4223
0.18489432334899902,4222
0.18489432334899902,4221
0.18589377403259277,4220
0.18689322471618652,4219
0.18789243698120117,4218
0.18789243698120117,4217
0.18789243698120117,4216
0.18789243698120117,4215
0.18889164924621582,4214
0.18889164924621582,4213
0.18889164924621582,4212
0.19189023971557617,4211
0.19288921356201172,4210
0.19389009475708008,4209
0.19389009475708008,4208
0.19389009475708008,4207
0.19488811492919922,4206
0.19488811492919922,4205
0.19488811492919922,4204
0.19688653945922852,4203
0.19688653945922852,4202
0.19788599014282227,4201
0.19888734817504883,4200
0.19888734817504883,4199
0.19888734817504883,4198
0.19888734817504883,4197
0.19888734817504883,4196
0.19888734817504883,4195
0.19988560676574707,4194
0.19988560676574707,4193
0.19988560676574707,4192
0.20088505744934082,4191
0.20088505744934082,4190
0.20088505744934082,4189
0.20188450813293457,4188
0.20188450813293457,4187
0.20188450813293457,4186
0.20188450813293457,4185
0.20188450813293457,4184
0.20288395881652832,4183
0.20288395881652832,4182
0.20288395881652832,4181
0.20288395881652832,4180
0.20288395881652832,4179
0.20288395881652832,4178
0.20288395881652832,4177
0.20288395881652832,4176
0.20288395881652832,4175
0.20388340950012207,4174
0.20388340950012207,4173
0.20388340950012207,4172
0.20388340950012207,4171
0.20388340950012207,4170
0.20388340950012207,4169
0.20388340950012207,4168
0.20388340950012207,4167
0.20488309860229492,4166
0.20488309860229492,4165
0.20488309860229492,4164
0.20588231086730957,4163
0.20688319206237793,4162
0.20788264274597168,4161
0.20788264274597168,4160
0.20788264274597168,4159
0.20888161659240723,4158
0.20888161659240723,4157
0.20888161659240723,4156
0.20888161659240723,4155
0.20888161659240723,4154
0.20888161659240723,4153
0.21087980270385742,4152
0.21187829971313477,4151
0.21187829971313477,4150
0.21287775039672852,4149
0.21287775039672852,4148
0.21287775039672852,4147
0.21287775039672852,4146
0.21287775039672852,4145
0.21287775039672852,4144
0.21287775039672852,4143
0.21287775039672852,4142
0.21387720108032227,4141
0.21387720108032227,4140
0.21387720108032227,4139
0.21387720108032227,4138
0.2148761749267578,4137
0.2148761749267578,4136
0.2148761749267578,4135
0.21587562561035156,4134
0.21587562561035156,4133
0.21587562561035156,4132
0.21587562561035156,4131
0.21587562561035156,4130
0.21587562561035156,4129
0.2168750762939453,4128
0.21787476539611816,4127
0.21887421607971191,4126
0.21887421607971191,4125
0.21887421607971191,4124
0.21987366676330566,4123
0.21987366676330566,4122
0.21987366676330566,4121
0.22087311744689941,4120
0.22087311744689941,4119
0.22187232971191406,4118
0.22187232971191406,4117
0.22187232971191406,4116
0.22387290000915527,4115
0.22387290000915527,4114
0.22387290000915527,4113
0.22387290000915527,4112
0.22487759590148926,4111
0.22587275505065918,4110
0.22787046432495117,4109
0.22787046432495117,4108
0.22787046432495117,4107
0.22787046432495117,4106
0.22886919975280762,4105
0.22886919975280762,4104
0.22886919975280762,4103
0.23086810111999512,4102
0.23086810111999512,4101
0.23086810111999512,4100
0.23186731338500977,4099
0.23186731338500977,4098
0.23386597633361816,4097
0.23386597633361816,4096
0.23386597633361816,4095
0.23486566543579102,4094
0.23486566543579102,4093
0.23586487770080566,4092
0.23586487770080566,4091
0.23586487770080566,4090
0.23686432838439941,4089
0.23786377906799316,4088
0.23786377906799316,4087
0.23786377906799316,4086
0.23886322975158691,4085
0.23886322975158691,4084
0.23886322975158691,4083
0.23886322975158691,4082
0.23986268043518066,4081
0.23986268043518066,4080
0.23986268043518066,4079
0.23986268043518066,4078
0.24186062812805176,4077
0.24186062812805176,4076
0.24186062812805176,4075
0.24186062812805176,4074
0.2428600788116455,4073
0.2428600788116455,4072
0.2428600788116455,4071
0.2428600788116455,4070
0.2428600788116455,4069
0.2428600788116455,4068
0.24385976791381836,4067
0.24385976791381836,4066
0.24385976791381836,4065
0.2448592185974121,4064
0.24585866928100586,4063
0.24585866928100586,4062
0.24585866928100586,4061
0.24585866928100586,4060
0.24585866928100586,4059
0.24585866928100586,4058
0.2468581199645996,4057
0.248856782913208,4056
0.248856782913208,4055
0.248856782913208,4054
0.248856782913208,4053
0.2508556842803955,4052
0.2508556842803955,4051
0.2508556842803955,4050
0.2508556842803955,4049
0.2508556842803955,4048
0.2508556842803955,4047
0.2508556842803955,4046
0.25185489654541016,4045
0.25185489654541016,4044
0.25185489654541016,4043
0.252854585647583,4042
0.252854585647583,4041
0.252854585647583,4040
0.25385475158691406,4039
0.25585293769836426,4038
0.25785231590270996,4037
0.25785231590270996,4036
0.25785231590270996,4035
0.2588517665863037,4034
0.2588517665863037,4033
0.2588517665863037,4032
0.2588517665863037,4031
0.2588517665863037,4030
0.25985121726989746,4029
0.2608504295349121,4028
0.2608504295349121,4027
0.26185083389282227,4026
0.26185083389282227,4025
0.26185083389282227,4024
0.26185083389282227,4023
0.2628493309020996,4022
0.2628493309020996,4021
0.2628493309020996,4020
0.2628493309020996,4019
0.2628493309020996,4018
0.26384878158569336,4017
0.2648482322692871,4016
0.2648482322692871,4015
0.2668471336364746,4014
0.2668471336364746,4013
0.26784658432006836,4012
0.26784658432006836,4011
0.26784658432006836,4010
0.26784658432006836,4009
0.2688460350036621,4008
0.2688460350036621,4007
0.2688460350036621,4006
0.26984524726867676,4005
0.26984524726867676,4004
0.26984524726867676,4003
0.2708444595336914,4002
0.2708444595336914,4001
0.2708444595336914,4000
0.2708444595336914,3999
0.2708444595336914,3998
0.2708444595336914,3997
0.27184367179870605,3996
0.27184367179870605,3995
0.27184367179870605,3994
0.27384257316589355,3993
0.27384257316589355,3992
0.27584123611450195,3991
0.2768409252166748,3990
0.2768409252166748,3989
0.2768409252166748,3988
0.2768409252166748,3987
0.2768409252166748,3986
0.27783989906311035,3985
0.27783989906311035,3984
0.27783989906311035,3983
0.27983880043029785,3982
0.2808384895324707,3981
0.28183794021606445,3980
0.28183794021606445,3979
0.2828373908996582,3978
0.28383660316467285,3977
0.28383660316467285,3976
0.2848360538482666,3975
0.2848360538482666,3974
0.2848360538482666,3973
0.2848360538482666,3972
0.2848360538482666,3971
0.2848360538482666,3970
0.2848360538482666,3969
0.28583526611328125,3968
0.28583526611328125,3967
0.2868351936340332,3966
0.2868351936340332,3965
0.2868351936340332,3964
0.2868351936340332,3963
0.2868351936340332,3962
0.28783416748046875,3961
0.2888338565826416,3960
0.2888338565826416,3959
0.2888338565826416,3958
0.2888338565826416,3957
0.2888338565826416,3956
0.2888338565826416,3955
0.28983330726623535,3954
0.29183197021484375,3953
0.29183197021484375,3952
0.29183197021484375,3951
0.2928314208984375,3950
0.2928314208984375,3949
0.29383087158203125,3948
0.294830322265625,3947
0.294830322265625,3946
0.294830322265625,3945
0.294830322265625,3944
0.294830322265625,3943
0.294830322265625,3942
0.294830322265625,3941
0.294830322265625,3940
0.29582977294921875,3939
0.2968292236328125,3938
0.2968292236328125,3937
0.2968292236328125,3936
0.29782843589782715,3935
0.29782843589782715,3934
0.29782843589782715,3933
0.29782843589782715,3932
0.29782843589782715,3931
0.298828125,3930
0.298828125,3929
0.29982733726501465,3928
0.29982733726501465,3927
0.29982733726501465,3926
0.3008267879486084,3925
0.30182886123657227,3924
0.30182886123657227,3923
0.30182886123657227,3922
0.30182886123657227,3921
0.30182886123657227,3920
0.3028275966644287,3919
0.3028275966644287,3918
0.3028275966644287,3917
0.3028275966644287,3916
0.30382680892944336,3915
0.30382680892944336,3914
0.3048262596130371,3913
0.3048262596130371,3912
0.3048262596130371,3911
0.3068239688873291,3910
0.3068239688873291,3909
0.3068239688873291,3908
0.30782341957092285,3907
0.30782341957092285,3906
0.30782341957092285,3905
0.30982232093811035,3904
0.3108217716217041,3903
0.3108217716217041,3902
0.31182122230529785,3901
0.3128206729888916,3900
0.3128206729888916,3899
0.3128206729888916,3898
0.31382012367248535,3897
0.3148190975189209,3896
0.31581878662109375,3895
0.31981658935546875,3894
0.32181549072265625,3893
0.32181549072265625,3892
0.32181549072265625,3891
0.32281494140625,3890
0.32281494140625,3889
0.32381415367126465,3888
0.32381415367126465,3887
0.32381415367126465,3886
0.32381415367126465,3885
0.32381415367126465,3884
0.32381415367126465,3883
0.32381415367126465,3882
0.3248136043548584,3881
0.3248136043548584,3880
0.3248136043548584,3879
0.3248136043548584,3878
0.3248136043548584,3877
0.3248136043548584,3876
0.3248136043548584,3875
0.3248136043548584,3874
0.32581305503845215,3873
0.3268125057220459,3872
0.3268125057220459,3871
0.3288114070892334,3870
0.3288114070892334,3869
0.32981085777282715,3868
0.32981085777282715,3867
0.32981085777282715,3866
0.3308103084564209,3865
0.3308103084564209,3864
0.3308103084564209,3863
0.33180952072143555,3862
0.3328089714050293,3861
0.3328089714050293,3860
0.33380818367004395,3859
0.33380818367004395,3858
0.33380818367004395,3857
0.3348071575164795,3856
0.3348071575164795,3855
0.3388047218322754,3854
0.3388047218322754,3853
0.3388047218322754,3852
0.3388047218322754,3851
0.3388047218322754,3850
0.33980441093444824,3849
0.340803861618042,3848
0.340803861618042,3847
0.340803861618042,3846
0.34380197525024414,3845
0.344801664352417,3844
0.344801664352417,3843
0.344801664352417,3842
0.34580111503601074,3841
0.3468003273010254,3840
0.3468003273010254,3839
0.3468003273010254,3838
0.3468003273010254,3837
0.34780001640319824,3836
0.34780001640319824,3835
0.34780001640319824,3834
0.3487989902496338,3833
0.3487989902496338,3832
0.3487989902496338,3831
0.34980058670043945,3830
0.35179853439331055,3829
0.35179853439331055,3828
0.35179853439331055,3827
0.35179853439331055,3826
0.35179853439331055,3825
0.35179853439331055,3824
0.3527984619140625,3823
0.35379695892333984,3822
0.35479736328125,3821
0.35579586029052734,3820
0.3567962646484375,3819
0.3567962646484375,3818
0.35779547691345215,3817
0.35979366302490234,3816
0.35979366302490234,3815
0.3607926368713379,3814
0.36179232597351074,3813
0.3627920150756836,3812
0.36778879165649414,3811
0.36778879165649414,3810
0.36978745460510254,3809
0.36978745460510254,3808
0.36978745460510254,3807
0.3707873821258545,3806
0.37178683280944824,3805
0.37178683280944824,3804
0.37178683280944824,3803
0.3727872371673584,3802
0.37378597259521484,3801
0.37378597259521484,3800
0.37378597259521484,3799
0.37378597259521484,3798
0.3747851848602295,3797
0.3747851848602295,3796
0.3747851848602295,3795
0.3747851848602295,3794
0.37578463554382324,3793
0.3767836093902588,3792
0.3767836093902588,3791
0.3767836093902588,3790
0.3767836093902588,3789
0.3767836093902588,3788
0.37778306007385254,3787
0.3787825107574463,3786
0.3787825107574463,3785
0.37978196144104004,3784
0.3807814121246338,3783
0.38178086280822754,3782
0.38178086280822754,3781
0.382781982421875,3780
0.38377952575683594,3779
0.38377952575683594,3778
0.3887767791748047,3777
0.3887767791748047,3776
0.38977742195129395,3775
0.38977742195129395,3774
0.38977742195129395,3773
0.38977742195129395,3772
0.3907759189605713,3771
0.39177513122558594,3770
0.39377403259277344,3769
0.39377403259277344,3768
0.39377403259277344,3767
0.3947746753692627,3766
0.3947746753692627,3765
0.39577245712280273,3764
0.39577245712280273,3763
0.39777207374572754,3762
0.39777207374572754,3761
0.3987715244293213,3760
0.39977073669433594,3759
0.39977073669433594,3758
0.4007701873779297,3757
0.4007701873779297,3756
0.4007701873779297,3755
0.40176987648010254,3754
0.40176987648010254,3753
0.4027693271636963,3752
0.4027693271636963,3751
0.4027693271636963,3750
0.40376877784729004,3749
0.4047684669494629,3748
0.40576815605163574,3747
0.40576815605163574,3746
0.4067668914794922,3745
0.4087660312652588,3744
0.40976524353027344,3743
0.4107646942138672,3742
0.4107646942138672,3741
0.4107646942138672,3740
0.4107646942138672,3739
0.4107646942138672,3738
0.41176462173461914,3737
0.41176462173461914,3736
0.41176462173461914,3735
0.41176462173461914,3734
0.4127635955810547,3733
0.41576242446899414,3732
0.4167613983154297,3731
0.4167613983154297,3730
0.4187602996826172,3729
0.4187602996826172,3728
0.4187602996826172,3727
0.4187602996826172,3726
0.4187602996826172,3725
0.41975975036621094,3724
0.41975975036621094,3723
0.41975975036621094,3722
0.4207594394683838,3721
0.42175865173339844,3720
0.4227581024169922,3719
0.42375731468200684,3718
0.42375731468200684,3717
0.4247570037841797,3716
0.4247570037841797,3715
0.42575621604919434,3714
0.42575621604919434,3713
0.4287540912628174,3712
0.4287540912628174,3711
0.4287540912628174,3710
0.4287540912628174,3709
0.4287540912628174,3708
0.4307527542114258,3707
0.4307527542114258,3706
0.4307527542114258,3705
0.4307527542114258,3704
0.43175196647644043,3703
0.4327516555786133,3702
0.43375134468078613,3701
0.4347503185272217,3700
0.4347503185272217,3699
0.4347503185272217,3698
0.4347503185272217,3697
0.43575024604797363,3696
0.43575024604797363,3695
0.4367494583129883,3694
0.43774867057800293,3693
0.4387483596801758,3692
0.43974733352661133,3691
0.43974733352661133,3690
0.43974733352661133,3689
0.43974733352661133,3688
0.43974733352661133,3687
0.43974733352661133,3686
0.43974733352661133,3685
0.44374585151672363,3684
0.44374585151672363,3683
0.4447448253631592,3682
0.4447448253631592,3681
0.44574522972106934,3680
0.4467434883117676,3679
0.4477424621582031,3678
0.4477424621582031,3677
0.448742151260376,3676
0.448742151260376,3675
0.448742151260376,3674
0.448742151260376,3673
0.4497416019439697,3672
0.4497416019439697,3671
0.4507408142089844,3670
0.4507408142089844,3669
0.4507408142089844,3668
0.45174121856689453,3667
0.452739953994751,3666
0.452739953994751,3665
0.45374059677124023,3664
0.4557383060455322,3663
0.4557383060455322,3662
0.4557383060455322,3661
0.4567387104034424,3660
0.4567387104034424,3659
0.4577369689941406,3658
0.4587376117706299,3657
0.4587376117706299,3656
0.4587376117706299,3655
0.4587376117706299,3654
0.4587376117706299,3653
0.4607360363006592,3652
0.4607360363006592,3651
0.4607360363006592,3650
0.4627349376678467,3649
0.4627349376678467,3648
0.4627349376678467,3647
0.46373438835144043,3646
0.4647338390350342,3645
0.4647338390350342,3644
0.46573328971862793,3643
0.46573328971862793,3642
0.46573328971862793,3641
0.46573328971862793,3640
0.4667327404022217,3639
0.4667327404022217,3638
0.4687316417694092,3637
0.4687316417694092,3636
0.46973085403442383,3635
0.4707305431365967,3634
0.47173047065734863,3633
0.47472715377807617,3632
0.47472715377807617,3631
0.47572827339172363,3630
0.47572827339172363,3629
0.47572827339172363,3628
0.47672581672668457,3627
0.47672581672668457,3626
0.47672581672668457,3625
0.47672581672668457,3624
0.4807250499725342,3623
0.4817228317260742,3622
0.4817228317260742,3621
0.48272252082824707,3620
0.48372340202331543,3619
0.48372340202331543,3618
0.4877195358276367,3617
0.4877195358276367,3616
0.4877195358276367,3615
0.4887206554412842,3614
0.48972034454345703,3613
0.4907193183898926,3612
0.4907193183898926,3611
0.4907193183898926,3610
0.4907193183898926,3609
0.4907193183898926,3608
0.4907193183898926,3607
0.4917182922363281,3606
0.49371790885925293,3605
0.49371790885925293,3604
0.49371790885925293,3603
0.49371790885925293,3602
0.49371790885925293,3601
0.4947164058685303,3600
0.495715856552124,3599
0.495715856552124,3598
0.4967155456542969,3597
0.4977149963378906,3596
0.49871397018432617,3595
0.4997134208679199,3594
0.4997134208679199,3593
0.4997134208679199,3592
0.4997134208679199,3591
0.5007131099700928,3590
0.5007131099700928,3589
0.5007131099700928,3588
0.5017125606536865,3587
0.5037107467651367,3586
0.5047109127044678,3585
0.5047109127044678,3584
0.5057113170623779,3583
0.5067098140716553,3582
0.5077090263366699,3581
0.5087101459503174,3580
0.5087101459503174,3579
0.5087101459503174,3578
0.5097091197967529,3577
0.5107083320617676,3576
0.5107083320617676,3575
0.5117077827453613,3574
0.5117077827453613,3573
0.5117077827453613,3572
0.5117077827453613,3571
0.5127074718475342,3570
0.513707160949707,3569
0.513707160949707,3568
0.5157063007354736,3567
0.5157063007354736,3566
0.5157063007354736,3565
0.5157063007354736,3564
0.5157063007354736,3563
0.5167052745819092,3562
0.5167052745819092,3561
0.5167052745819092,3560
0.5187039375305176,3559
0.5197038650512695,3558
0.5217025279998779,3557
0.5217025279998779,3556
0.5237009525299072,3555
0.524700403213501,3554
0.525700569152832,3553
0.5266993045806885,3552
0.5276992321014404,3551
0.5276992321014404,3550
0.528698205947876,3549
0.528698205947876,3548
0.5306971073150635,3547
0.5316963195800781,3546
0.5316963195800781,3545
0.5316963195800781,3544
0.5336952209472656,3543
0.5346949100494385,3542
0.536693811416626,3541
0.5376920700073242,3540
0.5376920700073242,3539
0.5386905670166016,3538
0.54068922996521,3537
0.54068922996521,3536
0.5416908264160156,3535
0.5416908264160156,3534
0.5426881313323975,3533
0.544687032699585,3532
0.5456864833831787,3531
0.5476851463317871,3530
0.5476851463317871,3529
0.5486869812011719,3528
0.5496838092803955,3527
0.5496838092803955,3526
0.5496838092803955,3525
0.5496838092803955,3524
0.5496838092803955,3523
0.5496838092803955,3522
0.5496838092803955,3521
0.5496838092803955,3520
0.5496838092803955,3519
0.5536818504333496,3518
0.5596785545349121,3517
0.5596785545349121,3516
0.5596785545349121,3515
0.5606803894042969,3514
0.5606803894042969,3513
0.5606803894042969,3512
0.5606803894042969,3511
0.5616796016693115,3510
0.5616796016693115,3509
0.5626778602600098,3508
0.5626778602600098,3507
0.5626778602600098,3506
0.5636780261993408,3505
0.5636780261993408,3504
0.5636780261993408,3503
0.5636780261993408,3502
0.5636780261993408,3501
0.5666763782501221,3500
0.5676758289337158,3499
0.5696725845336914,3498
0.5696725845336914,3497
0.5706722736358643,3496
0.5706722736358643,3495
0.5726709365844727,3494
0.5736701488494873,3493
0.5736701488494873,3492
0.5736701488494873,3491
0.5736701488494873,3490
0.5746715068817139,3489
0.5756711959838867,3488
0.5776693820953369,3487
0.5776693820953369,3486
0.5786693096160889,3485
0.5786693096160889,3484
0.5796668529510498,3483
0.5796668529510498,3482
0.5806682109832764,3481
0.5806682109832764,3480
0.5816657543182373,3479
0.582667350769043,3478
0.5846664905548096,3477
0.5846664905548096,3476
0.5856649875640869,3475
0.5866641998291016,3474
0.5876636505126953,3473
0.5896623134613037,3472
0.5916619300842285,3471
0.5916619300842285,3470
0.5916619300842285,3469
0.5916619300842285,3468
0.5916619300842285,3467
0.5916619300842285,3466
0.5916619300842285,3465
0.5926589965820312,3464
0.5936582088470459,3463
0.5936582088470459,3462
0.5946600437164307,3461
0.5946600437164307,3460
0.5956592559814453,3459
0.5956592559814453,3458
0.5966567993164062,3457
0.5966567993164062,3456
0.597658634185791,3455
0.597658634185791,3454
0.5996558666229248,3453
0.5996558666229248,3452
0.5996558666229248,3451
0.5996558666229248,3450
0.6006543636322021,3449
0.6006543636322021,3448
0.6006543636322021,3447
0.601654052734375,3446
0.601654052734375,3445
0.601654052734375,3444
0.6026532649993896,3443
0.6026532649993896,3442
0.6026532649993896,3441
0.6026532649993896,3440
0.6036531925201416,3439
0.6056516170501709,3438
0.6056516170501709,3437
0.6066513061523438,3436
0.6076512336730957,3435
0.6076512336730957,3434
0.6076512336730957,3433
0.6096491813659668,3432
0.6096491813659668,3431
0.6096491813659668,3430
0.6106486320495605,3429
0.6116483211517334,3428
0.6126480102539062,3427
0.6136472225189209,3426
0.6146466732025146,3425
0.616645336151123,3424
0.616645336151123,3423
0.616645336151123,3422
0.6196448802947998,3421
0.6226434707641602,3420
0.6226434707641602,3419
0.6246411800384521,3418
0.6246411800384521,3417
0.6256403923034668,3416
0.628638744354248,3415
0.6306371688842773,3414
0.6346356868743896,3413
0.6356344223022461,3412
0.6426310539245605,3411
0.6426310539245605,3410
0.6466283798217773,3409
0.650627613067627,3408
0.6526248455047607,3407
0.6526248455047607,3406
0.6536266803741455,3405
0.6556253433227539,3404
0.6566224098205566,3403
0.659621000289917,3402
0.659621000289917,3401
0.66162109375,3400
0.663618803024292,3399
0.6646180152893066,3398
0.6656191349029541,3397
0.6656191349029541,3396
0.666618824005127,3395
0.666618824005127,3394
0.6716146469116211,3393
0.6716146469116211,3392
0.6716146469116211,3391
0.6756114959716797,3390
0.6776103973388672,3389
0.6816091537475586,3388
0.6816091537475586,3387
0.6826086044311523,3386
0.6846063137054443,3385
0.6846063137054443,3384
0.6856057643890381,3383
0.6876046657562256,3382
0.6876046657562256,3381
0.6886043548583984,3380
0.6886043548583984,3379
0.6886043548583984,3378
0.6916024684906006,3377
0.6956002712249756,3376
0.6965992450714111,3375
0.697598934173584,3374
0.6985981464385986,3373
0.699599027633667,3372
0.699599027633667,3371
0.699599027633667,3370
0.7005975246429443,3369
0.7025959491729736,3368
0.7025959491729736,3367
0.7035963535308838,3366
0.7045953273773193,3365
0.705594539642334,3364
0.705594539642334,3363
0.7065939903259277,3362
0.7065939903259277,3361
0.7085926532745361,3360
0.7085926532745361,3359
0.7165884971618652,3358
0.7195858955383301,3357
0.7225842475891113,3356
0.7245833873748779,3355
0.7245833873748779,3354
0.7245833873748779,3353
0.7275822162628174,3352
0.7325789928436279,3351
0.7325789928436279,3350
0.7355773448944092,3349
0.7385756969451904,3348
0.7435729503631592,3347
0.7445719242095947,3346
0.7455716133117676,3345
0.7455716133117676,3344
0.7465710639953613,3343
0.7555656433105469,3342
0.7555656433105469,3341
0.7565655708312988,3340
0.7605631351470947,3339
0.7685580253601074,3338
0.7735550403594971,3337
0.7735550403594971,3336
0.7735550403594971,3335
0.7755541801452637,3334
0.7755541801452637,3333
0.7805521488189697,3332
0.7825508117675781,3331
0.7845494747161865,3330
0.7855491638183594,3329
0.7915453910827637,3328
0.8005404472351074,3327
0.8005404472351074,3326
0.8025388717651367,3325
0.8025388717651367,3324
0.8035385608673096,3323
0.8055369853973389,3322
0.8175301551818848,3321
0.8185296058654785,3320
0.8285238742828369,3319
0.8325216770172119,3318
0.8355193138122559,3317
0.8375189304351807,3316
0.8415167331695557,3315
0.8435149192810059,3314
0.8435149192810059,3313
0.8585062026977539,3312
0.8585062026977539,3311
0.8595056533813477,3310
0.8595056533813477,3309
0.8615047931671143,3308
0.8744983673095703,3307
0.8764965534210205,3306
0.8784956932067871,3305
0.8794941902160645,3304
0.8854918479919434,3303
0.8874905109405518,3302
0.8904879093170166,3301
0.893486499786377,3300
0.8974840641021729,3299
0.8974840641021729,3298
0.8974840641021729,3297
0.8994829654693604,3296
0.8994829654693604,3295
0.9064788818359375,3294
0.9084782600402832,3293
0.9094772338867188,3292
0.92047119140625,3291
0.9224698543548584,3290
0.9224698543548584,3289
0.9294660091400146,3288
0.9304666519165039,3287
0.9374616146087646,3286
0.9424586296081543,3285
0.9524526596069336,3284
0.9534523487091064,3283
0.9564507007598877,3282
0.9574496746063232,3281
0.9584493637084961,3280
0.9584493637084961,3279
0.9584493637084961,3278
0.9584493637084961,3277
0.959449052810669,3276
0.959449052810669,3275
0.962446928024292,3274
0.9674437046051025,3273
0.9684429168701172,3272
0.9724409580230713,3271
0.9724409580230713,3270
0.9754388332366943,3269
0.989431619644165,3268
0.9954280853271484,3267
0.9994258880615234,3266
1.0004253387451172,3265
1.0004253387451172,3264
1.0024240016937256,3263
1.0174152851104736,3262
1.0184147357940674,3261
1.020413875579834,3260
1.0274097919464111,3259
1.0304076671600342,3258
1.0324060916900635,3257
1.03440523147583,3256
1.042400598526001,3255
1.0434000492095947,3254
1.0473978519439697,3253
1.054394006729126,3252
1.058391809463501,3251
1.0613899230957031,3250
1.0643882751464844,3249
1.0653877258300781,3248
1.0653877258300781,3247
1.0673861503601074,3246
1.0703847408294678,3245
1.0713837146759033,3244
1.0763812065124512,3243
1.0813779830932617,3242
1.0813779830932617,3241
1.0813779830932617,3240
1.0813779830932617,3239
1.0833773612976074,3238
1.0833773612976074,3237
1.08937406539917,3236
1.08937406539917,3235
1.0953702926635742,3234
1.0973689556121826,3233
1.0973689556121826,3232
1.1123600006103516,3231
1.1123600006103516,3230
1.1123600006103516,3229
1.1123600006103516,3228
1.1133596897125244,3227
1.1173574924468994,3226
1.1173574924468994,3225
1.1173574924468994,3224
1.1183569431304932,3223
1.1223547458648682,3222
1.1223547458648682,3221
1.1223547458648682,3220
1.126352310180664,3219
1.1283514499664307,3218
1.1283514499664307,3217
1.129350185394287,3216
1.1323485374450684,3215
1.1323485374450684,3214
1.1383450031280518,3213
1.1383450031280518,3212
1.1393446922302246,3211
1.1403439044952393,3210
1.1403439044952393,3209
1.14634108543396,3208
1.14634108543396,3207
1.14634108543396,3206
1.149339199066162,3205
1.149339199066162,3204
1.149339199066162,3203
1.1503376960754395,3202
1.1503376960754395,3201
1.152336597442627,3200
1.1603319644927979,3199
1.1613318920135498,3198
1.1613318920135498,3197
1.1643292903900146,3196
1.1653289794921875,3195
1.1663284301757812,3194
1.1663284301757812,3193
1.1693267822265625,3192
1.1693267822265625,3191
1.1693267822265625,3190
1.1703262329101562,3189
1.171325445175171,3188
1.1733243465423584,3187
1.1733243465423584,3186
1.1733243465423584,3185
1.1773231029510498,3184
1.1773231029510498,3183
1.1773231029510498,3182
1.1803209781646729,3181
1.1813201904296875,3180
1.1813201904296875,3179
1.1823196411132812,3178
1.183319091796875,3177
1.183319091796875,3176
1.18731689453125,3175
1.1883163452148438,3174
1.1883163452148438,3173
1.1883163452148438,3172
1.1883163452148438,3171
1.1903150081634521,3170
1.194312334060669,3169
1.1953117847442627,3168
1.1973109245300293,3167
1.1983098983764648,3166
1.1983098983764648,3165
1.2003087997436523,3164
1.201308250427246,3163
1.201308250427246,3162
1.201308250427246,3161
1.2023077011108398,3160
1.2033071517944336,3159
1.205306053161621,3158
1.205306053161621,3157
1.2073047161102295,3156
1.2073047161102295,3155
1.2083044052124023,3154
1.2093040943145752,3153
1.2093040943145752,3152
1.210303783416748,3151
1.2123026847839355,3150
1.2123026847839355,3149
1.2133021354675293,3148
1.214301586151123,3147
1.2163007259368896,3146
1.2163007259368896,3145
1.2173006534576416,3144
1.2173006534576416,3143
1.2173006534576416,3142
1.218299150466919,3141
1.2202973365783691,3140
1.2252953052520752,3139
1.2252953052520752,3138
1.2252953052520752,3137
1.2252953052520752,3136
1.2272934913635254,3135
1.2272934913635254,3134
1.228292465209961,3133
1.228292465209961,3132
1.228292465209961,3131
1.229292392730713,3130
1.2302918434143066,3129
1.2302918434143066,3128
1.2312910556793213,3127
1.2322912216186523,3126
1.2372875213623047,3125
1.2372875213623047,3124
1.2372875213623047,3123
1.2412867546081543,3122
1.2422854900360107,3121
1.2422854900360107,3120
1.2462823390960693,3119
1.2462823390960693,3118
1.2482812404632568,3117
1.2502801418304443,3116
1.251279354095459,3115
1.2522788047790527,3114
1.2522788047790527,3113
1.2532782554626465,3112
1.2542777061462402,3111
1.2582767009735107,3110
1.2582767009735107,3109
1.260274887084961,3108
1.2612740993499756,3107
1.2612740993499756,3106
1.2622735500335693,3105
1.263273000717163,3104
1.263273000717163,3103
1.2662713527679443,3102
1.2702689170837402,3101
1.2722690105438232,3100
1.2722690105438232,3099
1.2732675075531006,3098
1.2742669582366943,3097
1.2742669582366943,3096
1.2772650718688965,3095
1.2772650718688965,3094
1.2772650718688965,3093
1.2792637348175049,3092
1.2802631855010986,3091
1.2802631855010986,3090
1.2812626361846924,3089
1.2812626361846924,3088
1.2812626361846924,3087
1.283261775970459,3086
1.2852604389190674,3085
1.287259578704834,3084
1.2882590293884277,3083
1.2882590293884277,3082
1.2892580032348633,3081
1.2892580032348633,3080
1.290257453918457,3079
1.292257308959961,3078
1.292257308959961,3077
1.2942562103271484,3076
1.2952556610107422,3075
1.2952556610107422,3074
1.2972548007965088,3073
1.2982540130615234,3072
1.2992534637451172,3071
1.3032500743865967,3070
1.3032500743865967,3069
1.3052489757537842,3068
1.306248664855957,3067
1.306248664855957,3066
1.3082473278045654,3065
1.30924654006958,3064
1.30924654006958,3063
1.310246229171753,3062
1.3122448921203613,3061
1.3122448921203613,3060
1.3122448921203613,3059
1.313244342803955,3058
1.3142437934875488,3057
1.3152430057525635,3056
1.3162434101104736,3055
1.318241834640503,3054
1.318241834640503,3053
1.3192412853240967,3052
1.3192412853240967,3051
1.3202404975891113,3050
1.3242378234863281,3049
1.3272356986999512,3048
1.3272356986999512,3047
1.3272356986999512,3046
1.3302350044250488,3045
1.3312349319458008,3044
1.3342323303222656,3043
1.3372302055358887,3042
1.3382294178009033,3041
1.339228868484497,3040
1.339228868484497,3039
1.3412277698516846,3038
1.3412277698516846,3037
1.3412277698516846,3036
1.3442261219024658,3035
1.3452253341674805,3034
1.3462247848510742,3033
1.3462247848510742,3032
1.3482236862182617,3031
1.3492228984832764,3030
1.3492228984832764,3029
1.3532211780548096,3028
1.3532211780548096,3027
1.3532211780548096,3026
1.35621976852417,3025
1.35621976852417,3024
1.3592181205749512,3023
1.3602173328399658,3022
1.363215684890747,3021
1.3642151355743408,3020
1.3642151355743408,3019
1.3642151355743408,3018
1.366231918334961,3017
1.3672313690185547,3016
1.373227596282959,3015
1.3742272853851318,3014
1.3752269744873047,3013
1.3752269744873047,3012
1.3762261867523193,3011
1.3762261867523193,3010
1.3782248497009277,3009
1.3802235126495361,3008
1.3832051753997803,3007
1.3852040767669678,3006
1.3862032890319824,3005
1.38820219039917,3004
1.38820219039917,3003
1.38820219039917,3002
1.38820219039917,3001
1.3902008533477783,3000
1.391200304031372,2999
1.392199993133545,2998
1.3931994438171387,2997
1.3931994438171387,2996
1.3941986560821533,2995
1.3982136249542236,2994
1.3992125988006592,2993
1.3992125988006592,2992
1.4032108783721924,2991
1.4052095413208008,2990
1.4052095413208008,2989
1.4062087535858154,2988
1.408207654953003,2987
1.4151854515075684,2986
1.4171838760375977,2985
1.4171838760375977,2984
1.4191827774047852,2983
1.4191827774047852,2982
1.420182228088379,2981
1.4211814403533936,2980
1.4221811294555664,2979
1.4231805801391602,2978
1.4231805801391602,2977
1.4241797924041748,2976
1.4241797924041748,2975
1.4271783828735352,2974
1.4281971454620361,2973
1.4291958808898926,2972
1.4301950931549072,2971
1.4301950931549072,2970
1.4301950931549072,2969
1.43119478225708,2968
1.432194709777832,2967
1.4331939220428467,2966
1.4331939220428467,2965
1.4341933727264404,2964
1.4341933727264404,2963
1.4411892890930176,2962
1.4431877136230469,2961
1.4441709518432617,2960
1.4441709518432617,2959
1.4451866149902344,2958
1.4451866149902344,2957
1.4511826038360596,2956
1.4551806449890137,2955
1.4561805725097656,2954
1.4561805725097656,2953
1.4571797847747803,2952
1.4571797847747803,2951
1.464158296585083,2950
1.4701550006866455,2949
1.4731533527374268,2948
1.4741528034210205,2947
1.4751510620117188,2946
1.4761500358581543,2945
1.477149486541748,2944
1.477149486541748,2943
1.4791481494903564,2942
1.4801476001739502,2941
1.481147289276123,2940
1.484145164489746,2939
1.4861443042755127,2938
1.4871435165405273,2937
1.4871435165405273,2936
1.488142967224121,2935
1.488142967224121,2934
1.489142656326294,2933
1.489142656326294,2932
1.4911432266235352,2931
1.4911432266235352,2930
1.4911432266235352,2929
1.495140790939331,2928
1.4961402416229248,2927
1.4961402416229248,2926
1.4971394538879395,2925
1.4971394538879395,2924
1.498138666152954,2923
1.498138666152954,2922
1.5011372566223145,2921
1.5011372566223145,2920
1.5051350593566895,2919
1.508150339126587,2918
1.512148380279541,2917
1.515146017074585,2916
1.515146017074585,2915
1.5161454677581787,2914
1.5161454677581787,2913
1.518144130706787,2912
1.51914381980896,2911
1.5211429595947266,2910
1.5221421718597412,2909
1.5301380157470703,2908
1.5321359634399414,2907
1.5321359634399414,2906
1.5361347198486328,2905
1.5371336936950684,2904
1.5391321182250977,2903
1.5421316623687744,2902
1.5421316623687744,2901
1.546128749847412,2900
1.5501270294189453,2899
1.5501270294189453,2898
1.5541253089904785,2897
1.557124376296997,2896
1.5581231117248535,2895
1.5591204166412354,2894
1.560122013092041,2893
1.5641179084777832,2892
1.5661168098449707,2891
1.568115234375,2890
1.569115161895752,2889
1.572113275527954,2888
1.572113275527954,2887
1.57611083984375,2886
1.57611083984375,2885
1.580108880996704,2884
1.5821073055267334,2883
1.5841064453125,2882
1.5841064453125,2881
1.5911026000976562,2880
1.5911026000976562,2879
1.5911026000976562,2878
1.592101812362671,2877
1.5941011905670166,2876
1.5960993766784668,2875
1.5970988273620605,2874
1.6010780334472656,2873
1.6010780334472656,2872
1.6040761470794678,2871
1.6050755977630615,2870
1.6050755977630615,2869
1.6070747375488281,2868
1.6070747375488281,2867
1.6100728511810303,2866
1.6100728511810303,2865
1.6120715141296387,2864
1.6120715141296387,2863
1.6120715141296387,2862
1.6180682182312012,2861
1.6200671195983887,2860
1.6210663318634033,2859
1.6260638236999512,2858
1.6320610046386719,2857
1.635059118270874,2856
1.6480510234832764,2855
1.6490507125854492,2854
1.650052547454834,2853
1.652050256729126,2852
1.652050256729126,2851
1.6530499458312988,2850
1.6540496349334717,2849
1.656048059463501,2848
1.6580452919006348,2847
1.6600446701049805,2846
1.6600446701049805,2845
1.6670403480529785,2844
1.673037052154541,2843
1.680051326751709,2842
1.684030532836914,2841
1.6850297451019287,2840
1.6850297451019287,2839
1.6890275478363037,2838
1.6890275478363037,2837
1.6900267601013184,2836
1.692025899887085,2835
1.6930255889892578,2834
1.6940245628356934,2833
1.6960234642028809,2832
1.703019380569458,2831
1.7040188312530518,2830
1.709017038345337,2829
1.7100155353546143,2828
1.7200102806091309,2827
1.7300045490264893,2826
1.755990743637085,2825
1.7629852294921875,2824
1.7669835090637207,2823
1.767984390258789,2822
1.772979974746704,2821
1.7739810943603516,2820
1.7799758911132812,2819
1.7869718074798584,2818
1.788970947265625,2817
1.8059611320495605,2816
1.809959888458252,2815
1.8169546127319336,2814
1.822951078414917,2813
1.8279485702514648,2812
1.8279485702514648,2811
1.8299469947814941,2810
1.8319461345672607,2809
1.8369429111480713,2808
1.8369429111480713,2807
1.8379435539245605,2806
1.8419411182403564,2805
1.8449389934539795,2804
1.8489367961883545,2803
1.8539328575134277,2802
1.8579320907592773,2801
1.8579320907592773,2800
1.8599295616149902,2799
1.8609297275543213,2798
1.8809177875518799,2797
1.8869149684906006,2796
1.8869149684906006,2795
1.8919119834899902,2794
1.8969082832336426,2793
1.9039053916931152,2792
1.9059042930603027,2791
1.9089021682739258,2790
1.9119007587432861,2789
1.9268910884857178,2788
1.931889295578003,2787
1.9358863830566406,2786
1.9418835639953613,2785
1.9458794593811035,2784
1.9458794593811035,2783
1.9488775730133057,2782
1.9508764743804932,2781
1.951875925064087,2780
1.9538748264312744,2779
1.9538748264312744,2778
1.9538748264312744,2777
1.9558746814727783,2776
1.9578733444213867,2775
1.9578733444213867,2774
1.9598720073699951,2773
1.9598720073699951,2772
1.9618706703186035,2771
1.9628703594207764,2770
1.9628703594207764,2769
1.967867136001587,2768
1.9728646278381348,2767
1.975862979888916,2766
1.9778616428375244,2765
1.9808592796325684,2764
1.9808592796325684,2763
1.9838573932647705,2762
1.9848568439483643,2761
1.9868576526641846,2760
1.987856149673462,2759
1.9948511123657227,2758
2.0008482933044434,2757
2.0108418464660645,2756
2.0128424167633057,2755
2.0128424167633057,2754
2.013840675354004,2753
2.016839027404785,2752
2.017839193344116,2751
2.01883864402771,2750
2.021836042404175,2749
2.0268518924713135,2748
2.0298495292663574,2747
2.031848192214966,2746
2.0338473320007324,2745
2.034846782684326,2744
2.034846782684326,2743
2.034846782684326,2742
2.034846782684326,2741
2.035846710205078,2740
2.0368456840515137,2739
2.0378448963165283,2738
2.0378448963165283,2737
2.038844347000122,2736
2.046839952468872,2735
2.047839403152466,2734
2.062812328338623,2733
2.065810441970825,2732
2.066828966140747,2731
2.0718252658843994,2730
2.0718252658843994,2729
2.0758233070373535,2728
2.0788211822509766,2727
2.0788211822509766,2726
2.0838019847869873,2725
2.0858006477355957,2724
2.088798761367798,2723
2.0907974243164062,2722
2.0927963256835938,2721
2.0947954654693604,2720
2.0947954654693604,2719
2.0977935791015625,2718
2.0977935791015625,2717
2.1017894744873047,2716
2.1027889251708984,2715
2.1037886142730713,2714
2.1147830486297607,2713
2.116783380508423,2712
2.1187806129455566,2711
2.1277754306793213,2710
2.132772445678711,2709
2.136770248413086,2708
2.1417675018310547,2707
2.1427667140960693,2706
2.143766164779663,2705
2.147763729095459,2704
2.1487629413604736,2703
2.1537604331970215,2702
2.1537604331970215,2701
2.16375470161438,2700
2.16375470161438,2699
2.1727495193481445,2698
2.1727495193481445,2697
2.1747491359710693,2696
2.182744026184082,2695
2.184743881225586,2694
2.184743881225586,2693
2.189739465713501,2692
2.189739465713501,2691
2.191739797592163,2690
2.194737434387207,2689
2.19673490524292,2688
2.1977343559265137,2687
2.1977343559265137,2686
2.200732469558716,2685
2.204730272293091,2684
2.207728624343872,2683
2.212725877761841,2682
2.214724540710449,2681
2.218722105026245,2680
2.2247209548950195,2679
2.2247209548950195,2678
2.226719379425049,2677
2.227717876434326,2676
2.239710807800293,2675
2.240710735321045,2674
2.240710735321045,2673
2.243708610534668,2672
2.2527034282684326,2671
2.2557032108306885,2670
2.2577016353607178,2669
2.2587008476257324,2668
2.259700298309326,2667
2.26069974899292,2666
2.26069974899292,2665
2.2636983394622803,2664
2.267695665359497,2663
2.268695116043091,2662
2.269693374633789,2661
2.2756893634796143,2660
2.2786879539489746,2659
2.280686616897583,2658
2.2826855182647705,2657
2.2926816940307617,2656
2.2966790199279785,2655
2.2966790199279785,2654
2.3016929626464844,2653
2.3016929626464844,2652
2.306689977645874,2651
2.307689905166626,2650
2.3086893558502197,2649
2.3086893558502197,2648
2.310687780380249,2647
2.3136861324310303,2646
2.314685344696045,2645
2.316666841506958,2644
2.318666696548462,2643
2.329659938812256,2642
2.3306593894958496,2641
2.3346571922302246,2640
2.3396542072296143,2639
2.3426525592803955,2638
2.3436520099639893,2637
2.3436520099639893,2636
2.3546438217163086,2635
2.363640308380127,2634
2.3646397590637207,2633
2.3656392097473145,2632
2.3686375617980957,2631
2.3726351261138916,2630
2.374634027481079,2629
2.374634027481079,2628
2.374634027481079,2627
2.374634027481079,2626
2.3776323795318604,2625
2.3816299438476562,2624
2.38262939453125,2623
2.396620273590088,2622
2.404615879058838,2621
2.4106123447418213,2620
2.4126131534576416,2619
2.43160080909729,2618
2.4335989952087402,2617
2.445592164993286,2616
2.4515886306762695,2615
2.4515886306762695,2614
2.4525880813598633,2613
2.4525880813598633,2612
2.4525880813598633,2611
2.4595839977264404,2610
2.465599536895752,2609
2.47259521484375,2608
2.47259521484375,2607
2.4805898666381836,2606
2.482588768005371,2605
2.4845876693725586,2604
2.4855871200561523,2603
2.4895665645599365,2602
2.4895665645599365,2601
2.490583896636963,2600
2.4975805282592773,2599
2.498579740524292,2598
2.498579740524292,2597
2.4995791912078857,2596
2.501577854156494,2595
2.5045576095581055,2594
2.514551877975464,2593
2.514551877975464,2592
2.5155513286590576,2591
2.5185515880584717,2590
2.5195508003234863,2589
2.5215494632720947,2588
2.5275461673736572,2587
2.5275461673736572,2586
2.5445361137390137,2585
2.551548957824707,2584
2.551548957824707,2583
2.55254864692688,2582
2.5545477867126465,2581
2.556546211242676,2580
2.562542676925659,2579
2.5705196857452393,2578
2.5805139541625977,2577
2.5975043773651123,2576
2.605499505996704,2575
2.6094977855682373,2574
2.6224911212921143,2573
2.6274874210357666,2572
2.6274874210357666,2571
2.628486394882202,2570
2.628486394882202,2569
2.6334850788116455,2568
2.63448429107666,2567
2.6464757919311523,2566
2.6504735946655273,2565
2.6504735946655273,2564
2.660470485687256,2563
2.662468910217285,2562
2.6994457244873047,2561
2.7004449367523193,2560
2.7184348106384277,2559
2.7214341163635254,2558
2.7214341163635254,2557
2.7254319190979004,2556
2.7254319190979004,2555
2.730428695678711,2554
2.730428695678711,2553
2.733426570892334,2552
2.7344260215759277,2551
2.7344260215759277,2550
2.761410713195801,2549
2.80338716506958,2548
2.81038236618042,2547
2.848360538482666,2546
2.8583548069000244,2545
2.861353874206543,2544
2.861353874206543,2543
2.864351272583008,2542
2.8673501014709473,2541
2.8673501014709473,2540
2.870347738265991,2539
2.881342887878418,2538
2.8963327407836914,2537
2.9063267707824707,2536
2.9093260765075684,2535
2.9093260765075684,2534
2.910325050354004,2533
2.912323236465454,2532
2.9263157844543457,2531
2.937310218811035,2530
2.938309669494629,2529
2.952300786972046,2528
2.9662928581237793,2527
2.9682905673980713,2526
2.969290018081665,2525
2.9712889194488525,2524
2.9712889194488525,2523
2.980283737182617,2522
2.9912774562835693,2521
2.9912774562835693,2520
3.0062694549560547,2519
3.007268190383911,2518
3.014263868331909,2517
3.0252578258514404,2516
3.0302555561065674,2515
3.032254219055176,2514
3.03825044631958,2513
3.042248010635376,2512
3.043247938156128,2511
3.0442469120025635,2510
3.0592398643493652,2509
3.060239553451538,2508
3.063237428665161,2507
3.0652363300323486,2506
3.0742480754852295,2505
3.079245090484619,2504
3.1012160778045654,2503
3.1052134037017822,2502
3.1072123050689697,2501
3.114208459854126,2500
3.131197452545166,2499
3.1591811180114746,2498
3.1631791591644287,2497
3.1711742877960205,2496
3.1781702041625977,2495
3.185166120529175,2494
3.185166120529175,2493
3.1911628246307373,2492
3.192162036895752,2491
3.1941609382629395,2490
3.1981582641601562,2489
3.2001569271087646,2488
3.210151195526123,2487
3.2191460132598877,2486
3.222144365310669,2485
3.2391350269317627,2484
3.2401349544525146,2483
3.2401349544525146,2482
3.249128818511963,2481
3.2501282691955566,2480
3.2591235637664795,2479
3.277113914489746,2478
3.2821104526519775,2477
3.285108804702759,2476
3.2861082553863525,2475
3.2901060581207275,2474
3.2951037883758545,2473
3.2991015911102295,2472
3.310093641281128,2471
3.310093641281128,2470
3.313091993331909,2469
3.32108736038208,2468
3.3270838260650635,2467
3.329082727432251,2466
3.339077949523926,2465
3.341075897216797,2464
3.34407377243042,2463
3.3450734615325928,2462
3.3540689945220947,2461
3.3550872802734375,2460
3.359083890914917,2459
3.37705659866333,2458
3.3790555000305176,2457
3.382053852081299,2456
3.3890480995178223,2455
3.394045352935791,2454
3.397043466567993,2453
3.397043466567993,2452
3.402040719985962,2451
3.4030404090881348,2450
3.4140336513519287,2449
3.4140336513519287,2448
3.41603422164917,2447
3.4230289459228516,2446
3.4290261268615723,2445
3.437020778656006,2444
3.4410181045532227,2443
3.4530112743377686,2442
3.455010175704956,2441
3.459007740020752,2440
3.4600071907043457,2439
3.4779982566833496,2438
3.4989852905273438,2437
3.5039827823638916,2436
3.5039827823638916,2435
3.5079801082611084,2434
3.515974998474121,2433
3.516974449157715,2432
3.526970148086548,2431
3.538963556289673,2430
3.538963556289673,2429
3.538963556289673,2428
3.5479583740234375,2427
3.5589520931243896,2426
3.5709450244903564,2425
3.5729427337646484,2424
3.573941946029663,2423
3.577939510345459,2422
3.580937623977661,2421
3.581937313079834,2420
3.5889346599578857,2419
3.5939319133758545,2418
3.602926731109619,2417
3.6099226474761963,2416
3.61092209815979,2415
3.6209163665771484,2414
3.622915267944336,2413
3.6289117336273193,2412
3.6359078884124756,2411
3.644902467727661,2410
3.6568939685821533,2409
3.6598923206329346,2408
3.6708881855010986,2407
3.6968729496002197,2406
3.7048685550689697,2405
3.7238564491271973,2404
3.7268564701080322,2403
3.7768256664276123,2402
3.777825355529785,2401
3.7988133430480957,2400
3.7988133430480957,2399
3.847784996032715,2398
3.8767688274383545,2397
3.9097492694854736,2396
3.913747549057007,2395
3.919743776321411,2394
3.9317376613616943,2393
3.9387316703796387,2392
3.9477264881134033,2391
3.956721782684326,2390
3.9607198238372803,2389
3.9617183208465576,2388
3.9657161235809326,2387
3.9667160511016846,2386
3.96771502494812,2385
3.9817068576812744,2384
3.9857046604156494,2383
3.9887027740478516,2382
3.9996964931488037,2381
4.003710031509399,2380
4.008710145950317,2379
4.010708570480347,2378
4.015706300735474,2377
4.016705751419067,2376
4.017704963684082,2375
4.0496861934661865,2374
4.063678026199341,2373
4.072673082351685,2372
4.08166766166687,2371
4.118628025054932,2370
4.151608943939209,2369
4.189588785171509,2368
4.206577301025391,2367
4.207577228546143,2366
4.212574005126953,2365
4.215572118759155,2364
4.231563091278076,2363
4.239558696746826,2362
4.247553586959839,2361
4.282533645629883,2360
4.306521415710449,2359
4.342500686645508,2358
4.364488124847412,2357
4.382476091384888,2356
4.408461093902588,2355
4.428449630737305,2354
4.429450035095215,2353
4.434446811676025,2352
4.434446811676025,2351
4.439444065093994,2350
4.439444065093994,2349
4.481438159942627,2348
4.4864349365234375,2347
4.529392957687378,2346
4.54538369178772,2345
4.5543787479400635,2344
