0.0,1021
0.01,1012
0.02,1009
0.03,1006
0.04,1002
0.05,995
0.06,991
0.07,988
0.08,983
0.09,978
0.1,975
0.11,969
0.12,964
0.13,961
0.14,954
0.15,947
0.16,941
0.17,936
0.18,932
0.19,929
0.2,924
0.21,917
0.22,912
0.23,909
0.24,907
0.25,902
0.26,897
0.27,893
0.28,886
0.29,880
0.3,874
0.31,871
0.32,865
0.33,860
0.34,855
0.35,847
0.36,840
0.37,836
0.38,831
0.39,829
0.4,826
0.41,821
0.42,818
0.43,815
0.44,812
0.45,808
0.46,803
0.47,799
0.48,798
0.49,796
0.5,794
0.51,794
0.52,789
0.53,788
0.54,786
0.55,784
0.56,782
0.57,780
0.58,776
0.59,771
0.6,769
0.61,767
0.62,766
0.63,766
0.64,765
0.65,764
0.66,764
0.67,764
0.68,764
0.69,762
0.7,761
0.71,760
0.72,760
0.73,759
0.74,759
0.75,759
0.76,758
0.77,757
0.78,755
0.79,753
0.8,753
0.81,752
0.82,752
0.83,752
0.84,752
0.85,750
0.86,750
0.87,750
0.88,749
0.89,748
0.9,748
0.91,748
0.92,748
0.93,748
0.94,747
0.95,747
0.96,747
0.97,747
0.98,746
0.99,746
1.0,745
1.01,745
1.02,744
1.03,744
1.04,743
