0.0,1131
0.01,1127
0.02,1123
0.03,1117
0.04,1112
0.05,1108
0.06,1102
0.07,1098
0.08,1094
0.09,1088
0.1,1082
0.11,1077
0.12,1073
0.13,1070
0.14,1067
0.15,1065
0.16,1060
0.17,1055
0.18,1049
0.19,1045
0.2,1041
0.21,1037
0.22,1032
0.23,1027
0.24,1022
0.25,1017
0.26,1011
0.27,1006
0.28,1000
0.29,995
0.3,989
0.31,983
0.32,978
0.33,973
0.34,969
0.35,966
0.36,962
0.37,958
0.38,955
0.39,952
0.4,948
0.41,945
0.42,939
0.43,934
0.44,928
0.45,923
0.46,919
0.47,915
0.48,910
0.49,906
0.5,901
0.51,896
0.52,892
0.53,888
0.54,883
0.55,877
0.56,871
0.57,866
0.58,862
0.59,857
0.6,851
0.61,846
0.62,843
0.63,839
0.64,836
0.65,832
0.66,829
0.67,826
0.68,823
0.69,820
0.7,818
0.71,813
0.72,808
0.73,803
0.74,800
0.75,798
0.76,795
0.77,792
0.78,790
0.79,786
0.8,781
0.81,775
0.82,772
0.83,771
0.84,767
0.85,765
0.86,762
0.87,759
0.88,758
0.89,755
0.9,752
0.91,750
0.92,747
0.93,742
0.94,737
0.95,734
0.96,732
0.97,730
0.98,729
0.99,725
1.0,721
1.01,716
1.02,713
1.03,709
1.04,705
1.05,704
1.06,699
1.07,695
1.08,691
1.09,687
1.1,685
1.11,682
1.12,680
1.13,677
1.14,675
1.15,673
1.16,671
1.17,669
1.18,669
1.19,666
1.2,665
1.21,664
1.22,662
1.23,660
1.24,659
1.25,658
1.26,658
1.27,655
1.28,653
1.29,652
1.3,651
1.31,649
1.32,645
1.33,645
1.34,644
1.35,643
1.36,642
1.37,642
1.38,642
1.39,639
1.4,639
1.41,637
1.42,636
1.43,633
1.44,633
1.45,631
1.46,631
1.47,631
1.48,631
1.49,630
1.5,629
1.51,629
1.52,628
1.53,627
1.54,626
1.55,625
1.56,623
1.57,623
1.58,622
1.59,622
1.6,621
1.61,620
1.62,620
1.63,618
1.64,617
1.65,617
1.66,616
1.67,616
1.68,616
1.69,616
1.7,616
1.71,616
1.72,616
1.73,616
1.74,616
1.75,616
1.76,616
1.77,616
1.78,616
