0.0,7610
0.01,7609
0.02,7608
0.03,7607
0.04,7606
0.05,7605
0.06,7604
0.07,7603
0.08,7602
0.09,7601
0.1,7599
0.11,7598
0.12,7597
0.13,7596
0.14,7595
0.15,7593
0.16,7592
0.17,7591
0.18,7590
0.19,7589
0.2,7587
0.21,7586
0.23,7585
0.24,7584
0.25,7583
0.26,7581
0.27,7580
0.28,7579
0.29,7578
0.31,7577
0.32,7576
0.34,7575
0.35,7574
0.36,7573
0.37,7572
0.38,7571
0.4,7570
0.42,7569
0.45,7568
0.47,7567
0.49,7566
0.51,7565
0.54,7564
0.56,7563
0.58,7562
0.59,7561
0.6,7560
0.61,7559
0.62,7558
0.63,7557
0.64,7556
0.65,7555
0.66,7554
0.67,7553
0.68,7552
0.69,7551
0.7,7550
0.71,7549
0.72,7548
0.73,7546
0.74,7545
0.75,7544
0.76,7544
0.77,7543
0.78,7542
0.8,7541
0.81,7540
0.83,7539
0.85,7537
0.86,7536
0.87,7535
0.88,7534
0.89,7533
0.9,7532
0.91,7531
0.92,7530
0.93,7529
0.94,7528
0.95,7527
0.96,7526
0.97,7524
0.98,7523
0.99,7522
1.0,7521
1.01,7520
1.02,7519
1.03,7517
1.04,7516
1.05,7515
1.06,7514
1.07,7513
1.08,7512
1.09,7511
1.1,7510
1.11,7509
1.12,7508
1.13,7507
1.14,7506
1.15,7505
1.16,7504
1.17,7503
1.18,7502
1.19,7501
1.2,7499
1.21,7498
1.22,7497
1.23,7497
1.24,7496
1.25,7495
1.26,7494
1.27,7493
1.28,7492
1.3,7491
1.31,7490
1.32,7489
1.33,7488
1.35,7487
1.37,7486
1.38,7485
1.4,7484
1.42,7483
1.43,7482
1.45,7481
1.47,7480
1.48,7479
1.49,7478
1.51,7477
1.54,7476
1.57,7475
1.59,7474
1.61,7473
1.64,7472
1.65,7471
1.66,7470
1.68,7468
1.69,7467
1.71,7466
1.72,7465
1.73,7464
1.74,7463
1.75,7462
1.76,7461
1.77,7460
1.79,7459
1.8,7458
1.81,7457
1.83,7456
1.85,7455
1.86,7454
1.87,7453
1.88,7453
1.89,7452
1.9,7451
1.91,7450
1.92,7449
1.93,7448
1.94,7447
1.95,7446
1.96,7444
1.97,7443
1.98,7442
1.99,7441
2.0,7440
2.02,7439
2.03,7438
2.04,7437
2.05,7436
2.06,7434
2.07,7433
2.08,7432
2.09,7431
2.1,7430
2.11,7429
2.12,7428
2.13,7427
2.14,7426
2.15,7425
2.16,7424
2.17,7423
2.18,7422
2.19,7421
2.2,7420
2.21,7418
2.22,7417
2.23,7416
2.24,7415
2.25,7414
2.26,7413
2.27,7412
2.28,7411
2.29,7410
2.3,7408
2.31,7407
2.32,7406
2.33,7405
2.34,7404
2.35,7403
2.36,7402
2.38,7401
2.39,7400
2.4,7399
2.41,7398
2.42,7397
2.43,7396
2.44,7395
2.45,7394
2.47,7393
2.49,7392
2.51,7391
2.54,7390
2.56,7389
2.58,7388
2.59,7387
2.61,7386
2.62,7385
2.63,7384
2.64,7383
2.65,7382
2.66,7382
2.67,7381
2.68,7380
2.69,7379
2.7,7377
2.71,7376
2.72,7375
2.73,7374
2.74,7373
2.75,7371
2.76,7370
2.77,7369
2.78,7368
2.79,7367
2.8,7366
2.81,7365
2.82,7364
2.83,7363
2.84,7362
2.85,7362
2.86,7361
2.87,7360
2.88,7359
2.89,7358
2.91,7357
2.92,7356
2.93,7355
2.94,7354
2.95,7353
2.96,7352
2.97,7351
2.98,7350
2.99,7348
3.0,7347
3.02,7346
3.03,7345
3.04,7344
3.05,7342
3.06,7341
3.07,7340
3.08,7339
3.09,7338
3.1,7336
3.11,7335
3.12,7334
3.13,7333
3.14,7331
3.15,7331
3.16,7330
3.17,7329
3.18,7329
3.19,7328
3.2,7327
3.21,7326
3.22,7325
3.23,7323
3.24,7323
3.25,7322
3.26,7321
3.27,7320
3.28,7319
3.29,7318
3.3,7317
3.31,7315
3.32,7314
3.33,7313
3.34,7312
3.35,7311
3.36,7309
3.37,7308
3.38,7307
3.4,7306
3.41,7305
3.42,7304
3.43,7303
3.44,7302
3.45,7301
3.46,7300
3.47,7299
3.48,7297
3.49,7296
3.5,7295
3.51,7294
3.52,7293
3.53,7292
3.54,7291
3.56,7289
3.57,7288
3.59,7286
3.6,7285
3.61,7284
3.62,7284
3.63,7283
3.64,7282
3.65,7281
3.66,7281
3.67,7279
3.68,7278
3.69,7277
3.7,7276
3.71,7275
3.72,7274
3.73,7273
3.74,7272
3.75,7271
3.76,7270
3.77,7269
3.78,7267
3.79,7266
3.8,7265
3.81,7264
3.83,7263
3.84,7263
3.85,7262
3.86,7261
3.87,7260
3.88,7259
3.89,7258
3.9,7258
3.91,7257
3.92,7256
3.93,7255
3.94,7254
3.95,7253
3.96,7252
3.97,7251
3.98,7250
3.99,7249
4.0,7247
4.01,7246
4.02,7245
4.03,7244
4.04,7243
4.05,7243
4.06,7242
4.07,7241
4.08,7240
4.09,7239
4.1,7238
4.11,7237
4.12,7235
4.13,7234
4.14,7233
4.15,7233
4.16,7232
4.17,7230
4.18,7229
4.19,7228
4.2,7227
4.21,7226
4.22,7225
4.23,7224
4.24,7223
4.25,7223
4.26,7222
4.27,7221
4.28,7220
4.29,7220
4.3,7219
4.31,7218
4.32,7217
4.33,7216
4.34,7215
4.35,7214
4.36,7213
4.37,7212
4.38,7211
4.39,7210
4.4,7209
4.41,7208
4.42,7207
4.43,7206
4.44,7205
4.45,7204
4.46,7203
4.47,7202
4.48,7202
4.49,7201
4.5,7200
4.51,7199
4.52,7198
4.53,7197
4.54,7196
4.55,7195
4.56,7194
4.57,7193
4.58,7192
4.59,7191
4.6,7190
4.61,7189
4.62,7188
4.63,7187
4.64,7187
4.65,7186
4.66,7184
4.67,7183
4.68,7182
4.69,7181
4.7,7181
4.71,7180
4.72,7180
4.73,7178
4.74,7178
4.76,7177
4.77,7176
4.78,7175
4.79,7174
4.8,7173
4.82,7172
4.83,7171
4.84,7171
4.86,7170
4.87,7169
4.88,7168
4.89,7167
4.9,7166
4.91,7165
4.92,7164
4.93,7163
4.94,7162
4.95,7160
4.96,7159
4.97,7158
4.98,7157
4.99,7156
5.0,7155
5.01,7154
5.02,7153
5.04,7152
5.05,7151
5.06,7150
5.07,7149
5.08,7148
5.09,7147
5.11,7146
5.12,7145
5.13,7144
5.14,7143
5.15,7143
5.16,7142
5.17,7141
5.18,7140
5.19,7139
5.2,7138
5.21,7137
5.22,7136
5.23,7135
5.24,7134
5.25,7133
5.26,7132
5.27,7131
5.28,7131
5.3,7130
5.31,7129
5.32,7128
5.33,7128
5.34,7127
5.36,7125
5.37,7124
5.38,7123
5.39,7122
5.4,7121
5.41,7120
5.42,7119
5.43,7118
5.44,7117
5.45,7116
5.46,7115
5.47,7114
5.49,7113
5.5,7112
5.51,7110
5.52,7109
5.53,7108
5.54,7107
5.55,7106
5.56,7105
5.57,7104
5.58,7103
5.59,7102
5.6,7101
5.61,7100
5.62,7099
5.63,7098
5.64,7097
5.65,7096
5.66,7095
5.67,7094
5.68,7093
5.69,7092
5.7,7091
5.71,7090
5.72,7089
5.73,7088
5.74,7086
5.75,7085
5.76,7084
5.77,7084
5.78,7083
5.79,7082
5.8,7081
5.81,7080
5.82,7080
5.83,7079
5.84,7078
5.85,7077
5.86,7076
5.88,7075
5.89,7074
5.9,7073
5.91,7072
5.92,7071
5.93,7070
5.94,7069
5.96,7068
5.97,7067
5.98,7066
5.99,7064
6.0,7063
6.01,7062
6.02,7061
6.03,7060
6.04,7059
6.05,7058
6.06,7057
6.07,7056
6.08,7055
6.09,7054
6.1,7052
6.11,7052
6.12,7051
6.13,7050
6.14,7048
6.15,7047
6.16,7046
6.17,7045
6.18,7044
6.19,7043
6.2,7042
6.21,7041
6.22,7040
6.23,7038
6.24,7037
6.25,7036
6.26,7035
6.27,7033
6.28,7032
6.29,7031
6.3,7030
6.31,7030
6.32,7029
6.33,7028
6.34,7027
6.35,7026
6.36,7024
6.37,7023
6.38,7022
6.39,7021
6.4,7020
6.41,7019
6.42,7018
6.43,7017
6.45,7016
6.46,7015
6.47,7014
6.49,7013
6.51,7012
6.53,7012
6.56,7011
6.58,7011
6.6,7010
6.62,7009
6.64,7008
6.65,7007
6.66,7006
6.67,7005
6.68,7004
6.69,7004
6.7,7003
6.71,7002
6.72,7001
6.73,7001
6.74,7000
6.75,6998
6.76,6997
6.77,6996
6.78,6995
6.79,6994
6.8,6993
6.81,6992
6.82,6991
6.83,6990
6.84,6989
6.85,6988
6.86,6987
6.87,6986
6.88,6985
6.89,6984
6.9,6984
6.91,6983
6.92,6982
6.93,6981
6.99,6980
7.0,6980
7.02,6979
7.04,6979
7.07,6979
7.09,6978
7.11,6977
7.12,6976
7.14,6975
7.15,6974
7.16,6973
7.17,6972
7.18,6971
7.19,6970
7.2,6969
7.21,6969
7.22,6968
7.23,6967
7.24,6966
7.25,6965
7.26,6964
7.27,6963
7.28,6962
7.29,6961
7.3,6960
7.31,6959
7.32,6958
7.33,6957
7.34,6956
7.35,6954
7.36,6953
7.38,6952
7.39,6952
7.4,6951
7.41,6950
7.42,6949
7.43,6948
7.44,6947
7.45,6946
7.46,6945
7.47,6944
7.48,6943
7.49,6942
7.5,6941
7.51,6940
7.52,6938
7.53,6937
7.54,6936
7.55,6935
7.56,6934
7.57,6933
7.58,6933
7.59,6932
7.6,6931
7.61,6929
7.62,6928
7.63,6927
7.64,6927
7.66,6926
7.67,6925
7.69,6925
7.71,6924
7.72,6923
7.73,6922
7.74,6921
7.76,6921
7.77,6920
7.78,6919
7.79,6918
7.8,6917
7.81,6916
7.83,6915
7.84,6914
7.85,6913
7.86,6912
7.87,6911
7.88,6910
7.89,6909
7.9,6908
7.91,6907
7.95,6906
7.98,6905
8.0,6904
8.02,6903
8.04,6902
8.06,6901
8.08,6901
8.1,6900
8.12,6899
8.14,6898
8.17,6897
8.18,6897
8.19,6896
8.2,6895
8.22,6894
8.23,6894
8.25,6893
8.26,6893
8.27,6892
8.28,6891
8.3,6890
8.31,6889
8.32,6888
8.33,6887
8.34,6886
8.36,6885
8.37,6884
8.38,6884
8.39,6883
8.4,6882
8.41,6881
8.42,6881
8.43,6881
8.44,6880
8.45,6879
8.46,6879
8.48,6878
8.5,6877
8.51,6876
8.52,6875
8.53,6874
8.54,6873
8.55,6873
8.56,6872
8.57,6871
8.58,6871
8.59,6870
8.6,6869
8.62,6869
8.63,6868
8.64,6867
8.65,6867
8.66,6866
8.67,6865
8.68,6864
8.69,6863
8.7,6863
8.71,6862
8.72,6861
8.73,6859
8.74,6858
8.75,6857
8.77,6857
8.78,6856
8.79,6855
8.8,6854
8.81,6853
8.82,6852
8.83,6850
8.84,6850
8.85,6849
8.86,6848
8.88,6847
8.89,6846
8.9,6845
8.91,6843
8.92,6842
8.93,6841
8.95,6840
8.96,6839
8.97,6838
8.98,6836
8.99,6835
9.0,6835
9.01,6834
9.02,6832
9.03,6831
9.04,6830
9.05,6829
9.06,6829
9.07,6828
9.08,6827
9.09,6826
9.1,6825
9.12,6824
9.13,6823
9.14,6822
9.15,6822
9.16,6821
9.17,6820
9.19,6819
9.2,6818
9.21,6818
9.22,6818
9.24,6817
9.26,6816
9.27,6815
9.28,6814
9.29,6813
9.36,6812
9.38,6812
9.4,6811
9.43,6810
9.45,6809
9.46,6808
9.47,6807
9.48,6806
9.49,6805
9.5,6804
9.51,6803
9.52,6802
9.53,6802
9.54,6800
9.55,6799
9.56,6798
9.57,6797
9.58,6796
9.59,6795
9.6,6794
9.61,6794
9.62,6793
9.63,6792
9.64,6791
9.65,6790
9.66,6789
9.67,6788
9.68,6787
9.69,6786
9.7,6784
9.71,6783
9.72,6783
9.73,6782
9.74,6781
9.75,6779
9.76,6778
9.77,6777
9.78,6776
9.79,6774
9.8,6774
9.81,6773
9.82,6772
9.83,6770
9.84,6769
9.85,6768
9.86,6767
9.87,6766
9.88,6764
9.89,6764
9.9,6763
9.91,6762
9.92,6761
9.93,6759
9.94,6758
9.95,6757
9.96,6756
9.97,6755
9.98,6754
9.99,6753
10.0,6752
10.01,6751
10.02,6751
10.03,6750
10.04,6750
10.05,6749
10.06,6749
10.07,6748
10.08,6748
10.09,6748
10.1,6747
10.11,6745
10.13,6744
10.14,6743
10.15,6742
10.16,6740
10.17,6739
10.19,6737
10.2,6736
10.21,6735
10.22,6734
10.23,6733
10.24,6732
10.25,6731
10.26,6729
10.27,6728
10.28,6727
10.29,6726
10.3,6725
10.31,6724
10.32,6724
10.33,6723
10.34,6722
10.35,6721
10.36,6720
10.37,6719
10.38,6718
10.39,6717
10.4,6716
10.41,6715
10.42,6714
10.43,6714
10.44,6713
10.45,6712
10.46,6711
10.47,6711
10.48,6711
10.49,6711
10.5,6710
10.51,6709
10.52,6707
10.53,6706
10.54,6705
10.55,6704
10.56,6703
10.57,6702
10.58,6701
10.59,6699
10.6,6698
10.61,6697
10.62,6696
10.63,6695
10.64,6695
10.65,6695
10.66,6694
10.67,6693
10.68,6692
10.69,6691
10.7,6691
10.71,6690
10.72,6690
10.73,6690
10.74,6689
10.75,6687
10.76,6686
10.77,6685
10.78,6684
10.79,6683
10.8,6682
10.81,6681
10.82,6680
10.83,6679
10.84,6678
10.85,6678
10.86,6677
10.87,6675
10.88,6674
10.89,6673
10.9,6672
10.91,6671
10.92,6670
10.93,6669
10.94,6669
10.95,6668
10.96,6668
10.97,6666
10.98,6665
10.99,6664
11.0,6664
11.01,6663
11.02,6662
11.03,6661
11.04,6660
11.05,6659
11.06,6658
11.07,6657
11.08,6656
11.09,6655
11.1,6654
11.11,6653
11.12,6653
11.13,6652
11.14,6650
11.15,6649
11.16,6649
11.17,6648
11.18,6647
11.19,6645
11.2,6644
11.21,6643
11.22,6642
11.23,6641
11.24,6639
11.25,6638
11.26,6637
11.27,6636
11.28,6635
11.29,6635
11.3,6634
11.31,6633
11.32,6632
11.33,6631
11.35,6629
11.36,6628
11.37,6627
11.38,6626
11.39,6625
11.4,6624
11.41,6623
11.42,6622
11.43,6621
11.44,6619
11.45,6619
11.46,6618
11.47,6618
11.48,6617
11.49,6616
11.5,6615
11.51,6614
11.52,6614
11.53,6613
11.54,6613
11.56,6612
11.57,6611
11.58,6610
11.59,6608
11.6,6608
11.61,6607
11.62,6606
11.63,6605
11.64,6603
11.65,6602
11.66,6602
11.67,6601
11.68,6599
11.69,6598
11.7,6597
11.71,6596
11.72,6595
11.73,6594
11.74,6593
11.75,6592
11.77,6590
11.78,6589
11.79,6588
11.8,6587
11.81,6586
11.82,6584
11.83,6584
11.84,6584
11.85,6584
11.86,6584
11.87,6583
11.88,6582
11.89,6581
11.9,6580
11.91,6579
11.92,6578
11.93,6577
11.94,6576
11.95,6575
11.96,6575
11.97,6574
11.98,6573
11.99,6571
12.0,6570
12.01,6569
12.02,6568
12.03,6567
12.04,6565
12.05,6564
12.06,6563
12.07,6562
12.08,6561
12.09,6561
12.1,6560
12.11,6560
12.12,6559
12.13,6558
12.14,6557
12.15,6556
12.16,6556
12.17,6555
12.18,6554
12.19,6553
12.2,6552
12.21,6551
12.22,6550
12.23,6549
12.24,6548
12.25,6547
12.26,6547
12.27,6546
12.28,6544
12.29,6544
12.3,6543
12.31,6543
12.32,6542
12.33,6541
12.34,6540
12.35,6539
12.36,6539
12.37,6539
12.38,6539
12.39,6538
12.4,6538
12.41,6537
12.42,6536
12.43,6536
12.44,6536
12.45,6534
12.46,6533
12.47,6533
12.48,6533
12.49,6532
12.5,6531
12.52,6530
12.53,6530
12.54,6530
12.55,6529
12.56,6529
12.57,6528
12.58,6527
12.59,6526
12.6,6525
12.61,6524
12.62,6523
12.63,6522
12.64,6521
12.65,6520
12.66,6519
12.67,6518
12.68,6518
12.69,6517
12.7,6516
12.71,6516
12.72,6515
12.73,6514
12.74,6513
12.75,6512
12.76,6511
12.77,6510
12.78,6509
12.79,6508
12.8,6506
12.81,6505
12.82,6504
12.83,6503
12.84,6503
12.85,6503
12.86,6503
12.87,6502
12.88,6501
12.89,6500
12.9,6499
12.91,6497
12.92,6496
12.93,6495
12.94,6494
12.95,6493
12.96,6492
12.97,6491
12.98,6490
12.99,6490
13.0,6490
13.01,6489
13.02,6487
13.03,6486
13.05,6485
13.06,6485
13.07,6484
13.09,6483
13.11,6482
13.13,6481
13.14,6480
13.15,6479
13.16,6479
13.17,6478
13.18,6477
13.19,6476
13.2,6475
13.21,6475
13.22,6474
13.23,6473
13.24,6472
13.25,6471
13.26,6471
13.27,6470
13.28,6469
13.3,6468
13.31,6467
13.33,6466
13.34,6466
13.35,6465
13.36,6464
13.37,6464
13.38,6463
13.39,6462
13.4,6461
13.41,6460
13.42,6459
13.43,6458
13.44,6457
13.45,6455
13.47,6454
13.48,6454
13.49,6452
13.5,6451
13.51,6450
13.52,6450
13.53,6449
13.54,6448
13.55,6448
13.56,6447
13.57,6446
13.58,6446
13.59,6445
13.6,6444
13.61,6444
13.62,6442
13.63,6442
13.64,6441
13.65,6440
13.66,6439
13.67,6439
13.7,6438
13.71,6436
13.72,6435
13.73,6434
13.74,6433
13.75,6432
13.76,6430
13.77,6430
13.78,6429
13.79,6428
13.8,6427
13.82,6426
13.84,6425
13.86,6425
13.87,6424
13.88,6423
13.89,6422
13.9,6421
13.91,6420
13.92,6419
13.93,6419
13.94,6419
13.95,6418
13.96,6417
13.97,6417
13.98,6416
13.99,6415
14.0,6414
14.01,6413
14.02,6413
14.03,6413
14.05,6412
14.06,6411
14.07,6410
14.08,6410
14.09,6409
14.1,6408
14.11,6407
14.12,6406
14.13,6406
14.14,6405
14.15,6404
14.16,6403
14.17,6402
14.18,6401
14.19,6400
14.2,6399
14.21,6398
14.22,6397
14.23,6395
14.24,6394
14.25,6393
14.26,6393
14.27,6393
14.29,6391
14.3,6390
14.31,6389
14.32,6388
14.33,6387
14.34,6386
14.35,6385
14.36,6384
14.37,6384
14.38,6383
14.39,6383
14.4,6382
14.41,6381
14.42,6380
14.43,6380
14.44,6380
14.45,6379
14.46,6379
14.47,6377
14.48,6376
14.49,6375
14.5,6374
14.51,6373
14.52,6372
14.53,6372
14.54,6372
14.55,6372
14.56,6371
14.57,6370
14.58,6370
14.59,6369
14.6,6368
14.61,6368
14.62,6367
14.63,6366
14.64,6366
14.65,6365
14.66,6363
14.67,6362
14.68,6361
14.69,6361
14.7,6360
14.71,6359
14.72,6358
14.73,6357
14.74,6355
14.75,6354
14.77,6354
14.78,6353
14.79,6353
14.8,6353
14.81,6352
14.82,6352
14.83,6351
14.84,6349
14.85,6348
14.86,6347
14.87,6346
14.88,6345
14.89,6343
14.9,6342
14.91,6341
14.92,6341
14.93,6341
14.94,6340
14.95,6338
14.96,6338
14.97,6338
14.98,6337
14.99,6336
15.0,6335
15.01,6335
15.02,6334
15.03,6334
15.04,6333
15.05,6332
15.07,6331
15.08,6330
15.09,6329
15.1,6328
15.11,6328
15.12,6328
15.13,6327
15.14,6326
15.15,6325
15.16,6324
15.17,6322
15.18,6321
15.19,6320
15.2,6319
15.21,6318
15.22,6316
15.23,6315
15.24,6315
15.25,6315
15.26,6314
15.27,6313
15.28,6313
15.29,6312
15.3,6312
15.31,6312
15.32,6311
15.33,6310
15.34,6309
15.35,6309
15.36,6309
15.37,6308
15.38,6307
15.39,6306
15.4,6305
15.41,6304
15.42,6303
15.43,6302
15.44,6301
15.45,6300
15.46,6298
15.47,6298
15.48,6297
15.49,6296
15.5,6296
15.51,6296
15.52,6296
15.53,6295
15.54,6293
15.56,6292
15.57,6291
15.58,6290
15.59,6289
15.6,6288
15.61,6288
15.62,6287
15.63,6286
15.64,6285
15.65,6284
15.66,6283
15.67,6282
15.68,6281
15.69,6280
15.7,6279
15.71,6278
15.72,6277
15.73,6276
15.74,6274
15.75,6274
15.76,6273
15.77,6272
15.78,6272
15.79,6271
15.8,6271
15.81,6270
15.82,6269
15.83,6268
15.84,6267
15.85,6266
15.86,6264
15.88,6264
15.89,6262
15.9,6261
15.91,6260
15.92,6259
15.93,6258
15.94,6257
15.95,6255
15.97,6254
15.98,6254
15.99,6254
16.0,6254
16.01,6253
16.02,6252
16.03,6251
16.04,6250
16.05,6249
16.06,6248
16.07,6247
16.08,6247
16.09,6246
16.1,6246
16.11,6245
16.12,6244
16.13,6244
16.14,6242
16.15,6241
16.16,6240
16.17,6239
16.18,6239
16.19,6238
16.2,6237
16.21,6237
16.22,6236
16.23,6235
16.24,6234
16.25,6233
16.26,6232
16.27,6231
16.28,6230
16.29,6228
16.3,6227
16.31,6226
16.32,6225
16.33,6224
16.34,6223
16.35,6223
16.36,6223
16.37,6222
16.38,6222
16.39,6220
16.4,6219
16.41,6219
16.42,6218
16.43,6217
16.44,6216
16.45,6215
16.46,6215
16.47,6214
16.48,6214
16.49,6213
16.51,6211
16.52,6210
16.53,6210
16.54,6209
16.55,6208
16.56,6207
16.57,6206
16.58,6205
16.59,6204
16.6,6204
16.61,6203
16.62,6202
16.63,6201
16.64,6200
16.65,6199
16.66,6198
16.67,6198
16.68,6197
16.69,6196
16.7,6195
16.71,6194
16.72,6193
16.73,6192
16.74,6191
16.75,6190
16.76,6190
16.77,6190
16.78,6190
16.79,6190
16.8,6189
16.81,6188
16.82,6188
16.83,6187
16.84,6187
16.85,6187
16.86,6186
16.87,6186
16.88,6186
16.89,6185
16.9,6184
16.91,6183
16.92,6182
16.93,6182
16.94,6181
16.95,6180
16.96,6179
16.97,6177
16.98,6177
16.99,6176
17.0,6175
17.01,6174
17.02,6173
17.03,6173
17.04,6172
17.05,6172
17.06,6171
17.07,6170
17.08,6170
17.09,6168
17.1,6168
17.11,6168
17.12,6167
17.13,6166
17.15,6164
17.16,6164
17.17,6164
17.18,6163
17.19,6162
17.2,6162
17.21,6161
17.22,6160
17.23,6159
17.24,6158
17.25,6157
17.26,6156
17.27,6156
17.28,6155
17.29,6153
17.31,6152
17.32,6151
17.33,6150
17.34,6149
17.35,6149
17.36,6149
17.37,6148
17.38,6147
17.39,6145
17.4,6144
17.41,6143
17.42,6142
17.43,6141
17.44,6140
17.45,6139
17.46,6139
17.47,6138
17.48,6138
17.49,6136
17.5,6136
17.51,6135
17.53,6134
17.54,6133
17.55,6132
17.56,6131
17.57,6131
17.58,6131
17.59,6130
17.6,6130
17.61,6129
17.62,6129
17.63,6128
17.64,6127
17.65,6126
17.66,6125
17.67,6124
17.68,6123
17.69,6122
17.7,6120
17.71,6119
17.72,6118
17.73,6117
17.74,6116
17.75,6114
17.76,6113
17.77,6112
17.78,6111
17.79,6110
17.8,6108
17.81,6108
17.82,6107
17.83,6106
17.84,6104
17.86,6103
17.87,6102
17.88,6100
17.89,6099
17.9,6098
17.91,6097
17.92,6096
17.93,6095
17.94,6093
17.95,6092
17.96,6091
17.97,6090
17.98,6089
17.99,6088
18.0,6087
18.01,6086
18.02,6085
18.03,6084
18.04,6083
18.05,6082
18.06,6081
18.07,6080
18.08,6079
18.09,6077
18.1,6076
18.11,6075
18.12,6074
18.13,6073
18.14,6072
18.15,6072
18.16,6071
18.17,6069
18.18,6068
18.19,6067
18.2,6066
18.21,6065
18.22,6063
18.23,6062
18.24,6061
18.25,6060
18.26,6059
18.27,6058
18.28,6057
18.29,6056
18.3,6055
18.31,6054
18.32,6053
18.33,6052
18.34,6051
18.35,6051
18.36,6050
18.37,6049
18.38,6048
18.39,6047
18.4,6046
18.41,6044
18.42,6043
18.43,6042
18.44,6041
18.45,6040
18.46,6038
18.47,6037
18.48,6036
18.49,6035
18.5,6034
18.51,6034
18.52,6033
18.53,6032
18.54,6030
18.55,6029
18.56,6029
18.57,6028
18.58,6027
18.59,6026
18.6,6025
18.61,6024
18.62,6023
18.63,6022
18.64,6021
18.65,6019
18.66,6018
18.67,6017
18.68,6016
18.69,6014
18.7,6013
18.71,6013
18.72,6012
18.73,6011
18.74,6010
18.75,6009
18.76,6007
18.77,6006
18.78,6005
18.79,6004
18.8,6004
18.81,6002
18.83,6002
18.84,6001
18.85,6001
18.86,6000
18.87,5999
18.88,5998
18.9,5996
18.91,5995
18.92,5995
18.93,5994
18.94,5992
18.95,5991
18.96,5990
18.97,5989
18.98,5988
18.99,5987
19.0,5986
19.01,5985
19.02,5984
19.03,5983
19.04,5981
19.05,5981
19.06,5980
19.08,5979
19.11,5978
19.13,5977
19.15,5976
19.16,5975
19.17,5975
19.18,5974
19.19,5973
19.2,5971
19.21,5971
19.22,5970
19.23,5969
19.24,5968
19.25,5967
19.26,5966
19.27,5965
19.28,5964
19.29,5962
19.31,5961
19.32,5960
19.33,5959
19.34,5958
19.35,5957
19.36,5956
19.37,5954
19.38,5953
19.39,5952
19.4,5951
19.41,5950
19.42,5949
19.43,5948
19.44,5947
19.45,5945
19.46,5944
19.47,5943
19.48,5942
19.49,5941
19.5,5940
19.51,5939
19.52,5937
19.53,5936
19.54,5935
19.55,5934
19.56,5933
19.57,5932
19.58,5931
19.59,5930
19.61,5930
19.62,5929
19.63,5928
19.64,5927
19.65,5926
19.66,5925
19.67,5924
19.68,5923
19.69,5922
19.7,5921
19.71,5920
19.72,5919
19.73,5918
19.74,5917
19.75,5916
19.76,5915
19.77,5914
19.78,5912
19.79,5911
19.8,5910
19.81,5909
19.82,5908
19.83,5907
19.84,5906
19.85,5905
19.86,5904
19.87,5902
19.88,5902
19.9,5901
19.91,5900
19.93,5900
19.94,5899
19.95,5898
19.97,5897
19.98,5896
19.99,5895
20.0,5894
20.01,5893
20.02,5892
20.03,5891
20.04,5890
20.05,5889
20.06,5888
20.07,5887
20.08,5886
20.09,5884
20.1,5883
20.11,5882
20.12,5881
20.13,5880
20.14,5879
20.15,5878
20.16,5877
20.17,5877
20.18,5877
20.19,5876
20.2,5875
20.21,5874
20.22,5873
20.23,5872
20.24,5871
20.25,5869
20.26,5869
20.27,5868
20.28,5867
20.3,5867
20.31,5866
20.32,5865
20.33,5864
20.34,5863
20.35,5862
20.36,5861
20.37,5861
20.38,5861
20.39,5860
20.4,5859
20.41,5858
20.42,5857
20.43,5856
20.44,5856
20.45,5855
20.46,5854
20.47,5853
20.48,5852
20.49,5851
20.5,5850
20.51,5849
20.52,5848
20.53,5847
20.54,5845
20.55,5844
20.56,5843
20.57,5842
20.58,5841
20.59,5840
20.6,5839
20.61,5837
20.63,5837
20.64,5836
20.66,5834
20.67,5834
20.68,5833
20.69,5832
20.7,5832
20.71,5830
20.72,5829
20.73,5828
20.74,5827
20.75,5826
20.76,5825
20.77,5824
20.78,5823
20.79,5823
20.8,5822
20.81,5820
20.82,5819
20.83,5818
20.84,5817
20.85,5816
20.86,5816
20.87,5815
20.89,5814
20.9,5814
20.91,5814
20.92,5813
20.93,5812
20.94,5811
20.95,5811
20.96,5810
20.97,5809
20.98,5808
20.99,5808
21.0,5807
21.01,5806
21.02,5805
21.03,5804
21.04,5803
21.05,5802
21.06,5802
21.07,5801
21.08,5800
21.09,5798
21.1,5797
21.11,5796
21.12,5795
21.13,5794
21.14,5793
21.15,5792
21.16,5791
21.17,5791
21.18,5790
21.19,5789
21.2,5788
21.21,5788
21.23,5787
21.24,5785
21.26,5783
21.27,5783
21.28,5782
21.29,5782
21.3,5781
21.31,5781
21.32,5781
21.33,5781
21.34,5780
21.36,5779
21.37,5778
21.38,5778
21.39,5777
21.4,5776
21.41,5775
21.42,5774
21.43,5774
21.44,5773
21.45,5771
21.46,5770
21.47,5769
21.48,5768
21.5,5767
21.51,5766
21.52,5765
21.53,5764
21.54,5764
21.55,5763
21.56,5762
21.57,5762
21.58,5761
21.59,5760
21.6,5758
21.61,5757
21.62,5757
21.63,5756
21.64,5755
21.65,5753
21.66,5752
21.67,5752
21.68,5751
21.69,5750
21.7,5749
21.71,5748
21.72,5747
21.73,5746
21.74,5745
21.75,5744
21.76,5743
21.77,5743
21.78,5742
21.79,5740
21.8,5739
21.81,5738
21.82,5737
21.83,5736
21.84,5735
21.85,5734
21.86,5733
21.87,5732
21.88,5731
21.89,5730
21.9,5729
21.91,5728
21.92,5727
21.93,5726
21.94,5725
21.95,5725
21.96,5725
21.97,5724
21.98,5723
21.99,5722
22.0,5721
22.01,5719
22.02,5718
22.03,5717
22.04,5716
22.05,5715
22.06,5715
22.07,5715
22.08,5714
22.09,5713
22.1,5712
22.11,5711
22.12,5709
22.13,5708
22.14,5707
22.15,5706
22.16,5705
22.17,5704
22.18,5703
22.19,5702
22.2,5701
22.21,5699
22.22,5698
22.23,5698
22.24,5697
22.25,5696
22.26,5695
22.27,5694
22.28,5693
22.29,5693
22.3,5692
22.31,5690
22.32,5689
22.33,5688
22.34,5688
22.35,5687
22.36,5685
22.38,5684
22.39,5684
22.4,5683
22.41,5681
22.42,5680
22.43,5679
22.44,5679
22.45,5678
22.46,5677
22.47,5676
22.48,5675
22.49,5674
22.5,5673
22.52,5672
22.53,5671
22.54,5670
22.55,5669
22.56,5669
22.57,5668
22.58,5667
22.59,5665
22.61,5663
22.62,5662
22.63,5661
22.64,5660
22.65,5659
22.66,5658
22.67,5657
22.68,5656
22.69,5656
22.7,5656
22.71,5656
22.72,5655
22.73,5654
22.74,5653
22.75,5652
22.76,5651
22.77,5650
22.78,5649
22.79,5648
22.8,5647
22.81,5646
22.82,5645
22.83,5644
22.84,5644
22.85,5643
22.86,5642
22.87,5641
22.88,5639
22.89,5639
22.9,5638
22.91,5637
22.92,5636
22.93,5635
22.94,5634
22.95,5632
22.97,5631
22.98,5630
22.99,5629
23.0,5628
23.01,5627
23.02,5626
23.03,5625
23.04,5625
23.05,5624
23.06,5623
23.07,5622
23.08,5622
23.09,5621
23.1,5621
23.11,5619
23.12,5618
23.13,5617
23.14,5617
23.15,5616
23.16,5615
23.17,5614
23.18,5613
23.19,5611
23.2,5611
23.21,5611
23.22,5610
23.23,5609
23.24,5608
23.25,5608
23.26,5607
23.27,5606
23.28,5605
23.29,5604
23.3,5603
23.31,5602
23.32,5601
23.33,5601
23.34,5600
23.35,5599
23.37,5598
23.38,5597
23.39,5596
23.4,5595
23.41,5594
23.42,5593
23.43,5593
23.44,5592
23.45,5591
23.46,5591
23.47,5590
23.48,5589
23.49,5588
23.5,5587
23.51,5586
23.52,5585
23.53,5585
23.54,5584
23.55,5583
23.56,5582
23.57,5581
23.58,5580
23.59,5579
23.6,5578
23.61,5576
23.62,5575
23.63,5575
23.64,5574
23.65,5574
23.66,5573
23.67,5573
23.68,5573
23.69,5572
23.7,5571
23.71,5570
23.72,5569
23.73,5568
23.74,5567
23.75,5567
23.76,5566
23.77,5565
23.78,5565
23.8,5564
23.81,5562
23.82,5561
23.83,5560
23.84,5560
23.85,5559
23.86,5558
23.87,5557
23.88,5556
23.91,5554
23.92,5553
23.93,5552
23.94,5551
23.95,5550
23.96,5549
23.97,5548
23.98,5548
23.99,5547
24.0,5546
24.01,5545
24.02,5544
24.03,5543
24.04,5542
24.05,5542
24.06,5542
24.07,5542
24.08,5541
24.09,5541
24.1,5540
24.11,5539
24.12,5538
24.13,5538
24.14,5537
24.15,5536
24.16,5535
24.17,5535
24.18,5534
24.19,5533
24.2,5532
24.21,5531
24.22,5530
24.23,5529
24.24,5529
24.25,5528
24.26,5528
24.27,5527
24.28,5527
24.29,5527
24.3,5526
24.31,5525
24.32,5524
24.33,5523
24.34,5523
24.35,5522
24.36,5521
24.37,5520
24.38,5519
24.39,5518
24.4,5517
24.41,5517
24.42,5516
24.43,5515
24.44,5514
24.45,5513
24.46,5513
24.47,5512
24.48,5511
24.49,5510
24.5,5510
24.51,5509
24.52,5509
24.53,5508
24.54,5508
24.55,5507
24.56,5506
24.57,5505
24.58,5504
24.59,5503
24.6,5502
24.61,5501
24.62,5500
24.63,5499
24.68,5498
24.71,5498
24.72,5498
24.73,5498
24.74,5498
24.76,5498
24.77,5497
24.78,5496
24.8,5494
24.81,5494
24.82,5493
24.83,5492
24.84,5492
24.85,5491
24.86,5490
24.87,5489
24.88,5489
24.89,5489
24.9,5489
24.91,5488
24.92,5487
24.93,5486
24.94,5485
24.95,5485
24.96,5484
24.97,5484
24.98,5483
24.99,5481
25.0,5481
25.01,5480
25.02,5479
25.03,5478
25.04,5477
25.05,5476
25.06,5475
25.07,5474
25.08,5472
25.09,5472
25.1,5472
25.11,5471
25.12,5470
25.13,5469
25.14,5468
25.15,5467
25.16,5466
25.17,5465
25.18,5464
25.19,5463
25.2,5462
25.21,5461
25.22,5460
25.23,5459
25.24,5459
25.26,5458
25.27,5457
25.28,5456
25.3,5455
25.31,5454
25.32,5453
25.33,5452
25.34,5452
25.35,5452
25.36,5452
25.37,5452
25.38,5451
25.39,5451
25.4,5450
25.41,5449
25.42,5448
25.43,5447
25.44,5446
25.45,5445
25.46,5445
25.47,5444
25.48,5443
25.49,5442
25.5,5441
25.51,5440
25.52,5439
25.53,5438
25.54,5437
25.55,5436
25.56,5436
25.57,5436
25.58,5435
25.59,5433
25.6,5432
25.61,5431
25.62,5430
25.63,5429
25.64,5428
25.65,5427
25.67,5426
25.68,5425
25.69,5425
25.7,5424
25.71,5424
25.72,5423
25.73,5422
25.74,5422
25.75,5421
25.76,5419
25.77,5419
25.78,5418
25.79,5417
25.8,5417
25.81,5416
25.82,5415
25.83,5414
25.84,5413
25.85,5412
25.86,5412
25.87,5411
25.88,5410
25.89,5410
25.9,5409
25.91,5408
25.92,5407
25.93,5407
25.94,5407
25.95,5406
25.96,5405
25.97,5404
25.98,5404
25.99,5403
26.0,5403
26.01,5402
26.02,5402
26.03,5402
26.04,5401
26.05,5400
26.06,5399
26.07,5397
26.08,5396
26.09,5395
26.1,5394
26.11,5394
26.12,5392
26.13,5391
26.14,5390
26.15,5389
26.16,5388
26.17,5388
26.18,5388
26.19,5387
26.22,5386
26.23,5385
26.25,5384
26.26,5383
26.27,5383
26.28,5382
26.3,5382
26.31,5382
26.32,5381
26.33,5380
26.34,5380
26.35,5380
26.36,5379
26.37,5379
26.38,5378
26.39,5377
26.43,5376
26.45,5375
26.46,5374
26.47,5373
26.48,5373
26.49,5373
26.5,5372
26.51,5371
26.52,5370
26.53,5370
26.54,5369
26.55,5368
26.56,5368
26.57,5368
26.58,5367
26.59,5366
26.6,5365
26.61,5364
26.62,5363
26.64,5362
26.65,5361
26.66,5360
26.67,5359
26.68,5359
26.69,5358
26.7,5358
26.71,5357
26.72,5357
26.73,5356
26.74,5354
26.76,5353
26.77,5352
26.78,5350
26.79,5349
26.8,5349
26.81,5348
26.82,5347
26.83,5346
26.84,5345
26.85,5344
26.86,5344
26.87,5344
26.88,5343
26.89,5342
26.9,5341
26.91,5340
26.92,5339
26.93,5338
26.94,5338
26.95,5337
26.96,5337
26.97,5336
26.98,5335
26.99,5334
27.0,5333
27.01,5333
27.02,5332
27.03,5331
27.04,5331
27.05,5330
27.06,5329
27.07,5328
27.08,5328
27.09,5328
27.1,5328
27.11,5328
27.12,5328
27.13,5327
27.14,5326
27.15,5325
27.16,5325
27.17,5323
27.18,5322
27.19,5322
27.2,5321
27.21,5320
27.22,5319
27.23,5318
27.24,5317
27.25,5317
27.26,5316
27.27,5315
27.28,5314
27.29,5314
27.3,5313
27.31,5312
27.32,5312
27.33,5311
27.34,5310
27.35,5310
27.36,5309
27.38,5308
27.39,5307
27.4,5306
27.41,5305
27.42,5304
27.43,5304
27.44,5303
27.45,5301
27.46,5301
27.47,5299
27.48,5299
27.49,5299
27.5,5298
27.51,5297
27.52,5297
27.53,5296
27.54,5295
27.55,5294
27.56,5293
27.57,5292
27.58,5292
27.59,5291
27.6,5290
27.61,5290
27.63,5288
27.64,5288
27.65,5287
27.66,5286
27.67,5286
27.68,5286
27.69,5285
27.7,5284
27.71,5283
27.72,5283
27.73,5283
27.74,5282
27.75,5281
27.76,5281
27.77,5280
27.78,5280
27.79,5279
27.8,5277
27.81,5277
27.82,5276
27.83,5275
27.84,5274
27.85,5274
27.86,5273
27.87,5272
27.88,5271
27.89,5271
27.9,5270
27.91,5269
27.92,5268
27.93,5268
27.94,5267
27.95,5267
27.96,5266
27.97,5266
27.98,5265
27.99,5265
28.0,5263
28.01,5262
28.02,5262
28.03,5261
28.04,5260
28.05,5259
28.06,5258
28.07,5257
28.08,5256
28.09,5255
28.1,5253
28.11,5253
28.12,5252
28.13,5251
28.14,5250
28.15,5249
28.16,5249
28.17,5248
28.18,5247
28.19,5246
28.2,5245
28.21,5244
28.22,5243
28.23,5242
28.24,5242
28.3,5241
28.33,5240
28.35,5239
28.37,5238
28.39,5238
28.4,5237
28.41,5237
28.42,5236
28.43,5236
28.45,5235
28.46,5235
28.47,5234
28.48,5233
28.49,5233
28.5,5232
28.51,5232
28.52,5231
28.53,5231
28.54,5229
28.55,5229
28.56,5228
28.57,5227
28.58,5226
28.59,5225
28.6,5224
28.61,5223
28.62,5222
28.63,5221
28.64,5220
28.65,5220
28.66,5218
28.67,5217
28.68,5216
28.69,5216
28.7,5214
28.71,5213
28.72,5213
28.73,5212
28.74,5212
28.75,5212
28.76,5211
28.77,5210
28.79,5210
28.8,5209
28.81,5209
28.82,5208
28.84,5207
28.85,5207
28.86,5206
28.87,5204
28.88,5203
28.89,5202
28.9,5202
28.91,5201
28.92,5201
28.93,5200
28.94,5200
28.95,5199
28.96,5198
28.97,5197
28.98,5196
28.99,5196
29.01,5195
29.02,5194
29.03,5193
29.04,5192
29.05,5192
29.06,5191
29.07,5190
29.08,5189
29.09,5188
29.1,5187
29.11,5186
29.12,5186
29.14,5185
29.15,5184
29.16,5184
29.17,5183
29.18,5183
29.19,5182
29.2,5181
29.21,5180
29.22,5179
29.23,5178
29.24,5177
29.25,5176
29.26,5174
29.27,5174
29.28,5173
29.29,5173
29.3,5172
29.31,5171
29.32,5170
29.33,5170
29.34,5170
29.35,5170
29.36,5170
29.37,5169
29.38,5168
29.39,5167
29.4,5166
29.41,5166
29.42,5166
29.43,5165
29.44,5165
29.45,5164
29.46,5164
29.47,5163
29.48,5162
29.49,5161
29.5,5161
29.51,5161
29.52,5161
29.53,5160
29.54,5159
29.55,5158
29.56,5157
29.57,5157
29.58,5156
29.6,5154
29.61,5153
29.62,5153
29.63,5153
29.64,5153
29.65,5152
29.66,5152
29.68,5151
29.7,5151
29.71,5150
29.72,5149
29.74,5148
29.75,5147
29.76,5146
29.77,5145
29.78,5144
29.79,5144
29.8,5143
29.81,5142
29.82,5141
29.83,5140
29.84,5139
29.85,5138
29.86,5137
29.87,5136
29.88,5136
29.89,5136
29.9,5135
29.91,5134
29.92,5133
29.93,5132
29.94,5132
29.95,5132
29.96,5131
29.97,5131
29.98,5129
29.99,5129
30.0,5128
30.01,5127
30.02,5126
30.03,5125
30.04,5123
30.05,5122
30.06,5121
30.07,5120
30.08,5119
30.09,5118
30.1,5117
30.11,5117
30.12,5116
30.13,5115
30.14,5114
30.15,5114
30.16,5114
30.17,5113
30.18,5112
30.19,5112
30.2,5111
30.21,5111
30.22,5110
30.23,5109
30.24,5108
30.25,5107
30.26,5107
30.27,5106
30.28,5105
30.29,5105
30.3,5104
30.31,5103
30.32,5103
30.33,5102
30.34,5102
30.35,5102
30.36,5101
30.37,5100
30.38,5099
30.39,5098
30.4,5097
30.41,5096
30.42,5095
30.43,5095
30.44,5094
30.45,5093
30.46,5092
30.47,5092
30.48,5092
30.49,5091
30.5,5091
30.51,5090
30.52,5089
30.53,5088
30.54,5087
30.55,5087
30.56,5087
30.57,5085
30.59,5084
30.6,5084
30.61,5084
30.62,5084
30.63,5083
30.64,5082
30.65,5082
30.66,5081
30.67,5080
30.68,5079
30.69,5079
30.7,5079
30.71,5079
30.72,5079
30.73,5078
30.74,5078
30.75,5078
30.76,5078
30.77,5077
30.78,5076
30.79,5075
30.8,5075
30.81,5074
30.82,5074
30.83,5073
30.84,5073
30.85,5073
30.86,5072
30.87,5071
30.88,5070
30.89,5069
30.9,5069
30.91,5069
30.92,5068
30.95,5068
30.98,5068
31.0,5067
31.02,5066
31.04,5066
31.05,5066
31.07,5066
31.08,5066
31.09,5066
31.1,5066
31.12,5065
31.13,5064
31.14,5064
31.15,5063
31.16,5062
31.17,5062
31.18,5061
31.19,5060
31.2,5060
31.21,5059
31.22,5058
31.23,5057
31.24,5057
31.25,5056
31.26,5056
31.27,5056
31.28,5055
31.29,5054
31.3,5053
31.31,5053
31.32,5052
31.33,5052
31.34,5051
31.35,5050
31.37,5049
31.38,5049
31.4,5048
31.41,5048
31.42,5047
31.43,5046
31.44,5044
31.45,5044
31.46,5044
31.47,5044
31.48,5043
31.49,5043
31.5,5042
31.51,5042
31.52,5041
31.53,5040
31.54,5040
31.55,5039
31.56,5039
31.57,5038
31.58,5037
31.59,5037
31.6,5037
31.61,5036
31.62,5036
31.63,5036
31.64,5035
31.65,5034
31.66,5033
31.68,5032
31.69,5032
31.7,5031
31.71,5029
31.72,5029
31.73,5029
31.74,5029
31.75,5028
31.76,5027
31.77,5026
31.78,5026
31.79,5025
31.8,5024
31.81,5024
31.83,5023
31.85,5022
31.87,5020
31.88,5019
31.89,5018
31.9,5017
31.91,5017
31.92,5017
31.93,5017
31.94,5017
31.95,5016
31.96,5016
31.98,5016
31.99,5015
32.0,5014
32.01,5014
32.02,5013
32.04,5012
32.05,5011
32.07,5010
32.08,5010
32.1,5010
32.12,5010
32.13,5009
32.14,5008
32.15,5007
32.16,5006
32.17,5006
32.18,5005
32.19,5004
32.2,5004
32.21,5004
32.22,5003
32.23,5002
32.24,5002
32.25,5002
32.26,5001
32.27,5000
32.28,5000
32.29,5000
32.31,4999
32.32,4999
32.33,4998
32.34,4998
32.35,4998
32.36,4997
32.37,4996
32.38,4996
32.39,4996
32.4,4995
32.41,4994
32.42,4994
32.43,4993
32.44,4993
32.45,4993
32.46,4992
32.47,4991
32.48,4990
32.49,4989
32.5,4988
32.51,4987
32.52,4986
32.53,4986
32.54,4986
32.55,4985
32.56,4985
32.57,4984
32.58,4983
32.6,4982
32.61,4982
32.62,4981
32.63,4981
32.64,4981
32.65,4981
32.66,4981
32.67,4981
32.68,4980
32.69,4979
32.7,4978
32.71,4977
32.72,4976
32.73,4975
32.74,4975
32.75,4974
32.76,4974
32.77,4973
32.78,4973
32.79,4973
32.8,4972
32.81,4971
32.82,4971
32.83,4971
32.84,4971
32.85,4971
32.86,4971
32.87,4970
32.88,4970
32.89,4969
32.9,4968
32.92,4966
32.93,4966
32.94,4965
32.95,4964
32.96,4963
32.97,4963
32.98,4962
32.99,4961
33.0,4960
33.01,4959
33.02,4958
33.03,4957
33.04,4956
33.05,4955
33.06,4954
33.07,4952
33.08,4951
33.09,4950
33.1,4949
33.11,4949
33.12,4948
33.13,4947
33.14,4945
33.15,4944
33.16,4943
33.17,4943
33.18,4942
33.19,4941
33.2,4940
33.21,4939
33.22,4938
33.23,4938
33.24,4936
33.25,4935
33.26,4934
33.27,4934
33.28,4933
33.29,4932
33.3,4931
33.31,4931
33.32,4930
33.33,4929
33.34,4928
33.35,4926
33.37,4925
33.38,4924
33.39,4923
33.4,4922
33.41,4921
33.42,4920
33.43,4920
33.44,4919
33.45,4919
33.46,4918
33.47,4917
33.48,4916
33.49,4915
33.5,4914
33.51,4913
33.52,4913
33.53,4912
33.54,4912
33.55,4911
33.56,4910
33.57,4909
33.58,4908
33.59,4907
33.6,4906
33.61,4905
33.62,4904
33.67,4903
33.71,4902
33.73,4901
33.74,4900
33.76,4899
33.77,4898
33.79,4897
33.8,4896
33.82,4895
33.83,4894
33.84,4893
33.86,4892
33.87,4891
33.88,4891
33.89,4891
33.9,4890
33.91,4889
33.92,4888
33.93,4887
33.94,4886
33.95,4886
33.96,4884
33.97,4884
33.98,4883
34.0,4882
34.01,4881
34.02,4881
34.03,4880
34.04,4879
34.05,4879
34.06,4879
34.07,4878
34.08,4877
34.09,4876
34.1,4875
34.11,4874
34.12,4873
34.13,4873
34.14,4872
34.15,4871
34.16,4871
34.17,4871
34.18,4870
34.19,4869
34.2,4868
34.21,4867
34.22,4867
34.23,4866
34.24,4865
34.25,4864
34.26,4863
34.27,4862
34.28,4862
34.29,4861
34.3,4861
34.31,4859
34.33,4858
34.35,4858
34.36,4857
34.37,4857
34.38,4856
34.39,4855
34.4,4854
34.41,4853
34.42,4853
34.43,4852
34.44,4852
34.45,4852
34.46,4851
34.48,4850
34.49,4849
34.5,4849
34.51,4848
34.52,4847
34.53,4846
34.54,4844
34.56,4843
34.57,4842
34.58,4842
34.59,4841
34.6,4840
34.61,4840
34.62,4839
34.63,4838
34.64,4837
34.65,4836
34.66,4835
34.67,4835
34.68,4835
34.69,4834
34.7,4833
34.71,4832
34.72,4831
34.74,4831
34.75,4830
34.76,4830
34.77,4830
34.78,4829
34.79,4828
34.8,4827
34.82,4826
34.83,4825
34.84,4824
34.85,4824
34.86,4823
34.87,4822
34.88,4821
34.89,4820
34.9,4820
34.91,4819
34.92,4818
34.93,4818
34.94,4817
34.95,4817
34.97,4815
34.98,4815
34.99,4814
35.0,4814
35.02,4813
35.03,4812
35.04,4811
35.05,4810
35.07,4810
35.08,4809
35.1,4808
35.11,4807
35.13,4806
35.15,4806
35.17,4805
35.18,4804
35.21,4803
35.22,4803
35.23,4803
35.24,4803
35.25,4802
35.26,4801
35.27,4801
35.28,4800
35.29,4799
35.3,4799
35.31,4798
35.32,4797
35.33,4797
35.34,4796
35.35,4795
35.36,4794
35.37,4793
35.38,4792
35.39,4791
35.4,4790
35.41,4789
35.42,4788
35.43,4788
35.44,4788
35.45,4788
35.46,4787
35.47,4786
35.48,4785
35.49,4784
35.5,4783
35.51,4782
35.52,4782
35.53,4781
35.54,4780
35.55,4779
35.56,4778
35.57,4777
35.58,4776
35.59,4775
35.6,4774
35.61,4773
35.62,4771
35.63,4771
35.64,4770
35.65,4769
35.67,4768
35.68,4768
35.69,4767
35.71,4767
35.72,4766
35.73,4765
35.74,4764
35.75,4763
35.76,4763
35.77,4763
35.78,4762
35.79,4762
35.8,4761
35.81,4760
35.83,4758
35.84,4757
35.9,4756
35.92,4755
35.94,4754
35.98,4753
36.0,4752
36.02,4751
36.03,4750
36.04,4750
36.05,4750
36.06,4750
36.07,4749
36.08,4748
36.09,4748
36.1,4748
36.11,4747
36.12,4746
36.13,4745
36.14,4744
36.15,4743
36.16,4742
36.17,4742
36.18,4741
36.19,4741
36.2,4740
36.21,4740
36.22,4739
36.23,4739
36.24,4738
36.25,4737
36.26,4736
36.27,4735
36.28,4735
36.29,4734
36.3,4733
36.31,4732
36.32,4732
36.33,4732
36.34,4730
36.35,4729
36.36,4728
36.37,4727
36.38,4726
36.39,4725
36.4,4725
36.41,4724
36.42,4723
36.43,4722
36.44,4722
36.45,4722
36.46,4721
36.47,4720
36.48,4719
36.49,4718
36.5,4717
36.51,4716
36.52,4715
36.53,4714
36.54,4713
36.55,4712
36.56,4712
36.57,4712
36.58,4712
36.59,4712
36.6,4711
36.61,4710
36.62,4710
36.63,4710
36.64,4709
36.65,4708
36.66,4708
36.67,4708
36.68,4708
36.69,4707
36.7,4706
36.71,4706
36.72,4705
36.73,4704
36.74,4703
36.75,4703
36.76,4702
36.77,4701
36.78,4701
36.79,4700
36.8,4699
36.81,4699
36.82,4698
36.83,4697
36.84,4696
36.85,4695
36.86,4695
36.87,4695
36.88,4694
36.89,4693
36.9,4691
36.91,4691
36.92,4691
36.93,4690
36.94,4689
36.95,4689
36.96,4689
36.97,4688
36.98,4688
36.99,4688
37.0,4688
37.01,4688
37.02,4687
37.03,4686
37.04,4685
37.05,4685
37.06,4685
37.07,4684
37.08,4684
37.09,4683
37.1,4683
37.11,4683
37.12,4681
37.14,4680
37.15,4679
37.16,4679
37.17,4678
37.18,4677
37.19,4676
37.2,4675
37.21,4675
37.22,4675
37.23,4675
37.24,4674
37.25,4673
37.26,4672
37.27,4671
37.29,4670
37.31,4670
37.32,4669
37.33,4669
37.34,4668
37.35,4668
37.36,4667
37.37,4667
37.38,4666
37.39,4665
37.4,4664
37.41,4664
37.42,4664
37.43,4664
37.44,4664
37.45,4664
37.46,4664
37.49,4663
37.51,4663
37.52,4662
37.53,4662
37.55,4661
37.56,4660
37.57,4659
37.58,4658
37.59,4657
37.6,4657
37.61,4656
37.62,4655
37.63,4654
37.64,4653
37.65,4653
37.67,4652
37.68,4652
37.69,4651
37.7,4651
37.71,4651
37.72,4650
37.73,4650
37.74,4650
37.75,4649
37.76,4648
37.77,4647
37.78,4647
37.79,4646
37.8,4645
37.81,4644
37.83,4643
37.84,4643
37.85,4642
37.86,4641
37.87,4640
37.88,4640
37.89,4640
37.9,4640
37.91,4639
37.92,4639
37.93,4639
37.94,4638
37.95,4637
37.96,4636
37.97,4635
37.98,4635
37.99,4635
38.0,4634
38.01,4634
38.02,4634
38.03,4633
38.04,4632
38.05,4632
38.06,4632
38.07,4630
38.08,4629
38.09,4629
38.1,4629
38.11,4628
38.12,4627
38.13,4627
38.14,4626
38.15,4625
38.16,4624
38.17,4624
38.18,4623
38.19,4622
38.21,4622
38.22,4621
38.23,4620
38.24,4620
38.25,4619
38.26,4617
38.27,4616
38.28,4616
38.29,4616
38.3,4615
38.36,4615
38.38,4615
38.39,4615
38.42,4614
38.45,4613
38.46,4613
38.48,4613
38.5,4612
38.51,4611
38.52,4611
38.53,4611
38.54,4611
38.55,4610
38.56,4609
38.57,4608
38.58,4608
38.59,4607
38.6,4606
38.61,4606
38.62,4605
38.63,4604
38.64,4604
38.65,4603
38.66,4603
38.67,4603
38.68,4603
38.69,4602
38.7,4601
38.71,4600
38.72,4599
38.73,4599
38.74,4599
38.75,4598
38.76,4598
38.77,4597
38.78,4597
38.79,4597
38.8,4596
38.81,4595
38.82,4594
38.83,4594
38.84,4594
38.85,4593
38.86,4593
38.87,4592
38.89,4591
38.9,4591
38.91,4591
38.92,4591
38.93,4591
38.94,4591
38.95,4591
38.96,4591
38.97,4590
38.98,4589
38.99,4588
39.0,4587
39.01,4586
39.03,4585
39.04,4585
39.05,4584
39.06,4584
39.07,4584
39.08,4584
39.09,4583
39.1,4582
39.11,4581
39.12,4580
39.13,4580
39.14,4579
39.15,4578
39.16,4577
39.17,4576
39.18,4576
39.19,4575
39.2,4574
39.21,4573
39.22,4573
39.23,4572
39.24,4571
39.25,4571
39.26,4570
39.27,4569
39.28,4569
39.29,4568
39.3,4568
39.31,4568
39.32,4568
39.33,4567
39.34,4566
39.36,4565
39.37,4564
39.38,4564
39.39,4563
39.4,4562
39.41,4561
39.42,4561
39.43,4560
39.44,4559
39.45,4559
39.46,4558
39.48,4557
39.49,4556
39.5,4555
39.51,4554
39.52,4554
39.53,4554
39.54,4554
39.55,4553
39.56,4553
39.57,4552
39.58,4551
39.59,4551
39.6,4550
39.61,4550
39.62,4550
39.63,4549
39.64,4548
39.65,4547
39.66,4547
39.67,4547
39.68,4546
39.69,4544
39.7,4543
39.71,4542
39.72,4541
39.73,4541
39.74,4541
39.75,4540
39.76,4540
39.77,4540
39.78,4539
39.79,4538
39.8,4538
39.81,4537
39.82,4536
39.83,4535
39.84,4534
39.85,4533
39.86,4532
39.87,4531
39.88,4530
39.89,4529
39.9,4528
39.91,4527
39.92,4527
39.93,4526
39.94,4526
39.95,4526
39.99,4526
40.01,4526
40.03,4526
40.04,4526
40.07,4526
40.09,4526
40.1,4525
40.11,4525
40.13,4524
40.14,4524
40.15,4523
40.16,4523
40.17,4522
40.18,4521
40.19,4521
40.2,4520
40.21,4519
40.22,4519
40.23,4518
40.24,4517
40.25,4517
40.26,4516
40.27,4516
40.28,4515
40.29,4514
40.3,4513
40.31,4513
40.32,4513
40.33,4513
40.34,4512
40.35,4511
40.36,4510
40.37,4509
40.38,4509
40.39,4508
40.4,4507
40.41,4507
40.42,4506
40.43,4505
40.44,4504
40.45,4503
40.46,4502
40.47,4501
40.48,4500
40.49,4499
40.5,4499
40.51,4498
40.52,4498
40.53,4497
40.54,4497
40.55,4497
40.56,4497
40.57,4496
40.58,4495
40.59,4494
40.61,4493
40.62,4493
40.63,4493
40.64,4492
40.65,4491
40.66,4490
40.67,4489
40.68,4488
40.69,4488
40.71,4486
40.72,4486
40.73,4486
40.74,4485
40.75,4484
40.76,4483
40.77,4482
40.78,4481
40.79,4479
40.8,4479
40.81,4479
40.82,4478
40.83,4477
40.84,4476
40.85,4476
40.86,4475
40.87,4475
40.88,4474
40.89,4474
40.9,4474
40.91,4474
40.92,4473
40.93,4472
40.94,4471
40.95,4470
40.96,4470
40.97,4469
40.98,4468
40.99,4467
41.0,4466
41.01,4465
41.02,4465
41.03,4464
41.04,4464
41.05,4464
41.06,4463
41.07,4462
41.08,4461
41.09,4461
41.11,4461
41.12,4460
41.13,4460
41.14,4460
41.15,4460
41.16,4460
41.17,4459
41.18,4458
41.19,4457
41.2,4456
41.21,4455
41.22,4454
41.23,4453
41.24,4453
41.25,4453
41.26,4453
41.27,4452
41.28,4452
41.29,4452
41.3,4452
41.31,4451
41.32,4451
41.33,4450
41.34,4450
41.35,4450
41.36,4449
41.37,4449
41.38,4448
41.39,4447
41.4,4446
41.41,4445
41.42,4443
41.43,4442
41.45,4441
41.46,4441
41.47,4440
41.48,4439
41.49,4438
41.5,4438
41.51,4438
41.52,4437
41.53,4437
41.55,4436
41.57,4435
41.58,4434
41.59,4434
41.6,4433
41.61,4432
41.63,4430
41.65,4430
41.66,4430
41.67,4429
41.68,4429
41.69,4429
41.7,4429
41.71,4429
41.72,4428
41.73,4427
41.74,4426
41.75,4425
41.76,4425
41.77,4425
41.78,4425
41.79,4424
41.8,4423
41.81,4423
41.82,4422
41.83,4421
41.84,4421
41.85,4421
41.86,4420
41.87,4419
41.88,4418
41.89,4418
41.9,4416
41.91,4416
41.92,4416
41.93,4416
41.94,4415
41.95,4414
41.96,4413
41.97,4413
41.98,4412
41.99,4411
42.0,4410
42.01,4409
42.02,4408
42.03,4407
42.04,4407
42.05,4407
42.06,4407
42.07,4406
42.08,4405
42.09,4405
42.1,4403
42.11,4403
42.12,4402
42.13,4402
42.14,4401
42.16,4400
42.17,4400
42.18,4400
42.19,4400
42.2,4400
42.21,4400
42.22,4399
42.23,4399
42.24,4398
42.25,4398
42.26,4398
42.27,4398
42.28,4397
42.29,4397
42.3,4397
42.31,4397
42.32,4397
42.33,4396
42.34,4395
42.36,4394
42.37,4393
42.38,4392
42.4,4391
42.41,4389
42.42,4389
42.43,4388
42.44,4388
42.45,4388
42.46,4387
42.47,4386
42.48,4386
42.49,4386
42.5,4386
42.51,4386
42.52,4386
42.53,4385
42.54,4385
42.55,4385
42.56,4385
42.57,4385
42.58,4385
42.59,4385
42.6,4385
42.61,4385
42.62,4385
42.63,4384
42.64,4384
42.65,4383
42.66,4383
42.67,4382
42.68,4381
42.69,4381
42.7,4380
42.71,4380
42.73,4379
42.74,4379
42.75,4378
42.76,4377
42.77,4377
42.78,4377
42.79,4377
42.8,4376
42.81,4375
42.82,4374
42.83,4374
42.84,4374
42.85,4373
42.86,4373
42.87,4373
42.88,4372
42.89,4371
42.9,4371
42.91,4371
42.92,4370
42.93,4370
42.94,4370
42.95,4370
42.96,4370
42.97,4370
42.98,4370
42.99,4369
43.0,4369
43.01,4369
43.02,4369
43.03,4369
43.04,4368
43.05,4367
43.06,4366
43.07,4365
43.08,4365
43.09,4364
43.1,4364
43.11,4363
43.12,4363
43.13,4363
43.14,4363
43.15,4362
43.16,4362
43.17,4361
43.18,4361
43.19,4361
43.2,4360
43.21,4360
43.22,4359
43.23,4358
43.24,4357
43.25,4356
43.26,4356
43.27,4356
43.28,4356
43.29,4356
43.3,4356
43.31,4356
43.32,4356
43.33,4356
43.34,4356
43.35,4355
43.36,4354
43.37,4353
43.38,4353
43.39,4352
43.4,4352
43.41,4350
43.42,4350
43.43,4349
43.44,4348
43.45,4348
43.46,4348
43.47,4348
43.52,4347
43.53,4347
43.56,4347
43.57,4347
43.59,4347
43.61,4347
43.62,4347
43.66,4346
43.68,4346
43.69,4345
43.7,4344
43.71,4343
43.72,4342
43.73,4341
43.74,4340
43.75,4339
43.76,4339
43.77,4338
43.78,4337
43.79,4336
43.8,4335
43.81,4334
43.82,4333
43.83,4333
43.84,4332
43.85,4331
43.86,4330
43.87,4329
43.88,4328
43.89,4327
43.9,4326
43.91,4325
43.92,4325
43.93,4324
43.94,4324
43.95,4323
43.96,4322
43.97,4321
43.98,4320
43.99,4320
44.0,4320
44.01,4319
44.02,4318
44.03,4316
44.04,4316
44.05,4316
44.06,4315
44.07,4315
44.08,4314
44.1,4313
44.11,4312
44.12,4312
44.13,4312
44.15,4311
44.16,4310
44.17,4310
44.18,4309
44.19,4309
44.2,4309
44.21,4309
44.22,4308
44.23,4308
44.24,4307
44.25,4306
44.26,4305
44.27,4304
44.28,4303
44.29,4303
44.3,4302
44.31,4302
44.32,4302
44.33,4301
44.34,4301
44.35,4301
44.36,4300
44.37,4299
44.38,4299
44.39,4298
44.4,4297
44.41,4296
44.42,4295
44.43,4295
44.44,4295
44.45,4295
44.46,4294
44.47,4294
44.48,4294
44.49,4293
44.5,4292
44.51,4291
44.52,4290
44.53,4290
44.54,4289
44.55,4288
44.56,4288
44.57,4288
44.58,4287
44.59,4287
44.6,4286
44.61,4286
44.63,4285
44.64,4285
44.65,4285
44.66,4284
44.67,4284
44.68,4283
44.69,4283
44.7,4282
44.71,4281
44.72,4280
44.73,4279
44.74,4278
44.75,4278
44.76,4277
44.77,4276
44.78,4275
44.79,4274
44.8,4274
44.81,4273
44.82,4272
44.83,4272
44.85,4272
44.86,4272
44.87,4271
44.88,4271
44.89,4271
44.9,4270
44.91,4269
44.92,4268
44.93,4268
44.94,4267
44.95,4267
44.96,4266
44.97,4265
44.98,4263
44.99,4262
45.0,4262
45.01,4261
45.02,4261
45.03,4260
45.04,4260
45.05,4259
45.06,4258
45.07,4258
45.08,4258
45.09,4257
45.1,4256
45.11,4256
45.12,4256
45.13,4256
45.14,4255
45.15,4255
45.16,4254
45.17,4253
45.18,4253
45.19,4252
45.2,4251
45.21,4251
45.22,4251
45.23,4251
45.24,4251
45.25,4251
45.26,4250
45.27,4249
45.28,4249
45.29,4248
45.3,4247
45.33,4247
45.36,4247
45.38,4247
45.4,4247
45.42,4246
45.43,4246
45.44,4246
45.45,4246
45.46,4246
45.47,4245
45.48,4245
45.5,4244
45.51,4244
45.52,4244
45.53,4243
45.54,4242
45.55,4241
45.56,4240
45.57,4240
45.58,4240
45.59,4240
45.6,4239
45.61,4238
45.62,4237
45.63,4236
45.64,4236
45.65,4235
45.66,4235
45.67,4235
45.68,4235
45.69,4235
45.7,4235
45.71,4235
45.72,4234
45.73,4233
45.74,4232
45.75,4231
45.76,4230
45.77,4230
45.78,4229
45.79,4228
45.8,4228
45.81,4227
45.82,4227
45.83,4225
45.84,4225
45.85,4225
45.86,4224
45.87,4223
45.88,4223
45.89,4222
45.9,4222
45.91,4222
45.92,4221
45.93,4220
45.94,4220
45.95,4219
45.96,4218
45.97,4218
45.98,4217
45.99,4216
46.0,4215
46.01,4215
46.02,4213
46.03,4213
46.04,4213
46.05,4213
46.06,4213
46.07,4212
46.09,4210
46.1,4210
46.11,4209
46.12,4209
46.13,4209
46.14,4208
46.15,4207
46.16,4207
46.17,4206
46.18,4206
46.19,4205
46.2,4205
46.21,4205
46.22,4205
46.23,4205
46.24,4204
46.25,4203
46.26,4203
46.27,4203
46.28,4202
46.29,4201
46.3,4200
46.31,4199
46.33,4198
46.34,4198
46.36,4197
46.37,4197
46.38,4196
46.39,4196
46.4,4196
46.41,4195
46.42,4194
46.43,4194
46.44,4194
46.45,4194
46.46,4194
46.47,4194
46.48,4194
46.49,4194
46.5,4192
46.51,4192
46.52,4192
46.54,4192
46.55,4192
46.56,4191
46.57,4190
46.58,4189
46.59,4188
46.61,4187
46.62,4186
46.63,4186
46.64,4186
46.65,4186
46.66,4186
46.67,4185
46.68,4185
46.69,4184
46.7,4184
46.71,4184
46.72,4184
46.73,4184
46.74,4183
46.75,4183
46.76,4182
46.77,4182
46.78,4182
46.79,4182
46.8,4182
46.81,4181
46.82,4180
46.83,4179
46.84,4179
46.85,4178
46.86,4177
46.87,4177
46.88,4177
46.89,4177
46.9,4177
46.91,4177
46.92,4177
46.93,4177
46.94,4176
46.95,4176
46.96,4176
46.97,4176
46.98,4176
46.99,4176
47.0,4176
47.01,4175
47.03,4174
47.04,4174
47.05,4174
47.06,4174
47.07,4174
47.08,4174
47.09,4174
47.1,4174
47.11,4174
47.12,4174
47.13,4174
47.14,4174
47.15,4173
47.16,4173
47.17,4172
47.18,4171
47.19,4171
47.2,4170
47.21,4170
47.22,4170
47.23,4169
47.24,4169
47.25,4168
47.26,4168
47.27,4168
47.28,4168
47.29,4167
47.3,4167
47.31,4167
47.32,4167
47.33,4166
47.34,4165
47.35,4165
47.36,4165
47.37,4165
47.38,4164
47.39,4163
47.4,4163
47.41,4163
47.42,4162
47.43,4162
47.44,4162
47.45,4161
47.46,4160
47.47,4160
47.48,4159
47.49,4159
47.5,4158
47.51,4158
47.52,4158
47.53,4158
47.54,4158
47.55,4157
47.56,4157
47.61,4157
47.62,4157
47.63,4157
47.66,4156
47.68,4155
47.7,4155
47.71,4155
47.72,4155
47.73,4155
47.74,4154
47.75,4154
47.76,4153
47.77,4152
47.78,4151
47.79,4150
47.8,4150
47.81,4150
47.82,4149
47.83,4148
47.84,4147
47.85,4147
47.86,4146
47.87,4146
47.88,4146
47.89,4145
47.9,4145
47.91,4144
47.92,4144
47.93,4144
47.94,4144
47.95,4144
47.96,4143
47.97,4142
47.98,4141
47.99,4140
48.0,4140
48.01,4139
48.02,4138
48.03,4138
48.04,4138
48.05,4137
48.06,4136
48.07,4135
48.08,4135
48.09,4134
48.1,4133
48.11,4133
48.12,4133
48.13,4133
48.14,4133
48.15,4132
48.16,4132
48.17,4132
48.18,4132
48.19,4132
48.2,4132
48.21,4132
48.22,4132
48.23,4132
48.24,4131
48.25,4131
48.26,4130
48.27,4130
48.28,4130
48.29,4130
48.3,4130
48.31,4129
48.32,4129
48.33,4129
48.34,4129
48.35,4128
48.36,4128
48.37,4127
48.38,4126
48.39,4125
48.4,4124
48.41,4123
48.42,4123
48.43,4122
48.44,4122
48.45,4121
48.46,4121
48.47,4120
48.48,4120
48.49,4120
48.5,4120
48.51,4119
48.52,4119
48.53,4118
48.54,4117
48.55,4117
48.56,4117
48.57,4116
48.58,4115
48.59,4115
48.6,4115
48.61,4115
48.62,4115
48.63,4115
48.64,4115
48.65,4115
48.66,4115
48.67,4115
48.68,4114
48.69,4114
48.7,4114
48.71,4113
48.72,4113
48.73,4113
48.74,4112
48.75,4112
48.76,4112
48.77,4111
48.78,4110
48.79,4109
48.8,4109
48.81,4109
48.82,4109
48.83,4109
48.84,4109
48.85,4109
48.86,4109
48.87,4108
48.88,4108
48.89,4107
48.9,4107
48.91,4107
48.92,4107
48.93,4106
48.94,4105
48.95,4105
48.96,4105
48.97,4105
48.98,4104
48.99,4103
49.0,4103
49.01,4103
49.02,4103
49.03,4103
49.04,4103
49.05,4103
49.06,4102
49.07,4101
49.08,4101
49.09,4101
49.1,4100
49.11,4100
49.12,4100
49.13,4100
49.14,4099
49.15,4099
49.16,4099
49.17,4099
49.18,4099
49.19,4098
49.2,4097
49.21,4097
49.22,4096
49.23,4096
49.24,4095
49.25,4095
49.26,4095
49.27,4095
49.28,4095
49.29,4094
49.3,4094
49.31,4094
49.32,4094
49.33,4094
49.34,4094
49.35,4094
49.37,4093
49.38,4092
49.39,4092
49.4,4091
49.41,4090
49.42,4090
49.43,4089
49.44,4089
49.45,4089
49.49,4089
49.5,4088
49.51,4087
49.52,4086
49.53,4086
49.54,4086
49.55,4085
49.56,4085
49.57,4085
49.58,4085
49.59,4085
49.6,4085
49.61,4084
49.62,4084
49.63,4084
49.64,4084
49.65,4084
49.66,4084
49.67,4083
49.68,4083
49.69,4083
49.7,4082
49.71,4082
49.72,4082
49.73,4082
49.74,4081
49.75,4081
49.76,4081
49.77,4080
49.78,4080
49.79,4080
49.8,4080
49.81,4079
49.82,4078
49.83,4078
49.84,4077
49.85,4077
49.86,4077
49.87,4077
49.88,4077
49.89,4077
49.9,4076
49.91,4076
49.92,4076
49.93,4076
49.94,4076
49.95,4075
49.96,4075
49.97,4075
49.98,4075
49.99,4074
50.0,4074
50.01,4073
50.02,4073
50.04,4072
50.05,4072
50.06,4072
50.07,4072
50.08,4072
50.09,4072
50.1,4071
50.11,4070
50.12,4069
50.13,4069
50.14,4068
50.15,4068
50.16,4068
50.17,4068
50.18,4068
50.19,4068
50.2,4067
50.21,4067
50.22,4066
50.23,4066
50.24,4065
50.25,4065
50.26,4065
50.27,4065
50.29,4064
50.3,4064
50.31,4064
50.32,4064
50.33,4063
50.34,4062
50.35,4062
50.36,4062
50.37,4062
50.38,4062
50.39,4061
50.4,4060
50.41,4059
50.42,4059
50.43,4059
50.44,4059
50.46,4058
50.47,4057
50.48,4056
50.49,4056
50.5,4056
50.51,4056
50.52,4056
50.53,4056
50.54,4055
50.55,4054
50.56,4054
50.57,4054
50.58,4054
50.59,4054
50.6,4054
50.61,4054
50.62,4054
50.63,4054
50.64,4054
50.65,4054
50.66,4054
50.67,4054
50.68,4054
50.69,4053
50.7,4052
50.71,4052
50.72,4052
50.73,4052
50.74,4052
50.75,4052
50.76,4052
50.77,4052
50.78,4052
50.82,4052
50.83,4052
50.84,4052
50.86,4052
50.87,4052
50.89,4052
50.9,4052
50.91,4051
50.92,4051
50.93,4051
50.94,4050
50.95,4049
50.96,4049
50.97,4049
50.98,4049
50.99,4048
51.0,4048
51.01,4047
51.02,4047
51.03,4047
51.04,4047
51.05,4047
51.06,4047
51.07,4046
51.08,4046
51.09,4045
51.1,4045
51.11,4044
51.12,4044
51.13,4044
51.14,4044
51.15,4044
51.16,4043
51.17,4043
51.18,4042
51.19,4042
51.2,4042
51.21,4041
51.22,4041
51.23,4040
51.24,4040
51.25,4039
51.26,4039
51.27,4039
51.28,4039
51.29,4038
51.3,4038
51.31,4036
51.32,4036
51.33,4035
51.34,4035
51.35,4035
51.36,4035
51.37,4035
51.38,4035
51.39,4035
51.4,4035
51.41,4035
51.42,4034
51.43,4034
51.44,4034
51.45,4034
51.46,4033
51.47,4033
51.48,4032
51.49,4031
51.5,4031
51.51,4031
51.52,4031
51.53,4031
51.54,4031
51.55,4031
51.56,4030
51.57,4030
51.58,4029
51.59,4029
51.6,4029
51.61,4029
51.63,4028
51.64,4028
51.65,4027
51.66,4027
51.67,4027
51.68,4026
51.69,4026
51.7,4025
51.71,4024
51.72,4024
51.73,4024
51.74,4024
51.75,4023
51.76,4023
51.77,4023
51.78,4023
51.79,4022
51.8,4022
51.81,4021
51.82,4020
51.83,4020
51.84,4020
51.85,4019
51.86,4019
51.87,4019
51.88,4019
51.89,4018
51.9,4018
51.91,4017
51.92,4017
51.93,4017
51.94,4016
51.95,4015
51.96,4015
51.97,4014
51.98,4014
51.99,4014
52.0,4013
52.01,4012
52.02,4012
52.03,4012
52.04,4012
52.05,4012
52.06,4012
52.07,4012
52.08,4012
52.09,4012
52.1,4011
52.11,4011
52.12,4011
52.13,4010
52.14,4010
52.15,4009
52.16,4009
52.17,4009
52.18,4008
52.19,4008
52.2,4008
52.21,4008
52.22,4008
52.23,4008
52.24,4008
52.25,4008
52.26,4007
52.27,4007
52.29,4007
52.3,4007
52.31,4007
52.32,4006
52.33,4006
52.34,4006
52.35,4006
52.36,4006
52.37,4006
52.38,4005
52.39,4005
52.4,4005
52.41,4005
52.42,4004
52.43,4004
52.44,4004
52.45,4004
52.46,4003
52.47,4003
52.48,4002
52.49,4002
52.5,4002
52.51,4002
52.52,4002
52.53,4002
52.54,4002
52.55,4002
52.56,4002
52.57,4002
52.58,4002
52.59,4001
52.6,4001
52.61,4001
52.62,4001
52.63,4001
52.64,4000
52.65,4000
52.66,3999
52.67,3999
52.68,3999
52.69,3999
52.7,3999
52.71,3999
52.73,3998
52.74,3998
52.75,3998
52.76,3998
52.77,3998
52.78,3998
52.79,3997
52.8,3997
52.82,3996
52.83,3996
52.84,3996
52.85,3995
52.86,3994
52.87,3994
52.88,3994
52.89,3993
52.9,3993
52.91,3992
52.92,3992
52.93,3992
52.94,3992
52.95,3992
52.96,3992
52.97,3992
52.98,3992
52.99,3991
53.0,3991
53.01,3991
53.02,3991
53.03,3991
53.04,3991
53.05,3991
53.06,3991
53.07,3991
53.08,3991
53.09,3991
53.1,3991
53.11,3990
53.12,3989
53.13,3989
53.14,3989
53.15,3989
53.17,3988
53.18,3988
53.19,3988
53.2,3988
53.21,3988
53.22,3988
53.23,3988
53.24,3988
53.25,3987
53.26,3986
53.27,3986
53.28,3986
53.29,3985
53.3,3984
53.31,3984
53.32,3983
53.33,3983
53.34,3983
53.35,3983
53.36,3983
53.37,3983
53.38,3983
53.39,3982
53.4,3982
53.41,3982
53.42,3981
53.43,3981
53.44,3981
53.45,3981
53.46,3981
53.47,3981
53.48,3981
53.49,3981
53.5,3980
53.51,3980
53.52,3980
53.53,3979
53.54,3979
53.55,3979
53.56,3979
53.57,3979
53.58,3978
53.59,3978
53.6,3978
53.61,3978
53.62,3978
53.64,3977
53.65,3977
53.66,3977
53.67,3977
53.68,3977
53.69,3976
53.7,3976
53.71,3976
53.72,3976
53.73,3976
53.74,3975
53.75,3975
53.76,3975
53.77,3975
53.78,3975
53.79,3975
53.8,3975
53.81,3975
53.83,3974
53.84,3974
53.85,3974
53.86,3974
53.87,3974
53.88,3973
53.89,3973
53.9,3973
53.91,3973
53.92,3973
53.93,3972
53.94,3972
53.95,3972
53.96,3972
53.97,3972
53.98,3972
53.99,3971
54.0,3971
54.01,3970
54.02,3970
54.03,3970
54.04,3970
54.05,3969
54.06,3969
54.07,3969
54.08,3969
54.09,3968
54.1,3968
54.11,3968
54.12,3968
54.13,3968
54.14,3968
54.15,3968
54.16,3968
54.17,3968
54.18,3968
54.19,3968
54.2,3968
54.21,3968
54.26,3968
54.28,3968
54.3,3968
54.31,3968
54.32,3968
54.33,3968
54.34,3968
54.35,3967
54.36,3967
54.37,3967
54.38,3967
54.39,3967
54.4,3967
54.41,3967
54.42,3967
54.43,3967
54.44,3967
54.45,3967
54.46,3967
54.47,3967
54.48,3967
54.49,3967
54.5,3966
54.51,3966
54.52,3966
54.53,3966
54.54,3966
54.55,3966
54.56,3965
54.57,3965
54.58,3965
54.59,3965
54.6,3964
54.61,3964
54.62,3964
54.63,3964
54.64,3964
54.65,3964
54.66,3964
54.67,3964
54.68,3964
54.69,3963
54.7,3962
54.71,3962
54.72,3962
54.73,3962
54.74,3962
54.75,3962
54.76,3962
54.77,3962
54.79,3961
54.8,3961
54.81,3961
54.82,3961
54.83,3961
54.84,3961
54.85,3961
54.86,3961
54.87,3961
54.88,3961
54.89,3961
54.9,3961
54.91,3961
54.92,3961
54.93,3960
54.94,3960
54.95,3960
54.96,3960
54.97,3960
54.98,3960
54.99,3960
55.0,3960
55.01,3960
55.02,3959
55.03,3959
55.04,3959
55.05,3958
55.06,3958
55.07,3958
55.08,3957
55.09,3957
55.1,3957
55.11,3957
55.12,3957
55.13,3957
55.14,3957
55.15,3957
55.16,3956
55.17,3956
55.18,3956
55.19,3956
55.2,3956
55.21,3956
55.22,3955
55.23,3955
55.24,3955
55.25,3955
55.26,3955
55.27,3955
55.28,3954
55.29,3954
55.3,3954
55.31,3954
55.32,3954
55.33,3953
55.34,3953
55.35,3953
55.36,3953
55.37,3953
55.38,3953
55.39,3953
55.4,3953
55.41,3953
55.42,3953
55.43,3953
55.44,3953
55.45,3952
55.46,3952
55.47,3952
55.48,3952
55.49,3952
55.5,3952
55.51,3952
55.52,3952
55.53,3952
55.54,3952
55.55,3951
55.56,3951
55.57,3951
55.58,3951
55.59,3951
55.6,3951
55.61,3951
55.62,3951
55.63,3951
55.64,3951
55.65,3951
55.66,3951
55.67,3951
55.68,3951
55.69,3951
55.7,3951
55.71,3951
55.72,3951
55.73,3951
55.74,3951
55.75,3951
55.76,3951
55.77,3951
55.78,3951
55.79,3951
55.8,3951
55.81,3951
55.82,3951
55.83,3951
55.84,3951
55.85,3951
55.86,3951
55.87,3951
55.88,3951
55.89,3951
55.91,3951
55.94,3951
55.96,3951
55.97,3951
55.98,3951
56.0,3951
56.02,3951
56.03,3951
56.04,3951
56.05,3951
56.06,3951
56.07,3951
56.08,3951
56.09,3951
56.1,3951
56.11,3951
56.12,3951
56.13,3951
56.14,3951
56.15,3951
56.16,3951
56.17,3951
56.18,3951
56.19,3951
56.2,3951
56.21,3951
56.22,3951
56.23,3951
56.24,3951
56.25,3951
56.26,3951
56.27,3951
56.28,3951
56.29,3951
56.3,3951
56.31,3951
56.32,3951
56.33,3951
56.34,3951
56.35,3951
56.36,3950
56.37,3950
56.38,3950
56.39,3950
56.4,3950
56.41,3950
56.42,3950
56.43,3950
56.44,3950
56.45,3950
56.46,3949
56.47,3949
56.48,3949
56.49,3949
56.5,3949
56.51,3949
56.52,3949
56.53,3948
56.54,3948
56.55,3948
56.56,3947
56.57,3947
56.58,3947
56.59,3946
56.6,3946
56.61,3946
56.62,3946
56.63,3946
56.64,3946
56.65,3946
56.66,3946
56.67,3946
56.68,3946
56.69,3946
56.7,3946
56.71,3946
56.72,3946
56.73,3946
56.74,3946
56.75,3946
56.76,3945
56.77,3945
56.78,3945
56.79,3945
56.8,3945
56.81,3945
56.82,3945
56.83,3945
56.84,3945
56.85,3945
56.86,3945
56.87,3945
56.88,3945
56.89,3945
56.9,3945
56.91,3945
56.92,3945
56.93,3945
56.94,3945
56.95,3945
56.96,3945
56.97,3945
56.98,3945
56.99,3945
57.0,3945
57.01,3945
57.02,3945
57.03,3945
57.04,3945
57.05,3945
57.06,3945
57.07,3945
57.08,3945
57.09,3945
57.1,3945
57.11,3945
57.12,3945
57.13,3945
57.14,3945
57.15,3945
57.16,3945
57.17,3945
57.18,3945
57.19,3945
57.2,3945
57.21,3945
57.22,3945
57.23,3945
57.24,3945
57.25,3945
57.26,3945
57.27,3945
57.28,3945
57.29,3945
57.3,3945
57.31,3944
57.32,3944
57.33,3944
57.34,3944
57.35,3944
57.36,3944
57.37,3944
57.38,3944
57.39,3944
57.4,3944
57.41,3944
57.42,3944
57.43,3944
57.44,3944
57.45,3944
57.46,3944
57.47,3944
57.48,3943
57.49,3943
57.5,3943
57.51,3942
57.52,3942
57.54,3942
57.55,3942
57.56,3942
57.57,3942
57.58,3942
57.59,3942
57.6,3942
57.61,3942
57.62,3942
57.63,3942
57.64,3942
57.65,3942
57.66,3942
57.68,3942
57.69,3942
57.7,3942
57.71,3942
57.72,3942
57.73,3942
57.74,3942
57.75,3942
57.76,3942
57.77,3942
57.78,3942
57.79,3942
57.8,3942
57.81,3942
57.82,3942
