0.0,1459
0.01,1456
0.02,1451
0.03,1447
0.04,1441
0.05,1435
0.06,1429
0.07,1422
0.08,1415
0.09,1408
0.1,1403
0.11,1400
0.12,1395
0.13,1390
0.14,1385
0.15,1378
0.16,1373
0.17,1367
0.18,1361
0.19,1355
0.2,1352
0.21,1346
0.22,1342
0.23,1340
0.24,1335
0.25,1331
0.26,1328
0.27,1327
0.28,1326
0.29,1324
0.3,1320
0.31,1314
0.32,1309
0.33,1304
0.34,1301
0.35,1297
0.36,1293
0.37,1291
0.38,1287
0.39,1286
0.4,1280
0.41,1276
0.42,1272
0.43,1268
0.44,1267
0.45,1263
0.46,1258
0.47,1254
0.48,1247
0.49,1239
0.5,1233
0.51,1228
0.52,1223
0.53,1217
0.54,1209
0.55,1203
0.56,1198
0.57,1193
0.58,1188
0.59,1185
0.6,1180
0.61,1177
0.62,1171
0.63,1167
0.64,1160
0.65,1156
0.66,1151
0.67,1145
0.68,1139
0.69,1134
0.7,1132
0.71,1128
0.72,1123
0.73,1120
0.74,1117
0.75,1114
0.76,1109
0.77,1107
0.78,1103
0.79,1102
0.8,1099
0.81,1096
0.82,1094
0.83,1093
0.84,1091
0.85,1089
0.86,1086
0.87,1084
0.88,1082
0.89,1080
0.9,1076
0.91,1072
0.92,1066
0.93,1064
0.94,1060
0.95,1057
0.96,1056
0.97,1054
0.98,1050
0.99,1047
1.0,1046
1.01,1044
1.02,1041
1.03,1038
1.04,1038
1.05,1035
1.06,1033
1.07,1031
1.08,1031
1.09,1030
1.1,1028
1.11,1027
1.12,1023
1.13,1022
1.14,1021
1.17,1020
1.2,1019
1.21,1017
1.22,1017
1.23,1016
1.24,1015
1.25,1015
1.26,1013
1.27,1013
1.28,1013
1.29,1012
1.3,1011
1.31,1010
1.32,1010
1.33,1009
1.34,1008
1.35,1007
1.36,1006
1.37,1005
1.38,1005
1.39,1003
1.4,1002
1.41,1001
1.42,1001
1.43,999
1.44,999
1.45,998
1.46,997
1.47,996
1.48,994
1.49,993
1.5,992
1.51,992
1.52,989
1.53,987
1.54,985
1.55,979
1.56,972
1.57,966
1.58,962
1.59,957
1.6,953
1.61,951
1.62,949
1.63,945
1.64,943
1.65,942
1.66,940
1.67,939
1.68,939
1.69,938
1.7,936
1.71,929
1.72,925
1.73,925
1.74,923
1.75,921
1.76,920
1.77,920
1.78,920
1.79,920
1.8,918
1.81,916
1.82,914
1.83,913
1.84,909
1.85,907
1.86,906
1.87,906
1.88,903
1.89,903
1.9,903
1.91,900
1.92,900
1.93,900
1.94,900
1.95,900
1.96,900
1.97,899
1.98,899
1.99,899
