0.0,4941
0.01,4940
0.02,4939
0.03,4938
0.04,4937
0.05,4936
0.06,4935
0.08,4933
0.09,4932
0.1,4931
0.11,4930
0.12,4929
0.14,4928
0.15,4927
0.16,4926
0.17,4925
0.18,4924
0.19,4922
0.2,4921
0.21,4919
0.22,4918
0.23,4917
0.24,4916
0.25,4915
0.26,4913
0.27,4912
0.28,4911
0.29,4909
0.3,4907
0.31,4904
0.32,4902
0.33,4900
0.34,4899
0.35,4897
0.36,4896
0.38,4893
0.4,4892
0.41,4891
0.42,4890
0.43,4889
0.44,4888
0.45,4886
0.46,4884
0.47,4883
0.48,4880
0.49,4878
0.5,4876
0.51,4874
0.52,4872
0.53,4869
0.54,4866
0.55,4864
0.56,4861
0.57,4859
0.58,4857
0.59,4855
0.6,4852
0.61,4851
0.62,4848
0.63,4845
0.64,4842
0.65,4841
0.66,4839
0.67,4836
0.68,4834
0.69,4832
0.7,4830
0.71,4827
0.72,4825
0.73,4823
0.74,4821
0.75,4820
0.76,4817
0.77,4816
0.78,4815
0.79,4814
0.8,4813
0.81,4812
0.82,4810
0.83,4809
0.84,4808
0.85,4807
0.86,4806
0.87,4805
0.89,4804
0.9,4803
0.91,4802
0.92,4801
0.94,4800
0.96,4799
0.97,4798
0.98,4797
0.99,4796
1.0,4795
1.01,4794
1.02,4793
1.03,4792
1.04,4791
1.05,4790
1.06,4788
1.07,4786
1.08,4784
1.09,4782
1.1,4780
1.11,4778
1.12,4776
1.13,4773
1.14,4771
1.15,4769
1.16,4767
1.17,4765
1.18,4763
1.19,4762
1.2,4759
1.21,4758
1.22,4757
1.23,4756
1.24,4754
1.25,4753
1.26,4751
1.27,4749
1.28,4747
1.29,4745
1.3,4743
1.31,4741
1.32,4740
1.33,4737
1.34,4735
1.35,4733
1.36,4730
1.37,4728
1.38,4726
1.39,4724
1.4,4722
1.41,4720
1.42,4718
1.43,4716
1.44,4714
1.45,4712
1.46,4710
1.47,4708
1.48,4705
1.49,4703
1.5,4700
1.51,4697
1.52,4695
1.53,4693
1.54,4690
1.55,4688
1.56,4686
1.57,4684
1.58,4681
1.59,4679
1.6,4677
1.61,4675
1.62,4672
1.63,4669
1.64,4667
1.65,4665
1.66,4662
1.67,4660
1.68,4659
1.69,4657
1.7,4656
1.71,4654
1.72,4652
1.73,4650
1.74,4649
1.75,4647
1.76,4645
1.77,4643
1.78,4641
1.79,4639
1.8,4638
1.81,4636
1.82,4635
1.83,4634
1.84,4633
1.85,4632
1.86,4631
1.88,4630
1.89,4629
1.9,4628
1.92,4627
1.93,4626
1.94,4625
1.95,4624
1.96,4622
1.97,4620
1.98,4619
1.99,4617
2.0,4615
2.01,4612
2.02,4610
2.03,4607
2.04,4605
2.05,4603
2.06,4601
2.07,4598
2.08,4595
2.09,4593
2.1,4590
2.11,4588
2.12,4586
2.13,4583
2.14,4581
2.15,4578
2.16,4576
2.17,4574
2.18,4572
2.19,4569
2.2,4568
2.23,4567
2.27,4566
2.3,4565
2.31,4564
2.33,4563
2.34,4562
2.36,4561
2.37,4560
2.38,4559
2.39,4557
2.4,4556
2.41,4553
2.42,4551
2.43,4550
2.44,4549
2.45,4547
2.46,4545
2.47,4544
2.48,4542
2.49,4541
2.5,4539
2.51,4536
2.52,4534
2.53,4532
2.54,4531
2.55,4529
2.56,4526
2.57,4524
2.58,4522
2.59,4520
2.6,4519
2.61,4517
2.62,4515
2.63,4512
2.64,4510
2.65,4507
2.66,4505
2.67,4502
2.68,4499
2.69,4497
2.7,4494
2.71,4491
2.72,4490
2.73,4487
2.74,4484
2.75,4481
2.76,4479
2.77,4477
2.78,4475
2.79,4473
2.8,4471
2.81,4470
2.82,4468
2.83,4467
2.84,4466
2.85,4465
2.86,4464
2.87,4463
2.88,4462
2.89,4461
2.9,4460
2.92,4459
2.93,4458
2.94,4457
2.95,4456
2.96,4454
2.97,4453
2.98,4451
2.99,4450
3.0,4448
3.01,4445
3.02,4443
3.03,4440
3.04,4438
3.05,4436
3.06,4434
3.07,4432
3.08,4431
3.09,4429
3.1,4427
3.11,4425
3.12,4423
3.13,4420
3.14,4418
3.15,4416
3.16,4414
3.17,4412
3.18,4410
3.19,4408
3.2,4405
3.21,4403
3.22,4400
3.23,4398
3.24,4396
3.25,4394
3.26,4393
3.27,4391
3.28,4389
3.29,4387
3.3,4385
3.31,4382
3.32,4380
3.33,4377
3.34,4375
3.35,4373
3.36,4372
3.37,4369
3.38,4367
3.39,4365
3.4,4363
3.41,4361
3.42,4358
3.43,4355
3.44,4353
3.45,4350
3.46,4348
3.47,4346
3.48,4343
3.49,4340
3.5,4337
3.51,4335
3.52,4332
3.53,4330
3.54,4327
3.55,4325
3.56,4324
3.57,4323
3.59,4321
3.6,4319
3.61,4317
3.62,4315
3.63,4313
3.64,4311
3.65,4309
3.66,4307
3.67,4305
3.68,4303
3.69,4301
3.7,4299
3.71,4297
3.72,4295
3.73,4292
3.74,4291
3.75,4289
3.76,4288
3.77,4286
3.78,4285
3.79,4283
3.8,4281
3.81,4278
3.82,4277
3.83,4275
3.84,4273
3.85,4271
3.86,4269
3.87,4267
3.88,4265
3.89,4263
3.9,4261
3.91,4259
3.92,4257
3.93,4255
3.94,4254
3.95,4252
3.96,4250
3.97,4248
3.98,4245
3.99,4243
4.0,4241
4.01,4239
4.02,4237
4.03,4236
4.04,4233
4.05,4231
4.06,4229
4.07,4227
4.08,4225
4.09,4222
4.1,4220
4.11,4218
4.12,4216
4.13,4214
4.14,4212
4.15,4210
4.16,4208
4.17,4207
4.18,4205
4.19,4203
4.2,4201
4.21,4199
4.22,4197
4.23,4195
4.24,4193
4.25,4192
4.26,4191
4.27,4189
4.28,4187
4.29,4185
4.3,4183
4.31,4181
4.32,4180
4.33,4178
4.34,4176
4.35,4174
4.36,4171
4.37,4169
4.38,4167
4.39,4165
4.4,4163
4.41,4161
4.42,4160
4.43,4157
4.44,4155
4.45,4153
4.46,4151
4.47,4149
4.48,4147
4.49,4145
4.5,4142
4.51,4140
4.52,4138
4.53,4135
4.54,4133
4.55,4131
4.56,4128
4.57,4125
4.58,4123
4.59,4121
4.6,4118
4.61,4116
4.62,4114
4.63,4112
4.64,4109
4.65,4107
4.66,4105
4.67,4103
4.68,4100
4.69,4099
4.7,4096
4.71,4094
4.72,4092
4.73,4090
4.74,4088
4.75,4086
4.76,4083
4.77,4082
4.78,4080
4.79,4079
4.8,4077
4.81,4076
4.82,4075
4.83,4074
4.84,4072
4.86,4071
4.87,4070
4.88,4069
4.89,4068
4.9,4067
4.91,4066
4.92,4065
4.93,4064
4.94,4062
4.95,4061
4.96,4060
4.97,4058
4.98,4056
4.99,4054
5.0,4052
5.01,4050
5.02,4047
5.03,4044
5.04,4042
5.05,4039
5.06,4037
5.07,4034
5.08,4032
5.09,4029
5.1,4027
5.11,4024
5.12,4022
5.13,4019
5.14,4017
5.15,4014
5.16,4012
5.17,4009
5.18,4007
5.19,4005
5.2,4003
5.21,4001
5.22,3999
5.23,3998
5.24,3996
5.25,3995
5.26,3994
5.27,3993
5.28,3991
5.29,3989
5.3,3988
5.31,3986
5.32,3985
5.33,3983
5.34,3981
5.35,3979
5.36,3977
5.37,3974
5.38,3971
5.39,3969
5.4,3966
5.41,3964
5.42,3962
5.43,3959
5.44,3957
5.45,3954
5.46,3952
5.47,3950
5.48,3948
5.49,3947
5.5,3945
5.51,3942
5.52,3941
5.54,3940
5.57,3939
5.59,3938
5.6,3937
5.61,3936
5.62,3935
5.63,3934
5.64,3933
5.65,3931
5.66,3930
5.67,3928
5.68,3926
5.69,3925
5.7,3923
5.71,3921
5.72,3919
5.73,3916
5.74,3915
5.75,3913
5.76,3911
5.77,3909
5.78,3907
5.79,3905
5.8,3903
5.81,3901
5.82,3899
5.83,3897
5.84,3895
5.85,3893
5.86,3892
5.87,3890
5.88,3887
5.89,3885
5.9,3884
5.91,3882
5.92,3880
5.93,3878
5.94,3876
5.95,3874
5.96,3872
5.97,3870
5.98,3868
5.99,3866
6.0,3864
6.01,3862
6.02,3860
6.03,3858
6.04,3856
6.05,3854
6.06,3852
6.07,3850
6.08,3848
6.09,3846
6.1,3843
6.11,3841
6.12,3839
6.13,3836
6.14,3833
6.15,3830
6.16,3828
6.17,3826
6.18,3823
6.19,3821
6.2,3818
6.21,3816
6.22,3813
6.23,3811
6.24,3809
6.25,3808
6.26,3806
6.27,3804
6.28,3801
6.29,3800
6.3,3798
6.31,3796
6.32,3794
6.33,3792
6.34,3790
6.35,3787
6.36,3785
6.37,3782
6.38,3780
6.39,3777
6.4,3775
6.41,3773
6.42,3771
6.43,3769
6.44,3767
6.45,3765
6.46,3764
6.47,3762
6.48,3760
6.49,3758
6.5,3755
6.51,3754
6.52,3752
6.53,3749
6.54,3747
6.55,3745
6.56,3743
6.57,3740
6.58,3738
6.59,3735
6.6,3732
6.61,3730
6.62,3727
6.63,3725
6.64,3722
6.65,3720
6.66,3717
6.67,3715
6.68,3712
6.69,3711
6.7,3708
6.71,3706
6.72,3703
6.73,3701
6.74,3700
6.75,3699
6.76,3697
6.77,3695
6.78,3692
6.79,3690
6.8,3688
6.81,3686
6.82,3683
6.83,3680
6.84,3678
6.85,3675
6.86,3673
6.87,3671
6.88,3668
6.89,3665
6.9,3663
6.91,3662
6.92,3660
6.93,3658
6.94,3655
6.95,3654
6.96,3652
6.97,3650
6.98,3648
6.99,3646
7.0,3643
7.01,3640
7.02,3638
7.03,3636
7.04,3635
7.05,3632
7.06,3630
7.07,3628
7.08,3625
7.09,3624
7.1,3622
7.11,3620
7.12,3617
7.13,3615
7.14,3613
7.15,3610
7.16,3608
7.17,3606
7.18,3604
7.19,3602
7.2,3599
7.21,3597
7.22,3595
7.23,3593
7.24,3591
7.25,3589
7.26,3587
7.27,3585
7.28,3583
7.29,3581
7.3,3579
7.31,3576
7.32,3574
7.33,3571
7.34,3568
7.35,3566
7.36,3564
7.37,3562
7.38,3560
7.39,3558
7.4,3556
7.41,3554
7.42,3552
7.43,3549
7.44,3547
7.45,3545
7.46,3543
7.47,3541
7.48,3540
7.49,3539
7.5,3536
7.51,3534
7.52,3531
7.53,3529
7.54,3527
7.55,3524
7.56,3521
7.57,3519
7.58,3517
7.59,3515
7.6,3512
7.61,3511
7.62,3508
7.63,3506
7.64,3503
7.65,3502
7.66,3500
7.67,3498
7.68,3496
7.69,3494
7.7,3492
7.71,3491
7.72,3490
7.73,3487
7.74,3486
7.75,3485
7.76,3482
7.77,3480
7.78,3479
7.79,3476
7.8,3474
7.81,3472
7.82,3469
7.83,3468
7.84,3467
7.85,3464
7.86,3462
7.87,3461
7.88,3459
7.89,3457
7.9,3456
7.91,3453
7.92,3451
7.93,3448
7.94,3447
7.95,3444
7.96,3442
7.97,3441
7.98,3439
7.99,3436
8.0,3434
8.01,3431
8.02,3429
8.03,3426
8.04,3424
8.05,3422
8.06,3420
8.07,3418
8.08,3416
8.09,3414
8.1,3412
8.11,3410
8.12,3407
8.13,3405
8.14,3403
8.15,3400
8.16,3399
8.17,3397
8.18,3395
8.19,3393
8.2,3392
8.21,3390
8.22,3387
8.23,3385
8.24,3383
8.25,3381
8.26,3380
8.27,3378
8.28,3376
8.29,3375
8.3,3372
8.31,3369
8.32,3367
8.33,3365
8.34,3362
8.35,3360
8.36,3358
8.37,3356
8.38,3354
8.39,3351
8.4,3349
8.41,3347
8.42,3345
8.43,3344
8.44,3342
8.45,3340
8.46,3338
8.47,3335
8.48,3333
8.49,3331
8.5,3328
8.51,3326
8.52,3324
8.53,3322
8.54,3320
8.55,3318
8.56,3316
8.57,3313
8.58,3312
8.59,3310
8.6,3307
8.61,3305
8.62,3303
8.63,3300
8.64,3298
8.65,3297
8.66,3296
8.67,3293
8.68,3291
8.69,3290
8.7,3288
8.71,3286
8.72,3284
8.73,3283
8.74,3281
8.75,3279
8.76,3277
8.77,3276
8.78,3275
8.79,3273
8.8,3272
8.81,3270
8.82,3268
8.83,3266
8.84,3266
8.85,3263
8.86,3261
8.87,3258
8.88,3256
8.89,3254
8.9,3252
8.91,3249
8.92,3248
8.93,3245
8.94,3242
8.95,3240
8.96,3237
8.97,3235
8.98,3233
8.99,3230
9.0,3228
9.01,3226
9.02,3224
9.03,3222
9.04,3220
9.05,3218
9.06,3216
9.07,3214
9.08,3212
9.09,3210
9.1,3209
9.11,3208
9.12,3206
9.13,3204
9.14,3203
9.15,3202
9.16,3200
9.17,3199
9.18,3198
9.19,3197
9.2,3196
9.21,3194
9.22,3192
9.23,3190
9.24,3189
9.25,3187
9.26,3186
9.27,3184
9.28,3183
9.29,3181
9.3,3180
9.31,3177
9.32,3176
9.33,3174
9.34,3173
9.35,3170
9.36,3168
9.37,3167
9.38,3165
9.39,3163
9.4,3161
9.41,3158
9.42,3156
9.43,3154
9.44,3151
9.45,3149
9.46,3148
9.47,3146
9.48,3144
9.49,3143
9.5,3141
9.51,3139
9.52,3137
9.53,3135
9.54,3133
9.55,3132
9.56,3130
9.57,3129
9.58,3128
9.59,3126
9.6,3124
9.61,3122
9.62,3120
9.63,3118
9.64,3115
9.65,3113
9.66,3112
9.67,3110
9.68,3108
9.69,3107
9.7,3105
9.71,3102
9.72,3101
9.73,3099
9.74,3097
9.75,3094
9.76,3092
9.77,3090
9.78,3088
9.79,3086
9.8,3084
9.81,3082
9.82,3079
9.83,3078
9.84,3076
9.85,3073
9.86,3071
9.87,3069
9.88,3068
9.89,3067
9.9,3066
9.91,3065
9.92,3064
9.93,3062
9.94,3060
9.95,3058
9.96,3056
9.97,3055
9.98,3054
9.99,3053
10.0,3051
10.01,3050
10.02,3049
10.03,3048
10.04,3048
10.05,3046
10.06,3044
10.07,3041
10.08,3039
10.09,3039
10.1,3037
10.11,3035
10.12,3032
10.13,3029
10.14,3027
10.15,3026
10.16,3025
10.17,3022
10.18,3021
10.19,3018
10.2,3017
10.21,3016
10.22,3015
10.23,3013
10.24,3012
10.25,3011
10.26,3009
10.27,3007
10.28,3006
10.29,3005
10.3,3004
10.31,3003
10.32,3001
10.33,3000
10.34,2998
10.35,2996
10.36,2995
10.37,2994
10.38,2993
10.39,2991
10.4,2991
10.41,2990
10.42,2988
10.43,2987
10.44,2985
10.45,2983
10.46,2982
10.47,2980
10.48,2978
10.49,2975
10.5,2973
10.51,2972
10.52,2971
10.53,2968
10.54,2966
10.55,2964
10.56,2961
10.57,2960
10.58,2959
10.59,2957
10.6,2956
10.61,2953
10.62,2950
10.63,2949
10.64,2947
10.65,2944
10.66,2942
10.67,2939
10.68,2937
10.69,2935
10.7,2934
10.71,2931
10.72,2930
10.73,2930
10.74,2929
10.75,2926
10.76,2924
10.77,2921
10.78,2919
10.79,2917
10.8,2915
10.81,2913
10.82,2912
10.83,2910
10.84,2908
10.85,2906
10.86,2904
10.87,2903
10.88,2901
10.89,2899
10.9,2898
10.91,2897
10.92,2894
10.93,2894
10.94,2893
10.95,2890
10.96,2888
10.97,2888
10.98,2888
10.99,2886
11.0,2885
11.01,2884
11.02,2883
11.03,2881
11.04,2879
11.05,2877
11.06,2876
11.07,2873
11.08,2871
11.09,2869
11.1,2868
11.11,2866
11.12,2864
11.13,2862
11.14,2859
11.15,2858
11.16,2856
11.17,2854
11.18,2852
11.19,2851
11.2,2850
11.21,2847
11.22,2846
11.23,2846
11.24,2846
11.25,2845
11.26,2844
11.27,2843
11.28,2841
11.29,2840
11.3,2838
11.31,2835
11.32,2833
11.33,2831
11.34,2831
11.35,2829
11.36,2827
11.37,2824
11.38,2822
11.39,2822
11.4,2820
11.41,2818
11.42,2816
11.43,2814
11.44,2814
11.45,2812
11.46,2811
11.47,2810
11.48,2808
11.49,2807
11.5,2805
11.51,2804
11.52,2802
11.53,2801
11.54,2799
11.55,2797
11.56,2796
11.57,2795
11.58,2795
11.59,2792
11.6,2790
11.61,2787
11.62,2785
11.63,2785
11.64,2783
11.65,2781
11.66,2779
11.67,2778
11.68,2776
11.69,2775
11.7,2774
11.71,2772
11.72,2770
11.73,2768
11.74,2767
11.75,2765
11.76,2763
11.77,2761
11.78,2760
11.79,2758
11.8,2756
11.81,2755
11.82,2752
11.83,2751
11.84,2749
11.85,2746
11.86,2745
11.87,2744
11.88,2742
11.89,2740
11.9,2739
11.91,2738
11.92,2737
11.93,2735
11.94,2733
11.95,2731
11.96,2730
11.97,2729
11.98,2728
11.99,2727
12.0,2726
12.01,2724
12.02,2723
12.03,2721
12.04,2721
12.05,2719
12.06,2717
12.07,2716
12.08,2715
12.09,2713
12.1,2712
12.11,2710
12.12,2710
12.13,2709
12.14,2708
12.15,2706
12.16,2704
12.17,2702
12.18,2701
12.19,2700
12.2,2698
12.21,2698
12.22,2696
12.23,2693
12.24,2692
12.25,2690
12.26,2688
12.27,2687
12.28,2685
12.29,2682
12.3,2681
12.31,2678
12.32,2677
12.33,2675
12.34,2673
12.35,2672
12.36,2670
12.37,2668
12.38,2666
12.39,2664
12.4,2663
12.41,2662
12.42,2661
12.43,2659
12.44,2657
12.45,2655
12.46,2654
12.47,2651
12.48,2649
12.49,2648
12.5,2646
12.51,2644
12.52,2643
12.53,2642
12.54,2641
12.55,2639
12.56,2639
12.57,2637
12.58,2634
12.59,2632
12.6,2631
12.61,2629
12.62,2627
12.63,2625
12.64,2623
12.65,2620
12.66,2619
12.67,2618
12.68,2616
12.69,2615
12.7,2613
12.71,2612
12.72,2611
12.73,2611
12.74,2608
12.75,2607
12.76,2606
12.77,2605
12.78,2605
12.79,2603
12.8,2603
12.81,2602
12.82,2601
12.83,2600
12.84,2597
12.85,2596
12.86,2595
12.87,2594
12.88,2593
12.89,2592
12.9,2590
12.91,2589
12.92,2588
12.93,2587
12.94,2585
12.95,2584
12.96,2582
12.97,2581
12.98,2580
12.99,2579
13.0,2578
13.01,2578
13.02,2576
13.03,2575
13.04,2574
13.05,2573
13.06,2572
13.07,2570
13.08,2568
13.09,2566
13.1,2565
13.11,2564
13.12,2564
13.13,2562
13.14,2561
13.15,2559
13.16,2558
13.17,2557
13.18,2555
13.19,2553
13.2,2552
13.21,2552
13.22,2551
13.23,2550
13.24,2548
13.25,2548
13.26,2547
13.27,2546
13.28,2544
13.29,2543
13.3,2542
13.31,2541
13.32,2540
13.33,2538
13.34,2537
13.35,2537
13.36,2537
13.37,2537
13.38,2536
13.39,2536
13.4,2535
13.41,2534
13.42,2533
13.43,2532
13.44,2531
13.45,2529
13.46,2527
13.47,2526
13.48,2525
13.49,2523
13.5,2523
13.51,2522
13.52,2521
13.53,2520
13.54,2518
13.55,2518
13.56,2516
13.57,2514
13.58,2513
13.59,2511
13.6,2511
13.61,2511
13.62,2510
13.63,2508
13.64,2508
13.65,2508
13.66,2506
13.67,2505
13.68,2503
13.69,2503
13.7,2502
13.71,2502
13.72,2501
13.73,2500
13.74,2499
13.75,2499
13.76,2499
13.77,2497
13.78,2496
13.79,2495
13.8,2493
13.81,2491
13.82,2490
13.83,2490
13.84,2488
13.85,2486
13.86,2484
13.87,2483
13.88,2483
13.89,2481
13.9,2480
13.91,2479
13.92,2479
13.93,2477
13.94,2476
13.95,2476
13.96,2475
13.97,2472
13.98,2471
13.99,2471
14.0,2470
14.01,2469
14.02,2469
14.03,2468
14.04,2467
14.05,2466
14.06,2464
14.07,2464
14.08,2463
14.09,2462
14.1,2461
14.11,2461
14.12,2461
14.13,2460
14.14,2460
14.15,2460
14.16,2459
14.17,2458
14.18,2456
14.19,2455
14.2,2454
14.21,2452
14.22,2452
14.23,2450
14.24,2450
14.25,2449
14.26,2449
14.27,2449
14.28,2448
14.29,2446
14.3,2444
14.31,2443
14.32,2443
14.33,2443
14.34,2442
14.35,2441
14.36,2440
14.37,2438
14.38,2437
14.39,2436
14.4,2434
14.41,2434
14.42,2434
14.43,2432
14.44,2430
14.45,2429
14.46,2426
14.47,2425
14.48,2424
14.49,2423
14.5,2423
14.51,2423
14.52,2422
14.53,2420
14.54,2420
14.55,2419
14.56,2418
14.57,2418
14.58,2417
14.59,2416
14.6,2415
14.61,2415
14.62,2414
14.63,2413
14.64,2413
14.65,2412
14.66,2411
14.67,2410
14.68,2408
14.69,2407
14.7,2407
14.71,2405
14.72,2403
14.73,2401
14.74,2399
14.75,2398
14.76,2397
14.77,2395
14.78,2395
14.79,2394
14.8,2394
14.81,2392
14.82,2390
14.83,2389
14.84,2389
14.85,2388
14.86,2388
14.87,2386
14.88,2386
14.89,2386
14.9,2386
14.91,2385
14.92,2384
14.93,2384
14.95,2384
14.96,2384
14.97,2383
14.98,2383
14.99,2383
15.0,2382
15.01,2380
15.02,2380
15.03,2378
15.04,2377
15.05,2377
15.06,2377
15.07,2376
15.08,2375
15.09,2374
15.1,2374
15.11,2373
15.12,2372
15.13,2370
15.14,2368
15.15,2366
15.16,2364
15.17,2363
15.18,2362
15.19,2361
15.2,2361
15.21,2359
15.22,2357
15.23,2356
15.24,2356
15.25,2356
15.26,2355
15.27,2355
15.28,2355
15.29,2353
15.3,2351
15.31,2351
15.32,2351
15.33,2350
15.34,2350
15.35,2349
15.36,2347
15.37,2347
15.38,2346
15.39,2346
15.4,2345
15.41,2345
15.42,2345
15.43,2344
15.44,2343
15.45,2343
15.46,2343
15.47,2343
15.48,2341
15.49,2340
15.5,2340
15.51,2340
15.52,2339
15.53,2339
15.54,2338
15.55,2338
15.56,2337
15.57,2336
15.58,2336
15.59,2336
15.6,2336
15.61,2336
15.62,2336
15.63,2336
15.64,2336
15.65,2336
15.66,2335
15.67,2334
15.68,2333
15.69,2331
15.7,2331
15.71,2331
15.72,2331
15.73,2331
15.74,2330
15.75,2330
15.76,2330
15.77,2329
15.78,2328
15.79,2328
15.8,2328
15.81,2328
15.82,2328
15.83,2328
15.84,2328
15.85,2327
15.86,2326
15.87,2326
15.88,2325
15.89,2324
15.9,2324
15.91,2324
15.92,2322
15.93,2322
15.94,2321
15.95,2321
15.96,2320
15.97,2320
15.98,2319
15.99,2318
16.0,2317
16.01,2317
16.02,2317
16.03,2316
16.04,2316
16.05,2316
16.06,2315
16.07,2315
16.08,2314
16.09,2314
16.1,2314
16.11,2313
16.12,2312
16.13,2312
16.14,2312
16.15,2311
16.16,2311
16.17,2311
16.18,2311
16.19,2310
16.2,2310
16.21,2310
16.22,2310
16.23,2310
16.26,2310
16.29,2309
16.3,2309
16.31,2309
16.33,2309
16.34,2309
16.35,2309
16.36,2308
16.37,2308
16.38,2308
16.39,2307
16.41,2307
16.42,2307
16.43,2307
16.44,2307
16.45,2307
16.46,2307
16.48,2307
16.49,2307
16.5,2306
16.51,2305
16.52,2304
16.53,2304
16.54,2304
16.55,2303
16.56,2303
16.57,2303
16.58,2302
16.59,2302
16.6,2301
16.61,2300
16.62,2299
16.63,2298
16.64,2298
16.65,2298
16.66,2298
16.67,2298
16.68,2298
16.69,2297
16.7,2297
16.71,2297
16.72,2297
16.73,2297
16.74,2297
16.75,2297
16.76,2297
16.77,2297
16.78,2297
16.79,2296
16.8,2296
16.81,2296
16.82,2296
16.83,2295
16.84,2295
16.85,2294
16.86,2294
16.87,2294
16.88,2294
16.89,2294
16.9,2294
16.91,2294
16.92,2294
16.93,2294
16.94,2294
16.95,2294
16.96,2293
16.97,2293
16.98,2293
16.99,2293
17.0,2293
17.01,2292
17.02,2292
17.03,2292
17.04,2292
17.05,2292
17.06,2290
17.07,2290
17.08,2290
17.09,2289
17.1,2288
17.11,2287
17.12,2287
17.13,2286
17.14,2286
17.15,2286
17.16,2286
17.17,2286
17.18,2286
17.19,2285
17.2,2284
17.21,2284
17.22,2283
17.23,2283
17.24,2282
17.25,2282
17.26,2282
17.27,2282
17.28,2282
17.29,2282
17.3,2281
17.31,2280
17.32,2280
17.33,2280
17.34,2280
17.35,2280
17.36,2280
17.37,2279
17.38,2278
17.39,2278
17.4,2278
17.41,2277
17.42,2276
17.43,2276
17.44,2276
17.45,2276
17.46,2276
17.47,2276
17.48,2276
17.49,2276
17.5,2276
17.51,2276
17.52,2276
17.53,2276
17.54,2276
17.55,2276
17.56,2275
17.57,2275
17.58,2275
17.59,2275
17.6,2275
17.61,2275
17.62,2275
17.63,2275
17.64,2275
17.65,2274
17.66,2274
17.67,2274
17.68,2274
17.69,2274
17.7,2274
17.71,2274
17.72,2274
17.73,2274
17.74,2274
17.75,2274
17.76,2274
17.77,2273
17.78,2273
17.79,2273
17.8,2273
17.81,2273
17.82,2273
17.83,2273
17.84,2272
17.85,2272
17.86,2272
17.87,2272
17.88,2272
17.89,2272
17.9,2272
17.92,2272
17.93,2272
17.94,2272
17.95,2272
17.96,2272
17.97,2272
17.98,2272
17.99,2272
18.0,2272
