0.0,11023
45.7,9256
61.32,8643
65.35,8536
66.27,8520
74.73,8357
76.81,8357
79.87,8337
116.46,8022
124.39,7935
127.41,7930
131.31,7841
140.24,7760
197.54,7410
202.68,7318
208.66,7287
209.06,7282
209.53,7281
209.55,7281
210.49,7280
210.73,7280
210.8,7279
213.42,7279
214.28,7279
214.45,7279
214.47,7279
215.15,7255
215.31,7250
215.34,7249
215.37,7248
215.69,7237
215.78,7234
215.81,7233
215.83,7232
215.97,7227
216.0,7226
216.06,7224
216.11,7222
216.15,7221
216.2,7219
216.25,7217
216.32,7215
216.33,7215
216.39,7213
216.45,7211
