0.0,14109
12.73,13897
37.75,13425
72.31,12792
111.68,12065
153.88,11316
200.94,10480
247.86,9559
300.25,8540
354.75,7533
404.67,6612
442.66,5951
471.54,5497
492.26,5203
503.82,5042
510.97,4939
514.18,4898
516.11,4877
517.03,4870
517.69,4865
518.09,4864
518.45,4861
518.91,4858
519.27,4856
519.7,4854
519.94,4854
520.12,4854
520.29,4854
520.47,4854
520.58,4854
520.71,4854
520.8,4854
520.87,4854
520.98,4854
521.05,4854
521.2,4854
521.31,4854
521.47,4854
521.66,4854
521.72,4854
521.8,4854
521.89,4854
521.99,4854
522.03,4854
522.07,4854
522.11,4854
522.16,4854
522.18,4854
522.19,4854
522.2,4854
522.21,4854
522.22,4854
522.23,4854
522.24,4854
